{
    "rows_returned": 1,
    "query_name": "\nWITH PostStats AS (\n    SELECT \n        p.Id AS PostId,\n        p.Score,\n        p.ViewCount,\n        p.AnswerCount,\n        p.CommentCount,\n        p.CreationDate,\n        u.Reputation AS OwnerReputation,\n        COUNT(c.Id) AS TotalComments,\n        AVG(EXTRACT(EPOCH FROM (v.CreationDate - p.CreationDate))) AS AvgVoteAge\n    FROM \n        Posts p\n    LEFT JOIN \n        Users u ON p.OwnerUserId = u.Id\n    LEFT JOIN \n        Comments c ON p.Id = c.PostId\n    LEFT JOIN \n        Votes v ON p.Id = v.PostId\n    GROUP BY \n        p.Id, p.Score, p.ViewCount, p.AnswerCount, p.CommentCount, p.CreationDate, u.Reputation\n)\nSELECT \n    SUM(Score) AS TotalScore,\n    SUM(ViewCount) AS TotalViews,\n    AVG(OwnerReputation) AS AvgOwnerReputation,\n    SUM(AnswerCount) AS TotalAnswers,\n    SUM(CommentCount) AS TotalComments,\n    COUNT(PostId) AS TotalPosts,\n    MAX(CreationDate) AS LatestPostDate,\n    MIN(CreationDate) AS EarliestPostDate,\n    AVG(AvgVoteAge) AS AvgVoteAge\nFROM \n    PostStats;\n",
    "blocked_thread_time": 0.0,
    "cpu_time": 6.221738441999997,
    "extra_info": {},
    "cumulative_cardinality": 211650480,
    "cumulative_rows_scanned": 25096741,
    "result_set_size": 104,
    "latency": 7.218903252,
    "children": [
        {
            "operator_name": "UNGROUPED_AGGREGATE",
            "cpu_time": 6.221738441999997,
            "extra_info": {
                "Aggregates": [
                    "sum(#0)",
                    "sum(#1)",
                    "avg(#2)",
                    "sum(#3)",
                    "sum(#4)",
                    "count_star()",
                    "max(#5)",
                    "min(#6)",
                    "avg(#7)"
                ]
            },
            "cumulative_cardinality": 211650480,
            "operator_type": "UNGROUPED_AGGREGATE",
            "operator_cardinality": 1,
            "cumulative_rows_scanned": 25096741,
            "operator_rows_scanned": 0,
            "operator_timing": 0.046591661000000076,
            "result_set_size": 104,
            "children": [
                {
                    "operator_name": "PROJECTION",
                    "cpu_time": 6.175146780999997,
                    "extra_info": {
                        "Projections": [
                            "score",
                            "viewcount",
                            "OwnerReputation",
                            "answercount",
                            "commentcount",
                            "creationdate",
                            "creationdate",
                            "AvgVoteAge"
                        ],
                        "Estimated Cardinality": "3850116"
                    },
                    "cumulative_cardinality": 211650479,
                    "operator_type": "PROJECTION",
                    "operator_cardinality": 3850116,
                    "cumulative_rows_scanned": 25096741,
                    "operator_rows_scanned": 0,
                    "operator_timing": 0.0006067410000000023,
                    "result_set_size": 169405104,
                    "children": [
                        {
                            "operator_name": "PROJECTION",
                            "cpu_time": 6.174540039999997,
                            "extra_info": {
                                "Projections": [
                                    "#0",
                                    "__internal_decompress_integral_integer(#1, -72)",
                                    "#2",
                                    "__internal_decompress_integral_integer(#3, 0)",
                                    "__internal_decompress_integral_integer(#4, 0)",
                                    "#5",
                                    "#6",
                                    "#7"
                                ],
                                "Estimated Cardinality": "3850116"
                            },
                            "cumulative_cardinality": 207800363,
                            "operator_type": "PROJECTION",
                            "operator_cardinality": 3850116,
                            "cumulative_rows_scanned": 25096741,
                            "operator_rows_scanned": 0,
                            "operator_timing": 0.013078172000000018,
                            "result_set_size": 154004640,
                            "children": [
                                {
                                    "operator_name": "HASH_GROUP_BY",
                                    "cpu_time": 6.161461867999996,
                                    "extra_info": {
                                        "Groups": [
                                            "#0",
                                            "#1",
                                            "#2",
                                            "#3",
                                            "#4",
                                            "#5",
                                            "#6"
                                        ],
                                        "Aggregates": "avg(#7)",
                                        "Estimated Cardinality": "3850116"
                                    },
                                    "cumulative_cardinality": 203950247,
                                    "operator_type": "HASH_GROUP_BY",
                                    "operator_cardinality": 3850116,
                                    "cumulative_rows_scanned": 25096741,
                                    "operator_rows_scanned": 0,
                                    "operator_timing": 2.1779941999999965,
                                    "result_set_size": 123203712,
                                    "children": [
                                        {
                                            "operator_name": "PROJECTION",
                                            "cpu_time": 3.9834676680000003,
                                            "extra_info": {
                                                "Projections": [
                                                    "id",
                                                    "score",
                                                    "viewcount",
                                                    "answercount",
                                                    "commentcount",
                                                    "creationdate",
                                                    "reputation",
                                                    "epoch((creationdate - creationdate))"
                                                ],
                                                "Estimated Cardinality": "12744093"
                                            },
                                            "cumulative_cardinality": 200100131,
                                            "operator_type": "PROJECTION",
                                            "operator_cardinality": 35129590,
                                            "cumulative_rows_scanned": 25096741,
                                            "operator_rows_scanned": 0,
                                            "operator_timing": 0.383227786000002,
                                            "result_set_size": 1124146880,
                                            "children": [
                                                {
                                                    "operator_name": "PROJECTION",
                                                    "cpu_time": 3.600239881999998,
                                                    "extra_info": {
                                                        "Projections": [
                                                            "#0",
                                                            "#1",
                                                            "#2",
                                                            "__internal_compress_integral_usmallint(#3, -72)",
                                                            "#4",
                                                            "__internal_compress_integral_utinyint(#5, 0)",
                                                            "__internal_compress_integral_utinyint(#6, 0)",
                                                            "#7"
                                                        ],
                                                        "Estimated Cardinality": "12744093"
                                                    },
                                                    "cumulative_cardinality": 164970541,
                                                    "operator_type": "PROJECTION",
                                                    "operator_cardinality": 35129590,
                                                    "cumulative_rows_scanned": 25096741,
                                                    "operator_rows_scanned": 0,
                                                    "operator_timing": 0.08610192799999965,
                                                    "result_set_size": 1124146880,
                                                    "children": [
                                                        {
                                                            "operator_name": "PROJECTION",
                                                            "cpu_time": 3.5141379539999984,
                                                            "extra_info": {
                                                                "Projections": [
                                                                    "#0",
                                                                    "#1",
                                                                    "#2",
                                                                    "__internal_decompress_integral_integer(#3, -72)",
                                                                    "#4",
                                                                    "__internal_decompress_integral_integer(#5, 0)",
                                                                    "__internal_decompress_integral_integer(#6, 0)",
                                                                    "#7"
                                                                ],
                                                                "Estimated Cardinality": "12744093"
                                                            },
                                                            "cumulative_cardinality": 129840951,
                                                            "operator_type": "PROJECTION",
                                                            "operator_cardinality": 35129590,
                                                            "cumulative_rows_scanned": 25096741,
                                                            "operator_rows_scanned": 0,
                                                            "operator_timing": 0.08663268899999962,
                                                            "result_set_size": 1405183600,
                                                            "children": [
                                                                {
                                                                    "operator_name": "HASH_JOIN",
                                                                    "cpu_time": 3.427505264999999,
                                                                    "extra_info": {
                                                                        "Join Type": "RIGHT",
                                                                        "Conditions": "postid = id",
                                                                        "Estimated Cardinality": "12744093"
                                                                    },
                                                                    "cumulative_cardinality": 94711361,
                                                                    "operator_type": "HASH_JOIN",
                                                                    "operator_cardinality": 35129590,
                                                                    "cumulative_rows_scanned": 25096741,
                                                                    "operator_rows_scanned": 0,
                                                                    "operator_timing": 1.8280002690000012,
                                                                    "result_set_size": 1124146880,
                                                                    "children": [
                                                                        {
                                                                            "operator_name": "READ_PARQUET ",
                                                                            "cpu_time": 0.23594355499999956,
                                                                            "extra_info": {
                                                                                "Function": "READ_PARQUET",
                                                                                "Projections": [
                                                                                    "postid",
                                                                                    "creationdate"
                                                                                ],
                                                                                "Estimated Cardinality": "12744093"
                                                                            },
                                                                            "cumulative_cardinality": 12744093,
                                                                            "operator_type": "TABLE_SCAN",
                                                                            "operator_cardinality": 12744093,
                                                                            "cumulative_rows_scanned": 12744093,
                                                                            "operator_rows_scanned": 12744093,
                                                                            "operator_timing": 0.23594355499999956,
                                                                            "result_set_size": 152929116,
                                                                            "children": []
                                                                        },
                                                                        {
                                                                            "operator_name": "PROJECTION",
                                                                            "cpu_time": 1.3635614409999979,
                                                                            "extra_info": {
                                                                                "Projections": [
                                                                                    "#0",
                                                                                    "#1",
                                                                                    "#2",
                                                                                    "__internal_compress_integral_usmallint(#3, -72)",
                                                                                    "#4",
                                                                                    "__internal_compress_integral_utinyint(#5, 0)",
                                                                                    "__internal_compress_integral_utinyint(#6, 0)",
                                                                                    "#7"
                                                                                ],
                                                                                "Estimated Cardinality": "7241822"
                                                                            },
                                                                            "cumulative_cardinality": 46837678,
                                                                            "operator_type": "PROJECTION",
                                                                            "operator_cardinality": 8928266,
                                                                            "cumulative_rows_scanned": 12352648,
                                                                            "operator_rows_scanned": 0,
                                                                            "operator_timing": 0.022421347000000022,
                                                                            "result_set_size": 249991448,
                                                                            "children": [
                                                                                {
                                                                                    "operator_name": "PROJECTION",
                                                                                    "cpu_time": 1.3411400939999978,
                                                                                    "extra_info": {
                                                                                        "Projections": [
                                                                                            "#0",
                                                                                            "#1",
                                                                                            "#2",
                                                                                            "__internal_decompress_integral_integer(#3, -72)",
                                                                                            "#4",
                                                                                            "__internal_decompress_integral_integer(#5, 0)",
                                                                                            "__internal_decompress_integral_integer(#6, 0)",
                                                                                            "#7"
                                                                                        ],
                                                                                        "Estimated Cardinality": "7241822"
                                                                                    },
                                                                                    "cumulative_cardinality": 37909412,
                                                                                    "operator_type": "PROJECTION",
                                                                                    "operator_cardinality": 8928266,
                                                                                    "cumulative_rows_scanned": 12352648,
                                                                                    "operator_rows_scanned": 0,
                                                                                    "operator_timing": 0.022723181000000058,
                                                                                    "result_set_size": 321417576,
                                                                                    "children": [
                                                                                        {
                                                                                            "operator_name": "HASH_JOIN",
                                                                                            "cpu_time": 1.3184169129999976,
                                                                                            "extra_info": {
                                                                                                "Join Type": "RIGHT",
                                                                                                "Conditions": "postid = id",
                                                                                                "Estimated Cardinality": "7241822"
                                                                                            },
                                                                                            "cumulative_cardinality": 28981146,
                                                                                            "operator_type": "HASH_JOIN",
                                                                                            "operator_cardinality": 8928266,
                                                                                            "cumulative_rows_scanned": 12352648,
                                                                                            "operator_rows_scanned": 0,
                                                                                            "operator_timing": 0.7885247749999977,
                                                                                            "result_set_size": 249991448,
                                                                                            "children": [
                                                                                                {
                                                                                                    "operator_name": "READ_PARQUET ",
                                                                                                    "cpu_time": 0.09084276100000059,
                                                                                                    "extra_info": {
                                                                                                        "Function": "READ_PARQUET",
                                                                                                        "Projections": "postid",
                                                                                                        "Estimated Cardinality": "7241822"
                                                                                                    },
                                                                                                    "cumulative_cardinality": 7241822,
                                                                                                    "operator_type": "TABLE_SCAN",
                                                                                                    "operator_cardinality": 7241822,
                                                                                                    "cumulative_rows_scanned": 7241822,
                                                                                                    "operator_rows_scanned": 7241822,
                                                                                                    "operator_timing": 0.09084276100000059,
                                                                                                    "result_set_size": 28967288,
                                                                                                    "children": []
                                                                                                },
                                                                                                {
                                                                                                    "operator_name": "PROJECTION",
                                                                                                    "cpu_time": 0.43904937699999935,
                                                                                                    "extra_info": {
                                                                                                        "Projections": [
                                                                                                            "#0",
                                                                                                            "#1",
                                                                                                            "__internal_compress_integral_usmallint(#2, -72)",
                                                                                                            "#3",
                                                                                                            "__internal_compress_integral_utinyint(#4, 0)",
                                                                                                            "__internal_compress_integral_utinyint(#5, 0)",
                                                                                                            "#6"
                                                                                                        ],
                                                                                                        "Estimated Cardinality": "3850116"
                                                                                                    },
                                                                                                    "cumulative_cardinality": 12811058,
                                                                                                    "operator_type": "PROJECTION",
                                                                                                    "operator_cardinality": 3850116,
                                                                                                    "cumulative_rows_scanned": 5110826,
                                                                                                    "operator_rows_scanned": 0,
                                                                                                    "operator_timing": 0.0077251909999999785,
                                                                                                    "result_set_size": 92402784,
                                                                                                    "children": [
                                                                                                        {
                                                                                                            "operator_name": "HASH_JOIN",
                                                                                                            "cpu_time": 0.4313241859999994,
                                                                                                            "extra_info": {
                                                                                                                "Join Type": "LEFT",
                                                                                                                "Conditions": "owneruserid = id",
                                                                                                                "Estimated Cardinality": "3850116"
                                                                                                            },
                                                                                                            "cumulative_cardinality": 8960942,
                                                                                                            "operator_type": "HASH_JOIN",
                                                                                                            "operator_cardinality": 3850116,
                                                                                                            "cumulative_rows_scanned": 5110826,
                                                                                                            "operator_rows_scanned": 0,
                                                                                                            "operator_timing": 0.2371864249999995,
                                                                                                            "result_set_size": 123203712,
                                                                                                            "children": [
                                                                                                                {
                                                                                                                    "operator_name": "READ_PARQUET ",
                                                                                                                    "cpu_time": 0.17885002199999986,
                                                                                                                    "extra_info": {
                                                                                                                        "Function": "READ_PARQUET",
                                                                                                                        "Projections": [
                                                                                                                            "id",
                                                                                                                            "creationdate",
                                                                                                                            "score",
                                                                                                                            "viewcount",
                                                                                                                            "owneruserid",
                                                                                                                            "answercount",
                                                                                                                            "commentcount"
                                                                                                                        ],
                                                                                                                        "Estimated Cardinality": "3850116"
                                                                                                                    },
                                                                                                                    "cumulative_cardinality": 3850116,
                                                                                                                    "operator_type": "TABLE_SCAN",
                                                                                                                    "operator_cardinality": 3850116,
                                                                                                                    "cumulative_rows_scanned": 3850116,
                                                                                                                    "operator_rows_scanned": 3850116,
                                                                                                                    "operator_timing": 0.17885002199999986,
                                                                                                                    "result_set_size": 123203712,
                                                                                                                    "children": []
                                                                                                                },
                                                                                                                {
                                                                                                                    "operator_name": "READ_PARQUET ",
                                                                                                                    "cpu_time": 0.015287739000000014,
                                                                                                                    "extra_info": {
                                                                                                                        "Function": "READ_PARQUET",
                                                                                                                        "Projections": [
                                                                                                                            "id",
                                                                                                                            "reputation"
                                                                                                                        ],
                                                                                                                        "Estimated Cardinality": "1260710"
                                                                                                                    },
                                                                                                                    "cumulative_cardinality": 1260710,
                                                                                                                    "operator_type": "TABLE_SCAN",
                                                                                                                    "operator_cardinality": 1260710,
                                                                                                                    "cumulative_rows_scanned": 1260710,
                                                                                                                    "operator_rows_scanned": 1260710,
                                                                                                                    "operator_timing": 0.015287739000000014,
                                                                                                                    "result_set_size": 10085680,
                                                                                                                    "children": []
                                                                                                                }
                                                                                                            ]
                                                                                                        }
                                                                                                    ]
                                                                                                }
                                                                                            ]
                                                                                        }
                                                                                    ]
                                                                                }
                                                                            ]
                                                                        }
                                                                    ]
                                                                }
                                                            ]
                                                        }
                                                    ]
                                                }
                                            ]
                                        }
                                    ]
                                }
                            ]
                        }
                    ]
                }
            ]
        }
    ]
}