{
    "rows_returned": 1,
    "query_name": "\nWITH Benchmarking AS (\n    SELECT \n        p.Id AS PostId,\n        p.Title,\n        u.DisplayName AS OwnerDisplayName,\n        p.CreationDate,\n        p.Score,\n        p.ViewCount,\n        COUNT(c.Id) AS CommentCount,\n        COALESCE(a.AcceptedAnswerId, -1) AS AcceptedAnswerId,\n        a.Score AS AcceptedAnswerScore\n    FROM \n        Posts p\n    LEFT JOIN \n        Users u ON p.OwnerUserId = u.Id\n    LEFT JOIN \n        Comments c ON p.Id = c.PostId\n    LEFT JOIN \n        Posts a ON p.Id = a.ParentId AND p.PostTypeId = 1\n    WHERE \n        p.CreationDate >= '2023-01-01' \n        AND p.PostTypeId = 1 \n    GROUP BY \n        p.Id, p.Title, u.DisplayName, p.CreationDate, p.Score, p.ViewCount, a.AcceptedAnswerId, a.Score\n)\nSELECT \n    AVG(ViewCount) AS AvgViewCount,\n    AVG(Score) AS AvgScore,\n    AVG(CommentCount) AS AvgCommentCount,\n    COUNT(*) AS TotalQuestions,\n    COUNT(CASE WHEN AcceptedAnswerId != -1 THEN 1 END) AS QuestionsWithAcceptedAnswer\nFROM \n    Benchmarking;\n",
    "blocked_thread_time": 0.0,
    "cpu_time": 4068.221951227215,
    "extra_info": {},
    "cumulative_cardinality": 9085621,
    "cumulative_rows_scanned": 16202764,
    "result_set_size": 40,
    "latency": 5994.787218334,
    "children": [
        {
            "operator_name": "UNGROUPED_AGGREGATE",
            "cpu_time": 4068.221951227215,
            "extra_info": {
                "Aggregates": [
                    "avg(#0)",
                    "avg(#1)",
                    "avg(#2)",
                    "count_star()",
                    "count(#3)"
                ]
            },
            "cumulative_cardinality": 9085621,
            "operator_type": "UNGROUPED_AGGREGATE",
            "operator_cardinality": 1,
            "cumulative_rows_scanned": 16202764,
            "operator_rows_scanned": 0,
            "operator_timing": 0.0005040920000000003,
            "result_set_size": 40,
            "children": [
                {
                    "operator_name": "PROJECTION",
                    "cpu_time": 4068.221447135215,
                    "extra_info": {
                        "Projections": [
                            "viewcount",
                            "score",
                            "CommentCount",
                            "CASE  WHEN ((AcceptedAnswerId != -1)) THEN (1) ELSE NULL END"
                        ],
                        "Estimated Cardinality": "3850116"
                    },
                    "cumulative_cardinality": 9085620,
                    "operator_type": "PROJECTION",
                    "operator_cardinality": 155194,
                    "cumulative_rows_scanned": 16202764,
                    "operator_rows_scanned": 0,
                    "operator_timing": 0.0003248070000000001,
                    "result_set_size": 3103880,
                    "children": [
                        {
                            "operator_name": "PROJECTION",
                            "cpu_time": 4068.2211223282147,
                            "extra_info": {
                                "Projections": [
                                    "score",
                                    "viewcount",
                                    "CommentCount",
                                    "AcceptedAnswerId"
                                ],
                                "Estimated Cardinality": "3850116"
                            },
                            "cumulative_cardinality": 8930426,
                            "operator_type": "PROJECTION",
                            "operator_cardinality": 155194,
                            "cumulative_rows_scanned": 16202764,
                            "operator_rows_scanned": 0,
                            "operator_timing": 0.000828567,
                            "result_set_size": 3103880,
                            "children": [
                                {
                                    "operator_name": "PROJECTION",
                                    "cpu_time": 4068.2202937612146,
                                    "extra_info": {
                                        "Projections": [
                                            "#0",
                                            "#1",
                                            "#2",
                                            "#3",
                                            "__internal_decompress_integral_integer(#4, -72)",
                                            "#5",
                                            "#6",
                                            "__internal_decompress_integral_integer(#7, -72)",
                                            "#8"
                                        ],
                                        "Estimated Cardinality": "3850116"
                                    },
                                    "cumulative_cardinality": 8775232,
                                    "operator_type": "PROJECTION",
                                    "operator_cardinality": 155194,
                                    "cumulative_rows_scanned": 16202764,
                                    "operator_rows_scanned": 0,
                                    "operator_timing": 0.00011641800000000005,
                                    "result_set_size": 10553192,
                                    "children": [
                                        {
                                            "operator_name": "HASH_GROUP_BY",
                                            "cpu_time": 4068.220177343215,
                                            "extra_info": {
                                                "Groups": [
                                                    "#0",
                                                    "#1",
                                                    "#2",
                                                    "#3",
                                                    "#4",
                                                    "#5",
                                                    "#6",
                                                    "#7"
                                                ],
                                                "Aggregates": "count(#8)",
                                                "Estimated Cardinality": "3850116"
                                            },
                                            "cumulative_cardinality": 8620038,
                                            "operator_type": "HASH_GROUP_BY",
                                            "operator_cardinality": 155194,
                                            "cumulative_rows_scanned": 16202764,
                                            "operator_rows_scanned": 0,
                                            "operator_timing": 0.10855240299999996,
                                            "result_set_size": 9932416,
                                            "children": [
                                                {
                                                    "operator_name": "PROJECTION",
                                                    "cpu_time": 4068.111624940215,
                                                    "extra_info": {
                                                        "Projections": [
                                                            "id",
                                                            "title",
                                                            "displayname",
                                                            "creationdate",
                                                            "score",
                                                            "viewcount",
                                                            "acceptedanswerid",
                                                            "score",
                                                            "id"
                                                        ],
                                                        "Estimated Cardinality": "7241822"
                                                    },
                                                    "cumulative_cardinality": 8464844,
                                                    "operator_type": "PROJECTION",
                                                    "operator_cardinality": 529208,
                                                    "cumulative_rows_scanned": 16202764,
                                                    "operator_rows_scanned": 0,
                                                    "operator_timing": 0.000777454999999999,
                                                    "result_set_size": 31752480,
                                                    "children": [
                                                        {
                                                            "operator_name": "PROJECTION",
                                                            "cpu_time": 4068.110847485215,
                                                            "extra_info": {
                                                                "Projections": [
                                                                    "#0",
                                                                    "#1",
                                                                    "#2",
                                                                    "__internal_compress_integral_utinyint(#3, 1)",
                                                                    "#4",
                                                                    "__internal_compress_integral_usmallint(#5, -72)",
                                                                    "#6",
                                                                    "#7",
                                                                    "#8",
                                                                    "#9",
                                                                    "__internal_compress_integral_usmallint(#10, -72)"
                                                                ],
                                                                "Estimated Cardinality": "7241822"
                                                            },
                                                            "cumulative_cardinality": 7935636,
                                                            "operator_type": "PROJECTION",
                                                            "operator_cardinality": 529208,
                                                            "cumulative_rows_scanned": 16202764,
                                                            "operator_rows_scanned": 0,
                                                            "operator_timing": 0.004012108000000001,
                                                            "result_set_size": 34398520,
                                                            "children": [
                                                                {
                                                                    "operator_name": "BLOCKWISE_NL_JOIN",
                                                                    "cpu_time": 4068.106835377215,
                                                                    "extra_info": {
                                                                        "Join Type": "LEFT",
                                                                        "Condition": "((posttypeid = 1) AND (id = parentid))"
                                                                    },
                                                                    "cumulative_cardinality": 7406428,
                                                                    "operator_type": "BLOCKWISE_NL_JOIN",
                                                                    "operator_cardinality": 529208,
                                                                    "cumulative_rows_scanned": 16202764,
                                                                    "operator_rows_scanned": 0,
                                                                    "operator_timing": 4067.7022213822147,
                                                                    "result_set_size": 37044560,
                                                                    "children": [
                                                                        {
                                                                            "operator_name": "PROJECTION",
                                                                            "cpu_time": 0.3282992069999998,
                                                                            "extra_info": {
                                                                                "Projections": [
                                                                                    "#0",
                                                                                    "#1",
                                                                                    "#2",
                                                                                    "__internal_decompress_integral_smallint(#3, 1)",
                                                                                    "#4",
                                                                                    "__internal_decompress_integral_integer(#5, -72)",
                                                                                    "#6",
                                                                                    "#7"
                                                                                ],
                                                                                "Estimated Cardinality": "7241822"
                                                                            },
                                                                            "cumulative_cardinality": 3027104,
                                                                            "operator_type": "PROJECTION",
                                                                            "operator_cardinality": 411108,
                                                                            "cumulative_rows_scanned": 12352648,
                                                                            "operator_rows_scanned": 0,
                                                                            "operator_timing": 0.0017281629999999987,
                                                                            "result_set_size": 23844264,
                                                                            "children": [
                                                                                {
                                                                                    "operator_name": "HASH_JOIN",
                                                                                    "cpu_time": 0.3265710439999998,
                                                                                    "extra_info": {
                                                                                        "Join Type": "RIGHT",
                                                                                        "Conditions": "postid = id",
                                                                                        "Estimated Cardinality": "7241822"
                                                                                    },
                                                                                    "cumulative_cardinality": 2615996,
                                                                                    "operator_type": "HASH_JOIN",
                                                                                    "operator_cardinality": 411108,
                                                                                    "cumulative_rows_scanned": 12352648,
                                                                                    "operator_rows_scanned": 0,
                                                                                    "operator_timing": 0.08552871599999996,
                                                                                    "result_set_size": 22610940,
                                                                                    "children": [
                                                                                        {
                                                                                            "operator_name": "READ_PARQUET ",
                                                                                            "cpu_time": 0.03184713099999999,
                                                                                            "extra_info": {
                                                                                                "Function": "READ_PARQUET",
                                                                                                "Projections": [
                                                                                                    "id",
                                                                                                    "postid"
                                                                                                ],
                                                                                                "Estimated Cardinality": "7241822"
                                                                                            },
                                                                                            "cumulative_cardinality": 544913,
                                                                                            "operator_type": "TABLE_SCAN",
                                                                                            "operator_cardinality": 544913,
                                                                                            "cumulative_rows_scanned": 7241822,
                                                                                            "operator_rows_scanned": 7241822,
                                                                                            "operator_timing": 0.03184713099999999,
                                                                                            "result_set_size": 4359304,
                                                                                            "children": []
                                                                                        },
                                                                                        {
                                                                                            "operator_name": "PROJECTION",
                                                                                            "cpu_time": 0.2091951969999999,
                                                                                            "extra_info": {
                                                                                                "Projections": [
                                                                                                    "#0",
                                                                                                    "#1",
                                                                                                    "__internal_compress_integral_utinyint(#2, 1)",
                                                                                                    "#3",
                                                                                                    "__internal_compress_integral_usmallint(#4, -72)",
                                                                                                    "#5",
                                                                                                    "#6"
                                                                                                ],
                                                                                                "Estimated Cardinality": "1260710"
                                                                                            },
                                                                                            "cumulative_cardinality": 1659975,
                                                                                            "operator_type": "PROJECTION",
                                                                                            "operator_cardinality": 133109,
                                                                                            "cumulative_rows_scanned": 5110826,
                                                                                            "operator_rows_scanned": 0,
                                                                                            "operator_timing": 0.0007076200000000006,
                                                                                            "result_set_size": 6788559,
                                                                                            "children": [
                                                                                                {
                                                                                                    "operator_name": "HASH_JOIN",
                                                                                                    "cpu_time": 0.2084875769999999,
                                                                                                    "extra_info": {
                                                                                                        "Join Type": "RIGHT",
                                                                                                        "Conditions": "id = owneruserid",
                                                                                                        "Estimated Cardinality": "1260710"
                                                                                                    },
                                                                                                    "cumulative_cardinality": 1526866,
                                                                                                    "operator_type": "HASH_JOIN",
                                                                                                    "operator_cardinality": 133109,
                                                                                                    "cumulative_rows_scanned": 5110826,
                                                                                                    "operator_rows_scanned": 0,
                                                                                                    "operator_timing": 0.03375094199999995,
                                                                                                    "result_set_size": 7187886,
                                                                                                    "children": [
                                                                                                        {
                                                                                                            "operator_name": "READ_PARQUET ",
                                                                                                            "cpu_time": 0.08789317699999996,
                                                                                                            "extra_info": {
                                                                                                                "Function": "READ_PARQUET",
                                                                                                                "Projections": [
                                                                                                                    "id",
                                                                                                                    "displayname"
                                                                                                                ],
                                                                                                                "Estimated Cardinality": "1260710"
                                                                                                            },
                                                                                                            "cumulative_cardinality": 1260648,
                                                                                                            "operator_type": "TABLE_SCAN",
                                                                                                            "operator_cardinality": 1260648,
                                                                                                            "cumulative_rows_scanned": 1260710,
                                                                                                            "operator_rows_scanned": 1260710,
                                                                                                            "operator_timing": 0.08789317699999996,
                                                                                                            "result_set_size": 25212960,
                                                                                                            "children": []
                                                                                                        },
                                                                                                        {
                                                                                                            "operator_name": "READ_PARQUET ",
                                                                                                            "cpu_time": 0.08684345799999998,
                                                                                                            "extra_info": {
                                                                                                                "Function": "READ_PARQUET",
                                                                                                                "Projections": [
                                                                                                                    "id",
                                                                                                                    "posttypeid",
                                                                                                                    "creationdate",
                                                                                                                    "score",
                                                                                                                    "viewcount",
                                                                                                                    "owneruserid",
                                                                                                                    "title"
                                                                                                                ],
                                                                                                                "Filters": [
                                                                                                                    "creationdate>='2023-01-01 00:00:00'::TIMESTAMP",
                                                                                                                    "posttypeid=1"
                                                                                                                ],
                                                                                                                "Estimated Cardinality": "770023"
                                                                                                            },
                                                                                                            "cumulative_cardinality": 133109,
                                                                                                            "operator_type": "TABLE_SCAN",
                                                                                                            "operator_cardinality": 133109,
                                                                                                            "cumulative_rows_scanned": 3850116,
                                                                                                            "operator_rows_scanned": 3850116,
                                                                                                            "operator_timing": 0.08684345799999998,
                                                                                                            "result_set_size": 5590578,
                                                                                                            "children": []
                                                                                                        }
                                                                                                    ]
                                                                                                }
                                                                                            ]
                                                                                        }
                                                                                    ]
                                                                                }
                                                                            ]
                                                                        },
                                                                        {
                                                                            "operator_name": "READ_PARQUET ",
                                                                            "cpu_time": 0.07631478799999988,
                                                                            "extra_info": {
                                                                                "Function": "READ_PARQUET",
                                                                                "Projections": [
                                                                                    "acceptedanswerid",
                                                                                    "parentid",
                                                                                    "score"
                                                                                ],
                                                                                "Estimated Cardinality": "3850116"
                                                                            },
                                                                            "cumulative_cardinality": 3850116,
                                                                            "operator_type": "TABLE_SCAN",
                                                                            "operator_cardinality": 3850116,
                                                                            "cumulative_rows_scanned": 3850116,
                                                                            "operator_rows_scanned": 3850116,
                                                                            "operator_timing": 0.07631478799999988,
                                                                            "result_set_size": 46201392,
                                                                            "children": []
                                                                        }
                                                                    ]
                                                                }
                                                            ]
                                                        }
                                                    ]
                                                }
                                            ]
                                        }
                                    ]
                                }
                            ]
                        }
                    ]
                }
            ]
        }
    ]
}