{
    "rows_returned": 7,
    "query_name": "WITH PostStats AS (\n    SELECT \n        p.PostTypeId,\n        COUNT(*) AS TotalPosts,\n        SUM(CASE WHEN p.Score > 0 THEN 1 ELSE 0 END) AS PositiveScorePosts,\n        SUM(CASE WHEN p.ViewCount > 0 THEN 1 ELSE 0 END) AS ViewedPosts,\n        AVG(p.ViewCount) AS AvgViews,\n        AVG(p.Score) AS AvgScore\n    FROM \n        Posts p\n    GROUP BY \n        p.PostTypeId\n),\nUserStats AS (\n    SELECT \n        u.Id AS UserId,\n        COUNT(DISTINCT p.Id) AS TotalPostsByUser,\n        SUM(p.Score) AS TotalScoreByUser,\n        COUNT(b.Id) AS TotalBadgesByUser\n    FROM \n        Users u\n    LEFT JOIN \n        Posts p ON u.Id = p.OwnerUserId\n    LEFT JOIN \n        Badges b ON u.Id = b.UserId\n    GROUP BY \n        u.Id\n),\nVoteStats AS (\n    SELECT \n        v.VoteTypeId,\n        COUNT(*) AS TotalVotes,\n        COUNT(DISTINCT v.PostId) AS UniquePostsVoted\n    FROM \n        Votes v\n    GROUP BY \n        v.VoteTypeId\n)\nSELECT \n    pts.PostTypeId,\n    pts.TotalPosts,\n    pts.PositiveScorePosts,\n    pts.ViewedPosts,\n    pts.AvgViews,\n    pts.AvgScore,\n    us.TotalPostsByUser,\n    us.TotalScoreByUser,\n    us.TotalBadgesByUser,\n    vs.VoteTypeId,\n    vs.TotalVotes,\n    vs.UniquePostsVoted\nFROM \n    PostStats pts\nJOIN \n    UserStats us ON us.TotalPostsByUser = (SELECT MAX(TotalPostsByUser) FROM UserStats)\nJOIN \n    VoteStats vs ON vs.TotalVotes = (SELECT MAX(TotalVotes) FROM VoteStats)\nORDER BY \n    pts.PostTypeId;",
    "blocked_thread_time": 0.0,
    "cpu_time": 24.959272992000095,
    "extra_info": {},
    "cumulative_cardinality": 1238847040,
    "cumulative_rows_scanned": 24026759,
    "result_set_size": 756,
    "latency": 27.516972363,
    "children": [
        {
            "operator_name": "PROJECTION",
            "cpu_time": 24.959272992000095,
            "extra_info": {
                "Projections": [
                    "__internal_decompress_integral_smallint(#0, 1)",
                    "#1",
                    "#2",
                    "#3",
                    "#4",
                    "#5",
                    "#6",
                    "#7",
                    "#8",
                    "#9",
                    "#10",
                    "#11"
                ],
                "Estimated Cardinality": "6372046"
            },
            "cumulative_cardinality": 1238847040,
            "operator_type": "PROJECTION",
            "operator_cardinality": 7,
            "cumulative_rows_scanned": 24026759,
            "operator_rows_scanned": 0,
            "operator_timing": 0.000003316,
            "result_set_size": 756,
            "children": [
                {
                    "operator_name": "ORDER_BY",
                    "cpu_time": 24.959269676000094,
                    "extra_info": {
                        "Order By": "pts.PostTypeId ASC"
                    },
                    "cumulative_cardinality": 1238847033,
                    "operator_type": "ORDER_BY",
                    "operator_cardinality": 7,
                    "cumulative_rows_scanned": 24026759,
                    "operator_rows_scanned": 0,
                    "operator_timing": 0.000035417,
                    "result_set_size": 749,
                    "children": [
                        {
                            "operator_name": "PROJECTION",
                            "cpu_time": 24.959234259000095,
                            "extra_info": {
                                "Projections": [
                                    "__internal_compress_integral_utinyint(#0, 1)",
                                    "#1",
                                    "#2",
                                    "#3",
                                    "#4",
                                    "#5",
                                    "#6",
                                    "#7",
                                    "#8",
                                    "#9",
                                    "#10",
                                    "#11"
                                ],
                                "Estimated Cardinality": "6372046"
                            },
                            "cumulative_cardinality": 1238847026,
                            "operator_type": "PROJECTION",
                            "operator_cardinality": 7,
                            "cumulative_rows_scanned": 24026759,
                            "operator_rows_scanned": 0,
                            "operator_timing": 0.000001152,
                            "result_set_size": 749,
                            "children": [
                                {
                                    "operator_name": "PROJECTION",
                                    "cpu_time": 24.959233107000095,
                                    "extra_info": {
                                        "Projections": [
                                            "posttypeid",
                                            "TotalPosts",
                                            "PositiveScorePosts",
                                            "ViewedPosts",
                                            "AvgViews",
                                            "AvgScore",
                                            "TotalPostsByUser",
                                            "TotalScoreByUser",
                                            "TotalBadgesByUser",
                                            "votetypeid",
                                            "TotalVotes",
                                            "UniquePostsVoted"
                                        ],
                                        "Estimated Cardinality": "6372046"
                                    },
                                    "cumulative_cardinality": 1238847019,
                                    "operator_type": "PROJECTION",
                                    "operator_cardinality": 7,
                                    "cumulative_rows_scanned": 24026759,
                                    "operator_rows_scanned": 0,
                                    "operator_timing": 0.000001442,
                                    "result_set_size": 756,
                                    "children": [
                                        {
                                            "operator_name": "CTE",
                                            "cpu_time": 24.959231665000097,
                                            "extra_info": {
                                                "CTE Name": "UserStats",
                                                "Table Index": "0"
                                            },
                                            "cumulative_cardinality": 1238847012,
                                            "operator_type": "CTE",
                                            "operator_cardinality": 0,
                                            "cumulative_rows_scanned": 24026759,
                                            "operator_rows_scanned": 0,
                                            "operator_timing": 0.009630591999999992,
                                            "result_set_size": 0,
                                            "children": [
                                                {
                                                    "operator_name": "HASH_GROUP_BY",
                                                    "cpu_time": 23.830067836000097,
                                                    "extra_info": {
                                                        "Groups": "#0",
                                                        "Aggregates": [
                                                            "count(DISTINCT #1)",
                                                            "sum(#2)",
                                                            "count(#3)"
                                                        ],
                                                        "Estimated Cardinality": "1260710"
                                                    },
                                                    "cumulative_cardinality": 1185282153,
                                                    "operator_type": "HASH_GROUP_BY",
                                                    "operator_cardinality": 1260710,
                                                    "cumulative_rows_scanned": 7432550,
                                                    "operator_rows_scanned": 0,
                                                    "operator_timing": 16.693720463000112,
                                                    "result_set_size": 45385560,
                                                    "children": [
                                                        {
                                                            "operator_name": "PROJECTION",
                                                            "cpu_time": 7.136347372999987,
                                                            "extra_info": {
                                                                "Projections": [
                                                                    "id",
                                                                    "id",
                                                                    "score",
                                                                    "id"
                                                                ],
                                                                "Estimated Cardinality": "3850116"
                                                            },
                                                            "cumulative_cardinality": 1184021443,
                                                            "operator_type": "PROJECTION",
                                                            "operator_cardinality": 586089549,
                                                            "cumulative_rows_scanned": 7432550,
                                                            "operator_rows_scanned": 0,
                                                            "operator_timing": 0.08549612000001312,
                                                            "result_set_size": 9377432784,
                                                            "children": [
                                                                {
                                                                    "operator_name": "HASH_JOIN",
                                                                    "cpu_time": 7.050851252999974,
                                                                    "extra_info": {
                                                                        "Join Type": "LEFT",
                                                                        "Conditions": "id = userid",
                                                                        "Estimated Cardinality": "3850116"
                                                                    },
                                                                    "cumulative_cardinality": 597931894,
                                                                    "operator_type": "HASH_JOIN",
                                                                    "operator_cardinality": 586089549,
                                                                    "cumulative_rows_scanned": 7432550,
                                                                    "operator_rows_scanned": 0,
                                                                    "operator_timing": 6.648385734999973,
                                                                    "result_set_size": 9377432784,
                                                                    "children": [
                                                                        {
                                                                            "operator_name": "HASH_JOIN",
                                                                            "cpu_time": 0.3762229660000004,
                                                                            "extra_info": {
                                                                                "Join Type": "RIGHT",
                                                                                "Conditions": "owneruserid = id",
                                                                                "Estimated Cardinality": "3850116"
                                                                            },
                                                                            "cumulative_cardinality": 9520621,
                                                                            "operator_type": "HASH_JOIN",
                                                                            "operator_cardinality": 4574495,
                                                                            "cumulative_rows_scanned": 5110826,
                                                                            "operator_rows_scanned": 0,
                                                                            "operator_timing": 0.2515153130000004,
                                                                            "result_set_size": 54893940,
                                                                            "children": [
                                                                                {
                                                                                    "operator_name": "READ_PARQUET ",
                                                                                    "cpu_time": 0.11612580699999996,
                                                                                    "extra_info": {
                                                                                        "Function": "READ_PARQUET",
                                                                                        "Projections": [
                                                                                            "id",
                                                                                            "score",
                                                                                            "owneruserid"
                                                                                        ],
                                                                                        "Estimated Cardinality": "3850116"
                                                                                    },
                                                                                    "cumulative_cardinality": 3685416,
                                                                                    "operator_type": "TABLE_SCAN",
                                                                                    "operator_cardinality": 3685416,
                                                                                    "cumulative_rows_scanned": 3850116,
                                                                                    "operator_rows_scanned": 3850116,
                                                                                    "operator_timing": 0.11612580699999996,
                                                                                    "result_set_size": 44224992,
                                                                                    "children": []
                                                                                },
                                                                                {
                                                                                    "operator_name": "READ_PARQUET ",
                                                                                    "cpu_time": 0.008581846000000008,
                                                                                    "extra_info": {
                                                                                        "Function": "READ_PARQUET",
                                                                                        "Projections": "id",
                                                                                        "Estimated Cardinality": "1260710"
                                                                                    },
                                                                                    "cumulative_cardinality": 1260710,
                                                                                    "operator_type": "TABLE_SCAN",
                                                                                    "operator_cardinality": 1260710,
                                                                                    "cumulative_rows_scanned": 1260710,
                                                                                    "operator_rows_scanned": 1260710,
                                                                                    "operator_timing": 0.008581846000000008,
                                                                                    "result_set_size": 5042840,
                                                                                    "children": []
                                                                                }
                                                                            ]
                                                                        },
                                                                        {
                                                                            "operator_name": "READ_PARQUET ",
                                                                            "cpu_time": 0.026242551999999947,
                                                                            "extra_info": {
                                                                                "Function": "READ_PARQUET",
                                                                                "Projections": [
                                                                                    "id",
                                                                                    "userid"
                                                                                ],
                                                                                "Estimated Cardinality": "2321724"
                                                                            },
                                                                            "cumulative_cardinality": 2321724,
                                                                            "operator_type": "TABLE_SCAN",
                                                                            "operator_cardinality": 2321724,
                                                                            "cumulative_rows_scanned": 2321724,
                                                                            "operator_rows_scanned": 2321724,
                                                                            "operator_timing": 0.026242551999999947,
                                                                            "result_set_size": 18573792,
                                                                            "children": []
                                                                        }
                                                                    ]
                                                                }
                                                            ]
                                                        }
                                                    ]
                                                },
                                                {
                                                    "operator_name": "CTE",
                                                    "cpu_time": 1.1195332369999986,
                                                    "extra_info": {
                                                        "CTE Name": "VoteStats",
                                                        "Table Index": "28"
                                                    },
                                                    "cumulative_cardinality": 53564859,
                                                    "operator_type": "CTE",
                                                    "operator_cardinality": 0,
                                                    "cumulative_rows_scanned": 16594209,
                                                    "operator_rows_scanned": 0,
                                                    "operator_timing": 0.000002615,
                                                    "result_set_size": 0,
                                                    "children": [
                                                        {
                                                            "operator_name": "PROJECTION",
                                                            "cpu_time": 0.9263357299999986,
                                                            "extra_info": {
                                                                "Projections": [
                                                                    "__internal_decompress_integral_smallint(#0, 1)",
                                                                    "#1",
                                                                    "#2"
                                                                ],
                                                                "Estimated Cardinality": "6372046"
                                                            },
                                                            "cumulative_cardinality": 38232307,
                                                            "operator_type": "PROJECTION",
                                                            "operator_cardinality": 14,
                                                            "cumulative_rows_scanned": 12744093,
                                                            "operator_rows_scanned": 0,
                                                            "operator_timing": 0.000003537,
                                                            "result_set_size": 252,
                                                            "children": [
                                                                {
                                                                    "operator_name": "HASH_GROUP_BY",
                                                                    "cpu_time": 0.9263321929999986,
                                                                    "extra_info": {
                                                                        "Groups": "#0",
                                                                        "Aggregates": [
                                                                            "count_star()",
                                                                            "count(DISTINCT #1)"
                                                                        ],
                                                                        "Estimated Cardinality": "6372046"
                                                                    },
                                                                    "cumulative_cardinality": 38232293,
                                                                    "operator_type": "HASH_GROUP_BY",
                                                                    "operator_cardinality": 14,
                                                                    "cumulative_rows_scanned": 12744093,
                                                                    "operator_rows_scanned": 0,
                                                                    "operator_timing": 0.7864862879999986,
                                                                    "result_set_size": 238,
                                                                    "children": [
                                                                        {
                                                                            "operator_name": "PROJECTION",
                                                                            "cpu_time": 0.13984590499999996,
                                                                            "extra_info": {
                                                                                "Projections": [
                                                                                    "votetypeid",
                                                                                    "postid"
                                                                                ],
                                                                                "Estimated Cardinality": "12744093"
                                                                            },
                                                                            "cumulative_cardinality": 38232279,
                                                                            "operator_type": "PROJECTION",
                                                                            "operator_cardinality": 12744093,
                                                                            "cumulative_rows_scanned": 12744093,
                                                                            "operator_rows_scanned": 0,
                                                                            "operator_timing": 0.0010899479999999877,
                                                                            "result_set_size": 63720465,
                                                                            "children": [
                                                                                {
                                                                                    "operator_name": "PROJECTION",
                                                                                    "cpu_time": 0.13875595699999999,
                                                                                    "extra_info": {
                                                                                        "Projections": [
                                                                                            "#0",
                                                                                            "__internal_compress_integral_utinyint(#1, 1)"
                                                                                        ],
                                                                                        "Estimated Cardinality": "12744093"
                                                                                    },
                                                                                    "cumulative_cardinality": 25488186,
                                                                                    "operator_type": "PROJECTION",
                                                                                    "operator_cardinality": 12744093,
                                                                                    "cumulative_rows_scanned": 12744093,
                                                                                    "operator_rows_scanned": 0,
                                                                                    "operator_timing": 0.004332831999999995,
                                                                                    "result_set_size": 63720465,
                                                                                    "children": [
                                                                                        {
                                                                                            "operator_name": "READ_PARQUET ",
                                                                                            "cpu_time": 0.134423125,
                                                                                            "extra_info": {
                                                                                                "Function": "READ_PARQUET",
                                                                                                "Projections": [
                                                                                                    "postid",
                                                                                                    "votetypeid"
                                                                                                ],
                                                                                                "Estimated Cardinality": "12744093"
                                                                                            },
                                                                                            "cumulative_cardinality": 12744093,
                                                                                            "operator_type": "TABLE_SCAN",
                                                                                            "operator_cardinality": 12744093,
                                                                                            "cumulative_rows_scanned": 12744093,
                                                                                            "operator_rows_scanned": 12744093,
                                                                                            "operator_timing": 0.134423125,
                                                                                            "result_set_size": 76464558,
                                                                                            "children": []
                                                                                        }
                                                                                    ]
                                                                                }
                                                                            ]
                                                                        }
                                                                    ]
                                                                }
                                                            ]
                                                        },
                                                        {
                                                            "operator_name": "CROSS_PRODUCT",
                                                            "cpu_time": 0.19319489200000003,
                                                            "extra_info": {},
                                                            "cumulative_cardinality": 15332552,
                                                            "operator_type": "CROSS_PRODUCT",
                                                            "operator_cardinality": 7,
                                                            "cumulative_rows_scanned": 3850116,
                                                            "operator_rows_scanned": 0,
                                                            "operator_timing": 0.000042409,
                                                            "result_set_size": 896,
                                                            "children": [
                                                                {
                                                                    "operator_name": "PROJECTION",
                                                                    "cpu_time": 0.18422110600000002,
                                                                    "extra_info": {
                                                                        "Projections": [
                                                                            "__internal_decompress_integral_smallint(#0, 1)",
                                                                            "#1",
                                                                            "#2",
                                                                            "#3",
                                                                            "#4",
                                                                            "#5"
                                                                        ],
                                                                        "Estimated Cardinality": "1925058"
                                                                    },
                                                                    "cumulative_cardinality": 11550362,
                                                                    "operator_type": "PROJECTION",
                                                                    "operator_cardinality": 7,
                                                                    "cumulative_rows_scanned": 3850116,
                                                                    "operator_rows_scanned": 0,
                                                                    "operator_timing": 0.000009087,
                                                                    "result_set_size": 406,
                                                                    "children": [
                                                                        {
                                                                            "operator_name": "PERFECT_HASH_GROUP_BY",
                                                                            "cpu_time": 0.18421201900000003,
                                                                            "extra_info": {
                                                                                "Groups": "#0",
                                                                                "Aggregates": [
                                                                                    "count_star()",
                                                                                    "sum(#1)",
                                                                                    "sum(#2)",
                                                                                    "avg(#3)",
                                                                                    "avg(#4)"
                                                                                ]
                                                                            },
                                                                            "cumulative_cardinality": 11550355,
                                                                            "operator_type": "PERFECT_HASH_GROUP_BY",
                                                                            "operator_cardinality": 7,
                                                                            "cumulative_rows_scanned": 3850116,
                                                                            "operator_rows_scanned": 0,
                                                                            "operator_timing": 0.06120297699999999,
                                                                            "result_set_size": 399,
                                                                            "children": [
                                                                                {
                                                                                    "operator_name": "PROJECTION",
                                                                                    "cpu_time": 0.12300904200000004,
                                                                                    "extra_info": {
                                                                                        "Projections": [
                                                                                            "posttypeid",
                                                                                            "CASE  WHEN ((score > 0)) THEN (1) ELSE 0 END",
                                                                                            "CASE  WHEN (constant_or_null(true, viewcount, 0)) THEN (1) ELSE 0 END",
                                                                                            "viewcount",
                                                                                            "score"
                                                                                        ],
                                                                                        "Estimated Cardinality": "3850116"
                                                                                    },
                                                                                    "cumulative_cardinality": 11550348,
                                                                                    "operator_type": "PROJECTION",
                                                                                    "operator_cardinality": 3850116,
                                                                                    "cumulative_rows_scanned": 3850116,
                                                                                    "operator_rows_scanned": 0,
                                                                                    "operator_timing": 0.06527083800000003,
                                                                                    "result_set_size": 65451972,
                                                                                    "children": [
                                                                                        {
                                                                                            "operator_name": "PROJECTION",
                                                                                            "cpu_time": 0.05773820400000002,
                                                                                            "extra_info": {
                                                                                                "Projections": [
                                                                                                    "__internal_compress_integral_utinyint(#0, 1)",
                                                                                                    "#1",
                                                                                                    "#2"
                                                                                                ],
                                                                                                "Estimated Cardinality": "3850116"
                                                                                            },
                                                                                            "cumulative_cardinality": 7700232,
                                                                                            "operator_type": "PROJECTION",
                                                                                            "operator_cardinality": 3850116,
                                                                                            "cumulative_rows_scanned": 3850116,
                                                                                            "operator_rows_scanned": 0,
                                                                                            "operator_timing": 0.0009374120000000003,
                                                                                            "result_set_size": 34651044,
                                                                                            "children": [
                                                                                                {
                                                                                                    "operator_name": "READ_PARQUET ",
                                                                                                    "cpu_time": 0.056800792000000024,
                                                                                                    "extra_info": {
                                                                                                        "Function": "READ_PARQUET",
                                                                                                        "Projections": [
                                                                                                            "posttypeid",
                                                                                                            "score",
                                                                                                            "viewcount"
                                                                                                        ],
                                                                                                        "Estimated Cardinality": "3850116"
                                                                                                    },
                                                                                                    "cumulative_cardinality": 3850116,
                                                                                                    "operator_type": "TABLE_SCAN",
                                                                                                    "operator_cardinality": 3850116,
                                                                                                    "cumulative_rows_scanned": 3850116,
                                                                                                    "operator_rows_scanned": 3850116,
                                                                                                    "operator_timing": 0.056800792000000024,
                                                                                                    "result_set_size": 38501160,
                                                                                                    "children": []
                                                                                                }
                                                                                            ]
                                                                                        }
                                                                                    ]
                                                                                }
                                                                            ]
                                                                        }
                                                                    ]
                                                                },
                                                                {
                                                                    "operator_name": "HASH_JOIN",
                                                                    "cpu_time": 0.008931377000000018,
                                                                    "extra_info": {
                                                                        "Join Type": "INNER",
                                                                        "Conditions": "TotalPostsByUser = SUBQUERY",
                                                                        "Estimated Cardinality": "0"
                                                                    },
                                                                    "cumulative_cardinality": 3782183,
                                                                    "operator_type": "HASH_JOIN",
                                                                    "operator_cardinality": 1,
                                                                    "cumulative_rows_scanned": 0,
                                                                    "operator_rows_scanned": 0,
                                                                    "operator_timing": 0.005519172000000017,
                                                                    "result_set_size": 70,
                                                                    "children": [
                                                                        {
                                                                            "operator_name": "CTE_SCAN",
                                                                            "cpu_time": 0.0004004330000000003,
                                                                            "extra_info": {
                                                                                "CTE Index": "0",
                                                                                "Estimated Cardinality": "1260710"
                                                                            },
                                                                            "cumulative_cardinality": 1260710,
                                                                            "operator_type": "CTE_SCAN",
                                                                            "operator_cardinality": 1260710,
                                                                            "cumulative_rows_scanned": 0,
                                                                            "operator_rows_scanned": 0,
                                                                            "operator_timing": 0.0004004330000000003,
                                                                            "result_set_size": 45385560,
                                                                            "children": []
                                                                        },
                                                                        {
                                                                            "operator_name": "CROSS_PRODUCT",
                                                                            "cpu_time": 0.003011772000000001,
                                                                            "extra_info": {},
                                                                            "cumulative_cardinality": 2521472,
                                                                            "operator_type": "CROSS_PRODUCT",
                                                                            "operator_cardinality": 1,
                                                                            "cumulative_rows_scanned": 0,
                                                                            "operator_rows_scanned": 0,
                                                                            "operator_timing": 0.000021649,
                                                                            "result_set_size": 34,
                                                                            "children": [
                                                                                {
                                                                                    "operator_name": "PROJECTION",
                                                                                    "cpu_time": 0.002795328000000001,
                                                                                    "extra_info": {
                                                                                        "Projections": [
                                                                                            "CASE  WHEN ((#1 > 1)) THEN (error('More than one row returned by a subquery used as an expression - scalar subqueries can only return a single row.",
                                                                                            "Use \"SET scalar_subquery_error_on_multiple_rows=false\" to revert to previous behavior of returning a random row.')) ELSE #0 END"
                                                                                        ],
                                                                                        "Estimated Cardinality": "1"
                                                                                    },
                                                                                    "cumulative_cardinality": 2521424,
                                                                                    "operator_type": "PROJECTION",
                                                                                    "operator_cardinality": 1,
                                                                                    "cumulative_rows_scanned": 0,
                                                                                    "operator_rows_scanned": 0,
                                                                                    "operator_timing": 0.000010429,
                                                                                    "result_set_size": 8,
                                                                                    "children": [
                                                                                        {
                                                                                            "operator_name": "UNGROUPED_AGGREGATE",
                                                                                            "cpu_time": 0.002784899000000001,
                                                                                            "extra_info": {
                                                                                                "Aggregates": [
                                                                                                    "\"first\"(#0)",
                                                                                                    "count_star()"
                                                                                                ]
                                                                                            },
                                                                                            "cumulative_cardinality": 2521423,
                                                                                            "operator_type": "UNGROUPED_AGGREGATE",
                                                                                            "operator_cardinality": 1,
                                                                                            "cumulative_rows_scanned": 0,
                                                                                            "operator_rows_scanned": 0,
                                                                                            "operator_timing": 0.0000020939999999999998,
                                                                                            "result_set_size": 16,
                                                                                            "children": [
                                                                                                {
                                                                                                    "operator_name": "PROJECTION",
                                                                                                    "cpu_time": 0.002782805000000001,
                                                                                                    "extra_info": {
                                                                                                        "Projections": "#0",
                                                                                                        "Estimated Cardinality": "1"
                                                                                                    },
                                                                                                    "cumulative_cardinality": 2521422,
                                                                                                    "operator_type": "PROJECTION",
                                                                                                    "operator_cardinality": 1,
                                                                                                    "cumulative_rows_scanned": 0,
                                                                                                    "operator_rows_scanned": 0,
                                                                                                    "operator_timing": 1.81e-7,
                                                                                                    "result_set_size": 8,
                                                                                                    "children": [
                                                                                                        {
                                                                                                            "operator_name": "UNGROUPED_AGGREGATE",
                                                                                                            "cpu_time": 0.002782624000000001,
                                                                                                            "extra_info": {
                                                                                                                "Aggregates": "max(#0)"
                                                                                                            },
                                                                                                            "cumulative_cardinality": 2521421,
                                                                                                            "operator_type": "UNGROUPED_AGGREGATE",
                                                                                                            "operator_cardinality": 1,
                                                                                                            "cumulative_rows_scanned": 0,
                                                                                                            "operator_rows_scanned": 0,
                                                                                                            "operator_timing": 0.0013225379999999998,
                                                                                                            "result_set_size": 8,
                                                                                                            "children": [
                                                                                                                {
                                                                                                                    "operator_name": "PROJECTION",
                                                                                                                    "cpu_time": 0.0014600860000000013,
                                                                                                                    "extra_info": {
                                                                                                                        "Projections": "TotalPostsByUser",
                                                                                                                        "Estimated Cardinality": "1260710"
                                                                                                                    },
                                                                                                                    "cumulative_cardinality": 2521420,
                                                                                                                    "operator_type": "PROJECTION",
                                                                                                                    "operator_cardinality": 1260710,
                                                                                                                    "cumulative_rows_scanned": 0,
                                                                                                                    "operator_rows_scanned": 0,
                                                                                                                    "operator_timing": 0.00004734199999999981,
                                                                                                                    "result_set_size": 10085680,
                                                                                                                    "children": [
                                                                                                                        {
                                                                                                                            "operator_name": "CTE_SCAN",
                                                                                                                            "cpu_time": 0.0014127440000000014,
                                                                                                                            "extra_info": {
                                                                                                                                "CTE Index": "0",
                                                                                                                                "Estimated Cardinality": "1260710"
                                                                                                                            },
                                                                                                                            "cumulative_cardinality": 1260710,
                                                                                                                            "operator_type": "CTE_SCAN",
                                                                                                                            "operator_cardinality": 1260710,
                                                                                                                            "cumulative_rows_scanned": 0,
                                                                                                                            "operator_rows_scanned": 0,
                                                                                                                            "operator_timing": 0.0014127440000000014,
                                                                                                                            "result_set_size": 45385560,
                                                                                                                            "children": []
                                                                                                                        }
                                                                                                                    ]
                                                                                                                }
                                                                                                            ]
                                                                                                        }
                                                                                                    ]
                                                                                                }
                                                                                            ]
                                                                                        }
                                                                                    ]
                                                                                },
                                                                                {
                                                                                    "operator_name": "HASH_JOIN",
                                                                                    "cpu_time": 0.000194795,
                                                                                    "extra_info": {
                                                                                        "Join Type": "INNER",
                                                                                        "Conditions": "TotalVotes = SUBQUERY",
                                                                                        "Estimated Cardinality": "0"
                                                                                    },
                                                                                    "cumulative_cardinality": 47,
                                                                                    "operator_type": "HASH_JOIN",
                                                                                    "operator_cardinality": 1,
                                                                                    "cumulative_rows_scanned": 0,
                                                                                    "operator_rows_scanned": 0,
                                                                                    "operator_timing": 0.00008441899999999999,
                                                                                    "result_set_size": 26,
                                                                                    "children": [
                                                                                        {
                                                                                            "operator_name": "CTE_SCAN",
                                                                                            "cpu_time": 0.000006924,
                                                                                            "extra_info": {
                                                                                                "CTE Index": "28",
                                                                                                "Estimated Cardinality": "6372046"
                                                                                            },
                                                                                            "cumulative_cardinality": 14,
                                                                                            "operator_type": "CTE_SCAN",
                                                                                            "operator_cardinality": 14,
                                                                                            "cumulative_rows_scanned": 0,
                                                                                            "operator_rows_scanned": 0,
                                                                                            "operator_timing": 0.000006924,
                                                                                            "result_set_size": 252,
                                                                                            "children": []
                                                                                        },
                                                                                        {
                                                                                            "operator_name": "PROJECTION",
                                                                                            "cpu_time": 0.000103452,
                                                                                            "extra_info": {
                                                                                                "Projections": [
                                                                                                    "CASE  WHEN ((#1 > 1)) THEN (error('More than one row returned by a subquery used as an expression - scalar subqueries can only return a single row.",
                                                                                                    "Use \"SET scalar_subquery_error_on_multiple_rows=false\" to revert to previous behavior of returning a random row.')) ELSE #0 END"
                                                                                                ],
                                                                                                "Estimated Cardinality": "1"
                                                                                            },
                                                                                            "cumulative_cardinality": 32,
                                                                                            "operator_type": "PROJECTION",
                                                                                            "operator_cardinality": 1,
                                                                                            "cumulative_rows_scanned": 0,
                                                                                            "operator_rows_scanned": 0,
                                                                                            "operator_timing": 0.000074319,
                                                                                            "result_set_size": 8,
                                                                                            "children": [
                                                                                                {
                                                                                                    "operator_name": "UNGROUPED_AGGREGATE",
                                                                                                    "cpu_time": 0.000029132999999999997,
                                                                                                    "extra_info": {
                                                                                                        "Aggregates": [
                                                                                                            "\"first\"(#0)",
                                                                                                            "count_star()"
                                                                                                        ]
                                                                                                    },
                                                                                                    "cumulative_cardinality": 31,
                                                                                                    "operator_type": "UNGROUPED_AGGREGATE",
                                                                                                    "operator_cardinality": 1,
                                                                                                    "cumulative_rows_scanned": 0,
                                                                                                    "operator_rows_scanned": 0,
                                                                                                    "operator_timing": 0.000007023999999999999,
                                                                                                    "result_set_size": 16,
                                                                                                    "children": [
                                                                                                        {
                                                                                                            "operator_name": "PROJECTION",
                                                                                                            "cpu_time": 0.000022108999999999998,
                                                                                                            "extra_info": {
                                                                                                                "Projections": "#0",
                                                                                                                "Estimated Cardinality": "1"
                                                                                                            },
                                                                                                            "cumulative_cardinality": 30,
                                                                                                            "operator_type": "PROJECTION",
                                                                                                            "operator_cardinality": 1,
                                                                                                            "cumulative_rows_scanned": 0,
                                                                                                            "operator_rows_scanned": 0,
                                                                                                            "operator_timing": 0.000002634,
                                                                                                            "result_set_size": 8,
                                                                                                            "children": [
                                                                                                                {
                                                                                                                    "operator_name": "UNGROUPED_AGGREGATE",
                                                                                                                    "cpu_time": 0.000019475,
                                                                                                                    "extra_info": {
                                                                                                                        "Aggregates": "max(#0)"
                                                                                                                    },
                                                                                                                    "cumulative_cardinality": 29,
                                                                                                                    "operator_type": "UNGROUPED_AGGREGATE",
                                                                                                                    "operator_cardinality": 1,
                                                                                                                    "cumulative_rows_scanned": 0,
                                                                                                                    "operator_rows_scanned": 0,
                                                                                                                    "operator_timing": 0.000010198,
                                                                                                                    "result_set_size": 8,
                                                                                                                    "children": [
                                                                                                                        {
                                                                                                                            "operator_name": "PROJECTION",
                                                                                                                            "cpu_time": 0.000009277,
                                                                                                                            "extra_info": {
                                                                                                                                "Projections": "TotalVotes",
                                                                                                                                "Estimated Cardinality": "6372046"
                                                                                                                            },
                                                                                                                            "cumulative_cardinality": 28,
                                                                                                                            "operator_type": "PROJECTION",
                                                                                                                            "operator_cardinality": 14,
                                                                                                                            "cumulative_rows_scanned": 0,
                                                                                                                            "operator_rows_scanned": 0,
                                                                                                                            "operator_timing": 6.21e-7,
                                                                                                                            "result_set_size": 112,
                                                                                                                            "children": [
                                                                                                                                {
                                                                                                                                    "operator_name": "CTE_SCAN",
                                                                                                                                    "cpu_time": 0.000008656,
                                                                                                                                    "extra_info": {
                                                                                                                                        "CTE Index": "28",
                                                                                                                                        "Estimated Cardinality": "6372046"
                                                                                                                                    },
                                                                                                                                    "cumulative_cardinality": 14,
                                                                                                                                    "operator_type": "CTE_SCAN",
                                                                                                                                    "operator_cardinality": 14,
                                                                                                                                    "cumulative_rows_scanned": 0,
                                                                                                                                    "operator_rows_scanned": 0,
                                                                                                                                    "operator_timing": 0.000008656,
                                                                                                                                    "result_set_size": 252,
                                                                                                                                    "children": []
                                                                                                                                }
                                                                                                                            ]
                                                                                                                        }
                                                                                                                    ]
                                                                                                                }
                                                                                                            ]
                                                                                                        }
                                                                                                    ]
                                                                                                }
                                                                                            ]
                                                                                        }
                                                                                    ]
                                                                                }
                                                                            ]
                                                                        }
                                                                    ]
                                                                }
                                                            ]
                                                        }
                                                    ]
                                                }
                                            ]
                                        }
                                    ]
                                }
                            ]
                        }
                    ]
                }
            ]
        }
    ]
}