{
    "rows_returned": 1668164,
    "query_name": "\nSELECT \n    p.Id AS PostId,\n    p.Title,\n    p.CreationDate,\n    p.Score,\n    p.ViewCount,\n    u.Reputation AS OwnerReputation,\n    COUNT(c.Id) AS CommentCount,\n    COUNT(v.Id) AS VoteCount,\n    STRING_AGG(t.TagName, ', ') AS Tags\nFROM \n    Posts p\nLEFT JOIN \n    Users u ON p.OwnerUserId = u.Id\nLEFT JOIN \n    Comments c ON p.Id = c.PostId\nLEFT JOIN \n    Votes v ON p.Id = v.PostId\nLEFT JOIN \n    (SELECT DISTINCT p.Id, unnest(string_to_array(p.Tags, '<>')) AS tag_id FROM Posts p) AS tag_id ON p.Id = tag_id.Id\nLEFT JOIN \n    Tags t ON tag_id.tag_id = t.TagName\nWHERE \n    p.PostTypeId = 1 \nGROUP BY \n    p.Id, p.Title, p.CreationDate, p.Score, p.ViewCount, u.Reputation\nORDER BY \n    p.CreationDate DESC;\n",
    "blocked_thread_time": 0.0,
    "cpu_time": 11.301568591000295,
    "extra_info": {},
    "cumulative_cardinality": 138993230,
    "cumulative_rows_scanned": 28948833,
    "result_set_size": 120107808,
    "latency": 19.452931251,
    "children": [
        {
            "operator_name": "PROJECTION",
            "cpu_time": 11.301568591000295,
            "extra_info": {
                "Projections": [
                    "#0",
                    "#1",
                    "#2",
                    "__internal_decompress_integral_integer(#3, -72)",
                    "#4",
                    "#5",
                    "#6",
                    "#7",
                    "#8"
                ],
                "Estimated Cardinality": "3850116"
            },
            "cumulative_cardinality": 138993230,
            "operator_type": "PROJECTION",
            "operator_cardinality": 1668164,
            "cumulative_rows_scanned": 28948833,
            "operator_rows_scanned": 0,
            "operator_timing": 0.000827832,
            "result_set_size": 120107808,
            "children": [
                {
                    "operator_name": "ORDER_BY",
                    "cpu_time": 11.300740759000295,
                    "extra_info": {
                        "Order By": "p.CreationDate DESC"
                    },
                    "cumulative_cardinality": 137325066,
                    "operator_type": "ORDER_BY",
                    "operator_cardinality": 1668164,
                    "cumulative_rows_scanned": 28948833,
                    "operator_rows_scanned": 0,
                    "operator_timing": 0.1137660330000001,
                    "result_set_size": 116771480,
                    "children": [
                        {
                            "operator_name": "PROJECTION",
                            "cpu_time": 11.186974726000296,
                            "extra_info": {
                                "Projections": [
                                    "#0",
                                    "#1",
                                    "#2",
                                    "__internal_compress_integral_usmallint(#3, -72)",
                                    "#4",
                                    "#5",
                                    "#6",
                                    "#7",
                                    "#8"
                                ],
                                "Estimated Cardinality": "3850116"
                            },
                            "cumulative_cardinality": 135656902,
                            "operator_type": "PROJECTION",
                            "operator_cardinality": 1668164,
                            "cumulative_rows_scanned": 28948833,
                            "operator_rows_scanned": 0,
                            "operator_timing": 0.000747410999999997,
                            "result_set_size": 116771480,
                            "children": [
                                {
                                    "operator_name": "PROJECTION",
                                    "cpu_time": 11.186227315000295,
                                    "extra_info": {
                                        "Projections": [
                                            "#0",
                                            "#1",
                                            "#2",
                                            "__internal_decompress_integral_integer(#3, -72)",
                                            "#4",
                                            "#5",
                                            "#6",
                                            "#7",
                                            "#8"
                                        ],
                                        "Estimated Cardinality": "3850116"
                                    },
                                    "cumulative_cardinality": 133988738,
                                    "operator_type": "PROJECTION",
                                    "operator_cardinality": 1668164,
                                    "cumulative_rows_scanned": 28948833,
                                    "operator_rows_scanned": 0,
                                    "operator_timing": 0.0009583429999999994,
                                    "result_set_size": 120107808,
                                    "children": [
                                        {
                                            "operator_name": "HASH_GROUP_BY",
                                            "cpu_time": 11.185268972000294,
                                            "extra_info": {
                                                "Groups": [
                                                    "#0",
                                                    "#1",
                                                    "#2",
                                                    "#3",
                                                    "#4",
                                                    "#5"
                                                ],
                                                "Aggregates": [
                                                    "count(#6)",
                                                    "count(#7)",
                                                    "string_agg(#8)"
                                                ],
                                                "Estimated Cardinality": "3850116"
                                            },
                                            "cumulative_cardinality": 132320574,
                                            "operator_type": "HASH_GROUP_BY",
                                            "operator_cardinality": 1668164,
                                            "cumulative_rows_scanned": 28948833,
                                            "operator_rows_scanned": 0,
                                            "operator_timing": 1.6134104700000083,
                                            "result_set_size": 116771480,
                                            "children": [
                                                {
                                                    "operator_name": "PROJECTION",
                                                    "cpu_time": 9.571858502000286,
                                                    "extra_info": {
                                                        "Projections": [
                                                            "id",
                                                            "title",
                                                            "creationdate",
                                                            "score",
                                                            "viewcount",
                                                            "reputation",
                                                            "id",
                                                            "id",
                                                            "tagname"
                                                        ],
                                                        "Estimated Cardinality": "12744093"
                                                    },
                                                    "cumulative_cardinality": 130652410,
                                                    "operator_type": "PROJECTION",
                                                    "operator_cardinality": 16904139,
                                                    "cumulative_rows_scanned": 28948833,
                                                    "operator_rows_scanned": 0,
                                                    "operator_timing": 0.0065892250000000145,
                                                    "result_set_size": 1048056618,
                                                    "children": [
                                                        {
                                                            "operator_name": "PROJECTION",
                                                            "cpu_time": 9.565269277000285,
                                                            "extra_info": {
                                                                "Projections": [
                                                                    "#1",
                                                                    "#2",
                                                                    "__internal_compress_integral_usmallint(#3, -72)",
                                                                    "#4",
                                                                    "#5",
                                                                    "#6",
                                                                    "#0",
                                                                    "#7",
                                                                    "#8"
                                                                ],
                                                                "Estimated Cardinality": "12744093"
                                                            },
                                                            "cumulative_cardinality": 113748271,
                                                            "operator_type": "PROJECTION",
                                                            "operator_cardinality": 16904139,
                                                            "cumulative_rows_scanned": 28948833,
                                                            "operator_rows_scanned": 0,
                                                            "operator_timing": 0.03705744000000009,
                                                            "result_set_size": 1048056618,
                                                            "children": [
                                                                {
                                                                    "operator_name": "HASH_JOIN",
                                                                    "cpu_time": 9.528211837000285,
                                                                    "extra_info": {
                                                                        "Join Type": "LEFT",
                                                                        "Conditions": "tag_id = tagname",
                                                                        "Estimated Cardinality": "12744093"
                                                                    },
                                                                    "cumulative_cardinality": 96844132,
                                                                    "operator_type": "HASH_JOIN",
                                                                    "operator_cardinality": 16904139,
                                                                    "cumulative_rows_scanned": 28948833,
                                                                    "operator_rows_scanned": 0,
                                                                    "operator_timing": 0.5878742260000016,
                                                                    "result_set_size": 1081864896,
                                                                    "children": [
                                                                        {
                                                                            "operator_name": "HASH_JOIN",
                                                                            "cpu_time": 8.939150583000282,
                                                                            "extra_info": {
                                                                                "Join Type": "LEFT",
                                                                                "Conditions": "id = id",
                                                                                "Estimated Cardinality": "12744093"
                                                                            },
                                                                            "cumulative_cardinality": 79938017,
                                                                            "operator_type": "HASH_JOIN",
                                                                            "operator_cardinality": 16904139,
                                                                            "cumulative_rows_scanned": 28946857,
                                                                            "operator_rows_scanned": 0,
                                                                            "operator_timing": 0.6219038309999987,
                                                                            "result_set_size": 1081864896,
                                                                            "children": [
                                                                                {
                                                                                    "operator_name": "HASH_JOIN",
                                                                                    "cpu_time": 2.626561386999998,
                                                                                    "extra_info": {
                                                                                        "Join Type": "LEFT",
                                                                                        "Conditions": "id = postid",
                                                                                        "Estimated Cardinality": "12744093"
                                                                                    },
                                                                                    "cumulative_cardinality": 52511106,
                                                                                    "operator_type": "HASH_JOIN",
                                                                                    "operator_cardinality": 16904139,
                                                                                    "cumulative_rows_scanned": 25096741,
                                                                                    "operator_rows_scanned": 0,
                                                                                    "operator_timing": 0.9596304549999994,
                                                                                    "result_set_size": 811398672,
                                                                                    "children": [
                                                                                        {
                                                                                            "operator_name": "PROJECTION",
                                                                                            "cpu_time": 1.4862980679999989,
                                                                                            "extra_info": {
                                                                                                "Projections": [
                                                                                                    "#0",
                                                                                                    "#1",
                                                                                                    "#2",
                                                                                                    "__internal_decompress_integral_integer(#3, -72)",
                                                                                                    "#4",
                                                                                                    "#5",
                                                                                                    "#6"
                                                                                                ],
                                                                                                "Estimated Cardinality": "7241822"
                                                                                            },
                                                                                            "cumulative_cardinality": 22862874,
                                                                                            "operator_type": "PROJECTION",
                                                                                            "operator_cardinality": 4677925,
                                                                                            "cumulative_rows_scanned": 12352648,
                                                                                            "operator_rows_scanned": 0,
                                                                                            "operator_timing": 0.020771680999999993,
                                                                                            "result_set_size": 205828700,
                                                                                            "children": [
                                                                                                {
                                                                                                    "operator_name": "HASH_JOIN",
                                                                                                    "cpu_time": 1.4655263869999988,
                                                                                                    "extra_info": {
                                                                                                        "Join Type": "RIGHT",
                                                                                                        "Conditions": "postid = id",
                                                                                                        "Estimated Cardinality": "7241822"
                                                                                                    },
                                                                                                    "cumulative_cardinality": 18184949,
                                                                                                    "operator_type": "HASH_JOIN",
                                                                                                    "operator_cardinality": 4677925,
                                                                                                    "cumulative_rows_scanned": 12352648,
                                                                                                    "operator_rows_scanned": 0,
                                                                                                    "operator_timing": 0.5378735159999992,
                                                                                                    "result_set_size": 196472850,
                                                                                                    "children": [
                                                                                                        {
                                                                                                            "operator_name": "READ_PARQUET ",
                                                                                                            "cpu_time": 0.1447384079999999,
                                                                                                            "extra_info": {
                                                                                                                "Function": "READ_PARQUET",
                                                                                                                "Projections": [
                                                                                                                    "id",
                                                                                                                    "postid"
                                                                                                                ],
                                                                                                                "Estimated Cardinality": "7241822"
                                                                                                            },
                                                                                                            "cumulative_cardinality": 7241822,
                                                                                                            "operator_type": "TABLE_SCAN",
                                                                                                            "operator_cardinality": 7241822,
                                                                                                            "cumulative_rows_scanned": 7241822,
                                                                                                            "operator_rows_scanned": 7241822,
                                                                                                            "operator_timing": 0.1447384079999999,
                                                                                                            "result_set_size": 57934576,
                                                                                                            "children": []
                                                                                                        },
                                                                                                        {
                                                                                                            "operator_name": "PROJECTION",
                                                                                                            "cpu_time": 0.7829144629999998,
                                                                                                            "extra_info": {
                                                                                                                "Projections": [
                                                                                                                    "#0",
                                                                                                                    "#1",
                                                                                                                    "__internal_compress_integral_usmallint(#2, -72)",
                                                                                                                    "#3",
                                                                                                                    "#4",
                                                                                                                    "#5"
                                                                                                                ],
                                                                                                                "Estimated Cardinality": "1260710"
                                                                                                            },
                                                                                                            "cumulative_cardinality": 6265202,
                                                                                                            "operator_type": "PROJECTION",
                                                                                                            "operator_cardinality": 1668164,
                                                                                                            "cumulative_rows_scanned": 5110826,
                                                                                                            "operator_rows_scanned": 0,
                                                                                                            "operator_timing": 0.00649347599999999,
                                                                                                            "result_set_size": 63390232,
                                                                                                            "children": [
                                                                                                                {
                                                                                                                    "operator_name": "HASH_JOIN",
                                                                                                                    "cpu_time": 0.7764209869999998,
                                                                                                                    "extra_info": {
                                                                                                                        "Join Type": "LEFT",
                                                                                                                        "Conditions": "owneruserid = id",
                                                                                                                        "Estimated Cardinality": "1260710"
                                                                                                                    },
                                                                                                                    "cumulative_cardinality": 4597038,
                                                                                                                    "operator_type": "HASH_JOIN",
                                                                                                                    "operator_cardinality": 1668164,
                                                                                                                    "cumulative_rows_scanned": 5110826,
                                                                                                                    "operator_rows_scanned": 0,
                                                                                                                    "operator_timing": 0.17425180400000057,
                                                                                                                    "result_set_size": 66726560,
                                                                                                                    "children": [
                                                                                                                        {
                                                                                                                            "operator_name": "READ_PARQUET ",
                                                                                                                            "cpu_time": 0.5837037069999992,
                                                                                                                            "extra_info": {
                                                                                                                                "Function": "READ_PARQUET",
                                                                                                                                "Projections": [
                                                                                                                                    "id",
                                                                                                                                    "creationdate",
                                                                                                                                    "score",
                                                                                                                                    "viewcount",
                                                                                                                                    "owneruserid",
                                                                                                                                    "title"
                                                                                                                                ],
                                                                                                                                "Filters": "posttypeid=1",
                                                                                                                                "Estimated Cardinality": "770023"
                                                                                                                            },
                                                                                                                            "cumulative_cardinality": 1668164,
                                                                                                                            "operator_type": "TABLE_SCAN",
                                                                                                                            "operator_cardinality": 1668164,
                                                                                                                            "cumulative_rows_scanned": 3850116,
                                                                                                                            "operator_rows_scanned": 3850116,
                                                                                                                            "operator_timing": 0.5837037069999992,
                                                                                                                            "result_set_size": 66726560,
                                                                                                                            "children": []
                                                                                                                        },
                                                                                                                        {
                                                                                                                            "operator_name": "READ_PARQUET ",
                                                                                                                            "cpu_time": 0.018465475999999988,
                                                                                                                            "extra_info": {
                                                                                                                                "Function": "READ_PARQUET",
                                                                                                                                "Projections": [
                                                                                                                                    "id",
                                                                                                                                    "reputation"
                                                                                                                                ],
                                                                                                                                "Estimated Cardinality": "1260710"
                                                                                                                            },
                                                                                                                            "cumulative_cardinality": 1260710,
                                                                                                                            "operator_type": "TABLE_SCAN",
                                                                                                                            "operator_cardinality": 1260710,
                                                                                                                            "cumulative_rows_scanned": 1260710,
                                                                                                                            "operator_rows_scanned": 1260710,
                                                                                                                            "operator_timing": 0.018465475999999988,
                                                                                                                            "result_set_size": 10085680,
                                                                                                                            "children": []
                                                                                                                        }
                                                                                                                    ]
                                                                                                                }
                                                                                                            ]
                                                                                                        }
                                                                                                    ]
                                                                                                }
                                                                                            ]
                                                                                        },
                                                                                        {
                                                                                            "operator_name": "READ_PARQUET ",
                                                                                            "cpu_time": 0.18063286399999953,
                                                                                            "extra_info": {
                                                                                                "Function": "READ_PARQUET",
                                                                                                "Projections": [
                                                                                                    "id",
                                                                                                    "postid"
                                                                                                ],
                                                                                                "Estimated Cardinality": "12744093"
                                                                                            },
                                                                                            "cumulative_cardinality": 12744093,
                                                                                            "operator_type": "TABLE_SCAN",
                                                                                            "operator_cardinality": 12744093,
                                                                                            "cumulative_rows_scanned": 12744093,
                                                                                            "operator_rows_scanned": 12744093,
                                                                                            "operator_timing": 0.18063286399999953,
                                                                                            "result_set_size": 101952744,
                                                                                            "children": []
                                                                                        }
                                                                                    ]
                                                                                },
                                                                                {
                                                                                    "operator_name": "HASH_GROUP_BY",
                                                                                    "cpu_time": 5.690685365000285,
                                                                                    "extra_info": {
                                                                                        "Groups": [
                                                                                            "#0",
                                                                                            "#1"
                                                                                        ],
                                                                                        "Aggregates": "",
                                                                                        "Estimated Cardinality": "3850116"
                                                                                    },
                                                                                    "cumulative_cardinality": 10522772,
                                                                                    "operator_type": "HASH_GROUP_BY",
                                                                                    "operator_cardinality": 1668164,
                                                                                    "cumulative_rows_scanned": 3850116,
                                                                                    "operator_rows_scanned": 0,
                                                                                    "operator_timing": 2.5643261859968827,
                                                                                    "result_set_size": 33363280,
                                                                                    "children": [
                                                                                        {
                                                                                            "operator_name": "PROJECTION",
                                                                                            "cpu_time": 3.1263591790034027,
                                                                                            "extra_info": {
                                                                                                "Projections": [
                                                                                                    "id",
                                                                                                    "tag_id"
                                                                                                ],
                                                                                                "Estimated Cardinality": "3850116"
                                                                                            },
                                                                                            "cumulative_cardinality": 8854608,
                                                                                            "operator_type": "PROJECTION",
                                                                                            "operator_cardinality": 1668164,
                                                                                            "cumulative_rows_scanned": 3850116,
                                                                                            "operator_rows_scanned": 0,
                                                                                            "operator_timing": 0.19613668399981748,
                                                                                            "result_set_size": 33363280,
                                                                                            "children": [
                                                                                                {
                                                                                                    "operator_name": "PROJECTION",
                                                                                                    "cpu_time": 2.9302224950035853,
                                                                                                    "extra_info": {
                                                                                                        "Projections": [
                                                                                                            "id",
                                                                                                            "tag_id"
                                                                                                        ],
                                                                                                        "Estimated Cardinality": "3850116"
                                                                                                    },
                                                                                                    "cumulative_cardinality": 7186444,
                                                                                                    "operator_type": "PROJECTION",
                                                                                                    "operator_cardinality": 1668164,
                                                                                                    "cumulative_rows_scanned": 3850116,
                                                                                                    "operator_rows_scanned": 0,
                                                                                                    "operator_timing": 0.21004825999961407,
                                                                                                    "result_set_size": 33363280,
                                                                                                    "children": [
                                                                                                        {
                                                                                                            "operator_name": "UNNEST",
                                                                                                            "cpu_time": 2.7201742350039715,
                                                                                                            "extra_info": {},
                                                                                                            "cumulative_cardinality": 5518280,
                                                                                                            "operator_type": "UNNEST",
                                                                                                            "operator_cardinality": 1668164,
                                                                                                            "cumulative_rows_scanned": 3850116,
                                                                                                            "operator_rows_scanned": 0,
                                                                                                            "operator_timing": 2.499210139003971,
                                                                                                            "result_set_size": 60053904,
                                                                                                            "children": [
                                                                                                                {
                                                                                                                    "operator_name": "READ_PARQUET ",
                                                                                                                    "cpu_time": 0.2209640960000003,
                                                                                                                    "extra_info": {
                                                                                                                        "Function": "READ_PARQUET",
                                                                                                                        "Projections": [
                                                                                                                            "id",
                                                                                                                            "tags"
                                                                                                                        ],
                                                                                                                        "Estimated Cardinality": "3850116"
                                                                                                                    },
                                                                                                                    "cumulative_cardinality": 3850116,
                                                                                                                    "operator_type": "TABLE_SCAN",
                                                                                                                    "operator_cardinality": 3850116,
                                                                                                                    "cumulative_rows_scanned": 3850116,
                                                                                                                    "operator_rows_scanned": 3850116,
                                                                                                                    "operator_timing": 0.2209640960000003,
                                                                                                                    "result_set_size": 77002320,
                                                                                                                    "children": []
                                                                                                                }
                                                                                                            ]
                                                                                                        }
                                                                                                    ]
                                                                                                }
                                                                                            ]
                                                                                        }
                                                                                    ]
                                                                                }
                                                                            ]
                                                                        },
                                                                        {
                                                                            "operator_name": "READ_PARQUET ",
                                                                            "cpu_time": 0.001187028,
                                                                            "extra_info": {
                                                                                "Function": "READ_PARQUET",
                                                                                "Projections": [
                                                                                    "id",
                                                                                    "tagname",
                                                                                    "count",
                                                                                    "excerptpostid",
                                                                                    "wikipostid",
                                                                                    "ismoderatoronly",
                                                                                    "isrequired"
                                                                                ],
                                                                                "Estimated Cardinality": "1976"
                                                                            },
                                                                            "cumulative_cardinality": 1976,
                                                                            "operator_type": "TABLE_SCAN",
                                                                            "operator_cardinality": 1976,
                                                                            "cumulative_rows_scanned": 1976,
                                                                            "operator_rows_scanned": 1976,
                                                                            "operator_timing": 0.001187028,
                                                                            "result_set_size": 67184,
                                                                            "children": []
                                                                        }
                                                                    ]
                                                                }
                                                            ]
                                                        }
                                                    ]
                                                }
                                            ]
                                        }
                                    ]
                                }
                            ]
                        }
                    ]
                }
            ]
        }
    ]
}