{
    "rows_returned": 1260710,
    "query_name": "\nSELECT \n    U.Id AS UserId,\n    U.DisplayName AS UserName,\n    COUNT(P.Id) AS PostCount,\n    SUM(P.ViewCount) AS TotalViews,\n    SUM(P.Score) AS TotalScore,\n    AVG(EXTRACT(EPOCH FROM P.CreationDate)) AS AveragePostCreationDate\nFROM \n    Users U\nLEFT JOIN \n    Posts P ON U.Id = P.OwnerUserId\nGROUP BY \n    U.Id, U.DisplayName\nORDER BY \n    PostCount DESC;\n",
    "blocked_thread_time": 0.0,
    "cpu_time": 1.1576619090000009,
    "extra_info": {},
    "cumulative_cardinality": 16616536,
    "cumulative_rows_scanned": 5110826,
    "result_set_size": 85728280,
    "latency": 2.222779994,
    "children": [
        {
            "operator_name": "ORDER_BY",
            "cpu_time": 1.1576619090000009,
            "extra_info": {
                "Order By": "count(P.Id) DESC"
            },
            "cumulative_cardinality": 16616536,
            "operator_type": "ORDER_BY",
            "operator_cardinality": 1260710,
            "cumulative_rows_scanned": 5110826,
            "operator_rows_scanned": 0,
            "operator_timing": 0.06485999200000002,
            "result_set_size": 85728280,
            "children": [
                {
                    "operator_name": "HASH_GROUP_BY",
                    "cpu_time": 1.092801917000001,
                    "extra_info": {
                        "Groups": [
                            "#0",
                            "#1"
                        ],
                        "Aggregates": [
                            "count(#2)",
                            "sum(#3)",
                            "sum(#4)",
                            "avg(#5)"
                        ],
                        "Estimated Cardinality": "1260710"
                    },
                    "cumulative_cardinality": 15355826,
                    "operator_type": "HASH_GROUP_BY",
                    "operator_cardinality": 1260710,
                    "cumulative_rows_scanned": 5110826,
                    "operator_rows_scanned": 0,
                    "operator_timing": 0.5295753380000005,
                    "result_set_size": 85728280,
                    "children": [
                        {
                            "operator_name": "PROJECTION",
                            "cpu_time": 0.5632265790000006,
                            "extra_info": {
                                "Projections": [
                                    "id",
                                    "displayname",
                                    "id",
                                    "viewcount",
                                    "score",
                                    "epoch(creationdate)"
                                ],
                                "Estimated Cardinality": "3850116"
                            },
                            "cumulative_cardinality": 14095116,
                            "operator_type": "PROJECTION",
                            "operator_cardinality": 4574495,
                            "cumulative_rows_scanned": 5110826,
                            "operator_rows_scanned": 0,
                            "operator_timing": 0.01875444600000002,
                            "result_set_size": 182979800,
                            "children": [
                                {
                                    "operator_name": "HASH_JOIN",
                                    "cpu_time": 0.5444721330000006,
                                    "extra_info": {
                                        "Join Type": "RIGHT",
                                        "Conditions": "owneruserid = id",
                                        "Estimated Cardinality": "3850116"
                                    },
                                    "cumulative_cardinality": 9520621,
                                    "operator_type": "HASH_JOIN",
                                    "operator_cardinality": 4574495,
                                    "cumulative_rows_scanned": 5110826,
                                    "operator_rows_scanned": 0,
                                    "operator_timing": 0.26182450300000026,
                                    "result_set_size": 182979800,
                                    "children": [
                                        {
                                            "operator_name": "READ_PARQUET ",
                                            "cpu_time": 0.20248594200000034,
                                            "extra_info": {
                                                "Function": "READ_PARQUET",
                                                "Projections": [
                                                    "id",
                                                    "creationdate",
                                                    "score",
                                                    "viewcount",
                                                    "owneruserid"
                                                ],
                                                "Estimated Cardinality": "3850116"
                                            },
                                            "cumulative_cardinality": 3685416,
                                            "operator_type": "TABLE_SCAN",
                                            "operator_cardinality": 3685416,
                                            "cumulative_rows_scanned": 3850116,
                                            "operator_rows_scanned": 3850116,
                                            "operator_timing": 0.20248594200000034,
                                            "result_set_size": 88449984,
                                            "children": []
                                        },
                                        {
                                            "operator_name": "READ_PARQUET ",
                                            "cpu_time": 0.08016168799999995,
                                            "extra_info": {
                                                "Function": "READ_PARQUET",
                                                "Projections": [
                                                    "id",
                                                    "displayname"
                                                ],
                                                "Estimated Cardinality": "1260710"
                                            },
                                            "cumulative_cardinality": 1260710,
                                            "operator_type": "TABLE_SCAN",
                                            "operator_cardinality": 1260710,
                                            "cumulative_rows_scanned": 1260710,
                                            "operator_rows_scanned": 1260710,
                                            "operator_timing": 0.08016168799999995,
                                            "result_set_size": 25214200,
                                            "children": []
                                        }
                                    ]
                                }
                            ]
                        }
                    ]
                }
            ]
        }
    ]
}