{
    "rows_returned": 10,
    "query_name": "WITH PostActivity AS (\n    SELECT \n        p.Id AS PostId,\n        p.Title,\n        p.CreationDate,\n        p.ViewCount,\n        COALESCE(a.AnswerCount, 0) AS AnswerCount,\n        COALESCE(c.CommentCount, 0) AS CommentCount,\n        COALESCE(v.VoteCount, 0) AS VoteCount\n    FROM Posts p\n    LEFT JOIN (\n        SELECT \n            ParentId, \n            COUNT(*) AS AnswerCount\n        FROM Posts\n        WHERE PostTypeId = 2\n        GROUP BY ParentId\n    ) a ON p.Id = a.ParentId\n    LEFT JOIN (\n        SELECT \n            PostId, \n            COUNT(*) AS CommentCount\n        FROM Comments\n        GROUP BY PostId\n    ) c ON p.Id = c.PostId\n    LEFT JOIN (\n        SELECT \n            PostId, \n            COUNT(*) AS VoteCount\n        FROM Votes\n        GROUP BY PostId\n    ) v ON p.Id = v.PostId\n    WHERE p.PostTypeId = 1  \n)\nSELECT \n    pa.PostId,\n    pa.Title,\n    pa.CreationDate,\n    pa.ViewCount,\n    pa.AnswerCount,\n    pa.CommentCount,\n    pa.VoteCount,\n    (pa.ViewCount + pa.AnswerCount + pa.CommentCount + pa.VoteCount) AS TotalEngagement\nFROM PostActivity pa\nORDER BY TotalEngagement DESC\nLIMIT 10;",
    "blocked_thread_time": 0.0,
    "cpu_time": 2.8512529119999996,
    "extra_info": {},
    "cumulative_cardinality": 61822976,
    "cumulative_rows_scanned": 27686147,
    "result_set_size": 640,
    "latency": 3.204936093,
    "children": [
        {
            "operator_name": "STREAMING_LIMIT",
            "cpu_time": 2.8512529119999996,
            "extra_info": {},
            "cumulative_cardinality": 61822976,
            "operator_type": "STREAMING_LIMIT",
            "operator_cardinality": 10,
            "cumulative_rows_scanned": 27686147,
            "operator_rows_scanned": 0,
            "operator_timing": 0.000002525,
            "result_set_size": 640,
            "children": [
                {
                    "operator_name": "ORDER_BY",
                    "cpu_time": 2.8512503869999994,
                    "extra_info": {
                        "Order By": "(((pa.ViewCount + pa.AnswerCount) + pa.CommentCount) + pa.VoteCount) DESC"
                    },
                    "cumulative_cardinality": 61822966,
                    "operator_type": "ORDER_BY",
                    "operator_cardinality": 4096,
                    "cumulative_rows_scanned": 27686147,
                    "operator_rows_scanned": 0,
                    "operator_timing": 0.31533638899999994,
                    "result_set_size": 262144,
                    "children": [
                        {
                            "operator_name": "PROJECTION",
                            "cpu_time": 2.5359139979999994,
                            "extra_info": {
                                "Projections": [
                                    "PostId",
                                    "title",
                                    "creationdate",
                                    "viewcount",
                                    "AnswerCount",
                                    "CommentCount",
                                    "VoteCount",
                                    "TotalEngagement"
                                ],
                                "Estimated Cardinality": "6372046"
                            },
                            "cumulative_cardinality": 61818870,
                            "operator_type": "PROJECTION",
                            "operator_cardinality": 1668164,
                            "cumulative_rows_scanned": 27686147,
                            "operator_rows_scanned": 0,
                            "operator_timing": 0.019657435999999966,
                            "result_set_size": 106762496,
                            "children": [
                                {
                                    "operator_name": "PROJECTION",
                                    "cpu_time": 2.5162565619999993,
                                    "extra_info": {
                                        "Projections": [
                                            "PostId",
                                            "title",
                                            "creationdate",
                                            "viewcount",
                                            "AnswerCount",
                                            "CommentCount",
                                            "VoteCount"
                                        ],
                                        "Estimated Cardinality": "6372046"
                                    },
                                    "cumulative_cardinality": 60150706,
                                    "operator_type": "PROJECTION",
                                    "operator_cardinality": 1668164,
                                    "cumulative_rows_scanned": 27686147,
                                    "operator_rows_scanned": 0,
                                    "operator_timing": 0.05262348000000004,
                                    "result_set_size": 93417184,
                                    "children": [
                                        {
                                            "operator_name": "HASH_JOIN",
                                            "cpu_time": 2.4636330819999994,
                                            "extra_info": {
                                                "Join Type": "LEFT",
                                                "Conditions": "id = postid",
                                                "Estimated Cardinality": "6372046"
                                            },
                                            "cumulative_cardinality": 58482542,
                                            "operator_type": "HASH_JOIN",
                                            "operator_cardinality": 1668164,
                                            "cumulative_rows_scanned": 27686147,
                                            "operator_rows_scanned": 0,
                                            "operator_timing": 0.3181282819999999,
                                            "result_set_size": 93417184,
                                            "children": [
                                                {
                                                    "operator_name": "HASH_JOIN",
                                                    "cpu_time": 1.5113453650000008,
                                                    "extra_info": {
                                                        "Join Type": "RIGHT",
                                                        "Conditions": "postid = id",
                                                        "Estimated Cardinality": "3620911"
                                                    },
                                                    "cumulative_cardinality": 27360965,
                                                    "operator_type": "HASH_JOIN",
                                                    "operator_cardinality": 1668164,
                                                    "cumulative_rows_scanned": 14942054,
                                                    "operator_rows_scanned": 0,
                                                    "operator_timing": 0.3636627210000007,
                                                    "result_set_size": 80071872,
                                                    "children": [
                                                        {
                                                            "operator_name": "HASH_GROUP_BY",
                                                            "cpu_time": 0.30380500799999943,
                                                            "extra_info": {
                                                                "Groups": "#0",
                                                                "Aggregates": "count_star()",
                                                                "Estimated Cardinality": "3620911"
                                                            },
                                                            "cumulative_cardinality": 16647316,
                                                            "operator_type": "HASH_GROUP_BY",
                                                            "operator_cardinality": 2163672,
                                                            "cumulative_rows_scanned": 7241822,
                                                            "operator_rows_scanned": 0,
                                                            "operator_timing": 0.2600697999999995,
                                                            "result_set_size": 25964064,
                                                            "children": [
                                                                {
                                                                    "operator_name": "PROJECTION",
                                                                    "cpu_time": 0.04373520799999993,
                                                                    "extra_info": {
                                                                        "Projections": "postid",
                                                                        "Estimated Cardinality": "7241822"
                                                                    },
                                                                    "cumulative_cardinality": 14483644,
                                                                    "operator_type": "PROJECTION",
                                                                    "operator_cardinality": 7241822,
                                                                    "cumulative_rows_scanned": 7241822,
                                                                    "operator_rows_scanned": 0,
                                                                    "operator_timing": 0.0003739580000000043,
                                                                    "result_set_size": 28967288,
                                                                    "children": [
                                                                        {
                                                                            "operator_name": "READ_PARQUET ",
                                                                            "cpu_time": 0.04336124999999992,
                                                                            "extra_info": {
                                                                                "Function": "READ_PARQUET",
                                                                                "Projections": "postid",
                                                                                "Estimated Cardinality": "7241822"
                                                                            },
                                                                            "cumulative_cardinality": 7241822,
                                                                            "operator_type": "TABLE_SCAN",
                                                                            "operator_cardinality": 7241822,
                                                                            "cumulative_rows_scanned": 7241822,
                                                                            "operator_rows_scanned": 7241822,
                                                                            "operator_timing": 0.04336124999999992,
                                                                            "result_set_size": 28967288,
                                                                            "children": []
                                                                        }
                                                                    ]
                                                                }
                                                            ]
                                                        },
                                                        {
                                                            "operator_name": "HASH_JOIN",
                                                            "cpu_time": 0.8438776360000007,
                                                            "extra_info": {
                                                                "Join Type": "LEFT",
                                                                "Conditions": "id = parentid",
                                                                "Estimated Cardinality": "770023"
                                                            },
                                                            "cumulative_cardinality": 9045485,
                                                            "operator_type": "HASH_JOIN",
                                                            "operator_cardinality": 1668164,
                                                            "cumulative_rows_scanned": 7700232,
                                                            "operator_rows_scanned": 0,
                                                            "operator_timing": 0.16037425800000024,
                                                            "result_set_size": 66726560,
                                                            "children": [
                                                                {
                                                                    "operator_name": "READ_PARQUET ",
                                                                    "cpu_time": 0.4696566160000004,
                                                                    "extra_info": {
                                                                        "Function": "READ_PARQUET",
                                                                        "Projections": [
                                                                            "id",
                                                                            "creationdate",
                                                                            "viewcount",
                                                                            "title"
                                                                        ],
                                                                        "Filters": "posttypeid=1",
                                                                        "Estimated Cardinality": "770023"
                                                                    },
                                                                    "cumulative_cardinality": 1668164,
                                                                    "operator_type": "TABLE_SCAN",
                                                                    "operator_cardinality": 1668164,
                                                                    "cumulative_rows_scanned": 3850116,
                                                                    "operator_rows_scanned": 3850116,
                                                                    "operator_timing": 0.4696566160000004,
                                                                    "result_set_size": 53381248,
                                                                    "children": []
                                                                },
                                                                {
                                                                    "operator_name": "HASH_GROUP_BY",
                                                                    "cpu_time": 0.21384676200000002,
                                                                    "extra_info": {
                                                                        "Groups": "#0",
                                                                        "Aggregates": "count_star()",
                                                                        "Estimated Cardinality": "385011"
                                                                    },
                                                                    "cumulative_cardinality": 5709157,
                                                                    "operator_type": "HASH_GROUP_BY",
                                                                    "operator_cardinality": 1354571,
                                                                    "cumulative_rows_scanned": 3850116,
                                                                    "operator_rows_scanned": 0,
                                                                    "operator_timing": 0.11288819799999993,
                                                                    "result_set_size": 16254852,
                                                                    "children": [
                                                                        {
                                                                            "operator_name": "PROJECTION",
                                                                            "cpu_time": 0.1009585640000001,
                                                                            "extra_info": {
                                                                                "Projections": "parentid",
                                                                                "Estimated Cardinality": "770023"
                                                                            },
                                                                            "cumulative_cardinality": 4354586,
                                                                            "operator_type": "PROJECTION",
                                                                            "operator_cardinality": 2177293,
                                                                            "cumulative_rows_scanned": 3850116,
                                                                            "operator_rows_scanned": 0,
                                                                            "operator_timing": 0.0002735749999999983,
                                                                            "result_set_size": 8709172,
                                                                            "children": [
                                                                                {
                                                                                    "operator_name": "READ_PARQUET ",
                                                                                    "cpu_time": 0.1006849890000001,
                                                                                    "extra_info": {
                                                                                        "Function": "READ_PARQUET",
                                                                                        "Projections": "parentid",
                                                                                        "Filters": "posttypeid=2",
                                                                                        "Estimated Cardinality": "770023"
                                                                                    },
                                                                                    "cumulative_cardinality": 2177293,
                                                                                    "operator_type": "TABLE_SCAN",
                                                                                    "operator_cardinality": 2177293,
                                                                                    "cumulative_rows_scanned": 3850116,
                                                                                    "operator_rows_scanned": 3850116,
                                                                                    "operator_timing": 0.1006849890000001,
                                                                                    "result_set_size": 8709172,
                                                                                    "children": []
                                                                                }
                                                                            ]
                                                                        }
                                                                    ]
                                                                }
                                                            ]
                                                        }
                                                    ]
                                                },
                                                {
                                                    "operator_name": "HASH_GROUP_BY",
                                                    "cpu_time": 0.6341594349999987,
                                                    "extra_info": {
                                                        "Groups": "#0",
                                                        "Aggregates": "count_star()",
                                                        "Estimated Cardinality": "6372046"
                                                    },
                                                    "cumulative_cardinality": 29453413,
                                                    "operator_type": "HASH_GROUP_BY",
                                                    "operator_cardinality": 3965227,
                                                    "cumulative_rows_scanned": 12744093,
                                                    "operator_rows_scanned": 0,
                                                    "operator_timing": 0.5525359859999985,
                                                    "result_set_size": 47582724,
                                                    "children": [
                                                        {
                                                            "operator_name": "PROJECTION",
                                                            "cpu_time": 0.08162344900000021,
                                                            "extra_info": {
                                                                "Projections": "postid",
                                                                "Estimated Cardinality": "12744093"
                                                            },
                                                            "cumulative_cardinality": 25488186,
                                                            "operator_type": "PROJECTION",
                                                            "operator_cardinality": 12744093,
                                                            "cumulative_rows_scanned": 12744093,
                                                            "operator_rows_scanned": 0,
                                                            "operator_timing": 0.0007064160000000034,
                                                            "result_set_size": 50976372,
                                                            "children": [
                                                                {
                                                                    "operator_name": "READ_PARQUET ",
                                                                    "cpu_time": 0.08091703300000021,
                                                                    "extra_info": {
                                                                        "Function": "READ_PARQUET",
                                                                        "Projections": "postid",
                                                                        "Estimated Cardinality": "12744093"
                                                                    },
                                                                    "cumulative_cardinality": 12744093,
                                                                    "operator_type": "TABLE_SCAN",
                                                                    "operator_cardinality": 12744093,
                                                                    "cumulative_rows_scanned": 12744093,
                                                                    "operator_rows_scanned": 12744093,
                                                                    "operator_timing": 0.08091703300000021,
                                                                    "result_set_size": 50976372,
                                                                    "children": []
                                                                }
                                                            ]
                                                        }
                                                    ]
                                                }
                                            ]
                                        }
                                    ]
                                }
                            ]
                        }
                    ]
                }
            ]
        }
    ]
}