{
    "rows_returned": 329473,
    "query_name": "WITH UserEngagement AS (\n    SELECT \n        u.Id AS UserId,\n        u.DisplayName,\n        COUNT(DISTINCT p.Id) AS QuestionCount,\n        SUM(CASE WHEN p.PostTypeId = 2 THEN 1 ELSE 0 END) AS AnswerCount,\n        SUM(p.ViewCount) AS TotalViews,\n        SUM(p.Score) AS TotalScore,\n        SUM(c.CommentCount) AS TotalComments\n    FROM \n        Users u\n    LEFT JOIN \n        Posts p ON u.Id = p.OwnerUserId\n    LEFT JOIN \n        (SELECT PostId, COUNT(*) AS CommentCount FROM Comments GROUP BY PostId) c ON p.Id = c.PostId\n    WHERE \n        p.PostTypeId = 1 \n    GROUP BY \n        u.Id, u.DisplayName\n)\nSELECT \n    UserId,\n    DisplayName,\n    QuestionCount,\n    AnswerCount,\n    TotalViews,\n    TotalScore,\n    TotalComments\nFROM \n    UserEngagement\nORDER BY \n    QuestionCount DESC, TotalScore DESC;",
    "blocked_thread_time": 0.0,
    "cpu_time": 1.4314809160000004,
    "extra_info": {},
    "cumulative_cardinality": 26593755,
    "cumulative_rows_scanned": 12352648,
    "result_set_size": 30311516,
    "latency": 2.530697326,
    "children": [
        {
            "operator_name": "ORDER_BY",
            "cpu_time": 1.4314809160000004,
            "extra_info": {
                "Order By": [
                    "UserEngagement.QuestionCount DESC",
                    "UserEngagement.TotalScore DESC"
                ]
            },
            "cumulative_cardinality": 26593755,
            "operator_type": "ORDER_BY",
            "operator_cardinality": 329473,
            "cumulative_rows_scanned": 12352648,
            "operator_rows_scanned": 0,
            "operator_timing": 0.026463814,
            "result_set_size": 30311516,
            "children": [
                {
                    "operator_name": "HASH_GROUP_BY",
                    "cpu_time": 1.4050171020000004,
                    "extra_info": {
                        "Groups": [
                            "#0",
                            "#1"
                        ],
                        "Aggregates": [
                            "count(DISTINCT #2)",
                            "sum(#3)",
                            "sum(#4)",
                            "sum(#5)",
                            "sum(#6)"
                        ],
                        "Estimated Cardinality": "1260710"
                    },
                    "cumulative_cardinality": 26264282,
                    "operator_type": "HASH_GROUP_BY",
                    "operator_cardinality": 329473,
                    "cumulative_rows_scanned": 12352648,
                    "operator_rows_scanned": 0,
                    "operator_timing": 0.402859856,
                    "result_set_size": 30311516,
                    "children": [
                        {
                            "operator_name": "PROJECTION",
                            "cpu_time": 1.0021572460000003,
                            "extra_info": {
                                "Projections": [
                                    "id",
                                    "displayname",
                                    "id",
                                    "CASE  WHEN (false) THEN (1) ELSE 0 END",
                                    "viewcount",
                                    "score",
                                    "CommentCount"
                                ],
                                "Estimated Cardinality": "3620911"
                            },
                            "cumulative_cardinality": 25934809,
                            "operator_type": "PROJECTION",
                            "operator_cardinality": 1589663,
                            "cumulative_rows_scanned": 12352648,
                            "operator_rows_scanned": 0,
                            "operator_timing": 0.0036199529999999987,
                            "result_set_size": 69945172,
                            "children": [
                                {
                                    "operator_name": "PROJECTION",
                                    "cpu_time": 0.9985372930000003,
                                    "extra_info": {
                                        "Projections": [
                                            "#0",
                                            "#1",
                                            "#2",
                                            "#3",
                                            "__internal_compress_integral_utinyint(#4, 1)",
                                            "#5",
                                            "#6"
                                        ],
                                        "Estimated Cardinality": "3620911"
                                    },
                                    "cumulative_cardinality": 24345146,
                                    "operator_type": "PROJECTION",
                                    "operator_cardinality": 1589663,
                                    "cumulative_rows_scanned": 12352648,
                                    "operator_rows_scanned": 0,
                                    "operator_timing": 0.0012316349999999987,
                                    "result_set_size": 65176183,
                                    "children": [
                                        {
                                            "operator_name": "HASH_JOIN",
                                            "cpu_time": 0.9973056580000003,
                                            "extra_info": {
                                                "Join Type": "RIGHT",
                                                "Conditions": "postid = id",
                                                "Estimated Cardinality": "3620911"
                                            },
                                            "cumulative_cardinality": 22755483,
                                            "operator_type": "HASH_JOIN",
                                            "operator_cardinality": 1589663,
                                            "cumulative_rows_scanned": 12352648,
                                            "operator_rows_scanned": 0,
                                            "operator_timing": 0.23285609299999988,
                                            "result_set_size": 66765846,
                                            "children": [
                                                {
                                                    "operator_name": "HASH_GROUP_BY",
                                                    "cpu_time": 0.2910564780000004,
                                                    "extra_info": {
                                                        "Groups": "#0",
                                                        "Aggregates": "count_star()",
                                                        "Estimated Cardinality": "3620911"
                                                    },
                                                    "cumulative_cardinality": 16647316,
                                                    "operator_type": "HASH_GROUP_BY",
                                                    "operator_cardinality": 2163672,
                                                    "cumulative_rows_scanned": 7241822,
                                                    "operator_rows_scanned": 0,
                                                    "operator_timing": 0.24879560500000036,
                                                    "result_set_size": 25964064,
                                                    "children": [
                                                        {
                                                            "operator_name": "PROJECTION",
                                                            "cpu_time": 0.04226087300000002,
                                                            "extra_info": {
                                                                "Projections": "postid",
                                                                "Estimated Cardinality": "7241822"
                                                            },
                                                            "cumulative_cardinality": 14483644,
                                                            "operator_type": "PROJECTION",
                                                            "operator_cardinality": 7241822,
                                                            "cumulative_rows_scanned": 7241822,
                                                            "operator_rows_scanned": 0,
                                                            "operator_timing": 0.00038153800000000494,
                                                            "result_set_size": 28967288,
                                                            "children": [
                                                                {
                                                                    "operator_name": "READ_PARQUET ",
                                                                    "cpu_time": 0.04187933500000001,
                                                                    "extra_info": {
                                                                        "Function": "READ_PARQUET",
                                                                        "Projections": "postid",
                                                                        "Estimated Cardinality": "7241822"
                                                                    },
                                                                    "cumulative_cardinality": 7241822,
                                                                    "operator_type": "TABLE_SCAN",
                                                                    "operator_cardinality": 7241822,
                                                                    "cumulative_rows_scanned": 7241822,
                                                                    "operator_rows_scanned": 7241822,
                                                                    "operator_timing": 0.04187933500000001,
                                                                    "result_set_size": 28967288,
                                                                    "children": []
                                                                }
                                                            ]
                                                        }
                                                    ]
                                                },
                                                {
                                                    "operator_name": "HASH_JOIN",
                                                    "cpu_time": 0.47339308699999993,
                                                    "extra_info": {
                                                        "Join Type": "INNER",
                                                        "Conditions": "id = owneruserid",
                                                        "Estimated Cardinality": "770023"
                                                    },
                                                    "cumulative_cardinality": 4518504,
                                                    "operator_type": "HASH_JOIN",
                                                    "operator_cardinality": 1589663,
                                                    "cumulative_rows_scanned": 5110826,
                                                    "operator_rows_scanned": 0,
                                                    "operator_timing": 0.20309685599999988,
                                                    "result_set_size": 54048542,
                                                    "children": [
                                                        {
                                                            "operator_name": "READ_PARQUET ",
                                                            "cpu_time": 0.0914246820000001,
                                                            "extra_info": {
                                                                "Function": "READ_PARQUET",
                                                                "Projections": [
                                                                    "id",
                                                                    "displayname"
                                                                ],
                                                                "Filters": "id<=1416539",
                                                                "Estimated Cardinality": "1260710"
                                                            },
                                                            "cumulative_cardinality": 1260677,
                                                            "operator_type": "TABLE_SCAN",
                                                            "operator_cardinality": 1260677,
                                                            "cumulative_rows_scanned": 1260710,
                                                            "operator_rows_scanned": 1260710,
                                                            "operator_timing": 0.0914246820000001,
                                                            "result_set_size": 25213540,
                                                            "children": []
                                                        },
                                                        {
                                                            "operator_name": "READ_PARQUET ",
                                                            "cpu_time": 0.17887154899999996,
                                                            "extra_info": {
                                                                "Function": "READ_PARQUET",
                                                                "Projections": [
                                                                    "id",
                                                                    "posttypeid",
                                                                    "score",
                                                                    "viewcount",
                                                                    "owneruserid"
                                                                ],
                                                                "Filters": "posttypeid=1",
                                                                "Estimated Cardinality": "770023"
                                                            },
                                                            "cumulative_cardinality": 1668164,
                                                            "operator_type": "TABLE_SCAN",
                                                            "operator_cardinality": 1668164,
                                                            "cumulative_rows_scanned": 3850116,
                                                            "operator_rows_scanned": 3850116,
                                                            "operator_timing": 0.17887154899999996,
                                                            "result_set_size": 30026952,
                                                            "children": []
                                                        }
                                                    ]
                                                }
                                            ]
                                        }
                                    ]
                                }
                            ]
                        }
                    ]
                }
            ]
        }
    ]
}