{
    "rows_returned": 8824970,
    "query_name": "WITH UserStats AS (\n    SELECT \n        Id AS UserId,\n        Reputation,\n        UpVotes,\n        DownVotes,\n        Views,\n        CreationDate\n    FROM Users\n),\nPostStats AS (\n    SELECT \n        p.Id AS PostId,\n        p.PostTypeId,\n        p.CreationDate,\n        p.Score,\n        p.ViewCount,\n        p.AnswerCount,\n        p.CommentCount,\n        p.FavoriteCount,\n        COALESCE(u.DisplayName, 'Community User') AS OwnerDisplayName\n    FROM Posts p\n    LEFT JOIN Users u ON p.OwnerUserId = u.Id\n),\nAggregatePostStats AS (\n    SELECT \n        PostTypeId,\n        COUNT(*) AS TotalPosts,\n        SUM(ViewCount) AS TotalViews,\n        AVG(Score) AS AverageScore,\n        SUM(AnswerCount) AS TotalAnswers,\n        SUM(CommentCount) AS TotalComments\n    FROM PostStats\n    GROUP BY PostTypeId\n),\nUserPostStats AS (\n    SELECT \n        u.Id AS UserId,\n        COUNT(p.Id) AS TotalPostsByUser,\n        SUM(p.ViewCount) AS TotalViewsByUser,\n        AVG(p.Score) AS AverageScoreByUser\n    FROM Users u\n    LEFT JOIN Posts p ON u.Id = p.OwnerUserId\n    GROUP BY u.Id\n)\n\nSELECT \n    u.UserId,\n    u.Reputation,\n    ups.TotalPostsByUser,\n    ups.TotalViewsByUser,\n    ups.AverageScoreByUser,\n    aps.PostTypeId,\n    aps.TotalPosts AS TotalPostsByType,\n    aps.TotalViews AS TotalViewsByType,\n    aps.AverageScore AS AverageScoreByType,\n    aps.TotalAnswers,\n    aps.TotalComments\nFROM UserStats u\nJOIN UserPostStats ups ON u.UserId = ups.UserId\nJOIN AggregatePostStats aps ON aps.TotalPosts > 0\nORDER BY u.Reputation DESC, aps.TotalViews DESC;",
    "blocked_thread_time": 0.0,
    "cpu_time": 2.2672792260000003,
    "extra_info": {},
    "cumulative_cardinality": 82513407,
    "cumulative_rows_scanned": 11482362,
    "result_set_size": 935446820,
    "latency": 16.289620635,
    "children": [
        {
            "operator_name": "PROJECTION",
            "cpu_time": 2.2672792260000003,
            "extra_info": {
                "Projections": [
                    "#0",
                    "#1",
                    "#2",
                    "#3",
                    "#4",
                    "__internal_decompress_integral_smallint(#5, 1)",
                    "#6",
                    "#7",
                    "#8",
                    "#9",
                    "#10"
                ],
                "Estimated Cardinality": "1260710"
            },
            "cumulative_cardinality": 82513407,
            "operator_type": "PROJECTION",
            "operator_cardinality": 8824970,
            "cumulative_rows_scanned": 11482362,
            "operator_rows_scanned": 0,
            "operator_timing": 0.003921207000000008,
            "result_set_size": 935446820,
            "children": [
                {
                    "operator_name": "ORDER_BY",
                    "cpu_time": 2.2633580190000004,
                    "extra_info": {
                        "Order By": [
                            "u.Reputation DESC",
                            "aps.TotalViews DESC"
                        ]
                    },
                    "cumulative_cardinality": 73688437,
                    "operator_type": "ORDER_BY",
                    "operator_cardinality": 8824970,
                    "cumulative_rows_scanned": 11482362,
                    "operator_rows_scanned": 0,
                    "operator_timing": 1.060752163000001,
                    "result_set_size": 926621850,
                    "children": [
                        {
                            "operator_name": "PROJECTION",
                            "cpu_time": 1.2026058559999995,
                            "extra_info": {
                                "Projections": [
                                    "#0",
                                    "#1",
                                    "#2",
                                    "#3",
                                    "#4",
                                    "__internal_compress_integral_utinyint(#5, 1)",
                                    "#6",
                                    "#7",
                                    "#8",
                                    "#9",
                                    "#10"
                                ],
                                "Estimated Cardinality": "1260710"
                            },
                            "cumulative_cardinality": 64863467,
                            "operator_type": "PROJECTION",
                            "operator_cardinality": 8824970,
                            "cumulative_rows_scanned": 11482362,
                            "operator_rows_scanned": 0,
                            "operator_timing": 0.004191892999999973,
                            "result_set_size": 926621850,
                            "children": [
                                {
                                    "operator_name": "PROJECTION",
                                    "cpu_time": 1.1984139629999995,
                                    "extra_info": {
                                        "Projections": [
                                            "UserId",
                                            "reputation",
                                            "TotalPostsByUser",
                                            "TotalViewsByUser",
                                            "AverageScoreByUser",
                                            "posttypeid",
                                            "TotalPostsByType",
                                            "TotalViewsByType",
                                            "AverageScoreByType",
                                            "TotalAnswers",
                                            "TotalComments"
                                        ],
                                        "Estimated Cardinality": "1260710"
                                    },
                                    "cumulative_cardinality": 56038497,
                                    "operator_type": "PROJECTION",
                                    "operator_cardinality": 8824970,
                                    "cumulative_rows_scanned": 11482362,
                                    "operator_rows_scanned": 0,
                                    "operator_timing": 0.0024858299999999853,
                                    "result_set_size": 935446820,
                                    "children": [
                                        {
                                            "operator_name": "CROSS_PRODUCT",
                                            "cpu_time": 1.1959281329999996,
                                            "extra_info": {},
                                            "cumulative_cardinality": 47213527,
                                            "operator_type": "CROSS_PRODUCT",
                                            "operator_cardinality": 8824970,
                                            "cumulative_rows_scanned": 11482362,
                                            "operator_rows_scanned": 0,
                                            "operator_timing": 0.013535039000000058,
                                            "result_set_size": 935446820,
                                            "children": [
                                                {
                                                    "operator_name": "HASH_JOIN",
                                                    "cpu_time": 0.7663185770000002,
                                                    "extra_info": {
                                                        "Join Type": "INNER",
                                                        "Conditions": "UserId = UserId",
                                                        "Estimated Cardinality": "1260710"
                                                    },
                                                    "cumulative_cardinality": 17877246,
                                                    "operator_type": "HASH_JOIN",
                                                    "operator_cardinality": 1260710,
                                                    "cumulative_rows_scanned": 6371536,
                                                    "operator_rows_scanned": 0,
                                                    "operator_timing": 0.09633350200000008,
                                                    "result_set_size": 50428400,
                                                    "children": [
                                                        {
                                                            "operator_name": "HASH_GROUP_BY",
                                                            "cpu_time": 0.656936814,
                                                            "extra_info": {
                                                                "Groups": "#0",
                                                                "Aggregates": [
                                                                    "count(#1)",
                                                                    "sum(#2)",
                                                                    "avg(#3)"
                                                                ],
                                                                "Estimated Cardinality": "1260710"
                                                            },
                                                            "cumulative_cardinality": 15355826,
                                                            "operator_type": "HASH_GROUP_BY",
                                                            "operator_cardinality": 1260710,
                                                            "cumulative_rows_scanned": 5110826,
                                                            "operator_rows_scanned": 0,
                                                            "operator_timing": 0.3215799829999999,
                                                            "result_set_size": 45385560,
                                                            "children": [
                                                                {
                                                                    "operator_name": "PROJECTION",
                                                                    "cpu_time": 0.3353568310000001,
                                                                    "extra_info": {
                                                                        "Projections": [
                                                                            "id",
                                                                            "id",
                                                                            "viewcount",
                                                                            "score"
                                                                        ],
                                                                        "Estimated Cardinality": "3850116"
                                                                    },
                                                                    "cumulative_cardinality": 14095116,
                                                                    "operator_type": "PROJECTION",
                                                                    "operator_cardinality": 4574495,
                                                                    "cumulative_rows_scanned": 5110826,
                                                                    "operator_rows_scanned": 0,
                                                                    "operator_timing": 0.0007445090000000004,
                                                                    "result_set_size": 73191920,
                                                                    "children": [
                                                                        {
                                                                            "operator_name": "HASH_JOIN",
                                                                            "cpu_time": 0.3346123220000001,
                                                                            "extra_info": {
                                                                                "Join Type": "RIGHT",
                                                                                "Conditions": "owneruserid = id",
                                                                                "Estimated Cardinality": "3850116"
                                                                            },
                                                                            "cumulative_cardinality": 9520621,
                                                                            "operator_type": "HASH_JOIN",
                                                                            "operator_cardinality": 4574495,
                                                                            "cumulative_rows_scanned": 5110826,
                                                                            "operator_rows_scanned": 0,
                                                                            "operator_timing": 0.19059853999999993,
                                                                            "result_set_size": 73191920,
                                                                            "children": [
                                                                                {
                                                                                    "operator_name": "READ_PARQUET ",
                                                                                    "cpu_time": 0.13719660900000014,
                                                                                    "extra_info": {
                                                                                        "Function": "READ_PARQUET",
                                                                                        "Projections": [
                                                                                            "id",
                                                                                            "score",
                                                                                            "viewcount",
                                                                                            "owneruserid"
                                                                                        ],
                                                                                        "Estimated Cardinality": "3850116"
                                                                                    },
                                                                                    "cumulative_cardinality": 3685416,
                                                                                    "operator_type": "TABLE_SCAN",
                                                                                    "operator_cardinality": 3685416,
                                                                                    "cumulative_rows_scanned": 3850116,
                                                                                    "operator_rows_scanned": 3850116,
                                                                                    "operator_timing": 0.13719660900000014,
                                                                                    "result_set_size": 58966656,
                                                                                    "children": []
                                                                                },
                                                                                {
                                                                                    "operator_name": "READ_PARQUET ",
                                                                                    "cpu_time": 0.006817173000000003,
                                                                                    "extra_info": {
                                                                                        "Function": "READ_PARQUET",
                                                                                        "Projections": "id",
                                                                                        "Estimated Cardinality": "1260710"
                                                                                    },
                                                                                    "cumulative_cardinality": 1260710,
                                                                                    "operator_type": "TABLE_SCAN",
                                                                                    "operator_cardinality": 1260710,
                                                                                    "cumulative_rows_scanned": 1260710,
                                                                                    "operator_rows_scanned": 1260710,
                                                                                    "operator_timing": 0.006817173000000003,
                                                                                    "result_set_size": 5042840,
                                                                                    "children": []
                                                                                }
                                                                            ]
                                                                        }
                                                                    ]
                                                                }
                                                            ]
                                                        },
                                                        {
                                                            "operator_name": "READ_PARQUET ",
                                                            "cpu_time": 0.013048260999999992,
                                                            "extra_info": {
                                                                "Function": "READ_PARQUET",
                                                                "Projections": [
                                                                    "id",
                                                                    "reputation"
                                                                ],
                                                                "Estimated Cardinality": "1260710"
                                                            },
                                                            "cumulative_cardinality": 1260710,
                                                            "operator_type": "TABLE_SCAN",
                                                            "operator_cardinality": 1260710,
                                                            "cumulative_rows_scanned": 1260710,
                                                            "operator_rows_scanned": 1260710,
                                                            "operator_timing": 0.013048260999999992,
                                                            "result_set_size": 10085680,
                                                            "children": []
                                                        }
                                                    ]
                                                },
                                                {
                                                    "operator_name": "FILTER",
                                                    "cpu_time": 0.41607451699999937,
                                                    "extra_info": {
                                                        "Expression": "(TotalPosts > 0)",
                                                        "Estimated Cardinality": "385011"
                                                    },
                                                    "cumulative_cardinality": 20511311,
                                                    "operator_type": "FILTER",
                                                    "operator_cardinality": 7,
                                                    "cumulative_rows_scanned": 5110826,
                                                    "operator_rows_scanned": 0,
                                                    "operator_timing": 0.000010881,
                                                    "result_set_size": 462,
                                                    "children": [
                                                        {
                                                            "operator_name": "PROJECTION",
                                                            "cpu_time": 0.41606363599999935,
                                                            "extra_info": {
                                                                "Projections": [
                                                                    "__internal_decompress_integral_smallint(#0, 1)",
                                                                    "#1",
                                                                    "#2",
                                                                    "#3",
                                                                    "#4",
                                                                    "#5"
                                                                ],
                                                                "Estimated Cardinality": "1925058"
                                                            },
                                                            "cumulative_cardinality": 20511304,
                                                            "operator_type": "PROJECTION",
                                                            "operator_cardinality": 7,
                                                            "cumulative_rows_scanned": 5110826,
                                                            "operator_rows_scanned": 0,
                                                            "operator_timing": 0.000001753,
                                                            "result_set_size": 462,
                                                            "children": [
                                                                {
                                                                    "operator_name": "PERFECT_HASH_GROUP_BY",
                                                                    "cpu_time": 0.41606188299999936,
                                                                    "extra_info": {
                                                                        "Groups": "#0",
                                                                        "Aggregates": [
                                                                            "count_star()",
                                                                            "sum(#1)",
                                                                            "avg(#2)",
                                                                            "sum(#3)",
                                                                            "sum(#4)"
                                                                        ]
                                                                    },
                                                                    "cumulative_cardinality": 20511297,
                                                                    "operator_type": "PERFECT_HASH_GROUP_BY",
                                                                    "operator_cardinality": 7,
                                                                    "cumulative_rows_scanned": 5110826,
                                                                    "operator_rows_scanned": 0,
                                                                    "operator_timing": 0.06849468400000017,
                                                                    "result_set_size": 455,
                                                                    "children": [
                                                                        {
                                                                            "operator_name": "PROJECTION",
                                                                            "cpu_time": 0.3475671989999992,
                                                                            "extra_info": {
                                                                                "Projections": [
                                                                                    "posttypeid",
                                                                                    "viewcount",
                                                                                    "score",
                                                                                    "answercount",
                                                                                    "commentcount"
                                                                                ],
                                                                                "Estimated Cardinality": "3850116"
                                                                            },
                                                                            "cumulative_cardinality": 20511290,
                                                                            "operator_type": "PROJECTION",
                                                                            "operator_cardinality": 3850116,
                                                                            "cumulative_rows_scanned": 5110826,
                                                                            "operator_rows_scanned": 0,
                                                                            "operator_timing": 0.0011059840000000034,
                                                                            "result_set_size": 65451972,
                                                                            "children": [
                                                                                {
                                                                                    "operator_name": "PROJECTION",
                                                                                    "cpu_time": 0.3464612149999992,
                                                                                    "extra_info": {
                                                                                        "Projections": [
                                                                                            "__internal_compress_integral_utinyint(#0, 1)",
                                                                                            "#1",
                                                                                            "#2",
                                                                                            "#3",
                                                                                            "#4"
                                                                                        ],
                                                                                        "Estimated Cardinality": "3850116"
                                                                                    },
                                                                                    "cumulative_cardinality": 16661174,
                                                                                    "operator_type": "PROJECTION",
                                                                                    "operator_cardinality": 3850116,
                                                                                    "cumulative_rows_scanned": 5110826,
                                                                                    "operator_rows_scanned": 0,
                                                                                    "operator_timing": 0.0027803199999999937,
                                                                                    "result_set_size": 65451972,
                                                                                    "children": [
                                                                                        {
                                                                                            "operator_name": "PROJECTION",
                                                                                            "cpu_time": 0.3436808949999992,
                                                                                            "extra_info": {
                                                                                                "Projections": [
                                                                                                    "posttypeid",
                                                                                                    "score",
                                                                                                    "viewcount",
                                                                                                    "answercount",
                                                                                                    "commentcount"
                                                                                                ],
                                                                                                "Estimated Cardinality": "3850116"
                                                                                            },
                                                                                            "cumulative_cardinality": 12811058,
                                                                                            "operator_type": "PROJECTION",
                                                                                            "operator_cardinality": 3850116,
                                                                                            "cumulative_rows_scanned": 5110826,
                                                                                            "operator_rows_scanned": 0,
                                                                                            "operator_timing": 0.0010827969999999993,
                                                                                            "result_set_size": 69302088,
                                                                                            "children": [
                                                                                                {
                                                                                                    "operator_name": "HASH_JOIN",
                                                                                                    "cpu_time": 0.3425980979999992,
                                                                                                    "extra_info": {
                                                                                                        "Join Type": "LEFT",
                                                                                                        "Conditions": "owneruserid = id",
                                                                                                        "Estimated Cardinality": "3850116"
                                                                                                    },
                                                                                                    "cumulative_cardinality": 8960942,
                                                                                                    "operator_type": "HASH_JOIN",
                                                                                                    "operator_cardinality": 3850116,
                                                                                                    "cumulative_rows_scanned": 5110826,
                                                                                                    "operator_rows_scanned": 0,
                                                                                                    "operator_timing": 0.2221480989999991,
                                                                                                    "result_set_size": 84702552,
                                                                                                    "children": [
                                                                                                        {
                                                                                                            "operator_name": "READ_PARQUET ",
                                                                                                            "cpu_time": 0.11252584800000008,
                                                                                                            "extra_info": {
                                                                                                                "Function": "READ_PARQUET",
                                                                                                                "Projections": [
                                                                                                                    "posttypeid",
                                                                                                                    "score",
                                                                                                                    "viewcount",
                                                                                                                    "owneruserid",
                                                                                                                    "answercount",
                                                                                                                    "commentcount"
                                                                                                                ],
                                                                                                                "Estimated Cardinality": "3850116"
                                                                                                            },
                                                                                                            "cumulative_cardinality": 3850116,
                                                                                                            "operator_type": "TABLE_SCAN",
                                                                                                            "operator_cardinality": 3850116,
                                                                                                            "cumulative_rows_scanned": 3850116,
                                                                                                            "operator_rows_scanned": 3850116,
                                                                                                            "operator_timing": 0.11252584800000008,
                                                                                                            "result_set_size": 84702552,
                                                                                                            "children": []
                                                                                                        },
                                                                                                        {
                                                                                                            "operator_name": "READ_PARQUET ",
                                                                                                            "cpu_time": 0.007924151000000016,
                                                                                                            "extra_info": {
                                                                                                                "Function": "READ_PARQUET",
                                                                                                                "Projections": "id",
                                                                                                                "Estimated Cardinality": "1260710"
                                                                                                            },
                                                                                                            "cumulative_cardinality": 1260710,
                                                                                                            "operator_type": "TABLE_SCAN",
                                                                                                            "operator_cardinality": 1260710,
                                                                                                            "cumulative_rows_scanned": 1260710,
                                                                                                            "operator_rows_scanned": 1260710,
                                                                                                            "operator_timing": 0.007924151000000016,
                                                                                                            "result_set_size": 5042840,
                                                                                                            "children": []
                                                                                                        }
                                                                                                    ]
                                                                                                }
                                                                                            ]
                                                                                        }
                                                                                    ]
                                                                                }
                                                                            ]
                                                                        }
                                                                    ]
                                                                }
                                                            ]
                                                        }
                                                    ]
                                                }
                                            ]
                                        }
                                    ]
                                }
                            ]
                        }
                    ]
                }
            ]
        }
    ]
}