{
    "rows_returned": 261413,
    "query_name": "SELECT \n    p.Id AS PostId,\n    p.Title,\n    p.CreationDate,\n    p.ViewCount,\n    u.DisplayName AS OwnerDisplayName,\n    COUNT(DISTINCT v.Id) AS VoteCount,\n    COUNT(DISTINCT c.Id) AS CommentCount,\n    (SELECT COUNT(*) FROM Posts p2 WHERE p2.ParentId = p.Id) AS AnswerCount \nFROM \n    Posts p\nJOIN \n    Users u ON p.OwnerUserId = u.Id\nLEFT JOIN \n    Votes v ON p.Id = v.PostId\nLEFT JOIN \n    Comments c ON p.Id = c.PostId\nWHERE \n    p.CreationDate >= '2023-01-01' \nGROUP BY \n    p.Id, p.Title, p.CreationDate, p.ViewCount, u.DisplayName\nORDER BY \n    p.CreationDate DESC;",
    "blocked_thread_time": 0.0,
    "cpu_time": 1.3629454580000004,
    "extra_info": {},
    "cumulative_cardinality": 16563584,
    "cumulative_rows_scanned": 28946857,
    "result_set_size": 18821736,
    "latency": 2.070467307,
    "children": [
        {
            "operator_name": "ORDER_BY",
            "cpu_time": 1.3629454580000004,
            "extra_info": {
                "Order By": "p.CreationDate DESC"
            },
            "cumulative_cardinality": 16563584,
            "operator_type": "ORDER_BY",
            "operator_cardinality": 261413,
            "cumulative_rows_scanned": 28946857,
            "operator_rows_scanned": 0,
            "operator_timing": 0.021753042,
            "result_set_size": 18821736,
            "children": [
                {
                    "operator_name": "LEFT_DELIM_JOIN",
                    "cpu_time": 1.3411924160000004,
                    "extra_info": {
                        "Join Type": "SINGLE",
                        "Conditions": "id IS NOT DISTINCT FROM id",
                        "Estimated Cardinality": "3850116",
                        "Delim Index": "1"
                    },
                    "cumulative_cardinality": 16302171,
                    "operator_type": "LEFT_DELIM_JOIN",
                    "operator_cardinality": 0,
                    "cumulative_rows_scanned": 28946857,
                    "operator_rows_scanned": 0,
                    "operator_timing": 0.020943605999999993,
                    "result_set_size": 0,
                    "children": [
                        {
                            "operator_name": "HASH_GROUP_BY",
                            "cpu_time": 1.2691386690000004,
                            "extra_info": {
                                "Groups": [
                                    "#0",
                                    "#1",
                                    "#2",
                                    "#3",
                                    "#4"
                                ],
                                "Aggregates": [
                                    "count(DISTINCT #5)",
                                    "count(DISTINCT #6)"
                                ],
                                "Estimated Cardinality": "3850116"
                            },
                            "cumulative_cardinality": 14195418,
                            "operator_type": "HASH_GROUP_BY",
                            "operator_cardinality": 261413,
                            "cumulative_rows_scanned": 25096741,
                            "operator_rows_scanned": 0,
                            "operator_timing": 0.41276254600000023,
                            "result_set_size": 16730432,
                            "children": [
                                {
                                    "operator_name": "PROJECTION",
                                    "cpu_time": 0.8563761230000001,
                                    "extra_info": {
                                        "Projections": [
                                            "id",
                                            "title",
                                            "creationdate",
                                            "viewcount",
                                            "displayname",
                                            "id",
                                            "id"
                                        ],
                                        "Estimated Cardinality": "12744093"
                                    },
                                    "cumulative_cardinality": 13934005,
                                    "operator_type": "PROJECTION",
                                    "operator_cardinality": 1744678,
                                    "cumulative_rows_scanned": 25096741,
                                    "operator_rows_scanned": 0,
                                    "operator_timing": 0.000681152,
                                    "result_set_size": 97701968,
                                    "children": [
                                        {
                                            "operator_name": "HASH_JOIN",
                                            "cpu_time": 0.8556949710000001,
                                            "extra_info": {
                                                "Join Type": "LEFT",
                                                "Conditions": "id = postid",
                                                "Estimated Cardinality": "12744093"
                                            },
                                            "cumulative_cardinality": 12189327,
                                            "operator_type": "HASH_JOIN",
                                            "operator_cardinality": 1744678,
                                            "cumulative_rows_scanned": 25096741,
                                            "operator_rows_scanned": 0,
                                            "operator_timing": 0.40573445599999997,
                                            "result_set_size": 97701968,
                                            "children": [
                                                {
                                                    "operator_name": "HASH_JOIN",
                                                    "cpu_time": 0.35535001399999994,
                                                    "extra_info": {
                                                        "Join Type": "RIGHT",
                                                        "Conditions": "postid = id",
                                                        "Estimated Cardinality": "12744093"
                                                    },
                                                    "cumulative_cardinality": 3202827,
                                                    "operator_type": "HASH_JOIN",
                                                    "operator_cardinality": 612702,
                                                    "cumulative_rows_scanned": 17854919,
                                                    "operator_rows_scanned": 0,
                                                    "operator_timing": 0.08616245699999985,
                                                    "result_set_size": 31860504,
                                                    "children": [
                                                        {
                                                            "operator_name": "READ_PARQUET ",
                                                            "cpu_time": 0.026030145000000025,
                                                            "extra_info": {
                                                                "Function": "READ_PARQUET",
                                                                "Projections": [
                                                                    "id",
                                                                    "postid"
                                                                ],
                                                                "Estimated Cardinality": "12744093"
                                                            },
                                                            "cumulative_cardinality": 802778,
                                                            "operator_type": "TABLE_SCAN",
                                                            "operator_cardinality": 802778,
                                                            "cumulative_rows_scanned": 12744093,
                                                            "operator_rows_scanned": 12744093,
                                                            "operator_timing": 0.026030145000000025,
                                                            "result_set_size": 6422224,
                                                            "children": []
                                                        },
                                                        {
                                                            "operator_name": "HASH_JOIN",
                                                            "cpu_time": 0.24315741200000007,
                                                            "extra_info": {
                                                                "Join Type": "INNER",
                                                                "Conditions": "id = owneruserid",
                                                                "Estimated Cardinality": "770023"
                                                            },
                                                            "cumulative_cardinality": 1787347,
                                                            "operator_type": "HASH_JOIN",
                                                            "operator_cardinality": 261413,
                                                            "cumulative_rows_scanned": 5110826,
                                                            "operator_rows_scanned": 0,
                                                            "operator_timing": 0.06143927400000002,
                                                            "result_set_size": 12547824,
                                                            "children": [
                                                                {
                                                                    "operator_name": "READ_PARQUET ",
                                                                    "cpu_time": 0.09735749000000005,
                                                                    "extra_info": {
                                                                        "Function": "READ_PARQUET",
                                                                        "Projections": [
                                                                            "id",
                                                                            "displayname"
                                                                        ],
                                                                        "Filters": "id<=1416539",
                                                                        "Estimated Cardinality": "1260710"
                                                                    },
                                                                    "cumulative_cardinality": 1260679,
                                                                    "operator_type": "TABLE_SCAN",
                                                                    "operator_cardinality": 1260679,
                                                                    "cumulative_rows_scanned": 1260710,
                                                                    "operator_rows_scanned": 1260710,
                                                                    "operator_timing": 0.09735749000000005,
                                                                    "result_set_size": 25213580,
                                                                    "children": []
                                                                },
                                                                {
                                                                    "operator_name": "READ_PARQUET ",
                                                                    "cpu_time": 0.084360648,
                                                                    "extra_info": {
                                                                        "Function": "READ_PARQUET",
                                                                        "Projections": [
                                                                            "id",
                                                                            "creationdate",
                                                                            "viewcount",
                                                                            "owneruserid",
                                                                            "title"
                                                                        ],
                                                                        "Filters": "creationdate>='2023-01-01 00:00:00'::TIMESTAMP",
                                                                        "Estimated Cardinality": "770023"
                                                                    },
                                                                    "cumulative_cardinality": 265255,
                                                                    "operator_type": "TABLE_SCAN",
                                                                    "operator_cardinality": 265255,
                                                                    "cumulative_rows_scanned": 3850116,
                                                                    "operator_rows_scanned": 3850116,
                                                                    "operator_timing": 0.084360648,
                                                                    "result_set_size": 9549180,
                                                                    "children": []
                                                                }
                                                            ]
                                                        }
                                                    ]
                                                },
                                                {
                                                    "operator_name": "READ_PARQUET ",
                                                    "cpu_time": 0.09461050100000021,
                                                    "extra_info": {
                                                        "Function": "READ_PARQUET",
                                                        "Projections": [
                                                            "id",
                                                            "postid"
                                                        ],
                                                        "Estimated Cardinality": "7241822"
                                                    },
                                                    "cumulative_cardinality": 7241822,
                                                    "operator_type": "TABLE_SCAN",
                                                    "operator_cardinality": 7241822,
                                                    "cumulative_rows_scanned": 7241822,
                                                    "operator_rows_scanned": 7241822,
                                                    "operator_timing": 0.09461050100000021,
                                                    "result_set_size": 57934576,
                                                    "children": []
                                                }
                                            ]
                                        }
                                    ]
                                }
                            ]
                        },
                        {
                            "operator_name": "HASH_JOIN",
                            "cpu_time": 0.049483146,
                            "extra_info": {
                                "Join Type": "SINGLE",
                                "Conditions": "id IS NOT DISTINCT FROM id",
                                "Estimated Cardinality": "3850116"
                            },
                            "cumulative_cardinality": 1583927,
                            "operator_type": "HASH_JOIN",
                            "operator_cardinality": 261413,
                            "cumulative_rows_scanned": 3850116,
                            "operator_rows_scanned": 0,
                            "operator_timing": 0.017692504999999997,
                            "result_set_size": 18821736,
                            "children": [
                                {
                                    "operator_name": "COLUMN_DATA_SCAN",
                                    "cpu_time": 0.0022111889999999997,
                                    "extra_info": {
                                        "Estimated Cardinality": "3850116"
                                    },
                                    "cumulative_cardinality": 261413,
                                    "operator_type": "COLUMN_DATA_SCAN",
                                    "operator_cardinality": 261413,
                                    "cumulative_rows_scanned": 0,
                                    "operator_rows_scanned": 0,
                                    "operator_timing": 0.0022111889999999997,
                                    "result_set_size": 16730432,
                                    "children": []
                                },
                                {
                                    "operator_name": "PROJECTION",
                                    "cpu_time": 0.029579452000000003,
                                    "extra_info": {
                                        "Projections": [
                                            "CASE  WHEN ((count_star() IS NULL)) THEN (0) ELSE count_star() END",
                                            "id"
                                        ],
                                        "Estimated Cardinality": "1925058"
                                    },
                                    "cumulative_cardinality": 1061101,
                                    "operator_type": "PROJECTION",
                                    "operator_cardinality": 261413,
                                    "cumulative_rows_scanned": 3850116,
                                    "operator_rows_scanned": 0,
                                    "operator_timing": 0.000422688,
                                    "result_set_size": 3136956,
                                    "children": [
                                        {
                                            "operator_name": "HASH_JOIN",
                                            "cpu_time": 0.029156764,
                                            "extra_info": {
                                                "Join Type": "LEFT",
                                                "Conditions": "id IS NOT DISTINCT FROM #0",
                                                "Estimated Cardinality": "1925058"
                                            },
                                            "cumulative_cardinality": 799688,
                                            "operator_type": "HASH_JOIN",
                                            "operator_cardinality": 261413,
                                            "cumulative_rows_scanned": 3850116,
                                            "operator_rows_scanned": 0,
                                            "operator_timing": 0.006297557000000003,
                                            "result_set_size": 3136956,
                                            "children": [
                                                {
                                                    "operator_name": "DELIM_SCAN",
                                                    "cpu_time": 0.0,
                                                    "extra_info": {
                                                        "Delim Index": "1",
                                                        "Estimated Cardinality": "1925058"
                                                    },
                                                    "cumulative_cardinality": 0,
                                                    "operator_type": "DELIM_SCAN",
                                                    "operator_cardinality": 0,
                                                    "cumulative_rows_scanned": 0,
                                                    "operator_rows_scanned": 0,
                                                    "operator_timing": 0.0,
                                                    "result_set_size": 0,
                                                    "children": []
                                                },
                                                {
                                                    "operator_name": "HASH_GROUP_BY",
                                                    "cpu_time": 0.022859207,
                                                    "extra_info": {
                                                        "Groups": "#0",
                                                        "Aggregates": "count_star()",
                                                        "Estimated Cardinality": "962529"
                                                    },
                                                    "cumulative_cardinality": 538275,
                                                    "operator_type": "HASH_GROUP_BY",
                                                    "operator_cardinality": 82481,
                                                    "cumulative_rows_scanned": 3850116,
                                                    "operator_rows_scanned": 0,
                                                    "operator_timing": 0.004040575,
                                                    "result_set_size": 989772,
                                                    "children": [
                                                        {
                                                            "operator_name": "PROJECTION",
                                                            "cpu_time": 0.018818632,
                                                            "extra_info": {
                                                                "Projections": "id",
                                                                "Estimated Cardinality": "1925058"
                                                            },
                                                            "cumulative_cardinality": 455794,
                                                            "operator_type": "PROJECTION",
                                                            "operator_cardinality": 113245,
                                                            "cumulative_rows_scanned": 3850116,
                                                            "operator_rows_scanned": 0,
                                                            "operator_timing": 0.000011920000000000021,
                                                            "result_set_size": 452980,
                                                            "children": [
                                                                {
                                                                    "operator_name": "PROJECTION",
                                                                    "cpu_time": 0.018806712,
                                                                    "extra_info": {
                                                                        "Projections": "id",
                                                                        "Estimated Cardinality": "1925058"
                                                                    },
                                                                    "cumulative_cardinality": 342549,
                                                                    "operator_type": "PROJECTION",
                                                                    "operator_cardinality": 113245,
                                                                    "cumulative_rows_scanned": 3850116,
                                                                    "operator_rows_scanned": 0,
                                                                    "operator_timing": 0.000014335000000000016,
                                                                    "result_set_size": 452980,
                                                                    "children": [
                                                                        {
                                                                            "operator_name": "HASH_JOIN",
                                                                            "cpu_time": 0.018792377,
                                                                            "extra_info": {
                                                                                "Join Type": "INNER",
                                                                                "Conditions": "parentid = id",
                                                                                "Estimated Cardinality": "1925058"
                                                                            },
                                                                            "cumulative_cardinality": 229304,
                                                                            "operator_type": "HASH_JOIN",
                                                                            "operator_cardinality": 113245,
                                                                            "cumulative_rows_scanned": 3850116,
                                                                            "operator_rows_scanned": 0,
                                                                            "operator_timing": 0.004011821000000001,
                                                                            "result_set_size": 905960,
                                                                            "children": [
                                                                                {
                                                                                    "operator_name": "READ_PARQUET ",
                                                                                    "cpu_time": 0.014780555999999999,
                                                                                    "extra_info": {
                                                                                        "Function": "READ_PARQUET",
                                                                                        "Projections": "parentid",
                                                                                        "Estimated Cardinality": "3850116"
                                                                                    },
                                                                                    "cumulative_cardinality": 116059,
                                                                                    "operator_type": "TABLE_SCAN",
                                                                                    "operator_cardinality": 116059,
                                                                                    "cumulative_rows_scanned": 3850116,
                                                                                    "operator_rows_scanned": 3850116,
                                                                                    "operator_timing": 0.014780555999999999,
                                                                                    "result_set_size": 464236,
                                                                                    "children": []
                                                                                },
                                                                                {
                                                                                    "operator_name": "DELIM_SCAN",
                                                                                    "cpu_time": 0.0,
                                                                                    "extra_info": {
                                                                                        "Delim Index": "1",
                                                                                        "Estimated Cardinality": "1925058"
                                                                                    },
                                                                                    "cumulative_cardinality": 0,
                                                                                    "operator_type": "DELIM_SCAN",
                                                                                    "operator_cardinality": 0,
                                                                                    "cumulative_rows_scanned": 0,
                                                                                    "operator_rows_scanned": 0,
                                                                                    "operator_timing": 0.0,
                                                                                    "result_set_size": 0,
                                                                                    "children": []
                                                                                }
                                                                            ]
                                                                        }
                                                                    ]
                                                                }
                                                            ]
                                                        }
                                                    ]
                                                }
                                            ]
                                        }
                                    ]
                                }
                            ]
                        },
                        {
                            "operator_name": "HASH_GROUP_BY",
                            "cpu_time": 0.001626995,
                            "extra_info": {
                                "Groups": "#0",
                                "Aggregates": "",
                                "Estimated Cardinality": "3850116"
                            },
                            "cumulative_cardinality": 522826,
                            "operator_type": "HASH_GROUP_BY",
                            "operator_cardinality": 522826,
                            "cumulative_rows_scanned": 0,
                            "operator_rows_scanned": 0,
                            "operator_timing": 0.001626995,
                            "result_set_size": 2091304,
                            "children": []
                        }
                    ]
                }
            ]
        }
    ]
}