{
    "rows_returned": 217,
    "query_name": "WITH PostCounts AS (\n    SELECT \n        PostTypeId, \n        COUNT(*) AS TotalPosts,\n        SUM(CASE WHEN AcceptedAnswerId IS NOT NULL THEN 1 ELSE 0 END) AS AcceptedAnswers,\n        SUM(ViewCount) AS TotalViews,\n        AVG(Score) AS AvgScore\n    FROM \n        Posts\n    GROUP BY \n        PostTypeId\n),\nUserMetrics AS (\n    SELECT \n        u.Id AS UserId,\n        u.Reputation,\n        COUNT(b.Id) AS TotalBadges,\n        SUM(v.BountyAmount) AS TotalBounty\n    FROM \n        Users u\n    LEFT JOIN \n        Badges b ON u.Id = b.UserId\n    LEFT JOIN \n        Votes v ON u.Id = v.UserId\n    GROUP BY \n        u.Id, u.Reputation\n),\nPostHistoryTypesCount AS (\n    SELECT \n        pht.Name AS PostHistoryType,\n        COUNT(ph.Id) AS HistoryCount\n    FROM \n        PostHistory ph\n    JOIN \n        PostHistoryTypes pht ON ph.PostHistoryTypeId = pht.Id\n    GROUP BY \n        pht.Name\n)\nSELECT \n    pc.PostTypeId,\n    pc.TotalPosts,\n    pc.AcceptedAnswers,\n    pc.TotalViews,\n    pc.AvgScore,\n    um.TotalBadges,\n    um.TotalBounty,\n    phc.PostHistoryType,\n    phc.HistoryCount\nFROM \n    PostCounts pc\nJOIN \n    UserMetrics um ON um.UserId = (SELECT MIN(Id) FROM Users) \nCROSS JOIN \n    PostHistoryTypesCount phc\nORDER BY \n    pc.PostTypeId;",
    "blocked_thread_time": 0.0,
    "cpu_time": 1.583316056000001,
    "extra_info": {},
    "cumulative_cardinality": 70839556,
    "cumulative_rows_scanned": 33232631,
    "result_set_size": 21266,
    "latency": 1.720587845,
    "children": [
        {
            "operator_name": "PROJECTION",
            "cpu_time": 1.583316056000001,
            "extra_info": {
                "Projections": [
                    "__internal_decompress_integral_smallint(#0, 1)",
                    "#1",
                    "#2",
                    "#3",
                    "#4",
                    "#5",
                    "#6",
                    "#7",
                    "#8"
                ],
                "Estimated Cardinality": "1"
            },
            "cumulative_cardinality": 70839556,
            "operator_type": "PROJECTION",
            "operator_cardinality": 217,
            "cumulative_rows_scanned": 33232631,
            "operator_rows_scanned": 0,
            "operator_timing": 9.02e-7,
            "result_set_size": 21266,
            "children": [
                {
                    "operator_name": "ORDER_BY",
                    "cpu_time": 1.583315154000001,
                    "extra_info": {
                        "Order By": "pc.PostTypeId ASC"
                    },
                    "cumulative_cardinality": 70839339,
                    "operator_type": "ORDER_BY",
                    "operator_cardinality": 217,
                    "cumulative_rows_scanned": 33232631,
                    "operator_rows_scanned": 0,
                    "operator_timing": 0.000043911999999999996,
                    "result_set_size": 21049,
                    "children": [
                        {
                            "operator_name": "PROJECTION",
                            "cpu_time": 1.583271242000001,
                            "extra_info": {
                                "Projections": [
                                    "__internal_compress_integral_utinyint(#0, 1)",
                                    "#1",
                                    "#2",
                                    "#3",
                                    "#4",
                                    "#5",
                                    "#6",
                                    "#7",
                                    "#8"
                                ],
                                "Estimated Cardinality": "1"
                            },
                            "cumulative_cardinality": 70839122,
                            "operator_type": "PROJECTION",
                            "operator_cardinality": 217,
                            "cumulative_rows_scanned": 33232631,
                            "operator_rows_scanned": 0,
                            "operator_timing": 8.12e-7,
                            "result_set_size": 21049,
                            "children": [
                                {
                                    "operator_name": "PROJECTION",
                                    "cpu_time": 1.5832704300000011,
                                    "extra_info": {
                                        "Projections": [
                                            "posttypeid",
                                            "TotalPosts",
                                            "AcceptedAnswers",
                                            "TotalViews",
                                            "AvgScore",
                                            "TotalBadges",
                                            "TotalBounty",
                                            "PostHistoryType",
                                            "HistoryCount"
                                        ],
                                        "Estimated Cardinality": "1"
                                    },
                                    "cumulative_cardinality": 70838905,
                                    "operator_type": "PROJECTION",
                                    "operator_cardinality": 217,
                                    "cumulative_rows_scanned": 33232631,
                                    "operator_rows_scanned": 0,
                                    "operator_timing": 9.22e-7,
                                    "result_set_size": 21266,
                                    "children": [
                                        {
                                            "operator_name": "CROSS_PRODUCT",
                                            "cpu_time": 1.5832695080000012,
                                            "extra_info": {},
                                            "cumulative_cardinality": 70838688,
                                            "operator_type": "CROSS_PRODUCT",
                                            "operator_cardinality": 217,
                                            "cumulative_rows_scanned": 33232631,
                                            "operator_rows_scanned": 0,
                                            "operator_timing": 0.000062248,
                                            "result_set_size": 22134,
                                            "children": [
                                                {
                                                    "operator_name": "PROJECTION",
                                                    "cpu_time": 0.1528015199999999,
                                                    "extra_info": {
                                                        "Projections": [
                                                            "__internal_decompress_integral_smallint(#0, 1)",
                                                            "#1",
                                                            "#2",
                                                            "#3",
                                                            "#4"
                                                        ],
                                                        "Estimated Cardinality": "1925058"
                                                    },
                                                    "cumulative_cardinality": 11550362,
                                                    "operator_type": "PROJECTION",
                                                    "operator_cardinality": 7,
                                                    "cumulative_rows_scanned": 3850116,
                                                    "operator_rows_scanned": 0,
                                                    "operator_timing": 0.000001323,
                                                    "result_set_size": 350,
                                                    "children": [
                                                        {
                                                            "operator_name": "PERFECT_HASH_GROUP_BY",
                                                            "cpu_time": 0.15280019699999992,
                                                            "extra_info": {
                                                                "Groups": "#0",
                                                                "Aggregates": [
                                                                    "count_star()",
                                                                    "sum(#1)",
                                                                    "sum(#2)",
                                                                    "avg(#3)"
                                                                ]
                                                            },
                                                            "cumulative_cardinality": 11550355,
                                                            "operator_type": "PERFECT_HASH_GROUP_BY",
                                                            "operator_cardinality": 7,
                                                            "cumulative_rows_scanned": 3850116,
                                                            "operator_rows_scanned": 0,
                                                            "operator_timing": 0.05477578500000005,
                                                            "result_set_size": 343,
                                                            "children": [
                                                                {
                                                                    "operator_name": "PROJECTION",
                                                                    "cpu_time": 0.09802441199999987,
                                                                    "extra_info": {
                                                                        "Projections": [
                                                                            "posttypeid",
                                                                            "CASE  WHEN ((acceptedanswerid IS NOT NULL)) THEN (1) ELSE 0 END",
                                                                            "viewcount",
                                                                            "score"
                                                                        ],
                                                                        "Estimated Cardinality": "3850116"
                                                                    },
                                                                    "cumulative_cardinality": 11550348,
                                                                    "operator_type": "PROJECTION",
                                                                    "operator_cardinality": 3850116,
                                                                    "cumulative_rows_scanned": 3850116,
                                                                    "operator_rows_scanned": 0,
                                                                    "operator_timing": 0.015058199999999999,
                                                                    "result_set_size": 50051508,
                                                                    "children": [
                                                                        {
                                                                            "operator_name": "PROJECTION",
                                                                            "cpu_time": 0.08296621199999987,
                                                                            "extra_info": {
                                                                                "Projections": [
                                                                                    "__internal_compress_integral_utinyint(#0, 1)",
                                                                                    "#1",
                                                                                    "#2",
                                                                                    "#3"
                                                                                ],
                                                                                "Estimated Cardinality": "3850116"
                                                                            },
                                                                            "cumulative_cardinality": 7700232,
                                                                            "operator_type": "PROJECTION",
                                                                            "operator_cardinality": 3850116,
                                                                            "cumulative_rows_scanned": 3850116,
                                                                            "operator_rows_scanned": 0,
                                                                            "operator_timing": 0.0010013509999999986,
                                                                            "result_set_size": 50051508,
                                                                            "children": [
                                                                                {
                                                                                    "operator_name": "READ_PARQUET ",
                                                                                    "cpu_time": 0.08196486099999988,
                                                                                    "extra_info": {
                                                                                        "Function": "READ_PARQUET",
                                                                                        "Projections": [
                                                                                            "posttypeid",
                                                                                            "acceptedanswerid",
                                                                                            "score",
                                                                                            "viewcount"
                                                                                        ],
                                                                                        "Estimated Cardinality": "3850116"
                                                                                    },
                                                                                    "cumulative_cardinality": 3850116,
                                                                                    "operator_type": "TABLE_SCAN",
                                                                                    "operator_cardinality": 3850116,
                                                                                    "cumulative_rows_scanned": 3850116,
                                                                                    "operator_rows_scanned": 3850116,
                                                                                    "operator_timing": 0.08196486099999988,
                                                                                    "result_set_size": 53901624,
                                                                                    "children": []
                                                                                }
                                                                            ]
                                                                        }
                                                                    ]
                                                                }
                                                            ]
                                                        }
                                                    ]
                                                },
                                                {
                                                    "operator_name": "CROSS_PRODUCT",
                                                    "cpu_time": 1.4304057400000014,
                                                    "extra_info": {},
                                                    "cumulative_cardinality": 59288109,
                                                    "operator_type": "CROSS_PRODUCT",
                                                    "operator_cardinality": 31,
                                                    "cumulative_rows_scanned": 29382515,
                                                    "operator_rows_scanned": 0,
                                                    "operator_timing": 0.000034546,
                                                    "result_set_size": 1612,
                                                    "children": [
                                                        {
                                                            "operator_name": "HASH_GROUP_BY",
                                                            "cpu_time": 0.47608555200000013,
                                                            "extra_info": {
                                                                "Groups": "#0",
                                                                "Aggregates": "count_star()",
                                                                "Estimated Cardinality": "5897622"
                                                            },
                                                            "cumulative_cardinality": 35385797,
                                                            "operator_type": "HASH_GROUP_BY",
                                                            "operator_cardinality": 31,
                                                            "cumulative_rows_scanned": 11795278,
                                                            "operator_rows_scanned": 0,
                                                            "operator_timing": 0.24753065500000004,
                                                            "result_set_size": 744,
                                                            "children": [
                                                                {
                                                                    "operator_name": "PROJECTION",
                                                                    "cpu_time": 0.22855489700000006,
                                                                    "extra_info": {
                                                                        "Projections": "name",
                                                                        "Estimated Cardinality": "11795244"
                                                                    },
                                                                    "cumulative_cardinality": 35385766,
                                                                    "operator_type": "PROJECTION",
                                                                    "operator_cardinality": 11795244,
                                                                    "cumulative_rows_scanned": 11795278,
                                                                    "operator_rows_scanned": 0,
                                                                    "operator_timing": 0.0006045109999999958,
                                                                    "result_set_size": 188723904,
                                                                    "children": [
                                                                        {
                                                                            "operator_name": "HASH_JOIN",
                                                                            "cpu_time": 0.22795038600000006,
                                                                            "extra_info": {
                                                                                "Join Type": "INNER",
                                                                                "Conditions": "posthistorytypeid = id",
                                                                                "Estimated Cardinality": "11795244"
                                                                            },
                                                                            "cumulative_cardinality": 23590522,
                                                                            "operator_type": "HASH_JOIN",
                                                                            "operator_cardinality": 11795244,
                                                                            "cumulative_rows_scanned": 11795278,
                                                                            "operator_rows_scanned": 0,
                                                                            "operator_timing": 0.03975130000000011,
                                                                            "result_set_size": 259495368,
                                                                            "children": [
                                                                                {
                                                                                    "operator_name": "READ_PARQUET ",
                                                                                    "cpu_time": 0.18788284499999997,
                                                                                    "extra_info": {
                                                                                        "Function": "READ_PARQUET",
                                                                                        "Projections": [
                                                                                            "id",
                                                                                            "posthistorytypeid"
                                                                                        ],
                                                                                        "Estimated Cardinality": "11795244"
                                                                                    },
                                                                                    "cumulative_cardinality": 11795244,
                                                                                    "operator_type": "TABLE_SCAN",
                                                                                    "operator_cardinality": 11795244,
                                                                                    "cumulative_rows_scanned": 11795244,
                                                                                    "operator_rows_scanned": 11795244,
                                                                                    "operator_timing": 0.18788284499999997,
                                                                                    "result_set_size": 70771464,
                                                                                    "children": []
                                                                                },
                                                                                {
                                                                                    "operator_name": "READ_PARQUET ",
                                                                                    "cpu_time": 0.000316241,
                                                                                    "extra_info": {
                                                                                        "Function": "READ_PARQUET",
                                                                                        "Projections": [
                                                                                            "id",
                                                                                            "name"
                                                                                        ],
                                                                                        "Estimated Cardinality": "34"
                                                                                    },
                                                                                    "cumulative_cardinality": 34,
                                                                                    "operator_type": "TABLE_SCAN",
                                                                                    "operator_cardinality": 34,
                                                                                    "cumulative_rows_scanned": 34,
                                                                                    "operator_rows_scanned": 34,
                                                                                    "operator_timing": 0.000316241,
                                                                                    "result_set_size": 612,
                                                                                    "children": []
                                                                                }
                                                                            ]
                                                                        }
                                                                    ]
                                                                }
                                                            ]
                                                        },
                                                        {
                                                            "operator_name": "HASH_JOIN",
                                                            "cpu_time": 0.9542856420000013,
                                                            "extra_info": {
                                                                "Join Type": "INNER",
                                                                "Conditions": "UserId = SUBQUERY",
                                                                "Estimated Cardinality": "1"
                                                            },
                                                            "cumulative_cardinality": 23902281,
                                                            "operator_type": "HASH_JOIN",
                                                            "operator_cardinality": 1,
                                                            "cumulative_rows_scanned": 17587237,
                                                            "operator_rows_scanned": 0,
                                                            "operator_timing": 0.004040550000000002,
                                                            "result_set_size": 28,
                                                            "children": [
                                                                {
                                                                    "operator_name": "PROJECTION",
                                                                    "cpu_time": 0.9413970230000013,
                                                                    "extra_info": {
                                                                        "Projections": [
                                                                            "UserId",
                                                                            "TotalBadges",
                                                                            "TotalBounty"
                                                                        ],
                                                                        "Estimated Cardinality": "1260710"
                                                                    },
                                                                    "cumulative_cardinality": 21380856,
                                                                    "operator_type": "PROJECTION",
                                                                    "operator_cardinality": 1260710,
                                                                    "cumulative_rows_scanned": 16326527,
                                                                    "operator_rows_scanned": 0,
                                                                    "operator_timing": 0.00008879599999999995,
                                                                    "result_set_size": 35299880,
                                                                    "children": [
                                                                        {
                                                                            "operator_name": "HASH_GROUP_BY",
                                                                            "cpu_time": 0.9413082270000013,
                                                                            "extra_info": {
                                                                                "Groups": [
                                                                                    "#0",
                                                                                    "#1"
                                                                                ],
                                                                                "Aggregates": [
                                                                                    "count(#2)",
                                                                                    "sum(#3)"
                                                                                ],
                                                                                "Estimated Cardinality": "1260710"
                                                                            },
                                                                            "cumulative_cardinality": 20120146,
                                                                            "operator_type": "HASH_GROUP_BY",
                                                                            "operator_cardinality": 1260710,
                                                                            "cumulative_rows_scanned": 16326527,
                                                                            "operator_rows_scanned": 0,
                                                                            "operator_timing": 0.28263436700000005,
                                                                            "result_set_size": 40342720,
                                                                            "children": [
                                                                                {
                                                                                    "operator_name": "PROJECTION",
                                                                                    "cpu_time": 0.6586738600000012,
                                                                                    "extra_info": {
                                                                                        "Projections": [
                                                                                            "id",
                                                                                            "reputation",
                                                                                            "id",
                                                                                            "bountyamount"
                                                                                        ],
                                                                                        "Estimated Cardinality": "12744093"
                                                                                    },
                                                                                    "cumulative_cardinality": 18859436,
                                                                                    "operator_type": "PROJECTION",
                                                                                    "operator_cardinality": 6101651,
                                                                                    "cumulative_rows_scanned": 16326527,
                                                                                    "operator_rows_scanned": 0,
                                                                                    "operator_timing": 0.001539508999999995,
                                                                                    "result_set_size": 97626416,
                                                                                    "children": [
                                                                                        {
                                                                                            "operator_name": "HASH_JOIN",
                                                                                            "cpu_time": 0.6571343510000012,
                                                                                            "extra_info": {
                                                                                                "Join Type": "RIGHT",
                                                                                                "Conditions": "userid = id",
                                                                                                "Estimated Cardinality": "12744093"
                                                                                            },
                                                                                            "cumulative_cardinality": 12757785,
                                                                                            "operator_type": "HASH_JOIN",
                                                                                            "operator_cardinality": 6101651,
                                                                                            "cumulative_rows_scanned": 16326527,
                                                                                            "operator_rows_scanned": 0,
                                                                                            "operator_timing": 0.3123926300000006,
                                                                                            "result_set_size": 97626416,
                                                                                            "children": [
                                                                                                {
                                                                                                    "operator_name": "READ_PARQUET ",
                                                                                                    "cpu_time": 0.10904219700000038,
                                                                                                    "extra_info": {
                                                                                                        "Function": "READ_PARQUET",
                                                                                                        "Projections": [
                                                                                                            "userid",
                                                                                                            "bountyamount"
                                                                                                        ],
                                                                                                        "Estimated Cardinality": "12744093"
                                                                                                    },
                                                                                                    "cumulative_cardinality": 40287,
                                                                                                    "operator_type": "TABLE_SCAN",
                                                                                                    "operator_cardinality": 40287,
                                                                                                    "cumulative_rows_scanned": 12744093,
                                                                                                    "operator_rows_scanned": 12744093,
                                                                                                    "operator_timing": 0.10904219700000038,
                                                                                                    "result_set_size": 322296,
                                                                                                    "children": []
                                                                                                },
                                                                                                {
                                                                                                    "operator_name": "HASH_JOIN",
                                                                                                    "cpu_time": 0.2356995240000002,
                                                                                                    "extra_info": {
                                                                                                        "Join Type": "RIGHT",
                                                                                                        "Conditions": "userid = id",
                                                                                                        "Estimated Cardinality": "2321724"
                                                                                                    },
                                                                                                    "cumulative_cardinality": 6615847,
                                                                                                    "operator_type": "HASH_JOIN",
                                                                                                    "operator_cardinality": 3033413,
                                                                                                    "cumulative_rows_scanned": 3582434,
                                                                                                    "operator_rows_scanned": 0,
                                                                                                    "operator_timing": 0.17694906600000018,
                                                                                                    "result_set_size": 36400956,
                                                                                                    "children": [
                                                                                                        {
                                                                                                            "operator_name": "READ_PARQUET ",
                                                                                                            "cpu_time": 0.04525190599999997,
                                                                                                            "extra_info": {
                                                                                                                "Function": "READ_PARQUET",
                                                                                                                "Projections": [
                                                                                                                    "id",
                                                                                                                    "userid"
                                                                                                                ],
                                                                                                                "Estimated Cardinality": "2321724"
                                                                                                            },
                                                                                                            "cumulative_cardinality": 2321724,
                                                                                                            "operator_type": "TABLE_SCAN",
                                                                                                            "operator_cardinality": 2321724,
                                                                                                            "cumulative_rows_scanned": 2321724,
                                                                                                            "operator_rows_scanned": 2321724,
                                                                                                            "operator_timing": 0.04525190599999997,
                                                                                                            "result_set_size": 18573792,
                                                                                                            "children": []
                                                                                                        },
                                                                                                        {
                                                                                                            "operator_name": "READ_PARQUET ",
                                                                                                            "cpu_time": 0.013498552000000014,
                                                                                                            "extra_info": {
                                                                                                                "Function": "READ_PARQUET",
                                                                                                                "Projections": [
                                                                                                                    "id",
                                                                                                                    "reputation"
                                                                                                                ],
                                                                                                                "Estimated Cardinality": "1260710"
                                                                                                            },
                                                                                                            "cumulative_cardinality": 1260710,
                                                                                                            "operator_type": "TABLE_SCAN",
                                                                                                            "operator_cardinality": 1260710,
                                                                                                            "cumulative_rows_scanned": 1260710,
                                                                                                            "operator_rows_scanned": 1260710,
                                                                                                            "operator_timing": 0.013498552000000014,
                                                                                                            "result_set_size": 10085680,
                                                                                                            "children": []
                                                                                                        }
                                                                                                    ]
                                                                                                }
                                                                                            ]
                                                                                        }
                                                                                    ]
                                                                                }
                                                                            ]
                                                                        }
                                                                    ]
                                                                },
                                                                {
                                                                    "operator_name": "PROJECTION",
                                                                    "cpu_time": 0.008848069000000012,
                                                                    "extra_info": {
                                                                        "Projections": [
                                                                            "CASE  WHEN ((#1 > 1)) THEN (error('More than one row returned by a subquery used as an expression - scalar subqueries can only return a single row.",
                                                                            "Use \"SET scalar_subquery_error_on_multiple_rows=false\" to revert to previous behavior of returning a random row.')) ELSE #0 END"
                                                                        ],
                                                                        "Estimated Cardinality": "1"
                                                                    },
                                                                    "cumulative_cardinality": 2521424,
                                                                    "operator_type": "PROJECTION",
                                                                    "operator_cardinality": 1,
                                                                    "cumulative_rows_scanned": 1260710,
                                                                    "operator_rows_scanned": 0,
                                                                    "operator_timing": 0.000002605,
                                                                    "result_set_size": 4,
                                                                    "children": [
                                                                        {
                                                                            "operator_name": "UNGROUPED_AGGREGATE",
                                                                            "cpu_time": 0.008845464000000013,
                                                                            "extra_info": {
                                                                                "Aggregates": [
                                                                                    "\"first\"(#0)",
                                                                                    "count_star()"
                                                                                ]
                                                                            },
                                                                            "cumulative_cardinality": 2521423,
                                                                            "operator_type": "UNGROUPED_AGGREGATE",
                                                                            "operator_cardinality": 1,
                                                                            "cumulative_rows_scanned": 1260710,
                                                                            "operator_rows_scanned": 0,
                                                                            "operator_timing": 0.000002294,
                                                                            "result_set_size": 12,
                                                                            "children": [
                                                                                {
                                                                                    "operator_name": "PROJECTION",
                                                                                    "cpu_time": 0.008843170000000013,
                                                                                    "extra_info": {
                                                                                        "Projections": "#0",
                                                                                        "Estimated Cardinality": "1"
                                                                                    },
                                                                                    "cumulative_cardinality": 2521422,
                                                                                    "operator_type": "PROJECTION",
                                                                                    "operator_cardinality": 1,
                                                                                    "cumulative_rows_scanned": 1260710,
                                                                                    "operator_rows_scanned": 0,
                                                                                    "operator_timing": 4.71e-7,
                                                                                    "result_set_size": 4,
                                                                                    "children": [
                                                                                        {
                                                                                            "operator_name": "UNGROUPED_AGGREGATE",
                                                                                            "cpu_time": 0.008842699000000013,
                                                                                            "extra_info": {
                                                                                                "Aggregates": "min(#0)"
                                                                                            },
                                                                                            "cumulative_cardinality": 2521421,
                                                                                            "operator_type": "UNGROUPED_AGGREGATE",
                                                                                            "operator_cardinality": 1,
                                                                                            "cumulative_rows_scanned": 1260710,
                                                                                            "operator_rows_scanned": 0,
                                                                                            "operator_timing": 0.001046204,
                                                                                            "result_set_size": 4,
                                                                                            "children": [
                                                                                                {
                                                                                                    "operator_name": "PROJECTION",
                                                                                                    "cpu_time": 0.0077964950000000135,
                                                                                                    "extra_info": {
                                                                                                        "Projections": "id",
                                                                                                        "Estimated Cardinality": "1260710"
                                                                                                    },
                                                                                                    "cumulative_cardinality": 2521420,
                                                                                                    "operator_type": "PROJECTION",
                                                                                                    "operator_cardinality": 1260710,
                                                                                                    "cumulative_rows_scanned": 1260710,
                                                                                                    "operator_rows_scanned": 0,
                                                                                                    "operator_timing": 0.0000503059999999999,
                                                                                                    "result_set_size": 5042840,
                                                                                                    "children": [
                                                                                                        {
                                                                                                            "operator_name": "READ_PARQUET ",
                                                                                                            "cpu_time": 0.0077461890000000136,
                                                                                                            "extra_info": {
                                                                                                                "Function": "READ_PARQUET",
                                                                                                                "Projections": "id",
                                                                                                                "Estimated Cardinality": "1260710"
                                                                                                            },
                                                                                                            "cumulative_cardinality": 1260710,
                                                                                                            "operator_type": "TABLE_SCAN",
                                                                                                            "operator_cardinality": 1260710,
                                                                                                            "cumulative_rows_scanned": 1260710,
                                                                                                            "operator_rows_scanned": 1260710,
                                                                                                            "operator_timing": 0.0077461890000000136,
                                                                                                            "result_set_size": 5042840,
                                                                                                            "children": []
                                                                                                        }
                                                                                                    ]
                                                                                                }
                                                                                            ]
                                                                                        }
                                                                                    ]
                                                                                }
                                                                            ]
                                                                        }
                                                                    ]
                                                                }
                                                            ]
                                                        }
                                                    ]
                                                }
                                            ]
                                        }
                                    ]
                                }
                            ]
                        }
                    ]
                }
            ]
        }
    ]
}