{
    "rows_returned": 100,
    "query_name": "\nSELECT \n    P.Id AS PostId,\n    P.Title,\n    P.CreationDate,\n    P.ViewCount,\n    P.Score,\n    U.Reputation AS OwnerReputation,\n    COUNT(C.ID) AS CommentCount,\n    COUNT(V.Id) AS VoteCount,\n    PT.Name AS PostTypeName,\n    P.LastActivityDate,\n    PH.CreationDate AS LastEditDate,\n    PH.Comment AS LastEditComment\nFROM \n    Posts P\nJOIN \n    Users U ON P.OwnerUserId = U.Id\nLEFT JOIN \n    Comments C ON P.Id = C.PostId\nLEFT JOIN \n    Votes V ON P.Id = V.PostId\nLEFT JOIN \n    PostHistory PH ON P.Id = PH.PostId\nJOIN \n    PostTypes PT ON P.PostTypeId = PT.Id\nWHERE \n    P.CreationDate >= '2024-10-01 12:34:56'::timestamp - INTERVAL '30 days' \nGROUP BY \n    P.Id, P.Title, P.CreationDate, P.ViewCount, P.Score, U.Reputation, \n    PT.Name, P.LastActivityDate, PH.CreationDate, PH.Comment\nORDER BY \n    P.LastActivityDate DESC\nLIMIT 100;\n",
    "blocked_thread_time": 0.0,
    "cpu_time": 2.4340600089999995,
    "extra_info": {},
    "cumulative_cardinality": 27455282,
    "cumulative_rows_scanned": 36891993,
    "result_set_size": 10400,
    "latency": 2.651867893,
    "children": [
        {
            "operator_name": "STREAMING_LIMIT",
            "cpu_time": 2.4340600089999995,
            "extra_info": {},
            "cumulative_cardinality": 27455282,
            "operator_type": "STREAMING_LIMIT",
            "operator_cardinality": 100,
            "cumulative_rows_scanned": 36891993,
            "operator_rows_scanned": 0,
            "operator_timing": 0.000001352,
            "result_set_size": 10400,
            "children": [
                {
                    "operator_name": "PROJECTION",
                    "cpu_time": 2.4340586569999996,
                    "extra_info": {
                        "Projections": [
                            "#0",
                            "#1",
                            "#2",
                            "#3",
                            "__internal_decompress_integral_integer(#4, -72)",
                            "#5",
                            "#6",
                            "#7",
                            "#8",
                            "#9",
                            "#10",
                            "#11"
                        ],
                        "Estimated Cardinality": "3850116"
                    },
                    "cumulative_cardinality": 27455182,
                    "operator_type": "PROJECTION",
                    "operator_cardinality": 4096,
                    "cumulative_rows_scanned": 36891993,
                    "operator_rows_scanned": 0,
                    "operator_timing": 0.000004118,
                    "result_set_size": 425984,
                    "children": [
                        {
                            "operator_name": "ORDER_BY",
                            "cpu_time": 2.4340545389999995,
                            "extra_info": {
                                "Order By": "P.LastActivityDate DESC"
                            },
                            "cumulative_cardinality": 27451086,
                            "operator_type": "ORDER_BY",
                            "operator_cardinality": 4096,
                            "cumulative_rows_scanned": 36891993,
                            "operator_rows_scanned": 0,
                            "operator_timing": 0.001883409,
                            "result_set_size": 417792,
                            "children": [
                                {
                                    "operator_name": "PROJECTION",
                                    "cpu_time": 2.4321711299999995,
                                    "extra_info": {
                                        "Projections": [
                                            "#0",
                                            "#1",
                                            "#2",
                                            "#3",
                                            "__internal_compress_integral_usmallint(#4, -72)",
                                            "#5",
                                            "#6",
                                            "#7",
                                            "#8",
                                            "#9",
                                            "#10",
                                            "#11"
                                        ],
                                        "Estimated Cardinality": "3850116"
                                    },
                                    "cumulative_cardinality": 27446990,
                                    "operator_type": "PROJECTION",
                                    "operator_cardinality": 22360,
                                    "cumulative_rows_scanned": 36891993,
                                    "operator_rows_scanned": 0,
                                    "operator_timing": 0.000012654000000000003,
                                    "result_set_size": 2280720,
                                    "children": [
                                        {
                                            "operator_name": "PROJECTION",
                                            "cpu_time": 2.4321584759999997,
                                            "extra_info": {
                                                "Projections": [
                                                    "PostId",
                                                    "title",
                                                    "creationdate",
                                                    "viewcount",
                                                    "score",
                                                    "OwnerReputation",
                                                    "CommentCount",
                                                    "VoteCount",
                                                    "PostTypeName",
                                                    "lastactivitydate",
                                                    "LastEditDate",
                                                    "LastEditComment"
                                                ],
                                                "Estimated Cardinality": "3850116"
                                            },
                                            "cumulative_cardinality": 27424630,
                                            "operator_type": "PROJECTION",
                                            "operator_cardinality": 22360,
                                            "cumulative_rows_scanned": 36891993,
                                            "operator_rows_scanned": 0,
                                            "operator_timing": 0.0000068,
                                            "result_set_size": 2325440,
                                            "children": [
                                                {
                                                    "operator_name": "PROJECTION",
                                                    "cpu_time": 2.4321516759999997,
                                                    "extra_info": {
                                                        "Projections": [
                                                            "#0",
                                                            "#1",
                                                            "#2",
                                                            "#3",
                                                            "__internal_decompress_integral_integer(#4, -72)",
                                                            "#5",
                                                            "#6",
                                                            "#7",
                                                            "#8",
                                                            "#9",
                                                            "#10",
                                                            "#11"
                                                        ],
                                                        "Estimated Cardinality": "3850116"
                                                    },
                                                    "cumulative_cardinality": 27402270,
                                                    "operator_type": "PROJECTION",
                                                    "operator_cardinality": 22360,
                                                    "cumulative_rows_scanned": 36891993,
                                                    "operator_rows_scanned": 0,
                                                    "operator_timing": 0.000016171,
                                                    "result_set_size": 2325440,
                                                    "children": [
                                                        {
                                                            "operator_name": "HASH_GROUP_BY",
                                                            "cpu_time": 2.4321355049999998,
                                                            "extra_info": {
                                                                "Groups": [
                                                                    "#0",
                                                                    "#1",
                                                                    "#2",
                                                                    "#3",
                                                                    "#4",
                                                                    "#5",
                                                                    "#6",
                                                                    "#7",
                                                                    "#8",
                                                                    "#9"
                                                                ],
                                                                "Aggregates": [
                                                                    "count(#10)",
                                                                    "count(#11)"
                                                                ],
                                                                "Estimated Cardinality": "3850116"
                                                            },
                                                            "cumulative_cardinality": 27379910,
                                                            "operator_type": "HASH_GROUP_BY",
                                                            "operator_cardinality": 22360,
                                                            "cumulative_rows_scanned": 36891993,
                                                            "operator_rows_scanned": 0,
                                                            "operator_timing": 0.03538656200000001,
                                                            "result_set_size": 2280720,
                                                            "children": [
                                                                {
                                                                    "operator_name": "PROJECTION",
                                                                    "cpu_time": 2.3967489429999995,
                                                                    "extra_info": {
                                                                        "Projections": [
                                                                            "id",
                                                                            "title",
                                                                            "creationdate",
                                                                            "viewcount",
                                                                            "score",
                                                                            "reputation",
                                                                            "name",
                                                                            "lastactivitydate",
                                                                            "creationdate",
                                                                            "comment",
                                                                            "id",
                                                                            "id"
                                                                        ],
                                                                        "Estimated Cardinality": "12744093"
                                                                    },
                                                                    "cumulative_cardinality": 27357550,
                                                                    "operator_type": "PROJECTION",
                                                                    "operator_cardinality": 356403,
                                                                    "cumulative_rows_scanned": 36891993,
                                                                    "operator_rows_scanned": 0,
                                                                    "operator_timing": 0.00013080999999999995,
                                                                    "result_set_size": 33501882,
                                                                    "children": [
                                                                        {
                                                                            "operator_name": "PROJECTION",
                                                                            "cpu_time": 2.3966181329999996,
                                                                            "extra_info": {
                                                                                "Projections": [
                                                                                    "#1",
                                                                                    "#2",
                                                                                    "__internal_compress_integral_usmallint(#3, -72)",
                                                                                    "#4",
                                                                                    "#5",
                                                                                    "#6",
                                                                                    "#7",
                                                                                    "#0",
                                                                                    "#8",
                                                                                    "#9",
                                                                                    "#10",
                                                                                    "#11"
                                                                                ],
                                                                                "Estimated Cardinality": "12744093"
                                                                            },
                                                                            "cumulative_cardinality": 27001147,
                                                                            "operator_type": "PROJECTION",
                                                                            "operator_cardinality": 356403,
                                                                            "cumulative_rows_scanned": 36891993,
                                                                            "operator_rows_scanned": 0,
                                                                            "operator_timing": 0.00043324500000000007,
                                                                            "result_set_size": 33501882,
                                                                            "children": [
                                                                                {
                                                                                    "operator_name": "HASH_JOIN",
                                                                                    "cpu_time": 2.3961848879999996,
                                                                                    "extra_info": {
                                                                                        "Join Type": "INNER",
                                                                                        "Conditions": "posttypeid = id",
                                                                                        "Estimated Cardinality": "12744093"
                                                                                    },
                                                                                    "cumulative_cardinality": 26644744,
                                                                                    "operator_type": "HASH_JOIN",
                                                                                    "operator_cardinality": 356403,
                                                                                    "cumulative_rows_scanned": 36891993,
                                                                                    "operator_rows_scanned": 0,
                                                                                    "operator_timing": 0.0009647390000000002,
                                                                                    "result_set_size": 34214688,
                                                                                    "children": [
                                                                                        {
                                                                                            "operator_name": "HASH_JOIN",
                                                                                            "cpu_time": 2.394914368,
                                                                                            "extra_info": {
                                                                                                "Join Type": "LEFT",
                                                                                                "Conditions": "id = postid",
                                                                                                "Estimated Cardinality": "12744093"
                                                                                            },
                                                                                            "cumulative_cardinality": 26288334,
                                                                                            "operator_type": "HASH_JOIN",
                                                                                            "operator_cardinality": 356403,
                                                                                            "cumulative_rows_scanned": 36891985,
                                                                                            "operator_rows_scanned": 0,
                                                                                            "operator_timing": 0.9014214049999982,
                                                                                            "result_set_size": 29225046,
                                                                                            "children": [
                                                                                                {
                                                                                                    "operator_name": "HASH_JOIN",
                                                                                                    "cpu_time": 0.9341658160000009,
                                                                                                    "extra_info": {
                                                                                                        "Join Type": "LEFT",
                                                                                                        "Conditions": "id = postid",
                                                                                                        "Estimated Cardinality": "12744093"
                                                                                                    },
                                                                                                    "cumulative_cardinality": 14136687,
                                                                                                    "operator_type": "HASH_JOIN",
                                                                                                    "operator_cardinality": 68853,
                                                                                                    "cumulative_rows_scanned": 25096741,
                                                                                                    "operator_rows_scanned": 0,
                                                                                                    "operator_timing": 0.5836864850000005,
                                                                                                    "result_set_size": 3993474,
                                                                                                    "children": [
                                                                                                        {
                                                                                                            "operator_name": "HASH_JOIN",
                                                                                                            "cpu_time": 0.19023208900000005,
                                                                                                            "extra_info": {
                                                                                                                "Join Type": "RIGHT",
                                                                                                                "Conditions": "postid = id",
                                                                                                                "Estimated Cardinality": "7241822"
                                                                                                            },
                                                                                                            "cumulative_cardinality": 1323741,
                                                                                                            "operator_type": "HASH_JOIN",
                                                                                                            "operator_cardinality": 23763,
                                                                                                            "cumulative_rows_scanned": 12352648,
                                                                                                            "operator_rows_scanned": 0,
                                                                                                            "operator_timing": 0.002816594,
                                                                                                            "result_set_size": 1283202,
                                                                                                            "children": [
                                                                                                                {
                                                                                                                    "operator_name": "READ_PARQUET ",
                                                                                                                    "cpu_time": 0.013415082999999996,
                                                                                                                    "extra_info": {
                                                                                                                        "Function": "READ_PARQUET",
                                                                                                                        "Projections": [
                                                                                                                            "id",
                                                                                                                            "postid"
                                                                                                                        ],
                                                                                                                        "Estimated Cardinality": "7241822"
                                                                                                                    },
                                                                                                                    "cumulative_cardinality": 19485,
                                                                                                                    "operator_type": "TABLE_SCAN",
                                                                                                                    "operator_cardinality": 19485,
                                                                                                                    "cumulative_rows_scanned": 7241822,
                                                                                                                    "operator_rows_scanned": 7241822,
                                                                                                                    "operator_timing": 0.013415082999999996,
                                                                                                                    "result_set_size": 155880,
                                                                                                                    "children": []
                                                                                                                },
                                                                                                                {
                                                                                                                    "operator_name": "HASH_JOIN",
                                                                                                                    "cpu_time": 0.17400041200000005,
                                                                                                                    "extra_info": {
                                                                                                                        "Join Type": "INNER",
                                                                                                                        "Conditions": "owneruserid = id",
                                                                                                                        "Estimated Cardinality": "770023"
                                                                                                                    },
                                                                                                                    "cumulative_cardinality": 1280493,
                                                                                                                    "operator_type": "HASH_JOIN",
                                                                                                                    "operator_cardinality": 9907,
                                                                                                                    "cumulative_rows_scanned": 5110826,
                                                                                                                    "operator_rows_scanned": 0,
                                                                                                                    "operator_timing": 0.06239114700000004,
                                                                                                                    "result_set_size": 495350,
                                                                                                                    "children": [
                                                                                                                        {
                                                                                                                            "operator_name": "READ_PARQUET ",
                                                                                                                            "cpu_time": 0.08988530800000001,
                                                                                                                            "extra_info": {
                                                                                                                                "Function": "READ_PARQUET",
                                                                                                                                "Projections": [
                                                                                                                                    "id",
                                                                                                                                    "posttypeid",
                                                                                                                                    "creationdate",
                                                                                                                                    "score",
                                                                                                                                    "viewcount",
                                                                                                                                    "owneruserid",
                                                                                                                                    "lastactivitydate",
                                                                                                                                    "title"
                                                                                                                                ],
                                                                                                                                "Filters": "creationdate>='2024-09-01 12:34:56'::TIMESTAMP",
                                                                                                                                "Estimated Cardinality": "770023"
                                                                                                                            },
                                                                                                                            "cumulative_cardinality": 9907,
                                                                                                                            "operator_type": "TABLE_SCAN",
                                                                                                                            "operator_cardinality": 9907,
                                                                                                                            "cumulative_rows_scanned": 3850116,
                                                                                                                            "operator_rows_scanned": 3850116,
                                                                                                                            "operator_timing": 0.08988530800000001,
                                                                                                                            "result_set_size": 495350,
                                                                                                                            "children": []
                                                                                                                        },
                                                                                                                        {
                                                                                                                            "operator_name": "READ_PARQUET ",
                                                                                                                            "cpu_time": 0.021723957,
                                                                                                                            "extra_info": {
                                                                                                                                "Function": "READ_PARQUET",
                                                                                                                                "Projections": [
                                                                                                                                    "id",
                                                                                                                                    "reputation"
                                                                                                                                ],
                                                                                                                                "Filters": "id<=1416539",
                                                                                                                                "Estimated Cardinality": "1260710"
                                                                                                                            },
                                                                                                                            "cumulative_cardinality": 1260679,
                                                                                                                            "operator_type": "TABLE_SCAN",
                                                                                                                            "operator_cardinality": 1260679,
                                                                                                                            "cumulative_rows_scanned": 1260710,
                                                                                                                            "operator_rows_scanned": 1260710,
                                                                                                                            "operator_timing": 0.021723957,
                                                                                                                            "result_set_size": 10085432,
                                                                                                                            "children": []
                                                                                                                        }
                                                                                                                    ]
                                                                                                                }
                                                                                                            ]
                                                                                                        },
                                                                                                        {
                                                                                                            "operator_name": "READ_PARQUET ",
                                                                                                            "cpu_time": 0.16024724200000043,
                                                                                                            "extra_info": {
                                                                                                                "Function": "READ_PARQUET",
                                                                                                                "Projections": [
                                                                                                                    "id",
                                                                                                                    "postid"
                                                                                                                ],
                                                                                                                "Estimated Cardinality": "12744093"
                                                                                                            },
                                                                                                            "cumulative_cardinality": 12744093,
                                                                                                            "operator_type": "TABLE_SCAN",
                                                                                                            "operator_cardinality": 12744093,
                                                                                                            "cumulative_rows_scanned": 12744093,
                                                                                                            "operator_rows_scanned": 12744093,
                                                                                                            "operator_timing": 0.16024724200000043,
                                                                                                            "result_set_size": 101952744,
                                                                                                            "children": []
                                                                                                        }
                                                                                                    ]
                                                                                                },
                                                                                                {
                                                                                                    "operator_name": "READ_PARQUET ",
                                                                                                    "cpu_time": 0.5593271470000006,
                                                                                                    "extra_info": {
                                                                                                        "Function": "READ_PARQUET",
                                                                                                        "Projections": [
                                                                                                            "postid",
                                                                                                            "creationdate",
                                                                                                            "comment"
                                                                                                        ],
                                                                                                        "Estimated Cardinality": "11795244"
                                                                                                    },
                                                                                                    "cumulative_cardinality": 11795244,
                                                                                                    "operator_type": "TABLE_SCAN",
                                                                                                    "operator_cardinality": 11795244,
                                                                                                    "cumulative_rows_scanned": 11795244,
                                                                                                    "operator_rows_scanned": 11795244,
                                                                                                    "operator_timing": 0.5593271470000006,
                                                                                                    "result_set_size": 330266832,
                                                                                                    "children": []
                                                                                                }
                                                                                            ]
                                                                                        },
                                                                                        {
                                                                                            "operator_name": "READ_PARQUET ",
                                                                                            "cpu_time": 0.000305781,
                                                                                            "extra_info": {
                                                                                                "Function": "READ_PARQUET",
                                                                                                "Projections": [
                                                                                                    "id",
                                                                                                    "name"
                                                                                                ],
                                                                                                "Filters": "id<=7",
                                                                                                "Estimated Cardinality": "8"
                                                                                            },
                                                                                            "cumulative_cardinality": 7,
                                                                                            "operator_type": "TABLE_SCAN",
                                                                                            "operator_cardinality": 7,
                                                                                            "cumulative_rows_scanned": 8,
                                                                                            "operator_rows_scanned": 8,
                                                                                            "operator_timing": 0.000305781,
                                                                                            "result_set_size": 126,
                                                                                            "children": []
                                                                                        }
                                                                                    ]
                                                                                }
                                                                            ]
                                                                        }
                                                                    ]
                                                                }
                                                            ]
                                                        }
                                                    ]
                                                }
                                            ]
                                        }
                                    ]
                                }
                            ]
                        }
                    ]
                }
            ]
        }
    ]
}