{
    "rows_returned": 100,
    "query_name": "SELECT \n    P.Id AS PostId,\n    P.Title,\n    P.CreationDate AS PostCreationDate,\n    P.Score AS PostScore,\n    P.ViewCount,\n    U.DisplayName AS PostOwner,\n    U.Reputation AS PostOwnerReputation,\n    COALESCE(C.CommentCount, 0) AS TotalComments,\n    COALESCE(V.VoteCount, 0) AS TotalVotes\nFROM \n    Posts P\nLEFT JOIN \n    Users U ON P.OwnerUserId = U.Id\nLEFT JOIN \n    (SELECT \n         PostId, COUNT(*) AS CommentCount\n     FROM \n         Comments \n     GROUP BY \n         PostId) C ON P.Id = C.PostId\nLEFT JOIN \n    (SELECT \n         PostId, COUNT(*) AS VoteCount\n     FROM \n         Votes \n     GROUP BY \n         PostId) V ON P.Id = V.PostId\nWHERE \n    P.CreationDate >= cast('2024-10-01 12:34:56' as timestamp) - INTERVAL '1 year' \nORDER BY \n    P.CreationDate DESC\nLIMIT 100;",
    "blocked_thread_time": 0.0,
    "cpu_time": 1.4133387019999986,
    "extra_info": {},
    "cumulative_cardinality": 48534036,
    "cumulative_rows_scanned": 25096741,
    "result_set_size": 7200,
    "latency": 1.563054151,
    "children": [
        {
            "operator_name": "STREAMING_LIMIT",
            "cpu_time": 1.4133387019999986,
            "extra_info": {},
            "cumulative_cardinality": 48534036,
            "operator_type": "STREAMING_LIMIT",
            "operator_cardinality": 100,
            "cumulative_rows_scanned": 25096741,
            "operator_rows_scanned": 0,
            "operator_timing": 0.000001793,
            "result_set_size": 7200,
            "children": [
                {
                    "operator_name": "PROJECTION",
                    "cpu_time": 1.4133369089999985,
                    "extra_info": {
                        "Projections": [
                            "#0",
                            "#1",
                            "#2",
                            "__internal_decompress_integral_integer(#3, -72)",
                            "#4",
                            "#5",
                            "#6",
                            "#7",
                            "#8"
                        ],
                        "Estimated Cardinality": "6372046"
                    },
                    "cumulative_cardinality": 48533936,
                    "operator_type": "PROJECTION",
                    "operator_cardinality": 4096,
                    "cumulative_rows_scanned": 25096741,
                    "operator_rows_scanned": 0,
                    "operator_timing": 0.00000549,
                    "result_set_size": 294912,
                    "children": [
                        {
                            "operator_name": "ORDER_BY",
                            "cpu_time": 1.4133314189999986,
                            "extra_info": {
                                "Order By": "P.CreationDate DESC"
                            },
                            "cumulative_cardinality": 48529840,
                            "operator_type": "ORDER_BY",
                            "operator_cardinality": 4096,
                            "cumulative_rows_scanned": 25096741,
                            "operator_rows_scanned": 0,
                            "operator_timing": 0.017447377999999996,
                            "result_set_size": 286720,
                            "children": [
                                {
                                    "operator_name": "PROJECTION",
                                    "cpu_time": 1.3958840409999986,
                                    "extra_info": {
                                        "Projections": [
                                            "#0",
                                            "#1",
                                            "#2",
                                            "__internal_compress_integral_usmallint(#3, -72)",
                                            "#4",
                                            "#5",
                                            "#6",
                                            "#7",
                                            "#8"
                                        ],
                                        "Estimated Cardinality": "6372046"
                                    },
                                    "cumulative_cardinality": 48525744,
                                    "operator_type": "PROJECTION",
                                    "operator_cardinality": 145542,
                                    "cumulative_rows_scanned": 25096741,
                                    "operator_rows_scanned": 0,
                                    "operator_timing": 0.00024504100000000004,
                                    "result_set_size": 10187940,
                                    "children": [
                                        {
                                            "operator_name": "PROJECTION",
                                            "cpu_time": 1.3956389999999987,
                                            "extra_info": {
                                                "Projections": [
                                                    "PostId",
                                                    "title",
                                                    "PostCreationDate",
                                                    "PostScore",
                                                    "viewcount",
                                                    "PostOwner",
                                                    "PostOwnerReputation",
                                                    "TotalComments",
                                                    "TotalVotes"
                                                ],
                                                "Estimated Cardinality": "6372046"
                                            },
                                            "cumulative_cardinality": 48380202,
                                            "operator_type": "PROJECTION",
                                            "operator_cardinality": 145542,
                                            "cumulative_rows_scanned": 25096741,
                                            "operator_rows_scanned": 0,
                                            "operator_timing": 0.003561328,
                                            "result_set_size": 10479024,
                                            "children": [
                                                {
                                                    "operator_name": "HASH_JOIN",
                                                    "cpu_time": 1.3920776719999988,
                                                    "extra_info": {
                                                        "Join Type": "LEFT",
                                                        "Conditions": "id = postid",
                                                        "Estimated Cardinality": "6372046"
                                                    },
                                                    "cumulative_cardinality": 48234660,
                                                    "operator_type": "HASH_JOIN",
                                                    "operator_cardinality": 145542,
                                                    "cumulative_rows_scanned": 25096741,
                                                    "operator_rows_scanned": 0,
                                                    "operator_timing": 0.20952989999999994,
                                                    "result_set_size": 10479024,
                                                    "children": [
                                                        {
                                                            "operator_name": "PROJECTION",
                                                            "cpu_time": 0.5563058999999998,
                                                            "extra_info": {
                                                                "Projections": [
                                                                    "#0",
                                                                    "#1",
                                                                    "#2",
                                                                    "#3",
                                                                    "#4",
                                                                    "#5",
                                                                    "#6",
                                                                    "__internal_decompress_integral_integer(#7, -72)",
                                                                    "#8",
                                                                    "#9",
                                                                    "#10"
                                                                ],
                                                                "Estimated Cardinality": "3620911"
                                                            },
                                                            "cumulative_cardinality": 18635705,
                                                            "operator_type": "PROJECTION",
                                                            "operator_cardinality": 145542,
                                                            "cumulative_rows_scanned": 12352648,
                                                            "operator_rows_scanned": 0,
                                                            "operator_timing": 0.00010093899999999999,
                                                            "result_set_size": 11061192,
                                                            "children": [
                                                                {
                                                                    "operator_name": "HASH_JOIN",
                                                                    "cpu_time": 0.5562049609999998,
                                                                    "extra_info": {
                                                                        "Join Type": "RIGHT",
                                                                        "Conditions": "postid = id",
                                                                        "Estimated Cardinality": "3620911"
                                                                    },
                                                                    "cumulative_cardinality": 18490163,
                                                                    "operator_type": "HASH_JOIN",
                                                                    "operator_cardinality": 145542,
                                                                    "cumulative_rows_scanned": 12352648,
                                                                    "operator_rows_scanned": 0,
                                                                    "operator_timing": 0.055866502000000026,
                                                                    "result_set_size": 10770108,
                                                                    "children": [
                                                                        {
                                                                            "operator_name": "HASH_GROUP_BY",
                                                                            "cpu_time": 0.29409695099999983,
                                                                            "extra_info": {
                                                                                "Groups": "#0",
                                                                                "Aggregates": "count_star()",
                                                                                "Estimated Cardinality": "3620911"
                                                                            },
                                                                            "cumulative_cardinality": 16647316,
                                                                            "operator_type": "HASH_GROUP_BY",
                                                                            "operator_cardinality": 2163672,
                                                                            "cumulative_rows_scanned": 7241822,
                                                                            "operator_rows_scanned": 0,
                                                                            "operator_timing": 0.2499455609999998,
                                                                            "result_set_size": 25964064,
                                                                            "children": [
                                                                                {
                                                                                    "operator_name": "PROJECTION",
                                                                                    "cpu_time": 0.04415139000000002,
                                                                                    "extra_info": {
                                                                                        "Projections": "postid",
                                                                                        "Estimated Cardinality": "7241822"
                                                                                    },
                                                                                    "cumulative_cardinality": 14483644,
                                                                                    "operator_type": "PROJECTION",
                                                                                    "operator_cardinality": 7241822,
                                                                                    "cumulative_rows_scanned": 7241822,
                                                                                    "operator_rows_scanned": 0,
                                                                                    "operator_timing": 0.0003638780000000047,
                                                                                    "result_set_size": 28967288,
                                                                                    "children": [
                                                                                        {
                                                                                            "operator_name": "READ_PARQUET ",
                                                                                            "cpu_time": 0.043787512000000015,
                                                                                            "extra_info": {
                                                                                                "Function": "READ_PARQUET",
                                                                                                "Projections": "postid",
                                                                                                "Estimated Cardinality": "7241822"
                                                                                            },
                                                                                            "cumulative_cardinality": 7241822,
                                                                                            "operator_type": "TABLE_SCAN",
                                                                                            "operator_cardinality": 7241822,
                                                                                            "cumulative_rows_scanned": 7241822,
                                                                                            "operator_rows_scanned": 7241822,
                                                                                            "operator_timing": 0.043787512000000015,
                                                                                            "result_set_size": 28967288,
                                                                                            "children": []
                                                                                        }
                                                                                    ]
                                                                                }
                                                                            ]
                                                                        },
                                                                        {
                                                                            "operator_name": "PROJECTION",
                                                                            "cpu_time": 0.20624150799999993,
                                                                            "extra_info": {
                                                                                "Projections": [
                                                                                    "#0",
                                                                                    "#1",
                                                                                    "#2",
                                                                                    "#3",
                                                                                    "#4",
                                                                                    "__internal_compress_integral_usmallint(#5, -72)",
                                                                                    "#6",
                                                                                    "#7",
                                                                                    "#8"
                                                                                ],
                                                                                "Estimated Cardinality": "1260710"
                                                                            },
                                                                            "cumulative_cardinality": 1697305,
                                                                            "operator_type": "PROJECTION",
                                                                            "operator_cardinality": 145542,
                                                                            "cumulative_rows_scanned": 5110826,
                                                                            "operator_rows_scanned": 0,
                                                                            "operator_timing": 0.0005723340000000004,
                                                                            "result_set_size": 9023604,
                                                                            "children": [
                                                                                {
                                                                                    "operator_name": "HASH_JOIN",
                                                                                    "cpu_time": 0.20566917399999993,
                                                                                    "extra_info": {
                                                                                        "Join Type": "RIGHT",
                                                                                        "Conditions": "id = owneruserid",
                                                                                        "Estimated Cardinality": "1260710"
                                                                                    },
                                                                                    "cumulative_cardinality": 1551763,
                                                                                    "operator_type": "HASH_JOIN",
                                                                                    "operator_cardinality": 145542,
                                                                                    "cumulative_rows_scanned": 5110826,
                                                                                    "operator_rows_scanned": 0,
                                                                                    "operator_timing": 0.03605262600000004,
                                                                                    "result_set_size": 9314688,
                                                                                    "children": [
                                                                                        {
                                                                                            "operator_name": "READ_PARQUET ",
                                                                                            "cpu_time": 0.09588159499999989,
                                                                                            "extra_info": {
                                                                                                "Function": "READ_PARQUET",
                                                                                                "Projections": [
                                                                                                    "id",
                                                                                                    "reputation",
                                                                                                    "displayname"
                                                                                                ],
                                                                                                "Estimated Cardinality": "1260710"
                                                                                            },
                                                                                            "cumulative_cardinality": 1260679,
                                                                                            "operator_type": "TABLE_SCAN",
                                                                                            "operator_cardinality": 1260679,
                                                                                            "cumulative_rows_scanned": 1260710,
                                                                                            "operator_rows_scanned": 1260710,
                                                                                            "operator_timing": 0.09588159499999989,
                                                                                            "result_set_size": 30256296,
                                                                                            "children": []
                                                                                        },
                                                                                        {
                                                                                            "operator_name": "READ_PARQUET ",
                                                                                            "cpu_time": 0.07373495299999999,
                                                                                            "extra_info": {
                                                                                                "Function": "READ_PARQUET",
                                                                                                "Projections": [
                                                                                                    "id",
                                                                                                    "creationdate",
                                                                                                    "score",
                                                                                                    "viewcount",
                                                                                                    "owneruserid",
                                                                                                    "title"
                                                                                                ],
                                                                                                "Filters": "creationdate>='2023-10-01 12:34:56'::TIMESTAMP",
                                                                                                "Estimated Cardinality": "770023"
                                                                                            },
                                                                                            "cumulative_cardinality": 145542,
                                                                                            "operator_type": "TABLE_SCAN",
                                                                                            "operator_cardinality": 145542,
                                                                                            "cumulative_rows_scanned": 3850116,
                                                                                            "operator_rows_scanned": 3850116,
                                                                                            "operator_timing": 0.07373495299999999,
                                                                                            "result_set_size": 5821680,
                                                                                            "children": []
                                                                                        }
                                                                                    ]
                                                                                }
                                                                            ]
                                                                        }
                                                                    ]
                                                                }
                                                            ]
                                                        },
                                                        {
                                                            "operator_name": "HASH_GROUP_BY",
                                                            "cpu_time": 0.626241871999999,
                                                            "extra_info": {
                                                                "Groups": "#0",
                                                                "Aggregates": "count_star()",
                                                                "Estimated Cardinality": "6372046"
                                                            },
                                                            "cumulative_cardinality": 29453413,
                                                            "operator_type": "HASH_GROUP_BY",
                                                            "operator_cardinality": 3965227,
                                                            "cumulative_rows_scanned": 12744093,
                                                            "operator_rows_scanned": 0,
                                                            "operator_timing": 0.5450525679999987,
                                                            "result_set_size": 47582724,
                                                            "children": [
                                                                {
                                                                    "operator_name": "PROJECTION",
                                                                    "cpu_time": 0.08118930400000031,
                                                                    "extra_info": {
                                                                        "Projections": "postid",
                                                                        "Estimated Cardinality": "12744093"
                                                                    },
                                                                    "cumulative_cardinality": 25488186,
                                                                    "operator_type": "PROJECTION",
                                                                    "operator_cardinality": 12744093,
                                                                    "cumulative_rows_scanned": 12744093,
                                                                    "operator_rows_scanned": 0,
                                                                    "operator_timing": 0.0007156549999999886,
                                                                    "result_set_size": 50976372,
                                                                    "children": [
                                                                        {
                                                                            "operator_name": "READ_PARQUET ",
                                                                            "cpu_time": 0.08047364900000033,
                                                                            "extra_info": {
                                                                                "Function": "READ_PARQUET",
                                                                                "Projections": "postid",
                                                                                "Estimated Cardinality": "12744093"
                                                                            },
                                                                            "cumulative_cardinality": 12744093,
                                                                            "operator_type": "TABLE_SCAN",
                                                                            "operator_cardinality": 12744093,
                                                                            "cumulative_rows_scanned": 12744093,
                                                                            "operator_rows_scanned": 12744093,
                                                                            "operator_timing": 0.08047364900000033,
                                                                            "result_set_size": 50976372,
                                                                            "children": []
                                                                        }
                                                                    ]
                                                                }
                                                            ]
                                                        }
                                                    ]
                                                }
                                            ]
                                        }
                                    ]
                                }
                            ]
                        }
                    ]
                }
            ]
        }
    ]
}