{
    "rows_returned": 100,
    "query_name": "WITH UserStats AS (\n    SELECT \n        U.Id AS UserId,\n        U.Reputation,\n        COUNT(DISTINCT P.Id) AS PostCount,\n        SUM(CASE WHEN P.PostTypeId = 2 THEN 1 ELSE 0 END) AS AnswerCount,\n        SUM(CASE WHEN P.PostTypeId = 1 THEN 1 ELSE 0 END) AS QuestionCount,\n        SUM(CASE WHEN C.Id IS NOT NULL THEN 1 ELSE 0 END) AS CommentCount\n    FROM \n        Users U\n    LEFT JOIN \n        Posts P ON U.Id = P.OwnerUserId\n    LEFT JOIN \n        Comments C ON P.Id = C.PostId\n    GROUP BY \n        U.Id, U.Reputation\n),\nPostTypesCount AS (\n    SELECT \n        PT.Id AS PostTypeId,\n        PT.Name AS PostTypeName,\n        COUNT(P.Id) AS TotalPosts,\n        SUM(P.Score) AS TotalScore\n    FROM \n        PostTypes PT\n    LEFT JOIN \n        Posts P ON PT.Id = P.PostTypeId\n    GROUP BY \n        PT.Id, PT.Name\n)\nSELECT \n    U.UserId,\n    U.Reputation,\n    U.PostCount,\n    U.AnswerCount,\n    U.QuestionCount,\n    U.CommentCount,\n    PT.PostTypeId,\n    PT.PostTypeName,\n    PT.TotalPosts,\n    PT.TotalScore\nFROM \n    UserStats U\nCROSS JOIN \n    PostTypesCount PT\nORDER BY \n    U.Reputation DESC, PT.TotalPosts DESC\nLIMIT 100;",
    "blocked_thread_time": 0.0,
    "cpu_time": 3.695004148000001,
    "extra_info": {},
    "cumulative_cardinality": 86454321,
    "cumulative_rows_scanned": 16202772,
    "result_set_size": 10600,
    "latency": 5.763630647,
    "children": [
        {
            "operator_name": "STREAMING_LIMIT",
            "cpu_time": 3.695004148000001,
            "extra_info": {},
            "cumulative_cardinality": 86454321,
            "operator_type": "STREAMING_LIMIT",
            "operator_cardinality": 100,
            "cumulative_rows_scanned": 16202772,
            "operator_rows_scanned": 0,
            "operator_timing": 0.000001402,
            "result_set_size": 10600,
            "children": [
                {
                    "operator_name": "PROJECTION",
                    "cpu_time": 3.695002746000001,
                    "extra_info": {
                        "Projections": [
                            "#0",
                            "#1",
                            "#2",
                            "#3",
                            "#4",
                            "#5",
                            "__internal_decompress_integral_smallint(#6, 1)",
                            "#7",
                            "#8",
                            "#9"
                        ],
                        "Estimated Cardinality": "10085680"
                    },
                    "cumulative_cardinality": 86454221,
                    "operator_type": "PROJECTION",
                    "operator_cardinality": 4096,
                    "cumulative_rows_scanned": 16202772,
                    "operator_rows_scanned": 0,
                    "operator_timing": 0.000006052,
                    "result_set_size": 434176,
                    "children": [
                        {
                            "operator_name": "ORDER_BY",
                            "cpu_time": 3.694996694000001,
                            "extra_info": {
                                "Order By": [
                                    "U.Reputation DESC",
                                    "PT.TotalPosts DESC"
                                ]
                            },
                            "cumulative_cardinality": 86450125,
                            "operator_type": "ORDER_BY",
                            "operator_cardinality": 4096,
                            "cumulative_rows_scanned": 16202772,
                            "operator_rows_scanned": 0,
                            "operator_timing": 1.0411483250000044,
                            "result_set_size": 430080,
                            "children": [
                                {
                                    "operator_name": "PROJECTION",
                                    "cpu_time": 2.6538483689999968,
                                    "extra_info": {
                                        "Projections": [
                                            "#0",
                                            "#1",
                                            "#2",
                                            "#3",
                                            "#4",
                                            "#5",
                                            "__internal_compress_integral_utinyint(#6, 1)",
                                            "#7",
                                            "#8",
                                            "#9"
                                        ],
                                        "Estimated Cardinality": "10085680"
                                    },
                                    "cumulative_cardinality": 86446029,
                                    "operator_type": "PROJECTION",
                                    "operator_cardinality": 10085680,
                                    "cumulative_rows_scanned": 16202772,
                                    "operator_rows_scanned": 0,
                                    "operator_timing": 0.004627102,
                                    "result_set_size": 1058996400,
                                    "children": [
                                        {
                                            "operator_name": "CROSS_PRODUCT",
                                            "cpu_time": 2.6492212669999966,
                                            "extra_info": {},
                                            "cumulative_cardinality": 76360349,
                                            "operator_type": "CROSS_PRODUCT",
                                            "operator_cardinality": 10085680,
                                            "cumulative_rows_scanned": 16202772,
                                            "operator_rows_scanned": 0,
                                            "operator_timing": 0.011727907000000024,
                                            "result_set_size": 1069082080,
                                            "children": [
                                                {
                                                    "operator_name": "HASH_GROUP_BY",
                                                    "cpu_time": 2.4050914789999966,
                                                    "extra_info": {
                                                        "Groups": [
                                                            "#0",
                                                            "#1"
                                                        ],
                                                        "Aggregates": [
                                                            "count(DISTINCT #2)",
                                                            "sum(#3)",
                                                            "sum(#4)",
                                                            "sum(#5)"
                                                        ],
                                                        "Estimated Cardinality": "1260710"
                                                    },
                                                    "cumulative_cardinality": 50874178,
                                                    "operator_type": "HASH_GROUP_BY",
                                                    "operator_cardinality": 1260710,
                                                    "cumulative_rows_scanned": 12352648,
                                                    "operator_rows_scanned": 0,
                                                    "operator_timing": 1.2437092830000005,
                                                    "result_set_size": 80685440,
                                                    "children": [
                                                        {
                                                            "operator_name": "PROJECTION",
                                                            "cpu_time": 1.161382195999996,
                                                            "extra_info": {
                                                                "Projections": [
                                                                    "id",
                                                                    "reputation",
                                                                    "id",
                                                                    "CASE  WHEN ((posttypeid = 2)) THEN (1) ELSE 0 END",
                                                                    "CASE  WHEN ((posttypeid = 1)) THEN (1) ELSE 0 END",
                                                                    "CASE  WHEN ((id IS NOT NULL)) THEN (1) ELSE 0 END"
                                                                ],
                                                                "Estimated Cardinality": "7241822"
                                                            },
                                                            "cumulative_cardinality": 49613468,
                                                            "operator_type": "PROJECTION",
                                                            "operator_cardinality": 9425510,
                                                            "cumulative_rows_scanned": 12352648,
                                                            "operator_rows_scanned": 0,
                                                            "operator_timing": 0.0522926989999999,
                                                            "result_set_size": 226212240,
                                                            "children": [
                                                                {
                                                                    "operator_name": "PROJECTION",
                                                                    "cpu_time": 1.109089496999996,
                                                                    "extra_info": {
                                                                        "Projections": [
                                                                            "#0",
                                                                            "#1",
                                                                            "__internal_decompress_integral_smallint(#2, 1)",
                                                                            "#3",
                                                                            "#4"
                                                                        ],
                                                                        "Estimated Cardinality": "7241822"
                                                                    },
                                                                    "cumulative_cardinality": 40187958,
                                                                    "operator_type": "PROJECTION",
                                                                    "operator_cardinality": 9425510,
                                                                    "cumulative_rows_scanned": 12352648,
                                                                    "operator_rows_scanned": 0,
                                                                    "operator_timing": 0.003954716000000011,
                                                                    "result_set_size": 169659180,
                                                                    "children": [
                                                                        {
                                                                            "operator_name": "HASH_JOIN",
                                                                            "cpu_time": 1.105134780999996,
                                                                            "extra_info": {
                                                                                "Join Type": "RIGHT",
                                                                                "Conditions": "postid = id",
                                                                                "Estimated Cardinality": "7241822"
                                                                            },
                                                                            "cumulative_cardinality": 30762448,
                                                                            "operator_type": "HASH_JOIN",
                                                                            "operator_cardinality": 9425510,
                                                                            "cumulative_rows_scanned": 12352648,
                                                                            "operator_rows_scanned": 0,
                                                                            "operator_timing": 0.6114147199999959,
                                                                            "result_set_size": 160233670,
                                                                            "children": [
                                                                                {
                                                                                    "operator_name": "READ_PARQUET ",
                                                                                    "cpu_time": 0.1378243530000003,
                                                                                    "extra_info": {
                                                                                        "Function": "READ_PARQUET",
                                                                                        "Projections": [
                                                                                            "id",
                                                                                            "postid"
                                                                                        ],
                                                                                        "Estimated Cardinality": "7241822"
                                                                                    },
                                                                                    "cumulative_cardinality": 7241822,
                                                                                    "operator_type": "TABLE_SCAN",
                                                                                    "operator_cardinality": 7241822,
                                                                                    "cumulative_rows_scanned": 7241822,
                                                                                    "operator_rows_scanned": 7241822,
                                                                                    "operator_timing": 0.1378243530000003,
                                                                                    "result_set_size": 57934576,
                                                                                    "children": []
                                                                                },
                                                                                {
                                                                                    "operator_name": "PROJECTION",
                                                                                    "cpu_time": 0.355895708,
                                                                                    "extra_info": {
                                                                                        "Projections": [
                                                                                            "#0",
                                                                                            "__internal_compress_integral_utinyint(#1, 1)",
                                                                                            "#2",
                                                                                            "#3"
                                                                                        ],
                                                                                        "Estimated Cardinality": "3850116"
                                                                                    },
                                                                                    "cumulative_cardinality": 14095116,
                                                                                    "operator_type": "PROJECTION",
                                                                                    "operator_cardinality": 4574495,
                                                                                    "cumulative_rows_scanned": 5110826,
                                                                                    "operator_rows_scanned": 0,
                                                                                    "operator_timing": 0.0020263680000000045,
                                                                                    "result_set_size": 59468435,
                                                                                    "children": [
                                                                                        {
                                                                                            "operator_name": "HASH_JOIN",
                                                                                            "cpu_time": 0.35386934,
                                                                                            "extra_info": {
                                                                                                "Join Type": "RIGHT",
                                                                                                "Conditions": "owneruserid = id",
                                                                                                "Estimated Cardinality": "3850116"
                                                                                            },
                                                                                            "cumulative_cardinality": 9520621,
                                                                                            "operator_type": "HASH_JOIN",
                                                                                            "operator_cardinality": 4574495,
                                                                                            "cumulative_rows_scanned": 5110826,
                                                                                            "operator_rows_scanned": 0,
                                                                                            "operator_timing": 0.22570542999999996,
                                                                                            "result_set_size": 64042930,
                                                                                            "children": [
                                                                                                {
                                                                                                    "operator_name": "READ_PARQUET ",
                                                                                                    "cpu_time": 0.11418866500000008,
                                                                                                    "extra_info": {
                                                                                                        "Function": "READ_PARQUET",
                                                                                                        "Projections": [
                                                                                                            "id",
                                                                                                            "posttypeid",
                                                                                                            "owneruserid"
                                                                                                        ],
                                                                                                        "Estimated Cardinality": "3850116"
                                                                                                    },
                                                                                                    "cumulative_cardinality": 3685416,
                                                                                                    "operator_type": "TABLE_SCAN",
                                                                                                    "operator_cardinality": 3685416,
                                                                                                    "cumulative_rows_scanned": 3850116,
                                                                                                    "operator_rows_scanned": 3850116,
                                                                                                    "operator_timing": 0.11418866500000008,
                                                                                                    "result_set_size": 36854160,
                                                                                                    "children": []
                                                                                                },
                                                                                                {
                                                                                                    "operator_name": "READ_PARQUET ",
                                                                                                    "cpu_time": 0.013975244999999982,
                                                                                                    "extra_info": {
                                                                                                        "Function": "READ_PARQUET",
                                                                                                        "Projections": [
                                                                                                            "id",
                                                                                                            "reputation"
                                                                                                        ],
                                                                                                        "Estimated Cardinality": "1260710"
                                                                                                    },
                                                                                                    "cumulative_cardinality": 1260710,
                                                                                                    "operator_type": "TABLE_SCAN",
                                                                                                    "operator_cardinality": 1260710,
                                                                                                    "cumulative_rows_scanned": 1260710,
                                                                                                    "operator_rows_scanned": 1260710,
                                                                                                    "operator_timing": 0.013975244999999982,
                                                                                                    "result_set_size": 10085680,
                                                                                                    "children": []
                                                                                                }
                                                                                            ]
                                                                                        }
                                                                                    ]
                                                                                }
                                                                            ]
                                                                        }
                                                                    ]
                                                                }
                                                            ]
                                                        }
                                                    ]
                                                },
                                                {
                                                    "operator_name": "PROJECTION",
                                                    "cpu_time": 0.2324018809999998,
                                                    "extra_info": {
                                                        "Projections": [
                                                            "__internal_decompress_integral_smallint(#0, 1)",
                                                            "#1",
                                                            "#2",
                                                            "#3"
                                                        ],
                                                        "Estimated Cardinality": "8"
                                                    },
                                                    "cumulative_cardinality": 15400491,
                                                    "operator_type": "PROJECTION",
                                                    "operator_cardinality": 8,
                                                    "cumulative_rows_scanned": 3850124,
                                                    "operator_rows_scanned": 0,
                                                    "operator_timing": 0.000001252,
                                                    "result_set_size": 336,
                                                    "children": [
                                                        {
                                                            "operator_name": "HASH_GROUP_BY",
                                                            "cpu_time": 0.2324006289999998,
                                                            "extra_info": {
                                                                "Groups": [
                                                                    "#0",
                                                                    "#1"
                                                                ],
                                                                "Aggregates": [
                                                                    "count(#2)",
                                                                    "sum(#3)"
                                                                ],
                                                                "Estimated Cardinality": "8"
                                                            },
                                                            "cumulative_cardinality": 15400483,
                                                            "operator_type": "HASH_GROUP_BY",
                                                            "operator_cardinality": 8,
                                                            "cumulative_rows_scanned": 3850124,
                                                            "operator_rows_scanned": 0,
                                                            "operator_timing": 0.08637604099999982,
                                                            "result_set_size": 328,
                                                            "children": [
                                                                {
                                                                    "operator_name": "PROJECTION",
                                                                    "cpu_time": 0.14602458799999998,
                                                                    "extra_info": {
                                                                        "Projections": [
                                                                            "id",
                                                                            "name",
                                                                            "id",
                                                                            "score"
                                                                        ],
                                                                        "Estimated Cardinality": "3850116"
                                                                    },
                                                                    "cumulative_cardinality": 15400475,
                                                                    "operator_type": "PROJECTION",
                                                                    "operator_cardinality": 3850117,
                                                                    "cumulative_rows_scanned": 3850124,
                                                                    "operator_rows_scanned": 0,
                                                                    "operator_timing": 0.00037855900000000595,
                                                                    "result_set_size": 96252925,
                                                                    "children": [
                                                                        {
                                                                            "operator_name": "PROJECTION",
                                                                            "cpu_time": 0.14564602899999998,
                                                                            "extra_info": {
                                                                                "Projections": [
                                                                                    "#0",
                                                                                    "#1",
                                                                                    "__internal_compress_integral_utinyint(#2, 1)",
                                                                                    "#3"
                                                                                ],
                                                                                "Estimated Cardinality": "3850116"
                                                                            },
                                                                            "cumulative_cardinality": 11550358,
                                                                            "operator_type": "PROJECTION",
                                                                            "operator_cardinality": 3850117,
                                                                            "cumulative_rows_scanned": 3850124,
                                                                            "operator_rows_scanned": 0,
                                                                            "operator_timing": 0.000997668999999996,
                                                                            "result_set_size": 96252925,
                                                                            "children": [
                                                                                {
                                                                                    "operator_name": "HASH_JOIN",
                                                                                    "cpu_time": 0.14464835999999998,
                                                                                    "extra_info": {
                                                                                        "Join Type": "RIGHT",
                                                                                        "Conditions": "posttypeid = id",
                                                                                        "Estimated Cardinality": "3850116"
                                                                                    },
                                                                                    "cumulative_cardinality": 7700241,
                                                                                    "operator_type": "HASH_JOIN",
                                                                                    "operator_cardinality": 3850117,
                                                                                    "cumulative_rows_scanned": 3850124,
                                                                                    "operator_rows_scanned": 0,
                                                                                    "operator_timing": 0.06385063099999998,
                                                                                    "result_set_size": 100103042,
                                                                                    "children": [
                                                                                        {
                                                                                            "operator_name": "READ_PARQUET ",
                                                                                            "cpu_time": 0.08049167699999998,
                                                                                            "extra_info": {
                                                                                                "Function": "READ_PARQUET",
                                                                                                "Projections": [
                                                                                                    "id",
                                                                                                    "posttypeid",
                                                                                                    "score"
                                                                                                ],
                                                                                                "Estimated Cardinality": "3850116"
                                                                                            },
                                                                                            "cumulative_cardinality": 3850116,
                                                                                            "operator_type": "TABLE_SCAN",
                                                                                            "operator_cardinality": 3850116,
                                                                                            "cumulative_rows_scanned": 3850116,
                                                                                            "operator_rows_scanned": 3850116,
                                                                                            "operator_timing": 0.08049167699999998,
                                                                                            "result_set_size": 38501160,
                                                                                            "children": []
                                                                                        },
                                                                                        {
                                                                                            "operator_name": "READ_PARQUET ",
                                                                                            "cpu_time": 0.000306052,
                                                                                            "extra_info": {
                                                                                                "Function": "READ_PARQUET",
                                                                                                "Projections": [
                                                                                                    "id",
                                                                                                    "name"
                                                                                                ],
                                                                                                "Estimated Cardinality": "8"
                                                                                            },
                                                                                            "cumulative_cardinality": 8,
                                                                                            "operator_type": "TABLE_SCAN",
                                                                                            "operator_cardinality": 8,
                                                                                            "cumulative_rows_scanned": 8,
                                                                                            "operator_rows_scanned": 8,
                                                                                            "operator_timing": 0.000306052,
                                                                                            "result_set_size": 144,
                                                                                            "children": []
                                                                                        }
                                                                                    ]
                                                                                }
                                                                            ]
                                                                        }
                                                                    ]
                                                                }
                                                            ]
                                                        }
                                                    ]
                                                }
                                            ]
                                        }
                                    ]
                                }
                            ]
                        }
                    ]
                }
            ]
        }
    ]
}