{
    "rows_returned": 8824970,
    "query_name": "\nWITH UserStats AS (\n    SELECT \n        U.Id AS UserId, \n        U.Reputation, \n        U.Views, \n        U.UpVotes, \n        U.DownVotes, \n        COUNT(DISTINCT P.Id) AS PostCount,\n        COALESCE(SUM(CASE WHEN P.PostTypeId = 1 THEN 1 ELSE 0 END), 0) AS QuestionCount,\n        COALESCE(SUM(CASE WHEN P.PostTypeId = 2 THEN 1 ELSE 0 END), 0) AS AnswerCount,\n        COALESCE(SUM(CASE WHEN P.PostTypeId = 1 AND P.AcceptedAnswerId IS NOT NULL THEN 1 ELSE 0 END), 0) AS AcceptedAnswerCount\n    FROM \n        Users U\n    LEFT JOIN \n        Posts P ON U.Id = P.OwnerUserId\n    GROUP BY \n        U.Id, U.Reputation, U.Views, U.UpVotes, U.DownVotes\n),\nPostTypesStats AS (\n    SELECT \n        PT.Name AS PostTypeName,\n        COUNT(P.Id) AS TotalPosts,\n        SUM(P.ViewCount) AS TotalViewCount,\n        AVG(P.Score) AS AverageScore\n    FROM \n        Posts P\n    JOIN \n        PostTypes PT ON P.PostTypeId = PT.Id\n    GROUP BY \n        PT.Name\n)\nSELECT \n    U.UserId,\n    U.Reputation,\n    U.Views,\n    U.UpVotes,\n    U.DownVotes,\n    U.PostCount,\n    U.QuestionCount,\n    U.AnswerCount,\n    U.AcceptedAnswerCount,\n    PTS.PostTypeName,\n    PTS.TotalPosts,\n    PTS.TotalViewCount,\n    PTS.AverageScore\nFROM \n    UserStats U\nCROSS JOIN \n    PostTypesStats PTS\nORDER BY \n    U.Reputation DESC, \n    PTS.TotalPosts DESC;\n",
    "blocked_thread_time": 0.0,
    "cpu_time": 3.0206936900000008,
    "extra_info": {},
    "cumulative_cardinality": 83962158,
    "cumulative_rows_scanned": 8960950,
    "result_set_size": 1094296280,
    "latency": 26.32566947,
    "children": [
        {
            "operator_name": "PROJECTION",
            "cpu_time": 3.0206936900000008,
            "extra_info": {
                "Projections": [
                    "#0",
                    "#1",
                    "#2",
                    "#3",
                    "__internal_decompress_integral_integer(#4, 0)",
                    "#5",
                    "#6",
                    "#7",
                    "#8",
                    "#9",
                    "#10",
                    "#11",
                    "#12"
                ],
                "Estimated Cardinality": "2426939871180"
            },
            "cumulative_cardinality": 83962158,
            "operator_type": "PROJECTION",
            "operator_cardinality": 8824970,
            "cumulative_rows_scanned": 8960950,
            "operator_rows_scanned": 0,
            "operator_timing": 0.0050684569999999785,
            "result_set_size": 1094296280,
            "children": [
                {
                    "operator_name": "ORDER_BY",
                    "cpu_time": 3.0156252330000006,
                    "extra_info": {
                        "Order By": [
                            "U.Reputation DESC",
                            "PTS.TotalPosts DESC"
                        ]
                    },
                    "cumulative_cardinality": 75137188,
                    "operator_type": "ORDER_BY",
                    "operator_cardinality": 8824970,
                    "cumulative_rows_scanned": 8960950,
                    "operator_rows_scanned": 0,
                    "operator_timing": 1.187062396,
                    "result_set_size": 1076646340,
                    "children": [
                        {
                            "operator_name": "PROJECTION",
                            "cpu_time": 1.8285628370000007,
                            "extra_info": {
                                "Projections": [
                                    "#0",
                                    "#1",
                                    "#2",
                                    "#3",
                                    "__internal_compress_integral_usmallint(#4, 0)",
                                    "#5",
                                    "#6",
                                    "#7",
                                    "#8",
                                    "#9",
                                    "#10",
                                    "#11",
                                    "#12"
                                ],
                                "Estimated Cardinality": "2426939871180"
                            },
                            "cumulative_cardinality": 66312218,
                            "operator_type": "PROJECTION",
                            "operator_cardinality": 8824970,
                            "cumulative_rows_scanned": 8960950,
                            "operator_rows_scanned": 0,
                            "operator_timing": 0.0056281129999999875,
                            "result_set_size": 1076646340,
                            "children": [
                                {
                                    "operator_name": "PROJECTION",
                                    "cpu_time": 1.8229347240000007,
                                    "extra_info": {
                                        "Projections": [
                                            "UserId",
                                            "reputation",
                                            "views",
                                            "upvotes",
                                            "downvotes",
                                            "PostCount",
                                            "QuestionCount",
                                            "AnswerCount",
                                            "AcceptedAnswerCount",
                                            "PostTypeName",
                                            "TotalPosts",
                                            "TotalViewCount",
                                            "AverageScore"
                                        ],
                                        "Estimated Cardinality": "2426939871180"
                                    },
                                    "cumulative_cardinality": 57487248,
                                    "operator_type": "PROJECTION",
                                    "operator_cardinality": 8824970,
                                    "cumulative_rows_scanned": 8960950,
                                    "operator_rows_scanned": 0,
                                    "operator_timing": 0.0028386230000000353,
                                    "result_set_size": 1094296280,
                                    "children": [
                                        {
                                            "operator_name": "CROSS_PRODUCT",
                                            "cpu_time": 1.8200961010000007,
                                            "extra_info": {},
                                            "cumulative_cardinality": 48662278,
                                            "operator_type": "CROSS_PRODUCT",
                                            "operator_cardinality": 8824970,
                                            "cumulative_rows_scanned": 8960950,
                                            "operator_rows_scanned": 0,
                                            "operator_timing": 0.026625521999999978,
                                            "result_set_size": 1094296280,
                                            "children": [
                                                {
                                                    "operator_name": "HASH_GROUP_BY",
                                                    "cpu_time": 0.2093511409999999,
                                                    "extra_info": {
                                                        "Groups": "#0",
                                                        "Aggregates": [
                                                            "count_star()",
                                                            "sum(#1)",
                                                            "avg(#2)"
                                                        ],
                                                        "Estimated Cardinality": "1925058"
                                                    },
                                                    "cumulative_cardinality": 11550362,
                                                    "operator_type": "HASH_GROUP_BY",
                                                    "operator_cardinality": 7,
                                                    "cumulative_rows_scanned": 3850124,
                                                    "operator_rows_scanned": 0,
                                                    "operator_timing": 0.09409005999999992,
                                                    "result_set_size": 336,
                                                    "children": [
                                                        {
                                                            "operator_name": "PROJECTION",
                                                            "cpu_time": 0.11526108099999999,
                                                            "extra_info": {
                                                                "Projections": [
                                                                    "name",
                                                                    "viewcount",
                                                                    "score"
                                                                ],
                                                                "Estimated Cardinality": "3850116"
                                                            },
                                                            "cumulative_cardinality": 11550355,
                                                            "operator_type": "PROJECTION",
                                                            "operator_cardinality": 3850116,
                                                            "cumulative_rows_scanned": 3850124,
                                                            "operator_rows_scanned": 0,
                                                            "operator_timing": 0.00026868799999999734,
                                                            "result_set_size": 92402784,
                                                            "children": [
                                                                {
                                                                    "operator_name": "HASH_JOIN",
                                                                    "cpu_time": 0.11499239299999998,
                                                                    "extra_info": {
                                                                        "Join Type": "INNER",
                                                                        "Conditions": "posttypeid = id",
                                                                        "Estimated Cardinality": "3850116"
                                                                    },
                                                                    "cumulative_cardinality": 7700239,
                                                                    "operator_type": "HASH_JOIN",
                                                                    "operator_cardinality": 3850116,
                                                                    "cumulative_rows_scanned": 3850124,
                                                                    "operator_rows_scanned": 0,
                                                                    "operator_timing": 0.007685112999999951,
                                                                    "result_set_size": 92402784,
                                                                    "children": [
                                                                        {
                                                                            "operator_name": "READ_PARQUET ",
                                                                            "cpu_time": 0.10697313600000004,
                                                                            "extra_info": {
                                                                                "Function": "READ_PARQUET",
                                                                                "Projections": [
                                                                                    "id",
                                                                                    "posttypeid",
                                                                                    "score",
                                                                                    "viewcount"
                                                                                ],
                                                                                "Estimated Cardinality": "3850116"
                                                                            },
                                                                            "cumulative_cardinality": 3850116,
                                                                            "operator_type": "TABLE_SCAN",
                                                                            "operator_cardinality": 3850116,
                                                                            "cumulative_rows_scanned": 3850116,
                                                                            "operator_rows_scanned": 3850116,
                                                                            "operator_timing": 0.10697313600000004,
                                                                            "result_set_size": 53901624,
                                                                            "children": []
                                                                        },
                                                                        {
                                                                            "operator_name": "READ_PARQUET ",
                                                                            "cpu_time": 0.000334144,
                                                                            "extra_info": {
                                                                                "Function": "READ_PARQUET",
                                                                                "Projections": [
                                                                                    "id",
                                                                                    "name"
                                                                                ],
                                                                                "Filters": "id<=7",
                                                                                "Estimated Cardinality": "8"
                                                                            },
                                                                            "cumulative_cardinality": 7,
                                                                            "operator_type": "TABLE_SCAN",
                                                                            "operator_cardinality": 7,
                                                                            "cumulative_rows_scanned": 8,
                                                                            "operator_rows_scanned": 8,
                                                                            "operator_timing": 0.000334144,
                                                                            "result_set_size": 126,
                                                                            "children": []
                                                                        }
                                                                    ]
                                                                }
                                                            ]
                                                        }
                                                    ]
                                                },
                                                {
                                                    "operator_name": "PROJECTION",
                                                    "cpu_time": 1.5841194380000008,
                                                    "extra_info": {
                                                        "Projections": [
                                                            "UserId",
                                                            "reputation",
                                                            "views",
                                                            "upvotes",
                                                            "downvotes",
                                                            "PostCount",
                                                            "QuestionCount",
                                                            "AnswerCount",
                                                            "AcceptedAnswerCount"
                                                        ],
                                                        "Estimated Cardinality": "1260710"
                                                    },
                                                    "cumulative_cardinality": 28286946,
                                                    "operator_type": "PROJECTION",
                                                    "operator_cardinality": 1260710,
                                                    "cumulative_rows_scanned": 5110826,
                                                    "operator_rows_scanned": 0,
                                                    "operator_timing": 0.02211909099999999,
                                                    "result_set_size": 95813960,
                                                    "children": [
                                                        {
                                                            "operator_name": "PROJECTION",
                                                            "cpu_time": 1.5620003470000008,
                                                            "extra_info": {
                                                                "Projections": [
                                                                    "#0",
                                                                    "#1",
                                                                    "#2",
                                                                    "#3",
                                                                    "__internal_decompress_integral_integer(#4, 0)",
                                                                    "#5",
                                                                    "#6",
                                                                    "#7",
                                                                    "#8"
                                                                ],
                                                                "Estimated Cardinality": "1260710"
                                                            },
                                                            "cumulative_cardinality": 27026236,
                                                            "operator_type": "PROJECTION",
                                                            "operator_cardinality": 1260710,
                                                            "cumulative_rows_scanned": 5110826,
                                                            "operator_rows_scanned": 0,
                                                            "operator_timing": 0.0005026349999999993,
                                                            "result_set_size": 95813960,
                                                            "children": [
                                                                {
                                                                    "operator_name": "HASH_GROUP_BY",
                                                                    "cpu_time": 1.5614977120000009,
                                                                    "extra_info": {
                                                                        "Groups": [
                                                                            "#0",
                                                                            "#1",
                                                                            "#2",
                                                                            "#3",
                                                                            "#4"
                                                                        ],
                                                                        "Aggregates": [
                                                                            "count(DISTINCT #5)",
                                                                            "sum(#6)",
                                                                            "sum(#7)",
                                                                            "sum(#8)"
                                                                        ],
                                                                        "Estimated Cardinality": "1260710"
                                                                    },
                                                                    "cumulative_cardinality": 25765526,
                                                                    "operator_type": "HASH_GROUP_BY",
                                                                    "operator_cardinality": 1260710,
                                                                    "cumulative_rows_scanned": 5110826,
                                                                    "operator_rows_scanned": 0,
                                                                    "operator_timing": 1.0282291720000005,
                                                                    "result_set_size": 93292540,
                                                                    "children": [
                                                                        {
                                                                            "operator_name": "PROJECTION",
                                                                            "cpu_time": 0.5332685400000005,
                                                                            "extra_info": {
                                                                                "Projections": [
                                                                                    "id",
                                                                                    "reputation",
                                                                                    "views",
                                                                                    "upvotes",
                                                                                    "downvotes",
                                                                                    "id",
                                                                                    "CASE  WHEN ((posttypeid = 1)) THEN (1) ELSE 0 END",
                                                                                    "CASE  WHEN ((posttypeid = 2)) THEN (1) ELSE 0 END",
                                                                                    "CASE  WHEN (((acceptedanswerid IS NOT NULL) AND (posttypeid = 1))) THEN (1) ELSE 0 END"
                                                                                ],
                                                                                "Estimated Cardinality": "3850116"
                                                                            },
                                                                            "cumulative_cardinality": 24504816,
                                                                            "operator_type": "PROJECTION",
                                                                            "operator_cardinality": 4574495,
                                                                            "cumulative_rows_scanned": 5110826,
                                                                            "operator_rows_scanned": 0,
                                                                            "operator_timing": 0.0916433899999999,
                                                                            "result_set_size": 155532830,
                                                                            "children": [
                                                                                {
                                                                                    "operator_name": "PROJECTION",
                                                                                    "cpu_time": 0.4416251500000006,
                                                                                    "extra_info": {
                                                                                        "Projections": [
                                                                                            "#0",
                                                                                            "#1",
                                                                                            "#2",
                                                                                            "#3",
                                                                                            "#4",
                                                                                            "#5",
                                                                                            "#6",
                                                                                            "__internal_compress_integral_usmallint(#7, 0)"
                                                                                        ],
                                                                                        "Estimated Cardinality": "3850116"
                                                                                    },
                                                                                    "cumulative_cardinality": 19930321,
                                                                                    "operator_type": "PROJECTION",
                                                                                    "operator_cardinality": 4574495,
                                                                                    "cumulative_rows_scanned": 5110826,
                                                                                    "operator_rows_scanned": 0,
                                                                                    "operator_timing": 0.002314581999999999,
                                                                                    "result_set_size": 128085860,
                                                                                    "children": [
                                                                                        {
                                                                                            "operator_name": "PROJECTION",
                                                                                            "cpu_time": 0.43931056800000057,
                                                                                            "extra_info": {
                                                                                                "Projections": [
                                                                                                    "#0",
                                                                                                    "#1",
                                                                                                    "#2",
                                                                                                    "#3",
                                                                                                    "#4",
                                                                                                    "#5",
                                                                                                    "#6",
                                                                                                    "__internal_decompress_integral_integer(#7, 0)"
                                                                                                ],
                                                                                                "Estimated Cardinality": "3850116"
                                                                                            },
                                                                                            "cumulative_cardinality": 15355826,
                                                                                            "operator_type": "PROJECTION",
                                                                                            "operator_cardinality": 4574495,
                                                                                            "cumulative_rows_scanned": 5110826,
                                                                                            "operator_rows_scanned": 0,
                                                                                            "operator_timing": 0.002853994000000002,
                                                                                            "result_set_size": 137234850,
                                                                                            "children": [
                                                                                                {
                                                                                                    "operator_name": "HASH_JOIN",
                                                                                                    "cpu_time": 0.43645657400000054,
                                                                                                    "extra_info": {
                                                                                                        "Join Type": "RIGHT",
                                                                                                        "Conditions": "owneruserid = id",
                                                                                                        "Estimated Cardinality": "3850116"
                                                                                                    },
                                                                                                    "cumulative_cardinality": 10781331,
                                                                                                    "operator_type": "HASH_JOIN",
                                                                                                    "operator_cardinality": 4574495,
                                                                                                    "cumulative_rows_scanned": 5110826,
                                                                                                    "operator_rows_scanned": 0,
                                                                                                    "operator_timing": 0.2585681130000003,
                                                                                                    "result_set_size": 128085860,
                                                                                                    "children": [
                                                                                                        {
                                                                                                            "operator_name": "READ_PARQUET ",
                                                                                                            "cpu_time": 0.14559710800000025,
                                                                                                            "extra_info": {
                                                                                                                "Function": "READ_PARQUET",
                                                                                                                "Projections": [
                                                                                                                    "id",
                                                                                                                    "posttypeid",
                                                                                                                    "acceptedanswerid",
                                                                                                                    "owneruserid"
                                                                                                                ],
                                                                                                                "Estimated Cardinality": "3850116"
                                                                                                            },
                                                                                                            "cumulative_cardinality": 3685416,
                                                                                                            "operator_type": "TABLE_SCAN",
                                                                                                            "operator_cardinality": 3685416,
                                                                                                            "cumulative_rows_scanned": 3850116,
                                                                                                            "operator_rows_scanned": 3850116,
                                                                                                            "operator_timing": 0.14559710800000025,
                                                                                                            "result_set_size": 51595824,
                                                                                                            "children": []
                                                                                                        },
                                                                                                        {
                                                                                                            "operator_name": "PROJECTION",
                                                                                                            "cpu_time": 0.03229135299999997,
                                                                                                            "extra_info": {
                                                                                                                "Projections": [
                                                                                                                    "#0",
                                                                                                                    "#1",
                                                                                                                    "#2",
                                                                                                                    "#3",
                                                                                                                    "__internal_compress_integral_usmallint(#4, 0)"
                                                                                                                ],
                                                                                                                "Estimated Cardinality": "1260710"
                                                                                                            },
                                                                                                            "cumulative_cardinality": 2521420,
                                                                                                            "operator_type": "PROJECTION",
                                                                                                            "operator_cardinality": 1260710,
                                                                                                            "cumulative_rows_scanned": 1260710,
                                                                                                            "operator_rows_scanned": 0,
                                                                                                            "operator_timing": 0.0005015220000000002,
                                                                                                            "result_set_size": 22692780,
                                                                                                            "children": [
                                                                                                                {
                                                                                                                    "operator_name": "READ_PARQUET ",
                                                                                                                    "cpu_time": 0.03178983099999997,
                                                                                                                    "extra_info": {
                                                                                                                        "Function": "READ_PARQUET",
                                                                                                                        "Projections": [
                                                                                                                            "id",
                                                                                                                            "reputation",
                                                                                                                            "views",
                                                                                                                            "upvotes",
                                                                                                                            "downvotes"
                                                                                                                        ],
                                                                                                                        "Estimated Cardinality": "1260710"
                                                                                                                    },
                                                                                                                    "cumulative_cardinality": 1260710,
                                                                                                                    "operator_type": "TABLE_SCAN",
                                                                                                                    "operator_cardinality": 1260710,
                                                                                                                    "cumulative_rows_scanned": 1260710,
                                                                                                                    "operator_rows_scanned": 1260710,
                                                                                                                    "operator_timing": 0.03178983099999997,
                                                                                                                    "result_set_size": 25214200,
                                                                                                                    "children": []
                                                                                                                }
                                                                                                            ]
                                                                                                        }
                                                                                                    ]
                                                                                                }
                                                                                            ]
                                                                                        }
                                                                                    ]
                                                                                }
                                                                            ]
                                                                        }
                                                                    ]
                                                                }
                                                            ]
                                                        }
                                                    ]
                                                }
                                            ]
                                        }
                                    ]
                                }
                            ]
                        }
                    ]
                }
            ]
        }
    ]
}