{
    "rows_returned": 92851,
    "query_name": "WITH UserBadges AS (\n    SELECT \n        U.Id AS UserId,\n        U.DisplayName,\n        COUNT(B.Id) AS BadgeCount,\n        SUM(CASE WHEN B.Class = 1 THEN 1 ELSE 0 END) AS GoldBadges,\n        SUM(CASE WHEN B.Class = 2 THEN 1 ELSE 0 END) AS SilverBadges,\n        SUM(CASE WHEN B.Class = 3 THEN 1 ELSE 0 END) AS BronzeBadges\n    FROM \n        Users U\n    LEFT JOIN \n        Badges B ON U.Id = B.UserId\n    GROUP BY \n        U.Id, U.DisplayName\n),\nPostStats AS (\n    SELECT \n        P.OwnerUserId,\n        COUNT(P.Id) AS PostCount,\n        SUM(P.Score) AS TotalScore,\n        AVG(P.ViewCount) AS AverageViews,\n        MAX(P.CreationDate) AS MostRecentPostDate\n    FROM \n        Posts P\n    GROUP BY \n        P.OwnerUserId\n),\nActiveUsers AS (\n    SELECT \n        U.Id,\n        U.Reputation,\n        U.LastAccessDate,\n        COALESCE(ub.BadgeCount, 0) AS BadgeCount,\n        COALESCE(ps.PostCount, 0) AS PostCount,\n        COALESCE(ps.TotalScore, 0) AS TotalScore\n    FROM \n        Users U\n    LEFT JOIN \n        UserBadges ub ON U.Id = ub.UserId\n    LEFT JOIN \n        PostStats ps ON U.Id = ps.OwnerUserId\n    WHERE \n        U.LastAccessDate >= cast('2024-10-01 12:34:56' as timestamp) - INTERVAL '30 days'\n)\nSELECT \n    U.DisplayName,\n    AU.Reputation,\n    AU.BadgeCount,\n    AU.PostCount,\n    AU.TotalScore,\n    CASE \n        WHEN AU.TotalScore > 100 THEN 'High Performer'\n        WHEN AU.TotalScore BETWEEN 50 AND 100 THEN 'Moderate Performer'\n        ELSE 'Needs Improvement'\n    END AS PerformanceCategory\nFROM \n    ActiveUsers AU\nJOIN \n    Users U ON AU.Id = U.Id\nLEFT JOIN \n    Votes V ON U.Id = V.UserId \nGROUP BY \n    U.DisplayName, AU.Reputation, AU.BadgeCount, AU.PostCount, AU.TotalScore\nORDER BY \n    AU.TotalScore DESC,\n    U.DisplayName ASC;",
    "blocked_thread_time": 0.0,
    "cpu_time": 1.9695029180000008,
    "extra_info": {},
    "cumulative_cardinality": 22506954,
    "cumulative_rows_scanned": 22698063,
    "result_set_size": 6313868,
    "latency": 2.245455313,
    "children": [
        {
            "operator_name": "ORDER_BY",
            "cpu_time": 1.9695029180000008,
            "extra_info": {
                "Order By": [
                    "AU.TotalScore DESC",
                    "U.DisplayName ASC"
                ]
            },
            "cumulative_cardinality": 22506954,
            "operator_type": "ORDER_BY",
            "operator_cardinality": 92851,
            "cumulative_rows_scanned": 22698063,
            "operator_rows_scanned": 0,
            "operator_timing": 0.027997907,
            "result_set_size": 6313868,
            "children": [
                {
                    "operator_name": "PROJECTION",
                    "cpu_time": 1.9415050110000007,
                    "extra_info": {
                        "Projections": [
                            "displayname",
                            "reputation",
                            "BadgeCount",
                            "PostCount",
                            "TotalScore",
                            "PerformanceCategory"
                        ],
                        "Estimated Cardinality": "1260710"
                    },
                    "cumulative_cardinality": 22414103,
                    "operator_type": "PROJECTION",
                    "operator_cardinality": 92851,
                    "cumulative_rows_scanned": 22698063,
                    "operator_rows_scanned": 0,
                    "operator_timing": 0.001295871,
                    "result_set_size": 6313868,
                    "children": [
                        {
                            "operator_name": "HASH_GROUP_BY",
                            "cpu_time": 1.9402091400000008,
                            "extra_info": {
                                "Groups": [
                                    "#0",
                                    "#1",
                                    "#2",
                                    "#3",
                                    "#4"
                                ],
                                "Aggregates": "",
                                "Estimated Cardinality": "1260710"
                            },
                            "cumulative_cardinality": 22321252,
                            "operator_type": "HASH_GROUP_BY",
                            "operator_cardinality": 92851,
                            "cumulative_rows_scanned": 22698063,
                            "operator_rows_scanned": 0,
                            "operator_timing": 0.017422746,
                            "result_set_size": 4828252,
                            "children": [
                                {
                                    "operator_name": "PROJECTION",
                                    "cpu_time": 1.9227863940000007,
                                    "extra_info": {
                                        "Projections": [
                                            "displayname",
                                            "reputation",
                                            "BadgeCount",
                                            "PostCount",
                                            "TotalScore"
                                        ],
                                        "Estimated Cardinality": "12744093"
                                    },
                                    "cumulative_cardinality": 22228401,
                                    "operator_type": "PROJECTION",
                                    "operator_cardinality": 109041,
                                    "cumulative_rows_scanned": 22698063,
                                    "operator_rows_scanned": 0,
                                    "operator_timing": 0.000020379000000000003,
                                    "result_set_size": 5670132,
                                    "children": [
                                        {
                                            "operator_name": "HASH_JOIN",
                                            "cpu_time": 1.9227660150000008,
                                            "extra_info": {
                                                "Join Type": "RIGHT",
                                                "Conditions": "userid = id",
                                                "Estimated Cardinality": "12744093"
                                            },
                                            "cumulative_cardinality": 22119360,
                                            "operator_type": "HASH_JOIN",
                                            "operator_cardinality": 109041,
                                            "cumulative_rows_scanned": 22698063,
                                            "operator_rows_scanned": 0,
                                            "operator_timing": 0.03858447800000024,
                                            "result_set_size": 6106296,
                                            "children": [
                                                {
                                                    "operator_name": "READ_PARQUET ",
                                                    "cpu_time": 0.11476668800000035,
                                                    "extra_info": {
                                                        "Function": "READ_PARQUET",
                                                        "Projections": "userid",
                                                        "Estimated Cardinality": "12744093"
                                                    },
                                                    "cumulative_cardinality": 36795,
                                                    "operator_type": "TABLE_SCAN",
                                                    "operator_cardinality": 36795,
                                                    "cumulative_rows_scanned": 12744093,
                                                    "operator_rows_scanned": 12744093,
                                                    "operator_timing": 0.11476668800000035,
                                                    "result_set_size": 147180,
                                                    "children": []
                                                },
                                                {
                                                    "operator_name": "HASH_JOIN",
                                                    "cpu_time": 1.7694148490000001,
                                                    "extra_info": {
                                                        "Join Type": "INNER",
                                                        "Conditions": "id = id",
                                                        "Estimated Cardinality": "1925058"
                                                    },
                                                    "cumulative_cardinality": 21973524,
                                                    "operator_type": "HASH_JOIN",
                                                    "operator_cardinality": 94054,
                                                    "cumulative_rows_scanned": 9953970,
                                                    "operator_rows_scanned": 0,
                                                    "operator_timing": 0.11501427199999999,
                                                    "result_set_size": 5267024,
                                                    "children": [
                                                        {
                                                            "operator_name": "PROJECTION",
                                                            "cpu_time": 1.505700123,
                                                            "extra_info": {
                                                                "Projections": [
                                                                    "id",
                                                                    "reputation",
                                                                    "BadgeCount",
                                                                    "PostCount",
                                                                    "TotalScore"
                                                                ],
                                                                "Estimated Cardinality": "1925058"
                                                            },
                                                            "cumulative_cardinality": 20618760,
                                                            "operator_type": "PROJECTION",
                                                            "operator_cardinality": 94054,
                                                            "cumulative_rows_scanned": 8693260,
                                                            "operator_rows_scanned": 0,
                                                            "operator_timing": 0.0052149649999999985,
                                                            "result_set_size": 3762160,
                                                            "children": [
                                                                {
                                                                    "operator_name": "HASH_JOIN",
                                                                    "cpu_time": 1.500485158,
                                                                    "extra_info": {
                                                                        "Join Type": "RIGHT",
                                                                        "Conditions": "owneruserid = id",
                                                                        "Estimated Cardinality": "1925058"
                                                                    },
                                                                    "cumulative_cardinality": 20524706,
                                                                    "operator_type": "HASH_JOIN",
                                                                    "operator_cardinality": 94054,
                                                                    "cumulative_rows_scanned": 8693260,
                                                                    "operator_rows_scanned": 0,
                                                                    "operator_timing": 0.01755595,
                                                                    "result_set_size": 3762160,
                                                                    "children": [
                                                                        {
                                                                            "operator_name": "HASH_GROUP_BY",
                                                                            "cpu_time": 0.2749296940000003,
                                                                            "extra_info": {
                                                                                "Groups": "#0",
                                                                                "Aggregates": [
                                                                                    "count_star()",
                                                                                    "sum(#1)"
                                                                                ],
                                                                                "Estimated Cardinality": "1925058"
                                                                            },
                                                                            "cumulative_cardinality": 8071864,
                                                                            "operator_type": "HASH_GROUP_BY",
                                                                            "operator_cardinality": 371632,
                                                                            "cumulative_rows_scanned": 3850116,
                                                                            "operator_rows_scanned": 0,
                                                                            "operator_timing": 0.17345521200000047,
                                                                            "result_set_size": 10405696,
                                                                            "children": [
                                                                                {
                                                                                    "operator_name": "PROJECTION",
                                                                                    "cpu_time": 0.10147448199999981,
                                                                                    "extra_info": {
                                                                                        "Projections": [
                                                                                            "owneruserid",
                                                                                            "score"
                                                                                        ],
                                                                                        "Estimated Cardinality": "3850116"
                                                                                    },
                                                                                    "cumulative_cardinality": 7700232,
                                                                                    "operator_type": "PROJECTION",
                                                                                    "operator_cardinality": 3850116,
                                                                                    "cumulative_rows_scanned": 3850116,
                                                                                    "operator_rows_scanned": 0,
                                                                                    "operator_timing": 0.0005917600000000001,
                                                                                    "result_set_size": 30800928,
                                                                                    "children": [
                                                                                        {
                                                                                            "operator_name": "READ_PARQUET ",
                                                                                            "cpu_time": 0.10088272199999981,
                                                                                            "extra_info": {
                                                                                                "Function": "READ_PARQUET",
                                                                                                "Projections": [
                                                                                                    "id",
                                                                                                    "score",
                                                                                                    "owneruserid"
                                                                                                ],
                                                                                                "Estimated Cardinality": "3850116"
                                                                                            },
                                                                                            "cumulative_cardinality": 3850116,
                                                                                            "operator_type": "TABLE_SCAN",
                                                                                            "operator_cardinality": 3850116,
                                                                                            "cumulative_rows_scanned": 3850116,
                                                                                            "operator_rows_scanned": 3850116,
                                                                                            "operator_timing": 0.10088272199999981,
                                                                                            "result_set_size": 46201392,
                                                                                            "children": []
                                                                                        }
                                                                                    ]
                                                                                }
                                                                            ]
                                                                        },
                                                                        {
                                                                            "operator_name": "HASH_JOIN",
                                                                            "cpu_time": 1.2079995139999997,
                                                                            "extra_info": {
                                                                                "Join Type": "RIGHT",
                                                                                "Conditions": "UserId = id",
                                                                                "Estimated Cardinality": "1260710"
                                                                            },
                                                                            "cumulative_cardinality": 12358788,
                                                                            "operator_type": "HASH_JOIN",
                                                                            "operator_cardinality": 94054,
                                                                            "cumulative_rows_scanned": 4843144,
                                                                            "operator_rows_scanned": 0,
                                                                            "operator_timing": 0.04363473199999999,
                                                                            "result_set_size": 1504864,
                                                                            "children": [
                                                                                {
                                                                                    "operator_name": "PROJECTION",
                                                                                    "cpu_time": 1.1071605709999999,
                                                                                    "extra_info": {
                                                                                        "Projections": [
                                                                                            "UserId",
                                                                                            "BadgeCount"
                                                                                        ],
                                                                                        "Estimated Cardinality": "1260710"
                                                                                    },
                                                                                    "cumulative_cardinality": 12170680,
                                                                                    "operator_type": "PROJECTION",
                                                                                    "operator_cardinality": 1260710,
                                                                                    "cumulative_rows_scanned": 3582434,
                                                                                    "operator_rows_scanned": 0,
                                                                                    "operator_timing": 0.00017044900000000033,
                                                                                    "result_set_size": 15128520,
                                                                                    "children": [
                                                                                        {
                                                                                            "operator_name": "HASH_GROUP_BY",
                                                                                            "cpu_time": 1.1069901219999998,
                                                                                            "extra_info": {
                                                                                                "Groups": [
                                                                                                    "#0",
                                                                                                    "#1"
                                                                                                ],
                                                                                                "Aggregates": "count(#2)",
                                                                                                "Estimated Cardinality": "1260710"
                                                                                            },
                                                                                            "cumulative_cardinality": 10909970,
                                                                                            "operator_type": "HASH_GROUP_BY",
                                                                                            "operator_cardinality": 1260710,
                                                                                            "cumulative_rows_scanned": 3582434,
                                                                                            "operator_rows_scanned": 0,
                                                                                            "operator_timing": 0.5269962789999997,
                                                                                            "result_set_size": 35299880,
                                                                                            "children": [
                                                                                                {
                                                                                                    "operator_name": "PROJECTION",
                                                                                                    "cpu_time": 0.5799938430000001,
                                                                                                    "extra_info": {
                                                                                                        "Projections": [
                                                                                                            "id",
                                                                                                            "displayname",
                                                                                                            "id"
                                                                                                        ],
                                                                                                        "Estimated Cardinality": "2321724"
                                                                                                    },
                                                                                                    "cumulative_cardinality": 9649260,
                                                                                                    "operator_type": "PROJECTION",
                                                                                                    "operator_cardinality": 3033413,
                                                                                                    "cumulative_rows_scanned": 3582434,
                                                                                                    "operator_rows_scanned": 0,
                                                                                                    "operator_timing": 0.0008905880000000008,
                                                                                                    "result_set_size": 72801912,
                                                                                                    "children": [
                                                                                                        {
                                                                                                            "operator_name": "HASH_JOIN",
                                                                                                            "cpu_time": 0.5791032550000001,
                                                                                                            "extra_info": {
                                                                                                                "Join Type": "RIGHT",
                                                                                                                "Conditions": "userid = id",
                                                                                                                "Estimated Cardinality": "2321724"
                                                                                                            },
                                                                                                            "cumulative_cardinality": 6615847,
                                                                                                            "operator_type": "HASH_JOIN",
                                                                                                            "operator_cardinality": 3033413,
                                                                                                            "cumulative_rows_scanned": 3582434,
                                                                                                            "operator_rows_scanned": 0,
                                                                                                            "operator_timing": 0.34250337300000006,
                                                                                                            "result_set_size": 72801912,
                                                                                                            "children": [
                                                                                                                {
                                                                                                                    "operator_name": "READ_PARQUET ",
                                                                                                                    "cpu_time": 0.08834082799999993,
                                                                                                                    "extra_info": {
                                                                                                                        "Function": "READ_PARQUET",
                                                                                                                        "Projections": [
                                                                                                                            "id",
                                                                                                                            "userid"
                                                                                                                        ],
                                                                                                                        "Estimated Cardinality": "2321724"
                                                                                                                    },
                                                                                                                    "cumulative_cardinality": 2321724,
                                                                                                                    "operator_type": "TABLE_SCAN",
                                                                                                                    "operator_cardinality": 2321724,
                                                                                                                    "cumulative_rows_scanned": 2321724,
                                                                                                                    "operator_rows_scanned": 2321724,
                                                                                                                    "operator_timing": 0.08834082799999993,
                                                                                                                    "result_set_size": 18573792,
                                                                                                                    "children": []
                                                                                                                },
                                                                                                                {
                                                                                                                    "operator_name": "READ_PARQUET ",
                                                                                                                    "cpu_time": 0.14825905400000017,
                                                                                                                    "extra_info": {
                                                                                                                        "Function": "READ_PARQUET",
                                                                                                                        "Projections": [
                                                                                                                            "id",
                                                                                                                            "displayname"
                                                                                                                        ],
                                                                                                                        "Estimated Cardinality": "1260710"
                                                                                                                    },
                                                                                                                    "cumulative_cardinality": 1260710,
                                                                                                                    "operator_type": "TABLE_SCAN",
                                                                                                                    "operator_cardinality": 1260710,
                                                                                                                    "cumulative_rows_scanned": 1260710,
                                                                                                                    "operator_rows_scanned": 1260710,
                                                                                                                    "operator_timing": 0.14825905400000017,
                                                                                                                    "result_set_size": 25214200,
                                                                                                                    "children": []
                                                                                                                }
                                                                                                            ]
                                                                                                        }
                                                                                                    ]
                                                                                                }
                                                                                            ]
                                                                                        }
                                                                                    ]
                                                                                },
                                                                                {
                                                                                    "operator_name": "READ_PARQUET ",
                                                                                    "cpu_time": 0.05720421100000002,
                                                                                    "extra_info": {
                                                                                        "Function": "READ_PARQUET",
                                                                                        "Projections": [
                                                                                            "id",
                                                                                            "reputation"
                                                                                        ],
                                                                                        "Filters": "lastaccessdate>='2024-09-01 12:34:56'::TIMESTAMP",
                                                                                        "Estimated Cardinality": "252142"
                                                                                    },
                                                                                    "cumulative_cardinality": 94054,
                                                                                    "operator_type": "TABLE_SCAN",
                                                                                    "operator_cardinality": 94054,
                                                                                    "cumulative_rows_scanned": 1260710,
                                                                                    "operator_rows_scanned": 1260710,
                                                                                    "operator_timing": 0.05720421100000002,
                                                                                    "result_set_size": 752432,
                                                                                    "children": []
                                                                                }
                                                                            ]
                                                                        }
                                                                    ]
                                                                }
                                                            ]
                                                        },
                                                        {
                                                            "operator_name": "READ_PARQUET ",
                                                            "cpu_time": 0.1487004540000001,
                                                            "extra_info": {
                                                                "Function": "READ_PARQUET",
                                                                "Projections": [
                                                                    "id",
                                                                    "displayname"
                                                                ],
                                                                "Estimated Cardinality": "1260710"
                                                            },
                                                            "cumulative_cardinality": 1260710,
                                                            "operator_type": "TABLE_SCAN",
                                                            "operator_cardinality": 1260710,
                                                            "cumulative_rows_scanned": 1260710,
                                                            "operator_rows_scanned": 1260710,
                                                            "operator_timing": 0.1487004540000001,
                                                            "result_set_size": 25214200,
                                                            "children": []
                                                        }
                                                    ]
                                                }
                                            ]
                                        }
                                    ]
                                }
                            ]
                        }
                    ]
                }
            ]
        }
    ]
}