{
    "rows_returned": 7,
    "query_name": "SELECT \n    pt.Name AS PostType,\n    AVG(p.Score) AS AverageScore,\n    AVG(p.ViewCount) AS AverageViewCount,\n    SUM(c.CommentCount) AS TotalComments\nFROM \n    Posts p\nJOIN \n    PostTypes pt ON p.PostTypeId = pt.Id\nLEFT JOIN \n    (SELECT \n        PostId, COUNT(*) AS CommentCount\n     FROM \n        Comments\n     GROUP BY \n        PostId) c ON p.Id = c.PostId\nGROUP BY \n    pt.Name\nORDER BY \n    pt.Name;",
    "blocked_thread_time": 0.0,
    "cpu_time": 0.8024648659999998,
    "extra_info": {},
    "cumulative_cardinality": 32047801,
    "cumulative_rows_scanned": 11091946,
    "result_set_size": 336,
    "latency": 0.868511253,
    "children": [
        {
            "operator_name": "ORDER_BY",
            "cpu_time": 0.8024648659999998,
            "extra_info": {
                "Order By": "pt.\"Name\" ASC"
            },
            "cumulative_cardinality": 32047801,
            "operator_type": "ORDER_BY",
            "operator_cardinality": 7,
            "cumulative_rows_scanned": 11091946,
            "operator_rows_scanned": 0,
            "operator_timing": 0.000036337,
            "result_set_size": 336,
            "children": [
                {
                    "operator_name": "HASH_GROUP_BY",
                    "cpu_time": 0.8024285289999997,
                    "extra_info": {
                        "Groups": "#0",
                        "Aggregates": [
                            "avg(#1)",
                            "avg(#2)",
                            "sum(#3)"
                        ],
                        "Estimated Cardinality": "1925058"
                    },
                    "cumulative_cardinality": 32047794,
                    "operator_type": "HASH_GROUP_BY",
                    "operator_cardinality": 7,
                    "cumulative_rows_scanned": 11091946,
                    "operator_rows_scanned": 0,
                    "operator_timing": 0.10158404199999983,
                    "result_set_size": 336,
                    "children": [
                        {
                            "operator_name": "PROJECTION",
                            "cpu_time": 0.7008444869999999,
                            "extra_info": {
                                "Projections": [
                                    "name",
                                    "score",
                                    "viewcount",
                                    "CommentCount"
                                ],
                                "Estimated Cardinality": "3850116"
                            },
                            "cumulative_cardinality": 32047787,
                            "operator_type": "PROJECTION",
                            "operator_cardinality": 3850116,
                            "cumulative_rows_scanned": 11091946,
                            "operator_rows_scanned": 0,
                            "operator_timing": 0.0009988179999999938,
                            "result_set_size": 123203712,
                            "children": [
                                {
                                    "operator_name": "HASH_JOIN",
                                    "cpu_time": 0.6998456689999999,
                                    "extra_info": {
                                        "Join Type": "LEFT",
                                        "Conditions": "id = postid",
                                        "Estimated Cardinality": "3850116"
                                    },
                                    "cumulative_cardinality": 28197671,
                                    "operator_type": "HASH_JOIN",
                                    "operator_cardinality": 3850116,
                                    "cumulative_rows_scanned": 11091946,
                                    "operator_rows_scanned": 0,
                                    "operator_timing": 0.2776623680000001,
                                    "result_set_size": 123203712,
                                    "children": [
                                        {
                                            "operator_name": "HASH_JOIN",
                                            "cpu_time": 0.12433992399999999,
                                            "extra_info": {
                                                "Join Type": "INNER",
                                                "Conditions": "posttypeid = id",
                                                "Estimated Cardinality": "3850116"
                                            },
                                            "cumulative_cardinality": 7700239,
                                            "operator_type": "HASH_JOIN",
                                            "operator_cardinality": 3850116,
                                            "cumulative_rows_scanned": 3850124,
                                            "operator_rows_scanned": 0,
                                            "operator_timing": 0.008494126000000015,
                                            "result_set_size": 107803248,
                                            "children": [
                                                {
                                                    "operator_name": "READ_PARQUET ",
                                                    "cpu_time": 0.11470753199999997,
                                                    "extra_info": {
                                                        "Function": "READ_PARQUET",
                                                        "Projections": [
                                                            "id",
                                                            "posttypeid",
                                                            "score",
                                                            "viewcount"
                                                        ],
                                                        "Estimated Cardinality": "3850116"
                                                    },
                                                    "cumulative_cardinality": 3850116,
                                                    "operator_type": "TABLE_SCAN",
                                                    "operator_cardinality": 3850116,
                                                    "cumulative_rows_scanned": 3850116,
                                                    "operator_rows_scanned": 3850116,
                                                    "operator_timing": 0.11470753199999997,
                                                    "result_set_size": 53901624,
                                                    "children": []
                                                },
                                                {
                                                    "operator_name": "READ_PARQUET ",
                                                    "cpu_time": 0.001138266,
                                                    "extra_info": {
                                                        "Function": "READ_PARQUET",
                                                        "Projections": [
                                                            "id",
                                                            "name"
                                                        ],
                                                        "Filters": "id<=7",
                                                        "Estimated Cardinality": "8"
                                                    },
                                                    "cumulative_cardinality": 7,
                                                    "operator_type": "TABLE_SCAN",
                                                    "operator_cardinality": 7,
                                                    "cumulative_rows_scanned": 8,
                                                    "operator_rows_scanned": 8,
                                                    "operator_timing": 0.001138266,
                                                    "result_set_size": 126,
                                                    "children": []
                                                }
                                            ]
                                        },
                                        {
                                            "operator_name": "HASH_GROUP_BY",
                                            "cpu_time": 0.29784337699999974,
                                            "extra_info": {
                                                "Groups": "#0",
                                                "Aggregates": "count_star()",
                                                "Estimated Cardinality": "3620911"
                                            },
                                            "cumulative_cardinality": 16647316,
                                            "operator_type": "HASH_GROUP_BY",
                                            "operator_cardinality": 2163672,
                                            "cumulative_rows_scanned": 7241822,
                                            "operator_rows_scanned": 0,
                                            "operator_timing": 0.2551149079999996,
                                            "result_set_size": 25964064,
                                            "children": [
                                                {
                                                    "operator_name": "PROJECTION",
                                                    "cpu_time": 0.042728469000000144,
                                                    "extra_info": {
                                                        "Projections": "postid",
                                                        "Estimated Cardinality": "7241822"
                                                    },
                                                    "cumulative_cardinality": 14483644,
                                                    "operator_type": "PROJECTION",
                                                    "operator_cardinality": 7241822,
                                                    "cumulative_rows_scanned": 7241822,
                                                    "operator_rows_scanned": 0,
                                                    "operator_timing": 0.0003896630000000027,
                                                    "result_set_size": 28967288,
                                                    "children": [
                                                        {
                                                            "operator_name": "READ_PARQUET ",
                                                            "cpu_time": 0.04233880600000014,
                                                            "extra_info": {
                                                                "Function": "READ_PARQUET",
                                                                "Projections": "postid",
                                                                "Estimated Cardinality": "7241822"
                                                            },
                                                            "cumulative_cardinality": 7241822,
                                                            "operator_type": "TABLE_SCAN",
                                                            "operator_cardinality": 7241822,
                                                            "cumulative_rows_scanned": 7241822,
                                                            "operator_rows_scanned": 7241822,
                                                            "operator_timing": 0.04233880600000014,
                                                            "result_set_size": 28967288,
                                                            "children": []
                                                        }
                                                    ]
                                                }
                                            ]
                                        }
                                    ]
                                }
                            ]
                        }
                    ]
                }
            ]
        }
    ]
}