{
    "rows_returned": 7,
    "query_name": "SELECT \n    pt.Name AS PostType,\n    COUNT(p.Id) AS TotalPosts,\n    COALESCE(AVG(p.Score), 0) AS AverageScore,\n    COUNT(c.Id) AS TotalComments\nFROM \n    Posts p\nJOIN \n    PostTypes pt ON p.PostTypeId = pt.Id\nLEFT JOIN \n    Comments c ON p.Id = c.PostId\nGROUP BY \n    pt.Name\nORDER BY \n    TotalPosts DESC;",
    "blocked_thread_time": 0.0,
    "cpu_time": 0.9722969160000002,
    "extra_info": {},
    "cumulative_cardinality": 45576996,
    "cumulative_rows_scanned": 11091946,
    "result_set_size": 280,
    "latency": 1.074521863,
    "children": [
        {
            "operator_name": "ORDER_BY",
            "cpu_time": 0.9722969160000002,
            "extra_info": {
                "Order By": "count(p.Id) DESC"
            },
            "cumulative_cardinality": 45576996,
            "operator_type": "ORDER_BY",
            "operator_cardinality": 7,
            "cumulative_rows_scanned": 11091946,
            "operator_rows_scanned": 0,
            "operator_timing": 0.000026568,
            "result_set_size": 280,
            "children": [
                {
                    "operator_name": "PROJECTION",
                    "cpu_time": 0.9722703480000002,
                    "extra_info": {
                        "Projections": [
                            "PostType",
                            "TotalPosts",
                            "AverageScore",
                            "TotalComments"
                        ],
                        "Estimated Cardinality": "3850116"
                    },
                    "cumulative_cardinality": 45576989,
                    "operator_type": "PROJECTION",
                    "operator_cardinality": 7,
                    "cumulative_rows_scanned": 11091946,
                    "operator_rows_scanned": 0,
                    "operator_timing": 0.000003807,
                    "result_set_size": 280,
                    "children": [
                        {
                            "operator_name": "HASH_GROUP_BY",
                            "cpu_time": 0.9722665410000002,
                            "extra_info": {
                                "Groups": "#0",
                                "Aggregates": [
                                    "count_star()",
                                    "avg(#1)",
                                    "count(#2)"
                                ],
                                "Estimated Cardinality": "3850116"
                            },
                            "cumulative_cardinality": 45576982,
                            "operator_type": "HASH_GROUP_BY",
                            "operator_cardinality": 7,
                            "cumulative_rows_scanned": 11091946,
                            "operator_rows_scanned": 0,
                            "operator_timing": 0.20911485700000015,
                            "result_set_size": 280,
                            "children": [
                                {
                                    "operator_name": "PROJECTION",
                                    "cpu_time": 0.7631516840000001,
                                    "extra_info": {
                                        "Projections": [
                                            "name",
                                            "score",
                                            "id"
                                        ],
                                        "Estimated Cardinality": "7241822"
                                    },
                                    "cumulative_cardinality": 45576975,
                                    "operator_type": "PROJECTION",
                                    "operator_cardinality": 8928266,
                                    "cumulative_rows_scanned": 11091946,
                                    "operator_rows_scanned": 0,
                                    "operator_timing": 0.0008519230000000053,
                                    "result_set_size": 214278384,
                                    "children": [
                                        {
                                            "operator_name": "PROJECTION",
                                            "cpu_time": 0.7622997610000001,
                                            "extra_info": {
                                                "Projections": [
                                                    "#0",
                                                    "#1",
                                                    "__internal_decompress_integral_integer(#2, -72)",
                                                    "#3"
                                                ],
                                                "Estimated Cardinality": "7241822"
                                            },
                                            "cumulative_cardinality": 36648709,
                                            "operator_type": "PROJECTION",
                                            "operator_cardinality": 8928266,
                                            "cumulative_rows_scanned": 11091946,
                                            "operator_rows_scanned": 0,
                                            "operator_timing": 0.0030634959999999985,
                                            "result_set_size": 249991448,
                                            "children": [
                                                {
                                                    "operator_name": "HASH_JOIN",
                                                    "cpu_time": 0.7592362650000001,
                                                    "extra_info": {
                                                        "Join Type": "RIGHT",
                                                        "Conditions": "postid = id",
                                                        "Estimated Cardinality": "7241822"
                                                    },
                                                    "cumulative_cardinality": 27720443,
                                                    "operator_type": "HASH_JOIN",
                                                    "operator_cardinality": 8928266,
                                                    "cumulative_rows_scanned": 11091946,
                                                    "operator_rows_scanned": 0,
                                                    "operator_timing": 0.5366031490000002,
                                                    "result_set_size": 232134916,
                                                    "children": [
                                                        {
                                                            "operator_name": "READ_PARQUET ",
                                                            "cpu_time": 0.12580515800000006,
                                                            "extra_info": {
                                                                "Function": "READ_PARQUET",
                                                                "Projections": [
                                                                    "id",
                                                                    "postid"
                                                                ],
                                                                "Estimated Cardinality": "7241822"
                                                            },
                                                            "cumulative_cardinality": 7241822,
                                                            "operator_type": "TABLE_SCAN",
                                                            "operator_cardinality": 7241822,
                                                            "cumulative_rows_scanned": 7241822,
                                                            "operator_rows_scanned": 7241822,
                                                            "operator_timing": 0.12580515800000006,
                                                            "result_set_size": 57934576,
                                                            "children": []
                                                        },
                                                        {
                                                            "operator_name": "PROJECTION",
                                                            "cpu_time": 0.09682795799999991,
                                                            "extra_info": {
                                                                "Projections": [
                                                                    "#0",
                                                                    "__internal_compress_integral_usmallint(#1, -72)",
                                                                    "#2"
                                                                ],
                                                                "Estimated Cardinality": "3850116"
                                                            },
                                                            "cumulative_cardinality": 11550355,
                                                            "operator_type": "PROJECTION",
                                                            "operator_cardinality": 3850116,
                                                            "cumulative_rows_scanned": 3850124,
                                                            "operator_rows_scanned": 0,
                                                            "operator_timing": 0.0013498710000000038,
                                                            "result_set_size": 84702552,
                                                            "children": [
                                                                {
                                                                    "operator_name": "HASH_JOIN",
                                                                    "cpu_time": 0.0954780869999999,
                                                                    "extra_info": {
                                                                        "Join Type": "INNER",
                                                                        "Conditions": "posttypeid = id",
                                                                        "Estimated Cardinality": "3850116"
                                                                    },
                                                                    "cumulative_cardinality": 7700239,
                                                                    "operator_type": "HASH_JOIN",
                                                                    "operator_cardinality": 3850116,
                                                                    "cumulative_rows_scanned": 3850124,
                                                                    "operator_rows_scanned": 0,
                                                                    "operator_timing": 0.008503797000000013,
                                                                    "result_set_size": 92402784,
                                                                    "children": [
                                                                        {
                                                                            "operator_name": "READ_PARQUET ",
                                                                            "cpu_time": 0.0866503139999999,
                                                                            "extra_info": {
                                                                                "Function": "READ_PARQUET",
                                                                                "Projections": [
                                                                                    "id",
                                                                                    "posttypeid",
                                                                                    "score"
                                                                                ],
                                                                                "Estimated Cardinality": "3850116"
                                                                            },
                                                                            "cumulative_cardinality": 3850116,
                                                                            "operator_type": "TABLE_SCAN",
                                                                            "operator_cardinality": 3850116,
                                                                            "cumulative_rows_scanned": 3850116,
                                                                            "operator_rows_scanned": 3850116,
                                                                            "operator_timing": 0.0866503139999999,
                                                                            "result_set_size": 38501160,
                                                                            "children": []
                                                                        },
                                                                        {
                                                                            "operator_name": "READ_PARQUET ",
                                                                            "cpu_time": 0.000323976,
                                                                            "extra_info": {
                                                                                "Function": "READ_PARQUET",
                                                                                "Projections": [
                                                                                    "id",
                                                                                    "name"
                                                                                ],
                                                                                "Filters": "id<=7",
                                                                                "Estimated Cardinality": "8"
                                                                            },
                                                                            "cumulative_cardinality": 7,
                                                                            "operator_type": "TABLE_SCAN",
                                                                            "operator_cardinality": 7,
                                                                            "cumulative_rows_scanned": 8,
                                                                            "operator_rows_scanned": 8,
                                                                            "operator_timing": 0.000323976,
                                                                            "result_set_size": 126,
                                                                            "children": []
                                                                        }
                                                                    ]
                                                                }
                                                            ]
                                                        }
                                                    ]
                                                }
                                            ]
                                        }
                                    ]
                                }
                            ]
                        }
                    ]
                }
            ]
        }
    ]
}