{
    "rows_returned": 10,
    "query_name": "\nWITH RankedPosts AS (\n    SELECT p.Id,\n           p.Title,\n           p.OwnerUserId,\n           p.CreationDate,\n           p.Score,\n           ROW_NUMBER() OVER (PARTITION BY p.OwnerUserId ORDER BY p.Score DESC) AS PostRank,\n           COUNT(c.Id) AS CommentCount,\n           SUM(CASE WHEN v.VoteTypeId = 2 THEN 1 ELSE 0 END) AS UpvoteCount,\n           SUM(CASE WHEN v.VoteTypeId = 3 THEN 1 ELSE 0 END) AS DownvoteCount\n    FROM Posts p\n    LEFT JOIN Comments c ON p.Id = c.PostId\n    LEFT JOIN Votes v ON p.Id = v.PostId\n    WHERE p.CreationDate >= CAST('2024-10-01 12:34:56' AS TIMESTAMP) - INTERVAL '1 year'\n    GROUP BY p.Id, p.Title, p.OwnerUserId, p.CreationDate, p.Score\n),\nUserStatistics AS (\n    SELECT u.Id AS UserId,\n           u.DisplayName,\n           u.Reputation,\n           COUNT(DISTINCT b.Id) AS BadgeCount,\n           SUM(rp.PostRank) AS TotalPostRank\n    FROM Users u\n    LEFT JOIN Badges b ON u.Id = b.UserId\n    LEFT JOIN RankedPosts rp ON u.Id = rp.OwnerUserId\n    WHERE u.Reputation > 1000\n    GROUP BY u.Id, u.DisplayName, u.Reputation\n    HAVING COUNT(DISTINCT b.Id) > 5\n)\nSELECT us.UserId,\n       us.DisplayName,\n       us.Reputation,\n       us.BadgeCount,\n       COALESCE(MAX(rp.Score), 0) AS MaxPostScore,\n       COALESCE(SUM(rp.CommentCount), 0) AS TotalComments,\n       COALESCE(AVG(rp.UpvoteCount), 0) AS AvgUpvotes,\n       COALESCE(AVG(rp.DownvoteCount), 0) AS AvgDownvotes\nFROM UserStatistics us\nLEFT JOIN RankedPosts rp ON us.UserId = rp.OwnerUserId\nGROUP BY us.UserId, us.DisplayName, us.Reputation, us.BadgeCount\nORDER BY us.Reputation DESC, MaxPostScore DESC\nLIMIT 10;\n",
    "blocked_thread_time": 0.0,
    "cpu_time": 1.8809681889999996,
    "extra_info": {},
    "cumulative_cardinality": 57830759,
    "cumulative_rows_scanned": 27418465,
    "result_set_size": 680,
    "latency": 2.16758686,
    "children": [
        {
            "operator_name": "STREAMING_LIMIT",
            "cpu_time": 1.8809681889999996,
            "extra_info": {},
            "cumulative_cardinality": 57830759,
            "operator_type": "STREAMING_LIMIT",
            "operator_cardinality": 10,
            "cumulative_rows_scanned": 27418465,
            "operator_rows_scanned": 0,
            "operator_timing": 0.000001082,
            "result_set_size": 680,
            "children": [
                {
                    "operator_name": "ORDER_BY",
                    "cpu_time": 1.8809671069999996,
                    "extra_info": {
                        "Order By": [
                            "us.Reputation DESC",
                            "COALESCE(max(rp.Score), 0) DESC"
                        ]
                    },
                    "cumulative_cardinality": 57830749,
                    "operator_type": "ORDER_BY",
                    "operator_cardinality": 4096,
                    "cumulative_rows_scanned": 27418465,
                    "operator_rows_scanned": 0,
                    "operator_timing": 0.0005091200000000001,
                    "result_set_size": 278528,
                    "children": [
                        {
                            "operator_name": "PROJECTION",
                            "cpu_time": 1.8804579869999996,
                            "extra_info": {
                                "Projections": [
                                    "UserId",
                                    "displayname",
                                    "reputation",
                                    "BadgeCount",
                                    "MaxPostScore",
                                    "TotalComments",
                                    "AvgUpvotes",
                                    "AvgDownvotes"
                                ],
                                "Estimated Cardinality": "1925058"
                            },
                            "cumulative_cardinality": 57826653,
                            "operator_type": "PROJECTION",
                            "operator_cardinality": 11215,
                            "cumulative_rows_scanned": 27418465,
                            "operator_rows_scanned": 0,
                            "operator_timing": 0.00028597400000000004,
                            "result_set_size": 762620,
                            "children": [
                                {
                                    "operator_name": "HASH_GROUP_BY",
                                    "cpu_time": 1.8801720129999995,
                                    "extra_info": {
                                        "Groups": [
                                            "#0",
                                            "#1",
                                            "#2",
                                            "#3"
                                        ],
                                        "Aggregates": [
                                            "max(#4)",
                                            "sum(#5)",
                                            "avg(#6)",
                                            "avg(#7)"
                                        ],
                                        "Estimated Cardinality": "1925058"
                                    },
                                    "cumulative_cardinality": 57815438,
                                    "operator_type": "HASH_GROUP_BY",
                                    "operator_cardinality": 11215,
                                    "cumulative_rows_scanned": 27418465,
                                    "operator_rows_scanned": 0,
                                    "operator_timing": 0.006649885000000001,
                                    "result_set_size": 762620,
                                    "children": [
                                        {
                                            "operator_name": "PROJECTION",
                                            "cpu_time": 1.8735221279999994,
                                            "extra_info": {
                                                "Projections": [
                                                    "UserId",
                                                    "displayname",
                                                    "reputation",
                                                    "BadgeCount",
                                                    "score",
                                                    "CommentCount",
                                                    "UpvoteCount",
                                                    "DownvoteCount"
                                                ],
                                                "Estimated Cardinality": "3850116"
                                            },
                                            "cumulative_cardinality": 57804223,
                                            "operator_type": "PROJECTION",
                                            "operator_cardinality": 79810,
                                            "cumulative_rows_scanned": 27418465,
                                            "operator_rows_scanned": 0,
                                            "operator_timing": 0.000028817999999999998,
                                            "result_set_size": 6065560,
                                            "children": [
                                                {
                                                    "operator_name": "CTE",
                                                    "cpu_time": 1.8734933099999993,
                                                    "extra_info": {
                                                        "CTE Name": "RankedPosts",
                                                        "Table Index": "0"
                                                    },
                                                    "cumulative_cardinality": 57724413,
                                                    "operator_type": "CTE",
                                                    "operator_cardinality": 0,
                                                    "cumulative_rows_scanned": 27418465,
                                                    "operator_rows_scanned": 0,
                                                    "operator_timing": 0.004021062000000001,
                                                    "result_set_size": 0,
                                                    "children": [
                                                        {
                                                            "operator_name": "PROJECTION",
                                                            "cpu_time": 0.8938534449999997,
                                                            "extra_info": {
                                                                "Projections": [
                                                                    "id",
                                                                    "title",
                                                                    "owneruserid",
                                                                    "creationdate",
                                                                    "score",
                                                                    "PostRank",
                                                                    "CommentCount",
                                                                    "UpvoteCount",
                                                                    "DownvoteCount"
                                                                ],
                                                                "Estimated Cardinality": "3850116"
                                                            },
                                                            "cumulative_cardinality": 30816752,
                                                            "operator_type": "PROJECTION",
                                                            "operator_cardinality": 145542,
                                                            "cumulative_rows_scanned": 23836031,
                                                            "operator_rows_scanned": 0,
                                                            "operator_timing": 0.00003075799999999999,
                                                            "result_set_size": 12225528,
                                                            "children": [
                                                                {
                                                                    "operator_name": "PROJECTION",
                                                                    "cpu_time": 0.8938226869999998,
                                                                    "extra_info": {
                                                                        "Projections": [
                                                                            "#0",
                                                                            "#1",
                                                                            "#2",
                                                                            "#3",
                                                                            "#4",
                                                                            "#5",
                                                                            "#6",
                                                                            "#7",
                                                                            "#8"
                                                                        ],
                                                                        "Estimated Cardinality": "3850116"
                                                                    },
                                                                    "cumulative_cardinality": 30671210,
                                                                    "operator_type": "PROJECTION",
                                                                    "operator_cardinality": 145542,
                                                                    "cumulative_rows_scanned": 23836031,
                                                                    "operator_rows_scanned": 0,
                                                                    "operator_timing": 0.000032781999999999985,
                                                                    "result_set_size": 12225528,
                                                                    "children": [
                                                                        {
                                                                            "operator_name": "WINDOW",
                                                                            "cpu_time": 0.8937899049999998,
                                                                            "extra_info": {
                                                                                "Projections": "ROW_NUMBER() OVER (PARTITION BY owneruserid ORDER BY score DESC NULLS LAST)"
                                                                            },
                                                                            "cumulative_cardinality": 30525668,
                                                                            "operator_type": "WINDOW",
                                                                            "operator_cardinality": 145542,
                                                                            "cumulative_rows_scanned": 23836031,
                                                                            "operator_rows_scanned": 0,
                                                                            "operator_timing": 0.037721081000000004,
                                                                            "result_set_size": 12225528,
                                                                            "children": [
                                                                                {
                                                                                    "operator_name": "PROJECTION",
                                                                                    "cpu_time": 0.8560688239999997,
                                                                                    "extra_info": {
                                                                                        "Projections": [
                                                                                            "#0",
                                                                                            "#1",
                                                                                            "#2",
                                                                                            "#3",
                                                                                            "__internal_decompress_integral_integer(#4, -72)",
                                                                                            "#5",
                                                                                            "#6",
                                                                                            "#7"
                                                                                        ],
                                                                                        "Estimated Cardinality": "3850116"
                                                                                    },
                                                                                    "cumulative_cardinality": 30380126,
                                                                                    "operator_type": "PROJECTION",
                                                                                    "operator_cardinality": 145542,
                                                                                    "cumulative_rows_scanned": 23836031,
                                                                                    "operator_rows_scanned": 0,
                                                                                    "operator_timing": 0.00006970399999999998,
                                                                                    "result_set_size": 11061192,
                                                                                    "children": [
                                                                                        {
                                                                                            "operator_name": "HASH_GROUP_BY",
                                                                                            "cpu_time": 0.8559991199999998,
                                                                                            "extra_info": {
                                                                                                "Groups": [
                                                                                                    "#0",
                                                                                                    "#1",
                                                                                                    "#2",
                                                                                                    "#3",
                                                                                                    "#4"
                                                                                                ],
                                                                                                "Aggregates": [
                                                                                                    "count(#5)",
                                                                                                    "sum(#6)",
                                                                                                    "sum(#7)"
                                                                                                ],
                                                                                                "Estimated Cardinality": "3850116"
                                                                                            },
                                                                                            "cumulative_cardinality": 30234584,
                                                                                            "operator_type": "HASH_GROUP_BY",
                                                                                            "operator_cardinality": 145542,
                                                                                            "cumulative_rows_scanned": 23836031,
                                                                                            "operator_rows_scanned": 0,
                                                                                            "operator_timing": 0.07841615800000001,
                                                                                            "result_set_size": 10770108,
                                                                                            "children": [
                                                                                                {
                                                                                                    "operator_name": "PROJECTION",
                                                                                                    "cpu_time": 0.7775829619999998,
                                                                                                    "extra_info": {
                                                                                                        "Projections": [
                                                                                                            "id",
                                                                                                            "title",
                                                                                                            "owneruserid",
                                                                                                            "creationdate",
                                                                                                            "score",
                                                                                                            "id",
                                                                                                            "CASE  WHEN ((votetypeid = 2)) THEN (1) ELSE 0 END",
                                                                                                            "CASE  WHEN ((votetypeid = 3)) THEN (1) ELSE 0 END"
                                                                                                        ],
                                                                                                        "Estimated Cardinality": "12744093"
                                                                                                    },
                                                                                                    "cumulative_cardinality": 30089042,
                                                                                                    "operator_type": "PROJECTION",
                                                                                                    "operator_cardinality": 954760,
                                                                                                    "cumulative_rows_scanned": 23836031,
                                                                                                    "operator_rows_scanned": 0,
                                                                                                    "operator_timing": 0.0041844799999999965,
                                                                                                    "result_set_size": 43918960,
                                                                                                    "children": [
                                                                                                        {
                                                                                                            "operator_name": "PROJECTION",
                                                                                                            "cpu_time": 0.7733984819999997,
                                                                                                            "extra_info": {
                                                                                                                "Projections": [
                                                                                                                    "#0",
                                                                                                                    "#1",
                                                                                                                    "#2",
                                                                                                                    "__internal_compress_integral_usmallint(#3, -72)",
                                                                                                                    "#4",
                                                                                                                    "#5",
                                                                                                                    "#6"
                                                                                                                ],
                                                                                                                "Estimated Cardinality": "12744093"
                                                                                                            },
                                                                                                            "cumulative_cardinality": 29134282,
                                                                                                            "operator_type": "PROJECTION",
                                                                                                            "operator_cardinality": 954760,
                                                                                                            "cumulative_rows_scanned": 23836031,
                                                                                                            "operator_rows_scanned": 0,
                                                                                                            "operator_timing": 0.001149077,
                                                                                                            "result_set_size": 38190400,
                                                                                                            "children": [
                                                                                                                {
                                                                                                                    "operator_name": "PROJECTION",
                                                                                                                    "cpu_time": 0.7722494049999997,
                                                                                                                    "extra_info": {
                                                                                                                        "Projections": [
                                                                                                                            "#0",
                                                                                                                            "#1",
                                                                                                                            "#2",
                                                                                                                            "#3",
                                                                                                                            "#4",
                                                                                                                            "#5",
                                                                                                                            "__internal_decompress_integral_smallint(#6, 1)"
                                                                                                                        ],
                                                                                                                        "Estimated Cardinality": "12744093"
                                                                                                                    },
                                                                                                                    "cumulative_cardinality": 28179522,
                                                                                                                    "operator_type": "PROJECTION",
                                                                                                                    "operator_cardinality": 954760,
                                                                                                                    "cumulative_rows_scanned": 23836031,
                                                                                                                    "operator_rows_scanned": 0,
                                                                                                                    "operator_timing": 0.0005908929999999998,
                                                                                                                    "result_set_size": 40099920,
                                                                                                                    "children": [
                                                                                                                        {
                                                                                                                            "operator_name": "HASH_JOIN",
                                                                                                                            "cpu_time": 0.7716585119999997,
                                                                                                                            "extra_info": {
                                                                                                                                "Join Type": "LEFT",
                                                                                                                                "Conditions": "id = postid",
                                                                                                                                "Estimated Cardinality": "12744093"
                                                                                                                            },
                                                                                                                            "cumulative_cardinality": 27224762,
                                                                                                                            "operator_type": "HASH_JOIN",
                                                                                                                            "operator_cardinality": 954760,
                                                                                                                            "cumulative_rows_scanned": 23836031,
                                                                                                                            "operator_rows_scanned": 0,
                                                                                                                            "operator_timing": 0.5311342910000004,
                                                                                                                            "result_set_size": 39145160,
                                                                                                                            "children": [
                                                                                                                                {
                                                                                                                                    "operator_name": "HASH_JOIN",
                                                                                                                                    "cpu_time": 0.107040294,
                                                                                                                                    "extra_info": {
                                                                                                                                        "Join Type": "RIGHT",
                                                                                                                                        "Conditions": "postid = id",
                                                                                                                                        "Estimated Cardinality": "7241822"
                                                                                                                                    },
                                                                                                                                    "cumulative_cardinality": 781816,
                                                                                                                                    "operator_type": "HASH_JOIN",
                                                                                                                                    "operator_cardinality": 349210,
                                                                                                                                    "cumulative_rows_scanned": 11091938,
                                                                                                                                    "operator_rows_scanned": 0,
                                                                                                                                    "operator_timing": 0.025681033000000002,
                                                                                                                                    "result_set_size": 13968400,
                                                                                                                                    "children": [
                                                                                                                                        {
                                                                                                                                            "operator_name": "READ_PARQUET ",
                                                                                                                                            "cpu_time": 0.013500654000000004,
                                                                                                                                            "extra_info": {
                                                                                                                                                "Function": "READ_PARQUET",
                                                                                                                                                "Projections": [
                                                                                                                                                    "id",
                                                                                                                                                    "postid"
                                                                                                                                                ],
                                                                                                                                                "Estimated Cardinality": "7241822"
                                                                                                                                            },
                                                                                                                                            "cumulative_cardinality": 287064,
                                                                                                                                            "operator_type": "TABLE_SCAN",
                                                                                                                                            "operator_cardinality": 287064,
                                                                                                                                            "cumulative_rows_scanned": 7241822,
                                                                                                                                            "operator_rows_scanned": 7241822,
                                                                                                                                            "operator_timing": 0.013500654000000004,
                                                                                                                                            "result_set_size": 2296512,
                                                                                                                                            "children": []
                                                                                                                                        },
                                                                                                                                        {
                                                                                                                                            "operator_name": "READ_PARQUET ",
                                                                                                                                            "cpu_time": 0.06785860699999999,
                                                                                                                                            "extra_info": {
                                                                                                                                                "Function": "READ_PARQUET",
                                                                                                                                                "Projections": [
                                                                                                                                                    "id",
                                                                                                                                                    "creationdate",
                                                                                                                                                    "score",
                                                                                                                                                    "owneruserid",
                                                                                                                                                    "title"
                                                                                                                                                ],
                                                                                                                                                "Filters": "creationdate>='2023-10-01 12:34:56'::TIMESTAMP",
                                                                                                                                                "Estimated Cardinality": "770023"
                                                                                                                                            },
                                                                                                                                            "cumulative_cardinality": 145542,
                                                                                                                                            "operator_type": "TABLE_SCAN",
                                                                                                                                            "operator_cardinality": 145542,
                                                                                                                                            "cumulative_rows_scanned": 3850116,
                                                                                                                                            "operator_rows_scanned": 3850116,
                                                                                                                                            "operator_timing": 0.06785860699999999,
                                                                                                                                            "result_set_size": 5239512,
                                                                                                                                            "children": []
                                                                                                                                        }
                                                                                                                                    ]
                                                                                                                                },
                                                                                                                                {
                                                                                                                                    "operator_name": "PROJECTION",
                                                                                                                                    "cpu_time": 0.13348392699999925,
                                                                                                                                    "extra_info": {
                                                                                                                                        "Projections": [
                                                                                                                                            "#0",
                                                                                                                                            "__internal_compress_integral_utinyint(#1, 1)"
                                                                                                                                        ],
                                                                                                                                        "Estimated Cardinality": "12744093"
                                                                                                                                    },
                                                                                                                                    "cumulative_cardinality": 25488186,
                                                                                                                                    "operator_type": "PROJECTION",
                                                                                                                                    "operator_cardinality": 12744093,
                                                                                                                                    "cumulative_rows_scanned": 12744093,
                                                                                                                                    "operator_rows_scanned": 0,
                                                                                                                                    "operator_timing": 0.0034481739999999298,
                                                                                                                                    "result_set_size": 63720465,
                                                                                                                                    "children": [
                                                                                                                                        {
                                                                                                                                            "operator_name": "READ_PARQUET ",
                                                                                                                                            "cpu_time": 0.1300357529999993,
                                                                                                                                            "extra_info": {
                                                                                                                                                "Function": "READ_PARQUET",
                                                                                                                                                "Projections": [
                                                                                                                                                    "postid",
                                                                                                                                                    "votetypeid"
                                                                                                                                                ],
                                                                                                                                                "Estimated Cardinality": "12744093"
                                                                                                                                            },
                                                                                                                                            "cumulative_cardinality": 12744093,
                                                                                                                                            "operator_type": "TABLE_SCAN",
                                                                                                                                            "operator_cardinality": 12744093,
                                                                                                                                            "cumulative_rows_scanned": 12744093,
                                                                                                                                            "operator_rows_scanned": 12744093,
                                                                                                                                            "operator_timing": 0.1300357529999993,
                                                                                                                                            "result_set_size": 76464558,
                                                                                                                                            "children": []
                                                                                                                                        }
                                                                                                                                    ]
                                                                                                                                }
                                                                                                                            ]
                                                                                                                        }
                                                                                                                    ]
                                                                                                                }
                                                                                                            ]
                                                                                                        }
                                                                                                    ]
                                                                                                }
                                                                                            ]
                                                                                        }
                                                                                    ]
                                                                                }
                                                                            ]
                                                                        }
                                                                    ]
                                                                }
                                                            ]
                                                        },
                                                        {
                                                            "operator_name": "HASH_JOIN",
                                                            "cpu_time": 0.9756188029999997,
                                                            "extra_info": {
                                                                "Join Type": "RIGHT",
                                                                "Conditions": "owneruserid = UserId",
                                                                "Estimated Cardinality": "3850116"
                                                            },
                                                            "cumulative_cardinality": 26907661,
                                                            "operator_type": "HASH_JOIN",
                                                            "operator_cardinality": 79810,
                                                            "cumulative_rows_scanned": 3582434,
                                                            "operator_rows_scanned": 0,
                                                            "operator_timing": 0.003437904,
                                                            "result_set_size": 10534920,
                                                            "children": [
                                                                {
                                                                    "operator_name": "CTE_SCAN",
                                                                    "cpu_time": 0.0008775489999999999,
                                                                    "extra_info": {
                                                                        "CTE Index": "0",
                                                                        "Estimated Cardinality": "3850116"
                                                                    },
                                                                    "cumulative_cardinality": 145542,
                                                                    "operator_type": "CTE_SCAN",
                                                                    "operator_cardinality": 145542,
                                                                    "cumulative_rows_scanned": 0,
                                                                    "operator_rows_scanned": 0,
                                                                    "operator_timing": 0.0008775489999999999,
                                                                    "result_set_size": 12225528,
                                                                    "children": []
                                                                },
                                                                {
                                                                    "operator_name": "FILTER",
                                                                    "cpu_time": 0.9713033499999997,
                                                                    "extra_info": {
                                                                        "Expression": "(BadgeCount > 5)",
                                                                        "Estimated Cardinality": "252142"
                                                                    },
                                                                    "cumulative_cardinality": 26682309,
                                                                    "operator_type": "FILTER",
                                                                    "operator_cardinality": 11215,
                                                                    "cumulative_rows_scanned": 3582434,
                                                                    "operator_rows_scanned": 0,
                                                                    "operator_timing": 0.000020799,
                                                                    "result_set_size": 538320,
                                                                    "children": [
                                                                        {
                                                                            "operator_name": "HASH_GROUP_BY",
                                                                            "cpu_time": 0.9712825509999997,
                                                                            "extra_info": {
                                                                                "Groups": [
                                                                                    "#0",
                                                                                    "#1",
                                                                                    "#2"
                                                                                ],
                                                                                "Aggregates": [
                                                                                    "count(DISTINCT #3)",
                                                                                    "sum(#4)"
                                                                                ],
                                                                                "Estimated Cardinality": "1260710"
                                                                            },
                                                                            "cumulative_cardinality": 26671094,
                                                                            "operator_type": "HASH_GROUP_BY",
                                                                            "operator_cardinality": 11215,
                                                                            "cumulative_rows_scanned": 3582434,
                                                                            "operator_rows_scanned": 0,
                                                                            "operator_timing": 0.6497921239999999,
                                                                            "result_set_size": 538320,
                                                                            "children": [
                                                                                {
                                                                                    "operator_name": "PROJECTION",
                                                                                    "cpu_time": 0.32149042699999986,
                                                                                    "extra_info": {
                                                                                        "Projections": [
                                                                                            "id",
                                                                                            "displayname",
                                                                                            "reputation",
                                                                                            "id",
                                                                                            "PostRank"
                                                                                        ],
                                                                                        "Estimated Cardinality": "3850116"
                                                                                    },
                                                                                    "cumulative_cardinality": 26659879,
                                                                                    "operator_type": "PROJECTION",
                                                                                    "operator_cardinality": 11776487,
                                                                                    "cumulative_rows_scanned": 3582434,
                                                                                    "operator_rows_scanned": 0,
                                                                                    "operator_timing": 0.0014534819999999656,
                                                                                    "result_set_size": 423953532,
                                                                                    "children": [
                                                                                        {
                                                                                            "operator_name": "HASH_JOIN",
                                                                                            "cpu_time": 0.3200369449999999,
                                                                                            "extra_info": {
                                                                                                "Join Type": "RIGHT",
                                                                                                "Conditions": "owneruserid = id",
                                                                                                "Estimated Cardinality": "3850116"
                                                                                            },
                                                                                            "cumulative_cardinality": 14883392,
                                                                                            "operator_type": "HASH_JOIN",
                                                                                            "operator_cardinality": 11776487,
                                                                                            "cumulative_rows_scanned": 3582434,
                                                                                            "operator_rows_scanned": 0,
                                                                                            "operator_timing": 0.1666000169999999,
                                                                                            "result_set_size": 423953532,
                                                                                            "children": [
                                                                                                {
                                                                                                    "operator_name": "CTE_SCAN",
                                                                                                    "cpu_time": 0.0005972470000000002,
                                                                                                    "extra_info": {
                                                                                                        "CTE Index": "0",
                                                                                                        "Estimated Cardinality": "3850116"
                                                                                                    },
                                                                                                    "cumulative_cardinality": 145542,
                                                                                                    "operator_type": "CTE_SCAN",
                                                                                                    "operator_cardinality": 145542,
                                                                                                    "cumulative_rows_scanned": 0,
                                                                                                    "operator_rows_scanned": 0,
                                                                                                    "operator_timing": 0.0005972470000000002,
                                                                                                    "result_set_size": 12225528,
                                                                                                    "children": []
                                                                                                },
                                                                                                {
                                                                                                    "operator_name": "HASH_JOIN",
                                                                                                    "cpu_time": 0.152839681,
                                                                                                    "extra_info": {
                                                                                                        "Join Type": "RIGHT",
                                                                                                        "Conditions": "userid = id",
                                                                                                        "Estimated Cardinality": "2321724"
                                                                                                    },
                                                                                                    "cumulative_cardinality": 2961363,
                                                                                                    "operator_type": "HASH_JOIN",
                                                                                                    "operator_cardinality": 632948,
                                                                                                    "cumulative_rows_scanned": 3582434,
                                                                                                    "operator_rows_scanned": 0,
                                                                                                    "operator_timing": 0.04336783200000001,
                                                                                                    "result_set_size": 17722544,
                                                                                                    "children": [
                                                                                                        {
                                                                                                            "operator_name": "READ_PARQUET ",
                                                                                                            "cpu_time": 0.040312067999999986,
                                                                                                            "extra_info": {
                                                                                                                "Function": "READ_PARQUET",
                                                                                                                "Projections": [
                                                                                                                    "id",
                                                                                                                    "userid"
                                                                                                                ],
                                                                                                                "Estimated Cardinality": "2321724"
                                                                                                            },
                                                                                                            "cumulative_cardinality": 2317200,
                                                                                                            "operator_type": "TABLE_SCAN",
                                                                                                            "operator_cardinality": 2317200,
                                                                                                            "cumulative_rows_scanned": 2321724,
                                                                                                            "operator_rows_scanned": 2321724,
                                                                                                            "operator_timing": 0.040312067999999986,
                                                                                                            "result_set_size": 18537600,
                                                                                                            "children": []
                                                                                                        },
                                                                                                        {
                                                                                                            "operator_name": "READ_PARQUET ",
                                                                                                            "cpu_time": 0.06915978100000002,
                                                                                                            "extra_info": {
                                                                                                                "Function": "READ_PARQUET",
                                                                                                                "Projections": [
                                                                                                                    "id",
                                                                                                                    "reputation",
                                                                                                                    "displayname"
                                                                                                                ],
                                                                                                                "Filters": "reputation>1000",
                                                                                                                "Estimated Cardinality": "252142"
                                                                                                            },
                                                                                                            "cumulative_cardinality": 11215,
                                                                                                            "operator_type": "TABLE_SCAN",
                                                                                                            "operator_cardinality": 11215,
                                                                                                            "cumulative_rows_scanned": 1260710,
                                                                                                            "operator_rows_scanned": 1260710,
                                                                                                            "operator_timing": 0.06915978100000002,
                                                                                                            "result_set_size": 269160,
                                                                                                            "children": []
                                                                                                        }
                                                                                                    ]
                                                                                                }
                                                                                            ]
                                                                                        }
                                                                                    ]
                                                                                }
                                                                            ]
                                                                        }
                                                                    ]
                                                                }
                                                            ]
                                                        }
                                                    ]
                                                }
                                            ]
                                        }
                                    ]
                                }
                            ]
                        }
                    ]
                }
            ]
        }
    ]
}