{
    "rows_returned": 100,
    "query_name": "\nSELECT \n    p.Id AS PostId,\n    p.Title,\n    p.CreationDate,\n    p.ViewCount,\n    p.Score,\n    u.DisplayName AS OwnerDisplayName,\n    COUNT(c.Id) AS CommentCount,\n    COUNT(v.Id) AS VoteCount,\n    (SELECT COUNT(*) FROM Posts p2 WHERE p2.ParentId = p.Id) AS AnswerCount\nFROM \n    Posts p\nJOIN \n    Users u ON p.OwnerUserId = u.Id\nLEFT JOIN \n    Comments c ON p.Id = c.PostId\nLEFT JOIN \n    Votes v ON p.Id = v.PostId\nWHERE \n    p.PostTypeId = 1 \nGROUP BY \n    p.Id, p.Title, p.CreationDate, p.ViewCount, p.Score, u.DisplayName\nORDER BY \n    p.CreationDate DESC\nLIMIT 100;\n",
    "blocked_thread_time": 0.0,
    "cpu_time": 4.85055728,
    "extra_info": {},
    "cumulative_cardinality": 101009995,
    "cumulative_rows_scanned": 28946857,
    "result_set_size": 7600,
    "latency": 5.589297853,
    "children": [
        {
            "operator_name": "STREAMING_LIMIT",
            "cpu_time": 4.85055728,
            "extra_info": {},
            "cumulative_cardinality": 101009995,
            "operator_type": "STREAMING_LIMIT",
            "operator_cardinality": 100,
            "cumulative_rows_scanned": 28946857,
            "operator_rows_scanned": 0,
            "operator_timing": 0.000001452,
            "result_set_size": 7600,
            "children": [
                {
                    "operator_name": "PROJECTION",
                    "cpu_time": 4.850555828,
                    "extra_info": {
                        "Projections": [
                            "#0",
                            "#1",
                            "#2",
                            "#3",
                            "__internal_decompress_integral_integer(#4, -72)",
                            "#5",
                            "#6",
                            "#7",
                            "#8"
                        ],
                        "Estimated Cardinality": "3850116"
                    },
                    "cumulative_cardinality": 101009895,
                    "operator_type": "PROJECTION",
                    "operator_cardinality": 4096,
                    "cumulative_rows_scanned": 28946857,
                    "operator_rows_scanned": 0,
                    "operator_timing": 0.000005852,
                    "result_set_size": 311296,
                    "children": [
                        {
                            "operator_name": "ORDER_BY",
                            "cpu_time": 4.850549976,
                            "extra_info": {
                                "Order By": "p.CreationDate DESC"
                            },
                            "cumulative_cardinality": 101005799,
                            "operator_type": "ORDER_BY",
                            "operator_cardinality": 4096,
                            "cumulative_rows_scanned": 28946857,
                            "operator_rows_scanned": 0,
                            "operator_timing": 0.15247534399999998,
                            "result_set_size": 303104,
                            "children": [
                                {
                                    "operator_name": "PROJECTION",
                                    "cpu_time": 4.698074632,
                                    "extra_info": {
                                        "Projections": [
                                            "#0",
                                            "#1",
                                            "#2",
                                            "#3",
                                            "__internal_compress_integral_usmallint(#4, -72)",
                                            "#5",
                                            "#6",
                                            "#7",
                                            "#8"
                                        ],
                                        "Estimated Cardinality": "3850116"
                                    },
                                    "cumulative_cardinality": 101001703,
                                    "operator_type": "PROJECTION",
                                    "operator_cardinality": 1589663,
                                    "cumulative_rows_scanned": 28946857,
                                    "operator_rows_scanned": 0,
                                    "operator_timing": 0.0011828609999999988,
                                    "result_set_size": 117635062,
                                    "children": [
                                        {
                                            "operator_name": "LEFT_DELIM_JOIN",
                                            "cpu_time": 4.696891771,
                                            "extra_info": {
                                                "Join Type": "SINGLE",
                                                "Conditions": "id IS NOT DISTINCT FROM id",
                                                "Estimated Cardinality": "3850116",
                                                "Delim Index": "1"
                                            },
                                            "cumulative_cardinality": 99412040,
                                            "operator_type": "LEFT_DELIM_JOIN",
                                            "operator_cardinality": 0,
                                            "cumulative_rows_scanned": 28946857,
                                            "operator_rows_scanned": 0,
                                            "operator_timing": 0.12933007399999996,
                                            "result_set_size": 0,
                                            "children": [
                                                {
                                                    "operator_name": "PROJECTION",
                                                    "cpu_time": 3.9458593550000005,
                                                    "extra_info": {
                                                        "Projections": [
                                                            "#0",
                                                            "#1",
                                                            "#2",
                                                            "#3",
                                                            "__internal_decompress_integral_integer(#4, -72)",
                                                            "#5",
                                                            "#6",
                                                            "#7"
                                                        ],
                                                        "Estimated Cardinality": "3850116"
                                                    },
                                                    "cumulative_cardinality": 80222012,
                                                    "operator_type": "PROJECTION",
                                                    "operator_cardinality": 1589663,
                                                    "cumulative_rows_scanned": 25096741,
                                                    "operator_rows_scanned": 0,
                                                    "operator_timing": 0.003578194000000003,
                                                    "result_set_size": 108097084,
                                                    "children": [
                                                        {
                                                            "operator_name": "HASH_GROUP_BY",
                                                            "cpu_time": 3.9422811610000004,
                                                            "extra_info": {
                                                                "Groups": [
                                                                    "#0",
                                                                    "#1",
                                                                    "#2",
                                                                    "#3",
                                                                    "#4",
                                                                    "#5"
                                                                ],
                                                                "Aggregates": [
                                                                    "count(#6)",
                                                                    "count(#7)"
                                                                ],
                                                                "Estimated Cardinality": "3850116"
                                                            },
                                                            "cumulative_cardinality": 78632349,
                                                            "operator_type": "HASH_GROUP_BY",
                                                            "operator_cardinality": 1589663,
                                                            "cumulative_rows_scanned": 25096741,
                                                            "operator_rows_scanned": 0,
                                                            "operator_timing": 1.517370842999999,
                                                            "result_set_size": 104917758,
                                                            "children": [
                                                                {
                                                                    "operator_name": "PROJECTION",
                                                                    "cpu_time": 2.424910318000001,
                                                                    "extra_info": {
                                                                        "Projections": [
                                                                            "id",
                                                                            "title",
                                                                            "creationdate",
                                                                            "viewcount",
                                                                            "score",
                                                                            "displayname",
                                                                            "id",
                                                                            "id"
                                                                        ],
                                                                        "Estimated Cardinality": "12744093"
                                                                    },
                                                                    "cumulative_cardinality": 77042686,
                                                                    "operator_type": "PROJECTION",
                                                                    "operator_cardinality": 16029662,
                                                                    "cumulative_rows_scanned": 25096741,
                                                                    "operator_rows_scanned": 0,
                                                                    "operator_timing": 0.004980010000000036,
                                                                    "result_set_size": 929720396,
                                                                    "children": [
                                                                        {
                                                                            "operator_name": "PROJECTION",
                                                                            "cpu_time": 2.419930308000001,
                                                                            "extra_info": {
                                                                                "Projections": [
                                                                                    "#0",
                                                                                    "#1",
                                                                                    "#2",
                                                                                    "#3",
                                                                                    "__internal_compress_integral_usmallint(#4, -72)",
                                                                                    "#5",
                                                                                    "#6",
                                                                                    "#7"
                                                                                ],
                                                                                "Estimated Cardinality": "12744093"
                                                                            },
                                                                            "cumulative_cardinality": 61013024,
                                                                            "operator_type": "PROJECTION",
                                                                            "operator_cardinality": 16029662,
                                                                            "cumulative_rows_scanned": 25096741,
                                                                            "operator_rows_scanned": 0,
                                                                            "operator_timing": 0.023626991999999906,
                                                                            "result_set_size": 929720396,
                                                                            "children": [
                                                                                {
                                                                                    "operator_name": "HASH_JOIN",
                                                                                    "cpu_time": 2.396303316000001,
                                                                                    "extra_info": {
                                                                                        "Join Type": "LEFT",
                                                                                        "Conditions": "id = postid",
                                                                                        "Estimated Cardinality": "12744093"
                                                                                    },
                                                                                    "cumulative_cardinality": 44983362,
                                                                                    "operator_type": "HASH_JOIN",
                                                                                    "operator_cardinality": 16029662,
                                                                                    "cumulative_rows_scanned": 25096741,
                                                                                    "operator_rows_scanned": 0,
                                                                                    "operator_timing": 0.8112357450000025,
                                                                                    "result_set_size": 961779720,
                                                                                    "children": [
                                                                                        {
                                                                                            "operator_name": "HASH_JOIN",
                                                                                            "cpu_time": 1.451424899999999,
                                                                                            "extra_info": {
                                                                                                "Join Type": "RIGHT",
                                                                                                "Conditions": "postid = id",
                                                                                                "Estimated Cardinality": "7241822"
                                                                                            },
                                                                                            "cumulative_cardinality": 16209607,
                                                                                            "operator_type": "HASH_JOIN",
                                                                                            "operator_cardinality": 4449281,
                                                                                            "cumulative_rows_scanned": 12352648,
                                                                                            "operator_rows_scanned": 0,
                                                                                            "operator_timing": 0.4758513390000001,
                                                                                            "result_set_size": 249159736,
                                                                                            "children": [
                                                                                                {
                                                                                                    "operator_name": "READ_PARQUET ",
                                                                                                    "cpu_time": 0.12308720899999984,
                                                                                                    "extra_info": {
                                                                                                        "Function": "READ_PARQUET",
                                                                                                        "Projections": [
                                                                                                            "id",
                                                                                                            "postid"
                                                                                                        ],
                                                                                                        "Estimated Cardinality": "7241822"
                                                                                                    },
                                                                                                    "cumulative_cardinality": 7241822,
                                                                                                    "operator_type": "TABLE_SCAN",
                                                                                                    "operator_cardinality": 7241822,
                                                                                                    "cumulative_rows_scanned": 7241822,
                                                                                                    "operator_rows_scanned": 7241822,
                                                                                                    "operator_timing": 0.12308720899999984,
                                                                                                    "result_set_size": 57934576,
                                                                                                    "children": []
                                                                                                },
                                                                                                {
                                                                                                    "operator_name": "HASH_JOIN",
                                                                                                    "cpu_time": 0.8524863519999991,
                                                                                                    "extra_info": {
                                                                                                        "Join Type": "INNER",
                                                                                                        "Conditions": "id = owneruserid",
                                                                                                        "Estimated Cardinality": "770023"
                                                                                                    },
                                                                                                    "cumulative_cardinality": 4518504,
                                                                                                    "operator_type": "HASH_JOIN",
                                                                                                    "operator_cardinality": 1589663,
                                                                                                    "cumulative_rows_scanned": 5110826,
                                                                                                    "operator_rows_scanned": 0,
                                                                                                    "operator_timing": 0.24980070699999965,
                                                                                                    "result_set_size": 82662476,
                                                                                                    "children": [
                                                                                                        {
                                                                                                            "operator_name": "READ_PARQUET ",
                                                                                                            "cpu_time": 0.08784492800000002,
                                                                                                            "extra_info": {
                                                                                                                "Function": "READ_PARQUET",
                                                                                                                "Projections": [
                                                                                                                    "id",
                                                                                                                    "displayname"
                                                                                                                ],
                                                                                                                "Filters": "id<=1416539",
                                                                                                                "Estimated Cardinality": "1260710"
                                                                                                            },
                                                                                                            "cumulative_cardinality": 1260677,
                                                                                                            "operator_type": "TABLE_SCAN",
                                                                                                            "operator_cardinality": 1260677,
                                                                                                            "cumulative_rows_scanned": 1260710,
                                                                                                            "operator_rows_scanned": 1260710,
                                                                                                            "operator_timing": 0.08784492800000002,
                                                                                                            "result_set_size": 25213540,
                                                                                                            "children": []
                                                                                                        },
                                                                                                        {
                                                                                                            "operator_name": "READ_PARQUET ",
                                                                                                            "cpu_time": 0.5148407169999994,
                                                                                                            "extra_info": {
                                                                                                                "Function": "READ_PARQUET",
                                                                                                                "Projections": [
                                                                                                                    "id",
                                                                                                                    "creationdate",
                                                                                                                    "score",
                                                                                                                    "viewcount",
                                                                                                                    "owneruserid",
                                                                                                                    "title"
                                                                                                                ],
                                                                                                                "Filters": "posttypeid=1",
                                                                                                                "Estimated Cardinality": "770023"
                                                                                                            },
                                                                                                            "cumulative_cardinality": 1668164,
                                                                                                            "operator_type": "TABLE_SCAN",
                                                                                                            "operator_cardinality": 1668164,
                                                                                                            "cumulative_rows_scanned": 3850116,
                                                                                                            "operator_rows_scanned": 3850116,
                                                                                                            "operator_timing": 0.5148407169999994,
                                                                                                            "result_set_size": 66726560,
                                                                                                            "children": []
                                                                                                        }
                                                                                                    ]
                                                                                                }
                                                                                            ]
                                                                                        },
                                                                                        {
                                                                                            "operator_name": "READ_PARQUET ",
                                                                                            "cpu_time": 0.13364267099999952,
                                                                                            "extra_info": {
                                                                                                "Function": "READ_PARQUET",
                                                                                                "Projections": [
                                                                                                    "id",
                                                                                                    "postid"
                                                                                                ],
                                                                                                "Estimated Cardinality": "12744093"
                                                                                            },
                                                                                            "cumulative_cardinality": 12744093,
                                                                                            "operator_type": "TABLE_SCAN",
                                                                                            "operator_cardinality": 12744093,
                                                                                            "cumulative_rows_scanned": 12744093,
                                                                                            "operator_rows_scanned": 12744093,
                                                                                            "operator_timing": 0.13364267099999952,
                                                                                            "result_set_size": 101952744,
                                                                                            "children": []
                                                                                        }
                                                                                    ]
                                                                                }
                                                                            ]
                                                                        }
                                                                    ]
                                                                }
                                                            ]
                                                        }
                                                    ]
                                                },
                                                {
                                                    "operator_name": "HASH_JOIN",
                                                    "cpu_time": 0.6113629179999995,
                                                    "extra_info": {
                                                        "Join Type": "SINGLE",
                                                        "Conditions": "id IS NOT DISTINCT FROM id",
                                                        "Estimated Cardinality": "3850116"
                                                    },
                                                    "cumulative_cardinality": 16010702,
                                                    "operator_type": "HASH_JOIN",
                                                    "operator_cardinality": 1589663,
                                                    "cumulative_rows_scanned": 3850116,
                                                    "operator_rows_scanned": 0,
                                                    "operator_timing": 0.132007978,
                                                    "result_set_size": 120814388,
                                                    "children": [
                                                        {
                                                            "operator_name": "COLUMN_DATA_SCAN",
                                                            "cpu_time": 0.010145201000000006,
                                                            "extra_info": {
                                                                "Estimated Cardinality": "3850116"
                                                            },
                                                            "cumulative_cardinality": 1589663,
                                                            "operator_type": "COLUMN_DATA_SCAN",
                                                            "operator_cardinality": 1589663,
                                                            "cumulative_rows_scanned": 0,
                                                            "operator_rows_scanned": 0,
                                                            "operator_timing": 0.010145201000000006,
                                                            "result_set_size": 108097084,
                                                            "children": []
                                                        },
                                                        {
                                                            "operator_name": "PROJECTION",
                                                            "cpu_time": 0.46920973899999946,
                                                            "extra_info": {
                                                                "Projections": [
                                                                    "CASE  WHEN ((count_star() IS NULL)) THEN (0) ELSE count_star() END",
                                                                    "id"
                                                                ],
                                                                "Estimated Cardinality": "1925058"
                                                            },
                                                            "cumulative_cardinality": 12831376,
                                                            "operator_type": "PROJECTION",
                                                            "operator_cardinality": 1589663,
                                                            "cumulative_rows_scanned": 3850116,
                                                            "operator_rows_scanned": 0,
                                                            "operator_timing": 0.0031441390000000007,
                                                            "result_set_size": 19075956,
                                                            "children": [
                                                                {
                                                                    "operator_name": "HASH_JOIN",
                                                                    "cpu_time": 0.46606559999999947,
                                                                    "extra_info": {
                                                                        "Join Type": "LEFT",
                                                                        "Conditions": "id IS NOT DISTINCT FROM #0",
                                                                        "Estimated Cardinality": "1925058"
                                                                    },
                                                                    "cumulative_cardinality": 11241713,
                                                                    "operator_type": "HASH_JOIN",
                                                                    "operator_cardinality": 1589663,
                                                                    "cumulative_rows_scanned": 3850116,
                                                                    "operator_rows_scanned": 0,
                                                                    "operator_timing": 0.10280488600000005,
                                                                    "result_set_size": 19075956,
                                                                    "children": [
                                                                        {
                                                                            "operator_name": "DELIM_SCAN",
                                                                            "cpu_time": 0.0,
                                                                            "extra_info": {
                                                                                "Delim Index": "1",
                                                                                "Estimated Cardinality": "1925058"
                                                                            },
                                                                            "cumulative_cardinality": 0,
                                                                            "operator_type": "DELIM_SCAN",
                                                                            "operator_cardinality": 0,
                                                                            "cumulative_rows_scanned": 0,
                                                                            "operator_rows_scanned": 0,
                                                                            "operator_timing": 0.0,
                                                                            "result_set_size": 0,
                                                                            "children": []
                                                                        },
                                                                        {
                                                                            "operator_name": "HASH_GROUP_BY",
                                                                            "cpu_time": 0.36326071399999943,
                                                                            "extra_info": {
                                                                                "Groups": "#0",
                                                                                "Aggregates": "count_star()",
                                                                                "Estimated Cardinality": "962529"
                                                                            },
                                                                            "cumulative_cardinality": 9652050,
                                                                            "operator_type": "HASH_GROUP_BY",
                                                                            "operator_cardinality": 1285490,
                                                                            "cumulative_rows_scanned": 3850116,
                                                                            "operator_rows_scanned": 0,
                                                                            "operator_timing": 0.11066258099999982,
                                                                            "result_set_size": 15425880,
                                                                            "children": [
                                                                                {
                                                                                    "operator_name": "PROJECTION",
                                                                                    "cpu_time": 0.2525981329999996,
                                                                                    "extra_info": {
                                                                                        "Projections": "id",
                                                                                        "Estimated Cardinality": "1925058"
                                                                                    },
                                                                                    "cumulative_cardinality": 8366560,
                                                                                    "operator_type": "PROJECTION",
                                                                                    "operator_cardinality": 2063089,
                                                                                    "cumulative_rows_scanned": 3850116,
                                                                                    "operator_rows_scanned": 0,
                                                                                    "operator_timing": 0.0002974009999999992,
                                                                                    "result_set_size": 8252356,
                                                                                    "children": [
                                                                                        {
                                                                                            "operator_name": "PROJECTION",
                                                                                            "cpu_time": 0.25230073199999964,
                                                                                            "extra_info": {
                                                                                                "Projections": "id",
                                                                                                "Estimated Cardinality": "1925058"
                                                                                            },
                                                                                            "cumulative_cardinality": 6303471,
                                                                                            "operator_type": "PROJECTION",
                                                                                            "operator_cardinality": 2063089,
                                                                                            "cumulative_rows_scanned": 3850116,
                                                                                            "operator_rows_scanned": 0,
                                                                                            "operator_timing": 0.0002944389999999982,
                                                                                            "result_set_size": 8252356,
                                                                                            "children": [
                                                                                                {
                                                                                                    "operator_name": "HASH_JOIN",
                                                                                                    "cpu_time": 0.25200629299999966,
                                                                                                    "extra_info": {
                                                                                                        "Join Type": "INNER",
                                                                                                        "Conditions": "parentid = id",
                                                                                                        "Estimated Cardinality": "1925058"
                                                                                                    },
                                                                                                    "cumulative_cardinality": 4240382,
                                                                                                    "operator_type": "HASH_JOIN",
                                                                                                    "operator_cardinality": 2063089,
                                                                                                    "cumulative_rows_scanned": 3850116,
                                                                                                    "operator_rows_scanned": 0,
                                                                                                    "operator_timing": 0.15017540599999996,
                                                                                                    "result_set_size": 16504712,
                                                                                                    "children": [
                                                                                                        {
                                                                                                            "operator_name": "READ_PARQUET ",
                                                                                                            "cpu_time": 0.10183088699999969,
                                                                                                            "extra_info": {
                                                                                                                "Function": "READ_PARQUET",
                                                                                                                "Projections": "parentid",
                                                                                                                "Estimated Cardinality": "3850116"
                                                                                                            },
                                                                                                            "cumulative_cardinality": 2177293,
                                                                                                            "operator_type": "TABLE_SCAN",
                                                                                                            "operator_cardinality": 2177293,
                                                                                                            "cumulative_rows_scanned": 3850116,
                                                                                                            "operator_rows_scanned": 3850116,
                                                                                                            "operator_timing": 0.10183088699999969,
                                                                                                            "result_set_size": 8709172,
                                                                                                            "children": []
                                                                                                        },
                                                                                                        {
                                                                                                            "operator_name": "DELIM_SCAN",
                                                                                                            "cpu_time": 0.0,
                                                                                                            "extra_info": {
                                                                                                                "Delim Index": "1",
                                                                                                                "Estimated Cardinality": "1925058"
                                                                                                            },
                                                                                                            "cumulative_cardinality": 0,
                                                                                                            "operator_type": "DELIM_SCAN",
                                                                                                            "operator_cardinality": 0,
                                                                                                            "cumulative_rows_scanned": 0,
                                                                                                            "operator_rows_scanned": 0,
                                                                                                            "operator_timing": 0.0,
                                                                                                            "result_set_size": 0,
                                                                                                            "children": []
                                                                                                        }
                                                                                                    ]
                                                                                                }
                                                                                            ]
                                                                                        }
                                                                                    ]
                                                                                }
                                                                            ]
                                                                        }
                                                                    ]
                                                                }
                                                            ]
                                                        }
                                                    ]
                                                },
                                                {
                                                    "operator_name": "HASH_GROUP_BY",
                                                    "cpu_time": 0.010339424000000005,
                                                    "extra_info": {
                                                        "Groups": "#0",
                                                        "Aggregates": "",
                                                        "Estimated Cardinality": "3850116"
                                                    },
                                                    "cumulative_cardinality": 3179326,
                                                    "operator_type": "HASH_GROUP_BY",
                                                    "operator_cardinality": 3179326,
                                                    "cumulative_rows_scanned": 0,
                                                    "operator_rows_scanned": 0,
                                                    "operator_timing": 0.010339424000000005,
                                                    "result_set_size": 12717304,
                                                    "children": []
                                                }
                                            ]
                                        }
                                    ]
                                }
                            ]
                        }
                    ]
                }
            ]
        }
    ]
}