{
    "rows_returned": 7,
    "query_name": "SELECT \n    pt.Name AS PostType, \n    COUNT(p.Id) AS PostCount, \n    AVG(p.Score) AS AverageScore, \n    SUM(COALESCE(c.CommentCount, 0)) AS TotalComments\nFROM \n    Posts p\nLEFT JOIN \n    PostTypes pt ON p.PostTypeId = pt.Id\nLEFT JOIN \n    (SELECT \n         PostId, \n         COUNT(Id) AS CommentCount \n     FROM \n         Comments \n     GROUP BY \n         PostId) c ON p.Id = c.PostId\nGROUP BY \n    pt.Name\nORDER BY \n    PostCount DESC;",
    "blocked_thread_time": 0.0,
    "cpu_time": 0.7858448200000007,
    "extra_info": {},
    "cumulative_cardinality": 32047802,
    "cumulative_rows_scanned": 11091946,
    "result_set_size": 336,
    "latency": 0.850605533,
    "children": [
        {
            "operator_name": "ORDER_BY",
            "cpu_time": 0.7858448200000007,
            "extra_info": {
                "Order By": "count(p.Id) DESC"
            },
            "cumulative_cardinality": 32047802,
            "operator_type": "ORDER_BY",
            "operator_cardinality": 7,
            "cumulative_rows_scanned": 11091946,
            "operator_rows_scanned": 0,
            "operator_timing": 0.000024035,
            "result_set_size": 336,
            "children": [
                {
                    "operator_name": "HASH_GROUP_BY",
                    "cpu_time": 0.7858207850000006,
                    "extra_info": {
                        "Groups": "#0",
                        "Aggregates": [
                            "count_star()",
                            "avg(#1)",
                            "sum(#2)"
                        ],
                        "Estimated Cardinality": "1925058"
                    },
                    "cumulative_cardinality": 32047795,
                    "operator_type": "HASH_GROUP_BY",
                    "operator_cardinality": 7,
                    "cumulative_rows_scanned": 11091946,
                    "operator_rows_scanned": 0,
                    "operator_timing": 0.08440617600000012,
                    "result_set_size": 336,
                    "children": [
                        {
                            "operator_name": "PROJECTION",
                            "cpu_time": 0.7014146090000005,
                            "extra_info": {
                                "Projections": [
                                    "name",
                                    "score",
                                    "COALESCE(CommentCount, 0)"
                                ],
                                "Estimated Cardinality": "3850116"
                            },
                            "cumulative_cardinality": 32047788,
                            "operator_type": "PROJECTION",
                            "operator_cardinality": 3850116,
                            "cumulative_rows_scanned": 11091946,
                            "operator_rows_scanned": 0,
                            "operator_timing": 0.04289586600000015,
                            "result_set_size": 107803248,
                            "children": [
                                {
                                    "operator_name": "HASH_JOIN",
                                    "cpu_time": 0.6585187430000004,
                                    "extra_info": {
                                        "Join Type": "LEFT",
                                        "Conditions": "id = postid",
                                        "Estimated Cardinality": "3850116"
                                    },
                                    "cumulative_cardinality": 28197672,
                                    "operator_type": "HASH_JOIN",
                                    "operator_cardinality": 3850116,
                                    "cumulative_rows_scanned": 11091946,
                                    "operator_rows_scanned": 0,
                                    "operator_timing": 0.24447953599999997,
                                    "result_set_size": 107803248,
                                    "children": [
                                        {
                                            "operator_name": "HASH_JOIN",
                                            "cpu_time": 0.11085307899999981,
                                            "extra_info": {
                                                "Join Type": "LEFT",
                                                "Conditions": "posttypeid = id",
                                                "Estimated Cardinality": "3850116"
                                            },
                                            "cumulative_cardinality": 7700240,
                                            "operator_type": "HASH_JOIN",
                                            "operator_cardinality": 3850116,
                                            "cumulative_rows_scanned": 3850124,
                                            "operator_rows_scanned": 0,
                                            "operator_timing": 0.058813352999999895,
                                            "result_set_size": 92402784,
                                            "children": [
                                                {
                                                    "operator_name": "READ_PARQUET ",
                                                    "cpu_time": 0.05172536799999992,
                                                    "extra_info": {
                                                        "Function": "READ_PARQUET",
                                                        "Projections": [
                                                            "id",
                                                            "posttypeid",
                                                            "score"
                                                        ],
                                                        "Estimated Cardinality": "3850116"
                                                    },
                                                    "cumulative_cardinality": 3850116,
                                                    "operator_type": "TABLE_SCAN",
                                                    "operator_cardinality": 3850116,
                                                    "cumulative_rows_scanned": 3850116,
                                                    "operator_rows_scanned": 3850116,
                                                    "operator_timing": 0.05172536799999992,
                                                    "result_set_size": 38501160,
                                                    "children": []
                                                },
                                                {
                                                    "operator_name": "READ_PARQUET ",
                                                    "cpu_time": 0.000314358,
                                                    "extra_info": {
                                                        "Function": "READ_PARQUET",
                                                        "Projections": [
                                                            "id",
                                                            "name"
                                                        ],
                                                        "Estimated Cardinality": "8"
                                                    },
                                                    "cumulative_cardinality": 8,
                                                    "operator_type": "TABLE_SCAN",
                                                    "operator_cardinality": 8,
                                                    "cumulative_rows_scanned": 8,
                                                    "operator_rows_scanned": 8,
                                                    "operator_timing": 0.000314358,
                                                    "result_set_size": 144,
                                                    "children": []
                                                }
                                            ]
                                        },
                                        {
                                            "operator_name": "HASH_GROUP_BY",
                                            "cpu_time": 0.30318612800000055,
                                            "extra_info": {
                                                "Groups": "#0",
                                                "Aggregates": "count_star()",
                                                "Estimated Cardinality": "3620911"
                                            },
                                            "cumulative_cardinality": 16647316,
                                            "operator_type": "HASH_GROUP_BY",
                                            "operator_cardinality": 2163672,
                                            "cumulative_rows_scanned": 7241822,
                                            "operator_rows_scanned": 0,
                                            "operator_timing": 0.2292136790000005,
                                            "result_set_size": 25964064,
                                            "children": [
                                                {
                                                    "operator_name": "PROJECTION",
                                                    "cpu_time": 0.07397244900000002,
                                                    "extra_info": {
                                                        "Projections": "postid",
                                                        "Estimated Cardinality": "7241822"
                                                    },
                                                    "cumulative_cardinality": 14483644,
                                                    "operator_type": "PROJECTION",
                                                    "operator_cardinality": 7241822,
                                                    "cumulative_rows_scanned": 7241822,
                                                    "operator_rows_scanned": 0,
                                                    "operator_timing": 0.000381188000000004,
                                                    "result_set_size": 28967288,
                                                    "children": [
                                                        {
                                                            "operator_name": "READ_PARQUET ",
                                                            "cpu_time": 0.07359126100000002,
                                                            "extra_info": {
                                                                "Function": "READ_PARQUET",
                                                                "Projections": [
                                                                    "id",
                                                                    "postid"
                                                                ],
                                                                "Estimated Cardinality": "7241822"
                                                            },
                                                            "cumulative_cardinality": 7241822,
                                                            "operator_type": "TABLE_SCAN",
                                                            "operator_cardinality": 7241822,
                                                            "cumulative_rows_scanned": 7241822,
                                                            "operator_rows_scanned": 7241822,
                                                            "operator_timing": 0.07359126100000002,
                                                            "result_set_size": 57934576,
                                                            "children": []
                                                        }
                                                    ]
                                                }
                                            ]
                                        }
                                    ]
                                }
                            ]
                        }
                    ]
                }
            ]
        }
    ]
}