{
    "rows_returned": 4,
    "query_name": "WITH UserStats AS (\n    SELECT \n        u.Id AS UserId,\n        u.Reputation,\n        COUNT(DISTINCT p.Id) AS PostCount,\n        AVG(p.Score) AS AverageScore,\n        COUNT(DISTINCT c.Id) AS CommentCount,\n        COUNT(DISTINCT v.Id) AS VoteCount\n    FROM \n        Users u\n    LEFT JOIN \n        Posts p ON u.Id = p.OwnerUserId\n    LEFT JOIN \n        Comments c ON p.Id = c.PostId\n    LEFT JOIN \n        Votes v ON p.Id = v.PostId\n    GROUP BY \n        u.Id, u.Reputation\n)\n\nSELECT \n    CASE \n        WHEN Reputation >= 10000 THEN 'Top Users'\n        WHEN Reputation >= 1000 THEN 'Active Users'\n        WHEN Reputation >= 100 THEN 'New Users'\n        ELSE 'Inactive Users'\n    END AS UserLevel,\n    COUNT(UserId) AS UserCount,\n    SUM(PostCount) AS TotalPosts,\n    AVG(AverageScore) AS AvgPostScore,\n    SUM(CommentCount) AS TotalComments,\n    SUM(VoteCount) AS TotalVotes\nFROM \n    UserStats\nGROUP BY \n    UserLevel\nORDER BY \n    UserLevel DESC;",
    "blocked_thread_time": 0.0,
    "cpu_time": 14.585157850000025,
    "extra_info": {},
    "cumulative_cardinality": 168239708,
    "cumulative_rows_scanned": 25096741,
    "result_set_size": 320,
    "latency": 17.552432409,
    "children": [
        {
            "operator_name": "PROJECTION",
            "cpu_time": 14.585157850000025,
            "extra_info": {
                "Projections": [
                    "__internal_decompress_string(#0)",
                    "#1",
                    "#2",
                    "#3",
                    "#4",
                    "#5"
                ],
                "Estimated Cardinality": "630355"
            },
            "cumulative_cardinality": 168239708,
            "operator_type": "PROJECTION",
            "operator_cardinality": 4,
            "cumulative_rows_scanned": 25096741,
            "operator_rows_scanned": 0,
            "operator_timing": 0.000001252,
            "result_set_size": 320,
            "children": [
                {
                    "operator_name": "ORDER_BY",
                    "cpu_time": 14.585156598000024,
                    "extra_info": {
                        "Order By": "CASE  WHEN ((UserStats.Reputation >= 10000)) THEN ('Top Users') WHEN ((UserStats.Reputation >= 1000)) THEN ('Active Users') WHEN ((UserStats.Reputation >= 100)) THEN ('New Users') ELSE 'Inactive Users' END DESC"
                    },
                    "cumulative_cardinality": 168239704,
                    "operator_type": "ORDER_BY",
                    "operator_cardinality": 4,
                    "cumulative_rows_scanned": 25096741,
                    "operator_rows_scanned": 0,
                    "operator_timing": 0.000028664000000000002,
                    "result_set_size": 320,
                    "children": [
                        {
                            "operator_name": "PROJECTION",
                            "cpu_time": 14.585127934000024,
                            "extra_info": {
                                "Projections": [
                                    "__internal_compress_string_hugeint(#0)",
                                    "#1",
                                    "#2",
                                    "#3",
                                    "#4",
                                    "#5"
                                ],
                                "Estimated Cardinality": "630355"
                            },
                            "cumulative_cardinality": 168239700,
                            "operator_type": "PROJECTION",
                            "operator_cardinality": 4,
                            "cumulative_rows_scanned": 25096741,
                            "operator_rows_scanned": 0,
                            "operator_timing": 8.82e-7,
                            "result_set_size": 320,
                            "children": [
                                {
                                    "operator_name": "PROJECTION",
                                    "cpu_time": 14.585127052000024,
                                    "extra_info": {
                                        "Projections": [
                                            "__internal_decompress_string(#0)",
                                            "#1",
                                            "#2",
                                            "#3",
                                            "#4",
                                            "#5"
                                        ],
                                        "Estimated Cardinality": "630355"
                                    },
                                    "cumulative_cardinality": 168239696,
                                    "operator_type": "PROJECTION",
                                    "operator_cardinality": 4,
                                    "cumulative_rows_scanned": 25096741,
                                    "operator_rows_scanned": 0,
                                    "operator_timing": 0.000002775,
                                    "result_set_size": 320,
                                    "children": [
                                        {
                                            "operator_name": "HASH_GROUP_BY",
                                            "cpu_time": 14.585124277000023,
                                            "extra_info": {
                                                "Groups": "#0",
                                                "Aggregates": [
                                                    "count_star()",
                                                    "sum(#1)",
                                                    "avg(#2)",
                                                    "sum(#3)",
                                                    "sum(#4)"
                                                ],
                                                "Estimated Cardinality": "630355"
                                            },
                                            "cumulative_cardinality": 168239692,
                                            "operator_type": "HASH_GROUP_BY",
                                            "operator_cardinality": 4,
                                            "cumulative_rows_scanned": 25096741,
                                            "operator_rows_scanned": 0,
                                            "operator_timing": 0.02533848099999998,
                                            "result_set_size": 320,
                                            "children": [
                                                {
                                                    "operator_name": "PROJECTION",
                                                    "cpu_time": 14.559785796000023,
                                                    "extra_info": {
                                                        "Projections": [
                                                            "__internal_compress_string_hugeint(CASE  WHEN ((reputation >= 10000)) THEN ('Top Users') WHEN ((reputation >= 1000)) THEN ('Active Users') WHEN ((reputation >= 100)) THEN ('New Users') ELSE 'Inactive Users' END)",
                                                            "PostCount",
                                                            "AverageScore",
                                                            "CommentCount",
                                                            "VoteCount"
                                                        ],
                                                        "Estimated Cardinality": "1260710"
                                                    },
                                                    "cumulative_cardinality": 168239688,
                                                    "operator_type": "PROJECTION",
                                                    "operator_cardinality": 1260710,
                                                    "cumulative_rows_scanned": 25096741,
                                                    "operator_rows_scanned": 0,
                                                    "operator_timing": 0.028922914999999997,
                                                    "result_set_size": 60514080,
                                                    "children": [
                                                        {
                                                            "operator_name": "HASH_GROUP_BY",
                                                            "cpu_time": 14.530862881000022,
                                                            "extra_info": {
                                                                "Groups": [
                                                                    "#0",
                                                                    "#1"
                                                                ],
                                                                "Aggregates": [
                                                                    "count(DISTINCT #2)",
                                                                    "avg(#3)",
                                                                    "count(DISTINCT #4)",
                                                                    "count(DISTINCT #5)"
                                                                ],
                                                                "Estimated Cardinality": "1260710"
                                                            },
                                                            "cumulative_cardinality": 166978978,
                                                            "operator_type": "HASH_GROUP_BY",
                                                            "operator_cardinality": 1260710,
                                                            "cumulative_rows_scanned": 25096741,
                                                            "operator_rows_scanned": 0,
                                                            "operator_timing": 6.639221339000022,
                                                            "result_set_size": 50428400,
                                                            "children": [
                                                                {
                                                                    "operator_name": "PROJECTION",
                                                                    "cpu_time": 7.891641542000001,
                                                                    "extra_info": {
                                                                        "Projections": [
                                                                            "id",
                                                                            "reputation",
                                                                            "id",
                                                                            "score",
                                                                            "id",
                                                                            "id"
                                                                        ],
                                                                        "Estimated Cardinality": "12744093"
                                                                    },
                                                                    "cumulative_cardinality": 165718268,
                                                                    "operator_type": "PROJECTION",
                                                                    "operator_cardinality": 34453569,
                                                                    "cumulative_rows_scanned": 25096741,
                                                                    "operator_rows_scanned": 0,
                                                                    "operator_timing": 0.011063738000001782,
                                                                    "result_set_size": 826885656,
                                                                    "children": [
                                                                        {
                                                                            "operator_name": "PROJECTION",
                                                                            "cpu_time": 7.880577804,
                                                                            "extra_info": {
                                                                                "Projections": [
                                                                                    "#0",
                                                                                    "#1",
                                                                                    "#2",
                                                                                    "__internal_decompress_integral_integer(#3, -72)",
                                                                                    "#4",
                                                                                    "#5"
                                                                                ],
                                                                                "Estimated Cardinality": "12744093"
                                                                            },
                                                                            "cumulative_cardinality": 131264699,
                                                                            "operator_type": "PROJECTION",
                                                                            "operator_cardinality": 34453569,
                                                                            "cumulative_rows_scanned": 25096741,
                                                                            "operator_rows_scanned": 0,
                                                                            "operator_timing": 0.02704319599999913,
                                                                            "result_set_size": 826885656,
                                                                            "children": [
                                                                                {
                                                                                    "operator_name": "HASH_JOIN",
                                                                                    "cpu_time": 7.853534608,
                                                                                    "extra_info": {
                                                                                        "Join Type": "RIGHT",
                                                                                        "Conditions": "postid = id",
                                                                                        "Estimated Cardinality": "12744093"
                                                                                    },
                                                                                    "cumulative_cardinality": 96811130,
                                                                                    "operator_type": "HASH_JOIN",
                                                                                    "operator_cardinality": 34453569,
                                                                                    "cumulative_rows_scanned": 25096741,
                                                                                    "operator_rows_scanned": 0,
                                                                                    "operator_timing": 2.0028145919999933,
                                                                                    "result_set_size": 757978518,
                                                                                    "children": [
                                                                                        {
                                                                                            "operator_name": "READ_PARQUET ",
                                                                                            "cpu_time": 2.1368370300000112,
                                                                                            "extra_info": {
                                                                                                "Function": "READ_PARQUET",
                                                                                                "Projections": [
                                                                                                    "id",
                                                                                                    "postid"
                                                                                                ],
                                                                                                "Estimated Cardinality": "12744093"
                                                                                            },
                                                                                            "cumulative_cardinality": 12744093,
                                                                                            "operator_type": "TABLE_SCAN",
                                                                                            "operator_cardinality": 12744093,
                                                                                            "cumulative_rows_scanned": 12744093,
                                                                                            "operator_rows_scanned": 12744093,
                                                                                            "operator_timing": 2.1368370300000112,
                                                                                            "result_set_size": 101952744,
                                                                                            "children": []
                                                                                        },
                                                                                        {
                                                                                            "operator_name": "PROJECTION",
                                                                                            "cpu_time": 3.7138829859999967,
                                                                                            "extra_info": {
                                                                                                "Projections": [
                                                                                                    "#0",
                                                                                                    "#1",
                                                                                                    "__internal_compress_integral_usmallint(#2, -72)",
                                                                                                    "#3",
                                                                                                    "#4"
                                                                                                ],
                                                                                                "Estimated Cardinality": "7241822"
                                                                                            },
                                                                                            "cumulative_cardinality": 49613468,
                                                                                            "operator_type": "PROJECTION",
                                                                                            "operator_cardinality": 9425510,
                                                                                            "cumulative_rows_scanned": 12352648,
                                                                                            "operator_rows_scanned": 0,
                                                                                            "operator_timing": 0.006222672999999994,
                                                                                            "result_set_size": 169659180,
                                                                                            "children": [
                                                                                                {
                                                                                                    "operator_name": "PROJECTION",
                                                                                                    "cpu_time": 3.7076603129999968,
                                                                                                    "extra_info": {
                                                                                                        "Projections": [
                                                                                                            "#0",
                                                                                                            "#1",
                                                                                                            "__internal_decompress_integral_integer(#2, -72)",
                                                                                                            "#3",
                                                                                                            "#4"
                                                                                                        ],
                                                                                                        "Estimated Cardinality": "7241822"
                                                                                                    },
                                                                                                    "cumulative_cardinality": 40187958,
                                                                                                    "operator_type": "PROJECTION",
                                                                                                    "operator_cardinality": 9425510,
                                                                                                    "cumulative_rows_scanned": 12352648,
                                                                                                    "operator_rows_scanned": 0,
                                                                                                    "operator_timing": 0.0064427909999999824,
                                                                                                    "result_set_size": 188510200,
                                                                                                    "children": [
                                                                                                        {
                                                                                                            "operator_name": "HASH_JOIN",
                                                                                                            "cpu_time": 3.7012175219999968,
                                                                                                            "extra_info": {
                                                                                                                "Join Type": "RIGHT",
                                                                                                                "Conditions": "postid = id",
                                                                                                                "Estimated Cardinality": "7241822"
                                                                                                            },
                                                                                                            "cumulative_cardinality": 30762448,
                                                                                                            "operator_type": "HASH_JOIN",
                                                                                                            "operator_cardinality": 9425510,
                                                                                                            "cumulative_rows_scanned": 12352648,
                                                                                                            "operator_rows_scanned": 0,
                                                                                                            "operator_timing": 0.7522416119999994,
                                                                                                            "result_set_size": 169659180,
                                                                                                            "children": [
                                                                                                                {
                                                                                                                    "operator_name": "READ_PARQUET ",
                                                                                                                    "cpu_time": 2.381845132999997,
                                                                                                                    "extra_info": {
                                                                                                                        "Function": "READ_PARQUET",
                                                                                                                        "Projections": [
                                                                                                                            "id",
                                                                                                                            "postid"
                                                                                                                        ],
                                                                                                                        "Estimated Cardinality": "7241822"
                                                                                                                    },
                                                                                                                    "cumulative_cardinality": 7241822,
                                                                                                                    "operator_type": "TABLE_SCAN",
                                                                                                                    "operator_cardinality": 7241822,
                                                                                                                    "cumulative_rows_scanned": 7241822,
                                                                                                                    "operator_rows_scanned": 7241822,
                                                                                                                    "operator_timing": 2.381845132999997,
                                                                                                                    "result_set_size": 57934576,
                                                                                                                    "children": []
                                                                                                                },
                                                                                                                {
                                                                                                                    "operator_name": "PROJECTION",
                                                                                                                    "cpu_time": 0.5671307770000006,
                                                                                                                    "extra_info": {
                                                                                                                        "Projections": [
                                                                                                                            "#0",
                                                                                                                            "__internal_compress_integral_usmallint(#1, -72)",
                                                                                                                            "#2",
                                                                                                                            "#3"
                                                                                                                        ],
                                                                                                                        "Estimated Cardinality": "3850116"
                                                                                                                    },
                                                                                                                    "cumulative_cardinality": 14095116,
                                                                                                                    "operator_type": "PROJECTION",
                                                                                                                    "operator_cardinality": 4574495,
                                                                                                                    "cumulative_rows_scanned": 5110826,
                                                                                                                    "operator_rows_scanned": 0,
                                                                                                                    "operator_timing": 0.0032247379999999944,
                                                                                                                    "result_set_size": 64042930,
                                                                                                                    "children": [
                                                                                                                        {
                                                                                                                            "operator_name": "HASH_JOIN",
                                                                                                                            "cpu_time": 0.5639060390000006,
                                                                                                                            "extra_info": {
                                                                                                                                "Join Type": "RIGHT",
                                                                                                                                "Conditions": "owneruserid = id",
                                                                                                                                "Estimated Cardinality": "3850116"
                                                                                                                            },
                                                                                                                            "cumulative_cardinality": 9520621,
                                                                                                                            "operator_type": "HASH_JOIN",
                                                                                                                            "operator_cardinality": 4574495,
                                                                                                                            "cumulative_rows_scanned": 5110826,
                                                                                                                            "operator_rows_scanned": 0,
                                                                                                                            "operator_timing": 0.3206737230000004,
                                                                                                                            "result_set_size": 73191920,
                                                                                                                            "children": [
                                                                                                                                {
                                                                                                                                    "operator_name": "READ_PARQUET ",
                                                                                                                                    "cpu_time": 0.16115365900000017,
                                                                                                                                    "extra_info": {
                                                                                                                                        "Function": "READ_PARQUET",
                                                                                                                                        "Projections": [
                                                                                                                                            "id",
                                                                                                                                            "score",
                                                                                                                                            "owneruserid"
                                                                                                                                        ],
                                                                                                                                        "Estimated Cardinality": "3850116"
                                                                                                                                    },
                                                                                                                                    "cumulative_cardinality": 3685416,
                                                                                                                                    "operator_type": "TABLE_SCAN",
                                                                                                                                    "operator_cardinality": 3685416,
                                                                                                                                    "cumulative_rows_scanned": 3850116,
                                                                                                                                    "operator_rows_scanned": 3850116,
                                                                                                                                    "operator_timing": 0.16115365900000017,
                                                                                                                                    "result_set_size": 44224992,
                                                                                                                                    "children": []
                                                                                                                                },
                                                                                                                                {
                                                                                                                                    "operator_name": "READ_PARQUET ",
                                                                                                                                    "cpu_time": 0.08207865700000001,
                                                                                                                                    "extra_info": {
                                                                                                                                        "Function": "READ_PARQUET",
                                                                                                                                        "Projections": [
                                                                                                                                            "id",
                                                                                                                                            "reputation"
                                                                                                                                        ],
                                                                                                                                        "Estimated Cardinality": "1260710"
                                                                                                                                    },
                                                                                                                                    "cumulative_cardinality": 1260710,
                                                                                                                                    "operator_type": "TABLE_SCAN",
                                                                                                                                    "operator_cardinality": 1260710,
                                                                                                                                    "cumulative_rows_scanned": 1260710,
                                                                                                                                    "operator_rows_scanned": 1260710,
                                                                                                                                    "operator_timing": 0.08207865700000001,
                                                                                                                                    "result_set_size": 10085680,
                                                                                                                                    "children": []
                                                                                                                                }
                                                                                                                            ]
                                                                                                                        }
                                                                                                                    ]
                                                                                                                }
                                                                                                            ]
                                                                                                        }
                                                                                                    ]
                                                                                                }
                                                                                            ]
                                                                                        }
                                                                                    ]
                                                                                }
                                                                            ]
                                                                        }
                                                                    ]
                                                                }
                                                            ]
                                                        }
                                                    ]
                                                }
                                            ]
                                        }
                                    ]
                                }
                            ]
                        }
                    ]
                }
            ]
        }
    ]
}