{
    "rows_returned": 100,
    "query_name": "WITH PostStats AS (\n    SELECT \n        P.Id AS PostId,\n        P.Title,\n        P.CreationDate,\n        P.ViewCount,\n        P.Score,\n        COALESCE(C.Count, 0) AS CommentCount,\n        COALESCE(A.AnswerCount, 0) AS AnswerCount,\n        U.Reputation AS OwnerReputation\n    FROM \n        Posts P\n    LEFT JOIN \n        (SELECT PostId, COUNT(*) AS Count FROM Comments GROUP BY PostId) C ON P.Id = C.PostId\n    LEFT JOIN \n        (SELECT ParentId, COUNT(*) AS AnswerCount FROM Posts WHERE PostTypeId = 2 GROUP BY ParentId) A ON P.Id = A.ParentId\n    JOIN \n        Users U ON P.OwnerUserId = U.Id\n    WHERE \n        P.PostTypeId = 1  \n), \nPostHistoryStats AS (\n    SELECT \n        PH.PostId,\n        COUNT(*) AS EditCount,\n        MAX(PH.CreationDate) AS LastEditDate,\n        MAX(CASE WHEN PH.PostHistoryTypeId = 10 THEN 1 ELSE 0 END) AS IsClosed,\n        MAX(CASE WHEN PH.PostHistoryTypeId = 11 THEN 1 ELSE 0 END) AS IsReopened\n    FROM \n        PostHistory PH\n    GROUP BY \n        PH.PostId\n)\n\nSELECT \n    PS.PostId,\n    PS.Title,\n    PS.CreationDate,\n    PS.ViewCount,\n    PS.Score,\n    PS.CommentCount,\n    PS.AnswerCount,\n    PS.OwnerReputation,\n    PHS.EditCount,\n    PHS.LastEditDate,\n    PHS.IsClosed,\n    PHS.IsReopened\nFROM \n    PostStats PS\nLEFT JOIN \n    PostHistoryStats PHS ON PS.PostId = PHS.PostId\nORDER BY \n    PS.CreationDate DESC\nLIMIT 100;",
    "blocked_thread_time": 0.0,
    "cpu_time": 3.379630141999999,
    "extra_info": {},
    "cumulative_cardinality": 67198181,
    "cumulative_rows_scanned": 27998008,
    "result_set_size": 8000,
    "latency": 4.007095037,
    "children": [
        {
            "operator_name": "STREAMING_LIMIT",
            "cpu_time": 3.379630141999999,
            "extra_info": {},
            "cumulative_cardinality": 67198181,
            "operator_type": "STREAMING_LIMIT",
            "operator_cardinality": 100,
            "cumulative_rows_scanned": 27998008,
            "operator_rows_scanned": 0,
            "operator_timing": 0.000001583,
            "result_set_size": 8000,
            "children": [
                {
                    "operator_name": "PROJECTION",
                    "cpu_time": 3.379628558999999,
                    "extra_info": {
                        "Projections": [
                            "#0",
                            "#1",
                            "#2",
                            "#3",
                            "__internal_decompress_integral_integer(#4, -72)",
                            "#5",
                            "#6",
                            "#7",
                            "#8",
                            "#9",
                            "#10",
                            "#11"
                        ],
                        "Estimated Cardinality": "5897622"
                    },
                    "cumulative_cardinality": 67198081,
                    "operator_type": "PROJECTION",
                    "operator_cardinality": 4096,
                    "cumulative_rows_scanned": 27998008,
                    "operator_rows_scanned": 0,
                    "operator_timing": 0.000006702,
                    "result_set_size": 327680,
                    "children": [
                        {
                            "operator_name": "ORDER_BY",
                            "cpu_time": 3.379621856999999,
                            "extra_info": {
                                "Order By": "PS.CreationDate DESC"
                            },
                            "cumulative_cardinality": 67193985,
                            "operator_type": "ORDER_BY",
                            "operator_cardinality": 4096,
                            "cumulative_rows_scanned": 27998008,
                            "operator_rows_scanned": 0,
                            "operator_timing": 0.1420088500000001,
                            "result_set_size": 319488,
                            "children": [
                                {
                                    "operator_name": "PROJECTION",
                                    "cpu_time": 3.237613006999999,
                                    "extra_info": {
                                        "Projections": [
                                            "#0",
                                            "#1",
                                            "#2",
                                            "#3",
                                            "__internal_compress_integral_usmallint(#4, -72)",
                                            "#5",
                                            "#6",
                                            "#7",
                                            "#8",
                                            "#9",
                                            "#10",
                                            "#11"
                                        ],
                                        "Estimated Cardinality": "5897622"
                                    },
                                    "cumulative_cardinality": 67189889,
                                    "operator_type": "PROJECTION",
                                    "operator_cardinality": 1589663,
                                    "cumulative_rows_scanned": 27998008,
                                    "operator_rows_scanned": 0,
                                    "operator_timing": 0.0019095540000000062,
                                    "result_set_size": 123993714,
                                    "children": [
                                        {
                                            "operator_name": "PROJECTION",
                                            "cpu_time": 3.235703452999999,
                                            "extra_info": {
                                                "Projections": [
                                                    "PostId",
                                                    "title",
                                                    "creationdate",
                                                    "viewcount",
                                                    "score",
                                                    "CommentCount",
                                                    "AnswerCount",
                                                    "OwnerReputation",
                                                    "EditCount",
                                                    "LastEditDate",
                                                    "IsClosed",
                                                    "IsReopened"
                                                ],
                                                "Estimated Cardinality": "5897622"
                                            },
                                            "cumulative_cardinality": 65600226,
                                            "operator_type": "PROJECTION",
                                            "operator_cardinality": 1589663,
                                            "cumulative_rows_scanned": 27998008,
                                            "operator_rows_scanned": 0,
                                            "operator_timing": 0.0011953219999999987,
                                            "result_set_size": 127173040,
                                            "children": [
                                                {
                                                    "operator_name": "PROJECTION",
                                                    "cpu_time": 3.234508130999999,
                                                    "extra_info": {
                                                        "Projections": [
                                                            "#0",
                                                            "#1",
                                                            "#2",
                                                            "#3",
                                                            "#4",
                                                            "#5",
                                                            "#6",
                                                            "#7",
                                                            "#8",
                                                            "__internal_decompress_integral_integer(#9, -72)",
                                                            "#10",
                                                            "#11",
                                                            "#12"
                                                        ],
                                                        "Estimated Cardinality": "5897622"
                                                    },
                                                    "cumulative_cardinality": 64010563,
                                                    "operator_type": "PROJECTION",
                                                    "operator_cardinality": 1589663,
                                                    "cumulative_rows_scanned": 27998008,
                                                    "operator_rows_scanned": 0,
                                                    "operator_timing": 0.002209558999999998,
                                                    "result_set_size": 133531692,
                                                    "children": [
                                                        {
                                                            "operator_name": "HASH_JOIN",
                                                            "cpu_time": 3.2322985719999986,
                                                            "extra_info": {
                                                                "Join Type": "RIGHT",
                                                                "Conditions": "postid = PostId",
                                                                "Estimated Cardinality": "5897622"
                                                            },
                                                            "cumulative_cardinality": 62420900,
                                                            "operator_type": "HASH_JOIN",
                                                            "operator_cardinality": 1589663,
                                                            "cumulative_rows_scanned": 27998008,
                                                            "operator_rows_scanned": 0,
                                                            "operator_timing": 0.34864437800000025,
                                                            "result_set_size": 130352366,
                                                            "children": [
                                                                {
                                                                    "operator_name": "HASH_GROUP_BY",
                                                                    "cpu_time": 1.229998837999998,
                                                                    "extra_info": {
                                                                        "Groups": "#0",
                                                                        "Aggregates": [
                                                                            "count_star()",
                                                                            "max(#1)",
                                                                            "max(#2)",
                                                                            "max(#3)"
                                                                        ],
                                                                        "Estimated Cardinality": "5897622"
                                                                    },
                                                                    "cumulative_cardinality": 27440604,
                                                                    "operator_type": "HASH_GROUP_BY",
                                                                    "operator_cardinality": 3850116,
                                                                    "cumulative_rows_scanned": 11795244,
                                                                    "operator_rows_scanned": 0,
                                                                    "operator_timing": 0.9016901689999994,
                                                                    "result_set_size": 107803248,
                                                                    "children": [
                                                                        {
                                                                            "operator_name": "PROJECTION",
                                                                            "cpu_time": 0.3283086689999986,
                                                                            "extra_info": {
                                                                                "Projections": [
                                                                                    "postid",
                                                                                    "creationdate",
                                                                                    "CASE  WHEN ((posthistorytypeid = 10)) THEN (1) ELSE 0 END",
                                                                                    "CASE  WHEN ((posthistorytypeid = 11)) THEN (1) ELSE 0 END"
                                                                                ],
                                                                                "Estimated Cardinality": "11795244"
                                                                            },
                                                                            "cumulative_cardinality": 23590488,
                                                                            "operator_type": "PROJECTION",
                                                                            "operator_cardinality": 11795244,
                                                                            "cumulative_rows_scanned": 11795244,
                                                                            "operator_rows_scanned": 0,
                                                                            "operator_timing": 0.056314529999999974,
                                                                            "result_set_size": 235904880,
                                                                            "children": [
                                                                                {
                                                                                    "operator_name": "READ_PARQUET ",
                                                                                    "cpu_time": 0.27199413899999864,
                                                                                    "extra_info": {
                                                                                        "Function": "READ_PARQUET",
                                                                                        "Projections": [
                                                                                            "posthistorytypeid",
                                                                                            "postid",
                                                                                            "creationdate"
                                                                                        ],
                                                                                        "Estimated Cardinality": "11795244"
                                                                                    },
                                                                                    "cumulative_cardinality": 11795244,
                                                                                    "operator_type": "TABLE_SCAN",
                                                                                    "operator_cardinality": 11795244,
                                                                                    "cumulative_rows_scanned": 11795244,
                                                                                    "operator_rows_scanned": 11795244,
                                                                                    "operator_timing": 0.27199413899999864,
                                                                                    "result_set_size": 165133416,
                                                                                    "children": []
                                                                                }
                                                                            ]
                                                                        }
                                                                    ]
                                                                },
                                                                {
                                                                    "operator_name": "PROJECTION",
                                                                    "cpu_time": 1.6536553560000005,
                                                                    "extra_info": {
                                                                        "Projections": [
                                                                            "#0",
                                                                            "#1",
                                                                            "#2",
                                                                            "#3",
                                                                            "__internal_compress_integral_usmallint(#4, -72)",
                                                                            "#5",
                                                                            "#6",
                                                                            "#7"
                                                                        ],
                                                                        "Estimated Cardinality": "3620911"
                                                                    },
                                                                    "cumulative_cardinality": 33390633,
                                                                    "operator_type": "PROJECTION",
                                                                    "operator_cardinality": 1589663,
                                                                    "cumulative_rows_scanned": 16202764,
                                                                    "operator_rows_scanned": 0,
                                                                    "operator_timing": 0.015460268999999967,
                                                                    "result_set_size": 85841802,
                                                                    "children": [
                                                                        {
                                                                            "operator_name": "PROJECTION",
                                                                            "cpu_time": 1.6381950870000006,
                                                                            "extra_info": {
                                                                                "Projections": [
                                                                                    "PostId",
                                                                                    "title",
                                                                                    "creationdate",
                                                                                    "viewcount",
                                                                                    "score",
                                                                                    "CommentCount",
                                                                                    "AnswerCount",
                                                                                    "OwnerReputation"
                                                                                ],
                                                                                "Estimated Cardinality": "3620911"
                                                                            },
                                                                            "cumulative_cardinality": 31800970,
                                                                            "operator_type": "PROJECTION",
                                                                            "operator_cardinality": 1589663,
                                                                            "cumulative_rows_scanned": 16202764,
                                                                            "operator_rows_scanned": 0,
                                                                            "operator_timing": 0.038049985,
                                                                            "result_set_size": 89021128,
                                                                            "children": [
                                                                                {
                                                                                    "operator_name": "HASH_JOIN",
                                                                                    "cpu_time": 1.6001451020000006,
                                                                                    "extra_info": {
                                                                                        "Join Type": "INNER",
                                                                                        "Conditions": "owneruserid = id",
                                                                                        "Estimated Cardinality": "3620911"
                                                                                    },
                                                                                    "cumulative_cardinality": 30211307,
                                                                                    "operator_type": "HASH_JOIN",
                                                                                    "operator_cardinality": 1589663,
                                                                                    "cumulative_rows_scanned": 16202764,
                                                                                    "operator_rows_scanned": 0,
                                                                                    "operator_timing": 0.140653904,
                                                                                    "result_set_size": 89021128,
                                                                                    "children": [
                                                                                        {
                                                                                            "operator_name": "HASH_JOIN",
                                                                                            "cpu_time": 1.4392194550000004,
                                                                                            "extra_info": {
                                                                                                "Join Type": "LEFT",
                                                                                                "Conditions": "id = parentid",
                                                                                                "Estimated Cardinality": "3620911"
                                                                                            },
                                                                                            "cumulative_cardinality": 27360965,
                                                                                            "operator_type": "HASH_JOIN",
                                                                                            "operator_cardinality": 1668164,
                                                                                            "cumulative_rows_scanned": 14942054,
                                                                                            "operator_rows_scanned": 0,
                                                                                            "operator_timing": 0.13832887600000005,
                                                                                            "result_set_size": 93417184,
                                                                                            "children": [
                                                                                                {
                                                                                                    "operator_name": "HASH_JOIN",
                                                                                                    "cpu_time": 1.1007428730000002,
                                                                                                    "extra_info": {
                                                                                                        "Join Type": "RIGHT",
                                                                                                        "Conditions": "postid = id",
                                                                                                        "Estimated Cardinality": "3620911"
                                                                                                    },
                                                                                                    "cumulative_cardinality": 19983644,
                                                                                                    "operator_type": "HASH_JOIN",
                                                                                                    "operator_cardinality": 1668164,
                                                                                                    "cumulative_rows_scanned": 11091938,
                                                                                                    "operator_rows_scanned": 0,
                                                                                                    "operator_timing": 0.27114016000000046,
                                                                                                    "result_set_size": 80071872,
                                                                                                    "children": [
                                                                                                        {
                                                                                                            "operator_name": "HASH_GROUP_BY",
                                                                                                            "cpu_time": 0.2843564170000001,
                                                                                                            "extra_info": {
                                                                                                                "Groups": "#0",
                                                                                                                "Aggregates": "count_star()",
                                                                                                                "Estimated Cardinality": "3620911"
                                                                                                            },
                                                                                                            "cumulative_cardinality": 16647316,
                                                                                                            "operator_type": "HASH_GROUP_BY",
                                                                                                            "operator_cardinality": 2163672,
                                                                                                            "cumulative_rows_scanned": 7241822,
                                                                                                            "operator_rows_scanned": 0,
                                                                                                            "operator_timing": 0.24255308200000006,
                                                                                                            "result_set_size": 25964064,
                                                                                                            "children": [
                                                                                                                {
                                                                                                                    "operator_name": "PROJECTION",
                                                                                                                    "cpu_time": 0.04180333500000004,
                                                                                                                    "extra_info": {
                                                                                                                        "Projections": "postid",
                                                                                                                        "Estimated Cardinality": "7241822"
                                                                                                                    },
                                                                                                                    "cumulative_cardinality": 14483644,
                                                                                                                    "operator_type": "PROJECTION",
                                                                                                                    "operator_cardinality": 7241822,
                                                                                                                    "cumulative_rows_scanned": 7241822,
                                                                                                                    "operator_rows_scanned": 0,
                                                                                                                    "operator_timing": 0.0003883660000000003,
                                                                                                                    "result_set_size": 28967288,
                                                                                                                    "children": [
                                                                                                                        {
                                                                                                                            "operator_name": "READ_PARQUET ",
                                                                                                                            "cpu_time": 0.04141496900000004,
                                                                                                                            "extra_info": {
                                                                                                                                "Function": "READ_PARQUET",
                                                                                                                                "Projections": "postid",
                                                                                                                                "Estimated Cardinality": "7241822"
                                                                                                                            },
                                                                                                                            "cumulative_cardinality": 7241822,
                                                                                                                            "operator_type": "TABLE_SCAN",
                                                                                                                            "operator_cardinality": 7241822,
                                                                                                                            "cumulative_rows_scanned": 7241822,
                                                                                                                            "operator_rows_scanned": 7241822,
                                                                                                                            "operator_timing": 0.04141496900000004,
                                                                                                                            "result_set_size": 28967288,
                                                                                                                            "children": []
                                                                                                                        }
                                                                                                                    ]
                                                                                                                }
                                                                                                            ]
                                                                                                        },
                                                                                                        {
                                                                                                            "operator_name": "READ_PARQUET ",
                                                                                                            "cpu_time": 0.5452462959999996,
                                                                                                            "extra_info": {
                                                                                                                "Function": "READ_PARQUET",
                                                                                                                "Projections": [
                                                                                                                    "id",
                                                                                                                    "creationdate",
                                                                                                                    "score",
                                                                                                                    "viewcount",
                                                                                                                    "owneruserid",
                                                                                                                    "title"
                                                                                                                ],
                                                                                                                "Filters": "posttypeid=1",
                                                                                                                "Estimated Cardinality": "770023"
                                                                                                            },
                                                                                                            "cumulative_cardinality": 1668164,
                                                                                                            "operator_type": "TABLE_SCAN",
                                                                                                            "operator_cardinality": 1668164,
                                                                                                            "cumulative_rows_scanned": 3850116,
                                                                                                            "operator_rows_scanned": 3850116,
                                                                                                            "operator_timing": 0.5452462959999996,
                                                                                                            "result_set_size": 66726560,
                                                                                                            "children": []
                                                                                                        }
                                                                                                    ]
                                                                                                },
                                                                                                {
                                                                                                    "operator_name": "HASH_GROUP_BY",
                                                                                                    "cpu_time": 0.2001477060000002,
                                                                                                    "extra_info": {
                                                                                                        "Groups": "#0",
                                                                                                        "Aggregates": "count_star()",
                                                                                                        "Estimated Cardinality": "385011"
                                                                                                    },
                                                                                                    "cumulative_cardinality": 5709157,
                                                                                                    "operator_type": "HASH_GROUP_BY",
                                                                                                    "operator_cardinality": 1354571,
                                                                                                    "cumulative_rows_scanned": 3850116,
                                                                                                    "operator_rows_scanned": 0,
                                                                                                    "operator_timing": 0.10105529700000024,
                                                                                                    "result_set_size": 16254852,
                                                                                                    "children": [
                                                                                                        {
                                                                                                            "operator_name": "PROJECTION",
                                                                                                            "cpu_time": 0.09909240899999995,
                                                                                                            "extra_info": {
                                                                                                                "Projections": "parentid",
                                                                                                                "Estimated Cardinality": "770023"
                                                                                                            },
                                                                                                            "cumulative_cardinality": 4354586,
                                                                                                            "operator_type": "PROJECTION",
                                                                                                            "operator_cardinality": 2177293,
                                                                                                            "cumulative_rows_scanned": 3850116,
                                                                                                            "operator_rows_scanned": 0,
                                                                                                            "operator_timing": 0.00027156399999999725,
                                                                                                            "result_set_size": 8709172,
                                                                                                            "children": [
                                                                                                                {
                                                                                                                    "operator_name": "READ_PARQUET ",
                                                                                                                    "cpu_time": 0.09882084499999995,
                                                                                                                    "extra_info": {
                                                                                                                        "Function": "READ_PARQUET",
                                                                                                                        "Projections": "parentid",
                                                                                                                        "Filters": "posttypeid=2",
                                                                                                                        "Estimated Cardinality": "770023"
                                                                                                                    },
                                                                                                                    "cumulative_cardinality": 2177293,
                                                                                                                    "operator_type": "TABLE_SCAN",
                                                                                                                    "operator_cardinality": 2177293,
                                                                                                                    "cumulative_rows_scanned": 3850116,
                                                                                                                    "operator_rows_scanned": 3850116,
                                                                                                                    "operator_timing": 0.09882084499999995,
                                                                                                                    "result_set_size": 8709172,
                                                                                                                    "children": []
                                                                                                                }
                                                                                                            ]
                                                                                                        }
                                                                                                    ]
                                                                                                }
                                                                                            ]
                                                                                        },
                                                                                        {
                                                                                            "operator_name": "READ_PARQUET ",
                                                                                            "cpu_time": 0.02027174300000002,
                                                                                            "extra_info": {
                                                                                                "Function": "READ_PARQUET",
                                                                                                "Projections": [
                                                                                                    "id",
                                                                                                    "reputation"
                                                                                                ],
                                                                                                "Filters": "id<=1416539",
                                                                                                "Estimated Cardinality": "1260710"
                                                                                            },
                                                                                            "cumulative_cardinality": 1260679,
                                                                                            "operator_type": "TABLE_SCAN",
                                                                                            "operator_cardinality": 1260679,
                                                                                            "cumulative_rows_scanned": 1260710,
                                                                                            "operator_rows_scanned": 1260710,
                                                                                            "operator_timing": 0.02027174300000002,
                                                                                            "result_set_size": 10085432,
                                                                                            "children": []
                                                                                        }
                                                                                    ]
                                                                                }
                                                                            ]
                                                                        }
                                                                    ]
                                                                }
                                                            ]
                                                        }
                                                    ]
                                                }
                                            ]
                                        }
                                    ]
                                }
                            ]
                        }
                    ]
                }
            ]
        }
    ]
}