{
    "rows_returned": 27,
    "query_name": "\nSELECT \n    p.Id AS PostId,\n    p.Title,\n    p.CreationDate,\n    p.Score,\n    p.ViewCount,\n    p.AnswerCount,\n    u.DisplayName AS OwnerDisplayName,\n    u.Reputation AS OwnerReputation,\n    t.TagName,\n    ph.CreationDate AS HistoryCreationDate,\n    COUNT(c.Id) AS CommentCount,\n    SUM(CASE WHEN v.VoteTypeId = 2 THEN 1 ELSE 0 END) AS UpVotes,\n    SUM(CASE WHEN v.VoteTypeId = 3 THEN 1 ELSE 0 END) AS DownVotes\nFROM \n    Posts p\nJOIN \n    Users u ON p.OwnerUserId = u.Id\nJOIN \n    Tags t ON t.ExcerptPostId = p.Id\nLEFT JOIN \n    Comments c ON c.PostId = p.Id\nLEFT JOIN \n    Votes v ON v.PostId = p.Id\nLEFT JOIN \n    PostHistory ph ON ph.PostId = p.Id\nWHERE \n    p.CreationDate >= TIMESTAMP '2024-10-01 12:34:56' - INTERVAL '1 year'\nGROUP BY \n    p.Id, p.Title, p.CreationDate, p.Score, p.ViewCount, p.AnswerCount, \n    u.DisplayName, u.Reputation, t.TagName, ph.CreationDate\nORDER BY \n    p.CreationDate DESC\nLIMIT 100;\n",
    "blocked_thread_time": 0.0,
    "cpu_time": 1.5587590370000004,
    "extra_info": {},
    "cumulative_cardinality": 39213270,
    "cumulative_rows_scanned": 36893961,
    "result_set_size": 3348,
    "latency": 1.746326136,
    "children": [
        {
            "operator_name": "STREAMING_LIMIT",
            "cpu_time": 1.5587590370000004,
            "extra_info": {},
            "cumulative_cardinality": 39213270,
            "operator_type": "STREAMING_LIMIT",
            "operator_cardinality": 27,
            "cumulative_rows_scanned": 36893961,
            "operator_rows_scanned": 0,
            "operator_timing": 0.000001082,
            "result_set_size": 3348,
            "children": [
                {
                    "operator_name": "PROJECTION",
                    "cpu_time": 1.5587579550000004,
                    "extra_info": {
                        "Projections": [
                            "#0",
                            "#1",
                            "#2",
                            "__internal_decompress_integral_integer(#3, -72)",
                            "#4",
                            "__internal_decompress_integral_integer(#5, 0)",
                            "#6",
                            "#7",
                            "#8",
                            "#9",
                            "#10",
                            "#11",
                            "#12"
                        ],
                        "Estimated Cardinality": "3850116"
                    },
                    "cumulative_cardinality": 39213243,
                    "operator_type": "PROJECTION",
                    "operator_cardinality": 27,
                    "cumulative_rows_scanned": 36893961,
                    "operator_rows_scanned": 0,
                    "operator_timing": 0.000001563,
                    "result_set_size": 3348,
                    "children": [
                        {
                            "operator_name": "ORDER_BY",
                            "cpu_time": 1.5587563920000003,
                            "extra_info": {
                                "Order By": "p.CreationDate DESC"
                            },
                            "cumulative_cardinality": 39213216,
                            "operator_type": "ORDER_BY",
                            "operator_cardinality": 27,
                            "cumulative_rows_scanned": 36893961,
                            "operator_rows_scanned": 0,
                            "operator_timing": 0.000028473,
                            "result_set_size": 3213,
                            "children": [
                                {
                                    "operator_name": "PROJECTION",
                                    "cpu_time": 1.5587279190000003,
                                    "extra_info": {
                                        "Projections": [
                                            "#0",
                                            "#1",
                                            "#2",
                                            "__internal_compress_integral_usmallint(#3, -72)",
                                            "#4",
                                            "__internal_compress_integral_utinyint(#5, 0)",
                                            "#6",
                                            "#7",
                                            "#8",
                                            "#9",
                                            "#10",
                                            "#11",
                                            "#12"
                                        ],
                                        "Estimated Cardinality": "3850116"
                                    },
                                    "cumulative_cardinality": 39213189,
                                    "operator_type": "PROJECTION",
                                    "operator_cardinality": 27,
                                    "cumulative_rows_scanned": 36893961,
                                    "operator_rows_scanned": 0,
                                    "operator_timing": 0.000001643,
                                    "result_set_size": 3213,
                                    "children": [
                                        {
                                            "operator_name": "PROJECTION",
                                            "cpu_time": 1.5587262760000002,
                                            "extra_info": {
                                                "Projections": [
                                                    "#0",
                                                    "#1",
                                                    "#2",
                                                    "__internal_decompress_integral_integer(#3, -72)",
                                                    "#4",
                                                    "__internal_decompress_integral_integer(#5, 0)",
                                                    "#6",
                                                    "#7",
                                                    "#8",
                                                    "#9",
                                                    "#10",
                                                    "#11",
                                                    "#12"
                                                ],
                                                "Estimated Cardinality": "3850116"
                                            },
                                            "cumulative_cardinality": 39213162,
                                            "operator_type": "PROJECTION",
                                            "operator_cardinality": 27,
                                            "cumulative_rows_scanned": 36893961,
                                            "operator_rows_scanned": 0,
                                            "operator_timing": 0.000003336,
                                            "result_set_size": 3348,
                                            "children": [
                                                {
                                                    "operator_name": "HASH_GROUP_BY",
                                                    "cpu_time": 1.5587229400000002,
                                                    "extra_info": {
                                                        "Groups": [
                                                            "#0",
                                                            "#1",
                                                            "#2",
                                                            "#3",
                                                            "#4",
                                                            "#5",
                                                            "#6",
                                                            "#7",
                                                            "#8",
                                                            "#9"
                                                        ],
                                                        "Aggregates": [
                                                            "count(#10)",
                                                            "sum(#11)",
                                                            "sum(#12)"
                                                        ],
                                                        "Estimated Cardinality": "3850116"
                                                    },
                                                    "cumulative_cardinality": 39213135,
                                                    "operator_type": "HASH_GROUP_BY",
                                                    "operator_cardinality": 27,
                                                    "cumulative_rows_scanned": 36893961,
                                                    "operator_rows_scanned": 0,
                                                    "operator_timing": 0.00011588499999999999,
                                                    "result_set_size": 3213,
                                                    "children": [
                                                        {
                                                            "operator_name": "PROJECTION",
                                                            "cpu_time": 1.5586070550000002,
                                                            "extra_info": {
                                                                "Projections": [
                                                                    "id",
                                                                    "title",
                                                                    "creationdate",
                                                                    "score",
                                                                    "viewcount",
                                                                    "answercount",
                                                                    "displayname",
                                                                    "reputation",
                                                                    "tagname",
                                                                    "creationdate",
                                                                    "id",
                                                                    "CASE  WHEN ((votetypeid = 2)) THEN (1) ELSE 0 END",
                                                                    "CASE  WHEN ((votetypeid = 3)) THEN (1) ELSE 0 END"
                                                                ],
                                                                "Estimated Cardinality": "12744093"
                                                            },
                                                            "cumulative_cardinality": 39213108,
                                                            "operator_type": "PROJECTION",
                                                            "operator_cardinality": 55,
                                                            "cumulative_rows_scanned": 36893961,
                                                            "operator_rows_scanned": 0,
                                                            "operator_timing": 0.000006982,
                                                            "result_set_size": 5005,
                                                            "children": [
                                                                {
                                                                    "operator_name": "PROJECTION",
                                                                    "cpu_time": 1.5586000730000003,
                                                                    "extra_info": {
                                                                        "Projections": [
                                                                            "#0",
                                                                            "#1",
                                                                            "#2",
                                                                            "#3",
                                                                            "#4",
                                                                            "__internal_compress_integral_usmallint(#5, -72)",
                                                                            "#6",
                                                                            "#7",
                                                                            "__internal_compress_integral_utinyint(#8, 0)",
                                                                            "#9",
                                                                            "#10",
                                                                            "#11"
                                                                        ],
                                                                        "Estimated Cardinality": "12744093"
                                                                    },
                                                                    "cumulative_cardinality": 39213053,
                                                                    "operator_type": "PROJECTION",
                                                                    "operator_cardinality": 55,
                                                                    "cumulative_rows_scanned": 36893961,
                                                                    "operator_rows_scanned": 0,
                                                                    "operator_timing": 0.000002485,
                                                                    "result_set_size": 4675,
                                                                    "children": [
                                                                        {
                                                                            "operator_name": "HASH_JOIN",
                                                                            "cpu_time": 1.5585975880000003,
                                                                            "extra_info": {
                                                                                "Join Type": "LEFT",
                                                                                "Conditions": "id = postid",
                                                                                "Estimated Cardinality": "12744093"
                                                                            },
                                                                            "cumulative_cardinality": 39212998,
                                                                            "operator_type": "HASH_JOIN",
                                                                            "operator_cardinality": 55,
                                                                            "cumulative_rows_scanned": 36893961,
                                                                            "operator_rows_scanned": 0,
                                                                            "operator_timing": 0.49476169900000067,
                                                                            "result_set_size": 4950,
                                                                            "children": [
                                                                                {
                                                                                    "operator_name": "PROJECTION",
                                                                                    "cpu_time": 0.8496319729999994,
                                                                                    "extra_info": {
                                                                                        "Projections": [
                                                                                            "#0",
                                                                                            "#1",
                                                                                            "#2",
                                                                                            "#3",
                                                                                            "#4",
                                                                                            "#5",
                                                                                            "#6",
                                                                                            "#7",
                                                                                            "#8",
                                                                                            "#9",
                                                                                            "__internal_decompress_integral_smallint(#10, 1)"
                                                                                        ],
                                                                                        "Estimated Cardinality": "12744093"
                                                                                    },
                                                                                    "cumulative_cardinality": 27417699,
                                                                                    "operator_type": "PROJECTION",
                                                                                    "operator_cardinality": 15,
                                                                                    "cumulative_rows_scanned": 25098717,
                                                                                    "operator_rows_scanned": 0,
                                                                                    "operator_timing": 0.000002935,
                                                                                    "result_set_size": 1230,
                                                                                    "children": [
                                                                                        {
                                                                                            "operator_name": "HASH_JOIN",
                                                                                            "cpu_time": 0.8496290379999993,
                                                                                            "extra_info": {
                                                                                                "Join Type": "LEFT",
                                                                                                "Conditions": "id = postid",
                                                                                                "Estimated Cardinality": "12744093"
                                                                                            },
                                                                                            "cumulative_cardinality": 27417684,
                                                                                            "operator_type": "HASH_JOIN",
                                                                                            "operator_cardinality": 15,
                                                                                            "cumulative_rows_scanned": 25098717,
                                                                                            "operator_rows_scanned": 0,
                                                                                            "operator_timing": 0.49465296999999947,
                                                                                            "result_set_size": 1215,
                                                                                            "children": [
                                                                                                {
                                                                                                    "operator_name": "HASH_JOIN",
                                                                                                    "cpu_time": 0.22386313799999993,
                                                                                                    "extra_info": {
                                                                                                        "Join Type": "RIGHT",
                                                                                                        "Conditions": "postid = id",
                                                                                                        "Estimated Cardinality": "7241822"
                                                                                                    },
                                                                                                    "cumulative_cardinality": 1929483,
                                                                                                    "operator_type": "HASH_JOIN",
                                                                                                    "operator_cardinality": 15,
                                                                                                    "cumulative_rows_scanned": 12354624,
                                                                                                    "operator_rows_scanned": 0,
                                                                                                    "operator_timing": 0.0012390760000000006,
                                                                                                    "result_set_size": 1200,
                                                                                                    "children": [
                                                                                                        {
                                                                                                            "operator_name": "READ_PARQUET ",
                                                                                                            "cpu_time": 0.012646463999999998,
                                                                                                            "extra_info": {
                                                                                                                "Function": "READ_PARQUET",
                                                                                                                "Projections": [
                                                                                                                    "id",
                                                                                                                    "postid"
                                                                                                                ],
                                                                                                                "Estimated Cardinality": "7241822"
                                                                                                            },
                                                                                                            "cumulative_cardinality": 236312,
                                                                                                            "operator_type": "TABLE_SCAN",
                                                                                                            "operator_cardinality": 236312,
                                                                                                            "cumulative_rows_scanned": 7241822,
                                                                                                            "operator_rows_scanned": 7241822,
                                                                                                            "operator_timing": 0.012646463999999998,
                                                                                                            "result_set_size": 1890496,
                                                                                                            "children": []
                                                                                                        },
                                                                                                        {
                                                                                                            "operator_name": "HASH_JOIN",
                                                                                                            "cpu_time": 0.20997759799999993,
                                                                                                            "extra_info": {
                                                                                                                "Join Type": "INNER",
                                                                                                                "Conditions": "id = excerptpostid",
                                                                                                                "Estimated Cardinality": "770023"
                                                                                                            },
                                                                                                            "cumulative_cardinality": 1693156,
                                                                                                            "operator_type": "HASH_JOIN",
                                                                                                            "operator_cardinality": 15,
                                                                                                            "cumulative_rows_scanned": 5112802,
                                                                                                            "operator_rows_scanned": 0,
                                                                                                            "operator_timing": 0.004356270999999998,
                                                                                                            "result_set_size": 1140,
                                                                                                            "children": [
                                                                                                                {
                                                                                                                    "operator_name": "FILTER",
                                                                                                                    "cpu_time": 0.20507999599999993,
                                                                                                                    "extra_info": {
                                                                                                                        "Expression": "(id BETWEEN 4433 AND 4975718)",
                                                                                                                        "Estimated Cardinality": "770023"
                                                                                                                    },
                                                                                                                    "cumulative_cardinality": 1691165,
                                                                                                                    "operator_type": "FILTER",
                                                                                                                    "operator_cardinality": 141294,
                                                                                                                    "cumulative_rows_scanned": 5110826,
                                                                                                                    "operator_rows_scanned": 0,
                                                                                                                    "operator_timing": 0.0032286209999999975,
                                                                                                                    "result_set_size": 8477640,
                                                                                                                    "children": [
                                                                                                                        {
                                                                                                                            "operator_name": "HASH_JOIN",
                                                                                                                            "cpu_time": 0.20185137499999994,
                                                                                                                            "extra_info": {
                                                                                                                                "Join Type": "INNER",
                                                                                                                                "Conditions": "id = owneruserid",
                                                                                                                                "Estimated Cardinality": "770023"
                                                                                                                            },
                                                                                                                            "cumulative_cardinality": 1549871,
                                                                                                                            "operator_type": "HASH_JOIN",
                                                                                                                            "operator_cardinality": 143650,
                                                                                                                            "cumulative_rows_scanned": 5110826,
                                                                                                                            "operator_rows_scanned": 0,
                                                                                                                            "operator_timing": 0.03028336999999996,
                                                                                                                            "result_set_size": 8619000,
                                                                                                                            "children": [
                                                                                                                                {
                                                                                                                                    "operator_name": "READ_PARQUET ",
                                                                                                                                    "cpu_time": 0.09360546899999996,
                                                                                                                                    "extra_info": {
                                                                                                                                        "Function": "READ_PARQUET",
                                                                                                                                        "Projections": [
                                                                                                                                            "id",
                                                                                                                                            "reputation",
                                                                                                                                            "displayname"
                                                                                                                                        ],
                                                                                                                                        "Filters": "id<=1416539",
                                                                                                                                        "Estimated Cardinality": "1260710"
                                                                                                                                    },
                                                                                                                                    "cumulative_cardinality": 1260679,
                                                                                                                                    "operator_type": "TABLE_SCAN",
                                                                                                                                    "operator_cardinality": 1260679,
                                                                                                                                    "cumulative_rows_scanned": 1260710,
                                                                                                                                    "operator_rows_scanned": 1260710,
                                                                                                                                    "operator_timing": 0.09360546899999996,
                                                                                                                                    "result_set_size": 30256296,
                                                                                                                                    "children": []
                                                                                                                                },
                                                                                                                                {
                                                                                                                                    "operator_name": "READ_PARQUET ",
                                                                                                                                    "cpu_time": 0.07796253600000004,
                                                                                                                                    "extra_info": {
                                                                                                                                        "Function": "READ_PARQUET",
                                                                                                                                        "Projections": [
                                                                                                                                            "id",
                                                                                                                                            "creationdate",
                                                                                                                                            "score",
                                                                                                                                            "viewcount",
                                                                                                                                            "owneruserid",
                                                                                                                                            "title",
                                                                                                                                            "answercount"
                                                                                                                                        ],
                                                                                                                                        "Filters": "creationdate>='2023-10-01 12:34:56'::TIMESTAMP",
                                                                                                                                        "Estimated Cardinality": "770023"
                                                                                                                                    },
                                                                                                                                    "cumulative_cardinality": 145542,
                                                                                                                                    "operator_type": "TABLE_SCAN",
                                                                                                                                    "operator_cardinality": 145542,
                                                                                                                                    "cumulative_rows_scanned": 3850116,
                                                                                                                                    "operator_rows_scanned": 3850116,
                                                                                                                                    "operator_timing": 0.07796253600000004,
                                                                                                                                    "result_set_size": 6403848,
                                                                                                                                    "children": []
                                                                                                                                }
                                                                                                                            ]
                                                                                                                        }
                                                                                                                    ]
                                                                                                                },
                                                                                                                {
                                                                                                                    "operator_name": "READ_PARQUET ",
                                                                                                                    "cpu_time": 0.000541331,
                                                                                                                    "extra_info": {
                                                                                                                        "Function": "READ_PARQUET",
                                                                                                                        "Projections": [
                                                                                                                            "tagname",
                                                                                                                            "excerptpostid"
                                                                                                                        ],
                                                                                                                        "Estimated Cardinality": "1976"
                                                                                                                    },
                                                                                                                    "cumulative_cardinality": 1976,
                                                                                                                    "operator_type": "TABLE_SCAN",
                                                                                                                    "operator_cardinality": 1976,
                                                                                                                    "cumulative_rows_scanned": 1976,
                                                                                                                    "operator_rows_scanned": 1976,
                                                                                                                    "operator_timing": 0.000541331,
                                                                                                                    "result_set_size": 39520,
                                                                                                                    "children": []
                                                                                                                }
                                                                                                            ]
                                                                                                        }
                                                                                                    ]
                                                                                                },
                                                                                                {
                                                                                                    "operator_name": "PROJECTION",
                                                                                                    "cpu_time": 0.1311129299999999,
                                                                                                    "extra_info": {
                                                                                                        "Projections": [
                                                                                                            "#0",
                                                                                                            "__internal_compress_integral_utinyint(#1, 1)"
                                                                                                        ],
                                                                                                        "Estimated Cardinality": "12744093"
                                                                                                    },
                                                                                                    "cumulative_cardinality": 25488186,
                                                                                                    "operator_type": "PROJECTION",
                                                                                                    "operator_cardinality": 12744093,
                                                                                                    "cumulative_rows_scanned": 12744093,
                                                                                                    "operator_rows_scanned": 0,
                                                                                                    "operator_timing": 0.003233378000000014,
                                                                                                    "result_set_size": 63720465,
                                                                                                    "children": [
                                                                                                        {
                                                                                                            "operator_name": "READ_PARQUET ",
                                                                                                            "cpu_time": 0.1278795519999999,
                                                                                                            "extra_info": {
                                                                                                                "Function": "READ_PARQUET",
                                                                                                                "Projections": [
                                                                                                                    "postid",
                                                                                                                    "votetypeid"
                                                                                                                ],
                                                                                                                "Estimated Cardinality": "12744093"
                                                                                                            },
                                                                                                            "cumulative_cardinality": 12744093,
                                                                                                            "operator_type": "TABLE_SCAN",
                                                                                                            "operator_cardinality": 12744093,
                                                                                                            "cumulative_rows_scanned": 12744093,
                                                                                                            "operator_rows_scanned": 12744093,
                                                                                                            "operator_timing": 0.1278795519999999,
                                                                                                            "result_set_size": 76464558,
                                                                                                            "children": []
                                                                                                        }
                                                                                                    ]
                                                                                                }
                                                                                            ]
                                                                                        }
                                                                                    ]
                                                                                },
                                                                                {
                                                                                    "operator_name": "READ_PARQUET ",
                                                                                    "cpu_time": 0.21420391600000013,
                                                                                    "extra_info": {
                                                                                        "Function": "READ_PARQUET",
                                                                                        "Projections": [
                                                                                            "postid",
                                                                                            "creationdate"
                                                                                        ],
                                                                                        "Estimated Cardinality": "11795244"
                                                                                    },
                                                                                    "cumulative_cardinality": 11795244,
                                                                                    "operator_type": "TABLE_SCAN",
                                                                                    "operator_cardinality": 11795244,
                                                                                    "cumulative_rows_scanned": 11795244,
                                                                                    "operator_rows_scanned": 11795244,
                                                                                    "operator_timing": 0.21420391600000013,
                                                                                    "result_set_size": 141542928,
                                                                                    "children": []
                                                                                }
                                                                            ]
                                                                        }
                                                                    ]
                                                                }
                                                            ]
                                                        }
                                                    ]
                                                }
                                            ]
                                        }
                                    ]
                                }
                            ]
                        }
                    ]
                }
            ]
        }
    ]
}