{
    "rows_returned": 1260710,
    "query_name": "WITH UserPosts AS (\n    SELECT \n        u.Id AS UserId,\n        u.DisplayName,\n        COUNT(p.Id) AS TotalPosts\n    FROM \n        Users u\n    LEFT JOIN \n        Posts p ON u.Id = p.OwnerUserId\n    GROUP BY \n        u.Id, u.DisplayName\n),\nUserVotes AS (\n    SELECT \n        v.UserId,\n        COUNT(v.Id) AS TotalVotes\n    FROM \n        Votes v\n    GROUP BY \n        v.UserId\n)\nSELECT \n    u.Id AS UserId,\n    u.DisplayName,\n    u.Reputation,\n    up.TotalPosts,\n    uv.TotalVotes\nFROM \n    Users u\nLEFT JOIN \n    UserPosts up ON u.Id = up.UserId\nLEFT JOIN \n    UserVotes uv ON u.Id = uv.UserId\nORDER BY \n    u.Reputation DESC;",
    "blocked_thread_time": 0.0,
    "cpu_time": 1.218359229,
    "extra_info": {},
    "cumulative_cardinality": 48420415,
    "cumulative_rows_scanned": 19115629,
    "result_set_size": 50428400,
    "latency": 1.892205013,
    "children": [
        {
            "operator_name": "ORDER_BY",
            "cpu_time": 1.218359229,
            "extra_info": {
                "Order By": "u.Reputation DESC"
            },
            "cumulative_cardinality": 48420415,
            "operator_type": "ORDER_BY",
            "operator_cardinality": 1260710,
            "cumulative_rows_scanned": 19115629,
            "operator_rows_scanned": 0,
            "operator_timing": 0.061351242,
            "result_set_size": 50428400,
            "children": [
                {
                    "operator_name": "PROJECTION",
                    "cpu_time": 1.157007987,
                    "extra_info": {
                        "Projections": [
                            "UserId",
                            "displayname",
                            "reputation",
                            "TotalPosts",
                            "TotalVotes"
                        ],
                        "Estimated Cardinality": "6372046"
                    },
                    "cumulative_cardinality": 47159705,
                    "operator_type": "PROJECTION",
                    "operator_cardinality": 1260710,
                    "cumulative_rows_scanned": 19115629,
                    "operator_rows_scanned": 0,
                    "operator_timing": 0.00014172999999999974,
                    "result_set_size": 50428400,
                    "children": [
                        {
                            "operator_name": "HASH_JOIN",
                            "cpu_time": 1.1568662570000001,
                            "extra_info": {
                                "Join Type": "RIGHT",
                                "Conditions": "userid = id",
                                "Estimated Cardinality": "6372046"
                            },
                            "cumulative_cardinality": 45898995,
                            "operator_type": "HASH_JOIN",
                            "operator_cardinality": 1260710,
                            "cumulative_rows_scanned": 19115629,
                            "operator_rows_scanned": 0,
                            "operator_timing": 0.09611552199999994,
                            "result_set_size": 50428400,
                            "children": [
                                {
                                    "operator_name": "HASH_GROUP_BY",
                                    "cpu_time": 0.14176409299999987,
                                    "extra_info": {
                                        "Groups": "#0",
                                        "Aggregates": "count_star()",
                                        "Estimated Cardinality": "6372046"
                                    },
                                    "cumulative_cardinality": 25500329,
                                    "operator_type": "HASH_GROUP_BY",
                                    "operator_cardinality": 12143,
                                    "cumulative_rows_scanned": 12744093,
                                    "operator_rows_scanned": 0,
                                    "operator_timing": 0.05819991199999966,
                                    "result_set_size": 145716,
                                    "children": [
                                        {
                                            "operator_name": "PROJECTION",
                                            "cpu_time": 0.08356418100000022,
                                            "extra_info": {
                                                "Projections": "userid",
                                                "Estimated Cardinality": "12744093"
                                            },
                                            "cumulative_cardinality": 25488186,
                                            "operator_type": "PROJECTION",
                                            "operator_cardinality": 12744093,
                                            "cumulative_rows_scanned": 12744093,
                                            "operator_rows_scanned": 0,
                                            "operator_timing": 0.0005240410000000273,
                                            "result_set_size": 50976372,
                                            "children": [
                                                {
                                                    "operator_name": "READ_PARQUET ",
                                                    "cpu_time": 0.08304014000000019,
                                                    "extra_info": {
                                                        "Function": "READ_PARQUET",
                                                        "Projections": [
                                                            "id",
                                                            "userid"
                                                        ],
                                                        "Estimated Cardinality": "12744093"
                                                    },
                                                    "cumulative_cardinality": 12744093,
                                                    "operator_type": "TABLE_SCAN",
                                                    "operator_cardinality": 12744093,
                                                    "cumulative_rows_scanned": 12744093,
                                                    "operator_rows_scanned": 12744093,
                                                    "operator_timing": 0.08304014000000019,
                                                    "result_set_size": 101952744,
                                                    "children": []
                                                }
                                            ]
                                        }
                                    ]
                                },
                                {
                                    "operator_name": "HASH_JOIN",
                                    "cpu_time": 0.9189866420000002,
                                    "extra_info": {
                                        "Join Type": "LEFT",
                                        "Conditions": "id = UserId",
                                        "Estimated Cardinality": "1260710"
                                    },
                                    "cumulative_cardinality": 19137956,
                                    "operator_type": "HASH_JOIN",
                                    "operator_cardinality": 1260710,
                                    "cumulative_rows_scanned": 6371536,
                                    "operator_rows_scanned": 0,
                                    "operator_timing": 0.08910108399999997,
                                    "result_set_size": 40342720,
                                    "children": [
                                        {
                                            "operator_name": "READ_PARQUET ",
                                            "cpu_time": 0.08449089399999997,
                                            "extra_info": {
                                                "Function": "READ_PARQUET",
                                                "Projections": [
                                                    "id",
                                                    "reputation",
                                                    "displayname"
                                                ],
                                                "Estimated Cardinality": "1260710"
                                            },
                                            "cumulative_cardinality": 1260710,
                                            "operator_type": "TABLE_SCAN",
                                            "operator_cardinality": 1260710,
                                            "cumulative_rows_scanned": 1260710,
                                            "operator_rows_scanned": 1260710,
                                            "operator_timing": 0.08449089399999997,
                                            "result_set_size": 30257040,
                                            "children": []
                                        },
                                        {
                                            "operator_name": "PROJECTION",
                                            "cpu_time": 0.7453946640000003,
                                            "extra_info": {
                                                "Projections": [
                                                    "UserId",
                                                    "TotalPosts"
                                                ],
                                                "Estimated Cardinality": "1260710"
                                            },
                                            "cumulative_cardinality": 16616536,
                                            "operator_type": "PROJECTION",
                                            "operator_cardinality": 1260710,
                                            "cumulative_rows_scanned": 5110826,
                                            "operator_rows_scanned": 0,
                                            "operator_timing": 0.00008548700000000019,
                                            "result_set_size": 15128520,
                                            "children": [
                                                {
                                                    "operator_name": "HASH_GROUP_BY",
                                                    "cpu_time": 0.7453091770000003,
                                                    "extra_info": {
                                                        "Groups": [
                                                            "#0",
                                                            "#1"
                                                        ],
                                                        "Aggregates": "count(#2)",
                                                        "Estimated Cardinality": "1260710"
                                                    },
                                                    "cumulative_cardinality": 15355826,
                                                    "operator_type": "HASH_GROUP_BY",
                                                    "operator_cardinality": 1260710,
                                                    "cumulative_rows_scanned": 5110826,
                                                    "operator_rows_scanned": 0,
                                                    "operator_timing": 0.3543646389999999,
                                                    "result_set_size": 35299880,
                                                    "children": [
                                                        {
                                                            "operator_name": "PROJECTION",
                                                            "cpu_time": 0.3909445380000004,
                                                            "extra_info": {
                                                                "Projections": [
                                                                    "id",
                                                                    "displayname",
                                                                    "id"
                                                                ],
                                                                "Estimated Cardinality": "3850116"
                                                            },
                                                            "cumulative_cardinality": 14095116,
                                                            "operator_type": "PROJECTION",
                                                            "operator_cardinality": 4574495,
                                                            "cumulative_rows_scanned": 5110826,
                                                            "operator_rows_scanned": 0,
                                                            "operator_timing": 0.0006951230000000018,
                                                            "result_set_size": 109787880,
                                                            "children": [
                                                                {
                                                                    "operator_name": "HASH_JOIN",
                                                                    "cpu_time": 0.3902494150000004,
                                                                    "extra_info": {
                                                                        "Join Type": "RIGHT",
                                                                        "Conditions": "owneruserid = id",
                                                                        "Estimated Cardinality": "3850116"
                                                                    },
                                                                    "cumulative_cardinality": 9520621,
                                                                    "operator_type": "HASH_JOIN",
                                                                    "operator_cardinality": 4574495,
                                                                    "cumulative_rows_scanned": 5110826,
                                                                    "operator_rows_scanned": 0,
                                                                    "operator_timing": 0.22735881100000027,
                                                                    "result_set_size": 109787880,
                                                                    "children": [
                                                                        {
                                                                            "operator_name": "READ_PARQUET ",
                                                                            "cpu_time": 0.08743504199999999,
                                                                            "extra_info": {
                                                                                "Function": "READ_PARQUET",
                                                                                "Projections": [
                                                                                    "id",
                                                                                    "owneruserid"
                                                                                ],
                                                                                "Estimated Cardinality": "3850116"
                                                                            },
                                                                            "cumulative_cardinality": 3685416,
                                                                            "operator_type": "TABLE_SCAN",
                                                                            "operator_cardinality": 3685416,
                                                                            "cumulative_rows_scanned": 3850116,
                                                                            "operator_rows_scanned": 3850116,
                                                                            "operator_timing": 0.08743504199999999,
                                                                            "result_set_size": 29483328,
                                                                            "children": []
                                                                        },
                                                                        {
                                                                            "operator_name": "READ_PARQUET ",
                                                                            "cpu_time": 0.07545556200000007,
                                                                            "extra_info": {
                                                                                "Function": "READ_PARQUET",
                                                                                "Projections": [
                                                                                    "id",
                                                                                    "displayname"
                                                                                ],
                                                                                "Estimated Cardinality": "1260710"
                                                                            },
                                                                            "cumulative_cardinality": 1260710,
                                                                            "operator_type": "TABLE_SCAN",
                                                                            "operator_cardinality": 1260710,
                                                                            "cumulative_rows_scanned": 1260710,
                                                                            "operator_rows_scanned": 1260710,
                                                                            "operator_timing": 0.07545556200000007,
                                                                            "result_set_size": 25214200,
                                                                            "children": []
                                                                        }
                                                                    ]
                                                                }
                                                            ]
                                                        }
                                                    ]
                                                }
                                            ]
                                        }
                                    ]
                                }
                            ]
                        }
                    ]
                }
            ]
        }
    ]
}