{
    "rows_returned": 0,
    "query_name": "WITH UserVoteSummary AS (\n    SELECT\n        u.Id AS UserId,\n        SUM(CASE WHEN v.VoteTypeId = 2 THEN 1 ELSE 0 END) AS TotalUpVotes,\n        SUM(CASE WHEN v.VoteTypeId = 3 THEN 1 ELSE 0 END) AS TotalDownVotes,\n        COUNT(DISTINCT p.Id) AS TotalPosts\n    FROM Users u\n    LEFT JOIN Votes v ON u.Id = v.UserId\n    LEFT JOIN Posts p ON v.PostId = p.Id\n    GROUP BY u.Id\n),\nPostAcceptance AS (\n    SELECT\n        p.Id AS PostId,\n        COUNT(DISTINCT CASE WHEN p.AcceptedAnswerId IS NOT NULL THEN p.AcceptedAnswerId END) AS AcceptedAnswers\n    FROM Posts p\n    GROUP BY p.Id\n),\nPostDetails AS (\n    SELECT\n        p.Id,\n        p.Title,\n        p.CreationDate,\n        COALESCE(ps.TotalUpVotes, 0) AS UserUpVotes,\n        COALESCE(ps.TotalDownVotes, 0) AS UserDownVotes,\n        COALESCE(pa.AcceptedAnswers, 0) AS AcceptedAnswersCount\n    FROM Posts p\n    LEFT JOIN UserVoteSummary ps ON p.OwnerUserId = ps.UserId\n    LEFT JOIN PostAcceptance pa ON p.Id = pa.PostId\n)\nSELECT\n    pd.Id,\n    pd.Title,\n    pd.CreationDate,\n    pd.UserUpVotes,\n    pd.UserDownVotes,\n    pd.AcceptedAnswersCount,\n    CASE \n        WHEN pd.UserUpVotes > pd.UserDownVotes THEN 'Positive' \n        WHEN pd.UserDownVotes > pd.UserUpVotes THEN 'Negative' \n        ELSE 'Neutral' \n    END AS VoteSentiment,\n    CASE \n        WHEN pd.AcceptedAnswersCount > 0 THEN 'Accepted' \n        ELSE 'Not Accepted' \n    END AS AcceptanceStatus\nFROM PostDetails pd\nWHERE pd.CreationDate >= '2021-01-01'\n  AND (pd.UserUpVotes - pd.UserDownVotes) > 0\nORDER BY pd.UserUpVotes DESC, pd.CreationDate DESC\nLIMIT 100;\n",
    "blocked_thread_time": 0.0,
    "cpu_time": 6.588979569999989,
    "extra_info": {},
    "cumulative_cardinality": 24669308,
    "cumulative_rows_scanned": 25555151,
    "result_set_size": 0,
    "latency": 7.38343855,
    "children": [
        {
            "operator_name": "STREAMING_LIMIT",
            "cpu_time": 6.588979569999989,
            "extra_info": {},
            "cumulative_cardinality": 24669308,
            "operator_type": "STREAMING_LIMIT",
            "operator_cardinality": 0,
            "cumulative_rows_scanned": 25555151,
            "operator_rows_scanned": 0,
            "operator_timing": 0.0,
            "result_set_size": 0,
            "children": [
                {
                    "operator_name": "PROJECTION",
                    "cpu_time": 6.588979569999989,
                    "extra_info": {
                        "Projections": [
                            "#0",
                            "#1",
                            "#2",
                            "#3",
                            "#4",
                            "#5",
                            "__internal_decompress_string(#6)",
                            "__internal_decompress_string(#7)"
                        ],
                        "Estimated Cardinality": "1925058"
                    },
                    "cumulative_cardinality": 24669308,
                    "operator_type": "PROJECTION",
                    "operator_cardinality": 0,
                    "cumulative_rows_scanned": 25555151,
                    "operator_rows_scanned": 0,
                    "operator_timing": 0.0,
                    "result_set_size": 0,
                    "children": [
                        {
                            "operator_name": "ORDER_BY",
                            "cpu_time": 6.588979569999989,
                            "extra_info": {
                                "Order By": [
                                    "pd.UserUpVotes DESC",
                                    "pd.CreationDate DESC"
                                ]
                            },
                            "cumulative_cardinality": 24669308,
                            "operator_type": "ORDER_BY",
                            "operator_cardinality": 0,
                            "cumulative_rows_scanned": 25555151,
                            "operator_rows_scanned": 0,
                            "operator_timing": 3.6e-7,
                            "result_set_size": 0,
                            "children": [
                                {
                                    "operator_name": "PROJECTION",
                                    "cpu_time": 6.588979209999989,
                                    "extra_info": {
                                        "Projections": [
                                            "#0",
                                            "#1",
                                            "#2",
                                            "#3",
                                            "#4",
                                            "#5",
                                            "__internal_compress_string_hugeint(#6)",
                                            "__internal_compress_string_hugeint(#7)"
                                        ],
                                        "Estimated Cardinality": "1925058"
                                    },
                                    "cumulative_cardinality": 24669308,
                                    "operator_type": "PROJECTION",
                                    "operator_cardinality": 0,
                                    "cumulative_rows_scanned": 25555151,
                                    "operator_rows_scanned": 0,
                                    "operator_timing": 0.0,
                                    "result_set_size": 0,
                                    "children": [
                                        {
                                            "operator_name": "PROJECTION",
                                            "cpu_time": 6.588979209999989,
                                            "extra_info": {
                                                "Projections": [
                                                    "id",
                                                    "title",
                                                    "creationdate",
                                                    "UserUpVotes",
                                                    "UserDownVotes",
                                                    "AcceptedAnswersCount",
                                                    "VoteSentiment",
                                                    "AcceptanceStatus"
                                                ],
                                                "Estimated Cardinality": "1925058"
                                            },
                                            "cumulative_cardinality": 24669308,
                                            "operator_type": "PROJECTION",
                                            "operator_cardinality": 0,
                                            "cumulative_rows_scanned": 25555151,
                                            "operator_rows_scanned": 0,
                                            "operator_timing": 0.0,
                                            "result_set_size": 0,
                                            "children": [
                                                {
                                                    "operator_name": "FILTER",
                                                    "cpu_time": 6.588979209999989,
                                                    "extra_info": {
                                                        "Expression": "((UserUpVotes - UserDownVotes) > 0)",
                                                        "Estimated Cardinality": "1925058"
                                                    },
                                                    "cumulative_cardinality": 24669308,
                                                    "operator_type": "FILTER",
                                                    "operator_cardinality": 0,
                                                    "cumulative_rows_scanned": 25555151,
                                                    "operator_rows_scanned": 0,
                                                    "operator_timing": 0.009780152000000004,
                                                    "result_set_size": 0,
                                                    "children": [
                                                        {
                                                            "operator_name": "PROJECTION",
                                                            "cpu_time": 6.579199057999989,
                                                            "extra_info": {
                                                                "Projections": [
                                                                    "id",
                                                                    "title",
                                                                    "creationdate",
                                                                    "UserUpVotes",
                                                                    "UserDownVotes",
                                                                    "AcceptedAnswersCount"
                                                                ],
                                                                "Estimated Cardinality": "1925058"
                                                            },
                                                            "cumulative_cardinality": 24669308,
                                                            "operator_type": "PROJECTION",
                                                            "operator_cardinality": 710143,
                                                            "cumulative_rows_scanned": 25555151,
                                                            "operator_rows_scanned": 0,
                                                            "operator_timing": 0.026764549000000023,
                                                            "result_set_size": 48289724,
                                                            "children": [
                                                                {
                                                                    "operator_name": "HASH_JOIN",
                                                                    "cpu_time": 6.552434508999989,
                                                                    "extra_info": {
                                                                        "Join Type": "LEFT",
                                                                        "Conditions": "id = PostId",
                                                                        "Estimated Cardinality": "1925058"
                                                                    },
                                                                    "cumulative_cardinality": 23959165,
                                                                    "operator_type": "HASH_JOIN",
                                                                    "operator_cardinality": 710143,
                                                                    "cumulative_rows_scanned": 25555151,
                                                                    "operator_rows_scanned": 0,
                                                                    "operator_timing": 0.31266879300000033,
                                                                    "result_set_size": 48289724,
                                                                    "children": [
                                                                        {
                                                                            "operator_name": "HASH_JOIN",
                                                                            "cpu_time": 4.637540730999989,
                                                                            "extra_info": {
                                                                                "Join Type": "RIGHT",
                                                                                "Conditions": "UserId = owneruserid",
                                                                                "Estimated Cardinality": "1260710"
                                                                            },
                                                                            "cumulative_cardinality": 11698674,
                                                                            "operator_type": "HASH_JOIN",
                                                                            "operator_cardinality": 710143,
                                                                            "cumulative_rows_scanned": 21705035,
                                                                            "operator_rows_scanned": 0,
                                                                            "operator_timing": 0.15520922899999978,
                                                                            "result_set_size": 42608580,
                                                                            "children": [
                                                                                {
                                                                                    "operator_name": "HASH_GROUP_BY",
                                                                                    "cpu_time": 3.368793358999989,
                                                                                    "extra_info": {
                                                                                        "Groups": "#0",
                                                                                        "Aggregates": [
                                                                                            "sum(#1)",
                                                                                            "sum(#2)"
                                                                                        ],
                                                                                        "Estimated Cardinality": "1260710"
                                                                                    },
                                                                                    "cumulative_cardinality": 10278388,
                                                                                    "operator_type": "HASH_GROUP_BY",
                                                                                    "operator_cardinality": 1260710,
                                                                                    "cumulative_rows_scanned": 17854919,
                                                                                    "operator_rows_scanned": 0,
                                                                                    "operator_timing": 0.2867272320000003,
                                                                                    "result_set_size": 45385560,
                                                                                    "children": [
                                                                                        {
                                                                                            "operator_name": "PROJECTION",
                                                                                            "cpu_time": 3.082066126999989,
                                                                                            "extra_info": {
                                                                                                "Projections": [
                                                                                                    "id",
                                                                                                    "CASE  WHEN ((votetypeid = 2)) THEN (1) ELSE 0 END",
                                                                                                    "CASE  WHEN ((votetypeid = 3)) THEN (1) ELSE 0 END"
                                                                                                ],
                                                                                                "Estimated Cardinality": "12744093"
                                                                                            },
                                                                                            "cumulative_cardinality": 9017678,
                                                                                            "operator_type": "PROJECTION",
                                                                                            "operator_cardinality": 1288855,
                                                                                            "cumulative_rows_scanned": 17854919,
                                                                                            "operator_rows_scanned": 0,
                                                                                            "operator_timing": 0.003103433999999998,
                                                                                            "result_set_size": 15466260,
                                                                                            "children": [
                                                                                                {
                                                                                                    "operator_name": "HASH_JOIN",
                                                                                                    "cpu_time": 3.078962692999989,
                                                                                                    "extra_info": {
                                                                                                        "Join Type": "LEFT",
                                                                                                        "Conditions": "postid = id",
                                                                                                        "Estimated Cardinality": "12744093"
                                                                                                    },
                                                                                                    "cumulative_cardinality": 7728823,
                                                                                                    "operator_type": "HASH_JOIN",
                                                                                                    "operator_cardinality": 1288855,
                                                                                                    "cumulative_rows_scanned": 17854919,
                                                                                                    "operator_rows_scanned": 0,
                                                                                                    "operator_timing": 0.1979138829999999,
                                                                                                    "result_set_size": 12888550,
                                                                                                    "children": [
                                                                                                        {
                                                                                                            "operator_name": "HASH_JOIN",
                                                                                                            "cpu_time": 2.841803327999989,
                                                                                                            "extra_info": {
                                                                                                                "Join Type": "RIGHT",
                                                                                                                "Conditions": "userid = id",
                                                                                                                "Estimated Cardinality": "12744093"
                                                                                                            },
                                                                                                            "cumulative_cardinality": 2589852,
                                                                                                            "operator_type": "HASH_JOIN",
                                                                                                            "operator_cardinality": 1288855,
                                                                                                            "cumulative_rows_scanned": 14004803,
                                                                                                            "operator_rows_scanned": 0,
                                                                                                            "operator_timing": 0.10204974700000018,
                                                                                                            "result_set_size": 12888550,
                                                                                                            "children": [
                                                                                                                {
                                                                                                                    "operator_name": "READ_PARQUET ",
                                                                                                                    "cpu_time": 2.4836846229999887,
                                                                                                                    "extra_info": {
                                                                                                                        "Function": "READ_PARQUET",
                                                                                                                        "Projections": [
                                                                                                                            "postid",
                                                                                                                            "votetypeid",
                                                                                                                            "userid"
                                                                                                                        ],
                                                                                                                        "Estimated Cardinality": "12744093"
                                                                                                                    },
                                                                                                                    "cumulative_cardinality": 40287,
                                                                                                                    "operator_type": "TABLE_SCAN",
                                                                                                                    "operator_cardinality": 40287,
                                                                                                                    "cumulative_rows_scanned": 12744093,
                                                                                                                    "operator_rows_scanned": 12744093,
                                                                                                                    "operator_timing": 2.4836846229999887,
                                                                                                                    "result_set_size": 402870,
                                                                                                                    "children": []
                                                                                                                },
                                                                                                                {
                                                                                                                    "operator_name": "READ_PARQUET ",
                                                                                                                    "cpu_time": 0.2560689580000002,
                                                                                                                    "extra_info": {
                                                                                                                        "Function": "READ_PARQUET",
                                                                                                                        "Projections": "id",
                                                                                                                        "Estimated Cardinality": "1260710"
                                                                                                                    },
                                                                                                                    "cumulative_cardinality": 1260710,
                                                                                                                    "operator_type": "TABLE_SCAN",
                                                                                                                    "operator_cardinality": 1260710,
                                                                                                                    "cumulative_rows_scanned": 1260710,
                                                                                                                    "operator_rows_scanned": 1260710,
                                                                                                                    "operator_timing": 0.2560689580000002,
                                                                                                                    "result_set_size": 5042840,
                                                                                                                    "children": []
                                                                                                                }
                                                                                                            ]
                                                                                                        },
                                                                                                        {
                                                                                                            "operator_name": "READ_PARQUET ",
                                                                                                            "cpu_time": 0.0392454819999999,
                                                                                                            "extra_info": {
                                                                                                                "Function": "READ_PARQUET",
                                                                                                                "Projections": "id",
                                                                                                                "Estimated Cardinality": "3850116"
                                                                                                            },
                                                                                                            "cumulative_cardinality": 3850116,
                                                                                                            "operator_type": "TABLE_SCAN",
                                                                                                            "operator_cardinality": 3850116,
                                                                                                            "cumulative_rows_scanned": 3850116,
                                                                                                            "operator_rows_scanned": 3850116,
                                                                                                            "operator_timing": 0.0392454819999999,
                                                                                                            "result_set_size": 15400464,
                                                                                                            "children": []
                                                                                                        }
                                                                                                    ]
                                                                                                }
                                                                                            ]
                                                                                        }
                                                                                    ]
                                                                                },
                                                                                {
                                                                                    "operator_name": "READ_PARQUET ",
                                                                                    "cpu_time": 1.1135381430000009,
                                                                                    "extra_info": {
                                                                                        "Function": "READ_PARQUET",
                                                                                        "Projections": [
                                                                                            "id",
                                                                                            "creationdate",
                                                                                            "owneruserid",
                                                                                            "title"
                                                                                        ],
                                                                                        "Filters": "creationdate>='2021-01-01 00:00:00'::TIMESTAMP",
                                                                                        "Estimated Cardinality": "770023"
                                                                                    },
                                                                                    "cumulative_cardinality": 710143,
                                                                                    "operator_type": "TABLE_SCAN",
                                                                                    "operator_cardinality": 710143,
                                                                                    "cumulative_rows_scanned": 3850116,
                                                                                    "operator_rows_scanned": 3850116,
                                                                                    "operator_timing": 1.1135381430000009,
                                                                                    "result_set_size": 22724576,
                                                                                    "children": []
                                                                                }
                                                                            ]
                                                                        },
                                                                        {
                                                                            "operator_name": "HASH_GROUP_BY",
                                                                            "cpu_time": 1.6022249849999992,
                                                                            "extra_info": {
                                                                                "Groups": "#0",
                                                                                "Aggregates": "count(DISTINCT #1)",
                                                                                "Estimated Cardinality": "1925058"
                                                                            },
                                                                            "cumulative_cardinality": 11550348,
                                                                            "operator_type": "HASH_GROUP_BY",
                                                                            "operator_cardinality": 3850116,
                                                                            "cumulative_rows_scanned": 3850116,
                                                                            "operator_rows_scanned": 0,
                                                                            "operator_timing": 0.5681072979999999,
                                                                            "result_set_size": 46201392,
                                                                            "children": [
                                                                                {
                                                                                    "operator_name": "PROJECTION",
                                                                                    "cpu_time": 1.0341176869999993,
                                                                                    "extra_info": {
                                                                                        "Projections": [
                                                                                            "id",
                                                                                            "CASE  WHEN ((acceptedanswerid IS NOT NULL)) THEN (acceptedanswerid) ELSE NULL END"
                                                                                        ],
                                                                                        "Estimated Cardinality": "3850116"
                                                                                    },
                                                                                    "cumulative_cardinality": 7700232,
                                                                                    "operator_type": "PROJECTION",
                                                                                    "operator_cardinality": 3850116,
                                                                                    "cumulative_rows_scanned": 3850116,
                                                                                    "operator_rows_scanned": 0,
                                                                                    "operator_timing": 0.06043230900000004,
                                                                                    "result_set_size": 30800928,
                                                                                    "children": [
                                                                                        {
                                                                                            "operator_name": "READ_PARQUET ",
                                                                                            "cpu_time": 0.9736853779999992,
                                                                                            "extra_info": {
                                                                                                "Function": "READ_PARQUET",
                                                                                                "Projections": [
                                                                                                    "id",
                                                                                                    "acceptedanswerid"
                                                                                                ],
                                                                                                "Estimated Cardinality": "3850116"
                                                                                            },
                                                                                            "cumulative_cardinality": 3850116,
                                                                                            "operator_type": "TABLE_SCAN",
                                                                                            "operator_cardinality": 3850116,
                                                                                            "cumulative_rows_scanned": 3850116,
                                                                                            "operator_rows_scanned": 3850116,
                                                                                            "operator_timing": 0.9736853779999992,
                                                                                            "result_set_size": 30800928,
                                                                                            "children": []
                                                                                        }
                                                                                    ]
                                                                                }
                                                                            ]
                                                                        }
                                                                    ]
                                                                }
                                                            ]
                                                        }
                                                    ]
                                                }
                                            ]
                                        }
                                    ]
                                }
                            ]
                        }
                    ]
                }
            ]
        }
    ]
}