{
    "rows_returned": 0,
    "query_name": "\nWITH PostSummary AS (\n    SELECT\n        P.Id AS PostId,\n        P.Title,\n        P.CreationDate,\n        P.ViewCount,\n        P.Score,\n        U.DisplayName AS OwnerDisplayName,\n        COUNT(CASE WHEN C.Id IS NOT NULL THEN 1 END) AS CommentCount,\n        COUNT(I.Id) AS InteractionCount\n    FROM\n        Posts P\n    LEFT JOIN\n        Users U ON P.OwnerUserId = U.Id\n    LEFT JOIN\n        Comments C ON P.Id = C.PostId\n    LEFT JOIN\n        Votes V ON P.Id = V.PostId\n    LEFT JOIN\n        PostLinks I ON P.Id = I.PostId\n    WHERE\n        P.CreationDate >= DATE '2023-01-01'\n    GROUP BY\n        P.Id, P.Title, P.CreationDate, P.ViewCount, P.Score, U.DisplayName\n),\nPostTypeSummary AS (\n    SELECT\n        PT.Name AS PostTypeName,\n        COUNT(PS.PostId) AS PostCount,\n        SUM(PS.ViewCount) AS TotalViews,\n        AVG(PS.Score) AS AverageScore\n    FROM\n        PostSummary PS\n    JOIN\n        PostTypes PT ON PS.PostId = PT.Id\n    GROUP BY\n        PT.Name\n)\nSELECT\n    PTS.PostTypeName,\n    PTS.PostCount,\n    PTS.TotalViews,\n    PTS.AverageScore\nFROM\n    PostTypeSummary PTS\nORDER BY\n    PTS.PostCount DESC;\n",
    "blocked_thread_time": 0.0,
    "cpu_time": 2.294933782,
    "extra_info": {},
    "cumulative_cardinality": 25846625,
    "cumulative_rows_scanned": 25509740,
    "result_set_size": 0,
    "latency": 2.643667736,
    "children": [
        {
            "operator_name": "ORDER_BY",
            "cpu_time": 2.294933782,
            "extra_info": {
                "Order By": "PTS.PostCount DESC"
            },
            "cumulative_cardinality": 25846625,
            "operator_type": "ORDER_BY",
            "operator_cardinality": 0,
            "cumulative_rows_scanned": 25509740,
            "operator_rows_scanned": 0,
            "operator_timing": 2.8e-7,
            "result_set_size": 0,
            "children": [
                {
                    "operator_name": "HASH_GROUP_BY",
                    "cpu_time": 2.294933502,
                    "extra_info": {
                        "Groups": "#0",
                        "Aggregates": [
                            "count_star()",
                            "sum(#1)",
                            "avg(#2)"
                        ],
                        "Estimated Cardinality": "1925058"
                    },
                    "cumulative_cardinality": 25846625,
                    "operator_type": "HASH_GROUP_BY",
                    "operator_cardinality": 0,
                    "cumulative_rows_scanned": 25509740,
                    "operator_rows_scanned": 0,
                    "operator_timing": 4.01e-7,
                    "result_set_size": 0,
                    "children": [
                        {
                            "operator_name": "PROJECTION",
                            "cpu_time": 2.2949331010000003,
                            "extra_info": {
                                "Projections": [
                                    "name",
                                    "viewcount",
                                    "score"
                                ],
                                "Estimated Cardinality": "3850116"
                            },
                            "cumulative_cardinality": 25846625,
                            "operator_type": "PROJECTION",
                            "operator_cardinality": 0,
                            "cumulative_rows_scanned": 25509740,
                            "operator_rows_scanned": 0,
                            "operator_timing": 0.0,
                            "result_set_size": 0,
                            "children": [
                                {
                                    "operator_name": "HASH_JOIN",
                                    "cpu_time": 2.2949331010000003,
                                    "extra_info": {
                                        "Join Type": "INNER",
                                        "Conditions": "PostId = CAST(id AS INTEGER)",
                                        "Estimated Cardinality": "3850116"
                                    },
                                    "cumulative_cardinality": 25846625,
                                    "operator_type": "HASH_JOIN",
                                    "operator_cardinality": 0,
                                    "cumulative_rows_scanned": 25509740,
                                    "operator_rows_scanned": 0,
                                    "operator_timing": 0.0007531960000000002,
                                    "result_set_size": 0,
                                    "children": [
                                        {
                                            "operator_name": "PROJECTION",
                                            "cpu_time": 2.2937374380000004,
                                            "extra_info": {
                                                "Projections": [
                                                    "PostId",
                                                    "viewcount",
                                                    "score"
                                                ],
                                                "Estimated Cardinality": "3850116"
                                            },
                                            "cumulative_cardinality": 25846617,
                                            "operator_type": "PROJECTION",
                                            "operator_cardinality": 265255,
                                            "cumulative_rows_scanned": 25509732,
                                            "operator_rows_scanned": 0,
                                            "operator_timing": 0.00003271300000000001,
                                            "result_set_size": 3183060,
                                            "children": [
                                                {
                                                    "operator_name": "PROJECTION",
                                                    "cpu_time": 2.2937047250000004,
                                                    "extra_info": {
                                                        "Projections": [
                                                            "#0",
                                                            "#1",
                                                            "#2",
                                                            "#3",
                                                            "__internal_decompress_integral_integer(#4, -72)",
                                                            "#5"
                                                        ],
                                                        "Estimated Cardinality": "3850116"
                                                    },
                                                    "cumulative_cardinality": 25581362,
                                                    "operator_type": "PROJECTION",
                                                    "operator_cardinality": 265255,
                                                    "cumulative_rows_scanned": 25509732,
                                                    "operator_rows_scanned": 0,
                                                    "operator_timing": 0.00012269999999999995,
                                                    "result_set_size": 13793260,
                                                    "children": [
                                                        {
                                                            "operator_name": "HASH_GROUP_BY",
                                                            "cpu_time": 2.2935820250000005,
                                                            "extra_info": {
                                                                "Groups": [
                                                                    "#0",
                                                                    "#1",
                                                                    "#2",
                                                                    "#3",
                                                                    "#4",
                                                                    "#5"
                                                                ],
                                                                "Aggregates": "",
                                                                "Estimated Cardinality": "3850116"
                                                            },
                                                            "cumulative_cardinality": 25316107,
                                                            "operator_type": "HASH_GROUP_BY",
                                                            "operator_cardinality": 265255,
                                                            "cumulative_rows_scanned": 25509732,
                                                            "operator_rows_scanned": 0,
                                                            "operator_timing": 0.2804680910000001,
                                                            "result_set_size": 13262750,
                                                            "children": [
                                                                {
                                                                    "operator_name": "PROJECTION",
                                                                    "cpu_time": 2.0131139340000006,
                                                                    "extra_info": {
                                                                        "Projections": [
                                                                            "id",
                                                                            "title",
                                                                            "creationdate",
                                                                            "viewcount",
                                                                            "score",
                                                                            "displayname"
                                                                        ],
                                                                        "Estimated Cardinality": "12744093"
                                                                    },
                                                                    "cumulative_cardinality": 25050852,
                                                                    "operator_type": "PROJECTION",
                                                                    "operator_cardinality": 2069797,
                                                                    "cumulative_rows_scanned": 25509732,
                                                                    "operator_rows_scanned": 0,
                                                                    "operator_timing": 0.0010598100000000013,
                                                                    "result_set_size": 103489850,
                                                                    "children": [
                                                                        {
                                                                            "operator_name": "PROJECTION",
                                                                            "cpu_time": 2.0120541240000005,
                                                                            "extra_info": {
                                                                                "Projections": [
                                                                                    "#1",
                                                                                    "#2",
                                                                                    "__internal_compress_integral_usmallint(#3, -72)",
                                                                                    "#4",
                                                                                    "#5",
                                                                                    "#0",
                                                                                    "#6"
                                                                                ],
                                                                                "Estimated Cardinality": "12744093"
                                                                            },
                                                                            "cumulative_cardinality": 22981055,
                                                                            "operator_type": "PROJECTION",
                                                                            "operator_cardinality": 2069797,
                                                                            "cumulative_rows_scanned": 25509732,
                                                                            "operator_rows_scanned": 0,
                                                                            "operator_timing": 0.004401229000000003,
                                                                            "result_set_size": 111769038,
                                                                            "children": [
                                                                                {
                                                                                    "operator_name": "HASH_JOIN",
                                                                                    "cpu_time": 2.0076528950000005,
                                                                                    "extra_info": {
                                                                                        "Join Type": "LEFT",
                                                                                        "Conditions": "id = postid",
                                                                                        "Estimated Cardinality": "12744093"
                                                                                    },
                                                                                    "cumulative_cardinality": 20911258,
                                                                                    "operator_type": "HASH_JOIN",
                                                                                    "operator_cardinality": 2069797,
                                                                                    "cumulative_rows_scanned": 25509732,
                                                                                    "operator_rows_scanned": 0,
                                                                                    "operator_timing": 0.07340465599999996,
                                                                                    "result_set_size": 115908632,
                                                                                    "children": [
                                                                                        {
                                                                                            "operator_name": "HASH_JOIN",
                                                                                            "cpu_time": 1.9038223700000005,
                                                                                            "extra_info": {
                                                                                                "Join Type": "LEFT",
                                                                                                "Conditions": "id = postid",
                                                                                                "Estimated Cardinality": "12744093"
                                                                                            },
                                                                                            "cumulative_cardinality": 18428470,
                                                                                            "operator_type": "HASH_JOIN",
                                                                                            "operator_cardinality": 1773112,
                                                                                            "cumulative_rows_scanned": 25096741,
                                                                                            "operator_rows_scanned": 0,
                                                                                            "operator_timing": 0.7340043319999997,
                                                                                            "result_set_size": 99294272,
                                                                                            "children": [
                                                                                                {
                                                                                                    "operator_name": "PROJECTION",
                                                                                                    "cpu_time": 1.0620671780000004,
                                                                                                    "extra_info": {
                                                                                                        "Projections": [
                                                                                                            "#0",
                                                                                                            "#1",
                                                                                                            "#2",
                                                                                                            "#3",
                                                                                                            "__internal_decompress_integral_integer(#4, -72)",
                                                                                                            "#5",
                                                                                                            "#6"
                                                                                                        ],
                                                                                                        "Estimated Cardinality": "7241822"
                                                                                                    },
                                                                                                    "cumulative_cardinality": 3911265,
                                                                                                    "operator_type": "PROJECTION",
                                                                                                    "operator_cardinality": 654953,
                                                                                                    "cumulative_rows_scanned": 12352648,
                                                                                                    "operator_rows_scanned": 0,
                                                                                                    "operator_timing": 0.0004894610000000001,
                                                                                                    "result_set_size": 36677368,
                                                                                                    "children": [
                                                                                                        {
                                                                                                            "operator_name": "HASH_JOIN",
                                                                                                            "cpu_time": 1.0615777170000005,
                                                                                                            "extra_info": {
                                                                                                                "Join Type": "RIGHT",
                                                                                                                "Conditions": "postid = id",
                                                                                                                "Estimated Cardinality": "7241822"
                                                                                                            },
                                                                                                            "cumulative_cardinality": 3256312,
                                                                                                            "operator_type": "HASH_JOIN",
                                                                                                            "operator_cardinality": 654953,
                                                                                                            "cumulative_rows_scanned": 12352648,
                                                                                                            "operator_rows_scanned": 0,
                                                                                                            "operator_timing": 0.09967763800000005,
                                                                                                            "result_set_size": 35367462,
                                                                                                            "children": [
                                                                                                                {
                                                                                                                    "operator_name": "READ_PARQUET ",
                                                                                                                    "cpu_time": 0.04907002100000004,
                                                                                                                    "extra_info": {
                                                                                                                        "Function": "READ_PARQUET",
                                                                                                                        "Projections": "postid",
                                                                                                                        "Estimated Cardinality": "7241822"
                                                                                                                    },
                                                                                                                    "cumulative_cardinality": 544915,
                                                                                                                    "operator_type": "TABLE_SCAN",
                                                                                                                    "operator_cardinality": 544915,
                                                                                                                    "cumulative_rows_scanned": 7241822,
                                                                                                                    "operator_rows_scanned": 7241822,
                                                                                                                    "operator_timing": 0.04907002100000004,
                                                                                                                    "result_set_size": 2179660,
                                                                                                                    "children": []
                                                                                                                },
                                                                                                                {
                                                                                                                    "operator_name": "PROJECTION",
                                                                                                                    "cpu_time": 0.9128300580000003,
                                                                                                                    "extra_info": {
                                                                                                                        "Projections": [
                                                                                                                            "#0",
                                                                                                                            "#1",
                                                                                                                            "#2",
                                                                                                                            "__internal_compress_integral_usmallint(#3, -72)",
                                                                                                                            "#4",
                                                                                                                            "#5"
                                                                                                                        ],
                                                                                                                        "Estimated Cardinality": "1260710"
                                                                                                                    },
                                                                                                                    "cumulative_cardinality": 2056444,
                                                                                                                    "operator_type": "PROJECTION",
                                                                                                                    "operator_cardinality": 265255,
                                                                                                                    "cumulative_rows_scanned": 5110826,
                                                                                                                    "operator_rows_scanned": 0,
                                                                                                                    "operator_timing": 0.0006877780000000004,
                                                                                                                    "result_set_size": 13262750,
                                                                                                                    "children": [
                                                                                                                        {
                                                                                                                            "operator_name": "HASH_JOIN",
                                                                                                                            "cpu_time": 0.9121422800000003,
                                                                                                                            "extra_info": {
                                                                                                                                "Join Type": "RIGHT",
                                                                                                                                "Conditions": "id = owneruserid",
                                                                                                                                "Estimated Cardinality": "1260710"
                                                                                                                            },
                                                                                                                            "cumulative_cardinality": 1791189,
                                                                                                                            "operator_type": "HASH_JOIN",
                                                                                                                            "operator_cardinality": 265255,
                                                                                                                            "cumulative_rows_scanned": 5110826,
                                                                                                                            "operator_rows_scanned": 0,
                                                                                                                            "operator_timing": 0.09349663100000001,
                                                                                                                            "result_set_size": 13793260,
                                                                                                                            "children": [
                                                                                                                                {
                                                                                                                                    "operator_name": "READ_PARQUET ",
                                                                                                                                    "cpu_time": 0.6732938760000003,
                                                                                                                                    "extra_info": {
                                                                                                                                        "Function": "READ_PARQUET",
                                                                                                                                        "Projections": [
                                                                                                                                            "id",
                                                                                                                                            "displayname"
                                                                                                                                        ],
                                                                                                                                        "Estimated Cardinality": "1260710"
                                                                                                                                    },
                                                                                                                                    "cumulative_cardinality": 1260679,
                                                                                                                                    "operator_type": "TABLE_SCAN",
                                                                                                                                    "operator_cardinality": 1260679,
                                                                                                                                    "cumulative_rows_scanned": 1260710,
                                                                                                                                    "operator_rows_scanned": 1260710,
                                                                                                                                    "operator_timing": 0.6732938760000003,
                                                                                                                                    "result_set_size": 25213580,
                                                                                                                                    "children": []
                                                                                                                                },
                                                                                                                                {
                                                                                                                                    "operator_name": "READ_PARQUET ",
                                                                                                                                    "cpu_time": 0.14535177299999993,
                                                                                                                                    "extra_info": {
                                                                                                                                        "Function": "READ_PARQUET",
                                                                                                                                        "Projections": [
                                                                                                                                            "id",
                                                                                                                                            "creationdate",
                                                                                                                                            "score",
                                                                                                                                            "viewcount",
                                                                                                                                            "owneruserid",
                                                                                                                                            "title"
                                                                                                                                        ],
                                                                                                                                        "Filters": "creationdate>='2023-01-01 00:00:00'::TIMESTAMP",
                                                                                                                                        "Estimated Cardinality": "770023"
                                                                                                                                    },
                                                                                                                                    "cumulative_cardinality": 265255,
                                                                                                                                    "operator_type": "TABLE_SCAN",
                                                                                                                                    "operator_cardinality": 265255,
                                                                                                                                    "cumulative_rows_scanned": 3850116,
                                                                                                                                    "operator_rows_scanned": 3850116,
                                                                                                                                    "operator_timing": 0.14535177299999993,
                                                                                                                                    "result_set_size": 10610200,
                                                                                                                                    "children": []
                                                                                                                                }
                                                                                                                            ]
                                                                                                                        }
                                                                                                                    ]
                                                                                                                }
                                                                                                            ]
                                                                                                        }
                                                                                                    ]
                                                                                                },
                                                                                                {
                                                                                                    "operator_name": "READ_PARQUET ",
                                                                                                    "cpu_time": 0.10775086000000053,
                                                                                                    "extra_info": {
                                                                                                        "Function": "READ_PARQUET",
                                                                                                        "Projections": "postid",
                                                                                                        "Estimated Cardinality": "12744093"
                                                                                                    },
                                                                                                    "cumulative_cardinality": 12744093,
                                                                                                    "operator_type": "TABLE_SCAN",
                                                                                                    "operator_cardinality": 12744093,
                                                                                                    "cumulative_rows_scanned": 12744093,
                                                                                                    "operator_rows_scanned": 12744093,
                                                                                                    "operator_timing": 0.10775086000000053,
                                                                                                    "result_set_size": 50976372,
                                                                                                    "children": []
                                                                                                }
                                                                                            ]
                                                                                        },
                                                                                        {
                                                                                            "operator_name": "READ_PARQUET ",
                                                                                            "cpu_time": 0.030425868999999998,
                                                                                            "extra_info": {
                                                                                                "Function": "READ_PARQUET",
                                                                                                "Projections": "postid",
                                                                                                "Estimated Cardinality": "412991"
                                                                                            },
                                                                                            "cumulative_cardinality": 412991,
                                                                                            "operator_type": "TABLE_SCAN",
                                                                                            "operator_cardinality": 412991,
                                                                                            "cumulative_rows_scanned": 412991,
                                                                                            "operator_rows_scanned": 412991,
                                                                                            "operator_timing": 0.030425868999999998,
                                                                                            "result_set_size": 1651964,
                                                                                            "children": []
                                                                                        }
                                                                                    ]
                                                                                }
                                                                            ]
                                                                        }
                                                                    ]
                                                                }
                                                            ]
                                                        }
                                                    ]
                                                }
                                            ]
                                        },
                                        {
                                            "operator_name": "READ_PARQUET ",
                                            "cpu_time": 0.00044246700000000004,
                                            "extra_info": {
                                                "Function": "READ_PARQUET",
                                                "Projections": [
                                                    "id",
                                                    "name"
                                                ],
                                                "Estimated Cardinality": "8"
                                            },
                                            "cumulative_cardinality": 8,
                                            "operator_type": "TABLE_SCAN",
                                            "operator_cardinality": 8,
                                            "cumulative_rows_scanned": 8,
                                            "operator_rows_scanned": 8,
                                            "operator_timing": 0.00044246700000000004,
                                            "result_set_size": 144,
                                            "children": []
                                        }
                                    ]
                                }
                            ]
                        }
                    ]
                }
            ]
        }
    ]
}