{
    "rows_returned": 7,
    "query_name": "\nWITH PostMetrics AS (\n    SELECT \n        pt.Name AS PostType,\n        COUNT(p.Id) AS TotalPosts,\n        AVG(p.Score) AS AvgScore,\n        SUM(p.ViewCount) AS TotalViews,\n        SUM(p.AnswerCount) AS TotalAnswers,\n        AVG(p.CommentCount) AS AvgComments,\n        AVG(p.FavoriteCount) AS AvgFavorites,\n        AVG(EXTRACT(EPOCH FROM (p.LastActivityDate - p.CreationDate))) AS AvgTimeToActivitySeconds\n    FROM \n        Posts p \n    INNER JOIN \n        PostTypes pt ON p.PostTypeId = pt.Id\n    GROUP BY \n        pt.Name\n)\n\nSELECT \n    PostType,\n    TotalPosts,\n    AvgScore,\n    TotalViews,\n    TotalAnswers,\n    AvgComments,\n    AvgFavorites,\n    AvgTimeToActivitySeconds\nFROM \n    PostMetrics\nORDER BY \n    TotalPosts DESC;\n",
    "blocked_thread_time": 0.0,
    "cpu_time": 4.491308007999997,
    "extra_info": {},
    "cumulative_cardinality": 11550369,
    "cumulative_rows_scanned": 3850124,
    "result_set_size": 616,
    "latency": 4.52281273,
    "children": [
        {
            "operator_name": "ORDER_BY",
            "cpu_time": 4.491308007999997,
            "extra_info": {
                "Order By": "PostMetrics.TotalPosts DESC"
            },
            "cumulative_cardinality": 11550369,
            "operator_type": "ORDER_BY",
            "operator_cardinality": 7,
            "cumulative_rows_scanned": 3850124,
            "operator_rows_scanned": 0,
            "operator_timing": 0.000039374,
            "result_set_size": 616,
            "children": [
                {
                    "operator_name": "HASH_GROUP_BY",
                    "cpu_time": 4.491268633999997,
                    "extra_info": {
                        "Groups": "#0",
                        "Aggregates": [
                            "count_star()",
                            "avg(#1)",
                            "sum(#2)",
                            "sum(#3)",
                            "avg(#4)",
                            "avg(#5)",
                            "avg(#6)"
                        ],
                        "Estimated Cardinality": "1925058"
                    },
                    "cumulative_cardinality": 11550362,
                    "operator_type": "HASH_GROUP_BY",
                    "operator_cardinality": 7,
                    "cumulative_rows_scanned": 3850124,
                    "operator_rows_scanned": 0,
                    "operator_timing": 0.1801710679999999,
                    "result_set_size": 616,
                    "children": [
                        {
                            "operator_name": "PROJECTION",
                            "cpu_time": 4.311097565999997,
                            "extra_info": {
                                "Projections": [
                                    "name",
                                    "score",
                                    "viewcount",
                                    "answercount",
                                    "commentcount",
                                    "favoritecount",
                                    "epoch((lastactivitydate - creationdate))"
                                ],
                                "Estimated Cardinality": "3850116"
                            },
                            "cumulative_cardinality": 11550355,
                            "operator_type": "PROJECTION",
                            "operator_cardinality": 3850116,
                            "cumulative_rows_scanned": 3850124,
                            "operator_rows_scanned": 0,
                            "operator_timing": 0.053991150999999966,
                            "result_set_size": 169405104,
                            "children": [
                                {
                                    "operator_name": "HASH_JOIN",
                                    "cpu_time": 4.257106414999997,
                                    "extra_info": {
                                        "Join Type": "INNER",
                                        "Conditions": "posttypeid = id",
                                        "Estimated Cardinality": "3850116"
                                    },
                                    "cumulative_cardinality": 7700239,
                                    "operator_type": "HASH_JOIN",
                                    "operator_cardinality": 3850116,
                                    "cumulative_rows_scanned": 3850124,
                                    "operator_rows_scanned": 0,
                                    "operator_timing": 0.011432334000000002,
                                    "result_set_size": 200206032,
                                    "children": [
                                        {
                                            "operator_name": "READ_PARQUET ",
                                            "cpu_time": 4.245185948999997,
                                            "extra_info": {
                                                "Function": "READ_PARQUET",
                                                "Projections": [
                                                    "id",
                                                    "posttypeid",
                                                    "creationdate",
                                                    "score",
                                                    "viewcount",
                                                    "lastactivitydate",
                                                    "answercount",
                                                    "commentcount",
                                                    "favoritecount"
                                                ],
                                                "Estimated Cardinality": "3850116"
                                            },
                                            "cumulative_cardinality": 3850116,
                                            "operator_type": "TABLE_SCAN",
                                            "operator_cardinality": 3850116,
                                            "cumulative_rows_scanned": 3850116,
                                            "operator_rows_scanned": 3850116,
                                            "operator_timing": 4.245185948999997,
                                            "result_set_size": 161704872,
                                            "children": []
                                        },
                                        {
                                            "operator_name": "READ_PARQUET ",
                                            "cpu_time": 0.000488132,
                                            "extra_info": {
                                                "Function": "READ_PARQUET",
                                                "Projections": [
                                                    "id",
                                                    "name"
                                                ],
                                                "Filters": "id<=7",
                                                "Estimated Cardinality": "8"
                                            },
                                            "cumulative_cardinality": 7,
                                            "operator_type": "TABLE_SCAN",
                                            "operator_cardinality": 7,
                                            "cumulative_rows_scanned": 8,
                                            "operator_rows_scanned": 8,
                                            "operator_timing": 0.000488132,
                                            "result_set_size": 126,
                                            "children": []
                                        }
                                    ]
                                }
                            ]
                        }
                    ]
                }
            ]
        }
    ]
}