{
    "rows_returned": 1792184,
    "query_name": "\nSELECT \n    COUNT(DISTINCT p.Id) AS TotalPosts,\n    COUNT(DISTINCT c.Id) AS TotalComments,\n    COUNT(DISTINCT v.Id) AS TotalVotes,\n    COUNT(DISTINCT u.Id) AS TotalUsers,\n    AVG(post_votes.votes_per_post) AS AvgVotesPerPost,\n    AVG(post_comments.comments_per_post) AS AvgCommentsPerPost\nFROM \n    Posts p\nLEFT JOIN \n    Comments c ON p.Id = c.PostId\nLEFT JOIN \n    Votes v ON p.Id = v.PostId\nLEFT JOIN \n    Users u ON p.OwnerUserId = u.Id\nJOIN \n    (SELECT \n        PostId, \n        COUNT(*) AS votes_per_post \n     FROM \n        Votes \n     GROUP BY \n        PostId) AS post_votes ON p.Id = post_votes.PostId\nJOIN \n    (SELECT \n        PostId, \n        COUNT(*) AS comments_per_post \n     FROM \n        Comments \n     GROUP BY \n        PostId) AS post_comments ON p.Id = post_comments.PostId\nGROUP BY \n    p.Id, post_votes.votes_per_post, post_comments.comments_per_post;\n",
    "blocked_thread_time": 0.0,
    "cpu_time": 18.87377237099998,
    "extra_info": {},
    "cumulative_cardinality": 250781797,
    "cumulative_rows_scanned": 45082656,
    "result_set_size": 86024832,
    "latency": 22.337344823,
    "children": [
        {
            "operator_name": "PROJECTION",
            "cpu_time": 18.87377237099998,
            "extra_info": {
                "Projections": [
                    "TotalPosts",
                    "TotalComments",
                    "TotalVotes",
                    "TotalUsers",
                    "AvgVotesPerPost",
                    "AvgCommentsPerPost"
                ],
                "Estimated Cardinality": "3850116"
            },
            "cumulative_cardinality": 250781797,
            "operator_type": "PROJECTION",
            "operator_cardinality": 1792184,
            "cumulative_rows_scanned": 45082656,
            "operator_rows_scanned": 0,
            "operator_timing": 0.0002710690000000005,
            "result_set_size": 86024832,
            "children": [
                {
                    "operator_name": "HASH_GROUP_BY",
                    "cpu_time": 18.87350130199998,
                    "extra_info": {
                        "Groups": [
                            "#0",
                            "#1",
                            "#2"
                        ],
                        "Aggregates": [
                            "count(DISTINCT #3)",
                            "count(DISTINCT #4)",
                            "count(DISTINCT #5)",
                            "count(DISTINCT #6)",
                            "avg(#7)",
                            "avg(#8)"
                        ],
                        "Estimated Cardinality": "3850116"
                    },
                    "cumulative_cardinality": 248989613,
                    "operator_type": "HASH_GROUP_BY",
                    "operator_cardinality": 1792184,
                    "cumulative_rows_scanned": 45082656,
                    "operator_rows_scanned": 0,
                    "operator_timing": 7.626270275999968,
                    "result_set_size": 121868512,
                    "children": [
                        {
                            "operator_name": "PROJECTION",
                            "cpu_time": 11.24723102600001,
                            "extra_info": {
                                "Projections": [
                                    "id",
                                    "votes_per_post",
                                    "comments_per_post",
                                    "id",
                                    "id",
                                    "id",
                                    "id",
                                    "votes_per_post",
                                    "comments_per_post"
                                ],
                                "Estimated Cardinality": "19836180"
                            },
                            "cumulative_cardinality": 247197429,
                            "operator_type": "PROJECTION",
                            "operator_cardinality": 29945371,
                            "cumulative_rows_scanned": 45082656,
                            "operator_rows_scanned": 0,
                            "operator_timing": 0.018218020999996094,
                            "result_set_size": 1557159292,
                            "children": [
                                {
                                    "operator_name": "HASH_JOIN",
                                    "cpu_time": 11.229013005000015,
                                    "extra_info": {
                                        "Join Type": "INNER",
                                        "Conditions": "id = postid",
                                        "Estimated Cardinality": "19836180"
                                    },
                                    "cumulative_cardinality": 217252058,
                                    "operator_type": "HASH_JOIN",
                                    "operator_cardinality": 29945371,
                                    "cumulative_rows_scanned": 45082656,
                                    "operator_rows_scanned": 0,
                                    "operator_timing": 1.2502189580000036,
                                    "result_set_size": 958251872,
                                    "children": [
                                        {
                                            "operator_name": "FILTER",
                                            "cpu_time": 5.240244573999999,
                                            "extra_info": {
                                                "Expression": "(id <= 4978525)",
                                                "Estimated Cardinality": "12744093"
                                            },
                                            "cumulative_cardinality": 139413774,
                                            "operator_type": "FILTER",
                                            "operator_cardinality": 35129587,
                                            "cumulative_rows_scanned": 25096741,
                                            "operator_rows_scanned": 0,
                                            "operator_timing": 0.09382139999999997,
                                            "result_set_size": 562073392,
                                            "children": [
                                                {
                                                    "operator_name": "HASH_JOIN",
                                                    "cpu_time": 5.146423173999999,
                                                    "extra_info": {
                                                        "Join Type": "LEFT",
                                                        "Conditions": "owneruserid = id",
                                                        "Estimated Cardinality": "12744093"
                                                    },
                                                    "cumulative_cardinality": 104284187,
                                                    "operator_type": "HASH_JOIN",
                                                    "operator_cardinality": 35129590,
                                                    "cumulative_rows_scanned": 25096741,
                                                    "operator_rows_scanned": 0,
                                                    "operator_timing": 1.1100022599999846,
                                                    "result_set_size": 562073440,
                                                    "children": [
                                                        {
                                                            "operator_name": "HASH_JOIN",
                                                            "cpu_time": 3.896919960000015,
                                                            "extra_info": {
                                                                "Join Type": "RIGHT",
                                                                "Conditions": "postid = id",
                                                                "Estimated Cardinality": "12744093"
                                                            },
                                                            "cumulative_cardinality": 67893887,
                                                            "operator_type": "HASH_JOIN",
                                                            "operator_cardinality": 35129590,
                                                            "cumulative_rows_scanned": 23836031,
                                                            "operator_rows_scanned": 0,
                                                            "operator_timing": 1.6923170960000142,
                                                            "result_set_size": 562073440,
                                                            "children": [
                                                                {
                                                                    "operator_name": "READ_PARQUET ",
                                                                    "cpu_time": 0.42103848600000016,
                                                                    "extra_info": {
                                                                        "Function": "READ_PARQUET",
                                                                        "Projections": [
                                                                            "id",
                                                                            "postid"
                                                                        ],
                                                                        "Estimated Cardinality": "12744093"
                                                                    },
                                                                    "cumulative_cardinality": 12744093,
                                                                    "operator_type": "TABLE_SCAN",
                                                                    "operator_cardinality": 12744093,
                                                                    "cumulative_rows_scanned": 12744093,
                                                                    "operator_rows_scanned": 12744093,
                                                                    "operator_timing": 0.42103848600000016,
                                                                    "result_set_size": 101952744,
                                                                    "children": []
                                                                },
                                                                {
                                                                    "operator_name": "HASH_JOIN",
                                                                    "cpu_time": 1.7835643780000008,
                                                                    "extra_info": {
                                                                        "Join Type": "RIGHT",
                                                                        "Conditions": "postid = id",
                                                                        "Estimated Cardinality": "7241822"
                                                                    },
                                                                    "cumulative_cardinality": 20020204,
                                                                    "operator_type": "HASH_JOIN",
                                                                    "operator_cardinality": 8928266,
                                                                    "cumulative_rows_scanned": 11091938,
                                                                    "operator_rows_scanned": 0,
                                                                    "operator_timing": 0.661122016,
                                                                    "result_set_size": 107139192,
                                                                    "children": [
                                                                        {
                                                                            "operator_name": "READ_PARQUET ",
                                                                            "cpu_time": 0.8387085790000005,
                                                                            "extra_info": {
                                                                                "Function": "READ_PARQUET",
                                                                                "Projections": [
                                                                                    "id",
                                                                                    "postid"
                                                                                ],
                                                                                "Estimated Cardinality": "7241822"
                                                                            },
                                                                            "cumulative_cardinality": 7241822,
                                                                            "operator_type": "TABLE_SCAN",
                                                                            "operator_cardinality": 7241822,
                                                                            "cumulative_rows_scanned": 7241822,
                                                                            "operator_rows_scanned": 7241822,
                                                                            "operator_timing": 0.8387085790000005,
                                                                            "result_set_size": 57934576,
                                                                            "children": []
                                                                        },
                                                                        {
                                                                            "operator_name": "READ_PARQUET ",
                                                                            "cpu_time": 0.2837337830000001,
                                                                            "extra_info": {
                                                                                "Function": "READ_PARQUET",
                                                                                "Projections": [
                                                                                    "id",
                                                                                    "owneruserid"
                                                                                ],
                                                                                "Estimated Cardinality": "3850116"
                                                                            },
                                                                            "cumulative_cardinality": 3850116,
                                                                            "operator_type": "TABLE_SCAN",
                                                                            "operator_cardinality": 3850116,
                                                                            "cumulative_rows_scanned": 3850116,
                                                                            "operator_rows_scanned": 3850116,
                                                                            "operator_timing": 0.2837337830000001,
                                                                            "result_set_size": 30800928,
                                                                            "children": []
                                                                        }
                                                                    ]
                                                                }
                                                            ]
                                                        },
                                                        {
                                                            "operator_name": "READ_PARQUET ",
                                                            "cpu_time": 0.1395009539999994,
                                                            "extra_info": {
                                                                "Function": "READ_PARQUET",
                                                                "Projections": "id",
                                                                "Estimated Cardinality": "1260710"
                                                            },
                                                            "cumulative_cardinality": 1260710,
                                                            "operator_type": "TABLE_SCAN",
                                                            "operator_cardinality": 1260710,
                                                            "cumulative_rows_scanned": 1260710,
                                                            "operator_rows_scanned": 1260710,
                                                            "operator_timing": 0.1395009539999994,
                                                            "result_set_size": 5042840,
                                                            "children": []
                                                        }
                                                    ]
                                                }
                                            ]
                                        },
                                        {
                                            "operator_name": "HASH_JOIN",
                                            "cpu_time": 4.7385494730000115,
                                            "extra_info": {
                                                "Join Type": "INNER",
                                                "Conditions": "postid = postid",
                                                "Estimated Cardinality": "5992705"
                                            },
                                            "cumulative_cardinality": 47892913,
                                            "operator_type": "HASH_JOIN",
                                            "operator_cardinality": 1792184,
                                            "cumulative_rows_scanned": 19985915,
                                            "operator_rows_scanned": 0,
                                            "operator_timing": 0.29383323200000006,
                                            "result_set_size": 35843680,
                                            "children": [
                                                {
                                                    "operator_name": "HASH_GROUP_BY",
                                                    "cpu_time": 2.886496946000008,
                                                    "extra_info": {
                                                        "Groups": "#0",
                                                        "Aggregates": "count_star()",
                                                        "Estimated Cardinality": "6372046"
                                                    },
                                                    "cumulative_cardinality": 29453413,
                                                    "operator_type": "HASH_GROUP_BY",
                                                    "operator_cardinality": 3965227,
                                                    "cumulative_rows_scanned": 12744093,
                                                    "operator_rows_scanned": 0,
                                                    "operator_timing": 0.7268627910000012,
                                                    "result_set_size": 47582724,
                                                    "children": [
                                                        {
                                                            "operator_name": "PROJECTION",
                                                            "cpu_time": 2.1596341550000067,
                                                            "extra_info": {
                                                                "Projections": "postid",
                                                                "Estimated Cardinality": "12744093"
                                                            },
                                                            "cumulative_cardinality": 25488186,
                                                            "operator_type": "PROJECTION",
                                                            "operator_cardinality": 12744093,
                                                            "cumulative_rows_scanned": 12744093,
                                                            "operator_rows_scanned": 0,
                                                            "operator_timing": 0.000992927000000004,
                                                            "result_set_size": 50976372,
                                                            "children": [
                                                                {
                                                                    "operator_name": "READ_PARQUET ",
                                                                    "cpu_time": 2.1586412280000067,
                                                                    "extra_info": {
                                                                        "Function": "READ_PARQUET",
                                                                        "Projections": "postid",
                                                                        "Estimated Cardinality": "12744093"
                                                                    },
                                                                    "cumulative_cardinality": 12744093,
                                                                    "operator_type": "TABLE_SCAN",
                                                                    "operator_cardinality": 12744093,
                                                                    "cumulative_rows_scanned": 12744093,
                                                                    "operator_rows_scanned": 12744093,
                                                                    "operator_timing": 2.1586412280000067,
                                                                    "result_set_size": 50976372,
                                                                    "children": []
                                                                }
                                                            ]
                                                        }
                                                    ]
                                                },
                                                {
                                                    "operator_name": "HASH_GROUP_BY",
                                                    "cpu_time": 1.5582192950000038,
                                                    "extra_info": {
                                                        "Groups": "#0",
                                                        "Aggregates": "count_star()",
                                                        "Estimated Cardinality": "3620911"
                                                    },
                                                    "cumulative_cardinality": 16647316,
                                                    "operator_type": "HASH_GROUP_BY",
                                                    "operator_cardinality": 2163672,
                                                    "cumulative_rows_scanned": 7241822,
                                                    "operator_rows_scanned": 0,
                                                    "operator_timing": 0.4270795890000004,
                                                    "result_set_size": 25964064,
                                                    "children": [
                                                        {
                                                            "operator_name": "PROJECTION",
                                                            "cpu_time": 1.1311397060000032,
                                                            "extra_info": {
                                                                "Projections": "postid",
                                                                "Estimated Cardinality": "7241822"
                                                            },
                                                            "cumulative_cardinality": 14483644,
                                                            "operator_type": "PROJECTION",
                                                            "operator_cardinality": 7241822,
                                                            "cumulative_rows_scanned": 7241822,
                                                            "operator_rows_scanned": 0,
                                                            "operator_timing": 0.0004977249999999872,
                                                            "result_set_size": 28967288,
                                                            "children": [
                                                                {
                                                                    "operator_name": "READ_PARQUET ",
                                                                    "cpu_time": 1.1306419810000032,
                                                                    "extra_info": {
                                                                        "Function": "READ_PARQUET",
                                                                        "Projections": "postid",
                                                                        "Estimated Cardinality": "7241822"
                                                                    },
                                                                    "cumulative_cardinality": 7241822,
                                                                    "operator_type": "TABLE_SCAN",
                                                                    "operator_cardinality": 7241822,
                                                                    "cumulative_rows_scanned": 7241822,
                                                                    "operator_rows_scanned": 7241822,
                                                                    "operator_timing": 1.1306419810000032,
                                                                    "result_set_size": 28967288,
                                                                    "children": []
                                                                }
                                                            ]
                                                        }
                                                    ]
                                                }
                                            ]
                                        }
                                    ]
                                }
                            ]
                        }
                    ]
                }
            ]
        }
    ]
}