{
    "rows_returned": 11215,
    "query_name": "\nSELECT \n    u.Id AS UserId,\n    u.DisplayName,\n    COUNT(DISTINCT p.Id) AS TotalPosts,\n    COUNT(DISTINCT CASE WHEN p.PostTypeId = 1 THEN p.Id END) AS TotalQuestions,\n    COUNT(DISTINCT CASE WHEN p.PostTypeId = 2 THEN p.Id END) AS TotalAnswers,\n    SUM(CASE WHEN v.VoteTypeId = 2 THEN 1 ELSE 0 END) AS TotalUpVotes,\n    SUM(CASE WHEN v.VoteTypeId = 3 THEN 1 ELSE 0 END) AS TotalDownVotes,\n    SUM(CASE WHEN p.Score > 0 THEN 1 ELSE 0 END) AS PositiveScorePosts,\n    AVG(EXTRACT(EPOCH FROM (p.LastActivityDate - p.CreationDate))) AS AvgPostDurationInSeconds\nFROM \n    Users u\nLEFT JOIN \n    Posts p ON u.Id = p.OwnerUserId\nLEFT JOIN \n    Votes v ON p.Id = v.PostId\nWHERE \n    u.Reputation > 1000 \nGROUP BY \n    u.Id, u.DisplayName\nORDER BY \n    TotalPosts DESC;\n",
    "blocked_thread_time": 0.0,
    "cpu_time": 6.973598291000007,
    "extra_info": {},
    "cumulative_cardinality": 44795935,
    "cumulative_rows_scanned": 17854919,
    "result_set_size": 1121500,
    "latency": 7.939846027,
    "children": [
        {
            "operator_name": "ORDER_BY",
            "cpu_time": 6.973598291000007,
            "extra_info": {
                "Order By": "count(DISTINCT p.Id) DESC"
            },
            "cumulative_cardinality": 44795935,
            "operator_type": "ORDER_BY",
            "operator_cardinality": 11215,
            "cumulative_rows_scanned": 17854919,
            "operator_rows_scanned": 0,
            "operator_timing": 0.0008769280000000001,
            "result_set_size": 1121500,
            "children": [
                {
                    "operator_name": "HASH_GROUP_BY",
                    "cpu_time": 6.972721363000007,
                    "extra_info": {
                        "Groups": [
                            "#0",
                            "#1"
                        ],
                        "Aggregates": [
                            "count(DISTINCT #2)",
                            "count(DISTINCT #3)",
                            "count(DISTINCT #4)",
                            "sum(#5)",
                            "sum(#6)",
                            "sum(#7)",
                            "avg(#8)"
                        ],
                        "Estimated Cardinality": "1260710"
                    },
                    "cumulative_cardinality": 44784720,
                    "operator_type": "HASH_GROUP_BY",
                    "operator_cardinality": 11215,
                    "cumulative_rows_scanned": 17854919,
                    "operator_rows_scanned": 0,
                    "operator_timing": 2.178555739999999,
                    "result_set_size": 1121500,
                    "children": [
                        {
                            "operator_name": "PROJECTION",
                            "cpu_time": 4.7941656230000085,
                            "extra_info": {
                                "Projections": [
                                    "id",
                                    "displayname",
                                    "id",
                                    "CASE  WHEN ((posttypeid = 1)) THEN (id) ELSE NULL END",
                                    "CASE  WHEN ((posttypeid = 2)) THEN (id) ELSE NULL END",
                                    "CASE  WHEN ((votetypeid = 2)) THEN (1) ELSE 0 END",
                                    "CASE  WHEN ((votetypeid = 3)) THEN (1) ELSE 0 END",
                                    "CASE  WHEN ((score > 0)) THEN (1) ELSE 0 END",
                                    "epoch((lastactivitydate - creationdate))"
                                ],
                                "Estimated Cardinality": "12744093"
                            },
                            "cumulative_cardinality": 44773505,
                            "operator_type": "PROJECTION",
                            "operator_cardinality": 7847284,
                            "cumulative_rows_scanned": 17854919,
                            "operator_rows_scanned": 0,
                            "operator_timing": 0.28164354400000047,
                            "result_set_size": 408058768,
                            "children": [
                                {
                                    "operator_name": "PROJECTION",
                                    "cpu_time": 4.512522079000008,
                                    "extra_info": {
                                        "Projections": [
                                            "#0",
                                            "#1",
                                            "__internal_decompress_integral_smallint(#2, 1)",
                                            "#3",
                                            "__internal_decompress_integral_integer(#4, -72)",
                                            "#5",
                                            "#6",
                                            "#7"
                                        ],
                                        "Estimated Cardinality": "12744093"
                                    },
                                    "cumulative_cardinality": 36926221,
                                    "operator_type": "PROJECTION",
                                    "operator_cardinality": 7847284,
                                    "cumulative_rows_scanned": 17854919,
                                    "operator_rows_scanned": 0,
                                    "operator_timing": 0.012197752000000017,
                                    "result_set_size": 376669632,
                                    "children": [
                                        {
                                            "operator_name": "HASH_JOIN",
                                            "cpu_time": 4.500324327000008,
                                            "extra_info": {
                                                "Join Type": "RIGHT",
                                                "Conditions": "postid = id",
                                                "Estimated Cardinality": "12744093"
                                            },
                                            "cumulative_cardinality": 29078937,
                                            "operator_type": "HASH_JOIN",
                                            "operator_cardinality": 7847284,
                                            "cumulative_rows_scanned": 17854919,
                                            "operator_rows_scanned": 0,
                                            "operator_timing": 0.8812151289999985,
                                            "result_set_size": 353127780,
                                            "children": [
                                                {
                                                    "operator_name": "READ_PARQUET ",
                                                    "cpu_time": 0.9933199470000027,
                                                    "extra_info": {
                                                        "Function": "READ_PARQUET",
                                                        "Projections": [
                                                            "postid",
                                                            "votetypeid"
                                                        ],
                                                        "Estimated Cardinality": "12744093"
                                                    },
                                                    "cumulative_cardinality": 12744093,
                                                    "operator_type": "TABLE_SCAN",
                                                    "operator_cardinality": 12744093,
                                                    "cumulative_rows_scanned": 12744093,
                                                    "operator_rows_scanned": 12744093,
                                                    "operator_timing": 0.9933199470000027,
                                                    "result_set_size": 76464558,
                                                    "children": []
                                                },
                                                {
                                                    "operator_name": "PROJECTION",
                                                    "cpu_time": 2.6257892510000067,
                                                    "extra_info": {
                                                        "Projections": [
                                                            "#0",
                                                            "__internal_compress_integral_utinyint(#1, 1)",
                                                            "#2",
                                                            "__internal_compress_integral_usmallint(#3, -72)",
                                                            "#4",
                                                            "#5",
                                                            "#6"
                                                        ],
                                                        "Estimated Cardinality": "3850116"
                                                    },
                                                    "cumulative_cardinality": 8487560,
                                                    "operator_type": "PROJECTION",
                                                    "operator_cardinality": 2396486,
                                                    "cumulative_rows_scanned": 5110826,
                                                    "operator_rows_scanned": 0,
                                                    "operator_timing": 0.004004433000000004,
                                                    "result_set_size": 103048898,
                                                    "children": [
                                                        {
                                                            "operator_name": "HASH_JOIN",
                                                            "cpu_time": 2.6217848180000067,
                                                            "extra_info": {
                                                                "Join Type": "RIGHT",
                                                                "Conditions": "owneruserid = id",
                                                                "Estimated Cardinality": "3850116"
                                                            },
                                                            "cumulative_cardinality": 6091074,
                                                            "operator_type": "HASH_JOIN",
                                                            "operator_cardinality": 2396486,
                                                            "cumulative_rows_scanned": 5110826,
                                                            "operator_rows_scanned": 0,
                                                            "operator_timing": 0.1291066459999998,
                                                            "result_set_size": 110238356,
                                                            "children": [
                                                                {
                                                                    "operator_name": "READ_PARQUET ",
                                                                    "cpu_time": 2.415211655000007,
                                                                    "extra_info": {
                                                                        "Function": "READ_PARQUET",
                                                                        "Projections": [
                                                                            "id",
                                                                            "posttypeid",
                                                                            "creationdate",
                                                                            "score",
                                                                            "owneruserid",
                                                                            "lastactivitydate"
                                                                        ],
                                                                        "Estimated Cardinality": "3850116"
                                                                    },
                                                                    "cumulative_cardinality": 3683373,
                                                                    "operator_type": "TABLE_SCAN",
                                                                    "operator_cardinality": 3683373,
                                                                    "cumulative_rows_scanned": 3850116,
                                                                    "operator_rows_scanned": 3850116,
                                                                    "operator_timing": 2.415211655000007,
                                                                    "result_set_size": 110501190,
                                                                    "children": []
                                                                },
                                                                {
                                                                    "operator_name": "READ_PARQUET ",
                                                                    "cpu_time": 0.077466517,
                                                                    "extra_info": {
                                                                        "Function": "READ_PARQUET",
                                                                        "Projections": [
                                                                            "id",
                                                                            "displayname"
                                                                        ],
                                                                        "Filters": "reputation>1000",
                                                                        "Estimated Cardinality": "252142"
                                                                    },
                                                                    "cumulative_cardinality": 11215,
                                                                    "operator_type": "TABLE_SCAN",
                                                                    "operator_cardinality": 11215,
                                                                    "cumulative_rows_scanned": 1260710,
                                                                    "operator_rows_scanned": 1260710,
                                                                    "operator_timing": 0.077466517,
                                                                    "result_set_size": 224300,
                                                                    "children": []
                                                                }
                                                            ]
                                                        }
                                                    ]
                                                }
                                            ]
                                        }
                                    ]
                                }
                            ]
                        }
                    ]
                }
            ]
        }
    ]
}