{
    "rows_returned": 573101,
    "query_name": "SELECT \n    U.DisplayName AS UserName,\n    P.Title AS PostTitle,\n    P.Score AS PostScore,\n    PH.CreationDate AS HistoryCreationDate,\n    P.LastEditDate AS LastEditDate,\n    COUNT(CASE WHEN V.VoteTypeId = 2 THEN 1 END) AS UpVoteCount,\n    COUNT(CASE WHEN V.VoteTypeId = 3 THEN 1 END) AS DownVoteCount,\n    COUNT(CASE WHEN C.Id IS NOT NULL THEN 1 END) AS CommentCount,\n    COUNT(DISTINCT B.Id) AS BadgeCount\nFROM \n    Posts P\nJOIN \n    Users U ON P.OwnerUserId = U.Id\nLEFT JOIN \n    PostHistory PH ON P.Id = PH.PostId\nLEFT JOIN \n    Votes V ON P.Id = V.PostId\nLEFT JOIN \n    Comments C ON P.Id = C.PostId\nLEFT JOIN \n    Badges B ON U.Id = B.UserId\nWHERE \n    P.CreationDate >= '2023-01-01'\nGROUP BY \n    U.DisplayName, P.Title, P.Score, PH.CreationDate, P.LastEditDate\nORDER BY \n    P.Score DESC, UserName ASC;\n",
    "blocked_thread_time": 0.0,
    "cpu_time": 95.34684585400092,
    "extra_info": {},
    "cumulative_cardinality": 1910373682,
    "cumulative_rows_scanned": 39213709,
    "result_set_size": 48140484,
    "latency": 106.900057831,
    "children": [
        {
            "operator_name": "PROJECTION",
            "cpu_time": 95.34684585400092,
            "extra_info": {
                "Projections": [
                    "#0",
                    "#1",
                    "__internal_decompress_integral_integer(#2, -72)",
                    "#3",
                    "#4",
                    "#5",
                    "#6",
                    "#7",
                    "#8"
                ],
                "Estimated Cardinality": "3850116"
            },
            "cumulative_cardinality": 1910373682,
            "operator_type": "PROJECTION",
            "operator_cardinality": 573101,
            "cumulative_rows_scanned": 39213709,
            "operator_rows_scanned": 0,
            "operator_timing": 0.00036671,
            "result_set_size": 48140484,
            "children": [
                {
                    "operator_name": "ORDER_BY",
                    "cpu_time": 95.34647914400092,
                    "extra_info": {
                        "Order By": [
                            "P.Score DESC",
                            "U.DisplayName ASC"
                        ]
                    },
                    "cumulative_cardinality": 1909800581,
                    "operator_type": "ORDER_BY",
                    "operator_cardinality": 573101,
                    "cumulative_rows_scanned": 39213709,
                    "operator_rows_scanned": 0,
                    "operator_timing": 0.07880883599999997,
                    "result_set_size": 46994282,
                    "children": [
                        {
                            "operator_name": "PROJECTION",
                            "cpu_time": 95.26767030800093,
                            "extra_info": {
                                "Projections": [
                                    "#0",
                                    "#1",
                                    "__internal_compress_integral_usmallint(#2, -72)",
                                    "#3",
                                    "#4",
                                    "#5",
                                    "#6",
                                    "#7",
                                    "#8"
                                ],
                                "Estimated Cardinality": "3850116"
                            },
                            "cumulative_cardinality": 1909227480,
                            "operator_type": "PROJECTION",
                            "operator_cardinality": 573101,
                            "cumulative_rows_scanned": 39213709,
                            "operator_rows_scanned": 0,
                            "operator_timing": 0.000277457,
                            "result_set_size": 46994282,
                            "children": [
                                {
                                    "operator_name": "PROJECTION",
                                    "cpu_time": 95.26739285100093,
                                    "extra_info": {
                                        "Projections": [
                                            "#0",
                                            "#1",
                                            "__internal_decompress_integral_integer(#2, -72)",
                                            "#3",
                                            "#4",
                                            "#5",
                                            "#6",
                                            "#7",
                                            "#8"
                                        ],
                                        "Estimated Cardinality": "3850116"
                                    },
                                    "cumulative_cardinality": 1908654379,
                                    "operator_type": "PROJECTION",
                                    "operator_cardinality": 573101,
                                    "cumulative_rows_scanned": 39213709,
                                    "operator_rows_scanned": 0,
                                    "operator_timing": 0.000297773,
                                    "result_set_size": 48140484,
                                    "children": [
                                        {
                                            "operator_name": "HASH_GROUP_BY",
                                            "cpu_time": 95.26709507800093,
                                            "extra_info": {
                                                "Groups": [
                                                    "#0",
                                                    "#1",
                                                    "#2",
                                                    "#3",
                                                    "#4"
                                                ],
                                                "Aggregates": [
                                                    "count(#5)",
                                                    "count(#6)",
                                                    "count(#7)",
                                                    "count(DISTINCT #8)"
                                                ],
                                                "Estimated Cardinality": "3850116"
                                            },
                                            "cumulative_cardinality": 1908081278,
                                            "operator_type": "HASH_GROUP_BY",
                                            "operator_cardinality": 573101,
                                            "cumulative_rows_scanned": 39213709,
                                            "operator_rows_scanned": 0,
                                            "operator_timing": 75.75088174600101,
                                            "result_set_size": 46994282,
                                            "children": [
                                                {
                                                    "operator_name": "PROJECTION",
                                                    "cpu_time": 19.51621333199992,
                                                    "extra_info": {
                                                        "Projections": [
                                                            "displayname",
                                                            "title",
                                                            "score",
                                                            "creationdate",
                                                            "lasteditdate",
                                                            "CASE  WHEN ((votetypeid = 2)) THEN (1) ELSE NULL END",
                                                            "CASE  WHEN ((votetypeid = 3)) THEN (1) ELSE NULL END",
                                                            "CASE  WHEN ((id IS NOT NULL)) THEN (1) ELSE NULL END",
                                                            "id"
                                                        ],
                                                        "Estimated Cardinality": "12744093"
                                                    },
                                                    "cumulative_cardinality": 1907508177,
                                                    "operator_type": "PROJECTION",
                                                    "operator_cardinality": 618486703,
                                                    "cumulative_rows_scanned": 39213709,
                                                    "operator_rows_scanned": 0,
                                                    "operator_timing": 5.048631951999988,
                                                    "result_set_size": 40820122398,
                                                    "children": [
                                                        {
                                                            "operator_name": "PROJECTION",
                                                            "cpu_time": 14.467581379999935,
                                                            "extra_info": {
                                                                "Projections": [
                                                                    "__internal_compress_integral_usmallint(#2, -72)",
                                                                    "#3",
                                                                    "#4",
                                                                    "#1",
                                                                    "#0",
                                                                    "#5",
                                                                    "#6",
                                                                    "#7"
                                                                ],
                                                                "Estimated Cardinality": "12744093"
                                                            },
                                                            "cumulative_cardinality": 1289021474,
                                                            "operator_type": "PROJECTION",
                                                            "operator_cardinality": 618486703,
                                                            "cumulative_rows_scanned": 39213709,
                                                            "operator_rows_scanned": 0,
                                                            "operator_timing": 0.7156843090001687,
                                                            "result_set_size": 37109202180,
                                                            "children": [
                                                                {
                                                                    "operator_name": "HASH_JOIN",
                                                                    "cpu_time": 13.751897070999766,
                                                                    "extra_info": {
                                                                        "Join Type": "LEFT",
                                                                        "Conditions": "id = userid",
                                                                        "Estimated Cardinality": "12744093"
                                                                    },
                                                                    "cumulative_cardinality": 670534771,
                                                                    "operator_type": "HASH_JOIN",
                                                                    "operator_cardinality": 618486703,
                                                                    "cumulative_rows_scanned": 39213709,
                                                                    "operator_rows_scanned": 0,
                                                                    "operator_timing": 8.614573705999767,
                                                                    "result_set_size": 38346175586,
                                                                    "children": [
                                                                        {
                                                                            "operator_name": "HASH_JOIN",
                                                                            "cpu_time": 4.610611295999998,
                                                                            "extra_info": {
                                                                                "Join Type": "LEFT",
                                                                                "Conditions": "id = postid",
                                                                                "Estimated Cardinality": "12744093"
                                                                            },
                                                                            "cumulative_cardinality": 49726344,
                                                                            "operator_type": "HASH_JOIN",
                                                                            "operator_cardinality": 8800235,
                                                                            "cumulative_rows_scanned": 36891985,
                                                                            "operator_rows_scanned": 0,
                                                                            "operator_timing": 0.6269970429999996,
                                                                            "result_set_size": 545614570,
                                                                            "children": [
                                                                                {
                                                                                    "operator_name": "PROJECTION",
                                                                                    "cpu_time": 2.6074537619999996,
                                                                                    "extra_info": {
                                                                                        "Projections": [
                                                                                            "#0",
                                                                                            "#1",
                                                                                            "#2",
                                                                                            "#3",
                                                                                            "#4",
                                                                                            "#5",
                                                                                            "#6",
                                                                                            "__internal_decompress_integral_smallint(#7, 1)"
                                                                                        ],
                                                                                        "Estimated Cardinality": "12744093"
                                                                                    },
                                                                                    "cumulative_cardinality": 33684287,
                                                                                    "operator_type": "PROJECTION",
                                                                                    "operator_cardinality": 2322307,
                                                                                    "cumulative_rows_scanned": 29650163,
                                                                                    "operator_rows_scanned": 0,
                                                                                    "operator_timing": 0.0038922550000000055,
                                                                                    "result_set_size": 143983034,
                                                                                    "children": [
                                                                                        {
                                                                                            "operator_name": "HASH_JOIN",
                                                                                            "cpu_time": 2.6035615069999998,
                                                                                            "extra_info": {
                                                                                                "Join Type": "LEFT",
                                                                                                "Conditions": "id = postid",
                                                                                                "Estimated Cardinality": "12744093"
                                                                                            },
                                                                                            "cumulative_cardinality": 31361980,
                                                                                            "operator_type": "HASH_JOIN",
                                                                                            "operator_cardinality": 2322307,
                                                                                            "cumulative_rows_scanned": 29650163,
                                                                                            "operator_rows_scanned": 0,
                                                                                            "operator_timing": 0.7829943400000001,
                                                                                            "result_set_size": 141660727,
                                                                                            "children": [
                                                                                                {
                                                                                                    "operator_name": "HASH_JOIN",
                                                                                                    "cpu_time": 1.640752409,
                                                                                                    "extra_info": {
                                                                                                        "Join Type": "RIGHT",
                                                                                                        "Conditions": "postid = id",
                                                                                                        "Estimated Cardinality": "11795244"
                                                                                                    },
                                                                                                    "cumulative_cardinality": 3551487,
                                                                                                    "operator_type": "HASH_JOIN",
                                                                                                    "operator_cardinality": 873627,
                                                                                                    "cumulative_rows_scanned": 16906070,
                                                                                                    "operator_rows_scanned": 0,
                                                                                                    "operator_timing": 0.1421067019999999,
                                                                                                    "result_set_size": 52417620,
                                                                                                    "children": [
                                                                                                        {
                                                                                                            "operator_name": "READ_PARQUET ",
                                                                                                            "cpu_time": 0.30025968,
                                                                                                            "extra_info": {
                                                                                                                "Function": "READ_PARQUET",
                                                                                                                "Projections": [
                                                                                                                    "postid",
                                                                                                                    "creationdate"
                                                                                                                ],
                                                                                                                "Estimated Cardinality": "11795244"
                                                                                                            },
                                                                                                            "cumulative_cardinality": 890513,
                                                                                                            "operator_type": "TABLE_SCAN",
                                                                                                            "operator_cardinality": 890513,
                                                                                                            "cumulative_rows_scanned": 11795244,
                                                                                                            "operator_rows_scanned": 11795244,
                                                                                                            "operator_timing": 0.30025968,
                                                                                                            "result_set_size": 10686156,
                                                                                                            "children": []
                                                                                                        },
                                                                                                        {
                                                                                                            "operator_name": "HASH_JOIN",
                                                                                                            "cpu_time": 1.1983860270000002,
                                                                                                            "extra_info": {
                                                                                                                "Join Type": "INNER",
                                                                                                                "Conditions": "id = owneruserid",
                                                                                                                "Estimated Cardinality": "770023"
                                                                                                            },
                                                                                                            "cumulative_cardinality": 1787347,
                                                                                                            "operator_type": "HASH_JOIN",
                                                                                                            "operator_cardinality": 261413,
                                                                                                            "cumulative_rows_scanned": 5110826,
                                                                                                            "operator_rows_scanned": 0,
                                                                                                            "operator_timing": 0.07562165099999993,
                                                                                                            "result_set_size": 13593476,
                                                                                                            "children": [
                                                                                                                {
                                                                                                                    "operator_name": "READ_PARQUET ",
                                                                                                                    "cpu_time": 0.12412907000000008,
                                                                                                                    "extra_info": {
                                                                                                                        "Function": "READ_PARQUET",
                                                                                                                        "Projections": [
                                                                                                                            "id",
                                                                                                                            "displayname"
                                                                                                                        ],
                                                                                                                        "Filters": "id<=1416539",
                                                                                                                        "Estimated Cardinality": "1260710"
                                                                                                                    },
                                                                                                                    "cumulative_cardinality": 1260679,
                                                                                                                    "operator_type": "TABLE_SCAN",
                                                                                                                    "operator_cardinality": 1260679,
                                                                                                                    "cumulative_rows_scanned": 1260710,
                                                                                                                    "operator_rows_scanned": 1260710,
                                                                                                                    "operator_timing": 0.12412907000000008,
                                                                                                                    "result_set_size": 25213580,
                                                                                                                    "children": []
                                                                                                                },
                                                                                                                {
                                                                                                                    "operator_name": "READ_PARQUET ",
                                                                                                                    "cpu_time": 0.9986353060000003,
                                                                                                                    "extra_info": {
                                                                                                                        "Function": "READ_PARQUET",
                                                                                                                        "Projections": [
                                                                                                                            "id",
                                                                                                                            "score",
                                                                                                                            "owneruserid",
                                                                                                                            "lasteditdate",
                                                                                                                            "title"
                                                                                                                        ],
                                                                                                                        "Filters": "creationdate>='2023-01-01 00:00:00'::TIMESTAMP",
                                                                                                                        "Estimated Cardinality": "770023"
                                                                                                                    },
                                                                                                                    "cumulative_cardinality": 265255,
                                                                                                                    "operator_type": "TABLE_SCAN",
                                                                                                                    "operator_cardinality": 265255,
                                                                                                                    "cumulative_rows_scanned": 3850116,
                                                                                                                    "operator_rows_scanned": 3850116,
                                                                                                                    "operator_timing": 0.9986353060000003,
                                                                                                                    "result_set_size": 9549180,
                                                                                                                    "children": []
                                                                                                                }
                                                                                                            ]
                                                                                                        }
                                                                                                    ]
                                                                                                },
                                                                                                {
                                                                                                    "operator_name": "PROJECTION",
                                                                                                    "cpu_time": 0.17981475799999974,
                                                                                                    "extra_info": {
                                                                                                        "Projections": [
                                                                                                            "#0",
                                                                                                            "__internal_compress_integral_utinyint(#1, 1)"
                                                                                                        ],
                                                                                                        "Estimated Cardinality": "12744093"
                                                                                                    },
                                                                                                    "cumulative_cardinality": 25488186,
                                                                                                    "operator_type": "PROJECTION",
                                                                                                    "operator_cardinality": 12744093,
                                                                                                    "cumulative_rows_scanned": 12744093,
                                                                                                    "operator_rows_scanned": 0,
                                                                                                    "operator_timing": 0.004527717000000003,
                                                                                                    "result_set_size": 63720465,
                                                                                                    "children": [
                                                                                                        {
                                                                                                            "operator_name": "READ_PARQUET ",
                                                                                                            "cpu_time": 0.17528704099999973,
                                                                                                            "extra_info": {
                                                                                                                "Function": "READ_PARQUET",
                                                                                                                "Projections": [
                                                                                                                    "postid",
                                                                                                                    "votetypeid"
                                                                                                                ],
                                                                                                                "Estimated Cardinality": "12744093"
                                                                                                            },
                                                                                                            "cumulative_cardinality": 12744093,
                                                                                                            "operator_type": "TABLE_SCAN",
                                                                                                            "operator_cardinality": 12744093,
                                                                                                            "cumulative_rows_scanned": 12744093,
                                                                                                            "operator_rows_scanned": 12744093,
                                                                                                            "operator_timing": 0.17528704099999973,
                                                                                                            "result_set_size": 76464558,
                                                                                                            "children": []
                                                                                                        }
                                                                                                    ]
                                                                                                }
                                                                                            ]
                                                                                        }
                                                                                    ]
                                                                                },
                                                                                {
                                                                                    "operator_name": "READ_PARQUET ",
                                                                                    "cpu_time": 1.3761604909999992,
                                                                                    "extra_info": {
                                                                                        "Function": "READ_PARQUET",
                                                                                        "Projections": [
                                                                                            "id",
                                                                                            "postid"
                                                                                        ],
                                                                                        "Estimated Cardinality": "7241822"
                                                                                    },
                                                                                    "cumulative_cardinality": 7241822,
                                                                                    "operator_type": "TABLE_SCAN",
                                                                                    "operator_cardinality": 7241822,
                                                                                    "cumulative_rows_scanned": 7241822,
                                                                                    "operator_rows_scanned": 7241822,
                                                                                    "operator_timing": 1.3761604909999992,
                                                                                    "result_set_size": 57934576,
                                                                                    "children": []
                                                                                }
                                                                            ]
                                                                        },
                                                                        {
                                                                            "operator_name": "READ_PARQUET ",
                                                                            "cpu_time": 0.5267120689999997,
                                                                            "extra_info": {
                                                                                "Function": "READ_PARQUET",
                                                                                "Projections": [
                                                                                    "id",
                                                                                    "userid"
                                                                                ],
                                                                                "Estimated Cardinality": "2321724"
                                                                            },
                                                                            "cumulative_cardinality": 2321724,
                                                                            "operator_type": "TABLE_SCAN",
                                                                            "operator_cardinality": 2321724,
                                                                            "cumulative_rows_scanned": 2321724,
                                                                            "operator_rows_scanned": 2321724,
                                                                            "operator_timing": 0.5267120689999997,
                                                                            "result_set_size": 18573792,
                                                                            "children": []
                                                                        }
                                                                    ]
                                                                }
                                                            ]
                                                        }
                                                    ]
                                                }
                                            ]
                                        }
                                    ]
                                }
                            ]
                        }
                    ]
                }
            ]
        }
    ]
}