{
    "rows_returned": 100,
    "query_name": "\nSELECT \n    p.Id AS PostId,\n    p.Title,\n    p.CreationDate,\n    p.ViewCount,\n    p.Score,\n    u.Id AS UserId,\n    u.DisplayName,\n    u.Reputation,\n    COUNT(v.Id) AS VoteCount,\n    COUNT(c.Id) AS CommentCount,\n    COUNT(b.Id) AS BadgeCount\nFROM \n    Posts p\nJOIN \n    Users u ON p.OwnerUserId = u.Id\nLEFT JOIN \n    Votes v ON p.Id = v.PostId\nLEFT JOIN \n    Comments c ON p.Id = c.PostId\nLEFT JOIN \n    Badges b ON u.Id = b.UserId\nGROUP BY \n    p.Id, p.Title, p.CreationDate, p.ViewCount, p.Score, u.Id, u.DisplayName, u.Reputation\nORDER BY \n    p.CreationDate DESC\nLIMIT 100;\n",
    "blocked_thread_time": 0.0,
    "cpu_time": 518.1086461690163,
    "extra_info": {},
    "cumulative_cardinality": 23839167411,
    "cumulative_rows_scanned": 27418465,
    "result_set_size": 8400,
    "latency": 601.32444904,
    "children": [
        {
            "operator_name": "STREAMING_LIMIT",
            "cpu_time": 518.1086461690163,
            "extra_info": {},
            "cumulative_cardinality": 23839167411,
            "operator_type": "STREAMING_LIMIT",
            "operator_cardinality": 100,
            "cumulative_rows_scanned": 27418465,
            "operator_rows_scanned": 0,
            "operator_timing": 0.000002034,
            "result_set_size": 8400,
            "children": [
                {
                    "operator_name": "PROJECTION",
                    "cpu_time": 518.1086441350163,
                    "extra_info": {
                        "Projections": [
                            "#0",
                            "#1",
                            "#2",
                            "#3",
                            "__internal_decompress_integral_integer(#4, -72)",
                            "#5",
                            "#6",
                            "#7",
                            "#8",
                            "#9",
                            "#10"
                        ],
                        "Estimated Cardinality": "3850116"
                    },
                    "cumulative_cardinality": 23839167311,
                    "operator_type": "PROJECTION",
                    "operator_cardinality": 4096,
                    "cumulative_rows_scanned": 27418465,
                    "operator_rows_scanned": 0,
                    "operator_timing": 0.000017001,
                    "result_set_size": 344064,
                    "children": [
                        {
                            "operator_name": "ORDER_BY",
                            "cpu_time": 518.1086271340164,
                            "extra_info": {
                                "Order By": "p.CreationDate DESC"
                            },
                            "cumulative_cardinality": 23839163215,
                            "operator_type": "ORDER_BY",
                            "operator_cardinality": 4096,
                            "cumulative_rows_scanned": 27418465,
                            "operator_rows_scanned": 0,
                            "operator_timing": 0.28190822399999976,
                            "result_set_size": 335872,
                            "children": [
                                {
                                    "operator_name": "PROJECTION",
                                    "cpu_time": 517.8267189100164,
                                    "extra_info": {
                                        "Projections": [
                                            "#0",
                                            "#1",
                                            "#2",
                                            "#3",
                                            "__internal_compress_integral_usmallint(#4, -72)",
                                            "#5",
                                            "#6",
                                            "#7",
                                            "#8",
                                            "#9",
                                            "#10"
                                        ],
                                        "Estimated Cardinality": "3850116"
                                    },
                                    "cumulative_cardinality": 23839159119,
                                    "operator_type": "PROJECTION",
                                    "operator_cardinality": 3685416,
                                    "cumulative_rows_scanned": 27418465,
                                    "operator_rows_scanned": 0,
                                    "operator_timing": 0.0020839370000000023,
                                    "result_set_size": 302204112,
                                    "children": [
                                        {
                                            "operator_name": "PROJECTION",
                                            "cpu_time": 517.8246349730165,
                                            "extra_info": {
                                                "Projections": [
                                                    "#0",
                                                    "#1",
                                                    "#2",
                                                    "#3",
                                                    "__internal_decompress_integral_integer(#4, -72)",
                                                    "#5",
                                                    "#6",
                                                    "#7",
                                                    "#8",
                                                    "#9",
                                                    "#10"
                                                ],
                                                "Estimated Cardinality": "3850116"
                                            },
                                            "cumulative_cardinality": 23835473703,
                                            "operator_type": "PROJECTION",
                                            "operator_cardinality": 3685416,
                                            "cumulative_rows_scanned": 27418465,
                                            "operator_rows_scanned": 0,
                                            "operator_timing": 0.0022609410000000063,
                                            "result_set_size": 309574944,
                                            "children": [
                                                {
                                                    "operator_name": "HASH_GROUP_BY",
                                                    "cpu_time": 517.8223740320165,
                                                    "extra_info": {
                                                        "Groups": [
                                                            "#0",
                                                            "#1",
                                                            "#2",
                                                            "#3",
                                                            "#4",
                                                            "#5",
                                                            "#6",
                                                            "#7"
                                                        ],
                                                        "Aggregates": [
                                                            "count(#8)",
                                                            "count(#9)",
                                                            "count(#10)"
                                                        ],
                                                        "Estimated Cardinality": "3850116"
                                                    },
                                                    "cumulative_cardinality": 23831788287,
                                                    "operator_type": "HASH_GROUP_BY",
                                                    "operator_cardinality": 3685416,
                                                    "cumulative_rows_scanned": 27418465,
                                                    "operator_rows_scanned": 0,
                                                    "operator_timing": 422.1375572150137,
                                                    "result_set_size": 302204112,
                                                    "children": [
                                                        {
                                                            "operator_name": "PROJECTION",
                                                            "cpu_time": 95.68481681700273,
                                                            "extra_info": {
                                                                "Projections": [
                                                                    "id",
                                                                    "title",
                                                                    "creationdate",
                                                                    "viewcount",
                                                                    "score",
                                                                    "id",
                                                                    "displayname",
                                                                    "reputation",
                                                                    "id",
                                                                    "id",
                                                                    "id"
                                                                ],
                                                                "Estimated Cardinality": "12744093"
                                                            },
                                                            "cumulative_cardinality": 23828102871,
                                                            "operator_type": "PROJECTION",
                                                            "operator_cardinality": 7912737441,
                                                            "cumulative_rows_scanned": 27418465,
                                                            "operator_rows_scanned": 0,
                                                            "operator_timing": 2.139115689992917,
                                                            "result_set_size": 553891620870,
                                                            "children": [
                                                                {
                                                                    "operator_name": "PROJECTION",
                                                                    "cpu_time": 93.5457011270098,
                                                                    "extra_info": {
                                                                        "Projections": [
                                                                            "#0",
                                                                            "#1",
                                                                            "#2",
                                                                            "__internal_compress_integral_usmallint(#3, -72)",
                                                                            "#4",
                                                                            "#5",
                                                                            "#6",
                                                                            "#7",
                                                                            "#8",
                                                                            "#9",
                                                                            "#10"
                                                                        ],
                                                                        "Estimated Cardinality": "12744093"
                                                                    },
                                                                    "cumulative_cardinality": 15915365430,
                                                                    "operator_type": "PROJECTION",
                                                                    "operator_cardinality": 7912737441,
                                                                    "cumulative_rows_scanned": 27418465,
                                                                    "operator_rows_scanned": 0,
                                                                    "operator_timing": 9.271523719997987,
                                                                    "result_set_size": 553891620870,
                                                                    "children": [
                                                                        {
                                                                            "operator_name": "HASH_JOIN",
                                                                            "cpu_time": 84.27417740701182,
                                                                            "extra_info": {
                                                                                "Join Type": "LEFT",
                                                                                "Conditions": "id = userid",
                                                                                "Estimated Cardinality": "12744093"
                                                                            },
                                                                            "cumulative_cardinality": 8002627989,
                                                                            "operator_type": "HASH_JOIN",
                                                                            "operator_cardinality": 7912737441,
                                                                            "cumulative_rows_scanned": 27418465,
                                                                            "operator_rows_scanned": 0,
                                                                            "operator_timing": 72.52821954601183,
                                                                            "result_set_size": 569717095752,
                                                                            "children": [
                                                                                {
                                                                                    "operator_name": "HASH_JOIN",
                                                                                    "cpu_time": 11.286556270999997,
                                                                                    "extra_info": {
                                                                                        "Join Type": "LEFT",
                                                                                        "Conditions": "id = postid",
                                                                                        "Estimated Cardinality": "12744093"
                                                                                    },
                                                                                    "cumulative_cardinality": 87568824,
                                                                                    "operator_type": "HASH_JOIN",
                                                                                    "operator_cardinality": 33564490,
                                                                                    "cumulative_rows_scanned": 25096741,
                                                                                    "operator_rows_scanned": 0,
                                                                                    "operator_timing": 1.7996950530000033,
                                                                                    "result_set_size": 2282385320,
                                                                                    "children": [
                                                                                        {
                                                                                            "operator_name": "PROJECTION",
                                                                                            "cpu_time": 7.059274832,
                                                                                            "extra_info": {
                                                                                                "Projections": [
                                                                                                    "#0",
                                                                                                    "#1",
                                                                                                    "#2",
                                                                                                    "__internal_decompress_integral_integer(#3, -72)",
                                                                                                    "#4",
                                                                                                    "#5",
                                                                                                    "#6",
                                                                                                    "#7",
                                                                                                    "#8"
                                                                                                ],
                                                                                                "Estimated Cardinality": "12744093"
                                                                                            },
                                                                                            "cumulative_cardinality": 46762512,
                                                                                            "operator_type": "PROJECTION",
                                                                                            "operator_cardinality": 10850746,
                                                                                            "cumulative_rows_scanned": 17854919,
                                                                                            "operator_rows_scanned": 0,
                                                                                            "operator_timing": 0.01240561000000004,
                                                                                            "result_set_size": 694447744,
                                                                                            "children": [
                                                                                                {
                                                                                                    "operator_name": "HASH_JOIN",
                                                                                                    "cpu_time": 7.046869222,
                                                                                                    "extra_info": {
                                                                                                        "Join Type": "RIGHT",
                                                                                                        "Conditions": "postid = id",
                                                                                                        "Estimated Cardinality": "12744093"
                                                                                                    },
                                                                                                    "cumulative_cardinality": 35911766,
                                                                                                    "operator_type": "HASH_JOIN",
                                                                                                    "operator_cardinality": 10850746,
                                                                                                    "cumulative_rows_scanned": 17854919,
                                                                                                    "operator_rows_scanned": 0,
                                                                                                    "operator_timing": 1.8686841670000065,
                                                                                                    "result_set_size": 672746252,
                                                                                                    "children": [
                                                                                                        {
                                                                                                            "operator_name": "READ_PARQUET ",
                                                                                                            "cpu_time": 0.3061127760000005,
                                                                                                            "extra_info": {
                                                                                                                "Function": "READ_PARQUET",
                                                                                                                "Projections": [
                                                                                                                    "id",
                                                                                                                    "postid"
                                                                                                                ],
                                                                                                                "Estimated Cardinality": "12744093"
                                                                                                            },
                                                                                                            "cumulative_cardinality": 12744093,
                                                                                                            "operator_type": "TABLE_SCAN",
                                                                                                            "operator_cardinality": 12744093,
                                                                                                            "cumulative_rows_scanned": 12744093,
                                                                                                            "operator_rows_scanned": 12744093,
                                                                                                            "operator_timing": 0.3061127760000005,
                                                                                                            "result_set_size": 101952744,
                                                                                                            "children": []
                                                                                                        },
                                                                                                        {
                                                                                                            "operator_name": "PROJECTION",
                                                                                                            "cpu_time": 4.872072278999993,
                                                                                                            "extra_info": {
                                                                                                                "Projections": [
                                                                                                                    "#0",
                                                                                                                    "#1",
                                                                                                                    "__internal_compress_integral_usmallint(#2, -72)",
                                                                                                                    "#3",
                                                                                                                    "#4",
                                                                                                                    "#5",
                                                                                                                    "#6",
                                                                                                                    "#7"
                                                                                                                ],
                                                                                                                "Estimated Cardinality": "3850116"
                                                                                                            },
                                                                                                            "cumulative_cardinality": 12316927,
                                                                                                            "operator_type": "PROJECTION",
                                                                                                            "operator_cardinality": 3685416,
                                                                                                            "cumulative_rows_scanned": 5110826,
                                                                                                            "operator_rows_scanned": 0,
                                                                                                            "operator_timing": 0.005442682999999997,
                                                                                                            "result_set_size": 213754128,
                                                                                                            "children": [
                                                                                                                {
                                                                                                                    "operator_name": "HASH_JOIN",
                                                                                                                    "cpu_time": 4.866629595999993,
                                                                                                                    "extra_info": {
                                                                                                                        "Join Type": "INNER",
                                                                                                                        "Conditions": "owneruserid = id",
                                                                                                                        "Estimated Cardinality": "3850116"
                                                                                                                    },
                                                                                                                    "cumulative_cardinality": 8631511,
                                                                                                                    "operator_type": "HASH_JOIN",
                                                                                                                    "operator_cardinality": 3685416,
                                                                                                                    "cumulative_rows_scanned": 5110826,
                                                                                                                    "operator_rows_scanned": 0,
                                                                                                                    "operator_timing": 0.41454892799999965,
                                                                                                                    "result_set_size": 221124960,
                                                                                                                    "children": [
                                                                                                                        {
                                                                                                                            "operator_name": "READ_PARQUET ",
                                                                                                                            "cpu_time": 4.193835517999993,
                                                                                                                            "extra_info": {
                                                                                                                                "Function": "READ_PARQUET",
                                                                                                                                "Projections": [
                                                                                                                                    "id",
                                                                                                                                    "creationdate",
                                                                                                                                    "score",
                                                                                                                                    "viewcount",
                                                                                                                                    "owneruserid",
                                                                                                                                    "title"
                                                                                                                                ],
                                                                                                                                "Estimated Cardinality": "3850116"
                                                                                                                            },
                                                                                                                            "cumulative_cardinality": 3685416,
                                                                                                                            "operator_type": "TABLE_SCAN",
                                                                                                                            "operator_cardinality": 3685416,
                                                                                                                            "cumulative_rows_scanned": 3850116,
                                                                                                                            "operator_rows_scanned": 3850116,
                                                                                                                            "operator_timing": 4.193835517999993,
                                                                                                                            "result_set_size": 147416640,
                                                                                                                            "children": []
                                                                                                                        },
                                                                                                                        {
                                                                                                                            "operator_name": "READ_PARQUET ",
                                                                                                                            "cpu_time": 0.2582451500000001,
                                                                                                                            "extra_info": {
                                                                                                                                "Function": "READ_PARQUET",
                                                                                                                                "Projections": [
                                                                                                                                    "id",
                                                                                                                                    "reputation",
                                                                                                                                    "displayname"
                                                                                                                                ],
                                                                                                                                "Filters": "id<=1416539",
                                                                                                                                "Estimated Cardinality": "1260710"
                                                                                                                            },
                                                                                                                            "cumulative_cardinality": 1260679,
                                                                                                                            "operator_type": "TABLE_SCAN",
                                                                                                                            "operator_cardinality": 1260679,
                                                                                                                            "cumulative_rows_scanned": 1260710,
                                                                                                                            "operator_rows_scanned": 1260710,
                                                                                                                            "operator_timing": 0.2582451500000001,
                                                                                                                            "result_set_size": 30256296,
                                                                                                                            "children": []
                                                                                                                        }
                                                                                                                    ]
                                                                                                                }
                                                                                                            ]
                                                                                                        }
                                                                                                    ]
                                                                                                }
                                                                                            ]
                                                                                        },
                                                                                        {
                                                                                            "operator_name": "READ_PARQUET ",
                                                                                            "cpu_time": 2.4275863859999927,
                                                                                            "extra_info": {
                                                                                                "Function": "READ_PARQUET",
                                                                                                "Projections": [
                                                                                                    "id",
                                                                                                    "postid"
                                                                                                ],
                                                                                                "Estimated Cardinality": "7241822"
                                                                                            },
                                                                                            "cumulative_cardinality": 7241822,
                                                                                            "operator_type": "TABLE_SCAN",
                                                                                            "operator_cardinality": 7241822,
                                                                                            "cumulative_rows_scanned": 7241822,
                                                                                            "operator_rows_scanned": 7241822,
                                                                                            "operator_timing": 2.4275863859999927,
                                                                                            "result_set_size": 57934576,
                                                                                            "children": []
                                                                                        }
                                                                                    ]
                                                                                },
                                                                                {
                                                                                    "operator_name": "READ_PARQUET ",
                                                                                    "cpu_time": 0.4594015900000007,
                                                                                    "extra_info": {
                                                                                        "Function": "READ_PARQUET",
                                                                                        "Projections": [
                                                                                            "id",
                                                                                            "userid"
                                                                                        ],
                                                                                        "Estimated Cardinality": "2321724"
                                                                                    },
                                                                                    "cumulative_cardinality": 2321724,
                                                                                    "operator_type": "TABLE_SCAN",
                                                                                    "operator_cardinality": 2321724,
                                                                                    "cumulative_rows_scanned": 2321724,
                                                                                    "operator_rows_scanned": 2321724,
                                                                                    "operator_timing": 0.4594015900000007,
                                                                                    "result_set_size": 18573792,
                                                                                    "children": []
                                                                                }
                                                                            ]
                                                                        }
                                                                    ]
                                                                }
                                                            ]
                                                        }
                                                    ]
                                                }
                                            ]
                                        }
                                    ]
                                }
                            ]
                        }
                    ]
                }
            ]
        }
    ]
}