{
    "rows_returned": 7,
    "query_name": "WITH PostStats AS (\n    SELECT \n        P.Id AS PostId,\n        P.PostTypeId,\n        P.CreationDate,\n        COUNT(CASE WHEN C.Id IS NOT NULL THEN 1 END) AS CommentCount,\n        COUNT(V.Id) AS VoteCount,\n        AVG(U.Reputation) AS AvgUserReputation\n    FROM \n        Posts P\n    LEFT JOIN \n        Comments C ON P.Id = C.PostId\n    LEFT JOIN \n        Votes V ON P.Id = V.PostId\n    LEFT JOIN \n        Users U ON P.OwnerUserId = U.Id\n    GROUP BY \n        P.Id, P.PostTypeId, P.CreationDate\n)\n\nSELECT \n    PT.Name AS PostType,\n    COUNT(*) AS TotalPosts,\n    AVG(CommentCount) AS AvgComments,\n    AVG(VoteCount) AS AvgVotes,\n    AVG(AvgUserReputation) AS AvgOwnerReputation\nFROM \n    PostStats PS\nJOIN \n    PostTypes PT ON PS.PostTypeId = PT.Id\nGROUP BY \n    PT.Name\nORDER BY \n    TotalPosts DESC;",
    "blocked_thread_time": 0.0,
    "cpu_time": 8.416736913000015,
    "extra_info": {},
    "cumulative_cardinality": 250630206,
    "cumulative_rows_scanned": 25096749,
    "result_set_size": 336,
    "latency": 9.837179375,
    "children": [
        {
            "operator_name": "ORDER_BY",
            "cpu_time": 8.416736913000015,
            "extra_info": {
                "Order By": "count_star() DESC"
            },
            "cumulative_cardinality": 250630206,
            "operator_type": "ORDER_BY",
            "operator_cardinality": 7,
            "cumulative_rows_scanned": 25096749,
            "operator_rows_scanned": 0,
            "operator_timing": 0.000032331,
            "result_set_size": 336,
            "children": [
                {
                    "operator_name": "HASH_GROUP_BY",
                    "cpu_time": 8.416704582000015,
                    "extra_info": {
                        "Groups": "#0",
                        "Aggregates": [
                            "count_star()",
                            "avg(#1)",
                            "avg(#2)",
                            "avg(#3)"
                        ],
                        "Estimated Cardinality": "1925058"
                    },
                    "cumulative_cardinality": 250630199,
                    "operator_type": "HASH_GROUP_BY",
                    "operator_cardinality": 7,
                    "cumulative_rows_scanned": 25096749,
                    "operator_rows_scanned": 0,
                    "operator_timing": 0.10249419800000013,
                    "result_set_size": 336,
                    "children": [
                        {
                            "operator_name": "PROJECTION",
                            "cpu_time": 8.314210384000015,
                            "extra_info": {
                                "Projections": [
                                    "name",
                                    "CommentCount",
                                    "VoteCount",
                                    "AvgUserReputation"
                                ],
                                "Estimated Cardinality": "3850116"
                            },
                            "cumulative_cardinality": 250630192,
                            "operator_type": "PROJECTION",
                            "operator_cardinality": 3850116,
                            "cumulative_rows_scanned": 25096749,
                            "operator_rows_scanned": 0,
                            "operator_timing": 0.0004401989999999991,
                            "result_set_size": 154004640,
                            "children": [
                                {
                                    "operator_name": "HASH_JOIN",
                                    "cpu_time": 8.313770185000015,
                                    "extra_info": {
                                        "Join Type": "INNER",
                                        "Conditions": "posttypeid = id",
                                        "Estimated Cardinality": "3850116"
                                    },
                                    "cumulative_cardinality": 246780076,
                                    "operator_type": "HASH_JOIN",
                                    "operator_cardinality": 3850116,
                                    "cumulative_rows_scanned": 25096749,
                                    "operator_rows_scanned": 0,
                                    "operator_timing": 0.0066809950000000584,
                                    "result_set_size": 154004640,
                                    "children": [
                                        {
                                            "operator_name": "PROJECTION",
                                            "cpu_time": 8.306724389000015,
                                            "extra_info": {
                                                "Projections": [
                                                    "posttypeid",
                                                    "CommentCount",
                                                    "VoteCount",
                                                    "AvgUserReputation"
                                                ],
                                                "Estimated Cardinality": "3850116"
                                            },
                                            "cumulative_cardinality": 242929953,
                                            "operator_type": "PROJECTION",
                                            "operator_cardinality": 3850116,
                                            "cumulative_rows_scanned": 25096741,
                                            "operator_rows_scanned": 0,
                                            "operator_timing": 0.00042487000000000183,
                                            "result_set_size": 100103016,
                                            "children": [
                                                {
                                                    "operator_name": "PROJECTION",
                                                    "cpu_time": 8.306299519000016,
                                                    "extra_info": {
                                                        "Projections": [
                                                            "#0",
                                                            "__internal_decompress_integral_smallint(#1, 1)",
                                                            "#2",
                                                            "#3",
                                                            "#4",
                                                            "#5"
                                                        ],
                                                        "Estimated Cardinality": "3850116"
                                                    },
                                                    "cumulative_cardinality": 239079837,
                                                    "operator_type": "PROJECTION",
                                                    "operator_cardinality": 3850116,
                                                    "cumulative_rows_scanned": 25096741,
                                                    "operator_rows_scanned": 0,
                                                    "operator_timing": 0.0012676080000000019,
                                                    "result_set_size": 146304408,
                                                    "children": [
                                                        {
                                                            "operator_name": "HASH_GROUP_BY",
                                                            "cpu_time": 8.305031911000016,
                                                            "extra_info": {
                                                                "Groups": [
                                                                    "#0",
                                                                    "#1",
                                                                    "#2"
                                                                ],
                                                                "Aggregates": [
                                                                    "count(#3)",
                                                                    "count(#4)",
                                                                    "avg(#5)"
                                                                ],
                                                                "Estimated Cardinality": "3850116"
                                                            },
                                                            "cumulative_cardinality": 235229721,
                                                            "operator_type": "HASH_GROUP_BY",
                                                            "operator_cardinality": 3850116,
                                                            "cumulative_rows_scanned": 25096741,
                                                            "operator_rows_scanned": 0,
                                                            "operator_timing": 1.9564700860000062,
                                                            "result_set_size": 142454292,
                                                            "children": [
                                                                {
                                                                    "operator_name": "PROJECTION",
                                                                    "cpu_time": 6.348561825000011,
                                                                    "extra_info": {
                                                                        "Projections": [
                                                                            "id",
                                                                            "posttypeid",
                                                                            "creationdate",
                                                                            "CASE  WHEN ((id IS NOT NULL)) THEN (1) ELSE NULL END",
                                                                            "id",
                                                                            "reputation"
                                                                        ],
                                                                        "Estimated Cardinality": "12744093"
                                                                    },
                                                                    "cumulative_cardinality": 231379605,
                                                                    "operator_type": "PROJECTION",
                                                                    "operator_cardinality": 35129590,
                                                                    "cumulative_rows_scanned": 25096741,
                                                                    "operator_rows_scanned": 0,
                                                                    "operator_timing": 0.1279403819999996,
                                                                    "result_set_size": 878239750,
                                                                    "children": [
                                                                        {
                                                                            "operator_name": "PROJECTION",
                                                                            "cpu_time": 6.220621443000011,
                                                                            "extra_info": {
                                                                                "Projections": [
                                                                                    "#2",
                                                                                    "__internal_compress_integral_utinyint(#3, 1)",
                                                                                    "#4",
                                                                                    "#1",
                                                                                    "#0",
                                                                                    "#5"
                                                                                ],
                                                                                "Estimated Cardinality": "12744093"
                                                                            },
                                                                            "cumulative_cardinality": 196250015,
                                                                            "operator_type": "PROJECTION",
                                                                            "operator_cardinality": 35129590,
                                                                            "cumulative_rows_scanned": 25096741,
                                                                            "operator_rows_scanned": 0,
                                                                            "operator_timing": 0.0617353829999999,
                                                                            "result_set_size": 878239750,
                                                                            "children": [
                                                                                {
                                                                                    "operator_name": "HASH_JOIN",
                                                                                    "cpu_time": 6.158886060000011,
                                                                                    "extra_info": {
                                                                                        "Join Type": "LEFT",
                                                                                        "Conditions": "owneruserid = id",
                                                                                        "Estimated Cardinality": "12744093"
                                                                                    },
                                                                                    "cumulative_cardinality": 161120425,
                                                                                    "operator_type": "HASH_JOIN",
                                                                                    "operator_cardinality": 35129590,
                                                                                    "cumulative_rows_scanned": 25096741,
                                                                                    "operator_rows_scanned": 0,
                                                                                    "operator_timing": 1.0588023010000158,
                                                                                    "result_set_size": 913369340,
                                                                                    "children": [
                                                                                        {
                                                                                            "operator_name": "PROJECTION",
                                                                                            "cpu_time": 5.083967989999995,
                                                                                            "extra_info": {
                                                                                                "Projections": [
                                                                                                    "#0",
                                                                                                    "#1",
                                                                                                    "#2",
                                                                                                    "__internal_decompress_integral_smallint(#3, 1)",
                                                                                                    "#4",
                                                                                                    "#5"
                                                                                                ],
                                                                                                "Estimated Cardinality": "12744093"
                                                                                            },
                                                                                            "cumulative_cardinality": 124730125,
                                                                                            "operator_type": "PROJECTION",
                                                                                            "operator_cardinality": 35129590,
                                                                                            "cumulative_rows_scanned": 23836031,
                                                                                            "operator_rows_scanned": 0,
                                                                                            "operator_timing": 0.028856715999999772,
                                                                                            "result_set_size": 913369340,
                                                                                            "children": [
                                                                                                {
                                                                                                    "operator_name": "HASH_JOIN",
                                                                                                    "cpu_time": 5.055111273999995,
                                                                                                    "extra_info": {
                                                                                                        "Join Type": "RIGHT",
                                                                                                        "Conditions": "postid = id",
                                                                                                        "Estimated Cardinality": "12744093"
                                                                                                    },
                                                                                                    "cumulative_cardinality": 89600535,
                                                                                                    "operator_type": "HASH_JOIN",
                                                                                                    "operator_cardinality": 35129590,
                                                                                                    "cumulative_rows_scanned": 23836031,
                                                                                                    "operator_rows_scanned": 0,
                                                                                                    "operator_timing": 1.8095963139999962,
                                                                                                    "result_set_size": 878239750,
                                                                                                    "children": [
                                                                                                        {
                                                                                                            "operator_name": "READ_PARQUET ",
                                                                                                            "cpu_time": 1.148177898000002,
                                                                                                            "extra_info": {
                                                                                                                "Function": "READ_PARQUET",
                                                                                                                "Projections": [
                                                                                                                    "id",
                                                                                                                    "postid"
                                                                                                                ],
                                                                                                                "Estimated Cardinality": "12744093"
                                                                                                            },
                                                                                                            "cumulative_cardinality": 12744093,
                                                                                                            "operator_type": "TABLE_SCAN",
                                                                                                            "operator_cardinality": 12744093,
                                                                                                            "cumulative_rows_scanned": 12744093,
                                                                                                            "operator_rows_scanned": 12744093,
                                                                                                            "operator_timing": 1.148177898000002,
                                                                                                            "result_set_size": 101952744,
                                                                                                            "children": []
                                                                                                        },
                                                                                                        {
                                                                                                            "operator_name": "PROJECTION",
                                                                                                            "cpu_time": 2.097337061999997,
                                                                                                            "extra_info": {
                                                                                                                "Projections": [
                                                                                                                    "#0",
                                                                                                                    "#1",
                                                                                                                    "__internal_compress_integral_utinyint(#2, 1)",
                                                                                                                    "#3",
                                                                                                                    "#4"
                                                                                                                ],
                                                                                                                "Estimated Cardinality": "7241822"
                                                                                                            },
                                                                                                            "cumulative_cardinality": 41726852,
                                                                                                            "operator_type": "PROJECTION",
                                                                                                            "operator_cardinality": 8928266,
                                                                                                            "cumulative_rows_scanned": 11091938,
                                                                                                            "operator_rows_scanned": 0,
                                                                                                            "operator_timing": 0.0037037679999999957,
                                                                                                            "result_set_size": 187493586,
                                                                                                            "children": [
                                                                                                                {
                                                                                                                    "operator_name": "PROJECTION",
                                                                                                                    "cpu_time": 2.0936332939999973,
                                                                                                                    "extra_info": {
                                                                                                                        "Projections": [
                                                                                                                            "#0",
                                                                                                                            "#1",
                                                                                                                            "__internal_decompress_integral_smallint(#2, 1)",
                                                                                                                            "#3",
                                                                                                                            "#4"
                                                                                                                        ],
                                                                                                                        "Estimated Cardinality": "7241822"
                                                                                                                    },
                                                                                                                    "cumulative_cardinality": 32798586,
                                                                                                                    "operator_type": "PROJECTION",
                                                                                                                    "operator_cardinality": 8928266,
                                                                                                                    "cumulative_rows_scanned": 11091938,
                                                                                                                    "operator_rows_scanned": 0,
                                                                                                                    "operator_timing": 0.004287332999999996,
                                                                                                                    "result_set_size": 196421852,
                                                                                                                    "children": [
                                                                                                                        {
                                                                                                                            "operator_name": "HASH_JOIN",
                                                                                                                            "cpu_time": 2.089345960999997,
                                                                                                                            "extra_info": {
                                                                                                                                "Join Type": "RIGHT",
                                                                                                                                "Conditions": "postid = id",
                                                                                                                                "Estimated Cardinality": "7241822"
                                                                                                                            },
                                                                                                                            "cumulative_cardinality": 23870320,
                                                                                                                            "operator_type": "HASH_JOIN",
                                                                                                                            "operator_cardinality": 8928266,
                                                                                                                            "cumulative_rows_scanned": 11091938,
                                                                                                                            "operator_rows_scanned": 0,
                                                                                                                            "operator_timing": 0.7446959010000003,
                                                                                                                            "result_set_size": 187493586,
                                                                                                                            "children": [
                                                                                                                                {
                                                                                                                                    "operator_name": "READ_PARQUET ",
                                                                                                                                    "cpu_time": 0.1669614409999999,
                                                                                                                                    "extra_info": {
                                                                                                                                        "Function": "READ_PARQUET",
                                                                                                                                        "Projections": [
                                                                                                                                            "id",
                                                                                                                                            "postid"
                                                                                                                                        ],
                                                                                                                                        "Estimated Cardinality": "7241822"
                                                                                                                                    },
                                                                                                                                    "cumulative_cardinality": 7241822,
                                                                                                                                    "operator_type": "TABLE_SCAN",
                                                                                                                                    "operator_cardinality": 7241822,
                                                                                                                                    "cumulative_rows_scanned": 7241822,
                                                                                                                                    "operator_rows_scanned": 7241822,
                                                                                                                                    "operator_timing": 0.1669614409999999,
                                                                                                                                    "result_set_size": 57934576,
                                                                                                                                    "children": []
                                                                                                                                },
                                                                                                                                {
                                                                                                                                    "operator_name": "PROJECTION",
                                                                                                                                    "cpu_time": 1.177688618999997,
                                                                                                                                    "extra_info": {
                                                                                                                                        "Projections": [
                                                                                                                                            "#0",
                                                                                                                                            "__internal_compress_integral_utinyint(#1, 1)",
                                                                                                                                            "#2",
                                                                                                                                            "#3"
                                                                                                                                        ],
                                                                                                                                        "Estimated Cardinality": "3850116"
                                                                                                                                    },
                                                                                                                                    "cumulative_cardinality": 7700232,
                                                                                                                                    "operator_type": "PROJECTION",
                                                                                                                                    "operator_cardinality": 3850116,
                                                                                                                                    "cumulative_rows_scanned": 3850116,
                                                                                                                                    "operator_rows_scanned": 0,
                                                                                                                                    "operator_timing": 0.001765045999999999,
                                                                                                                                    "result_set_size": 65451972,
                                                                                                                                    "children": [
                                                                                                                                        {
                                                                                                                                            "operator_name": "READ_PARQUET ",
                                                                                                                                            "cpu_time": 1.175923572999997,
                                                                                                                                            "extra_info": {
                                                                                                                                                "Function": "READ_PARQUET",
                                                                                                                                                "Projections": [
                                                                                                                                                    "id",
                                                                                                                                                    "posttypeid",
                                                                                                                                                    "creationdate",
                                                                                                                                                    "owneruserid"
                                                                                                                                                ],
                                                                                                                                                "Estimated Cardinality": "3850116"
                                                                                                                                            },
                                                                                                                                            "cumulative_cardinality": 3850116,
                                                                                                                                            "operator_type": "TABLE_SCAN",
                                                                                                                                            "operator_cardinality": 3850116,
                                                                                                                                            "cumulative_rows_scanned": 3850116,
                                                                                                                                            "operator_rows_scanned": 3850116,
                                                                                                                                            "operator_timing": 1.175923572999997,
                                                                                                                                            "result_set_size": 69302088,
                                                                                                                                            "children": []
                                                                                                                                        }
                                                                                                                                    ]
                                                                                                                                }
                                                                                                                            ]
                                                                                                                        }
                                                                                                                    ]
                                                                                                                }
                                                                                                            ]
                                                                                                        }
                                                                                                    ]
                                                                                                }
                                                                                            ]
                                                                                        },
                                                                                        {
                                                                                            "operator_name": "READ_PARQUET ",
                                                                                            "cpu_time": 0.016115769000000005,
                                                                                            "extra_info": {
                                                                                                "Function": "READ_PARQUET",
                                                                                                "Projections": [
                                                                                                    "id",
                                                                                                    "reputation"
                                                                                                ],
                                                                                                "Estimated Cardinality": "1260710"
                                                                                            },
                                                                                            "cumulative_cardinality": 1260710,
                                                                                            "operator_type": "TABLE_SCAN",
                                                                                            "operator_cardinality": 1260710,
                                                                                            "cumulative_rows_scanned": 1260710,
                                                                                            "operator_rows_scanned": 1260710,
                                                                                            "operator_timing": 0.016115769000000005,
                                                                                            "result_set_size": 10085680,
                                                                                            "children": []
                                                                                        }
                                                                                    ]
                                                                                }
                                                                            ]
                                                                        }
                                                                    ]
                                                                }
                                                            ]
                                                        }
                                                    ]
                                                }
                                            ]
                                        },
                                        {
                                            "operator_name": "READ_PARQUET ",
                                            "cpu_time": 0.000364801,
                                            "extra_info": {
                                                "Function": "READ_PARQUET",
                                                "Projections": [
                                                    "id",
                                                    "name"
                                                ],
                                                "Filters": "id<=7",
                                                "Estimated Cardinality": "8"
                                            },
                                            "cumulative_cardinality": 7,
                                            "operator_type": "TABLE_SCAN",
                                            "operator_cardinality": 7,
                                            "cumulative_rows_scanned": 8,
                                            "operator_rows_scanned": 8,
                                            "operator_timing": 0.000364801,
                                            "result_set_size": 126,
                                            "children": []
                                        }
                                    ]
                                }
                            ]
                        }
                    ]
                }
            ]
        }
    ]
}