{
    "rows_returned": 7,
    "query_name": "SELECT \n    pt.Name AS PostType,\n    COUNT(p.Id) AS TotalPosts,\n    AVG(p.Score) AS AverageScore,\n    COUNT(DISTINCT u.Id) AS TotalUsers,\n    COUNT(v.Id) AS TotalVotes,\n    AVG(COALESCE(c.CommentCount, 0)) AS AverageCommentsPerPost\nFROM \n    Posts p\nJOIN \n    PostTypes pt ON p.PostTypeId = pt.Id\nLEFT JOIN \n    Users u ON p.OwnerUserId = u.Id\nLEFT JOIN \n    Votes v ON p.Id = v.PostId\nLEFT JOIN \n    (SELECT PostId, COUNT(*) AS CommentCount FROM Comments GROUP BY PostId) c ON p.Id = c.PostId\nGROUP BY \n    pt.Name\nORDER BY \n    TotalPosts DESC;",
    "blocked_thread_time": 0.0,
    "cpu_time": 3.5054144489999994,
    "extra_info": {},
    "cumulative_cardinality": 91477428,
    "cumulative_rows_scanned": 25096749,
    "result_set_size": 392,
    "latency": 3.859899705,
    "children": [
        {
            "operator_name": "ORDER_BY",
            "cpu_time": 3.5054144489999994,
            "extra_info": {
                "Order By": "count(p.Id) DESC"
            },
            "cumulative_cardinality": 91477428,
            "operator_type": "ORDER_BY",
            "operator_cardinality": 7,
            "cumulative_rows_scanned": 25096749,
            "operator_rows_scanned": 0,
            "operator_timing": 0.000045755,
            "result_set_size": 392,
            "children": [
                {
                    "operator_name": "HASH_GROUP_BY",
                    "cpu_time": 3.5053686939999995,
                    "extra_info": {
                        "Groups": "#0",
                        "Aggregates": [
                            "count_star()",
                            "avg(#1)",
                            "count(DISTINCT #2)",
                            "count(#3)",
                            "avg(#4)"
                        ],
                        "Estimated Cardinality": "3850116"
                    },
                    "cumulative_cardinality": 91477421,
                    "operator_type": "HASH_GROUP_BY",
                    "operator_cardinality": 7,
                    "cumulative_rows_scanned": 25096749,
                    "operator_rows_scanned": 0,
                    "operator_timing": 0.8144879980000004,
                    "result_set_size": 392,
                    "children": [
                        {
                            "operator_name": "PROJECTION",
                            "cpu_time": 2.6908806959999994,
                            "extra_info": {
                                "Projections": [
                                    "name",
                                    "score",
                                    "id",
                                    "id",
                                    "COALESCE(CommentCount, 0)"
                                ],
                                "Estimated Cardinality": "12744093"
                            },
                            "cumulative_cardinality": 91477414,
                            "operator_type": "PROJECTION",
                            "operator_cardinality": 11356206,
                            "cumulative_rows_scanned": 25096749,
                            "operator_rows_scanned": 0,
                            "operator_timing": 0.16501502700000045,
                            "result_set_size": 408823416,
                            "children": [
                                {
                                    "operator_name": "HASH_JOIN",
                                    "cpu_time": 2.525865668999999,
                                    "extra_info": {
                                        "Join Type": "LEFT",
                                        "Conditions": "id = postid",
                                        "Estimated Cardinality": "12744093"
                                    },
                                    "cumulative_cardinality": 80121208,
                                    "operator_type": "HASH_JOIN",
                                    "operator_cardinality": 11356206,
                                    "cumulative_rows_scanned": 25096749,
                                    "operator_rows_scanned": 0,
                                    "operator_timing": 0.6036285800000026,
                                    "result_set_size": 408823416,
                                    "children": [
                                        {
                                            "operator_name": "PROJECTION",
                                            "cpu_time": 1.6112303019999963,
                                            "extra_info": {
                                                "Projections": [
                                                    "#0",
                                                    "#1",
                                                    "__internal_decompress_integral_integer(#2, -72)",
                                                    "#3",
                                                    "#4"
                                                ],
                                                "Estimated Cardinality": "12744093"
                                            },
                                            "cumulative_cardinality": 52117686,
                                            "operator_type": "PROJECTION",
                                            "operator_cardinality": 11356206,
                                            "cumulative_rows_scanned": 17854927,
                                            "operator_rows_scanned": 0,
                                            "operator_timing": 0.006772803000000068,
                                            "result_set_size": 363398592,
                                            "children": [
                                                {
                                                    "operator_name": "HASH_JOIN",
                                                    "cpu_time": 1.6044574989999962,
                                                    "extra_info": {
                                                        "Join Type": "RIGHT",
                                                        "Conditions": "postid = id",
                                                        "Estimated Cardinality": "12744093"
                                                    },
                                                    "cumulative_cardinality": 40761480,
                                                    "operator_type": "HASH_JOIN",
                                                    "operator_cardinality": 11356206,
                                                    "cumulative_rows_scanned": 17854927,
                                                    "operator_rows_scanned": 0,
                                                    "operator_timing": 0.956734933999997,
                                                    "result_set_size": 340686180,
                                                    "children": [
                                                        {
                                                            "operator_name": "READ_PARQUET ",
                                                            "cpu_time": 0.2583587599999991,
                                                            "extra_info": {
                                                                "Function": "READ_PARQUET",
                                                                "Projections": [
                                                                    "id",
                                                                    "postid"
                                                                ],
                                                                "Estimated Cardinality": "12744093"
                                                            },
                                                            "cumulative_cardinality": 12744093,
                                                            "operator_type": "TABLE_SCAN",
                                                            "operator_cardinality": 12744093,
                                                            "cumulative_rows_scanned": 12744093,
                                                            "operator_rows_scanned": 12744093,
                                                            "operator_timing": 0.2583587599999991,
                                                            "result_set_size": 101952744,
                                                            "children": []
                                                        },
                                                        {
                                                            "operator_name": "PROJECTION",
                                                            "cpu_time": 0.3893638050000001,
                                                            "extra_info": {
                                                                "Projections": [
                                                                    "#0",
                                                                    "__internal_compress_integral_usmallint(#1, -72)",
                                                                    "#2",
                                                                    "#3"
                                                                ],
                                                                "Estimated Cardinality": "3850116"
                                                            },
                                                            "cumulative_cardinality": 16661181,
                                                            "operator_type": "PROJECTION",
                                                            "operator_cardinality": 3850116,
                                                            "cumulative_rows_scanned": 5110834,
                                                            "operator_rows_scanned": 0,
                                                            "operator_timing": 0.003912559999999997,
                                                            "result_set_size": 100103016,
                                                            "children": [
                                                                {
                                                                    "operator_name": "HASH_JOIN",
                                                                    "cpu_time": 0.3854512450000001,
                                                                    "extra_info": {
                                                                        "Join Type": "LEFT",
                                                                        "Conditions": "owneruserid = id",
                                                                        "Estimated Cardinality": "3850116"
                                                                    },
                                                                    "cumulative_cardinality": 12811065,
                                                                    "operator_type": "HASH_JOIN",
                                                                    "operator_cardinality": 3850116,
                                                                    "cumulative_rows_scanned": 5110834,
                                                                    "operator_rows_scanned": 0,
                                                                    "operator_timing": 0.233751644,
                                                                    "result_set_size": 107803248,
                                                                    "children": [
                                                                        {
                                                                            "operator_name": "HASH_JOIN",
                                                                            "cpu_time": 0.14293661200000007,
                                                                            "extra_info": {
                                                                                "Join Type": "INNER",
                                                                                "Conditions": "posttypeid = id",
                                                                                "Estimated Cardinality": "3850116"
                                                                            },
                                                                            "cumulative_cardinality": 7700239,
                                                                            "operator_type": "HASH_JOIN",
                                                                            "operator_cardinality": 3850116,
                                                                            "cumulative_rows_scanned": 3850124,
                                                                            "operator_rows_scanned": 0,
                                                                            "operator_timing": 0.009577268000000022,
                                                                            "result_set_size": 107803248,
                                                                            "children": [
                                                                                {
                                                                                    "operator_name": "READ_PARQUET ",
                                                                                    "cpu_time": 0.13297060700000005,
                                                                                    "extra_info": {
                                                                                        "Function": "READ_PARQUET",
                                                                                        "Projections": [
                                                                                            "id",
                                                                                            "posttypeid",
                                                                                            "score",
                                                                                            "owneruserid"
                                                                                        ],
                                                                                        "Estimated Cardinality": "3850116"
                                                                                    },
                                                                                    "cumulative_cardinality": 3850116,
                                                                                    "operator_type": "TABLE_SCAN",
                                                                                    "operator_cardinality": 3850116,
                                                                                    "cumulative_rows_scanned": 3850116,
                                                                                    "operator_rows_scanned": 3850116,
                                                                                    "operator_timing": 0.13297060700000005,
                                                                                    "result_set_size": 53901624,
                                                                                    "children": []
                                                                                },
                                                                                {
                                                                                    "operator_name": "READ_PARQUET ",
                                                                                    "cpu_time": 0.000388737,
                                                                                    "extra_info": {
                                                                                        "Function": "READ_PARQUET",
                                                                                        "Projections": [
                                                                                            "id",
                                                                                            "name"
                                                                                        ],
                                                                                        "Filters": "id<=7",
                                                                                        "Estimated Cardinality": "8"
                                                                                    },
                                                                                    "cumulative_cardinality": 7,
                                                                                    "operator_type": "TABLE_SCAN",
                                                                                    "operator_cardinality": 7,
                                                                                    "cumulative_rows_scanned": 8,
                                                                                    "operator_rows_scanned": 8,
                                                                                    "operator_timing": 0.000388737,
                                                                                    "result_set_size": 126,
                                                                                    "children": []
                                                                                }
                                                                            ]
                                                                        },
                                                                        {
                                                                            "operator_name": "READ_PARQUET ",
                                                                            "cpu_time": 0.008762989000000006,
                                                                            "extra_info": {
                                                                                "Function": "READ_PARQUET",
                                                                                "Projections": "id",
                                                                                "Estimated Cardinality": "1260710"
                                                                            },
                                                                            "cumulative_cardinality": 1260710,
                                                                            "operator_type": "TABLE_SCAN",
                                                                            "operator_cardinality": 1260710,
                                                                            "cumulative_rows_scanned": 1260710,
                                                                            "operator_rows_scanned": 1260710,
                                                                            "operator_timing": 0.008762989000000006,
                                                                            "result_set_size": 5042840,
                                                                            "children": []
                                                                        }
                                                                    ]
                                                                }
                                                            ]
                                                        }
                                                    ]
                                                }
                                            ]
                                        },
                                        {
                                            "operator_name": "HASH_GROUP_BY",
                                            "cpu_time": 0.3110067870000001,
                                            "extra_info": {
                                                "Groups": "#0",
                                                "Aggregates": "count_star()",
                                                "Estimated Cardinality": "3620911"
                                            },
                                            "cumulative_cardinality": 16647316,
                                            "operator_type": "HASH_GROUP_BY",
                                            "operator_cardinality": 2163672,
                                            "cumulative_rows_scanned": 7241822,
                                            "operator_rows_scanned": 0,
                                            "operator_timing": 0.26473076300000015,
                                            "result_set_size": 25964064,
                                            "children": [
                                                {
                                                    "operator_name": "PROJECTION",
                                                    "cpu_time": 0.04627602399999998,
                                                    "extra_info": {
                                                        "Projections": "postid",
                                                        "Estimated Cardinality": "7241822"
                                                    },
                                                    "cumulative_cardinality": 14483644,
                                                    "operator_type": "PROJECTION",
                                                    "operator_cardinality": 7241822,
                                                    "cumulative_rows_scanned": 7241822,
                                                    "operator_rows_scanned": 0,
                                                    "operator_timing": 0.000417469000000004,
                                                    "result_set_size": 28967288,
                                                    "children": [
                                                        {
                                                            "operator_name": "READ_PARQUET ",
                                                            "cpu_time": 0.045858554999999974,
                                                            "extra_info": {
                                                                "Function": "READ_PARQUET",
                                                                "Projections": "postid",
                                                                "Estimated Cardinality": "7241822"
                                                            },
                                                            "cumulative_cardinality": 7241822,
                                                            "operator_type": "TABLE_SCAN",
                                                            "operator_cardinality": 7241822,
                                                            "cumulative_rows_scanned": 7241822,
                                                            "operator_rows_scanned": 7241822,
                                                            "operator_timing": 0.045858554999999974,
                                                            "result_set_size": 28967288,
                                                            "children": []
                                                        }
                                                    ]
                                                }
                                            ]
                                        }
                                    ]
                                }
                            ]
                        }
                    ]
                }
            ]
        }
    ]
}