{
    "rows_returned": 100,
    "query_name": "\nSELECT \n    U.DisplayName AS UserDisplayName,\n    U.Reputation,\n    COUNT(P.Id) AS TotalPosts,\n    SUM(CASE WHEN P.PostTypeId = 1 THEN 1 ELSE 0 END) AS QuestionsCount,\n    SUM(CASE WHEN P.PostTypeId = 2 THEN 1 ELSE 0 END) AS AnswersCount,\n    SUM(P.ViewCount) AS TotalViews,\n    SUM(P.Score) AS TotalScore,\n    AVG(COALESCE(LENGTH(P.Body), 0)) AS AveragePostLength,\n    COUNT(C.Id) AS TotalComments,\n    COUNT(B.Id) AS TotalBadges\nFROM \n    Users U\nLEFT JOIN \n    Posts P ON U.Id = P.OwnerUserId\nLEFT JOIN \n    Comments C ON P.Id = C.PostId\nLEFT JOIN \n    Badges B ON U.Id = B.UserId\nWHERE \n    U.CreationDate < TIMESTAMP '2024-10-01 12:34:56' - INTERVAL '1 year'  \nGROUP BY \n    U.DisplayName, U.Reputation\nORDER BY \n    TotalPosts DESC\nLIMIT 100;\n",
    "blocked_thread_time": 0.0,
    "cpu_time": 428.261507225,
    "extra_info": {},
    "cumulative_cardinality": 2650619512,
    "cumulative_rows_scanned": 14674372,
    "result_set_size": 11600,
    "latency": 447.940016413,
    "children": [
        {
            "operator_name": "STREAMING_LIMIT",
            "cpu_time": 428.261507225,
            "extra_info": {},
            "cumulative_cardinality": 2650619512,
            "operator_type": "STREAMING_LIMIT",
            "operator_cardinality": 100,
            "cumulative_rows_scanned": 14674372,
            "operator_rows_scanned": 0,
            "operator_timing": 0.0000024939999999999998,
            "result_set_size": 11600,
            "children": [
                {
                    "operator_name": "ORDER_BY",
                    "cpu_time": 428.261504731,
                    "extra_info": {
                        "Order By": "count(P.Id) DESC"
                    },
                    "cumulative_cardinality": 2650619412,
                    "operator_type": "ORDER_BY",
                    "operator_cardinality": 4096,
                    "cumulative_rows_scanned": 14674372,
                    "operator_rows_scanned": 0,
                    "operator_timing": 0.06391597900000003,
                    "result_set_size": 475136,
                    "children": [
                        {
                            "operator_name": "HASH_GROUP_BY",
                            "cpu_time": 428.197588752,
                            "extra_info": {
                                "Groups": [
                                    "#0",
                                    "#1"
                                ],
                                "Aggregates": [
                                    "count(#2)",
                                    "sum(#3)",
                                    "sum(#4)",
                                    "sum(#5)",
                                    "sum(#6)",
                                    "avg(#7)",
                                    "count(#8)",
                                    "count(#9)"
                                ],
                                "Estimated Cardinality": "1260710"
                            },
                            "cumulative_cardinality": 2650615316,
                            "operator_type": "HASH_GROUP_BY",
                            "operator_cardinality": 965493,
                            "cumulative_rows_scanned": 14674372,
                            "operator_rows_scanned": 0,
                            "operator_timing": 52.22709207499897,
                            "result_set_size": 111997188,
                            "children": [
                                {
                                    "operator_name": "PROJECTION",
                                    "cpu_time": 375.97049667700105,
                                    "extra_info": {
                                        "Projections": [
                                            "displayname",
                                            "reputation",
                                            "id",
                                            "CASE  WHEN ((posttypeid = 1)) THEN (1) ELSE 0 END",
                                            "CASE  WHEN ((posttypeid = 2)) THEN (1) ELSE 0 END",
                                            "viewcount",
                                            "score",
                                            "COALESCE(length(body), 0)",
                                            "id",
                                            "id"
                                        ],
                                        "Estimated Cardinality": "7241822"
                                    },
                                    "cumulative_cardinality": 2649649823,
                                    "operator_type": "PROJECTION",
                                    "operator_cardinality": 1310887422,
                                    "cumulative_rows_scanned": 14674372,
                                    "operator_rows_scanned": 0,
                                    "operator_timing": 344.2545918430018,
                                    "result_set_size": 73409695632,
                                    "children": [
                                        {
                                            "operator_name": "HASH_JOIN",
                                            "cpu_time": 31.715904833999268,
                                            "extra_info": {
                                                "Join Type": "LEFT",
                                                "Conditions": "id = userid",
                                                "Estimated Cardinality": "7241822"
                                            },
                                            "cumulative_cardinality": 1338762401,
                                            "operator_type": "HASH_JOIN",
                                            "operator_cardinality": 1310887422,
                                            "cumulative_rows_scanned": 14674372,
                                            "operator_rows_scanned": 0,
                                            "operator_timing": 22.070316588999262,
                                            "result_set_size": 76031470476,
                                            "children": [
                                                {
                                                    "operator_name": "HASH_JOIN",
                                                    "cpu_time": 9.609024221000006,
                                                    "extra_info": {
                                                        "Join Type": "LEFT",
                                                        "Conditions": "id = postid",
                                                        "Estimated Cardinality": "7241822"
                                                    },
                                                    "cumulative_cardinality": 25553255,
                                                    "operator_type": "HASH_JOIN",
                                                    "operator_cardinality": 9178453,
                                                    "cumulative_rows_scanned": 12352648,
                                                    "operator_rows_scanned": 0,
                                                    "operator_timing": 0.8285003749999986,
                                                    "result_set_size": 532350274,
                                                    "children": [
                                                        {
                                                            "operator_name": "HASH_JOIN",
                                                            "cpu_time": 8.657524755000006,
                                                            "extra_info": {
                                                                "Join Type": "RIGHT",
                                                                "Conditions": "owneruserid = id",
                                                                "Estimated Cardinality": "3850116"
                                                            },
                                                            "cumulative_cardinality": 9132980,
                                                            "operator_type": "HASH_JOIN",
                                                            "operator_cardinality": 4374668,
                                                            "cumulative_rows_scanned": 5110826,
                                                            "operator_rows_scanned": 0,
                                                            "operator_timing": 0.4516392000000003,
                                                            "result_set_size": 236232072,
                                                            "children": [
                                                                {
                                                                    "operator_name": "READ_PARQUET ",
                                                                    "cpu_time": 8.087526119000005,
                                                                    "extra_info": {
                                                                        "Function": "READ_PARQUET",
                                                                        "Projections": [
                                                                            "id",
                                                                            "posttypeid",
                                                                            "score",
                                                                            "viewcount",
                                                                            "body",
                                                                            "owneruserid"
                                                                        ],
                                                                        "Estimated Cardinality": "3850116"
                                                                    },
                                                                    "cumulative_cardinality": 3681775,
                                                                    "operator_type": "TABLE_SCAN",
                                                                    "operator_cardinality": 3681775,
                                                                    "cumulative_rows_scanned": 3850116,
                                                                    "operator_rows_scanned": 3850116,
                                                                    "operator_timing": 8.087526119000005,
                                                                    "result_set_size": 125180350,
                                                                    "children": []
                                                                },
                                                                {
                                                                    "operator_name": "READ_PARQUET ",
                                                                    "cpu_time": 0.11835943599999996,
                                                                    "extra_info": {
                                                                        "Function": "READ_PARQUET",
                                                                        "Projections": [
                                                                            "id",
                                                                            "reputation",
                                                                            "displayname"
                                                                        ],
                                                                        "Filters": "creationdate<'2023-10-01 12:34:56'::TIMESTAMP",
                                                                        "Estimated Cardinality": "252142"
                                                                    },
                                                                    "cumulative_cardinality": 1076537,
                                                                    "operator_type": "TABLE_SCAN",
                                                                    "operator_cardinality": 1076537,
                                                                    "cumulative_rows_scanned": 1260710,
                                                                    "operator_rows_scanned": 1260710,
                                                                    "operator_timing": 0.11835943599999996,
                                                                    "result_set_size": 25836888,
                                                                    "children": []
                                                                }
                                                            ]
                                                        },
                                                        {
                                                            "operator_name": "READ_PARQUET ",
                                                            "cpu_time": 0.12299909099999996,
                                                            "extra_info": {
                                                                "Function": "READ_PARQUET",
                                                                "Projections": [
                                                                    "id",
                                                                    "postid"
                                                                ],
                                                                "Estimated Cardinality": "7241822"
                                                            },
                                                            "cumulative_cardinality": 7241822,
                                                            "operator_type": "TABLE_SCAN",
                                                            "operator_cardinality": 7241822,
                                                            "cumulative_rows_scanned": 7241822,
                                                            "operator_rows_scanned": 7241822,
                                                            "operator_timing": 0.12299909099999996,
                                                            "result_set_size": 57934576,
                                                            "children": []
                                                        }
                                                    ]
                                                },
                                                {
                                                    "operator_name": "READ_PARQUET ",
                                                    "cpu_time": 0.036564024,
                                                    "extra_info": {
                                                        "Function": "READ_PARQUET",
                                                        "Projections": [
                                                            "id",
                                                            "userid"
                                                        ],
                                                        "Estimated Cardinality": "2321724"
                                                    },
                                                    "cumulative_cardinality": 2321724,
                                                    "operator_type": "TABLE_SCAN",
                                                    "operator_cardinality": 2321724,
                                                    "cumulative_rows_scanned": 2321724,
                                                    "operator_rows_scanned": 2321724,
                                                    "operator_timing": 0.036564024,
                                                    "result_set_size": 18573792,
                                                    "children": []
                                                }
                                            ]
                                        }
                                    ]
                                }
                            ]
                        }
                    ]
                }
            ]
        }
    ]
}