{
    "rows_returned": 5,
    "query_name": "SELECT \n    pt.Name AS PostTypeName,\n    COUNT(p.Id) AS PostCount,\n    COUNT(DISTINCT c.Id) AS CommentCount,\n    AVG(u.Reputation) AS AvgUserReputation\nFROM \n    Posts p\nJOIN \n    PostTypes pt ON p.PostTypeId = pt.Id\nLEFT JOIN \n    Comments c ON p.Id = c.PostId\nJOIN \n    Users u ON p.OwnerUserId = u.Id\nWHERE \n    p.CreationDate >= '2023-01-01' \nGROUP BY \n    pt.Name\nORDER BY \n    PostCount DESC;",
    "blocked_thread_time": 0.0,
    "cpu_time": 0.24655174100000005,
    "extra_info": {},
    "cumulative_cardinality": 4278632,
    "cumulative_rows_scanned": 12352656,
    "result_set_size": 200,
    "latency": 0.300851996,
    "children": [
        {
            "operator_name": "ORDER_BY",
            "cpu_time": 0.24655174100000005,
            "extra_info": {
                "Order By": "count(p.Id) DESC"
            },
            "cumulative_cardinality": 4278632,
            "operator_type": "ORDER_BY",
            "operator_cardinality": 5,
            "cumulative_rows_scanned": 12352656,
            "operator_rows_scanned": 0,
            "operator_timing": 0.000038853,
            "result_set_size": 200,
            "children": [
                {
                    "operator_name": "HASH_GROUP_BY",
                    "cpu_time": 0.24651288800000004,
                    "extra_info": {
                        "Groups": "#0",
                        "Aggregates": [
                            "count_star()",
                            "count(DISTINCT #1)",
                            "avg(#2)"
                        ],
                        "Estimated Cardinality": "3850116"
                    },
                    "cumulative_cardinality": 4278627,
                    "operator_type": "HASH_GROUP_BY",
                    "operator_cardinality": 5,
                    "cumulative_rows_scanned": 12352656,
                    "operator_rows_scanned": 0,
                    "operator_timing": 0.062591991,
                    "result_set_size": 200,
                    "children": [
                        {
                            "operator_name": "PROJECTION",
                            "cpu_time": 0.18392089700000003,
                            "extra_info": {
                                "Projections": [
                                    "name",
                                    "id",
                                    "reputation"
                                ],
                                "Estimated Cardinality": "7241822"
                            },
                            "cumulative_cardinality": 4278622,
                            "operator_type": "PROJECTION",
                            "operator_cardinality": 643779,
                            "cumulative_rows_scanned": 12352656,
                            "operator_rows_scanned": 0,
                            "operator_timing": 0.00011137300000000005,
                            "result_set_size": 15450696,
                            "children": [
                                {
                                    "operator_name": "HASH_JOIN",
                                    "cpu_time": 0.18380952400000003,
                                    "extra_info": {
                                        "Join Type": "INNER",
                                        "Conditions": "owneruserid = id",
                                        "Estimated Cardinality": "7241822"
                                    },
                                    "cumulative_cardinality": 3634843,
                                    "operator_type": "HASH_JOIN",
                                    "operator_cardinality": 643779,
                                    "cumulative_rows_scanned": 12352656,
                                    "operator_rows_scanned": 0,
                                    "operator_timing": 0.08168330800000001,
                                    "result_set_size": 15450696,
                                    "children": [
                                        {
                                            "operator_name": "HASH_JOIN",
                                            "cpu_time": 0.08268949000000003,
                                            "extra_info": {
                                                "Join Type": "RIGHT",
                                                "Conditions": "postid = id",
                                                "Estimated Cardinality": "7241822"
                                            },
                                            "cumulative_cardinality": 1730385,
                                            "operator_type": "HASH_JOIN",
                                            "operator_cardinality": 654953,
                                            "cumulative_rows_scanned": 11091946,
                                            "operator_rows_scanned": 0,
                                            "operator_timing": 0.039530423000000044,
                                            "result_set_size": 15718872,
                                            "children": [
                                                {
                                                    "operator_name": "READ_PARQUET ",
                                                    "cpu_time": 0.016466876,
                                                    "extra_info": {
                                                        "Function": "READ_PARQUET",
                                                        "Projections": [
                                                            "id",
                                                            "postid"
                                                        ],
                                                        "Estimated Cardinality": "7241822"
                                                    },
                                                    "cumulative_cardinality": 544915,
                                                    "operator_type": "TABLE_SCAN",
                                                    "operator_cardinality": 544915,
                                                    "cumulative_rows_scanned": 7241822,
                                                    "operator_rows_scanned": 7241822,
                                                    "operator_timing": 0.016466876,
                                                    "result_set_size": 4359320,
                                                    "children": []
                                                },
                                                {
                                                    "operator_name": "HASH_JOIN",
                                                    "cpu_time": 0.026692190999999987,
                                                    "extra_info": {
                                                        "Join Type": "INNER",
                                                        "Conditions": "posttypeid = id",
                                                        "Estimated Cardinality": "770023"
                                                    },
                                                    "cumulative_cardinality": 530517,
                                                    "operator_type": "HASH_JOIN",
                                                    "operator_cardinality": 265255,
                                                    "cumulative_rows_scanned": 3850124,
                                                    "operator_rows_scanned": 0,
                                                    "operator_timing": 0.0006273609999999998,
                                                    "result_set_size": 6366120,
                                                    "children": [
                                                        {
                                                            "operator_name": "READ_PARQUET ",
                                                            "cpu_time": 0.025729272999999987,
                                                            "extra_info": {
                                                                "Function": "READ_PARQUET",
                                                                "Projections": [
                                                                    "id",
                                                                    "posttypeid",
                                                                    "owneruserid"
                                                                ],
                                                                "Filters": "creationdate>='2023-01-01 00:00:00'::TIMESTAMP",
                                                                "Estimated Cardinality": "770023"
                                                            },
                                                            "cumulative_cardinality": 265255,
                                                            "operator_type": "TABLE_SCAN",
                                                            "operator_cardinality": 265255,
                                                            "cumulative_rows_scanned": 3850116,
                                                            "operator_rows_scanned": 3850116,
                                                            "operator_timing": 0.025729272999999987,
                                                            "result_set_size": 2652550,
                                                            "children": []
                                                        },
                                                        {
                                                            "operator_name": "READ_PARQUET ",
                                                            "cpu_time": 0.000335557,
                                                            "extra_info": {
                                                                "Function": "READ_PARQUET",
                                                                "Projections": [
                                                                    "id",
                                                                    "name"
                                                                ],
                                                                "Filters": "id<=7",
                                                                "Estimated Cardinality": "8"
                                                            },
                                                            "cumulative_cardinality": 7,
                                                            "operator_type": "TABLE_SCAN",
                                                            "operator_cardinality": 7,
                                                            "cumulative_rows_scanned": 8,
                                                            "operator_rows_scanned": 8,
                                                            "operator_timing": 0.000335557,
                                                            "result_set_size": 126,
                                                            "children": []
                                                        }
                                                    ]
                                                }
                                            ]
                                        },
                                        {
                                            "operator_name": "READ_PARQUET ",
                                            "cpu_time": 0.019436725999999988,
                                            "extra_info": {
                                                "Function": "READ_PARQUET",
                                                "Projections": [
                                                    "id",
                                                    "reputation"
                                                ],
                                                "Filters": "id<=1416539",
                                                "Estimated Cardinality": "1260710"
                                            },
                                            "cumulative_cardinality": 1260679,
                                            "operator_type": "TABLE_SCAN",
                                            "operator_cardinality": 1260679,
                                            "cumulative_rows_scanned": 1260710,
                                            "operator_rows_scanned": 1260710,
                                            "operator_timing": 0.019436725999999988,
                                            "result_set_size": 10085432,
                                            "children": []
                                        }
                                    ]
                                }
                            ]
                        }
                    ]
                }
            ]
        }
    ]
}