{
    "rows_returned": 2973048,
    "query_name": "WITH PostStats AS (\n    SELECT \n        u.Id AS UserId,\n        u.DisplayName,\n        COUNT(p.Id) AS PostCount,\n        SUM(CASE WHEN v.VoteTypeId = 2 THEN 1 ELSE 0 END) AS UpvoteCount,\n        SUM(CASE WHEN v.VoteTypeId = 3 THEN 1 ELSE 0 END) AS DownvoteCount,\n        COUNT(c.Id) AS CommentCount\n    FROM \n        Users u\n    LEFT JOIN \n        Posts p ON u.Id = p.OwnerUserId\n    LEFT JOIN \n        Votes v ON p.Id = v.PostId\n    LEFT JOIN \n        Comments c ON p.Id = c.PostId\n    GROUP BY \n        u.Id, u.DisplayName\n),\n\nPostTypesStats AS (\n    SELECT\n        pt.Name AS PostTypeName,\n        COUNT(p.Id) AS TotalPosts\n    FROM \n        PostTypes pt\n    LEFT JOIN \n        Posts p ON pt.Id = p.PostTypeId\n    GROUP BY \n        pt.Name\n)\n\nSELECT \n    ps.UserId,\n    ps.DisplayName,\n    ps.PostCount,\n    ps.UpvoteCount,\n    ps.DownvoteCount,\n    ps.CommentCount,\n    pts.PostTypeName,\n    pts.TotalPosts\nFROM \n    PostStats ps\nJOIN \n    PostTypesStats pts ON ps.PostCount > 0\nORDER BY \n    ps.PostCount DESC, \n    ps.UpvoteCount DESC;",
    "blocked_thread_time": 0.0,
    "cpu_time": 5.647011885999987,
    "extra_info": {},
    "cumulative_cardinality": 129282302,
    "cumulative_rows_scanned": 28946865,
    "result_set_size": 273520416,
    "latency": 12.141613017,
    "children": [
        {
            "operator_name": "ORDER_BY",
            "cpu_time": 5.647011885999987,
            "extra_info": {
                "Order By": [
                    "ps.PostCount DESC",
                    "ps.UpvoteCount DESC"
                ]
            },
            "cumulative_cardinality": 129282302,
            "operator_type": "ORDER_BY",
            "operator_cardinality": 2973048,
            "cumulative_rows_scanned": 28946865,
            "operator_rows_scanned": 0,
            "operator_timing": 0.4509624469999992,
            "result_set_size": 273520416,
            "children": [
                {
                    "operator_name": "CROSS_PRODUCT",
                    "cpu_time": 5.196049438999988,
                    "extra_info": {},
                    "cumulative_cardinality": 126309254,
                    "operator_type": "CROSS_PRODUCT",
                    "operator_cardinality": 2973048,
                    "cumulative_rows_scanned": 28946865,
                    "operator_rows_scanned": 0,
                    "operator_timing": 0.0029567059999999925,
                    "result_set_size": 273520416,
                    "children": [
                        {
                            "operator_name": "FILTER",
                            "cpu_time": 5.007804508999988,
                            "extra_info": {
                                "Expression": "(PostCount > 0)",
                                "Estimated Cardinality": "252142"
                            },
                            "cumulative_cardinality": 111785840,
                            "operator_type": "FILTER",
                            "operator_cardinality": 371631,
                            "cumulative_rows_scanned": 25096741,
                            "operator_rows_scanned": 0,
                            "operator_timing": 0.0028828490000000007,
                            "result_set_size": 25270908,
                            "children": [
                                {
                                    "operator_name": "HASH_GROUP_BY",
                                    "cpu_time": 5.004921659999988,
                                    "extra_info": {
                                        "Groups": [
                                            "#0",
                                            "#1"
                                        ],
                                        "Aggregates": [
                                            "count(#2)",
                                            "sum(#3)",
                                            "sum(#4)",
                                            "count(#5)"
                                        ],
                                        "Estimated Cardinality": "1260710"
                                    },
                                    "cumulative_cardinality": 111414209,
                                    "operator_type": "HASH_GROUP_BY",
                                    "operator_cardinality": 1260710,
                                    "cumulative_rows_scanned": 25096741,
                                    "operator_rows_scanned": 0,
                                    "operator_timing": 2.0219124850000023,
                                    "result_set_size": 85728280,
                                    "children": [
                                        {
                                            "operator_name": "PROJECTION",
                                            "cpu_time": 2.983009174999986,
                                            "extra_info": {
                                                "Projections": [
                                                    "id",
                                                    "displayname",
                                                    "id",
                                                    "CASE  WHEN ((votetypeid = 2)) THEN (1) ELSE 0 END",
                                                    "CASE  WHEN ((votetypeid = 3)) THEN (1) ELSE 0 END",
                                                    "id"
                                                ],
                                                "Estimated Cardinality": "12744093"
                                            },
                                            "cumulative_cardinality": 110153499,
                                            "operator_type": "PROJECTION",
                                            "operator_cardinality": 34453569,
                                            "cumulative_rows_scanned": 25096741,
                                            "operator_rows_scanned": 0,
                                            "operator_timing": 0.2832737849999983,
                                            "result_set_size": 1240328484,
                                            "children": [
                                                {
                                                    "operator_name": "HASH_JOIN",
                                                    "cpu_time": 2.699735389999988,
                                                    "extra_info": {
                                                        "Join Type": "LEFT",
                                                        "Conditions": "id = postid",
                                                        "Estimated Cardinality": "12744093"
                                                    },
                                                    "cumulative_cardinality": 75699930,
                                                    "operator_type": "HASH_JOIN",
                                                    "operator_cardinality": 34453569,
                                                    "cumulative_rows_scanned": 25096741,
                                                    "operator_rows_scanned": 0,
                                                    "operator_timing": 1.0637757129999965,
                                                    "result_set_size": 1033607070,
                                                    "children": [
                                                        {
                                                            "operator_name": "HASH_JOIN",
                                                            "cpu_time": 1.5580552679999915,
                                                            "extra_info": {
                                                                "Join Type": "RIGHT",
                                                                "Conditions": "postid = id",
                                                                "Estimated Cardinality": "12744093"
                                                            },
                                                            "cumulative_cardinality": 34004539,
                                                            "operator_type": "HASH_JOIN",
                                                            "operator_cardinality": 11739825,
                                                            "cumulative_rows_scanned": 17854919,
                                                            "operator_rows_scanned": 0,
                                                            "operator_timing": 0.8705719189999922,
                                                            "result_set_size": 305235450,
                                                            "children": [
                                                                {
                                                                    "operator_name": "READ_PARQUET ",
                                                                    "cpu_time": 0.2539707309999999,
                                                                    "extra_info": {
                                                                        "Function": "READ_PARQUET",
                                                                        "Projections": [
                                                                            "postid",
                                                                            "votetypeid"
                                                                        ],
                                                                        "Estimated Cardinality": "12744093"
                                                                    },
                                                                    "cumulative_cardinality": 12744093,
                                                                    "operator_type": "TABLE_SCAN",
                                                                    "operator_cardinality": 12744093,
                                                                    "cumulative_rows_scanned": 12744093,
                                                                    "operator_rows_scanned": 12744093,
                                                                    "operator_timing": 0.2539707309999999,
                                                                    "result_set_size": 76464558,
                                                                    "children": []
                                                                },
                                                                {
                                                                    "operator_name": "HASH_JOIN",
                                                                    "cpu_time": 0.43351261799999957,
                                                                    "extra_info": {
                                                                        "Join Type": "RIGHT",
                                                                        "Conditions": "owneruserid = id",
                                                                        "Estimated Cardinality": "3850116"
                                                                    },
                                                                    "cumulative_cardinality": 9520621,
                                                                    "operator_type": "HASH_JOIN",
                                                                    "operator_cardinality": 4574495,
                                                                    "cumulative_rows_scanned": 5110826,
                                                                    "operator_rows_scanned": 0,
                                                                    "operator_timing": 0.2566793079999997,
                                                                    "result_set_size": 109787880,
                                                                    "children": [
                                                                        {
                                                                            "operator_name": "READ_PARQUET ",
                                                                            "cpu_time": 0.09683605799999989,
                                                                            "extra_info": {
                                                                                "Function": "READ_PARQUET",
                                                                                "Projections": [
                                                                                    "id",
                                                                                    "owneruserid"
                                                                                ],
                                                                                "Estimated Cardinality": "3850116"
                                                                            },
                                                                            "cumulative_cardinality": 3685416,
                                                                            "operator_type": "TABLE_SCAN",
                                                                            "operator_cardinality": 3685416,
                                                                            "cumulative_rows_scanned": 3850116,
                                                                            "operator_rows_scanned": 3850116,
                                                                            "operator_timing": 0.09683605799999989,
                                                                            "result_set_size": 29483328,
                                                                            "children": []
                                                                        },
                                                                        {
                                                                            "operator_name": "READ_PARQUET ",
                                                                            "cpu_time": 0.07999725199999996,
                                                                            "extra_info": {
                                                                                "Function": "READ_PARQUET",
                                                                                "Projections": [
                                                                                    "id",
                                                                                    "displayname"
                                                                                ],
                                                                                "Estimated Cardinality": "1260710"
                                                                            },
                                                                            "cumulative_cardinality": 1260710,
                                                                            "operator_type": "TABLE_SCAN",
                                                                            "operator_cardinality": 1260710,
                                                                            "cumulative_rows_scanned": 1260710,
                                                                            "operator_rows_scanned": 1260710,
                                                                            "operator_timing": 0.07999725199999996,
                                                                            "result_set_size": 25214200,
                                                                            "children": []
                                                                        }
                                                                    ]
                                                                }
                                                            ]
                                                        },
                                                        {
                                                            "operator_name": "READ_PARQUET ",
                                                            "cpu_time": 0.07790440899999991,
                                                            "extra_info": {
                                                                "Function": "READ_PARQUET",
                                                                "Projections": [
                                                                    "id",
                                                                    "postid"
                                                                ],
                                                                "Estimated Cardinality": "7241822"
                                                            },
                                                            "cumulative_cardinality": 7241822,
                                                            "operator_type": "TABLE_SCAN",
                                                            "operator_cardinality": 7241822,
                                                            "cumulative_rows_scanned": 7241822,
                                                            "operator_rows_scanned": 7241822,
                                                            "operator_timing": 0.07790440899999991,
                                                            "result_set_size": 57934576,
                                                            "children": []
                                                        }
                                                    ]
                                                }
                                            ]
                                        }
                                    ]
                                }
                            ]
                        },
                        {
                            "operator_name": "HASH_GROUP_BY",
                            "cpu_time": 0.18528822399999978,
                            "extra_info": {
                                "Groups": "#0",
                                "Aggregates": "count(#1)",
                                "Estimated Cardinality": "8"
                            },
                            "cumulative_cardinality": 11550366,
                            "operator_type": "HASH_GROUP_BY",
                            "operator_cardinality": 8,
                            "cumulative_rows_scanned": 3850124,
                            "operator_rows_scanned": 0,
                            "operator_timing": 0.061063934999999986,
                            "result_set_size": 192,
                            "children": [
                                {
                                    "operator_name": "PROJECTION",
                                    "cpu_time": 0.12422428899999978,
                                    "extra_info": {
                                        "Projections": [
                                            "name",
                                            "id"
                                        ],
                                        "Estimated Cardinality": "3850116"
                                    },
                                    "cumulative_cardinality": 11550358,
                                    "operator_type": "PROJECTION",
                                    "operator_cardinality": 3850117,
                                    "cumulative_rows_scanned": 3850124,
                                    "operator_rows_scanned": 0,
                                    "operator_timing": 0.0002692799999999967,
                                    "result_set_size": 77002340,
                                    "children": [
                                        {
                                            "operator_name": "HASH_JOIN",
                                            "cpu_time": 0.12395500899999978,
                                            "extra_info": {
                                                "Join Type": "RIGHT",
                                                "Conditions": "posttypeid = id",
                                                "Estimated Cardinality": "3850116"
                                            },
                                            "cumulative_cardinality": 7700241,
                                            "operator_type": "HASH_JOIN",
                                            "operator_cardinality": 3850117,
                                            "cumulative_rows_scanned": 3850124,
                                            "operator_rows_scanned": 0,
                                            "operator_timing": 0.06490597699999975,
                                            "result_set_size": 77002340,
                                            "children": [
                                                {
                                                    "operator_name": "READ_PARQUET ",
                                                    "cpu_time": 0.05873211900000002,
                                                    "extra_info": {
                                                        "Function": "READ_PARQUET",
                                                        "Projections": [
                                                            "id",
                                                            "posttypeid"
                                                        ],
                                                        "Estimated Cardinality": "3850116"
                                                    },
                                                    "cumulative_cardinality": 3850116,
                                                    "operator_type": "TABLE_SCAN",
                                                    "operator_cardinality": 3850116,
                                                    "cumulative_rows_scanned": 3850116,
                                                    "operator_rows_scanned": 3850116,
                                                    "operator_timing": 0.05873211900000002,
                                                    "result_set_size": 23100696,
                                                    "children": []
                                                },
                                                {
                                                    "operator_name": "READ_PARQUET ",
                                                    "cpu_time": 0.000316913,
                                                    "extra_info": {
                                                        "Function": "READ_PARQUET",
                                                        "Projections": [
                                                            "id",
                                                            "name"
                                                        ],
                                                        "Estimated Cardinality": "8"
                                                    },
                                                    "cumulative_cardinality": 8,
                                                    "operator_type": "TABLE_SCAN",
                                                    "operator_cardinality": 8,
                                                    "cumulative_rows_scanned": 8,
                                                    "operator_rows_scanned": 8,
                                                    "operator_timing": 0.000316913,
                                                    "result_set_size": 144,
                                                    "children": []
                                                }
                                            ]
                                        }
                                    ]
                                }
                            ]
                        }
                    ]
                }
            ]
        }
    ]
}