{
    "rows_returned": 5,
    "query_name": "\nSELECT \n    pt.Name AS PostType,\n    COUNT(p.Id) AS TotalPosts,\n    SUM(CASE WHEN v.VoteTypeId = 2 THEN 1 ELSE 0 END) AS TotalUpvotes,\n    SUM(CASE WHEN v.VoteTypeId = 3 THEN 1 ELSE 0 END) AS TotalDownvotes,\n    AVG(u.Reputation) AS AvgUserReputation,\n    COUNT(DISTINCT u.Id) AS TotalUsers\nFROM \n    Posts p\nJOIN \n    PostTypes pt ON p.PostTypeId = pt.Id\nLEFT JOIN \n    Votes v ON p.Id = v.PostId\nLEFT JOIN \n    Users u ON p.OwnerUserId = u.Id\nWHERE \n    p.CreationDate >= '2022-01-01' \nGROUP BY \n    pt.Name\nORDER BY \n    TotalPosts DESC;\n",
    "blocked_thread_time": 0.0,
    "cpu_time": 0.30737930999999996,
    "extra_info": {},
    "cumulative_cardinality": 6625029,
    "cumulative_rows_scanned": 17854927,
    "result_set_size": 360,
    "latency": 0.346428668,
    "children": [
        {
            "operator_name": "ORDER_BY",
            "cpu_time": 0.30737930999999996,
            "extra_info": {
                "Order By": "count(p.Id) DESC"
            },
            "cumulative_cardinality": 6625029,
            "operator_type": "ORDER_BY",
            "operator_cardinality": 5,
            "cumulative_rows_scanned": 17854927,
            "operator_rows_scanned": 0,
            "operator_timing": 0.000028624,
            "result_set_size": 360,
            "children": [
                {
                    "operator_name": "HASH_GROUP_BY",
                    "cpu_time": 0.307350686,
                    "extra_info": {
                        "Groups": "#0",
                        "Aggregates": [
                            "count_star()",
                            "sum(#1)",
                            "sum(#2)",
                            "avg(#3)",
                            "count(DISTINCT #4)"
                        ],
                        "Estimated Cardinality": "3850116"
                    },
                    "cumulative_cardinality": 6625024,
                    "operator_type": "HASH_GROUP_BY",
                    "operator_cardinality": 5,
                    "cumulative_rows_scanned": 17854927,
                    "operator_rows_scanned": 0,
                    "operator_timing": 0.06137937599999994,
                    "result_set_size": 360,
                    "children": [
                        {
                            "operator_name": "PROJECTION",
                            "cpu_time": 0.24597131000000005,
                            "extra_info": {
                                "Projections": [
                                    "name",
                                    "CASE  WHEN ((votetypeid = 2)) THEN (1) ELSE 0 END",
                                    "CASE  WHEN ((votetypeid = 3)) THEN (1) ELSE 0 END",
                                    "reputation",
                                    "id"
                                ],
                                "Estimated Cardinality": "12744093"
                            },
                            "cumulative_cardinality": 6625019,
                            "operator_type": "PROJECTION",
                            "operator_cardinality": 1042097,
                            "cumulative_rows_scanned": 17854927,
                            "operator_rows_scanned": 0,
                            "operator_timing": 0.008804375,
                            "result_set_size": 33347104,
                            "children": [
                                {
                                    "operator_name": "HASH_JOIN",
                                    "cpu_time": 0.23716693500000005,
                                    "extra_info": {
                                        "Join Type": "LEFT",
                                        "Conditions": "owneruserid = id",
                                        "Estimated Cardinality": "12744093"
                                    },
                                    "cumulative_cardinality": 5582922,
                                    "operator_type": "HASH_JOIN",
                                    "operator_cardinality": 1042097,
                                    "cumulative_rows_scanned": 17854927,
                                    "operator_rows_scanned": 0,
                                    "operator_timing": 0.09138981900000004,
                                    "result_set_size": 27094522,
                                    "children": [
                                        {
                                            "operator_name": "HASH_JOIN",
                                            "cpu_time": 0.13179568100000003,
                                            "extra_info": {
                                                "Join Type": "RIGHT",
                                                "Conditions": "postid = id",
                                                "Estimated Cardinality": "12744093"
                                            },
                                            "cumulative_cardinality": 3280115,
                                            "operator_type": "HASH_JOIN",
                                            "operator_cardinality": 1042097,
                                            "cumulative_rows_scanned": 16594217,
                                            "operator_rows_scanned": 0,
                                            "operator_timing": 0.06811091000000002,
                                            "result_set_size": 22926134,
                                            "children": [
                                                {
                                                    "operator_name": "READ_PARQUET ",
                                                    "cpu_time": 0.036310501999999974,
                                                    "extra_info": {
                                                        "Function": "READ_PARQUET",
                                                        "Projections": [
                                                            "postid",
                                                            "votetypeid"
                                                        ],
                                                        "Estimated Cardinality": "12744093"
                                                    },
                                                    "cumulative_cardinality": 1338987,
                                                    "operator_type": "TABLE_SCAN",
                                                    "operator_cardinality": 1338987,
                                                    "cumulative_rows_scanned": 12744093,
                                                    "operator_rows_scanned": 12744093,
                                                    "operator_timing": 0.036310501999999974,
                                                    "result_set_size": 8033922,
                                                    "children": []
                                                },
                                                {
                                                    "operator_name": "HASH_JOIN",
                                                    "cpu_time": 0.02737426900000003,
                                                    "extra_info": {
                                                        "Join Type": "INNER",
                                                        "Conditions": "posttypeid = id",
                                                        "Estimated Cardinality": "770023"
                                                    },
                                                    "cumulative_cardinality": 899031,
                                                    "operator_type": "HASH_JOIN",
                                                    "operator_cardinality": 449512,
                                                    "cumulative_rows_scanned": 3850124,
                                                    "operator_rows_scanned": 0,
                                                    "operator_timing": 0.0010613229999999994,
                                                    "result_set_size": 10788288,
                                                    "children": [
                                                        {
                                                            "operator_name": "READ_PARQUET ",
                                                            "cpu_time": 0.02596553800000003,
                                                            "extra_info": {
                                                                "Function": "READ_PARQUET",
                                                                "Projections": [
                                                                    "id",
                                                                    "posttypeid",
                                                                    "owneruserid"
                                                                ],
                                                                "Filters": "creationdate>='2022-01-01 00:00:00'::TIMESTAMP",
                                                                "Estimated Cardinality": "770023"
                                                            },
                                                            "cumulative_cardinality": 449512,
                                                            "operator_type": "TABLE_SCAN",
                                                            "operator_cardinality": 449512,
                                                            "cumulative_rows_scanned": 3850116,
                                                            "operator_rows_scanned": 3850116,
                                                            "operator_timing": 0.02596553800000003,
                                                            "result_set_size": 4495120,
                                                            "children": []
                                                        },
                                                        {
                                                            "operator_name": "READ_PARQUET ",
                                                            "cpu_time": 0.000347408,
                                                            "extra_info": {
                                                                "Function": "READ_PARQUET",
                                                                "Projections": [
                                                                    "id",
                                                                    "name"
                                                                ],
                                                                "Filters": "id<=7",
                                                                "Estimated Cardinality": "8"
                                                            },
                                                            "cumulative_cardinality": 7,
                                                            "operator_type": "TABLE_SCAN",
                                                            "operator_cardinality": 7,
                                                            "cumulative_rows_scanned": 8,
                                                            "operator_rows_scanned": 8,
                                                            "operator_timing": 0.000347408,
                                                            "result_set_size": 126,
                                                            "children": []
                                                        }
                                                    ]
                                                }
                                            ]
                                        },
                                        {
                                            "operator_name": "READ_PARQUET ",
                                            "cpu_time": 0.013981434999999983,
                                            "extra_info": {
                                                "Function": "READ_PARQUET",
                                                "Projections": [
                                                    "id",
                                                    "reputation"
                                                ],
                                                "Estimated Cardinality": "1260710"
                                            },
                                            "cumulative_cardinality": 1260710,
                                            "operator_type": "TABLE_SCAN",
                                            "operator_cardinality": 1260710,
                                            "cumulative_rows_scanned": 1260710,
                                            "operator_rows_scanned": 1260710,
                                            "operator_timing": 0.013981434999999983,
                                            "result_set_size": 10085680,
                                            "children": []
                                        }
                                    ]
                                }
                            ]
                        }
                    ]
                }
            ]
        }
    ]
}