{
    "rows_returned": 5,
    "query_name": "SELECT \n    pt.Name AS PostType,\n    COUNT(p.Id) AS TotalPosts,\n    SUM(CASE WHEN p.Score > 0 THEN 1 ELSE 0 END) AS PositiveScorePosts,\n    AVG(p.ViewCount) AS AvgViewsPerPost,\n    SUM(p.AnswerCount) AS TotalAnswers,\n    SUM(p.CommentCount) AS TotalComments,\n    SUM(CASE WHEN p.FavoriteCount > 0 THEN 1 ELSE 0 END) AS FavoritePosts,\n    COUNT(DISTINCT u.Id) AS UniqueUsers,\n    SUM(CASE WHEN u.Reputation > 1000 THEN 1 ELSE 0 END) AS HighReputationUsers\nFROM\n    Posts p\nJOIN\n    PostTypes pt ON p.PostTypeId = pt.Id\nLEFT JOIN\n    Users u ON p.OwnerUserId = u.Id\nWHERE\n    p.CreationDate >= '2020-01-01' \nGROUP BY\n    pt.Name\nORDER BY\n    TotalPosts DESC;",
    "blocked_thread_time": 0.0,
    "cpu_time": 0.33798047399999986,
    "extra_info": {},
    "cumulative_cardinality": 5507955,
    "cumulative_rows_scanned": 5110834,
    "result_set_size": 600,
    "latency": 0.408903049,
    "children": [
        {
            "operator_name": "ORDER_BY",
            "cpu_time": 0.33798047399999986,
            "extra_info": {
                "Order By": "count(p.Id) DESC"
            },
            "cumulative_cardinality": 5507955,
            "operator_type": "ORDER_BY",
            "operator_cardinality": 5,
            "cumulative_rows_scanned": 5110834,
            "operator_rows_scanned": 0,
            "operator_timing": 0.000041507999999999996,
            "result_set_size": 600,
            "children": [
                {
                    "operator_name": "HASH_GROUP_BY",
                    "cpu_time": 0.33793896599999984,
                    "extra_info": {
                        "Groups": "#0",
                        "Aggregates": [
                            "count_star()",
                            "sum(#1)",
                            "avg(#2)",
                            "sum(#3)",
                            "sum(#4)",
                            "sum(#5)",
                            "count(DISTINCT #6)",
                            "sum(#7)"
                        ],
                        "Estimated Cardinality": "630355"
                    },
                    "cumulative_cardinality": 5507950,
                    "operator_type": "HASH_GROUP_BY",
                    "operator_cardinality": 5,
                    "cumulative_rows_scanned": 5110834,
                    "operator_rows_scanned": 0,
                    "operator_timing": 0.08047132699999995,
                    "result_set_size": 600,
                    "children": [
                        {
                            "operator_name": "PROJECTION",
                            "cpu_time": 0.25746763899999986,
                            "extra_info": {
                                "Projections": [
                                    "name",
                                    "CASE  WHEN ((score > 0)) THEN (1) ELSE 0 END",
                                    "viewcount",
                                    "answercount",
                                    "commentcount",
                                    "CASE  WHEN ((favoritecount > 0)) THEN (1) ELSE 0 END",
                                    "id",
                                    "CASE  WHEN ((reputation > 1000)) THEN (1) ELSE 0 END"
                                ],
                                "Estimated Cardinality": "1260710"
                            },
                            "cumulative_cardinality": 5507945,
                            "operator_type": "PROJECTION",
                            "operator_cardinality": 1061807,
                            "cumulative_rows_scanned": 5110834,
                            "operator_rows_scanned": 0,
                            "operator_timing": 0.011018355999999991,
                            "result_set_size": 46719508,
                            "children": [
                                {
                                    "operator_name": "HASH_JOIN",
                                    "cpu_time": 0.24644928299999988,
                                    "extra_info": {
                                        "Join Type": "LEFT",
                                        "Conditions": "owneruserid = id",
                                        "Estimated Cardinality": "1260710"
                                    },
                                    "cumulative_cardinality": 4446138,
                                    "operator_type": "HASH_JOIN",
                                    "operator_cardinality": 1061807,
                                    "cumulative_rows_scanned": 5110834,
                                    "operator_rows_scanned": 0,
                                    "operator_timing": 0.11527308999999994,
                                    "result_set_size": 46719508,
                                    "children": [
                                        {
                                            "operator_name": "HASH_JOIN",
                                            "cpu_time": 0.11714261799999996,
                                            "extra_info": {
                                                "Join Type": "INNER",
                                                "Conditions": "posttypeid = id",
                                                "Estimated Cardinality": "770023"
                                            },
                                            "cumulative_cardinality": 2123621,
                                            "operator_type": "HASH_JOIN",
                                            "operator_cardinality": 1061807,
                                            "cumulative_rows_scanned": 3850124,
                                            "operator_rows_scanned": 0,
                                            "operator_timing": 0.002657443999999999,
                                            "result_set_size": 42472280,
                                            "children": [
                                                {
                                                    "operator_name": "READ_PARQUET ",
                                                    "cpu_time": 0.11415639999999996,
                                                    "extra_info": {
                                                        "Function": "READ_PARQUET",
                                                        "Projections": [
                                                            "id",
                                                            "posttypeid",
                                                            "score",
                                                            "viewcount",
                                                            "owneruserid",
                                                            "answercount",
                                                            "commentcount",
                                                            "favoritecount"
                                                        ],
                                                        "Filters": "creationdate>='2020-01-01 00:00:00'::TIMESTAMP",
                                                        "Estimated Cardinality": "770023"
                                                    },
                                                    "cumulative_cardinality": 1061807,
                                                    "operator_type": "TABLE_SCAN",
                                                    "operator_cardinality": 1061807,
                                                    "cumulative_rows_scanned": 3850116,
                                                    "operator_rows_scanned": 3850116,
                                                    "operator_timing": 0.11415639999999996,
                                                    "result_set_size": 31854210,
                                                    "children": []
                                                },
                                                {
                                                    "operator_name": "READ_PARQUET ",
                                                    "cpu_time": 0.000328774,
                                                    "extra_info": {
                                                        "Function": "READ_PARQUET",
                                                        "Projections": [
                                                            "id",
                                                            "name"
                                                        ],
                                                        "Filters": "id<=7",
                                                        "Estimated Cardinality": "8"
                                                    },
                                                    "cumulative_cardinality": 7,
                                                    "operator_type": "TABLE_SCAN",
                                                    "operator_cardinality": 7,
                                                    "cumulative_rows_scanned": 8,
                                                    "operator_rows_scanned": 8,
                                                    "operator_timing": 0.000328774,
                                                    "result_set_size": 126,
                                                    "children": []
                                                }
                                            ]
                                        },
                                        {
                                            "operator_name": "READ_PARQUET ",
                                            "cpu_time": 0.014033575,
                                            "extra_info": {
                                                "Function": "READ_PARQUET",
                                                "Projections": [
                                                    "id",
                                                    "reputation"
                                                ],
                                                "Estimated Cardinality": "1260710"
                                            },
                                            "cumulative_cardinality": 1260710,
                                            "operator_type": "TABLE_SCAN",
                                            "operator_cardinality": 1260710,
                                            "cumulative_rows_scanned": 1260710,
                                            "operator_rows_scanned": 1260710,
                                            "operator_timing": 0.014033575,
                                            "result_set_size": 10085680,
                                            "children": []
                                        }
                                    ]
                                }
                            ]
                        }
                    ]
                }
            ]
        }
    ]
}