{
    "rows_returned": 1260710,
    "query_name": "WITH UserPostStats AS (\n    SELECT \n        u.Id AS UserId,\n        u.DisplayName,\n        COUNT(p.Id) AS PostCount,\n        SUM(CASE WHEN p.PostTypeId = 1 THEN 1 ELSE 0 END) AS QuestionCount,\n        SUM(CASE WHEN p.PostTypeId = 2 THEN 1 ELSE 0 END) AS AnswerCount,\n        SUM(CASE WHEN p.Score > 0 THEN 1 ELSE 0 END) AS PositiveScorePosts,\n        AVG(p.ViewCount) AS AvgViewCount,\n        AVG(p.Score) AS AvgScore\n    FROM \n        Users u\n    LEFT JOIN \n        Posts p ON u.Id = p.OwnerUserId\n    GROUP BY \n        u.Id, u.DisplayName\n),\nPostHistoryStats AS (\n    SELECT\n        ph.UserId,\n        COUNT(ph.Id) AS EditCount,\n        COUNT(DISTINCT ph.PostId) AS PostsEdited\n    FROM\n        PostHistory ph\n    WHERE\n        ph.PostHistoryTypeId IN (4, 5, 6, 24)  \n    GROUP BY\n        ph.UserId\n),\nCombinedStats AS (\n    SELECT\n        ups.UserId,\n        ups.DisplayName,\n        ups.PostCount,\n        ups.QuestionCount,\n        ups.AnswerCount,\n        ups.PositiveScorePosts,\n        ups.AvgViewCount,\n        ups.AvgScore,\n        COALESCE(phe.EditCount, 0) AS EditCount,\n        COALESCE(phe.PostsEdited, 0) AS PostsEdited\n    FROM\n        UserPostStats ups\n    LEFT JOIN\n        PostHistoryStats phe ON ups.UserId = phe.UserId\n)\nSELECT \n    UserId,\n    DisplayName,\n    PostCount,\n    QuestionCount,\n    AnswerCount,\n    PositiveScorePosts,\n    AvgViewCount,\n    AvgScore,\n    EditCount,\n    PostsEdited\nFROM \n    CombinedStats\nORDER BY \n    PostCount DESC;",
    "blocked_thread_time": 0.0,
    "cpu_time": 2.3103309170000017,
    "extra_info": {},
    "cumulative_cardinality": 43325247,
    "cumulative_rows_scanned": 16906070,
    "result_set_size": 136156680,
    "latency": 5.862769621,
    "children": [
        {
            "operator_name": "ORDER_BY",
            "cpu_time": 2.3103309170000017,
            "extra_info": {
                "Order By": "CombinedStats.PostCount DESC"
            },
            "cumulative_cardinality": 43325247,
            "operator_type": "ORDER_BY",
            "operator_cardinality": 1260710,
            "cumulative_rows_scanned": 16906070,
            "operator_rows_scanned": 0,
            "operator_timing": 0.13550742199999993,
            "result_set_size": 136156680,
            "children": [
                {
                    "operator_name": "PROJECTION",
                    "cpu_time": 2.174823495000002,
                    "extra_info": {
                        "Projections": [
                            "UserId",
                            "displayname",
                            "PostCount",
                            "QuestionCount",
                            "AnswerCount",
                            "PositiveScorePosts",
                            "AvgViewCount",
                            "AvgScore",
                            "EditCount",
                            "PostsEdited"
                        ],
                        "Estimated Cardinality": "1260710"
                    },
                    "cumulative_cardinality": 42064537,
                    "operator_type": "PROJECTION",
                    "operator_cardinality": 1260710,
                    "cumulative_rows_scanned": 16906070,
                    "operator_rows_scanned": 0,
                    "operator_timing": 0.017364340000000002,
                    "result_set_size": 136156680,
                    "children": [
                        {
                            "operator_name": "HASH_JOIN",
                            "cpu_time": 2.157459155000002,
                            "extra_info": {
                                "Join Type": "LEFT",
                                "Conditions": "UserId = userid",
                                "Estimated Cardinality": "1260710"
                            },
                            "cumulative_cardinality": 40803827,
                            "operator_type": "HASH_JOIN",
                            "operator_cardinality": 1260710,
                            "cumulative_rows_scanned": 16906070,
                            "operator_rows_scanned": 0,
                            "operator_timing": 0.04127161300000003,
                            "result_set_size": 136156680,
                            "children": [
                                {
                                    "operator_name": "HASH_GROUP_BY",
                                    "cpu_time": 1.2565854680000004,
                                    "extra_info": {
                                        "Groups": [
                                            "#0",
                                            "#1"
                                        ],
                                        "Aggregates": [
                                            "count(#2)",
                                            "sum(#3)",
                                            "sum(#4)",
                                            "sum(#5)",
                                            "avg(#6)",
                                            "avg(#7)"
                                        ],
                                        "Estimated Cardinality": "1260710"
                                    },
                                    "cumulative_cardinality": 15355826,
                                    "operator_type": "HASH_GROUP_BY",
                                    "operator_cardinality": 1260710,
                                    "cumulative_rows_scanned": 5110826,
                                    "operator_rows_scanned": 0,
                                    "operator_timing": 0.7008227920000005,
                                    "result_set_size": 115985320,
                                    "children": [
                                        {
                                            "operator_name": "PROJECTION",
                                            "cpu_time": 0.5557626759999997,
                                            "extra_info": {
                                                "Projections": [
                                                    "id",
                                                    "displayname",
                                                    "id",
                                                    "CASE  WHEN ((posttypeid = 1)) THEN (1) ELSE 0 END",
                                                    "CASE  WHEN ((posttypeid = 2)) THEN (1) ELSE 0 END",
                                                    "CASE  WHEN ((score > 0)) THEN (1) ELSE 0 END",
                                                    "viewcount",
                                                    "score"
                                                ],
                                                "Estimated Cardinality": "3850116"
                                            },
                                            "cumulative_cardinality": 14095116,
                                            "operator_type": "PROJECTION",
                                            "operator_cardinality": 4574495,
                                            "cumulative_rows_scanned": 5110826,
                                            "operator_rows_scanned": 0,
                                            "operator_timing": 0.06890853700000009,
                                            "result_set_size": 201277780,
                                            "children": [
                                                {
                                                    "operator_name": "HASH_JOIN",
                                                    "cpu_time": 0.48685413899999963,
                                                    "extra_info": {
                                                        "Join Type": "RIGHT",
                                                        "Conditions": "owneruserid = id",
                                                        "Estimated Cardinality": "3850116"
                                                    },
                                                    "cumulative_cardinality": 9520621,
                                                    "operator_type": "HASH_JOIN",
                                                    "operator_cardinality": 4574495,
                                                    "cumulative_rows_scanned": 5110826,
                                                    "operator_rows_scanned": 0,
                                                    "operator_timing": 0.24690892299999936,
                                                    "result_set_size": 155532830,
                                                    "children": [
                                                        {
                                                            "operator_name": "READ_PARQUET ",
                                                            "cpu_time": 0.16092929800000022,
                                                            "extra_info": {
                                                                "Function": "READ_PARQUET",
                                                                "Projections": [
                                                                    "id",
                                                                    "posttypeid",
                                                                    "score",
                                                                    "viewcount",
                                                                    "owneruserid"
                                                                ],
                                                                "Estimated Cardinality": "3850116"
                                                            },
                                                            "cumulative_cardinality": 3685416,
                                                            "operator_type": "TABLE_SCAN",
                                                            "operator_cardinality": 3685416,
                                                            "cumulative_rows_scanned": 3850116,
                                                            "operator_rows_scanned": 3850116,
                                                            "operator_timing": 0.16092929800000022,
                                                            "result_set_size": 66337488,
                                                            "children": []
                                                        },
                                                        {
                                                            "operator_name": "READ_PARQUET ",
                                                            "cpu_time": 0.07901591800000007,
                                                            "extra_info": {
                                                                "Function": "READ_PARQUET",
                                                                "Projections": [
                                                                    "id",
                                                                    "displayname"
                                                                ],
                                                                "Estimated Cardinality": "1260710"
                                                            },
                                                            "cumulative_cardinality": 1260710,
                                                            "operator_type": "TABLE_SCAN",
                                                            "operator_cardinality": 1260710,
                                                            "cumulative_rows_scanned": 1260710,
                                                            "operator_rows_scanned": 1260710,
                                                            "operator_timing": 0.07901591800000007,
                                                            "result_set_size": 25214200,
                                                            "children": []
                                                        }
                                                    ]
                                                }
                                            ]
                                        }
                                    ]
                                },
                                {
                                    "operator_name": "HASH_GROUP_BY",
                                    "cpu_time": 0.8596020740000017,
                                    "extra_info": {
                                        "Groups": "#0",
                                        "Aggregates": [
                                            "count_star()",
                                            "count(DISTINCT #1)"
                                        ],
                                        "Estimated Cardinality": "1179524"
                                    },
                                    "cumulative_cardinality": 24187291,
                                    "operator_type": "HASH_GROUP_BY",
                                    "operator_cardinality": 180706,
                                    "cumulative_rows_scanned": 11795244,
                                    "operator_rows_scanned": 0,
                                    "operator_timing": 0.3705627730000005,
                                    "result_set_size": 3614120,
                                    "children": [
                                        {
                                            "operator_name": "PROJECTION",
                                            "cpu_time": 0.4890393010000012,
                                            "extra_info": {
                                                "Projections": [
                                                    "userid",
                                                    "postid"
                                                ],
                                                "Estimated Cardinality": "2359048"
                                            },
                                            "cumulative_cardinality": 24006585,
                                            "operator_type": "PROJECTION",
                                            "operator_cardinality": 4070447,
                                            "cumulative_rows_scanned": 11795244,
                                            "operator_rows_scanned": 0,
                                            "operator_timing": 0.0012195809999999915,
                                            "result_set_size": 32563576,
                                            "children": [
                                                {
                                                    "operator_name": "PROJECTION",
                                                    "cpu_time": 0.48781972000000123,
                                                    "extra_info": {
                                                        "Projections": [
                                                            "#0",
                                                            "#2",
                                                            "#3"
                                                        ],
                                                        "Estimated Cardinality": "2359048"
                                                    },
                                                    "cumulative_cardinality": 19936138,
                                                    "operator_type": "PROJECTION",
                                                    "operator_cardinality": 4070447,
                                                    "cumulative_rows_scanned": 11795244,
                                                    "operator_rows_scanned": 0,
                                                    "operator_timing": 0.0012882230000000022,
                                                    "result_set_size": 48845364,
                                                    "children": [
                                                        {
                                                            "operator_name": "FILTER",
                                                            "cpu_time": 0.48653149700000126,
                                                            "extra_info": {
                                                                "Expression": "((posthistorytypeid = 4) OR (posthistorytypeid = 5) OR (posthistorytypeid = 6) OR (posthistorytypeid = 24))",
                                                                "Estimated Cardinality": "2359048"
                                                            },
                                                            "cumulative_cardinality": 15865691,
                                                            "operator_type": "FILTER",
                                                            "operator_cardinality": 4070447,
                                                            "cumulative_rows_scanned": 11795244,
                                                            "operator_rows_scanned": 0,
                                                            "operator_timing": 0.16655601800000014,
                                                            "result_set_size": 56986258,
                                                            "children": [
                                                                {
                                                                    "operator_name": "READ_PARQUET ",
                                                                    "cpu_time": 0.3199754790000011,
                                                                    "extra_info": {
                                                                        "Function": "READ_PARQUET",
                                                                        "Projections": [
                                                                            "id",
                                                                            "posthistorytypeid",
                                                                            "postid",
                                                                            "userid"
                                                                        ],
                                                                        "Filters": "optional: posthistorytypeid IN (4, 5, 6, 24)",
                                                                        "Estimated Cardinality": "11795244"
                                                                    },
                                                                    "cumulative_cardinality": 11795244,
                                                                    "operator_type": "TABLE_SCAN",
                                                                    "operator_cardinality": 11795244,
                                                                    "cumulative_rows_scanned": 11795244,
                                                                    "operator_rows_scanned": 11795244,
                                                                    "operator_timing": 0.3199754790000011,
                                                                    "result_set_size": 165133416,
                                                                    "children": []
                                                                }
                                                            ]
                                                        }
                                                    ]
                                                }
                                            ]
                                        }
                                    ]
                                }
                            ]
                        }
                    ]
                }
            ]
        }
    ]
}