{
    "rows_returned": 100,
    "query_name": "SELECT\n    u.Id AS UserId,\n    u.DisplayName,\n    u.Reputation,\n    COUNT(DISTINCT p.Id) AS TotalPosts,\n    COUNT(DISTINCT c.Id) AS TotalComments,\n    SUM(COALESCE(p.Score, 0)) AS TotalPostScore,\n    SUM(COALESCE(c.Score, 0)) AS TotalCommentScore,\n    SUM(COALESCE(b.Class, 0)) AS TotalBadges,\n    MAX(p.CreationDate) AS LastPostDate\nFROM\n    Users u\nLEFT JOIN\n    Posts p ON u.Id = p.OwnerUserId\nLEFT JOIN\n    Comments c ON p.Id = c.PostId\nLEFT JOIN\n    Badges b ON u.Id = b.UserId\nGROUP BY\n    u.Id, u.DisplayName, u.Reputation\nORDER BY\n    TotalPosts DESC\nLIMIT 100;",
    "blocked_thread_time": 0.0,
    "cpu_time": 179.70384218400136,
    "extra_info": {},
    "cumulative_cardinality": 3981118387,
    "cumulative_rows_scanned": 14674372,
    "result_set_size": 9600,
    "latency": 200.367322892,
    "children": [
        {
            "operator_name": "STREAMING_LIMIT",
            "cpu_time": 179.70384218400136,
            "extra_info": {},
            "cumulative_cardinality": 3981118387,
            "operator_type": "STREAMING_LIMIT",
            "operator_cardinality": 100,
            "cumulative_rows_scanned": 14674372,
            "operator_rows_scanned": 0,
            "operator_timing": 0.0000023749999999999997,
            "result_set_size": 9600,
            "children": [
                {
                    "operator_name": "ORDER_BY",
                    "cpu_time": 179.70383980900135,
                    "extra_info": {
                        "Order By": "count(DISTINCT p.Id) DESC"
                    },
                    "cumulative_cardinality": 3981118287,
                    "operator_type": "ORDER_BY",
                    "operator_cardinality": 4096,
                    "cumulative_rows_scanned": 14674372,
                    "operator_rows_scanned": 0,
                    "operator_timing": 0.06574471100000003,
                    "result_set_size": 393216,
                    "children": [
                        {
                            "operator_name": "HASH_GROUP_BY",
                            "cpu_time": 179.63809509800134,
                            "extra_info": {
                                "Groups": [
                                    "#0",
                                    "#1",
                                    "#2"
                                ],
                                "Aggregates": [
                                    "count(DISTINCT #3)",
                                    "count(DISTINCT #4)",
                                    "sum(#5)",
                                    "sum(#6)",
                                    "sum(#7)",
                                    "max(#8)"
                                ],
                                "Estimated Cardinality": "1260710"
                            },
                            "cumulative_cardinality": 3981114191,
                            "operator_type": "HASH_GROUP_BY",
                            "operator_cardinality": 1260710,
                            "cumulative_rows_scanned": 14674372,
                            "operator_rows_scanned": 0,
                            "operator_timing": 137.23629209100258,
                            "result_set_size": 121028160,
                            "children": [
                                {
                                    "operator_name": "PROJECTION",
                                    "cpu_time": 42.40180300699876,
                                    "extra_info": {
                                        "Projections": [
                                            "id",
                                            "displayname",
                                            "reputation",
                                            "id",
                                            "id",
                                            "COALESCE(score, 0)",
                                            "COALESCE(score, 0)",
                                            "COALESCE(class, 0)",
                                            "creationdate"
                                        ],
                                        "Estimated Cardinality": "7241822"
                                    },
                                    "cumulative_cardinality": 3979853481,
                                    "operator_type": "PROJECTION",
                                    "operator_cardinality": 1311674025,
                                    "cumulative_rows_scanned": 14674372,
                                    "operator_rows_scanned": 0,
                                    "operator_timing": 22.66954573799988,
                                    "result_set_size": 65583701250,
                                    "children": [
                                        {
                                            "operator_name": "PROJECTION",
                                            "cpu_time": 19.732257268998886,
                                            "extra_info": {
                                                "Projections": [
                                                    "#0",
                                                    "#1",
                                                    "#2",
                                                    "#3",
                                                    "#4",
                                                    "#5",
                                                    "#6",
                                                    "#7",
                                                    "__internal_decompress_integral_smallint(#8, 1)"
                                                ],
                                                "Estimated Cardinality": "7241822"
                                            },
                                            "cumulative_cardinality": 2668179456,
                                            "operator_type": "PROJECTION",
                                            "operator_cardinality": 1311674025,
                                            "cumulative_rows_scanned": 14674372,
                                            "operator_rows_scanned": 0,
                                            "operator_timing": 0.7350560390003268,
                                            "result_set_size": 65583701250,
                                            "children": [
                                                {
                                                    "operator_name": "HASH_JOIN",
                                                    "cpu_time": 18.99720122999856,
                                                    "extra_info": {
                                                        "Join Type": "LEFT",
                                                        "Conditions": "id = userid",
                                                        "Estimated Cardinality": "7241822"
                                                    },
                                                    "cumulative_cardinality": 1356505431,
                                                    "operator_type": "HASH_JOIN",
                                                    "operator_cardinality": 1311674025,
                                                    "cumulative_rows_scanned": 14674372,
                                                    "operator_rows_scanned": 0,
                                                    "operator_timing": 14.931147400998558,
                                                    "result_set_size": 64272027225,
                                                    "children": [
                                                        {
                                                            "operator_name": "PROJECTION",
                                                            "cpu_time": 3.838352460000001,
                                                            "extra_info": {
                                                                "Projections": [
                                                                    "#0",
                                                                    "#1",
                                                                    "#2",
                                                                    "#3",
                                                                    "__internal_decompress_integral_integer(#4, -72)",
                                                                    "#5",
                                                                    "#6",
                                                                    "#7"
                                                                ],
                                                                "Estimated Cardinality": "7241822"
                                                            },
                                                            "cumulative_cardinality": 40187958,
                                                            "operator_type": "PROJECTION",
                                                            "operator_cardinality": 9425510,
                                                            "cumulative_rows_scanned": 12352648,
                                                            "operator_rows_scanned": 0,
                                                            "operator_timing": 0.007892403000000011,
                                                            "result_set_size": 452424480,
                                                            "children": [
                                                                {
                                                                    "operator_name": "HASH_JOIN",
                                                                    "cpu_time": 3.830460057000001,
                                                                    "extra_info": {
                                                                        "Join Type": "RIGHT",
                                                                        "Conditions": "postid = id",
                                                                        "Estimated Cardinality": "7241822"
                                                                    },
                                                                    "cumulative_cardinality": 30762448,
                                                                    "operator_type": "HASH_JOIN",
                                                                    "operator_cardinality": 9425510,
                                                                    "cumulative_rows_scanned": 12352648,
                                                                    "operator_rows_scanned": 0,
                                                                    "operator_timing": 1.075143733000002,
                                                                    "result_set_size": 433573460,
                                                                    "children": [
                                                                        {
                                                                            "operator_name": "READ_PARQUET ",
                                                                            "cpu_time": 1.8794627979999992,
                                                                            "extra_info": {
                                                                                "Function": "READ_PARQUET",
                                                                                "Projections": [
                                                                                    "id",
                                                                                    "postid",
                                                                                    "score"
                                                                                ],
                                                                                "Estimated Cardinality": "7241822"
                                                                            },
                                                                            "cumulative_cardinality": 7241822,
                                                                            "operator_type": "TABLE_SCAN",
                                                                            "operator_cardinality": 7241822,
                                                                            "cumulative_rows_scanned": 7241822,
                                                                            "operator_rows_scanned": 7241822,
                                                                            "operator_timing": 1.8794627979999992,
                                                                            "result_set_size": 86901864,
                                                                            "children": []
                                                                        },
                                                                        {
                                                                            "operator_name": "PROJECTION",
                                                                            "cpu_time": 0.8758535259999997,
                                                                            "extra_info": {
                                                                                "Projections": [
                                                                                    "#0",
                                                                                    "#1",
                                                                                    "__internal_compress_integral_usmallint(#2, -72)",
                                                                                    "#3",
                                                                                    "#4",
                                                                                    "#5"
                                                                                ],
                                                                                "Estimated Cardinality": "3850116"
                                                                            },
                                                                            "cumulative_cardinality": 14095116,
                                                                            "operator_type": "PROJECTION",
                                                                            "operator_cardinality": 4574495,
                                                                            "cumulative_rows_scanned": 5110826,
                                                                            "operator_rows_scanned": 0,
                                                                            "operator_timing": 0.0034337630000000007,
                                                                            "result_set_size": 173830810,
                                                                            "children": [
                                                                                {
                                                                                    "operator_name": "HASH_JOIN",
                                                                                    "cpu_time": 0.8724197629999997,
                                                                                    "extra_info": {
                                                                                        "Join Type": "RIGHT",
                                                                                        "Conditions": "owneruserid = id",
                                                                                        "Estimated Cardinality": "3850116"
                                                                                    },
                                                                                    "cumulative_cardinality": 9520621,
                                                                                    "operator_type": "HASH_JOIN",
                                                                                    "operator_cardinality": 4574495,
                                                                                    "cumulative_rows_scanned": 5110826,
                                                                                    "operator_rows_scanned": 0,
                                                                                    "operator_timing": 0.33950735700000007,
                                                                                    "result_set_size": 182979800,
                                                                                    "children": [
                                                                                        {
                                                                                            "operator_name": "READ_PARQUET ",
                                                                                            "cpu_time": 0.2310064170000001,
                                                                                            "extra_info": {
                                                                                                "Function": "READ_PARQUET",
                                                                                                "Projections": [
                                                                                                    "id",
                                                                                                    "creationdate",
                                                                                                    "score",
                                                                                                    "owneruserid"
                                                                                                ],
                                                                                                "Estimated Cardinality": "3850116"
                                                                                            },
                                                                                            "cumulative_cardinality": 3685416,
                                                                                            "operator_type": "TABLE_SCAN",
                                                                                            "operator_cardinality": 3685416,
                                                                                            "cumulative_rows_scanned": 3850116,
                                                                                            "operator_rows_scanned": 3850116,
                                                                                            "operator_timing": 0.2310064170000001,
                                                                                            "result_set_size": 73708320,
                                                                                            "children": []
                                                                                        },
                                                                                        {
                                                                                            "operator_name": "READ_PARQUET ",
                                                                                            "cpu_time": 0.3019059889999996,
                                                                                            "extra_info": {
                                                                                                "Function": "READ_PARQUET",
                                                                                                "Projections": [
                                                                                                    "id",
                                                                                                    "reputation",
                                                                                                    "displayname"
                                                                                                ],
                                                                                                "Estimated Cardinality": "1260710"
                                                                                            },
                                                                                            "cumulative_cardinality": 1260710,
                                                                                            "operator_type": "TABLE_SCAN",
                                                                                            "operator_cardinality": 1260710,
                                                                                            "cumulative_rows_scanned": 1260710,
                                                                                            "operator_rows_scanned": 1260710,
                                                                                            "operator_timing": 0.3019059889999996,
                                                                                            "result_set_size": 30257040,
                                                                                            "children": []
                                                                                        }
                                                                                    ]
                                                                                }
                                                                            ]
                                                                        }
                                                                    ]
                                                                }
                                                            ]
                                                        },
                                                        {
                                                            "operator_name": "PROJECTION",
                                                            "cpu_time": 0.22770136900000032,
                                                            "extra_info": {
                                                                "Projections": [
                                                                    "#0",
                                                                    "__internal_compress_integral_utinyint(#1, 1)"
                                                                ],
                                                                "Estimated Cardinality": "2321724"
                                                            },
                                                            "cumulative_cardinality": 4643448,
                                                            "operator_type": "PROJECTION",
                                                            "operator_cardinality": 2321724,
                                                            "cumulative_rows_scanned": 2321724,
                                                            "operator_rows_scanned": 0,
                                                            "operator_timing": 0.0007991000000000009,
                                                            "result_set_size": 11608620,
                                                            "children": [
                                                                {
                                                                    "operator_name": "READ_PARQUET ",
                                                                    "cpu_time": 0.22690226900000032,
                                                                    "extra_info": {
                                                                        "Function": "READ_PARQUET",
                                                                        "Projections": [
                                                                            "userid",
                                                                            "class"
                                                                        ],
                                                                        "Estimated Cardinality": "2321724"
                                                                    },
                                                                    "cumulative_cardinality": 2321724,
                                                                    "operator_type": "TABLE_SCAN",
                                                                    "operator_cardinality": 2321724,
                                                                    "cumulative_rows_scanned": 2321724,
                                                                    "operator_rows_scanned": 2321724,
                                                                    "operator_timing": 0.22690226900000032,
                                                                    "result_set_size": 13930344,
                                                                    "children": []
                                                                }
                                                            ]
                                                        }
                                                    ]
                                                }
                                            ]
                                        }
                                    ]
                                }
                            ]
                        }
                    ]
                }
            ]
        }
    ]
}