{
    "rows_returned": 100,
    "query_name": "WITH UserStats AS (\n    SELECT\n        U.Id AS UserId,\n        U.DisplayName,\n        U.Reputation,\n        U.CreationDate,\n        COUNT(DISTINCT P.Id) AS PostCount,\n        SUM(CASE WHEN P.PostTypeId = 1 THEN 1 ELSE 0 END) AS Questions,\n        SUM(CASE WHEN P.PostTypeId = 2 THEN 1 ELSE 0 END) AS Answers,\n        SUM(CASE WHEN P.ViewCount IS NOT NULL THEN P.ViewCount ELSE 0 END) AS TotalViews,\n        SUM(CASE WHEN P.Score IS NOT NULL THEN P.Score ELSE 0 END) AS TotalScore\n    FROM\n        Users U\n    LEFT JOIN\n        Posts P ON U.Id = P.OwnerUserId\n    GROUP BY\n        U.Id, U.DisplayName, U.Reputation, U.CreationDate\n),\nPostActivity AS (\n    SELECT\n        P.Id AS PostId,\n        P.Title,\n        P.CreationDate,\n        P.LastActivityDate,\n        PH.PostHistoryTypeId,\n        PH.CreationDate AS HistoryDate,\n        PH.UserDisplayName,\n        PH.UserId,\n        COUNT(CASE WHEN C.Id IS NOT NULL THEN 1 END) AS CommentCount\n    FROM\n        Posts P\n    LEFT JOIN\n        PostHistory PH ON P.Id = PH.PostId\n    LEFT JOIN\n        Comments C ON P.Id = C.PostId\n    GROUP BY\n        P.Id, P.Title, P.CreationDate, P.LastActivityDate, PH.PostHistoryTypeId, PH.CreationDate, PH.UserDisplayName, PH.UserId\n)\nSELECT\n    US.UserId,\n    US.DisplayName,\n    US.Reputation,\n    US.PostCount,\n    US.Questions,\n    US.Answers,\n    US.TotalViews,\n    US.TotalScore,\n    PA.PostId,\n    PA.Title,\n    PA.CreationDate AS PostCreationDate,\n    PA.LastActivityDate AS PostLastActivityDate,\n    PA.PostHistoryTypeId,\n    PA.HistoryDate,\n    PA.UserDisplayName AS HistoryUserDisplayName,\n    PA.CommentCount\nFROM\n    UserStats US\nJOIN\n    PostActivity PA ON PA.UserId = US.UserId\nORDER BY\n    US.Reputation DESC, PA.LastActivityDate DESC\nLIMIT 100;",
    "blocked_thread_time": 0.0,
    "cpu_time": 12.932226807999967,
    "extra_info": {},
    "cumulative_cardinality": 203522156,
    "cumulative_rows_scanned": 27998008,
    "result_set_size": 16600,
    "latency": 16.682688328,
    "children": [
        {
            "operator_name": "STREAMING_LIMIT",
            "cpu_time": 12.932226807999967,
            "extra_info": {},
            "cumulative_cardinality": 203522156,
            "operator_type": "STREAMING_LIMIT",
            "operator_cardinality": 100,
            "cumulative_rows_scanned": 27998008,
            "operator_rows_scanned": 0,
            "operator_timing": 0.0000018529999999999999,
            "result_set_size": 16600,
            "children": [
                {
                    "operator_name": "PROJECTION",
                    "cpu_time": 12.932224954999967,
                    "extra_info": {
                        "Projections": [
                            "#0",
                            "#1",
                            "#2",
                            "#3",
                            "#4",
                            "#5",
                            "#6",
                            "#7",
                            "#8",
                            "#9",
                            "#10",
                            "#11",
                            "__internal_decompress_integral_smallint(#12, 1)",
                            "#13",
                            "#14",
                            "#15"
                        ],
                        "Estimated Cardinality": "3850116"
                    },
                    "cumulative_cardinality": 203522056,
                    "operator_type": "PROJECTION",
                    "operator_cardinality": 4096,
                    "cumulative_rows_scanned": 27998008,
                    "operator_rows_scanned": 0,
                    "operator_timing": 0.000009438,
                    "result_set_size": 679936,
                    "children": [
                        {
                            "operator_name": "ORDER_BY",
                            "cpu_time": 12.932215516999968,
                            "extra_info": {
                                "Order By": [
                                    "US.Reputation DESC",
                                    "PA.LastActivityDate DESC"
                                ]
                            },
                            "cumulative_cardinality": 203517960,
                            "operator_type": "ORDER_BY",
                            "operator_cardinality": 4096,
                            "cumulative_rows_scanned": 27998008,
                            "operator_rows_scanned": 0,
                            "operator_timing": 1.5223633719999998,
                            "result_set_size": 675840,
                            "children": [
                                {
                                    "operator_name": "PROJECTION",
                                    "cpu_time": 11.409852144999968,
                                    "extra_info": {
                                        "Projections": [
                                            "#0",
                                            "#1",
                                            "#2",
                                            "#3",
                                            "#4",
                                            "#5",
                                            "#6",
                                            "#7",
                                            "#8",
                                            "#9",
                                            "#10",
                                            "#11",
                                            "__internal_compress_integral_utinyint(#12, 1)",
                                            "#13",
                                            "#14",
                                            "#15"
                                        ],
                                        "Estimated Cardinality": "3850116"
                                    },
                                    "cumulative_cardinality": 203513864,
                                    "operator_type": "PROJECTION",
                                    "operator_cardinality": 10974702,
                                    "cumulative_rows_scanned": 27998008,
                                    "operator_rows_scanned": 0,
                                    "operator_timing": 0.014186219999999828,
                                    "result_set_size": 1810825830,
                                    "children": [
                                        {
                                            "operator_name": "PROJECTION",
                                            "cpu_time": 11.39566592499997,
                                            "extra_info": {
                                                "Projections": [
                                                    "UserId",
                                                    "displayname",
                                                    "reputation",
                                                    "PostCount",
                                                    "Questions",
                                                    "Answers",
                                                    "TotalViews",
                                                    "TotalScore",
                                                    "PostId",
                                                    "title",
                                                    "PostCreationDate",
                                                    "PostLastActivityDate",
                                                    "posthistorytypeid",
                                                    "HistoryDate",
                                                    "HistoryUserDisplayName",
                                                    "CommentCount"
                                                ],
                                                "Estimated Cardinality": "3850116"
                                            },
                                            "cumulative_cardinality": 192539162,
                                            "operator_type": "PROJECTION",
                                            "operator_cardinality": 10974702,
                                            "cumulative_rows_scanned": 27998008,
                                            "operator_rows_scanned": 0,
                                            "operator_timing": 0.0047870969999999555,
                                            "result_set_size": 1821800532,
                                            "children": [
                                                {
                                                    "operator_name": "HASH_JOIN",
                                                    "cpu_time": 11.39087882799997,
                                                    "extra_info": {
                                                        "Join Type": "INNER",
                                                        "Conditions": "userid = UserId",
                                                        "Estimated Cardinality": "3850116"
                                                    },
                                                    "cumulative_cardinality": 181564460,
                                                    "operator_type": "HASH_JOIN",
                                                    "operator_cardinality": 10974702,
                                                    "cumulative_rows_scanned": 27998008,
                                                    "operator_rows_scanned": 0,
                                                    "operator_timing": 0.554900374999998,
                                                    "result_set_size": 1821800532,
                                                    "children": [
                                                        {
                                                            "operator_name": "PROJECTION",
                                                            "cpu_time": 8.803432599999972,
                                                            "extra_info": {
                                                                "Projections": [
                                                                    "#0",
                                                                    "#1",
                                                                    "#2",
                                                                    "#3",
                                                                    "__internal_decompress_integral_smallint(#4, 1)",
                                                                    "#5",
                                                                    "#6",
                                                                    "#7",
                                                                    "#8"
                                                                ],
                                                                "Estimated Cardinality": "3850116"
                                                            },
                                                            "cumulative_cardinality": 149398851,
                                                            "operator_type": "PROJECTION",
                                                            "operator_cardinality": 11095538,
                                                            "cumulative_rows_scanned": 22887182,
                                                            "operator_rows_scanned": 0,
                                                            "operator_timing": 0.0052079550000001,
                                                            "result_set_size": 821069812,
                                                            "children": [
                                                                {
                                                                    "operator_name": "HASH_GROUP_BY",
                                                                    "cpu_time": 8.798224644999973,
                                                                    "extra_info": {
                                                                        "Groups": [
                                                                            "#0",
                                                                            "#1",
                                                                            "#2",
                                                                            "#3",
                                                                            "#4",
                                                                            "#5",
                                                                            "#6",
                                                                            "#7"
                                                                        ],
                                                                        "Aggregates": "count(#8)",
                                                                        "Estimated Cardinality": "3850116"
                                                                    },
                                                                    "cumulative_cardinality": 138303313,
                                                                    "operator_type": "HASH_GROUP_BY",
                                                                    "operator_cardinality": 11095538,
                                                                    "cumulative_rows_scanned": 22887182,
                                                                    "operator_rows_scanned": 0,
                                                                    "operator_timing": 5.478032316999975,
                                                                    "result_set_size": 809974274,
                                                                    "children": [
                                                                        {
                                                                            "operator_name": "PROJECTION",
                                                                            "cpu_time": 3.3201923279999983,
                                                                            "extra_info": {
                                                                                "Projections": [
                                                                                    "id",
                                                                                    "title",
                                                                                    "creationdate",
                                                                                    "lastactivitydate",
                                                                                    "posthistorytypeid",
                                                                                    "creationdate",
                                                                                    "userdisplayname",
                                                                                    "userid",
                                                                                    "CASE  WHEN ((id IS NOT NULL)) THEN (1) ELSE NULL END"
                                                                                ],
                                                                                "Estimated Cardinality": "11795244"
                                                                            },
                                                                            "cumulative_cardinality": 127207775,
                                                                            "operator_type": "PROJECTION",
                                                                            "operator_cardinality": 31348509,
                                                                            "cumulative_rows_scanned": 22887182,
                                                                            "operator_rows_scanned": 0,
                                                                            "operator_timing": 0.08408200499999995,
                                                                            "result_set_size": 2163047121,
                                                                            "children": [
                                                                                {
                                                                                    "operator_name": "PROJECTION",
                                                                                    "cpu_time": 3.2361103229999983,
                                                                                    "extra_info": {
                                                                                        "Projections": [
                                                                                            "__internal_compress_integral_utinyint(#0, 1)",
                                                                                            "#1",
                                                                                            "#2",
                                                                                            "#3",
                                                                                            "#4",
                                                                                            "#5",
                                                                                            "#6",
                                                                                            "#7",
                                                                                            "#8"
                                                                                        ],
                                                                                        "Estimated Cardinality": "11795244"
                                                                                    },
                                                                                    "cumulative_cardinality": 95859266,
                                                                                    "operator_type": "PROJECTION",
                                                                                    "operator_cardinality": 31348509,
                                                                                    "cumulative_rows_scanned": 22887182,
                                                                                    "operator_rows_scanned": 0,
                                                                                    "operator_timing": 0.042801689999999976,
                                                                                    "result_set_size": 2163047121,
                                                                                    "children": [
                                                                                        {
                                                                                            "operator_name": "HASH_JOIN",
                                                                                            "cpu_time": 3.1933086329999982,
                                                                                            "extra_info": {
                                                                                                "Join Type": "LEFT",
                                                                                                "Conditions": "id = postid",
                                                                                                "Estimated Cardinality": "11795244"
                                                                                            },
                                                                                            "cumulative_cardinality": 64510757,
                                                                                            "operator_type": "HASH_JOIN",
                                                                                            "operator_cardinality": 31348509,
                                                                                            "cumulative_rows_scanned": 22887182,
                                                                                            "operator_rows_scanned": 0,
                                                                                            "operator_timing": 1.158664913999998,
                                                                                            "result_set_size": 2194395630,
                                                                                            "children": [
                                                                                                {
                                                                                                    "operator_name": "HASH_JOIN",
                                                                                                    "cpu_time": 1.9590563870000002,
                                                                                                    "extra_info": {
                                                                                                        "Join Type": "RIGHT",
                                                                                                        "Conditions": "postid = id",
                                                                                                        "Estimated Cardinality": "11795244"
                                                                                                    },
                                                                                                    "cumulative_cardinality": 25920426,
                                                                                                    "operator_type": "HASH_JOIN",
                                                                                                    "operator_cardinality": 11095573,
                                                                                                    "cumulative_rows_scanned": 15645360,
                                                                                                    "operator_rows_scanned": 0,
                                                                                                    "operator_timing": 0.9177706749999996,
                                                                                                    "result_set_size": 732307818,
                                                                                                    "children": [
                                                                                                        {
                                                                                                            "operator_name": "READ_PARQUET ",
                                                                                                            "cpu_time": 0.6419108930000003,
                                                                                                            "extra_info": {
                                                                                                                "Function": "READ_PARQUET",
                                                                                                                "Projections": [
                                                                                                                    "posthistorytypeid",
                                                                                                                    "postid",
                                                                                                                    "creationdate",
                                                                                                                    "userid",
                                                                                                                    "userdisplayname"
                                                                                                                ],
                                                                                                                "Estimated Cardinality": "11795244"
                                                                                                            },
                                                                                                            "cumulative_cardinality": 10974737,
                                                                                                            "operator_type": "TABLE_SCAN",
                                                                                                            "operator_cardinality": 10974737,
                                                                                                            "cumulative_rows_scanned": 11795244,
                                                                                                            "operator_rows_scanned": 11795244,
                                                                                                            "operator_timing": 0.6419108930000003,
                                                                                                            "result_set_size": 373141058,
                                                                                                            "children": []
                                                                                                        },
                                                                                                        {
                                                                                                            "operator_name": "READ_PARQUET ",
                                                                                                            "cpu_time": 0.39937481900000044,
                                                                                                            "extra_info": {
                                                                                                                "Function": "READ_PARQUET",
                                                                                                                "Projections": [
                                                                                                                    "id",
                                                                                                                    "creationdate",
                                                                                                                    "lastactivitydate",
                                                                                                                    "title"
                                                                                                                ],
                                                                                                                "Estimated Cardinality": "3850116"
                                                                                                            },
                                                                                                            "cumulative_cardinality": 3850116,
                                                                                                            "operator_type": "TABLE_SCAN",
                                                                                                            "operator_cardinality": 3850116,
                                                                                                            "cumulative_rows_scanned": 3850116,
                                                                                                            "operator_rows_scanned": 3850116,
                                                                                                            "operator_timing": 0.39937481900000044,
                                                                                                            "result_set_size": 138604176,
                                                                                                            "children": []
                                                                                                        }
                                                                                                    ]
                                                                                                },
                                                                                                {
                                                                                                    "operator_name": "READ_PARQUET ",
                                                                                                    "cpu_time": 0.07558733199999994,
                                                                                                    "extra_info": {
                                                                                                        "Function": "READ_PARQUET",
                                                                                                        "Projections": [
                                                                                                            "id",
                                                                                                            "postid"
                                                                                                        ],
                                                                                                        "Estimated Cardinality": "7241822"
                                                                                                    },
                                                                                                    "cumulative_cardinality": 7241822,
                                                                                                    "operator_type": "TABLE_SCAN",
                                                                                                    "operator_cardinality": 7241822,
                                                                                                    "cumulative_rows_scanned": 7241822,
                                                                                                    "operator_rows_scanned": 7241822,
                                                                                                    "operator_timing": 0.07558733199999994,
                                                                                                    "result_set_size": 57934576,
                                                                                                    "children": []
                                                                                                }
                                                                                            ]
                                                                                        }
                                                                                    ]
                                                                                }
                                                                            ]
                                                                        }
                                                                    ]
                                                                }
                                                            ]
                                                        },
                                                        {
                                                            "operator_name": "PROJECTION",
                                                            "cpu_time": 2.032545853,
                                                            "extra_info": {
                                                                "Projections": [
                                                                    "UserId",
                                                                    "displayname",
                                                                    "reputation",
                                                                    "PostCount",
                                                                    "Questions",
                                                                    "Answers",
                                                                    "TotalViews",
                                                                    "TotalScore"
                                                                ],
                                                                "Estimated Cardinality": "1260710"
                                                            },
                                                            "cumulative_cardinality": 21190907,
                                                            "operator_type": "PROJECTION",
                                                            "operator_cardinality": 1260679,
                                                            "cumulative_rows_scanned": 5110826,
                                                            "operator_rows_scanned": 0,
                                                            "operator_timing": 0.00021975599999999964,
                                                            "result_set_size": 121025184,
                                                            "children": [
                                                                {
                                                                    "operator_name": "HASH_GROUP_BY",
                                                                    "cpu_time": 2.032326097,
                                                                    "extra_info": {
                                                                        "Groups": [
                                                                            "#0",
                                                                            "#1",
                                                                            "#2",
                                                                            "#3"
                                                                        ],
                                                                        "Aggregates": [
                                                                            "count(DISTINCT #4)",
                                                                            "sum(#5)",
                                                                            "sum(#6)",
                                                                            "sum(#7)",
                                                                            "sum(#8)"
                                                                        ],
                                                                        "Estimated Cardinality": "1260710"
                                                                    },
                                                                    "cumulative_cardinality": 19930228,
                                                                    "operator_type": "HASH_GROUP_BY",
                                                                    "operator_cardinality": 1260679,
                                                                    "cumulative_rows_scanned": 5110826,
                                                                    "operator_rows_scanned": 0,
                                                                    "operator_timing": 1.3748672759999998,
                                                                    "result_set_size": 131110616,
                                                                    "children": [
                                                                        {
                                                                            "operator_name": "PROJECTION",
                                                                            "cpu_time": 0.6574588210000001,
                                                                            "extra_info": {
                                                                                "Projections": [
                                                                                    "id",
                                                                                    "displayname",
                                                                                    "reputation",
                                                                                    "creationdate",
                                                                                    "id",
                                                                                    "CASE  WHEN ((posttypeid = 1)) THEN (1) ELSE 0 END",
                                                                                    "CASE  WHEN ((posttypeid = 2)) THEN (1) ELSE 0 END",
                                                                                    "CASE  WHEN ((viewcount IS NOT NULL)) THEN (viewcount) ELSE 0 END",
                                                                                    "CASE  WHEN ((score IS NOT NULL)) THEN (score) ELSE 0 END"
                                                                                ],
                                                                                "Estimated Cardinality": "3850116"
                                                                            },
                                                                            "cumulative_cardinality": 18669549,
                                                                            "operator_type": "PROJECTION",
                                                                            "operator_cardinality": 4574464,
                                                                            "cumulative_rows_scanned": 5110826,
                                                                            "operator_rows_scanned": 0,
                                                                            "operator_timing": 0.0886480940000002,
                                                                            "result_set_size": 237872128,
                                                                            "children": [
                                                                                {
                                                                                    "operator_name": "FILTER",
                                                                                    "cpu_time": 0.5688107269999999,
                                                                                    "extra_info": {
                                                                                        "Expression": "(id <= 1416539)",
                                                                                        "Estimated Cardinality": "3850116"
                                                                                    },
                                                                                    "cumulative_cardinality": 14095085,
                                                                                    "operator_type": "FILTER",
                                                                                    "operator_cardinality": 4574464,
                                                                                    "cumulative_rows_scanned": 5110826,
                                                                                    "operator_rows_scanned": 0,
                                                                                    "operator_timing": 0.006847236999999988,
                                                                                    "result_set_size": 210425344,
                                                                                    "children": [
                                                                                        {
                                                                                            "operator_name": "HASH_JOIN",
                                                                                            "cpu_time": 0.5619634899999999,
                                                                                            "extra_info": {
                                                                                                "Join Type": "RIGHT",
                                                                                                "Conditions": "owneruserid = id",
                                                                                                "Estimated Cardinality": "3850116"
                                                                                            },
                                                                                            "cumulative_cardinality": 9520621,
                                                                                            "operator_type": "HASH_JOIN",
                                                                                            "operator_cardinality": 4574495,
                                                                                            "cumulative_rows_scanned": 5110826,
                                                                                            "operator_rows_scanned": 0,
                                                                                            "operator_timing": 0.28123623799999964,
                                                                                            "result_set_size": 210426770,
                                                                                            "children": [
                                                                                                {
                                                                                                    "operator_name": "READ_PARQUET ",
                                                                                                    "cpu_time": 0.1644378480000002,
                                                                                                    "extra_info": {
                                                                                                        "Function": "READ_PARQUET",
                                                                                                        "Projections": [
                                                                                                            "id",
                                                                                                            "posttypeid",
                                                                                                            "score",
                                                                                                            "viewcount",
                                                                                                            "owneruserid"
                                                                                                        ],
                                                                                                        "Estimated Cardinality": "3850116"
                                                                                                    },
                                                                                                    "cumulative_cardinality": 3685416,
                                                                                                    "operator_type": "TABLE_SCAN",
                                                                                                    "operator_cardinality": 3685416,
                                                                                                    "cumulative_rows_scanned": 3850116,
                                                                                                    "operator_rows_scanned": 3850116,
                                                                                                    "operator_timing": 0.1644378480000002,
                                                                                                    "result_set_size": 66337488,
                                                                                                    "children": []
                                                                                                },
                                                                                                {
                                                                                                    "operator_name": "READ_PARQUET ",
                                                                                                    "cpu_time": 0.11628940400000008,
                                                                                                    "extra_info": {
                                                                                                        "Function": "READ_PARQUET",
                                                                                                        "Projections": [
                                                                                                            "id",
                                                                                                            "reputation",
                                                                                                            "creationdate",
                                                                                                            "displayname"
                                                                                                        ],
                                                                                                        "Estimated Cardinality": "1260710"
                                                                                                    },
                                                                                                    "cumulative_cardinality": 1260710,
                                                                                                    "operator_type": "TABLE_SCAN",
                                                                                                    "operator_cardinality": 1260710,
                                                                                                    "cumulative_rows_scanned": 1260710,
                                                                                                    "operator_rows_scanned": 1260710,
                                                                                                    "operator_timing": 0.11628940400000008,
                                                                                                    "result_set_size": 40342720,
                                                                                                    "children": []
                                                                                                }
                                                                                            ]
                                                                                        }
                                                                                    ]
                                                                                }
                                                                            ]
                                                                        }
                                                                    ]
                                                                }
                                                            ]
                                                        }
                                                    ]
                                                }
                                            ]
                                        }
                                    ]
                                }
                            ]
                        }
                    ]
                }
            ]
        }
    ]
}