{
    "rows_returned": 100,
    "query_name": "\nSELECT\n    u.Id AS UserId,\n    u.DisplayName,\n    COUNT(DISTINCT p.Id) AS PostCount,\n    SUM(CASE WHEN p.PostTypeId = 1 THEN 1 ELSE 0 END) AS QuestionCount,\n    SUM(CASE WHEN p.PostTypeId = 2 THEN 1 ELSE 0 END) AS AnswerCount,\n    COALESCE(SUM(CASE WHEN v.VoteTypeId = 2 THEN 1 ELSE 0 END), 0) AS TotalUpVotes,\n    COALESCE(SUM(CASE WHEN v.VoteTypeId = 3 THEN 1 ELSE 0 END), 0) AS TotalDownVotes,\n    AVG(CASE WHEN p.ViewCount IS NOT NULL THEN p.ViewCount ELSE 0 END) AS AvgViewCount,\n    AVG(CASE WHEN p.Score IS NOT NULL THEN p.Score ELSE 0 END) AS AvgScore\nFROM\n    Users u\nLEFT JOIN\n    Posts p ON u.Id = p.OwnerUserId\nLEFT JOIN\n    Votes v ON p.Id = v.PostId\nWHERE\n    u.Reputation > 0 \nGROUP BY\n    u.Id, u.DisplayName\nORDER BY\n    PostCount DESC\nLIMIT 100;\n",
    "blocked_thread_time": 0.0,
    "cpu_time": 4.126287224999997,
    "extra_info": {},
    "cumulative_cardinality": 64584300,
    "cumulative_rows_scanned": 17854919,
    "result_set_size": 10800,
    "latency": 5.500208557,
    "children": [
        {
            "operator_name": "STREAMING_LIMIT",
            "cpu_time": 4.126287224999997,
            "extra_info": {},
            "cumulative_cardinality": 64584300,
            "operator_type": "STREAMING_LIMIT",
            "operator_cardinality": 100,
            "cumulative_rows_scanned": 17854919,
            "operator_rows_scanned": 0,
            "operator_timing": 0.0000021049999999999998,
            "result_set_size": 10800,
            "children": [
                {
                    "operator_name": "ORDER_BY",
                    "cpu_time": 4.126285119999997,
                    "extra_info": {
                        "Order By": "count(DISTINCT p.Id) DESC"
                    },
                    "cumulative_cardinality": 64584200,
                    "operator_type": "ORDER_BY",
                    "operator_cardinality": 4096,
                    "cumulative_rows_scanned": 17854919,
                    "operator_rows_scanned": 0,
                    "operator_timing": 0.06385670399999997,
                    "result_set_size": 442368,
                    "children": [
                        {
                            "operator_name": "PROJECTION",
                            "cpu_time": 4.062428415999997,
                            "extra_info": {
                                "Projections": [
                                    "UserId",
                                    "displayname",
                                    "PostCount",
                                    "QuestionCount",
                                    "AnswerCount",
                                    "TotalUpVotes",
                                    "TotalDownVotes",
                                    "AvgViewCount",
                                    "AvgScore"
                                ],
                                "Estimated Cardinality": "1260710"
                            },
                            "cumulative_cardinality": 64580104,
                            "operator_type": "PROJECTION",
                            "operator_cardinality": 1260710,
                            "cumulative_rows_scanned": 17854919,
                            "operator_rows_scanned": 0,
                            "operator_timing": 0.017653275999999996,
                            "result_set_size": 136156680,
                            "children": [
                                {
                                    "operator_name": "HASH_GROUP_BY",
                                    "cpu_time": 4.044775139999997,
                                    "extra_info": {
                                        "Groups": [
                                            "#0",
                                            "#1"
                                        ],
                                        "Aggregates": [
                                            "count(DISTINCT #2)",
                                            "sum(#3)",
                                            "sum(#4)",
                                            "sum(#5)",
                                            "sum(#6)",
                                            "avg(#7)",
                                            "avg(#8)"
                                        ],
                                        "Estimated Cardinality": "1260710"
                                    },
                                    "cumulative_cardinality": 63319394,
                                    "operator_type": "HASH_GROUP_BY",
                                    "operator_cardinality": 1260710,
                                    "cumulative_rows_scanned": 17854919,
                                    "operator_rows_scanned": 0,
                                    "operator_timing": 2.0926983499999987,
                                    "result_set_size": 136156680,
                                    "children": [
                                        {
                                            "operator_name": "PROJECTION",
                                            "cpu_time": 1.9520767899999987,
                                            "extra_info": {
                                                "Projections": [
                                                    "id",
                                                    "displayname",
                                                    "id",
                                                    "CASE  WHEN ((posttypeid = 1)) THEN (1) ELSE 0 END",
                                                    "CASE  WHEN ((posttypeid = 2)) THEN (1) ELSE 0 END",
                                                    "CASE  WHEN ((votetypeid = 2)) THEN (1) ELSE 0 END",
                                                    "CASE  WHEN ((votetypeid = 3)) THEN (1) ELSE 0 END",
                                                    "CASE  WHEN ((viewcount IS NOT NULL)) THEN (viewcount) ELSE 0 END",
                                                    "CASE  WHEN ((score IS NOT NULL)) THEN (score) ELSE 0 END"
                                                ],
                                                "Estimated Cardinality": "12744093"
                                            },
                                            "cumulative_cardinality": 62058684,
                                            "operator_type": "PROJECTION",
                                            "operator_cardinality": 11739825,
                                            "cumulative_rows_scanned": 17854919,
                                            "operator_rows_scanned": 0,
                                            "operator_timing": 0.21800764499999975,
                                            "result_set_size": 563511600,
                                            "children": [
                                                {
                                                    "operator_name": "PROJECTION",
                                                    "cpu_time": 1.734069144999999,
                                                    "extra_info": {
                                                        "Projections": [
                                                            "#0",
                                                            "#1",
                                                            "__internal_decompress_integral_smallint(#2, 1)",
                                                            "__internal_decompress_integral_integer(#3, -72)",
                                                            "#4",
                                                            "#5",
                                                            "#6"
                                                        ],
                                                        "Estimated Cardinality": "12744093"
                                                    },
                                                    "cumulative_cardinality": 50318859,
                                                    "operator_type": "PROJECTION",
                                                    "operator_cardinality": 11739825,
                                                    "cumulative_rows_scanned": 17854919,
                                                    "operator_rows_scanned": 0,
                                                    "operator_timing": 0.011045689999999848,
                                                    "result_set_size": 422633700,
                                                    "children": [
                                                        {
                                                            "operator_name": "HASH_JOIN",
                                                            "cpu_time": 1.7230234549999992,
                                                            "extra_info": {
                                                                "Join Type": "RIGHT",
                                                                "Conditions": "postid = id",
                                                                "Estimated Cardinality": "12744093"
                                                            },
                                                            "cumulative_cardinality": 38579034,
                                                            "operator_type": "HASH_JOIN",
                                                            "operator_cardinality": 11739825,
                                                            "cumulative_rows_scanned": 17854919,
                                                            "operator_rows_scanned": 0,
                                                            "operator_timing": 0.9272543149999984,
                                                            "result_set_size": 387414225,
                                                            "children": [
                                                                {
                                                                    "operator_name": "READ_PARQUET ",
                                                                    "cpu_time": 0.2658204810000003,
                                                                    "extra_info": {
                                                                        "Function": "READ_PARQUET",
                                                                        "Projections": [
                                                                            "postid",
                                                                            "votetypeid"
                                                                        ],
                                                                        "Estimated Cardinality": "12744093"
                                                                    },
                                                                    "cumulative_cardinality": 12744093,
                                                                    "operator_type": "TABLE_SCAN",
                                                                    "operator_cardinality": 12744093,
                                                                    "cumulative_rows_scanned": 12744093,
                                                                    "operator_rows_scanned": 12744093,
                                                                    "operator_timing": 0.2658204810000003,
                                                                    "result_set_size": 76464558,
                                                                    "children": []
                                                                },
                                                                {
                                                                    "operator_name": "PROJECTION",
                                                                    "cpu_time": 0.5299486590000004,
                                                                    "extra_info": {
                                                                        "Projections": [
                                                                            "#0",
                                                                            "__internal_compress_integral_utinyint(#1, 1)",
                                                                            "__internal_compress_integral_usmallint(#2, -72)",
                                                                            "#3",
                                                                            "#4",
                                                                            "#5"
                                                                        ],
                                                                        "Estimated Cardinality": "3850116"
                                                                    },
                                                                    "cumulative_cardinality": 14095116,
                                                                    "operator_type": "PROJECTION",
                                                                    "operator_cardinality": 4574495,
                                                                    "cumulative_rows_scanned": 5110826,
                                                                    "operator_rows_scanned": 0,
                                                                    "operator_timing": 0.0041755660000000056,
                                                                    "result_set_size": 141809345,
                                                                    "children": [
                                                                        {
                                                                            "operator_name": "HASH_JOIN",
                                                                            "cpu_time": 0.5257730930000004,
                                                                            "extra_info": {
                                                                                "Join Type": "RIGHT",
                                                                                "Conditions": "owneruserid = id",
                                                                                "Estimated Cardinality": "3850116"
                                                                            },
                                                                            "cumulative_cardinality": 9520621,
                                                                            "operator_type": "HASH_JOIN",
                                                                            "operator_cardinality": 4574495,
                                                                            "cumulative_rows_scanned": 5110826,
                                                                            "operator_rows_scanned": 0,
                                                                            "operator_timing": 0.2607991530000006,
                                                                            "result_set_size": 155532830,
                                                                            "children": [
                                                                                {
                                                                                    "operator_name": "READ_PARQUET ",
                                                                                    "cpu_time": 0.17488917199999984,
                                                                                    "extra_info": {
                                                                                        "Function": "READ_PARQUET",
                                                                                        "Projections": [
                                                                                            "id",
                                                                                            "posttypeid",
                                                                                            "score",
                                                                                            "viewcount",
                                                                                            "owneruserid"
                                                                                        ],
                                                                                        "Estimated Cardinality": "3850116"
                                                                                    },
                                                                                    "cumulative_cardinality": 3685416,
                                                                                    "operator_type": "TABLE_SCAN",
                                                                                    "operator_cardinality": 3685416,
                                                                                    "cumulative_rows_scanned": 3850116,
                                                                                    "operator_rows_scanned": 3850116,
                                                                                    "operator_timing": 0.17488917199999984,
                                                                                    "result_set_size": 66337488,
                                                                                    "children": []
                                                                                },
                                                                                {
                                                                                    "operator_name": "READ_PARQUET ",
                                                                                    "cpu_time": 0.09008476800000001,
                                                                                    "extra_info": {
                                                                                        "Function": "READ_PARQUET",
                                                                                        "Projections": [
                                                                                            "id",
                                                                                            "displayname"
                                                                                        ],
                                                                                        "Estimated Cardinality": "252142"
                                                                                    },
                                                                                    "cumulative_cardinality": 1260710,
                                                                                    "operator_type": "TABLE_SCAN",
                                                                                    "operator_cardinality": 1260710,
                                                                                    "cumulative_rows_scanned": 1260710,
                                                                                    "operator_rows_scanned": 1260710,
                                                                                    "operator_timing": 0.09008476800000001,
                                                                                    "result_set_size": 25214200,
                                                                                    "children": []
                                                                                }
                                                                            ]
                                                                        }
                                                                    ]
                                                                }
                                                            ]
                                                        }
                                                    ]
                                                }
                                            ]
                                        }
                                    ]
                                }
                            ]
                        }
                    ]
                }
            ]
        }
    ]
}