{
    "rows_returned": 7,
    "query_name": "WITH PostStats AS (\n    SELECT \n        pt.Name AS PostType,\n        COUNT(p.Id) AS PostCount,\n        AVG(p.Score) AS AvgScore,\n        SUM(p.ViewCount) AS TotalViews,\n        AVG(p.AnswerCount) AS AvgAnswerCount,\n        AVG(p.CommentCount) AS AvgCommentCount\n    FROM \n        Posts p\n    JOIN \n        PostTypes pt ON p.PostTypeId = pt.Id\n    GROUP BY \n        pt.Name\n),\nUserStats AS (\n    SELECT \n        u.DisplayName,\n        COUNT(b.Id) AS BadgeCount,\n        MAX(u.Reputation) AS MaxReputation,\n        AVG(u.Reputation) AS AvgReputation\n    FROM \n        Users u\n    LEFT JOIN \n        Badges b ON u.Id = b.UserId\n    GROUP BY \n        u.DisplayName\n)\nSELECT \n    ps.PostType,\n    ps.PostCount,\n    ps.AvgScore,\n    ps.TotalViews,\n    ps.AvgAnswerCount,\n    ps.AvgCommentCount,\n    us.DisplayName AS UserWithMostBadges,\n    us.BadgeCount,\n    us.MaxReputation,\n    us.AvgReputation\nFROM \n    PostStats ps\nCROSS JOIN \n    (SELECT \n        DisplayName, \n        BadgeCount, \n        MaxReputation, \n        AvgReputation\n     FROM \n        UserStats \n     ORDER BY \n        BadgeCount DESC \n     LIMIT 1) us\nORDER BY \n    ps.PostCount DESC;",
    "blocked_thread_time": 0.0,
    "cpu_time": 1.0145225489999998,
    "extra_info": {},
    "cumulative_cardinality": 22249469,
    "cumulative_rows_scanned": 7432558,
    "result_set_size": 700,
    "latency": 1.100013563,
    "children": [
        {
            "operator_name": "ORDER_BY",
            "cpu_time": 1.0145225489999998,
            "extra_info": {
                "Order By": "ps.PostCount DESC"
            },
            "cumulative_cardinality": 22249469,
            "operator_type": "ORDER_BY",
            "operator_cardinality": 7,
            "cumulative_rows_scanned": 7432558,
            "operator_rows_scanned": 0,
            "operator_timing": 0.000024966,
            "result_set_size": 700,
            "children": [
                {
                    "operator_name": "CROSS_PRODUCT",
                    "cpu_time": 1.0144975829999998,
                    "extra_info": {},
                    "cumulative_cardinality": 22249462,
                    "operator_type": "CROSS_PRODUCT",
                    "operator_cardinality": 7,
                    "cumulative_rows_scanned": 7432558,
                    "operator_rows_scanned": 0,
                    "operator_timing": 0.000051336,
                    "result_set_size": 700,
                    "children": [
                        {
                            "operator_name": "HASH_GROUP_BY",
                            "cpu_time": 0.2808943039999998,
                            "extra_info": {
                                "Groups": "#0",
                                "Aggregates": [
                                    "count_star()",
                                    "avg(#1)",
                                    "sum(#2)",
                                    "avg(#3)",
                                    "avg(#4)"
                                ],
                                "Estimated Cardinality": "1925058"
                            },
                            "cumulative_cardinality": 11550362,
                            "operator_type": "HASH_GROUP_BY",
                            "operator_cardinality": 7,
                            "cumulative_rows_scanned": 3850124,
                            "operator_rows_scanned": 0,
                            "operator_timing": 0.126314671,
                            "result_set_size": 448,
                            "children": [
                                {
                                    "operator_name": "PROJECTION",
                                    "cpu_time": 0.15457963299999983,
                                    "extra_info": {
                                        "Projections": [
                                            "name",
                                            "score",
                                            "viewcount",
                                            "answercount",
                                            "commentcount"
                                        ],
                                        "Estimated Cardinality": "3850116"
                                    },
                                    "cumulative_cardinality": 11550355,
                                    "operator_type": "PROJECTION",
                                    "operator_cardinality": 3850116,
                                    "cumulative_rows_scanned": 3850124,
                                    "operator_rows_scanned": 0,
                                    "operator_timing": 0.00040451000000000506,
                                    "result_set_size": 123203712,
                                    "children": [
                                        {
                                            "operator_name": "HASH_JOIN",
                                            "cpu_time": 0.15417512299999983,
                                            "extra_info": {
                                                "Join Type": "INNER",
                                                "Conditions": "posttypeid = id",
                                                "Estimated Cardinality": "3850116"
                                            },
                                            "cumulative_cardinality": 7700239,
                                            "operator_type": "HASH_JOIN",
                                            "operator_cardinality": 3850116,
                                            "cumulative_rows_scanned": 3850124,
                                            "operator_rows_scanned": 0,
                                            "operator_timing": 0.007999346000000022,
                                            "result_set_size": 123203712,
                                            "children": [
                                                {
                                                    "operator_name": "READ_PARQUET ",
                                                    "cpu_time": 0.1458377859999998,
                                                    "extra_info": {
                                                        "Function": "READ_PARQUET",
                                                        "Projections": [
                                                            "id",
                                                            "posttypeid",
                                                            "score",
                                                            "viewcount",
                                                            "answercount",
                                                            "commentcount"
                                                        ],
                                                        "Estimated Cardinality": "3850116"
                                                    },
                                                    "cumulative_cardinality": 3850116,
                                                    "operator_type": "TABLE_SCAN",
                                                    "operator_cardinality": 3850116,
                                                    "cumulative_rows_scanned": 3850116,
                                                    "operator_rows_scanned": 3850116,
                                                    "operator_timing": 0.1458377859999998,
                                                    "result_set_size": 84702552,
                                                    "children": []
                                                },
                                                {
                                                    "operator_name": "READ_PARQUET ",
                                                    "cpu_time": 0.000337991,
                                                    "extra_info": {
                                                        "Function": "READ_PARQUET",
                                                        "Projections": [
                                                            "id",
                                                            "name"
                                                        ],
                                                        "Filters": "id<=7",
                                                        "Estimated Cardinality": "8"
                                                    },
                                                    "cumulative_cardinality": 7,
                                                    "operator_type": "TABLE_SCAN",
                                                    "operator_cardinality": 7,
                                                    "cumulative_rows_scanned": 8,
                                                    "operator_rows_scanned": 8,
                                                    "operator_timing": 0.000337991,
                                                    "result_set_size": 126,
                                                    "children": []
                                                }
                                            ]
                                        }
                                    ]
                                }
                            ]
                        },
                        {
                            "operator_name": "STREAMING_LIMIT",
                            "cpu_time": 0.733551943,
                            "extra_info": {},
                            "cumulative_cardinality": 10699093,
                            "operator_type": "STREAMING_LIMIT",
                            "operator_cardinality": 1,
                            "cumulative_rows_scanned": 3582434,
                            "operator_rows_scanned": 0,
                            "operator_timing": 0.000002505,
                            "result_set_size": 36,
                            "children": [
                                {
                                    "operator_name": "ORDER_BY",
                                    "cpu_time": 0.733549438,
                                    "extra_info": {
                                        "Order By": "UserStats.BadgeCount DESC"
                                    },
                                    "cumulative_cardinality": 10699092,
                                    "operator_type": "ORDER_BY",
                                    "operator_cardinality": 4096,
                                    "cumulative_rows_scanned": 3582434,
                                    "operator_rows_scanned": 0,
                                    "operator_timing": 0.03171196,
                                    "result_set_size": 147456,
                                    "children": [
                                        {
                                            "operator_name": "HASH_GROUP_BY",
                                            "cpu_time": 0.7018374780000001,
                                            "extra_info": {
                                                "Groups": "#0",
                                                "Aggregates": [
                                                    "count(#1)",
                                                    "max(#2)",
                                                    "avg(#3)"
                                                ],
                                                "Estimated Cardinality": "1260710"
                                            },
                                            "cumulative_cardinality": 10694996,
                                            "operator_type": "HASH_GROUP_BY",
                                            "operator_cardinality": 1045736,
                                            "cumulative_rows_scanned": 3582434,
                                            "operator_rows_scanned": 0,
                                            "operator_timing": 0.35682375700000013,
                                            "result_set_size": 37646496,
                                            "children": [
                                                {
                                                    "operator_name": "PROJECTION",
                                                    "cpu_time": 0.34501372099999994,
                                                    "extra_info": {
                                                        "Projections": [
                                                            "displayname",
                                                            "id",
                                                            "reputation",
                                                            "reputation"
                                                        ],
                                                        "Estimated Cardinality": "2321724"
                                                    },
                                                    "cumulative_cardinality": 9649260,
                                                    "operator_type": "PROJECTION",
                                                    "operator_cardinality": 3033413,
                                                    "cumulative_rows_scanned": 3582434,
                                                    "operator_rows_scanned": 0,
                                                    "operator_timing": 0.0005044219999999967,
                                                    "result_set_size": 84935564,
                                                    "children": [
                                                        {
                                                            "operator_name": "HASH_JOIN",
                                                            "cpu_time": 0.34450929899999994,
                                                            "extra_info": {
                                                                "Join Type": "RIGHT",
                                                                "Conditions": "userid = id",
                                                                "Estimated Cardinality": "2321724"
                                                            },
                                                            "cumulative_cardinality": 6615847,
                                                            "operator_type": "HASH_JOIN",
                                                            "operator_cardinality": 3033413,
                                                            "cumulative_rows_scanned": 3582434,
                                                            "operator_rows_scanned": 0,
                                                            "operator_timing": 0.20642245799999986,
                                                            "result_set_size": 72801912,
                                                            "children": [
                                                                {
                                                                    "operator_name": "READ_PARQUET ",
                                                                    "cpu_time": 0.051433042,
                                                                    "extra_info": {
                                                                        "Function": "READ_PARQUET",
                                                                        "Projections": [
                                                                            "id",
                                                                            "userid"
                                                                        ],
                                                                        "Estimated Cardinality": "2321724"
                                                                    },
                                                                    "cumulative_cardinality": 2321724,
                                                                    "operator_type": "TABLE_SCAN",
                                                                    "operator_cardinality": 2321724,
                                                                    "cumulative_rows_scanned": 2321724,
                                                                    "operator_rows_scanned": 2321724,
                                                                    "operator_timing": 0.051433042,
                                                                    "result_set_size": 18573792,
                                                                    "children": []
                                                                },
                                                                {
                                                                    "operator_name": "READ_PARQUET ",
                                                                    "cpu_time": 0.0866537990000001,
                                                                    "extra_info": {
                                                                        "Function": "READ_PARQUET",
                                                                        "Projections": [
                                                                            "id",
                                                                            "reputation",
                                                                            "displayname"
                                                                        ],
                                                                        "Estimated Cardinality": "1260710"
                                                                    },
                                                                    "cumulative_cardinality": 1260710,
                                                                    "operator_type": "TABLE_SCAN",
                                                                    "operator_cardinality": 1260710,
                                                                    "cumulative_rows_scanned": 1260710,
                                                                    "operator_rows_scanned": 1260710,
                                                                    "operator_timing": 0.0866537990000001,
                                                                    "result_set_size": 30257040,
                                                                    "children": []
                                                                }
                                                            ]
                                                        }
                                                    ]
                                                }
                                            ]
                                        }
                                    ]
                                }
                            ]
                        }
                    ]
                }
            ]
        }
    ]
}