{
    "rows_returned": 10,
    "query_name": "SELECT \n    u.Id AS UserId,\n    u.DisplayName,\n    u.Reputation,\n    COALESCE(p.TotalPosts, 0) AS TotalPosts,\n    COALESCE(c.TotalComments, 0) AS TotalComments,\n    COALESCE(b.TotalBadges, 0) AS TotalBadges\nFROM \n    Users u\nLEFT JOIN (\n    SELECT \n        OwnerUserId,\n        COUNT(*) AS TotalPosts\n    FROM \n        Posts\n    GROUP BY \n        OwnerUserId\n) p ON u.Id = p.OwnerUserId\nLEFT JOIN (\n    SELECT \n        UserId,\n        COUNT(*) AS TotalComments\n    FROM \n        Comments\n    GROUP BY \n        UserId\n) c ON u.Id = c.UserId\nLEFT JOIN (\n    SELECT \n        UserId,\n        COUNT(*) AS TotalBadges\n    FROM \n        Badges\n    GROUP BY \n        UserId\n) b ON u.Id = b.UserId\nORDER BY \n    u.Reputation DESC\nLIMIT 10;",
    "blocked_thread_time": 0.0,
    "cpu_time": 1.5427244270000005,
    "extra_info": {},
    "cumulative_cardinality": 34308725,
    "cumulative_rows_scanned": 14674372,
    "result_set_size": 480,
    "latency": 1.689883058,
    "children": [
        {
            "operator_name": "STREAMING_LIMIT",
            "cpu_time": 1.5427244270000005,
            "extra_info": {},
            "cumulative_cardinality": 34308725,
            "operator_type": "STREAMING_LIMIT",
            "operator_cardinality": 10,
            "cumulative_rows_scanned": 14674372,
            "operator_rows_scanned": 0,
            "operator_timing": 0.000002495,
            "result_set_size": 480,
            "children": [
                {
                    "operator_name": "ORDER_BY",
                    "cpu_time": 1.5427219320000005,
                    "extra_info": {
                        "Order By": "u.Reputation DESC"
                    },
                    "cumulative_cardinality": 34308715,
                    "operator_type": "ORDER_BY",
                    "operator_cardinality": 4096,
                    "cumulative_rows_scanned": 14674372,
                    "operator_rows_scanned": 0,
                    "operator_timing": 0.08908643800000006,
                    "result_set_size": 196608,
                    "children": [
                        {
                            "operator_name": "PROJECTION",
                            "cpu_time": 1.4536354940000005,
                            "extra_info": {
                                "Projections": [
                                    "UserId",
                                    "displayname",
                                    "reputation",
                                    "TotalPosts",
                                    "TotalComments",
                                    "TotalBadges"
                                ],
                                "Estimated Cardinality": "3620911"
                            },
                            "cumulative_cardinality": 34304619,
                            "operator_type": "PROJECTION",
                            "operator_cardinality": 1260710,
                            "cumulative_rows_scanned": 14674372,
                            "operator_rows_scanned": 0,
                            "operator_timing": 0.039053653999999986,
                            "result_set_size": 60514080,
                            "children": [
                                {
                                    "operator_name": "HASH_JOIN",
                                    "cpu_time": 1.4145818400000005,
                                    "extra_info": {
                                        "Join Type": "LEFT",
                                        "Conditions": "id = userid",
                                        "Estimated Cardinality": "3620911"
                                    },
                                    "cumulative_cardinality": 33043909,
                                    "operator_type": "HASH_JOIN",
                                    "operator_cardinality": 1260710,
                                    "cumulative_rows_scanned": 14674372,
                                    "operator_rows_scanned": 0,
                                    "operator_timing": 0.07796045999999997,
                                    "result_set_size": 75642600,
                                    "children": [
                                        {
                                            "operator_name": "HASH_JOIN",
                                            "cpu_time": 1.2272751420000008,
                                            "extra_info": {
                                                "Join Type": "RIGHT",
                                                "Conditions": "userid = id",
                                                "Estimated Cardinality": "3620911"
                                            },
                                            "cumulative_cardinality": 26590730,
                                            "operator_type": "HASH_JOIN",
                                            "operator_cardinality": 1260710,
                                            "cumulative_rows_scanned": 12352648,
                                            "operator_rows_scanned": 0,
                                            "operator_timing": 0.12801512299999998,
                                            "result_set_size": 60514080,
                                            "children": [
                                                {
                                                    "operator_name": "HASH_GROUP_BY",
                                                    "cpu_time": 0.7065239460000008,
                                                    "extra_info": {
                                                        "Groups": "#0",
                                                        "Aggregates": "count_star()",
                                                        "Estimated Cardinality": "3620911"
                                                    },
                                                    "cumulative_cardinality": 14736736,
                                                    "operator_type": "HASH_GROUP_BY",
                                                    "operator_cardinality": 253092,
                                                    "cumulative_rows_scanned": 7241822,
                                                    "operator_rows_scanned": 0,
                                                    "operator_timing": 0.1667293550000002,
                                                    "result_set_size": 3037104,
                                                    "children": [
                                                        {
                                                            "operator_name": "PROJECTION",
                                                            "cpu_time": 0.5397945910000006,
                                                            "extra_info": {
                                                                "Projections": "userid",
                                                                "Estimated Cardinality": "7241822"
                                                            },
                                                            "cumulative_cardinality": 14483644,
                                                            "operator_type": "PROJECTION",
                                                            "operator_cardinality": 7241822,
                                                            "cumulative_rows_scanned": 7241822,
                                                            "operator_rows_scanned": 0,
                                                            "operator_timing": 0.0005115329999999905,
                                                            "result_set_size": 28967288,
                                                            "children": [
                                                                {
                                                                    "operator_name": "READ_PARQUET ",
                                                                    "cpu_time": 0.5392830580000006,
                                                                    "extra_info": {
                                                                        "Function": "READ_PARQUET",
                                                                        "Projections": "userid",
                                                                        "Estimated Cardinality": "7241822"
                                                                    },
                                                                    "cumulative_cardinality": 7241822,
                                                                    "operator_type": "TABLE_SCAN",
                                                                    "operator_cardinality": 7241822,
                                                                    "cumulative_rows_scanned": 7241822,
                                                                    "operator_rows_scanned": 7241822,
                                                                    "operator_timing": 0.5392830580000006,
                                                                    "result_set_size": 28967288,
                                                                    "children": []
                                                                }
                                                            ]
                                                        }
                                                    ]
                                                },
                                                {
                                                    "operator_name": "HASH_JOIN",
                                                    "cpu_time": 0.39273607299999996,
                                                    "extra_info": {
                                                        "Join Type": "RIGHT",
                                                        "Conditions": "owneruserid = id",
                                                        "Estimated Cardinality": "1925058"
                                                    },
                                                    "cumulative_cardinality": 10593284,
                                                    "operator_type": "HASH_JOIN",
                                                    "operator_cardinality": 1260710,
                                                    "cumulative_rows_scanned": 5110826,
                                                    "operator_rows_scanned": 0,
                                                    "operator_timing": 0.13244940399999997,
                                                    "result_set_size": 45385560,
                                                    "children": [
                                                        {
                                                            "operator_name": "HASH_GROUP_BY",
                                                            "cpu_time": 0.14875362700000005,
                                                            "extra_info": {
                                                                "Groups": "#0",
                                                                "Aggregates": "count_star()",
                                                                "Estimated Cardinality": "1925058"
                                                            },
                                                            "cumulative_cardinality": 8071864,
                                                            "operator_type": "HASH_GROUP_BY",
                                                            "operator_cardinality": 371632,
                                                            "cumulative_rows_scanned": 3850116,
                                                            "operator_rows_scanned": 0,
                                                            "operator_timing": 0.119238904,
                                                            "result_set_size": 4459584,
                                                            "children": [
                                                                {
                                                                    "operator_name": "PROJECTION",
                                                                    "cpu_time": 0.029514723000000038,
                                                                    "extra_info": {
                                                                        "Projections": "owneruserid",
                                                                        "Estimated Cardinality": "3850116"
                                                                    },
                                                                    "cumulative_cardinality": 7700232,
                                                                    "operator_type": "PROJECTION",
                                                                    "operator_cardinality": 3850116,
                                                                    "cumulative_rows_scanned": 3850116,
                                                                    "operator_rows_scanned": 0,
                                                                    "operator_timing": 0.0003204099999999999,
                                                                    "result_set_size": 15400464,
                                                                    "children": [
                                                                        {
                                                                            "operator_name": "READ_PARQUET ",
                                                                            "cpu_time": 0.029194313000000038,
                                                                            "extra_info": {
                                                                                "Function": "READ_PARQUET",
                                                                                "Projections": "owneruserid",
                                                                                "Estimated Cardinality": "3850116"
                                                                            },
                                                                            "cumulative_cardinality": 3850116,
                                                                            "operator_type": "TABLE_SCAN",
                                                                            "operator_cardinality": 3850116,
                                                                            "cumulative_rows_scanned": 3850116,
                                                                            "operator_rows_scanned": 3850116,
                                                                            "operator_timing": 0.029194313000000038,
                                                                            "result_set_size": 15400464,
                                                                            "children": []
                                                                        }
                                                                    ]
                                                                }
                                                            ]
                                                        },
                                                        {
                                                            "operator_name": "READ_PARQUET ",
                                                            "cpu_time": 0.11153304199999996,
                                                            "extra_info": {
                                                                "Function": "READ_PARQUET",
                                                                "Projections": [
                                                                    "id",
                                                                    "reputation",
                                                                    "displayname"
                                                                ],
                                                                "Estimated Cardinality": "1260710"
                                                            },
                                                            "cumulative_cardinality": 1260710,
                                                            "operator_type": "TABLE_SCAN",
                                                            "operator_cardinality": 1260710,
                                                            "cumulative_rows_scanned": 1260710,
                                                            "operator_rows_scanned": 1260710,
                                                            "operator_timing": 0.11153304199999996,
                                                            "result_set_size": 30257040,
                                                            "children": []
                                                        }
                                                    ]
                                                }
                                            ]
                                        },
                                        {
                                            "operator_name": "HASH_GROUP_BY",
                                            "cpu_time": 0.10934623799999993,
                                            "extra_info": {
                                                "Groups": "#0",
                                                "Aggregates": "count_star()",
                                                "Estimated Cardinality": "1160862"
                                            },
                                            "cumulative_cardinality": 5192469,
                                            "operator_type": "HASH_GROUP_BY",
                                            "operator_cardinality": 549021,
                                            "cumulative_rows_scanned": 2321724,
                                            "operator_rows_scanned": 0,
                                            "operator_timing": 0.09331779299999997,
                                            "result_set_size": 6588252,
                                            "children": [
                                                {
                                                    "operator_name": "PROJECTION",
                                                    "cpu_time": 0.016028444999999964,
                                                    "extra_info": {
                                                        "Projections": "userid",
                                                        "Estimated Cardinality": "2321724"
                                                    },
                                                    "cumulative_cardinality": 4643448,
                                                    "operator_type": "PROJECTION",
                                                    "operator_cardinality": 2321724,
                                                    "cumulative_rows_scanned": 2321724,
                                                    "operator_rows_scanned": 0,
                                                    "operator_timing": 0.0002305019999999998,
                                                    "result_set_size": 9286896,
                                                    "children": [
                                                        {
                                                            "operator_name": "READ_PARQUET ",
                                                            "cpu_time": 0.015797942999999964,
                                                            "extra_info": {
                                                                "Function": "READ_PARQUET",
                                                                "Projections": "userid",
                                                                "Estimated Cardinality": "2321724"
                                                            },
                                                            "cumulative_cardinality": 2321724,
                                                            "operator_type": "TABLE_SCAN",
                                                            "operator_cardinality": 2321724,
                                                            "cumulative_rows_scanned": 2321724,
                                                            "operator_rows_scanned": 2321724,
                                                            "operator_timing": 0.015797942999999964,
                                                            "result_set_size": 9286896,
                                                            "children": []
                                                        }
                                                    ]
                                                }
                                            ]
                                        }
                                    ]
                                }
                            ]
                        }
                    ]
                }
            ]
        }
    ]
}