{
    "rows_returned": 100,
    "query_name": "\nSELECT \n    p.Id AS PostId,\n    p.Title,\n    p.CreationDate,\n    p.ViewCount,\n    p.AnswerCount,\n    p.Score,\n    u.DisplayName AS OwnerDisplayName,\n    u.Reputation AS OwnerReputation,\n    ARRAY_AGG(t.TagName) AS Tags,\n    COUNT(c.Id) AS CommentCount,\n    COALESCE(SUM(v.BountyAmount), 0) AS TotalBountyAmount\n\nFROM \n    Posts p\nINNER JOIN \n    Users u ON p.OwnerUserId = u.Id\nLEFT JOIN \n    Tags t ON t.ExcerptPostId = p.Id\nLEFT JOIN \n    Comments c ON c.PostId = p.Id\nLEFT JOIN \n    Votes v ON v.PostId = p.Id AND v.VoteTypeId IN (8, 9)\n\nGROUP BY \n    p.Id, p.Title, p.CreationDate, p.ViewCount, p.AnswerCount, p.Score, \n    u.DisplayName, u.Reputation\nORDER BY \n    p.CreationDate DESC\nLIMIT 100;\n",
    "blocked_thread_time": 0.0,
    "cpu_time": 4.823788562999997,
    "extra_info": {},
    "cumulative_cardinality": 77444512,
    "cumulative_rows_scanned": 25098717,
    "result_set_size": 173840,
    "latency": 5.643512883,
    "children": [
        {
            "operator_name": "STREAMING_LIMIT",
            "cpu_time": 4.823788562999997,
            "extra_info": {},
            "cumulative_cardinality": 77444512,
            "operator_type": "STREAMING_LIMIT",
            "operator_cardinality": 100,
            "cumulative_rows_scanned": 25098717,
            "operator_rows_scanned": 0,
            "operator_timing": 0.000002024,
            "result_set_size": 173840,
            "children": [
                {
                    "operator_name": "PROJECTION",
                    "cpu_time": 4.823786538999998,
                    "extra_info": {
                        "Projections": [
                            "#0",
                            "#1",
                            "#2",
                            "#3",
                            "__internal_decompress_integral_integer(#4, 0)",
                            "__internal_decompress_integral_integer(#5, -72)",
                            "#6",
                            "#7",
                            "#8",
                            "#9",
                            "#10"
                        ],
                        "Estimated Cardinality": "3850116"
                    },
                    "cumulative_cardinality": 77444412,
                    "operator_type": "PROJECTION",
                    "operator_cardinality": 4096,
                    "cumulative_rows_scanned": 25098717,
                    "operator_rows_scanned": 0,
                    "operator_timing": 0.000022020999999999998,
                    "result_set_size": 671744,
                    "children": [
                        {
                            "operator_name": "ORDER_BY",
                            "cpu_time": 4.823764517999997,
                            "extra_info": {
                                "Order By": "p.CreationDate DESC"
                            },
                            "cumulative_cardinality": 77440316,
                            "operator_type": "ORDER_BY",
                            "operator_cardinality": 4096,
                            "cumulative_rows_scanned": 25098717,
                            "operator_rows_scanned": 0,
                            "operator_timing": 0.6381468370000012,
                            "result_set_size": 651264,
                            "children": [
                                {
                                    "operator_name": "PROJECTION",
                                    "cpu_time": 4.1856176809999965,
                                    "extra_info": {
                                        "Projections": [
                                            "#0",
                                            "#1",
                                            "#2",
                                            "#3",
                                            "__internal_compress_integral_utinyint(#4, 0)",
                                            "__internal_compress_integral_usmallint(#5, -72)",
                                            "#6",
                                            "#7",
                                            "#8",
                                            "#9",
                                            "#10"
                                        ],
                                        "Estimated Cardinality": "3850116"
                                    },
                                    "cumulative_cardinality": 77436220,
                                    "operator_type": "PROJECTION",
                                    "operator_cardinality": 3685416,
                                    "cumulative_rows_scanned": 25098717,
                                    "operator_rows_scanned": 0,
                                    "operator_timing": 0.01324921300000001,
                                    "result_set_size": 585487064,
                                    "children": [
                                        {
                                            "operator_name": "PROJECTION",
                                            "cpu_time": 4.172368467999997,
                                            "extra_info": {
                                                "Projections": [
                                                    "PostId",
                                                    "title",
                                                    "creationdate",
                                                    "viewcount",
                                                    "answercount",
                                                    "score",
                                                    "OwnerDisplayName",
                                                    "OwnerReputation",
                                                    "Tags",
                                                    "CommentCount",
                                                    "TotalBountyAmount"
                                                ],
                                                "Estimated Cardinality": "3850116"
                                            },
                                            "cumulative_cardinality": 73750804,
                                            "operator_type": "PROJECTION",
                                            "operator_cardinality": 3685416,
                                            "cumulative_rows_scanned": 25098717,
                                            "operator_rows_scanned": 0,
                                            "operator_timing": 0.025542224000000058,
                                            "result_set_size": 603914144,
                                            "children": [
                                                {
                                                    "operator_name": "PROJECTION",
                                                    "cpu_time": 4.146826243999997,
                                                    "extra_info": {
                                                        "Projections": [
                                                            "#0",
                                                            "#1",
                                                            "#2",
                                                            "#3",
                                                            "__internal_decompress_integral_integer(#4, 0)",
                                                            "__internal_decompress_integral_integer(#5, -72)",
                                                            "#6",
                                                            "#7",
                                                            "#8",
                                                            "#9",
                                                            "#10"
                                                        ],
                                                        "Estimated Cardinality": "3850116"
                                                    },
                                                    "cumulative_cardinality": 70065388,
                                                    "operator_type": "PROJECTION",
                                                    "operator_cardinality": 3685416,
                                                    "cumulative_rows_scanned": 25098717,
                                                    "operator_rows_scanned": 0,
                                                    "operator_timing": 0.01344912900000001,
                                                    "result_set_size": 603914144,
                                                    "children": [
                                                        {
                                                            "operator_name": "HASH_GROUP_BY",
                                                            "cpu_time": 4.133377114999997,
                                                            "extra_info": {
                                                                "Groups": [
                                                                    "#0",
                                                                    "#1",
                                                                    "#2",
                                                                    "#3",
                                                                    "#4",
                                                                    "#5",
                                                                    "#6",
                                                                    "#7"
                                                                ],
                                                                "Aggregates": [
                                                                    "array_agg(#8)",
                                                                    "count(#9)",
                                                                    "sum(#10)"
                                                                ],
                                                                "Estimated Cardinality": "3850116"
                                                            },
                                                            "cumulative_cardinality": 66379972,
                                                            "operator_type": "HASH_GROUP_BY",
                                                            "operator_cardinality": 3685416,
                                                            "cumulative_rows_scanned": 25098717,
                                                            "operator_rows_scanned": 0,
                                                            "operator_timing": 1.9417648739999984,
                                                            "result_set_size": 585519832,
                                                            "children": [
                                                                {
                                                                    "operator_name": "PROJECTION",
                                                                    "cpu_time": 2.1916122409999987,
                                                                    "extra_info": {
                                                                        "Projections": [
                                                                            "id",
                                                                            "title",
                                                                            "creationdate",
                                                                            "viewcount",
                                                                            "answercount",
                                                                            "score",
                                                                            "displayname",
                                                                            "reputation",
                                                                            "tagname",
                                                                            "id",
                                                                            "bountyamount"
                                                                        ],
                                                                        "Estimated Cardinality": "7241822"
                                                                    },
                                                                    "cumulative_cardinality": 62694556,
                                                                    "operator_type": "PROJECTION",
                                                                    "operator_cardinality": 8609326,
                                                                    "cumulative_rows_scanned": 25098717,
                                                                    "operator_rows_scanned": 0,
                                                                    "operator_timing": 0.0042975790000000695,
                                                                    "result_set_size": 680136754,
                                                                    "children": [
                                                                        {
                                                                            "operator_name": "PROJECTION",
                                                                            "cpu_time": 2.1873146619999986,
                                                                            "extra_info": {
                                                                                "Projections": [
                                                                                    "#0",
                                                                                    "#1",
                                                                                    "__internal_compress_integral_usmallint(#2, -72)",
                                                                                    "#3",
                                                                                    "#4",
                                                                                    "__internal_compress_integral_utinyint(#5, 0)",
                                                                                    "#6",
                                                                                    "#7",
                                                                                    "#8",
                                                                                    "#9",
                                                                                    "#10"
                                                                                ],
                                                                                "Estimated Cardinality": "7241822"
                                                                            },
                                                                            "cumulative_cardinality": 54085230,
                                                                            "operator_type": "PROJECTION",
                                                                            "operator_cardinality": 8609326,
                                                                            "cumulative_rows_scanned": 25098717,
                                                                            "operator_rows_scanned": 0,
                                                                            "operator_timing": 0.014908109000000043,
                                                                            "result_set_size": 680136754,
                                                                            "children": [
                                                                                {
                                                                                    "operator_name": "PROJECTION",
                                                                                    "cpu_time": 2.1724065529999987,
                                                                                    "extra_info": {
                                                                                        "Projections": [
                                                                                            "#0",
                                                                                            "#1",
                                                                                            "#2",
                                                                                            "#3",
                                                                                            "#4",
                                                                                            "#5",
                                                                                            "#6",
                                                                                            "#7",
                                                                                            "#8",
                                                                                            "#9",
                                                                                            "__internal_decompress_integral_integer(#10, 0)"
                                                                                        ],
                                                                                        "Estimated Cardinality": "7241822"
                                                                                    },
                                                                                    "cumulative_cardinality": 45475904,
                                                                                    "operator_type": "PROJECTION",
                                                                                    "operator_cardinality": 8609326,
                                                                                    "cumulative_rows_scanned": 25098717,
                                                                                    "operator_rows_scanned": 0,
                                                                                    "operator_timing": 0.010185673999999971,
                                                                                    "result_set_size": 723183384,
                                                                                    "children": [
                                                                                        {
                                                                                            "operator_name": "HASH_JOIN",
                                                                                            "cpu_time": 2.1622208789999986,
                                                                                            "extra_info": {
                                                                                                "Join Type": "LEFT",
                                                                                                "Conditions": "id = postid",
                                                                                                "Estimated Cardinality": "7241822"
                                                                                            },
                                                                                            "cumulative_cardinality": 36866578,
                                                                                            "operator_type": "HASH_JOIN",
                                                                                            "operator_cardinality": 8609326,
                                                                                            "cumulative_rows_scanned": 25098717,
                                                                                            "operator_rows_scanned": 0,
                                                                                            "operator_timing": 0.28031111099999967,
                                                                                            "result_set_size": 705964732,
                                                                                            "children": [
                                                                                                {
                                                                                                    "operator_name": "HASH_JOIN",
                                                                                                    "cpu_time": 1.6596867749999995,
                                                                                                    "extra_info": {
                                                                                                        "Join Type": "LEFT",
                                                                                                        "Conditions": "id = postid",
                                                                                                        "Estimated Cardinality": "7241822"
                                                                                                    },
                                                                                                    "cumulative_cardinality": 28097156,
                                                                                                    "operator_type": "HASH_JOIN",
                                                                                                    "operator_cardinality": 8536431,
                                                                                                    "cumulative_rows_scanned": 12354624,
                                                                                                    "operator_rows_scanned": 0,
                                                                                                    "operator_timing": 0.5867977060000011,
                                                                                                    "result_set_size": 682914480,
                                                                                                    "children": [
                                                                                                        {
                                                                                                            "operator_name": "HASH_JOIN",
                                                                                                            "cpu_time": 0.9703061669999989,
                                                                                                            "extra_info": {
                                                                                                                "Join Type": "LEFT",
                                                                                                                "Conditions": "id = excerptpostid",
                                                                                                                "Estimated Cardinality": "3850116"
                                                                                                            },
                                                                                                            "cumulative_cardinality": 12318903,
                                                                                                            "operator_type": "HASH_JOIN",
                                                                                                            "operator_cardinality": 3685416,
                                                                                                            "cumulative_rows_scanned": 5112802,
                                                                                                            "operator_rows_scanned": 0,
                                                                                                            "operator_timing": 0.07964109899999994,
                                                                                                            "result_set_size": 280091616,
                                                                                                            "children": [
                                                                                                                {
                                                                                                                    "operator_name": "HASH_JOIN",
                                                                                                                    "cpu_time": 0.890167036999999,
                                                                                                                    "extra_info": {
                                                                                                                        "Join Type": "INNER",
                                                                                                                        "Conditions": "owneruserid = id",
                                                                                                                        "Estimated Cardinality": "3850116"
                                                                                                                    },
                                                                                                                    "cumulative_cardinality": 8631511,
                                                                                                                    "operator_type": "HASH_JOIN",
                                                                                                                    "operator_cardinality": 3685416,
                                                                                                                    "cumulative_rows_scanned": 5110826,
                                                                                                                    "operator_rows_scanned": 0,
                                                                                                                    "operator_timing": 0.25933422599999917,
                                                                                                                    "result_set_size": 221124960,
                                                                                                                    "children": [
                                                                                                                        {
                                                                                                                            "operator_name": "READ_PARQUET ",
                                                                                                                            "cpu_time": 0.54067048,
                                                                                                                            "extra_info": {
                                                                                                                                "Function": "READ_PARQUET",
                                                                                                                                "Projections": [
                                                                                                                                    "id",
                                                                                                                                    "creationdate",
                                                                                                                                    "score",
                                                                                                                                    "viewcount",
                                                                                                                                    "owneruserid",
                                                                                                                                    "title",
                                                                                                                                    "answercount"
                                                                                                                                ],
                                                                                                                                "Estimated Cardinality": "3850116"
                                                                                                                            },
                                                                                                                            "cumulative_cardinality": 3685416,
                                                                                                                            "operator_type": "TABLE_SCAN",
                                                                                                                            "operator_cardinality": 3685416,
                                                                                                                            "cumulative_rows_scanned": 3850116,
                                                                                                                            "operator_rows_scanned": 3850116,
                                                                                                                            "operator_timing": 0.54067048,
                                                                                                                            "result_set_size": 162158304,
                                                                                                                            "children": []
                                                                                                                        },
                                                                                                                        {
                                                                                                                            "operator_name": "READ_PARQUET ",
                                                                                                                            "cpu_time": 0.09016233099999994,
                                                                                                                            "extra_info": {
                                                                                                                                "Function": "READ_PARQUET",
                                                                                                                                "Projections": [
                                                                                                                                    "id",
                                                                                                                                    "reputation",
                                                                                                                                    "displayname"
                                                                                                                                ],
                                                                                                                                "Filters": "id<=1416539",
                                                                                                                                "Estimated Cardinality": "1260710"
                                                                                                                            },
                                                                                                                            "cumulative_cardinality": 1260679,
                                                                                                                            "operator_type": "TABLE_SCAN",
                                                                                                                            "operator_cardinality": 1260679,
                                                                                                                            "cumulative_rows_scanned": 1260710,
                                                                                                                            "operator_rows_scanned": 1260710,
                                                                                                                            "operator_timing": 0.09016233099999994,
                                                                                                                            "result_set_size": 30256296,
                                                                                                                            "children": []
                                                                                                                        }
                                                                                                                    ]
                                                                                                                },
                                                                                                                {
                                                                                                                    "operator_name": "READ_PARQUET ",
                                                                                                                    "cpu_time": 0.000498031,
                                                                                                                    "extra_info": {
                                                                                                                        "Function": "READ_PARQUET",
                                                                                                                        "Projections": [
                                                                                                                            "tagname",
                                                                                                                            "excerptpostid"
                                                                                                                        ],
                                                                                                                        "Estimated Cardinality": "1976"
                                                                                                                    },
                                                                                                                    "cumulative_cardinality": 1976,
                                                                                                                    "operator_type": "TABLE_SCAN",
                                                                                                                    "operator_cardinality": 1976,
                                                                                                                    "cumulative_rows_scanned": 1976,
                                                                                                                    "operator_rows_scanned": 1976,
                                                                                                                    "operator_timing": 0.000498031,
                                                                                                                    "result_set_size": 39520,
                                                                                                                    "children": []
                                                                                                                }
                                                                                                            ]
                                                                                                        },
                                                                                                        {
                                                                                                            "operator_name": "READ_PARQUET ",
                                                                                                            "cpu_time": 0.10258290199999953,
                                                                                                            "extra_info": {
                                                                                                                "Function": "READ_PARQUET",
                                                                                                                "Projections": [
                                                                                                                    "id",
                                                                                                                    "postid"
                                                                                                                ],
                                                                                                                "Estimated Cardinality": "7241822"
                                                                                                            },
                                                                                                            "cumulative_cardinality": 7241822,
                                                                                                            "operator_type": "TABLE_SCAN",
                                                                                                            "operator_cardinality": 7241822,
                                                                                                            "cumulative_rows_scanned": 7241822,
                                                                                                            "operator_rows_scanned": 7241822,
                                                                                                            "operator_timing": 0.10258290199999953,
                                                                                                            "result_set_size": 57934576,
                                                                                                            "children": []
                                                                                                        }
                                                                                                    ]
                                                                                                },
                                                                                                {
                                                                                                    "operator_name": "PROJECTION",
                                                                                                    "cpu_time": 0.22222299299999937,
                                                                                                    "extra_info": {
                                                                                                        "Projections": [
                                                                                                            "#0",
                                                                                                            "__internal_compress_integral_usmallint(#1, 0)"
                                                                                                        ],
                                                                                                        "Estimated Cardinality": "2548818"
                                                                                                    },
                                                                                                    "cumulative_cardinality": 160096,
                                                                                                    "operator_type": "PROJECTION",
                                                                                                    "operator_cardinality": 80048,
                                                                                                    "cumulative_rows_scanned": 12744093,
                                                                                                    "operator_rows_scanned": 0,
                                                                                                    "operator_timing": 0.0032277789999999853,
                                                                                                    "result_set_size": 480288,
                                                                                                    "children": [
                                                                                                        {
                                                                                                            "operator_name": "READ_PARQUET ",
                                                                                                            "cpu_time": 0.21899521399999938,
                                                                                                            "extra_info": {
                                                                                                                "Function": "READ_PARQUET",
                                                                                                                "Projections": [
                                                                                                                    "postid",
                                                                                                                    "bountyamount"
                                                                                                                ],
                                                                                                                "Filters": "votetypeid>=8 AND votetypeid<=9",
                                                                                                                "Estimated Cardinality": "2548818"
                                                                                                            },
                                                                                                            "cumulative_cardinality": 80048,
                                                                                                            "operator_type": "TABLE_SCAN",
                                                                                                            "operator_cardinality": 80048,
                                                                                                            "cumulative_rows_scanned": 12744093,
                                                                                                            "operator_rows_scanned": 12744093,
                                                                                                            "operator_timing": 0.21899521399999938,
                                                                                                            "result_set_size": 640384,
                                                                                                            "children": []
                                                                                                        }
                                                                                                    ]
                                                                                                }
                                                                                            ]
                                                                                        }
                                                                                    ]
                                                                                }
                                                                            ]
                                                                        }
                                                                    ]
                                                                }
                                                            ]
                                                        }
                                                    ]
                                                }
                                            ]
                                        }
                                    ]
                                }
                            ]
                        }
                    ]
                }
            ]
        }
    ]
}