{
    "rows_returned": 8824970,
    "query_name": "WITH UserPostStats AS (\n    SELECT \n        u.Id AS UserId,\n        u.DisplayName,\n        COUNT(p.Id) AS TotalPosts,\n        SUM(CASE WHEN p.PostTypeId = 1 THEN 1 ELSE 0 END) AS TotalQuestions,\n        SUM(CASE WHEN p.PostTypeId = 2 THEN 1 ELSE 0 END) AS TotalAnswers,\n        SUM(p.ViewCount) AS TotalViews,\n        SUM(p.Score) AS TotalScore,\n        MAX(p.CreationDate) AS LatestPostDate\n    FROM \n        Users u\n    LEFT JOIN \n        Posts p ON u.Id = p.OwnerUserId\n    GROUP BY \n        u.Id, u.DisplayName\n),\nPostTypesCount AS (\n    SELECT \n        pt.Name AS PostType,\n        COUNT(p.Id) AS PostCount\n    FROM \n        PostTypes pt\n    LEFT JOIN \n        Posts p ON pt.Id = p.PostTypeId\n    GROUP BY \n        pt.Id, pt.Name\n)\nSELECT \n    u.UserId,\n    u.DisplayName,\n    u.TotalPosts,\n    u.TotalQuestions,\n    u.TotalAnswers,\n    u.TotalViews,\n    u.TotalScore,\n    u.LatestPostDate,\n    pt.PostType,\n    pt.PostCount\nFROM \n    UserPostStats u\nLEFT JOIN \n    PostTypesCount pt ON pt.PostCount > 0\nORDER BY \n    u.TotalScore DESC, u.TotalPosts DESC, u.DisplayName;",
    "blocked_thread_time": 0.0,
    "cpu_time": 3.9766616480000017,
    "extra_info": {},
    "cumulative_cardinality": 48406271,
    "cumulative_rows_scanned": 8960950,
    "result_set_size": 1094296280,
    "latency": 27.452373411,
    "children": [
        {
            "operator_name": "ORDER_BY",
            "cpu_time": 3.9766616480000017,
            "extra_info": {
                "Order By": [
                    "u.TotalScore DESC",
                    "u.TotalPosts DESC",
                    "u.DisplayName ASC"
                ]
            },
            "cumulative_cardinality": 48406271,
            "operator_type": "ORDER_BY",
            "operator_cardinality": 8824970,
            "cumulative_rows_scanned": 8960950,
            "operator_rows_scanned": 0,
            "operator_timing": 1.9346940360000016,
            "result_set_size": 1094296280,
            "children": [
                {
                    "operator_name": "BLOCKWISE_NL_JOIN",
                    "cpu_time": 2.041967612,
                    "extra_info": {
                        "Join Type": "LEFT",
                        "Condition": "true"
                    },
                    "cumulative_cardinality": 39581301,
                    "operator_type": "BLOCKWISE_NL_JOIN",
                    "operator_cardinality": 8824970,
                    "cumulative_rows_scanned": 8960950,
                    "operator_rows_scanned": 0,
                    "operator_timing": 0.05866007299999984,
                    "result_set_size": 1094296280,
                    "children": [
                        {
                            "operator_name": "HASH_GROUP_BY",
                            "cpu_time": 1.7079527090000002,
                            "extra_info": {
                                "Groups": [
                                    "#0",
                                    "#1"
                                ],
                                "Aggregates": [
                                    "count(#2)",
                                    "sum(#3)",
                                    "sum(#4)",
                                    "sum(#5)",
                                    "sum(#6)",
                                    "max(#7)"
                                ],
                                "Estimated Cardinality": "1260710"
                            },
                            "cumulative_cardinality": 15355826,
                            "operator_type": "HASH_GROUP_BY",
                            "operator_cardinality": 1260710,
                            "cumulative_rows_scanned": 5110826,
                            "operator_rows_scanned": 0,
                            "operator_timing": 0.8795857399999996,
                            "result_set_size": 126071000,
                            "children": [
                                {
                                    "operator_name": "PROJECTION",
                                    "cpu_time": 0.8283669690000005,
                                    "extra_info": {
                                        "Projections": [
                                            "id",
                                            "displayname",
                                            "id",
                                            "CASE  WHEN ((posttypeid = 1)) THEN (1) ELSE 0 END",
                                            "CASE  WHEN ((posttypeid = 2)) THEN (1) ELSE 0 END",
                                            "viewcount",
                                            "score",
                                            "creationdate"
                                        ],
                                        "Estimated Cardinality": "3850116"
                                    },
                                    "cumulative_cardinality": 14095116,
                                    "operator_type": "PROJECTION",
                                    "operator_cardinality": 4574495,
                                    "cumulative_rows_scanned": 5110826,
                                    "operator_rows_scanned": 0,
                                    "operator_timing": 0.06683850200000004,
                                    "result_set_size": 219575760,
                                    "children": [
                                        {
                                            "operator_name": "HASH_JOIN",
                                            "cpu_time": 0.7615284670000004,
                                            "extra_info": {
                                                "Join Type": "RIGHT",
                                                "Conditions": "owneruserid = id",
                                                "Estimated Cardinality": "3850116"
                                            },
                                            "cumulative_cardinality": 9520621,
                                            "operator_type": "HASH_JOIN",
                                            "operator_cardinality": 4574495,
                                            "cumulative_rows_scanned": 5110826,
                                            "operator_rows_scanned": 0,
                                            "operator_timing": 0.3686222579999999,
                                            "result_set_size": 192128790,
                                            "children": [
                                                {
                                                    "operator_name": "READ_PARQUET ",
                                                    "cpu_time": 0.2882768270000005,
                                                    "extra_info": {
                                                        "Function": "READ_PARQUET",
                                                        "Projections": [
                                                            "id",
                                                            "posttypeid",
                                                            "creationdate",
                                                            "score",
                                                            "viewcount",
                                                            "owneruserid"
                                                        ],
                                                        "Estimated Cardinality": "3850116"
                                                    },
                                                    "cumulative_cardinality": 3685416,
                                                    "operator_type": "TABLE_SCAN",
                                                    "operator_cardinality": 3685416,
                                                    "cumulative_rows_scanned": 3850116,
                                                    "operator_rows_scanned": 3850116,
                                                    "operator_timing": 0.2882768270000005,
                                                    "result_set_size": 95820816,
                                                    "children": []
                                                },
                                                {
                                                    "operator_name": "READ_PARQUET ",
                                                    "cpu_time": 0.10462938199999999,
                                                    "extra_info": {
                                                        "Function": "READ_PARQUET",
                                                        "Projections": [
                                                            "id",
                                                            "displayname"
                                                        ],
                                                        "Estimated Cardinality": "1260710"
                                                    },
                                                    "cumulative_cardinality": 1260710,
                                                    "operator_type": "TABLE_SCAN",
                                                    "operator_cardinality": 1260710,
                                                    "cumulative_rows_scanned": 1260710,
                                                    "operator_rows_scanned": 1260710,
                                                    "operator_timing": 0.10462938199999999,
                                                    "result_set_size": 25214200,
                                                    "children": []
                                                }
                                            ]
                                        }
                                    ]
                                }
                            ]
                        },
                        {
                            "operator_name": "PROJECTION",
                            "cpu_time": 0.27535483,
                            "extra_info": {
                                "Projections": [
                                    "#1",
                                    "#2"
                                ],
                                "Estimated Cardinality": "1"
                            },
                            "cumulative_cardinality": 15400505,
                            "operator_type": "PROJECTION",
                            "operator_cardinality": 7,
                            "cumulative_rows_scanned": 3850124,
                            "operator_rows_scanned": 0,
                            "operator_timing": 3e-7,
                            "result_set_size": 168,
                            "children": [
                                {
                                    "operator_name": "FILTER",
                                    "cpu_time": 0.27535453,
                                    "extra_info": {
                                        "Expression": "(PostCount > 0)",
                                        "Estimated Cardinality": "1"
                                    },
                                    "cumulative_cardinality": 15400498,
                                    "operator_type": "FILTER",
                                    "operator_cardinality": 7,
                                    "cumulative_rows_scanned": 3850124,
                                    "operator_rows_scanned": 0,
                                    "operator_timing": 0.000025427,
                                    "result_set_size": 182,
                                    "children": [
                                        {
                                            "operator_name": "PROJECTION",
                                            "cpu_time": 0.27532910299999996,
                                            "extra_info": {
                                                "Projections": [
                                                    "__internal_decompress_integral_smallint(#0, 1)",
                                                    "#1",
                                                    "#2"
                                                ],
                                                "Estimated Cardinality": "8"
                                            },
                                            "cumulative_cardinality": 15400491,
                                            "operator_type": "PROJECTION",
                                            "operator_cardinality": 8,
                                            "cumulative_rows_scanned": 3850124,
                                            "operator_rows_scanned": 0,
                                            "operator_timing": 0.000001854,
                                            "result_set_size": 208,
                                            "children": [
                                                {
                                                    "operator_name": "HASH_GROUP_BY",
                                                    "cpu_time": 0.27532724899999994,
                                                    "extra_info": {
                                                        "Groups": [
                                                            "#0",
                                                            "#1"
                                                        ],
                                                        "Aggregates": "count(#2)",
                                                        "Estimated Cardinality": "8"
                                                    },
                                                    "cumulative_cardinality": 15400483,
                                                    "operator_type": "HASH_GROUP_BY",
                                                    "operator_cardinality": 8,
                                                    "cumulative_rows_scanned": 3850124,
                                                    "operator_rows_scanned": 0,
                                                    "operator_timing": 0.10819700799999997,
                                                    "result_set_size": 200,
                                                    "children": [
                                                        {
                                                            "operator_name": "PROJECTION",
                                                            "cpu_time": 0.16713024099999998,
                                                            "extra_info": {
                                                                "Projections": [
                                                                    "id",
                                                                    "name",
                                                                    "id"
                                                                ],
                                                                "Estimated Cardinality": "3850116"
                                                            },
                                                            "cumulative_cardinality": 15400475,
                                                            "operator_type": "PROJECTION",
                                                            "operator_cardinality": 3850117,
                                                            "cumulative_rows_scanned": 3850124,
                                                            "operator_rows_scanned": 0,
                                                            "operator_timing": 0.00042476500000000045,
                                                            "result_set_size": 80852457,
                                                            "children": [
                                                                {
                                                                    "operator_name": "PROJECTION",
                                                                    "cpu_time": 0.166705476,
                                                                    "extra_info": {
                                                                        "Projections": [
                                                                            "#0",
                                                                            "__internal_compress_integral_utinyint(#1, 1)",
                                                                            "#2"
                                                                        ],
                                                                        "Estimated Cardinality": "3850116"
                                                                    },
                                                                    "cumulative_cardinality": 11550358,
                                                                    "operator_type": "PROJECTION",
                                                                    "operator_cardinality": 3850117,
                                                                    "cumulative_rows_scanned": 3850124,
                                                                    "operator_rows_scanned": 0,
                                                                    "operator_timing": 0.0012306379999999992,
                                                                    "result_set_size": 80852457,
                                                                    "children": [
                                                                        {
                                                                            "operator_name": "HASH_JOIN",
                                                                            "cpu_time": 0.16547483799999999,
                                                                            "extra_info": {
                                                                                "Join Type": "RIGHT",
                                                                                "Conditions": "posttypeid = id",
                                                                                "Estimated Cardinality": "3850116"
                                                                            },
                                                                            "cumulative_cardinality": 7700241,
                                                                            "operator_type": "HASH_JOIN",
                                                                            "operator_cardinality": 3850117,
                                                                            "cumulative_rows_scanned": 3850124,
                                                                            "operator_rows_scanned": 0,
                                                                            "operator_timing": 0.08221655500000002,
                                                                            "result_set_size": 84702574,
                                                                            "children": [
                                                                                {
                                                                                    "operator_name": "READ_PARQUET ",
                                                                                    "cpu_time": 0.08273234999999994,
                                                                                    "extra_info": {
                                                                                        "Function": "READ_PARQUET",
                                                                                        "Projections": [
                                                                                            "id",
                                                                                            "posttypeid"
                                                                                        ],
                                                                                        "Estimated Cardinality": "3850116"
                                                                                    },
                                                                                    "cumulative_cardinality": 3850116,
                                                                                    "operator_type": "TABLE_SCAN",
                                                                                    "operator_cardinality": 3850116,
                                                                                    "cumulative_rows_scanned": 3850116,
                                                                                    "operator_rows_scanned": 3850116,
                                                                                    "operator_timing": 0.08273234999999994,
                                                                                    "result_set_size": 23100696,
                                                                                    "children": []
                                                                                },
                                                                                {
                                                                                    "operator_name": "READ_PARQUET ",
                                                                                    "cpu_time": 0.000525933,
                                                                                    "extra_info": {
                                                                                        "Function": "READ_PARQUET",
                                                                                        "Projections": [
                                                                                            "id",
                                                                                            "name"
                                                                                        ],
                                                                                        "Estimated Cardinality": "8"
                                                                                    },
                                                                                    "cumulative_cardinality": 8,
                                                                                    "operator_type": "TABLE_SCAN",
                                                                                    "operator_cardinality": 8,
                                                                                    "cumulative_rows_scanned": 8,
                                                                                    "operator_rows_scanned": 8,
                                                                                    "operator_timing": 0.000525933,
                                                                                    "result_set_size": 144,
                                                                                    "children": []
                                                                                }
                                                                            ]
                                                                        }
                                                                    ]
                                                                }
                                                            ]
                                                        }
                                                    ]
                                                }
                                            ]
                                        }
                                    ]
                                }
                            ]
                        }
                    ]
                }
            ]
        }
    ]
}