{
    "rows_returned": 1260710,
    "query_name": "WITH UserPostStats AS (\n    SELECT \n        u.Id AS UserId,\n        u.DisplayName,\n        COUNT(p.Id) AS TotalPosts,\n        SUM(CASE WHEN p.PostTypeId = 1 THEN 1 ELSE 0 END) AS Questions,\n        SUM(CASE WHEN p.PostTypeId = 2 THEN 1 ELSE 0 END) AS Answers,\n        SUM(p.Score) AS TotalScore,\n        SUM(p.ViewCount) AS TotalViews\n    FROM \n        Users u\n    LEFT JOIN \n        Posts p ON u.Id = p.OwnerUserId\n    GROUP BY \n        u.Id, u.DisplayName\n),\nPostHistoryStats AS (\n    SELECT \n        p.OwnerUserId,\n        COUNT(ph.Id) AS TotalPostHistoryEntries,\n        COUNT(DISTINCT ph.PostId) AS UniquePostsEdited\n    FROM \n        PostHistory ph\n    JOIN \n        Posts p ON ph.PostId = p.Id\n    GROUP BY \n        p.OwnerUserId\n)\nSELECT \n    u.UserId,\n    u.DisplayName,\n    u.TotalPosts,\n    u.Questions,\n    u.Answers,\n    u.TotalScore,\n    u.TotalViews,\n    COALESCE(ph.TotalPostHistoryEntries, 0) AS TotalPostHistoryEntries,\n    COALESCE(ph.UniquePostsEdited, 0) AS UniquePostsEdited\nFROM \n    UserPostStats u\nLEFT JOIN \n    PostHistoryStats ph ON u.UserId = ph.OwnerUserId\nORDER BY \n    u.TotalScore DESC;",
    "blocked_thread_time": 0.0,
    "cpu_time": 8.276687144000002,
    "extra_info": {},
    "cumulative_cardinality": 58745436,
    "cumulative_rows_scanned": 20756186,
    "result_set_size": 136156680,
    "latency": 11.980876291,
    "children": [
        {
            "operator_name": "ORDER_BY",
            "cpu_time": 8.276687144000002,
            "extra_info": {
                "Order By": "u.TotalScore DESC"
            },
            "cumulative_cardinality": 58745436,
            "operator_type": "ORDER_BY",
            "operator_cardinality": 1260710,
            "cumulative_rows_scanned": 20756186,
            "operator_rows_scanned": 0,
            "operator_timing": 0.17954564900000003,
            "result_set_size": 136156680,
            "children": [
                {
                    "operator_name": "PROJECTION",
                    "cpu_time": 8.097141495000002,
                    "extra_info": {
                        "Projections": [
                            "UserId",
                            "displayname",
                            "TotalPosts",
                            "Questions",
                            "Answers",
                            "TotalScore",
                            "TotalViews",
                            "TotalPostHistoryEntries",
                            "UniquePostsEdited"
                        ],
                        "Estimated Cardinality": "5897622"
                    },
                    "cumulative_cardinality": 57484726,
                    "operator_type": "PROJECTION",
                    "operator_cardinality": 1260710,
                    "cumulative_rows_scanned": 20756186,
                    "operator_rows_scanned": 0,
                    "operator_timing": 0.024166826999999988,
                    "result_set_size": 136156680,
                    "children": [
                        {
                            "operator_name": "HASH_JOIN",
                            "cpu_time": 8.072974668000002,
                            "extra_info": {
                                "Join Type": "RIGHT",
                                "Conditions": "owneruserid = UserId",
                                "Estimated Cardinality": "5897622"
                            },
                            "cumulative_cardinality": 56224016,
                            "operator_type": "HASH_JOIN",
                            "operator_cardinality": 1260710,
                            "cumulative_rows_scanned": 20756186,
                            "operator_rows_scanned": 0,
                            "operator_timing": 0.146423809,
                            "result_set_size": 136156680,
                            "children": [
                                {
                                    "operator_name": "HASH_GROUP_BY",
                                    "cpu_time": 6.642944710000004,
                                    "extra_info": {
                                        "Groups": "#0",
                                        "Aggregates": [
                                            "count_star()",
                                            "count(DISTINCT #1)"
                                        ],
                                        "Estimated Cardinality": "5897622"
                                    },
                                    "cumulative_cardinality": 39607480,
                                    "operator_type": "HASH_GROUP_BY",
                                    "operator_cardinality": 371632,
                                    "cumulative_rows_scanned": 15645360,
                                    "operator_rows_scanned": 0,
                                    "operator_timing": 1.5564015779999987,
                                    "result_set_size": 7432640,
                                    "children": [
                                        {
                                            "operator_name": "PROJECTION",
                                            "cpu_time": 5.086543132000005,
                                            "extra_info": {
                                                "Projections": [
                                                    "owneruserid",
                                                    "postid"
                                                ],
                                                "Estimated Cardinality": "11795244"
                                            },
                                            "cumulative_cardinality": 39235848,
                                            "operator_type": "PROJECTION",
                                            "operator_cardinality": 11795244,
                                            "cumulative_rows_scanned": 15645360,
                                            "operator_rows_scanned": 0,
                                            "operator_timing": 0.0023179509999999987,
                                            "result_set_size": 94361952,
                                            "children": [
                                                {
                                                    "operator_name": "HASH_JOIN",
                                                    "cpu_time": 5.084225181000005,
                                                    "extra_info": {
                                                        "Join Type": "INNER",
                                                        "Conditions": "postid = id",
                                                        "Estimated Cardinality": "11795244"
                                                    },
                                                    "cumulative_cardinality": 27440604,
                                                    "operator_type": "HASH_JOIN",
                                                    "operator_cardinality": 11795244,
                                                    "cumulative_rows_scanned": 15645360,
                                                    "operator_rows_scanned": 0,
                                                    "operator_timing": 0.8391312469999976,
                                                    "result_set_size": 94361952,
                                                    "children": [
                                                        {
                                                            "operator_name": "READ_PARQUET ",
                                                            "cpu_time": 4.192220873000008,
                                                            "extra_info": {
                                                                "Function": "READ_PARQUET",
                                                                "Projections": [
                                                                    "id",
                                                                    "postid"
                                                                ],
                                                                "Estimated Cardinality": "11795244"
                                                            },
                                                            "cumulative_cardinality": 11795244,
                                                            "operator_type": "TABLE_SCAN",
                                                            "operator_cardinality": 11795244,
                                                            "cumulative_rows_scanned": 11795244,
                                                            "operator_rows_scanned": 11795244,
                                                            "operator_timing": 4.192220873000008,
                                                            "result_set_size": 94361952,
                                                            "children": []
                                                        },
                                                        {
                                                            "operator_name": "READ_PARQUET ",
                                                            "cpu_time": 0.05287306100000007,
                                                            "extra_info": {
                                                                "Function": "READ_PARQUET",
                                                                "Projections": [
                                                                    "id",
                                                                    "owneruserid"
                                                                ],
                                                                "Estimated Cardinality": "3850116"
                                                            },
                                                            "cumulative_cardinality": 3850116,
                                                            "operator_type": "TABLE_SCAN",
                                                            "operator_cardinality": 3850116,
                                                            "cumulative_rows_scanned": 3850116,
                                                            "operator_rows_scanned": 3850116,
                                                            "operator_timing": 0.05287306100000007,
                                                            "result_set_size": 30800928,
                                                            "children": []
                                                        }
                                                    ]
                                                }
                                            ]
                                        }
                                    ]
                                },
                                {
                                    "operator_name": "HASH_GROUP_BY",
                                    "cpu_time": 1.2836061489999995,
                                    "extra_info": {
                                        "Groups": [
                                            "#0",
                                            "#1"
                                        ],
                                        "Aggregates": [
                                            "count(#2)",
                                            "sum(#3)",
                                            "sum(#4)",
                                            "sum(#5)",
                                            "sum(#6)"
                                        ],
                                        "Estimated Cardinality": "1260710"
                                    },
                                    "cumulative_cardinality": 15355826,
                                    "operator_type": "HASH_GROUP_BY",
                                    "operator_cardinality": 1260710,
                                    "cumulative_rows_scanned": 5110826,
                                    "operator_rows_scanned": 0,
                                    "operator_timing": 0.6802747879999997,
                                    "result_set_size": 115985320,
                                    "children": [
                                        {
                                            "operator_name": "PROJECTION",
                                            "cpu_time": 0.6033313609999997,
                                            "extra_info": {
                                                "Projections": [
                                                    "id",
                                                    "displayname",
                                                    "id",
                                                    "CASE  WHEN ((posttypeid = 1)) THEN (1) ELSE 0 END",
                                                    "CASE  WHEN ((posttypeid = 2)) THEN (1) ELSE 0 END",
                                                    "score",
                                                    "viewcount"
                                                ],
                                                "Estimated Cardinality": "3850116"
                                            },
                                            "cumulative_cardinality": 14095116,
                                            "operator_type": "PROJECTION",
                                            "operator_cardinality": 4574495,
                                            "cumulative_rows_scanned": 5110826,
                                            "operator_rows_scanned": 0,
                                            "operator_timing": 0.05368989699999987,
                                            "result_set_size": 182979800,
                                            "children": [
                                                {
                                                    "operator_name": "HASH_JOIN",
                                                    "cpu_time": 0.5496414639999999,
                                                    "extra_info": {
                                                        "Join Type": "RIGHT",
                                                        "Conditions": "owneruserid = id",
                                                        "Estimated Cardinality": "3850116"
                                                    },
                                                    "cumulative_cardinality": 9520621,
                                                    "operator_type": "HASH_JOIN",
                                                    "operator_cardinality": 4574495,
                                                    "cumulative_rows_scanned": 5110826,
                                                    "operator_rows_scanned": 0,
                                                    "operator_timing": 0.27025318399999987,
                                                    "result_set_size": 155532830,
                                                    "children": [
                                                        {
                                                            "operator_name": "READ_PARQUET ",
                                                            "cpu_time": 0.19221935499999987,
                                                            "extra_info": {
                                                                "Function": "READ_PARQUET",
                                                                "Projections": [
                                                                    "id",
                                                                    "posttypeid",
                                                                    "score",
                                                                    "viewcount",
                                                                    "owneruserid"
                                                                ],
                                                                "Estimated Cardinality": "3850116"
                                                            },
                                                            "cumulative_cardinality": 3685416,
                                                            "operator_type": "TABLE_SCAN",
                                                            "operator_cardinality": 3685416,
                                                            "cumulative_rows_scanned": 3850116,
                                                            "operator_rows_scanned": 3850116,
                                                            "operator_timing": 0.19221935499999987,
                                                            "result_set_size": 66337488,
                                                            "children": []
                                                        },
                                                        {
                                                            "operator_name": "READ_PARQUET ",
                                                            "cpu_time": 0.08716892500000017,
                                                            "extra_info": {
                                                                "Function": "READ_PARQUET",
                                                                "Projections": [
                                                                    "id",
                                                                    "displayname"
                                                                ],
                                                                "Estimated Cardinality": "1260710"
                                                            },
                                                            "cumulative_cardinality": 1260710,
                                                            "operator_type": "TABLE_SCAN",
                                                            "operator_cardinality": 1260710,
                                                            "cumulative_rows_scanned": 1260710,
                                                            "operator_rows_scanned": 1260710,
                                                            "operator_timing": 0.08716892500000017,
                                                            "result_set_size": 25214200,
                                                            "children": []
                                                        }
                                                    ]
                                                }
                                            ]
                                        }
                                    ]
                                }
                            ]
                        }
                    ]
                }
            ]
        }
    ]
}