{
    "rows_returned": 7238574,
    "query_name": "\nSELECT \n    p.Id AS PostId,\n    p.Title,\n    p.CreationDate,\n    p.Score,\n    p.ViewCount,\n    COUNT(c.Id) AS CommentCount,\n    COUNT(DISTINCT v.Id) AS VoteCount,\n    u.DisplayName AS OwnerDisplayName,\n    u.Reputation AS OwnerReputation,\n    b.Name AS BadgeName,\n    COUNT(DISTINCT pl.RelatedPostId) AS RelatedPostCount\nFROM \n    Posts p\nJOIN \n    Users u ON p.OwnerUserId = u.Id\nLEFT JOIN \n    Comments c ON p.Id = c.PostId\nLEFT JOIN \n    Votes v ON p.Id = v.PostId\nLEFT JOIN \n    Badges b ON u.Id = b.UserId\nLEFT JOIN \n    PostLinks pl ON p.Id = pl.PostId\nWHERE \n    p.CreationDate >= '2023-01-01 00:00:00' \nGROUP BY \n    p.Id, p.Title, p.CreationDate, p.Score, p.ViewCount, \n    u.DisplayName, u.Reputation, b.Name\nORDER BY \n    p.Score DESC;\n",
    "blocked_thread_time": 0.0,
    "cpu_time": 64.21682661999982,
    "extra_info": {},
    "cumulative_cardinality": 835761377,
    "cumulative_rows_scanned": 27831456,
    "result_set_size": 694903104,
    "latency": 85.648484432,
    "children": [
        {
            "operator_name": "PROJECTION",
            "cpu_time": 64.21682661999982,
            "extra_info": {
                "Projections": [
                    "#0",
                    "#1",
                    "#2",
                    "__internal_decompress_integral_integer(#3, -72)",
                    "#4",
                    "#5",
                    "#6",
                    "#7",
                    "#8",
                    "#9",
                    "#10"
                ],
                "Estimated Cardinality": "3850116"
            },
            "cumulative_cardinality": 835761377,
            "operator_type": "PROJECTION",
            "operator_cardinality": 7238574,
            "cumulative_rows_scanned": 27831456,
            "operator_rows_scanned": 0,
            "operator_timing": 0.006172976000000002,
            "result_set_size": 694903104,
            "children": [
                {
                    "operator_name": "ORDER_BY",
                    "cpu_time": 64.21065364399982,
                    "extra_info": {
                        "Order By": "p.Score DESC"
                    },
                    "cumulative_cardinality": 828522803,
                    "operator_type": "ORDER_BY",
                    "operator_cardinality": 7238574,
                    "cumulative_rows_scanned": 27831456,
                    "operator_rows_scanned": 0,
                    "operator_timing": 0.6697143639999987,
                    "result_set_size": 680425956,
                    "children": [
                        {
                            "operator_name": "PROJECTION",
                            "cpu_time": 63.540939279999826,
                            "extra_info": {
                                "Projections": [
                                    "#0",
                                    "#1",
                                    "#2",
                                    "__internal_compress_integral_usmallint(#3, -72)",
                                    "#4",
                                    "#5",
                                    "#6",
                                    "#7",
                                    "#8",
                                    "#9",
                                    "#10"
                                ],
                                "Estimated Cardinality": "3850116"
                            },
                            "cumulative_cardinality": 821284229,
                            "operator_type": "PROJECTION",
                            "operator_cardinality": 7238574,
                            "cumulative_rows_scanned": 27831456,
                            "operator_rows_scanned": 0,
                            "operator_timing": 0.004047430999999978,
                            "result_set_size": 680425956,
                            "children": [
                                {
                                    "operator_name": "PROJECTION",
                                    "cpu_time": 63.53689184899983,
                                    "extra_info": {
                                        "Projections": [
                                            "PostId",
                                            "title",
                                            "creationdate",
                                            "score",
                                            "viewcount",
                                            "CommentCount",
                                            "VoteCount",
                                            "OwnerDisplayName",
                                            "OwnerReputation",
                                            "BadgeName",
                                            "RelatedPostCount"
                                        ],
                                        "Estimated Cardinality": "3850116"
                                    },
                                    "cumulative_cardinality": 814045655,
                                    "operator_type": "PROJECTION",
                                    "operator_cardinality": 7238574,
                                    "cumulative_rows_scanned": 27831456,
                                    "operator_rows_scanned": 0,
                                    "operator_timing": 0.0021283140000000044,
                                    "result_set_size": 694903104,
                                    "children": [
                                        {
                                            "operator_name": "PROJECTION",
                                            "cpu_time": 63.53476353499983,
                                            "extra_info": {
                                                "Projections": [
                                                    "#0",
                                                    "#1",
                                                    "#2",
                                                    "__internal_decompress_integral_integer(#3, -72)",
                                                    "#4",
                                                    "#5",
                                                    "#6",
                                                    "#7",
                                                    "#8",
                                                    "#9",
                                                    "#10"
                                                ],
                                                "Estimated Cardinality": "3850116"
                                            },
                                            "cumulative_cardinality": 806807081,
                                            "operator_type": "PROJECTION",
                                            "operator_cardinality": 7238574,
                                            "cumulative_rows_scanned": 27831456,
                                            "operator_rows_scanned": 0,
                                            "operator_timing": 0.004306687999999988,
                                            "result_set_size": 694903104,
                                            "children": [
                                                {
                                                    "operator_name": "HASH_GROUP_BY",
                                                    "cpu_time": 63.53045684699983,
                                                    "extra_info": {
                                                        "Groups": [
                                                            "#0",
                                                            "#1",
                                                            "#2",
                                                            "#3",
                                                            "#4",
                                                            "#5",
                                                            "#6",
                                                            "#7"
                                                        ],
                                                        "Aggregates": [
                                                            "count(#8)",
                                                            "count(DISTINCT #9)",
                                                            "count(DISTINCT #10)"
                                                        ],
                                                        "Estimated Cardinality": "3850116"
                                                    },
                                                    "cumulative_cardinality": 799568507,
                                                    "operator_type": "HASH_GROUP_BY",
                                                    "operator_cardinality": 7238574,
                                                    "cumulative_rows_scanned": 27831456,
                                                    "operator_rows_scanned": 0,
                                                    "operator_timing": 54.141681953999694,
                                                    "result_set_size": 680425956,
                                                    "children": [
                                                        {
                                                            "operator_name": "PROJECTION",
                                                            "cpu_time": 9.388774893000138,
                                                            "extra_info": {
                                                                "Projections": [
                                                                    "id",
                                                                    "title",
                                                                    "creationdate",
                                                                    "score",
                                                                    "viewcount",
                                                                    "displayname",
                                                                    "reputation",
                                                                    "name",
                                                                    "id",
                                                                    "id",
                                                                    "relatedpostid"
                                                                ],
                                                                "Estimated Cardinality": "12744093"
                                                            },
                                                            "cumulative_cardinality": 792329933,
                                                            "operator_type": "PROJECTION",
                                                            "operator_cardinality": 196910949,
                                                            "cumulative_rows_scanned": 27831456,
                                                            "operator_rows_scanned": 0,
                                                            "operator_timing": 0.09051410600000666,
                                                            "result_set_size": 16146697818,
                                                            "children": [
                                                                {
                                                                    "operator_name": "PROJECTION",
                                                                    "cpu_time": 9.298260787000132,
                                                                    "extra_info": {
                                                                        "Projections": [
                                                                            "#3",
                                                                            "#4",
                                                                            "__internal_compress_integral_usmallint(#5, -72)",
                                                                            "#6",
                                                                            "#7",
                                                                            "#1",
                                                                            "#2",
                                                                            "#0",
                                                                            "#8",
                                                                            "#9",
                                                                            "#10"
                                                                        ],
                                                                        "Estimated Cardinality": "12744093"
                                                                    },
                                                                    "cumulative_cardinality": 595418984,
                                                                    "operator_type": "PROJECTION",
                                                                    "operator_cardinality": 196910949,
                                                                    "cumulative_rows_scanned": 27831456,
                                                                    "operator_rows_scanned": 0,
                                                                    "operator_timing": 0.3847115710000214,
                                                                    "result_set_size": 16146697818,
                                                                    "children": [
                                                                        {
                                                                            "operator_name": "HASH_JOIN",
                                                                            "cpu_time": 8.91354921600011,
                                                                            "extra_info": {
                                                                                "Join Type": "LEFT",
                                                                                "Conditions": "id = postid",
                                                                                "Estimated Cardinality": "12744093"
                                                                            },
                                                                            "cumulative_cardinality": 398508035,
                                                                            "operator_type": "HASH_JOIN",
                                                                            "operator_cardinality": 196910949,
                                                                            "cumulative_rows_scanned": 27831456,
                                                                            "operator_rows_scanned": 0,
                                                                            "operator_timing": 3.1042277560000997,
                                                                            "result_set_size": 16540519716,
                                                                            "children": [
                                                                                {
                                                                                    "operator_name": "HASH_JOIN",
                                                                                    "cpu_time": 5.54775283800001,
                                                                                    "extra_info": {
                                                                                        "Join Type": "LEFT",
                                                                                        "Conditions": "id = userid",
                                                                                        "Estimated Cardinality": "12744093"
                                                                                    },
                                                                                    "cumulative_cardinality": 201184095,
                                                                                    "operator_type": "HASH_JOIN",
                                                                                    "operator_cardinality": 181397559,
                                                                                    "cumulative_rows_scanned": 27418465,
                                                                                    "operator_rows_scanned": 0,
                                                                                    "operator_timing": 3.44662702300001,
                                                                                    "result_set_size": 14511804720,
                                                                                    "children": [
                                                                                        {
                                                                                            "operator_name": "HASH_JOIN",
                                                                                            "cpu_time": 1.6911860060000004,
                                                                                            "extra_info": {
                                                                                                "Join Type": "LEFT",
                                                                                                "Conditions": "id = postid",
                                                                                                "Estimated Cardinality": "12744093"
                                                                                            },
                                                                                            "cumulative_cardinality": 17464812,
                                                                                            "operator_type": "HASH_JOIN",
                                                                                            "operator_cardinality": 1744678,
                                                                                            "cumulative_rows_scanned": 25096741,
                                                                                            "operator_rows_scanned": 0,
                                                                                            "operator_timing": 0.7866955260000004,
                                                                                            "result_set_size": 118638104,
                                                                                            "children": [
                                                                                                {
                                                                                                    "operator_name": "HASH_JOIN",
                                                                                                    "cpu_time": 0.6699037969999996,
                                                                                                    "extra_info": {
                                                                                                        "Join Type": "RIGHT",
                                                                                                        "Conditions": "postid = id",
                                                                                                        "Estimated Cardinality": "7241822"
                                                                                                    },
                                                                                                    "cumulative_cardinality": 2976041,
                                                                                                    "operator_type": "HASH_JOIN",
                                                                                                    "operator_cardinality": 643779,
                                                                                                    "cumulative_rows_scanned": 12352648,
                                                                                                    "operator_rows_scanned": 0,
                                                                                                    "operator_timing": 0.10293015099999994,
                                                                                                    "result_set_size": 41201856,
                                                                                                    "children": [
                                                                                                        {
                                                                                                            "operator_name": "READ_PARQUET ",
                                                                                                            "cpu_time": 0.021637147000000006,
                                                                                                            "extra_info": {
                                                                                                                "Function": "READ_PARQUET",
                                                                                                                "Projections": [
                                                                                                                    "id",
                                                                                                                    "postid"
                                                                                                                ],
                                                                                                                "Estimated Cardinality": "7241822"
                                                                                                            },
                                                                                                            "cumulative_cardinality": 544915,
                                                                                                            "operator_type": "TABLE_SCAN",
                                                                                                            "operator_cardinality": 544915,
                                                                                                            "cumulative_rows_scanned": 7241822,
                                                                                                            "operator_rows_scanned": 7241822,
                                                                                                            "operator_timing": 0.021637147000000006,
                                                                                                            "result_set_size": 4359320,
                                                                                                            "children": []
                                                                                                        },
                                                                                                        {
                                                                                                            "operator_name": "HASH_JOIN",
                                                                                                            "cpu_time": 0.5453364989999996,
                                                                                                            "extra_info": {
                                                                                                                "Join Type": "INNER",
                                                                                                                "Conditions": "id = owneruserid",
                                                                                                                "Estimated Cardinality": "770023"
                                                                                                            },
                                                                                                            "cumulative_cardinality": 1787347,
                                                                                                            "operator_type": "HASH_JOIN",
                                                                                                            "operator_cardinality": 261413,
                                                                                                            "cumulative_rows_scanned": 5110826,
                                                                                                            "operator_rows_scanned": 0,
                                                                                                            "operator_timing": 0.08711688799999995,
                                                                                                            "result_set_size": 15684780,
                                                                                                            "children": [
                                                                                                                {
                                                                                                                    "operator_name": "READ_PARQUET ",
                                                                                                                    "cpu_time": 0.17780837799999988,
                                                                                                                    "extra_info": {
                                                                                                                        "Function": "READ_PARQUET",
                                                                                                                        "Projections": [
                                                                                                                            "id",
                                                                                                                            "reputation",
                                                                                                                            "displayname"
                                                                                                                        ],
                                                                                                                        "Filters": "id<=1416539",
                                                                                                                        "Estimated Cardinality": "1260710"
                                                                                                                    },
                                                                                                                    "cumulative_cardinality": 1260679,
                                                                                                                    "operator_type": "TABLE_SCAN",
                                                                                                                    "operator_cardinality": 1260679,
                                                                                                                    "cumulative_rows_scanned": 1260710,
                                                                                                                    "operator_rows_scanned": 1260710,
                                                                                                                    "operator_timing": 0.17780837799999988,
                                                                                                                    "result_set_size": 30256296,
                                                                                                                    "children": []
                                                                                                                },
                                                                                                                {
                                                                                                                    "operator_name": "READ_PARQUET ",
                                                                                                                    "cpu_time": 0.28041123299999976,
                                                                                                                    "extra_info": {
                                                                                                                        "Function": "READ_PARQUET",
                                                                                                                        "Projections": [
                                                                                                                            "id",
                                                                                                                            "creationdate",
                                                                                                                            "score",
                                                                                                                            "viewcount",
                                                                                                                            "owneruserid",
                                                                                                                            "title"
                                                                                                                        ],
                                                                                                                        "Filters": "creationdate>='2023-01-01 00:00:00'::TIMESTAMP",
                                                                                                                        "Estimated Cardinality": "770023"
                                                                                                                    },
                                                                                                                    "cumulative_cardinality": 265255,
                                                                                                                    "operator_type": "TABLE_SCAN",
                                                                                                                    "operator_cardinality": 265255,
                                                                                                                    "cumulative_rows_scanned": 3850116,
                                                                                                                    "operator_rows_scanned": 3850116,
                                                                                                                    "operator_timing": 0.28041123299999976,
                                                                                                                    "result_set_size": 10610200,
                                                                                                                    "children": []
                                                                                                                }
                                                                                                            ]
                                                                                                        }
                                                                                                    ]
                                                                                                },
                                                                                                {
                                                                                                    "operator_name": "READ_PARQUET ",
                                                                                                    "cpu_time": 0.23458668300000052,
                                                                                                    "extra_info": {
                                                                                                        "Function": "READ_PARQUET",
                                                                                                        "Projections": [
                                                                                                            "id",
                                                                                                            "postid"
                                                                                                        ],
                                                                                                        "Estimated Cardinality": "12744093"
                                                                                                    },
                                                                                                    "cumulative_cardinality": 12744093,
                                                                                                    "operator_type": "TABLE_SCAN",
                                                                                                    "operator_cardinality": 12744093,
                                                                                                    "cumulative_rows_scanned": 12744093,
                                                                                                    "operator_rows_scanned": 12744093,
                                                                                                    "operator_timing": 0.23458668300000052,
                                                                                                    "result_set_size": 101952744,
                                                                                                    "children": []
                                                                                                }
                                                                                            ]
                                                                                        },
                                                                                        {
                                                                                            "operator_name": "READ_PARQUET ",
                                                                                            "cpu_time": 0.40993980900000004,
                                                                                            "extra_info": {
                                                                                                "Function": "READ_PARQUET",
                                                                                                "Projections": [
                                                                                                    "userid",
                                                                                                    "name"
                                                                                                ],
                                                                                                "Estimated Cardinality": "2321724"
                                                                                            },
                                                                                            "cumulative_cardinality": 2321724,
                                                                                            "operator_type": "TABLE_SCAN",
                                                                                            "operator_cardinality": 2321724,
                                                                                            "cumulative_rows_scanned": 2321724,
                                                                                            "operator_rows_scanned": 2321724,
                                                                                            "operator_timing": 0.40993980900000004,
                                                                                            "result_set_size": 46434480,
                                                                                            "children": []
                                                                                        }
                                                                                    ]
                                                                                },
                                                                                {
                                                                                    "operator_name": "READ_PARQUET ",
                                                                                    "cpu_time": 0.2615686219999996,
                                                                                    "extra_info": {
                                                                                        "Function": "READ_PARQUET",
                                                                                        "Projections": [
                                                                                            "postid",
                                                                                            "relatedpostid"
                                                                                        ],
                                                                                        "Estimated Cardinality": "412991"
                                                                                    },
                                                                                    "cumulative_cardinality": 412991,
                                                                                    "operator_type": "TABLE_SCAN",
                                                                                    "operator_cardinality": 412991,
                                                                                    "cumulative_rows_scanned": 412991,
                                                                                    "operator_rows_scanned": 412991,
                                                                                    "operator_timing": 0.2615686219999996,
                                                                                    "result_set_size": 3303928,
                                                                                    "children": []
                                                                                }
                                                                            ]
                                                                        }
                                                                    ]
                                                                }
                                                            ]
                                                        }
                                                    ]
                                                }
                                            ]
                                        }
                                    ]
                                }
                            ]
                        }
                    ]
                }
            ]
        }
    ]
}