{
    "rows_returned": 100,
    "query_name": "SELECT \n    p.Id AS PostId,\n    p.Title,\n    p.ViewCount,\n    p.Score,\n    p.CreationDate,\n    pt.Name AS PostType,\n    COUNT(c.Id) AS CommentCount,\n    COUNT(v.Id) AS VoteCount,\n    SUM(CASE WHEN v.VoteTypeId = 2 THEN 1 ELSE 0 END) AS UpVotes,\n    SUM(CASE WHEN v.VoteTypeId = 3 THEN 1 ELSE 0 END) AS DownVotes,\n    u.DisplayName AS OwnerDisplayName,\n    u.Reputation AS OwnerReputation\nFROM \n    Posts p\nJOIN \n    PostTypes pt ON p.PostTypeId = pt.Id\nLEFT JOIN \n    Comments c ON p.Id = c.PostId\nLEFT JOIN \n    Votes v ON p.Id = v.PostId\nJOIN \n    Users u ON p.OwnerUserId = u.Id\nGROUP BY \n    p.Id, p.Title, p.ViewCount, p.Score, p.CreationDate, pt.Name, u.DisplayName, u.Reputation\nORDER BY \n    p.CreationDate DESC\nLIMIT 100;",
    "blocked_thread_time": 0.0,
    "cpu_time": 8.910562540000006,
    "extra_info": {},
    "cumulative_cardinality": 232470363,
    "cumulative_rows_scanned": 25096749,
    "result_set_size": 12000,
    "latency": 10.39950236,
    "children": [
        {
            "operator_name": "STREAMING_LIMIT",
            "cpu_time": 8.910562540000006,
            "extra_info": {},
            "cumulative_cardinality": 232470363,
            "operator_type": "STREAMING_LIMIT",
            "operator_cardinality": 100,
            "cumulative_rows_scanned": 25096749,
            "operator_rows_scanned": 0,
            "operator_timing": 0.000001793,
            "result_set_size": 12000,
            "children": [
                {
                    "operator_name": "PROJECTION",
                    "cpu_time": 8.910560747000007,
                    "extra_info": {
                        "Projections": [
                            "#0",
                            "#1",
                            "#2",
                            "__internal_decompress_integral_integer(#3, -72)",
                            "#4",
                            "#5",
                            "#6",
                            "#7",
                            "#8",
                            "#9",
                            "#10",
                            "#11"
                        ],
                        "Estimated Cardinality": "3850116"
                    },
                    "cumulative_cardinality": 232470263,
                    "operator_type": "PROJECTION",
                    "operator_cardinality": 4096,
                    "cumulative_rows_scanned": 25096749,
                    "operator_rows_scanned": 0,
                    "operator_timing": 0.000007854,
                    "result_set_size": 491520,
                    "children": [
                        {
                            "operator_name": "ORDER_BY",
                            "cpu_time": 8.910552893000007,
                            "extra_info": {
                                "Order By": "p.CreationDate DESC"
                            },
                            "cumulative_cardinality": 232466167,
                            "operator_type": "ORDER_BY",
                            "operator_cardinality": 4096,
                            "cumulative_rows_scanned": 25096749,
                            "operator_rows_scanned": 0,
                            "operator_timing": 0.285614678,
                            "result_set_size": 483328,
                            "children": [
                                {
                                    "operator_name": "PROJECTION",
                                    "cpu_time": 8.624938215000007,
                                    "extra_info": {
                                        "Projections": [
                                            "#0",
                                            "#1",
                                            "#2",
                                            "__internal_compress_integral_usmallint(#3, -72)",
                                            "#4",
                                            "#5",
                                            "#6",
                                            "#7",
                                            "#8",
                                            "#9",
                                            "#10",
                                            "#11"
                                        ],
                                        "Estimated Cardinality": "3850116"
                                    },
                                    "cumulative_cardinality": 232462071,
                                    "operator_type": "PROJECTION",
                                    "operator_cardinality": 3685416,
                                    "cumulative_rows_scanned": 25096749,
                                    "operator_rows_scanned": 0,
                                    "operator_timing": 0.0018802019999999945,
                                    "result_set_size": 434879088,
                                    "children": [
                                        {
                                            "operator_name": "PROJECTION",
                                            "cpu_time": 8.623058013000007,
                                            "extra_info": {
                                                "Projections": [
                                                    "PostId",
                                                    "title",
                                                    "viewcount",
                                                    "score",
                                                    "creationdate",
                                                    "PostType",
                                                    "CommentCount",
                                                    "VoteCount",
                                                    "UpVotes",
                                                    "DownVotes",
                                                    "OwnerDisplayName",
                                                    "OwnerReputation"
                                                ],
                                                "Estimated Cardinality": "3850116"
                                            },
                                            "cumulative_cardinality": 228776655,
                                            "operator_type": "PROJECTION",
                                            "operator_cardinality": 3685416,
                                            "cumulative_rows_scanned": 25096749,
                                            "operator_rows_scanned": 0,
                                            "operator_timing": 0.0010401620000000014,
                                            "result_set_size": 442249920,
                                            "children": [
                                                {
                                                    "operator_name": "PROJECTION",
                                                    "cpu_time": 8.622017851000006,
                                                    "extra_info": {
                                                        "Projections": [
                                                            "#0",
                                                            "#1",
                                                            "#2",
                                                            "__internal_decompress_integral_integer(#3, -72)",
                                                            "#4",
                                                            "#5",
                                                            "#6",
                                                            "#7",
                                                            "#8",
                                                            "#9",
                                                            "#10",
                                                            "#11"
                                                        ],
                                                        "Estimated Cardinality": "3850116"
                                                    },
                                                    "cumulative_cardinality": 225091239,
                                                    "operator_type": "PROJECTION",
                                                    "operator_cardinality": 3685416,
                                                    "cumulative_rows_scanned": 25096749,
                                                    "operator_rows_scanned": 0,
                                                    "operator_timing": 0.0021359219999999993,
                                                    "result_set_size": 442249920,
                                                    "children": [
                                                        {
                                                            "operator_name": "HASH_GROUP_BY",
                                                            "cpu_time": 8.619881929000005,
                                                            "extra_info": {
                                                                "Groups": [
                                                                    "#0",
                                                                    "#1",
                                                                    "#2",
                                                                    "#3",
                                                                    "#4",
                                                                    "#5",
                                                                    "#6",
                                                                    "#7"
                                                                ],
                                                                "Aggregates": [
                                                                    "count(#8)",
                                                                    "count(#9)",
                                                                    "sum(#10)",
                                                                    "sum(#11)"
                                                                ],
                                                                "Estimated Cardinality": "3850116"
                                                            },
                                                            "cumulative_cardinality": 221405823,
                                                            "operator_type": "HASH_GROUP_BY",
                                                            "operator_cardinality": 3685416,
                                                            "cumulative_rows_scanned": 25096749,
                                                            "operator_rows_scanned": 0,
                                                            "operator_timing": 4.148996049999996,
                                                            "result_set_size": 434879088,
                                                            "children": [
                                                                {
                                                                    "operator_name": "PROJECTION",
                                                                    "cpu_time": 4.47088587900001,
                                                                    "extra_info": {
                                                                        "Projections": [
                                                                            "id",
                                                                            "title",
                                                                            "viewcount",
                                                                            "score",
                                                                            "creationdate",
                                                                            "name",
                                                                            "displayname",
                                                                            "reputation",
                                                                            "id",
                                                                            "id",
                                                                            "CASE  WHEN ((votetypeid = 2)) THEN (1) ELSE 0 END",
                                                                            "CASE  WHEN ((votetypeid = 3)) THEN (1) ELSE 0 END"
                                                                        ],
                                                                        "Estimated Cardinality": "12744093"
                                                                    },
                                                                    "cumulative_cardinality": 217720407,
                                                                    "operator_type": "PROJECTION",
                                                                    "operator_cardinality": 33564490,
                                                                    "cumulative_rows_scanned": 25096749,
                                                                    "operator_rows_scanned": 0,
                                                                    "operator_timing": 0.23922283499999947,
                                                                    "result_set_size": 2886546140,
                                                                    "children": [
                                                                        {
                                                                            "operator_name": "PROJECTION",
                                                                            "cpu_time": 4.23166304400001,
                                                                            "extra_info": {
                                                                                "Projections": [
                                                                                    "#0",
                                                                                    "#1",
                                                                                    "__internal_compress_integral_usmallint(#2, -72)",
                                                                                    "#3",
                                                                                    "#4",
                                                                                    "#5",
                                                                                    "#6",
                                                                                    "#7",
                                                                                    "#8",
                                                                                    "#9",
                                                                                    "#10"
                                                                                ],
                                                                                "Estimated Cardinality": "12744093"
                                                                            },
                                                                            "cumulative_cardinality": 184155917,
                                                                            "operator_type": "PROJECTION",
                                                                            "operator_cardinality": 33564490,
                                                                            "cumulative_rows_scanned": 25096749,
                                                                            "operator_rows_scanned": 0,
                                                                            "operator_timing": 0.045930717999999815,
                                                                            "result_set_size": 2685159200,
                                                                            "children": [
                                                                                {
                                                                                    "operator_name": "HASH_JOIN",
                                                                                    "cpu_time": 4.18573232600001,
                                                                                    "extra_info": {
                                                                                        "Join Type": "INNER",
                                                                                        "Conditions": "owneruserid = id",
                                                                                        "Estimated Cardinality": "12744093"
                                                                                    },
                                                                                    "cumulative_cardinality": 150591427,
                                                                                    "operator_type": "HASH_JOIN",
                                                                                    "operator_cardinality": 33564490,
                                                                                    "cumulative_rows_scanned": 25096749,
                                                                                    "operator_rows_scanned": 0,
                                                                                    "operator_timing": 1.179079722000011,
                                                                                    "result_set_size": 2752288180,
                                                                                    "children": [
                                                                                        {
                                                                                            "operator_name": "PROJECTION",
                                                                                            "cpu_time": 2.916426655999999,
                                                                                            "extra_info": {
                                                                                                "Projections": [
                                                                                                    "#0",
                                                                                                    "#1",
                                                                                                    "#2",
                                                                                                    "#3",
                                                                                                    "#4",
                                                                                                    "#5",
                                                                                                    "#6",
                                                                                                    "#7",
                                                                                                    "#8",
                                                                                                    "__internal_decompress_integral_smallint(#9, 1)"
                                                                                                ],
                                                                                                "Estimated Cardinality": "12744093"
                                                                                            },
                                                                                            "cumulative_cardinality": 115766258,
                                                                                            "operator_type": "PROJECTION",
                                                                                            "operator_cardinality": 33564490,
                                                                                            "cumulative_rows_scanned": 23836039,
                                                                                            "operator_rows_scanned": 0,
                                                                                            "operator_timing": 0.03680428299999968,
                                                                                            "result_set_size": 2215256340,
                                                                                            "children": [
                                                                                                {
                                                                                                    "operator_name": "HASH_JOIN",
                                                                                                    "cpu_time": 2.8796223729999997,
                                                                                                    "extra_info": {
                                                                                                        "Join Type": "LEFT",
                                                                                                        "Conditions": "id = postid",
                                                                                                        "Estimated Cardinality": "12744093"
                                                                                                    },
                                                                                                    "cumulative_cardinality": 82201768,
                                                                                                    "operator_type": "HASH_JOIN",
                                                                                                    "operator_cardinality": 33564490,
                                                                                                    "cumulative_rows_scanned": 23836039,
                                                                                                    "operator_rows_scanned": 0,
                                                                                                    "operator_timing": 1.4219485130000018,
                                                                                                    "result_set_size": 2181691850,
                                                                                                    "children": [
                                                                                                        {
                                                                                                            "operator_name": "HASH_JOIN",
                                                                                                            "cpu_time": 1.2562181139999984,
                                                                                                            "extra_info": {
                                                                                                                "Join Type": "LEFT",
                                                                                                                "Conditions": "id = postid",
                                                                                                                "Estimated Cardinality": "7241822"
                                                                                                            },
                                                                                                            "cumulative_cardinality": 23149092,
                                                                                                            "operator_type": "HASH_JOIN",
                                                                                                            "operator_cardinality": 8536431,
                                                                                                            "cumulative_rows_scanned": 11091946,
                                                                                                            "operator_rows_scanned": 0,
                                                                                                            "operator_timing": 0.6156473059999993,
                                                                                                            "result_set_size": 512185860,
                                                                                                            "children": [
                                                                                                                {
                                                                                                                    "operator_name": "HASH_JOIN",
                                                                                                                    "cpu_time": 0.568047813999999,
                                                                                                                    "extra_info": {
                                                                                                                        "Join Type": "INNER",
                                                                                                                        "Conditions": "posttypeid = id",
                                                                                                                        "Estimated Cardinality": "3850116"
                                                                                                                    },
                                                                                                                    "cumulative_cardinality": 7370839,
                                                                                                                    "operator_type": "HASH_JOIN",
                                                                                                                    "operator_cardinality": 3685416,
                                                                                                                    "cumulative_rows_scanned": 3850124,
                                                                                                                    "operator_rows_scanned": 0,
                                                                                                                    "operator_timing": 0.009273460999999998,
                                                                                                                    "result_set_size": 206383296,
                                                                                                                    "children": [
                                                                                                                        {
                                                                                                                            "operator_name": "READ_PARQUET ",
                                                                                                                            "cpu_time": 0.558409931999999,
                                                                                                                            "extra_info": {
                                                                                                                                "Function": "READ_PARQUET",
                                                                                                                                "Projections": [
                                                                                                                                    "id",
                                                                                                                                    "posttypeid",
                                                                                                                                    "creationdate",
                                                                                                                                    "score",
                                                                                                                                    "viewcount",
                                                                                                                                    "owneruserid",
                                                                                                                                    "title"
                                                                                                                                ],
                                                                                                                                "Estimated Cardinality": "3850116"
                                                                                                                            },
                                                                                                                            "cumulative_cardinality": 3685416,
                                                                                                                            "operator_type": "TABLE_SCAN",
                                                                                                                            "operator_cardinality": 3685416,
                                                                                                                            "cumulative_rows_scanned": 3850116,
                                                                                                                            "operator_rows_scanned": 3850116,
                                                                                                                            "operator_timing": 0.558409931999999,
                                                                                                                            "result_set_size": 154787472,
                                                                                                                            "children": []
                                                                                                                        },
                                                                                                                        {
                                                                                                                            "operator_name": "READ_PARQUET ",
                                                                                                                            "cpu_time": 0.000364421,
                                                                                                                            "extra_info": {
                                                                                                                                "Function": "READ_PARQUET",
                                                                                                                                "Projections": [
                                                                                                                                    "id",
                                                                                                                                    "name"
                                                                                                                                ],
                                                                                                                                "Filters": "id<=7",
                                                                                                                                "Estimated Cardinality": "8"
                                                                                                                            },
                                                                                                                            "cumulative_cardinality": 7,
                                                                                                                            "operator_type": "TABLE_SCAN",
                                                                                                                            "operator_cardinality": 7,
                                                                                                                            "cumulative_rows_scanned": 8,
                                                                                                                            "operator_rows_scanned": 8,
                                                                                                                            "operator_timing": 0.000364421,
                                                                                                                            "result_set_size": 126,
                                                                                                                            "children": []
                                                                                                                        }
                                                                                                                    ]
                                                                                                                },
                                                                                                                {
                                                                                                                    "operator_name": "READ_PARQUET ",
                                                                                                                    "cpu_time": 0.07252299400000005,
                                                                                                                    "extra_info": {
                                                                                                                        "Function": "READ_PARQUET",
                                                                                                                        "Projections": [
                                                                                                                            "id",
                                                                                                                            "postid"
                                                                                                                        ],
                                                                                                                        "Estimated Cardinality": "7241822"
                                                                                                                    },
                                                                                                                    "cumulative_cardinality": 7241822,
                                                                                                                    "operator_type": "TABLE_SCAN",
                                                                                                                    "operator_cardinality": 7241822,
                                                                                                                    "cumulative_rows_scanned": 7241822,
                                                                                                                    "operator_rows_scanned": 7241822,
                                                                                                                    "operator_timing": 0.07252299400000005,
                                                                                                                    "result_set_size": 57934576,
                                                                                                                    "children": []
                                                                                                                }
                                                                                                            ]
                                                                                                        },
                                                                                                        {
                                                                                                            "operator_name": "PROJECTION",
                                                                                                            "cpu_time": 0.20145574599999927,
                                                                                                            "extra_info": {
                                                                                                                "Projections": [
                                                                                                                    "#0",
                                                                                                                    "#1",
                                                                                                                    "__internal_compress_integral_utinyint(#2, 1)"
                                                                                                                ],
                                                                                                                "Estimated Cardinality": "12744093"
                                                                                                            },
                                                                                                            "cumulative_cardinality": 25488186,
                                                                                                            "operator_type": "PROJECTION",
                                                                                                            "operator_cardinality": 12744093,
                                                                                                            "cumulative_rows_scanned": 12744093,
                                                                                                            "operator_rows_scanned": 0,
                                                                                                            "operator_timing": 0.0036041839999999617,
                                                                                                            "result_set_size": 114696837,
                                                                                                            "children": [
                                                                                                                {
                                                                                                                    "operator_name": "READ_PARQUET ",
                                                                                                                    "cpu_time": 0.19785156199999931,
                                                                                                                    "extra_info": {
                                                                                                                        "Function": "READ_PARQUET",
                                                                                                                        "Projections": [
                                                                                                                            "id",
                                                                                                                            "postid",
                                                                                                                            "votetypeid"
                                                                                                                        ],
                                                                                                                        "Estimated Cardinality": "12744093"
                                                                                                                    },
                                                                                                                    "cumulative_cardinality": 12744093,
                                                                                                                    "operator_type": "TABLE_SCAN",
                                                                                                                    "operator_cardinality": 12744093,
                                                                                                                    "cumulative_rows_scanned": 12744093,
                                                                                                                    "operator_rows_scanned": 12744093,
                                                                                                                    "operator_timing": 0.19785156199999931,
                                                                                                                    "result_set_size": 127440930,
                                                                                                                    "children": []
                                                                                                                }
                                                                                                            ]
                                                                                                        }
                                                                                                    ]
                                                                                                }
                                                                                            ]
                                                                                        },
                                                                                        {
                                                                                            "operator_name": "READ_PARQUET ",
                                                                                            "cpu_time": 0.09022594800000001,
                                                                                            "extra_info": {
                                                                                                "Function": "READ_PARQUET",
                                                                                                "Projections": [
                                                                                                    "id",
                                                                                                    "reputation",
                                                                                                    "displayname"
                                                                                                ],
                                                                                                "Filters": "id<=1416539",
                                                                                                "Estimated Cardinality": "1260710"
                                                                                            },
                                                                                            "cumulative_cardinality": 1260679,
                                                                                            "operator_type": "TABLE_SCAN",
                                                                                            "operator_cardinality": 1260679,
                                                                                            "cumulative_rows_scanned": 1260710,
                                                                                            "operator_rows_scanned": 1260710,
                                                                                            "operator_timing": 0.09022594800000001,
                                                                                            "result_set_size": 30256296,
                                                                                            "children": []
                                                                                        }
                                                                                    ]
                                                                                }
                                                                            ]
                                                                        }
                                                                    ]
                                                                }
                                                            ]
                                                        }
                                                    ]
                                                }
                                            ]
                                        }
                                    ]
                                }
                            ]
                        }
                    ]
                }
            ]
        }
    ]
}