{
    "rows_returned": 3685416,
    "query_name": "\nWITH UserVoteStats AS (\n    SELECT \n        u.Id AS UserId,\n        COUNT(v.Id) AS TotalVotes,\n        SUM(CASE WHEN v.VoteTypeId = 2 THEN 1 ELSE 0 END) AS UpVotes,\n        SUM(CASE WHEN v.VoteTypeId = 3 THEN 1 ELSE 0 END) AS DownVotes\n    FROM \n        Users u\n    LEFT JOIN \n        Votes v ON u.Id = v.UserId\n    GROUP BY \n        u.Id\n),\nPostStats AS (\n    SELECT \n        p.Id AS PostId,\n        p.OwnerUserId,\n        COUNT(c.Id) AS CommentCount,\n        SUM(CASE WHEN v.VoteTypeId = 2 THEN 1 ELSE 0 END) AS UpVotes,\n        SUM(CASE WHEN v.VoteTypeId = 3 THEN 1 ELSE 0 END) AS DownVotes\n    FROM \n        Posts p\n    LEFT JOIN \n        Comments c ON p.Id = c.PostId\n    LEFT JOIN \n        Votes v ON p.Id = v.PostId\n    GROUP BY \n        p.Id, p.OwnerUserId\n),\nFinalStats AS (\n    SELECT \n        u.Id AS UserId,\n        u.DisplayName,\n        u.Reputation,\n        us.TotalVotes,\n        us.UpVotes AS UserUpVotes,\n        us.DownVotes AS UserDownVotes,\n        p.PostId,\n        p.CommentCount,\n        p.UpVotes AS PostUpVotes,\n        p.DownVotes AS PostDownVotes\n    FROM \n        UserVoteStats us\n    JOIN \n        Users u ON us.UserId = u.Id\n    JOIN \n        PostStats p ON p.OwnerUserId = u.Id\n)\n\nSELECT \n    UserId,\n    DisplayName,\n    Reputation,\n    TotalVotes,\n    UserUpVotes,\n    UserDownVotes,\n    PostId,\n    CommentCount,\n    PostUpVotes,\n    PostDownVotes\nFROM \n    FinalStats\nORDER BY \n    Reputation DESC, TotalVotes DESC;\n",
    "blocked_thread_time": 0.0,
    "cpu_time": 5.141802801000006,
    "extra_info": {},
    "cumulative_cardinality": 126851357,
    "cumulative_rows_scanned": 39101544,
    "result_set_size": 398024928,
    "latency": 25.840709073,
    "children": [
        {
            "operator_name": "ORDER_BY",
            "cpu_time": 5.141802801000006,
            "extra_info": {
                "Order By": [
                    "FinalStats.Reputation DESC",
                    "FinalStats.TotalVotes DESC"
                ]
            },
            "cumulative_cardinality": 126851357,
            "operator_type": "ORDER_BY",
            "operator_cardinality": 3685416,
            "cumulative_rows_scanned": 39101544,
            "operator_rows_scanned": 0,
            "operator_timing": 0.3326148640000002,
            "result_set_size": 398024928,
            "children": [
                {
                    "operator_name": "PROJECTION",
                    "cpu_time": 4.809187937000006,
                    "extra_info": {
                        "Projections": [
                            "UserId",
                            "displayname",
                            "reputation",
                            "TotalVotes",
                            "UserUpVotes",
                            "UserDownVotes",
                            "PostId",
                            "CommentCount",
                            "PostUpVotes",
                            "PostDownVotes"
                        ],
                        "Estimated Cardinality": "3850116"
                    },
                    "cumulative_cardinality": 123165941,
                    "operator_type": "PROJECTION",
                    "operator_cardinality": 3685416,
                    "cumulative_rows_scanned": 39101544,
                    "operator_rows_scanned": 0,
                    "operator_timing": 0.0013504180000000058,
                    "result_set_size": 398024928,
                    "children": [
                        {
                            "operator_name": "HASH_JOIN",
                            "cpu_time": 4.807837519000006,
                            "extra_info": {
                                "Join Type": "INNER",
                                "Conditions": "owneruserid = UserId",
                                "Estimated Cardinality": "3850116"
                            },
                            "cumulative_cardinality": 119480525,
                            "operator_type": "HASH_JOIN",
                            "operator_cardinality": 3685416,
                            "cumulative_rows_scanned": 39101544,
                            "operator_rows_scanned": 0,
                            "operator_timing": 0.28165597400000036,
                            "result_set_size": 398024928,
                            "children": [
                                {
                                    "operator_name": "HASH_GROUP_BY",
                                    "cpu_time": 3.7796475350000063,
                                    "extra_info": {
                                        "Groups": [
                                            "#0",
                                            "#1"
                                        ],
                                        "Aggregates": [
                                            "count(#2)",
                                            "sum(#3)",
                                            "sum(#4)"
                                        ],
                                        "Estimated Cardinality": "3850116"
                                    },
                                    "cumulative_cardinality": 106873593,
                                    "operator_type": "HASH_GROUP_BY",
                                    "operator_cardinality": 3850116,
                                    "cumulative_rows_scanned": 23836031,
                                    "operator_rows_scanned": 0,
                                    "operator_timing": 1.4227979950000087,
                                    "result_set_size": 184805568,
                                    "children": [
                                        {
                                            "operator_name": "PROJECTION",
                                            "cpu_time": 2.3568495399999976,
                                            "extra_info": {
                                                "Projections": [
                                                    "id",
                                                    "owneruserid",
                                                    "id",
                                                    "CASE  WHEN ((votetypeid = 2)) THEN (1) ELSE 0 END",
                                                    "CASE  WHEN ((votetypeid = 3)) THEN (1) ELSE 0 END"
                                                ],
                                                "Estimated Cardinality": "12744093"
                                            },
                                            "cumulative_cardinality": 103023477,
                                            "operator_type": "PROJECTION",
                                            "operator_cardinality": 35129590,
                                            "cumulative_rows_scanned": 23836031,
                                            "operator_rows_scanned": 0,
                                            "operator_timing": 0.2367130050000017,
                                            "result_set_size": 702591800,
                                            "children": [
                                                {
                                                    "operator_name": "HASH_JOIN",
                                                    "cpu_time": 2.120136534999996,
                                                    "extra_info": {
                                                        "Join Type": "RIGHT",
                                                        "Conditions": "postid = id",
                                                        "Estimated Cardinality": "12744093"
                                                    },
                                                    "cumulative_cardinality": 67893887,
                                                    "operator_type": "HASH_JOIN",
                                                    "operator_cardinality": 35129590,
                                                    "cumulative_rows_scanned": 23836031,
                                                    "operator_rows_scanned": 0,
                                                    "operator_timing": 1.2593617679999964,
                                                    "result_set_size": 491814260,
                                                    "children": [
                                                        {
                                                            "operator_name": "READ_PARQUET ",
                                                            "cpu_time": 0.21841464899999993,
                                                            "extra_info": {
                                                                "Function": "READ_PARQUET",
                                                                "Projections": [
                                                                    "postid",
                                                                    "votetypeid"
                                                                ],
                                                                "Estimated Cardinality": "12744093"
                                                            },
                                                            "cumulative_cardinality": 12744093,
                                                            "operator_type": "TABLE_SCAN",
                                                            "operator_cardinality": 12744093,
                                                            "cumulative_rows_scanned": 12744093,
                                                            "operator_rows_scanned": 12744093,
                                                            "operator_timing": 0.21841464899999993,
                                                            "result_set_size": 76464558,
                                                            "children": []
                                                        },
                                                        {
                                                            "operator_name": "HASH_JOIN",
                                                            "cpu_time": 0.6423601179999998,
                                                            "extra_info": {
                                                                "Join Type": "RIGHT",
                                                                "Conditions": "postid = id",
                                                                "Estimated Cardinality": "7241822"
                                                            },
                                                            "cumulative_cardinality": 20020204,
                                                            "operator_type": "HASH_JOIN",
                                                            "operator_cardinality": 8928266,
                                                            "cumulative_rows_scanned": 11091938,
                                                            "operator_rows_scanned": 0,
                                                            "operator_timing": 0.48066569899999995,
                                                            "result_set_size": 107139192,
                                                            "children": [
                                                                {
                                                                    "operator_name": "READ_PARQUET ",
                                                                    "cpu_time": 0.12026170999999995,
                                                                    "extra_info": {
                                                                        "Function": "READ_PARQUET",
                                                                        "Projections": [
                                                                            "id",
                                                                            "postid"
                                                                        ],
                                                                        "Estimated Cardinality": "7241822"
                                                                    },
                                                                    "cumulative_cardinality": 7241822,
                                                                    "operator_type": "TABLE_SCAN",
                                                                    "operator_cardinality": 7241822,
                                                                    "cumulative_rows_scanned": 7241822,
                                                                    "operator_rows_scanned": 7241822,
                                                                    "operator_timing": 0.12026170999999995,
                                                                    "result_set_size": 57934576,
                                                                    "children": []
                                                                },
                                                                {
                                                                    "operator_name": "READ_PARQUET ",
                                                                    "cpu_time": 0.04143270899999998,
                                                                    "extra_info": {
                                                                        "Function": "READ_PARQUET",
                                                                        "Projections": [
                                                                            "id",
                                                                            "owneruserid"
                                                                        ],
                                                                        "Estimated Cardinality": "3850116"
                                                                    },
                                                                    "cumulative_cardinality": 3850116,
                                                                    "operator_type": "TABLE_SCAN",
                                                                    "operator_cardinality": 3850116,
                                                                    "cumulative_rows_scanned": 3850116,
                                                                    "operator_rows_scanned": 3850116,
                                                                    "operator_timing": 0.04143270899999998,
                                                                    "result_set_size": 30800928,
                                                                    "children": []
                                                                }
                                                            ]
                                                        }
                                                    ]
                                                }
                                            ]
                                        }
                                    ]
                                },
                                {
                                    "operator_name": "FILTER",
                                    "cpu_time": 0.7465340099999995,
                                    "extra_info": {
                                        "Expression": "(UserId <= 1416539)",
                                        "Estimated Cardinality": "1260710"
                                    },
                                    "cumulative_cardinality": 8921516,
                                    "operator_type": "FILTER",
                                    "operator_cardinality": 1260679,
                                    "cumulative_rows_scanned": 15265513,
                                    "operator_rows_scanned": 0,
                                    "operator_timing": 0.0016184590000000007,
                                    "result_set_size": 80683456,
                                    "children": [
                                        {
                                            "operator_name": "HASH_JOIN",
                                            "cpu_time": 0.7449155509999995,
                                            "extra_info": {
                                                "Join Type": "INNER",
                                                "Conditions": "id = UserId",
                                                "Estimated Cardinality": "1260710"
                                            },
                                            "cumulative_cardinality": 7660837,
                                            "operator_type": "HASH_JOIN",
                                            "operator_cardinality": 1260710,
                                            "cumulative_rows_scanned": 15265513,
                                            "operator_rows_scanned": 0,
                                            "operator_timing": 0.105448674,
                                            "result_set_size": 80685440,
                                            "children": [
                                                {
                                                    "operator_name": "READ_PARQUET ",
                                                    "cpu_time": 0.09603062100000005,
                                                    "extra_info": {
                                                        "Function": "READ_PARQUET",
                                                        "Projections": [
                                                            "id",
                                                            "reputation",
                                                            "displayname"
                                                        ],
                                                        "Estimated Cardinality": "1260710"
                                                    },
                                                    "cumulative_cardinality": 1260710,
                                                    "operator_type": "TABLE_SCAN",
                                                    "operator_cardinality": 1260710,
                                                    "cumulative_rows_scanned": 1260710,
                                                    "operator_rows_scanned": 1260710,
                                                    "operator_timing": 0.09603062100000005,
                                                    "result_set_size": 30257040,
                                                    "children": []
                                                },
                                                {
                                                    "operator_name": "HASH_GROUP_BY",
                                                    "cpu_time": 0.5434362559999995,
                                                    "extra_info": {
                                                        "Groups": "#0",
                                                        "Aggregates": [
                                                            "count(#1)",
                                                            "sum(#2)",
                                                            "sum(#3)"
                                                        ],
                                                        "Estimated Cardinality": "1260710"
                                                    },
                                                    "cumulative_cardinality": 5139417,
                                                    "operator_type": "HASH_GROUP_BY",
                                                    "operator_cardinality": 1260710,
                                                    "cumulative_rows_scanned": 14004803,
                                                    "operator_rows_scanned": 0,
                                                    "operator_timing": 0.23107545699999993,
                                                    "result_set_size": 55471240,
                                                    "children": [
                                                        {
                                                            "operator_name": "PROJECTION",
                                                            "cpu_time": 0.3123607989999996,
                                                            "extra_info": {
                                                                "Projections": [
                                                                    "id",
                                                                    "id",
                                                                    "CASE  WHEN ((votetypeid = 2)) THEN (1) ELSE 0 END",
                                                                    "CASE  WHEN ((votetypeid = 3)) THEN (1) ELSE 0 END"
                                                                ],
                                                                "Estimated Cardinality": "12744093"
                                                            },
                                                            "cumulative_cardinality": 3878707,
                                                            "operator_type": "PROJECTION",
                                                            "operator_cardinality": 1288855,
                                                            "cumulative_rows_scanned": 14004803,
                                                            "operator_rows_scanned": 0,
                                                            "operator_timing": 0.002479730000000001,
                                                            "result_set_size": 20621680,
                                                            "children": [
                                                                {
                                                                    "operator_name": "HASH_JOIN",
                                                                    "cpu_time": 0.30988106899999956,
                                                                    "extra_info": {
                                                                        "Join Type": "RIGHT",
                                                                        "Conditions": "userid = id",
                                                                        "Estimated Cardinality": "12744093"
                                                                    },
                                                                    "cumulative_cardinality": 2589852,
                                                                    "operator_type": "HASH_JOIN",
                                                                    "operator_cardinality": 1288855,
                                                                    "cumulative_rows_scanned": 14004803,
                                                                    "operator_rows_scanned": 0,
                                                                    "operator_timing": 0.09994717700000028,
                                                                    "result_set_size": 12888550,
                                                                    "children": [
                                                                        {
                                                                            "operator_name": "READ_PARQUET ",
                                                                            "cpu_time": 0.2003414059999993,
                                                                            "extra_info": {
                                                                                "Function": "READ_PARQUET",
                                                                                "Projections": [
                                                                                    "id",
                                                                                    "votetypeid",
                                                                                    "userid"
                                                                                ],
                                                                                "Estimated Cardinality": "12744093"
                                                                            },
                                                                            "cumulative_cardinality": 40287,
                                                                            "operator_type": "TABLE_SCAN",
                                                                            "operator_cardinality": 40287,
                                                                            "cumulative_rows_scanned": 12744093,
                                                                            "operator_rows_scanned": 12744093,
                                                                            "operator_timing": 0.2003414059999993,
                                                                            "result_set_size": 402870,
                                                                            "children": []
                                                                        },
                                                                        {
                                                                            "operator_name": "READ_PARQUET ",
                                                                            "cpu_time": 0.00959248599999998,
                                                                            "extra_info": {
                                                                                "Function": "READ_PARQUET",
                                                                                "Projections": "id",
                                                                                "Estimated Cardinality": "1260710"
                                                                            },
                                                                            "cumulative_cardinality": 1260710,
                                                                            "operator_type": "TABLE_SCAN",
                                                                            "operator_cardinality": 1260710,
                                                                            "cumulative_rows_scanned": 1260710,
                                                                            "operator_rows_scanned": 1260710,
                                                                            "operator_timing": 0.00959248599999998,
                                                                            "result_set_size": 5042840,
                                                                            "children": []
                                                                        }
                                                                    ]
                                                                }
                                                            ]
                                                        }
                                                    ]
                                                }
                                            ]
                                        }
                                    ]
                                }
                            ]
                        }
                    ]
                }
            ]
        }
    ]
}