{
    "rows_returned": 449512,
    "query_name": "\nWITH PostStatistics AS (\n    SELECT \n        P.Id AS PostId,\n        P.Title,\n        P.Score,\n        P.ViewCount,\n        COUNT(CASE WHEN C.Id IS NOT NULL THEN 1 END) AS CommentCount,\n        COUNT(DISTINCT V.Id) AS VoteCount,\n        COUNT(DISTINCT B.Id) AS BadgeCount,\n        P.CreationDate,\n        U.Reputation\n    FROM \n        Posts P\n    LEFT JOIN \n        Comments C ON P.Id = C.PostId\n    LEFT JOIN \n        Votes V ON P.Id = V.PostId\n    LEFT JOIN \n        Badges B ON P.OwnerUserId = B.UserId\n    LEFT JOIN \n        Users U ON P.OwnerUserId = U.Id\n    WHERE \n        P.CreationDate >= DATE '2022-01-01'\n    GROUP BY \n        P.Id, P.Title, P.Score, P.ViewCount, P.CreationDate, U.Reputation\n)\nSELECT \n    PostId,\n    Title,\n    Score,\n    ViewCount,\n    CommentCount,\n    VoteCount,\n    BadgeCount,\n    CreationDate,\n    Reputation,\n    CASE \n        WHEN Score > 10 THEN 'High Engagement'\n        WHEN Score BETWEEN 1 AND 10 THEN 'Moderate Engagement'\n        ELSE 'Low Engagement'\n    END AS EngagementLevel\nFROM \n    PostStatistics\nORDER BY \n    Score DESC, ViewCount DESC;\n",
    "blocked_thread_time": 0.0,
    "cpu_time": 56.28325750799945,
    "extra_info": {},
    "cumulative_cardinality": 1243658131,
    "cumulative_rows_scanned": 27418465,
    "result_set_size": 35960960,
    "latency": 66.819954223,
    "children": [
        {
            "operator_name": "PROJECTION",
            "cpu_time": 56.28325750799945,
            "extra_info": {
                "Projections": [
                    "#0",
                    "#1",
                    "__internal_decompress_integral_integer(#2, -72)",
                    "#3",
                    "#4",
                    "#5",
                    "#6",
                    "#7",
                    "#8",
                    "#9"
                ],
                "Estimated Cardinality": "3850116"
            },
            "cumulative_cardinality": 1243658131,
            "operator_type": "PROJECTION",
            "operator_cardinality": 449512,
            "cumulative_rows_scanned": 27418465,
            "operator_rows_scanned": 0,
            "operator_timing": 0.00028901099999999993,
            "result_set_size": 35960960,
            "children": [
                {
                    "operator_name": "ORDER_BY",
                    "cpu_time": 56.28296849699945,
                    "extra_info": {
                        "Order By": [
                            "PostStatistics.Score DESC",
                            "PostStatistics.ViewCount DESC"
                        ]
                    },
                    "cumulative_cardinality": 1243208619,
                    "operator_type": "ORDER_BY",
                    "operator_cardinality": 449512,
                    "cumulative_rows_scanned": 27418465,
                    "operator_rows_scanned": 0,
                    "operator_timing": 0.039552200999999995,
                    "result_set_size": 35061936,
                    "children": [
                        {
                            "operator_name": "PROJECTION",
                            "cpu_time": 56.24341629599945,
                            "extra_info": {
                                "Projections": [
                                    "#0",
                                    "#1",
                                    "__internal_compress_integral_usmallint(#2, -72)",
                                    "#3",
                                    "#4",
                                    "#5",
                                    "#6",
                                    "#7",
                                    "#8",
                                    "#9"
                                ],
                                "Estimated Cardinality": "3850116"
                            },
                            "cumulative_cardinality": 1242759107,
                            "operator_type": "PROJECTION",
                            "operator_cardinality": 449512,
                            "cumulative_rows_scanned": 27418465,
                            "operator_rows_scanned": 0,
                            "operator_timing": 0.00022033500000000016,
                            "result_set_size": 35061936,
                            "children": [
                                {
                                    "operator_name": "PROJECTION",
                                    "cpu_time": 56.24319596099945,
                                    "extra_info": {
                                        "Projections": [
                                            "PostId",
                                            "title",
                                            "score",
                                            "viewcount",
                                            "CommentCount",
                                            "VoteCount",
                                            "BadgeCount",
                                            "creationdate",
                                            "reputation",
                                            "EngagementLevel"
                                        ],
                                        "Estimated Cardinality": "3850116"
                                    },
                                    "cumulative_cardinality": 1242309595,
                                    "operator_type": "PROJECTION",
                                    "operator_cardinality": 449512,
                                    "cumulative_rows_scanned": 27418465,
                                    "operator_rows_scanned": 0,
                                    "operator_timing": 0.005058642999999999,
                                    "result_set_size": 35960960,
                                    "children": [
                                        {
                                            "operator_name": "PROJECTION",
                                            "cpu_time": 56.23813731799945,
                                            "extra_info": {
                                                "Projections": [
                                                    "PostId",
                                                    "title",
                                                    "score",
                                                    "viewcount",
                                                    "CommentCount",
                                                    "VoteCount",
                                                    "BadgeCount",
                                                    "creationdate",
                                                    "reputation"
                                                ],
                                                "Estimated Cardinality": "3850116"
                                            },
                                            "cumulative_cardinality": 1241860083,
                                            "operator_type": "PROJECTION",
                                            "operator_cardinality": 449512,
                                            "cumulative_rows_scanned": 27418465,
                                            "operator_rows_scanned": 0,
                                            "operator_timing": 0.00011016999999999994,
                                            "result_set_size": 28768768,
                                            "children": [
                                                {
                                                    "operator_name": "PROJECTION",
                                                    "cpu_time": 56.23802714799945,
                                                    "extra_info": {
                                                        "Projections": [
                                                            "#0",
                                                            "#1",
                                                            "__internal_decompress_integral_integer(#2, -72)",
                                                            "#3",
                                                            "#4",
                                                            "#5",
                                                            "#6",
                                                            "#7",
                                                            "#8"
                                                        ],
                                                        "Estimated Cardinality": "3850116"
                                                    },
                                                    "cumulative_cardinality": 1241410571,
                                                    "operator_type": "PROJECTION",
                                                    "operator_cardinality": 449512,
                                                    "cumulative_rows_scanned": 27418465,
                                                    "operator_rows_scanned": 0,
                                                    "operator_timing": 0.00024156200000000002,
                                                    "result_set_size": 28768768,
                                                    "children": [
                                                        {
                                                            "operator_name": "HASH_GROUP_BY",
                                                            "cpu_time": 56.237785585999454,
                                                            "extra_info": {
                                                                "Groups": [
                                                                    "#0",
                                                                    "#1",
                                                                    "#2",
                                                                    "#3",
                                                                    "#4",
                                                                    "#5"
                                                                ],
                                                                "Aggregates": [
                                                                    "count(#6)",
                                                                    "count(DISTINCT #7)",
                                                                    "count(DISTINCT #8)"
                                                                ],
                                                                "Estimated Cardinality": "3850116"
                                                            },
                                                            "cumulative_cardinality": 1240961059,
                                                            "operator_type": "HASH_GROUP_BY",
                                                            "operator_cardinality": 449512,
                                                            "cumulative_rows_scanned": 27418465,
                                                            "operator_rows_scanned": 0,
                                                            "operator_timing": 41.998725416999505,
                                                            "result_set_size": 27869744,
                                                            "children": [
                                                                {
                                                                    "operator_name": "PROJECTION",
                                                                    "cpu_time": 14.239060168999949,
                                                                    "extra_info": {
                                                                        "Projections": [
                                                                            "id",
                                                                            "title",
                                                                            "score",
                                                                            "viewcount",
                                                                            "creationdate",
                                                                            "reputation",
                                                                            "CASE  WHEN ((id IS NOT NULL)) THEN (1) ELSE NULL END",
                                                                            "id",
                                                                            "id"
                                                                        ],
                                                                        "Estimated Cardinality": "12744093"
                                                                    },
                                                                    "cumulative_cardinality": 1240511547,
                                                                    "operator_type": "PROJECTION",
                                                                    "operator_cardinality": 304690686,
                                                                    "cumulative_rows_scanned": 27418465,
                                                                    "operator_rows_scanned": 0,
                                                                    "operator_timing": 0.707336697999974,
                                                                    "result_set_size": 15234534300,
                                                                    "children": [
                                                                        {
                                                                            "operator_name": "PROJECTION",
                                                                            "cpu_time": 13.531723470999975,
                                                                            "extra_info": {
                                                                                "Projections": [
                                                                                    "#1",
                                                                                    "#2",
                                                                                    "__internal_compress_integral_usmallint(#3, -72)",
                                                                                    "#4",
                                                                                    "#5",
                                                                                    "#0",
                                                                                    "#6",
                                                                                    "#7",
                                                                                    "#8"
                                                                                ],
                                                                                "Estimated Cardinality": "12744093"
                                                                            },
                                                                            "cumulative_cardinality": 935820861,
                                                                            "operator_type": "PROJECTION",
                                                                            "operator_cardinality": 304690686,
                                                                            "cumulative_rows_scanned": 27418465,
                                                                            "operator_rows_scanned": 0,
                                                                            "operator_timing": 0.3870692160000171,
                                                                            "result_set_size": 15234534300,
                                                                            "children": [
                                                                                {
                                                                                    "operator_name": "HASH_JOIN",
                                                                                    "cpu_time": 13.144654254999958,
                                                                                    "extra_info": {
                                                                                        "Join Type": "LEFT",
                                                                                        "Conditions": "owneruserid = id",
                                                                                        "Estimated Cardinality": "12744093"
                                                                                    },
                                                                                    "cumulative_cardinality": 631130175,
                                                                                    "operator_type": "HASH_JOIN",
                                                                                    "operator_cardinality": 304690686,
                                                                                    "cumulative_rows_scanned": 27418465,
                                                                                    "operator_rows_scanned": 0,
                                                                                    "operator_timing": 7.461293664999919,
                                                                                    "result_set_size": 15843915672,
                                                                                    "children": [
                                                                                        {
                                                                                            "operator_name": "HASH_JOIN",
                                                                                            "cpu_time": 5.66327932700004,
                                                                                            "extra_info": {
                                                                                                "Join Type": "LEFT",
                                                                                                "Conditions": "owneruserid = userid",
                                                                                                "Estimated Cardinality": "12744093"
                                                                                            },
                                                                                            "cumulative_cardinality": 325178779,
                                                                                            "operator_type": "HASH_JOIN",
                                                                                            "operator_cardinality": 304690686,
                                                                                            "cumulative_rows_scanned": 26157755,
                                                                                            "operator_rows_scanned": 0,
                                                                                            "operator_timing": 4.078892958000039,
                                                                                            "result_set_size": 15843915672,
                                                                                            "children": [
                                                                                                {
                                                                                                    "operator_name": "HASH_JOIN",
                                                                                                    "cpu_time": 1.3527455510000006,
                                                                                                    "extra_info": {
                                                                                                        "Join Type": "LEFT",
                                                                                                        "Conditions": "id = postid",
                                                                                                        "Estimated Cardinality": "12744093"
                                                                                                    },
                                                                                                    "cumulative_cardinality": 18166369,
                                                                                                    "operator_type": "HASH_JOIN",
                                                                                                    "operator_cardinality": 2935135,
                                                                                                    "cumulative_rows_scanned": 23836031,
                                                                                                    "operator_rows_scanned": 0,
                                                                                                    "operator_timing": 0.8208684850000003,
                                                                                                    "result_set_size": 140886480,
                                                                                                    "children": [
                                                                                                        {
                                                                                                            "operator_name": "HASH_JOIN",
                                                                                                            "cpu_time": 0.33085803700000005,
                                                                                                            "extra_info": {
                                                                                                                "Join Type": "RIGHT",
                                                                                                                "Conditions": "postid = id",
                                                                                                                "Estimated Cardinality": "7241822"
                                                                                                            },
                                                                                                            "cumulative_cardinality": 2487141,
                                                                                                            "operator_type": "HASH_JOIN",
                                                                                                            "operator_cardinality": 1111027,
                                                                                                            "cumulative_rows_scanned": 11091938,
                                                                                                            "operator_rows_scanned": 0,
                                                                                                            "operator_timing": 0.15270459700000003,
                                                                                                            "result_set_size": 48885188,
                                                                                                            "children": [
                                                                                                                {
                                                                                                                    "operator_name": "READ_PARQUET ",
                                                                                                                    "cpu_time": 0.042511348000000046,
                                                                                                                    "extra_info": {
                                                                                                                        "Function": "READ_PARQUET",
                                                                                                                        "Projections": [
                                                                                                                            "id",
                                                                                                                            "postid"
                                                                                                                        ],
                                                                                                                        "Estimated Cardinality": "7241822"
                                                                                                                    },
                                                                                                                    "cumulative_cardinality": 926602,
                                                                                                                    "operator_type": "TABLE_SCAN",
                                                                                                                    "operator_cardinality": 926602,
                                                                                                                    "cumulative_rows_scanned": 7241822,
                                                                                                                    "operator_rows_scanned": 7241822,
                                                                                                                    "operator_timing": 0.042511348000000046,
                                                                                                                    "result_set_size": 7412816,
                                                                                                                    "children": []
                                                                                                                },
                                                                                                                {
                                                                                                                    "operator_name": "READ_PARQUET ",
                                                                                                                    "cpu_time": 0.13564209199999996,
                                                                                                                    "extra_info": {
                                                                                                                        "Function": "READ_PARQUET",
                                                                                                                        "Projections": [
                                                                                                                            "id",
                                                                                                                            "creationdate",
                                                                                                                            "score",
                                                                                                                            "viewcount",
                                                                                                                            "owneruserid",
                                                                                                                            "title"
                                                                                                                        ],
                                                                                                                        "Filters": "creationdate>='2022-01-01 00:00:00'::TIMESTAMP",
                                                                                                                        "Estimated Cardinality": "770023"
                                                                                                                    },
                                                                                                                    "cumulative_cardinality": 449512,
                                                                                                                    "operator_type": "TABLE_SCAN",
                                                                                                                    "operator_cardinality": 449512,
                                                                                                                    "cumulative_rows_scanned": 3850116,
                                                                                                                    "operator_rows_scanned": 3850116,
                                                                                                                    "operator_timing": 0.13564209199999996,
                                                                                                                    "result_set_size": 17980480,
                                                                                                                    "children": []
                                                                                                                }
                                                                                                            ]
                                                                                                        },
                                                                                                        {
                                                                                                            "operator_name": "READ_PARQUET ",
                                                                                                            "cpu_time": 0.2010190290000002,
                                                                                                            "extra_info": {
                                                                                                                "Function": "READ_PARQUET",
                                                                                                                "Projections": [
                                                                                                                    "id",
                                                                                                                    "postid"
                                                                                                                ],
                                                                                                                "Estimated Cardinality": "12744093"
                                                                                                            },
                                                                                                            "cumulative_cardinality": 12744093,
                                                                                                            "operator_type": "TABLE_SCAN",
                                                                                                            "operator_cardinality": 12744093,
                                                                                                            "cumulative_rows_scanned": 12744093,
                                                                                                            "operator_rows_scanned": 12744093,
                                                                                                            "operator_timing": 0.2010190290000002,
                                                                                                            "result_set_size": 101952744,
                                                                                                            "children": []
                                                                                                        }
                                                                                                    ]
                                                                                                },
                                                                                                {
                                                                                                    "operator_name": "READ_PARQUET ",
                                                                                                    "cpu_time": 0.23164081800000016,
                                                                                                    "extra_info": {
                                                                                                        "Function": "READ_PARQUET",
                                                                                                        "Projections": [
                                                                                                            "id",
                                                                                                            "userid"
                                                                                                        ],
                                                                                                        "Estimated Cardinality": "2321724"
                                                                                                    },
                                                                                                    "cumulative_cardinality": 2321724,
                                                                                                    "operator_type": "TABLE_SCAN",
                                                                                                    "operator_cardinality": 2321724,
                                                                                                    "cumulative_rows_scanned": 2321724,
                                                                                                    "operator_rows_scanned": 2321724,
                                                                                                    "operator_timing": 0.23164081800000016,
                                                                                                    "result_set_size": 18573792,
                                                                                                    "children": []
                                                                                                }
                                                                                            ]
                                                                                        },
                                                                                        {
                                                                                            "operator_name": "READ_PARQUET ",
                                                                                            "cpu_time": 0.020081263000000005,
                                                                                            "extra_info": {
                                                                                                "Function": "READ_PARQUET",
                                                                                                "Projections": [
                                                                                                    "id",
                                                                                                    "reputation"
                                                                                                ],
                                                                                                "Estimated Cardinality": "1260710"
                                                                                            },
                                                                                            "cumulative_cardinality": 1260710,
                                                                                            "operator_type": "TABLE_SCAN",
                                                                                            "operator_cardinality": 1260710,
                                                                                            "cumulative_rows_scanned": 1260710,
                                                                                            "operator_rows_scanned": 1260710,
                                                                                            "operator_timing": 0.020081263000000005,
                                                                                            "result_set_size": 10085680,
                                                                                            "children": []
                                                                                        }
                                                                                    ]
                                                                                }
                                                                            ]
                                                                        }
                                                                    ]
                                                                }
                                                            ]
                                                        }
                                                    ]
                                                }
                                            ]
                                        }
                                    ]
                                }
                            ]
                        }
                    ]
                }
            ]
        }
    ]
}