{
    "rows_returned": 3,
    "query_name": "WITH PostMetrics AS (\n    SELECT \n        p.Id AS PostId,\n        p.Title,\n        p.CreationDate,\n        p.ViewCount,\n        p.Score,\n        COALESCE(a.AnswerCount, 0) AS AnswerCount,\n        COALESCE(c.CommentCount, 0) AS CommentCount,\n        COALESCE(v.VoteCount, 0) AS VoteCount,\n        COALESCE(b.BadgeCount, 0) AS BadgeCount,\n        CASE \n            WHEN p.PostTypeId = 1 THEN 'Question'\n            WHEN p.PostTypeId = 2 THEN 'Answer'\n            ELSE 'Other'\n        END AS PostType\n    FROM \n        Posts p\n    LEFT JOIN (\n        \n        SELECT ParentId, COUNT(*) AS AnswerCount\n        FROM Posts\n        WHERE PostTypeId = 2\n        GROUP BY ParentId\n    ) a ON p.Id = a.ParentId\n    LEFT JOIN (\n        \n        SELECT PostId, COUNT(*) AS CommentCount\n        FROM Comments\n        GROUP BY PostId\n    ) c ON p.Id = c.PostId\n    LEFT JOIN (\n        \n        SELECT PostId, COUNT(*) AS VoteCount\n        FROM Votes\n        GROUP BY PostId\n    ) v ON p.Id = v.PostId\n    LEFT JOIN (\n        \n        SELECT UserId, COUNT(*) AS BadgeCount\n        FROM Badges\n        GROUP BY UserId\n    ) b ON p.OwnerUserId = b.UserId\n    WHERE p.CreationDate >= '2023-01-01' \n)\nSELECT \n    PostType,\n    COUNT(*) AS TotalPosts,\n    AVG(ViewCount) AS AvgViewCount,\n    AVG(Score) AS AvgScore,\n    AVG(AnswerCount) AS AvgAnswerCount,\n    AVG(CommentCount) AS AvgCommentCount,\n    AVG(VoteCount) AS AvgVoteCount,\n    AVG(BadgeCount) AS AvgBadgeCount\nFROM \n    PostMetrics\nGROUP BY \n    PostType\nORDER BY \n    TotalPosts DESC;",
    "blocked_thread_time": 0.0,
    "cpu_time": 1.351220588999998,
    "extra_info": {},
    "cumulative_cardinality": 59654920,
    "cumulative_rows_scanned": 30007871,
    "result_set_size": 216,
    "latency": 1.456941368,
    "children": [
        {
            "operator_name": "PROJECTION",
            "cpu_time": 1.351220588999998,
            "extra_info": {
                "Projections": [
                    "__internal_decompress_string(#0)",
                    "#1",
                    "#2",
                    "#3",
                    "#4",
                    "#5",
                    "#6",
                    "#7"
                ],
                "Estimated Cardinality": "1"
            },
            "cumulative_cardinality": 59654920,
            "operator_type": "PROJECTION",
            "operator_cardinality": 3,
            "cumulative_rows_scanned": 30007871,
            "operator_rows_scanned": 0,
            "operator_timing": 9.52e-7,
            "result_set_size": 216,
            "children": [
                {
                    "operator_name": "ORDER_BY",
                    "cpu_time": 1.351219636999998,
                    "extra_info": {
                        "Order By": "count_star() DESC"
                    },
                    "cumulative_cardinality": 59654917,
                    "operator_type": "ORDER_BY",
                    "operator_cardinality": 3,
                    "cumulative_rows_scanned": 30007871,
                    "operator_rows_scanned": 0,
                    "operator_timing": 0.000021852,
                    "result_set_size": 216,
                    "children": [
                        {
                            "operator_name": "PROJECTION",
                            "cpu_time": 1.351197784999998,
                            "extra_info": {
                                "Projections": [
                                    "__internal_compress_string_hugeint(#0)",
                                    "#1",
                                    "#2",
                                    "#3",
                                    "#4",
                                    "#5",
                                    "#6",
                                    "#7"
                                ],
                                "Estimated Cardinality": "1"
                            },
                            "cumulative_cardinality": 59654914,
                            "operator_type": "PROJECTION",
                            "operator_cardinality": 3,
                            "cumulative_rows_scanned": 30007871,
                            "operator_rows_scanned": 0,
                            "operator_timing": 8.72e-7,
                            "result_set_size": 216,
                            "children": [
                                {
                                    "operator_name": "PROJECTION",
                                    "cpu_time": 1.3511969129999981,
                                    "extra_info": {
                                        "Projections": [
                                            "__internal_decompress_string(#0)",
                                            "#1",
                                            "#2",
                                            "#3",
                                            "#4",
                                            "#5",
                                            "#6",
                                            "#7"
                                        ],
                                        "Estimated Cardinality": "1"
                                    },
                                    "cumulative_cardinality": 59654911,
                                    "operator_type": "PROJECTION",
                                    "operator_cardinality": 3,
                                    "cumulative_rows_scanned": 30007871,
                                    "operator_rows_scanned": 0,
                                    "operator_timing": 0.000024515,
                                    "result_set_size": 216,
                                    "children": [
                                        {
                                            "operator_name": "HASH_GROUP_BY",
                                            "cpu_time": 1.351172397999998,
                                            "extra_info": {
                                                "Groups": "#0",
                                                "Aggregates": [
                                                    "count_star()",
                                                    "avg(#1)",
                                                    "avg(#2)",
                                                    "avg(#3)",
                                                    "avg(#4)",
                                                    "avg(#5)",
                                                    "avg(#6)"
                                                ],
                                                "Estimated Cardinality": "1"
                                            },
                                            "cumulative_cardinality": 59654908,
                                            "operator_type": "HASH_GROUP_BY",
                                            "operator_cardinality": 3,
                                            "cumulative_rows_scanned": 30007871,
                                            "operator_rows_scanned": 0,
                                            "operator_timing": 0.006955411,
                                            "result_set_size": 216,
                                            "children": [
                                                {
                                                    "operator_name": "PROJECTION",
                                                    "cpu_time": 1.344216986999998,
                                                    "extra_info": {
                                                        "Projections": [
                                                            "PostType",
                                                            "viewcount",
                                                            "score",
                                                            "AnswerCount",
                                                            "CommentCount",
                                                            "VoteCount",
                                                            "BadgeCount"
                                                        ],
                                                        "Estimated Cardinality": "6372046"
                                                    },
                                                    "cumulative_cardinality": 59654905,
                                                    "operator_type": "PROJECTION",
                                                    "operator_cardinality": 265255,
                                                    "cumulative_rows_scanned": 30007871,
                                                    "operator_rows_scanned": 0,
                                                    "operator_timing": 0.00010523999999999999,
                                                    "result_set_size": 14854280,
                                                    "children": [
                                                        {
                                                            "operator_name": "PROJECTION",
                                                            "cpu_time": 1.3441117469999981,
                                                            "extra_info": {
                                                                "Projections": [
                                                                    "#0",
                                                                    "#1",
                                                                    "#2",
                                                                    "#3",
                                                                    "#4",
                                                                    "#5",
                                                                    "__internal_compress_string_hugeint(#6)"
                                                                ],
                                                                "Estimated Cardinality": "6372046"
                                                            },
                                                            "cumulative_cardinality": 59389650,
                                                            "operator_type": "PROJECTION",
                                                            "operator_cardinality": 265255,
                                                            "cumulative_rows_scanned": 30007871,
                                                            "operator_rows_scanned": 0,
                                                            "operator_timing": 0.002618388000000001,
                                                            "result_set_size": 14854280,
                                                            "children": [
                                                                {
                                                                    "operator_name": "PROJECTION",
                                                                    "cpu_time": 1.3414933589999982,
                                                                    "extra_info": {
                                                                        "Projections": [
                                                                            "viewcount",
                                                                            "score",
                                                                            "AnswerCount",
                                                                            "CommentCount",
                                                                            "VoteCount",
                                                                            "BadgeCount",
                                                                            "PostType"
                                                                        ],
                                                                        "Estimated Cardinality": "6372046"
                                                                    },
                                                                    "cumulative_cardinality": 59124395,
                                                                    "operator_type": "PROJECTION",
                                                                    "operator_cardinality": 265255,
                                                                    "cumulative_rows_scanned": 30007871,
                                                                    "operator_rows_scanned": 0,
                                                                    "operator_timing": 0.013714238000000004,
                                                                    "result_set_size": 14854280,
                                                                    "children": [
                                                                        {
                                                                            "operator_name": "HASH_JOIN",
                                                                            "cpu_time": 1.3277791209999983,
                                                                            "extra_info": {
                                                                                "Join Type": "LEFT",
                                                                                "Conditions": "owneruserid = userid",
                                                                                "Estimated Cardinality": "6372046"
                                                                            },
                                                                            "cumulative_cardinality": 58859140,
                                                                            "operator_type": "HASH_JOIN",
                                                                            "operator_cardinality": 265255,
                                                                            "cumulative_rows_scanned": 30007871,
                                                                            "operator_rows_scanned": 0,
                                                                            "operator_timing": 0.03129705799999999,
                                                                            "result_set_size": 11140710,
                                                                            "children": [
                                                                                {
                                                                                    "operator_name": "PROJECTION",
                                                                                    "cpu_time": 1.2243484989999982,
                                                                                    "extra_info": {
                                                                                        "Projections": [
                                                                                            "#0",
                                                                                            "__internal_decompress_integral_smallint(#2, 1)",
                                                                                            "__internal_decompress_integral_integer(#3, -72)",
                                                                                            "#4",
                                                                                            "#5",
                                                                                            "#6",
                                                                                            "#1"
                                                                                        ],
                                                                                        "Estimated Cardinality": "6372046"
                                                                                    },
                                                                                    "cumulative_cardinality": 53401416,
                                                                                    "operator_type": "PROJECTION",
                                                                                    "operator_cardinality": 265255,
                                                                                    "cumulative_rows_scanned": 27686147,
                                                                                    "operator_rows_scanned": 0,
                                                                                    "operator_timing": 0.0002923039999999998,
                                                                                    "result_set_size": 10079690,
                                                                                    "children": [
                                                                                        {
                                                                                            "operator_name": "HASH_JOIN",
                                                                                            "cpu_time": 1.2240561949999982,
                                                                                            "extra_info": {
                                                                                                "Join Type": "RIGHT",
                                                                                                "Conditions": "postid = id",
                                                                                                "Estimated Cardinality": "6372046"
                                                                                            },
                                                                                            "cumulative_cardinality": 53136161,
                                                                                            "operator_type": "HASH_JOIN",
                                                                                            "operator_cardinality": 265255,
                                                                                            "cumulative_rows_scanned": 27686147,
                                                                                            "operator_rows_scanned": 0,
                                                                                            "operator_timing": 0.0650098390000001,
                                                                                            "result_set_size": 9283925,
                                                                                            "children": [
                                                                                                {
                                                                                                    "operator_name": "HASH_GROUP_BY",
                                                                                                    "cpu_time": 0.5613294719999989,
                                                                                                    "extra_info": {
                                                                                                        "Groups": "#0",
                                                                                                        "Aggregates": "count_star()",
                                                                                                        "Estimated Cardinality": "6372046"
                                                                                                    },
                                                                                                    "cumulative_cardinality": 29453413,
                                                                                                    "operator_type": "HASH_GROUP_BY",
                                                                                                    "operator_cardinality": 3965227,
                                                                                                    "cumulative_rows_scanned": 12744093,
                                                                                                    "operator_rows_scanned": 0,
                                                                                                    "operator_timing": 0.4843755139999988,
                                                                                                    "result_set_size": 47582724,
                                                                                                    "children": [
                                                                                                        {
                                                                                                            "operator_name": "PROJECTION",
                                                                                                            "cpu_time": 0.07695395800000014,
                                                                                                            "extra_info": {
                                                                                                                "Projections": "postid",
                                                                                                                "Estimated Cardinality": "12744093"
                                                                                                            },
                                                                                                            "cumulative_cardinality": 25488186,
                                                                                                            "operator_type": "PROJECTION",
                                                                                                            "operator_cardinality": 12744093,
                                                                                                            "cumulative_rows_scanned": 12744093,
                                                                                                            "operator_rows_scanned": 0,
                                                                                                            "operator_timing": 0.0006923330000000016,
                                                                                                            "result_set_size": 50976372,
                                                                                                            "children": [
                                                                                                                {
                                                                                                                    "operator_name": "READ_PARQUET ",
                                                                                                                    "cpu_time": 0.07626162500000014,
                                                                                                                    "extra_info": {
                                                                                                                        "Function": "READ_PARQUET",
                                                                                                                        "Projections": "postid",
                                                                                                                        "Estimated Cardinality": "12744093"
                                                                                                                    },
                                                                                                                    "cumulative_cardinality": 12744093,
                                                                                                                    "operator_type": "TABLE_SCAN",
                                                                                                                    "operator_cardinality": 12744093,
                                                                                                                    "cumulative_rows_scanned": 12744093,
                                                                                                                    "operator_rows_scanned": 12744093,
                                                                                                                    "operator_timing": 0.07626162500000014,
                                                                                                                    "result_set_size": 50976372,
                                                                                                                    "children": []
                                                                                                                }
                                                                                                            ]
                                                                                                        }
                                                                                                    ]
                                                                                                },
                                                                                                {
                                                                                                    "operator_name": "PROJECTION",
                                                                                                    "cpu_time": 0.5977168839999991,
                                                                                                    "extra_info": {
                                                                                                        "Projections": [
                                                                                                            "#0",
                                                                                                            "#1",
                                                                                                            "__internal_compress_integral_utinyint(#2, 1)",
                                                                                                            "__internal_compress_integral_usmallint(#3, -72)",
                                                                                                            "#4",
                                                                                                            "#5",
                                                                                                            "#6"
                                                                                                        ],
                                                                                                        "Estimated Cardinality": "3620911"
                                                                                                    },
                                                                                                    "cumulative_cardinality": 23417493,
                                                                                                    "operator_type": "PROJECTION",
                                                                                                    "operator_cardinality": 265255,
                                                                                                    "cumulative_rows_scanned": 14942054,
                                                                                                    "operator_rows_scanned": 0,
                                                                                                    "operator_timing": 0.00018518100000000006,
                                                                                                    "result_set_size": 8222905,
                                                                                                    "children": [
                                                                                                        {
                                                                                                            "operator_name": "HASH_JOIN",
                                                                                                            "cpu_time": 0.5975317029999991,
                                                                                                            "extra_info": {
                                                                                                                "Join Type": "RIGHT",
                                                                                                                "Conditions": "postid = id",
                                                                                                                "Estimated Cardinality": "3620911"
                                                                                                            },
                                                                                                            "cumulative_cardinality": 23152238,
                                                                                                            "operator_type": "HASH_JOIN",
                                                                                                            "operator_cardinality": 265255,
                                                                                                            "cumulative_rows_scanned": 14942054,
                                                                                                            "operator_rows_scanned": 0,
                                                                                                            "operator_timing": 0.038469065,
                                                                                                            "result_set_size": 9018670,
                                                                                                            "children": [
                                                                                                                {
                                                                                                                    "operator_name": "HASH_GROUP_BY",
                                                                                                                    "cpu_time": 0.2677164069999994,
                                                                                                                    "extra_info": {
                                                                                                                        "Groups": "#0",
                                                                                                                        "Aggregates": "count_star()",
                                                                                                                        "Estimated Cardinality": "3620911"
                                                                                                                    },
                                                                                                                    "cumulative_cardinality": 16647316,
                                                                                                                    "operator_type": "HASH_GROUP_BY",
                                                                                                                    "operator_cardinality": 2163672,
                                                                                                                    "cumulative_rows_scanned": 7241822,
                                                                                                                    "operator_rows_scanned": 0,
                                                                                                                    "operator_timing": 0.22674323499999938,
                                                                                                                    "result_set_size": 25964064,
                                                                                                                    "children": [
                                                                                                                        {
                                                                                                                            "operator_name": "PROJECTION",
                                                                                                                            "cpu_time": 0.040973172000000016,
                                                                                                                            "extra_info": {
                                                                                                                                "Projections": "postid",
                                                                                                                                "Estimated Cardinality": "7241822"
                                                                                                                            },
                                                                                                                            "cumulative_cardinality": 14483644,
                                                                                                                            "operator_type": "PROJECTION",
                                                                                                                            "operator_cardinality": 7241822,
                                                                                                                            "cumulative_rows_scanned": 7241822,
                                                                                                                            "operator_rows_scanned": 0,
                                                                                                                            "operator_timing": 0.00039366000000000146,
                                                                                                                            "result_set_size": 28967288,
                                                                                                                            "children": [
                                                                                                                                {
                                                                                                                                    "operator_name": "READ_PARQUET ",
                                                                                                                                    "cpu_time": 0.04057951200000001,
                                                                                                                                    "extra_info": {
                                                                                                                                        "Function": "READ_PARQUET",
                                                                                                                                        "Projections": "postid",
                                                                                                                                        "Estimated Cardinality": "7241822"
                                                                                                                                    },
                                                                                                                                    "cumulative_cardinality": 7241822,
                                                                                                                                    "operator_type": "TABLE_SCAN",
                                                                                                                                    "operator_cardinality": 7241822,
                                                                                                                                    "cumulative_rows_scanned": 7241822,
                                                                                                                                    "operator_rows_scanned": 7241822,
                                                                                                                                    "operator_timing": 0.04057951200000001,
                                                                                                                                    "result_set_size": 28967288,
                                                                                                                                    "children": []
                                                                                                                                }
                                                                                                                            ]
                                                                                                                        }
                                                                                                                    ]
                                                                                                                },
                                                                                                                {
                                                                                                                    "operator_name": "HASH_JOIN",
                                                                                                                    "cpu_time": 0.29134623099999984,
                                                                                                                    "extra_info": {
                                                                                                                        "Join Type": "LEFT",
                                                                                                                        "Conditions": "id = parentid",
                                                                                                                        "Estimated Cardinality": "770023"
                                                                                                                    },
                                                                                                                    "cumulative_cardinality": 6239667,
                                                                                                                    "operator_type": "HASH_JOIN",
                                                                                                                    "operator_cardinality": 265255,
                                                                                                                    "cumulative_rows_scanned": 7700232,
                                                                                                                    "operator_rows_scanned": 0,
                                                                                                                    "operator_timing": 0.06029189600000002,
                                                                                                                    "result_set_size": 6896630,
                                                                                                                    "children": [
                                                                                                                        {
                                                                                                                            "operator_name": "READ_PARQUET ",
                                                                                                                            "cpu_time": 0.03161359900000001,
                                                                                                                            "extra_info": {
                                                                                                                                "Function": "READ_PARQUET",
                                                                                                                                "Projections": [
                                                                                                                                    "id",
                                                                                                                                    "posttypeid",
                                                                                                                                    "score",
                                                                                                                                    "viewcount",
                                                                                                                                    "owneruserid"
                                                                                                                                ],
                                                                                                                                "Filters": "creationdate>='2023-01-01 00:00:00'::TIMESTAMP",
                                                                                                                                "Estimated Cardinality": "770023"
                                                                                                                            },
                                                                                                                            "cumulative_cardinality": 265255,
                                                                                                                            "operator_type": "TABLE_SCAN",
                                                                                                                            "operator_cardinality": 265255,
                                                                                                                            "cumulative_rows_scanned": 3850116,
                                                                                                                            "operator_rows_scanned": 3850116,
                                                                                                                            "operator_timing": 0.03161359900000001,
                                                                                                                            "result_set_size": 4774590,
                                                                                                                            "children": []
                                                                                                                        },
                                                                                                                        {
                                                                                                                            "operator_name": "HASH_GROUP_BY",
                                                                                                                            "cpu_time": 0.1994407359999998,
                                                                                                                            "extra_info": {
                                                                                                                                "Groups": "#0",
                                                                                                                                "Aggregates": "count_star()",
                                                                                                                                "Estimated Cardinality": "385011"
                                                                                                                            },
                                                                                                                            "cumulative_cardinality": 5709157,
                                                                                                                            "operator_type": "HASH_GROUP_BY",
                                                                                                                            "operator_cardinality": 1354571,
                                                                                                                            "cumulative_rows_scanned": 3850116,
                                                                                                                            "operator_rows_scanned": 0,
                                                                                                                            "operator_timing": 0.10152559799999995,
                                                                                                                            "result_set_size": 16254852,
                                                                                                                            "children": [
                                                                                                                                {
                                                                                                                                    "operator_name": "PROJECTION",
                                                                                                                                    "cpu_time": 0.09791513799999986,
                                                                                                                                    "extra_info": {
                                                                                                                                        "Projections": "parentid",
                                                                                                                                        "Estimated Cardinality": "770023"
                                                                                                                                    },
                                                                                                                                    "cumulative_cardinality": 4354586,
                                                                                                                                    "operator_type": "PROJECTION",
                                                                                                                                    "operator_cardinality": 2177293,
                                                                                                                                    "cumulative_rows_scanned": 3850116,
                                                                                                                                    "operator_rows_scanned": 0,
                                                                                                                                    "operator_timing": 0.0003037279999999997,
                                                                                                                                    "result_set_size": 8709172,
                                                                                                                                    "children": [
                                                                                                                                        {
                                                                                                                                            "operator_name": "READ_PARQUET ",
                                                                                                                                            "cpu_time": 0.09761140999999986,
                                                                                                                                            "extra_info": {
                                                                                                                                                "Function": "READ_PARQUET",
                                                                                                                                                "Projections": "parentid",
                                                                                                                                                "Filters": "posttypeid=2",
                                                                                                                                                "Estimated Cardinality": "770023"
                                                                                                                                            },
                                                                                                                                            "cumulative_cardinality": 2177293,
                                                                                                                                            "operator_type": "TABLE_SCAN",
                                                                                                                                            "operator_cardinality": 2177293,
                                                                                                                                            "cumulative_rows_scanned": 3850116,
                                                                                                                                            "operator_rows_scanned": 3850116,
                                                                                                                                            "operator_timing": 0.09761140999999986,
                                                                                                                                            "result_set_size": 8709172,
                                                                                                                                            "children": []
                                                                                                                                        }
                                                                                                                                    ]
                                                                                                                                }
                                                                                                                            ]
                                                                                                                        }
                                                                                                                    ]
                                                                                                                }
                                                                                                            ]
                                                                                                        }
                                                                                                    ]
                                                                                                }
                                                                                            ]
                                                                                        }
                                                                                    ]
                                                                                },
                                                                                {
                                                                                    "operator_name": "HASH_GROUP_BY",
                                                                                    "cpu_time": 0.072133564,
                                                                                    "extra_info": {
                                                                                        "Groups": "#0",
                                                                                        "Aggregates": "count_star()",
                                                                                        "Estimated Cardinality": "1160862"
                                                                                    },
                                                                                    "cumulative_cardinality": 5192469,
                                                                                    "operator_type": "HASH_GROUP_BY",
                                                                                    "operator_cardinality": 549021,
                                                                                    "cumulative_rows_scanned": 2321724,
                                                                                    "operator_rows_scanned": 0,
                                                                                    "operator_timing": 0.05795288700000002,
                                                                                    "result_set_size": 6588252,
                                                                                    "children": [
                                                                                        {
                                                                                            "operator_name": "PROJECTION",
                                                                                            "cpu_time": 0.014180676999999975,
                                                                                            "extra_info": {
                                                                                                "Projections": "userid",
                                                                                                "Estimated Cardinality": "2321724"
                                                                                            },
                                                                                            "cumulative_cardinality": 4643448,
                                                                                            "operator_type": "PROJECTION",
                                                                                            "operator_cardinality": 2321724,
                                                                                            "cumulative_rows_scanned": 2321724,
                                                                                            "operator_rows_scanned": 0,
                                                                                            "operator_timing": 0.00017882099999999936,
                                                                                            "result_set_size": 9286896,
                                                                                            "children": [
                                                                                                {
                                                                                                    "operator_name": "READ_PARQUET ",
                                                                                                    "cpu_time": 0.014001855999999976,
                                                                                                    "extra_info": {
                                                                                                        "Function": "READ_PARQUET",
                                                                                                        "Projections": "userid",
                                                                                                        "Estimated Cardinality": "2321724"
                                                                                                    },
                                                                                                    "cumulative_cardinality": 2321724,
                                                                                                    "operator_type": "TABLE_SCAN",
                                                                                                    "operator_cardinality": 2321724,
                                                                                                    "cumulative_rows_scanned": 2321724,
                                                                                                    "operator_rows_scanned": 2321724,
                                                                                                    "operator_timing": 0.014001855999999976,
                                                                                                    "result_set_size": 9286896,
                                                                                                    "children": []
                                                                                                }
                                                                                            ]
                                                                                        }
                                                                                    ]
                                                                                }
                                                                            ]
                                                                        }
                                                                    ]
                                                                }
                                                            ]
                                                        }
                                                    ]
                                                }
                                            ]
                                        }
                                    ]
                                }
                            ]
                        }
                    ]
                }
            ]
        }
    ]
}