{
    "rows_returned": 10,
    "query_name": "\nWITH UserPostStatistics AS (\n    SELECT \n        u.Id AS UserId,\n        u.DisplayName,\n        COUNT(p.Id) AS TotalPosts,\n        COUNT(DISTINCT CASE WHEN p.PostTypeId = 1 THEN p.Id END) AS TotalQuestions,\n        COUNT(DISTINCT CASE WHEN p.PostTypeId = 2 THEN p.Id END) AS TotalAnswers,\n        SUM(p.Score) AS TotalScore,\n        SUM(p.ViewCount) AS TotalViews,\n        AVG(EXTRACT(EPOCH FROM p.CreationDate)) AS AvgPostCreationDate\n    FROM Users u\n    LEFT JOIN Posts p ON u.Id = p.OwnerUserId\n    GROUP BY u.Id, u.DisplayName\n),\nTopPostUsers AS (\n    SELECT \n        UserId,\n        DisplayName,\n        TotalPosts,\n        TotalQuestions,\n        TotalAnswers,\n        TotalScore,\n        TotalViews,\n        AvgPostCreationDate\n    FROM UserPostStatistics\n    ORDER BY TotalPosts DESC\n    LIMIT 10\n)\nSELECT \n    UserId,\n    DisplayName,\n    TotalPosts,\n    TotalQuestions,\n    TotalAnswers,\n    TotalScore,\n    TotalViews,\n    AvgPostCreationDate\nFROM TopPostUsers;\n",
    "blocked_thread_time": 0.0,
    "cpu_time": 2.308622156999999,
    "extra_info": {},
    "cumulative_cardinality": 15359932,
    "cumulative_rows_scanned": 5110826,
    "result_set_size": 840,
    "latency": 3.237325934,
    "children": [
        {
            "operator_name": "STREAMING_LIMIT",
            "cpu_time": 2.308622156999999,
            "extra_info": {},
            "cumulative_cardinality": 15359932,
            "operator_type": "STREAMING_LIMIT",
            "operator_cardinality": 10,
            "cumulative_rows_scanned": 5110826,
            "operator_rows_scanned": 0,
            "operator_timing": 0.000003196,
            "result_set_size": 840,
            "children": [
                {
                    "operator_name": "ORDER_BY",
                    "cpu_time": 2.3086189609999987,
                    "extra_info": {
                        "Order By": "UserPostStatistics.TotalPosts DESC"
                    },
                    "cumulative_cardinality": 15359922,
                    "operator_type": "ORDER_BY",
                    "operator_cardinality": 4096,
                    "cumulative_rows_scanned": 5110826,
                    "operator_rows_scanned": 0,
                    "operator_timing": 0.05442520399999996,
                    "result_set_size": 344064,
                    "children": [
                        {
                            "operator_name": "HASH_GROUP_BY",
                            "cpu_time": 2.2541937569999986,
                            "extra_info": {
                                "Groups": [
                                    "#0",
                                    "#1"
                                ],
                                "Aggregates": [
                                    "count(#2)",
                                    "count(DISTINCT #3)",
                                    "count(DISTINCT #4)",
                                    "sum(#5)",
                                    "sum(#6)",
                                    "avg(#7)"
                                ],
                                "Estimated Cardinality": "1260710"
                            },
                            "cumulative_cardinality": 15355826,
                            "operator_type": "HASH_GROUP_BY",
                            "operator_cardinality": 1260710,
                            "cumulative_rows_scanned": 5110826,
                            "operator_rows_scanned": 0,
                            "operator_timing": 1.613569959999999,
                            "result_set_size": 105899640,
                            "children": [
                                {
                                    "operator_name": "PROJECTION",
                                    "cpu_time": 0.6406237969999995,
                                    "extra_info": {
                                        "Projections": [
                                            "id",
                                            "displayname",
                                            "id",
                                            "CASE  WHEN ((posttypeid = 1)) THEN (id) ELSE NULL END",
                                            "CASE  WHEN ((posttypeid = 2)) THEN (id) ELSE NULL END",
                                            "score",
                                            "viewcount",
                                            "epoch(creationdate)"
                                        ],
                                        "Estimated Cardinality": "3850116"
                                    },
                                    "cumulative_cardinality": 14095116,
                                    "operator_type": "PROJECTION",
                                    "operator_cardinality": 4574495,
                                    "cumulative_rows_scanned": 5110826,
                                    "operator_rows_scanned": 0,
                                    "operator_timing": 0.08740358200000004,
                                    "result_set_size": 219575760,
                                    "children": [
                                        {
                                            "operator_name": "HASH_JOIN",
                                            "cpu_time": 0.5532202149999994,
                                            "extra_info": {
                                                "Join Type": "RIGHT",
                                                "Conditions": "owneruserid = id",
                                                "Estimated Cardinality": "3850116"
                                            },
                                            "cumulative_cardinality": 9520621,
                                            "operator_type": "HASH_JOIN",
                                            "operator_cardinality": 4574495,
                                            "cumulative_rows_scanned": 5110826,
                                            "operator_rows_scanned": 0,
                                            "operator_timing": 0.25711792499999975,
                                            "result_set_size": 192128790,
                                            "children": [
                                                {
                                                    "operator_name": "READ_PARQUET ",
                                                    "cpu_time": 0.21836267099999976,
                                                    "extra_info": {
                                                        "Function": "READ_PARQUET",
                                                        "Projections": [
                                                            "id",
                                                            "posttypeid",
                                                            "creationdate",
                                                            "score",
                                                            "viewcount",
                                                            "owneruserid"
                                                        ],
                                                        "Estimated Cardinality": "3850116"
                                                    },
                                                    "cumulative_cardinality": 3685416,
                                                    "operator_type": "TABLE_SCAN",
                                                    "operator_cardinality": 3685416,
                                                    "cumulative_rows_scanned": 3850116,
                                                    "operator_rows_scanned": 3850116,
                                                    "operator_timing": 0.21836267099999976,
                                                    "result_set_size": 95820816,
                                                    "children": []
                                                },
                                                {
                                                    "operator_name": "READ_PARQUET ",
                                                    "cpu_time": 0.07773961899999991,
                                                    "extra_info": {
                                                        "Function": "READ_PARQUET",
                                                        "Projections": [
                                                            "id",
                                                            "displayname"
                                                        ],
                                                        "Estimated Cardinality": "1260710"
                                                    },
                                                    "cumulative_cardinality": 1260710,
                                                    "operator_type": "TABLE_SCAN",
                                                    "operator_cardinality": 1260710,
                                                    "cumulative_rows_scanned": 1260710,
                                                    "operator_rows_scanned": 1260710,
                                                    "operator_timing": 0.07773961899999991,
                                                    "result_set_size": 25214200,
                                                    "children": []
                                                }
                                            ]
                                        }
                                    ]
                                }
                            ]
                        }
                    ]
                }
            ]
        }
    ]
}