{
    "rows_returned": 7751848,
    "query_name": "\nWITH PostStats AS (\n    SELECT \n        p.Id AS PostId,\n        p.PostTypeId,\n        p.CreationDate,\n        p.Score,\n        p.ViewCount,\n        p.AnswerCount,\n        COUNT(c.Id) AS CommentCount,\n        p.FavoriteCount,\n        u.Reputation AS OwnerReputation,\n        p.Tags,\n        h.CreationDate AS LastEditDate,\n        AVG(vot.BountyAmount) AS AverageBounty\n    FROM \n        Posts p\n    LEFT JOIN \n        Users u ON p.OwnerUserId = u.Id\n    LEFT JOIN \n        PostHistory h ON p.Id = h.PostId\n    LEFT JOIN \n        Comments c ON p.Id = c.PostId\n    LEFT JOIN \n        Votes vot ON p.Id = vot.PostId\n    GROUP BY \n        p.Id, u.Reputation, p.PostTypeId, p.CreationDate, p.Score, \n        p.ViewCount, p.AnswerCount, p.FavoriteCount, \n        p.Tags, h.CreationDate\n)\nSELECT \n    PostId,\n    PostTypeId,\n    CreationDate,\n    Score,\n    ViewCount,\n    AnswerCount,\n    CommentCount,\n    FavoriteCount,\n    OwnerReputation,\n    Tags,\n    LastEditDate,\n    AverageBounty\nFROM \n    PostStats\nORDER BY \n    Score DESC,\n    ViewCount DESC;\n",
    "blocked_thread_time": 0.0,
    "cpu_time": 23.453550853000042,
    "extra_info": {},
    "cumulative_cardinality": 891613783,
    "cumulative_rows_scanned": 36891985,
    "result_set_size": 573636752,
    "latency": 34.523182432,
    "children": [
        {
            "operator_name": "PROJECTION",
            "cpu_time": 23.453550853000042,
            "extra_info": {
                "Projections": [
                    "#0",
                    "__internal_decompress_integral_smallint(#1, 1)",
                    "#2",
                    "__internal_decompress_integral_integer(#3, -72)",
                    "#4",
                    "__internal_decompress_integral_integer(#5, 0)",
                    "#6",
                    "#7",
                    "#8",
                    "#9",
                    "#10",
                    "#11"
                ],
                "Estimated Cardinality": "3850116"
            },
            "cumulative_cardinality": 891613783,
            "operator_type": "PROJECTION",
            "operator_cardinality": 7751848,
            "cumulative_rows_scanned": 36891985,
            "operator_rows_scanned": 0,
            "operator_timing": 0.007716377999999995,
            "result_set_size": 573636752,
            "children": [
                {
                    "operator_name": "ORDER_BY",
                    "cpu_time": 23.44583447500004,
                    "extra_info": {
                        "Order By": [
                            "PostStats.Score DESC",
                            "PostStats.ViewCount DESC"
                        ]
                    },
                    "cumulative_cardinality": 883861935,
                    "operator_type": "ORDER_BY",
                    "operator_cardinality": 7751848,
                    "cumulative_rows_scanned": 36891985,
                    "operator_rows_scanned": 0,
                    "operator_timing": 0.6899100770000001,
                    "result_set_size": 527125664,
                    "children": [
                        {
                            "operator_name": "PROJECTION",
                            "cpu_time": 22.75592439800004,
                            "extra_info": {
                                "Projections": [
                                    "#0",
                                    "__internal_compress_integral_utinyint(#1, 1)",
                                    "#2",
                                    "__internal_compress_integral_usmallint(#3, -72)",
                                    "#4",
                                    "__internal_compress_integral_utinyint(#5, 0)",
                                    "#6",
                                    "#7",
                                    "#8",
                                    "#9",
                                    "#10",
                                    "#11"
                                ],
                                "Estimated Cardinality": "3850116"
                            },
                            "cumulative_cardinality": 876110087,
                            "operator_type": "PROJECTION",
                            "operator_cardinality": 7751848,
                            "cumulative_rows_scanned": 36891985,
                            "operator_rows_scanned": 0,
                            "operator_timing": 0.029280738999999934,
                            "result_set_size": 527125664,
                            "children": [
                                {
                                    "operator_name": "PROJECTION",
                                    "cpu_time": 22.72664365900004,
                                    "extra_info": {
                                        "Projections": [
                                            "PostId",
                                            "posttypeid",
                                            "creationdate",
                                            "score",
                                            "viewcount",
                                            "answercount",
                                            "CommentCount",
                                            "favoritecount",
                                            "OwnerReputation",
                                            "tags",
                                            "LastEditDate",
                                            "AverageBounty"
                                        ],
                                        "Estimated Cardinality": "3850116"
                                    },
                                    "cumulative_cardinality": 868358239,
                                    "operator_type": "PROJECTION",
                                    "operator_cardinality": 7751848,
                                    "cumulative_rows_scanned": 36891985,
                                    "operator_rows_scanned": 0,
                                    "operator_timing": 0.002370280999999996,
                                    "result_set_size": 573636752,
                                    "children": [
                                        {
                                            "operator_name": "PROJECTION",
                                            "cpu_time": 22.72427337800004,
                                            "extra_info": {
                                                "Projections": [
                                                    "#0",
                                                    "#1",
                                                    "__internal_decompress_integral_smallint(#2, 1)",
                                                    "#3",
                                                    "__internal_decompress_integral_integer(#4, -72)",
                                                    "#5",
                                                    "__internal_decompress_integral_integer(#6, 0)",
                                                    "#7",
                                                    "#8",
                                                    "#9",
                                                    "#10",
                                                    "#11"
                                                ],
                                                "Estimated Cardinality": "3850116"
                                            },
                                            "cumulative_cardinality": 860606391,
                                            "operator_type": "PROJECTION",
                                            "operator_cardinality": 7751848,
                                            "cumulative_rows_scanned": 36891985,
                                            "operator_rows_scanned": 0,
                                            "operator_timing": 0.029720489999999964,
                                            "result_set_size": 573636752,
                                            "children": [
                                                {
                                                    "operator_name": "HASH_GROUP_BY",
                                                    "cpu_time": 22.69455288800004,
                                                    "extra_info": {
                                                        "Groups": [
                                                            "#0",
                                                            "#1",
                                                            "#2",
                                                            "#3",
                                                            "#4",
                                                            "#5",
                                                            "#6",
                                                            "#7",
                                                            "#8",
                                                            "#9"
                                                        ],
                                                        "Aggregates": [
                                                            "count(#10)",
                                                            "avg(#11)"
                                                        ],
                                                        "Estimated Cardinality": "3850116"
                                                    },
                                                    "cumulative_cardinality": 852854543,
                                                    "operator_type": "HASH_GROUP_BY",
                                                    "operator_cardinality": 7751848,
                                                    "cumulative_rows_scanned": 36891985,
                                                    "operator_rows_scanned": 0,
                                                    "operator_timing": 14.306583817000027,
                                                    "result_set_size": 527125664,
                                                    "children": [
                                                        {
                                                            "operator_name": "PROJECTION",
                                                            "cpu_time": 8.387969071000013,
                                                            "extra_info": {
                                                                "Projections": [
                                                                    "id",
                                                                    "reputation",
                                                                    "posttypeid",
                                                                    "creationdate",
                                                                    "score",
                                                                    "viewcount",
                                                                    "answercount",
                                                                    "favoritecount",
                                                                    "tags",
                                                                    "creationdate",
                                                                    "id",
                                                                    "bountyamount"
                                                                ],
                                                                "Estimated Cardinality": "12744093"
                                                            },
                                                            "cumulative_cardinality": 845102695,
                                                            "operator_type": "PROJECTION",
                                                            "operator_cardinality": 182657208,
                                                            "cumulative_rows_scanned": 36891985,
                                                            "operator_rows_scanned": 0,
                                                            "operator_timing": 0.06536969200000223,
                                                            "result_set_size": 10959432480,
                                                            "children": [
                                                                {
                                                                    "operator_name": "PROJECTION",
                                                                    "cpu_time": 8.32259937900001,
                                                                    "extra_info": {
                                                                        "Projections": [
                                                                            "#0",
                                                                            "#1",
                                                                            "__internal_compress_integral_utinyint(#2, 1)",
                                                                            "#3",
                                                                            "__internal_compress_integral_usmallint(#4, -72)",
                                                                            "#5",
                                                                            "#6",
                                                                            "__internal_compress_integral_utinyint(#7, 0)",
                                                                            "#8",
                                                                            "#9",
                                                                            "#10",
                                                                            "#11"
                                                                        ],
                                                                        "Estimated Cardinality": "12744093"
                                                                    },
                                                                    "cumulative_cardinality": 662445487,
                                                                    "operator_type": "PROJECTION",
                                                                    "operator_cardinality": 182657208,
                                                                    "cumulative_rows_scanned": 36891985,
                                                                    "operator_rows_scanned": 0,
                                                                    "operator_timing": 1.0095670980000142,
                                                                    "result_set_size": 10959432480,
                                                                    "children": [
                                                                        {
                                                                            "operator_name": "PROJECTION",
                                                                            "cpu_time": 7.313032280999996,
                                                                            "extra_info": {
                                                                                "Projections": [
                                                                                    "#0",
                                                                                    "#1",
                                                                                    "#2",
                                                                                    "#3",
                                                                                    "#4",
                                                                                    "#5",
                                                                                    "#6",
                                                                                    "#7",
                                                                                    "#8",
                                                                                    "#9",
                                                                                    "#10",
                                                                                    "__internal_decompress_integral_integer(#11, 0)"
                                                                                ],
                                                                                "Estimated Cardinality": "12744093"
                                                                            },
                                                                            "cumulative_cardinality": 479788279,
                                                                            "operator_type": "PROJECTION",
                                                                            "operator_cardinality": 182657208,
                                                                            "cumulative_rows_scanned": 36891985,
                                                                            "operator_rows_scanned": 0,
                                                                            "operator_timing": 0.248065580000004,
                                                                            "result_set_size": 12055375728,
                                                                            "children": [
                                                                                {
                                                                                    "operator_name": "HASH_JOIN",
                                                                                    "cpu_time": 7.064966700999992,
                                                                                    "extra_info": {
                                                                                        "Join Type": "LEFT",
                                                                                        "Conditions": "id = postid",
                                                                                        "Estimated Cardinality": "12744093"
                                                                                    },
                                                                                    "cumulative_cardinality": 297131071,
                                                                                    "operator_type": "HASH_JOIN",
                                                                                    "operator_cardinality": 182657208,
                                                                                    "cumulative_rows_scanned": 36891985,
                                                                                    "operator_rows_scanned": 0,
                                                                                    "operator_timing": 3.6110702869999827,
                                                                                    "result_set_size": 11690061312,
                                                                                    "children": [
                                                                                        {
                                                                                            "operator_name": "HASH_JOIN",
                                                                                            "cpu_time": 3.3519451090000096,
                                                                                            "extra_info": {
                                                                                                "Join Type": "LEFT",
                                                                                                "Conditions": "id = postid",
                                                                                                "Estimated Cardinality": "11795244"
                                                                                            },
                                                                                            "cumulative_cardinality": 88985677,
                                                                                            "operator_type": "HASH_JOIN",
                                                                                            "operator_cardinality": 33547065,
                                                                                            "cumulative_rows_scanned": 24147892,
                                                                                            "operator_rows_scanned": 0,
                                                                                            "operator_timing": 1.0791443380000114,
                                                                                            "result_set_size": 2079918030,
                                                                                            "children": [
                                                                                                {
                                                                                                    "operator_name": "PROJECTION",
                                                                                                    "cpu_time": 2.1972875619999988,
                                                                                                    "extra_info": {
                                                                                                        "Projections": [
                                                                                                            "#0",
                                                                                                            "#1",
                                                                                                            "__internal_decompress_integral_smallint(#2, 1)",
                                                                                                            "#3",
                                                                                                            "__internal_decompress_integral_integer(#4, -72)",
                                                                                                            "#5",
                                                                                                            "#6",
                                                                                                            "__internal_decompress_integral_integer(#7, 0)",
                                                                                                            "#8",
                                                                                                            "#9"
                                                                                                        ],
                                                                                                        "Estimated Cardinality": "11795244"
                                                                                                    },
                                                                                                    "cumulative_cardinality": 48196790,
                                                                                                    "operator_type": "PROJECTION",
                                                                                                    "operator_cardinality": 11795244,
                                                                                                    "cumulative_rows_scanned": 16906070,
                                                                                                    "operator_rows_scanned": 0,
                                                                                                    "operator_timing": 0.04533691399999984,
                                                                                                    "result_set_size": 684124152,
                                                                                                    "children": [
                                                                                                        {
                                                                                                            "operator_name": "HASH_JOIN",
                                                                                                            "cpu_time": 2.151950647999999,
                                                                                                            "extra_info": {
                                                                                                                "Join Type": "RIGHT",
                                                                                                                "Conditions": "postid = id",
                                                                                                                "Estimated Cardinality": "11795244"
                                                                                                            },
                                                                                                            "cumulative_cardinality": 36401546,
                                                                                                            "operator_type": "HASH_JOIN",
                                                                                                            "operator_cardinality": 11795244,
                                                                                                            "cumulative_rows_scanned": 16906070,
                                                                                                            "operator_rows_scanned": 0,
                                                                                                            "operator_timing": 1.2044977479999985,
                                                                                                            "result_set_size": 613352688,
                                                                                                            "children": [
                                                                                                                {
                                                                                                                    "operator_name": "READ_PARQUET ",
                                                                                                                    "cpu_time": 0.3633515669999993,
                                                                                                                    "extra_info": {
                                                                                                                        "Function": "READ_PARQUET",
                                                                                                                        "Projections": [
                                                                                                                            "postid",
                                                                                                                            "creationdate"
                                                                                                                        ],
                                                                                                                        "Estimated Cardinality": "11795244"
                                                                                                                    },
                                                                                                                    "cumulative_cardinality": 11795244,
                                                                                                                    "operator_type": "TABLE_SCAN",
                                                                                                                    "operator_cardinality": 11795244,
                                                                                                                    "cumulative_rows_scanned": 11795244,
                                                                                                                    "operator_rows_scanned": 11795244,
                                                                                                                    "operator_timing": 0.3633515669999993,
                                                                                                                    "result_set_size": 141542928,
                                                                                                                    "children": []
                                                                                                                },
                                                                                                                {
                                                                                                                    "operator_name": "PROJECTION",
                                                                                                                    "cpu_time": 0.5841013330000011,
                                                                                                                    "extra_info": {
                                                                                                                        "Projections": [
                                                                                                                            "#0",
                                                                                                                            "__internal_compress_integral_utinyint(#1, 1)",
                                                                                                                            "#2",
                                                                                                                            "__internal_compress_integral_usmallint(#3, -72)",
                                                                                                                            "#4",
                                                                                                                            "#5",
                                                                                                                            "__internal_compress_integral_utinyint(#6, 0)",
                                                                                                                            "#7",
                                                                                                                            "#8"
                                                                                                                        ],
                                                                                                                        "Estimated Cardinality": "3850116"
                                                                                                                    },
                                                                                                                    "cumulative_cardinality": 12811058,
                                                                                                                    "operator_type": "PROJECTION",
                                                                                                                    "operator_cardinality": 3850116,
                                                                                                                    "cumulative_rows_scanned": 5110826,
                                                                                                                    "operator_rows_scanned": 0,
                                                                                                                    "operator_timing": 0.008467965999999985,
                                                                                                                    "result_set_size": 169405104,
                                                                                                                    "children": [
                                                                                                                        {
                                                                                                                            "operator_name": "HASH_JOIN",
                                                                                                                            "cpu_time": 0.5756333670000011,
                                                                                                                            "extra_info": {
                                                                                                                                "Join Type": "LEFT",
                                                                                                                                "Conditions": "owneruserid = id",
                                                                                                                                "Estimated Cardinality": "3850116"
                                                                                                                            },
                                                                                                                            "cumulative_cardinality": 8960942,
                                                                                                                            "operator_type": "HASH_JOIN",
                                                                                                                            "operator_cardinality": 3850116,
                                                                                                                            "cumulative_rows_scanned": 5110826,
                                                                                                                            "operator_rows_scanned": 0,
                                                                                                                            "operator_timing": 0.21352357800000032,
                                                                                                                            "result_set_size": 192505800,
                                                                                                                            "children": [
                                                                                                                                {
                                                                                                                                    "operator_name": "READ_PARQUET ",
                                                                                                                                    "cpu_time": 0.3481741700000008,
                                                                                                                                    "extra_info": {
                                                                                                                                        "Function": "READ_PARQUET",
                                                                                                                                        "Projections": [
                                                                                                                                            "id",
                                                                                                                                            "posttypeid",
                                                                                                                                            "creationdate",
                                                                                                                                            "score",
                                                                                                                                            "viewcount",
                                                                                                                                            "owneruserid",
                                                                                                                                            "tags",
                                                                                                                                            "answercount",
                                                                                                                                            "favoritecount"
                                                                                                                                        ],
                                                                                                                                        "Estimated Cardinality": "3850116"
                                                                                                                                    },
                                                                                                                                    "cumulative_cardinality": 3850116,
                                                                                                                                    "operator_type": "TABLE_SCAN",
                                                                                                                                    "operator_cardinality": 3850116,
                                                                                                                                    "cumulative_rows_scanned": 3850116,
                                                                                                                                    "operator_rows_scanned": 3850116,
                                                                                                                                    "operator_timing": 0.3481741700000008,
                                                                                                                                    "result_set_size": 192505800,
                                                                                                                                    "children": []
                                                                                                                                },
                                                                                                                                {
                                                                                                                                    "operator_name": "READ_PARQUET ",
                                                                                                                                    "cpu_time": 0.013935618999999998,
                                                                                                                                    "extra_info": {
                                                                                                                                        "Function": "READ_PARQUET",
                                                                                                                                        "Projections": [
                                                                                                                                            "id",
                                                                                                                                            "reputation"
                                                                                                                                        ],
                                                                                                                                        "Estimated Cardinality": "1260710"
                                                                                                                                    },
                                                                                                                                    "cumulative_cardinality": 1260710,
                                                                                                                                    "operator_type": "TABLE_SCAN",
                                                                                                                                    "operator_cardinality": 1260710,
                                                                                                                                    "cumulative_rows_scanned": 1260710,
                                                                                                                                    "operator_rows_scanned": 1260710,
                                                                                                                                    "operator_timing": 0.013935618999999998,
                                                                                                                                    "result_set_size": 10085680,
                                                                                                                                    "children": []
                                                                                                                                }
                                                                                                                            ]
                                                                                                                        }
                                                                                                                    ]
                                                                                                                }
                                                                                                            ]
                                                                                                        }
                                                                                                    ]
                                                                                                },
                                                                                                {
                                                                                                    "operator_name": "READ_PARQUET ",
                                                                                                    "cpu_time": 0.07551320899999966,
                                                                                                    "extra_info": {
                                                                                                        "Function": "READ_PARQUET",
                                                                                                        "Projections": [
                                                                                                            "id",
                                                                                                            "postid"
                                                                                                        ],
                                                                                                        "Estimated Cardinality": "7241822"
                                                                                                    },
                                                                                                    "cumulative_cardinality": 7241822,
                                                                                                    "operator_type": "TABLE_SCAN",
                                                                                                    "operator_cardinality": 7241822,
                                                                                                    "cumulative_rows_scanned": 7241822,
                                                                                                    "operator_rows_scanned": 7241822,
                                                                                                    "operator_timing": 0.07551320899999966,
                                                                                                    "result_set_size": 57934576,
                                                                                                    "children": []
                                                                                                }
                                                                                            ]
                                                                                        },
                                                                                        {
                                                                                            "operator_name": "PROJECTION",
                                                                                            "cpu_time": 0.10195130499999987,
                                                                                            "extra_info": {
                                                                                                "Projections": [
                                                                                                    "#0",
                                                                                                    "__internal_compress_integral_usmallint(#1, 0)"
                                                                                                ],
                                                                                                "Estimated Cardinality": "12744093"
                                                                                            },
                                                                                            "cumulative_cardinality": 25488186,
                                                                                            "operator_type": "PROJECTION",
                                                                                            "operator_cardinality": 12744093,
                                                                                            "cumulative_rows_scanned": 12744093,
                                                                                            "operator_rows_scanned": 0,
                                                                                            "operator_timing": 0.003201778000000032,
                                                                                            "result_set_size": 76464558,
                                                                                            "children": [
                                                                                                {
                                                                                                    "operator_name": "READ_PARQUET ",
                                                                                                    "cpu_time": 0.09874952699999984,
                                                                                                    "extra_info": {
                                                                                                        "Function": "READ_PARQUET",
                                                                                                        "Projections": [
                                                                                                            "postid",
                                                                                                            "bountyamount"
                                                                                                        ],
                                                                                                        "Estimated Cardinality": "12744093"
                                                                                                    },
                                                                                                    "cumulative_cardinality": 12744093,
                                                                                                    "operator_type": "TABLE_SCAN",
                                                                                                    "operator_cardinality": 12744093,
                                                                                                    "cumulative_rows_scanned": 12744093,
                                                                                                    "operator_rows_scanned": 12744093,
                                                                                                    "operator_timing": 0.09874952699999984,
                                                                                                    "result_set_size": 101952744,
                                                                                                    "children": []
                                                                                                }
                                                                                            ]
                                                                                        }
                                                                                    ]
                                                                                }
                                                                            ]
                                                                        }
                                                                    ]
                                                                }
                                                            ]
                                                        }
                                                    ]
                                                }
                                            ]
                                        }
                                    ]
                                }
                            ]
                        }
                    ]
                }
            ]
        }
    ]
}