{
    "rows_returned": 1260710,
    "query_name": "\nSELECT \n    U.Reputation AS UserReputation,\n    COUNT(P.Id) AS TotalPosts,\n    SUM(CASE WHEN P.PostTypeId = 1 THEN 1 ELSE 0 END) AS TotalQuestions,\n    SUM(CASE WHEN P.PostTypeId = 2 THEN 1 ELSE 0 END) AS TotalAnswers,\n    SUM(CASE WHEN V.CreationDate IS NOT NULL THEN 1 ELSE 0 END) AS TotalVotes,\n    AVG(P.Score) AS AveragePostScore,\n    MAX(P.CreationDate) AS MostRecentPost,\n    COUNT(DISTINCT V.UserId) AS UniqueVoters\nFROM \n    Users U\nLEFT JOIN \n    Posts P ON U.Id = P.OwnerUserId\nLEFT JOIN \n    Votes V ON P.Id = V.PostId\nGROUP BY \n    U.Id, U.Reputation\nORDER BY \n    UserReputation DESC;\n",
    "blocked_thread_time": 0.0,
    "cpu_time": 11.17070364199999,
    "extra_info": {},
    "cumulative_cardinality": 65840814,
    "cumulative_rows_scanned": 17854919,
    "result_set_size": 105899640,
    "latency": 14.605611059,
    "children": [
        {
            "operator_name": "ORDER_BY",
            "cpu_time": 11.17070364199999,
            "extra_info": {
                "Order By": "U.Reputation DESC"
            },
            "cumulative_cardinality": 65840814,
            "operator_type": "ORDER_BY",
            "operator_cardinality": 1260710,
            "cumulative_rows_scanned": 17854919,
            "operator_rows_scanned": 0,
            "operator_timing": 0.07038095300000002,
            "result_set_size": 105899640,
            "children": [
                {
                    "operator_name": "PROJECTION",
                    "cpu_time": 11.10032268899999,
                    "extra_info": {
                        "Projections": [
                            "UserReputation",
                            "TotalPosts",
                            "TotalQuestions",
                            "TotalAnswers",
                            "TotalVotes",
                            "AveragePostScore",
                            "MostRecentPost",
                            "UniqueVoters"
                        ],
                        "Estimated Cardinality": "1260710"
                    },
                    "cumulative_cardinality": 64580104,
                    "operator_type": "PROJECTION",
                    "operator_cardinality": 1260710,
                    "cumulative_rows_scanned": 17854919,
                    "operator_rows_scanned": 0,
                    "operator_timing": 0.0002838199999999995,
                    "result_set_size": 105899640,
                    "children": [
                        {
                            "operator_name": "HASH_GROUP_BY",
                            "cpu_time": 11.10003886899999,
                            "extra_info": {
                                "Groups": [
                                    "#0",
                                    "#1"
                                ],
                                "Aggregates": [
                                    "count(#2)",
                                    "sum(#3)",
                                    "sum(#4)",
                                    "sum(#5)",
                                    "avg(#6)",
                                    "max(#7)",
                                    "count(DISTINCT #8)"
                                ],
                                "Estimated Cardinality": "1260710"
                            },
                            "cumulative_cardinality": 63319394,
                            "operator_type": "HASH_GROUP_BY",
                            "operator_cardinality": 1260710,
                            "cumulative_rows_scanned": 17854919,
                            "operator_rows_scanned": 0,
                            "operator_timing": 1.8097463230000013,
                            "result_set_size": 110942480,
                            "children": [
                                {
                                    "operator_name": "PROJECTION",
                                    "cpu_time": 9.29029254599999,
                                    "extra_info": {
                                        "Projections": [
                                            "id",
                                            "reputation",
                                            "id",
                                            "CASE  WHEN ((posttypeid = 1)) THEN (1) ELSE 0 END",
                                            "CASE  WHEN ((posttypeid = 2)) THEN (1) ELSE 0 END",
                                            "CASE  WHEN ((creationdate IS NOT NULL)) THEN (1) ELSE 0 END",
                                            "score",
                                            "creationdate",
                                            "userid"
                                        ],
                                        "Estimated Cardinality": "12744093"
                                    },
                                    "cumulative_cardinality": 62058684,
                                    "operator_type": "PROJECTION",
                                    "operator_cardinality": 11739825,
                                    "cumulative_rows_scanned": 17854919,
                                    "operator_rows_scanned": 0,
                                    "operator_timing": 0.09821982300000012,
                                    "result_set_size": 469593000,
                                    "children": [
                                        {
                                            "operator_name": "PROJECTION",
                                            "cpu_time": 9.192072722999988,
                                            "extra_info": {
                                                "Projections": [
                                                    "#0",
                                                    "#1",
                                                    "#2",
                                                    "__internal_decompress_integral_smallint(#3, 1)",
                                                    "#4",
                                                    "__internal_decompress_integral_integer(#5, -72)",
                                                    "#6",
                                                    "#7"
                                                ],
                                                "Estimated Cardinality": "12744093"
                                            },
                                            "cumulative_cardinality": 50318859,
                                            "operator_type": "PROJECTION",
                                            "operator_cardinality": 11739825,
                                            "cumulative_rows_scanned": 17854919,
                                            "operator_rows_scanned": 0,
                                            "operator_timing": 0.013713151000000168,
                                            "result_set_size": 446113350,
                                            "children": [
                                                {
                                                    "operator_name": "HASH_JOIN",
                                                    "cpu_time": 9.178359571999987,
                                                    "extra_info": {
                                                        "Join Type": "RIGHT",
                                                        "Conditions": "postid = id",
                                                        "Estimated Cardinality": "12744093"
                                                    },
                                                    "cumulative_cardinality": 38579034,
                                                    "operator_type": "HASH_JOIN",
                                                    "operator_cardinality": 11739825,
                                                    "cumulative_rows_scanned": 17854919,
                                                    "operator_rows_scanned": 0,
                                                    "operator_timing": 0.9996519349999935,
                                                    "result_set_size": 410893875,
                                                    "children": [
                                                        {
                                                            "operator_name": "READ_PARQUET ",
                                                            "cpu_time": 2.0130308859999992,
                                                            "extra_info": {
                                                                "Function": "READ_PARQUET",
                                                                "Projections": [
                                                                    "postid",
                                                                    "userid",
                                                                    "creationdate"
                                                                ],
                                                                "Estimated Cardinality": "12744093"
                                                            },
                                                            "cumulative_cardinality": 12744093,
                                                            "operator_type": "TABLE_SCAN",
                                                            "operator_cardinality": 12744093,
                                                            "cumulative_rows_scanned": 12744093,
                                                            "operator_rows_scanned": 12744093,
                                                            "operator_timing": 2.0130308859999992,
                                                            "result_set_size": 203905488,
                                                            "children": []
                                                        },
                                                        {
                                                            "operator_name": "PROJECTION",
                                                            "cpu_time": 6.165676750999995,
                                                            "extra_info": {
                                                                "Projections": [
                                                                    "#0",
                                                                    "__internal_compress_integral_utinyint(#1, 1)",
                                                                    "#2",
                                                                    "__internal_compress_integral_usmallint(#3, -72)",
                                                                    "#4",
                                                                    "#5"
                                                                ],
                                                                "Estimated Cardinality": "3850116"
                                                            },
                                                            "cumulative_cardinality": 14095116,
                                                            "operator_type": "PROJECTION",
                                                            "operator_cardinality": 4574495,
                                                            "cumulative_rows_scanned": 5110826,
                                                            "operator_rows_scanned": 0,
                                                            "operator_timing": 0.0047085399999999885,
                                                            "result_set_size": 105213385,
                                                            "children": [
                                                                {
                                                                    "operator_name": "HASH_JOIN",
                                                                    "cpu_time": 6.160968210999995,
                                                                    "extra_info": {
                                                                        "Join Type": "RIGHT",
                                                                        "Conditions": "owneruserid = id",
                                                                        "Estimated Cardinality": "3850116"
                                                                    },
                                                                    "cumulative_cardinality": 9520621,
                                                                    "operator_type": "HASH_JOIN",
                                                                    "operator_cardinality": 4574495,
                                                                    "cumulative_rows_scanned": 5110826,
                                                                    "operator_rows_scanned": 0,
                                                                    "operator_timing": 0.2780841370000006,
                                                                    "result_set_size": 118936870,
                                                                    "children": [
                                                                        {
                                                                            "operator_name": "READ_PARQUET ",
                                                                            "cpu_time": 5.614357438999994,
                                                                            "extra_info": {
                                                                                "Function": "READ_PARQUET",
                                                                                "Projections": [
                                                                                    "id",
                                                                                    "posttypeid",
                                                                                    "creationdate",
                                                                                    "score",
                                                                                    "owneruserid"
                                                                                ],
                                                                                "Estimated Cardinality": "3850116"
                                                                            },
                                                                            "cumulative_cardinality": 3685416,
                                                                            "operator_type": "TABLE_SCAN",
                                                                            "operator_cardinality": 3685416,
                                                                            "cumulative_rows_scanned": 3850116,
                                                                            "operator_rows_scanned": 3850116,
                                                                            "operator_timing": 5.614357438999994,
                                                                            "result_set_size": 81079152,
                                                                            "children": []
                                                                        },
                                                                        {
                                                                            "operator_name": "READ_PARQUET ",
                                                                            "cpu_time": 0.2685266350000002,
                                                                            "extra_info": {
                                                                                "Function": "READ_PARQUET",
                                                                                "Projections": [
                                                                                    "id",
                                                                                    "reputation"
                                                                                ],
                                                                                "Estimated Cardinality": "1260710"
                                                                            },
                                                                            "cumulative_cardinality": 1260710,
                                                                            "operator_type": "TABLE_SCAN",
                                                                            "operator_cardinality": 1260710,
                                                                            "cumulative_rows_scanned": 1260710,
                                                                            "operator_rows_scanned": 1260710,
                                                                            "operator_timing": 0.2685266350000002,
                                                                            "result_set_size": 10085680,
                                                                            "children": []
                                                                        }
                                                                    ]
                                                                }
                                                            ]
                                                        }
                                                    ]
                                                }
                                            ]
                                        }
                                    ]
                                }
                            ]
                        }
                    ]
                }
            ]
        }
    ]
}