{
    "rows_returned": 2973048,
    "query_name": "\nWITH UserPostStats AS (\n    SELECT \n        u.Id AS UserId,\n        COUNT(p.Id) AS PostCount,\n        SUM(CASE WHEN p.PostTypeId = 1 THEN 1 ELSE 0 END) AS QuestionCount,\n        SUM(CASE WHEN p.PostTypeId = 2 THEN 1 ELSE 0 END) AS AnswerCount,\n        AVG(p.Score) AS AverageScore,\n        AVG(p.ViewCount) AS AverageViewCount\n    FROM \n        Users u\n    LEFT JOIN \n        Posts p ON u.Id = p.OwnerUserId\n    GROUP BY \n        u.Id\n),\nPostTypeStats AS (\n    SELECT \n        pt.Id AS PostTypeId,\n        pt.Name AS PostTypeName,\n        COUNT(p.Id) AS TotalPosts,\n        SUM(p.Score) AS TotalScore,\n        AVG(p.ViewCount) AS AverageViewCount\n    FROM \n        PostTypes pt\n    LEFT JOIN \n        Posts p ON pt.Id = p.PostTypeId\n    GROUP BY \n        pt.Id, pt.Name\n)\nSELECT \n    u.DisplayName,\n    u.Reputation,\n    ups.PostCount,\n    ups.QuestionCount,\n    ups.AnswerCount,\n    ups.AverageScore,\n    ups.AverageViewCount,\n    pts.PostTypeName,\n    pts.TotalPosts,\n    pts.TotalScore,\n    pts.AverageViewCount\nFROM \n    UserPostStats ups\nJOIN \n    Users u ON ups.UserId = u.Id\nJOIN \n    PostTypeStats pts ON ups.PostCount > 0\nORDER BY \n    ups.PostCount DESC, ups.AverageScore DESC;\n",
    "blocked_thread_time": 0.0,
    "cpu_time": 4.223018534999998,
    "extra_info": {},
    "cumulative_cardinality": 41679410,
    "cumulative_rows_scanned": 10221660,
    "result_set_size": 368657952,
    "latency": 12.312685061,
    "children": [
        {
            "operator_name": "ORDER_BY",
            "cpu_time": 4.223018534999998,
            "extra_info": {
                "Order By": [
                    "ups.PostCount DESC",
                    "ups.AverageScore DESC"
                ]
            },
            "cumulative_cardinality": 41679410,
            "operator_type": "ORDER_BY",
            "operator_cardinality": 2973048,
            "cumulative_rows_scanned": 10221660,
            "operator_rows_scanned": 0,
            "operator_timing": 0.42134126500000024,
            "result_set_size": 368657952,
            "children": [
                {
                    "operator_name": "PROJECTION",
                    "cpu_time": 3.8016772699999977,
                    "extra_info": {
                        "Projections": [
                            "displayname",
                            "reputation",
                            "PostCount",
                            "QuestionCount",
                            "AnswerCount",
                            "AverageScore",
                            "AverageViewCount",
                            "PostTypeName",
                            "TotalPosts",
                            "TotalScore",
                            "AverageViewCount"
                        ],
                        "Estimated Cardinality": "252142"
                    },
                    "cumulative_cardinality": 38706362,
                    "operator_type": "PROJECTION",
                    "operator_cardinality": 2973048,
                    "cumulative_rows_scanned": 10221660,
                    "operator_rows_scanned": 0,
                    "operator_timing": 0.003390934000000049,
                    "result_set_size": 368657952,
                    "children": [
                        {
                            "operator_name": "CROSS_PRODUCT",
                            "cpu_time": 3.7982863359999977,
                            "extra_info": {},
                            "cumulative_cardinality": 35733314,
                            "operator_type": "CROSS_PRODUCT",
                            "operator_cardinality": 2973048,
                            "cumulative_rows_scanned": 10221660,
                            "operator_rows_scanned": 0,
                            "operator_timing": 0.011714886000000063,
                            "result_set_size": 368657952,
                            "children": [
                                {
                                    "operator_name": "HASH_JOIN",
                                    "cpu_time": 2.0714064259999985,
                                    "extra_info": {
                                        "Join Type": "INNER",
                                        "Conditions": "id = UserId",
                                        "Estimated Cardinality": "252142"
                                    },
                                    "cumulative_cardinality": 17359767,
                                    "operator_type": "HASH_JOIN",
                                    "operator_cardinality": 371631,
                                    "cumulative_rows_scanned": 6371536,
                                    "operator_rows_scanned": 0,
                                    "operator_timing": 0.08386943100000006,
                                    "result_set_size": 28243956,
                                    "children": [
                                        {
                                            "operator_name": "READ_PARQUET ",
                                            "cpu_time": 0.4138060289999997,
                                            "extra_info": {
                                                "Function": "READ_PARQUET",
                                                "Projections": [
                                                    "id",
                                                    "reputation",
                                                    "displayname"
                                                ],
                                                "Estimated Cardinality": "1260710"
                                            },
                                            "cumulative_cardinality": 1260679,
                                            "operator_type": "TABLE_SCAN",
                                            "operator_cardinality": 1260679,
                                            "cumulative_rows_scanned": 1260710,
                                            "operator_rows_scanned": 1260710,
                                            "operator_timing": 0.4138060289999997,
                                            "result_set_size": 30256296,
                                            "children": []
                                        },
                                        {
                                            "operator_name": "FILTER",
                                            "cpu_time": 1.5737309659999985,
                                            "extra_info": {
                                                "Expression": "(PostCount > 0)",
                                                "Estimated Cardinality": "252142"
                                            },
                                            "cumulative_cardinality": 15727457,
                                            "operator_type": "FILTER",
                                            "operator_cardinality": 371631,
                                            "cumulative_rows_scanned": 5110826,
                                            "operator_rows_scanned": 0,
                                            "operator_timing": 0.002510192999999999,
                                            "result_set_size": 22297860,
                                            "children": [
                                                {
                                                    "operator_name": "HASH_GROUP_BY",
                                                    "cpu_time": 1.5712207729999985,
                                                    "extra_info": {
                                                        "Groups": "#0",
                                                        "Aggregates": [
                                                            "count(#1)",
                                                            "sum(#2)",
                                                            "sum(#3)",
                                                            "avg(#4)",
                                                            "avg(#5)"
                                                        ],
                                                        "Estimated Cardinality": "1260710"
                                                    },
                                                    "cumulative_cardinality": 15355826,
                                                    "operator_type": "HASH_GROUP_BY",
                                                    "operator_cardinality": 1260710,
                                                    "cumulative_rows_scanned": 5110826,
                                                    "operator_rows_scanned": 0,
                                                    "operator_timing": 0.6509807830000001,
                                                    "result_set_size": 75642600,
                                                    "children": [
                                                        {
                                                            "operator_name": "PROJECTION",
                                                            "cpu_time": 0.9202399899999985,
                                                            "extra_info": {
                                                                "Projections": [
                                                                    "id",
                                                                    "id",
                                                                    "CASE  WHEN ((posttypeid = 1)) THEN (1) ELSE 0 END",
                                                                    "CASE  WHEN ((posttypeid = 2)) THEN (1) ELSE 0 END",
                                                                    "score",
                                                                    "viewcount"
                                                                ],
                                                                "Estimated Cardinality": "3850116"
                                                            },
                                                            "cumulative_cardinality": 14095116,
                                                            "operator_type": "PROJECTION",
                                                            "operator_cardinality": 4574495,
                                                            "cumulative_rows_scanned": 5110826,
                                                            "operator_rows_scanned": 0,
                                                            "operator_timing": 0.06669448600000001,
                                                            "result_set_size": 109787880,
                                                            "children": [
                                                                {
                                                                    "operator_name": "HASH_JOIN",
                                                                    "cpu_time": 0.8535455039999984,
                                                                    "extra_info": {
                                                                        "Join Type": "RIGHT",
                                                                        "Conditions": "owneruserid = id",
                                                                        "Estimated Cardinality": "3850116"
                                                                    },
                                                                    "cumulative_cardinality": 9520621,
                                                                    "operator_type": "HASH_JOIN",
                                                                    "operator_cardinality": 4574495,
                                                                    "cumulative_rows_scanned": 5110826,
                                                                    "operator_rows_scanned": 0,
                                                                    "operator_timing": 0.30754649500000014,
                                                                    "result_set_size": 82340910,
                                                                    "children": [
                                                                        {
                                                                            "operator_name": "READ_PARQUET ",
                                                                            "cpu_time": 0.20806500899999994,
                                                                            "extra_info": {
                                                                                "Function": "READ_PARQUET",
                                                                                "Projections": [
                                                                                    "id",
                                                                                    "posttypeid",
                                                                                    "score",
                                                                                    "viewcount",
                                                                                    "owneruserid"
                                                                                ],
                                                                                "Estimated Cardinality": "3850116"
                                                                            },
                                                                            "cumulative_cardinality": 3685416,
                                                                            "operator_type": "TABLE_SCAN",
                                                                            "operator_cardinality": 3685416,
                                                                            "cumulative_rows_scanned": 3850116,
                                                                            "operator_rows_scanned": 3850116,
                                                                            "operator_timing": 0.20806500899999994,
                                                                            "result_set_size": 66337488,
                                                                            "children": []
                                                                        },
                                                                        {
                                                                            "operator_name": "READ_PARQUET ",
                                                                            "cpu_time": 0.33793399999999835,
                                                                            "extra_info": {
                                                                                "Function": "READ_PARQUET",
                                                                                "Projections": "id",
                                                                                "Estimated Cardinality": "1260710"
                                                                            },
                                                                            "cumulative_cardinality": 1260710,
                                                                            "operator_type": "TABLE_SCAN",
                                                                            "operator_cardinality": 1260710,
                                                                            "cumulative_rows_scanned": 1260710,
                                                                            "operator_rows_scanned": 1260710,
                                                                            "operator_timing": 0.33793399999999835,
                                                                            "result_set_size": 5042840,
                                                                            "children": []
                                                                        }
                                                                    ]
                                                                }
                                                            ]
                                                        }
                                                    ]
                                                }
                                            ]
                                        }
                                    ]
                                },
                                {
                                    "operator_name": "PROJECTION",
                                    "cpu_time": 1.715165023999999,
                                    "extra_info": {
                                        "Projections": [
                                            "PostTypeName",
                                            "TotalPosts",
                                            "TotalScore",
                                            "AverageViewCount"
                                        ],
                                        "Estimated Cardinality": "8"
                                    },
                                    "cumulative_cardinality": 15400499,
                                    "operator_type": "PROJECTION",
                                    "operator_cardinality": 8,
                                    "cumulative_rows_scanned": 3850124,
                                    "operator_rows_scanned": 0,
                                    "operator_timing": 3.81e-7,
                                    "result_set_size": 384,
                                    "children": [
                                        {
                                            "operator_name": "PROJECTION",
                                            "cpu_time": 1.715164642999999,
                                            "extra_info": {
                                                "Projections": [
                                                    "__internal_decompress_integral_smallint(#0, 1)",
                                                    "#1",
                                                    "#2",
                                                    "#3",
                                                    "#4"
                                                ],
                                                "Estimated Cardinality": "8"
                                            },
                                            "cumulative_cardinality": 15400491,
                                            "operator_type": "PROJECTION",
                                            "operator_cardinality": 8,
                                            "cumulative_rows_scanned": 3850124,
                                            "operator_rows_scanned": 0,
                                            "operator_timing": 0.000001804,
                                            "result_set_size": 400,
                                            "children": [
                                                {
                                                    "operator_name": "HASH_GROUP_BY",
                                                    "cpu_time": 1.7151628389999989,
                                                    "extra_info": {
                                                        "Groups": [
                                                            "#0",
                                                            "#1"
                                                        ],
                                                        "Aggregates": [
                                                            "count(#2)",
                                                            "sum(#3)",
                                                            "avg(#4)"
                                                        ],
                                                        "Estimated Cardinality": "8"
                                                    },
                                                    "cumulative_cardinality": 15400483,
                                                    "operator_type": "HASH_GROUP_BY",
                                                    "operator_cardinality": 8,
                                                    "cumulative_rows_scanned": 3850124,
                                                    "operator_rows_scanned": 0,
                                                    "operator_timing": 0.14831484600000017,
                                                    "result_set_size": 392,
                                                    "children": [
                                                        {
                                                            "operator_name": "PROJECTION",
                                                            "cpu_time": 1.5668479929999988,
                                                            "extra_info": {
                                                                "Projections": [
                                                                    "id",
                                                                    "name",
                                                                    "id",
                                                                    "score",
                                                                    "viewcount"
                                                                ],
                                                                "Estimated Cardinality": "3850116"
                                                            },
                                                            "cumulative_cardinality": 15400475,
                                                            "operator_type": "PROJECTION",
                                                            "operator_cardinality": 3850117,
                                                            "cumulative_rows_scanned": 3850124,
                                                            "operator_rows_scanned": 0,
                                                            "operator_timing": 0.0006858970000000019,
                                                            "result_set_size": 111653393,
                                                            "children": [
                                                                {
                                                                    "operator_name": "PROJECTION",
                                                                    "cpu_time": 1.5661620959999987,
                                                                    "extra_info": {
                                                                        "Projections": [
                                                                            "#0",
                                                                            "#1",
                                                                            "#2",
                                                                            "__internal_compress_integral_utinyint(#3, 1)",
                                                                            "#4"
                                                                        ],
                                                                        "Estimated Cardinality": "3850116"
                                                                    },
                                                                    "cumulative_cardinality": 11550358,
                                                                    "operator_type": "PROJECTION",
                                                                    "operator_cardinality": 3850117,
                                                                    "cumulative_rows_scanned": 3850124,
                                                                    "operator_rows_scanned": 0,
                                                                    "operator_timing": 0.0015264640000000012,
                                                                    "result_set_size": 111653393,
                                                                    "children": [
                                                                        {
                                                                            "operator_name": "HASH_JOIN",
                                                                            "cpu_time": 1.5646356319999988,
                                                                            "extra_info": {
                                                                                "Join Type": "RIGHT",
                                                                                "Conditions": "posttypeid = id",
                                                                                "Estimated Cardinality": "3850116"
                                                                            },
                                                                            "cumulative_cardinality": 7700241,
                                                                            "operator_type": "HASH_JOIN",
                                                                            "operator_cardinality": 3850117,
                                                                            "cumulative_rows_scanned": 3850124,
                                                                            "operator_rows_scanned": 0,
                                                                            "operator_timing": 0.09202315399999984,
                                                                            "result_set_size": 115503510,
                                                                            "children": [
                                                                                {
                                                                                    "operator_name": "READ_PARQUET ",
                                                                                    "cpu_time": 1.472190830999999,
                                                                                    "extra_info": {
                                                                                        "Function": "READ_PARQUET",
                                                                                        "Projections": [
                                                                                            "id",
                                                                                            "posttypeid",
                                                                                            "score",
                                                                                            "viewcount"
                                                                                        ],
                                                                                        "Estimated Cardinality": "3850116"
                                                                                    },
                                                                                    "cumulative_cardinality": 3850116,
                                                                                    "operator_type": "TABLE_SCAN",
                                                                                    "operator_cardinality": 3850116,
                                                                                    "cumulative_rows_scanned": 3850116,
                                                                                    "operator_rows_scanned": 3850116,
                                                                                    "operator_timing": 1.472190830999999,
                                                                                    "result_set_size": 53901624,
                                                                                    "children": []
                                                                                },
                                                                                {
                                                                                    "operator_name": "READ_PARQUET ",
                                                                                    "cpu_time": 0.000421647,
                                                                                    "extra_info": {
                                                                                        "Function": "READ_PARQUET",
                                                                                        "Projections": [
                                                                                            "id",
                                                                                            "name"
                                                                                        ],
                                                                                        "Estimated Cardinality": "8"
                                                                                    },
                                                                                    "cumulative_cardinality": 8,
                                                                                    "operator_type": "TABLE_SCAN",
                                                                                    "operator_cardinality": 8,
                                                                                    "cumulative_rows_scanned": 8,
                                                                                    "operator_rows_scanned": 8,
                                                                                    "operator_timing": 0.000421647,
                                                                                    "result_set_size": 144,
                                                                                    "children": []
                                                                                }
                                                                            ]
                                                                        }
                                                                    ]
                                                                }
                                                            ]
                                                        }
                                                    ]
                                                }
                                            ]
                                        }
                                    ]
                                }
                            ]
                        }
                    ]
                }
            ]
        }
    ]
}