{
    "rows_returned": 1,
    "query_name": "WITH PostStats AS (\n    SELECT \n        p.Id AS PostId,\n        p.Title,\n        p.CreationDate,\n        p.ViewCount,\n        p.Score,\n        COALESCE(uc.UpVoteCount, 0) AS UpVotes,\n        COALESCE(dc.DownVoteCount, 0) AS DownVotes,\n        COALESCE(c.CommentCount, 0) AS CommentCount,\n        COALESCE(a.AnswerCount, 0) AS AnswerCount,\n        p.OwnerUserId,\n        u.DisplayName AS OwnerDisplayName\n    FROM \n        Posts p\n    LEFT JOIN (\n        SELECT \n            PostId,\n            COUNT(*) AS UpVoteCount\n        FROM \n            Votes\n        WHERE \n            VoteTypeId = 2 \n        GROUP BY \n            PostId\n    ) uc ON p.Id = uc.PostId\n    LEFT JOIN (\n        SELECT \n            PostId,\n            COUNT(*) AS DownVoteCount\n        FROM \n            Votes\n        WHERE \n            VoteTypeId = 3 \n        GROUP BY \n            PostId\n    ) dc ON p.Id = dc.PostId\n    LEFT JOIN (\n        SELECT \n            PostId,\n            COUNT(*) AS CommentCount\n        FROM \n            Comments\n        GROUP BY \n            PostId\n    ) c ON p.Id = c.PostId\n    LEFT JOIN (\n        SELECT \n            ParentId,\n            COUNT(*) AS AnswerCount\n        FROM \n            Posts\n        WHERE \n            PostTypeId = 2 \n        GROUP BY \n            ParentId\n    ) a ON p.Id = a.ParentId\n    LEFT JOIN Users u ON p.OwnerUserId = u.Id\n)\nSELECT \n    COUNT(*) AS TotalPosts,\n    AVG(ViewCount) AS AvgViewCount,\n    SUM(Score) AS TotalScore,\n    SUM(UpVotes) AS TotalUpVotes,\n    SUM(DownVotes) AS TotalDownVotes,\n    SUM(CommentCount) AS TotalComments,\n    SUM(AnswerCount) AS TotalAnswers\nFROM \n    PostStats;",
    "blocked_thread_time": 0.0,
    "cpu_time": 3.250888737999997,
    "extra_info": {},
    "cumulative_cardinality": 79577551,
    "cumulative_rows_scanned": 41690950,
    "result_set_size": 96,
    "latency": 3.774235172,
    "children": [
        {
            "operator_name": "UNGROUPED_AGGREGATE",
            "cpu_time": 3.250888737999997,
            "extra_info": {
                "Aggregates": [
                    "count_star()",
                    "avg(#0)",
                    "sum(#1)",
                    "sum(#2)",
                    "sum(#3)",
                    "sum(#4)",
                    "sum(#5)"
                ]
            },
            "cumulative_cardinality": 79577551,
            "operator_type": "UNGROUPED_AGGREGATE",
            "operator_cardinality": 1,
            "cumulative_rows_scanned": 41690950,
            "operator_rows_scanned": 0,
            "operator_timing": 0.05039749200000008,
            "result_set_size": 96,
            "children": [
                {
                    "operator_name": "PROJECTION",
                    "cpu_time": 3.200491245999997,
                    "extra_info": {
                        "Projections": [
                            "viewcount",
                            "score",
                            "UpVotes",
                            "DownVotes",
                            "CommentCount",
                            "AnswerCount"
                        ],
                        "Estimated Cardinality": "3850116"
                    },
                    "cumulative_cardinality": 79577550,
                    "operator_type": "PROJECTION",
                    "operator_cardinality": 3850116,
                    "cumulative_rows_scanned": 41690950,
                    "operator_rows_scanned": 0,
                    "operator_timing": 0.004950145999999978,
                    "result_set_size": 154004640,
                    "children": [
                        {
                            "operator_name": "PROJECTION",
                            "cpu_time": 3.1955410999999967,
                            "extra_info": {
                                "Projections": [
                                    "viewcount",
                                    "score",
                                    "UpVotes",
                                    "DownVotes",
                                    "CommentCount",
                                    "AnswerCount"
                                ],
                                "Estimated Cardinality": "3850116"
                            },
                            "cumulative_cardinality": 75727434,
                            "operator_type": "PROJECTION",
                            "operator_cardinality": 3850116,
                            "cumulative_rows_scanned": 41690950,
                            "operator_rows_scanned": 0,
                            "operator_timing": 0.26716377899999894,
                            "result_set_size": 154004640,
                            "children": [
                                {
                                    "operator_name": "HASH_JOIN",
                                    "cpu_time": 2.928377320999998,
                                    "extra_info": {
                                        "Join Type": "LEFT",
                                        "Conditions": "owneruserid = id",
                                        "Estimated Cardinality": "3850116"
                                    },
                                    "cumulative_cardinality": 71877318,
                                    "operator_type": "HASH_JOIN",
                                    "operator_cardinality": 3850116,
                                    "cumulative_rows_scanned": 41690950,
                                    "operator_rows_scanned": 0,
                                    "operator_timing": 0.34664697399999905,
                                    "result_set_size": 169405104,
                                    "children": [
                                        {
                                            "operator_name": "HASH_JOIN",
                                            "cpu_time": 2.574496239999999,
                                            "extra_info": {
                                                "Join Type": "LEFT",
                                                "Conditions": "id = parentid",
                                                "Estimated Cardinality": "3850116"
                                            },
                                            "cumulative_cardinality": 66766492,
                                            "operator_type": "HASH_JOIN",
                                            "operator_cardinality": 3850116,
                                            "cumulative_rows_scanned": 40430240,
                                            "operator_rows_scanned": 0,
                                            "operator_timing": 0.27904048999999975,
                                            "result_set_size": 169405104,
                                            "children": [
                                                {
                                                    "operator_name": "HASH_JOIN",
                                                    "cpu_time": 2.085563134999999,
                                                    "extra_info": {
                                                        "Join Type": "LEFT",
                                                        "Conditions": "id = postid",
                                                        "Estimated Cardinality": "3850116"
                                                    },
                                                    "cumulative_cardinality": 57207219,
                                                    "operator_type": "HASH_JOIN",
                                                    "operator_cardinality": 3850116,
                                                    "cumulative_rows_scanned": 36580124,
                                                    "operator_rows_scanned": 0,
                                                    "operator_timing": 0.2941629819999989,
                                                    "result_set_size": 154004640,
                                                    "children": [
                                                        {
                                                            "operator_name": "HASH_JOIN",
                                                            "cpu_time": 1.5269679430000003,
                                                            "extra_info": {
                                                                "Join Type": "LEFT",
                                                                "Conditions": "id = postid",
                                                                "Estimated Cardinality": "3850116"
                                                            },
                                                            "cumulative_cardinality": 36709787,
                                                            "operator_type": "HASH_JOIN",
                                                            "operator_cardinality": 3850116,
                                                            "cumulative_rows_scanned": 29338302,
                                                            "operator_rows_scanned": 0,
                                                            "operator_timing": 0.19259466800000022,
                                                            "result_set_size": 123203712,
                                                            "children": [
                                                                {
                                                                    "operator_name": "HASH_JOIN",
                                                                    "cpu_time": 1.0644428700000006,
                                                                    "extra_info": {
                                                                        "Join Type": "LEFT",
                                                                        "Conditions": "id = postid",
                                                                        "Estimated Cardinality": "3850116"
                                                                    },
                                                                    "cumulative_cardinality": 29406804,
                                                                    "operator_type": "HASH_JOIN",
                                                                    "operator_cardinality": 3850116,
                                                                    "cumulative_rows_scanned": 16594209,
                                                                    "operator_rows_scanned": 0,
                                                                    "operator_timing": 0.32449570900000113,
                                                                    "result_set_size": 92402784,
                                                                    "children": [
                                                                        {
                                                                            "operator_name": "READ_PARQUET ",
                                                                            "cpu_time": 0.0926285569999999,
                                                                            "extra_info": {
                                                                                "Function": "READ_PARQUET",
                                                                                "Projections": [
                                                                                    "id",
                                                                                    "score",
                                                                                    "viewcount",
                                                                                    "owneruserid"
                                                                                ],
                                                                                "Estimated Cardinality": "3850116"
                                                                            },
                                                                            "cumulative_cardinality": 3850116,
                                                                            "operator_type": "TABLE_SCAN",
                                                                            "operator_cardinality": 3850116,
                                                                            "cumulative_rows_scanned": 3850116,
                                                                            "operator_rows_scanned": 3850116,
                                                                            "operator_timing": 0.0926285569999999,
                                                                            "result_set_size": 61601856,
                                                                            "children": []
                                                                        },
                                                                        {
                                                                            "operator_name": "HASH_GROUP_BY",
                                                                            "cpu_time": 0.6473186039999995,
                                                                            "extra_info": {
                                                                                "Groups": "#0",
                                                                                "Aggregates": "count_star()",
                                                                                "Estimated Cardinality": "1274409"
                                                                            },
                                                                            "cumulative_cardinality": 21706572,
                                                                            "operator_type": "HASH_GROUP_BY",
                                                                            "operator_cardinality": 3138638,
                                                                            "cumulative_rows_scanned": 12744093,
                                                                            "operator_rows_scanned": 0,
                                                                            "operator_timing": 0.3198718699999997,
                                                                            "result_set_size": 37663656,
                                                                            "children": [
                                                                                {
                                                                                    "operator_name": "PROJECTION",
                                                                                    "cpu_time": 0.3274467339999998,
                                                                                    "extra_info": {
                                                                                        "Projections": "postid",
                                                                                        "Estimated Cardinality": "2548818"
                                                                                    },
                                                                                    "cumulative_cardinality": 18567934,
                                                                                    "operator_type": "PROJECTION",
                                                                                    "operator_cardinality": 9283967,
                                                                                    "cumulative_rows_scanned": 12744093,
                                                                                    "operator_rows_scanned": 0,
                                                                                    "operator_timing": 0.0008603480000000139,
                                                                                    "result_set_size": 37135868,
                                                                                    "children": [
                                                                                        {
                                                                                            "operator_name": "READ_PARQUET ",
                                                                                            "cpu_time": 0.3265863859999998,
                                                                                            "extra_info": {
                                                                                                "Function": "READ_PARQUET",
                                                                                                "Projections": "postid",
                                                                                                "Filters": "votetypeid=2",
                                                                                                "Estimated Cardinality": "2548818"
                                                                                            },
                                                                                            "cumulative_cardinality": 9283967,
                                                                                            "operator_type": "TABLE_SCAN",
                                                                                            "operator_cardinality": 9283967,
                                                                                            "cumulative_rows_scanned": 12744093,
                                                                                            "operator_rows_scanned": 12744093,
                                                                                            "operator_timing": 0.3265863859999998,
                                                                                            "result_set_size": 37135868,
                                                                                            "children": []
                                                                                        }
                                                                                    ]
                                                                                }
                                                                            ]
                                                                        }
                                                                    ]
                                                                },
                                                                {
                                                                    "operator_name": "HASH_GROUP_BY",
                                                                    "cpu_time": 0.26993040499999954,
                                                                    "extra_info": {
                                                                        "Groups": "#0",
                                                                        "Aggregates": "count_star()",
                                                                        "Estimated Cardinality": "1274409"
                                                                    },
                                                                    "cumulative_cardinality": 3452867,
                                                                    "operator_type": "HASH_GROUP_BY",
                                                                    "operator_cardinality": 765075,
                                                                    "cumulative_rows_scanned": 12744093,
                                                                    "operator_rows_scanned": 0,
                                                                    "operator_timing": 0.0679185500000001,
                                                                    "result_set_size": 9180900,
                                                                    "children": [
                                                                        {
                                                                            "operator_name": "PROJECTION",
                                                                            "cpu_time": 0.20201185499999944,
                                                                            "extra_info": {
                                                                                "Projections": "postid",
                                                                                "Estimated Cardinality": "2548818"
                                                                            },
                                                                            "cumulative_cardinality": 2687792,
                                                                            "operator_type": "PROJECTION",
                                                                            "operator_cardinality": 1343896,
                                                                            "cumulative_rows_scanned": 12744093,
                                                                            "operator_rows_scanned": 0,
                                                                            "operator_timing": 0.0005796510000000184,
                                                                            "result_set_size": 5375584,
                                                                            "children": [
                                                                                {
                                                                                    "operator_name": "READ_PARQUET ",
                                                                                    "cpu_time": 0.20143220399999942,
                                                                                    "extra_info": {
                                                                                        "Function": "READ_PARQUET",
                                                                                        "Projections": "postid",
                                                                                        "Filters": "votetypeid=3",
                                                                                        "Estimated Cardinality": "2548818"
                                                                                    },
                                                                                    "cumulative_cardinality": 1343896,
                                                                                    "operator_type": "TABLE_SCAN",
                                                                                    "operator_cardinality": 1343896,
                                                                                    "cumulative_rows_scanned": 12744093,
                                                                                    "operator_rows_scanned": 12744093,
                                                                                    "operator_timing": 0.20143220399999942,
                                                                                    "result_set_size": 5375584,
                                                                                    "children": []
                                                                                }
                                                                            ]
                                                                        }
                                                                    ]
                                                                }
                                                            ]
                                                        },
                                                        {
                                                            "operator_name": "HASH_GROUP_BY",
                                                            "cpu_time": 0.2644322099999997,
                                                            "extra_info": {
                                                                "Groups": "#0",
                                                                "Aggregates": "count_star()",
                                                                "Estimated Cardinality": "3620911"
                                                            },
                                                            "cumulative_cardinality": 16647316,
                                                            "operator_type": "HASH_GROUP_BY",
                                                            "operator_cardinality": 2163672,
                                                            "cumulative_rows_scanned": 7241822,
                                                            "operator_rows_scanned": 0,
                                                            "operator_timing": 0.2229363349999997,
                                                            "result_set_size": 25964064,
                                                            "children": [
                                                                {
                                                                    "operator_name": "PROJECTION",
                                                                    "cpu_time": 0.041495875000000015,
                                                                    "extra_info": {
                                                                        "Projections": "postid",
                                                                        "Estimated Cardinality": "7241822"
                                                                    },
                                                                    "cumulative_cardinality": 14483644,
                                                                    "operator_type": "PROJECTION",
                                                                    "operator_cardinality": 7241822,
                                                                    "cumulative_rows_scanned": 7241822,
                                                                    "operator_rows_scanned": 0,
                                                                    "operator_timing": 0.0004191329999999945,
                                                                    "result_set_size": 28967288,
                                                                    "children": [
                                                                        {
                                                                            "operator_name": "READ_PARQUET ",
                                                                            "cpu_time": 0.04107674200000002,
                                                                            "extra_info": {
                                                                                "Function": "READ_PARQUET",
                                                                                "Projections": "postid",
                                                                                "Estimated Cardinality": "7241822"
                                                                            },
                                                                            "cumulative_cardinality": 7241822,
                                                                            "operator_type": "TABLE_SCAN",
                                                                            "operator_cardinality": 7241822,
                                                                            "cumulative_rows_scanned": 7241822,
                                                                            "operator_rows_scanned": 7241822,
                                                                            "operator_timing": 0.04107674200000002,
                                                                            "result_set_size": 28967288,
                                                                            "children": []
                                                                        }
                                                                    ]
                                                                }
                                                            ]
                                                        }
                                                    ]
                                                },
                                                {
                                                    "operator_name": "HASH_GROUP_BY",
                                                    "cpu_time": 0.20989261500000003,
                                                    "extra_info": {
                                                        "Groups": "#0",
                                                        "Aggregates": "count_star()",
                                                        "Estimated Cardinality": "385011"
                                                    },
                                                    "cumulative_cardinality": 5709157,
                                                    "operator_type": "HASH_GROUP_BY",
                                                    "operator_cardinality": 1354571,
                                                    "cumulative_rows_scanned": 3850116,
                                                    "operator_rows_scanned": 0,
                                                    "operator_timing": 0.10876395399999997,
                                                    "result_set_size": 16254852,
                                                    "children": [
                                                        {
                                                            "operator_name": "PROJECTION",
                                                            "cpu_time": 0.10112866100000006,
                                                            "extra_info": {
                                                                "Projections": "parentid",
                                                                "Estimated Cardinality": "770023"
                                                            },
                                                            "cumulative_cardinality": 4354586,
                                                            "operator_type": "PROJECTION",
                                                            "operator_cardinality": 2177293,
                                                            "cumulative_rows_scanned": 3850116,
                                                            "operator_rows_scanned": 0,
                                                            "operator_timing": 0.00027281499999999825,
                                                            "result_set_size": 8709172,
                                                            "children": [
                                                                {
                                                                    "operator_name": "READ_PARQUET ",
                                                                    "cpu_time": 0.10085584600000007,
                                                                    "extra_info": {
                                                                        "Function": "READ_PARQUET",
                                                                        "Projections": "parentid",
                                                                        "Filters": "posttypeid=2",
                                                                        "Estimated Cardinality": "770023"
                                                                    },
                                                                    "cumulative_cardinality": 2177293,
                                                                    "operator_type": "TABLE_SCAN",
                                                                    "operator_cardinality": 2177293,
                                                                    "cumulative_rows_scanned": 3850116,
                                                                    "operator_rows_scanned": 3850116,
                                                                    "operator_timing": 0.10085584600000007,
                                                                    "result_set_size": 8709172,
                                                                    "children": []
                                                                }
                                                            ]
                                                        }
                                                    ]
                                                }
                                            ]
                                        },
                                        {
                                            "operator_name": "READ_PARQUET ",
                                            "cpu_time": 0.007234107000000015,
                                            "extra_info": {
                                                "Function": "READ_PARQUET",
                                                "Projections": "id",
                                                "Estimated Cardinality": "1260710"
                                            },
                                            "cumulative_cardinality": 1260710,
                                            "operator_type": "TABLE_SCAN",
                                            "operator_cardinality": 1260710,
                                            "cumulative_rows_scanned": 1260710,
                                            "operator_rows_scanned": 1260710,
                                            "operator_timing": 0.007234107000000015,
                                            "result_set_size": 5042840,
                                            "children": []
                                        }
                                    ]
                                }
                            ]
                        }
                    ]
                }
            ]
        }
    ]
}