{
    "rows_returned": 119534,
    "query_name": "\nSELECT \n    p.Id AS PostId,\n    p.Title,\n    p.CreationDate,\n    p.ViewCount,\n    p.Score,\n    u.DisplayName AS OwnerDisplayName,\n    COUNT(c.Id) AS CommentCount,\n    SUM(CASE WHEN v.VoteTypeId = 2 THEN 1 ELSE 0 END) AS UpVoteCount,\n    SUM(CASE WHEN v.VoteTypeId = 3 THEN 1 ELSE 0 END) AS DownVoteCount,\n    pt.Name AS PostTypeName,\n    COUNT(DISTINCT b.Id) AS BadgeCount\nFROM \n    Posts p\nLEFT JOIN \n    Users u ON p.OwnerUserId = u.Id\nLEFT JOIN \n    Comments c ON p.Id = c.PostId\nLEFT JOIN \n    Votes v ON p.Id = v.PostId\nLEFT JOIN \n    PostTypes pt ON p.PostTypeId = pt.Id\nLEFT JOIN \n    Badges b ON u.Id = b.UserId\nWHERE \n    p.CreationDate BETWEEN '2023-01-01' AND '2023-10-01'\nGROUP BY \n    p.Id, p.Title, p.CreationDate, p.ViewCount, p.Score, u.DisplayName, pt.Name\nORDER BY \n    p.CreationDate DESC;\n",
    "blocked_thread_time": 0.0,
    "cpu_time": 19.813087069000012,
    "extra_info": {},
    "cumulative_cardinality": 264488180,
    "cumulative_rows_scanned": 27418473,
    "result_set_size": 13865944,
    "latency": 24.00321906,
    "children": [
        {
            "operator_name": "PROJECTION",
            "cpu_time": 19.813087069000012,
            "extra_info": {
                "Projections": [
                    "#0",
                    "#1",
                    "#2",
                    "#3",
                    "__internal_decompress_integral_integer(#4, -72)",
                    "#5",
                    "#6",
                    "#7",
                    "#8",
                    "#9",
                    "#10"
                ],
                "Estimated Cardinality": "3850116"
            },
            "cumulative_cardinality": 264488180,
            "operator_type": "PROJECTION",
            "operator_cardinality": 119534,
            "cumulative_rows_scanned": 27418473,
            "operator_rows_scanned": 0,
            "operator_timing": 0.00009745299999999999,
            "result_set_size": 13865944,
            "children": [
                {
                    "operator_name": "ORDER_BY",
                    "cpu_time": 19.812989616000014,
                    "extra_info": {
                        "Order By": "p.CreationDate DESC"
                    },
                    "cumulative_cardinality": 264368646,
                    "operator_type": "ORDER_BY",
                    "operator_cardinality": 119534,
                    "cumulative_rows_scanned": 27418473,
                    "operator_rows_scanned": 0,
                    "operator_timing": 0.012678988999999998,
                    "result_set_size": 13626876,
                    "children": [
                        {
                            "operator_name": "PROJECTION",
                            "cpu_time": 19.800310627000012,
                            "extra_info": {
                                "Projections": [
                                    "#0",
                                    "#1",
                                    "#2",
                                    "#3",
                                    "__internal_compress_integral_usmallint(#4, -72)",
                                    "#5",
                                    "#6",
                                    "#7",
                                    "#8",
                                    "#9",
                                    "#10"
                                ],
                                "Estimated Cardinality": "3850116"
                            },
                            "cumulative_cardinality": 264249112,
                            "operator_type": "PROJECTION",
                            "operator_cardinality": 119534,
                            "cumulative_rows_scanned": 27418473,
                            "operator_rows_scanned": 0,
                            "operator_timing": 0.000057142000000000016,
                            "result_set_size": 13626876,
                            "children": [
                                {
                                    "operator_name": "PROJECTION",
                                    "cpu_time": 19.800253485000013,
                                    "extra_info": {
                                        "Projections": [
                                            "PostId",
                                            "title",
                                            "creationdate",
                                            "viewcount",
                                            "score",
                                            "OwnerDisplayName",
                                            "CommentCount",
                                            "UpVoteCount",
                                            "DownVoteCount",
                                            "PostTypeName",
                                            "BadgeCount"
                                        ],
                                        "Estimated Cardinality": "3850116"
                                    },
                                    "cumulative_cardinality": 264129578,
                                    "operator_type": "PROJECTION",
                                    "operator_cardinality": 119534,
                                    "cumulative_rows_scanned": 27418473,
                                    "operator_rows_scanned": 0,
                                    "operator_timing": 0.000033170999999999984,
                                    "result_set_size": 13865944,
                                    "children": [
                                        {
                                            "operator_name": "PROJECTION",
                                            "cpu_time": 19.800220314000015,
                                            "extra_info": {
                                                "Projections": [
                                                    "#0",
                                                    "#1",
                                                    "#2",
                                                    "#3",
                                                    "__internal_decompress_integral_integer(#4, -72)",
                                                    "#5",
                                                    "#6",
                                                    "#7",
                                                    "#8",
                                                    "#9",
                                                    "#10"
                                                ],
                                                "Estimated Cardinality": "3850116"
                                            },
                                            "cumulative_cardinality": 264010044,
                                            "operator_type": "PROJECTION",
                                            "operator_cardinality": 119534,
                                            "cumulative_rows_scanned": 27418473,
                                            "operator_rows_scanned": 0,
                                            "operator_timing": 0.00007482200000000001,
                                            "result_set_size": 13865944,
                                            "children": [
                                                {
                                                    "operator_name": "HASH_GROUP_BY",
                                                    "cpu_time": 19.800145492000016,
                                                    "extra_info": {
                                                        "Groups": [
                                                            "#0",
                                                            "#1",
                                                            "#2",
                                                            "#3",
                                                            "#4",
                                                            "#5",
                                                            "#6"
                                                        ],
                                                        "Aggregates": [
                                                            "count(#7)",
                                                            "sum(#8)",
                                                            "sum(#9)",
                                                            "count(DISTINCT #10)"
                                                        ],
                                                        "Estimated Cardinality": "3850116"
                                                    },
                                                    "cumulative_cardinality": 263890510,
                                                    "operator_type": "HASH_GROUP_BY",
                                                    "operator_cardinality": 119534,
                                                    "cumulative_rows_scanned": 27418473,
                                                    "operator_rows_scanned": 0,
                                                    "operator_timing": 12.144397969000007,
                                                    "result_set_size": 13626876,
                                                    "children": [
                                                        {
                                                            "operator_name": "PROJECTION",
                                                            "cpu_time": 7.6557475230000085,
                                                            "extra_info": {
                                                                "Projections": [
                                                                    "id",
                                                                    "title",
                                                                    "creationdate",
                                                                    "viewcount",
                                                                    "score",
                                                                    "displayname",
                                                                    "name",
                                                                    "id",
                                                                    "CASE  WHEN ((votetypeid = 2)) THEN (1) ELSE 0 END",
                                                                    "CASE  WHEN ((votetypeid = 3)) THEN (1) ELSE 0 END",
                                                                    "id"
                                                                ],
                                                                "Estimated Cardinality": "12744093"
                                                            },
                                                            "cumulative_cardinality": 263770976,
                                                            "operator_type": "PROJECTION",
                                                            "operator_cardinality": 77039475,
                                                            "cumulative_rows_scanned": 27418473,
                                                            "operator_rows_scanned": 0,
                                                            "operator_timing": 0.4638044730000018,
                                                            "result_set_size": 6317236950,
                                                            "children": [
                                                                {
                                                                    "operator_name": "PROJECTION",
                                                                    "cpu_time": 7.191943050000007,
                                                                    "extra_info": {
                                                                        "Projections": [
                                                                            "#2",
                                                                            "#3",
                                                                            "__internal_compress_integral_usmallint(#4, -72)",
                                                                            "#5",
                                                                            "#6",
                                                                            "#1",
                                                                            "#0",
                                                                            "#7",
                                                                            "#8",
                                                                            "#9"
                                                                        ],
                                                                        "Estimated Cardinality": "12744093"
                                                                    },
                                                                    "cumulative_cardinality": 186731501,
                                                                    "operator_type": "PROJECTION",
                                                                    "operator_cardinality": 77039475,
                                                                    "cumulative_rows_scanned": 27418473,
                                                                    "operator_rows_scanned": 0,
                                                                    "operator_timing": 0.13751281299999776,
                                                                    "result_set_size": 5855000100,
                                                                    "children": [
                                                                        {
                                                                            "operator_name": "HASH_JOIN",
                                                                            "cpu_time": 7.054430237000009,
                                                                            "extra_info": {
                                                                                "Join Type": "LEFT",
                                                                                "Conditions": "id = userid",
                                                                                "Estimated Cardinality": "12744093"
                                                                            },
                                                                            "cumulative_cardinality": 109692026,
                                                                            "operator_type": "HASH_JOIN",
                                                                            "operator_cardinality": 77039475,
                                                                            "cumulative_rows_scanned": 27418473,
                                                                            "operator_rows_scanned": 0,
                                                                            "operator_timing": 1.2635234459999956,
                                                                            "result_set_size": 6009079050,
                                                                            "children": [
                                                                                {
                                                                                    "operator_name": "HASH_JOIN",
                                                                                    "cpu_time": 5.3707550980000125,
                                                                                    "extra_info": {
                                                                                        "Join Type": "LEFT",
                                                                                        "Conditions": "posttypeid = id",
                                                                                        "Estimated Cardinality": "12744093"
                                                                                    },
                                                                                    "cumulative_cardinality": 30330827,
                                                                                    "operator_type": "HASH_JOIN",
                                                                                    "operator_cardinality": 816681,
                                                                                    "cumulative_rows_scanned": 25096749,
                                                                                    "operator_rows_scanned": 0,
                                                                                    "operator_timing": 0.021266324000000007,
                                                                                    "result_set_size": 63701118,
                                                                                    "children": [
                                                                                        {
                                                                                            "operator_name": "PROJECTION",
                                                                                            "cpu_time": 5.3490143080000125,
                                                                                            "extra_info": {
                                                                                                "Projections": [
                                                                                                    "#0",
                                                                                                    "#1",
                                                                                                    "#2",
                                                                                                    "#3",
                                                                                                    "#4",
                                                                                                    "#5",
                                                                                                    "#6",
                                                                                                    "#7",
                                                                                                    "#8",
                                                                                                    "__internal_decompress_integral_smallint(#9, 1)"
                                                                                                ],
                                                                                                "Estimated Cardinality": "12744093"
                                                                                            },
                                                                                            "cumulative_cardinality": 29514138,
                                                                                            "operator_type": "PROJECTION",
                                                                                            "operator_cardinality": 816681,
                                                                                            "cumulative_rows_scanned": 25096741,
                                                                                            "operator_rows_scanned": 0,
                                                                                            "operator_timing": 0.0011248590000000008,
                                                                                            "result_set_size": 52267584,
                                                                                            "children": [
                                                                                                {
                                                                                                    "operator_name": "HASH_JOIN",
                                                                                                    "cpu_time": 5.347889449000013,
                                                                                                    "extra_info": {
                                                                                                        "Join Type": "LEFT",
                                                                                                        "Conditions": "id = postid",
                                                                                                        "Estimated Cardinality": "12744093"
                                                                                                    },
                                                                                                    "cumulative_cardinality": 28697457,
                                                                                                    "operator_type": "HASH_JOIN",
                                                                                                    "operator_cardinality": 816681,
                                                                                                    "cumulative_rows_scanned": 25096741,
                                                                                                    "operator_rows_scanned": 0,
                                                                                                    "operator_timing": 0.9246149440000002,
                                                                                                    "result_set_size": 51450903,
                                                                                                    "children": [
                                                                                                        {
                                                                                                            "operator_name": "PROJECTION",
                                                                                                            "cpu_time": 1.8296193069999993,
                                                                                                            "extra_info": {
                                                                                                                "Projections": [
                                                                                                                    "#0",
                                                                                                                    "#1",
                                                                                                                    "#2",
                                                                                                                    "#3",
                                                                                                                    "__internal_decompress_integral_smallint(#4, 1)",
                                                                                                                    "#5",
                                                                                                                    "__internal_decompress_integral_integer(#6, -72)",
                                                                                                                    "#7",
                                                                                                                    "#8"
                                                                                                                ],
                                                                                                                "Estimated Cardinality": "7241822"
                                                                                                            },
                                                                                                            "cumulative_cardinality": 2392590,
                                                                                                            "operator_type": "PROJECTION",
                                                                                                            "operator_cardinality": 305269,
                                                                                                            "cumulative_rows_scanned": 12352648,
                                                                                                            "operator_rows_scanned": 0,
                                                                                                            "operator_timing": 0.0008091359999999998,
                                                                                                            "result_set_size": 18926678,
                                                                                                            "children": [
                                                                                                                {
                                                                                                                    "operator_name": "HASH_JOIN",
                                                                                                                    "cpu_time": 1.8288101709999993,
                                                                                                                    "extra_info": {
                                                                                                                        "Join Type": "RIGHT",
                                                                                                                        "Conditions": "postid = id",
                                                                                                                        "Estimated Cardinality": "7241822"
                                                                                                                    },
                                                                                                                    "cumulative_cardinality": 2087321,
                                                                                                                    "operator_type": "HASH_JOIN",
                                                                                                                    "operator_cardinality": 305269,
                                                                                                                    "cumulative_rows_scanned": 12352648,
                                                                                                                    "operator_rows_scanned": 0,
                                                                                                                    "operator_timing": 0.051926134000000033,
                                                                                                                    "result_set_size": 18010871,
                                                                                                                    "children": [
                                                                                                                        {
                                                                                                                            "operator_name": "READ_PARQUET ",
                                                                                                                            "cpu_time": 0.019928817999999994,
                                                                                                                            "extra_info": {
                                                                                                                                "Function": "READ_PARQUET",
                                                                                                                                "Projections": [
                                                                                                                                    "id",
                                                                                                                                    "postid"
                                                                                                                                ],
                                                                                                                                "Estimated Cardinality": "7241822"
                                                                                                                            },
                                                                                                                            "cumulative_cardinality": 268940,
                                                                                                                            "operator_type": "TABLE_SCAN",
                                                                                                                            "operator_cardinality": 268940,
                                                                                                                            "cumulative_rows_scanned": 7241822,
                                                                                                                            "operator_rows_scanned": 7241822,
                                                                                                                            "operator_timing": 0.019928817999999994,
                                                                                                                            "result_set_size": 2151520,
                                                                                                                            "children": []
                                                                                                                        },
                                                                                                                        {
                                                                                                                            "operator_name": "PROJECTION",
                                                                                                                            "cpu_time": 1.7569552189999993,
                                                                                                                            "extra_info": {
                                                                                                                                "Projections": [
                                                                                                                                    "#0",
                                                                                                                                    "#1",
                                                                                                                                    "#2",
                                                                                                                                    "__internal_compress_integral_utinyint(#3, 1)",
                                                                                                                                    "#4",
                                                                                                                                    "__internal_compress_integral_usmallint(#5, -72)",
                                                                                                                                    "#6",
                                                                                                                                    "#7"
                                                                                                                                ],
                                                                                                                                "Estimated Cardinality": "1260710"
                                                                                                                            },
                                                                                                                            "cumulative_cardinality": 1513112,
                                                                                                                            "operator_type": "PROJECTION",
                                                                                                                            "operator_cardinality": 119534,
                                                                                                                            "cumulative_rows_scanned": 5110826,
                                                                                                                            "operator_rows_scanned": 0,
                                                                                                                            "operator_timing": 0.0009281199999999997,
                                                                                                                            "result_set_size": 6574370,
                                                                                                                            "children": [
                                                                                                                                {
                                                                                                                                    "operator_name": "HASH_JOIN",
                                                                                                                                    "cpu_time": 1.7560270989999993,
                                                                                                                                    "extra_info": {
                                                                                                                                        "Join Type": "RIGHT",
                                                                                                                                        "Conditions": "id = owneruserid",
                                                                                                                                        "Estimated Cardinality": "1260710"
                                                                                                                                    },
                                                                                                                                    "cumulative_cardinality": 1393578,
                                                                                                                                    "operator_type": "HASH_JOIN",
                                                                                                                                    "operator_cardinality": 119534,
                                                                                                                                    "cumulative_rows_scanned": 5110826,
                                                                                                                                    "operator_rows_scanned": 0,
                                                                                                                                    "operator_timing": 0.05021836999999999,
                                                                                                                                    "result_set_size": 6932972,
                                                                                                                                    "children": [
                                                                                                                                        {
                                                                                                                                            "operator_name": "READ_PARQUET ",
                                                                                                                                            "cpu_time": 0.8647582739999995,
                                                                                                                                            "extra_info": {
                                                                                                                                                "Function": "READ_PARQUET",
                                                                                                                                                "Projections": [
                                                                                                                                                    "id",
                                                                                                                                                    "displayname"
                                                                                                                                                ],
                                                                                                                                                "Estimated Cardinality": "1260710"
                                                                                                                                            },
                                                                                                                                            "cumulative_cardinality": 1154510,
                                                                                                                                            "operator_type": "TABLE_SCAN",
                                                                                                                                            "operator_cardinality": 1154510,
                                                                                                                                            "cumulative_rows_scanned": 1260710,
                                                                                                                                            "operator_rows_scanned": 1260710,
                                                                                                                                            "operator_timing": 0.8647582739999995,
                                                                                                                                            "result_set_size": 23090200,
                                                                                                                                            "children": []
                                                                                                                                        },
                                                                                                                                        {
                                                                                                                                            "operator_name": "READ_PARQUET ",
                                                                                                                                            "cpu_time": 0.8410504549999998,
                                                                                                                                            "extra_info": {
                                                                                                                                                "Function": "READ_PARQUET",
                                                                                                                                                "Projections": [
                                                                                                                                                    "id",
                                                                                                                                                    "posttypeid",
                                                                                                                                                    "creationdate",
                                                                                                                                                    "score",
                                                                                                                                                    "viewcount",
                                                                                                                                                    "owneruserid",
                                                                                                                                                    "title"
                                                                                                                                                ],
                                                                                                                                                "Filters": "creationdate>='2023-01-01 00:00:00'::TIMESTAMP AND creationdate<='2023-10-01 00:00:00'::TIMESTAMP",
                                                                                                                                                "Estimated Cardinality": "770023"
                                                                                                                                            },
                                                                                                                                            "cumulative_cardinality": 119534,
                                                                                                                                            "operator_type": "TABLE_SCAN",
                                                                                                                                            "operator_cardinality": 119534,
                                                                                                                                            "cumulative_rows_scanned": 3850116,
                                                                                                                                            "operator_rows_scanned": 3850116,
                                                                                                                                            "operator_timing": 0.8410504549999998,
                                                                                                                                            "result_set_size": 5020428,
                                                                                                                                            "children": []
                                                                                                                                        }
                                                                                                                                    ]
                                                                                                                                }
                                                                                                                            ]
                                                                                                                        }
                                                                                                                    ]
                                                                                                                }
                                                                                                            ]
                                                                                                        },
                                                                                                        {
                                                                                                            "operator_name": "PROJECTION",
                                                                                                            "cpu_time": 2.593655198000013,
                                                                                                            "extra_info": {
                                                                                                                "Projections": [
                                                                                                                    "#0",
                                                                                                                    "__internal_compress_integral_utinyint(#1, 1)"
                                                                                                                ],
                                                                                                                "Estimated Cardinality": "12744093"
                                                                                                            },
                                                                                                            "cumulative_cardinality": 25488186,
                                                                                                            "operator_type": "PROJECTION",
                                                                                                            "operator_cardinality": 12744093,
                                                                                                            "cumulative_rows_scanned": 12744093,
                                                                                                            "operator_rows_scanned": 0,
                                                                                                            "operator_timing": 0.004945320999999987,
                                                                                                            "result_set_size": 63720465,
                                                                                                            "children": [
                                                                                                                {
                                                                                                                    "operator_name": "READ_PARQUET ",
                                                                                                                    "cpu_time": 2.5887098770000128,
                                                                                                                    "extra_info": {
                                                                                                                        "Function": "READ_PARQUET",
                                                                                                                        "Projections": [
                                                                                                                            "postid",
                                                                                                                            "votetypeid"
                                                                                                                        ],
                                                                                                                        "Estimated Cardinality": "12744093"
                                                                                                                    },
                                                                                                                    "cumulative_cardinality": 12744093,
                                                                                                                    "operator_type": "TABLE_SCAN",
                                                                                                                    "operator_cardinality": 12744093,
                                                                                                                    "cumulative_rows_scanned": 12744093,
                                                                                                                    "operator_rows_scanned": 12744093,
                                                                                                                    "operator_timing": 2.5887098770000128,
                                                                                                                    "result_set_size": 76464558,
                                                                                                                    "children": []
                                                                                                                }
                                                                                                            ]
                                                                                                        }
                                                                                                    ]
                                                                                                }
                                                                                            ]
                                                                                        },
                                                                                        {
                                                                                            "operator_name": "READ_PARQUET ",
                                                                                            "cpu_time": 0.00047446600000000005,
                                                                                            "extra_info": {
                                                                                                "Function": "READ_PARQUET",
                                                                                                "Projections": [
                                                                                                    "id",
                                                                                                    "name"
                                                                                                ],
                                                                                                "Estimated Cardinality": "8"
                                                                                            },
                                                                                            "cumulative_cardinality": 8,
                                                                                            "operator_type": "TABLE_SCAN",
                                                                                            "operator_cardinality": 8,
                                                                                            "cumulative_rows_scanned": 8,
                                                                                            "operator_rows_scanned": 8,
                                                                                            "operator_timing": 0.00047446600000000005,
                                                                                            "result_set_size": 144,
                                                                                            "children": []
                                                                                        }
                                                                                    ]
                                                                                },
                                                                                {
                                                                                    "operator_name": "READ_PARQUET ",
                                                                                    "cpu_time": 0.42015169300000094,
                                                                                    "extra_info": {
                                                                                        "Function": "READ_PARQUET",
                                                                                        "Projections": [
                                                                                            "id",
                                                                                            "userid"
                                                                                        ],
                                                                                        "Estimated Cardinality": "2321724"
                                                                                    },
                                                                                    "cumulative_cardinality": 2321724,
                                                                                    "operator_type": "TABLE_SCAN",
                                                                                    "operator_cardinality": 2321724,
                                                                                    "cumulative_rows_scanned": 2321724,
                                                                                    "operator_rows_scanned": 2321724,
                                                                                    "operator_timing": 0.42015169300000094,
                                                                                    "result_set_size": 18573792,
                                                                                    "children": []
                                                                                }
                                                                            ]
                                                                        }
                                                                    ]
                                                                }
                                                            ]
                                                        }
                                                    ]
                                                }
                                            ]
                                        }
                                    ]
                                }
                            ]
                        }
                    ]
                }
            ]
        }
    ]
}