{
    "rows_returned": 261413,
    "query_name": "\nWITH PostStats AS (\n    SELECT \n        p.Id AS PostId,\n        p.Title,\n        p.CreationDate,\n        p.Score,\n        p.ViewCount,\n        p.AnswerCount,\n        p.CommentCount,\n        u.Reputation AS OwnerReputation,\n        COUNT(b.Id) AS BadgeCount\n    FROM \n        Posts p\n    JOIN \n        Users u ON p.OwnerUserId = u.Id\n    LEFT JOIN \n        Badges b ON b.UserId = u.Id\n    WHERE \n        p.CreationDate >= DATE '2023-01-01'  \n    GROUP BY \n        p.Id, p.Title, p.CreationDate, p.Score, p.ViewCount, p.AnswerCount, p.CommentCount, u.Reputation\n),\n\nPostHistoryStats AS (\n    SELECT \n        ph.PostId,\n        COUNT(ph.Id) AS EditCount,\n        SUM(CASE WHEN ph.PostHistoryTypeId = 10 THEN 1 ELSE 0 END) AS CloseCount\n    FROM \n        PostHistory ph\n    GROUP BY \n        ph.PostId\n)\n\nSELECT \n    ps.PostId,\n    ps.Title,\n    ps.CreationDate,\n    ps.Score,\n    ps.ViewCount,\n    ps.AnswerCount,\n    ps.CommentCount,\n    ps.OwnerReputation,\n    ps.BadgeCount,\n    phs.EditCount,\n    phs.CloseCount\nFROM \n    PostStats ps\nLEFT JOIN \n    PostHistoryStats phs ON ps.PostId = phs.PostId\nORDER BY \n    ps.ViewCount DESC;\n",
    "blocked_thread_time": 0.0,
    "cpu_time": 3.2451011429999976,
    "extra_info": {},
    "cumulative_cardinality": 99399689,
    "cumulative_rows_scanned": 19227794,
    "result_set_size": 20913040,
    "latency": 3.99100133,
    "children": [
        {
            "operator_name": "PROJECTION",
            "cpu_time": 3.2451011429999976,
            "extra_info": {
                "Projections": [
                    "#0",
                    "#1",
                    "#2",
                    "__internal_decompress_integral_integer(#3, -72)",
                    "#4",
                    "__internal_decompress_integral_integer(#5, 0)",
                    "__internal_decompress_integral_integer(#6, 0)",
                    "#7",
                    "#8",
                    "#9",
                    "#10"
                ],
                "Estimated Cardinality": "5897622"
            },
            "cumulative_cardinality": 99399689,
            "operator_type": "PROJECTION",
            "operator_cardinality": 261413,
            "cumulative_rows_scanned": 19227794,
            "operator_rows_scanned": 0,
            "operator_timing": 0.00024270300000000006,
            "result_set_size": 20913040,
            "children": [
                {
                    "operator_name": "ORDER_BY",
                    "cpu_time": 3.2448584399999976,
                    "extra_info": {
                        "Order By": "ps.ViewCount DESC"
                    },
                    "cumulative_cardinality": 99138276,
                    "operator_type": "ORDER_BY",
                    "operator_cardinality": 261413,
                    "cumulative_rows_scanned": 19227794,
                    "operator_rows_scanned": 0,
                    "operator_timing": 0.023965377000000006,
                    "result_set_size": 18821736,
                    "children": [
                        {
                            "operator_name": "PROJECTION",
                            "cpu_time": 3.2208930629999974,
                            "extra_info": {
                                "Projections": [
                                    "#0",
                                    "#1",
                                    "#2",
                                    "__internal_compress_integral_usmallint(#3, -72)",
                                    "#4",
                                    "__internal_compress_integral_utinyint(#5, 0)",
                                    "__internal_compress_integral_utinyint(#6, 0)",
                                    "#7",
                                    "#8",
                                    "#9",
                                    "#10"
                                ],
                                "Estimated Cardinality": "5897622"
                            },
                            "cumulative_cardinality": 98876863,
                            "operator_type": "PROJECTION",
                            "operator_cardinality": 261413,
                            "cumulative_rows_scanned": 19227794,
                            "operator_rows_scanned": 0,
                            "operator_timing": 0.0010709120000000005,
                            "result_set_size": 18821736,
                            "children": [
                                {
                                    "operator_name": "PROJECTION",
                                    "cpu_time": 3.2198221509999976,
                                    "extra_info": {
                                        "Projections": [
                                            "PostId",
                                            "title",
                                            "creationdate",
                                            "score",
                                            "viewcount",
                                            "answercount",
                                            "commentcount",
                                            "OwnerReputation",
                                            "BadgeCount",
                                            "EditCount",
                                            "CloseCount"
                                        ],
                                        "Estimated Cardinality": "5897622"
                                    },
                                    "cumulative_cardinality": 98615450,
                                    "operator_type": "PROJECTION",
                                    "operator_cardinality": 261413,
                                    "cumulative_rows_scanned": 19227794,
                                    "operator_rows_scanned": 0,
                                    "operator_timing": 0.0000834770000000001,
                                    "result_set_size": 20913040,
                                    "children": [
                                        {
                                            "operator_name": "PROJECTION",
                                            "cpu_time": 3.2197386739999976,
                                            "extra_info": {
                                                "Projections": [
                                                    "#0",
                                                    "#1",
                                                    "#2",
                                                    "#3",
                                                    "#4",
                                                    "__internal_decompress_integral_integer(#5, -72)",
                                                    "#6",
                                                    "__internal_decompress_integral_integer(#7, 0)",
                                                    "__internal_decompress_integral_integer(#8, 0)",
                                                    "#9",
                                                    "#10"
                                                ],
                                                "Estimated Cardinality": "5897622"
                                            },
                                            "cumulative_cardinality": 98354037,
                                            "operator_type": "PROJECTION",
                                            "operator_cardinality": 261413,
                                            "cumulative_rows_scanned": 19227794,
                                            "operator_rows_scanned": 0,
                                            "operator_timing": 0.0010996650000000003,
                                            "result_set_size": 20913040,
                                            "children": [
                                                {
                                                    "operator_name": "HASH_JOIN",
                                                    "cpu_time": 3.2186390089999977,
                                                    "extra_info": {
                                                        "Join Type": "RIGHT",
                                                        "Conditions": "postid = PostId",
                                                        "Estimated Cardinality": "5897622"
                                                    },
                                                    "cumulative_cardinality": 98092624,
                                                    "operator_type": "HASH_JOIN",
                                                    "operator_cardinality": 261413,
                                                    "cumulative_rows_scanned": 19227794,
                                                    "operator_rows_scanned": 0,
                                                    "operator_timing": 0.09082230400000003,
                                                    "result_set_size": 18821736,
                                                    "children": [
                                                        {
                                                            "operator_name": "HASH_GROUP_BY",
                                                            "cpu_time": 0.8863029279999982,
                                                            "extra_info": {
                                                                "Groups": "#0",
                                                                "Aggregates": [
                                                                    "count_star()",
                                                                    "sum(#1)"
                                                                ],
                                                                "Estimated Cardinality": "5897622"
                                                            },
                                                            "cumulative_cardinality": 27440604,
                                                            "operator_type": "HASH_GROUP_BY",
                                                            "operator_cardinality": 3850116,
                                                            "cumulative_rows_scanned": 11795244,
                                                            "operator_rows_scanned": 0,
                                                            "operator_timing": 0.6671464139999984,
                                                            "result_set_size": 107803248,
                                                            "children": [
                                                                {
                                                                    "operator_name": "PROJECTION",
                                                                    "cpu_time": 0.21915651399999983,
                                                                    "extra_info": {
                                                                        "Projections": [
                                                                            "postid",
                                                                            "CASE  WHEN ((posthistorytypeid = 10)) THEN (1) ELSE 0 END"
                                                                        ],
                                                                        "Estimated Cardinality": "11795244"
                                                                    },
                                                                    "cumulative_cardinality": 23590488,
                                                                    "operator_type": "PROJECTION",
                                                                    "operator_cardinality": 11795244,
                                                                    "cumulative_rows_scanned": 11795244,
                                                                    "operator_rows_scanned": 0,
                                                                    "operator_timing": 0.030502267999999954,
                                                                    "result_set_size": 94361952,
                                                                    "children": [
                                                                        {
                                                                            "operator_name": "READ_PARQUET ",
                                                                            "cpu_time": 0.1886542459999999,
                                                                            "extra_info": {
                                                                                "Function": "READ_PARQUET",
                                                                                "Projections": [
                                                                                    "id",
                                                                                    "posthistorytypeid",
                                                                                    "postid"
                                                                                ],
                                                                                "Estimated Cardinality": "11795244"
                                                                            },
                                                                            "cumulative_cardinality": 11795244,
                                                                            "operator_type": "TABLE_SCAN",
                                                                            "operator_cardinality": 11795244,
                                                                            "cumulative_rows_scanned": 11795244,
                                                                            "operator_rows_scanned": 11795244,
                                                                            "operator_timing": 0.1886542459999999,
                                                                            "result_set_size": 117952440,
                                                                            "children": []
                                                                        }
                                                                    ]
                                                                }
                                                            ]
                                                        },
                                                        {
                                                            "operator_name": "PROJECTION",
                                                            "cpu_time": 2.2415137769999993,
                                                            "extra_info": {
                                                                "Projections": [
                                                                    "#0",
                                                                    "#1",
                                                                    "#2",
                                                                    "__internal_compress_integral_usmallint(#3, -72)",
                                                                    "#4",
                                                                    "__internal_compress_integral_utinyint(#5, 0)",
                                                                    "__internal_compress_integral_utinyint(#6, 0)",
                                                                    "#7",
                                                                    "#8"
                                                                ],
                                                                "Estimated Cardinality": "1160862"
                                                            },
                                                            "cumulative_cardinality": 70390607,
                                                            "operator_type": "PROJECTION",
                                                            "operator_cardinality": 261413,
                                                            "cumulative_rows_scanned": 7432550,
                                                            "operator_rows_scanned": 0,
                                                            "operator_timing": 0.000707762,
                                                            "result_set_size": 12547824,
                                                            "children": [
                                                                {
                                                                    "operator_name": "PROJECTION",
                                                                    "cpu_time": 2.2408060149999995,
                                                                    "extra_info": {
                                                                        "Projections": [
                                                                            "#0",
                                                                            "#1",
                                                                            "#2",
                                                                            "__internal_decompress_integral_integer(#3, -72)",
                                                                            "#4",
                                                                            "__internal_decompress_integral_integer(#5, 0)",
                                                                            "__internal_decompress_integral_integer(#6, 0)",
                                                                            "#7",
                                                                            "#8"
                                                                        ],
                                                                        "Estimated Cardinality": "1160862"
                                                                    },
                                                                    "cumulative_cardinality": 70129194,
                                                                    "operator_type": "PROJECTION",
                                                                    "operator_cardinality": 261413,
                                                                    "cumulative_rows_scanned": 7432550,
                                                                    "operator_rows_scanned": 0,
                                                                    "operator_timing": 0.0007082829999999998,
                                                                    "result_set_size": 14639128,
                                                                    "children": [
                                                                        {
                                                                            "operator_name": "HASH_GROUP_BY",
                                                                            "cpu_time": 2.2400977319999997,
                                                                            "extra_info": {
                                                                                "Groups": [
                                                                                    "#0",
                                                                                    "#1",
                                                                                    "#2",
                                                                                    "#3",
                                                                                    "#4",
                                                                                    "#5",
                                                                                    "#6",
                                                                                    "#7"
                                                                                ],
                                                                                "Aggregates": "count(#8)",
                                                                                "Estimated Cardinality": "1160862"
                                                                            },
                                                                            "cumulative_cardinality": 69867781,
                                                                            "operator_type": "HASH_GROUP_BY",
                                                                            "operator_cardinality": 261413,
                                                                            "cumulative_rows_scanned": 7432550,
                                                                            "operator_rows_scanned": 0,
                                                                            "operator_timing": 1.1826186390000009,
                                                                            "result_set_size": 12547824,
                                                                            "children": [
                                                                                {
                                                                                    "operator_name": "PROJECTION",
                                                                                    "cpu_time": 1.0574790929999986,
                                                                                    "extra_info": {
                                                                                        "Projections": [
                                                                                            "id",
                                                                                            "title",
                                                                                            "creationdate",
                                                                                            "score",
                                                                                            "viewcount",
                                                                                            "answercount",
                                                                                            "commentcount",
                                                                                            "reputation",
                                                                                            "id"
                                                                                        ],
                                                                                        "Estimated Cardinality": "2321724"
                                                                                    },
                                                                                    "cumulative_cardinality": 69606368,
                                                                                    "operator_type": "PROJECTION",
                                                                                    "operator_cardinality": 21833713,
                                                                                    "cumulative_rows_scanned": 7432550,
                                                                                    "operator_rows_scanned": 0,
                                                                                    "operator_timing": 0.00577230499999976,
                                                                                    "result_set_size": 960683372,
                                                                                    "children": [
                                                                                        {
                                                                                            "operator_name": "PROJECTION",
                                                                                            "cpu_time": 1.0517067879999988,
                                                                                            "extra_info": {
                                                                                                "Projections": [
                                                                                                    "#0",
                                                                                                    "#1",
                                                                                                    "#2",
                                                                                                    "__internal_compress_integral_usmallint(#3, -72)",
                                                                                                    "#4",
                                                                                                    "#5",
                                                                                                    "__internal_compress_integral_utinyint(#6, 0)",
                                                                                                    "__internal_compress_integral_utinyint(#7, 0)",
                                                                                                    "#8"
                                                                                                ],
                                                                                                "Estimated Cardinality": "2321724"
                                                                                            },
                                                                                            "cumulative_cardinality": 47772655,
                                                                                            "operator_type": "PROJECTION",
                                                                                            "operator_cardinality": 21833713,
                                                                                            "cumulative_rows_scanned": 7432550,
                                                                                            "operator_rows_scanned": 0,
                                                                                            "operator_timing": 0.04180287200000038,
                                                                                            "result_set_size": 960683372,
                                                                                            "children": [
                                                                                                {
                                                                                                    "operator_name": "HASH_JOIN",
                                                                                                    "cpu_time": 1.0099039159999985,
                                                                                                    "extra_info": {
                                                                                                        "Join Type": "RIGHT",
                                                                                                        "Conditions": "userid = id",
                                                                                                        "Estimated Cardinality": "2321724"
                                                                                                    },
                                                                                                    "cumulative_cardinality": 25938942,
                                                                                                    "operator_type": "HASH_JOIN",
                                                                                                    "operator_cardinality": 21833713,
                                                                                                    "cumulative_rows_scanned": 7432550,
                                                                                                    "operator_rows_scanned": 0,
                                                                                                    "operator_timing": 0.7850165739999985,
                                                                                                    "result_set_size": 1135353076,
                                                                                                    "children": [
                                                                                                        {
                                                                                                            "operator_name": "READ_PARQUET ",
                                                                                                            "cpu_time": 0.05257263099999994,
                                                                                                            "extra_info": {
                                                                                                                "Function": "READ_PARQUET",
                                                                                                                "Projections": [
                                                                                                                    "id",
                                                                                                                    "userid"
                                                                                                                ],
                                                                                                                "Estimated Cardinality": "2321724"
                                                                                                            },
                                                                                                            "cumulative_cardinality": 2321724,
                                                                                                            "operator_type": "TABLE_SCAN",
                                                                                                            "operator_cardinality": 2321724,
                                                                                                            "cumulative_rows_scanned": 2321724,
                                                                                                            "operator_rows_scanned": 2321724,
                                                                                                            "operator_timing": 0.05257263099999994,
                                                                                                            "result_set_size": 18573792,
                                                                                                            "children": []
                                                                                                        },
                                                                                                        {
                                                                                                            "operator_name": "HASH_JOIN",
                                                                                                            "cpu_time": 0.172314711,
                                                                                                            "extra_info": {
                                                                                                                "Join Type": "INNER",
                                                                                                                "Conditions": "owneruserid = id",
                                                                                                                "Estimated Cardinality": "770023"
                                                                                                            },
                                                                                                            "cumulative_cardinality": 1783505,
                                                                                                            "operator_type": "HASH_JOIN",
                                                                                                            "operator_cardinality": 261413,
                                                                                                            "cumulative_rows_scanned": 5110826,
                                                                                                            "operator_rows_scanned": 0,
                                                                                                            "operator_timing": 0.06068216099999998,
                                                                                                            "result_set_size": 13593476,
                                                                                                            "children": [
                                                                                                                {
                                                                                                                    "operator_name": "READ_PARQUET ",
                                                                                                                    "cpu_time": 0.09180398000000005,
                                                                                                                    "extra_info": {
                                                                                                                        "Function": "READ_PARQUET",
                                                                                                                        "Projections": [
                                                                                                                            "id",
                                                                                                                            "creationdate",
                                                                                                                            "score",
                                                                                                                            "viewcount",
                                                                                                                            "owneruserid",
                                                                                                                            "title",
                                                                                                                            "answercount",
                                                                                                                            "commentcount"
                                                                                                                        ],
                                                                                                                        "Filters": "creationdate>='2023-01-01 00:00:00'::TIMESTAMP",
                                                                                                                        "Estimated Cardinality": "770023"
                                                                                                                    },
                                                                                                                    "cumulative_cardinality": 261413,
                                                                                                                    "operator_type": "TABLE_SCAN",
                                                                                                                    "operator_cardinality": 261413,
                                                                                                                    "cumulative_rows_scanned": 3850116,
                                                                                                                    "operator_rows_scanned": 3850116,
                                                                                                                    "operator_timing": 0.09180398000000005,
                                                                                                                    "result_set_size": 12547824,
                                                                                                                    "children": []
                                                                                                                },
                                                                                                                {
                                                                                                                    "operator_name": "READ_PARQUET ",
                                                                                                                    "cpu_time": 0.01982857,
                                                                                                                    "extra_info": {
                                                                                                                        "Function": "READ_PARQUET",
                                                                                                                        "Projections": [
                                                                                                                            "id",
                                                                                                                            "reputation"
                                                                                                                        ],
                                                                                                                        "Filters": "id<=1416539",
                                                                                                                        "Estimated Cardinality": "1260710"
                                                                                                                    },
                                                                                                                    "cumulative_cardinality": 1260679,
                                                                                                                    "operator_type": "TABLE_SCAN",
                                                                                                                    "operator_cardinality": 1260679,
                                                                                                                    "cumulative_rows_scanned": 1260710,
                                                                                                                    "operator_rows_scanned": 1260710,
                                                                                                                    "operator_timing": 0.01982857,
                                                                                                                    "result_set_size": 10085432,
                                                                                                                    "children": []
                                                                                                                }
                                                                                                            ]
                                                                                                        }
                                                                                                    ]
                                                                                                }
                                                                                            ]
                                                                                        }
                                                                                    ]
                                                                                }
                                                                            ]
                                                                        }
                                                                    ]
                                                                }
                                                            ]
                                                        }
                                                    ]
                                                }
                                            ]
                                        }
                                    ]
                                }
                            ]
                        }
                    ]
                }
            ]
        }
    ]
}