{
    "rows_returned": 1260710,
    "query_name": "\nWITH PostSummary AS (\n    SELECT \n        p.OwnerUserId,\n        pt.Name AS PostType,\n        COUNT(p.Id) AS TotalPosts,\n        COALESCE(SUM(c.Score), 0) AS TotalComments\n    FROM \n        Posts p\n    JOIN \n        PostTypes pt ON p.PostTypeId = pt.Id\n    LEFT JOIN \n        Comments c ON p.Id = c.PostId\n    GROUP BY \n        p.OwnerUserId, pt.Name\n),\nUserSummary AS (\n    SELECT \n        u.Id AS UserId,\n        u.DisplayName,\n        COALESCE(SUM(ps.TotalPosts), 0) AS PostsCount,\n        COALESCE(SUM(ps.TotalComments), 0) AS CommentsCount\n    FROM \n        Users u\n    LEFT JOIN \n        PostSummary ps ON u.Id = ps.OwnerUserId\n    GROUP BY \n        u.Id, u.DisplayName\n)\n\nSELECT \n    us.UserId,\n    us.DisplayName,\n    us.PostsCount,\n    us.CommentsCount,\n    (us.PostsCount + us.CommentsCount) AS TotalInteractions\nFROM \n    UserSummary us\nORDER BY \n    TotalInteractions DESC;\n",
    "blocked_thread_time": 0.0,
    "cpu_time": 7.198185981000001,
    "extra_info": {},
    "cumulative_cardinality": 42605651,
    "cumulative_rows_scanned": 12352656,
    "result_set_size": 85728280,
    "latency": 10.208377662,
    "children": [
        {
            "operator_name": "ORDER_BY",
            "cpu_time": 7.198185981000001,
            "extra_info": {
                "Order By": "(us.PostsCount + us.CommentsCount) DESC"
            },
            "cumulative_cardinality": 42605651,
            "operator_type": "ORDER_BY",
            "operator_cardinality": 1260710,
            "cumulative_rows_scanned": 12352656,
            "operator_rows_scanned": 0,
            "operator_timing": 0.08074569799999998,
            "result_set_size": 85728280,
            "children": [
                {
                    "operator_name": "PROJECTION",
                    "cpu_time": 7.1174402830000005,
                    "extra_info": {
                        "Projections": [
                            "UserId",
                            "displayname",
                            "PostsCount",
                            "CommentsCount",
                            "TotalInteractions"
                        ],
                        "Estimated Cardinality": "1260710"
                    },
                    "cumulative_cardinality": 41344941,
                    "operator_type": "PROJECTION",
                    "operator_cardinality": 1260710,
                    "cumulative_rows_scanned": 12352656,
                    "operator_rows_scanned": 0,
                    "operator_timing": 0.018618022000000022,
                    "result_set_size": 85728280,
                    "children": [
                        {
                            "operator_name": "PROJECTION",
                            "cpu_time": 7.0988222610000005,
                            "extra_info": {
                                "Projections": [
                                    "UserId",
                                    "displayname",
                                    "PostsCount",
                                    "CommentsCount"
                                ],
                                "Estimated Cardinality": "1260710"
                            },
                            "cumulative_cardinality": 40084231,
                            "operator_type": "PROJECTION",
                            "operator_cardinality": 1260710,
                            "cumulative_rows_scanned": 12352656,
                            "operator_rows_scanned": 0,
                            "operator_timing": 0.022974778,
                            "result_set_size": 65556920,
                            "children": [
                                {
                                    "operator_name": "HASH_GROUP_BY",
                                    "cpu_time": 7.075847483,
                                    "extra_info": {
                                        "Groups": [
                                            "#0",
                                            "#1"
                                        ],
                                        "Aggregates": [
                                            "sum(#2)",
                                            "sum(#3)"
                                        ],
                                        "Estimated Cardinality": "1260710"
                                    },
                                    "cumulative_cardinality": 38823521,
                                    "operator_type": "HASH_GROUP_BY",
                                    "operator_cardinality": 1260710,
                                    "cumulative_rows_scanned": 12352656,
                                    "operator_rows_scanned": 0,
                                    "operator_timing": 0.3940515159999998,
                                    "result_set_size": 65556920,
                                    "children": [
                                        {
                                            "operator_name": "PROJECTION",
                                            "cpu_time": 6.681795967,
                                            "extra_info": {
                                                "Projections": [
                                                    "id",
                                                    "displayname",
                                                    "TotalPosts",
                                                    "TotalComments"
                                                ],
                                                "Estimated Cardinality": "3850116"
                                            },
                                            "cumulative_cardinality": 37562811,
                                            "operator_type": "PROJECTION",
                                            "operator_cardinality": 1320414,
                                            "cumulative_rows_scanned": 12352656,
                                            "operator_rows_scanned": 0,
                                            "operator_timing": 0.0003436540000000001,
                                            "result_set_size": 58098216,
                                            "children": [
                                                {
                                                    "operator_name": "HASH_JOIN",
                                                    "cpu_time": 6.681452313,
                                                    "extra_info": {
                                                        "Join Type": "RIGHT",
                                                        "Conditions": "owneruserid = id",
                                                        "Estimated Cardinality": "3850116"
                                                    },
                                                    "cumulative_cardinality": 36242397,
                                                    "operator_type": "HASH_JOIN",
                                                    "operator_cardinality": 1320414,
                                                    "cumulative_rows_scanned": 12352656,
                                                    "operator_rows_scanned": 0,
                                                    "operator_timing": 0.15461131100000003,
                                                    "result_set_size": 58098216,
                                                    "children": [
                                                        {
                                                            "operator_name": "PROJECTION",
                                                            "cpu_time": 5.534002211000001,
                                                            "extra_info": {
                                                                "Projections": [
                                                                    "owneruserid",
                                                                    "TotalPosts",
                                                                    "TotalComments"
                                                                ],
                                                                "Estimated Cardinality": "3850116"
                                                            },
                                                            "cumulative_cardinality": 33661273,
                                                            "operator_type": "PROJECTION",
                                                            "operator_cardinality": 431340,
                                                            "cumulative_rows_scanned": 11091946,
                                                            "operator_rows_scanned": 0,
                                                            "operator_timing": 0.0048928600000000015,
                                                            "result_set_size": 12077520,
                                                            "children": [
                                                                {
                                                                    "operator_name": "HASH_GROUP_BY",
                                                                    "cpu_time": 5.529109351000001,
                                                                    "extra_info": {
                                                                        "Groups": [
                                                                            "#0",
                                                                            "#1"
                                                                        ],
                                                                        "Aggregates": [
                                                                            "count_star()",
                                                                            "sum(#2)"
                                                                        ],
                                                                        "Estimated Cardinality": "3850116"
                                                                    },
                                                                    "cumulative_cardinality": 33229933,
                                                                    "operator_type": "HASH_GROUP_BY",
                                                                    "operator_cardinality": 431340,
                                                                    "cumulative_rows_scanned": 11091946,
                                                                    "operator_rows_scanned": 0,
                                                                    "operator_timing": 0.5940821540000004,
                                                                    "result_set_size": 18978960,
                                                                    "children": [
                                                                        {
                                                                            "operator_name": "PROJECTION",
                                                                            "cpu_time": 4.935027197,
                                                                            "extra_info": {
                                                                                "Projections": [
                                                                                    "owneruserid",
                                                                                    "name",
                                                                                    "score"
                                                                                ],
                                                                                "Estimated Cardinality": "7241822"
                                                                            },
                                                                            "cumulative_cardinality": 32798593,
                                                                            "operator_type": "PROJECTION",
                                                                            "operator_cardinality": 8928266,
                                                                            "cumulative_rows_scanned": 11091946,
                                                                            "operator_rows_scanned": 0,
                                                                            "operator_timing": 0.0016208089999999989,
                                                                            "result_set_size": 214278384,
                                                                            "children": [
                                                                                {
                                                                                    "operator_name": "HASH_JOIN",
                                                                                    "cpu_time": 4.933406388,
                                                                                    "extra_info": {
                                                                                        "Join Type": "RIGHT",
                                                                                        "Conditions": "postid = id",
                                                                                        "Estimated Cardinality": "7241822"
                                                                                    },
                                                                                    "cumulative_cardinality": 23870327,
                                                                                    "operator_type": "HASH_JOIN",
                                                                                    "operator_cardinality": 8928266,
                                                                                    "cumulative_rows_scanned": 11091946,
                                                                                    "operator_rows_scanned": 0,
                                                                                    "operator_timing": 0.7054740609999991,
                                                                                    "result_set_size": 214278384,
                                                                                    "children": [
                                                                                        {
                                                                                            "operator_name": "READ_PARQUET ",
                                                                                            "cpu_time": 0.20404461100000013,
                                                                                            "extra_info": {
                                                                                                "Function": "READ_PARQUET",
                                                                                                "Projections": [
                                                                                                    "postid",
                                                                                                    "score"
                                                                                                ],
                                                                                                "Estimated Cardinality": "7241822"
                                                                                            },
                                                                                            "cumulative_cardinality": 7241822,
                                                                                            "operator_type": "TABLE_SCAN",
                                                                                            "operator_cardinality": 7241822,
                                                                                            "cumulative_rows_scanned": 7241822,
                                                                                            "operator_rows_scanned": 7241822,
                                                                                            "operator_timing": 0.20404461100000013,
                                                                                            "result_set_size": 57934576,
                                                                                            "children": []
                                                                                        },
                                                                                        {
                                                                                            "operator_name": "HASH_JOIN",
                                                                                            "cpu_time": 4.023887716000001,
                                                                                            "extra_info": {
                                                                                                "Join Type": "INNER",
                                                                                                "Conditions": "posttypeid = id",
                                                                                                "Estimated Cardinality": "3850116"
                                                                                            },
                                                                                            "cumulative_cardinality": 7700239,
                                                                                            "operator_type": "HASH_JOIN",
                                                                                            "operator_cardinality": 3850116,
                                                                                            "cumulative_rows_scanned": 3850124,
                                                                                            "operator_rows_scanned": 0,
                                                                                            "operator_timing": 0.012136850000000008,
                                                                                            "result_set_size": 92402784,
                                                                                            "children": [
                                                                                                {
                                                                                                    "operator_name": "READ_PARQUET ",
                                                                                                    "cpu_time": 4.011247796000001,
                                                                                                    "extra_info": {
                                                                                                        "Function": "READ_PARQUET",
                                                                                                        "Projections": [
                                                                                                            "id",
                                                                                                            "posttypeid",
                                                                                                            "owneruserid"
                                                                                                        ],
                                                                                                        "Estimated Cardinality": "3850116"
                                                                                                    },
                                                                                                    "cumulative_cardinality": 3850116,
                                                                                                    "operator_type": "TABLE_SCAN",
                                                                                                    "operator_cardinality": 3850116,
                                                                                                    "cumulative_rows_scanned": 3850116,
                                                                                                    "operator_rows_scanned": 3850116,
                                                                                                    "operator_timing": 4.011247796000001,
                                                                                                    "result_set_size": 38501160,
                                                                                                    "children": []
                                                                                                },
                                                                                                {
                                                                                                    "operator_name": "READ_PARQUET ",
                                                                                                    "cpu_time": 0.00050307,
                                                                                                    "extra_info": {
                                                                                                        "Function": "READ_PARQUET",
                                                                                                        "Projections": [
                                                                                                            "id",
                                                                                                            "name"
                                                                                                        ],
                                                                                                        "Filters": "id<=7",
                                                                                                        "Estimated Cardinality": "8"
                                                                                                    },
                                                                                                    "cumulative_cardinality": 7,
                                                                                                    "operator_type": "TABLE_SCAN",
                                                                                                    "operator_cardinality": 7,
                                                                                                    "cumulative_rows_scanned": 8,
                                                                                                    "operator_rows_scanned": 8,
                                                                                                    "operator_timing": 0.00050307,
                                                                                                    "result_set_size": 126,
                                                                                                    "children": []
                                                                                                }
                                                                                            ]
                                                                                        }
                                                                                    ]
                                                                                }
                                                                            ]
                                                                        }
                                                                    ]
                                                                }
                                                            ]
                                                        },
                                                        {
                                                            "operator_name": "READ_PARQUET ",
                                                            "cpu_time": 0.9928387909999995,
                                                            "extra_info": {
                                                                "Function": "READ_PARQUET",
                                                                "Projections": [
                                                                    "id",
                                                                    "displayname"
                                                                ],
                                                                "Estimated Cardinality": "1260710"
                                                            },
                                                            "cumulative_cardinality": 1260710,
                                                            "operator_type": "TABLE_SCAN",
                                                            "operator_cardinality": 1260710,
                                                            "cumulative_rows_scanned": 1260710,
                                                            "operator_rows_scanned": 1260710,
                                                            "operator_timing": 0.9928387909999995,
                                                            "result_set_size": 25214200,
                                                            "children": []
                                                        }
                                                    ]
                                                }
                                            ]
                                        }
                                    ]
                                }
                            ]
                        }
                    ]
                }
            ]
        }
    ]
}