{
    "rows_returned": 100,
    "query_name": "\nSELECT \n    p.Id AS PostId,\n    p.Title,\n    p.CreationDate AS PostCreationDate,\n    p.Score,\n    p.ViewCount,\n    p.AnswerCount,\n    p.CommentCount,\n    u.Id AS UserId,\n    u.DisplayName AS UserDisplayName,\n    u.Reputation AS UserReputation,\n    u.CreationDate AS UserCreationDate,\n    SUM(CASE WHEN v.VoteTypeId = 2 THEN 1 ELSE 0 END) AS UpVotesCount,  \n    COUNT(c.Id) AS CommentsCount,  \n    COUNT(b.Id) AS BadgesCount  \nFROM \n    Posts p\nJOIN \n    Users u ON p.OwnerUserId = u.Id\nLEFT JOIN \n    Votes v ON p.Id = v.PostId\nLEFT JOIN \n    Comments c ON p.Id = c.PostId\nLEFT JOIN \n    Badges b ON u.Id = b.UserId\nWHERE \n    p.PostTypeId = 1  \nGROUP BY \n    p.Id, p.Title, p.CreationDate, p.Score, p.ViewCount, p.AnswerCount, p.CommentCount, \n    u.Id, u.DisplayName, u.Reputation, u.CreationDate\nORDER BY \n    p.CreationDate DESC\nLIMIT 100;\n",
    "blocked_thread_time": 0.0,
    "cpu_time": 130.0198431449975,
    "extra_info": {},
    "cumulative_cardinality": 3671930678,
    "cumulative_rows_scanned": 27418465,
    "result_set_size": 10800,
    "latency": 148.757349109,
    "children": [
        {
            "operator_name": "STREAMING_LIMIT",
            "cpu_time": 130.0198431449975,
            "extra_info": {},
            "cumulative_cardinality": 3671930678,
            "operator_type": "STREAMING_LIMIT",
            "operator_cardinality": 100,
            "cumulative_rows_scanned": 27418465,
            "operator_rows_scanned": 0,
            "operator_timing": 0.000001383,
            "result_set_size": 10800,
            "children": [
                {
                    "operator_name": "PROJECTION",
                    "cpu_time": 130.0198417619975,
                    "extra_info": {
                        "Projections": [
                            "#0",
                            "#1",
                            "#2",
                            "__internal_decompress_integral_integer(#3, -72)",
                            "#4",
                            "__internal_decompress_integral_integer(#5, 0)",
                            "__internal_decompress_integral_integer(#6, 0)",
                            "#7",
                            "#8",
                            "#9",
                            "#10",
                            "#11",
                            "#12",
                            "#13"
                        ],
                        "Estimated Cardinality": "3850116"
                    },
                    "cumulative_cardinality": 3671930578,
                    "operator_type": "PROJECTION",
                    "operator_cardinality": 4096,
                    "cumulative_rows_scanned": 27418465,
                    "operator_rows_scanned": 0,
                    "operator_timing": 0.000010119,
                    "result_set_size": 442368,
                    "children": [
                        {
                            "operator_name": "ORDER_BY",
                            "cpu_time": 130.0198316429975,
                            "extra_info": {
                                "Order By": "p.CreationDate DESC"
                            },
                            "cumulative_cardinality": 3671926482,
                            "operator_type": "ORDER_BY",
                            "operator_cardinality": 4096,
                            "cumulative_rows_scanned": 27418465,
                            "operator_rows_scanned": 0,
                            "operator_timing": 0.11771565800000006,
                            "result_set_size": 409600,
                            "children": [
                                {
                                    "operator_name": "PROJECTION",
                                    "cpu_time": 129.9021159849975,
                                    "extra_info": {
                                        "Projections": [
                                            "#0",
                                            "#1",
                                            "#2",
                                            "__internal_compress_integral_usmallint(#3, -72)",
                                            "#4",
                                            "__internal_compress_integral_utinyint(#5, 0)",
                                            "__internal_compress_integral_utinyint(#6, 0)",
                                            "#7",
                                            "#8",
                                            "#9",
                                            "#10",
                                            "#11",
                                            "#12",
                                            "#13"
                                        ],
                                        "Estimated Cardinality": "3850116"
                                    },
                                    "cumulative_cardinality": 3671922386,
                                    "operator_type": "PROJECTION",
                                    "operator_cardinality": 1589663,
                                    "cumulative_rows_scanned": 27418465,
                                    "operator_rows_scanned": 0,
                                    "operator_timing": 0.0018563590000000032,
                                    "result_set_size": 158966300,
                                    "children": [
                                        {
                                            "operator_name": "PROJECTION",
                                            "cpu_time": 129.9002596259975,
                                            "extra_info": {
                                                "Projections": [
                                                    "#0",
                                                    "#1",
                                                    "#2",
                                                    "__internal_decompress_integral_integer(#3, -72)",
                                                    "#4",
                                                    "__internal_decompress_integral_integer(#5, 0)",
                                                    "__internal_decompress_integral_integer(#6, 0)",
                                                    "#7",
                                                    "#8",
                                                    "#9",
                                                    "#10",
                                                    "#11",
                                                    "#12",
                                                    "#13"
                                                ],
                                                "Estimated Cardinality": "3850116"
                                            },
                                            "cumulative_cardinality": 3670332723,
                                            "operator_type": "PROJECTION",
                                            "operator_cardinality": 1589663,
                                            "cumulative_rows_scanned": 27418465,
                                            "operator_rows_scanned": 0,
                                            "operator_timing": 0.0018972980000000004,
                                            "result_set_size": 171683604,
                                            "children": [
                                                {
                                                    "operator_name": "HASH_GROUP_BY",
                                                    "cpu_time": 129.89836232799752,
                                                    "extra_info": {
                                                        "Groups": [
                                                            "#0",
                                                            "#1",
                                                            "#2",
                                                            "#3",
                                                            "#4",
                                                            "#5",
                                                            "#6",
                                                            "#7",
                                                            "#8",
                                                            "#9",
                                                            "#10"
                                                        ],
                                                        "Aggregates": [
                                                            "sum(#11)",
                                                            "count(#12)",
                                                            "count(#13)"
                                                        ],
                                                        "Estimated Cardinality": "3850116"
                                                    },
                                                    "cumulative_cardinality": 3668743060,
                                                    "operator_type": "HASH_GROUP_BY",
                                                    "operator_cardinality": 1589663,
                                                    "cumulative_rows_scanned": 27418465,
                                                    "operator_rows_scanned": 0,
                                                    "operator_timing": 95.39412226699832,
                                                    "result_set_size": 158966300,
                                                    "children": [
                                                        {
                                                            "operator_name": "PROJECTION",
                                                            "cpu_time": 34.5042400609992,
                                                            "extra_info": {
                                                                "Projections": [
                                                                    "id",
                                                                    "title",
                                                                    "creationdate",
                                                                    "score",
                                                                    "viewcount",
                                                                    "answercount",
                                                                    "commentcount",
                                                                    "id",
                                                                    "displayname",
                                                                    "reputation",
                                                                    "creationdate",
                                                                    "CASE  WHEN ((votetypeid = 2)) THEN (1) ELSE 0 END",
                                                                    "id",
                                                                    "id"
                                                                ],
                                                                "Estimated Cardinality": "12744093"
                                                            },
                                                            "cumulative_cardinality": 3667153397,
                                                            "operator_type": "PROJECTION",
                                                            "operator_cardinality": 1206660448,
                                                            "cumulative_rows_scanned": 27418465,
                                                            "operator_rows_scanned": 0,
                                                            "operator_timing": 4.232805856000164,
                                                            "result_set_size": 96532835840,
                                                            "children": [
                                                                {
                                                                    "operator_name": "PROJECTION",
                                                                    "cpu_time": 30.271434204999036,
                                                                    "extra_info": {
                                                                        "Projections": [
                                                                            "#0",
                                                                            "#1",
                                                                            "#2",
                                                                            "#3",
                                                                            "#4",
                                                                            "#5",
                                                                            "__internal_compress_integral_usmallint(#6, -72)",
                                                                            "#7",
                                                                            "#8",
                                                                            "#9",
                                                                            "__internal_compress_integral_utinyint(#10, 0)",
                                                                            "__internal_compress_integral_utinyint(#11, 0)",
                                                                            "#12",
                                                                            "#13"
                                                                        ],
                                                                        "Estimated Cardinality": "12744093"
                                                                    },
                                                                    "cumulative_cardinality": 2460492949,
                                                                    "operator_type": "PROJECTION",
                                                                    "operator_cardinality": 1206660448,
                                                                    "cumulative_rows_scanned": 27418465,
                                                                    "operator_rows_scanned": 0,
                                                                    "operator_timing": 3.589618977999888,
                                                                    "result_set_size": 94119514944,
                                                                    "children": [
                                                                        {
                                                                            "operator_name": "HASH_JOIN",
                                                                            "cpu_time": 26.68181522699915,
                                                                            "extra_info": {
                                                                                "Join Type": "LEFT",
                                                                                "Conditions": "id = userid",
                                                                                "Estimated Cardinality": "12744093"
                                                                            },
                                                                            "cumulative_cardinality": 1253832501,
                                                                            "operator_type": "HASH_JOIN",
                                                                            "operator_cardinality": 1206660448,
                                                                            "cumulative_rows_scanned": 27418465,
                                                                            "operator_rows_scanned": 0,
                                                                            "operator_timing": 13.830133766999156,
                                                                            "result_set_size": 103772798528,
                                                                            "children": [
                                                                                {
                                                                                    "operator_name": "HASH_JOIN",
                                                                                    "cpu_time": 12.510041881999994,
                                                                                    "extra_info": {
                                                                                        "Join Type": "LEFT",
                                                                                        "Conditions": "id = postid",
                                                                                        "Estimated Cardinality": "12744093"
                                                                                    },
                                                                                    "cumulative_cardinality": 44850329,
                                                                                    "operator_type": "HASH_JOIN",
                                                                                    "operator_cardinality": 16029662,
                                                                                    "cumulative_rows_scanned": 25096741,
                                                                                    "operator_rows_scanned": 0,
                                                                                    "operator_timing": 1.0342943820000052,
                                                                                    "result_set_size": 1314432284,
                                                                                    "children": [
                                                                                        {
                                                                                            "operator_name": "HASH_JOIN",
                                                                                            "cpu_time": 11.255870303999988,
                                                                                            "extra_info": {
                                                                                                "Join Type": "RIGHT",
                                                                                                "Conditions": "postid = id",
                                                                                                "Estimated Cardinality": "12744093"
                                                                                            },
                                                                                            "cumulative_cardinality": 21578845,
                                                                                            "operator_type": "HASH_JOIN",
                                                                                            "operator_cardinality": 4316248,
                                                                                            "cumulative_rows_scanned": 17854919,
                                                                                            "operator_rows_scanned": 0,
                                                                                            "operator_timing": 1.0067632779999973,
                                                                                            "result_set_size": 336667344,
                                                                                            "children": [
                                                                                                {
                                                                                                    "operator_name": "READ_PARQUET ",
                                                                                                    "cpu_time": 1.758406195999995,
                                                                                                    "extra_info": {
                                                                                                        "Function": "READ_PARQUET",
                                                                                                        "Projections": [
                                                                                                            "postid",
                                                                                                            "votetypeid"
                                                                                                        ],
                                                                                                        "Estimated Cardinality": "12744093"
                                                                                                    },
                                                                                                    "cumulative_cardinality": 12744093,
                                                                                                    "operator_type": "TABLE_SCAN",
                                                                                                    "operator_cardinality": 12744093,
                                                                                                    "cumulative_rows_scanned": 12744093,
                                                                                                    "operator_rows_scanned": 12744093,
                                                                                                    "operator_timing": 1.758406195999995,
                                                                                                    "result_set_size": 76464558,
                                                                                                    "children": []
                                                                                                },
                                                                                                {
                                                                                                    "operator_name": "HASH_JOIN",
                                                                                                    "cpu_time": 8.490700829999994,
                                                                                                    "extra_info": {
                                                                                                        "Join Type": "INNER",
                                                                                                        "Conditions": "id = owneruserid",
                                                                                                        "Estimated Cardinality": "770023"
                                                                                                    },
                                                                                                    "cumulative_cardinality": 4518504,
                                                                                                    "operator_type": "HASH_JOIN",
                                                                                                    "operator_cardinality": 1589663,
                                                                                                    "cumulative_rows_scanned": 5110826,
                                                                                                    "operator_rows_scanned": 0,
                                                                                                    "operator_timing": 0.4166551110000005,
                                                                                                    "result_set_size": 120814388,
                                                                                                    "children": [
                                                                                                        {
                                                                                                            "operator_name": "READ_PARQUET ",
                                                                                                            "cpu_time": 1.2493489489999983,
                                                                                                            "extra_info": {
                                                                                                                "Function": "READ_PARQUET",
                                                                                                                "Projections": [
                                                                                                                    "id",
                                                                                                                    "reputation",
                                                                                                                    "creationdate",
                                                                                                                    "displayname"
                                                                                                                ],
                                                                                                                "Filters": "id<=1416539",
                                                                                                                "Estimated Cardinality": "1260710"
                                                                                                            },
                                                                                                            "cumulative_cardinality": 1260677,
                                                                                                            "operator_type": "TABLE_SCAN",
                                                                                                            "operator_cardinality": 1260677,
                                                                                                            "cumulative_rows_scanned": 1260710,
                                                                                                            "operator_rows_scanned": 1260710,
                                                                                                            "operator_timing": 1.2493489489999983,
                                                                                                            "result_set_size": 40341664,
                                                                                                            "children": []
                                                                                                        },
                                                                                                        {
                                                                                                            "operator_name": "READ_PARQUET ",
                                                                                                            "cpu_time": 6.824696769999996,
                                                                                                            "extra_info": {
                                                                                                                "Function": "READ_PARQUET",
                                                                                                                "Projections": [
                                                                                                                    "id",
                                                                                                                    "creationdate",
                                                                                                                    "score",
                                                                                                                    "viewcount",
                                                                                                                    "owneruserid",
                                                                                                                    "title",
                                                                                                                    "answercount",
                                                                                                                    "commentcount"
                                                                                                                ],
                                                                                                                "Filters": "posttypeid=1",
                                                                                                                "Estimated Cardinality": "770023"
                                                                                                            },
                                                                                                            "cumulative_cardinality": 1668164,
                                                                                                            "operator_type": "TABLE_SCAN",
                                                                                                            "operator_cardinality": 1668164,
                                                                                                            "cumulative_rows_scanned": 3850116,
                                                                                                            "operator_rows_scanned": 3850116,
                                                                                                            "operator_timing": 6.824696769999996,
                                                                                                            "result_set_size": 80071872,
                                                                                                            "children": []
                                                                                                        }
                                                                                                    ]
                                                                                                }
                                                                                            ]
                                                                                        },
                                                                                        {
                                                                                            "operator_name": "READ_PARQUET ",
                                                                                            "cpu_time": 0.21987719599999972,
                                                                                            "extra_info": {
                                                                                                "Function": "READ_PARQUET",
                                                                                                "Projections": [
                                                                                                    "id",
                                                                                                    "postid"
                                                                                                ],
                                                                                                "Estimated Cardinality": "7241822"
                                                                                            },
                                                                                            "cumulative_cardinality": 7241822,
                                                                                            "operator_type": "TABLE_SCAN",
                                                                                            "operator_cardinality": 7241822,
                                                                                            "cumulative_rows_scanned": 7241822,
                                                                                            "operator_rows_scanned": 7241822,
                                                                                            "operator_timing": 0.21987719599999972,
                                                                                            "result_set_size": 57934576,
                                                                                            "children": []
                                                                                        }
                                                                                    ]
                                                                                },
                                                                                {
                                                                                    "operator_name": "READ_PARQUET ",
                                                                                    "cpu_time": 0.3416395780000001,
                                                                                    "extra_info": {
                                                                                        "Function": "READ_PARQUET",
                                                                                        "Projections": [
                                                                                            "id",
                                                                                            "userid"
                                                                                        ],
                                                                                        "Estimated Cardinality": "2321724"
                                                                                    },
                                                                                    "cumulative_cardinality": 2321724,
                                                                                    "operator_type": "TABLE_SCAN",
                                                                                    "operator_cardinality": 2321724,
                                                                                    "cumulative_rows_scanned": 2321724,
                                                                                    "operator_rows_scanned": 2321724,
                                                                                    "operator_timing": 0.3416395780000001,
                                                                                    "result_set_size": 18573792,
                                                                                    "children": []
                                                                                }
                                                                            ]
                                                                        }
                                                                    ]
                                                                }
                                                            ]
                                                        }
                                                    ]
                                                }
                                            ]
                                        }
                                    ]
                                }
                            ]
                        }
                    ]
                }
            ]
        }
    ]
}