{
    "rows_returned": 1,
    "query_name": "SELECT \n    COUNT(P.Id) AS TotalPosts,\n    AVG(P.Score) AS AverageScore,\n    COUNT(DISTINCT P.OwnerUserId) AS DistinctUsers\nFROM \n    Posts P\nWHERE \n    P.CreationDate >= cast('2024-10-01 12:34:56' as timestamp) - INTERVAL '1 year';",
    "blocked_thread_time": 0.0,
    "cpu_time": 0.037834700000000006,
    "extra_info": {},
    "cumulative_cardinality": 291085,
    "cumulative_rows_scanned": 3850116,
    "result_set_size": 24,
    "latency": 0.041478182,
    "children": [
        {
            "operator_name": "UNGROUPED_AGGREGATE",
            "cpu_time": 0.037834700000000006,
            "extra_info": {
                "Aggregates": [
                    "count_star()",
                    "avg(#0)",
                    "count(DISTINCT #1)"
                ]
            },
            "cumulative_cardinality": 291085,
            "operator_type": "UNGROUPED_AGGREGATE",
            "operator_cardinality": 1,
            "cumulative_rows_scanned": 3850116,
            "operator_rows_scanned": 0,
            "operator_timing": 0.004474478000000002,
            "result_set_size": 24,
            "children": [
                {
                    "operator_name": "PROJECTION",
                    "cpu_time": 0.033360222,
                    "extra_info": {
                        "Projections": [
                            "score",
                            "owneruserid"
                        ],
                        "Estimated Cardinality": "770023"
                    },
                    "cumulative_cardinality": 291084,
                    "operator_type": "PROJECTION",
                    "operator_cardinality": 145542,
                    "cumulative_rows_scanned": 3850116,
                    "operator_rows_scanned": 0,
                    "operator_timing": 0.000019654,
                    "result_set_size": 1164336,
                    "children": [
                        {
                            "operator_name": "READ_PARQUET ",
                            "cpu_time": 0.033340568,
                            "extra_info": {
                                "Function": "READ_PARQUET",
                                "Projections": [
                                    "id",
                                    "score",
                                    "owneruserid"
                                ],
                                "Filters": "creationdate>='2023-10-01 12:34:56'::TIMESTAMP",
                                "Estimated Cardinality": "770023"
                            },
                            "cumulative_cardinality": 145542,
                            "operator_type": "TABLE_SCAN",
                            "operator_cardinality": 145542,
                            "cumulative_rows_scanned": 3850116,
                            "operator_rows_scanned": 3850116,
                            "operator_timing": 0.033340568,
                            "result_set_size": 1746504,
                            "children": []
                        }
                    ]
                }
            ]
        }
    ]
}