{
    "rows_returned": 10,
    "query_name": "WITH UserBadges AS (\n    SELECT \n        U.Id AS UserId,\n        COUNT(B.Id) AS BadgeCount,\n        SUM(CASE WHEN B.Class = 1 THEN 1 ELSE 0 END) AS GoldBadges,\n        SUM(CASE WHEN B.Class = 2 THEN 1 ELSE 0 END) AS SilverBadges,\n        SUM(CASE WHEN B.Class = 3 THEN 1 ELSE 0 END) AS BronzeBadges\n    FROM \n        Users U \n    LEFT JOIN \n        Badges B ON U.Id = B.UserId\n    GROUP BY \n        U.Id\n),\nPostStatistics AS (\n    SELECT \n        P.OwnerUserId,\n        COUNT(C.Id) AS CommentCount,\n        COALESCE(SUM(P.ViewCount), 0) AS TotalViews,\n        AVG(P.Score) AS AverageScore,\n        SUM(CASE WHEN P.AcceptedAnswerId IS NOT NULL THEN 1 ELSE 0 END) AS AcceptedAnswers\n    FROM \n        Posts P\n    LEFT JOIN \n        Comments C ON P.Id = C.PostId\n    WHERE \n        P.CreationDate >= cast('2024-10-01' as date) - INTERVAL '1 year'\n    GROUP BY \n        P.OwnerUserId\n),\nUserMetrics AS (\n    SELECT \n        U.Id,\n        U.DisplayName,\n        COALESCE(UB.BadgeCount, 0) AS BadgeCount,\n        COALESCE(PS.CommentCount, 0) AS TotalComments,\n        COALESCE(PS.TotalViews, 0) AS TotalViews,\n        COALESCE(PS.AverageScore, 0) AS AverageScore,\n        COALESCE(PS.AcceptedAnswers, 0) AS AcceptedAnswers\n    FROM \n        Users U\n    LEFT JOIN \n        UserBadges UB ON U.Id = UB.UserId\n    LEFT JOIN \n        PostStatistics PS ON U.Id = PS.OwnerUserId\n)\nSELECT \n    U.DisplayName,\n    U.BadgeCount,\n    U.TotalComments,\n    U.TotalViews,\n    U.AverageScore,\n    U.AcceptedAnswers,\n    CASE \n        WHEN U.BadgeCount >= 10 THEN 'Star Contributor'\n        WHEN U.TotalComments > 100 THEN 'Comment King'\n        WHEN U.TotalViews > 1000 THEN 'View Magnet'\n        ELSE 'New Contributor'\n    END AS ContributorLevel\nFROM \n    UserMetrics U\nWHERE \n    U.TotalComments > 0\nORDER BY \n    U.TotalViews DESC\nLIMIT 10;",
    "blocked_thread_time": 0.0,
    "cpu_time": 2.155141137000001,
    "extra_info": {},
    "cumulative_cardinality": 15985929,
    "cumulative_rows_scanned": 15935082,
    "result_set_size": 880,
    "latency": 2.273288959,
    "children": [
        {
            "operator_name": "STREAMING_LIMIT",
            "cpu_time": 2.155141137000001,
            "extra_info": {},
            "cumulative_cardinality": 15985929,
            "operator_type": "STREAMING_LIMIT",
            "operator_cardinality": 10,
            "cumulative_rows_scanned": 15935082,
            "operator_rows_scanned": 0,
            "operator_timing": 0.000001553,
            "result_set_size": 880,
            "children": [
                {
                    "operator_name": "ORDER_BY",
                    "cpu_time": 2.155139584000001,
                    "extra_info": {
                        "Order By": "U.TotalViews DESC"
                    },
                    "cumulative_cardinality": 15985919,
                    "operator_type": "ORDER_BY",
                    "operator_cardinality": 4096,
                    "cumulative_rows_scanned": 15935082,
                    "operator_rows_scanned": 0,
                    "operator_timing": 0.0026739399999999988,
                    "result_set_size": 360448,
                    "children": [
                        {
                            "operator_name": "PROJECTION",
                            "cpu_time": 2.1524656440000007,
                            "extra_info": {
                                "Projections": [
                                    "displayname",
                                    "BadgeCount",
                                    "TotalComments",
                                    "TotalViews",
                                    "AverageScore",
                                    "AcceptedAnswers",
                                    "ContributorLevel"
                                ],
                                "Estimated Cardinality": "770023"
                            },
                            "cumulative_cardinality": 15981823,
                            "operator_type": "PROJECTION",
                            "operator_cardinality": 25006,
                            "cumulative_rows_scanned": 15935082,
                            "operator_rows_scanned": 0,
                            "operator_timing": 0.0008825520000000004,
                            "result_set_size": 2200528,
                            "children": [
                                {
                                    "operator_name": "PROJECTION",
                                    "cpu_time": 2.1515830920000005,
                                    "extra_info": {
                                        "Projections": [
                                            "displayname",
                                            "BadgeCount",
                                            "TotalComments",
                                            "TotalViews",
                                            "AverageScore",
                                            "AcceptedAnswers"
                                        ],
                                        "Estimated Cardinality": "770023"
                                    },
                                    "cumulative_cardinality": 15956817,
                                    "operator_type": "PROJECTION",
                                    "operator_cardinality": 25006,
                                    "cumulative_rows_scanned": 15935082,
                                    "operator_rows_scanned": 0,
                                    "operator_timing": 0.003775343,
                                    "result_set_size": 1800432,
                                    "children": [
                                        {
                                            "operator_name": "HASH_JOIN",
                                            "cpu_time": 2.1478077490000005,
                                            "extra_info": {
                                                "Join Type": "INNER",
                                                "Conditions": "id = owneruserid",
                                                "Estimated Cardinality": "770023"
                                            },
                                            "cumulative_cardinality": 15931811,
                                            "operator_type": "HASH_JOIN",
                                            "operator_cardinality": 25006,
                                            "cumulative_rows_scanned": 15935082,
                                            "operator_rows_scanned": 0,
                                            "operator_timing": 0.035544600000000016,
                                            "result_set_size": 1800432,
                                            "children": [
                                                {
                                                    "operator_name": "FILTER",
                                                    "cpu_time": 1.6608291230000003,
                                                    "extra_info": {
                                                        "Expression": "(id <= 1416539)",
                                                        "Estimated Cardinality": "1260710"
                                                    },
                                                    "cumulative_cardinality": 14691761,
                                                    "operator_type": "FILTER",
                                                    "operator_cardinality": 1260597,
                                                    "cumulative_rows_scanned": 4843144,
                                                    "operator_rows_scanned": 0,
                                                    "operator_timing": 0.0035611029999999995,
                                                    "result_set_size": 35296716,
                                                    "children": [
                                                        {
                                                            "operator_name": "HASH_JOIN",
                                                            "cpu_time": 1.6572680200000003,
                                                            "extra_info": {
                                                                "Join Type": "LEFT",
                                                                "Conditions": "id = UserId",
                                                                "Estimated Cardinality": "1260710"
                                                            },
                                                            "cumulative_cardinality": 13431164,
                                                            "operator_type": "HASH_JOIN",
                                                            "operator_cardinality": 1260597,
                                                            "cumulative_rows_scanned": 4843144,
                                                            "operator_rows_scanned": 0,
                                                            "operator_timing": 0.135537339,
                                                            "result_set_size": 35296716,
                                                            "children": [
                                                                {
                                                                    "operator_name": "READ_PARQUET ",
                                                                    "cpu_time": 0.2407747279999999,
                                                                    "extra_info": {
                                                                        "Function": "READ_PARQUET",
                                                                        "Projections": [
                                                                            "id",
                                                                            "displayname"
                                                                        ],
                                                                        "Estimated Cardinality": "1260710"
                                                                    },
                                                                    "cumulative_cardinality": 1260597,
                                                                    "operator_type": "TABLE_SCAN",
                                                                    "operator_cardinality": 1260597,
                                                                    "cumulative_rows_scanned": 1260710,
                                                                    "operator_rows_scanned": 1260710,
                                                                    "operator_timing": 0.2407747279999999,
                                                                    "result_set_size": 25211940,
                                                                    "children": []
                                                                },
                                                                {
                                                                    "operator_name": "HASH_GROUP_BY",
                                                                    "cpu_time": 1.2809559530000003,
                                                                    "extra_info": {
                                                                        "Groups": "#0",
                                                                        "Aggregates": "count(#1)",
                                                                        "Estimated Cardinality": "1260710"
                                                                    },
                                                                    "cumulative_cardinality": 10909970,
                                                                    "operator_type": "HASH_GROUP_BY",
                                                                    "operator_cardinality": 1260710,
                                                                    "cumulative_rows_scanned": 3582434,
                                                                    "operator_rows_scanned": 0,
                                                                    "operator_timing": 0.2277666559999999,
                                                                    "result_set_size": 15128520,
                                                                    "children": [
                                                                        {
                                                                            "operator_name": "PROJECTION",
                                                                            "cpu_time": 1.0531892970000003,
                                                                            "extra_info": {
                                                                                "Projections": [
                                                                                    "id",
                                                                                    "id"
                                                                                ],
                                                                                "Estimated Cardinality": "2321724"
                                                                            },
                                                                            "cumulative_cardinality": 9649260,
                                                                            "operator_type": "PROJECTION",
                                                                            "operator_cardinality": 3033413,
                                                                            "cumulative_rows_scanned": 3582434,
                                                                            "operator_rows_scanned": 0,
                                                                            "operator_timing": 0.0005630129999999997,
                                                                            "result_set_size": 24267304,
                                                                            "children": [
                                                                                {
                                                                                    "operator_name": "HASH_JOIN",
                                                                                    "cpu_time": 1.0526262840000002,
                                                                                    "extra_info": {
                                                                                        "Join Type": "RIGHT",
                                                                                        "Conditions": "userid = id",
                                                                                        "Estimated Cardinality": "2321724"
                                                                                    },
                                                                                    "cumulative_cardinality": 6615847,
                                                                                    "operator_type": "HASH_JOIN",
                                                                                    "operator_cardinality": 3033413,
                                                                                    "cumulative_rows_scanned": 3582434,
                                                                                    "operator_rows_scanned": 0,
                                                                                    "operator_timing": 0.21948866600000003,
                                                                                    "result_set_size": 24267304,
                                                                                    "children": [
                                                                                        {
                                                                                            "operator_name": "READ_PARQUET ",
                                                                                            "cpu_time": 0.7682958380000002,
                                                                                            "extra_info": {
                                                                                                "Function": "READ_PARQUET",
                                                                                                "Projections": [
                                                                                                    "id",
                                                                                                    "userid"
                                                                                                ],
                                                                                                "Estimated Cardinality": "2321724"
                                                                                            },
                                                                                            "cumulative_cardinality": 2321724,
                                                                                            "operator_type": "TABLE_SCAN",
                                                                                            "operator_cardinality": 2321724,
                                                                                            "cumulative_rows_scanned": 2321724,
                                                                                            "operator_rows_scanned": 2321724,
                                                                                            "operator_timing": 0.7682958380000002,
                                                                                            "result_set_size": 18573792,
                                                                                            "children": []
                                                                                        },
                                                                                        {
                                                                                            "operator_name": "READ_PARQUET ",
                                                                                            "cpu_time": 0.06484177999999999,
                                                                                            "extra_info": {
                                                                                                "Function": "READ_PARQUET",
                                                                                                "Projections": "id",
                                                                                                "Estimated Cardinality": "1260710"
                                                                                            },
                                                                                            "cumulative_cardinality": 1260710,
                                                                                            "operator_type": "TABLE_SCAN",
                                                                                            "operator_cardinality": 1260710,
                                                                                            "cumulative_rows_scanned": 1260710,
                                                                                            "operator_rows_scanned": 1260710,
                                                                                            "operator_timing": 0.06484177999999999,
                                                                                            "result_set_size": 5042840,
                                                                                            "children": []
                                                                                        }
                                                                                    ]
                                                                                }
                                                                            ]
                                                                        }
                                                                    ]
                                                                }
                                                            ]
                                                        }
                                                    ]
                                                },
                                                {
                                                    "operator_name": "PROJECTION",
                                                    "cpu_time": 0.4514340260000001,
                                                    "extra_info": {
                                                        "Projections": [
                                                            "owneruserid",
                                                            "CommentCount",
                                                            "TotalViews",
                                                            "AverageScore",
                                                            "AcceptedAnswers"
                                                        ],
                                                        "Estimated Cardinality": "770023"
                                                    },
                                                    "cumulative_cardinality": 1215044,
                                                    "operator_type": "PROJECTION",
                                                    "operator_cardinality": 25007,
                                                    "cumulative_rows_scanned": 11091938,
                                                    "operator_rows_scanned": 0,
                                                    "operator_timing": 0.00028449099999999994,
                                                    "result_set_size": 1300364,
                                                    "children": [
                                                        {
                                                            "operator_name": "FILTER",
                                                            "cpu_time": 0.4511495350000001,
                                                            "extra_info": {
                                                                "Expression": "(COALESCE(CommentCount, 0) > 0)",
                                                                "Estimated Cardinality": "770023"
                                                            },
                                                            "cumulative_cardinality": 1190037,
                                                            "operator_type": "FILTER",
                                                            "operator_cardinality": 25007,
                                                            "cumulative_rows_scanned": 11091938,
                                                            "operator_rows_scanned": 0,
                                                            "operator_timing": 0.000472543,
                                                            "result_set_size": 1300364,
                                                            "children": [
                                                                {
                                                                    "operator_name": "HASH_GROUP_BY",
                                                                    "cpu_time": 0.4506769920000001,
                                                                    "extra_info": {
                                                                        "Groups": "#0",
                                                                        "Aggregates": [
                                                                            "count(#1)",
                                                                            "sum(#2)",
                                                                            "avg(#3)",
                                                                            "sum(#4)"
                                                                        ],
                                                                        "Estimated Cardinality": "3850116"
                                                                    },
                                                                    "cumulative_cardinality": 1165030,
                                                                    "operator_type": "HASH_GROUP_BY",
                                                                    "operator_cardinality": 32477,
                                                                    "cumulative_rows_scanned": 11091938,
                                                                    "operator_rows_scanned": 0,
                                                                    "operator_timing": 0.021103121,
                                                                    "result_set_size": 1688804,
                                                                    "children": [
                                                                        {
                                                                            "operator_name": "PROJECTION",
                                                                            "cpu_time": 0.4295738710000001,
                                                                            "extra_info": {
                                                                                "Projections": [
                                                                                    "owneruserid",
                                                                                    "id",
                                                                                    "viewcount",
                                                                                    "score",
                                                                                    "CASE  WHEN ((acceptedanswerid IS NOT NULL)) THEN (1) ELSE 0 END"
                                                                                ],
                                                                                "Estimated Cardinality": "7241822"
                                                                            },
                                                                            "cumulative_cardinality": 1132553,
                                                                            "operator_type": "PROJECTION",
                                                                            "operator_cardinality": 349684,
                                                                            "cumulative_rows_scanned": 11091938,
                                                                            "operator_rows_scanned": 0,
                                                                            "operator_timing": 0.0020152289999999995,
                                                                            "result_set_size": 6993680,
                                                                            "children": [
                                                                                {
                                                                                    "operator_name": "HASH_JOIN",
                                                                                    "cpu_time": 0.4275586420000001,
                                                                                    "extra_info": {
                                                                                        "Join Type": "RIGHT",
                                                                                        "Conditions": "postid = id",
                                                                                        "Estimated Cardinality": "7241822"
                                                                                    },
                                                                                    "cumulative_cardinality": 782869,
                                                                                    "operator_type": "HASH_JOIN",
                                                                                    "operator_cardinality": 349684,
                                                                                    "cumulative_rows_scanned": 11091938,
                                                                                    "operator_rows_scanned": 0,
                                                                                    "operator_timing": 0.025642311000000015,
                                                                                    "result_set_size": 6993680,
                                                                                    "children": [
                                                                                        {
                                                                                            "operator_name": "READ_PARQUET ",
                                                                                            "cpu_time": 0.020301464999999994,
                                                                                            "extra_info": {
                                                                                                "Function": "READ_PARQUET",
                                                                                                "Projections": [
                                                                                                    "id",
                                                                                                    "postid"
                                                                                                ],
                                                                                                "Estimated Cardinality": "7241822"
                                                                                            },
                                                                                            "cumulative_cardinality": 287464,
                                                                                            "operator_type": "TABLE_SCAN",
                                                                                            "operator_cardinality": 287464,
                                                                                            "cumulative_rows_scanned": 7241822,
                                                                                            "operator_rows_scanned": 7241822,
                                                                                            "operator_timing": 0.020301464999999994,
                                                                                            "result_set_size": 2299712,
                                                                                            "children": []
                                                                                        },
                                                                                        {
                                                                                            "operator_name": "READ_PARQUET ",
                                                                                            "cpu_time": 0.3816148660000001,
                                                                                            "extra_info": {
                                                                                                "Function": "READ_PARQUET",
                                                                                                "Projections": [
                                                                                                    "id",
                                                                                                    "acceptedanswerid",
                                                                                                    "score",
                                                                                                    "viewcount",
                                                                                                    "owneruserid"
                                                                                                ],
                                                                                                "Filters": "creationdate>='2023-10-01 00:00:00'::TIMESTAMP",
                                                                                                "Estimated Cardinality": "770023"
                                                                                            },
                                                                                            "cumulative_cardinality": 145721,
                                                                                            "operator_type": "TABLE_SCAN",
                                                                                            "operator_cardinality": 145721,
                                                                                            "cumulative_rows_scanned": 3850116,
                                                                                            "operator_rows_scanned": 3850116,
                                                                                            "operator_timing": 0.3816148660000001,
                                                                                            "result_set_size": 2914420,
                                                                                            "children": []
                                                                                        }
                                                                                    ]
                                                                                }
                                                                            ]
                                                                        }
                                                                    ]
                                                                }
                                                            ]
                                                        }
                                                    ]
                                                }
                                            ]
                                        }
                                    ]
                                }
                            ]
                        }
                    ]
                }
            ]
        }
    ]
}