{
    "rows_returned": 145542,
    "query_name": "\nWITH PostStats AS (\n    SELECT\n        P.Id AS PostId,\n        P.Score,\n        P.ViewCount,\n        P.AnswerCount,\n        P.CommentCount,\n        P.FavoriteCount,\n        COUNT(CASE WHEN V.VoteTypeId = 2 THEN 1 END) AS UpVotes,\n        COUNT(CASE WHEN V.VoteTypeId = 3 THEN 1 END) AS DownVotes,\n        P.CreationDate,\n        U.Reputation AS OwnerReputation\n    FROM\n        Posts P\n    LEFT JOIN Votes V ON P.Id = V.PostId\n    LEFT JOIN Users U ON P.OwnerUserId = U.Id\n    WHERE\n        P.CreationDate >= TIMESTAMP '2024-10-01 12:34:56' - INTERVAL '1 year' \n    GROUP BY\n        P.Id, P.Score, P.ViewCount, P.AnswerCount, P.CommentCount, P.FavoriteCount, P.CreationDate, U.Reputation\n),\nPostHistoryStats AS (\n    SELECT\n        PH.PostId,\n        COUNT(*) AS EditCount,\n        COUNT(CASE WHEN PH.PostHistoryTypeId IN (10, 11) THEN 1 END) AS CloseCount,\n        COUNT(CASE WHEN PH.PostHistoryTypeId IN (12, 13) THEN 1 END) AS DeletionCount\n    FROM\n        PostHistory PH\n    GROUP BY\n        PH.PostId\n)\n\nSELECT\n    PS.PostId,\n    PS.Score,\n    PS.ViewCount,\n    PS.AnswerCount,\n    PS.CommentCount,\n    PS.FavoriteCount,\n    PS.UpVotes,\n    PS.DownVotes,\n    PS.CreationDate,\n    PS.OwnerReputation,\n    COALESCE(PHS.EditCount, 0) AS EditCount,\n    COALESCE(PHS.CloseCount, 0) AS CloseCount,\n    COALESCE(PHS.DeletionCount, 0) AS DeletionCount\nFROM\n    PostStats PS\nLEFT JOIN PostHistoryStats PHS ON PS.PostId = PHS.PostId\nORDER BY\n    PS.Score DESC,\n    PS.ViewCount DESC;\n",
    "blocked_thread_time": 0.0,
    "cpu_time": 1.2249779029999994,
    "extra_info": {},
    "cumulative_cardinality": 32103678,
    "cumulative_rows_scanned": 29650163,
    "result_set_size": 11061192,
    "latency": 1.489640886,
    "children": [
        {
            "operator_name": "PROJECTION",
            "cpu_time": 1.2249779029999994,
            "extra_info": {
                "Projections": [
                    "#0",
                    "__internal_decompress_integral_integer(#1, -72)",
                    "#2",
                    "__internal_decompress_integral_integer(#3, 0)",
                    "__internal_decompress_integral_integer(#4, 0)",
                    "#5",
                    "#6",
                    "#7",
                    "#8",
                    "#9",
                    "#10",
                    "#11",
                    "#12"
                ],
                "Estimated Cardinality": "5897622"
            },
            "cumulative_cardinality": 32103678,
            "operator_type": "PROJECTION",
            "operator_cardinality": 145542,
            "cumulative_rows_scanned": 29650163,
            "operator_rows_scanned": 0,
            "operator_timing": 0.00013827099999999995,
            "result_set_size": 11061192,
            "children": [
                {
                    "operator_name": "ORDER_BY",
                    "cpu_time": 1.2248396319999995,
                    "extra_info": {
                        "Order By": [
                            "PS.Score DESC",
                            "PS.ViewCount DESC"
                        ]
                    },
                    "cumulative_cardinality": 31958136,
                    "operator_type": "ORDER_BY",
                    "operator_cardinality": 145542,
                    "cumulative_rows_scanned": 29650163,
                    "operator_rows_scanned": 0,
                    "operator_timing": 0.009342519,
                    "result_set_size": 9896856,
                    "children": [
                        {
                            "operator_name": "PROJECTION",
                            "cpu_time": 1.2154971129999994,
                            "extra_info": {
                                "Projections": [
                                    "#0",
                                    "__internal_compress_integral_usmallint(#1, -72)",
                                    "#2",
                                    "__internal_compress_integral_utinyint(#3, 0)",
                                    "__internal_compress_integral_utinyint(#4, 0)",
                                    "#5",
                                    "#6",
                                    "#7",
                                    "#8",
                                    "#9",
                                    "#10",
                                    "#11",
                                    "#12"
                                ],
                                "Estimated Cardinality": "5897622"
                            },
                            "cumulative_cardinality": 31812594,
                            "operator_type": "PROJECTION",
                            "operator_cardinality": 145542,
                            "cumulative_rows_scanned": 29650163,
                            "operator_rows_scanned": 0,
                            "operator_timing": 0.0006197289999999999,
                            "result_set_size": 9896856,
                            "children": [
                                {
                                    "operator_name": "PROJECTION",
                                    "cpu_time": 1.2148773839999993,
                                    "extra_info": {
                                        "Projections": [
                                            "PostId",
                                            "score",
                                            "viewcount",
                                            "answercount",
                                            "commentcount",
                                            "favoritecount",
                                            "UpVotes",
                                            "DownVotes",
                                            "creationdate",
                                            "OwnerReputation",
                                            "EditCount",
                                            "CloseCount",
                                            "DeletionCount"
                                        ],
                                        "Estimated Cardinality": "5897622"
                                    },
                                    "cumulative_cardinality": 31667052,
                                    "operator_type": "PROJECTION",
                                    "operator_cardinality": 145542,
                                    "cumulative_rows_scanned": 29650163,
                                    "operator_rows_scanned": 0,
                                    "operator_timing": 0.0030308770000000004,
                                    "result_set_size": 11061192,
                                    "children": [
                                        {
                                            "operator_name": "PROJECTION",
                                            "cpu_time": 1.2118465069999993,
                                            "extra_info": {
                                                "Projections": [
                                                    "#0",
                                                    "#1",
                                                    "#2",
                                                    "#3",
                                                    "__internal_decompress_integral_integer(#4, -72)",
                                                    "#5",
                                                    "__internal_decompress_integral_integer(#6, 0)",
                                                    "__internal_decompress_integral_integer(#7, 0)",
                                                    "#8",
                                                    "#9",
                                                    "#10",
                                                    "#11",
                                                    "#12"
                                                ],
                                                "Estimated Cardinality": "5897622"
                                            },
                                            "cumulative_cardinality": 31521510,
                                            "operator_type": "PROJECTION",
                                            "operator_cardinality": 145542,
                                            "cumulative_rows_scanned": 29650163,
                                            "operator_rows_scanned": 0,
                                            "operator_timing": 0.0006231120000000001,
                                            "result_set_size": 11061192,
                                            "children": [
                                                {
                                                    "operator_name": "HASH_JOIN",
                                                    "cpu_time": 1.2112233949999993,
                                                    "extra_info": {
                                                        "Join Type": "RIGHT",
                                                        "Conditions": "postid = PostId",
                                                        "Estimated Cardinality": "5897622"
                                                    },
                                                    "cumulative_cardinality": 31375968,
                                                    "operator_type": "HASH_JOIN",
                                                    "operator_cardinality": 145542,
                                                    "cumulative_rows_scanned": 29650163,
                                                    "operator_rows_scanned": 0,
                                                    "operator_timing": 0.047983142,
                                                    "result_set_size": 9896856,
                                                    "children": [
                                                        {
                                                            "operator_name": "HASH_GROUP_BY",
                                                            "cpu_time": 0.9571965859999991,
                                                            "extra_info": {
                                                                "Groups": "#0",
                                                                "Aggregates": [
                                                                    "count_star()",
                                                                    "count(#1)",
                                                                    "count(#2)"
                                                                ],
                                                                "Estimated Cardinality": "5897622"
                                                            },
                                                            "cumulative_cardinality": 27440604,
                                                            "operator_type": "HASH_GROUP_BY",
                                                            "operator_cardinality": 3850116,
                                                            "cumulative_rows_scanned": 11795244,
                                                            "operator_rows_scanned": 0,
                                                            "operator_timing": 0.6141894869999993,
                                                            "result_set_size": 107803248,
                                                            "children": [
                                                                {
                                                                    "operator_name": "PROJECTION",
                                                                    "cpu_time": 0.3430070989999998,
                                                                    "extra_info": {
                                                                        "Projections": [
                                                                            "postid",
                                                                            "CASE  WHEN ((posthistorytypeid IN (10, 11))) THEN (1) ELSE NULL END",
                                                                            "CASE  WHEN ((posthistorytypeid IN (12, 13))) THEN (1) ELSE NULL END"
                                                                        ],
                                                                        "Estimated Cardinality": "11795244"
                                                                    },
                                                                    "cumulative_cardinality": 23590488,
                                                                    "operator_type": "PROJECTION",
                                                                    "operator_cardinality": 11795244,
                                                                    "cumulative_rows_scanned": 11795244,
                                                                    "operator_rows_scanned": 0,
                                                                    "operator_timing": 0.21881739799999994,
                                                                    "result_set_size": 141542928,
                                                                    "children": [
                                                                        {
                                                                            "operator_name": "READ_PARQUET ",
                                                                            "cpu_time": 0.12418970099999987,
                                                                            "extra_info": {
                                                                                "Function": "READ_PARQUET",
                                                                                "Projections": [
                                                                                    "posthistorytypeid",
                                                                                    "postid"
                                                                                ],
                                                                                "Estimated Cardinality": "11795244"
                                                                            },
                                                                            "cumulative_cardinality": 11795244,
                                                                            "operator_type": "TABLE_SCAN",
                                                                            "operator_cardinality": 11795244,
                                                                            "cumulative_rows_scanned": 11795244,
                                                                            "operator_rows_scanned": 11795244,
                                                                            "operator_timing": 0.12418970099999987,
                                                                            "result_set_size": 70771464,
                                                                            "children": []
                                                                        }
                                                                    ]
                                                                }
                                                            ]
                                                        },
                                                        {
                                                            "operator_name": "PROJECTION",
                                                            "cpu_time": 0.2060436670000001,
                                                            "extra_info": {
                                                                "Projections": [
                                                                    "#0",
                                                                    "__internal_compress_integral_usmallint(#1, -72)",
                                                                    "#2",
                                                                    "__internal_compress_integral_utinyint(#3, 0)",
                                                                    "__internal_compress_integral_utinyint(#4, 0)",
                                                                    "#5",
                                                                    "#6",
                                                                    "#7",
                                                                    "#8",
                                                                    "#9"
                                                                ],
                                                                "Estimated Cardinality": "3850116"
                                                            },
                                                            "cumulative_cardinality": 3789822,
                                                            "operator_type": "PROJECTION",
                                                            "operator_cardinality": 145542,
                                                            "cumulative_rows_scanned": 17854919,
                                                            "operator_rows_scanned": 0,
                                                            "operator_timing": 0.000545599,
                                                            "result_set_size": 6403848,
                                                            "children": [
                                                                {
                                                                    "operator_name": "PROJECTION",
                                                                    "cpu_time": 0.2054980680000001,
                                                                    "extra_info": {
                                                                        "Projections": [
                                                                            "PostId",
                                                                            "score",
                                                                            "viewcount",
                                                                            "answercount",
                                                                            "commentcount",
                                                                            "favoritecount",
                                                                            "UpVotes",
                                                                            "DownVotes",
                                                                            "creationdate",
                                                                            "OwnerReputation"
                                                                        ],
                                                                        "Estimated Cardinality": "3850116"
                                                                    },
                                                                    "cumulative_cardinality": 3644280,
                                                                    "operator_type": "PROJECTION",
                                                                    "operator_cardinality": 145542,
                                                                    "cumulative_rows_scanned": 17854919,
                                                                    "operator_rows_scanned": 0,
                                                                    "operator_timing": 0.00003234700000000001,
                                                                    "result_set_size": 7568184,
                                                                    "children": [
                                                                        {
                                                                            "operator_name": "PROJECTION",
                                                                            "cpu_time": 0.2054657210000001,
                                                                            "extra_info": {
                                                                                "Projections": [
                                                                                    "#0",
                                                                                    "__internal_decompress_integral_integer(#1, -72)",
                                                                                    "#2",
                                                                                    "__internal_decompress_integral_integer(#3, 0)",
                                                                                    "__internal_decompress_integral_integer(#4, 0)",
                                                                                    "#5",
                                                                                    "#6",
                                                                                    "#7",
                                                                                    "#8",
                                                                                    "#9"
                                                                                ],
                                                                                "Estimated Cardinality": "3850116"
                                                                            },
                                                                            "cumulative_cardinality": 3498738,
                                                                            "operator_type": "PROJECTION",
                                                                            "operator_cardinality": 145542,
                                                                            "cumulative_rows_scanned": 17854919,
                                                                            "operator_rows_scanned": 0,
                                                                            "operator_timing": 0.0005396599999999999,
                                                                            "result_set_size": 7568184,
                                                                            "children": [
                                                                                {
                                                                                    "operator_name": "HASH_GROUP_BY",
                                                                                    "cpu_time": 0.2049260610000001,
                                                                                    "extra_info": {
                                                                                        "Groups": [
                                                                                            "#0",
                                                                                            "#1",
                                                                                            "#2",
                                                                                            "#3",
                                                                                            "#4",
                                                                                            "#5",
                                                                                            "#6",
                                                                                            "#7"
                                                                                        ],
                                                                                        "Aggregates": [
                                                                                            "count(#8)",
                                                                                            "count(#9)"
                                                                                        ],
                                                                                        "Estimated Cardinality": "3850116"
                                                                                    },
                                                                                    "cumulative_cardinality": 3353196,
                                                                                    "operator_type": "HASH_GROUP_BY",
                                                                                    "operator_cardinality": 145542,
                                                                                    "cumulative_rows_scanned": 17854919,
                                                                                    "operator_rows_scanned": 0,
                                                                                    "operator_timing": 0.042561241000000014,
                                                                                    "result_set_size": 6403848,
                                                                                    "children": [
                                                                                        {
                                                                                            "operator_name": "PROJECTION",
                                                                                            "cpu_time": 0.16236482000000008,
                                                                                            "extra_info": {
                                                                                                "Projections": [
                                                                                                    "id",
                                                                                                    "score",
                                                                                                    "viewcount",
                                                                                                    "answercount",
                                                                                                    "commentcount",
                                                                                                    "favoritecount",
                                                                                                    "creationdate",
                                                                                                    "reputation",
                                                                                                    "CASE  WHEN ((votetypeid = 2)) THEN (1) ELSE NULL END",
                                                                                                    "CASE  WHEN ((votetypeid = 3)) THEN (1) ELSE NULL END"
                                                                                                ],
                                                                                                "Estimated Cardinality": "12744093"
                                                                                            },
                                                                                            "cumulative_cardinality": 3207654,
                                                                                            "operator_type": "PROJECTION",
                                                                                            "operator_cardinality": 339719,
                                                                                            "cumulative_rows_scanned": 17854919,
                                                                                            "operator_rows_scanned": 0,
                                                                                            "operator_timing": 0.003262184999999999,
                                                                                            "result_set_size": 12229884,
                                                                                            "children": [
                                                                                                {
                                                                                                    "operator_name": "PROJECTION",
                                                                                                    "cpu_time": 0.15910263500000008,
                                                                                                    "extra_info": {
                                                                                                        "Projections": [
                                                                                                            "#1",
                                                                                                            "#2",
                                                                                                            "__internal_compress_integral_usmallint(#3, -72)",
                                                                                                            "#4",
                                                                                                            "__internal_compress_integral_utinyint(#5, 0)",
                                                                                                            "__internal_compress_integral_utinyint(#6, 0)",
                                                                                                            "#7",
                                                                                                            "#0",
                                                                                                            "#8"
                                                                                                        ],
                                                                                                        "Estimated Cardinality": "12744093"
                                                                                                    },
                                                                                                    "cumulative_cardinality": 2867935,
                                                                                                    "operator_type": "PROJECTION",
                                                                                                    "operator_cardinality": 339719,
                                                                                                    "cumulative_rows_scanned": 17854919,
                                                                                                    "operator_rows_scanned": 0,
                                                                                                    "operator_timing": 0.002311887000000001,
                                                                                                    "result_set_size": 10191570,
                                                                                                    "children": [
                                                                                                        {
                                                                                                            "operator_name": "HASH_JOIN",
                                                                                                            "cpu_time": 0.15679074800000006,
                                                                                                            "extra_info": {
                                                                                                                "Join Type": "LEFT",
                                                                                                                "Conditions": "owneruserid = id",
                                                                                                                "Estimated Cardinality": "12744093"
                                                                                                            },
                                                                                                            "cumulative_cardinality": 2528216,
                                                                                                            "operator_type": "HASH_JOIN",
                                                                                                            "operator_cardinality": 339719,
                                                                                                            "cumulative_rows_scanned": 17854919,
                                                                                                            "operator_rows_scanned": 0,
                                                                                                            "operator_timing": 0.06136227800000005,
                                                                                                            "result_set_size": 12909322,
                                                                                                            "children": [
                                                                                                                {
                                                                                                                    "operator_name": "HASH_JOIN",
                                                                                                                    "cpu_time": 0.08165692500000002,
                                                                                                                    "extra_info": {
                                                                                                                        "Join Type": "RIGHT",
                                                                                                                        "Conditions": "postid = id",
                                                                                                                        "Estimated Cardinality": "12744093"
                                                                                                                    },
                                                                                                                    "cumulative_cardinality": 927787,
                                                                                                                    "operator_type": "HASH_JOIN",
                                                                                                                    "operator_cardinality": 339719,
                                                                                                                    "cumulative_rows_scanned": 16594209,
                                                                                                                    "operator_rows_scanned": 0,
                                                                                                                    "operator_timing": 0.025614749000000023,
                                                                                                                    "result_set_size": 12909322,
                                                                                                                    "children": [
                                                                                                                        {
                                                                                                                            "operator_name": "READ_PARQUET ",
                                                                                                                            "cpu_time": 0.01837395599999998,
                                                                                                                            "extra_info": {
                                                                                                                                "Function": "READ_PARQUET",
                                                                                                                                "Projections": [
                                                                                                                                    "postid",
                                                                                                                                    "votetypeid"
                                                                                                                                ],
                                                                                                                                "Estimated Cardinality": "12744093"
                                                                                                                            },
                                                                                                                            "cumulative_cardinality": 442526,
                                                                                                                            "operator_type": "TABLE_SCAN",
                                                                                                                            "operator_cardinality": 442526,
                                                                                                                            "cumulative_rows_scanned": 12744093,
                                                                                                                            "operator_rows_scanned": 12744093,
                                                                                                                            "operator_timing": 0.01837395599999998,
                                                                                                                            "result_set_size": 2655156,
                                                                                                                            "children": []
                                                                                                                        },
                                                                                                                        {
                                                                                                                            "operator_name": "READ_PARQUET ",
                                                                                                                            "cpu_time": 0.03766822000000001,
                                                                                                                            "extra_info": {
                                                                                                                                "Function": "READ_PARQUET",
                                                                                                                                "Projections": [
                                                                                                                                    "id",
                                                                                                                                    "creationdate",
                                                                                                                                    "score",
                                                                                                                                    "viewcount",
                                                                                                                                    "owneruserid",
                                                                                                                                    "answercount",
                                                                                                                                    "commentcount",
                                                                                                                                    "favoritecount"
                                                                                                                                ],
                                                                                                                                "Filters": "creationdate>='2023-10-01 12:34:56'::TIMESTAMP",
                                                                                                                                "Estimated Cardinality": "770023"
                                                                                                                            },
                                                                                                                            "cumulative_cardinality": 145542,
                                                                                                                            "operator_type": "TABLE_SCAN",
                                                                                                                            "operator_cardinality": 145542,
                                                                                                                            "cumulative_rows_scanned": 3850116,
                                                                                                                            "operator_rows_scanned": 3850116,
                                                                                                                            "operator_timing": 0.03766822000000001,
                                                                                                                            "result_set_size": 5239512,
                                                                                                                            "children": []
                                                                                                                        }
                                                                                                                    ]
                                                                                                                },
                                                                                                                {
                                                                                                                    "operator_name": "READ_PARQUET ",
                                                                                                                    "cpu_time": 0.013771545000000003,
                                                                                                                    "extra_info": {
                                                                                                                        "Function": "READ_PARQUET",
                                                                                                                        "Projections": [
                                                                                                                            "id",
                                                                                                                            "reputation"
                                                                                                                        ],
                                                                                                                        "Estimated Cardinality": "1260710"
                                                                                                                    },
                                                                                                                    "cumulative_cardinality": 1260710,
                                                                                                                    "operator_type": "TABLE_SCAN",
                                                                                                                    "operator_cardinality": 1260710,
                                                                                                                    "cumulative_rows_scanned": 1260710,
                                                                                                                    "operator_rows_scanned": 1260710,
                                                                                                                    "operator_timing": 0.013771545000000003,
                                                                                                                    "result_set_size": 10085680,
                                                                                                                    "children": []
                                                                                                                }
                                                                                                            ]
                                                                                                        }
                                                                                                    ]
                                                                                                }
                                                                                            ]
                                                                                        }
                                                                                    ]
                                                                                }
                                                                            ]
                                                                        }
                                                                    ]
                                                                }
                                                            ]
                                                        }
                                                    ]
                                                }
                                            ]
                                        }
                                    ]
                                }
                            ]
                        }
                    ]
                }
            ]
        }
    ]
}