{
    "rows_returned": 7,
    "query_name": "\nWITH PostCounts AS (\n    SELECT \n        pt.Name AS PostType,\n        COUNT(p.Id) AS TotalPosts,\n        COUNT(DISTINCT v.UserId) AS TotalVotes,\n        COUNT(DISTINCT u.Id) AS TotalUsers\n    FROM \n        Posts p\n    JOIN \n        PostTypes pt ON p.PostTypeId = pt.Id\n    LEFT JOIN \n        Votes v ON p.Id = v.PostId\n    LEFT JOIN \n        Users u ON p.OwnerUserId = u.Id\n    GROUP BY \n        pt.Name\n)\n\nSELECT \n    PostType,\n    TotalPosts,\n    TotalVotes,\n    TotalUsers,\n    TotalVotes * 1.0 / NULLIF(TotalPosts, 0) AS VotesPerPost,\n    TotalUsers * 1.0 / NULLIF(TotalPosts, 0) AS UsersPerPost\nFROM \n    PostCounts\nORDER BY \n    TotalPosts DESC;\n",
    "blocked_thread_time": 0.0,
    "cpu_time": 6.270803765,
    "extra_info": {},
    "cumulative_cardinality": 55773688,
    "cumulative_rows_scanned": 17854927,
    "result_set_size": 392,
    "latency": 6.550360866,
    "children": [
        {
            "operator_name": "ORDER_BY",
            "cpu_time": 6.270803765,
            "extra_info": {
                "Order By": "PostCounts.TotalPosts DESC"
            },
            "cumulative_cardinality": 55773688,
            "operator_type": "ORDER_BY",
            "operator_cardinality": 7,
            "cumulative_rows_scanned": 17854927,
            "operator_rows_scanned": 0,
            "operator_timing": 0.000097362,
            "result_set_size": 392,
            "children": [
                {
                    "operator_name": "PROJECTION",
                    "cpu_time": 6.270706403,
                    "extra_info": {
                        "Projections": [
                            "PostType",
                            "TotalPosts",
                            "TotalVotes",
                            "TotalUsers",
                            "VotesPerPost",
                            "UsersPerPost"
                        ],
                        "Estimated Cardinality": "3850116"
                    },
                    "cumulative_cardinality": 55773681,
                    "operator_type": "PROJECTION",
                    "operator_cardinality": 7,
                    "cumulative_rows_scanned": 17854927,
                    "operator_rows_scanned": 0,
                    "operator_timing": 0.000015769,
                    "result_set_size": 392,
                    "children": [
                        {
                            "operator_name": "PROJECTION",
                            "cpu_time": 6.270690634,
                            "extra_info": {
                                "Projections": [
                                    "PostType",
                                    "TotalPosts",
                                    "TotalVotes",
                                    "TotalUsers",
                                    "CAST(CASE  WHEN ((TotalPosts = 0)) THEN (NULL) ELSE TotalPosts END AS DOUBLE)"
                                ],
                                "Estimated Cardinality": "3850116"
                            },
                            "cumulative_cardinality": 55773674,
                            "operator_type": "PROJECTION",
                            "operator_cardinality": 7,
                            "cumulative_rows_scanned": 17854927,
                            "operator_rows_scanned": 0,
                            "operator_timing": 0.00000534,
                            "result_set_size": 336,
                            "children": [
                                {
                                    "operator_name": "HASH_GROUP_BY",
                                    "cpu_time": 6.270685294,
                                    "extra_info": {
                                        "Groups": "#0",
                                        "Aggregates": [
                                            "count_star()",
                                            "count(DISTINCT #1)",
                                            "count(DISTINCT #2)"
                                        ],
                                        "Estimated Cardinality": "3850116"
                                    },
                                    "cumulative_cardinality": 55773667,
                                    "operator_type": "HASH_GROUP_BY",
                                    "operator_cardinality": 7,
                                    "cumulative_rows_scanned": 17854927,
                                    "operator_rows_scanned": 0,
                                    "operator_timing": 1.2521065520000003,
                                    "result_set_size": 280,
                                    "children": [
                                        {
                                            "operator_name": "PROJECTION",
                                            "cpu_time": 5.018578741999999,
                                            "extra_info": {
                                                "Projections": [
                                                    "name",
                                                    "userid",
                                                    "id"
                                                ],
                                                "Estimated Cardinality": "12744093"
                                            },
                                            "cumulative_cardinality": 55773660,
                                            "operator_type": "PROJECTION",
                                            "operator_cardinality": 11356206,
                                            "cumulative_rows_scanned": 17854927,
                                            "operator_rows_scanned": 0,
                                            "operator_timing": 0.004057965000000113,
                                            "result_set_size": 272548944,
                                            "children": [
                                                {
                                                    "operator_name": "HASH_JOIN",
                                                    "cpu_time": 5.014520776999999,
                                                    "extra_info": {
                                                        "Join Type": "LEFT",
                                                        "Conditions": "owneruserid = id",
                                                        "Estimated Cardinality": "12744093"
                                                    },
                                                    "cumulative_cardinality": 44417454,
                                                    "operator_type": "HASH_JOIN",
                                                    "operator_cardinality": 11356206,
                                                    "cumulative_rows_scanned": 17854927,
                                                    "operator_rows_scanned": 0,
                                                    "operator_timing": 0.5446113900000057,
                                                    "result_set_size": 272548944,
                                                    "children": [
                                                        {
                                                            "operator_name": "HASH_JOIN",
                                                            "cpu_time": 4.146220310999993,
                                                            "extra_info": {
                                                                "Join Type": "RIGHT",
                                                                "Conditions": "postid = id",
                                                                "Estimated Cardinality": "12744093"
                                                            },
                                                            "cumulative_cardinality": 31800538,
                                                            "operator_type": "HASH_JOIN",
                                                            "operator_cardinality": 11356206,
                                                            "cumulative_rows_scanned": 16594217,
                                                            "operator_rows_scanned": 0,
                                                            "operator_timing": 1.0434739290000081,
                                                            "result_set_size": 272548944,
                                                            "children": [
                                                                {
                                                                    "operator_name": "READ_PARQUET ",
                                                                    "cpu_time": 2.933841304999985,
                                                                    "extra_info": {
                                                                        "Function": "READ_PARQUET",
                                                                        "Projections": [
                                                                            "postid",
                                                                            "userid"
                                                                        ],
                                                                        "Estimated Cardinality": "12744093"
                                                                    },
                                                                    "cumulative_cardinality": 12744093,
                                                                    "operator_type": "TABLE_SCAN",
                                                                    "operator_cardinality": 12744093,
                                                                    "cumulative_rows_scanned": 12744093,
                                                                    "operator_rows_scanned": 12744093,
                                                                    "operator_timing": 2.933841304999985,
                                                                    "result_set_size": 101952744,
                                                                    "children": []
                                                                },
                                                                {
                                                                    "operator_name": "HASH_JOIN",
                                                                    "cpu_time": 0.16890507700000032,
                                                                    "extra_info": {
                                                                        "Join Type": "INNER",
                                                                        "Conditions": "posttypeid = id",
                                                                        "Estimated Cardinality": "3850116"
                                                                    },
                                                                    "cumulative_cardinality": 7700239,
                                                                    "operator_type": "HASH_JOIN",
                                                                    "operator_cardinality": 3850116,
                                                                    "cumulative_rows_scanned": 3850124,
                                                                    "operator_rows_scanned": 0,
                                                                    "operator_timing": 0.014133737999999969,
                                                                    "result_set_size": 92402784,
                                                                    "children": [
                                                                        {
                                                                            "operator_name": "READ_PARQUET ",
                                                                            "cpu_time": 0.15415883400000033,
                                                                            "extra_info": {
                                                                                "Function": "READ_PARQUET",
                                                                                "Projections": [
                                                                                    "id",
                                                                                    "posttypeid",
                                                                                    "owneruserid"
                                                                                ],
                                                                                "Estimated Cardinality": "3850116"
                                                                            },
                                                                            "cumulative_cardinality": 3850116,
                                                                            "operator_type": "TABLE_SCAN",
                                                                            "operator_cardinality": 3850116,
                                                                            "cumulative_rows_scanned": 3850116,
                                                                            "operator_rows_scanned": 3850116,
                                                                            "operator_timing": 0.15415883400000033,
                                                                            "result_set_size": 38501160,
                                                                            "children": []
                                                                        },
                                                                        {
                                                                            "operator_name": "READ_PARQUET ",
                                                                            "cpu_time": 0.000612505,
                                                                            "extra_info": {
                                                                                "Function": "READ_PARQUET",
                                                                                "Projections": [
                                                                                    "id",
                                                                                    "name"
                                                                                ],
                                                                                "Filters": "id<=7",
                                                                                "Estimated Cardinality": "8"
                                                                            },
                                                                            "cumulative_cardinality": 7,
                                                                            "operator_type": "TABLE_SCAN",
                                                                            "operator_cardinality": 7,
                                                                            "cumulative_rows_scanned": 8,
                                                                            "operator_rows_scanned": 8,
                                                                            "operator_timing": 0.000612505,
                                                                            "result_set_size": 126,
                                                                            "children": []
                                                                        }
                                                                    ]
                                                                }
                                                            ]
                                                        },
                                                        {
                                                            "operator_name": "READ_PARQUET ",
                                                            "cpu_time": 0.3236890760000001,
                                                            "extra_info": {
                                                                "Function": "READ_PARQUET",
                                                                "Projections": "id",
                                                                "Estimated Cardinality": "1260710"
                                                            },
                                                            "cumulative_cardinality": 1260710,
                                                            "operator_type": "TABLE_SCAN",
                                                            "operator_cardinality": 1260710,
                                                            "cumulative_rows_scanned": 1260710,
                                                            "operator_rows_scanned": 1260710,
                                                            "operator_timing": 0.3236890760000001,
                                                            "result_set_size": 5042840,
                                                            "children": []
                                                        }
                                                    ]
                                                }
                                            ]
                                        }
                                    ]
                                }
                            ]
                        }
                    ]
                }
            ]
        }
    ]
}