{
    "rows_returned": 98,
    "query_name": "WITH PostCounts AS (\n    SELECT \n        pt.Name AS PostType,\n        COUNT(p.Id) AS TotalPosts,\n        AVG(p.Score) AS AverageScore\n    FROM \n        Posts p\n    JOIN \n        PostTypes pt ON p.PostTypeId = pt.Id\n    GROUP BY \n        pt.Name\n),\nVoteCounts AS (\n    SELECT \n        vt.Name AS VoteType,\n        COUNT(v.Id) AS TotalVotes\n    FROM \n        Votes v\n    JOIN \n        VoteTypes vt ON v.VoteTypeId = vt.Id\n    GROUP BY \n        vt.Name\n),\nUserStats AS (\n    SELECT \n        COUNT(u.Id) AS TotalUsers,\n        AVG(u.Reputation) AS AverageReputation\n    FROM \n        Users u\n)\nSELECT \n    pc.PostType,\n    pc.TotalPosts,\n    pc.AverageScore,\n    vc.VoteType,\n    vc.TotalVotes,\n    us.TotalUsers,\n    us.AverageReputation\nFROM \n    PostCounts pc\nCROSS JOIN \n    UserStats us\nCROSS JOIN \n    VoteCounts vc\nORDER BY \n    pc.TotalPosts DESC;",
    "blocked_thread_time": 0.0,
    "cpu_time": 1.1379358140000038,
    "extra_info": {},
    "cumulative_cardinality": 52304392,
    "cumulative_rows_scanned": 17854942,
    "result_set_size": 7056,
    "latency": 1.271877652,
    "children": [
        {
            "operator_name": "ORDER_BY",
            "cpu_time": 1.1379358140000038,
            "extra_info": {
                "Order By": "pc.TotalPosts DESC"
            },
            "cumulative_cardinality": 52304392,
            "operator_type": "ORDER_BY",
            "operator_cardinality": 98,
            "cumulative_rows_scanned": 17854942,
            "operator_rows_scanned": 0,
            "operator_timing": 0.000045015,
            "result_set_size": 7056,
            "children": [
                {
                    "operator_name": "PROJECTION",
                    "cpu_time": 1.1378907990000038,
                    "extra_info": {
                        "Projections": [
                            "PostType",
                            "TotalPosts",
                            "AverageScore",
                            "VoteType",
                            "TotalVotes",
                            "TotalUsers",
                            "AverageReputation"
                        ],
                        "Estimated Cardinality": "12266558128668"
                    },
                    "cumulative_cardinality": 52304294,
                    "operator_type": "PROJECTION",
                    "operator_cardinality": 98,
                    "cumulative_rows_scanned": 17854942,
                    "operator_rows_scanned": 0,
                    "operator_timing": 0.000001013,
                    "result_set_size": 7056,
                    "children": [
                        {
                            "operator_name": "CROSS_PRODUCT",
                            "cpu_time": 1.1378897860000037,
                            "extra_info": {},
                            "cumulative_cardinality": 52304196,
                            "operator_type": "CROSS_PRODUCT",
                            "operator_cardinality": 98,
                            "cumulative_rows_scanned": 17854942,
                            "operator_rows_scanned": 0,
                            "operator_timing": 0.00008012699999999999,
                            "result_set_size": 7056,
                            "children": [
                                {
                                    "operator_name": "HASH_GROUP_BY",
                                    "cpu_time": 0.7974665640000034,
                                    "extra_info": {
                                        "Groups": "#0",
                                        "Aggregates": "count_star()",
                                        "Estimated Cardinality": "6372046"
                                    },
                                    "cumulative_cardinality": 38232308,
                                    "operator_type": "HASH_GROUP_BY",
                                    "operator_cardinality": 14,
                                    "cumulative_rows_scanned": 12744108,
                                    "operator_rows_scanned": 0,
                                    "operator_timing": 0.29872017400000017,
                                    "result_set_size": 336,
                                    "children": [
                                        {
                                            "operator_name": "PROJECTION",
                                            "cpu_time": 0.4987463900000032,
                                            "extra_info": {
                                                "Projections": "name",
                                                "Estimated Cardinality": "12744093"
                                            },
                                            "cumulative_cardinality": 38232294,
                                            "operator_type": "PROJECTION",
                                            "operator_cardinality": 12744093,
                                            "cumulative_rows_scanned": 12744108,
                                            "operator_rows_scanned": 0,
                                            "operator_timing": 0.0008219540000000061,
                                            "result_set_size": 203905488,
                                            "children": [
                                                {
                                                    "operator_name": "HASH_JOIN",
                                                    "cpu_time": 0.4979244360000032,
                                                    "extra_info": {
                                                        "Join Type": "INNER",
                                                        "Conditions": "votetypeid = id",
                                                        "Estimated Cardinality": "12744093"
                                                    },
                                                    "cumulative_cardinality": 25488201,
                                                    "operator_type": "HASH_JOIN",
                                                    "operator_cardinality": 12744093,
                                                    "cumulative_rows_scanned": 12744108,
                                                    "operator_rows_scanned": 0,
                                                    "operator_timing": 0.05873239800000046,
                                                    "result_set_size": 280370046,
                                                    "children": [
                                                        {
                                                            "operator_name": "READ_PARQUET ",
                                                            "cpu_time": 0.43879308300000275,
                                                            "extra_info": {
                                                                "Function": "READ_PARQUET",
                                                                "Projections": [
                                                                    "id",
                                                                    "votetypeid"
                                                                ],
                                                                "Estimated Cardinality": "12744093"
                                                            },
                                                            "cumulative_cardinality": 12744093,
                                                            "operator_type": "TABLE_SCAN",
                                                            "operator_cardinality": 12744093,
                                                            "cumulative_rows_scanned": 12744093,
                                                            "operator_rows_scanned": 12744093,
                                                            "operator_timing": 0.43879308300000275,
                                                            "result_set_size": 76464558,
                                                            "children": []
                                                        },
                                                        {
                                                            "operator_name": "READ_PARQUET ",
                                                            "cpu_time": 0.000398955,
                                                            "extra_info": {
                                                                "Function": "READ_PARQUET",
                                                                "Projections": [
                                                                    "id",
                                                                    "name"
                                                                ],
                                                                "Estimated Cardinality": "15"
                                                            },
                                                            "cumulative_cardinality": 15,
                                                            "operator_type": "TABLE_SCAN",
                                                            "operator_cardinality": 15,
                                                            "cumulative_rows_scanned": 15,
                                                            "operator_rows_scanned": 15,
                                                            "operator_timing": 0.000398955,
                                                            "result_set_size": 270,
                                                            "children": []
                                                        }
                                                    ]
                                                }
                                            ]
                                        }
                                    ]
                                },
                                {
                                    "operator_name": "CROSS_PRODUCT",
                                    "cpu_time": 0.34034309500000026,
                                    "extra_info": {},
                                    "cumulative_cardinality": 14071790,
                                    "operator_type": "CROSS_PRODUCT",
                                    "operator_cardinality": 7,
                                    "cumulative_rows_scanned": 5110834,
                                    "operator_rows_scanned": 0,
                                    "operator_timing": 0.000026110000000000002,
                                    "result_set_size": 336,
                                    "children": [
                                        {
                                            "operator_name": "HASH_GROUP_BY",
                                            "cpu_time": 0.2120576980000002,
                                            "extra_info": {
                                                "Groups": "#0",
                                                "Aggregates": [
                                                    "count_star()",
                                                    "avg(#1)"
                                                ],
                                                "Estimated Cardinality": "1925058"
                                            },
                                            "cumulative_cardinality": 11550362,
                                            "operator_type": "HASH_GROUP_BY",
                                            "operator_cardinality": 7,
                                            "cumulative_rows_scanned": 3850124,
                                            "operator_rows_scanned": 0,
                                            "operator_timing": 0.09960187400000005,
                                            "result_set_size": 224,
                                            "children": [
                                                {
                                                    "operator_name": "PROJECTION",
                                                    "cpu_time": 0.11245582400000016,
                                                    "extra_info": {
                                                        "Projections": [
                                                            "name",
                                                            "score"
                                                        ],
                                                        "Estimated Cardinality": "3850116"
                                                    },
                                                    "cumulative_cardinality": 11550355,
                                                    "operator_type": "PROJECTION",
                                                    "operator_cardinality": 3850116,
                                                    "cumulative_rows_scanned": 3850124,
                                                    "operator_rows_scanned": 0,
                                                    "operator_timing": 0.0002919149999999962,
                                                    "result_set_size": 77002320,
                                                    "children": [
                                                        {
                                                            "operator_name": "HASH_JOIN",
                                                            "cpu_time": 0.11216390900000017,
                                                            "extra_info": {
                                                                "Join Type": "INNER",
                                                                "Conditions": "posttypeid = id",
                                                                "Estimated Cardinality": "3850116"
                                                            },
                                                            "cumulative_cardinality": 7700239,
                                                            "operator_type": "HASH_JOIN",
                                                            "operator_cardinality": 3850116,
                                                            "cumulative_rows_scanned": 3850124,
                                                            "operator_rows_scanned": 0,
                                                            "operator_timing": 0.009902413999999983,
                                                            "result_set_size": 77002320,
                                                            "children": [
                                                                {
                                                                    "operator_name": "READ_PARQUET ",
                                                                    "cpu_time": 0.10184149000000019,
                                                                    "extra_info": {
                                                                        "Function": "READ_PARQUET",
                                                                        "Projections": [
                                                                            "id",
                                                                            "posttypeid",
                                                                            "score"
                                                                        ],
                                                                        "Estimated Cardinality": "3850116"
                                                                    },
                                                                    "cumulative_cardinality": 3850116,
                                                                    "operator_type": "TABLE_SCAN",
                                                                    "operator_cardinality": 3850116,
                                                                    "cumulative_rows_scanned": 3850116,
                                                                    "operator_rows_scanned": 3850116,
                                                                    "operator_timing": 0.10184149000000019,
                                                                    "result_set_size": 38501160,
                                                                    "children": []
                                                                },
                                                                {
                                                                    "operator_name": "READ_PARQUET ",
                                                                    "cpu_time": 0.000420005,
                                                                    "extra_info": {
                                                                        "Function": "READ_PARQUET",
                                                                        "Projections": [
                                                                            "id",
                                                                            "name"
                                                                        ],
                                                                        "Filters": "id<=7",
                                                                        "Estimated Cardinality": "8"
                                                                    },
                                                                    "cumulative_cardinality": 7,
                                                                    "operator_type": "TABLE_SCAN",
                                                                    "operator_cardinality": 7,
                                                                    "cumulative_rows_scanned": 8,
                                                                    "operator_rows_scanned": 8,
                                                                    "operator_timing": 0.000420005,
                                                                    "result_set_size": 126,
                                                                    "children": []
                                                                }
                                                            ]
                                                        }
                                                    ]
                                                }
                                            ]
                                        },
                                        {
                                            "operator_name": "UNGROUPED_AGGREGATE",
                                            "cpu_time": 0.12825928700000003,
                                            "extra_info": {
                                                "Aggregates": [
                                                    "count_star()",
                                                    "avg(#0)"
                                                ]
                                            },
                                            "cumulative_cardinality": 2521421,
                                            "operator_type": "UNGROUPED_AGGREGATE",
                                            "operator_cardinality": 1,
                                            "cumulative_rows_scanned": 1260710,
                                            "operator_rows_scanned": 0,
                                            "operator_timing": 0.006563742999999988,
                                            "result_set_size": 16,
                                            "children": [
                                                {
                                                    "operator_name": "PROJECTION",
                                                    "cpu_time": 0.12169554400000003,
                                                    "extra_info": {
                                                        "Projections": "reputation",
                                                        "Estimated Cardinality": "1260710"
                                                    },
                                                    "cumulative_cardinality": 2521420,
                                                    "operator_type": "PROJECTION",
                                                    "operator_cardinality": 1260710,
                                                    "cumulative_rows_scanned": 1260710,
                                                    "operator_rows_scanned": 0,
                                                    "operator_timing": 0.00007011899999999973,
                                                    "result_set_size": 5042840,
                                                    "children": [
                                                        {
                                                            "operator_name": "READ_PARQUET ",
                                                            "cpu_time": 0.12162542500000004,
                                                            "extra_info": {
                                                                "Function": "READ_PARQUET",
                                                                "Projections": [
                                                                    "id",
                                                                    "reputation"
                                                                ],
                                                                "Estimated Cardinality": "1260710"
                                                            },
                                                            "cumulative_cardinality": 1260710,
                                                            "operator_type": "TABLE_SCAN",
                                                            "operator_cardinality": 1260710,
                                                            "cumulative_rows_scanned": 1260710,
                                                            "operator_rows_scanned": 1260710,
                                                            "operator_timing": 0.12162542500000004,
                                                            "result_set_size": 10085680,
                                                            "children": []
                                                        }
                                                    ]
                                                }
                                            ]
                                        }
                                    ]
                                }
                            ]
                        }
                    ]
                }
            ]
        }
    ]
}