{
    "rows_returned": 1,
    "query_name": "WITH PostStats AS (\n    SELECT \n        COUNT(*) AS TotalPosts,\n        AVG(Score) AS AvgPostScore,\n        COUNT(DISTINCT OwnerUserId) AS UniquePostOwners\n    FROM Posts\n),\nCommentStats AS (\n    SELECT \n        COUNT(*) AS TotalComments,\n        AVG(Score) AS AvgCommentScore\n    FROM Comments\n),\nUserStats AS (\n    SELECT \n        COUNT(*) AS TotalUsers,\n        AVG(Reputation) AS AvgUserReputation\n    FROM Users\n)\n\nSELECT \n    p.TotalPosts,\n    p.AvgPostScore,\n    p.UniquePostOwners,\n    c.TotalComments,\n    c.AvgCommentScore,\n    u.TotalUsers,\n    u.AvgUserReputation\nFROM \n    PostStats p,\n    CommentStats c,\n    UserStats u;",
    "blocked_thread_time": 0.0,
    "cpu_time": 2.001833027,
    "extra_info": {},
    "cumulative_cardinality": 24705302,
    "cumulative_rows_scanned": 12352648,
    "result_set_size": 56,
    "latency": 2.067169626,
    "children": [
        {
            "operator_name": "PROJECTION",
            "cpu_time": 2.001833027,
            "extra_info": {
                "Projections": [
                    "TotalPosts",
                    "AvgPostScore",
                    "UniquePostOwners",
                    "TotalComments",
                    "AvgCommentScore",
                    "TotalUsers",
                    "AvgUserReputation"
                ],
                "Estimated Cardinality": "1"
            },
            "cumulative_cardinality": 24705302,
            "operator_type": "PROJECTION",
            "operator_cardinality": 1,
            "cumulative_rows_scanned": 12352648,
            "operator_rows_scanned": 0,
            "operator_timing": 0.000001012,
            "result_set_size": 56,
            "children": [
                {
                    "operator_name": "CROSS_PRODUCT",
                    "cpu_time": 2.001832015,
                    "extra_info": {},
                    "cumulative_cardinality": 24705301,
                    "operator_type": "CROSS_PRODUCT",
                    "operator_cardinality": 1,
                    "cumulative_rows_scanned": 12352648,
                    "operator_rows_scanned": 0,
                    "operator_timing": 0.000021059999999999998,
                    "result_set_size": 56,
                    "children": [
                        {
                            "operator_name": "CROSS_PRODUCT",
                            "cpu_time": 0.20302713400000028,
                            "extra_info": {},
                            "cumulative_cardinality": 17005067,
                            "operator_type": "CROSS_PRODUCT",
                            "operator_cardinality": 1,
                            "cumulative_rows_scanned": 8502532,
                            "operator_rows_scanned": 0,
                            "operator_timing": 0.000023705,
                            "result_set_size": 32,
                            "children": [
                                {
                                    "operator_name": "UNGROUPED_AGGREGATE",
                                    "cpu_time": 0.11381977200000044,
                                    "extra_info": {
                                        "Aggregates": [
                                            "count_star()",
                                            "avg(#0)"
                                        ]
                                    },
                                    "cumulative_cardinality": 14483645,
                                    "operator_type": "UNGROUPED_AGGREGATE",
                                    "operator_cardinality": 1,
                                    "cumulative_rows_scanned": 7241822,
                                    "operator_rows_scanned": 0,
                                    "operator_timing": 0.05115003600000059,
                                    "result_set_size": 16,
                                    "children": [
                                        {
                                            "operator_name": "PROJECTION",
                                            "cpu_time": 0.06266973599999985,
                                            "extra_info": {
                                                "Projections": "score",
                                                "Estimated Cardinality": "7241822"
                                            },
                                            "cumulative_cardinality": 14483644,
                                            "operator_type": "PROJECTION",
                                            "operator_cardinality": 7241822,
                                            "cumulative_rows_scanned": 7241822,
                                            "operator_rows_scanned": 0,
                                            "operator_timing": 0.0005016279999999804,
                                            "result_set_size": 28967288,
                                            "children": [
                                                {
                                                    "operator_name": "READ_PARQUET ",
                                                    "cpu_time": 0.06216810799999987,
                                                    "extra_info": {
                                                        "Function": "READ_PARQUET",
                                                        "Projections": "score",
                                                        "Estimated Cardinality": "7241822"
                                                    },
                                                    "cumulative_cardinality": 7241822,
                                                    "operator_type": "TABLE_SCAN",
                                                    "operator_cardinality": 7241822,
                                                    "cumulative_rows_scanned": 7241822,
                                                    "operator_rows_scanned": 7241822,
                                                    "operator_timing": 0.06216810799999987,
                                                    "result_set_size": 28967288,
                                                    "children": []
                                                }
                                            ]
                                        }
                                    ]
                                },
                                {
                                    "operator_name": "UNGROUPED_AGGREGATE",
                                    "cpu_time": 0.08918365699999985,
                                    "extra_info": {
                                        "Aggregates": [
                                            "count_star()",
                                            "avg(#0)"
                                        ]
                                    },
                                    "cumulative_cardinality": 2521421,
                                    "operator_type": "UNGROUPED_AGGREGATE",
                                    "operator_cardinality": 1,
                                    "cumulative_rows_scanned": 1260710,
                                    "operator_rows_scanned": 0,
                                    "operator_timing": 0.008942468999999977,
                                    "result_set_size": 16,
                                    "children": [
                                        {
                                            "operator_name": "PROJECTION",
                                            "cpu_time": 0.08024118799999987,
                                            "extra_info": {
                                                "Projections": "reputation",
                                                "Estimated Cardinality": "1260710"
                                            },
                                            "cumulative_cardinality": 2521420,
                                            "operator_type": "PROJECTION",
                                            "operator_cardinality": 1260710,
                                            "cumulative_rows_scanned": 1260710,
                                            "operator_rows_scanned": 0,
                                            "operator_timing": 0.0000922299999999999,
                                            "result_set_size": 5042840,
                                            "children": [
                                                {
                                                    "operator_name": "READ_PARQUET ",
                                                    "cpu_time": 0.08014895799999987,
                                                    "extra_info": {
                                                        "Function": "READ_PARQUET",
                                                        "Projections": "reputation",
                                                        "Estimated Cardinality": "1260710"
                                                    },
                                                    "cumulative_cardinality": 1260710,
                                                    "operator_type": "TABLE_SCAN",
                                                    "operator_cardinality": 1260710,
                                                    "cumulative_rows_scanned": 1260710,
                                                    "operator_rows_scanned": 1260710,
                                                    "operator_timing": 0.08014895799999987,
                                                    "result_set_size": 5042840,
                                                    "children": []
                                                }
                                            ]
                                        }
                                    ]
                                }
                            ]
                        },
                        {
                            "operator_name": "UNGROUPED_AGGREGATE",
                            "cpu_time": 1.7987838209999998,
                            "extra_info": {
                                "Aggregates": [
                                    "count_star()",
                                    "avg(#0)",
                                    "count(DISTINCT #1)"
                                ]
                            },
                            "cumulative_cardinality": 7700233,
                            "operator_type": "UNGROUPED_AGGREGATE",
                            "operator_cardinality": 1,
                            "cumulative_rows_scanned": 3850116,
                            "operator_rows_scanned": 0,
                            "operator_timing": 0.14816600499999996,
                            "result_set_size": 24,
                            "children": [
                                {
                                    "operator_name": "PROJECTION",
                                    "cpu_time": 1.6506178159999998,
                                    "extra_info": {
                                        "Projections": [
                                            "score",
                                            "owneruserid"
                                        ],
                                        "Estimated Cardinality": "3850116"
                                    },
                                    "cumulative_cardinality": 7700232,
                                    "operator_type": "PROJECTION",
                                    "operator_cardinality": 3850116,
                                    "cumulative_rows_scanned": 3850116,
                                    "operator_rows_scanned": 0,
                                    "operator_timing": 0.0004925309999999985,
                                    "result_set_size": 30800928,
                                    "children": [
                                        {
                                            "operator_name": "READ_PARQUET ",
                                            "cpu_time": 1.6501252849999999,
                                            "extra_info": {
                                                "Function": "READ_PARQUET",
                                                "Projections": [
                                                    "score",
                                                    "owneruserid"
                                                ],
                                                "Estimated Cardinality": "3850116"
                                            },
                                            "cumulative_cardinality": 3850116,
                                            "operator_type": "TABLE_SCAN",
                                            "operator_cardinality": 3850116,
                                            "cumulative_rows_scanned": 3850116,
                                            "operator_rows_scanned": 3850116,
                                            "operator_timing": 1.6501252849999999,
                                            "result_set_size": 30800928,
                                            "children": []
                                        }
                                    ]
                                }
                            ]
                        }
                    ]
                }
            ]
        }
    ]
}