{
    "rows_returned": 7,
    "query_name": "SELECT \n    pt.Name AS PostType,\n    AVG(p.Score) AS AverageScore,\n    COUNT(p.Id) AS TotalPosts,\n    COUNT(DISTINCT u.Id) AS TotalUsers\nFROM \n    Posts p\nJOIN \n    PostTypes pt ON p.PostTypeId = pt.Id\nLEFT JOIN \n    Users u ON p.OwnerUserId = u.Id\nGROUP BY \n    pt.Name\nORDER BY \n    AverageScore DESC;",
    "blocked_thread_time": 0.0,
    "cpu_time": 3.7121110059999927,
    "extra_info": {},
    "cumulative_cardinality": 16661195,
    "cumulative_rows_scanned": 5110834,
    "result_set_size": 280,
    "latency": 3.804785661,
    "children": [
        {
            "operator_name": "ORDER_BY",
            "cpu_time": 3.7121110059999927,
            "extra_info": {
                "Order By": "avg(p.Score) DESC"
            },
            "cumulative_cardinality": 16661195,
            "operator_type": "ORDER_BY",
            "operator_cardinality": 7,
            "cumulative_rows_scanned": 5110834,
            "operator_rows_scanned": 0,
            "operator_timing": 0.000035888,
            "result_set_size": 280,
            "children": [
                {
                    "operator_name": "HASH_GROUP_BY",
                    "cpu_time": 3.7120751179999925,
                    "extra_info": {
                        "Groups": "#0",
                        "Aggregates": [
                            "avg(#1)",
                            "count_star()",
                            "count(DISTINCT #2)"
                        ],
                        "Estimated Cardinality": "1925058"
                    },
                    "cumulative_cardinality": 16661188,
                    "operator_type": "HASH_GROUP_BY",
                    "operator_cardinality": 7,
                    "cumulative_rows_scanned": 5110834,
                    "operator_rows_scanned": 0,
                    "operator_timing": 0.43902964499999947,
                    "result_set_size": 280,
                    "children": [
                        {
                            "operator_name": "PROJECTION",
                            "cpu_time": 3.273045472999993,
                            "extra_info": {
                                "Projections": [
                                    "name",
                                    "score",
                                    "id"
                                ],
                                "Estimated Cardinality": "3850116"
                            },
                            "cumulative_cardinality": 16661181,
                            "operator_type": "PROJECTION",
                            "operator_cardinality": 3850116,
                            "cumulative_rows_scanned": 5110834,
                            "operator_rows_scanned": 0,
                            "operator_timing": 0.001591705,
                            "result_set_size": 92402784,
                            "children": [
                                {
                                    "operator_name": "HASH_JOIN",
                                    "cpu_time": 3.271453767999993,
                                    "extra_info": {
                                        "Join Type": "LEFT",
                                        "Conditions": "owneruserid = id",
                                        "Estimated Cardinality": "3850116"
                                    },
                                    "cumulative_cardinality": 12811065,
                                    "operator_type": "HASH_JOIN",
                                    "operator_cardinality": 3850116,
                                    "cumulative_rows_scanned": 5110834,
                                    "operator_rows_scanned": 0,
                                    "operator_timing": 0.3014767960000005,
                                    "result_set_size": 92402784,
                                    "children": [
                                        {
                                            "operator_name": "HASH_JOIN",
                                            "cpu_time": 2.5426640249999926,
                                            "extra_info": {
                                                "Join Type": "INNER",
                                                "Conditions": "posttypeid = id",
                                                "Estimated Cardinality": "3850116"
                                            },
                                            "cumulative_cardinality": 7700239,
                                            "operator_type": "HASH_JOIN",
                                            "operator_cardinality": 3850116,
                                            "cumulative_rows_scanned": 3850124,
                                            "operator_rows_scanned": 0,
                                            "operator_timing": 0.01552050100000002,
                                            "result_set_size": 92402784,
                                            "children": [
                                                {
                                                    "operator_name": "READ_PARQUET ",
                                                    "cpu_time": 2.526521691999992,
                                                    "extra_info": {
                                                        "Function": "READ_PARQUET",
                                                        "Projections": [
                                                            "id",
                                                            "posttypeid",
                                                            "score",
                                                            "owneruserid"
                                                        ],
                                                        "Estimated Cardinality": "3850116"
                                                    },
                                                    "cumulative_cardinality": 3850116,
                                                    "operator_type": "TABLE_SCAN",
                                                    "operator_cardinality": 3850116,
                                                    "cumulative_rows_scanned": 3850116,
                                                    "operator_rows_scanned": 3850116,
                                                    "operator_timing": 2.526521691999992,
                                                    "result_set_size": 53901624,
                                                    "children": []
                                                },
                                                {
                                                    "operator_name": "READ_PARQUET ",
                                                    "cpu_time": 0.000621832,
                                                    "extra_info": {
                                                        "Function": "READ_PARQUET",
                                                        "Projections": [
                                                            "id",
                                                            "name"
                                                        ],
                                                        "Filters": "id<=7",
                                                        "Estimated Cardinality": "8"
                                                    },
                                                    "cumulative_cardinality": 7,
                                                    "operator_type": "TABLE_SCAN",
                                                    "operator_cardinality": 7,
                                                    "cumulative_rows_scanned": 8,
                                                    "operator_rows_scanned": 8,
                                                    "operator_timing": 0.000621832,
                                                    "result_set_size": 126,
                                                    "children": []
                                                }
                                            ]
                                        },
                                        {
                                            "operator_name": "READ_PARQUET ",
                                            "cpu_time": 0.4273129469999997,
                                            "extra_info": {
                                                "Function": "READ_PARQUET",
                                                "Projections": "id",
                                                "Estimated Cardinality": "1260710"
                                            },
                                            "cumulative_cardinality": 1260710,
                                            "operator_type": "TABLE_SCAN",
                                            "operator_cardinality": 1260710,
                                            "cumulative_rows_scanned": 1260710,
                                            "operator_rows_scanned": 1260710,
                                            "operator_timing": 0.4273129469999997,
                                            "result_set_size": 5042840,
                                            "children": []
                                        }
                                    ]
                                }
                            ]
                        }
                    ]
                }
            ]
        }
    ]
}