{
    "rows_returned": 1260710,
    "query_name": "WITH UserPostStats AS (\n    SELECT \n        U.Id AS UserId,\n        U.Reputation,\n        COUNT(P.Id) AS TotalPosts,\n        COUNT(CASE WHEN P.PostTypeId = 1 THEN 1 END) AS Questions,\n        COUNT(CASE WHEN P.PostTypeId = 2 THEN 1 END) AS Answers,\n        SUM(P.Score) AS TotalScore,\n        SUM(COALESCE(P.ViewCount, 0)) AS TotalViews,\n        AVG(P.ViewCount) AS AvgViewsPerPost,\n        COUNT(COALESCE(C.Id, NULL)) AS TotalComments\n    FROM \n        Users U\n    LEFT JOIN \n        Posts P ON U.Id = P.OwnerUserId\n    LEFT JOIN \n        Comments C ON P.Id = C.PostId\n    GROUP BY \n        U.Id, U.Reputation\n)\nSELECT \n    UserId,\n    Reputation,\n    TotalPosts,\n    Questions,\n    Answers,\n    TotalScore,\n    TotalViews,\n    AvgViewsPerPost,\n    TotalComments\nFROM \n    UserPostStats\nORDER BY \n    Reputation DESC, TotalPosts DESC;",
    "blocked_thread_time": 0.0,
    "cpu_time": 1.9774602769999996,
    "extra_info": {},
    "cumulative_cardinality": 52134888,
    "cumulative_rows_scanned": 12352648,
    "result_set_size": 100856800,
    "latency": 3.722344724,
    "children": [
        {
            "operator_name": "ORDER_BY",
            "cpu_time": 1.9774602769999996,
            "extra_info": {
                "Order By": [
                    "UserPostStats.Reputation DESC",
                    "UserPostStats.TotalPosts DESC"
                ]
            },
            "cumulative_cardinality": 52134888,
            "operator_type": "ORDER_BY",
            "operator_cardinality": 1260710,
            "cumulative_rows_scanned": 12352648,
            "operator_rows_scanned": 0,
            "operator_timing": 0.06476077100000012,
            "result_set_size": 100856800,
            "children": [
                {
                    "operator_name": "HASH_GROUP_BY",
                    "cpu_time": 1.9126995059999994,
                    "extra_info": {
                        "Groups": [
                            "#0",
                            "#1"
                        ],
                        "Aggregates": [
                            "count(#2)",
                            "count(#3)",
                            "count(#4)",
                            "sum(#5)",
                            "sum(#6)",
                            "avg(#7)",
                            "count(#8)"
                        ],
                        "Estimated Cardinality": "1260710"
                    },
                    "cumulative_cardinality": 50874178,
                    "operator_type": "HASH_GROUP_BY",
                    "operator_cardinality": 1260710,
                    "cumulative_rows_scanned": 12352648,
                    "operator_rows_scanned": 0,
                    "operator_timing": 0.636708796,
                    "result_set_size": 100856800,
                    "children": [
                        {
                            "operator_name": "PROJECTION",
                            "cpu_time": 1.2759907099999994,
                            "extra_info": {
                                "Projections": [
                                    "id",
                                    "reputation",
                                    "id",
                                    "CASE  WHEN ((posttypeid = 1)) THEN (1) ELSE NULL END",
                                    "CASE  WHEN ((posttypeid = 2)) THEN (1) ELSE NULL END",
                                    "score",
                                    "COALESCE(viewcount, 0)",
                                    "viewcount",
                                    "id"
                                ],
                                "Estimated Cardinality": "7241822"
                            },
                            "cumulative_cardinality": 49613468,
                            "operator_type": "PROJECTION",
                            "operator_cardinality": 9425510,
                            "cumulative_rows_scanned": 12352648,
                            "operator_rows_scanned": 0,
                            "operator_timing": 0.11103581899999967,
                            "result_set_size": 339318360,
                            "children": [
                                {
                                    "operator_name": "PROJECTION",
                                    "cpu_time": 1.1649548909999998,
                                    "extra_info": {
                                        "Projections": [
                                            "#0",
                                            "#1",
                                            "__internal_decompress_integral_smallint(#2, 1)",
                                            "__internal_decompress_integral_integer(#3, -72)",
                                            "#4",
                                            "#5",
                                            "#6"
                                        ],
                                        "Estimated Cardinality": "7241822"
                                    },
                                    "cumulative_cardinality": 40187958,
                                    "operator_type": "PROJECTION",
                                    "operator_cardinality": 9425510,
                                    "cumulative_rows_scanned": 12352648,
                                    "operator_rows_scanned": 0,
                                    "operator_timing": 0.007269734000000019,
                                    "result_set_size": 245063260,
                                    "children": [
                                        {
                                            "operator_name": "HASH_JOIN",
                                            "cpu_time": 1.1576851569999997,
                                            "extra_info": {
                                                "Join Type": "RIGHT",
                                                "Conditions": "postid = id",
                                                "Estimated Cardinality": "7241822"
                                            },
                                            "cumulative_cardinality": 30762448,
                                            "operator_type": "HASH_JOIN",
                                            "operator_cardinality": 9425510,
                                            "cumulative_rows_scanned": 12352648,
                                            "operator_rows_scanned": 0,
                                            "operator_timing": 0.6118879209999988,
                                            "result_set_size": 216786730,
                                            "children": [
                                                {
                                                    "operator_name": "READ_PARQUET ",
                                                    "cpu_time": 0.13793270500000027,
                                                    "extra_info": {
                                                        "Function": "READ_PARQUET",
                                                        "Projections": [
                                                            "id",
                                                            "postid"
                                                        ],
                                                        "Estimated Cardinality": "7241822"
                                                    },
                                                    "cumulative_cardinality": 7241822,
                                                    "operator_type": "TABLE_SCAN",
                                                    "operator_cardinality": 7241822,
                                                    "cumulative_rows_scanned": 7241822,
                                                    "operator_rows_scanned": 7241822,
                                                    "operator_timing": 0.13793270500000027,
                                                    "result_set_size": 57934576,
                                                    "children": []
                                                },
                                                {
                                                    "operator_name": "PROJECTION",
                                                    "cpu_time": 0.40786453100000064,
                                                    "extra_info": {
                                                        "Projections": [
                                                            "#0",
                                                            "__internal_compress_integral_utinyint(#1, 1)",
                                                            "__internal_compress_integral_usmallint(#2, -72)",
                                                            "#3",
                                                            "#4",
                                                            "#5"
                                                        ],
                                                        "Estimated Cardinality": "3850116"
                                                    },
                                                    "cumulative_cardinality": 14095116,
                                                    "operator_type": "PROJECTION",
                                                    "operator_cardinality": 4574495,
                                                    "cumulative_rows_scanned": 5110826,
                                                    "operator_rows_scanned": 0,
                                                    "operator_timing": 0.0035072740000000042,
                                                    "result_set_size": 86915405,
                                                    "children": [
                                                        {
                                                            "operator_name": "HASH_JOIN",
                                                            "cpu_time": 0.40435725700000064,
                                                            "extra_info": {
                                                                "Join Type": "RIGHT",
                                                                "Conditions": "owneruserid = id",
                                                                "Estimated Cardinality": "3850116"
                                                            },
                                                            "cumulative_cardinality": 9520621,
                                                            "operator_type": "HASH_JOIN",
                                                            "operator_cardinality": 4574495,
                                                            "cumulative_rows_scanned": 5110826,
                                                            "operator_rows_scanned": 0,
                                                            "operator_timing": 0.21108576500000076,
                                                            "result_set_size": 100638890,
                                                            "children": [
                                                                {
                                                                    "operator_name": "READ_PARQUET ",
                                                                    "cpu_time": 0.16165092999999991,
                                                                    "extra_info": {
                                                                        "Function": "READ_PARQUET",
                                                                        "Projections": [
                                                                            "id",
                                                                            "posttypeid",
                                                                            "score",
                                                                            "viewcount",
                                                                            "owneruserid"
                                                                        ],
                                                                        "Estimated Cardinality": "3850116"
                                                                    },
                                                                    "cumulative_cardinality": 3685416,
                                                                    "operator_type": "TABLE_SCAN",
                                                                    "operator_cardinality": 3685416,
                                                                    "cumulative_rows_scanned": 3850116,
                                                                    "operator_rows_scanned": 3850116,
                                                                    "operator_timing": 0.16165092999999991,
                                                                    "result_set_size": 66337488,
                                                                    "children": []
                                                                },
                                                                {
                                                                    "operator_name": "READ_PARQUET ",
                                                                    "cpu_time": 0.03162056199999998,
                                                                    "extra_info": {
                                                                        "Function": "READ_PARQUET",
                                                                        "Projections": [
                                                                            "id",
                                                                            "reputation"
                                                                        ],
                                                                        "Estimated Cardinality": "1260710"
                                                                    },
                                                                    "cumulative_cardinality": 1260710,
                                                                    "operator_type": "TABLE_SCAN",
                                                                    "operator_cardinality": 1260710,
                                                                    "cumulative_rows_scanned": 1260710,
                                                                    "operator_rows_scanned": 1260710,
                                                                    "operator_timing": 0.03162056199999998,
                                                                    "result_set_size": 10085680,
                                                                    "children": []
                                                                }
                                                            ]
                                                        }
                                                    ]
                                                }
                                            ]
                                        }
                                    ]
                                }
                            ]
                        }
                    ]
                }
            ]
        }
    ]
}