{
    "rows_returned": 5,
    "query_name": "\nWITH PostStats AS (\n    SELECT \n        p.Id AS PostId,\n        p.PostTypeId,\n        COUNT(c.Id) AS CommentCount,\n        COUNT(DISTINCT v.Id) AS VoteCount,\n        MAX(CASE WHEN v.VoteTypeId = 2 THEN 1 ELSE 0 END) AS UpVote,\n        MAX(CASE WHEN v.VoteTypeId = 3 THEN 1 ELSE 0 END) AS DownVote,\n        MAX(p.CreationDate) AS LastActivityDate\n    FROM \n        Posts p\n    LEFT JOIN \n        Comments c ON p.Id = c.PostId\n    LEFT JOIN \n        Votes v ON p.Id = v.PostId\n    GROUP BY \n        p.Id, p.PostTypeId\n),\nUserStats AS (\n    SELECT \n        u.Id AS UserId,\n        COUNT(b.Id) AS BadgeCount,\n        SUM(u.Views) AS TotalViews,\n        SUM(u.UpVotes) AS TotalUpVotes,\n        SUM(u.DownVotes) AS TotalDownVotes\n    FROM \n        Users u\n    LEFT JOIN \n        Badges b ON u.Id = b.UserId\n    GROUP BY \n        u.Id\n),\nPostTypeBreakdown AS (\n    SELECT \n        pt.Name AS PostType,\n        COUNT(p.Id) AS TotalPosts,\n        SUM(ps.CommentCount) AS TotalComments,\n        SUM(ps.VoteCount) AS TotalVotes\n    FROM \n        PostTypes pt\n    LEFT JOIN \n        Posts p ON pt.Id = p.PostTypeId\n    LEFT JOIN \n        PostStats ps ON p.Id = ps.PostId\n    GROUP BY \n        pt.Name\n)\nSELECT \n    u.UserId,\n    u.BadgeCount,\n    u.TotalViews,\n    u.TotalUpVotes,\n    u.TotalDownVotes,\n    pt.PostType,\n    pt.TotalPosts,\n    pt.TotalComments,\n    pt.TotalVotes\nFROM \n    UserStats u\nJOIN \n    PostTypeBreakdown pt ON u.UserId = pt.TotalPosts\nORDER BY \n    u.TotalViews DESC, \n    pt.TotalPosts DESC;\n",
    "blocked_thread_time": 0.0,
    "cpu_time": 9.687055757999994,
    "extra_info": {},
    "cumulative_cardinality": 237144239,
    "cumulative_rows_scanned": 31268589,
    "result_set_size": 580,
    "latency": 11.958337866,
    "children": [
        {
            "operator_name": "ORDER_BY",
            "cpu_time": 9.687055757999994,
            "extra_info": {
                "Order By": [
                    "u.TotalViews DESC",
                    "pt.TotalPosts DESC"
                ]
            },
            "cumulative_cardinality": 237144239,
            "operator_type": "ORDER_BY",
            "operator_cardinality": 5,
            "cumulative_rows_scanned": 31268589,
            "operator_rows_scanned": 0,
            "operator_timing": 0.000047357999999999996,
            "result_set_size": 580,
            "children": [
                {
                    "operator_name": "HASH_JOIN",
                    "cpu_time": 9.687008399999995,
                    "extra_info": {
                        "Join Type": "INNER",
                        "Conditions": "CAST(UserId AS BIGINT) = TotalPosts",
                        "Estimated Cardinality": "1260710"
                    },
                    "cumulative_cardinality": 237144234,
                    "operator_type": "HASH_JOIN",
                    "operator_cardinality": 5,
                    "cumulative_rows_scanned": 31268589,
                    "operator_rows_scanned": 0,
                    "operator_timing": 0.011576612000000002,
                    "result_set_size": 580,
                    "children": [
                        {
                            "operator_name": "HASH_GROUP_BY",
                            "cpu_time": 3.5479736299999964,
                            "extra_info": {
                                "Groups": "#0",
                                "Aggregates": [
                                    "count(#1)",
                                    "sum(#2)",
                                    "sum(#3)",
                                    "sum(#4)"
                                ],
                                "Estimated Cardinality": "1260710"
                            },
                            "cumulative_cardinality": 15204093,
                            "operator_type": "HASH_GROUP_BY",
                            "operator_cardinality": 1260710,
                            "cumulative_rows_scanned": 3582434,
                            "operator_rows_scanned": 0,
                            "operator_timing": 0.5614576699999997,
                            "result_set_size": 75642600,
                            "children": [
                                {
                                    "operator_name": "PROJECTION",
                                    "cpu_time": 2.9865159599999966,
                                    "extra_info": {
                                        "Projections": [
                                            "id",
                                            "id",
                                            "views",
                                            "upvotes",
                                            "downvotes"
                                        ],
                                        "Estimated Cardinality": "2321724"
                                    },
                                    "cumulative_cardinality": 13943383,
                                    "operator_type": "PROJECTION",
                                    "operator_cardinality": 3033413,
                                    "cumulative_rows_scanned": 3582434,
                                    "operator_rows_scanned": 0,
                                    "operator_timing": 0.0008866040000000029,
                                    "result_set_size": 60668260,
                                    "children": [
                                        {
                                            "operator_name": "PROJECTION",
                                            "cpu_time": 2.9856293559999965,
                                            "extra_info": {
                                                "Projections": [
                                                    "#0",
                                                    "#1",
                                                    "#2",
                                                    "#3",
                                                    "__internal_decompress_integral_integer(#4, 0)"
                                                ],
                                                "Estimated Cardinality": "2321724"
                                            },
                                            "cumulative_cardinality": 10909970,
                                            "operator_type": "PROJECTION",
                                            "operator_cardinality": 3033413,
                                            "cumulative_rows_scanned": 3582434,
                                            "operator_rows_scanned": 0,
                                            "operator_timing": 0.0025646159999999974,
                                            "result_set_size": 60668260,
                                            "children": [
                                                {
                                                    "operator_name": "HASH_JOIN",
                                                    "cpu_time": 2.9830647399999966,
                                                    "extra_info": {
                                                        "Join Type": "RIGHT",
                                                        "Conditions": "userid = id",
                                                        "Estimated Cardinality": "2321724"
                                                    },
                                                    "cumulative_cardinality": 7876557,
                                                    "operator_type": "HASH_JOIN",
                                                    "operator_cardinality": 3033413,
                                                    "cumulative_rows_scanned": 3582434,
                                                    "operator_rows_scanned": 0,
                                                    "operator_timing": 0.30025512200000004,
                                                    "result_set_size": 54601434,
                                                    "children": [
                                                        {
                                                            "operator_name": "READ_PARQUET ",
                                                            "cpu_time": 1.8947680109999971,
                                                            "extra_info": {
                                                                "Function": "READ_PARQUET",
                                                                "Projections": [
                                                                    "id",
                                                                    "userid"
                                                                ],
                                                                "Estimated Cardinality": "2321724"
                                                            },
                                                            "cumulative_cardinality": 2321724,
                                                            "operator_type": "TABLE_SCAN",
                                                            "operator_cardinality": 2321724,
                                                            "cumulative_rows_scanned": 2321724,
                                                            "operator_rows_scanned": 2321724,
                                                            "operator_timing": 1.8947680109999971,
                                                            "result_set_size": 18573792,
                                                            "children": []
                                                        },
                                                        {
                                                            "operator_name": "PROJECTION",
                                                            "cpu_time": 0.7880416069999995,
                                                            "extra_info": {
                                                                "Projections": [
                                                                    "#0",
                                                                    "#1",
                                                                    "#2",
                                                                    "__internal_compress_integral_usmallint(#3, 0)"
                                                                ],
                                                                "Estimated Cardinality": "1260710"
                                                            },
                                                            "cumulative_cardinality": 2521420,
                                                            "operator_type": "PROJECTION",
                                                            "operator_cardinality": 1260710,
                                                            "cumulative_rows_scanned": 1260710,
                                                            "operator_rows_scanned": 0,
                                                            "operator_timing": 0.0016028050000000001,
                                                            "result_set_size": 17649940,
                                                            "children": [
                                                                {
                                                                    "operator_name": "READ_PARQUET ",
                                                                    "cpu_time": 0.7864388019999995,
                                                                    "extra_info": {
                                                                        "Function": "READ_PARQUET",
                                                                        "Projections": [
                                                                            "id",
                                                                            "views",
                                                                            "upvotes",
                                                                            "downvotes"
                                                                        ],
                                                                        "Estimated Cardinality": "1260710"
                                                                    },
                                                                    "cumulative_cardinality": 1260710,
                                                                    "operator_type": "TABLE_SCAN",
                                                                    "operator_cardinality": 1260710,
                                                                    "cumulative_rows_scanned": 1260710,
                                                                    "operator_rows_scanned": 1260710,
                                                                    "operator_timing": 0.7864388019999995,
                                                                    "result_set_size": 20171360,
                                                                    "children": []
                                                                }
                                                            ]
                                                        }
                                                    ]
                                                }
                                            ]
                                        }
                                    ]
                                }
                            ]
                        },
                        {
                            "operator_name": "HASH_GROUP_BY",
                            "cpu_time": 6.127458157999999,
                            "extra_info": {
                                "Groups": "#0",
                                "Aggregates": [
                                    "count(#1)",
                                    "sum(#2)",
                                    "sum(#3)"
                                ],
                                "Estimated Cardinality": "8"
                            },
                            "cumulative_cardinality": 221940136,
                            "operator_type": "HASH_GROUP_BY",
                            "operator_cardinality": 8,
                            "cumulative_rows_scanned": 27686155,
                            "operator_rows_scanned": 0,
                            "operator_timing": 0.08595737399999995,
                            "result_set_size": 448,
                            "children": [
                                {
                                    "operator_name": "PROJECTION",
                                    "cpu_time": 6.041500783999998,
                                    "extra_info": {
                                        "Projections": [
                                            "name",
                                            "id",
                                            "CommentCount",
                                            "VoteCount"
                                        ],
                                        "Estimated Cardinality": "3850116"
                                    },
                                    "cumulative_cardinality": 221940128,
                                    "operator_type": "PROJECTION",
                                    "operator_cardinality": 3850117,
                                    "cumulative_rows_scanned": 27686155,
                                    "operator_rows_scanned": 0,
                                    "operator_timing": 0.0007057509999999994,
                                    "result_set_size": 138604212,
                                    "children": [
                                        {
                                            "operator_name": "HASH_JOIN",
                                            "cpu_time": 6.040795032999998,
                                            "extra_info": {
                                                "Join Type": "LEFT",
                                                "Conditions": "id = PostId",
                                                "Estimated Cardinality": "3850116"
                                            },
                                            "cumulative_cardinality": 218090011,
                                            "operator_type": "HASH_JOIN",
                                            "operator_cardinality": 3850117,
                                            "cumulative_rows_scanned": 27686155,
                                            "operator_rows_scanned": 0,
                                            "operator_timing": 0.39709264999999944,
                                            "result_set_size": 138604212,
                                            "children": [
                                                {
                                                    "operator_name": "HASH_JOIN",
                                                    "cpu_time": 0.12262433799999971,
                                                    "extra_info": {
                                                        "Join Type": "RIGHT",
                                                        "Conditions": "posttypeid = id",
                                                        "Estimated Cardinality": "3850116"
                                                    },
                                                    "cumulative_cardinality": 7700241,
                                                    "operator_type": "HASH_JOIN",
                                                    "operator_cardinality": 3850117,
                                                    "cumulative_rows_scanned": 3850124,
                                                    "operator_rows_scanned": 0,
                                                    "operator_timing": 0.06396537299999976,
                                                    "result_set_size": 77002340,
                                                    "children": [
                                                        {
                                                            "operator_name": "READ_PARQUET ",
                                                            "cpu_time": 0.05812033899999996,
                                                            "extra_info": {
                                                                "Function": "READ_PARQUET",
                                                                "Projections": [
                                                                    "id",
                                                                    "posttypeid"
                                                                ],
                                                                "Estimated Cardinality": "3850116"
                                                            },
                                                            "cumulative_cardinality": 3850116,
                                                            "operator_type": "TABLE_SCAN",
                                                            "operator_cardinality": 3850116,
                                                            "cumulative_rows_scanned": 3850116,
                                                            "operator_rows_scanned": 3850116,
                                                            "operator_timing": 0.05812033899999996,
                                                            "result_set_size": 23100696,
                                                            "children": []
                                                        },
                                                        {
                                                            "operator_name": "READ_PARQUET ",
                                                            "cpu_time": 0.0005386260000000001,
                                                            "extra_info": {
                                                                "Function": "READ_PARQUET",
                                                                "Projections": [
                                                                    "id",
                                                                    "name"
                                                                ],
                                                                "Estimated Cardinality": "8"
                                                            },
                                                            "cumulative_cardinality": 8,
                                                            "operator_type": "TABLE_SCAN",
                                                            "operator_cardinality": 8,
                                                            "cumulative_rows_scanned": 8,
                                                            "operator_rows_scanned": 8,
                                                            "operator_timing": 0.0005386260000000001,
                                                            "result_set_size": 144,
                                                            "children": []
                                                        }
                                                    ]
                                                },
                                                {
                                                    "operator_name": "PROJECTION",
                                                    "cpu_time": 5.521078044999999,
                                                    "extra_info": {
                                                        "Projections": [
                                                            "PostId",
                                                            "CommentCount",
                                                            "VoteCount"
                                                        ],
                                                        "Estimated Cardinality": "3850116"
                                                    },
                                                    "cumulative_cardinality": 206539653,
                                                    "operator_type": "PROJECTION",
                                                    "operator_cardinality": 3850116,
                                                    "cumulative_rows_scanned": 23836031,
                                                    "operator_rows_scanned": 0,
                                                    "operator_timing": 0.00031942599999999657,
                                                    "result_set_size": 77002320,
                                                    "children": [
                                                        {
                                                            "operator_name": "PROJECTION",
                                                            "cpu_time": 5.5207586189999995,
                                                            "extra_info": {
                                                                "Projections": [
                                                                    "#0",
                                                                    "__internal_decompress_integral_smallint(#1, 1)",
                                                                    "#2",
                                                                    "#3"
                                                                ],
                                                                "Estimated Cardinality": "3850116"
                                                            },
                                                            "cumulative_cardinality": 202689537,
                                                            "operator_type": "PROJECTION",
                                                            "operator_cardinality": 3850116,
                                                            "cumulative_rows_scanned": 23836031,
                                                            "operator_rows_scanned": 0,
                                                            "operator_timing": 0.0011366659999999989,
                                                            "result_set_size": 84702552,
                                                            "children": [
                                                                {
                                                                    "operator_name": "HASH_GROUP_BY",
                                                                    "cpu_time": 5.519621953,
                                                                    "extra_info": {
                                                                        "Groups": [
                                                                            "#0",
                                                                            "#1"
                                                                        ],
                                                                        "Aggregates": [
                                                                            "count(#2)",
                                                                            "count(DISTINCT #3)"
                                                                        ],
                                                                        "Estimated Cardinality": "3850116"
                                                                    },
                                                                    "cumulative_cardinality": 198839421,
                                                                    "operator_type": "HASH_GROUP_BY",
                                                                    "operator_cardinality": 3850116,
                                                                    "cumulative_rows_scanned": 23836031,
                                                                    "operator_rows_scanned": 0,
                                                                    "operator_timing": 3.136926520999993,
                                                                    "result_set_size": 80852436,
                                                                    "children": [
                                                                        {
                                                                            "operator_name": "PROJECTION",
                                                                            "cpu_time": 2.3826954320000064,
                                                                            "extra_info": {
                                                                                "Projections": [
                                                                                    "id",
                                                                                    "posttypeid",
                                                                                    "id",
                                                                                    "id"
                                                                                ],
                                                                                "Estimated Cardinality": "12744093"
                                                                            },
                                                                            "cumulative_cardinality": 194989305,
                                                                            "operator_type": "PROJECTION",
                                                                            "operator_cardinality": 35129590,
                                                                            "cumulative_rows_scanned": 23836031,
                                                                            "operator_rows_scanned": 0,
                                                                            "operator_timing": 0.006440780000000456,
                                                                            "result_set_size": 456684670,
                                                                            "children": [
                                                                                {
                                                                                    "operator_name": "PROJECTION",
                                                                                    "cpu_time": 2.376254652000006,
                                                                                    "extra_info": {
                                                                                        "Projections": [
                                                                                            "#0",
                                                                                            "#1",
                                                                                            "#2",
                                                                                            "__internal_compress_integral_utinyint(#3, 1)"
                                                                                        ],
                                                                                        "Estimated Cardinality": "12744093"
                                                                                    },
                                                                                    "cumulative_cardinality": 159859715,
                                                                                    "operator_type": "PROJECTION",
                                                                                    "operator_cardinality": 35129590,
                                                                                    "cumulative_rows_scanned": 23836031,
                                                                                    "operator_rows_scanned": 0,
                                                                                    "operator_timing": 0.015472200000000904,
                                                                                    "result_set_size": 456684670,
                                                                                    "children": [
                                                                                        {
                                                                                            "operator_name": "PROJECTION",
                                                                                            "cpu_time": 2.360782452000005,
                                                                                            "extra_info": {
                                                                                                "Projections": [
                                                                                                    "#0",
                                                                                                    "#1",
                                                                                                    "#2",
                                                                                                    "__internal_decompress_integral_smallint(#3, 1)"
                                                                                                ],
                                                                                                "Estimated Cardinality": "12744093"
                                                                                            },
                                                                                            "cumulative_cardinality": 124730125,
                                                                                            "operator_type": "PROJECTION",
                                                                                            "operator_cardinality": 35129590,
                                                                                            "cumulative_rows_scanned": 23836031,
                                                                                            "operator_rows_scanned": 0,
                                                                                            "operator_timing": 0.01882345399999951,
                                                                                            "result_set_size": 491814260,
                                                                                            "children": [
                                                                                                {
                                                                                                    "operator_name": "HASH_JOIN",
                                                                                                    "cpu_time": 2.3419589980000053,
                                                                                                    "extra_info": {
                                                                                                        "Join Type": "RIGHT",
                                                                                                        "Conditions": "postid = id",
                                                                                                        "Estimated Cardinality": "12744093"
                                                                                                    },
                                                                                                    "cumulative_cardinality": 89600535,
                                                                                                    "operator_type": "HASH_JOIN",
                                                                                                    "operator_cardinality": 35129590,
                                                                                                    "cumulative_rows_scanned": 23836031,
                                                                                                    "operator_rows_scanned": 0,
                                                                                                    "operator_timing": 1.3424940230000066,
                                                                                                    "result_set_size": 456684670,
                                                                                                    "children": [
                                                                                                        {
                                                                                                            "operator_name": "READ_PARQUET ",
                                                                                                            "cpu_time": 0.24672814499999973,
                                                                                                            "extra_info": {
                                                                                                                "Function": "READ_PARQUET",
                                                                                                                "Projections": [
                                                                                                                    "id",
                                                                                                                    "postid"
                                                                                                                ],
                                                                                                                "Estimated Cardinality": "12744093"
                                                                                                            },
                                                                                                            "cumulative_cardinality": 12744093,
                                                                                                            "operator_type": "TABLE_SCAN",
                                                                                                            "operator_cardinality": 12744093,
                                                                                                            "cumulative_rows_scanned": 12744093,
                                                                                                            "operator_rows_scanned": 12744093,
                                                                                                            "operator_timing": 0.24672814499999973,
                                                                                                            "result_set_size": 101952744,
                                                                                                            "children": []
                                                                                                        },
                                                                                                        {
                                                                                                            "operator_name": "PROJECTION",
                                                                                                            "cpu_time": 0.752736829999999,
                                                                                                            "extra_info": {
                                                                                                                "Projections": [
                                                                                                                    "#0",
                                                                                                                    "#1",
                                                                                                                    "__internal_compress_integral_utinyint(#2, 1)"
                                                                                                                ],
                                                                                                                "Estimated Cardinality": "7241822"
                                                                                                            },
                                                                                                            "cumulative_cardinality": 41726852,
                                                                                                            "operator_type": "PROJECTION",
                                                                                                            "operator_cardinality": 8928266,
                                                                                                            "cumulative_rows_scanned": 11091938,
                                                                                                            "operator_rows_scanned": 0,
                                                                                                            "operator_timing": 0.002850552000000004,
                                                                                                            "result_set_size": 80354394,
                                                                                                            "children": [
                                                                                                                {
                                                                                                                    "operator_name": "PROJECTION",
                                                                                                                    "cpu_time": 0.7498862779999991,
                                                                                                                    "extra_info": {
                                                                                                                        "Projections": [
                                                                                                                            "#0",
                                                                                                                            "#1",
                                                                                                                            "__internal_decompress_integral_smallint(#2, 1)"
                                                                                                                        ],
                                                                                                                        "Estimated Cardinality": "7241822"
                                                                                                                    },
                                                                                                                    "cumulative_cardinality": 32798586,
                                                                                                                    "operator_type": "PROJECTION",
                                                                                                                    "operator_cardinality": 8928266,
                                                                                                                    "cumulative_rows_scanned": 11091938,
                                                                                                                    "operator_rows_scanned": 0,
                                                                                                                    "operator_timing": 0.0031114190000000076,
                                                                                                                    "result_set_size": 89282660,
                                                                                                                    "children": [
                                                                                                                        {
                                                                                                                            "operator_name": "HASH_JOIN",
                                                                                                                            "cpu_time": 0.7467748589999991,
                                                                                                                            "extra_info": {
                                                                                                                                "Join Type": "RIGHT",
                                                                                                                                "Conditions": "postid = id",
                                                                                                                                "Estimated Cardinality": "7241822"
                                                                                                                            },
                                                                                                                            "cumulative_cardinality": 23870320,
                                                                                                                            "operator_type": "HASH_JOIN",
                                                                                                                            "operator_cardinality": 8928266,
                                                                                                                            "cumulative_rows_scanned": 11091938,
                                                                                                                            "operator_rows_scanned": 0,
                                                                                                                            "operator_timing": 0.5572004549999989,
                                                                                                                            "result_set_size": 80354394,
                                                                                                                            "children": [
                                                                                                                                {
                                                                                                                                    "operator_name": "READ_PARQUET ",
                                                                                                                                    "cpu_time": 0.13284770199999998,
                                                                                                                                    "extra_info": {
                                                                                                                                        "Function": "READ_PARQUET",
                                                                                                                                        "Projections": [
                                                                                                                                            "id",
                                                                                                                                            "postid"
                                                                                                                                        ],
                                                                                                                                        "Estimated Cardinality": "7241822"
                                                                                                                                    },
                                                                                                                                    "cumulative_cardinality": 7241822,
                                                                                                                                    "operator_type": "TABLE_SCAN",
                                                                                                                                    "operator_cardinality": 7241822,
                                                                                                                                    "cumulative_rows_scanned": 7241822,
                                                                                                                                    "operator_rows_scanned": 7241822,
                                                                                                                                    "operator_timing": 0.13284770199999998,
                                                                                                                                    "result_set_size": 57934576,
                                                                                                                                    "children": []
                                                                                                                                },
                                                                                                                                {
                                                                                                                                    "operator_name": "PROJECTION",
                                                                                                                                    "cpu_time": 0.0567267020000002,
                                                                                                                                    "extra_info": {
                                                                                                                                        "Projections": [
                                                                                                                                            "#0",
                                                                                                                                            "__internal_compress_integral_utinyint(#1, 1)"
                                                                                                                                        ],
                                                                                                                                        "Estimated Cardinality": "3850116"
                                                                                                                                    },
                                                                                                                                    "cumulative_cardinality": 7700232,
                                                                                                                                    "operator_type": "PROJECTION",
                                                                                                                                    "operator_cardinality": 3850116,
                                                                                                                                    "cumulative_rows_scanned": 3850116,
                                                                                                                                    "operator_rows_scanned": 0,
                                                                                                                                    "operator_timing": 0.0017302700000000045,
                                                                                                                                    "result_set_size": 19250580,
                                                                                                                                    "children": [
                                                                                                                                        {
                                                                                                                                            "operator_name": "READ_PARQUET ",
                                                                                                                                            "cpu_time": 0.05499643200000019,
                                                                                                                                            "extra_info": {
                                                                                                                                                "Function": "READ_PARQUET",
                                                                                                                                                "Projections": [
                                                                                                                                                    "id",
                                                                                                                                                    "posttypeid"
                                                                                                                                                ],
                                                                                                                                                "Estimated Cardinality": "3850116"
                                                                                                                                            },
                                                                                                                                            "cumulative_cardinality": 3850116,
                                                                                                                                            "operator_type": "TABLE_SCAN",
                                                                                                                                            "operator_cardinality": 3850116,
                                                                                                                                            "cumulative_rows_scanned": 3850116,
                                                                                                                                            "operator_rows_scanned": 3850116,
                                                                                                                                            "operator_timing": 0.05499643200000019,
                                                                                                                                            "result_set_size": 23100696,
                                                                                                                                            "children": []
                                                                                                                                        }
                                                                                                                                    ]
                                                                                                                                }
                                                                                                                            ]
                                                                                                                        }
                                                                                                                    ]
                                                                                                                }
                                                                                                            ]
                                                                                                        }
                                                                                                    ]
                                                                                                }
                                                                                            ]
                                                                                        }
                                                                                    ]
                                                                                }
                                                                            ]
                                                                        }
                                                                    ]
                                                                }
                                                            ]
                                                        }
                                                    ]
                                                }
                                            ]
                                        }
                                    ]
                                }
                            ]
                        }
                    ]
                }
            ]
        }
    ]
}