{
    "rows_returned": 3685416,
    "query_name": "\nWITH UserPostStats AS (\n    SELECT \n        u.Id AS UserId,\n        u.DisplayName,\n        COUNT(p.Id) AS PostCount,\n        SUM(COALESCE(p.Score, 0)) AS TotalScore,\n        SUM(COALESCE(p.ViewCount, 0)) AS TotalViews,\n        SUM(COALESCE(p.AnswerCount, 0)) AS TotalAnswers,\n        SUM(COALESCE(p.CommentCount, 0)) AS TotalComments,\n        AVG(u.Reputation) AS AverageReputation\n    FROM \n        Users u\n    LEFT JOIN \n        Posts p ON u.Id = p.OwnerUserId\n    GROUP BY \n        u.Id, u.DisplayName\n),\nPostStats AS (\n    SELECT \n        p.Id AS PostId,\n        p.Title,\n        p.CreationDate,\n        p.LastActivityDate,\n        EXTRACT(EPOCH FROM (p.LastActivityDate - p.CreationDate)) / 60 AS ActivityDurationMinutes,\n        p.Score,\n        p.ViewCount,\n        p.AnswerCount,\n        p.CommentCount,\n        p.FavoriteCount,\n        p.OwnerUserId\n    FROM \n        Posts p\n)\n\nSELECT \n    ups.UserId,\n    ups.DisplayName,\n    ups.PostCount,\n    ups.TotalScore,\n    ups.TotalViews,\n    ups.TotalAnswers,\n    ups.TotalComments,\n    ups.AverageReputation,\n    ps.PostId,\n    ps.Title,\n    ps.CreationDate,\n    ps.LastActivityDate,\n    ps.ActivityDurationMinutes,\n    ps.Score AS PostScore,\n    ps.ViewCount AS PostViewCount,\n    ps.AnswerCount AS PostAnswerCount,\n    ps.CommentCount AS PostCommentCount,\n    ps.FavoriteCount AS PostFavoriteCount\nFROM \n    UserPostStats ups\nJOIN \n    PostStats ps ON ups.UserId = ps.OwnerUserId\nORDER BY \n    ups.PostCount DESC, ups.TotalScore DESC;\n",
    "blocked_thread_time": 0.0,
    "cpu_time": 2.8843442549999985,
    "extra_info": {},
    "cumulative_cardinality": 45728140,
    "cumulative_rows_scanned": 8960942,
    "result_set_size": 604408224,
    "latency": 15.832416845,
    "children": [
        {
            "operator_name": "PROJECTION",
            "cpu_time": 2.8843442549999985,
            "extra_info": {
                "Projections": [
                    "#0",
                    "#1",
                    "#2",
                    "#3",
                    "#4",
                    "#5",
                    "#6",
                    "#7",
                    "#8",
                    "#9",
                    "#10",
                    "#11",
                    "#12",
                    "__internal_decompress_integral_integer(#13, -72)",
                    "#14",
                    "__internal_decompress_integral_integer(#15, 0)",
                    "__internal_decompress_integral_integer(#16, 0)",
                    "#17"
                ],
                "Estimated Cardinality": "3850116"
            },
            "cumulative_cardinality": 45728140,
            "operator_type": "PROJECTION",
            "operator_cardinality": 3685416,
            "cumulative_rows_scanned": 8960942,
            "operator_rows_scanned": 0,
            "operator_timing": 0.008920333000000006,
            "result_set_size": 604408224,
            "children": [
                {
                    "operator_name": "ORDER_BY",
                    "cpu_time": 2.8754239219999986,
                    "extra_info": {
                        "Order By": [
                            "ups.PostCount DESC",
                            "ups.TotalScore DESC"
                        ]
                    },
                    "cumulative_cardinality": 42042724,
                    "operator_type": "ORDER_BY",
                    "operator_cardinality": 3685416,
                    "cumulative_rows_scanned": 8960942,
                    "operator_rows_scanned": 0,
                    "operator_timing": 0.6370981060000006,
                    "result_set_size": 574924896,
                    "children": [
                        {
                            "operator_name": "PROJECTION",
                            "cpu_time": 2.238325815999998,
                            "extra_info": {
                                "Projections": [
                                    "#0",
                                    "#1",
                                    "#2",
                                    "#3",
                                    "#4",
                                    "#5",
                                    "#6",
                                    "#7",
                                    "#8",
                                    "#9",
                                    "#10",
                                    "#11",
                                    "#12",
                                    "__internal_compress_integral_usmallint(#13, -72)",
                                    "#14",
                                    "__internal_compress_integral_utinyint(#15, 0)",
                                    "__internal_compress_integral_utinyint(#16, 0)",
                                    "#17"
                                ],
                                "Estimated Cardinality": "3850116"
                            },
                            "cumulative_cardinality": 38357308,
                            "operator_type": "PROJECTION",
                            "operator_cardinality": 3685416,
                            "cumulative_rows_scanned": 8960942,
                            "operator_rows_scanned": 0,
                            "operator_timing": 0.00579086,
                            "result_set_size": 574924896,
                            "children": [
                                {
                                    "operator_name": "PROJECTION",
                                    "cpu_time": 2.232534955999998,
                                    "extra_info": {
                                        "Projections": [
                                            "UserId",
                                            "displayname",
                                            "PostCount",
                                            "TotalScore",
                                            "TotalViews",
                                            "TotalAnswers",
                                            "TotalComments",
                                            "AverageReputation",
                                            "PostId",
                                            "title",
                                            "creationdate",
                                            "lastactivitydate",
                                            "ActivityDurationMinutes",
                                            "PostScore",
                                            "PostViewCount",
                                            "PostAnswerCount",
                                            "PostCommentCount",
                                            "PostFavoriteCount"
                                        ],
                                        "Estimated Cardinality": "3850116"
                                    },
                                    "cumulative_cardinality": 34671892,
                                    "operator_type": "PROJECTION",
                                    "operator_cardinality": 3685416,
                                    "cumulative_rows_scanned": 8960942,
                                    "operator_rows_scanned": 0,
                                    "operator_timing": 0.0019497580000000082,
                                    "result_set_size": 604408224,
                                    "children": [
                                        {
                                            "operator_name": "HASH_JOIN",
                                            "cpu_time": 2.230585197999998,
                                            "extra_info": {
                                                "Join Type": "INNER",
                                                "Conditions": "owneruserid = UserId",
                                                "Estimated Cardinality": "3850116"
                                            },
                                            "cumulative_cardinality": 30986476,
                                            "operator_type": "HASH_JOIN",
                                            "operator_cardinality": 3685416,
                                            "cumulative_rows_scanned": 8960942,
                                            "operator_rows_scanned": 0,
                                            "operator_timing": 0.32310540299999885,
                                            "result_set_size": 604408224,
                                            "children": [
                                                {
                                                    "operator_name": "PROJECTION",
                                                    "cpu_time": 0.6154189269999994,
                                                    "extra_info": {
                                                        "Projections": [
                                                            "PostId",
                                                            "title",
                                                            "creationdate",
                                                            "lastactivitydate",
                                                            "ActivityDurationMinutes",
                                                            "score",
                                                            "viewcount",
                                                            "answercount",
                                                            "commentcount",
                                                            "favoritecount",
                                                            "owneruserid"
                                                        ],
                                                        "Estimated Cardinality": "3850116"
                                                    },
                                                    "cumulative_cardinality": 7370832,
                                                    "operator_type": "PROJECTION",
                                                    "operator_cardinality": 3685416,
                                                    "cumulative_rows_scanned": 3850116,
                                                    "operator_rows_scanned": 0,
                                                    "operator_timing": 0.045695327000000056,
                                                    "result_set_size": 250608288,
                                                    "children": [
                                                        {
                                                            "operator_name": "READ_PARQUET ",
                                                            "cpu_time": 0.5697235999999994,
                                                            "extra_info": {
                                                                "Function": "READ_PARQUET",
                                                                "Projections": [
                                                                    "id",
                                                                    "creationdate",
                                                                    "score",
                                                                    "viewcount",
                                                                    "owneruserid",
                                                                    "lastactivitydate",
                                                                    "title",
                                                                    "answercount",
                                                                    "commentcount",
                                                                    "favoritecount"
                                                                ],
                                                                "Estimated Cardinality": "3850116"
                                                            },
                                                            "cumulative_cardinality": 3685416,
                                                            "operator_type": "TABLE_SCAN",
                                                            "operator_cardinality": 3685416,
                                                            "cumulative_rows_scanned": 3850116,
                                                            "operator_rows_scanned": 3850116,
                                                            "operator_timing": 0.5697235999999994,
                                                            "result_set_size": 221124960,
                                                            "children": []
                                                        }
                                                    ]
                                                },
                                                {
                                                    "operator_name": "HASH_GROUP_BY",
                                                    "cpu_time": 1.292060868,
                                                    "extra_info": {
                                                        "Groups": [
                                                            "#0",
                                                            "#1"
                                                        ],
                                                        "Aggregates": [
                                                            "count(#2)",
                                                            "sum(#3)",
                                                            "sum(#4)",
                                                            "sum(#5)",
                                                            "sum(#6)",
                                                            "avg(#7)"
                                                        ],
                                                        "Estimated Cardinality": "1260710"
                                                    },
                                                    "cumulative_cardinality": 19930228,
                                                    "operator_type": "HASH_GROUP_BY",
                                                    "operator_cardinality": 1260679,
                                                    "cumulative_rows_scanned": 5110826,
                                                    "operator_rows_scanned": 0,
                                                    "operator_timing": 0.6493472520000005,
                                                    "result_set_size": 126067900,
                                                    "children": [
                                                        {
                                                            "operator_name": "PROJECTION",
                                                            "cpu_time": 0.6427136159999997,
                                                            "extra_info": {
                                                                "Projections": [
                                                                    "id",
                                                                    "displayname",
                                                                    "id",
                                                                    "COALESCE(score, 0)",
                                                                    "COALESCE(viewcount, 0)",
                                                                    "COALESCE(answercount, 0)",
                                                                    "COALESCE(commentcount, 0)",
                                                                    "reputation"
                                                                ],
                                                                "Estimated Cardinality": "3850116"
                                                            },
                                                            "cumulative_cardinality": 18669549,
                                                            "operator_type": "PROJECTION",
                                                            "operator_cardinality": 4574464,
                                                            "cumulative_rows_scanned": 5110826,
                                                            "operator_rows_scanned": 0,
                                                            "operator_timing": 0.10858004100000014,
                                                            "result_set_size": 201276416,
                                                            "children": [
                                                                {
                                                                    "operator_name": "FILTER",
                                                                    "cpu_time": 0.5341335749999995,
                                                                    "extra_info": {
                                                                        "Expression": "(id <= 1416539)",
                                                                        "Estimated Cardinality": "3850116"
                                                                    },
                                                                    "cumulative_cardinality": 14095085,
                                                                    "operator_type": "FILTER",
                                                                    "operator_cardinality": 4574464,
                                                                    "cumulative_rows_scanned": 5110826,
                                                                    "operator_rows_scanned": 0,
                                                                    "operator_timing": 0.006026028000000002,
                                                                    "result_set_size": 201276416,
                                                                    "children": [
                                                                        {
                                                                            "operator_name": "HASH_JOIN",
                                                                            "cpu_time": 0.5281075469999995,
                                                                            "extra_info": {
                                                                                "Join Type": "RIGHT",
                                                                                "Conditions": "owneruserid = id",
                                                                                "Estimated Cardinality": "3850116"
                                                                            },
                                                                            "cumulative_cardinality": 9520621,
                                                                            "operator_type": "HASH_JOIN",
                                                                            "operator_cardinality": 4574495,
                                                                            "cumulative_rows_scanned": 5110826,
                                                                            "operator_rows_scanned": 0,
                                                                            "operator_timing": 0.2576623329999998,
                                                                            "result_set_size": 201277780,
                                                                            "children": [
                                                                                {
                                                                                    "operator_name": "READ_PARQUET ",
                                                                                    "cpu_time": 0.18545323299999977,
                                                                                    "extra_info": {
                                                                                        "Function": "READ_PARQUET",
                                                                                        "Projections": [
                                                                                            "id",
                                                                                            "score",
                                                                                            "viewcount",
                                                                                            "owneruserid",
                                                                                            "answercount",
                                                                                            "commentcount"
                                                                                        ],
                                                                                        "Estimated Cardinality": "3850116"
                                                                                    },
                                                                                    "cumulative_cardinality": 3685416,
                                                                                    "operator_type": "TABLE_SCAN",
                                                                                    "operator_cardinality": 3685416,
                                                                                    "cumulative_rows_scanned": 3850116,
                                                                                    "operator_rows_scanned": 3850116,
                                                                                    "operator_timing": 0.18545323299999977,
                                                                                    "result_set_size": 88449984,
                                                                                    "children": []
                                                                                },
                                                                                {
                                                                                    "operator_name": "READ_PARQUET ",
                                                                                    "cpu_time": 0.08499198099999995,
                                                                                    "extra_info": {
                                                                                        "Function": "READ_PARQUET",
                                                                                        "Projections": [
                                                                                            "id",
                                                                                            "reputation",
                                                                                            "displayname"
                                                                                        ],
                                                                                        "Estimated Cardinality": "1260710"
                                                                                    },
                                                                                    "cumulative_cardinality": 1260710,
                                                                                    "operator_type": "TABLE_SCAN",
                                                                                    "operator_cardinality": 1260710,
                                                                                    "cumulative_rows_scanned": 1260710,
                                                                                    "operator_rows_scanned": 1260710,
                                                                                    "operator_timing": 0.08499198099999995,
                                                                                    "result_set_size": 30257040,
                                                                                    "children": []
                                                                                }
                                                                            ]
                                                                        }
                                                                    ]
                                                                }
                                                            ]
                                                        }
                                                    ]
                                                }
                                            ]
                                        }
                                    ]
                                }
                            ]
                        }
                    ]
                }
            ]
        }
    ]
}