{
    "rows_returned": 7,
    "query_name": "WITH PostStats AS (\n    SELECT \n        P.Id AS PostId,\n        P.PostTypeId,\n        P.CreationDate,\n        P.Score,\n        P.ViewCount,\n        P.AnswerCount,\n        P.CommentCount,\n        U.Reputation AS OwnerReputation,\n        U.DisplayName AS OwnerDisplayName\n    FROM \n        Posts P\n    JOIN \n        Users U ON P.OwnerUserId = U.Id\n),\nVoteStats AS (\n    SELECT \n        PostId,\n        COUNT(CASE WHEN VoteTypeId = 2 THEN 1 END) AS UpVotes,\n        COUNT(CASE WHEN VoteTypeId = 3 THEN 1 END) AS DownVotes\n    FROM \n        Votes\n    GROUP BY \n        PostId\n),\nPostEngagement AS (\n    SELECT \n        PS.PostId,\n        PS.PostTypeId,\n        PS.CreationDate,\n        PS.Score,\n        PS.ViewCount,\n        PS.AnswerCount,\n        PS.CommentCount,\n        PS.OwnerReputation,\n        PS.OwnerDisplayName,\n        COALESCE(VS.UpVotes, 0) AS UpVotes,\n        COALESCE(VS.DownVotes, 0) AS DownVotes\n    FROM \n        PostStats PS\n    LEFT JOIN \n        VoteStats VS ON PS.PostId = VS.PostId\n)\nSELECT \n    PostTypeId,\n    AVG(ViewCount) AS AvgViewCount,\n    AVG(Score) AS AvgScore,\n    AVG(UpVotes) AS AvgUpVotes,\n    AVG(DownVotes) AS AvgDownVotes,\n    AVG(AnswerCount) AS AvgAnswerCount,\n    AVG(CommentCount) AS AvgCommentCount,\n    COUNT(*) AS TotalPosts\nFROM \n    PostEngagement\nGROUP BY \n    PostTypeId\nORDER BY \n    PostTypeId;",
    "blocked_thread_time": 0.0,
    "cpu_time": 5.0329526000000016,
    "extra_info": {},
    "cumulative_cardinality": 63882871,
    "cumulative_rows_scanned": 17854919,
    "result_set_size": 406,
    "latency": 5.436912159,
    "children": [
        {
            "operator_name": "PROJECTION",
            "cpu_time": 5.0329526000000016,
            "extra_info": {
                "Projections": [
                    "__internal_decompress_integral_smallint(#0, 1)",
                    "#1",
                    "#2",
                    "#3",
                    "#4",
                    "#5",
                    "#6",
                    "#7"
                ],
                "Estimated Cardinality": "3850116"
            },
            "cumulative_cardinality": 63882871,
            "operator_type": "PROJECTION",
            "operator_cardinality": 7,
            "cumulative_rows_scanned": 17854919,
            "operator_rows_scanned": 0,
            "operator_timing": 0.000001022,
            "result_set_size": 406,
            "children": [
                {
                    "operator_name": "ORDER_BY",
                    "cpu_time": 5.032951578000001,
                    "extra_info": {
                        "Order By": "PostEngagement.PostTypeId ASC"
                    },
                    "cumulative_cardinality": 63882864,
                    "operator_type": "ORDER_BY",
                    "operator_cardinality": 7,
                    "cumulative_rows_scanned": 17854919,
                    "operator_rows_scanned": 0,
                    "operator_timing": 0.000044834000000000005,
                    "result_set_size": 399,
                    "children": [
                        {
                            "operator_name": "PROJECTION",
                            "cpu_time": 5.032906744000002,
                            "extra_info": {
                                "Projections": [
                                    "__internal_compress_integral_utinyint(#0, 1)",
                                    "#1",
                                    "#2",
                                    "#3",
                                    "#4",
                                    "#5",
                                    "#6",
                                    "#7"
                                ],
                                "Estimated Cardinality": "3850116"
                            },
                            "cumulative_cardinality": 63882857,
                            "operator_type": "PROJECTION",
                            "operator_cardinality": 7,
                            "cumulative_rows_scanned": 17854919,
                            "operator_rows_scanned": 0,
                            "operator_timing": 8.11e-7,
                            "result_set_size": 399,
                            "children": [
                                {
                                    "operator_name": "PROJECTION",
                                    "cpu_time": 5.032905933000002,
                                    "extra_info": {
                                        "Projections": [
                                            "__internal_decompress_integral_smallint(#0, 1)",
                                            "#1",
                                            "#2",
                                            "#3",
                                            "#4",
                                            "#5",
                                            "#6",
                                            "#7"
                                        ],
                                        "Estimated Cardinality": "3850116"
                                    },
                                    "cumulative_cardinality": 63882850,
                                    "operator_type": "PROJECTION",
                                    "operator_cardinality": 7,
                                    "cumulative_rows_scanned": 17854919,
                                    "operator_rows_scanned": 0,
                                    "operator_timing": 9.92e-7,
                                    "result_set_size": 406,
                                    "children": [
                                        {
                                            "operator_name": "PERFECT_HASH_GROUP_BY",
                                            "cpu_time": 5.032904941000002,
                                            "extra_info": {
                                                "Groups": "#0",
                                                "Aggregates": [
                                                    "avg(#1)",
                                                    "avg(#2)",
                                                    "avg(#3)",
                                                    "avg(#4)",
                                                    "avg(#5)",
                                                    "avg(#6)",
                                                    "count_star()"
                                                ]
                                            },
                                            "cumulative_cardinality": 63882843,
                                            "operator_type": "PERFECT_HASH_GROUP_BY",
                                            "operator_cardinality": 7,
                                            "cumulative_rows_scanned": 17854919,
                                            "operator_rows_scanned": 0,
                                            "operator_timing": 0.10471778599999987,
                                            "result_set_size": 399,
                                            "children": [
                                                {
                                                    "operator_name": "PROJECTION",
                                                    "cpu_time": 4.928187155000002,
                                                    "extra_info": {
                                                        "Projections": [
                                                            "posttypeid",
                                                            "viewcount",
                                                            "score",
                                                            "UpVotes",
                                                            "DownVotes",
                                                            "answercount",
                                                            "commentcount"
                                                        ],
                                                        "Estimated Cardinality": "6372046"
                                                    },
                                                    "cumulative_cardinality": 63882836,
                                                    "operator_type": "PROJECTION",
                                                    "operator_cardinality": 3685416,
                                                    "cumulative_rows_scanned": 17854919,
                                                    "operator_rows_scanned": 0,
                                                    "operator_timing": 0.0014261009999999926,
                                                    "result_set_size": 121618728,
                                                    "children": [
                                                        {
                                                            "operator_name": "PROJECTION",
                                                            "cpu_time": 4.926761054000002,
                                                            "extra_info": {
                                                                "Projections": [
                                                                    "__internal_compress_integral_utinyint(#0, 1)",
                                                                    "#1",
                                                                    "#2",
                                                                    "#3",
                                                                    "#4",
                                                                    "#5",
                                                                    "#6"
                                                                ],
                                                                "Estimated Cardinality": "6372046"
                                                            },
                                                            "cumulative_cardinality": 60197420,
                                                            "operator_type": "PROJECTION",
                                                            "operator_cardinality": 3685416,
                                                            "cumulative_rows_scanned": 17854919,
                                                            "operator_rows_scanned": 0,
                                                            "operator_timing": 0.0027405430000000024,
                                                            "result_set_size": 121618728,
                                                            "children": [
                                                                {
                                                                    "operator_name": "PROJECTION",
                                                                    "cpu_time": 4.924020511000002,
                                                                    "extra_info": {
                                                                        "Projections": [
                                                                            "posttypeid",
                                                                            "score",
                                                                            "viewcount",
                                                                            "answercount",
                                                                            "commentcount",
                                                                            "UpVotes",
                                                                            "DownVotes"
                                                                        ],
                                                                        "Estimated Cardinality": "6372046"
                                                                    },
                                                                    "cumulative_cardinality": 56512004,
                                                                    "operator_type": "PROJECTION",
                                                                    "operator_cardinality": 3685416,
                                                                    "cumulative_rows_scanned": 17854919,
                                                                    "operator_rows_scanned": 0,
                                                                    "operator_timing": 0.08461149800000015,
                                                                    "result_set_size": 125304144,
                                                                    "children": [
                                                                        {
                                                                            "operator_name": "PROJECTION",
                                                                            "cpu_time": 4.839409013000002,
                                                                            "extra_info": {
                                                                                "Projections": [
                                                                                    "#0",
                                                                                    "#1",
                                                                                    "__internal_decompress_integral_smallint(#2, 1)",
                                                                                    "__internal_decompress_integral_integer(#3, -72)",
                                                                                    "#4",
                                                                                    "__internal_decompress_integral_integer(#5, 0)",
                                                                                    "__internal_decompress_integral_integer(#6, 0)"
                                                                                ],
                                                                                "Estimated Cardinality": "6372046"
                                                                            },
                                                                            "cumulative_cardinality": 52826588,
                                                                            "operator_type": "PROJECTION",
                                                                            "operator_cardinality": 3685416,
                                                                            "cumulative_rows_scanned": 17854919,
                                                                            "operator_rows_scanned": 0,
                                                                            "operator_timing": 0.022991713000000007,
                                                                            "result_set_size": 125304144,
                                                                            "children": [
                                                                                {
                                                                                    "operator_name": "HASH_JOIN",
                                                                                    "cpu_time": 4.816417300000002,
                                                                                    "extra_info": {
                                                                                        "Join Type": "RIGHT",
                                                                                        "Conditions": "postid = PostId",
                                                                                        "Estimated Cardinality": "6372046"
                                                                                    },
                                                                                    "cumulative_cardinality": 49141172,
                                                                                    "operator_type": "HASH_JOIN",
                                                                                    "operator_cardinality": 3685416,
                                                                                    "cumulative_rows_scanned": 17854919,
                                                                                    "operator_rows_scanned": 0,
                                                                                    "operator_timing": 0.8117452990000014,
                                                                                    "result_set_size": 92135400,
                                                                                    "children": [
                                                                                        {
                                                                                            "operator_name": "HASH_GROUP_BY",
                                                                                            "cpu_time": 3.203100940000001,
                                                                                            "extra_info": {
                                                                                                "Groups": "#0",
                                                                                                "Aggregates": [
                                                                                                    "count(#1)",
                                                                                                    "count(#2)"
                                                                                                ],
                                                                                                "Estimated Cardinality": "6372046"
                                                                                            },
                                                                                            "cumulative_cardinality": 29453413,
                                                                                            "operator_type": "HASH_GROUP_BY",
                                                                                            "operator_cardinality": 3965227,
                                                                                            "cumulative_rows_scanned": 12744093,
                                                                                            "operator_rows_scanned": 0,
                                                                                            "operator_timing": 1.1236902070000019,
                                                                                            "result_set_size": 79304540,
                                                                                            "children": [
                                                                                                {
                                                                                                    "operator_name": "PROJECTION",
                                                                                                    "cpu_time": 2.079410732999999,
                                                                                                    "extra_info": {
                                                                                                        "Projections": [
                                                                                                            "postid",
                                                                                                            "CASE  WHEN ((votetypeid = 2)) THEN (1) ELSE NULL END",
                                                                                                            "CASE  WHEN ((votetypeid = 3)) THEN (1) ELSE NULL END"
                                                                                                        ],
                                                                                                        "Estimated Cardinality": "12744093"
                                                                                                    },
                                                                                                    "cumulative_cardinality": 25488186,
                                                                                                    "operator_type": "PROJECTION",
                                                                                                    "operator_cardinality": 12744093,
                                                                                                    "cumulative_rows_scanned": 12744093,
                                                                                                    "operator_rows_scanned": 0,
                                                                                                    "operator_timing": 0.21897609499999998,
                                                                                                    "result_set_size": 152929116,
                                                                                                    "children": [
                                                                                                        {
                                                                                                            "operator_name": "READ_PARQUET ",
                                                                                                            "cpu_time": 1.8604346379999992,
                                                                                                            "extra_info": {
                                                                                                                "Function": "READ_PARQUET",
                                                                                                                "Projections": [
                                                                                                                    "postid",
                                                                                                                    "votetypeid"
                                                                                                                ],
                                                                                                                "Estimated Cardinality": "12744093"
                                                                                                            },
                                                                                                            "cumulative_cardinality": 12744093,
                                                                                                            "operator_type": "TABLE_SCAN",
                                                                                                            "operator_cardinality": 12744093,
                                                                                                            "cumulative_rows_scanned": 12744093,
                                                                                                            "operator_rows_scanned": 12744093,
                                                                                                            "operator_timing": 1.8604346379999992,
                                                                                                            "result_set_size": 76464558,
                                                                                                            "children": []
                                                                                                        }
                                                                                                    ]
                                                                                                }
                                                                                            ]
                                                                                        },
                                                                                        {
                                                                                            "operator_name": "PROJECTION",
                                                                                            "cpu_time": 0.8015710609999996,
                                                                                            "extra_info": {
                                                                                                "Projections": [
                                                                                                    "#0",
                                                                                                    "__internal_compress_integral_utinyint(#1, 1)",
                                                                                                    "__internal_compress_integral_usmallint(#2, -72)",
                                                                                                    "#3",
                                                                                                    "__internal_compress_integral_utinyint(#4, 0)",
                                                                                                    "__internal_compress_integral_utinyint(#5, 0)"
                                                                                                ],
                                                                                                "Estimated Cardinality": "3850116"
                                                                                            },
                                                                                            "cumulative_cardinality": 16002343,
                                                                                            "operator_type": "PROJECTION",
                                                                                            "operator_cardinality": 3685416,
                                                                                            "cumulative_rows_scanned": 5110826,
                                                                                            "operator_rows_scanned": 0,
                                                                                            "operator_timing": 0.008915576000000017,
                                                                                            "result_set_size": 47910408,
                                                                                            "children": [
                                                                                                {
                                                                                                    "operator_name": "PROJECTION",
                                                                                                    "cpu_time": 0.7926554849999996,
                                                                                                    "extra_info": {
                                                                                                        "Projections": [
                                                                                                            "PostId",
                                                                                                            "posttypeid",
                                                                                                            "score",
                                                                                                            "viewcount",
                                                                                                            "answercount",
                                                                                                            "commentcount"
                                                                                                        ],
                                                                                                        "Estimated Cardinality": "3850116"
                                                                                                    },
                                                                                                    "cumulative_cardinality": 12316927,
                                                                                                    "operator_type": "PROJECTION",
                                                                                                    "operator_cardinality": 3685416,
                                                                                                    "cumulative_rows_scanned": 5110826,
                                                                                                    "operator_rows_scanned": 0,
                                                                                                    "operator_timing": 0.001434275999999998,
                                                                                                    "result_set_size": 81079152,
                                                                                                    "children": [
                                                                                                        {
                                                                                                            "operator_name": "HASH_JOIN",
                                                                                                            "cpu_time": 0.7912212089999996,
                                                                                                            "extra_info": {
                                                                                                                "Join Type": "INNER",
                                                                                                                "Conditions": "owneruserid = id",
                                                                                                                "Estimated Cardinality": "3850116"
                                                                                                            },
                                                                                                            "cumulative_cardinality": 8631511,
                                                                                                            "operator_type": "HASH_JOIN",
                                                                                                            "operator_cardinality": 3685416,
                                                                                                            "cumulative_rows_scanned": 5110826,
                                                                                                            "operator_rows_scanned": 0,
                                                                                                            "operator_timing": 0.2948055099999997,
                                                                                                            "result_set_size": 95820816,
                                                                                                            "children": [
                                                                                                                {
                                                                                                                    "operator_name": "READ_PARQUET ",
                                                                                                                    "cpu_time": 0.48126252899999983,
                                                                                                                    "extra_info": {
                                                                                                                        "Function": "READ_PARQUET",
                                                                                                                        "Projections": [
                                                                                                                            "id",
                                                                                                                            "posttypeid",
                                                                                                                            "score",
                                                                                                                            "viewcount",
                                                                                                                            "owneruserid",
                                                                                                                            "answercount",
                                                                                                                            "commentcount"
                                                                                                                        ],
                                                                                                                        "Estimated Cardinality": "3850116"
                                                                                                                    },
                                                                                                                    "cumulative_cardinality": 3685416,
                                                                                                                    "operator_type": "TABLE_SCAN",
                                                                                                                    "operator_cardinality": 3685416,
                                                                                                                    "cumulative_rows_scanned": 3850116,
                                                                                                                    "operator_rows_scanned": 3850116,
                                                                                                                    "operator_timing": 0.48126252899999983,
                                                                                                                    "result_set_size": 95820816,
                                                                                                                    "children": []
                                                                                                                },
                                                                                                                {
                                                                                                                    "operator_name": "READ_PARQUET ",
                                                                                                                    "cpu_time": 0.015153169999999997,
                                                                                                                    "extra_info": {
                                                                                                                        "Function": "READ_PARQUET",
                                                                                                                        "Projections": "id",
                                                                                                                        "Filters": "id<=1416539",
                                                                                                                        "Estimated Cardinality": "1260710"
                                                                                                                    },
                                                                                                                    "cumulative_cardinality": 1260679,
                                                                                                                    "operator_type": "TABLE_SCAN",
                                                                                                                    "operator_cardinality": 1260679,
                                                                                                                    "cumulative_rows_scanned": 1260710,
                                                                                                                    "operator_rows_scanned": 1260710,
                                                                                                                    "operator_timing": 0.015153169999999997,
                                                                                                                    "result_set_size": 5042716,
                                                                                                                    "children": []
                                                                                                                }
                                                                                                            ]
                                                                                                        }
                                                                                                    ]
                                                                                                }
                                                                                            ]
                                                                                        }
                                                                                    ]
                                                                                }
                                                                            ]
                                                                        }
                                                                    ]
                                                                }
                                                            ]
                                                        }
                                                    ]
                                                }
                                            ]
                                        }
                                    ]
                                }
                            ]
                        }
                    ]
                }
            ]
        }
    ]
}