{
    "rows_returned": 3850116,
    "query_name": "WITH PostVoteCounts AS (\n    SELECT \n        p.Id AS PostId,\n        COUNT(CASE WHEN v.VoteTypeId = 2 THEN 1 END) AS UpVotes,\n        COUNT(CASE WHEN v.VoteTypeId = 3 THEN 1 END) AS DownVotes,\n        COUNT(CASE WHEN v.VoteTypeId = 6 THEN 1 END) AS CloseVotes,\n        COUNT(CASE WHEN v.VoteTypeId = 7 THEN 1 END) AS ReopenVotes\n    FROM \n        Posts p\n    LEFT JOIN \n        Votes v ON p.Id = v.PostId\n    GROUP BY \n        p.Id\n), PostMetrics AS (\n    SELECT \n        p.Id AS PostId,\n        p.Title,\n        p.CreationDate,\n        p.ViewCount,\n        COALESCE(pvc.UpVotes, 0) AS UpVotes,\n        COALESCE(pvc.DownVotes, 0) AS DownVotes,\n        COALESCE(pvc.CloseVotes, 0) AS CloseVotes,\n        COALESCE(pvc.ReopenVotes, 0) AS ReopenVotes,\n        p.AnswerCount,\n        p.CommentCount,\n        p.FavoriteCount\n    FROM \n        Posts p\n    LEFT JOIN \n        PostVoteCounts pvc ON p.Id = pvc.PostId\n)\nSELECT \n    pm.PostId,\n    pm.Title,\n    pm.CreationDate,\n    pm.ViewCount,\n    pm.UpVotes,\n    pm.DownVotes,\n    pm.CloseVotes,\n    pm.ReopenVotes,\n    pm.AnswerCount,\n    pm.CommentCount,\n    pm.FavoriteCount\nFROM \n    PostMetrics pm\nORDER BY \n    pm.ViewCount DESC, pm.UpVotes DESC;",
    "blocked_thread_time": 0.0,
    "cpu_time": 3.102284629999998,
    "extra_info": {},
    "cumulative_cardinality": 66257433,
    "cumulative_rows_scanned": 20444325,
    "result_set_size": 292608816,
    "latency": 6.836346412,
    "children": [
        {
            "operator_name": "PROJECTION",
            "cpu_time": 3.102284629999998,
            "extra_info": {
                "Projections": [
                    "#0",
                    "#1",
                    "#2",
                    "#3",
                    "#4",
                    "#5",
                    "#6",
                    "#7",
                    "__internal_decompress_integral_integer(#8, 0)",
                    "__internal_decompress_integral_integer(#9, 0)",
                    "#10"
                ],
                "Estimated Cardinality": "3850116"
            },
            "cumulative_cardinality": 66257433,
            "operator_type": "PROJECTION",
            "operator_cardinality": 3850116,
            "cumulative_rows_scanned": 20444325,
            "operator_rows_scanned": 0,
            "operator_timing": 0.00262450599999999,
            "result_set_size": 292608816,
            "children": [
                {
                    "operator_name": "ORDER_BY",
                    "cpu_time": 3.099660123999998,
                    "extra_info": {
                        "Order By": [
                            "pm.ViewCount DESC",
                            "pm.UpVotes DESC"
                        ]
                    },
                    "cumulative_cardinality": 62407317,
                    "operator_type": "ORDER_BY",
                    "operator_cardinality": 3850116,
                    "cumulative_rows_scanned": 20444325,
                    "operator_rows_scanned": 0,
                    "operator_timing": 0.3782921559999999,
                    "result_set_size": 269508120,
                    "children": [
                        {
                            "operator_name": "PROJECTION",
                            "cpu_time": 2.7213679679999982,
                            "extra_info": {
                                "Projections": [
                                    "#0",
                                    "#1",
                                    "#2",
                                    "#3",
                                    "#4",
                                    "#5",
                                    "#6",
                                    "#7",
                                    "__internal_compress_integral_utinyint(#8, 0)",
                                    "__internal_compress_integral_utinyint(#9, 0)",
                                    "#10"
                                ],
                                "Estimated Cardinality": "3850116"
                            },
                            "cumulative_cardinality": 58557201,
                            "operator_type": "PROJECTION",
                            "operator_cardinality": 3850116,
                            "cumulative_rows_scanned": 20444325,
                            "operator_rows_scanned": 0,
                            "operator_timing": 0.0041246539999999976,
                            "result_set_size": 269508120,
                            "children": [
                                {
                                    "operator_name": "PROJECTION",
                                    "cpu_time": 2.7172433139999983,
                                    "extra_info": {
                                        "Projections": [
                                            "PostId",
                                            "title",
                                            "creationdate",
                                            "viewcount",
                                            "UpVotes",
                                            "DownVotes",
                                            "CloseVotes",
                                            "ReopenVotes",
                                            "answercount",
                                            "commentcount",
                                            "favoritecount"
                                        ],
                                        "Estimated Cardinality": "3850116"
                                    },
                                    "cumulative_cardinality": 54707085,
                                    "operator_type": "PROJECTION",
                                    "operator_cardinality": 3850116,
                                    "cumulative_rows_scanned": 20444325,
                                    "operator_rows_scanned": 0,
                                    "operator_timing": 0.09218496400000012,
                                    "result_set_size": 292608816,
                                    "children": [
                                        {
                                            "operator_name": "HASH_JOIN",
                                            "cpu_time": 2.625058349999998,
                                            "extra_info": {
                                                "Join Type": "LEFT",
                                                "Conditions": "id = PostId",
                                                "Estimated Cardinality": "3850116"
                                            },
                                            "cumulative_cardinality": 50856969,
                                            "operator_type": "HASH_JOIN",
                                            "operator_cardinality": 3850116,
                                            "cumulative_rows_scanned": 20444325,
                                            "operator_rows_scanned": 0,
                                            "operator_timing": 0.43279872399999963,
                                            "result_set_size": 292608816,
                                            "children": [
                                                {
                                                    "operator_name": "READ_PARQUET ",
                                                    "cpu_time": 0.41207305100000036,
                                                    "extra_info": {
                                                        "Function": "READ_PARQUET",
                                                        "Projections": [
                                                            "id",
                                                            "creationdate",
                                                            "viewcount",
                                                            "title",
                                                            "answercount",
                                                            "commentcount",
                                                            "favoritecount"
                                                        ],
                                                        "Estimated Cardinality": "3850116"
                                                    },
                                                    "cumulative_cardinality": 3850116,
                                                    "operator_type": "TABLE_SCAN",
                                                    "operator_cardinality": 3850116,
                                                    "cumulative_rows_scanned": 3850116,
                                                    "operator_rows_scanned": 3850116,
                                                    "operator_timing": 0.41207305100000036,
                                                    "result_set_size": 169405104,
                                                    "children": []
                                                },
                                                {
                                                    "operator_name": "HASH_GROUP_BY",
                                                    "cpu_time": 1.7801865749999979,
                                                    "extra_info": {
                                                        "Groups": "#0",
                                                        "Aggregates": [
                                                            "count(#1)",
                                                            "count(#2)",
                                                            "count(#3)",
                                                            "count(#4)"
                                                        ],
                                                        "Estimated Cardinality": "3850116"
                                                    },
                                                    "cumulative_cardinality": 43156737,
                                                    "operator_type": "HASH_GROUP_BY",
                                                    "operator_cardinality": 3850116,
                                                    "cumulative_rows_scanned": 16594209,
                                                    "operator_rows_scanned": 0,
                                                    "operator_timing": 0.8136649539999996,
                                                    "result_set_size": 138604176,
                                                    "children": [
                                                        {
                                                            "operator_name": "PROJECTION",
                                                            "cpu_time": 0.9665216209999983,
                                                            "extra_info": {
                                                                "Projections": [
                                                                    "id",
                                                                    "CASE  WHEN ((votetypeid = 2)) THEN (1) ELSE NULL END",
                                                                    "CASE  WHEN ((votetypeid = 3)) THEN (1) ELSE NULL END",
                                                                    "CASE  WHEN ((votetypeid = 6)) THEN (1) ELSE NULL END",
                                                                    "CASE  WHEN ((votetypeid = 7)) THEN (1) ELSE NULL END"
                                                                ],
                                                                "Estimated Cardinality": "12744093"
                                                            },
                                                            "cumulative_cardinality": 39306621,
                                                            "operator_type": "PROJECTION",
                                                            "operator_cardinality": 11356206,
                                                            "cumulative_rows_scanned": 16594209,
                                                            "operator_rows_scanned": 0,
                                                            "operator_timing": 0.1287212269999999,
                                                            "result_set_size": 227124120,
                                                            "children": [
                                                                {
                                                                    "operator_name": "HASH_JOIN",
                                                                    "cpu_time": 0.8378003939999984,
                                                                    "extra_info": {
                                                                        "Join Type": "RIGHT",
                                                                        "Conditions": "postid = id",
                                                                        "Estimated Cardinality": "12744093"
                                                                    },
                                                                    "cumulative_cardinality": 27950415,
                                                                    "operator_type": "HASH_JOIN",
                                                                    "operator_cardinality": 11356206,
                                                                    "cumulative_rows_scanned": 16594209,
                                                                    "operator_rows_scanned": 0,
                                                                    "operator_timing": 0.5747734859999992,
                                                                    "result_set_size": 68137236,
                                                                    "children": [
                                                                        {
                                                                            "operator_name": "READ_PARQUET ",
                                                                            "cpu_time": 0.2443937669999993,
                                                                            "extra_info": {
                                                                                "Function": "READ_PARQUET",
                                                                                "Projections": [
                                                                                    "postid",
                                                                                    "votetypeid"
                                                                                ],
                                                                                "Estimated Cardinality": "12744093"
                                                                            },
                                                                            "cumulative_cardinality": 12744093,
                                                                            "operator_type": "TABLE_SCAN",
                                                                            "operator_cardinality": 12744093,
                                                                            "cumulative_rows_scanned": 12744093,
                                                                            "operator_rows_scanned": 12744093,
                                                                            "operator_timing": 0.2443937669999993,
                                                                            "result_set_size": 76464558,
                                                                            "children": []
                                                                        },
                                                                        {
                                                                            "operator_name": "READ_PARQUET ",
                                                                            "cpu_time": 0.01863314099999992,
                                                                            "extra_info": {
                                                                                "Function": "READ_PARQUET",
                                                                                "Projections": "id",
                                                                                "Estimated Cardinality": "3850116"
                                                                            },
                                                                            "cumulative_cardinality": 3850116,
                                                                            "operator_type": "TABLE_SCAN",
                                                                            "operator_cardinality": 3850116,
                                                                            "cumulative_rows_scanned": 3850116,
                                                                            "operator_rows_scanned": 3850116,
                                                                            "operator_timing": 0.01863314099999992,
                                                                            "result_set_size": 15400464,
                                                                            "children": []
                                                                        }
                                                                    ]
                                                                }
                                                            ]
                                                        }
                                                    ]
                                                }
                                            ]
                                        }
                                    ]
                                }
                            ]
                        }
                    ]
                }
            ]
        }
    ]
}