{
    "rows_returned": 8,
    "query_name": "SELECT \n    pt.Name AS PostType,\n    COUNT(DISTINCT p.Id) AS TotalPosts,\n    COUNT(DISTINCT u.Id) AS TotalUsers,\n    COUNT(DISTINCT c.Id) AS TotalComments,\n    COUNT(DISTINCT v.Id) AS TotalVotes\nFROM \n    PostTypes pt\nLEFT JOIN \n    Posts p ON p.PostTypeId = pt.Id\nLEFT JOIN \n    Users u ON u.Id = p.OwnerUserId\nLEFT JOIN \n    Comments c ON c.PostId = p.Id\nLEFT JOIN \n    Votes v ON v.PostId = p.Id\nGROUP BY \n    pt.Id, pt.Name\nORDER BY \n    pt.Id;",
    "blocked_thread_time": 0.0,
    "cpu_time": 20.187851085999988,
    "extra_info": {},
    "cumulative_cardinality": 203950305,
    "cumulative_rows_scanned": 25096749,
    "result_set_size": 384,
    "latency": 23.256425844,
    "children": [
        {
            "operator_name": "ORDER_BY",
            "cpu_time": 20.187851085999988,
            "extra_info": {
                "Order By": "id ASC"
            },
            "cumulative_cardinality": 203950305,
            "operator_type": "ORDER_BY",
            "operator_cardinality": 8,
            "cumulative_rows_scanned": 25096749,
            "operator_rows_scanned": 0,
            "operator_timing": 0.000027822,
            "result_set_size": 384,
            "children": [
                {
                    "operator_name": "PROJECTION",
                    "cpu_time": 20.187823263999988,
                    "extra_info": {
                        "Projections": [
                            "#0",
                            "#1",
                            "#2",
                            "#3",
                            "#4",
                            "__internal_compress_integral_utinyint(#5, 1)"
                        ],
                        "Estimated Cardinality": "8"
                    },
                    "cumulative_cardinality": 203950297,
                    "operator_type": "PROJECTION",
                    "operator_cardinality": 8,
                    "cumulative_rows_scanned": 25096749,
                    "operator_rows_scanned": 0,
                    "operator_timing": 0.000001132,
                    "result_set_size": 392,
                    "children": [
                        {
                            "operator_name": "PROJECTION",
                            "cpu_time": 20.187822131999987,
                            "extra_info": {
                                "Projections": [
                                    "PostType",
                                    "TotalPosts",
                                    "TotalUsers",
                                    "TotalComments",
                                    "TotalVotes",
                                    "id"
                                ],
                                "Estimated Cardinality": "8"
                            },
                            "cumulative_cardinality": 203950289,
                            "operator_type": "PROJECTION",
                            "operator_cardinality": 8,
                            "cumulative_rows_scanned": 25096749,
                            "operator_rows_scanned": 0,
                            "operator_timing": 2.9e-7,
                            "result_set_size": 400,
                            "children": [
                                {
                                    "operator_name": "PROJECTION",
                                    "cpu_time": 20.187821841999988,
                                    "extra_info": {
                                        "Projections": [
                                            "__internal_decompress_integral_smallint(#0, 1)",
                                            "#1",
                                            "#2",
                                            "#3",
                                            "#4",
                                            "#5"
                                        ],
                                        "Estimated Cardinality": "8"
                                    },
                                    "cumulative_cardinality": 203950281,
                                    "operator_type": "PROJECTION",
                                    "operator_cardinality": 8,
                                    "cumulative_rows_scanned": 25096749,
                                    "operator_rows_scanned": 0,
                                    "operator_timing": 0.000003777,
                                    "result_set_size": 400,
                                    "children": [
                                        {
                                            "operator_name": "HASH_GROUP_BY",
                                            "cpu_time": 20.187818064999988,
                                            "extra_info": {
                                                "Groups": [
                                                    "#0",
                                                    "#1"
                                                ],
                                                "Aggregates": [
                                                    "count(DISTINCT #2)",
                                                    "count(DISTINCT #3)",
                                                    "count(DISTINCT #4)",
                                                    "count(DISTINCT #5)"
                                                ],
                                                "Estimated Cardinality": "8"
                                            },
                                            "cumulative_cardinality": 203950273,
                                            "operator_type": "HASH_GROUP_BY",
                                            "operator_cardinality": 8,
                                            "cumulative_rows_scanned": 25096749,
                                            "operator_rows_scanned": 0,
                                            "operator_timing": 9.291541546999998,
                                            "result_set_size": 392,
                                            "children": [
                                                {
                                                    "operator_name": "PROJECTION",
                                                    "cpu_time": 10.89627651799999,
                                                    "extra_info": {
                                                        "Projections": [
                                                            "id",
                                                            "name",
                                                            "id",
                                                            "id",
                                                            "id",
                                                            "id"
                                                        ],
                                                        "Estimated Cardinality": "12744093"
                                                    },
                                                    "cumulative_cardinality": 203950265,
                                                    "operator_type": "PROJECTION",
                                                    "operator_cardinality": 35129591,
                                                    "cumulative_rows_scanned": 25096749,
                                                    "operator_rows_scanned": 0,
                                                    "operator_timing": 0.012830116000002228,
                                                    "result_set_size": 1159276503,
                                                    "children": [
                                                        {
                                                            "operator_name": "PROJECTION",
                                                            "cpu_time": 10.883446401999988,
                                                            "extra_info": {
                                                                "Projections": [
                                                                    "#0",
                                                                    "#1",
                                                                    "__internal_compress_integral_utinyint(#2, 1)",
                                                                    "#3",
                                                                    "#4",
                                                                    "#5"
                                                                ],
                                                                "Estimated Cardinality": "12744093"
                                                            },
                                                            "cumulative_cardinality": 168820674,
                                                            "operator_type": "PROJECTION",
                                                            "operator_cardinality": 35129591,
                                                            "cumulative_rows_scanned": 25096749,
                                                            "operator_rows_scanned": 0,
                                                            "operator_timing": 0.03130132100000013,
                                                            "result_set_size": 1159276503,
                                                            "children": [
                                                                {
                                                                    "operator_name": "PROJECTION",
                                                                    "cpu_time": 10.852145080999987,
                                                                    "extra_info": {
                                                                        "Projections": [
                                                                            "#0",
                                                                            "#1",
                                                                            "__internal_decompress_integral_smallint(#2, 1)",
                                                                            "#3",
                                                                            "#4",
                                                                            "#5"
                                                                        ],
                                                                        "Estimated Cardinality": "12744093"
                                                                    },
                                                                    "cumulative_cardinality": 133691083,
                                                                    "operator_type": "PROJECTION",
                                                                    "operator_cardinality": 35129591,
                                                                    "cumulative_rows_scanned": 25096749,
                                                                    "operator_rows_scanned": 0,
                                                                    "operator_timing": 0.07097706199999952,
                                                                    "result_set_size": 1194406094,
                                                                    "children": [
                                                                        {
                                                                            "operator_name": "HASH_JOIN",
                                                                            "cpu_time": 10.781168018999988,
                                                                            "extra_info": {
                                                                                "Join Type": "RIGHT",
                                                                                "Conditions": "postid = id",
                                                                                "Estimated Cardinality": "12744093"
                                                                            },
                                                                            "cumulative_cardinality": 98561492,
                                                                            "operator_type": "HASH_JOIN",
                                                                            "operator_cardinality": 35129591,
                                                                            "cumulative_rows_scanned": 25096749,
                                                                            "operator_rows_scanned": 0,
                                                                            "operator_timing": 2.548190675999978,
                                                                            "result_set_size": 1159276503,
                                                                            "children": [
                                                                                {
                                                                                    "operator_name": "READ_PARQUET ",
                                                                                    "cpu_time": 4.038648756000011,
                                                                                    "extra_info": {
                                                                                        "Function": "READ_PARQUET",
                                                                                        "Projections": [
                                                                                            "id",
                                                                                            "postid"
                                                                                        ],
                                                                                        "Estimated Cardinality": "12744093"
                                                                                    },
                                                                                    "cumulative_cardinality": 12744093,
                                                                                    "operator_type": "TABLE_SCAN",
                                                                                    "operator_cardinality": 12744093,
                                                                                    "cumulative_rows_scanned": 12744093,
                                                                                    "operator_rows_scanned": 12744093,
                                                                                    "operator_timing": 4.038648756000011,
                                                                                    "result_set_size": 101952744,
                                                                                    "children": []
                                                                                },
                                                                                {
                                                                                    "operator_name": "PROJECTION",
                                                                                    "cpu_time": 4.194328587,
                                                                                    "extra_info": {
                                                                                        "Projections": [
                                                                                            "#0",
                                                                                            "__internal_compress_integral_utinyint(#1, 1)",
                                                                                            "#2",
                                                                                            "#3",
                                                                                            "#4"
                                                                                        ],
                                                                                        "Estimated Cardinality": "7241822"
                                                                                    },
                                                                                    "cumulative_cardinality": 50687808,
                                                                                    "operator_type": "PROJECTION",
                                                                                    "operator_cardinality": 8928267,
                                                                                    "cumulative_rows_scanned": 12352656,
                                                                                    "operator_rows_scanned": 0,
                                                                                    "operator_timing": 0.004939100000000017,
                                                                                    "result_set_size": 258919743,
                                                                                    "children": [
                                                                                        {
                                                                                            "operator_name": "PROJECTION",
                                                                                            "cpu_time": 4.189389487000001,
                                                                                            "extra_info": {
                                                                                                "Projections": [
                                                                                                    "#0",
                                                                                                    "__internal_decompress_integral_smallint(#1, 1)",
                                                                                                    "#2",
                                                                                                    "#3",
                                                                                                    "#4"
                                                                                                ],
                                                                                                "Estimated Cardinality": "7241822"
                                                                                            },
                                                                                            "cumulative_cardinality": 41759541,
                                                                                            "operator_type": "PROJECTION",
                                                                                            "operator_cardinality": 8928267,
                                                                                            "cumulative_rows_scanned": 12352656,
                                                                                            "operator_rows_scanned": 0,
                                                                                            "operator_timing": 0.0060030980000000105,
                                                                                            "result_set_size": 267848010,
                                                                                            "children": [
                                                                                                {
                                                                                                    "operator_name": "HASH_JOIN",
                                                                                                    "cpu_time": 4.183386389000001,
                                                                                                    "extra_info": {
                                                                                                        "Join Type": "RIGHT",
                                                                                                        "Conditions": "postid = id",
                                                                                                        "Estimated Cardinality": "7241822"
                                                                                                    },
                                                                                                    "cumulative_cardinality": 32831274,
                                                                                                    "operator_type": "HASH_JOIN",
                                                                                                    "operator_cardinality": 8928267,
                                                                                                    "cumulative_rows_scanned": 12352656,
                                                                                                    "operator_rows_scanned": 0,
                                                                                                    "operator_timing": 0.9281950520000002,
                                                                                                    "result_set_size": 258919743,
                                                                                                    "children": [
                                                                                                        {
                                                                                                            "operator_name": "READ_PARQUET ",
                                                                                                            "cpu_time": 2.725580719000001,
                                                                                                            "extra_info": {
                                                                                                                "Function": "READ_PARQUET",
                                                                                                                "Projections": [
                                                                                                                    "id",
                                                                                                                    "postid"
                                                                                                                ],
                                                                                                                "Estimated Cardinality": "7241822"
                                                                                                            },
                                                                                                            "cumulative_cardinality": 7241822,
                                                                                                            "operator_type": "TABLE_SCAN",
                                                                                                            "operator_cardinality": 7241822,
                                                                                                            "cumulative_rows_scanned": 7241822,
                                                                                                            "operator_rows_scanned": 7241822,
                                                                                                            "operator_timing": 2.725580719000001,
                                                                                                            "result_set_size": 57934576,
                                                                                                            "children": []
                                                                                                        },
                                                                                                        {
                                                                                                            "operator_name": "PROJECTION",
                                                                                                            "cpu_time": 0.5296106179999991,
                                                                                                            "extra_info": {
                                                                                                                "Projections": [
                                                                                                                    "__internal_compress_integral_utinyint(#1, 1)",
                                                                                                                    "#2",
                                                                                                                    "#0",
                                                                                                                    "#3"
                                                                                                                ],
                                                                                                                "Estimated Cardinality": "3850116"
                                                                                                            },
                                                                                                            "cumulative_cardinality": 16661185,
                                                                                                            "operator_type": "PROJECTION",
                                                                                                            "operator_cardinality": 3850117,
                                                                                                            "cumulative_rows_scanned": 5110834,
                                                                                                            "operator_rows_scanned": 0,
                                                                                                            "operator_timing": 0.007499363999999977,
                                                                                                            "result_set_size": 96252925,
                                                                                                            "children": [
                                                                                                                {
                                                                                                                    "operator_name": "HASH_JOIN",
                                                                                                                    "cpu_time": 0.5221112539999991,
                                                                                                                    "extra_info": {
                                                                                                                        "Join Type": "LEFT",
                                                                                                                        "Conditions": "owneruserid = id",
                                                                                                                        "Estimated Cardinality": "3850116"
                                                                                                                    },
                                                                                                                    "cumulative_cardinality": 12811068,
                                                                                                                    "operator_type": "HASH_JOIN",
                                                                                                                    "operator_cardinality": 3850117,
                                                                                                                    "cumulative_rows_scanned": 5110834,
                                                                                                                    "operator_rows_scanned": 0,
                                                                                                                    "operator_timing": 0.2539302829999997,
                                                                                                                    "result_set_size": 100103042,
                                                                                                                    "children": [
                                                                                                                        {
                                                                                                                            "operator_name": "HASH_JOIN",
                                                                                                                            "cpu_time": 0.25880419599999943,
                                                                                                                            "extra_info": {
                                                                                                                                "Join Type": "RIGHT",
                                                                                                                                "Conditions": "posttypeid = id",
                                                                                                                                "Estimated Cardinality": "3850116"
                                                                                                                            },
                                                                                                                            "cumulative_cardinality": 7700241,
                                                                                                                            "operator_type": "HASH_JOIN",
                                                                                                                            "operator_cardinality": 3850117,
                                                                                                                            "cumulative_rows_scanned": 3850124,
                                                                                                                            "operator_rows_scanned": 0,
                                                                                                                            "operator_timing": 0.09669132199999995,
                                                                                                                            "result_set_size": 100103042,
                                                                                                                            "children": [
                                                                                                                                {
                                                                                                                                    "operator_name": "READ_PARQUET ",
                                                                                                                                    "cpu_time": 0.16160762999999945,
                                                                                                                                    "extra_info": {
                                                                                                                                        "Function": "READ_PARQUET",
                                                                                                                                        "Projections": [
                                                                                                                                            "id",
                                                                                                                                            "posttypeid",
                                                                                                                                            "owneruserid"
                                                                                                                                        ],
                                                                                                                                        "Estimated Cardinality": "3850116"
                                                                                                                                    },
                                                                                                                                    "cumulative_cardinality": 3850116,
                                                                                                                                    "operator_type": "TABLE_SCAN",
                                                                                                                                    "operator_cardinality": 3850116,
                                                                                                                                    "cumulative_rows_scanned": 3850116,
                                                                                                                                    "operator_rows_scanned": 3850116,
                                                                                                                                    "operator_timing": 0.16160762999999945,
                                                                                                                                    "result_set_size": 38501160,
                                                                                                                                    "children": []
                                                                                                                                },
                                                                                                                                {
                                                                                                                                    "operator_name": "READ_PARQUET ",
                                                                                                                                    "cpu_time": 0.000505244,
                                                                                                                                    "extra_info": {
                                                                                                                                        "Function": "READ_PARQUET",
                                                                                                                                        "Projections": [
                                                                                                                                            "id",
                                                                                                                                            "name"
                                                                                                                                        ],
                                                                                                                                        "Estimated Cardinality": "8"
                                                                                                                                    },
                                                                                                                                    "cumulative_cardinality": 8,
                                                                                                                                    "operator_type": "TABLE_SCAN",
                                                                                                                                    "operator_cardinality": 8,
                                                                                                                                    "cumulative_rows_scanned": 8,
                                                                                                                                    "operator_rows_scanned": 8,
                                                                                                                                    "operator_timing": 0.000505244,
                                                                                                                                    "result_set_size": 144,
                                                                                                                                    "children": []
                                                                                                                                }
                                                                                                                            ]
                                                                                                                        },
                                                                                                                        {
                                                                                                                            "operator_name": "READ_PARQUET ",
                                                                                                                            "cpu_time": 0.009376775000000014,
                                                                                                                            "extra_info": {
                                                                                                                                "Function": "READ_PARQUET",
                                                                                                                                "Projections": "id",
                                                                                                                                "Estimated Cardinality": "1260710"
                                                                                                                            },
                                                                                                                            "cumulative_cardinality": 1260710,
                                                                                                                            "operator_type": "TABLE_SCAN",
                                                                                                                            "operator_cardinality": 1260710,
                                                                                                                            "cumulative_rows_scanned": 1260710,
                                                                                                                            "operator_rows_scanned": 1260710,
                                                                                                                            "operator_timing": 0.009376775000000014,
                                                                                                                            "result_set_size": 5042840,
                                                                                                                            "children": []
                                                                                                                        }
                                                                                                                    ]
                                                                                                                }
                                                                                                            ]
                                                                                                        }
                                                                                                    ]
                                                                                                }
                                                                                            ]
                                                                                        }
                                                                                    ]
                                                                                }
                                                                            ]
                                                                        }
                                                                    ]
                                                                }
                                                            ]
                                                        }
                                                    ]
                                                }
                                            ]
                                        }
                                    ]
                                }
                            ]
                        }
                    ]
                }
            ]
        }
    ]
}