{
    "rows_returned": 5,
    "query_name": "SELECT \n    pt.Name AS PostType,\n    COUNT(p.Id) AS PostCount,\n    AVG(p.Score) AS AverageScore,\n    AVG(p.ViewCount) AS AverageViewCount,\n    COUNT(DISTINCT p.OwnerUserId) AS ActiveUsers\nFROM \n    Posts p\nJOIN \n    PostTypes pt ON p.PostTypeId = pt.Id\nWHERE \n    p.CreationDate >= cast('2024-10-01' as date) - INTERVAL '1 year' \nGROUP BY \n    pt.Name\nORDER BY \n    PostCount DESC;",
    "blocked_thread_time": 0.0,
    "cpu_time": 0.04288551600000001,
    "extra_info": {},
    "cumulative_cardinality": 437180,
    "cumulative_rows_scanned": 3850124,
    "result_set_size": 240,
    "latency": 0.047593992,
    "children": [
        {
            "operator_name": "ORDER_BY",
            "cpu_time": 0.04288551600000001,
            "extra_info": {
                "Order By": "count(p.Id) DESC"
            },
            "cumulative_cardinality": 437180,
            "operator_type": "ORDER_BY",
            "operator_cardinality": 5,
            "cumulative_rows_scanned": 3850124,
            "operator_rows_scanned": 0,
            "operator_timing": 0.000024415000000000003,
            "result_set_size": 240,
            "children": [
                {
                    "operator_name": "HASH_GROUP_BY",
                    "cpu_time": 0.04286110100000001,
                    "extra_info": {
                        "Groups": "#0",
                        "Aggregates": [
                            "count_star()",
                            "avg(#1)",
                            "avg(#2)",
                            "count(DISTINCT #3)"
                        ],
                        "Estimated Cardinality": "385011"
                    },
                    "cumulative_cardinality": 437175,
                    "operator_type": "HASH_GROUP_BY",
                    "operator_cardinality": 5,
                    "cumulative_rows_scanned": 3850124,
                    "operator_rows_scanned": 0,
                    "operator_timing": 0.009122752999999999,
                    "result_set_size": 240,
                    "children": [
                        {
                            "operator_name": "PROJECTION",
                            "cpu_time": 0.033738348000000015,
                            "extra_info": {
                                "Projections": [
                                    "name",
                                    "score",
                                    "viewcount",
                                    "owneruserid"
                                ],
                                "Estimated Cardinality": "770023"
                            },
                            "cumulative_cardinality": 437170,
                            "operator_type": "PROJECTION",
                            "operator_cardinality": 145721,
                            "cumulative_rows_scanned": 3850124,
                            "operator_rows_scanned": 0,
                            "operator_timing": 0.000020391999999999987,
                            "result_set_size": 4080188,
                            "children": [
                                {
                                    "operator_name": "HASH_JOIN",
                                    "cpu_time": 0.033717956000000014,
                                    "extra_info": {
                                        "Join Type": "INNER",
                                        "Conditions": "posttypeid = id",
                                        "Estimated Cardinality": "770023"
                                    },
                                    "cumulative_cardinality": 291449,
                                    "operator_type": "HASH_JOIN",
                                    "operator_cardinality": 145721,
                                    "cumulative_rows_scanned": 3850124,
                                    "operator_rows_scanned": 0,
                                    "operator_timing": 0.00038664999999999983,
                                    "result_set_size": 4080188,
                                    "children": [
                                        {
                                            "operator_name": "READ_PARQUET ",
                                            "cpu_time": 0.03300799300000001,
                                            "extra_info": {
                                                "Function": "READ_PARQUET",
                                                "Projections": [
                                                    "id",
                                                    "posttypeid",
                                                    "score",
                                                    "viewcount",
                                                    "owneruserid"
                                                ],
                                                "Filters": "creationdate>='2023-10-01 00:00:00'::TIMESTAMP",
                                                "Estimated Cardinality": "770023"
                                            },
                                            "cumulative_cardinality": 145721,
                                            "operator_type": "TABLE_SCAN",
                                            "operator_cardinality": 145721,
                                            "cumulative_rows_scanned": 3850116,
                                            "operator_rows_scanned": 3850116,
                                            "operator_timing": 0.03300799300000001,
                                            "result_set_size": 2622978,
                                            "children": []
                                        },
                                        {
                                            "operator_name": "READ_PARQUET ",
                                            "cpu_time": 0.000323313,
                                            "extra_info": {
                                                "Function": "READ_PARQUET",
                                                "Projections": [
                                                    "id",
                                                    "name"
                                                ],
                                                "Filters": "id<=7",
                                                "Estimated Cardinality": "8"
                                            },
                                            "cumulative_cardinality": 7,
                                            "operator_type": "TABLE_SCAN",
                                            "operator_cardinality": 7,
                                            "cumulative_rows_scanned": 8,
                                            "operator_rows_scanned": 8,
                                            "operator_timing": 0.000323313,
                                            "result_set_size": 126,
                                            "children": []
                                        }
                                    ]
                                }
                            ]
                        }
                    ]
                }
            ]
        }
    ]
}