{
    "rows_returned": 7,
    "query_name": "WITH PostMetrics AS (\n    SELECT \n        p.PostTypeId,\n        COUNT(*) AS TotalPosts,\n        SUM(p.ViewCount) AS TotalViews,\n        SUM(p.Score) AS TotalScore,\n        AVG(p.Score) AS AverageScore,\n        COUNT(DISTINCT p.OwnerUserId) AS UniqueAuthors,\n        COUNT(CASE WHEN p.PostTypeId = 1 THEN 1 END) AS TotalQuestions,\n        COUNT(CASE WHEN p.PostTypeId = 2 THEN 1 END) AS TotalAnswers\n    FROM \n        Posts p\n    GROUP BY \n        p.PostTypeId\n),\nUserMetrics AS (\n    SELECT \n        COUNT(*) AS TotalUsers,\n        AVG(u.Reputation) AS AverageReputation,\n        SUM(u.Views) AS TotalProfileViews\n    FROM \n        Users u\n),\nVoteMetrics AS (\n    SELECT \n        COUNT(*) AS TotalVotes,\n        COUNT(CASE WHEN v.VoteTypeId = 2 THEN 1 END) AS TotalUpVotes,\n        COUNT(CASE WHEN v.VoteTypeId = 3 THEN 1 END) AS TotalDownVotes\n    FROM \n        Votes v\n)\n\nSELECT \n    pm.PostTypeId,\n    pm.TotalPosts,\n    pm.TotalViews,\n    pm.TotalScore,\n    pm.AverageScore,\n    pm.UniqueAuthors,\n    pm.TotalQuestions,\n    pm.TotalAnswers,\n    um.TotalUsers,\n    um.AverageReputation,\n    um.TotalProfileViews,\n    vm.TotalVotes,\n    vm.TotalUpVotes,\n    vm.TotalDownVotes\nFROM \n    PostMetrics pm,\n    UserMetrics um,\n    VoteMetrics vm\nORDER BY \n    pm.PostTypeId;",
    "blocked_thread_time": 0.0,
    "cpu_time": 0.5730695730000002,
    "extra_info": {},
    "cumulative_cardinality": 35709876,
    "cumulative_rows_scanned": 17854919,
    "result_set_size": 910,
    "latency": 0.659134691,
    "children": [
        {
            "operator_name": "PROJECTION",
            "cpu_time": 0.5730695730000002,
            "extra_info": {
                "Projections": [
                    "__internal_decompress_integral_smallint(#0, 1)",
                    "#1",
                    "#2",
                    "#3",
                    "#4",
                    "#5",
                    "#6",
                    "#7",
                    "#8",
                    "#9",
                    "#10",
                    "#11",
                    "#12",
                    "#13"
                ],
                "Estimated Cardinality": "1925058"
            },
            "cumulative_cardinality": 35709876,
            "operator_type": "PROJECTION",
            "operator_cardinality": 7,
            "cumulative_rows_scanned": 17854919,
            "operator_rows_scanned": 0,
            "operator_timing": 0.000001433,
            "result_set_size": 910,
            "children": [
                {
                    "operator_name": "ORDER_BY",
                    "cpu_time": 0.5730681400000002,
                    "extra_info": {
                        "Order By": "pm.PostTypeId ASC"
                    },
                    "cumulative_cardinality": 35709869,
                    "operator_type": "ORDER_BY",
                    "operator_cardinality": 7,
                    "cumulative_rows_scanned": 17854919,
                    "operator_rows_scanned": 0,
                    "operator_timing": 0.000021601,
                    "result_set_size": 903,
                    "children": [
                        {
                            "operator_name": "PROJECTION",
                            "cpu_time": 0.5730465390000001,
                            "extra_info": {
                                "Projections": [
                                    "__internal_compress_integral_utinyint(#0, 1)",
                                    "#1",
                                    "#2",
                                    "#3",
                                    "#4",
                                    "#5",
                                    "#6",
                                    "#7",
                                    "#8",
                                    "#9",
                                    "#10",
                                    "#11",
                                    "#12",
                                    "#13"
                                ],
                                "Estimated Cardinality": "1925058"
                            },
                            "cumulative_cardinality": 35709862,
                            "operator_type": "PROJECTION",
                            "operator_cardinality": 7,
                            "cumulative_rows_scanned": 17854919,
                            "operator_rows_scanned": 0,
                            "operator_timing": 0.000003457,
                            "result_set_size": 903,
                            "children": [
                                {
                                    "operator_name": "CROSS_PRODUCT",
                                    "cpu_time": 0.5730430820000001,
                                    "extra_info": {},
                                    "cumulative_cardinality": 35709855,
                                    "operator_type": "CROSS_PRODUCT",
                                    "operator_cardinality": 7,
                                    "cumulative_rows_scanned": 17854919,
                                    "operator_rows_scanned": 0,
                                    "operator_timing": 0.000039353999999999996,
                                    "result_set_size": 910,
                                    "children": [
                                        {
                                            "operator_name": "HASH_GROUP_BY",
                                            "cpu_time": 0.3431712570000003,
                                            "extra_info": {
                                                "Groups": "#0",
                                                "Aggregates": [
                                                    "count_star()",
                                                    "sum(#1)",
                                                    "sum(#2)",
                                                    "avg(#3)",
                                                    "count(DISTINCT #4)",
                                                    "count(#5)",
                                                    "count(#6)"
                                                ],
                                                "Estimated Cardinality": "1925058"
                                            },
                                            "cumulative_cardinality": 7700239,
                                            "operator_type": "HASH_GROUP_BY",
                                            "operator_cardinality": 7,
                                            "cumulative_rows_scanned": 3850116,
                                            "operator_rows_scanned": 0,
                                            "operator_timing": 0.20993517400000034,
                                            "result_set_size": 518,
                                            "children": [
                                                {
                                                    "operator_name": "PROJECTION",
                                                    "cpu_time": 0.13323608299999998,
                                                    "extra_info": {
                                                        "Projections": [
                                                            "posttypeid",
                                                            "viewcount",
                                                            "score",
                                                            "score",
                                                            "owneruserid",
                                                            "CASE  WHEN ((posttypeid = 1)) THEN (1) ELSE NULL END",
                                                            "CASE  WHEN ((posttypeid = 2)) THEN (1) ELSE NULL END"
                                                        ],
                                                        "Estimated Cardinality": "3850116"
                                                    },
                                                    "cumulative_cardinality": 7700232,
                                                    "operator_type": "PROJECTION",
                                                    "operator_cardinality": 3850116,
                                                    "cumulative_rows_scanned": 3850116,
                                                    "operator_rows_scanned": 0,
                                                    "operator_timing": 0.053846536,
                                                    "result_set_size": 100103016,
                                                    "children": [
                                                        {
                                                            "operator_name": "READ_PARQUET ",
                                                            "cpu_time": 0.07938954699999998,
                                                            "extra_info": {
                                                                "Function": "READ_PARQUET",
                                                                "Projections": [
                                                                    "posttypeid",
                                                                    "score",
                                                                    "viewcount",
                                                                    "owneruserid"
                                                                ],
                                                                "Estimated Cardinality": "3850116"
                                                            },
                                                            "cumulative_cardinality": 3850116,
                                                            "operator_type": "TABLE_SCAN",
                                                            "operator_cardinality": 3850116,
                                                            "cumulative_rows_scanned": 3850116,
                                                            "operator_rows_scanned": 3850116,
                                                            "operator_timing": 0.07938954699999998,
                                                            "result_set_size": 53901624,
                                                            "children": []
                                                        }
                                                    ]
                                                }
                                            ]
                                        },
                                        {
                                            "operator_name": "CROSS_PRODUCT",
                                            "cpu_time": 0.22983247099999984,
                                            "extra_info": {},
                                            "cumulative_cardinality": 28009609,
                                            "operator_type": "CROSS_PRODUCT",
                                            "operator_cardinality": 1,
                                            "cumulative_rows_scanned": 14004803,
                                            "operator_rows_scanned": 0,
                                            "operator_timing": 0.000015609,
                                            "result_set_size": 56,
                                            "children": [
                                                {
                                                    "operator_name": "UNGROUPED_AGGREGATE",
                                                    "cpu_time": 0.02082066399999999,
                                                    "extra_info": {
                                                        "Aggregates": [
                                                            "count_star()",
                                                            "avg(#0)",
                                                            "sum(#1)"
                                                        ]
                                                    },
                                                    "cumulative_cardinality": 2521421,
                                                    "operator_type": "UNGROUPED_AGGREGATE",
                                                    "operator_cardinality": 1,
                                                    "cumulative_rows_scanned": 1260710,
                                                    "operator_rows_scanned": 0,
                                                    "operator_timing": 0.00761528599999999,
                                                    "result_set_size": 32,
                                                    "children": [
                                                        {
                                                            "operator_name": "PROJECTION",
                                                            "cpu_time": 0.013205377999999999,
                                                            "extra_info": {
                                                                "Projections": [
                                                                    "reputation",
                                                                    "views"
                                                                ],
                                                                "Estimated Cardinality": "1260710"
                                                            },
                                                            "cumulative_cardinality": 2521420,
                                                            "operator_type": "PROJECTION",
                                                            "operator_cardinality": 1260710,
                                                            "cumulative_rows_scanned": 1260710,
                                                            "operator_rows_scanned": 0,
                                                            "operator_timing": 0.00006936299999999963,
                                                            "result_set_size": 10085680,
                                                            "children": [
                                                                {
                                                                    "operator_name": "READ_PARQUET ",
                                                                    "cpu_time": 0.013136015,
                                                                    "extra_info": {
                                                                        "Function": "READ_PARQUET",
                                                                        "Projections": [
                                                                            "reputation",
                                                                            "views"
                                                                        ],
                                                                        "Estimated Cardinality": "1260710"
                                                                    },
                                                                    "cumulative_cardinality": 1260710,
                                                                    "operator_type": "TABLE_SCAN",
                                                                    "operator_cardinality": 1260710,
                                                                    "cumulative_rows_scanned": 1260710,
                                                                    "operator_rows_scanned": 1260710,
                                                                    "operator_timing": 0.013136015,
                                                                    "result_set_size": 10085680,
                                                                    "children": []
                                                                }
                                                            ]
                                                        }
                                                    ]
                                                },
                                                {
                                                    "operator_name": "UNGROUPED_AGGREGATE",
                                                    "cpu_time": 0.20899619799999986,
                                                    "extra_info": {
                                                        "Aggregates": [
                                                            "count_star()",
                                                            "count(#0)",
                                                            "count(#1)"
                                                        ]
                                                    },
                                                    "cumulative_cardinality": 25488187,
                                                    "operator_type": "UNGROUPED_AGGREGATE",
                                                    "operator_cardinality": 1,
                                                    "cumulative_rows_scanned": 12744093,
                                                    "operator_rows_scanned": 0,
                                                    "operator_timing": 0.04250119700000006,
                                                    "result_set_size": 24,
                                                    "children": [
                                                        {
                                                            "operator_name": "PROJECTION",
                                                            "cpu_time": 0.1664950009999998,
                                                            "extra_info": {
                                                                "Projections": [
                                                                    "CASE  WHEN ((votetypeid = 2)) THEN (1) ELSE NULL END",
                                                                    "CASE  WHEN ((votetypeid = 3)) THEN (1) ELSE NULL END"
                                                                ],
                                                                "Estimated Cardinality": "12744093"
                                                            },
                                                            "cumulative_cardinality": 25488186,
                                                            "operator_type": "PROJECTION",
                                                            "operator_cardinality": 12744093,
                                                            "cumulative_rows_scanned": 12744093,
                                                            "operator_rows_scanned": 0,
                                                            "operator_timing": 0.11136899399999989,
                                                            "result_set_size": 101952744,
                                                            "children": [
                                                                {
                                                                    "operator_name": "READ_PARQUET ",
                                                                    "cpu_time": 0.05512600699999993,
                                                                    "extra_info": {
                                                                        "Function": "READ_PARQUET",
                                                                        "Projections": "votetypeid",
                                                                        "Estimated Cardinality": "12744093"
                                                                    },
                                                                    "cumulative_cardinality": 12744093,
                                                                    "operator_type": "TABLE_SCAN",
                                                                    "operator_cardinality": 12744093,
                                                                    "cumulative_rows_scanned": 12744093,
                                                                    "operator_rows_scanned": 12744093,
                                                                    "operator_timing": 0.05512600699999993,
                                                                    "result_set_size": 25488186,
                                                                    "children": []
                                                                }
                                                            ]
                                                        }
                                                    ]
                                                }
                                            ]
                                        }
                                    ]
                                }
                            ]
                        }
                    ]
                }
            ]
        }
    ]
}