{
    "rows_returned": 100,
    "query_name": "\nSELECT \n    p.Id AS PostId,\n    p.Title,\n    p.CreationDate,\n    p.Score,\n    p.ViewCount,\n    p.AnswerCount,\n    p.CommentCount,\n    u.DisplayName AS OwnerDisplayName,\n    u.Reputation AS OwnerReputation,\n    COUNT(cm.Id) AS CommentCountPerPost,\n    COUNT(v.Id) AS VoteCountPerPost,\n    COUNT(b.Id) AS BadgeCountPerUser\nFROM \n    Posts p\nJOIN \n    Users u ON p.OwnerUserId = u.Id\nLEFT JOIN \n    Comments cm ON p.Id = cm.PostId\nLEFT JOIN \n    Votes v ON p.Id = v.PostId\nLEFT JOIN \n    Badges b ON u.Id = b.UserId\nWHERE \n    p.CreationDate >= DATE '2023-01-01'\nGROUP BY \n    p.Id, p.Title, p.CreationDate, p.Score, p.ViewCount, p.AnswerCount, p.CommentCount, u.DisplayName, u.Reputation\nORDER BY \n    p.CreationDate DESC\nLIMIT 100;\n",
    "blocked_thread_time": 0.0,
    "cpu_time": 16.95556330299988,
    "extra_info": {},
    "cumulative_cardinality": 564771744,
    "cumulative_rows_scanned": 27418465,
    "result_set_size": 8800,
    "latency": 18.864958166,
    "children": [
        {
            "operator_name": "STREAMING_LIMIT",
            "cpu_time": 16.95556330299988,
            "extra_info": {},
            "cumulative_cardinality": 564771744,
            "operator_type": "STREAMING_LIMIT",
            "operator_cardinality": 100,
            "cumulative_rows_scanned": 27418465,
            "operator_rows_scanned": 0,
            "operator_timing": 0.000001873,
            "result_set_size": 8800,
            "children": [
                {
                    "operator_name": "PROJECTION",
                    "cpu_time": 16.955561429999882,
                    "extra_info": {
                        "Projections": [
                            "#0",
                            "#1",
                            "#2",
                            "__internal_decompress_integral_integer(#3, -72)",
                            "#4",
                            "__internal_decompress_integral_integer(#5, 0)",
                            "__internal_decompress_integral_integer(#6, 0)",
                            "#7",
                            "#8",
                            "#9",
                            "#10",
                            "#11"
                        ],
                        "Estimated Cardinality": "3850116"
                    },
                    "cumulative_cardinality": 564771644,
                    "operator_type": "PROJECTION",
                    "operator_cardinality": 4096,
                    "cumulative_rows_scanned": 27418465,
                    "operator_rows_scanned": 0,
                    "operator_timing": 0.000020759000000000002,
                    "result_set_size": 360448,
                    "children": [
                        {
                            "operator_name": "ORDER_BY",
                            "cpu_time": 16.95554067099988,
                            "extra_info": {
                                "Order By": "p.CreationDate DESC"
                            },
                            "cumulative_cardinality": 564767548,
                            "operator_type": "ORDER_BY",
                            "operator_cardinality": 4096,
                            "cumulative_rows_scanned": 27418465,
                            "operator_rows_scanned": 0,
                            "operator_timing": 0.018889333000000005,
                            "result_set_size": 327680,
                            "children": [
                                {
                                    "operator_name": "PROJECTION",
                                    "cpu_time": 16.93665133799988,
                                    "extra_info": {
                                        "Projections": [
                                            "#0",
                                            "#1",
                                            "#2",
                                            "__internal_compress_integral_usmallint(#3, -72)",
                                            "#4",
                                            "__internal_compress_integral_utinyint(#5, 0)",
                                            "__internal_compress_integral_utinyint(#6, 0)",
                                            "#7",
                                            "#8",
                                            "#9",
                                            "#10",
                                            "#11"
                                        ],
                                        "Estimated Cardinality": "3850116"
                                    },
                                    "cumulative_cardinality": 564763452,
                                    "operator_type": "PROJECTION",
                                    "operator_cardinality": 261413,
                                    "cumulative_rows_scanned": 27418465,
                                    "operator_rows_scanned": 0,
                                    "operator_timing": 0.0009809430000000004,
                                    "result_set_size": 20913040,
                                    "children": [
                                        {
                                            "operator_name": "PROJECTION",
                                            "cpu_time": 16.93567039499988,
                                            "extra_info": {
                                                "Projections": [
                                                    "#0",
                                                    "#1",
                                                    "#2",
                                                    "__internal_decompress_integral_integer(#3, -72)",
                                                    "#4",
                                                    "__internal_decompress_integral_integer(#5, 0)",
                                                    "__internal_decompress_integral_integer(#6, 0)",
                                                    "#7",
                                                    "#8",
                                                    "#9",
                                                    "#10",
                                                    "#11"
                                                ],
                                                "Estimated Cardinality": "3850116"
                                            },
                                            "cumulative_cardinality": 564502039,
                                            "operator_type": "PROJECTION",
                                            "operator_cardinality": 261413,
                                            "cumulative_rows_scanned": 27418465,
                                            "operator_rows_scanned": 0,
                                            "operator_timing": 0.001073776,
                                            "result_set_size": 23004344,
                                            "children": [
                                                {
                                                    "operator_name": "HASH_GROUP_BY",
                                                    "cpu_time": 16.934596618999883,
                                                    "extra_info": {
                                                        "Groups": [
                                                            "#0",
                                                            "#1",
                                                            "#2",
                                                            "#3",
                                                            "#4",
                                                            "#5",
                                                            "#6",
                                                            "#7",
                                                            "#8"
                                                        ],
                                                        "Aggregates": [
                                                            "count(#9)",
                                                            "count(#10)",
                                                            "count(#11)"
                                                        ],
                                                        "Estimated Cardinality": "3850116"
                                                    },
                                                    "cumulative_cardinality": 564240626,
                                                    "operator_type": "HASH_GROUP_BY",
                                                    "operator_cardinality": 261413,
                                                    "cumulative_rows_scanned": 27418465,
                                                    "operator_rows_scanned": 0,
                                                    "operator_timing": 10.687699638999897,
                                                    "result_set_size": 20913040,
                                                    "children": [
                                                        {
                                                            "operator_name": "PROJECTION",
                                                            "cpu_time": 6.246896979999988,
                                                            "extra_info": {
                                                                "Projections": [
                                                                    "id",
                                                                    "title",
                                                                    "creationdate",
                                                                    "score",
                                                                    "viewcount",
                                                                    "answercount",
                                                                    "commentcount",
                                                                    "displayname",
                                                                    "reputation",
                                                                    "id",
                                                                    "id",
                                                                    "id"
                                                                ],
                                                                "Estimated Cardinality": "12744093"
                                                            },
                                                            "cumulative_cardinality": 563979213,
                                                            "operator_type": "PROJECTION",
                                                            "operator_cardinality": 181397559,
                                                            "cumulative_rows_scanned": 27418465,
                                                            "operator_rows_scanned": 0,
                                                            "operator_timing": 0.05167820499999149,
                                                            "result_set_size": 12335034012,
                                                            "children": [
                                                                {
                                                                    "operator_name": "PROJECTION",
                                                                    "cpu_time": 6.195218774999997,
                                                                    "extra_info": {
                                                                        "Projections": [
                                                                            "#3",
                                                                            "#4",
                                                                            "__internal_compress_integral_usmallint(#5, -72)",
                                                                            "#6",
                                                                            "#7",
                                                                            "__internal_compress_integral_utinyint(#8, 0)",
                                                                            "__internal_compress_integral_utinyint(#9, 0)",
                                                                            "#1",
                                                                            "#2",
                                                                            "#0",
                                                                            "#10",
                                                                            "#11"
                                                                        ],
                                                                        "Estimated Cardinality": "12744093"
                                                                    },
                                                                    "cumulative_cardinality": 382581654,
                                                                    "operator_type": "PROJECTION",
                                                                    "operator_cardinality": 181397559,
                                                                    "cumulative_rows_scanned": 27418465,
                                                                    "operator_rows_scanned": 0,
                                                                    "operator_timing": 0.7335816569999987,
                                                                    "result_set_size": 12335034012,
                                                                    "children": [
                                                                        {
                                                                            "operator_name": "HASH_JOIN",
                                                                            "cpu_time": 5.461637117999999,
                                                                            "extra_info": {
                                                                                "Join Type": "LEFT",
                                                                                "Conditions": "id = userid",
                                                                                "Estimated Cardinality": "12744093"
                                                                            },
                                                                            "cumulative_cardinality": 201184095,
                                                                            "operator_type": "HASH_JOIN",
                                                                            "operator_cardinality": 181397559,
                                                                            "cumulative_rows_scanned": 27418465,
                                                                            "operator_rows_scanned": 0,
                                                                            "operator_timing": 2.373200898999999,
                                                                            "result_set_size": 13786214484,
                                                                            "children": [
                                                                                {
                                                                                    "operator_name": "HASH_JOIN",
                                                                                    "cpu_time": 2.660364370999999,
                                                                                    "extra_info": {
                                                                                        "Join Type": "LEFT",
                                                                                        "Conditions": "id = postid",
                                                                                        "Estimated Cardinality": "12744093"
                                                                                    },
                                                                                    "cumulative_cardinality": 17464812,
                                                                                    "operator_type": "HASH_JOIN",
                                                                                    "operator_cardinality": 1744678,
                                                                                    "cumulative_rows_scanned": 25096741,
                                                                                    "operator_rows_scanned": 0,
                                                                                    "operator_timing": 0.7770086640000001,
                                                                                    "result_set_size": 132595528,
                                                                                    "children": [
                                                                                        {
                                                                                            "operator_name": "HASH_JOIN",
                                                                                            "cpu_time": 1.700973052,
                                                                                            "extra_info": {
                                                                                                "Join Type": "RIGHT",
                                                                                                "Conditions": "postid = id",
                                                                                                "Estimated Cardinality": "7241822"
                                                                                            },
                                                                                            "cumulative_cardinality": 2976041,
                                                                                            "operator_type": "HASH_JOIN",
                                                                                            "operator_cardinality": 643779,
                                                                                            "cumulative_rows_scanned": 12352648,
                                                                                            "operator_rows_scanned": 0,
                                                                                            "operator_timing": 0.11707512000000002,
                                                                                            "result_set_size": 46352088,
                                                                                            "children": [
                                                                                                {
                                                                                                    "operator_name": "READ_PARQUET ",
                                                                                                    "cpu_time": 0.02113478399999998,
                                                                                                    "extra_info": {
                                                                                                        "Function": "READ_PARQUET",
                                                                                                        "Projections": [
                                                                                                            "id",
                                                                                                            "postid"
                                                                                                        ],
                                                                                                        "Estimated Cardinality": "7241822"
                                                                                                    },
                                                                                                    "cumulative_cardinality": 544915,
                                                                                                    "operator_type": "TABLE_SCAN",
                                                                                                    "operator_cardinality": 544915,
                                                                                                    "cumulative_rows_scanned": 7241822,
                                                                                                    "operator_rows_scanned": 7241822,
                                                                                                    "operator_timing": 0.02113478399999998,
                                                                                                    "result_set_size": 4359320,
                                                                                                    "children": []
                                                                                                },
                                                                                                {
                                                                                                    "operator_name": "HASH_JOIN",
                                                                                                    "cpu_time": 1.562763148,
                                                                                                    "extra_info": {
                                                                                                        "Join Type": "INNER",
                                                                                                        "Conditions": "id = owneruserid",
                                                                                                        "Estimated Cardinality": "770023"
                                                                                                    },
                                                                                                    "cumulative_cardinality": 1787347,
                                                                                                    "operator_type": "HASH_JOIN",
                                                                                                    "operator_cardinality": 261413,
                                                                                                    "cumulative_rows_scanned": 5110826,
                                                                                                    "operator_rows_scanned": 0,
                                                                                                    "operator_timing": 0.0904731360000001,
                                                                                                    "result_set_size": 17776084,
                                                                                                    "children": [
                                                                                                        {
                                                                                                            "operator_name": "READ_PARQUET ",
                                                                                                            "cpu_time": 1.3532954619999997,
                                                                                                            "extra_info": {
                                                                                                                "Function": "READ_PARQUET",
                                                                                                                "Projections": [
                                                                                                                    "id",
                                                                                                                    "reputation",
                                                                                                                    "displayname"
                                                                                                                ],
                                                                                                                "Filters": "id<=1416539",
                                                                                                                "Estimated Cardinality": "1260710"
                                                                                                            },
                                                                                                            "cumulative_cardinality": 1260679,
                                                                                                            "operator_type": "TABLE_SCAN",
                                                                                                            "operator_cardinality": 1260679,
                                                                                                            "cumulative_rows_scanned": 1260710,
                                                                                                            "operator_rows_scanned": 1260710,
                                                                                                            "operator_timing": 1.3532954619999997,
                                                                                                            "result_set_size": 30256296,
                                                                                                            "children": []
                                                                                                        },
                                                                                                        {
                                                                                                            "operator_name": "READ_PARQUET ",
                                                                                                            "cpu_time": 0.11899455000000007,
                                                                                                            "extra_info": {
                                                                                                                "Function": "READ_PARQUET",
                                                                                                                "Projections": [
                                                                                                                    "id",
                                                                                                                    "creationdate",
                                                                                                                    "score",
                                                                                                                    "viewcount",
                                                                                                                    "owneruserid",
                                                                                                                    "title",
                                                                                                                    "answercount",
                                                                                                                    "commentcount"
                                                                                                                ],
                                                                                                                "Filters": "creationdate>='2023-01-01 00:00:00'::TIMESTAMP",
                                                                                                                "Estimated Cardinality": "770023"
                                                                                                            },
                                                                                                            "cumulative_cardinality": 265255,
                                                                                                            "operator_type": "TABLE_SCAN",
                                                                                                            "operator_cardinality": 265255,
                                                                                                            "cumulative_rows_scanned": 3850116,
                                                                                                            "operator_rows_scanned": 3850116,
                                                                                                            "operator_timing": 0.11899455000000007,
                                                                                                            "result_set_size": 12732240,
                                                                                                            "children": []
                                                                                                        }
                                                                                                    ]
                                                                                                }
                                                                                            ]
                                                                                        },
                                                                                        {
                                                                                            "operator_name": "READ_PARQUET ",
                                                                                            "cpu_time": 0.1823826549999992,
                                                                                            "extra_info": {
                                                                                                "Function": "READ_PARQUET",
                                                                                                "Projections": [
                                                                                                    "id",
                                                                                                    "postid"
                                                                                                ],
                                                                                                "Estimated Cardinality": "12744093"
                                                                                            },
                                                                                            "cumulative_cardinality": 12744093,
                                                                                            "operator_type": "TABLE_SCAN",
                                                                                            "operator_cardinality": 12744093,
                                                                                            "cumulative_rows_scanned": 12744093,
                                                                                            "operator_rows_scanned": 12744093,
                                                                                            "operator_timing": 0.1823826549999992,
                                                                                            "result_set_size": 101952744,
                                                                                            "children": []
                                                                                        }
                                                                                    ]
                                                                                },
                                                                                {
                                                                                    "operator_name": "READ_PARQUET ",
                                                                                    "cpu_time": 0.42807184800000053,
                                                                                    "extra_info": {
                                                                                        "Function": "READ_PARQUET",
                                                                                        "Projections": [
                                                                                            "id",
                                                                                            "userid"
                                                                                        ],
                                                                                        "Estimated Cardinality": "2321724"
                                                                                    },
                                                                                    "cumulative_cardinality": 2321724,
                                                                                    "operator_type": "TABLE_SCAN",
                                                                                    "operator_cardinality": 2321724,
                                                                                    "cumulative_rows_scanned": 2321724,
                                                                                    "operator_rows_scanned": 2321724,
                                                                                    "operator_timing": 0.42807184800000053,
                                                                                    "result_set_size": 18573792,
                                                                                    "children": []
                                                                                }
                                                                            ]
                                                                        }
                                                                    ]
                                                                }
                                                            ]
                                                        }
                                                    ]
                                                }
                                            ]
                                        }
                                    ]
                                }
                            ]
                        }
                    ]
                }
            ]
        }
    ]
}