{
    "rows_returned": 3850116,
    "query_name": "WITH PostInteractionCounts AS (\n    SELECT\n        p.Id AS PostId,\n        p.Title,\n        p.CreationDate,\n        COUNT(c.Id) AS CommentCount,\n        COUNT(v.Id) AS VoteCount,\n        SUM(CASE WHEN v.VoteTypeId = 2 THEN 1 ELSE 0 END) AS UpVoteCount,\n        SUM(CASE WHEN v.VoteTypeId = 3 THEN 1 ELSE 0 END) AS DownVoteCount\n    FROM \n        Posts p\n    LEFT JOIN \n        Comments c ON p.Id = c.PostId\n    LEFT JOIN \n        Votes v ON p.Id = v.PostId\n    WHERE \n        p.CreationDate >= '2023-01-01'  \n    GROUP BY \n        p.Id, p.Title, p.CreationDate\n),\nPostSummary AS (\n    SELECT\n        p.Id,\n        p.Title,\n        p.CreationDate,\n        COALESCE(ic.CommentCount, 0) AS CommentCount,\n        COALESCE(ic.VoteCount, 0) AS VoteCount,\n        COALESCE(ic.UpVoteCount, 0) AS UpVoteCount,\n        COALESCE(ic.DownVoteCount, 0) AS DownVoteCount,\n        p.Score,\n        p.ViewCount\n    FROM \n        Posts p\n    LEFT JOIN \n        PostInteractionCounts ic ON p.Id = ic.PostId\n)\nSELECT\n    ps.Title,\n    ps.CreationDate,\n    ps.CommentCount,\n    ps.VoteCount,\n    ps.UpVoteCount,\n    ps.DownVoteCount,\n    ps.Score,\n    ps.ViewCount\nFROM \n    PostSummary ps\nORDER BY \n    ps.CreationDate DESC;",
    "blocked_thread_time": 0.0,
    "cpu_time": 4.765158456999998,
    "extra_info": {},
    "cumulative_cardinality": 29445331,
    "cumulative_rows_scanned": 27686147,
    "result_set_size": 308009280,
    "latency": 15.026382555,
    "children": [
        {
            "operator_name": "PROJECTION",
            "cpu_time": 4.765158456999998,
            "extra_info": {
                "Projections": [
                    "#0",
                    "#1",
                    "#2",
                    "#3",
                    "#4",
                    "#5",
                    "__internal_decompress_integral_integer(#6, -72)",
                    "#7"
                ],
                "Estimated Cardinality": "3850116"
            },
            "cumulative_cardinality": 29445331,
            "operator_type": "PROJECTION",
            "operator_cardinality": 3850116,
            "cumulative_rows_scanned": 27686147,
            "operator_rows_scanned": 0,
            "operator_timing": 0.001937446000000005,
            "result_set_size": 308009280,
            "children": [
                {
                    "operator_name": "ORDER_BY",
                    "cpu_time": 4.763221010999998,
                    "extra_info": {
                        "Order By": "ps.CreationDate DESC"
                    },
                    "cumulative_cardinality": 25595215,
                    "operator_type": "ORDER_BY",
                    "operator_cardinality": 3850116,
                    "cumulative_rows_scanned": 27686147,
                    "operator_rows_scanned": 0,
                    "operator_timing": 0.6689214599999992,
                    "result_set_size": 300309048,
                    "children": [
                        {
                            "operator_name": "PROJECTION",
                            "cpu_time": 4.094299550999999,
                            "extra_info": {
                                "Projections": [
                                    "#0",
                                    "#1",
                                    "#2",
                                    "#3",
                                    "#4",
                                    "#5",
                                    "__internal_compress_integral_usmallint(#6, -72)",
                                    "#7"
                                ],
                                "Estimated Cardinality": "3850116"
                            },
                            "cumulative_cardinality": 21745099,
                            "operator_type": "PROJECTION",
                            "operator_cardinality": 3850116,
                            "cumulative_rows_scanned": 27686147,
                            "operator_rows_scanned": 0,
                            "operator_timing": 0.004332418000000005,
                            "result_set_size": 300309048,
                            "children": [
                                {
                                    "operator_name": "PROJECTION",
                                    "cpu_time": 4.089967132999999,
                                    "extra_info": {
                                        "Projections": [
                                            "title",
                                            "creationdate",
                                            "CommentCount",
                                            "VoteCount",
                                            "UpVoteCount",
                                            "DownVoteCount",
                                            "score",
                                            "viewcount"
                                        ],
                                        "Estimated Cardinality": "3850116"
                                    },
                                    "cumulative_cardinality": 17894983,
                                    "operator_type": "PROJECTION",
                                    "operator_cardinality": 3850116,
                                    "cumulative_rows_scanned": 27686147,
                                    "operator_rows_scanned": 0,
                                    "operator_timing": 0.15911241800000006,
                                    "result_set_size": 308009280,
                                    "children": [
                                        {
                                            "operator_name": "HASH_JOIN",
                                            "cpu_time": 3.930854714999999,
                                            "extra_info": {
                                                "Join Type": "LEFT",
                                                "Conditions": "id = PostId",
                                                "Estimated Cardinality": "3850116"
                                            },
                                            "cumulative_cardinality": 14044867,
                                            "operator_type": "HASH_JOIN",
                                            "operator_cardinality": 3850116,
                                            "cumulative_rows_scanned": 27686147,
                                            "operator_rows_scanned": 0,
                                            "operator_timing": 0.18518298700000005,
                                            "result_set_size": 308009280,
                                            "children": [
                                                {
                                                    "operator_name": "READ_PARQUET ",
                                                    "cpu_time": 2.5763960869999987,
                                                    "extra_info": {
                                                        "Function": "READ_PARQUET",
                                                        "Projections": [
                                                            "id",
                                                            "creationdate",
                                                            "score",
                                                            "viewcount",
                                                            "title"
                                                        ],
                                                        "Estimated Cardinality": "3850116"
                                                    },
                                                    "cumulative_cardinality": 3850116,
                                                    "operator_type": "TABLE_SCAN",
                                                    "operator_cardinality": 3850116,
                                                    "cumulative_rows_scanned": 3850116,
                                                    "operator_rows_scanned": 3850116,
                                                    "operator_timing": 2.5763960869999987,
                                                    "result_set_size": 138604176,
                                                    "children": []
                                                },
                                                {
                                                    "operator_name": "PROJECTION",
                                                    "cpu_time": 1.1692756409999998,
                                                    "extra_info": {
                                                        "Projections": [
                                                            "PostId",
                                                            "CommentCount",
                                                            "VoteCount",
                                                            "UpVoteCount",
                                                            "DownVoteCount"
                                                        ],
                                                        "Estimated Cardinality": "3850116"
                                                    },
                                                    "cumulative_cardinality": 6344635,
                                                    "operator_type": "PROJECTION",
                                                    "operator_cardinality": 265255,
                                                    "cumulative_rows_scanned": 23836031,
                                                    "operator_rows_scanned": 0,
                                                    "operator_timing": 0.00006147500000000004,
                                                    "result_set_size": 13793260,
                                                    "children": [
                                                        {
                                                            "operator_name": "HASH_GROUP_BY",
                                                            "cpu_time": 1.1692141659999997,
                                                            "extra_info": {
                                                                "Groups": [
                                                                    "#0",
                                                                    "#1",
                                                                    "#2"
                                                                ],
                                                                "Aggregates": [
                                                                    "count(#3)",
                                                                    "count(#4)",
                                                                    "sum(#5)",
                                                                    "sum(#6)"
                                                                ],
                                                                "Estimated Cardinality": "3850116"
                                                            },
                                                            "cumulative_cardinality": 6079380,
                                                            "operator_type": "HASH_GROUP_BY",
                                                            "operator_cardinality": 265255,
                                                            "cumulative_rows_scanned": 23836031,
                                                            "operator_rows_scanned": 0,
                                                            "operator_timing": 0.28484557699999963,
                                                            "result_set_size": 20159380,
                                                            "children": [
                                                                {
                                                                    "operator_name": "PROJECTION",
                                                                    "cpu_time": 0.8843685890000001,
                                                                    "extra_info": {
                                                                        "Projections": [
                                                                            "id",
                                                                            "title",
                                                                            "creationdate",
                                                                            "id",
                                                                            "id",
                                                                            "CASE  WHEN ((votetypeid = 2)) THEN (1) ELSE 0 END",
                                                                            "CASE  WHEN ((votetypeid = 3)) THEN (1) ELSE 0 END"
                                                                        ],
                                                                        "Estimated Cardinality": "12744093"
                                                                    },
                                                                    "cumulative_cardinality": 5814125,
                                                                    "operator_type": "PROJECTION",
                                                                    "operator_cardinality": 1773112,
                                                                    "cumulative_rows_scanned": 23836031,
                                                                    "operator_rows_scanned": 0,
                                                                    "operator_timing": 0.026571539999999984,
                                                                    "result_set_size": 78016928,
                                                                    "children": [
                                                                        {
                                                                            "operator_name": "HASH_JOIN",
                                                                            "cpu_time": 0.8577970490000002,
                                                                            "extra_info": {
                                                                                "Join Type": "RIGHT",
                                                                                "Conditions": "postid = id",
                                                                                "Estimated Cardinality": "12744093"
                                                                            },
                                                                            "cumulative_cardinality": 4041013,
                                                                            "operator_type": "HASH_JOIN",
                                                                            "operator_cardinality": 1773112,
                                                                            "cumulative_rows_scanned": 23836031,
                                                                            "operator_rows_scanned": 0,
                                                                            "operator_timing": 0.2010156320000001,
                                                                            "result_set_size": 67378256,
                                                                            "children": [
                                                                                {
                                                                                    "operator_name": "READ_PARQUET ",
                                                                                    "cpu_time": 0.05302745700000002,
                                                                                    "extra_info": {
                                                                                        "Function": "READ_PARQUET",
                                                                                        "Projections": [
                                                                                            "id",
                                                                                            "postid",
                                                                                            "votetypeid"
                                                                                        ],
                                                                                        "Estimated Cardinality": "12744093"
                                                                                    },
                                                                                    "cumulative_cardinality": 802778,
                                                                                    "operator_type": "TABLE_SCAN",
                                                                                    "operator_cardinality": 802778,
                                                                                    "cumulative_rows_scanned": 12744093,
                                                                                    "operator_rows_scanned": 12744093,
                                                                                    "operator_timing": 0.05302745700000002,
                                                                                    "result_set_size": 8027780,
                                                                                    "children": []
                                                                                },
                                                                                {
                                                                                    "operator_name": "HASH_JOIN",
                                                                                    "cpu_time": 0.60375396,
                                                                                    "extra_info": {
                                                                                        "Join Type": "RIGHT",
                                                                                        "Conditions": "postid = id",
                                                                                        "Estimated Cardinality": "7241822"
                                                                                    },
                                                                                    "cumulative_cardinality": 1465123,
                                                                                    "operator_type": "HASH_JOIN",
                                                                                    "operator_cardinality": 654953,
                                                                                    "cumulative_rows_scanned": 11091938,
                                                                                    "operator_rows_scanned": 0,
                                                                                    "operator_timing": 0.05621311799999999,
                                                                                    "result_set_size": 20958496,
                                                                                    "children": [
                                                                                        {
                                                                                            "operator_name": "READ_PARQUET ",
                                                                                            "cpu_time": 0.476861238,
                                                                                            "extra_info": {
                                                                                                "Function": "READ_PARQUET",
                                                                                                "Projections": [
                                                                                                    "id",
                                                                                                    "postid"
                                                                                                ],
                                                                                                "Estimated Cardinality": "7241822"
                                                                                            },
                                                                                            "cumulative_cardinality": 544915,
                                                                                            "operator_type": "TABLE_SCAN",
                                                                                            "operator_cardinality": 544915,
                                                                                            "cumulative_rows_scanned": 7241822,
                                                                                            "operator_rows_scanned": 7241822,
                                                                                            "operator_timing": 0.476861238,
                                                                                            "result_set_size": 4359320,
                                                                                            "children": []
                                                                                        },
                                                                                        {
                                                                                            "operator_name": "READ_PARQUET ",
                                                                                            "cpu_time": 0.07067960400000005,
                                                                                            "extra_info": {
                                                                                                "Function": "READ_PARQUET",
                                                                                                "Projections": [
                                                                                                    "id",
                                                                                                    "creationdate",
                                                                                                    "title"
                                                                                                ],
                                                                                                "Filters": "creationdate>='2023-01-01 00:00:00'::TIMESTAMP",
                                                                                                "Estimated Cardinality": "770023"
                                                                                            },
                                                                                            "cumulative_cardinality": 265255,
                                                                                            "operator_type": "TABLE_SCAN",
                                                                                            "operator_cardinality": 265255,
                                                                                            "cumulative_rows_scanned": 3850116,
                                                                                            "operator_rows_scanned": 3850116,
                                                                                            "operator_timing": 0.07067960400000005,
                                                                                            "result_set_size": 7427140,
                                                                                            "children": []
                                                                                        }
                                                                                    ]
                                                                                }
                                                                            ]
                                                                        }
                                                                    ]
                                                                }
                                                            ]
                                                        }
                                                    ]
                                                }
                                            ]
                                        }
                                    ]
                                }
                            ]
                        }
                    ]
                }
            ]
        }
    ]
}