{
    "rows_returned": 100,
    "query_name": "SELECT \n    p.Title AS PostTitle,\n    p.CreationDate AS PostCreationDate,\n    u.DisplayName AS OwnerDisplayName,\n    u.Reputation AS OwnerReputation,\n    COUNT(c.Id) AS CommentCount,\n    COUNT(v.Id) AS VoteCount,\n    SUM(CASE WHEN v.VoteTypeId = 2 THEN 1 ELSE 0 END) AS UpVotes,\n    SUM(CASE WHEN v.VoteTypeId = 3 THEN 1 ELSE 0 END) AS DownVotes,\n    pt.Name AS PostTypeName,\n    MAX(ph.CreationDate) AS LastEditDate,\n    COUNT(DISTINCT ph.Id) AS EditCount\nFROM \n    Posts p\nJOIN \n    Users u ON p.OwnerUserId = u.Id\nLEFT JOIN \n    Comments c ON p.Id = c.PostId\nLEFT JOIN \n    Votes v ON p.Id = v.PostId\nLEFT JOIN \n    PostTypes pt ON p.PostTypeId = pt.Id\nLEFT JOIN \n    PostHistory ph ON p.Id = ph.PostId\nGROUP BY \n    p.Id, p.Title, p.CreationDate, u.DisplayName, u.Reputation, pt.Name\nORDER BY \n    p.CreationDate DESC\nLIMIT 100;",
    "blocked_thread_time": 0.0,
    "cpu_time": 40.561143471000236,
    "extra_info": {},
    "cumulative_cardinality": 517850772,
    "cumulative_rows_scanned": 36891993,
    "result_set_size": 12400,
    "latency": 46.297525179,
    "children": [
        {
            "operator_name": "STREAMING_LIMIT",
            "cpu_time": 40.561143471000236,
            "extra_info": {},
            "cumulative_cardinality": 517850772,
            "operator_type": "STREAMING_LIMIT",
            "operator_cardinality": 100,
            "cumulative_rows_scanned": 36891993,
            "operator_rows_scanned": 0,
            "operator_timing": 0.000002705,
            "result_set_size": 12400,
            "children": [
                {
                    "operator_name": "ORDER_BY",
                    "cpu_time": 40.561140766000236,
                    "extra_info": {
                        "Order By": "p.CreationDate DESC"
                    },
                    "cumulative_cardinality": 517850672,
                    "operator_type": "ORDER_BY",
                    "operator_cardinality": 4096,
                    "cumulative_rows_scanned": 36891993,
                    "operator_rows_scanned": 0,
                    "operator_timing": 0.2727486329999996,
                    "result_set_size": 507904,
                    "children": [
                        {
                            "operator_name": "PROJECTION",
                            "cpu_time": 40.28839213300024,
                            "extra_info": {
                                "Projections": [
                                    "PostTitle",
                                    "PostCreationDate",
                                    "OwnerDisplayName",
                                    "OwnerReputation",
                                    "CommentCount",
                                    "VoteCount",
                                    "UpVotes",
                                    "DownVotes",
                                    "PostTypeName",
                                    "LastEditDate",
                                    "EditCount"
                                ],
                                "Estimated Cardinality": "3850116"
                            },
                            "cumulative_cardinality": 517846576,
                            "operator_type": "PROJECTION",
                            "operator_cardinality": 3685416,
                            "cumulative_rows_scanned": 36891993,
                            "operator_rows_scanned": 0,
                            "operator_timing": 0.001260057000000001,
                            "result_set_size": 456991584,
                            "children": [
                                {
                                    "operator_name": "HASH_GROUP_BY",
                                    "cpu_time": 40.28713207600023,
                                    "extra_info": {
                                        "Groups": [
                                            "#0",
                                            "#1",
                                            "#2",
                                            "#3",
                                            "#4",
                                            "#5"
                                        ],
                                        "Aggregates": [
                                            "count(#6)",
                                            "count(#7)",
                                            "sum(#8)",
                                            "sum(#9)",
                                            "max(#10)",
                                            "count(DISTINCT #11)"
                                        ],
                                        "Estimated Cardinality": "3850116"
                                    },
                                    "cumulative_cardinality": 514161160,
                                    "operator_type": "HASH_GROUP_BY",
                                    "operator_cardinality": 3685416,
                                    "cumulative_rows_scanned": 36891993,
                                    "operator_rows_scanned": 0,
                                    "operator_timing": 31.127681518000216,
                                    "result_set_size": 471733248,
                                    "children": [
                                        {
                                            "operator_name": "PROJECTION",
                                            "cpu_time": 9.159450558000014,
                                            "extra_info": {
                                                "Projections": [
                                                    "id",
                                                    "title",
                                                    "creationdate",
                                                    "displayname",
                                                    "reputation",
                                                    "name",
                                                    "id",
                                                    "id",
                                                    "CASE  WHEN ((votetypeid = 2)) THEN (1) ELSE 0 END",
                                                    "CASE  WHEN ((votetypeid = 3)) THEN (1) ELSE 0 END",
                                                    "creationdate",
                                                    "id"
                                                ],
                                                "Estimated Cardinality": "12744093"
                                            },
                                            "cumulative_cardinality": 510475744,
                                            "operator_type": "PROJECTION",
                                            "operator_cardinality": 174044536,
                                            "cumulative_rows_scanned": 36891993,
                                            "operator_rows_scanned": 0,
                                            "operator_timing": 1.1831698920000187,
                                            "result_set_size": 16012097312,
                                            "children": [
                                                {
                                                    "operator_name": "HASH_JOIN",
                                                    "cpu_time": 7.976280665999995,
                                                    "extra_info": {
                                                        "Join Type": "LEFT",
                                                        "Conditions": "id = postid",
                                                        "Estimated Cardinality": "12744093"
                                                    },
                                                    "cumulative_cardinality": 336431208,
                                                    "operator_type": "HASH_JOIN",
                                                    "operator_cardinality": 174044536,
                                                    "cumulative_rows_scanned": 36891993,
                                                    "operator_rows_scanned": 0,
                                                    "operator_timing": 3.8689000009999917,
                                                    "result_set_size": 14967830096,
                                                    "children": [
                                                        {
                                                            "operator_name": "HASH_JOIN",
                                                            "cpu_time": 3.825476720000003,
                                                            "extra_info": {
                                                                "Join Type": "LEFT",
                                                                "Conditions": "posttypeid = id",
                                                                "Estimated Cardinality": "12744093"
                                                            },
                                                            "cumulative_cardinality": 150591428,
                                                            "operator_type": "HASH_JOIN",
                                                            "operator_cardinality": 33564490,
                                                            "cumulative_rows_scanned": 25096749,
                                                            "operator_rows_scanned": 0,
                                                            "operator_timing": 0.755109228000009,
                                                            "result_set_size": 2483772260,
                                                            "children": [
                                                                {
                                                                    "operator_name": "PROJECTION",
                                                                    "cpu_time": 3.0700315649999936,
                                                                    "extra_info": {
                                                                        "Projections": [
                                                                            "#0",
                                                                            "#1",
                                                                            "#2",
                                                                            "#3",
                                                                            "#4",
                                                                            "#5",
                                                                            "#6",
                                                                            "#7",
                                                                            "__internal_decompress_integral_smallint(#8, 1)"
                                                                        ],
                                                                        "Estimated Cardinality": "12744093"
                                                                    },
                                                                    "cumulative_cardinality": 117026930,
                                                                    "operator_type": "PROJECTION",
                                                                    "operator_cardinality": 33564490,
                                                                    "cumulative_rows_scanned": 25096741,
                                                                    "operator_rows_scanned": 0,
                                                                    "operator_timing": 0.052108665999998846,
                                                                    "result_set_size": 2013869400,
                                                                    "children": [
                                                                        {
                                                                            "operator_name": "HASH_JOIN",
                                                                            "cpu_time": 3.017922898999995,
                                                                            "extra_info": {
                                                                                "Join Type": "LEFT",
                                                                                "Conditions": "id = postid",
                                                                                "Estimated Cardinality": "12744093"
                                                                            },
                                                                            "cumulative_cardinality": 83462440,
                                                                            "operator_type": "HASH_JOIN",
                                                                            "operator_cardinality": 33564490,
                                                                            "cumulative_rows_scanned": 25096741,
                                                                            "operator_rows_scanned": 0,
                                                                            "operator_timing": 1.2384868759999947,
                                                                            "result_set_size": 1980304910,
                                                                            "children": [
                                                                                {
                                                                                    "operator_name": "HASH_JOIN",
                                                                                    "cpu_time": 1.5303419869999992,
                                                                                    "extra_info": {
                                                                                        "Join Type": "LEFT",
                                                                                        "Conditions": "id = postid",
                                                                                        "Estimated Cardinality": "7241822"
                                                                                    },
                                                                                    "cumulative_cardinality": 24409764,
                                                                                    "operator_type": "HASH_JOIN",
                                                                                    "operator_cardinality": 8536431,
                                                                                    "cumulative_rows_scanned": 12352648,
                                                                                    "operator_rows_scanned": 0,
                                                                                    "operator_timing": 0.608014789999999,
                                                                                    "result_set_size": 460967274,
                                                                                    "children": [
                                                                                        {
                                                                                            "operator_name": "HASH_JOIN",
                                                                                            "cpu_time": 0.8507942480000001,
                                                                                            "extra_info": {
                                                                                                "Join Type": "INNER",
                                                                                                "Conditions": "owneruserid = id",
                                                                                                "Estimated Cardinality": "3850116"
                                                                                            },
                                                                                            "cumulative_cardinality": 8631511,
                                                                                            "operator_type": "HASH_JOIN",
                                                                                            "operator_cardinality": 3685416,
                                                                                            "cumulative_rows_scanned": 5110826,
                                                                                            "operator_rows_scanned": 0,
                                                                                            "operator_timing": 0.2699412460000002,
                                                                                            "result_set_size": 184270800,
                                                                                            "children": [
                                                                                                {
                                                                                                    "operator_name": "READ_PARQUET ",
                                                                                                    "cpu_time": 0.492644176,
                                                                                                    "extra_info": {
                                                                                                        "Function": "READ_PARQUET",
                                                                                                        "Projections": [
                                                                                                            "id",
                                                                                                            "posttypeid",
                                                                                                            "creationdate",
                                                                                                            "owneruserid",
                                                                                                            "title"
                                                                                                        ],
                                                                                                        "Estimated Cardinality": "3850116"
                                                                                                    },
                                                                                                    "cumulative_cardinality": 3685416,
                                                                                                    "operator_type": "TABLE_SCAN",
                                                                                                    "operator_cardinality": 3685416,
                                                                                                    "cumulative_rows_scanned": 3850116,
                                                                                                    "operator_rows_scanned": 3850116,
                                                                                                    "operator_timing": 0.492644176,
                                                                                                    "result_set_size": 125304144,
                                                                                                    "children": []
                                                                                                },
                                                                                                {
                                                                                                    "operator_name": "READ_PARQUET ",
                                                                                                    "cpu_time": 0.08820882600000003,
                                                                                                    "extra_info": {
                                                                                                        "Function": "READ_PARQUET",
                                                                                                        "Projections": [
                                                                                                            "id",
                                                                                                            "reputation",
                                                                                                            "displayname"
                                                                                                        ],
                                                                                                        "Filters": "id<=1416539",
                                                                                                        "Estimated Cardinality": "1260710"
                                                                                                    },
                                                                                                    "cumulative_cardinality": 1260679,
                                                                                                    "operator_type": "TABLE_SCAN",
                                                                                                    "operator_cardinality": 1260679,
                                                                                                    "cumulative_rows_scanned": 1260710,
                                                                                                    "operator_rows_scanned": 1260710,
                                                                                                    "operator_timing": 0.08820882600000003,
                                                                                                    "result_set_size": 30256296,
                                                                                                    "children": []
                                                                                                }
                                                                                            ]
                                                                                        },
                                                                                        {
                                                                                            "operator_name": "READ_PARQUET ",
                                                                                            "cpu_time": 0.07153294900000005,
                                                                                            "extra_info": {
                                                                                                "Function": "READ_PARQUET",
                                                                                                "Projections": [
                                                                                                    "id",
                                                                                                    "postid"
                                                                                                ],
                                                                                                "Estimated Cardinality": "7241822"
                                                                                            },
                                                                                            "cumulative_cardinality": 7241822,
                                                                                            "operator_type": "TABLE_SCAN",
                                                                                            "operator_cardinality": 7241822,
                                                                                            "cumulative_rows_scanned": 7241822,
                                                                                            "operator_rows_scanned": 7241822,
                                                                                            "operator_timing": 0.07153294900000005,
                                                                                            "result_set_size": 57934576,
                                                                                            "children": []
                                                                                        }
                                                                                    ]
                                                                                },
                                                                                {
                                                                                    "operator_name": "PROJECTION",
                                                                                    "cpu_time": 0.2490940360000006,
                                                                                    "extra_info": {
                                                                                        "Projections": [
                                                                                            "#0",
                                                                                            "#1",
                                                                                            "__internal_compress_integral_utinyint(#2, 1)"
                                                                                        ],
                                                                                        "Estimated Cardinality": "12744093"
                                                                                    },
                                                                                    "cumulative_cardinality": 25488186,
                                                                                    "operator_type": "PROJECTION",
                                                                                    "operator_cardinality": 12744093,
                                                                                    "cumulative_rows_scanned": 12744093,
                                                                                    "operator_rows_scanned": 0,
                                                                                    "operator_timing": 0.003712772000000024,
                                                                                    "result_set_size": 114696837,
                                                                                    "children": [
                                                                                        {
                                                                                            "operator_name": "READ_PARQUET ",
                                                                                            "cpu_time": 0.24538126400000057,
                                                                                            "extra_info": {
                                                                                                "Function": "READ_PARQUET",
                                                                                                "Projections": [
                                                                                                    "id",
                                                                                                    "postid",
                                                                                                    "votetypeid"
                                                                                                ],
                                                                                                "Estimated Cardinality": "12744093"
                                                                                            },
                                                                                            "cumulative_cardinality": 12744093,
                                                                                            "operator_type": "TABLE_SCAN",
                                                                                            "operator_cardinality": 12744093,
                                                                                            "cumulative_rows_scanned": 12744093,
                                                                                            "operator_rows_scanned": 12744093,
                                                                                            "operator_timing": 0.24538126400000057,
                                                                                            "result_set_size": 127440930,
                                                                                            "children": []
                                                                                        }
                                                                                    ]
                                                                                }
                                                                            ]
                                                                        }
                                                                    ]
                                                                },
                                                                {
                                                                    "operator_name": "READ_PARQUET ",
                                                                    "cpu_time": 0.000335927,
                                                                    "extra_info": {
                                                                        "Function": "READ_PARQUET",
                                                                        "Projections": [
                                                                            "id",
                                                                            "name"
                                                                        ],
                                                                        "Estimated Cardinality": "8"
                                                                    },
                                                                    "cumulative_cardinality": 8,
                                                                    "operator_type": "TABLE_SCAN",
                                                                    "operator_cardinality": 8,
                                                                    "cumulative_rows_scanned": 8,
                                                                    "operator_rows_scanned": 8,
                                                                    "operator_timing": 0.000335927,
                                                                    "result_set_size": 144,
                                                                    "children": []
                                                                }
                                                            ]
                                                        },
                                                        {
                                                            "operator_name": "READ_PARQUET ",
                                                            "cpu_time": 0.28190394500000077,
                                                            "extra_info": {
                                                                "Function": "READ_PARQUET",
                                                                "Projections": [
                                                                    "id",
                                                                    "postid",
                                                                    "creationdate"
                                                                ],
                                                                "Estimated Cardinality": "11795244"
                                                            },
                                                            "cumulative_cardinality": 11795244,
                                                            "operator_type": "TABLE_SCAN",
                                                            "operator_cardinality": 11795244,
                                                            "cumulative_rows_scanned": 11795244,
                                                            "operator_rows_scanned": 11795244,
                                                            "operator_timing": 0.28190394500000077,
                                                            "result_set_size": 188723904,
                                                            "children": []
                                                        }
                                                    ]
                                                }
                                            ]
                                        }
                                    ]
                                }
                            ]
                        }
                    ]
                }
            ]
        }
    ]
}