{
    "rows_returned": 7,
    "query_name": "WITH PostStats AS (\n    SELECT \n        pt.Name AS PostTypeName,\n        COUNT(p.Id) AS PostCount,\n        AVG(p.Score) AS AvgScore\n    FROM \n        Posts p\n        JOIN PostTypes pt ON p.PostTypeId = pt.Id\n    GROUP BY \n        pt.Name\n),\nUserStats AS (\n    SELECT \n        COUNT(DISTINCT u.Id) AS UserCount,\n        AVG(u.Reputation) AS AvgReputation,\n        SUM(u.UpVotes) AS TotalUpVotes,\n        SUM(u.DownVotes) AS TotalDownVotes\n    FROM \n        Users u\n)\nSELECT \n    ps.PostTypeName,\n    ps.PostCount,\n    ps.AvgScore,\n    us.UserCount,\n    us.AvgReputation,\n    us.TotalUpVotes,\n    us.TotalDownVotes\nFROM \n    PostStats ps,\n    UserStats us\nORDER BY \n    ps.PostCount DESC;",
    "blocked_thread_time": 0.0,
    "cpu_time": 0.28680165399999963,
    "extra_info": {},
    "cumulative_cardinality": 14071797,
    "cumulative_rows_scanned": 5110834,
    "result_set_size": 560,
    "latency": 0.324055309,
    "children": [
        {
            "operator_name": "ORDER_BY",
            "cpu_time": 0.28680165399999963,
            "extra_info": {
                "Order By": "ps.PostCount DESC"
            },
            "cumulative_cardinality": 14071797,
            "operator_type": "ORDER_BY",
            "operator_cardinality": 7,
            "cumulative_rows_scanned": 5110834,
            "operator_rows_scanned": 0,
            "operator_timing": 0.000025718,
            "result_set_size": 560,
            "children": [
                {
                    "operator_name": "CROSS_PRODUCT",
                    "cpu_time": 0.2867759359999996,
                    "extra_info": {},
                    "cumulative_cardinality": 14071790,
                    "operator_type": "CROSS_PRODUCT",
                    "operator_cardinality": 7,
                    "cumulative_rows_scanned": 5110834,
                    "operator_rows_scanned": 0,
                    "operator_timing": 0.000035316,
                    "result_set_size": 560,
                    "children": [
                        {
                            "operator_name": "HASH_GROUP_BY",
                            "cpu_time": 0.19101417499999968,
                            "extra_info": {
                                "Groups": "#0",
                                "Aggregates": [
                                    "count_star()",
                                    "avg(#1)"
                                ],
                                "Estimated Cardinality": "1925058"
                            },
                            "cumulative_cardinality": 11550362,
                            "operator_type": "HASH_GROUP_BY",
                            "operator_cardinality": 7,
                            "cumulative_rows_scanned": 3850124,
                            "operator_rows_scanned": 0,
                            "operator_timing": 0.0733281329999999,
                            "result_set_size": 224,
                            "children": [
                                {
                                    "operator_name": "PROJECTION",
                                    "cpu_time": 0.11768604199999978,
                                    "extra_info": {
                                        "Projections": [
                                            "name",
                                            "score"
                                        ],
                                        "Estimated Cardinality": "3850116"
                                    },
                                    "cumulative_cardinality": 11550355,
                                    "operator_type": "PROJECTION",
                                    "operator_cardinality": 3850116,
                                    "cumulative_rows_scanned": 3850124,
                                    "operator_rows_scanned": 0,
                                    "operator_timing": 0.00022580999999999795,
                                    "result_set_size": 77002320,
                                    "children": [
                                        {
                                            "operator_name": "HASH_JOIN",
                                            "cpu_time": 0.11746023199999979,
                                            "extra_info": {
                                                "Join Type": "INNER",
                                                "Conditions": "posttypeid = id",
                                                "Estimated Cardinality": "3850116"
                                            },
                                            "cumulative_cardinality": 7700239,
                                            "operator_type": "HASH_JOIN",
                                            "operator_cardinality": 3850116,
                                            "cumulative_rows_scanned": 3850124,
                                            "operator_rows_scanned": 0,
                                            "operator_timing": 0.007447757999999993,
                                            "result_set_size": 77002320,
                                            "children": [
                                                {
                                                    "operator_name": "READ_PARQUET ",
                                                    "cpu_time": 0.10966165899999979,
                                                    "extra_info": {
                                                        "Function": "READ_PARQUET",
                                                        "Projections": [
                                                            "id",
                                                            "posttypeid",
                                                            "score"
                                                        ],
                                                        "Estimated Cardinality": "3850116"
                                                    },
                                                    "cumulative_cardinality": 3850116,
                                                    "operator_type": "TABLE_SCAN",
                                                    "operator_cardinality": 3850116,
                                                    "cumulative_rows_scanned": 3850116,
                                                    "operator_rows_scanned": 3850116,
                                                    "operator_timing": 0.10966165899999979,
                                                    "result_set_size": 38501160,
                                                    "children": []
                                                },
                                                {
                                                    "operator_name": "READ_PARQUET ",
                                                    "cpu_time": 0.00035081500000000004,
                                                    "extra_info": {
                                                        "Function": "READ_PARQUET",
                                                        "Projections": [
                                                            "id",
                                                            "name"
                                                        ],
                                                        "Filters": "id<=7",
                                                        "Estimated Cardinality": "8"
                                                    },
                                                    "cumulative_cardinality": 7,
                                                    "operator_type": "TABLE_SCAN",
                                                    "operator_cardinality": 7,
                                                    "cumulative_rows_scanned": 8,
                                                    "operator_rows_scanned": 8,
                                                    "operator_timing": 0.00035081500000000004,
                                                    "result_set_size": 126,
                                                    "children": []
                                                }
                                            ]
                                        }
                                    ]
                                }
                            ]
                        },
                        {
                            "operator_name": "UNGROUPED_AGGREGATE",
                            "cpu_time": 0.09572644499999997,
                            "extra_info": {
                                "Aggregates": [
                                    "count(DISTINCT #0)",
                                    "avg(#1)",
                                    "sum(#2)",
                                    "sum(#3)"
                                ]
                            },
                            "cumulative_cardinality": 2521421,
                            "operator_type": "UNGROUPED_AGGREGATE",
                            "operator_cardinality": 1,
                            "cumulative_rows_scanned": 1260710,
                            "operator_rows_scanned": 0,
                            "operator_timing": 0.07056101999999997,
                            "result_set_size": 48,
                            "children": [
                                {
                                    "operator_name": "PROJECTION",
                                    "cpu_time": 0.02516542499999999,
                                    "extra_info": {
                                        "Projections": [
                                            "id",
                                            "reputation",
                                            "upvotes",
                                            "downvotes"
                                        ],
                                        "Estimated Cardinality": "1260710"
                                    },
                                    "cumulative_cardinality": 2521420,
                                    "operator_type": "PROJECTION",
                                    "operator_cardinality": 1260710,
                                    "cumulative_rows_scanned": 1260710,
                                    "operator_rows_scanned": 0,
                                    "operator_timing": 0.00018111700000000014,
                                    "result_set_size": 20171360,
                                    "children": [
                                        {
                                            "operator_name": "READ_PARQUET ",
                                            "cpu_time": 0.02498430799999999,
                                            "extra_info": {
                                                "Function": "READ_PARQUET",
                                                "Projections": [
                                                    "id",
                                                    "reputation",
                                                    "upvotes",
                                                    "downvotes"
                                                ],
                                                "Estimated Cardinality": "1260710"
                                            },
                                            "cumulative_cardinality": 1260710,
                                            "operator_type": "TABLE_SCAN",
                                            "operator_cardinality": 1260710,
                                            "cumulative_rows_scanned": 1260710,
                                            "operator_rows_scanned": 1260710,
                                            "operator_timing": 0.02498430799999999,
                                            "result_set_size": 20171360,
                                            "children": []
                                        }
                                    ]
                                }
                            ]
                        }
                    ]
                }
            ]
        }
    ]
}