{
    "rows_returned": 3685416,
    "query_name": "WITH UsersStats AS (\n    SELECT \n        Id,\n        Reputation,\n        CreationDate,\n        Views,\n        UpVotes,\n        DownVotes,\n        (UpVotes - DownVotes) AS NetVotes\n    FROM \n        Users\n),\nPostsStats AS (\n    SELECT \n        p.Id,\n        p.CreationDate,\n        p.Score,\n        p.ViewCount,\n        p.AnswerCount,\n        p.CommentCount,\n        p.FavoriteCount,\n        p.OwnerUserId,\n        u.Reputation AS OwnerReputation,\n        u.Views AS OwnerViews,\n        (SELECT COUNT(*) FROM Comments c WHERE c.PostId = p.Id) AS TotalComments\n    FROM \n        Posts p\n    LEFT JOIN \n        Users u ON p.OwnerUserId = u.Id\n)\nSELECT \n    us.Id AS UserId,\n    us.Reputation,\n    ps.Id AS PostId,\n    ps.Score,\n    ps.ViewCount,\n    ps.AnswerCount,\n    ps.CommentCount,\n    ps.FavoriteCount,\n    ps.OwnerReputation,\n    ps.OwnerViews,\n    ps.TotalComments,\n    ps.CreationDate AS PostCreationDate\nFROM \n    UsersStats us\nJOIN \n    PostsStats ps ON us.Id = ps.OwnerUserId\nORDER BY \n    us.Reputation DESC, ps.Score DESC;",
    "blocked_thread_time": 0.0,
    "cpu_time": 2.2022247380000004,
    "extra_info": {},
    "cumulative_cardinality": 68396713,
    "cumulative_rows_scanned": 13613358,
    "result_set_size": 206383296,
    "latency": 5.899390725,
    "children": [
        {
            "operator_name": "PROJECTION",
            "cpu_time": 2.2022247380000004,
            "extra_info": {
                "Projections": [
                    "#0",
                    "#1",
                    "#2",
                    "__internal_decompress_integral_integer(#3, -72)",
                    "#4",
                    "__internal_decompress_integral_integer(#5, 0)",
                    "__internal_decompress_integral_integer(#6, 0)",
                    "#7",
                    "#8",
                    "#9",
                    "#10",
                    "#11"
                ],
                "Estimated Cardinality": "3850116"
            },
            "cumulative_cardinality": 68396713,
            "operator_type": "PROJECTION",
            "operator_cardinality": 3685416,
            "cumulative_rows_scanned": 13613358,
            "operator_rows_scanned": 0,
            "operator_timing": 0.007727623999999999,
            "result_set_size": 206383296,
            "children": [
                {
                    "operator_name": "ORDER_BY",
                    "cpu_time": 2.1944971140000002,
                    "extra_info": {
                        "Order By": [
                            "us.Reputation DESC",
                            "ps.Score DESC"
                        ]
                    },
                    "cumulative_cardinality": 64711297,
                    "operator_type": "ORDER_BY",
                    "operator_cardinality": 3685416,
                    "cumulative_rows_scanned": 13613358,
                    "operator_rows_scanned": 0,
                    "operator_timing": 0.23495158300000035,
                    "result_set_size": 176899968,
                    "children": [
                        {
                            "operator_name": "PROJECTION",
                            "cpu_time": 1.959545531,
                            "extra_info": {
                                "Projections": [
                                    "#0",
                                    "#1",
                                    "#2",
                                    "__internal_compress_integral_usmallint(#3, -72)",
                                    "#4",
                                    "__internal_compress_integral_utinyint(#5, 0)",
                                    "__internal_compress_integral_utinyint(#6, 0)",
                                    "#7",
                                    "#8",
                                    "#9",
                                    "#10",
                                    "#11"
                                ],
                                "Estimated Cardinality": "3850116"
                            },
                            "cumulative_cardinality": 61025881,
                            "operator_type": "PROJECTION",
                            "operator_cardinality": 3685416,
                            "cumulative_rows_scanned": 13613358,
                            "operator_rows_scanned": 0,
                            "operator_timing": 0.03099194799999994,
                            "result_set_size": 176899968,
                            "children": [
                                {
                                    "operator_name": "PROJECTION",
                                    "cpu_time": 1.928553583,
                                    "extra_info": {
                                        "Projections": [
                                            "UserId",
                                            "reputation",
                                            "PostId",
                                            "score",
                                            "viewcount",
                                            "answercount",
                                            "commentcount",
                                            "favoritecount",
                                            "OwnerReputation",
                                            "OwnerViews",
                                            "TotalComments",
                                            "PostCreationDate"
                                        ],
                                        "Estimated Cardinality": "3850116"
                                    },
                                    "cumulative_cardinality": 57340465,
                                    "operator_type": "PROJECTION",
                                    "operator_cardinality": 3685416,
                                    "cumulative_rows_scanned": 13613358,
                                    "operator_rows_scanned": 0,
                                    "operator_timing": 0.001409170999999995,
                                    "result_set_size": 206383296,
                                    "children": [
                                        {
                                            "operator_name": "HASH_JOIN",
                                            "cpu_time": 1.927144412,
                                            "extra_info": {
                                                "Join Type": "INNER",
                                                "Conditions": "owneruserid = id",
                                                "Estimated Cardinality": "3850116"
                                            },
                                            "cumulative_cardinality": 53655049,
                                            "operator_type": "HASH_JOIN",
                                            "operator_cardinality": 3685416,
                                            "cumulative_rows_scanned": 13613358,
                                            "operator_rows_scanned": 0,
                                            "operator_timing": 0.17054646199999954,
                                            "result_set_size": 206383296,
                                            "children": [
                                                {
                                                    "operator_name": "PROJECTION",
                                                    "cpu_time": 1.7368118370000005,
                                                    "extra_info": {
                                                        "Projections": [
                                                            "id",
                                                            "creationdate",
                                                            "score",
                                                            "viewcount",
                                                            "answercount",
                                                            "commentcount",
                                                            "favoritecount",
                                                            "owneruserid",
                                                            "OwnerReputation",
                                                            "OwnerViews",
                                                            "TotalComments"
                                                        ],
                                                        "Estimated Cardinality": "3850116"
                                                    },
                                                    "cumulative_cardinality": 48708954,
                                                    "operator_type": "PROJECTION",
                                                    "operator_cardinality": 3850116,
                                                    "cumulative_rows_scanned": 12352648,
                                                    "operator_rows_scanned": 0,
                                                    "operator_timing": 0.00126305100000001,
                                                    "result_set_size": 200206032,
                                                    "children": [
                                                        {
                                                            "operator_name": "LEFT_DELIM_JOIN",
                                                            "cpu_time": 1.7355487860000005,
                                                            "extra_info": {
                                                                "Join Type": "SINGLE",
                                                                "Conditions": "id IS NOT DISTINCT FROM id",
                                                                "Estimated Cardinality": "3850116",
                                                                "Delim Index": "1"
                                                            },
                                                            "cumulative_cardinality": 44858838,
                                                            "operator_type": "LEFT_DELIM_JOIN",
                                                            "operator_cardinality": 0,
                                                            "cumulative_rows_scanned": 12352648,
                                                            "operator_rows_scanned": 0,
                                                            "operator_timing": 0.43333514499999964,
                                                            "result_set_size": 0,
                                                            "children": [
                                                                {
                                                                    "operator_name": "HASH_JOIN",
                                                                    "cpu_time": 0.4443240670000008,
                                                                    "extra_info": {
                                                                        "Join Type": "LEFT",
                                                                        "Conditions": "owneruserid = id",
                                                                        "Estimated Cardinality": "3850116"
                                                                    },
                                                                    "cumulative_cardinality": 8960942,
                                                                    "operator_type": "HASH_JOIN",
                                                                    "operator_cardinality": 3850116,
                                                                    "cumulative_rows_scanned": 5110826,
                                                                    "operator_rows_scanned": 0,
                                                                    "operator_timing": 0.2468300900000006,
                                                                    "result_set_size": 169405104,
                                                                    "children": [
                                                                        {
                                                                            "operator_name": "READ_PARQUET ",
                                                                            "cpu_time": 0.17712767900000018,
                                                                            "extra_info": {
                                                                                "Function": "READ_PARQUET",
                                                                                "Projections": [
                                                                                    "id",
                                                                                    "creationdate",
                                                                                    "score",
                                                                                    "viewcount",
                                                                                    "owneruserid",
                                                                                    "answercount",
                                                                                    "commentcount",
                                                                                    "favoritecount"
                                                                                ],
                                                                                "Estimated Cardinality": "3850116"
                                                                            },
                                                                            "cumulative_cardinality": 3850116,
                                                                            "operator_type": "TABLE_SCAN",
                                                                            "operator_cardinality": 3850116,
                                                                            "cumulative_rows_scanned": 3850116,
                                                                            "operator_rows_scanned": 3850116,
                                                                            "operator_timing": 0.17712767900000018,
                                                                            "result_set_size": 138604176,
                                                                            "children": []
                                                                        },
                                                                        {
                                                                            "operator_name": "READ_PARQUET ",
                                                                            "cpu_time": 0.020366298,
                                                                            "extra_info": {
                                                                                "Function": "READ_PARQUET",
                                                                                "Projections": [
                                                                                    "id",
                                                                                    "reputation",
                                                                                    "views"
                                                                                ],
                                                                                "Estimated Cardinality": "1260710"
                                                                            },
                                                                            "cumulative_cardinality": 1260710,
                                                                            "operator_type": "TABLE_SCAN",
                                                                            "operator_cardinality": 1260710,
                                                                            "cumulative_rows_scanned": 1260710,
                                                                            "operator_rows_scanned": 1260710,
                                                                            "operator_timing": 0.020366298,
                                                                            "result_set_size": 15128520,
                                                                            "children": []
                                                                        }
                                                                    ]
                                                                },
                                                                {
                                                                    "operator_name": "HASH_JOIN",
                                                                    "cpu_time": 0.8430506100000001,
                                                                    "extra_info": {
                                                                        "Join Type": "SINGLE",
                                                                        "Conditions": "id IS NOT DISTINCT FROM id",
                                                                        "Estimated Cardinality": "3850116"
                                                                    },
                                                                    "cumulative_cardinality": 32047780,
                                                                    "operator_type": "HASH_JOIN",
                                                                    "operator_cardinality": 3850116,
                                                                    "cumulative_rows_scanned": 7241822,
                                                                    "operator_rows_scanned": 0,
                                                                    "operator_timing": 0.36163883900000066,
                                                                    "result_set_size": 200206032,
                                                                    "children": [
                                                                        {
                                                                            "operator_name": "COLUMN_DATA_SCAN",
                                                                            "cpu_time": 0.006016647000000002,
                                                                            "extra_info": {
                                                                                "Estimated Cardinality": "3850116"
                                                                            },
                                                                            "cumulative_cardinality": 3850116,
                                                                            "operator_type": "COLUMN_DATA_SCAN",
                                                                            "operator_cardinality": 3850116,
                                                                            "cumulative_rows_scanned": 0,
                                                                            "operator_rows_scanned": 0,
                                                                            "operator_timing": 0.006016647000000002,
                                                                            "result_set_size": 169405104,
                                                                            "children": []
                                                                        },
                                                                        {
                                                                            "operator_name": "PROJECTION",
                                                                            "cpu_time": 0.47539512399999956,
                                                                            "extra_info": {
                                                                                "Projections": [
                                                                                    "CASE  WHEN ((count_star() IS NULL)) THEN (0) ELSE count_star() END",
                                                                                    "id"
                                                                                ],
                                                                                "Estimated Cardinality": "1925058"
                                                                            },
                                                                            "cumulative_cardinality": 24347548,
                                                                            "operator_type": "PROJECTION",
                                                                            "operator_cardinality": 3850116,
                                                                            "cumulative_rows_scanned": 7241822,
                                                                            "operator_rows_scanned": 0,
                                                                            "operator_timing": 0.007122613000000033,
                                                                            "result_set_size": 46201392,
                                                                            "children": [
                                                                                {
                                                                                    "operator_name": "HASH_JOIN",
                                                                                    "cpu_time": 0.4682725109999995,
                                                                                    "extra_info": {
                                                                                        "Join Type": "LEFT",
                                                                                        "Conditions": "id IS NOT DISTINCT FROM #0",
                                                                                        "Estimated Cardinality": "1925058"
                                                                                    },
                                                                                    "cumulative_cardinality": 20497432,
                                                                                    "operator_type": "HASH_JOIN",
                                                                                    "operator_cardinality": 3850116,
                                                                                    "cumulative_rows_scanned": 7241822,
                                                                                    "operator_rows_scanned": 0,
                                                                                    "operator_timing": 0.2015407209999996,
                                                                                    "result_set_size": 46201392,
                                                                                    "children": [
                                                                                        {
                                                                                            "operator_name": "DELIM_SCAN",
                                                                                            "cpu_time": 0.0,
                                                                                            "extra_info": {
                                                                                                "Delim Index": "1",
                                                                                                "Estimated Cardinality": "1925058"
                                                                                            },
                                                                                            "cumulative_cardinality": 0,
                                                                                            "operator_type": "DELIM_SCAN",
                                                                                            "operator_cardinality": 0,
                                                                                            "cumulative_rows_scanned": 0,
                                                                                            "operator_rows_scanned": 0,
                                                                                            "operator_timing": 0.0,
                                                                                            "result_set_size": 0,
                                                                                            "children": []
                                                                                        },
                                                                                        {
                                                                                            "operator_name": "HASH_GROUP_BY",
                                                                                            "cpu_time": 0.2667317899999999,
                                                                                            "extra_info": {
                                                                                                "Groups": "#0",
                                                                                                "Aggregates": "count_star()",
                                                                                                "Estimated Cardinality": "724182"
                                                                                            },
                                                                                            "cumulative_cardinality": 16647316,
                                                                                            "operator_type": "HASH_GROUP_BY",
                                                                                            "operator_cardinality": 2163672,
                                                                                            "cumulative_rows_scanned": 7241822,
                                                                                            "operator_rows_scanned": 0,
                                                                                            "operator_timing": 0.22529908399999982,
                                                                                            "result_set_size": 25964064,
                                                                                            "children": [
                                                                                                {
                                                                                                    "operator_name": "PROJECTION",
                                                                                                    "cpu_time": 0.041432706000000076,
                                                                                                    "extra_info": {
                                                                                                        "Projections": "id",
                                                                                                        "Estimated Cardinality": "1448364"
                                                                                                    },
                                                                                                    "cumulative_cardinality": 14483644,
                                                                                                    "operator_type": "PROJECTION",
                                                                                                    "operator_cardinality": 7241822,
                                                                                                    "cumulative_rows_scanned": 7241822,
                                                                                                    "operator_rows_scanned": 0,
                                                                                                    "operator_timing": 0.00037617600000000535,
                                                                                                    "result_set_size": 28967288,
                                                                                                    "children": [
                                                                                                        {
                                                                                                            "operator_name": "READ_PARQUET ",
                                                                                                            "cpu_time": 0.04105653000000007,
                                                                                                            "extra_info": {
                                                                                                                "Function": "READ_PARQUET",
                                                                                                                "Projections": "postid",
                                                                                                                "Estimated Cardinality": "1448364"
                                                                                                            },
                                                                                                            "cumulative_cardinality": 7241822,
                                                                                                            "operator_type": "TABLE_SCAN",
                                                                                                            "operator_cardinality": 7241822,
                                                                                                            "cumulative_rows_scanned": 7241822,
                                                                                                            "operator_rows_scanned": 7241822,
                                                                                                            "operator_timing": 0.04105653000000007,
                                                                                                            "result_set_size": 28967288,
                                                                                                            "children": []
                                                                                                        }
                                                                                                    ]
                                                                                                }
                                                                                            ]
                                                                                        }
                                                                                    ]
                                                                                }
                                                                            ]
                                                                        }
                                                                    ]
                                                                },
                                                                {
                                                                    "operator_name": "HASH_GROUP_BY",
                                                                    "cpu_time": 0.014838964000000007,
                                                                    "extra_info": {
                                                                        "Groups": "#0",
                                                                        "Aggregates": "",
                                                                        "Estimated Cardinality": "3850116"
                                                                    },
                                                                    "cumulative_cardinality": 3850116,
                                                                    "operator_type": "HASH_GROUP_BY",
                                                                    "operator_cardinality": 3850116,
                                                                    "cumulative_rows_scanned": 0,
                                                                    "operator_rows_scanned": 0,
                                                                    "operator_timing": 0.014838964000000007,
                                                                    "result_set_size": 15400464,
                                                                    "children": []
                                                                }
                                                            ]
                                                        }
                                                    ]
                                                },
                                                {
                                                    "operator_name": "READ_PARQUET ",
                                                    "cpu_time": 0.019786113000000008,
                                                    "extra_info": {
                                                        "Function": "READ_PARQUET",
                                                        "Projections": [
                                                            "id",
                                                            "reputation"
                                                        ],
                                                        "Filters": "id<=1416539",
                                                        "Estimated Cardinality": "1260710"
                                                    },
                                                    "cumulative_cardinality": 1260679,
                                                    "operator_type": "TABLE_SCAN",
                                                    "operator_cardinality": 1260679,
                                                    "cumulative_rows_scanned": 1260710,
                                                    "operator_rows_scanned": 1260710,
                                                    "operator_timing": 0.019786113000000008,
                                                    "result_set_size": 10085432,
                                                    "children": []
                                                }
                                            ]
                                        }
                                    ]
                                }
                            ]
                        }
                    ]
                }
            ]
        }
    ]
}