{
    "rows_returned": 1260710,
    "query_name": "WITH PostStats AS (\n    SELECT \n        p.Id AS PostId,\n        p.PostTypeId,\n        p.OwnerUserId,\n        COUNT(c.Id) AS CommentCount,\n        SUM(CASE WHEN v.VoteTypeId = 2 THEN 1 ELSE 0 END) AS UpVoteCount,\n        SUM(CASE WHEN v.VoteTypeId = 3 THEN 1 ELSE 0 END) AS DownVoteCount,\n        SUM(CASE WHEN v.VoteTypeId = 4 THEN 1 ELSE 0 END) AS OffensiveVoteCount,\n        AVG(p.Score) AS AverageScore,\n        COUNT(DISTINCT p.Tags) AS TagCount\n    FROM \n        Posts p\n    LEFT JOIN \n        Comments c ON p.Id = c.PostId\n    LEFT JOIN \n        Votes v ON p.Id = v.PostId\n    GROUP BY \n        p.Id, p.PostTypeId, p.OwnerUserId\n)\n\nSELECT \n    u.Id AS UserId,\n    u.DisplayName,\n    u.Reputation,\n    COUNT(ps.PostId) AS TotalPosts,\n    SUM(ps.CommentCount) AS TotalComments,\n    SUM(ps.UpVoteCount) AS TotalUpVotes,\n    SUM(ps.DownVoteCount) AS TotalDownVotes,\n    SUM(ps.OffensiveVoteCount) AS TotalOffensiveVotes,\n    AVG(ps.AverageScore) AS AveragePostScore,\n    SUM(ps.TagCount) AS TotalTagsUsed\nFROM \n    Users u\nLEFT JOIN \n    PostStats ps ON u.Id = ps.OwnerUserId\nGROUP BY \n    u.Id, u.DisplayName, u.Reputation\nORDER BY \n    TotalPosts DESC;",
    "blocked_thread_time": 0.0,
    "cpu_time": 8.28659250500001,
    "extra_info": {},
    "cumulative_cardinality": 223286600,
    "cumulative_rows_scanned": 25096741,
    "result_set_size": 151285200,
    "latency": 14.540349382,
    "children": [
        {
            "operator_name": "ORDER_BY",
            "cpu_time": 8.28659250500001,
            "extra_info": {
                "Order By": "count(ps.PostId) DESC"
            },
            "cumulative_cardinality": 223286600,
            "operator_type": "ORDER_BY",
            "operator_cardinality": 1260710,
            "cumulative_rows_scanned": 25096741,
            "operator_rows_scanned": 0,
            "operator_timing": 0.09592754300000003,
            "result_set_size": 151285200,
            "children": [
                {
                    "operator_name": "HASH_GROUP_BY",
                    "cpu_time": 8.19066496200001,
                    "extra_info": {
                        "Groups": [
                            "#0",
                            "#1",
                            "#2"
                        ],
                        "Aggregates": [
                            "count(#3)",
                            "sum(#4)",
                            "sum(#5)",
                            "sum(#6)",
                            "sum(#7)",
                            "avg(#8)",
                            "sum(#9)"
                        ],
                        "Estimated Cardinality": "1260710"
                    },
                    "cumulative_cardinality": 222025890,
                    "operator_type": "HASH_GROUP_BY",
                    "operator_cardinality": 1260710,
                    "cumulative_rows_scanned": 25096741,
                    "operator_rows_scanned": 0,
                    "operator_timing": 0.7947930890000005,
                    "result_set_size": 151285200,
                    "children": [
                        {
                            "operator_name": "PROJECTION",
                            "cpu_time": 7.395871873000011,
                            "extra_info": {
                                "Projections": [
                                    "id",
                                    "displayname",
                                    "reputation",
                                    "PostId",
                                    "CommentCount",
                                    "UpVoteCount",
                                    "DownVoteCount",
                                    "OffensiveVoteCount",
                                    "AverageScore",
                                    "TagCount"
                                ],
                                "Estimated Cardinality": "3850116"
                            },
                            "cumulative_cardinality": 220765180,
                            "operator_type": "PROJECTION",
                            "operator_cardinality": 4574495,
                            "cumulative_rows_scanned": 25096741,
                            "operator_rows_scanned": 0,
                            "operator_timing": 0.0014884340000000014,
                            "result_set_size": 457449500,
                            "children": [
                                {
                                    "operator_name": "HASH_JOIN",
                                    "cpu_time": 7.394383439000011,
                                    "extra_info": {
                                        "Join Type": "RIGHT",
                                        "Conditions": "owneruserid = id",
                                        "Estimated Cardinality": "3850116"
                                    },
                                    "cumulative_cardinality": 216190685,
                                    "operator_type": "HASH_JOIN",
                                    "operator_cardinality": 4574495,
                                    "cumulative_rows_scanned": 25096741,
                                    "operator_rows_scanned": 0,
                                    "operator_timing": 0.2492405559999998,
                                    "result_set_size": 457449500,
                                    "children": [
                                        {
                                            "operator_name": "PROJECTION",
                                            "cpu_time": 7.062194434000011,
                                            "extra_info": {
                                                "Projections": [
                                                    "PostId",
                                                    "owneruserid",
                                                    "CommentCount",
                                                    "UpVoteCount",
                                                    "DownVoteCount",
                                                    "OffensiveVoteCount",
                                                    "AverageScore",
                                                    "TagCount"
                                                ],
                                                "Estimated Cardinality": "3850116"
                                            },
                                            "cumulative_cardinality": 210355480,
                                            "operator_type": "PROJECTION",
                                            "operator_cardinality": 3850116,
                                            "cumulative_rows_scanned": 23836031,
                                            "operator_rows_scanned": 0,
                                            "operator_timing": 0.0009083070000000011,
                                            "result_set_size": 308009280,
                                            "children": [
                                                {
                                                    "operator_name": "PROJECTION",
                                                    "cpu_time": 7.0612861270000105,
                                                    "extra_info": {
                                                        "Projections": [
                                                            "#0",
                                                            "__internal_decompress_integral_smallint(#1, 1)",
                                                            "#2",
                                                            "#3",
                                                            "#4",
                                                            "#5",
                                                            "#6",
                                                            "#7",
                                                            "#8"
                                                        ],
                                                        "Estimated Cardinality": "3850116"
                                                    },
                                                    "cumulative_cardinality": 206505364,
                                                    "operator_type": "PROJECTION",
                                                    "operator_cardinality": 3850116,
                                                    "cumulative_rows_scanned": 23836031,
                                                    "operator_rows_scanned": 0,
                                                    "operator_timing": 0.0018845140000000001,
                                                    "result_set_size": 315709512,
                                                    "children": [
                                                        {
                                                            "operator_name": "HASH_GROUP_BY",
                                                            "cpu_time": 7.05940161300001,
                                                            "extra_info": {
                                                                "Groups": [
                                                                    "#0",
                                                                    "#1",
                                                                    "#2"
                                                                ],
                                                                "Aggregates": [
                                                                    "count(#3)",
                                                                    "sum(#4)",
                                                                    "sum(#5)",
                                                                    "sum(#6)",
                                                                    "avg(#7)",
                                                                    "count(DISTINCT #8)"
                                                                ],
                                                                "Estimated Cardinality": "3850116"
                                                            },
                                                            "cumulative_cardinality": 202655248,
                                                            "operator_type": "HASH_GROUP_BY",
                                                            "operator_cardinality": 3850116,
                                                            "cumulative_rows_scanned": 23836031,
                                                            "operator_rows_scanned": 0,
                                                            "operator_timing": 4.405173442000009,
                                                            "result_set_size": 311859396,
                                                            "children": [
                                                                {
                                                                    "operator_name": "PROJECTION",
                                                                    "cpu_time": 2.6542281710000015,
                                                                    "extra_info": {
                                                                        "Projections": [
                                                                            "id",
                                                                            "posttypeid",
                                                                            "owneruserid",
                                                                            "id",
                                                                            "CASE  WHEN ((votetypeid = 2)) THEN (1) ELSE 0 END",
                                                                            "CASE  WHEN ((votetypeid = 3)) THEN (1) ELSE 0 END",
                                                                            "CASE  WHEN ((votetypeid = 4)) THEN (1) ELSE 0 END",
                                                                            "score",
                                                                            "tags"
                                                                        ],
                                                                        "Estimated Cardinality": "12744093"
                                                                    },
                                                                    "cumulative_cardinality": 198805132,
                                                                    "operator_type": "PROJECTION",
                                                                    "operator_cardinality": 35129590,
                                                                    "cumulative_rows_scanned": 23836031,
                                                                    "operator_rows_scanned": 0,
                                                                    "operator_timing": 0.20226199299999964,
                                                                    "result_set_size": 1580831550,
                                                                    "children": [
                                                                        {
                                                                            "operator_name": "PROJECTION",
                                                                            "cpu_time": 2.451966178000002,
                                                                            "extra_info": {
                                                                                "Projections": [
                                                                                    "#0",
                                                                                    "#1",
                                                                                    "__internal_compress_integral_utinyint(#2, 1)",
                                                                                    "#3",
                                                                                    "#4",
                                                                                    "#5",
                                                                                    "#6"
                                                                                ],
                                                                                "Estimated Cardinality": "12744093"
                                                                            },
                                                                            "cumulative_cardinality": 163675542,
                                                                            "operator_type": "PROJECTION",
                                                                            "operator_cardinality": 35129590,
                                                                            "cumulative_rows_scanned": 23836031,
                                                                            "operator_rows_scanned": 0,
                                                                            "operator_timing": 0.043994441000000384,
                                                                            "result_set_size": 1229535650,
                                                                            "children": [
                                                                                {
                                                                                    "operator_name": "PROJECTION",
                                                                                    "cpu_time": 2.4079717370000013,
                                                                                    "extra_info": {
                                                                                        "Projections": [
                                                                                            "#0",
                                                                                            "#1",
                                                                                            "#2",
                                                                                            "#3",
                                                                                            "#4",
                                                                                            "#5",
                                                                                            "__internal_decompress_integral_smallint(#6, 1)"
                                                                                        ],
                                                                                        "Estimated Cardinality": "12744093"
                                                                                    },
                                                                                    "cumulative_cardinality": 128545952,
                                                                                    "operator_type": "PROJECTION",
                                                                                    "operator_cardinality": 35129590,
                                                                                    "cumulative_rows_scanned": 23836031,
                                                                                    "operator_rows_scanned": 0,
                                                                                    "operator_timing": 0.028416103999999942,
                                                                                    "result_set_size": 1264665240,
                                                                                    "children": [
                                                                                        {
                                                                                            "operator_name": "HASH_JOIN",
                                                                                            "cpu_time": 2.3795556330000016,
                                                                                            "extra_info": {
                                                                                                "Join Type": "LEFT",
                                                                                                "Conditions": "id = postid",
                                                                                                "Estimated Cardinality": "12744093"
                                                                                            },
                                                                                            "cumulative_cardinality": 93416362,
                                                                                            "operator_type": "HASH_JOIN",
                                                                                            "operator_cardinality": 35129590,
                                                                                            "cumulative_rows_scanned": 23836031,
                                                                                            "operator_rows_scanned": 0,
                                                                                            "operator_timing": 1.172577402,
                                                                                            "result_set_size": 1229535650,
                                                                                            "children": [
                                                                                                {
                                                                                                    "operator_name": "PROJECTION",
                                                                                                    "cpu_time": 1.0756191770000019,
                                                                                                    "extra_info": {
                                                                                                        "Projections": [
                                                                                                            "#0",
                                                                                                            "#1",
                                                                                                            "__internal_decompress_integral_smallint(#2, 1)",
                                                                                                            "__internal_decompress_integral_integer(#3, -72)",
                                                                                                            "#4",
                                                                                                            "#5"
                                                                                                        ],
                                                                                                        "Estimated Cardinality": "7241822"
                                                                                                    },
                                                                                                    "cumulative_cardinality": 32798586,
                                                                                                    "operator_type": "PROJECTION",
                                                                                                    "operator_cardinality": 8928266,
                                                                                                    "cumulative_rows_scanned": 11091938,
                                                                                                    "operator_rows_scanned": 0,
                                                                                                    "operator_timing": 0.00857476700000002,
                                                                                                    "result_set_size": 303561044,
                                                                                                    "children": [
                                                                                                        {
                                                                                                            "operator_name": "HASH_JOIN",
                                                                                                            "cpu_time": 1.0670444100000018,
                                                                                                            "extra_info": {
                                                                                                                "Join Type": "RIGHT",
                                                                                                                "Conditions": "postid = id",
                                                                                                                "Estimated Cardinality": "7241822"
                                                                                                            },
                                                                                                            "cumulative_cardinality": 23870320,
                                                                                                            "operator_type": "HASH_JOIN",
                                                                                                            "operator_cardinality": 8928266,
                                                                                                            "cumulative_rows_scanned": 11091938,
                                                                                                            "operator_rows_scanned": 0,
                                                                                                            "operator_timing": 0.6870175980000015,
                                                                                                            "result_set_size": 276776246,
                                                                                                            "children": [
                                                                                                                {
                                                                                                                    "operator_name": "READ_PARQUET ",
                                                                                                                    "cpu_time": 0.13960559400000028,
                                                                                                                    "extra_info": {
                                                                                                                        "Function": "READ_PARQUET",
                                                                                                                        "Projections": [
                                                                                                                            "id",
                                                                                                                            "postid"
                                                                                                                        ],
                                                                                                                        "Estimated Cardinality": "7241822"
                                                                                                                    },
                                                                                                                    "cumulative_cardinality": 7241822,
                                                                                                                    "operator_type": "TABLE_SCAN",
                                                                                                                    "operator_cardinality": 7241822,
                                                                                                                    "cumulative_rows_scanned": 7241822,
                                                                                                                    "operator_rows_scanned": 7241822,
                                                                                                                    "operator_timing": 0.13960559400000028,
                                                                                                                    "result_set_size": 57934576,
                                                                                                                    "children": []
                                                                                                                },
                                                                                                                {
                                                                                                                    "operator_name": "PROJECTION",
                                                                                                                    "cpu_time": 0.24042121800000002,
                                                                                                                    "extra_info": {
                                                                                                                        "Projections": [
                                                                                                                            "#0",
                                                                                                                            "__internal_compress_integral_utinyint(#1, 1)",
                                                                                                                            "__internal_compress_integral_usmallint(#2, -72)",
                                                                                                                            "#3",
                                                                                                                            "#4"
                                                                                                                        ],
                                                                                                                        "Estimated Cardinality": "3850116"
                                                                                                                    },
                                                                                                                    "cumulative_cardinality": 7700232,
                                                                                                                    "operator_type": "PROJECTION",
                                                                                                                    "operator_cardinality": 3850116,
                                                                                                                    "cumulative_rows_scanned": 3850116,
                                                                                                                    "operator_rows_scanned": 0,
                                                                                                                    "operator_timing": 0.0026756610000000037,
                                                                                                                    "result_set_size": 103953132,
                                                                                                                    "children": [
                                                                                                                        {
                                                                                                                            "operator_name": "READ_PARQUET ",
                                                                                                                            "cpu_time": 0.23774555700000002,
                                                                                                                            "extra_info": {
                                                                                                                                "Function": "READ_PARQUET",
                                                                                                                                "Projections": [
                                                                                                                                    "id",
                                                                                                                                    "posttypeid",
                                                                                                                                    "score",
                                                                                                                                    "owneruserid",
                                                                                                                                    "tags"
                                                                                                                                ],
                                                                                                                                "Estimated Cardinality": "3850116"
                                                                                                                            },
                                                                                                                            "cumulative_cardinality": 3850116,
                                                                                                                            "operator_type": "TABLE_SCAN",
                                                                                                                            "operator_cardinality": 3850116,
                                                                                                                            "cumulative_rows_scanned": 3850116,
                                                                                                                            "operator_rows_scanned": 3850116,
                                                                                                                            "operator_timing": 0.23774555700000002,
                                                                                                                            "result_set_size": 115503480,
                                                                                                                            "children": []
                                                                                                                        }
                                                                                                                    ]
                                                                                                                }
                                                                                                            ]
                                                                                                        }
                                                                                                    ]
                                                                                                },
                                                                                                {
                                                                                                    "operator_name": "PROJECTION",
                                                                                                    "cpu_time": 0.1313590539999996,
                                                                                                    "extra_info": {
                                                                                                        "Projections": [
                                                                                                            "#0",
                                                                                                            "__internal_compress_integral_utinyint(#1, 1)"
                                                                                                        ],
                                                                                                        "Estimated Cardinality": "12744093"
                                                                                                    },
                                                                                                    "cumulative_cardinality": 25488186,
                                                                                                    "operator_type": "PROJECTION",
                                                                                                    "operator_cardinality": 12744093,
                                                                                                    "cumulative_rows_scanned": 12744093,
                                                                                                    "operator_rows_scanned": 0,
                                                                                                    "operator_timing": 0.003553654,
                                                                                                    "result_set_size": 63720465,
                                                                                                    "children": [
                                                                                                        {
                                                                                                            "operator_name": "READ_PARQUET ",
                                                                                                            "cpu_time": 0.1278053999999996,
                                                                                                            "extra_info": {
                                                                                                                "Function": "READ_PARQUET",
                                                                                                                "Projections": [
                                                                                                                    "postid",
                                                                                                                    "votetypeid"
                                                                                                                ],
                                                                                                                "Estimated Cardinality": "12744093"
                                                                                                            },
                                                                                                            "cumulative_cardinality": 12744093,
                                                                                                            "operator_type": "TABLE_SCAN",
                                                                                                            "operator_cardinality": 12744093,
                                                                                                            "cumulative_rows_scanned": 12744093,
                                                                                                            "operator_rows_scanned": 12744093,
                                                                                                            "operator_timing": 0.1278053999999996,
                                                                                                            "result_set_size": 76464558,
                                                                                                            "children": []
                                                                                                        }
                                                                                                    ]
                                                                                                }
                                                                                            ]
                                                                                        }
                                                                                    ]
                                                                                }
                                                                            ]
                                                                        }
                                                                    ]
                                                                }
                                                            ]
                                                        }
                                                    ]
                                                }
                                            ]
                                        },
                                        {
                                            "operator_name": "READ_PARQUET ",
                                            "cpu_time": 0.082948449,
                                            "extra_info": {
                                                "Function": "READ_PARQUET",
                                                "Projections": [
                                                    "id",
                                                    "reputation",
                                                    "displayname"
                                                ],
                                                "Estimated Cardinality": "1260710"
                                            },
                                            "cumulative_cardinality": 1260710,
                                            "operator_type": "TABLE_SCAN",
                                            "operator_cardinality": 1260710,
                                            "cumulative_rows_scanned": 1260710,
                                            "operator_rows_scanned": 1260710,
                                            "operator_timing": 0.082948449,
                                            "result_set_size": 30257040,
                                            "children": []
                                        }
                                    ]
                                }
                            ]
                        }
                    ]
                }
            ]
        }
    ]
}