{
    "rows_returned": 1260710,
    "query_name": "WITH UserPostStats AS (\n    SELECT\n        u.Id AS UserId,\n        u.DisplayName,\n        COUNT(p.Id) AS PostCount,\n        COALESCE(SUM(p.Score), 0) AS TotalScore,\n        COALESCE(SUM(p.ViewCount), 0) AS TotalViews,\n        COALESCE(SUM(CASE WHEN p.PostTypeId = 1 THEN 1 ELSE 0 END), 0) AS QuestionCount,\n        COALESCE(SUM(CASE WHEN p.PostTypeId = 2 THEN 1 ELSE 0 END), 0) AS AnswerCount,\n        COALESCE(SUM(p.CommentCount), 0) AS TotalComments\n    FROM\n        Users u\n    LEFT JOIN\n        Posts p ON u.Id = p.OwnerUserId\n    GROUP BY\n        u.Id, u.DisplayName\n)\nSELECT\n    UserId,\n    DisplayName,\n    PostCount,\n    TotalScore,\n    TotalViews,\n    QuestionCount,\n    AnswerCount,\n    TotalComments\nFROM\n    UserPostStats\nORDER BY\n    TotalScore DESC, PostCount DESC;",
    "blocked_thread_time": 0.0,
    "cpu_time": 2.8716729140000004,
    "extra_info": {},
    "cumulative_cardinality": 17877246,
    "cumulative_rows_scanned": 5110826,
    "result_set_size": 136156680,
    "latency": 6.80822895,
    "children": [
        {
            "operator_name": "ORDER_BY",
            "cpu_time": 2.8716729140000004,
            "extra_info": {
                "Order By": [
                    "UserPostStats.TotalScore DESC",
                    "UserPostStats.PostCount DESC"
                ]
            },
            "cumulative_cardinality": 17877246,
            "operator_type": "ORDER_BY",
            "operator_cardinality": 1260710,
            "cumulative_rows_scanned": 5110826,
            "operator_rows_scanned": 0,
            "operator_timing": 0.096477323,
            "result_set_size": 136156680,
            "children": [
                {
                    "operator_name": "PROJECTION",
                    "cpu_time": 2.775195591,
                    "extra_info": {
                        "Projections": [
                            "UserId",
                            "displayname",
                            "PostCount",
                            "TotalScore",
                            "TotalViews",
                            "QuestionCount",
                            "AnswerCount",
                            "TotalComments"
                        ],
                        "Estimated Cardinality": "1260710"
                    },
                    "cumulative_cardinality": 16616536,
                    "operator_type": "PROJECTION",
                    "operator_cardinality": 1260710,
                    "cumulative_rows_scanned": 5110826,
                    "operator_rows_scanned": 0,
                    "operator_timing": 0.03926266199999996,
                    "result_set_size": 136156680,
                    "children": [
                        {
                            "operator_name": "HASH_GROUP_BY",
                            "cpu_time": 2.735932929,
                            "extra_info": {
                                "Groups": [
                                    "#0",
                                    "#1"
                                ],
                                "Aggregates": [
                                    "count(#2)",
                                    "sum(#3)",
                                    "sum(#4)",
                                    "sum(#5)",
                                    "sum(#6)",
                                    "sum(#7)"
                                ],
                                "Estimated Cardinality": "1260710"
                            },
                            "cumulative_cardinality": 15355826,
                            "operator_type": "HASH_GROUP_BY",
                            "operator_cardinality": 1260710,
                            "cumulative_rows_scanned": 5110826,
                            "operator_rows_scanned": 0,
                            "operator_timing": 1.1689632169999997,
                            "result_set_size": 136156680,
                            "children": [
                                {
                                    "operator_name": "PROJECTION",
                                    "cpu_time": 1.5669697120000003,
                                    "extra_info": {
                                        "Projections": [
                                            "id",
                                            "displayname",
                                            "id",
                                            "score",
                                            "viewcount",
                                            "CASE  WHEN ((posttypeid = 1)) THEN (1) ELSE 0 END",
                                            "CASE  WHEN ((posttypeid = 2)) THEN (1) ELSE 0 END",
                                            "commentcount"
                                        ],
                                        "Estimated Cardinality": "3850116"
                                    },
                                    "cumulative_cardinality": 14095116,
                                    "operator_type": "PROJECTION",
                                    "operator_cardinality": 4574495,
                                    "cumulative_rows_scanned": 5110826,
                                    "operator_rows_scanned": 0,
                                    "operator_timing": 0.09269093400000004,
                                    "result_set_size": 201277780,
                                    "children": [
                                        {
                                            "operator_name": "HASH_JOIN",
                                            "cpu_time": 1.4742787780000004,
                                            "extra_info": {
                                                "Join Type": "RIGHT",
                                                "Conditions": "owneruserid = id",
                                                "Estimated Cardinality": "3850116"
                                            },
                                            "cumulative_cardinality": 9520621,
                                            "operator_type": "HASH_JOIN",
                                            "operator_cardinality": 4574495,
                                            "cumulative_rows_scanned": 5110826,
                                            "operator_rows_scanned": 0,
                                            "operator_timing": 0.4335837690000002,
                                            "result_set_size": 173830810,
                                            "children": [
                                                {
                                                    "operator_name": "READ_PARQUET ",
                                                    "cpu_time": 0.35018806000000063,
                                                    "extra_info": {
                                                        "Function": "READ_PARQUET",
                                                        "Projections": [
                                                            "id",
                                                            "posttypeid",
                                                            "score",
                                                            "viewcount",
                                                            "owneruserid",
                                                            "commentcount"
                                                        ],
                                                        "Estimated Cardinality": "3850116"
                                                    },
                                                    "cumulative_cardinality": 3685416,
                                                    "operator_type": "TABLE_SCAN",
                                                    "operator_cardinality": 3685416,
                                                    "cumulative_rows_scanned": 3850116,
                                                    "operator_rows_scanned": 3850116,
                                                    "operator_timing": 0.35018806000000063,
                                                    "result_set_size": 81079152,
                                                    "children": []
                                                },
                                                {
                                                    "operator_name": "READ_PARQUET ",
                                                    "cpu_time": 0.6905069489999995,
                                                    "extra_info": {
                                                        "Function": "READ_PARQUET",
                                                        "Projections": [
                                                            "id",
                                                            "displayname"
                                                        ],
                                                        "Estimated Cardinality": "1260710"
                                                    },
                                                    "cumulative_cardinality": 1260710,
                                                    "operator_type": "TABLE_SCAN",
                                                    "operator_cardinality": 1260710,
                                                    "cumulative_rows_scanned": 1260710,
                                                    "operator_rows_scanned": 1260710,
                                                    "operator_timing": 0.6905069489999995,
                                                    "result_set_size": 25214200,
                                                    "children": []
                                                }
                                            ]
                                        }
                                    ]
                                }
                            ]
                        }
                    ]
                }
            ]
        }
    ]
}