{
    "rows_returned": 2091316,
    "query_name": "SELECT \n    P.Title AS QuestionTitle,\n    P.CreationDate AS QuestionDate,\n    P.ViewCount AS NumberOfViews,\n    P.Score AS QuestionScore,\n    A.CreationDate AS AnswerDate,\n    EXTRACT(EPOCH FROM (A.CreationDate - P.CreationDate)) AS ResponseTimeInSeconds,\n    A.Score AS AnswerScore,\n    U.DisplayName AS AnswererDisplayName\nFROM \n    Posts P\nJOIN \n    Posts A ON P.Id = A.ParentId\nJOIN \n    Users U ON A.OwnerUserId = U.Id\nWHERE \n    P.PostTypeId = 1 \n    AND A.PostTypeId = 2 \nORDER BY \n    ResponseTimeInSeconds;",
    "blocked_thread_time": 0.0,
    "cpu_time": 1.8340026569999999,
    "extra_info": {},
    "cumulative_cardinality": 19407193,
    "cumulative_rows_scanned": 8960942,
    "result_set_size": 142209488,
    "latency": 5.041204349,
    "children": [
        {
            "operator_name": "PROJECTION",
            "cpu_time": 1.8340026569999999,
            "extra_info": {
                "Projections": [
                    "#0",
                    "#1",
                    "#2",
                    "__internal_decompress_integral_integer(#3, -72)",
                    "#4",
                    "#5",
                    "__internal_decompress_integral_integer(#6, -72)",
                    "#7"
                ],
                "Estimated Cardinality": "154004"
            },
            "cumulative_cardinality": 19407193,
            "operator_type": "PROJECTION",
            "operator_cardinality": 2091316,
            "cumulative_rows_scanned": 8960942,
            "operator_rows_scanned": 0,
            "operator_timing": 0.0016348109999999982,
            "result_set_size": 142209488,
            "children": [
                {
                    "operator_name": "ORDER_BY",
                    "cpu_time": 1.832367846,
                    "extra_info": {
                        "Order By": "main.date_part('EPOCH', (A.CreationDate - P.CreationDate)) ASC"
                    },
                    "cumulative_cardinality": 17315877,
                    "operator_type": "ORDER_BY",
                    "operator_cardinality": 2091316,
                    "cumulative_rows_scanned": 8960942,
                    "operator_rows_scanned": 0,
                    "operator_timing": 0.281705811,
                    "result_set_size": 133844224,
                    "children": [
                        {
                            "operator_name": "PROJECTION",
                            "cpu_time": 1.550662035,
                            "extra_info": {
                                "Projections": [
                                    "#0",
                                    "#1",
                                    "#2",
                                    "__internal_compress_integral_usmallint(#3, -72)",
                                    "#4",
                                    "#5",
                                    "__internal_compress_integral_usmallint(#6, -72)",
                                    "#7"
                                ],
                                "Estimated Cardinality": "154004"
                            },
                            "cumulative_cardinality": 15224561,
                            "operator_type": "PROJECTION",
                            "operator_cardinality": 2091316,
                            "cumulative_rows_scanned": 8960942,
                            "operator_rows_scanned": 0,
                            "operator_timing": 0.0018773679999999993,
                            "result_set_size": 133844224,
                            "children": [
                                {
                                    "operator_name": "PROJECTION",
                                    "cpu_time": 1.548784667,
                                    "extra_info": {
                                        "Projections": [
                                            "QuestionTitle",
                                            "QuestionDate",
                                            "NumberOfViews",
                                            "QuestionScore",
                                            "AnswerDate",
                                            "ResponseTimeInSeconds",
                                            "AnswerScore",
                                            "AnswererDisplayName"
                                        ],
                                        "Estimated Cardinality": "154004"
                                    },
                                    "cumulative_cardinality": 13133245,
                                    "operator_type": "PROJECTION",
                                    "operator_cardinality": 2091316,
                                    "cumulative_rows_scanned": 8960942,
                                    "operator_rows_scanned": 0,
                                    "operator_timing": 0.02136896600000004,
                                    "result_set_size": 142209488,
                                    "children": [
                                        {
                                            "operator_name": "HASH_JOIN",
                                            "cpu_time": 1.527415701,
                                            "extra_info": {
                                                "Join Type": "INNER",
                                                "Conditions": "id = owneruserid",
                                                "Estimated Cardinality": "154004"
                                            },
                                            "cumulative_cardinality": 11041929,
                                            "operator_type": "HASH_JOIN",
                                            "operator_cardinality": 2091316,
                                            "cumulative_rows_scanned": 8960942,
                                            "operator_rows_scanned": 0,
                                            "operator_timing": 0.3978744589999993,
                                            "result_set_size": 125478960,
                                            "children": [
                                                {
                                                    "operator_name": "READ_PARQUET ",
                                                    "cpu_time": 0.089026635,
                                                    "extra_info": {
                                                        "Function": "READ_PARQUET",
                                                        "Projections": [
                                                            "id",
                                                            "displayname"
                                                        ],
                                                        "Filters": "id<=1416539",
                                                        "Estimated Cardinality": "1260710"
                                                    },
                                                    "cumulative_cardinality": 1259719,
                                                    "operator_type": "TABLE_SCAN",
                                                    "operator_cardinality": 1259719,
                                                    "cumulative_rows_scanned": 1260710,
                                                    "operator_rows_scanned": 1260710,
                                                    "operator_timing": 0.089026635,
                                                    "result_set_size": 25194380,
                                                    "children": []
                                                },
                                                {
                                                    "operator_name": "HASH_JOIN",
                                                    "cpu_time": 1.0405146070000006,
                                                    "extra_info": {
                                                        "Join Type": "INNER",
                                                        "Conditions": "id = parentid",
                                                        "Estimated Cardinality": "154004"
                                                    },
                                                    "cumulative_cardinality": 7690894,
                                                    "operator_type": "HASH_JOIN",
                                                    "operator_cardinality": 2177293,
                                                    "cumulative_rows_scanned": 7700232,
                                                    "operator_rows_scanned": 0,
                                                    "operator_timing": 0.28569629800000024,
                                                    "result_set_size": 104510064,
                                                    "children": [
                                                        {
                                                            "operator_name": "FILTER",
                                                            "cpu_time": 0.5262565790000006,
                                                            "extra_info": {
                                                                "Expression": "(id <= 4978504)",
                                                                "Estimated Cardinality": "770023"
                                                            },
                                                            "cumulative_cardinality": 3336308,
                                                            "operator_type": "FILTER",
                                                            "operator_cardinality": 1668154,
                                                            "cumulative_rows_scanned": 3850116,
                                                            "operator_rows_scanned": 0,
                                                            "operator_timing": 0.003940138000000001,
                                                            "result_set_size": 60053544,
                                                            "children": [
                                                                {
                                                                    "operator_name": "READ_PARQUET ",
                                                                    "cpu_time": 0.5223164410000005,
                                                                    "extra_info": {
                                                                        "Function": "READ_PARQUET",
                                                                        "Projections": [
                                                                            "id",
                                                                            "creationdate",
                                                                            "score",
                                                                            "viewcount",
                                                                            "title"
                                                                        ],
                                                                        "Filters": "posttypeid=1",
                                                                        "Estimated Cardinality": "770023"
                                                                    },
                                                                    "cumulative_cardinality": 1668154,
                                                                    "operator_type": "TABLE_SCAN",
                                                                    "operator_cardinality": 1668154,
                                                                    "cumulative_rows_scanned": 3850116,
                                                                    "operator_rows_scanned": 3850116,
                                                                    "operator_timing": 0.5223164410000005,
                                                                    "result_set_size": 60053544,
                                                                    "children": []
                                                                }
                                                            ]
                                                        },
                                                        {
                                                            "operator_name": "READ_PARQUET ",
                                                            "cpu_time": 0.2285617299999998,
                                                            "extra_info": {
                                                                "Function": "READ_PARQUET",
                                                                "Projections": [
                                                                    "parentid",
                                                                    "creationdate",
                                                                    "score",
                                                                    "owneruserid"
                                                                ],
                                                                "Filters": "posttypeid=2",
                                                                "Estimated Cardinality": "770023"
                                                            },
                                                            "cumulative_cardinality": 2177293,
                                                            "operator_type": "TABLE_SCAN",
                                                            "operator_cardinality": 2177293,
                                                            "cumulative_rows_scanned": 3850116,
                                                            "operator_rows_scanned": 3850116,
                                                            "operator_timing": 0.2285617299999998,
                                                            "result_set_size": 43545860,
                                                            "children": []
                                                        }
                                                    ]
                                                }
                                            ]
                                        }
                                    ]
                                }
                            ]
                        }
                    ]
                }
            ]
        }
    ]
}