{
    "rows_returned": 100,
    "query_name": "SELECT \n    p.Id AS PostId,\n    p.Title,\n    p.CreationDate,\n    p.Score,\n    p.ViewCount,\n    COALESCE(a.AnswerCount, 0) AS AnswerCount,\n    COALESCE(v.UpVotes, 0) AS UpVotes,\n    COALESCE(v.DownVotes, 0) AS DownVotes,\n    u.Reputation AS UserReputation,\n    u.DisplayName AS UserDisplayName\nFROM \n    Posts p\nJOIN \n    Users u ON p.OwnerUserId = u.Id\nLEFT JOIN (\n    SELECT \n        ParentId,\n        COUNT(*) AS AnswerCount\n    FROM \n        Posts\n    WHERE \n        PostTypeId = 2\n    GROUP BY \n        ParentId\n) a ON p.Id = a.ParentId\nLEFT JOIN (\n    SELECT \n        PostId,\n        SUM(CASE WHEN VoteTypeId = 2 THEN 1 ELSE 0 END) AS UpVotes,\n        SUM(CASE WHEN VoteTypeId = 3 THEN 1 ELSE 0 END) AS DownVotes\n    FROM \n        Votes\n    GROUP BY \n        PostId\n) v ON p.Id = v.PostId\nWHERE \n    p.PostTypeId = 1 \nORDER BY \n    p.CreationDate DESC\nLIMIT 100;",
    "blocked_thread_time": 0.0,
    "cpu_time": 4.408888445,
    "extra_info": {},
    "cumulative_cardinality": 46048018,
    "cumulative_rows_scanned": 21705035,
    "result_set_size": 9600,
    "latency": 4.952382514,
    "children": [
        {
            "operator_name": "STREAMING_LIMIT",
            "cpu_time": 4.408888445,
            "extra_info": {},
            "cumulative_cardinality": 46048018,
            "operator_type": "STREAMING_LIMIT",
            "operator_cardinality": 100,
            "cumulative_rows_scanned": 21705035,
            "operator_rows_scanned": 0,
            "operator_timing": 0.000001693,
            "result_set_size": 9600,
            "children": [
                {
                    "operator_name": "PROJECTION",
                    "cpu_time": 4.408886752,
                    "extra_info": {
                        "Projections": [
                            "#0",
                            "#1",
                            "#2",
                            "__internal_decompress_integral_integer(#3, -72)",
                            "#4",
                            "#5",
                            "#6",
                            "#7",
                            "#8",
                            "#9"
                        ],
                        "Estimated Cardinality": "6372046"
                    },
                    "cumulative_cardinality": 46047918,
                    "operator_type": "PROJECTION",
                    "operator_cardinality": 4096,
                    "cumulative_rows_scanned": 21705035,
                    "operator_rows_scanned": 0,
                    "operator_timing": 0.000006963000000000001,
                    "result_set_size": 393216,
                    "children": [
                        {
                            "operator_name": "ORDER_BY",
                            "cpu_time": 4.408879789,
                            "extra_info": {
                                "Order By": "p.CreationDate DESC"
                            },
                            "cumulative_cardinality": 46043822,
                            "operator_type": "ORDER_BY",
                            "operator_cardinality": 4096,
                            "cumulative_rows_scanned": 21705035,
                            "operator_rows_scanned": 0,
                            "operator_timing": 0.23160363599999978,
                            "result_set_size": 385024,
                            "children": [
                                {
                                    "operator_name": "PROJECTION",
                                    "cpu_time": 4.177276153,
                                    "extra_info": {
                                        "Projections": [
                                            "#0",
                                            "#1",
                                            "#2",
                                            "__internal_compress_integral_usmallint(#3, -72)",
                                            "#4",
                                            "#5",
                                            "#6",
                                            "#7",
                                            "#8",
                                            "#9"
                                        ],
                                        "Estimated Cardinality": "6372046"
                                    },
                                    "cumulative_cardinality": 46039726,
                                    "operator_type": "PROJECTION",
                                    "operator_cardinality": 1589663,
                                    "cumulative_rows_scanned": 21705035,
                                    "operator_rows_scanned": 0,
                                    "operator_timing": 0.0020821449999999923,
                                    "result_set_size": 149428322,
                                    "children": [
                                        {
                                            "operator_name": "PROJECTION",
                                            "cpu_time": 4.175194008,
                                            "extra_info": {
                                                "Projections": [
                                                    "PostId",
                                                    "title",
                                                    "creationdate",
                                                    "score",
                                                    "viewcount",
                                                    "AnswerCount",
                                                    "UpVotes",
                                                    "DownVotes",
                                                    "UserReputation",
                                                    "UserDisplayName"
                                                ],
                                                "Estimated Cardinality": "6372046"
                                            },
                                            "cumulative_cardinality": 44450063,
                                            "operator_type": "PROJECTION",
                                            "operator_cardinality": 1589663,
                                            "cumulative_rows_scanned": 21705035,
                                            "operator_rows_scanned": 0,
                                            "operator_timing": 0.07591158299999991,
                                            "result_set_size": 152607648,
                                            "children": [
                                                {
                                                    "operator_name": "HASH_JOIN",
                                                    "cpu_time": 4.099282425,
                                                    "extra_info": {
                                                        "Join Type": "RIGHT",
                                                        "Conditions": "postid = id",
                                                        "Estimated Cardinality": "6372046"
                                                    },
                                                    "cumulative_cardinality": 42860400,
                                                    "operator_type": "HASH_JOIN",
                                                    "operator_cardinality": 1589663,
                                                    "cumulative_rows_scanned": 21705035,
                                                    "operator_rows_scanned": 0,
                                                    "operator_timing": 0.5882645840000005,
                                                    "result_set_size": 152607648,
                                                    "children": [
                                                        {
                                                            "operator_name": "HASH_GROUP_BY",
                                                            "cpu_time": 1.0230104059999992,
                                                            "extra_info": {
                                                                "Groups": "#0",
                                                                "Aggregates": [
                                                                    "sum(#1)",
                                                                    "sum(#2)"
                                                                ],
                                                                "Estimated Cardinality": "6372046"
                                                            },
                                                            "cumulative_cardinality": 29453413,
                                                            "operator_type": "HASH_GROUP_BY",
                                                            "operator_cardinality": 3965227,
                                                            "cumulative_rows_scanned": 12744093,
                                                            "operator_rows_scanned": 0,
                                                            "operator_timing": 0.789885743999999,
                                                            "result_set_size": 142748172,
                                                            "children": [
                                                                {
                                                                    "operator_name": "PROJECTION",
                                                                    "cpu_time": 0.23312466200000026,
                                                                    "extra_info": {
                                                                        "Projections": [
                                                                            "postid",
                                                                            "CASE  WHEN ((votetypeid = 2)) THEN (1) ELSE 0 END",
                                                                            "CASE  WHEN ((votetypeid = 3)) THEN (1) ELSE 0 END"
                                                                        ],
                                                                        "Estimated Cardinality": "12744093"
                                                                    },
                                                                    "cumulative_cardinality": 25488186,
                                                                    "operator_type": "PROJECTION",
                                                                    "operator_cardinality": 12744093,
                                                                    "cumulative_rows_scanned": 12744093,
                                                                    "operator_rows_scanned": 0,
                                                                    "operator_timing": 0.10225362100000024,
                                                                    "result_set_size": 152929116,
                                                                    "children": [
                                                                        {
                                                                            "operator_name": "READ_PARQUET ",
                                                                            "cpu_time": 0.13087104100000002,
                                                                            "extra_info": {
                                                                                "Function": "READ_PARQUET",
                                                                                "Projections": [
                                                                                    "postid",
                                                                                    "votetypeid"
                                                                                ],
                                                                                "Estimated Cardinality": "12744093"
                                                                            },
                                                                            "cumulative_cardinality": 12744093,
                                                                            "operator_type": "TABLE_SCAN",
                                                                            "operator_cardinality": 12744093,
                                                                            "cumulative_rows_scanned": 12744093,
                                                                            "operator_rows_scanned": 12744093,
                                                                            "operator_timing": 0.13087104100000002,
                                                                            "result_set_size": 76464558,
                                                                            "children": []
                                                                        }
                                                                    ]
                                                                }
                                                            ]
                                                        },
                                                        {
                                                            "operator_name": "HASH_JOIN",
                                                            "cpu_time": 2.488007435000001,
                                                            "extra_info": {
                                                                "Join Type": "LEFT",
                                                                "Conditions": "id = parentid",
                                                                "Estimated Cardinality": "770023"
                                                            },
                                                            "cumulative_cardinality": 11817324,
                                                            "operator_type": "HASH_JOIN",
                                                            "operator_cardinality": 1589663,
                                                            "cumulative_rows_scanned": 8960942,
                                                            "operator_rows_scanned": 0,
                                                            "operator_timing": 0.17979753300000026,
                                                            "result_set_size": 101738432,
                                                            "children": [
                                                                {
                                                                    "operator_name": "HASH_JOIN",
                                                                    "cpu_time": 2.1042666190000006,
                                                                    "extra_info": {
                                                                        "Join Type": "INNER",
                                                                        "Conditions": "id = owneruserid",
                                                                        "Estimated Cardinality": "770023"
                                                                    },
                                                                    "cumulative_cardinality": 4518504,
                                                                    "operator_type": "HASH_JOIN",
                                                                    "operator_cardinality": 1589663,
                                                                    "cumulative_rows_scanned": 5110826,
                                                                    "operator_rows_scanned": 0,
                                                                    "operator_timing": 0.383927915,
                                                                    "result_set_size": 89021128,
                                                                    "children": [
                                                                        {
                                                                            "operator_name": "READ_PARQUET ",
                                                                            "cpu_time": 0.12240972500000008,
                                                                            "extra_info": {
                                                                                "Function": "READ_PARQUET",
                                                                                "Projections": [
                                                                                    "id",
                                                                                    "reputation",
                                                                                    "displayname"
                                                                                ],
                                                                                "Filters": "id<=1416539",
                                                                                "Estimated Cardinality": "1260710"
                                                                            },
                                                                            "cumulative_cardinality": 1260677,
                                                                            "operator_type": "TABLE_SCAN",
                                                                            "operator_cardinality": 1260677,
                                                                            "cumulative_rows_scanned": 1260710,
                                                                            "operator_rows_scanned": 1260710,
                                                                            "operator_timing": 0.12240972500000008,
                                                                            "result_set_size": 30256248,
                                                                            "children": []
                                                                        },
                                                                        {
                                                                            "operator_name": "READ_PARQUET ",
                                                                            "cpu_time": 1.5979289790000002,
                                                                            "extra_info": {
                                                                                "Function": "READ_PARQUET",
                                                                                "Projections": [
                                                                                    "id",
                                                                                    "creationdate",
                                                                                    "score",
                                                                                    "viewcount",
                                                                                    "owneruserid",
                                                                                    "title"
                                                                                ],
                                                                                "Filters": "posttypeid=1",
                                                                                "Estimated Cardinality": "770023"
                                                                            },
                                                                            "cumulative_cardinality": 1668164,
                                                                            "operator_type": "TABLE_SCAN",
                                                                            "operator_cardinality": 1668164,
                                                                            "cumulative_rows_scanned": 3850116,
                                                                            "operator_rows_scanned": 3850116,
                                                                            "operator_timing": 1.5979289790000002,
                                                                            "result_set_size": 66726560,
                                                                            "children": []
                                                                        }
                                                                    ]
                                                                },
                                                                {
                                                                    "operator_name": "HASH_GROUP_BY",
                                                                    "cpu_time": 0.20394328300000014,
                                                                    "extra_info": {
                                                                        "Groups": "#0",
                                                                        "Aggregates": "count_star()",
                                                                        "Estimated Cardinality": "385011"
                                                                    },
                                                                    "cumulative_cardinality": 5709157,
                                                                    "operator_type": "HASH_GROUP_BY",
                                                                    "operator_cardinality": 1354571,
                                                                    "cumulative_rows_scanned": 3850116,
                                                                    "operator_rows_scanned": 0,
                                                                    "operator_timing": 0.10345104800000009,
                                                                    "result_set_size": 16254852,
                                                                    "children": [
                                                                        {
                                                                            "operator_name": "PROJECTION",
                                                                            "cpu_time": 0.10049223500000007,
                                                                            "extra_info": {
                                                                                "Projections": "parentid",
                                                                                "Estimated Cardinality": "770023"
                                                                            },
                                                                            "cumulative_cardinality": 4354586,
                                                                            "operator_type": "PROJECTION",
                                                                            "operator_cardinality": 2177293,
                                                                            "cumulative_rows_scanned": 3850116,
                                                                            "operator_rows_scanned": 0,
                                                                            "operator_timing": 0.00027811299999999824,
                                                                            "result_set_size": 8709172,
                                                                            "children": [
                                                                                {
                                                                                    "operator_name": "READ_PARQUET ",
                                                                                    "cpu_time": 0.10021412200000007,
                                                                                    "extra_info": {
                                                                                        "Function": "READ_PARQUET",
                                                                                        "Projections": "parentid",
                                                                                        "Filters": "posttypeid=2",
                                                                                        "Estimated Cardinality": "770023"
                                                                                    },
                                                                                    "cumulative_cardinality": 2177293,
                                                                                    "operator_type": "TABLE_SCAN",
                                                                                    "operator_cardinality": 2177293,
                                                                                    "cumulative_rows_scanned": 3850116,
                                                                                    "operator_rows_scanned": 3850116,
                                                                                    "operator_timing": 0.10021412200000007,
                                                                                    "result_set_size": 8709172,
                                                                                    "children": []
                                                                                }
                                                                            ]
                                                                        }
                                                                    ]
                                                                }
                                                            ]
                                                        }
                                                    ]
                                                }
                                            ]
                                        }
                                    ]
                                }
                            ]
                        }
                    ]
                }
            ]
        }
    ]
}