{
    "rows_returned": 100,
    "query_name": "\nWITH PostVoteStats AS (\n    SELECT \n        P.Id AS PostId,\n        P.PostTypeId,\n        P.Score,\n        P.ViewCount,\n        COUNT(V.Id) AS VoteCount,\n        SUM(CASE WHEN V.VoteTypeId = 2 THEN 1 ELSE 0 END) AS UpVotes,\n        SUM(CASE WHEN V.VoteTypeId = 3 THEN 1 ELSE 0 END) AS DownVotes\n    FROM \n        Posts P\n    LEFT JOIN \n        Votes V ON P.Id = V.PostId\n    GROUP BY \n        P.Id, P.PostTypeId, P.Score, P.ViewCount\n),\nUserStats AS (\n    SELECT\n        U.Id AS UserId,\n        U.Reputation,\n        COUNT(B.Id) AS BadgeCount,\n        SUM(P.ViewCount) AS TotalPostViews,\n        SUM(CASE WHEN P.PostTypeId = 1 THEN 1 ELSE 0 END) AS QuestionCount,\n        SUM(CASE WHEN P.PostTypeId = 2 THEN 1 ELSE 0 END) AS AnswerCount\n    FROM \n        Users U\n    LEFT JOIN \n        Badges B ON U.Id = B.UserId\n    LEFT JOIN \n        Posts P ON U.Id = P.OwnerUserId\n    GROUP BY \n        U.Id, U.Reputation\n)\nSELECT \n    PVS.PostId,\n    PVS.PostTypeId,\n    PVS.Score,\n    PVS.ViewCount,\n    PVS.VoteCount,\n    PVS.UpVotes,\n    PVS.DownVotes,\n    US.UserId,\n    US.Reputation,\n    US.BadgeCount,\n    US.TotalPostViews,\n    US.QuestionCount,\n    US.AnswerCount\nFROM \n    PostVoteStats PVS\nJOIN \n    UserStats US ON PVS.PostId = US.UserId\nORDER BY \n    PVS.Score DESC, PVS.ViewCount DESC\nLIMIT 100;\n",
    "blocked_thread_time": 0.0,
    "cpu_time": 31.190090066000046,
    "extra_info": {},
    "cumulative_cardinality": 1825858834,
    "cumulative_rows_scanned": 24026759,
    "result_set_size": 11800,
    "latency": 36.50096493,
    "children": [
        {
            "operator_name": "STREAMING_LIMIT",
            "cpu_time": 31.190090066000046,
            "extra_info": {},
            "cumulative_cardinality": 1825858834,
            "operator_type": "STREAMING_LIMIT",
            "operator_cardinality": 100,
            "cumulative_rows_scanned": 24026759,
            "operator_rows_scanned": 0,
            "operator_timing": 0.0000016639999999999999,
            "result_set_size": 11800,
            "children": [
                {
                    "operator_name": "PROJECTION",
                    "cpu_time": 31.190088402000047,
                    "extra_info": {
                        "Projections": [
                            "#0",
                            "__internal_decompress_integral_smallint(#1, 1)",
                            "__internal_decompress_integral_integer(#2, -72)",
                            "#3",
                            "#4",
                            "#5",
                            "#6",
                            "#7",
                            "#8",
                            "#9",
                            "#10",
                            "#11",
                            "#12"
                        ],
                        "Estimated Cardinality": "3850116"
                    },
                    "cumulative_cardinality": 1825858734,
                    "operator_type": "PROJECTION",
                    "operator_cardinality": 4096,
                    "cumulative_rows_scanned": 24026759,
                    "operator_rows_scanned": 0,
                    "operator_timing": 0.000011081,
                    "result_set_size": 483328,
                    "children": [
                        {
                            "operator_name": "ORDER_BY",
                            "cpu_time": 31.190077321000047,
                            "extra_info": {
                                "Order By": [
                                    "PVS.Score DESC",
                                    "PVS.ViewCount DESC"
                                ]
                            },
                            "cumulative_cardinality": 1825854638,
                            "operator_type": "ORDER_BY",
                            "operator_cardinality": 4096,
                            "cumulative_rows_scanned": 24026759,
                            "operator_rows_scanned": 0,
                            "operator_timing": 0.06592005399999996,
                            "result_set_size": 471040,
                            "children": [
                                {
                                    "operator_name": "PROJECTION",
                                    "cpu_time": 31.124157267000047,
                                    "extra_info": {
                                        "Projections": [
                                            "#0",
                                            "__internal_compress_integral_utinyint(#1, 1)",
                                            "__internal_compress_integral_usmallint(#2, -72)",
                                            "#3",
                                            "#4",
                                            "#5",
                                            "#6",
                                            "#7",
                                            "#8",
                                            "#9",
                                            "#10",
                                            "#11",
                                            "#12"
                                        ],
                                        "Estimated Cardinality": "3850116"
                                    },
                                    "cumulative_cardinality": 1825850542,
                                    "operator_type": "PROJECTION",
                                    "operator_cardinality": 1023784,
                                    "cumulative_rows_scanned": 24026759,
                                    "operator_rows_scanned": 0,
                                    "operator_timing": 0.0022507059999999986,
                                    "result_set_size": 117735160,
                                    "children": [
                                        {
                                            "operator_name": "PROJECTION",
                                            "cpu_time": 31.121906561000046,
                                            "extra_info": {
                                                "Projections": [
                                                    "PostId",
                                                    "posttypeid",
                                                    "score",
                                                    "viewcount",
                                                    "VoteCount",
                                                    "UpVotes",
                                                    "DownVotes",
                                                    "UserId",
                                                    "reputation",
                                                    "BadgeCount",
                                                    "TotalPostViews",
                                                    "QuestionCount",
                                                    "AnswerCount"
                                                ],
                                                "Estimated Cardinality": "3850116"
                                            },
                                            "cumulative_cardinality": 1824826758,
                                            "operator_type": "PROJECTION",
                                            "operator_cardinality": 1023784,
                                            "cumulative_rows_scanned": 24026759,
                                            "operator_rows_scanned": 0,
                                            "operator_timing": 0.0004625609999999993,
                                            "result_set_size": 120806512,
                                            "children": [
                                                {
                                                    "operator_name": "HASH_JOIN",
                                                    "cpu_time": 31.121444000000047,
                                                    "extra_info": {
                                                        "Join Type": "INNER",
                                                        "Conditions": "PostId = UserId",
                                                        "Estimated Cardinality": "3850116"
                                                    },
                                                    "cumulative_cardinality": 1823802974,
                                                    "operator_type": "HASH_JOIN",
                                                    "operator_cardinality": 1023784,
                                                    "cumulative_rows_scanned": 24026759,
                                                    "operator_rows_scanned": 0,
                                                    "operator_timing": 0.19434416799999987,
                                                    "result_set_size": 116711376,
                                                    "children": [
                                                        {
                                                            "operator_name": "PROJECTION",
                                                            "cpu_time": 2.0202961699999955,
                                                            "extra_info": {
                                                                "Projections": [
                                                                    "#0",
                                                                    "__internal_decompress_integral_smallint(#1, 1)",
                                                                    "__internal_decompress_integral_integer(#2, -72)",
                                                                    "#3",
                                                                    "#4",
                                                                    "#5",
                                                                    "#6"
                                                                ],
                                                                "Estimated Cardinality": "3850116"
                                                            },
                                                            "cumulative_cardinality": 52949767,
                                                            "operator_type": "PROJECTION",
                                                            "operator_cardinality": 1156110,
                                                            "cumulative_rows_scanned": 16594209,
                                                            "operator_rows_scanned": 0,
                                                            "operator_timing": 0.0008840090000000006,
                                                            "result_set_size": 62429940,
                                                            "children": [
                                                                {
                                                                    "operator_name": "HASH_GROUP_BY",
                                                                    "cpu_time": 2.0194121609999955,
                                                                    "extra_info": {
                                                                        "Groups": [
                                                                            "#0",
                                                                            "#1",
                                                                            "#2",
                                                                            "#3"
                                                                        ],
                                                                        "Aggregates": [
                                                                            "count(#4)",
                                                                            "sum(#5)",
                                                                            "sum(#6)"
                                                                        ],
                                                                        "Estimated Cardinality": "3850116"
                                                                    },
                                                                    "cumulative_cardinality": 51793657,
                                                                    "operator_type": "HASH_GROUP_BY",
                                                                    "operator_cardinality": 1156110,
                                                                    "cumulative_rows_scanned": 16594209,
                                                                    "operator_rows_scanned": 0,
                                                                    "operator_timing": 0.39687926200000045,
                                                                    "result_set_size": 58961610,
                                                                    "children": [
                                                                        {
                                                                            "operator_name": "PROJECTION",
                                                                            "cpu_time": 1.6225328989999952,
                                                                            "extra_info": {
                                                                                "Projections": [
                                                                                    "id",
                                                                                    "posttypeid",
                                                                                    "score",
                                                                                    "viewcount",
                                                                                    "id",
                                                                                    "CASE  WHEN ((votetypeid = 2)) THEN (1) ELSE 0 END",
                                                                                    "CASE  WHEN ((votetypeid = 3)) THEN (1) ELSE 0 END"
                                                                                ],
                                                                                "Estimated Cardinality": "12744093"
                                                                            },
                                                                            "cumulative_cardinality": 50637547,
                                                                            "operator_type": "PROJECTION",
                                                                            "operator_cardinality": 4709254,
                                                                            "cumulative_rows_scanned": 16594209,
                                                                            "operator_rows_scanned": 0,
                                                                            "operator_timing": 0.03237998299999997,
                                                                            "result_set_size": 108312842,
                                                                            "children": [
                                                                                {
                                                                                    "operator_name": "PROJECTION",
                                                                                    "cpu_time": 1.5901529159999952,
                                                                                    "extra_info": {
                                                                                        "Projections": [
                                                                                            "#0",
                                                                                            "#1",
                                                                                            "#2",
                                                                                            "__internal_compress_integral_utinyint(#3, 1)",
                                                                                            "__internal_compress_integral_usmallint(#4, -72)",
                                                                                            "#5"
                                                                                        ],
                                                                                        "Estimated Cardinality": "12744093"
                                                                                    },
                                                                                    "cumulative_cardinality": 45928293,
                                                                                    "operator_type": "PROJECTION",
                                                                                    "operator_cardinality": 4709254,
                                                                                    "cumulative_rows_scanned": 16594209,
                                                                                    "operator_rows_scanned": 0,
                                                                                    "operator_timing": 0.0035801179999999946,
                                                                                    "result_set_size": 80057318,
                                                                                    "children": [
                                                                                        {
                                                                                            "operator_name": "PROJECTION",
                                                                                            "cpu_time": 1.5865727979999953,
                                                                                            "extra_info": {
                                                                                                "Projections": [
                                                                                                    "#0",
                                                                                                    "#1",
                                                                                                    "#2",
                                                                                                    "__internal_decompress_integral_smallint(#3, 1)",
                                                                                                    "__internal_decompress_integral_integer(#4, -72)",
                                                                                                    "#5"
                                                                                                ],
                                                                                                "Estimated Cardinality": "12744093"
                                                                                            },
                                                                                            "cumulative_cardinality": 41219039,
                                                                                            "operator_type": "PROJECTION",
                                                                                            "operator_cardinality": 4709254,
                                                                                            "cumulative_rows_scanned": 16594209,
                                                                                            "operator_rows_scanned": 0,
                                                                                            "operator_timing": 0.0038771610000000105,
                                                                                            "result_set_size": 94185080,
                                                                                            "children": [
                                                                                                {
                                                                                                    "operator_name": "FILTER",
                                                                                                    "cpu_time": 1.5826956369999954,
                                                                                                    "extra_info": {
                                                                                                        "Expression": "(#2 <= 1416570)",
                                                                                                        "Estimated Cardinality": "12744093"
                                                                                                    },
                                                                                                    "cumulative_cardinality": 36509785,
                                                                                                    "operator_type": "FILTER",
                                                                                                    "operator_cardinality": 4709254,
                                                                                                    "cumulative_rows_scanned": 16594209,
                                                                                                    "operator_rows_scanned": 0,
                                                                                                    "operator_timing": 0.02172286099999993,
                                                                                                    "result_set_size": 80057318,
                                                                                                    "children": [
                                                                                                        {
                                                                                                            "operator_name": "HASH_JOIN",
                                                                                                            "cpu_time": 1.5609727759999954,
                                                                                                            "extra_info": {
                                                                                                                "Join Type": "RIGHT",
                                                                                                                "Conditions": "postid = id",
                                                                                                                "Estimated Cardinality": "12744093"
                                                                                                            },
                                                                                                            "cumulative_cardinality": 31800531,
                                                                                                            "operator_type": "HASH_JOIN",
                                                                                                            "operator_cardinality": 11356206,
                                                                                                            "cumulative_rows_scanned": 16594209,
                                                                                                            "operator_rows_scanned": 0,
                                                                                                            "operator_timing": 0.8489504109999957,
                                                                                                            "result_set_size": 193055502,
                                                                                                            "children": [
                                                                                                                {
                                                                                                                    "operator_name": "READ_PARQUET ",
                                                                                                                    "cpu_time": 0.2901916089999997,
                                                                                                                    "extra_info": {
                                                                                                                        "Function": "READ_PARQUET",
                                                                                                                        "Projections": [
                                                                                                                            "id",
                                                                                                                            "postid",
                                                                                                                            "votetypeid"
                                                                                                                        ],
                                                                                                                        "Estimated Cardinality": "12744093"
                                                                                                                    },
                                                                                                                    "cumulative_cardinality": 12744093,
                                                                                                                    "operator_type": "TABLE_SCAN",
                                                                                                                    "operator_cardinality": 12744093,
                                                                                                                    "cumulative_rows_scanned": 12744093,
                                                                                                                    "operator_rows_scanned": 12744093,
                                                                                                                    "operator_timing": 0.2901916089999997,
                                                                                                                    "result_set_size": 127440930,
                                                                                                                    "children": []
                                                                                                                },
                                                                                                                {
                                                                                                                    "operator_name": "PROJECTION",
                                                                                                                    "cpu_time": 0.4218307560000002,
                                                                                                                    "extra_info": {
                                                                                                                        "Projections": [
                                                                                                                            "#0",
                                                                                                                            "__internal_compress_integral_utinyint(#1, 1)",
                                                                                                                            "__internal_compress_integral_usmallint(#2, -72)",
                                                                                                                            "#3"
                                                                                                                        ],
                                                                                                                        "Estimated Cardinality": "3850116"
                                                                                                                    },
                                                                                                                    "cumulative_cardinality": 7700232,
                                                                                                                    "operator_type": "PROJECTION",
                                                                                                                    "operator_cardinality": 3850116,
                                                                                                                    "cumulative_rows_scanned": 3850116,
                                                                                                                    "operator_rows_scanned": 0,
                                                                                                                    "operator_timing": 0.002599765999999995,
                                                                                                                    "result_set_size": 42351276,
                                                                                                                    "children": [
                                                                                                                        {
                                                                                                                            "operator_name": "READ_PARQUET ",
                                                                                                                            "cpu_time": 0.4192309900000002,
                                                                                                                            "extra_info": {
                                                                                                                                "Function": "READ_PARQUET",
                                                                                                                                "Projections": [
                                                                                                                                    "id",
                                                                                                                                    "posttypeid",
                                                                                                                                    "score",
                                                                                                                                    "viewcount"
                                                                                                                                ],
                                                                                                                                "Estimated Cardinality": "3850116"
                                                                                                                            },
                                                                                                                            "cumulative_cardinality": 3850116,
                                                                                                                            "operator_type": "TABLE_SCAN",
                                                                                                                            "operator_cardinality": 3850116,
                                                                                                                            "cumulative_rows_scanned": 3850116,
                                                                                                                            "operator_rows_scanned": 3850116,
                                                                                                                            "operator_timing": 0.4192309900000002,
                                                                                                                            "result_set_size": 53901624,
                                                                                                                            "children": []
                                                                                                                        }
                                                                                                                    ]
                                                                                                                }
                                                                                                            ]
                                                                                                        }
                                                                                                    ]
                                                                                                }
                                                                                            ]
                                                                                        }
                                                                                    ]
                                                                                }
                                                                            ]
                                                                        }
                                                                    ]
                                                                }
                                                            ]
                                                        },
                                                        {
                                                            "operator_name": "HASH_GROUP_BY",
                                                            "cpu_time": 28.90680366200005,
                                                            "extra_info": {
                                                                "Groups": [
                                                                    "#0",
                                                                    "#1"
                                                                ],
                                                                "Aggregates": [
                                                                    "count(#2)",
                                                                    "sum(#3)",
                                                                    "sum(#4)",
                                                                    "sum(#5)"
                                                                ],
                                                                "Estimated Cardinality": "1260710"
                                                            },
                                                            "cumulative_cardinality": 1769829423,
                                                            "operator_type": "HASH_GROUP_BY",
                                                            "operator_cardinality": 1260709,
                                                            "cumulative_rows_scanned": 7432550,
                                                            "operator_rows_scanned": 0,
                                                            "operator_timing": 11.69758425900004,
                                                            "result_set_size": 80685376,
                                                            "children": [
                                                                {
                                                                    "operator_name": "PROJECTION",
                                                                    "cpu_time": 17.209219403000013,
                                                                    "extra_info": {
                                                                        "Projections": [
                                                                            "id",
                                                                            "reputation",
                                                                            "id",
                                                                            "viewcount",
                                                                            "CASE  WHEN ((posttypeid = 1)) THEN (1) ELSE 0 END",
                                                                            "CASE  WHEN ((posttypeid = 2)) THEN (1) ELSE 0 END"
                                                                        ],
                                                                        "Estimated Cardinality": "3850116"
                                                                    },
                                                                    "cumulative_cardinality": 1768568714,
                                                                    "operator_type": "PROJECTION",
                                                                    "operator_cardinality": 586088951,
                                                                    "cumulative_rows_scanned": 7432550,
                                                                    "operator_rows_scanned": 0,
                                                                    "operator_timing": 3.6787036590001483,
                                                                    "result_set_size": 14066134824,
                                                                    "children": [
                                                                        {
                                                                            "operator_name": "FILTER",
                                                                            "cpu_time": 13.530515743999864,
                                                                            "extra_info": {
                                                                                "Expression": "(id >= 1)",
                                                                                "Estimated Cardinality": "3850116"
                                                                            },
                                                                            "cumulative_cardinality": 1182479763,
                                                                            "operator_type": "FILTER",
                                                                            "operator_cardinality": 586088951,
                                                                            "cumulative_rows_scanned": 7432550,
                                                                            "operator_rows_scanned": 0,
                                                                            "operator_timing": 0.7506520930000283,
                                                                            "result_set_size": 10549601118,
                                                                            "children": [
                                                                                {
                                                                                    "operator_name": "HASH_JOIN",
                                                                                    "cpu_time": 12.779863650999836,
                                                                                    "extra_info": {
                                                                                        "Join Type": "RIGHT",
                                                                                        "Conditions": "owneruserid = id",
                                                                                        "Estimated Cardinality": "3850116"
                                                                                    },
                                                                                    "cumulative_cardinality": 596390812,
                                                                                    "operator_type": "HASH_JOIN",
                                                                                    "operator_cardinality": 586089549,
                                                                                    "cumulative_rows_scanned": 7432550,
                                                                                    "operator_rows_scanned": 0,
                                                                                    "operator_timing": 10.096997241999837,
                                                                                    "result_set_size": 10549611882,
                                                                                    "children": [
                                                                                        {
                                                                                            "operator_name": "READ_PARQUET ",
                                                                                            "cpu_time": 1.1748732109999989,
                                                                                            "extra_info": {
                                                                                                "Function": "READ_PARQUET",
                                                                                                "Projections": [
                                                                                                    "posttypeid",
                                                                                                    "viewcount",
                                                                                                    "owneruserid"
                                                                                                ],
                                                                                                "Estimated Cardinality": "3850116"
                                                                                            },
                                                                                            "cumulative_cardinality": 3685416,
                                                                                            "operator_type": "TABLE_SCAN",
                                                                                            "operator_cardinality": 3685416,
                                                                                            "cumulative_rows_scanned": 3850116,
                                                                                            "operator_rows_scanned": 3850116,
                                                                                            "operator_timing": 1.1748732109999989,
                                                                                            "result_set_size": 36854160,
                                                                                            "children": []
                                                                                        },
                                                                                        {
                                                                                            "operator_name": "HASH_JOIN",
                                                                                            "cpu_time": 1.507993197999999,
                                                                                            "extra_info": {
                                                                                                "Join Type": "RIGHT",
                                                                                                "Conditions": "userid = id",
                                                                                                "Estimated Cardinality": "2321724"
                                                                                            },
                                                                                            "cumulative_cardinality": 6615847,
                                                                                            "operator_type": "HASH_JOIN",
                                                                                            "operator_cardinality": 3033413,
                                                                                            "cumulative_rows_scanned": 3582434,
                                                                                            "operator_rows_scanned": 0,
                                                                                            "operator_timing": 0.2629008770000003,
                                                                                            "result_set_size": 36400956,
                                                                                            "children": [
                                                                                                {
                                                                                                    "operator_name": "READ_PARQUET ",
                                                                                                    "cpu_time": 1.2274575879999987,
                                                                                                    "extra_info": {
                                                                                                        "Function": "READ_PARQUET",
                                                                                                        "Projections": [
                                                                                                            "id",
                                                                                                            "userid"
                                                                                                        ],
                                                                                                        "Estimated Cardinality": "2321724"
                                                                                                    },
                                                                                                    "cumulative_cardinality": 2321724,
                                                                                                    "operator_type": "TABLE_SCAN",
                                                                                                    "operator_cardinality": 2321724,
                                                                                                    "cumulative_rows_scanned": 2321724,
                                                                                                    "operator_rows_scanned": 2321724,
                                                                                                    "operator_timing": 1.2274575879999987,
                                                                                                    "result_set_size": 18573792,
                                                                                                    "children": []
                                                                                                },
                                                                                                {
                                                                                                    "operator_name": "READ_PARQUET ",
                                                                                                    "cpu_time": 0.017634732999999996,
                                                                                                    "extra_info": {
                                                                                                        "Function": "READ_PARQUET",
                                                                                                        "Projections": [
                                                                                                            "id",
                                                                                                            "reputation"
                                                                                                        ],
                                                                                                        "Estimated Cardinality": "1260710"
                                                                                                    },
                                                                                                    "cumulative_cardinality": 1260710,
                                                                                                    "operator_type": "TABLE_SCAN",
                                                                                                    "operator_cardinality": 1260710,
                                                                                                    "cumulative_rows_scanned": 1260710,
                                                                                                    "operator_rows_scanned": 1260710,
                                                                                                    "operator_timing": 0.017634732999999996,
                                                                                                    "result_set_size": 10085680,
                                                                                                    "children": []
                                                                                                }
                                                                                            ]
                                                                                        }
                                                                                    ]
                                                                                }
                                                                            ]
                                                                        }
                                                                    ]
                                                                }
                                                            ]
                                                        }
                                                    ]
                                                }
                                            ]
                                        }
                                    ]
                                }
                            ]
                        }
                    ]
                }
            ]
        }
    ]
}