{
    "rows_returned": 100,
    "query_name": "\nWITH RankedPosts AS (\n    SELECT \n        P.Id,\n        P.Title,\n        P.CreationDate,\n        P.Score,\n        U.DisplayName AS Author,\n        COUNT(Comments.Id) AS TotalComments,\n        ROW_NUMBER() OVER (PARTITION BY P.Id ORDER BY P.CreationDate DESC) AS rn\n    FROM \n        Posts P\n    LEFT JOIN \n        Users U ON P.OwnerUserId = U.Id\n    LEFT JOIN \n        Comments ON P.Id = Comments.PostId\n    WHERE \n        P.CreationDate >= TIMESTAMP '2024-10-01 12:34:56' - INTERVAL '1 year'\n    GROUP BY \n        P.Id, P.Title, P.CreationDate, P.Score, U.DisplayName\n),\n\nClosePostReasons AS (\n    SELECT \n        PH.PostId,\n        STRING_AGG(CRT.Name, ', ') AS CloseReasons\n    FROM \n        PostHistory PH\n    JOIN \n        CloseReasonTypes CRT ON CAST(PH.Comment AS int) = CRT.Id\n    WHERE \n        PH.PostHistoryTypeId IN (10, 11) \n    GROUP BY \n        PH.PostId\n)\n\nSELECT \n    RP.Id,\n    RP.Title,\n    RP.CreationDate,\n    RP.Score,\n    RP.Author,\n    COALESCE(RP.TotalComments, 0) AS TotalComments,\n    COALESCE(CPR.CloseReasons, 'No close reasons') AS CloseReasons\nFROM \n    RankedPosts RP\nLEFT JOIN \n    ClosePostReasons CPR ON RP.Id = CPR.PostId\nWHERE \n    RP.Score > 10\nORDER BY \n    RP.Score DESC\nLIMIT 100;\n",
    "blocked_thread_time": 0.0,
    "cpu_time": 0.8871941099999984,
    "extra_info": {},
    "cumulative_cardinality": 4467309,
    "cumulative_rows_scanned": 24147904,
    "result_set_size": 7200,
    "latency": 0.974713514,
    "children": [
        {
            "operator_name": "STREAMING_LIMIT",
            "cpu_time": 0.8871941099999984,
            "extra_info": {},
            "cumulative_cardinality": 4467309,
            "operator_type": "STREAMING_LIMIT",
            "operator_cardinality": 100,
            "cumulative_rows_scanned": 24147904,
            "operator_rows_scanned": 0,
            "operator_timing": 0.000001102,
            "result_set_size": 7200,
            "children": [
                {
                    "operator_name": "PROJECTION",
                    "cpu_time": 0.8871930079999983,
                    "extra_info": {
                        "Projections": [
                            "#0",
                            "#1",
                            "#2",
                            "__internal_decompress_integral_integer(#3, 10)",
                            "#4",
                            "#5",
                            "#6"
                        ],
                        "Estimated Cardinality": "1179524"
                    },
                    "cumulative_cardinality": 4467209,
                    "operator_type": "PROJECTION",
                    "operator_cardinality": 1273,
                    "cumulative_rows_scanned": 24147904,
                    "operator_rows_scanned": 0,
                    "operator_timing": 0.000001423,
                    "result_set_size": 91656,
                    "children": [
                        {
                            "operator_name": "ORDER_BY",
                            "cpu_time": 0.8871915849999984,
                            "extra_info": {
                                "Order By": "RP.Score DESC"
                            },
                            "cumulative_cardinality": 4465936,
                            "operator_type": "ORDER_BY",
                            "operator_cardinality": 1273,
                            "cumulative_rows_scanned": 24147904,
                            "operator_rows_scanned": 0,
                            "operator_timing": 0.00015683199999999998,
                            "result_set_size": 89110,
                            "children": [
                                {
                                    "operator_name": "PROJECTION",
                                    "cpu_time": 0.8870347529999983,
                                    "extra_info": {
                                        "Projections": [
                                            "#0",
                                            "#1",
                                            "#2",
                                            "__internal_compress_integral_usmallint(#3, 10)",
                                            "#4",
                                            "#5",
                                            "#6"
                                        ],
                                        "Estimated Cardinality": "1179524"
                                    },
                                    "cumulative_cardinality": 4464663,
                                    "operator_type": "PROJECTION",
                                    "operator_cardinality": 1273,
                                    "cumulative_rows_scanned": 24147904,
                                    "operator_rows_scanned": 0,
                                    "operator_timing": 0.000003285,
                                    "result_set_size": 89110,
                                    "children": [
                                        {
                                            "operator_name": "PROJECTION",
                                            "cpu_time": 0.8870314679999983,
                                            "extra_info": {
                                                "Projections": [
                                                    "id",
                                                    "title",
                                                    "creationdate",
                                                    "score",
                                                    "Author",
                                                    "TotalComments",
                                                    "CloseReasons"
                                                ],
                                                "Estimated Cardinality": "1179524"
                                            },
                                            "cumulative_cardinality": 4463390,
                                            "operator_type": "PROJECTION",
                                            "operator_cardinality": 1273,
                                            "cumulative_rows_scanned": 24147904,
                                            "operator_rows_scanned": 0,
                                            "operator_timing": 0.000041047,
                                            "result_set_size": 91656,
                                            "children": [
                                                {
                                                    "operator_name": "HASH_JOIN",
                                                    "cpu_time": 0.8869904209999984,
                                                    "extra_info": {
                                                        "Join Type": "LEFT",
                                                        "Conditions": "id = postid",
                                                        "Estimated Cardinality": "1179524"
                                                    },
                                                    "cumulative_cardinality": 4462117,
                                                    "operator_type": "HASH_JOIN",
                                                    "operator_cardinality": 1273,
                                                    "cumulative_rows_scanned": 24147904,
                                                    "operator_rows_scanned": 0,
                                                    "operator_timing": 0.004405472,
                                                    "result_set_size": 91656,
                                                    "children": [
                                                        {
                                                            "operator_name": "PROJECTION",
                                                            "cpu_time": 0.3459115849999999,
                                                            "extra_info": {
                                                                "Projections": [
                                                                    "#0",
                                                                    "#1",
                                                                    "#2",
                                                                    "#3",
                                                                    "#4",
                                                                    "#5"
                                                                ],
                                                                "Estimated Cardinality": "770023"
                                                            },
                                                            "cumulative_cardinality": 3965923,
                                                            "operator_type": "PROJECTION",
                                                            "operator_cardinality": 1273,
                                                            "cumulative_rows_scanned": 12352648,
                                                            "operator_rows_scanned": 0,
                                                            "operator_timing": 6.51e-7,
                                                            "result_set_size": 71288,
                                                            "children": [
                                                                {
                                                                    "operator_name": "FILTER",
                                                                    "cpu_time": 0.3459109339999999,
                                                                    "extra_info": {
                                                                        "Expression": "(score > 10)",
                                                                        "Estimated Cardinality": "770023"
                                                                    },
                                                                    "cumulative_cardinality": 3964650,
                                                                    "operator_type": "FILTER",
                                                                    "operator_cardinality": 1273,
                                                                    "cumulative_rows_scanned": 12352648,
                                                                    "operator_rows_scanned": 0,
                                                                    "operator_timing": 0.0005599590000000002,
                                                                    "result_set_size": 81472,
                                                                    "children": [
                                                                        {
                                                                            "operator_name": "PROJECTION",
                                                                            "cpu_time": 0.3453509749999999,
                                                                            "extra_info": {
                                                                                "Projections": [
                                                                                    "#0",
                                                                                    "#1",
                                                                                    "#2",
                                                                                    "#3",
                                                                                    "#4",
                                                                                    "#5",
                                                                                    "#6"
                                                                                ],
                                                                                "Estimated Cardinality": "3850116"
                                                                            },
                                                                            "cumulative_cardinality": 3963377,
                                                                            "operator_type": "PROJECTION",
                                                                            "operator_cardinality": 145542,
                                                                            "cumulative_rows_scanned": 12352648,
                                                                            "operator_rows_scanned": 0,
                                                                            "operator_timing": 0.000027642000000000004,
                                                                            "result_set_size": 9314688,
                                                                            "children": [
                                                                                {
                                                                                    "operator_name": "WINDOW",
                                                                                    "cpu_time": 0.3453233329999999,
                                                                                    "extra_info": {
                                                                                        "Projections": "ROW_NUMBER() OVER (PARTITION BY id ORDER BY creationdate DESC NULLS LAST)"
                                                                                    },
                                                                                    "cumulative_cardinality": 3817835,
                                                                                    "operator_type": "WINDOW",
                                                                                    "operator_cardinality": 145542,
                                                                                    "cumulative_rows_scanned": 12352648,
                                                                                    "operator_rows_scanned": 0,
                                                                                    "operator_timing": 0.031493127999999995,
                                                                                    "result_set_size": 9314688,
                                                                                    "children": [
                                                                                        {
                                                                                            "operator_name": "PROJECTION",
                                                                                            "cpu_time": 0.3138302049999999,
                                                                                            "extra_info": {
                                                                                                "Projections": [
                                                                                                    "#0",
                                                                                                    "#1",
                                                                                                    "#2",
                                                                                                    "__internal_decompress_integral_integer(#3, -72)",
                                                                                                    "#4",
                                                                                                    "#5"
                                                                                                ],
                                                                                                "Estimated Cardinality": "3850116"
                                                                                            },
                                                                                            "cumulative_cardinality": 3672293,
                                                                                            "operator_type": "PROJECTION",
                                                                                            "operator_cardinality": 145542,
                                                                                            "cumulative_rows_scanned": 12352648,
                                                                                            "operator_rows_scanned": 0,
                                                                                            "operator_timing": 0.00006346299999999999,
                                                                                            "result_set_size": 8150352,
                                                                                            "children": [
                                                                                                {
                                                                                                    "operator_name": "HASH_GROUP_BY",
                                                                                                    "cpu_time": 0.31376674199999993,
                                                                                                    "extra_info": {
                                                                                                        "Groups": [
                                                                                                            "#0",
                                                                                                            "#1",
                                                                                                            "#2",
                                                                                                            "#3",
                                                                                                            "#4"
                                                                                                        ],
                                                                                                        "Aggregates": "count(#5)",
                                                                                                        "Estimated Cardinality": "3850116"
                                                                                                    },
                                                                                                    "cumulative_cardinality": 3526751,
                                                                                                    "operator_type": "HASH_GROUP_BY",
                                                                                                    "operator_cardinality": 145542,
                                                                                                    "cumulative_rows_scanned": 12352648,
                                                                                                    "operator_rows_scanned": 0,
                                                                                                    "operator_timing": 0.046264478,
                                                                                                    "result_set_size": 7859268,
                                                                                                    "children": [
                                                                                                        {
                                                                                                            "operator_name": "PROJECTION",
                                                                                                            "cpu_time": 0.26750226399999993,
                                                                                                            "extra_info": {
                                                                                                                "Projections": [
                                                                                                                    "id",
                                                                                                                    "title",
                                                                                                                    "creationdate",
                                                                                                                    "score",
                                                                                                                    "displayname",
                                                                                                                    "id"
                                                                                                                ],
                                                                                                                "Estimated Cardinality": "7241822"
                                                                                                            },
                                                                                                            "cumulative_cardinality": 3381209,
                                                                                                            "operator_type": "PROJECTION",
                                                                                                            "operator_cardinality": 349210,
                                                                                                            "cumulative_rows_scanned": 12352648,
                                                                                                            "operator_rows_scanned": 0,
                                                                                                            "operator_timing": 0.00006725899999999999,
                                                                                                            "result_set_size": 17460500,
                                                                                                            "children": [
                                                                                                                {
                                                                                                                    "operator_name": "PROJECTION",
                                                                                                                    "cpu_time": 0.26743500499999995,
                                                                                                                    "extra_info": {
                                                                                                                        "Projections": [
                                                                                                                            "#0",
                                                                                                                            "#1",
                                                                                                                            "#2",
                                                                                                                            "#3",
                                                                                                                            "__internal_compress_integral_usmallint(#4, -72)",
                                                                                                                            "#5"
                                                                                                                        ],
                                                                                                                        "Estimated Cardinality": "7241822"
                                                                                                                    },
                                                                                                                    "cumulative_cardinality": 3031999,
                                                                                                                    "operator_type": "PROJECTION",
                                                                                                                    "operator_cardinality": 349210,
                                                                                                                    "cumulative_rows_scanned": 12352648,
                                                                                                                    "operator_rows_scanned": 0,
                                                                                                                    "operator_timing": 0.00015221399999999996,
                                                                                                                    "result_set_size": 17460500,
                                                                                                                    "children": [
                                                                                                                        {
                                                                                                                            "operator_name": "PROJECTION",
                                                                                                                            "cpu_time": 0.26728279099999996,
                                                                                                                            "extra_info": {
                                                                                                                                "Projections": [
                                                                                                                                    "#0",
                                                                                                                                    "#1",
                                                                                                                                    "#2",
                                                                                                                                    "#3",
                                                                                                                                    "__internal_decompress_integral_integer(#4, -72)",
                                                                                                                                    "#5"
                                                                                                                                ],
                                                                                                                                "Estimated Cardinality": "7241822"
                                                                                                                            },
                                                                                                                            "cumulative_cardinality": 2682789,
                                                                                                                            "operator_type": "PROJECTION",
                                                                                                                            "operator_cardinality": 349210,
                                                                                                                            "cumulative_rows_scanned": 12352648,
                                                                                                                            "operator_rows_scanned": 0,
                                                                                                                            "operator_timing": 0.00018547100000000004,
                                                                                                                            "result_set_size": 18158920,
                                                                                                                            "children": [
                                                                                                                                {
                                                                                                                                    "operator_name": "HASH_JOIN",
                                                                                                                                    "cpu_time": 0.26709731999999997,
                                                                                                                                    "extra_info": {
                                                                                                                                        "Join Type": "RIGHT",
                                                                                                                                        "Conditions": "postid = id",
                                                                                                                                        "Estimated Cardinality": "7241822"
                                                                                                                                    },
                                                                                                                                    "cumulative_cardinality": 2333579,
                                                                                                                                    "operator_type": "HASH_JOIN",
                                                                                                                                    "operator_cardinality": 349210,
                                                                                                                                    "cumulative_rows_scanned": 12352648,
                                                                                                                                    "operator_rows_scanned": 0,
                                                                                                                                    "operator_timing": 0.07248721799999999,
                                                                                                                                    "result_set_size": 17460500,
                                                                                                                                    "children": [
                                                                                                                                        {
                                                                                                                                            "operator_name": "READ_PARQUET ",
                                                                                                                                            "cpu_time": 0.014285609,
                                                                                                                                            "extra_info": {
                                                                                                                                                "Function": "READ_PARQUET",
                                                                                                                                                "Projections": [
                                                                                                                                                    "id",
                                                                                                                                                    "postid"
                                                                                                                                                ],
                                                                                                                                                "Estimated Cardinality": "7241822"
                                                                                                                                            },
                                                                                                                                            "cumulative_cardinality": 287064,
                                                                                                                                            "operator_type": "TABLE_SCAN",
                                                                                                                                            "operator_cardinality": 287064,
                                                                                                                                            "cumulative_rows_scanned": 7241822,
                                                                                                                                            "operator_rows_scanned": 7241822,
                                                                                                                                            "operator_timing": 0.014285609,
                                                                                                                                            "result_set_size": 2296512,
                                                                                                                                            "children": []
                                                                                                                                        },
                                                                                                                                        {
                                                                                                                                            "operator_name": "PROJECTION",
                                                                                                                                            "cpu_time": 0.180324493,
                                                                                                                                            "extra_info": {
                                                                                                                                                "Projections": [
                                                                                                                                                    "#0",
                                                                                                                                                    "#1",
                                                                                                                                                    "#2",
                                                                                                                                                    "__internal_compress_integral_usmallint(#3, -72)",
                                                                                                                                                    "#4"
                                                                                                                                                ],
                                                                                                                                                "Estimated Cardinality": "1260710"
                                                                                                                                            },
                                                                                                                                            "cumulative_cardinality": 1697305,
                                                                                                                                            "operator_type": "PROJECTION",
                                                                                                                                            "operator_cardinality": 145542,
                                                                                                                                            "cumulative_rows_scanned": 5110826,
                                                                                                                                            "operator_rows_scanned": 0,
                                                                                                                                            "operator_timing": 0.000438101999999999,
                                                                                                                                            "result_set_size": 6694932,
                                                                                                                                            "children": [
                                                                                                                                                {
                                                                                                                                                    "operator_name": "HASH_JOIN",
                                                                                                                                                    "cpu_time": 0.179886391,
                                                                                                                                                    "extra_info": {
                                                                                                                                                        "Join Type": "RIGHT",
                                                                                                                                                        "Conditions": "id = owneruserid",
                                                                                                                                                        "Estimated Cardinality": "1260710"
                                                                                                                                                    },
                                                                                                                                                    "cumulative_cardinality": 1551763,
                                                                                                                                                    "operator_type": "HASH_JOIN",
                                                                                                                                                    "operator_cardinality": 145542,
                                                                                                                                                    "cumulative_rows_scanned": 5110826,
                                                                                                                                                    "operator_rows_scanned": 0,
                                                                                                                                                    "operator_timing": 0.029130505000000025,
                                                                                                                                                    "result_set_size": 6986016,
                                                                                                                                                    "children": [
                                                                                                                                                        {
                                                                                                                                                            "operator_name": "READ_PARQUET ",
                                                                                                                                                            "cpu_time": 0.082798453,
                                                                                                                                                            "extra_info": {
                                                                                                                                                                "Function": "READ_PARQUET",
                                                                                                                                                                "Projections": [
                                                                                                                                                                    "id",
                                                                                                                                                                    "displayname"
                                                                                                                                                                ],
                                                                                                                                                                "Estimated Cardinality": "1260710"
                                                                                                                                                            },
                                                                                                                                                            "cumulative_cardinality": 1260679,
                                                                                                                                                            "operator_type": "TABLE_SCAN",
                                                                                                                                                            "operator_cardinality": 1260679,
                                                                                                                                                            "cumulative_rows_scanned": 1260710,
                                                                                                                                                            "operator_rows_scanned": 1260710,
                                                                                                                                                            "operator_timing": 0.082798453,
                                                                                                                                                            "result_set_size": 25213580,
                                                                                                                                                            "children": []
                                                                                                                                                        },
                                                                                                                                                        {
                                                                                                                                                            "operator_name": "READ_PARQUET ",
                                                                                                                                                            "cpu_time": 0.06795743299999998,
                                                                                                                                                            "extra_info": {
                                                                                                                                                                "Function": "READ_PARQUET",
                                                                                                                                                                "Projections": [
                                                                                                                                                                    "id",
                                                                                                                                                                    "creationdate",
                                                                                                                                                                    "score",
                                                                                                                                                                    "owneruserid",
                                                                                                                                                                    "title"
                                                                                                                                                                ],
                                                                                                                                                                "Filters": "creationdate>='2023-10-01 12:34:56'::TIMESTAMP",
                                                                                                                                                                "Estimated Cardinality": "770023"
                                                                                                                                                            },
                                                                                                                                                            "cumulative_cardinality": 145542,
                                                                                                                                                            "operator_type": "TABLE_SCAN",
                                                                                                                                                            "operator_cardinality": 145542,
                                                                                                                                                            "cumulative_rows_scanned": 3850116,
                                                                                                                                                            "operator_rows_scanned": 3850116,
                                                                                                                                                            "operator_timing": 0.06795743299999998,
                                                                                                                                                            "result_set_size": 5239512,
                                                                                                                                                            "children": []
                                                                                                                                                        }
                                                                                                                                                    ]
                                                                                                                                                }
                                                                                                                                            ]
                                                                                                                                        }
                                                                                                                                    ]
                                                                                                                                }
                                                                                                                            ]
                                                                                                                        }
                                                                                                                    ]
                                                                                                                }
                                                                                                            ]
                                                                                                        }
                                                                                                    ]
                                                                                                }
                                                                                            ]
                                                                                        }
                                                                                    ]
                                                                                }
                                                                            ]
                                                                        }
                                                                    ]
                                                                }
                                                            ]
                                                        },
                                                        {
                                                            "operator_name": "HASH_GROUP_BY",
                                                            "cpu_time": 0.5366733639999984,
                                                            "extra_info": {
                                                                "Groups": "#0",
                                                                "Aggregates": "string_agg(#1)",
                                                                "Estimated Cardinality": "1179524"
                                                            },
                                                            "cumulative_cardinality": 494921,
                                                            "operator_type": "HASH_GROUP_BY",
                                                            "operator_cardinality": 120507,
                                                            "cumulative_rows_scanned": 11795256,
                                                            "operator_rows_scanned": 0,
                                                            "operator_timing": 0.009215407999999998,
                                                            "result_set_size": 2410140,
                                                            "children": [
                                                                {
                                                                    "operator_name": "PROJECTION",
                                                                    "cpu_time": 0.5274579559999985,
                                                                    "extra_info": {
                                                                        "Projections": [
                                                                            "postid",
                                                                            "name"
                                                                        ],
                                                                        "Estimated Cardinality": "2359048"
                                                                    },
                                                                    "cumulative_cardinality": 374414,
                                                                    "operator_type": "PROJECTION",
                                                                    "operator_cardinality": 121464,
                                                                    "cumulative_rows_scanned": 11795256,
                                                                    "operator_rows_scanned": 0,
                                                                    "operator_timing": 0.00001758799999999999,
                                                                    "result_set_size": 2429280,
                                                                    "children": [
                                                                        {
                                                                            "operator_name": "HASH_JOIN",
                                                                            "cpu_time": 0.5274403679999985,
                                                                            "extra_info": {
                                                                                "Join Type": "INNER",
                                                                                "Conditions": "CAST(comment AS INTEGER) = CAST(id AS INTEGER)",
                                                                                "Estimated Cardinality": "2359048"
                                                                            },
                                                                            "cumulative_cardinality": 252950,
                                                                            "operator_type": "HASH_JOIN",
                                                                            "operator_cardinality": 121464,
                                                                            "cumulative_rows_scanned": 11795256,
                                                                            "operator_rows_scanned": 0,
                                                                            "operator_timing": 0.1260426039999986,
                                                                            "result_set_size": 2429280,
                                                                            "children": [
                                                                                {
                                                                                    "operator_name": "READ_PARQUET ",
                                                                                    "cpu_time": 0.4010854399999999,
                                                                                    "extra_info": {
                                                                                        "Function": "READ_PARQUET",
                                                                                        "Projections": [
                                                                                            "postid",
                                                                                            "comment"
                                                                                        ],
                                                                                        "Filters": "posthistorytypeid>=10 AND posthistorytypeid<=11",
                                                                                        "Estimated Cardinality": "2359048"
                                                                                    },
                                                                                    "cumulative_cardinality": 131474,
                                                                                    "operator_type": "TABLE_SCAN",
                                                                                    "operator_cardinality": 131474,
                                                                                    "cumulative_rows_scanned": 11795244,
                                                                                    "operator_rows_scanned": 11795244,
                                                                                    "operator_timing": 0.4010854399999999,
                                                                                    "result_set_size": 2629480,
                                                                                    "children": []
                                                                                },
                                                                                {
                                                                                    "operator_name": "READ_PARQUET ",
                                                                                    "cpu_time": 0.000312324,
                                                                                    "extra_info": {
                                                                                        "Function": "READ_PARQUET",
                                                                                        "Projections": [
                                                                                            "id",
                                                                                            "name"
                                                                                        ],
                                                                                        "Estimated Cardinality": "12"
                                                                                    },
                                                                                    "cumulative_cardinality": 12,
                                                                                    "operator_type": "TABLE_SCAN",
                                                                                    "operator_cardinality": 12,
                                                                                    "cumulative_rows_scanned": 12,
                                                                                    "operator_rows_scanned": 12,
                                                                                    "operator_timing": 0.000312324,
                                                                                    "result_set_size": 216,
                                                                                    "children": []
                                                                                }
                                                                            ]
                                                                        }
                                                                    ]
                                                                }
                                                            ]
                                                        }
                                                    ]
                                                }
                                            ]
                                        }
                                    ]
                                }
                            ]
                        }
                    ]
                }
            ]
        }
    ]
}