{
    "rows_returned": 100,
    "query_name": "WITH PostStats AS (\n    SELECT \n        p.Id AS PostId,\n        p.Title,\n        p.CreationDate,\n        p.Score,\n        p.ViewCount,\n        p.AnswerCount,\n        p.CommentCount,\n        COALESCE(UPT.Upvotes, 0) AS Upvotes,\n        COALESCE(DWT.Downvotes, 0) AS Downvotes,\n        COALESCE(CT.ClosedCount, 0) AS ClosedCount,\n        COALESCE(ED.EditCount, 0) AS EditCount\n    FROM \n        Posts p\n    LEFT JOIN (\n        SELECT \n            PostId,\n            COUNT(*) AS Upvotes\n        FROM \n            Votes\n        WHERE \n            VoteTypeId = 2\n        GROUP BY \n            PostId\n    ) UPT ON p.Id = UPT.PostId\n    LEFT JOIN (\n        SELECT \n            PostId,\n            COUNT(*) AS Downvotes\n        FROM \n            Votes\n        WHERE \n            VoteTypeId = 3\n        GROUP BY \n            PostId\n    ) DWT ON p.Id = DWT.PostId\n    LEFT JOIN (\n        SELECT \n            PostId,\n            COUNT(*) AS ClosedCount\n        FROM \n            PostHistory\n        WHERE \n            PostHistoryTypeId = 10\n        GROUP BY \n            PostId\n    ) CT ON p.Id = CT.PostId\n    LEFT JOIN (\n        SELECT \n            PostId,\n            COUNT(*) AS EditCount\n        FROM \n            PostHistory\n        WHERE \n            PostHistoryTypeId IN (4, 5, 6, 24)\n        GROUP BY \n            PostId\n    ) ED ON p.Id = ED.PostId\n)\n\nSELECT \n    ps.PostId,\n    ps.Title,\n    ps.CreationDate,\n    ps.Score,\n    ps.ViewCount,\n    ps.AnswerCount,\n    ps.CommentCount,\n    ps.Upvotes,\n    ps.Downvotes,\n    ps.ClosedCount,\n    ps.EditCount,\n    (ps.Score + ps.Upvotes - ps.Downvotes) AS NetScore\nFROM \n    PostStats ps\nORDER BY \n    NetScore DESC\nLIMIT 100;\n",
    "blocked_thread_time": 0.0,
    "cpu_time": 8.183143609999986,
    "extra_info": {},
    "cumulative_cardinality": 82146509,
    "cumulative_rows_scanned": 52928790,
    "result_set_size": 8400,
    "latency": 9.295632795,
    "children": [
        {
            "operator_name": "STREAMING_LIMIT",
            "cpu_time": 8.183143609999986,
            "extra_info": {},
            "cumulative_cardinality": 82146509,
            "operator_type": "STREAMING_LIMIT",
            "operator_cardinality": 100,
            "cumulative_rows_scanned": 52928790,
            "operator_rows_scanned": 0,
            "operator_timing": 0.0000014220000000000001,
            "result_set_size": 8400,
            "children": [
                {
                    "operator_name": "PROJECTION",
                    "cpu_time": 8.183142187999985,
                    "extra_info": {
                        "Projections": [
                            "#0",
                            "#1",
                            "#2",
                            "__internal_decompress_integral_integer(#3, -72)",
                            "#4",
                            "__internal_decompress_integral_integer(#5, 0)",
                            "__internal_decompress_integral_integer(#6, 0)",
                            "#7",
                            "#8",
                            "#9",
                            "#10",
                            "#11"
                        ],
                        "Estimated Cardinality": "3850116"
                    },
                    "cumulative_cardinality": 82146409,
                    "operator_type": "PROJECTION",
                    "operator_cardinality": 4096,
                    "cumulative_rows_scanned": 52928790,
                    "operator_rows_scanned": 0,
                    "operator_timing": 0.000020849,
                    "result_set_size": 344064,
                    "children": [
                        {
                            "operator_name": "ORDER_BY",
                            "cpu_time": 8.183121338999985,
                            "extra_info": {
                                "Order By": "((ps.Score + ps.Upvotes) - ps.Downvotes) DESC"
                            },
                            "cumulative_cardinality": 82142313,
                            "operator_type": "ORDER_BY",
                            "operator_cardinality": 4096,
                            "cumulative_rows_scanned": 52928790,
                            "operator_rows_scanned": 0,
                            "operator_timing": 0.451598866999999,
                            "result_set_size": 311296,
                            "children": [
                                {
                                    "operator_name": "PROJECTION",
                                    "cpu_time": 7.731522471999987,
                                    "extra_info": {
                                        "Projections": [
                                            "#0",
                                            "#1",
                                            "#2",
                                            "__internal_compress_integral_usmallint(#3, -72)",
                                            "#4",
                                            "__internal_compress_integral_utinyint(#5, 0)",
                                            "__internal_compress_integral_utinyint(#6, 0)",
                                            "#7",
                                            "#8",
                                            "#9",
                                            "#10",
                                            "#11"
                                        ],
                                        "Estimated Cardinality": "3850116"
                                    },
                                    "cumulative_cardinality": 82138217,
                                    "operator_type": "PROJECTION",
                                    "operator_cardinality": 3850116,
                                    "cumulative_rows_scanned": 52928790,
                                    "operator_rows_scanned": 0,
                                    "operator_timing": 0.025558960999999974,
                                    "result_set_size": 292608816,
                                    "children": [
                                        {
                                            "operator_name": "PROJECTION",
                                            "cpu_time": 7.705963510999987,
                                            "extra_info": {
                                                "Projections": [
                                                    "PostId",
                                                    "title",
                                                    "creationdate",
                                                    "score",
                                                    "viewcount",
                                                    "answercount",
                                                    "commentcount",
                                                    "Upvotes",
                                                    "Downvotes",
                                                    "ClosedCount",
                                                    "EditCount",
                                                    "NetScore"
                                                ],
                                                "Estimated Cardinality": "3850116"
                                            },
                                            "cumulative_cardinality": 78288101,
                                            "operator_type": "PROJECTION",
                                            "operator_cardinality": 3850116,
                                            "cumulative_rows_scanned": 52928790,
                                            "operator_rows_scanned": 0,
                                            "operator_timing": 0.04119858899999976,
                                            "result_set_size": 323409744,
                                            "children": [
                                                {
                                                    "operator_name": "PROJECTION",
                                                    "cpu_time": 7.664764921999987,
                                                    "extra_info": {
                                                        "Projections": [
                                                            "PostId",
                                                            "title",
                                                            "creationdate",
                                                            "score",
                                                            "viewcount",
                                                            "answercount",
                                                            "commentcount",
                                                            "Upvotes",
                                                            "Downvotes",
                                                            "ClosedCount",
                                                            "EditCount"
                                                        ],
                                                        "Estimated Cardinality": "3850116"
                                                    },
                                                    "cumulative_cardinality": 74437985,
                                                    "operator_type": "PROJECTION",
                                                    "operator_cardinality": 3850116,
                                                    "cumulative_rows_scanned": 52928790,
                                                    "operator_rows_scanned": 0,
                                                    "operator_timing": 0.2345729169999995,
                                                    "result_set_size": 292608816,
                                                    "children": [
                                                        {
                                                            "operator_name": "HASH_JOIN",
                                                            "cpu_time": 7.430192004999988,
                                                            "extra_info": {
                                                                "Join Type": "LEFT",
                                                                "Conditions": "id = postid",
                                                                "Estimated Cardinality": "3850116"
                                                            },
                                                            "cumulative_cardinality": 70587869,
                                                            "operator_type": "HASH_JOIN",
                                                            "operator_cardinality": 3850116,
                                                            "cumulative_rows_scanned": 52928790,
                                                            "operator_rows_scanned": 0,
                                                            "operator_timing": 0.4448595940000022,
                                                            "result_set_size": 292608816,
                                                            "children": [
                                                                {
                                                                    "operator_name": "HASH_JOIN",
                                                                    "cpu_time": 3.073402566999996,
                                                                    "extra_info": {
                                                                        "Join Type": "LEFT",
                                                                        "Conditions": "id = postid",
                                                                        "Estimated Cardinality": "3850116"
                                                                    },
                                                                    "cumulative_cardinality": 40923338,
                                                                    "operator_type": "HASH_JOIN",
                                                                    "operator_cardinality": 3850116,
                                                                    "cumulative_rows_scanned": 41133546,
                                                                    "operator_rows_scanned": 0,
                                                                    "operator_timing": 0.22330906199999687,
                                                                    "result_set_size": 261807888,
                                                                    "children": [
                                                                        {
                                                                            "operator_name": "HASH_JOIN",
                                                                            "cpu_time": 2.4697242530000003,
                                                                            "extra_info": {
                                                                                "Join Type": "LEFT",
                                                                                "Conditions": "id = postid",
                                                                                "Estimated Cardinality": "3850116"
                                                                            },
                                                                            "cumulative_cardinality": 36709787,
                                                                            "operator_type": "HASH_JOIN",
                                                                            "operator_cardinality": 3850116,
                                                                            "cumulative_rows_scanned": 29338302,
                                                                            "operator_rows_scanned": 0,
                                                                            "operator_timing": 0.24771334200000053,
                                                                            "result_set_size": 231006960,
                                                                            "children": [
                                                                                {
                                                                                    "operator_name": "HASH_JOIN",
                                                                                    "cpu_time": 1.7342927559999994,
                                                                                    "extra_info": {
                                                                                        "Join Type": "LEFT",
                                                                                        "Conditions": "id = postid",
                                                                                        "Estimated Cardinality": "3850116"
                                                                                    },
                                                                                    "cumulative_cardinality": 29406804,
                                                                                    "operator_type": "HASH_JOIN",
                                                                                    "operator_cardinality": 3850116,
                                                                                    "cumulative_rows_scanned": 16594209,
                                                                                    "operator_rows_scanned": 0,
                                                                                    "operator_timing": 0.4257147000000003,
                                                                                    "result_set_size": 200206032,
                                                                                    "children": [
                                                                                        {
                                                                                            "operator_name": "READ_PARQUET ",
                                                                                            "cpu_time": 0.5098167930000002,
                                                                                            "extra_info": {
                                                                                                "Function": "READ_PARQUET",
                                                                                                "Projections": [
                                                                                                    "id",
                                                                                                    "creationdate",
                                                                                                    "score",
                                                                                                    "viewcount",
                                                                                                    "title",
                                                                                                    "answercount",
                                                                                                    "commentcount"
                                                                                                ],
                                                                                                "Estimated Cardinality": "3850116"
                                                                                            },
                                                                                            "cumulative_cardinality": 3850116,
                                                                                            "operator_type": "TABLE_SCAN",
                                                                                            "operator_cardinality": 3850116,
                                                                                            "cumulative_rows_scanned": 3850116,
                                                                                            "operator_rows_scanned": 3850116,
                                                                                            "operator_timing": 0.5098167930000002,
                                                                                            "result_set_size": 169405104,
                                                                                            "children": []
                                                                                        },
                                                                                        {
                                                                                            "operator_name": "HASH_GROUP_BY",
                                                                                            "cpu_time": 0.7987612629999989,
                                                                                            "extra_info": {
                                                                                                "Groups": "#0",
                                                                                                "Aggregates": "count_star()",
                                                                                                "Estimated Cardinality": "1274409"
                                                                                            },
                                                                                            "cumulative_cardinality": 21706572,
                                                                                            "operator_type": "HASH_GROUP_BY",
                                                                                            "operator_cardinality": 3138638,
                                                                                            "cumulative_rows_scanned": 12744093,
                                                                                            "operator_rows_scanned": 0,
                                                                                            "operator_timing": 0.4181351189999989,
                                                                                            "result_set_size": 37663656,
                                                                                            "children": [
                                                                                                {
                                                                                                    "operator_name": "PROJECTION",
                                                                                                    "cpu_time": 0.380626144,
                                                                                                    "extra_info": {
                                                                                                        "Projections": "postid",
                                                                                                        "Estimated Cardinality": "2548818"
                                                                                                    },
                                                                                                    "cumulative_cardinality": 18567934,
                                                                                                    "operator_type": "PROJECTION",
                                                                                                    "operator_cardinality": 9283967,
                                                                                                    "cumulative_rows_scanned": 12744093,
                                                                                                    "operator_rows_scanned": 0,
                                                                                                    "operator_timing": 0.0011700140000000068,
                                                                                                    "result_set_size": 37135868,
                                                                                                    "children": [
                                                                                                        {
                                                                                                            "operator_name": "READ_PARQUET ",
                                                                                                            "cpu_time": 0.37945613,
                                                                                                            "extra_info": {
                                                                                                                "Function": "READ_PARQUET",
                                                                                                                "Projections": "postid",
                                                                                                                "Filters": "votetypeid=2",
                                                                                                                "Estimated Cardinality": "2548818"
                                                                                                            },
                                                                                                            "cumulative_cardinality": 9283967,
                                                                                                            "operator_type": "TABLE_SCAN",
                                                                                                            "operator_cardinality": 9283967,
                                                                                                            "cumulative_rows_scanned": 12744093,
                                                                                                            "operator_rows_scanned": 12744093,
                                                                                                            "operator_timing": 0.37945613,
                                                                                                            "result_set_size": 37135868,
                                                                                                            "children": []
                                                                                                        }
                                                                                                    ]
                                                                                                }
                                                                                            ]
                                                                                        }
                                                                                    ]
                                                                                },
                                                                                {
                                                                                    "operator_name": "HASH_GROUP_BY",
                                                                                    "cpu_time": 0.4877181550000004,
                                                                                    "extra_info": {
                                                                                        "Groups": "#0",
                                                                                        "Aggregates": "count_star()",
                                                                                        "Estimated Cardinality": "1274409"
                                                                                    },
                                                                                    "cumulative_cardinality": 3452867,
                                                                                    "operator_type": "HASH_GROUP_BY",
                                                                                    "operator_cardinality": 765075,
                                                                                    "cumulative_rows_scanned": 12744093,
                                                                                    "operator_rows_scanned": 0,
                                                                                    "operator_timing": 0.10990902399999997,
                                                                                    "result_set_size": 9180900,
                                                                                    "children": [
                                                                                        {
                                                                                            "operator_name": "PROJECTION",
                                                                                            "cpu_time": 0.3778091310000004,
                                                                                            "extra_info": {
                                                                                                "Projections": "postid",
                                                                                                "Estimated Cardinality": "2548818"
                                                                                            },
                                                                                            "cumulative_cardinality": 2687792,
                                                                                            "operator_type": "PROJECTION",
                                                                                            "operator_cardinality": 1343896,
                                                                                            "cumulative_rows_scanned": 12744093,
                                                                                            "operator_rows_scanned": 0,
                                                                                            "operator_timing": 0.0012415319999999855,
                                                                                            "result_set_size": 5375584,
                                                                                            "children": [
                                                                                                {
                                                                                                    "operator_name": "READ_PARQUET ",
                                                                                                    "cpu_time": 0.3765675990000004,
                                                                                                    "extra_info": {
                                                                                                        "Function": "READ_PARQUET",
                                                                                                        "Projections": "postid",
                                                                                                        "Filters": "votetypeid=3",
                                                                                                        "Estimated Cardinality": "2548818"
                                                                                                    },
                                                                                                    "cumulative_cardinality": 1343896,
                                                                                                    "operator_type": "TABLE_SCAN",
                                                                                                    "operator_cardinality": 1343896,
                                                                                                    "cumulative_rows_scanned": 12744093,
                                                                                                    "operator_rows_scanned": 12744093,
                                                                                                    "operator_timing": 0.3765675990000004,
                                                                                                    "result_set_size": 5375584,
                                                                                                    "children": []
                                                                                                }
                                                                                            ]
                                                                                        }
                                                                                    ]
                                                                                }
                                                                            ]
                                                                        },
                                                                        {
                                                                            "operator_name": "HASH_GROUP_BY",
                                                                            "cpu_time": 0.3803692519999991,
                                                                            "extra_info": {
                                                                                "Groups": "#0",
                                                                                "Aggregates": "count_star()",
                                                                                "Estimated Cardinality": "1179524"
                                                                            },
                                                                            "cumulative_cardinality": 363435,
                                                                            "operator_type": "HASH_GROUP_BY",
                                                                            "operator_cardinality": 120507,
                                                                            "cumulative_rows_scanned": 11795244,
                                                                            "operator_rows_scanned": 0,
                                                                            "operator_timing": 0.047202980999999956,
                                                                            "result_set_size": 1446084,
                                                                            "children": [
                                                                                {
                                                                                    "operator_name": "PROJECTION",
                                                                                    "cpu_time": 0.3331662709999991,
                                                                                    "extra_info": {
                                                                                        "Projections": "postid",
                                                                                        "Estimated Cardinality": "2359048"
                                                                                    },
                                                                                    "cumulative_cardinality": 242928,
                                                                                    "operator_type": "PROJECTION",
                                                                                    "operator_cardinality": 121464,
                                                                                    "cumulative_rows_scanned": 11795244,
                                                                                    "operator_rows_scanned": 0,
                                                                                    "operator_timing": 0.0009132209999999913,
                                                                                    "result_set_size": 485856,
                                                                                    "children": [
                                                                                        {
                                                                                            "operator_name": "READ_PARQUET ",
                                                                                            "cpu_time": 0.33225304999999916,
                                                                                            "extra_info": {
                                                                                                "Function": "READ_PARQUET",
                                                                                                "Projections": "postid",
                                                                                                "Filters": "posthistorytypeid=10",
                                                                                                "Estimated Cardinality": "2359048"
                                                                                            },
                                                                                            "cumulative_cardinality": 121464,
                                                                                            "operator_type": "TABLE_SCAN",
                                                                                            "operator_cardinality": 121464,
                                                                                            "cumulative_rows_scanned": 11795244,
                                                                                            "operator_rows_scanned": 11795244,
                                                                                            "operator_timing": 0.33225304999999916,
                                                                                            "result_set_size": 485856,
                                                                                            "children": []
                                                                                        }
                                                                                    ]
                                                                                }
                                                                            ]
                                                                        }
                                                                    ]
                                                                },
                                                                {
                                                                    "operator_name": "HASH_GROUP_BY",
                                                                    "cpu_time": 3.9119298439999897,
                                                                    "extra_info": {
                                                                        "Groups": "#0",
                                                                        "Aggregates": "count_star()",
                                                                        "Estimated Cardinality": "1179524"
                                                                    },
                                                                    "cumulative_cardinality": 25814415,
                                                                    "operator_type": "HASH_GROUP_BY",
                                                                    "operator_cardinality": 1807830,
                                                                    "cumulative_rows_scanned": 11795244,
                                                                    "operator_rows_scanned": 0,
                                                                    "operator_timing": 0.39294953600000015,
                                                                    "result_set_size": 21693960,
                                                                    "children": [
                                                                        {
                                                                            "operator_name": "PROJECTION",
                                                                            "cpu_time": 3.5189803079999895,
                                                                            "extra_info": {
                                                                                "Projections": "postid",
                                                                                "Estimated Cardinality": "2359048"
                                                                            },
                                                                            "cumulative_cardinality": 24006585,
                                                                            "operator_type": "PROJECTION",
                                                                            "operator_cardinality": 4070447,
                                                                            "cumulative_rows_scanned": 11795244,
                                                                            "operator_rows_scanned": 0,
                                                                            "operator_timing": 0.0012625540000000119,
                                                                            "result_set_size": 16281788,
                                                                            "children": [
                                                                                {
                                                                                    "operator_name": "PROJECTION",
                                                                                    "cpu_time": 3.5177177539999893,
                                                                                    "extra_info": {
                                                                                        "Projections": "#1",
                                                                                        "Estimated Cardinality": "2359048"
                                                                                    },
                                                                                    "cumulative_cardinality": 19936138,
                                                                                    "operator_type": "PROJECTION",
                                                                                    "operator_cardinality": 4070447,
                                                                                    "cumulative_rows_scanned": 11795244,
                                                                                    "operator_rows_scanned": 0,
                                                                                    "operator_timing": 0.0012785649999999958,
                                                                                    "result_set_size": 16281788,
                                                                                    "children": [
                                                                                        {
                                                                                            "operator_name": "FILTER",
                                                                                            "cpu_time": 3.5164391889999895,
                                                                                            "extra_info": {
                                                                                                "Expression": "((posthistorytypeid = 4) OR (posthistorytypeid = 5) OR (posthistorytypeid = 6) OR (posthistorytypeid = 24))",
                                                                                                "Estimated Cardinality": "2359048"
                                                                                            },
                                                                                            "cumulative_cardinality": 15865691,
                                                                                            "operator_type": "FILTER",
                                                                                            "operator_cardinality": 4070447,
                                                                                            "cumulative_rows_scanned": 11795244,
                                                                                            "operator_rows_scanned": 0,
                                                                                            "operator_timing": 0.2959604550000009,
                                                                                            "result_set_size": 24422682,
                                                                                            "children": [
                                                                                                {
                                                                                                    "operator_name": "READ_PARQUET ",
                                                                                                    "cpu_time": 3.2204787339999887,
                                                                                                    "extra_info": {
                                                                                                        "Function": "READ_PARQUET",
                                                                                                        "Projections": [
                                                                                                            "posthistorytypeid",
                                                                                                            "postid"
                                                                                                        ],
                                                                                                        "Filters": "optional: posthistorytypeid IN (4, 5, 6, 24)",
                                                                                                        "Estimated Cardinality": "11795244"
                                                                                                    },
                                                                                                    "cumulative_cardinality": 11795244,
                                                                                                    "operator_type": "TABLE_SCAN",
                                                                                                    "operator_cardinality": 11795244,
                                                                                                    "cumulative_rows_scanned": 11795244,
                                                                                                    "operator_rows_scanned": 11795244,
                                                                                                    "operator_timing": 3.2204787339999887,
                                                                                                    "result_set_size": 70771464,
                                                                                                    "children": []
                                                                                                }
                                                                                            ]
                                                                                        }
                                                                                    ]
                                                                                }
                                                                            ]
                                                                        }
                                                                    ]
                                                                }
                                                            ]
                                                        }
                                                    ]
                                                }
                                            ]
                                        }
                                    ]
                                }
                            ]
                        }
                    ]
                }
            ]
        }
    ]
}