{
    "rows_returned": 100,
    "query_name": "WITH UserPostCounts AS (\n    SELECT \n        U.Id AS UserId,\n        COUNT(P.Id) AS PostCount,\n        SUM(CASE WHEN P.PostTypeId = 1 THEN 1 ELSE 0 END) AS Questions,\n        SUM(CASE WHEN P.PostTypeId = 2 THEN 1 ELSE 0 END) AS Answers,\n        SUM(CASE WHEN P.PostTypeId = 3 THEN 1 ELSE 0 END) AS Wikis\n    FROM \n        Users U\n    LEFT JOIN \n        Posts P ON U.Id = P.OwnerUserId\n    GROUP BY \n        U.Id\n),\nUserVoteStats AS (\n    SELECT \n        V.UserId,\n        COUNT(V.Id) AS VoteCount,\n        SUM(CASE WHEN V.VoteTypeId = 2 THEN 1 ELSE 0 END) AS UpVotes,\n        SUM(CASE WHEN V.VoteTypeId = 3 THEN 1 ELSE 0 END) AS DownVotes\n    FROM \n        Votes V\n    GROUP BY \n        V.UserId\n),\nUserBadgeCounts AS (\n    SELECT \n        B.UserId,\n        COUNT(B.Id) AS BadgeCount\n    FROM \n        Badges B\n    GROUP BY \n        B.UserId\n)\nSELECT \n    U.Id AS UserId,\n    U.DisplayName,\n    COALESCE(UPC.PostCount, 0) AS TotalPosts,\n    COALESCE(UPC.Questions, 0) AS TotalQuestions,\n    COALESCE(UPC.Answers, 0) AS TotalAnswers,\n    COALESCE(UPC.Wikis, 0) AS TotalWikis,\n    COALESCE(UVC.VoteCount, 0) AS TotalVotes,\n    COALESCE(UVC.UpVotes, 0) AS TotalUpVotes,\n    COALESCE(UVC.DownVotes, 0) AS TotalDownVotes,\n    COALESCE(UBC.BadgeCount, 0) AS TotalBadges,\n    U.Reputation,\n    U.CreationDate,\n    U.LastAccessDate\nFROM \n    Users U\nLEFT JOIN \n    UserPostCounts UPC ON U.Id = UPC.UserId\nLEFT JOIN \n    UserVoteStats UVC ON U.Id = UVC.UserId\nLEFT JOIN \n    UserBadgeCounts UBC ON U.Id = UBC.UserId\nORDER BY \n    TotalPosts DESC, Reputation DESC\nLIMIT 100;",
    "blocked_thread_time": 0.0,
    "cpu_time": 1.7948126830000006,
    "extra_info": {},
    "cumulative_cardinality": 52356370,
    "cumulative_rows_scanned": 21437353,
    "result_set_size": 14400,
    "latency": 2.262607564,
    "children": [
        {
            "operator_name": "STREAMING_LIMIT",
            "cpu_time": 1.7948126830000006,
            "extra_info": {},
            "cumulative_cardinality": 52356370,
            "operator_type": "STREAMING_LIMIT",
            "operator_cardinality": 100,
            "cumulative_rows_scanned": 21437353,
            "operator_rows_scanned": 0,
            "operator_timing": 0.000002605,
            "result_set_size": 14400,
            "children": [
                {
                    "operator_name": "ORDER_BY",
                    "cpu_time": 1.7948100780000007,
                    "extra_info": {
                        "Order By": [
                            "COALESCE(UPC.PostCount, 0) DESC",
                            "U.Reputation DESC"
                        ]
                    },
                    "cumulative_cardinality": 52356270,
                    "operator_type": "ORDER_BY",
                    "operator_cardinality": 4096,
                    "cumulative_rows_scanned": 21437353,
                    "operator_rows_scanned": 0,
                    "operator_timing": 0.11089106200000003,
                    "result_set_size": 589824,
                    "children": [
                        {
                            "operator_name": "PROJECTION",
                            "cpu_time": 1.6839190160000006,
                            "extra_info": {
                                "Projections": [
                                    "UserId",
                                    "displayname",
                                    "TotalPosts",
                                    "TotalQuestions",
                                    "TotalAnswers",
                                    "TotalWikis",
                                    "TotalVotes",
                                    "TotalUpVotes",
                                    "TotalDownVotes",
                                    "TotalBadges",
                                    "reputation",
                                    "creationdate",
                                    "lastaccessdate"
                                ],
                                "Estimated Cardinality": "6372046"
                            },
                            "cumulative_cardinality": 52352174,
                            "operator_type": "PROJECTION",
                            "operator_cardinality": 1260710,
                            "cumulative_rows_scanned": 21437353,
                            "operator_rows_scanned": 0,
                            "operator_timing": 0.08110536699999987,
                            "result_set_size": 181542240,
                            "children": [
                                {
                                    "operator_name": "HASH_JOIN",
                                    "cpu_time": 1.6028136490000007,
                                    "extra_info": {
                                        "Join Type": "LEFT",
                                        "Conditions": "id = userid",
                                        "Estimated Cardinality": "6372046"
                                    },
                                    "cumulative_cardinality": 51091464,
                                    "operator_type": "HASH_JOIN",
                                    "operator_cardinality": 1260710,
                                    "cumulative_rows_scanned": 21437353,
                                    "operator_rows_scanned": 0,
                                    "operator_timing": 0.06794201999999998,
                                    "result_set_size": 196670760,
                                    "children": [
                                        {
                                            "operator_name": "HASH_JOIN",
                                            "cpu_time": 1.4508866240000005,
                                            "extra_info": {
                                                "Join Type": "RIGHT",
                                                "Conditions": "userid = id",
                                                "Estimated Cardinality": "6372046"
                                            },
                                            "cumulative_cardinality": 44638285,
                                            "operator_type": "HASH_JOIN",
                                            "operator_cardinality": 1260710,
                                            "cumulative_rows_scanned": 19115629,
                                            "operator_rows_scanned": 0,
                                            "operator_timing": 0.131321836,
                                            "result_set_size": 181542240,
                                            "children": [
                                                {
                                                    "operator_name": "HASH_GROUP_BY",
                                                    "cpu_time": 0.35007184000000047,
                                                    "extra_info": {
                                                        "Groups": "#0",
                                                        "Aggregates": [
                                                            "count_star()",
                                                            "sum(#1)",
                                                            "sum(#2)"
                                                        ],
                                                        "Estimated Cardinality": "6372046"
                                                    },
                                                    "cumulative_cardinality": 25500329,
                                                    "operator_type": "HASH_GROUP_BY",
                                                    "operator_cardinality": 12143,
                                                    "cumulative_rows_scanned": 12744093,
                                                    "operator_rows_scanned": 0,
                                                    "operator_timing": 0.1170127290000005,
                                                    "result_set_size": 534292,
                                                    "children": [
                                                        {
                                                            "operator_name": "PROJECTION",
                                                            "cpu_time": 0.23305911099999996,
                                                            "extra_info": {
                                                                "Projections": [
                                                                    "userid",
                                                                    "CASE  WHEN ((votetypeid = 2)) THEN (1) ELSE 0 END",
                                                                    "CASE  WHEN ((votetypeid = 3)) THEN (1) ELSE 0 END"
                                                                ],
                                                                "Estimated Cardinality": "12744093"
                                                            },
                                                            "cumulative_cardinality": 25488186,
                                                            "operator_type": "PROJECTION",
                                                            "operator_cardinality": 12744093,
                                                            "cumulative_rows_scanned": 12744093,
                                                            "operator_rows_scanned": 0,
                                                            "operator_timing": 0.09873915600000016,
                                                            "result_set_size": 152929116,
                                                            "children": [
                                                                {
                                                                    "operator_name": "READ_PARQUET ",
                                                                    "cpu_time": 0.1343199549999998,
                                                                    "extra_info": {
                                                                        "Function": "READ_PARQUET",
                                                                        "Projections": [
                                                                            "id",
                                                                            "votetypeid",
                                                                            "userid"
                                                                        ],
                                                                        "Estimated Cardinality": "12744093"
                                                                    },
                                                                    "cumulative_cardinality": 12744093,
                                                                    "operator_type": "TABLE_SCAN",
                                                                    "operator_cardinality": 12744093,
                                                                    "cumulative_rows_scanned": 12744093,
                                                                    "operator_rows_scanned": 12744093,
                                                                    "operator_timing": 0.1343199549999998,
                                                                    "result_set_size": 127440930,
                                                                    "children": []
                                                                }
                                                            ]
                                                        }
                                                    ]
                                                },
                                                {
                                                    "operator_name": "HASH_JOIN",
                                                    "cpu_time": 0.969492948,
                                                    "extra_info": {
                                                        "Join Type": "RIGHT",
                                                        "Conditions": "UserId = id",
                                                        "Estimated Cardinality": "1260710"
                                                    },
                                                    "cumulative_cardinality": 17877246,
                                                    "operator_type": "HASH_JOIN",
                                                    "operator_cardinality": 1260710,
                                                    "cumulative_rows_scanned": 6371536,
                                                    "operator_rows_scanned": 0,
                                                    "operator_timing": 0.14042031499999985,
                                                    "result_set_size": 126071000,
                                                    "children": [
                                                        {
                                                            "operator_name": "HASH_GROUP_BY",
                                                            "cpu_time": 0.71111619,
                                                            "extra_info": {
                                                                "Groups": "#0",
                                                                "Aggregates": [
                                                                    "count(#1)",
                                                                    "sum(#2)",
                                                                    "sum(#3)",
                                                                    "sum(#4)"
                                                                ],
                                                                "Estimated Cardinality": "1260710"
                                                            },
                                                            "cumulative_cardinality": 15355826,
                                                            "operator_type": "HASH_GROUP_BY",
                                                            "operator_cardinality": 1260710,
                                                            "cumulative_rows_scanned": 5110826,
                                                            "operator_rows_scanned": 0,
                                                            "operator_timing": 0.3533661549999998,
                                                            "result_set_size": 75642600,
                                                            "children": [
                                                                {
                                                                    "operator_name": "PROJECTION",
                                                                    "cpu_time": 0.35775003500000024,
                                                                    "extra_info": {
                                                                        "Projections": [
                                                                            "id",
                                                                            "id",
                                                                            "CASE  WHEN ((posttypeid = 1)) THEN (1) ELSE 0 END",
                                                                            "CASE  WHEN ((posttypeid = 2)) THEN (1) ELSE 0 END",
                                                                            "CASE  WHEN ((posttypeid = 3)) THEN (1) ELSE 0 END"
                                                                        ],
                                                                        "Estimated Cardinality": "3850116"
                                                                    },
                                                                    "cumulative_cardinality": 14095116,
                                                                    "operator_type": "PROJECTION",
                                                                    "operator_cardinality": 4574495,
                                                                    "cumulative_rows_scanned": 5110826,
                                                                    "operator_rows_scanned": 0,
                                                                    "operator_timing": 0.05639171100000004,
                                                                    "result_set_size": 91489900,
                                                                    "children": [
                                                                        {
                                                                            "operator_name": "HASH_JOIN",
                                                                            "cpu_time": 0.3013583240000002,
                                                                            "extra_info": {
                                                                                "Join Type": "RIGHT",
                                                                                "Conditions": "owneruserid = id",
                                                                                "Estimated Cardinality": "3850116"
                                                                            },
                                                                            "cumulative_cardinality": 9520621,
                                                                            "operator_type": "HASH_JOIN",
                                                                            "operator_cardinality": 4574495,
                                                                            "cumulative_rows_scanned": 5110826,
                                                                            "operator_rows_scanned": 0,
                                                                            "operator_timing": 0.18781842500000023,
                                                                            "result_set_size": 45744950,
                                                                            "children": [
                                                                                {
                                                                                    "operator_name": "READ_PARQUET ",
                                                                                    "cpu_time": 0.10624365899999995,
                                                                                    "extra_info": {
                                                                                        "Function": "READ_PARQUET",
                                                                                        "Projections": [
                                                                                            "id",
                                                                                            "posttypeid",
                                                                                            "owneruserid"
                                                                                        ],
                                                                                        "Estimated Cardinality": "3850116"
                                                                                    },
                                                                                    "cumulative_cardinality": 3685416,
                                                                                    "operator_type": "TABLE_SCAN",
                                                                                    "operator_cardinality": 3685416,
                                                                                    "cumulative_rows_scanned": 3850116,
                                                                                    "operator_rows_scanned": 3850116,
                                                                                    "operator_timing": 0.10624365899999995,
                                                                                    "result_set_size": 36854160,
                                                                                    "children": []
                                                                                },
                                                                                {
                                                                                    "operator_name": "READ_PARQUET ",
                                                                                    "cpu_time": 0.007296240000000019,
                                                                                    "extra_info": {
                                                                                        "Function": "READ_PARQUET",
                                                                                        "Projections": "id",
                                                                                        "Estimated Cardinality": "1260710"
                                                                                    },
                                                                                    "cumulative_cardinality": 1260710,
                                                                                    "operator_type": "TABLE_SCAN",
                                                                                    "operator_cardinality": 1260710,
                                                                                    "cumulative_rows_scanned": 1260710,
                                                                                    "operator_rows_scanned": 1260710,
                                                                                    "operator_timing": 0.007296240000000019,
                                                                                    "result_set_size": 5042840,
                                                                                    "children": []
                                                                                }
                                                                            ]
                                                                        }
                                                                    ]
                                                                }
                                                            ]
                                                        },
                                                        {
                                                            "operator_name": "READ_PARQUET ",
                                                            "cpu_time": 0.11795644300000006,
                                                            "extra_info": {
                                                                "Function": "READ_PARQUET",
                                                                "Projections": [
                                                                    "id",
                                                                    "reputation",
                                                                    "creationdate",
                                                                    "displayname",
                                                                    "lastaccessdate"
                                                                ],
                                                                "Estimated Cardinality": "1260710"
                                                            },
                                                            "cumulative_cardinality": 1260710,
                                                            "operator_type": "TABLE_SCAN",
                                                            "operator_cardinality": 1260710,
                                                            "cumulative_rows_scanned": 1260710,
                                                            "operator_rows_scanned": 1260710,
                                                            "operator_timing": 0.11795644300000006,
                                                            "result_set_size": 50428400,
                                                            "children": []
                                                        }
                                                    ]
                                                }
                                            ]
                                        },
                                        {
                                            "operator_name": "HASH_GROUP_BY",
                                            "cpu_time": 0.08398500500000011,
                                            "extra_info": {
                                                "Groups": "#0",
                                                "Aggregates": "count_star()",
                                                "Estimated Cardinality": "1160862"
                                            },
                                            "cumulative_cardinality": 5192469,
                                            "operator_type": "HASH_GROUP_BY",
                                            "operator_cardinality": 549021,
                                            "cumulative_rows_scanned": 2321724,
                                            "operator_rows_scanned": 0,
                                            "operator_timing": 0.0606148070000001,
                                            "result_set_size": 6588252,
                                            "children": [
                                                {
                                                    "operator_name": "PROJECTION",
                                                    "cpu_time": 0.02337019800000002,
                                                    "extra_info": {
                                                        "Projections": "userid",
                                                        "Estimated Cardinality": "2321724"
                                                    },
                                                    "cumulative_cardinality": 4643448,
                                                    "operator_type": "PROJECTION",
                                                    "operator_cardinality": 2321724,
                                                    "cumulative_rows_scanned": 2321724,
                                                    "operator_rows_scanned": 0,
                                                    "operator_timing": 0.00018523299999999925,
                                                    "result_set_size": 9286896,
                                                    "children": [
                                                        {
                                                            "operator_name": "READ_PARQUET ",
                                                            "cpu_time": 0.02318496500000002,
                                                            "extra_info": {
                                                                "Function": "READ_PARQUET",
                                                                "Projections": [
                                                                    "id",
                                                                    "userid"
                                                                ],
                                                                "Estimated Cardinality": "2321724"
                                                            },
                                                            "cumulative_cardinality": 2321724,
                                                            "operator_type": "TABLE_SCAN",
                                                            "operator_cardinality": 2321724,
                                                            "cumulative_rows_scanned": 2321724,
                                                            "operator_rows_scanned": 2321724,
                                                            "operator_timing": 0.02318496500000002,
                                                            "result_set_size": 18573792,
                                                            "children": []
                                                        }
                                                    ]
                                                }
                                            ]
                                        }
                                    ]
                                }
                            ]
                        }
                    ]
                }
            ]
        }
    ]
}