{
    "rows_returned": 9927,
    "query_name": "\nWITH PostEngagement AS (\n    SELECT \n        p.Id AS PostId,\n        p.Title AS PostTitle,\n        p.CreationDate AS PostCreationDate,\n        COUNT(c.Id) AS CommentCount,\n        COUNT(v.Id) AS VoteCount,\n        SUM(CASE WHEN v.VoteTypeId = 2 THEN 1 ELSE 0 END) AS UpVoteCount,\n        SUM(CASE WHEN v.VoteTypeId = 3 THEN 1 ELSE 0 END) AS DownVoteCount,\n        COUNT(DISTINCT b.Id) AS BadgeCount,\n        u.Reputation AS UserReputation,\n        u.DisplayName AS UserDisplayName\n    FROM \n        Posts p\n    LEFT JOIN \n        Comments c ON p.Id = c.PostId\n    LEFT JOIN \n        Votes v ON p.Id = v.PostId\n    LEFT JOIN \n        Users u ON p.OwnerUserId = u.Id\n    LEFT JOIN \n        Badges b ON u.Id = b.UserId\n    WHERE \n        p.CreationDate >= CAST('2024-10-01 12:34:56' AS TIMESTAMP) - INTERVAL '1 month'\n    GROUP BY \n        p.Id, p.Title, p.CreationDate, u.Id, u.Reputation, u.DisplayName\n)\nSELECT \n    PostId,\n    PostTitle,\n    PostCreationDate,\n    CommentCount,\n    VoteCount,\n    UpVoteCount,\n    DownVoteCount,\n    BadgeCount,\n    UserReputation,\n    UserDisplayName\nFROM \n    PostEngagement\nORDER BY \n    VoteCount DESC, CommentCount DESC;\n",
    "blocked_thread_time": 0.0,
    "cpu_time": 1.1678718890000002,
    "extra_info": {},
    "cumulative_cardinality": 17722119,
    "cumulative_rows_scanned": 27418465,
    "result_set_size": 1032408,
    "latency": 1.385276468,
    "children": [
        {
            "operator_name": "ORDER_BY",
            "cpu_time": 1.1678718890000002,
            "extra_info": {
                "Order By": [
                    "PostEngagement.VoteCount DESC",
                    "PostEngagement.CommentCount DESC"
                ]
            },
            "cumulative_cardinality": 17722119,
            "operator_type": "ORDER_BY",
            "operator_cardinality": 9927,
            "cumulative_rows_scanned": 27418465,
            "operator_rows_scanned": 0,
            "operator_timing": 0.000817318,
            "result_set_size": 1032408,
            "children": [
                {
                    "operator_name": "PROJECTION",
                    "cpu_time": 1.1670545710000002,
                    "extra_info": {
                        "Projections": [
                            "PostId",
                            "PostTitle",
                            "PostCreationDate",
                            "CommentCount",
                            "VoteCount",
                            "UpVoteCount",
                            "DownVoteCount",
                            "BadgeCount",
                            "UserReputation",
                            "UserDisplayName"
                        ],
                        "Estimated Cardinality": "3850116"
                    },
                    "cumulative_cardinality": 17712192,
                    "operator_type": "PROJECTION",
                    "operator_cardinality": 9927,
                    "cumulative_rows_scanned": 27418465,
                    "operator_rows_scanned": 0,
                    "operator_timing": 0.000004287,
                    "result_set_size": 1032408,
                    "children": [
                        {
                            "operator_name": "HASH_GROUP_BY",
                            "cpu_time": 1.167050284,
                            "extra_info": {
                                "Groups": [
                                    "#0",
                                    "#1",
                                    "#2",
                                    "#3",
                                    "#4",
                                    "#5"
                                ],
                                "Aggregates": [
                                    "count(#6)",
                                    "count(#7)",
                                    "sum(#8)",
                                    "sum(#9)",
                                    "count(DISTINCT #10)"
                                ],
                                "Estimated Cardinality": "3850116"
                            },
                            "cumulative_cardinality": 17702265,
                            "operator_type": "HASH_GROUP_BY",
                            "operator_cardinality": 9927,
                            "cumulative_rows_scanned": 27418465,
                            "operator_rows_scanned": 0,
                            "operator_timing": 0.674305568,
                            "result_set_size": 1072116,
                            "children": [
                                {
                                    "operator_name": "PROJECTION",
                                    "cpu_time": 0.4927447160000001,
                                    "extra_info": {
                                        "Projections": [
                                            "id",
                                            "title",
                                            "creationdate",
                                            "id",
                                            "reputation",
                                            "displayname",
                                            "id",
                                            "id",
                                            "CASE  WHEN ((votetypeid = 2)) THEN (1) ELSE 0 END",
                                            "CASE  WHEN ((votetypeid = 3)) THEN (1) ELSE 0 END",
                                            "id"
                                        ],
                                        "Estimated Cardinality": "12744093"
                                    },
                                    "cumulative_cardinality": 17692338,
                                    "operator_type": "PROJECTION",
                                    "operator_cardinality": 6944785,
                                    "cumulative_rows_scanned": 27418465,
                                    "operator_rows_scanned": 0,
                                    "operator_timing": 0.03540597400000006,
                                    "result_set_size": 500024520,
                                    "children": [
                                        {
                                            "operator_name": "HASH_JOIN",
                                            "cpu_time": 0.457338742,
                                            "extra_info": {
                                                "Join Type": "LEFT",
                                                "Conditions": "id = userid",
                                                "Estimated Cardinality": "12744093"
                                            },
                                            "cumulative_cardinality": 10747553,
                                            "operator_type": "HASH_JOIN",
                                            "operator_cardinality": 6944785,
                                            "cumulative_rows_scanned": 27418465,
                                            "operator_rows_scanned": 0,
                                            "operator_timing": 0.17232739499999997,
                                            "result_set_size": 458355810,
                                            "children": [
                                                {
                                                    "operator_name": "HASH_JOIN",
                                                    "cpu_time": 0.26194578000000013,
                                                    "extra_info": {
                                                        "Join Type": "LEFT",
                                                        "Conditions": "owneruserid = id",
                                                        "Estimated Cardinality": "12744093"
                                                    },
                                                    "cumulative_cardinality": 1481044,
                                                    "operator_type": "HASH_JOIN",
                                                    "operator_cardinality": 69092,
                                                    "cumulative_rows_scanned": 25096741,
                                                    "operator_rows_scanned": 0,
                                                    "operator_timing": 0.07834210800000006,
                                                    "result_set_size": 4283704,
                                                    "children": [
                                                        {
                                                            "operator_name": "HASH_JOIN",
                                                            "cpu_time": 0.10070785500000001,
                                                            "extra_info": {
                                                                "Join Type": "RIGHT",
                                                                "Conditions": "postid = id",
                                                                "Estimated Cardinality": "12744093"
                                                            },
                                                            "cumulative_cardinality": 151242,
                                                            "operator_type": "HASH_JOIN",
                                                            "operator_cardinality": 69092,
                                                            "cumulative_rows_scanned": 23836031,
                                                            "operator_rows_scanned": 0,
                                                            "operator_timing": 0.004779422,
                                                            "result_set_size": 2901864,
                                                            "children": [
                                                                {
                                                                    "operator_name": "READ_PARQUET ",
                                                                    "cpu_time": 0.021228757000000004,
                                                                    "extra_info": {
                                                                        "Function": "READ_PARQUET",
                                                                        "Projections": [
                                                                            "id",
                                                                            "postid",
                                                                            "votetypeid"
                                                                        ],
                                                                        "Estimated Cardinality": "12744093"
                                                                    },
                                                                    "cumulative_cardinality": 28894,
                                                                    "operator_type": "TABLE_SCAN",
                                                                    "operator_cardinality": 28894,
                                                                    "cumulative_rows_scanned": 12744093,
                                                                    "operator_rows_scanned": 12744093,
                                                                    "operator_timing": 0.021228757000000004,
                                                                    "result_set_size": 288940,
                                                                    "children": []
                                                                },
                                                                {
                                                                    "operator_name": "HASH_JOIN",
                                                                    "cpu_time": 0.074699676,
                                                                    "extra_info": {
                                                                        "Join Type": "RIGHT",
                                                                        "Conditions": "postid = id",
                                                                        "Estimated Cardinality": "7241822"
                                                                    },
                                                                    "cumulative_cardinality": 53256,
                                                                    "operator_type": "HASH_JOIN",
                                                                    "operator_cardinality": 23844,
                                                                    "cumulative_rows_scanned": 11091938,
                                                                    "operator_rows_scanned": 0,
                                                                    "operator_timing": 0.001573505,
                                                                    "result_set_size": 858384,
                                                                    "children": [
                                                                        {
                                                                            "operator_name": "READ_PARQUET ",
                                                                            "cpu_time": 0.012101679000000004,
                                                                            "extra_info": {
                                                                                "Function": "READ_PARQUET",
                                                                                "Projections": [
                                                                                    "id",
                                                                                    "postid"
                                                                                ],
                                                                                "Estimated Cardinality": "7241822"
                                                                            },
                                                                            "cumulative_cardinality": 19485,
                                                                            "operator_type": "TABLE_SCAN",
                                                                            "operator_cardinality": 19485,
                                                                            "cumulative_rows_scanned": 7241822,
                                                                            "operator_rows_scanned": 7241822,
                                                                            "operator_timing": 0.012101679000000004,
                                                                            "result_set_size": 155880,
                                                                            "children": []
                                                                        },
                                                                        {
                                                                            "operator_name": "READ_PARQUET ",
                                                                            "cpu_time": 0.061024492,
                                                                            "extra_info": {
                                                                                "Function": "READ_PARQUET",
                                                                                "Projections": [
                                                                                    "id",
                                                                                    "creationdate",
                                                                                    "owneruserid",
                                                                                    "title"
                                                                                ],
                                                                                "Filters": "creationdate>='2024-09-01 12:34:56'::TIMESTAMP",
                                                                                "Estimated Cardinality": "770023"
                                                                            },
                                                                            "cumulative_cardinality": 9927,
                                                                            "operator_type": "TABLE_SCAN",
                                                                            "operator_cardinality": 9927,
                                                                            "cumulative_rows_scanned": 3850116,
                                                                            "operator_rows_scanned": 3850116,
                                                                            "operator_timing": 0.061024492,
                                                                            "result_set_size": 317664,
                                                                            "children": []
                                                                        }
                                                                    ]
                                                                }
                                                            ]
                                                        },
                                                        {
                                                            "operator_name": "READ_PARQUET ",
                                                            "cpu_time": 0.08289581700000007,
                                                            "extra_info": {
                                                                "Function": "READ_PARQUET",
                                                                "Projections": [
                                                                    "id",
                                                                    "reputation",
                                                                    "displayname"
                                                                ],
                                                                "Estimated Cardinality": "1260710"
                                                            },
                                                            "cumulative_cardinality": 1260710,
                                                            "operator_type": "TABLE_SCAN",
                                                            "operator_cardinality": 1260710,
                                                            "cumulative_rows_scanned": 1260710,
                                                            "operator_rows_scanned": 1260710,
                                                            "operator_timing": 0.08289581700000007,
                                                            "result_set_size": 30257040,
                                                            "children": []
                                                        }
                                                    ]
                                                },
                                                {
                                                    "operator_name": "READ_PARQUET ",
                                                    "cpu_time": 0.02306556699999997,
                                                    "extra_info": {
                                                        "Function": "READ_PARQUET",
                                                        "Projections": [
                                                            "id",
                                                            "userid"
                                                        ],
                                                        "Estimated Cardinality": "2321724"
                                                    },
                                                    "cumulative_cardinality": 2321724,
                                                    "operator_type": "TABLE_SCAN",
                                                    "operator_cardinality": 2321724,
                                                    "cumulative_rows_scanned": 2321724,
                                                    "operator_rows_scanned": 2321724,
                                                    "operator_timing": 0.02306556699999997,
                                                    "result_set_size": 18573792,
                                                    "children": []
                                                }
                                            ]
                                        }
                                    ]
                                }
                            ]
                        }
                    ]
                }
            ]
        }
    ]
}