{
    "rows_returned": 1668164,
    "query_name": "\nWITH PostSummary AS (\n    SELECT \n        p.Id AS PostId,\n        p.Title,\n        p.CreationDate,\n        U.DisplayName AS OwnerDisplayName,\n        COUNT(c.Id) AS CommentCount,\n        SUM(CASE WHEN v.VoteTypeId = 2 THEN 1 ELSE 0 END) AS UpVoteCount,  \n        SUM(CASE WHEN v.VoteTypeId = 3 THEN 1 ELSE 0 END) AS DownVoteCount \n    FROM \n        Posts p\n    LEFT JOIN \n        Users U ON p.OwnerUserId = U.Id\n    LEFT JOIN \n        Comments c ON p.Id = c.PostId\n    LEFT JOIN \n        Votes v ON p.Id = v.PostId\n    WHERE \n        p.PostTypeId = 1  \n    GROUP BY \n        p.Id, p.Title, p.CreationDate, U.DisplayName\n),\nPostHistorySummary AS (\n    SELECT \n        ph.PostId,\n        COUNT(ph.Id) AS EditCount,\n        MAX(ph.CreationDate) AS LastEditDate\n    FROM \n        PostHistory ph\n    WHERE \n        ph.PostHistoryTypeId IN (4, 5, 6)  \n    GROUP BY \n        ph.PostId\n)\nSELECT \n    ps.PostId,\n    ps.Title,\n    ps.CreationDate,\n    ps.OwnerDisplayName,\n    ps.CommentCount,\n    ps.UpVoteCount,\n    ps.DownVoteCount,\n    COALESCE(phs.EditCount, 0) AS EditCount,\n    phs.LastEditDate\nFROM \n    PostSummary ps\nLEFT JOIN \n    PostHistorySummary phs ON ps.PostId = phs.PostId\nORDER BY \n    ps.CreationDate DESC;\n",
    "blocked_thread_time": 0.0,
    "cpu_time": 5.368738382000001,
    "extra_info": {},
    "cumulative_cardinality": 108863105,
    "cumulative_rows_scanned": 36891985,
    "result_set_size": 166816400,
    "latency": 9.82365107,
    "children": [
        {
            "operator_name": "ORDER_BY",
            "cpu_time": 5.368738382000001,
            "extra_info": {
                "Order By": "ps.CreationDate DESC"
            },
            "cumulative_cardinality": 108863105,
            "operator_type": "ORDER_BY",
            "operator_cardinality": 1668164,
            "cumulative_rows_scanned": 36891985,
            "operator_rows_scanned": 0,
            "operator_timing": 0.1390624039999998,
            "result_set_size": 166816400,
            "children": [
                {
                    "operator_name": "PROJECTION",
                    "cpu_time": 5.229675978000001,
                    "extra_info": {
                        "Projections": [
                            "PostId",
                            "title",
                            "creationdate",
                            "OwnerDisplayName",
                            "CommentCount",
                            "UpVoteCount",
                            "DownVoteCount",
                            "EditCount",
                            "LastEditDate"
                        ],
                        "Estimated Cardinality": "3850116"
                    },
                    "cumulative_cardinality": 107194941,
                    "operator_type": "PROJECTION",
                    "operator_cardinality": 1668164,
                    "cumulative_rows_scanned": 36891985,
                    "operator_rows_scanned": 0,
                    "operator_timing": 0.022429567999999993,
                    "result_set_size": 166816400,
                    "children": [
                        {
                            "operator_name": "HASH_JOIN",
                            "cpu_time": 5.2072464100000015,
                            "extra_info": {
                                "Join Type": "LEFT",
                                "Conditions": "PostId = postid",
                                "Estimated Cardinality": "3850116"
                            },
                            "cumulative_cardinality": 105526777,
                            "operator_type": "HASH_JOIN",
                            "operator_cardinality": 1668164,
                            "cumulative_rows_scanned": 36891985,
                            "operator_rows_scanned": 0,
                            "operator_timing": 0.16366170400000007,
                            "result_set_size": 166816400,
                            "children": [
                                {
                                    "operator_name": "HASH_GROUP_BY",
                                    "cpu_time": 4.223041345,
                                    "extra_info": {
                                        "Groups": [
                                            "#0",
                                            "#1",
                                            "#2",
                                            "#3"
                                        ],
                                        "Aggregates": [
                                            "count(#4)",
                                            "sum(#5)",
                                            "sum(#6)"
                                        ],
                                        "Estimated Cardinality": "3850116"
                                    },
                                    "cumulative_cardinality": 94385519,
                                    "operator_type": "HASH_GROUP_BY",
                                    "operator_cardinality": 1668164,
                                    "cumulative_rows_scanned": 25096741,
                                    "operator_rows_scanned": 0,
                                    "operator_timing": 1.7311885509999987,
                                    "result_set_size": 140125776,
                                    "children": [
                                        {
                                            "operator_name": "PROJECTION",
                                            "cpu_time": 2.491852794000002,
                                            "extra_info": {
                                                "Projections": [
                                                    "id",
                                                    "title",
                                                    "creationdate",
                                                    "displayname",
                                                    "id",
                                                    "CASE  WHEN ((votetypeid = 2)) THEN (1) ELSE 0 END",
                                                    "CASE  WHEN ((votetypeid = 3)) THEN (1) ELSE 0 END"
                                                ],
                                                "Estimated Cardinality": "12744093"
                                            },
                                            "cumulative_cardinality": 92717355,
                                            "operator_type": "PROJECTION",
                                            "operator_cardinality": 16904139,
                                            "cumulative_rows_scanned": 25096741,
                                            "operator_rows_scanned": 0,
                                            "operator_timing": 0.07416482600000034,
                                            "result_set_size": 946631784,
                                            "children": [
                                                {
                                                    "operator_name": "PROJECTION",
                                                    "cpu_time": 2.4176879680000014,
                                                    "extra_info": {
                                                        "Projections": [
                                                            "#0",
                                                            "#1",
                                                            "#2",
                                                            "#3",
                                                            "#4",
                                                            "__internal_decompress_integral_smallint(#5, 1)"
                                                        ],
                                                        "Estimated Cardinality": "12744093"
                                                    },
                                                    "cumulative_cardinality": 75813216,
                                                    "operator_type": "PROJECTION",
                                                    "operator_cardinality": 16904139,
                                                    "cumulative_rows_scanned": 25096741,
                                                    "operator_rows_scanned": 0,
                                                    "operator_timing": 0.010811541000000088,
                                                    "result_set_size": 845206950,
                                                    "children": [
                                                        {
                                                            "operator_name": "HASH_JOIN",
                                                            "cpu_time": 2.406876427000001,
                                                            "extra_info": {
                                                                "Join Type": "LEFT",
                                                                "Conditions": "id = postid",
                                                                "Estimated Cardinality": "12744093"
                                                            },
                                                            "cumulative_cardinality": 58909077,
                                                            "operator_type": "HASH_JOIN",
                                                            "operator_cardinality": 16904139,
                                                            "cumulative_rows_scanned": 25096741,
                                                            "operator_rows_scanned": 0,
                                                            "operator_timing": 0.8101988990000035,
                                                            "result_set_size": 828302811,
                                                            "children": [
                                                                {
                                                                    "operator_name": "HASH_JOIN",
                                                                    "cpu_time": 1.464694378999998,
                                                                    "extra_info": {
                                                                        "Join Type": "RIGHT",
                                                                        "Conditions": "postid = id",
                                                                        "Estimated Cardinality": "7241822"
                                                                    },
                                                                    "cumulative_cardinality": 16516752,
                                                                    "operator_type": "HASH_JOIN",
                                                                    "operator_cardinality": 4677925,
                                                                    "cumulative_rows_scanned": 12352648,
                                                                    "operator_rows_scanned": 0,
                                                                    "operator_timing": 0.5163469289999983,
                                                                    "result_set_size": 224540400,
                                                                    "children": [
                                                                        {
                                                                            "operator_name": "READ_PARQUET ",
                                                                            "cpu_time": 0.13658840800000008,
                                                                            "extra_info": {
                                                                                "Function": "READ_PARQUET",
                                                                                "Projections": [
                                                                                    "id",
                                                                                    "postid"
                                                                                ],
                                                                                "Estimated Cardinality": "7241822"
                                                                            },
                                                                            "cumulative_cardinality": 7241822,
                                                                            "operator_type": "TABLE_SCAN",
                                                                            "operator_cardinality": 7241822,
                                                                            "cumulative_rows_scanned": 7241822,
                                                                            "operator_rows_scanned": 7241822,
                                                                            "operator_timing": 0.13658840800000008,
                                                                            "result_set_size": 57934576,
                                                                            "children": []
                                                                        },
                                                                        {
                                                                            "operator_name": "HASH_JOIN",
                                                                            "cpu_time": 0.8117590419999996,
                                                                            "extra_info": {
                                                                                "Join Type": "RIGHT",
                                                                                "Conditions": "id = owneruserid",
                                                                                "Estimated Cardinality": "1260710"
                                                                            },
                                                                            "cumulative_cardinality": 4597005,
                                                                            "operator_type": "HASH_JOIN",
                                                                            "operator_cardinality": 1668164,
                                                                            "cumulative_rows_scanned": 5110826,
                                                                            "operator_rows_scanned": 0,
                                                                            "operator_timing": 0.24901321399999984,
                                                                            "result_set_size": 73399216,
                                                                            "children": [
                                                                                {
                                                                                    "operator_name": "READ_PARQUET ",
                                                                                    "cpu_time": 0.09849366299999995,
                                                                                    "extra_info": {
                                                                                        "Function": "READ_PARQUET",
                                                                                        "Projections": [
                                                                                            "id",
                                                                                            "displayname"
                                                                                        ],
                                                                                        "Estimated Cardinality": "1260710"
                                                                                    },
                                                                                    "cumulative_cardinality": 1260677,
                                                                                    "operator_type": "TABLE_SCAN",
                                                                                    "operator_cardinality": 1260677,
                                                                                    "cumulative_rows_scanned": 1260710,
                                                                                    "operator_rows_scanned": 1260710,
                                                                                    "operator_timing": 0.09849366299999995,
                                                                                    "result_set_size": 25213540,
                                                                                    "children": []
                                                                                },
                                                                                {
                                                                                    "operator_name": "READ_PARQUET ",
                                                                                    "cpu_time": 0.4642521649999997,
                                                                                    "extra_info": {
                                                                                        "Function": "READ_PARQUET",
                                                                                        "Projections": [
                                                                                            "id",
                                                                                            "creationdate",
                                                                                            "owneruserid",
                                                                                            "title"
                                                                                        ],
                                                                                        "Filters": "posttypeid=1",
                                                                                        "Estimated Cardinality": "770023"
                                                                                    },
                                                                                    "cumulative_cardinality": 1668164,
                                                                                    "operator_type": "TABLE_SCAN",
                                                                                    "operator_cardinality": 1668164,
                                                                                    "cumulative_rows_scanned": 3850116,
                                                                                    "operator_rows_scanned": 3850116,
                                                                                    "operator_timing": 0.4642521649999997,
                                                                                    "result_set_size": 53381248,
                                                                                    "children": []
                                                                                }
                                                                            ]
                                                                        }
                                                                    ]
                                                                },
                                                                {
                                                                    "operator_name": "PROJECTION",
                                                                    "cpu_time": 0.1319831489999999,
                                                                    "extra_info": {
                                                                        "Projections": [
                                                                            "#0",
                                                                            "__internal_compress_integral_utinyint(#1, 1)"
                                                                        ],
                                                                        "Estimated Cardinality": "12744093"
                                                                    },
                                                                    "cumulative_cardinality": 25488186,
                                                                    "operator_type": "PROJECTION",
                                                                    "operator_cardinality": 12744093,
                                                                    "cumulative_rows_scanned": 12744093,
                                                                    "operator_rows_scanned": 0,
                                                                    "operator_timing": 0.0032213879999999865,
                                                                    "result_set_size": 63720465,
                                                                    "children": [
                                                                        {
                                                                            "operator_name": "READ_PARQUET ",
                                                                            "cpu_time": 0.12876176099999992,
                                                                            "extra_info": {
                                                                                "Function": "READ_PARQUET",
                                                                                "Projections": [
                                                                                    "postid",
                                                                                    "votetypeid"
                                                                                ],
                                                                                "Estimated Cardinality": "12744093"
                                                                            },
                                                                            "cumulative_cardinality": 12744093,
                                                                            "operator_type": "TABLE_SCAN",
                                                                            "operator_cardinality": 12744093,
                                                                            "cumulative_rows_scanned": 12744093,
                                                                            "operator_rows_scanned": 12744093,
                                                                            "operator_timing": 0.12876176099999992,
                                                                            "result_set_size": 76464558,
                                                                            "children": []
                                                                        }
                                                                    ]
                                                                }
                                                            ]
                                                        }
                                                    ]
                                                }
                                            ]
                                        }
                                    ]
                                },
                                {
                                    "operator_name": "HASH_GROUP_BY",
                                    "cpu_time": 0.8205433610000015,
                                    "extra_info": {
                                        "Groups": "#0",
                                        "Aggregates": [
                                            "count_star()",
                                            "max(#1)"
                                        ],
                                        "Estimated Cardinality": "1179524"
                                    },
                                    "cumulative_cardinality": 9473094,
                                    "operator_type": "HASH_GROUP_BY",
                                    "operator_cardinality": 1807830,
                                    "cumulative_rows_scanned": 11795244,
                                    "operator_rows_scanned": 0,
                                    "operator_timing": 0.2886090569999999,
                                    "result_set_size": 36156600,
                                    "children": [
                                        {
                                            "operator_name": "PROJECTION",
                                            "cpu_time": 0.5319343040000016,
                                            "extra_info": {
                                                "Projections": [
                                                    "postid",
                                                    "creationdate"
                                                ],
                                                "Estimated Cardinality": "2359048"
                                            },
                                            "cumulative_cardinality": 7665264,
                                            "operator_type": "PROJECTION",
                                            "operator_cardinality": 3832632,
                                            "cumulative_rows_scanned": 11795244,
                                            "operator_rows_scanned": 0,
                                            "operator_timing": 0.0009108280000000009,
                                            "result_set_size": 45991584,
                                            "children": [
                                                {
                                                    "operator_name": "READ_PARQUET ",
                                                    "cpu_time": 0.5310234760000017,
                                                    "extra_info": {
                                                        "Function": "READ_PARQUET",
                                                        "Projections": [
                                                            "id",
                                                            "postid",
                                                            "creationdate"
                                                        ],
                                                        "Filters": "posthistorytypeid>=4 AND posthistorytypeid<=6",
                                                        "Estimated Cardinality": "2359048"
                                                    },
                                                    "cumulative_cardinality": 3832632,
                                                    "operator_type": "TABLE_SCAN",
                                                    "operator_cardinality": 3832632,
                                                    "cumulative_rows_scanned": 11795244,
                                                    "operator_rows_scanned": 11795244,
                                                    "operator_timing": 0.5310234760000017,
                                                    "result_set_size": 61322112,
                                                    "children": []
                                                }
                                            ]
                                        }
                                    ]
                                }
                            ]
                        }
                    ]
                }
            ]
        }
    ]
}