{
    "rows_returned": 100,
    "query_name": "\nSELECT \n    p.Id AS PostId,\n    p.Title,\n    p.CreationDate,\n    p.Score,\n    p.ViewCount,\n    COUNT(DISTINCT c.Id) AS CommentCount,\n    COUNT(DISTINCT a.Id) AS AnswerCount,\n    SUM(CASE WHEN v.VoteTypeId = 2 THEN 1 ELSE 0 END) AS UpVotes,\n    SUM(CASE WHEN v.VoteTypeId = 3 THEN 1 ELSE 0 END) AS DownVotes,\n    ph.CreationDate AS LastEditDate,\n    u.DisplayName AS OwnerDisplayName\nFROM \n    Posts p\nLEFT JOIN \n    Comments c ON p.Id = c.PostId\nLEFT JOIN \n    Posts a ON p.Id = a.ParentId AND a.PostTypeId = 2\nLEFT JOIN \n    Votes v ON p.Id = v.PostId\nLEFT JOIN \n    PostHistory ph ON p.Id = ph.PostId\nLEFT JOIN \n    Users u ON p.OwnerUserId = u.Id\nWHERE \n    p.PostTypeId = 1  \nGROUP BY \n    p.Id, p.Title, p.CreationDate, p.Score, p.ViewCount, ph.CreationDate, u.DisplayName\nORDER BY \n    p.CreationDate DESC\nLIMIT 100;\n",
    "blocked_thread_time": 0.0,
    "cpu_time": 183.87423026600044,
    "extra_info": {},
    "cumulative_cardinality": 3455151272,
    "cumulative_rows_scanned": 40742101,
    "result_set_size": 10800,
    "latency": 207.637586388,
    "children": [
        {
            "operator_name": "STREAMING_LIMIT",
            "cpu_time": 183.87423026600044,
            "extra_info": {},
            "cumulative_cardinality": 3455151272,
            "operator_type": "STREAMING_LIMIT",
            "operator_cardinality": 100,
            "cumulative_rows_scanned": 40742101,
            "operator_rows_scanned": 0,
            "operator_timing": 0.000001753,
            "result_set_size": 10800,
            "children": [
                {
                    "operator_name": "PROJECTION",
                    "cpu_time": 183.87422851300045,
                    "extra_info": {
                        "Projections": [
                            "#0",
                            "#1",
                            "#2",
                            "__internal_decompress_integral_integer(#3, -72)",
                            "#4",
                            "#5",
                            "#6",
                            "#7",
                            "#8",
                            "#9",
                            "#10"
                        ],
                        "Estimated Cardinality": "3850116"
                    },
                    "cumulative_cardinality": 3455151172,
                    "operator_type": "PROJECTION",
                    "operator_cardinality": 4096,
                    "cumulative_rows_scanned": 40742101,
                    "operator_rows_scanned": 0,
                    "operator_timing": 0.000007655,
                    "result_set_size": 442368,
                    "children": [
                        {
                            "operator_name": "ORDER_BY",
                            "cpu_time": 183.87422085800046,
                            "extra_info": {
                                "Order By": "p.CreationDate DESC"
                            },
                            "cumulative_cardinality": 3455147076,
                            "operator_type": "ORDER_BY",
                            "operator_cardinality": 4096,
                            "cumulative_rows_scanned": 40742101,
                            "operator_rows_scanned": 0,
                            "operator_timing": 0.29967016999999974,
                            "result_set_size": 434176,
                            "children": [
                                {
                                    "operator_name": "PROJECTION",
                                    "cpu_time": 183.57455068800044,
                                    "extra_info": {
                                        "Projections": [
                                            "#0",
                                            "#1",
                                            "#2",
                                            "__internal_compress_integral_usmallint(#3, -72)",
                                            "#4",
                                            "#5",
                                            "#6",
                                            "#7",
                                            "#8",
                                            "#9",
                                            "#10"
                                        ],
                                        "Estimated Cardinality": "3850116"
                                    },
                                    "cumulative_cardinality": 3455142980,
                                    "operator_type": "PROJECTION",
                                    "operator_cardinality": 4078820,
                                    "cumulative_rows_scanned": 40742101,
                                    "operator_rows_scanned": 0,
                                    "operator_timing": 0.0020683190000000003,
                                    "result_set_size": 432354920,
                                    "children": [
                                        {
                                            "operator_name": "PROJECTION",
                                            "cpu_time": 183.57248236900045,
                                            "extra_info": {
                                                "Projections": [
                                                    "PostId",
                                                    "title",
                                                    "creationdate",
                                                    "score",
                                                    "viewcount",
                                                    "CommentCount",
                                                    "AnswerCount",
                                                    "UpVotes",
                                                    "DownVotes",
                                                    "LastEditDate",
                                                    "OwnerDisplayName"
                                                ],
                                                "Estimated Cardinality": "3850116"
                                            },
                                            "cumulative_cardinality": 3451064160,
                                            "operator_type": "PROJECTION",
                                            "operator_cardinality": 4078820,
                                            "cumulative_rows_scanned": 40742101,
                                            "operator_rows_scanned": 0,
                                            "operator_timing": 0.0011108540000000031,
                                            "result_set_size": 440512560,
                                            "children": [
                                                {
                                                    "operator_name": "PROJECTION",
                                                    "cpu_time": 183.57137151500046,
                                                    "extra_info": {
                                                        "Projections": [
                                                            "#0",
                                                            "#1",
                                                            "#2",
                                                            "__internal_decompress_integral_integer(#3, -72)",
                                                            "#4",
                                                            "#5",
                                                            "#6",
                                                            "#7",
                                                            "#8",
                                                            "#9",
                                                            "#10"
                                                        ],
                                                        "Estimated Cardinality": "3850116"
                                                    },
                                                    "cumulative_cardinality": 3446985340,
                                                    "operator_type": "PROJECTION",
                                                    "operator_cardinality": 4078820,
                                                    "cumulative_rows_scanned": 40742101,
                                                    "operator_rows_scanned": 0,
                                                    "operator_timing": 0.002285263000000006,
                                                    "result_set_size": 440512560,
                                                    "children": [
                                                        {
                                                            "operator_name": "HASH_GROUP_BY",
                                                            "cpu_time": 183.56908625200046,
                                                            "extra_info": {
                                                                "Groups": [
                                                                    "#0",
                                                                    "#1",
                                                                    "#2",
                                                                    "#3",
                                                                    "#4",
                                                                    "#5",
                                                                    "#6"
                                                                ],
                                                                "Aggregates": [
                                                                    "count(DISTINCT #7)",
                                                                    "count(DISTINCT #8)",
                                                                    "sum(#9)",
                                                                    "sum(#10)"
                                                                ],
                                                                "Estimated Cardinality": "3850116"
                                                            },
                                                            "cumulative_cardinality": 3442906520,
                                                            "operator_type": "HASH_GROUP_BY",
                                                            "operator_cardinality": 4078820,
                                                            "cumulative_rows_scanned": 40742101,
                                                            "operator_rows_scanned": 0,
                                                            "operator_timing": 144.7082305979997,
                                                            "result_set_size": 432354920,
                                                            "children": [
                                                                {
                                                                    "operator_name": "PROJECTION",
                                                                    "cpu_time": 38.86085565400078,
                                                                    "extra_info": {
                                                                        "Projections": [
                                                                            "id",
                                                                            "title",
                                                                            "creationdate",
                                                                            "score",
                                                                            "viewcount",
                                                                            "creationdate",
                                                                            "displayname",
                                                                            "id",
                                                                            "id",
                                                                            "CASE  WHEN ((votetypeid = 2)) THEN (1) ELSE 0 END",
                                                                            "CASE  WHEN ((votetypeid = 3)) THEN (1) ELSE 0 END"
                                                                        ],
                                                                        "Estimated Cardinality": "12744093"
                                                                    },
                                                                    "cumulative_cardinality": 3438827700,
                                                                    "operator_type": "PROJECTION",
                                                                    "operator_cardinality": 810681464,
                                                                    "cumulative_rows_scanned": 40742101,
                                                                    "operator_rows_scanned": 0,
                                                                    "operator_timing": 4.391601399000236,
                                                                    "result_set_size": 59990428336,
                                                                    "children": [
                                                                        {
                                                                            "operator_name": "PROJECTION",
                                                                            "cpu_time": 34.46925425500054,
                                                                            "extra_info": {
                                                                                "Projections": [
                                                                                    "#1",
                                                                                    "#2",
                                                                                    "__internal_compress_integral_usmallint(#3, -72)",
                                                                                    "#4",
                                                                                    "#5",
                                                                                    "#0",
                                                                                    "#6",
                                                                                    "#7",
                                                                                    "#8",
                                                                                    "#9"
                                                                                ],
                                                                                "Estimated Cardinality": "12744093"
                                                                            },
                                                                            "cumulative_cardinality": 2628146236,
                                                                            "operator_type": "PROJECTION",
                                                                            "operator_cardinality": 810681464,
                                                                            "cumulative_rows_scanned": 40742101,
                                                                            "operator_rows_scanned": 0,
                                                                            "operator_timing": 1.405491570000498,
                                                                            "result_set_size": 55126339552,
                                                                            "children": [
                                                                                {
                                                                                    "operator_name": "HASH_JOIN",
                                                                                    "cpu_time": 33.06376268500004,
                                                                                    "extra_info": {
                                                                                        "Join Type": "LEFT",
                                                                                        "Conditions": "owneruserid = id",
                                                                                        "Estimated Cardinality": "12744093"
                                                                                    },
                                                                                    "cumulative_cardinality": 1817464772,
                                                                                    "operator_type": "HASH_JOIN",
                                                                                    "operator_cardinality": 810681464,
                                                                                    "cumulative_rows_scanned": 40742101,
                                                                                    "operator_rows_scanned": 0,
                                                                                    "operator_timing": 17.038858400999114,
                                                                                    "result_set_size": 56747702480,
                                                                                    "children": [
                                                                                        {
                                                                                            "operator_name": "HASH_JOIN",
                                                                                            "cpu_time": 15.94609556300093,
                                                                                            "extra_info": {
                                                                                                "Join Type": "LEFT",
                                                                                                "Conditions": "id = postid",
                                                                                                "Estimated Cardinality": "12744093"
                                                                                            },
                                                                                            "cumulative_cardinality": 1005522598,
                                                                                            "operator_type": "HASH_JOIN",
                                                                                            "operator_cardinality": 810681464,
                                                                                            "cumulative_rows_scanned": 39481391,
                                                                                            "operator_rows_scanned": 0,
                                                                                            "operator_timing": 8.533282220000945,
                                                                                            "result_set_size": 47019524912,
                                                                                            "children": [
                                                                                                {
                                                                                                    "operator_name": "PROJECTION",
                                                                                                    "cpu_time": 4.572737901999982,
                                                                                                    "extra_info": {
                                                                                                        "Projections": [
                                                                                                            "#0",
                                                                                                            "#1",
                                                                                                            "#2",
                                                                                                            "#3",
                                                                                                            "#4",
                                                                                                            "#5",
                                                                                                            "#6",
                                                                                                            "#7",
                                                                                                            "__internal_decompress_integral_smallint(#8, 1)"
                                                                                                        ],
                                                                                                        "Estimated Cardinality": "12744093"
                                                                                                    },
                                                                                                    "cumulative_cardinality": 183045890,
                                                                                                    "operator_type": "PROJECTION",
                                                                                                    "operator_cardinality": 67247136,
                                                                                                    "cumulative_rows_scanned": 27686147,
                                                                                                    "operator_rows_scanned": 0,
                                                                                                    "operator_timing": 0.049805158999998704,
                                                                                                    "result_set_size": 3362356800,
                                                                                                    "children": [
                                                                                                        {
                                                                                                            "operator_name": "HASH_JOIN",
                                                                                                            "cpu_time": 4.522932742999983,
                                                                                                            "extra_info": {
                                                                                                                "Join Type": "LEFT",
                                                                                                                "Conditions": "id = postid",
                                                                                                                "Estimated Cardinality": "12744093"
                                                                                                            },
                                                                                                            "cumulative_cardinality": 115798754,
                                                                                                            "operator_type": "HASH_JOIN",
                                                                                                            "operator_cardinality": 67247136,
                                                                                                            "cumulative_rows_scanned": 27686147,
                                                                                                            "operator_rows_scanned": 0,
                                                                                                            "operator_timing": 1.5398168269999846,
                                                                                                            "result_set_size": 3295109664,
                                                                                                            "children": [
                                                                                                                {
                                                                                                                    "operator_name": "HASH_JOIN",
                                                                                                                    "cpu_time": 2.7254767489999994,
                                                                                                                    "extra_info": {
                                                                                                                        "Join Type": "LEFT",
                                                                                                                        "Conditions": "id = parentid",
                                                                                                                        "Estimated Cardinality": "7241822"
                                                                                                                    },
                                                                                                                    "cumulative_cardinality": 23063432,
                                                                                                                    "operator_type": "HASH_JOIN",
                                                                                                                    "operator_cardinality": 7298228,
                                                                                                                    "cumulative_rows_scanned": 14942054,
                                                                                                                    "operator_rows_scanned": 0,
                                                                                                                    "operator_timing": 0.42067049600000184,
                                                                                                                    "result_set_size": 350314944,
                                                                                                                    "children": [
                                                                                                                        {
                                                                                                                            "operator_name": "HASH_JOIN",
                                                                                                                            "cpu_time": 1.7851695549999973,
                                                                                                                            "extra_info": {
                                                                                                                                "Join Type": "RIGHT",
                                                                                                                                "Conditions": "postid = id",
                                                                                                                                "Estimated Cardinality": "7241822"
                                                                                                                            },
                                                                                                                            "cumulative_cardinality": 13587911,
                                                                                                                            "operator_type": "HASH_JOIN",
                                                                                                                            "operator_cardinality": 4677925,
                                                                                                                            "cumulative_rows_scanned": 11091938,
                                                                                                                            "operator_rows_scanned": 0,
                                                                                                                            "operator_timing": 0.6903539729999985,
                                                                                                                            "result_set_size": 205828700,
                                                                                                                            "children": [
                                                                                                                                {
                                                                                                                                    "operator_name": "READ_PARQUET ",
                                                                                                                                    "cpu_time": 0.15691540199999948,
                                                                                                                                    "extra_info": {
                                                                                                                                        "Function": "READ_PARQUET",
                                                                                                                                        "Projections": [
                                                                                                                                            "id",
                                                                                                                                            "postid"
                                                                                                                                        ],
                                                                                                                                        "Estimated Cardinality": "7241822"
                                                                                                                                    },
                                                                                                                                    "cumulative_cardinality": 7241822,
                                                                                                                                    "operator_type": "TABLE_SCAN",
                                                                                                                                    "operator_cardinality": 7241822,
                                                                                                                                    "cumulative_rows_scanned": 7241822,
                                                                                                                                    "operator_rows_scanned": 7241822,
                                                                                                                                    "operator_timing": 0.15691540199999948,
                                                                                                                                    "result_set_size": 57934576,
                                                                                                                                    "children": []
                                                                                                                                },
                                                                                                                                {
                                                                                                                                    "operator_name": "READ_PARQUET ",
                                                                                                                                    "cpu_time": 0.9379001799999993,
                                                                                                                                    "extra_info": {
                                                                                                                                        "Function": "READ_PARQUET",
                                                                                                                                        "Projections": [
                                                                                                                                            "id",
                                                                                                                                            "creationdate",
                                                                                                                                            "score",
                                                                                                                                            "viewcount",
                                                                                                                                            "owneruserid",
                                                                                                                                            "title"
                                                                                                                                        ],
                                                                                                                                        "Filters": "posttypeid=1",
                                                                                                                                        "Estimated Cardinality": "770023"
                                                                                                                                    },
                                                                                                                                    "cumulative_cardinality": 1668164,
                                                                                                                                    "operator_type": "TABLE_SCAN",
                                                                                                                                    "operator_cardinality": 1668164,
                                                                                                                                    "cumulative_rows_scanned": 3850116,
                                                                                                                                    "operator_rows_scanned": 3850116,
                                                                                                                                    "operator_timing": 0.9379001799999993,
                                                                                                                                    "result_set_size": 66726560,
                                                                                                                                    "children": []
                                                                                                                                }
                                                                                                                            ]
                                                                                                                        },
                                                                                                                        {
                                                                                                                            "operator_name": "READ_PARQUET ",
                                                                                                                            "cpu_time": 0.5196366980000001,
                                                                                                                            "extra_info": {
                                                                                                                                "Function": "READ_PARQUET",
                                                                                                                                "Projections": [
                                                                                                                                    "id",
                                                                                                                                    "parentid"
                                                                                                                                ],
                                                                                                                                "Filters": "posttypeid=2",
                                                                                                                                "Estimated Cardinality": "770023"
                                                                                                                            },
                                                                                                                            "cumulative_cardinality": 2177293,
                                                                                                                            "operator_type": "TABLE_SCAN",
                                                                                                                            "operator_cardinality": 2177293,
                                                                                                                            "cumulative_rows_scanned": 3850116,
                                                                                                                            "operator_rows_scanned": 3850116,
                                                                                                                            "operator_timing": 0.5196366980000001,
                                                                                                                            "result_set_size": 17418344,
                                                                                                                            "children": []
                                                                                                                        }
                                                                                                                    ]
                                                                                                                },
                                                                                                                {
                                                                                                                    "operator_name": "PROJECTION",
                                                                                                                    "cpu_time": 0.25763916699999967,
                                                                                                                    "extra_info": {
                                                                                                                        "Projections": [
                                                                                                                            "#0",
                                                                                                                            "__internal_compress_integral_utinyint(#1, 1)"
                                                                                                                        ],
                                                                                                                        "Estimated Cardinality": "12744093"
                                                                                                                    },
                                                                                                                    "cumulative_cardinality": 25488186,
                                                                                                                    "operator_type": "PROJECTION",
                                                                                                                    "operator_cardinality": 12744093,
                                                                                                                    "cumulative_rows_scanned": 12744093,
                                                                                                                    "operator_rows_scanned": 0,
                                                                                                                    "operator_timing": 0.008540828000000226,
                                                                                                                    "result_set_size": 63720465,
                                                                                                                    "children": [
                                                                                                                        {
                                                                                                                            "operator_name": "READ_PARQUET ",
                                                                                                                            "cpu_time": 0.24909833899999942,
                                                                                                                            "extra_info": {
                                                                                                                                "Function": "READ_PARQUET",
                                                                                                                                "Projections": [
                                                                                                                                    "postid",
                                                                                                                                    "votetypeid"
                                                                                                                                ],
                                                                                                                                "Estimated Cardinality": "12744093"
                                                                                                                            },
                                                                                                                            "cumulative_cardinality": 12744093,
                                                                                                                            "operator_type": "TABLE_SCAN",
                                                                                                                            "operator_cardinality": 12744093,
                                                                                                                            "cumulative_rows_scanned": 12744093,
                                                                                                                            "operator_rows_scanned": 12744093,
                                                                                                                            "operator_timing": 0.24909833899999942,
                                                                                                                            "result_set_size": 76464558,
                                                                                                                            "children": []
                                                                                                                        }
                                                                                                                    ]
                                                                                                                }
                                                                                                            ]
                                                                                                        }
                                                                                                    ]
                                                                                                },
                                                                                                {
                                                                                                    "operator_name": "READ_PARQUET ",
                                                                                                    "cpu_time": 2.840075441000002,
                                                                                                    "extra_info": {
                                                                                                        "Function": "READ_PARQUET",
                                                                                                        "Projections": [
                                                                                                            "postid",
                                                                                                            "creationdate"
                                                                                                        ],
                                                                                                        "Estimated Cardinality": "11795244"
                                                                                                    },
                                                                                                    "cumulative_cardinality": 11795244,
                                                                                                    "operator_type": "TABLE_SCAN",
                                                                                                    "operator_cardinality": 11795244,
                                                                                                    "cumulative_rows_scanned": 11795244,
                                                                                                    "operator_rows_scanned": 11795244,
                                                                                                    "operator_timing": 2.840075441000002,
                                                                                                    "result_set_size": 141542928,
                                                                                                    "children": []
                                                                                                }
                                                                                            ]
                                                                                        },
                                                                                        {
                                                                                            "operator_name": "READ_PARQUET ",
                                                                                            "cpu_time": 0.07880872099999996,
                                                                                            "extra_info": {
                                                                                                "Function": "READ_PARQUET",
                                                                                                "Projections": [
                                                                                                    "id",
                                                                                                    "displayname"
                                                                                                ],
                                                                                                "Estimated Cardinality": "1260710"
                                                                                            },
                                                                                            "cumulative_cardinality": 1260710,
                                                                                            "operator_type": "TABLE_SCAN",
                                                                                            "operator_cardinality": 1260710,
                                                                                            "cumulative_rows_scanned": 1260710,
                                                                                            "operator_rows_scanned": 1260710,
                                                                                            "operator_timing": 0.07880872099999996,
                                                                                            "result_set_size": 25214200,
                                                                                            "children": []
                                                                                        }
                                                                                    ]
                                                                                }
                                                                            ]
                                                                        }
                                                                    ]
                                                                }
                                                            ]
                                                        }
                                                    ]
                                                }
                                            ]
                                        }
                                    ]
                                }
                            ]
                        }
                    ]
                }
            ]
        }
    ]
}