{
    "rows_returned": 100,
    "query_name": "WITH UserReputation AS (\n    SELECT Id, Reputation, \n           RANK() OVER (ORDER BY Reputation DESC) AS ReputationRank\n    FROM Users\n),\nPostSummary AS (\n    SELECT P.OwnerUserId,\n           COUNT(CASE WHEN P.PostTypeId = 1 THEN 1 END) AS Questions,\n           COUNT(CASE WHEN P.PostTypeId = 2 THEN 1 END) AS Answers,\n           COUNT(CASE WHEN P.PostTypeId IN (4, 5) THEN 1 END) AS TagWikis,\n           SUM(V.BountyAmount) AS TotalBounty\n    FROM Posts P\n    LEFT JOIN Votes V ON P.Id = V.PostId\n    GROUP BY P.OwnerUserId\n),\nClosedPosts AS (\n    SELECT Ph.UserId, \n           COUNT(*) AS ClosedPostCount\n    FROM PostHistory Ph\n    WHERE Ph.PostHistoryTypeId = 10\n    GROUP BY Ph.UserId\n)\n\nSELECT U.DisplayName,\n       COALESCE(UR.Reputation, 0) AS Reputation,\n       COALESCE(PS.Questions, 0) AS TotalQuestions,\n       COALESCE(PS.Answers, 0) AS TotalAnswers,\n       COALESCE(PS.TagWikis, 0) AS TotalTagWikis,\n       COALESCE(CL.ClosedPostCount, 0) AS TotalClosedPosts,\n       CASE \n           WHEN COALESCE(PS.TotalBounty, 0) > 0 THEN 'Has Bounty'\n           ELSE 'No Bounty'\n       END AS BountyStatus,\n       CASE \n           WHEN COALESCE(UR.Reputation, 0) >= 1000 THEN 'Expert'\n           WHEN COALESCE(UR.Reputation, 0) >= 500 THEN 'Intermediate'\n           ELSE 'Novice'\n       END AS UserLevel\nFROM Users U\nLEFT JOIN UserReputation UR ON U.Id = UR.Id\nLEFT JOIN PostSummary PS ON U.Id = PS.OwnerUserId\nLEFT JOIN ClosedPosts CL ON U.Id = CL.UserId\nWHERE U.Location IS NOT NULL\nORDER BY Reputation DESC, TotalQuestions DESC\nLIMIT 100;\n",
    "blocked_thread_time": 0.0,
    "cpu_time": 2.0760347230000016,
    "extra_info": {},
    "cumulative_cardinality": 62709212,
    "cumulative_rows_scanned": 30910873,
    "result_set_size": 8400,
    "latency": 2.346622703,
    "children": [
        {
            "operator_name": "STREAMING_LIMIT",
            "cpu_time": 2.0760347230000016,
            "extra_info": {},
            "cumulative_cardinality": 62709212,
            "operator_type": "STREAMING_LIMIT",
            "operator_cardinality": 100,
            "cumulative_rows_scanned": 30910873,
            "operator_rows_scanned": 0,
            "operator_timing": 0.000001693,
            "result_set_size": 8400,
            "children": [
                {
                    "operator_name": "PROJECTION",
                    "cpu_time": 2.0760330300000014,
                    "extra_info": {
                        "Projections": [
                            "#0",
                            "#1",
                            "#2",
                            "#3",
                            "#4",
                            "#5",
                            "__internal_decompress_string(#6)",
                            "__internal_decompress_string(#7)"
                        ],
                        "Estimated Cardinality": "3850116"
                    },
                    "cumulative_cardinality": 62709112,
                    "operator_type": "PROJECTION",
                    "operator_cardinality": 4096,
                    "cumulative_rows_scanned": 30910873,
                    "operator_rows_scanned": 0,
                    "operator_timing": 0.00007921800000000001,
                    "result_set_size": 344064,
                    "children": [
                        {
                            "operator_name": "ORDER_BY",
                            "cpu_time": 2.075953812000001,
                            "extra_info": {
                                "Order By": [
                                    "COALESCE(UR.Reputation, 0) DESC",
                                    "COALESCE(PS.Questions, 0) DESC"
                                ]
                            },
                            "cumulative_cardinality": 62705016,
                            "operator_type": "ORDER_BY",
                            "operator_cardinality": 4096,
                            "cumulative_rows_scanned": 30910873,
                            "operator_rows_scanned": 0,
                            "operator_timing": 0.013559567000000002,
                            "result_set_size": 344064,
                            "children": [
                                {
                                    "operator_name": "PROJECTION",
                                    "cpu_time": 2.062394245000001,
                                    "extra_info": {
                                        "Projections": [
                                            "#0",
                                            "#1",
                                            "#2",
                                            "#3",
                                            "#4",
                                            "#5",
                                            "__internal_compress_string_hugeint(#6)",
                                            "__internal_compress_string_hugeint(#7)"
                                        ],
                                        "Estimated Cardinality": "3850116"
                                    },
                                    "cumulative_cardinality": 62700920,
                                    "operator_type": "PROJECTION",
                                    "operator_cardinality": 181387,
                                    "cumulative_rows_scanned": 30910873,
                                    "operator_rows_scanned": 0,
                                    "operator_timing": 0.0012682840000000002,
                                    "result_set_size": 15236508,
                                    "children": [
                                        {
                                            "operator_name": "PROJECTION",
                                            "cpu_time": 2.061125961000001,
                                            "extra_info": {
                                                "Projections": [
                                                    "displayname",
                                                    "Reputation",
                                                    "TotalQuestions",
                                                    "TotalAnswers",
                                                    "TotalTagWikis",
                                                    "TotalClosedPosts",
                                                    "BountyStatus",
                                                    "UserLevel"
                                                ],
                                                "Estimated Cardinality": "3850116"
                                            },
                                            "cumulative_cardinality": 62519533,
                                            "operator_type": "PROJECTION",
                                            "operator_cardinality": 181387,
                                            "cumulative_rows_scanned": 30910873,
                                            "operator_rows_scanned": 0,
                                            "operator_timing": 0.013933679000000004,
                                            "result_set_size": 15236508,
                                            "children": [
                                                {
                                                    "operator_name": "HASH_JOIN",
                                                    "cpu_time": 2.047192282000001,
                                                    "extra_info": {
                                                        "Join Type": "LEFT",
                                                        "Conditions": "id = userid",
                                                        "Estimated Cardinality": "3850116"
                                                    },
                                                    "cumulative_cardinality": 62338146,
                                                    "operator_type": "HASH_JOIN",
                                                    "operator_cardinality": 181387,
                                                    "cumulative_rows_scanned": 30910873,
                                                    "operator_rows_scanned": 0,
                                                    "operator_timing": 0.0032932790000000014,
                                                    "result_set_size": 12334316,
                                                    "children": [
                                                        {
                                                            "operator_name": "HASH_JOIN",
                                                            "cpu_time": 1.8671620720000004,
                                                            "extra_info": {
                                                                "Join Type": "RIGHT",
                                                                "Conditions": "owneruserid = id",
                                                                "Estimated Cardinality": "3850116"
                                                            },
                                                            "cumulative_cardinality": 61913673,
                                                            "operator_type": "HASH_JOIN",
                                                            "operator_cardinality": 181387,
                                                            "cumulative_rows_scanned": 19115629,
                                                            "operator_rows_scanned": 0,
                                                            "operator_timing": 0.028159606000000014,
                                                            "result_set_size": 11608768,
                                                            "children": [
                                                                {
                                                                    "operator_name": "HASH_GROUP_BY",
                                                                    "cpu_time": 1.4970471100000005,
                                                                    "extra_info": {
                                                                        "Groups": "#0",
                                                                        "Aggregates": [
                                                                            "count(#1)",
                                                                            "count(#2)",
                                                                            "count(#3)",
                                                                            "sum(#4)"
                                                                        ],
                                                                        "Estimated Cardinality": "3850116"
                                                                    },
                                                                    "cumulative_cardinality": 54884575,
                                                                    "operator_type": "HASH_GROUP_BY",
                                                                    "operator_cardinality": 371632,
                                                                    "cumulative_rows_scanned": 16594209,
                                                                    "operator_rows_scanned": 0,
                                                                    "operator_timing": 0.32365001499999996,
                                                                    "result_set_size": 16351808,
                                                                    "children": [
                                                                        {
                                                                            "operator_name": "PROJECTION",
                                                                            "cpu_time": 1.1733970950000006,
                                                                            "extra_info": {
                                                                                "Projections": [
                                                                                    "owneruserid",
                                                                                    "CASE  WHEN ((posttypeid = 1)) THEN (1) ELSE NULL END",
                                                                                    "CASE  WHEN ((posttypeid = 2)) THEN (1) ELSE NULL END",
                                                                                    "CASE  WHEN ((posttypeid IN (4, 5))) THEN (1) ELSE NULL END",
                                                                                    "bountyamount"
                                                                                ],
                                                                                "Estimated Cardinality": "12744093"
                                                                            },
                                                                            "cumulative_cardinality": 54512943,
                                                                            "operator_type": "PROJECTION",
                                                                            "operator_cardinality": 11356206,
                                                                            "cumulative_rows_scanned": 16594209,
                                                                            "operator_rows_scanned": 0,
                                                                            "operator_timing": 0.1642410449999994,
                                                                            "result_set_size": 227124120,
                                                                            "children": [
                                                                                {
                                                                                    "operator_name": "PROJECTION",
                                                                                    "cpu_time": 1.0091560500000012,
                                                                                    "extra_info": {
                                                                                        "Projections": [
                                                                                            "#0",
                                                                                            "__internal_decompress_integral_smallint(#1, 1)",
                                                                                            "#2"
                                                                                        ],
                                                                                        "Estimated Cardinality": "12744093"
                                                                                    },
                                                                                    "cumulative_cardinality": 43156737,
                                                                                    "operator_type": "PROJECTION",
                                                                                    "operator_cardinality": 11356206,
                                                                                    "cumulative_rows_scanned": 16594209,
                                                                                    "operator_rows_scanned": 0,
                                                                                    "operator_timing": 0.00432717700000002,
                                                                                    "result_set_size": 113562060,
                                                                                    "children": [
                                                                                        {
                                                                                            "operator_name": "HASH_JOIN",
                                                                                            "cpu_time": 1.0048288730000012,
                                                                                            "extra_info": {
                                                                                                "Join Type": "RIGHT",
                                                                                                "Conditions": "postid = id",
                                                                                                "Estimated Cardinality": "12744093"
                                                                                            },
                                                                                            "cumulative_cardinality": 31800531,
                                                                                            "operator_type": "HASH_JOIN",
                                                                                            "operator_cardinality": 11356206,
                                                                                            "cumulative_rows_scanned": 16594209,
                                                                                            "operator_rows_scanned": 0,
                                                                                            "operator_timing": 0.7152473700000006,
                                                                                            "result_set_size": 102205854,
                                                                                            "children": [
                                                                                                {
                                                                                                    "operator_name": "READ_PARQUET ",
                                                                                                    "cpu_time": 0.2311825460000005,
                                                                                                    "extra_info": {
                                                                                                        "Function": "READ_PARQUET",
                                                                                                        "Projections": [
                                                                                                            "postid",
                                                                                                            "bountyamount"
                                                                                                        ],
                                                                                                        "Estimated Cardinality": "12744093"
                                                                                                    },
                                                                                                    "cumulative_cardinality": 12744093,
                                                                                                    "operator_type": "TABLE_SCAN",
                                                                                                    "operator_cardinality": 12744093,
                                                                                                    "cumulative_rows_scanned": 12744093,
                                                                                                    "operator_rows_scanned": 12744093,
                                                                                                    "operator_timing": 0.2311825460000005,
                                                                                                    "result_set_size": 101952744,
                                                                                                    "children": []
                                                                                                },
                                                                                                {
                                                                                                    "operator_name": "PROJECTION",
                                                                                                    "cpu_time": 0.058398956999999994,
                                                                                                    "extra_info": {
                                                                                                        "Projections": [
                                                                                                            "#0",
                                                                                                            "__internal_compress_integral_utinyint(#1, 1)",
                                                                                                            "#2"
                                                                                                        ],
                                                                                                        "Estimated Cardinality": "3850116"
                                                                                                    },
                                                                                                    "cumulative_cardinality": 7700232,
                                                                                                    "operator_type": "PROJECTION",
                                                                                                    "operator_cardinality": 3850116,
                                                                                                    "cumulative_rows_scanned": 3850116,
                                                                                                    "operator_rows_scanned": 0,
                                                                                                    "operator_timing": 0.0011234389999999989,
                                                                                                    "result_set_size": 34651044,
                                                                                                    "children": [
                                                                                                        {
                                                                                                            "operator_name": "READ_PARQUET ",
                                                                                                            "cpu_time": 0.057275518,
                                                                                                            "extra_info": {
                                                                                                                "Function": "READ_PARQUET",
                                                                                                                "Projections": [
                                                                                                                    "id",
                                                                                                                    "posttypeid",
                                                                                                                    "owneruserid"
                                                                                                                ],
                                                                                                                "Estimated Cardinality": "3850116"
                                                                                                            },
                                                                                                            "cumulative_cardinality": 3850116,
                                                                                                            "operator_type": "TABLE_SCAN",
                                                                                                            "operator_cardinality": 3850116,
                                                                                                            "cumulative_rows_scanned": 3850116,
                                                                                                            "operator_rows_scanned": 3850116,
                                                                                                            "operator_timing": 0.057275518,
                                                                                                            "result_set_size": 38501160,
                                                                                                            "children": []
                                                                                                        }
                                                                                                    ]
                                                                                                }
                                                                                            ]
                                                                                        }
                                                                                    ]
                                                                                }
                                                                            ]
                                                                        }
                                                                    ]
                                                                },
                                                                {
                                                                    "operator_name": "HASH_JOIN",
                                                                    "cpu_time": 0.34195535599999993,
                                                                    "extra_info": {
                                                                        "Join Type": "RIGHT",
                                                                        "Conditions": "id = id",
                                                                        "Estimated Cardinality": "1260710"
                                                                    },
                                                                    "cumulative_cardinality": 6847711,
                                                                    "operator_type": "HASH_JOIN",
                                                                    "operator_cardinality": 181387,
                                                                    "cumulative_rows_scanned": 2521420,
                                                                    "operator_rows_scanned": 0,
                                                                    "operator_timing": 0.03262923000000004,
                                                                    "result_set_size": 4353288,
                                                                    "children": [
                                                                        {
                                                                            "operator_name": "PROJECTION",
                                                                            "cpu_time": 0.05843888899999999,
                                                                            "extra_info": {
                                                                                "Projections": [
                                                                                    "id",
                                                                                    "reputation"
                                                                                ],
                                                                                "Estimated Cardinality": "1260710"
                                                                            },
                                                                            "cumulative_cardinality": 5042840,
                                                                            "operator_type": "PROJECTION",
                                                                            "operator_cardinality": 1260710,
                                                                            "cumulative_rows_scanned": 1260710,
                                                                            "operator_rows_scanned": 0,
                                                                            "operator_timing": 0.00012518399999999984,
                                                                            "result_set_size": 10085680,
                                                                            "children": [
                                                                                {
                                                                                    "operator_name": "PROJECTION",
                                                                                    "cpu_time": 0.058313704999999987,
                                                                                    "extra_info": {
                                                                                        "Projections": [
                                                                                            "#0",
                                                                                            "#1",
                                                                                            "#2"
                                                                                        ],
                                                                                        "Estimated Cardinality": "1260710"
                                                                                    },
                                                                                    "cumulative_cardinality": 3782130,
                                                                                    "operator_type": "PROJECTION",
                                                                                    "operator_cardinality": 1260710,
                                                                                    "cumulative_rows_scanned": 1260710,
                                                                                    "operator_rows_scanned": 0,
                                                                                    "operator_timing": 0.00013086599999999983,
                                                                                    "result_set_size": 20171360,
                                                                                    "children": [
                                                                                        {
                                                                                            "operator_name": "WINDOW",
                                                                                            "cpu_time": 0.058182838999999986,
                                                                                            "extra_info": {
                                                                                                "Projections": "RANK() OVER (ORDER BY reputation DESC NULLS LAST)"
                                                                                            },
                                                                                            "cumulative_cardinality": 2521420,
                                                                                            "operator_type": "WINDOW",
                                                                                            "operator_cardinality": 1260710,
                                                                                            "cumulative_rows_scanned": 1260710,
                                                                                            "operator_rows_scanned": 0,
                                                                                            "operator_timing": 0.043390046,
                                                                                            "result_set_size": 20171360,
                                                                                            "children": [
                                                                                                {
                                                                                                    "operator_name": "READ_PARQUET ",
                                                                                                    "cpu_time": 0.014792792999999985,
                                                                                                    "extra_info": {
                                                                                                        "Function": "READ_PARQUET",
                                                                                                        "Projections": [
                                                                                                            "id",
                                                                                                            "reputation"
                                                                                                        ],
                                                                                                        "Estimated Cardinality": "1260710"
                                                                                                    },
                                                                                                    "cumulative_cardinality": 1260710,
                                                                                                    "operator_type": "TABLE_SCAN",
                                                                                                    "operator_cardinality": 1260710,
                                                                                                    "cumulative_rows_scanned": 1260710,
                                                                                                    "operator_rows_scanned": 1260710,
                                                                                                    "operator_timing": 0.014792792999999985,
                                                                                                    "result_set_size": 10085680,
                                                                                                    "children": []
                                                                                                }
                                                                                            ]
                                                                                        }
                                                                                    ]
                                                                                }
                                                                            ]
                                                                        },
                                                                        {
                                                                            "operator_name": "PROJECTION",
                                                                            "cpu_time": 0.25088723699999993,
                                                                            "extra_info": {
                                                                                "Projections": [
                                                                                    "#0",
                                                                                    "#1"
                                                                                ],
                                                                                "Estimated Cardinality": "252142"
                                                                            },
                                                                            "cumulative_cardinality": 1623484,
                                                                            "operator_type": "PROJECTION",
                                                                            "operator_cardinality": 181387,
                                                                            "cumulative_rows_scanned": 1260710,
                                                                            "operator_rows_scanned": 0,
                                                                            "operator_timing": 0.00008775100000000002,
                                                                            "result_set_size": 3627740,
                                                                            "children": [
                                                                                {
                                                                                    "operator_name": "FILTER",
                                                                                    "cpu_time": 0.2507994859999999,
                                                                                    "extra_info": {
                                                                                        "Expression": "(location IS NOT NULL)",
                                                                                        "Estimated Cardinality": "252142"
                                                                                    },
                                                                                    "cumulative_cardinality": 1442097,
                                                                                    "operator_type": "FILTER",
                                                                                    "operator_cardinality": 181387,
                                                                                    "cumulative_rows_scanned": 1260710,
                                                                                    "operator_rows_scanned": 0,
                                                                                    "operator_timing": 0.006037426000000003,
                                                                                    "result_set_size": 6529932,
                                                                                    "children": [
                                                                                        {
                                                                                            "operator_name": "READ_PARQUET ",
                                                                                            "cpu_time": 0.24476205999999992,
                                                                                            "extra_info": {
                                                                                                "Function": "READ_PARQUET",
                                                                                                "Projections": [
                                                                                                    "id",
                                                                                                    "displayname",
                                                                                                    "location"
                                                                                                ],
                                                                                                "Estimated Cardinality": "1260710"
                                                                                            },
                                                                                            "cumulative_cardinality": 1260710,
                                                                                            "operator_type": "TABLE_SCAN",
                                                                                            "operator_cardinality": 1260710,
                                                                                            "cumulative_rows_scanned": 1260710,
                                                                                            "operator_rows_scanned": 1260710,
                                                                                            "operator_timing": 0.24476205999999992,
                                                                                            "result_set_size": 45385560,
                                                                                            "children": []
                                                                                        }
                                                                                    ]
                                                                                }
                                                                            ]
                                                                        }
                                                                    ]
                                                                }
                                                            ]
                                                        },
                                                        {
                                                            "operator_name": "HASH_GROUP_BY",
                                                            "cpu_time": 0.17673693100000046,
                                                            "extra_info": {
                                                                "Groups": "#0",
                                                                "Aggregates": "count_star()",
                                                                "Estimated Cardinality": "1179524"
                                                            },
                                                            "cumulative_cardinality": 243086,
                                                            "operator_type": "HASH_GROUP_BY",
                                                            "operator_cardinality": 158,
                                                            "cumulative_rows_scanned": 11795244,
                                                            "operator_rows_scanned": 0,
                                                            "operator_timing": 0.01601762200000022,
                                                            "result_set_size": 1896,
                                                            "children": [
                                                                {
                                                                    "operator_name": "PROJECTION",
                                                                    "cpu_time": 0.16071930900000023,
                                                                    "extra_info": {
                                                                        "Projections": "userid",
                                                                        "Estimated Cardinality": "2359048"
                                                                    },
                                                                    "cumulative_cardinality": 242928,
                                                                    "operator_type": "PROJECTION",
                                                                    "operator_cardinality": 121464,
                                                                    "cumulative_rows_scanned": 11795244,
                                                                    "operator_rows_scanned": 0,
                                                                    "operator_timing": 0.0004967750000000304,
                                                                    "result_set_size": 485856,
                                                                    "children": [
                                                                        {
                                                                            "operator_name": "READ_PARQUET ",
                                                                            "cpu_time": 0.1602225340000002,
                                                                            "extra_info": {
                                                                                "Function": "READ_PARQUET",
                                                                                "Projections": "userid",
                                                                                "Filters": "posthistorytypeid=10",
                                                                                "Estimated Cardinality": "2359048"
                                                                            },
                                                                            "cumulative_cardinality": 121464,
                                                                            "operator_type": "TABLE_SCAN",
                                                                            "operator_cardinality": 121464,
                                                                            "cumulative_rows_scanned": 11795244,
                                                                            "operator_rows_scanned": 11795244,
                                                                            "operator_timing": 0.1602225340000002,
                                                                            "result_set_size": 485856,
                                                                            "children": []
                                                                        }
                                                                    ]
                                                                }
                                                            ]
                                                        }
                                                    ]
                                                }
                                            ]
                                        }
                                    ]
                                }
                            ]
                        }
                    ]
                }
            ]
        }
    ]
}