{
    "rows_returned": 9907,
    "query_name": "\nWITH RecentPosts AS (\n    SELECT \n        p.Id AS PostId,\n        p.Title,\n        p.CreationDate,\n        p.ViewCount,\n        p.Score,\n        p.AnswerCount,\n        p.CommentCount,\n        u.DisplayName AS OwnerDisplayName\n    FROM \n        Posts p\n    JOIN \n        Users u ON p.OwnerUserId = u.Id\n    WHERE \n        p.CreationDate >= TIMESTAMP '2024-10-01 12:34:56' - INTERVAL '1 month' \n), \nPostStatistics AS (\n    SELECT \n        rp.PostId,\n        COUNT(DISTINCT c.Id) AS CommentCount,\n        SUM(CASE WHEN v.VoteTypeId = 2 THEN 1 ELSE 0 END) AS UpVotes, \n        SUM(CASE WHEN v.VoteTypeId = 3 THEN 1 ELSE 0 END) AS DownVotes \n    FROM \n        RecentPosts rp\n    LEFT JOIN \n        Comments c ON rp.PostId = c.PostId\n    LEFT JOIN \n        Votes v ON rp.PostId = v.PostId\n    GROUP BY \n        rp.PostId\n)\n\nSELECT \n    rp.Title,\n    rp.CreationDate,\n    rp.ViewCount,\n    rp.Score,\n    ps.CommentCount,\n    ps.UpVotes,\n    ps.DownVotes,\n    rp.OwnerDisplayName\nFROM \n    RecentPosts rp\nJOIN \n    PostStatistics ps ON rp.PostId = ps.PostId\nORDER BY \n    rp.ViewCount DESC, \n    rp.CreationDate DESC;\n",
    "blocked_thread_time": 0.0,
    "cpu_time": 0.24987853200000004,
    "extra_info": {},
    "cumulative_cardinality": 2850130,
    "cumulative_rows_scanned": 30207567,
    "result_set_size": 871816,
    "latency": 0.328037923,
    "children": [
        {
            "operator_name": "PROJECTION",
            "cpu_time": 0.24987853200000004,
            "extra_info": {
                "Projections": [
                    "#0",
                    "#1",
                    "#2",
                    "__internal_decompress_integral_integer(#3, -72)",
                    "#4",
                    "#5",
                    "#6",
                    "#7"
                ],
                "Estimated Cardinality": "770023"
            },
            "cumulative_cardinality": 2850130,
            "operator_type": "PROJECTION",
            "operator_cardinality": 9907,
            "cumulative_rows_scanned": 30207567,
            "operator_rows_scanned": 0,
            "operator_timing": 0.000005861,
            "result_set_size": 871816,
            "children": [
                {
                    "operator_name": "ORDER_BY",
                    "cpu_time": 0.24987267100000005,
                    "extra_info": {
                        "Order By": [
                            "rp.ViewCount DESC",
                            "rp.CreationDate DESC"
                        ]
                    },
                    "cumulative_cardinality": 2840223,
                    "operator_type": "ORDER_BY",
                    "operator_cardinality": 9907,
                    "cumulative_rows_scanned": 30207567,
                    "operator_rows_scanned": 0,
                    "operator_timing": 0.0011748840000000002,
                    "result_set_size": 852002,
                    "children": [
                        {
                            "operator_name": "PROJECTION",
                            "cpu_time": 0.24869778700000006,
                            "extra_info": {
                                "Projections": [
                                    "#0",
                                    "#1",
                                    "#2",
                                    "__internal_compress_integral_usmallint(#3, -72)",
                                    "#4",
                                    "#5",
                                    "#6",
                                    "#7"
                                ],
                                "Estimated Cardinality": "770023"
                            },
                            "cumulative_cardinality": 2830316,
                            "operator_type": "PROJECTION",
                            "operator_cardinality": 9907,
                            "cumulative_rows_scanned": 30207567,
                            "operator_rows_scanned": 0,
                            "operator_timing": 0.000021319,
                            "result_set_size": 852002,
                            "children": [
                                {
                                    "operator_name": "PROJECTION",
                                    "cpu_time": 0.24867646800000007,
                                    "extra_info": {
                                        "Projections": [
                                            "title",
                                            "creationdate",
                                            "viewcount",
                                            "score",
                                            "CommentCount",
                                            "UpVotes",
                                            "DownVotes",
                                            "OwnerDisplayName"
                                        ],
                                        "Estimated Cardinality": "770023"
                                    },
                                    "cumulative_cardinality": 2820409,
                                    "operator_type": "PROJECTION",
                                    "operator_cardinality": 9907,
                                    "cumulative_rows_scanned": 30207567,
                                    "operator_rows_scanned": 0,
                                    "operator_timing": 0.000003247,
                                    "result_set_size": 871816,
                                    "children": [
                                        {
                                            "operator_name": "HASH_JOIN",
                                            "cpu_time": 0.24867322100000006,
                                            "extra_info": {
                                                "Join Type": "INNER",
                                                "Conditions": "PostId = PostId",
                                                "Estimated Cardinality": "770023"
                                            },
                                            "cumulative_cardinality": 2810502,
                                            "operator_type": "HASH_JOIN",
                                            "operator_cardinality": 9907,
                                            "cumulative_rows_scanned": 30207567,
                                            "operator_rows_scanned": 0,
                                            "operator_timing": 0.00099108,
                                            "result_set_size": 871816,
                                            "children": [
                                                {
                                                    "operator_name": "HASH_GROUP_BY",
                                                    "cpu_time": 0.08047958000000006,
                                                    "extra_info": {
                                                        "Groups": "#0",
                                                        "Aggregates": [
                                                            "count(DISTINCT #1)",
                                                            "sum(#2)",
                                                            "sum(#3)"
                                                        ],
                                                        "Estimated Cardinality": "3850116"
                                                    },
                                                    "cumulative_cardinality": 1510175,
                                                    "operator_type": "HASH_GROUP_BY",
                                                    "operator_cardinality": 9907,
                                                    "cumulative_rows_scanned": 25096741,
                                                    "operator_rows_scanned": 0,
                                                    "operator_timing": 0.004037120999999999,
                                                    "result_set_size": 435908,
                                                    "children": [
                                                        {
                                                            "operator_name": "PROJECTION",
                                                            "cpu_time": 0.07644245900000006,
                                                            "extra_info": {
                                                                "Projections": [
                                                                    "PostId",
                                                                    "id",
                                                                    "CASE  WHEN ((votetypeid = 2)) THEN (1) ELSE 0 END",
                                                                    "CASE  WHEN ((votetypeid = 3)) THEN (1) ELSE 0 END"
                                                                ],
                                                                "Estimated Cardinality": "12744093"
                                                            },
                                                            "cumulative_cardinality": 1500268,
                                                            "operator_type": "PROJECTION",
                                                            "operator_cardinality": 68853,
                                                            "cumulative_rows_scanned": 25096741,
                                                            "operator_rows_scanned": 0,
                                                            "operator_timing": 0.000619386,
                                                            "result_set_size": 1101648,
                                                            "children": [
                                                                {
                                                                    "operator_name": "HASH_JOIN",
                                                                    "cpu_time": 0.07582307300000006,
                                                                    "extra_info": {
                                                                        "Join Type": "RIGHT",
                                                                        "Conditions": "postid = PostId",
                                                                        "Estimated Cardinality": "12744093"
                                                                    },
                                                                    "cumulative_cardinality": 1431415,
                                                                    "operator_type": "HASH_JOIN",
                                                                    "operator_cardinality": 68853,
                                                                    "cumulative_rows_scanned": 25096741,
                                                                    "operator_rows_scanned": 0,
                                                                    "operator_timing": 0.002515795,
                                                                    "result_set_size": 688530,
                                                                    "children": [
                                                                        {
                                                                            "operator_name": "READ_PARQUET ",
                                                                            "cpu_time": 0.016055714,
                                                                            "extra_info": {
                                                                                "Function": "READ_PARQUET",
                                                                                "Projections": [
                                                                                    "postid",
                                                                                    "votetypeid"
                                                                                ],
                                                                                "Estimated Cardinality": "12744093"
                                                                            },
                                                                            "cumulative_cardinality": 28894,
                                                                            "operator_type": "TABLE_SCAN",
                                                                            "operator_cardinality": 28894,
                                                                            "cumulative_rows_scanned": 12744093,
                                                                            "operator_rows_scanned": 12744093,
                                                                            "operator_timing": 0.016055714,
                                                                            "result_set_size": 173364,
                                                                            "children": []
                                                                        },
                                                                        {
                                                                            "operator_name": "HASH_JOIN",
                                                                            "cpu_time": 0.05725156400000006,
                                                                            "extra_info": {
                                                                                "Join Type": "RIGHT",
                                                                                "Conditions": "postid = PostId",
                                                                                "Estimated Cardinality": "7241822"
                                                                            },
                                                                            "cumulative_cardinality": 1333668,
                                                                            "operator_type": "HASH_JOIN",
                                                                            "operator_cardinality": 23763,
                                                                            "cumulative_rows_scanned": 12352648,
                                                                            "operator_rows_scanned": 0,
                                                                            "operator_timing": 0.000988744,
                                                                            "result_set_size": 190104,
                                                                            "children": [
                                                                                {
                                                                                    "operator_name": "READ_PARQUET ",
                                                                                    "cpu_time": 0.012299687000000002,
                                                                                    "extra_info": {
                                                                                        "Function": "READ_PARQUET",
                                                                                        "Projections": [
                                                                                            "id",
                                                                                            "postid"
                                                                                        ],
                                                                                        "Estimated Cardinality": "7241822"
                                                                                    },
                                                                                    "cumulative_cardinality": 19485,
                                                                                    "operator_type": "TABLE_SCAN",
                                                                                    "operator_cardinality": 19485,
                                                                                    "cumulative_rows_scanned": 7241822,
                                                                                    "operator_rows_scanned": 7241822,
                                                                                    "operator_timing": 0.012299687000000002,
                                                                                    "result_set_size": 155880,
                                                                                    "children": []
                                                                                },
                                                                                {
                                                                                    "operator_name": "PROJECTION",
                                                                                    "cpu_time": 0.04396313300000006,
                                                                                    "extra_info": {
                                                                                        "Projections": "PostId",
                                                                                        "Estimated Cardinality": "770023"
                                                                                    },
                                                                                    "cumulative_cardinality": 1290420,
                                                                                    "operator_type": "PROJECTION",
                                                                                    "operator_cardinality": 9907,
                                                                                    "cumulative_rows_scanned": 5110826,
                                                                                    "operator_rows_scanned": 0,
                                                                                    "operator_timing": 0.0000033049999999999997,
                                                                                    "result_set_size": 39628,
                                                                                    "children": [
                                                                                        {
                                                                                            "operator_name": "HASH_JOIN",
                                                                                            "cpu_time": 0.043959828000000055,
                                                                                            "extra_info": {
                                                                                                "Join Type": "INNER",
                                                                                                "Conditions": "id = owneruserid",
                                                                                                "Estimated Cardinality": "770023"
                                                                                            },
                                                                                            "cumulative_cardinality": 1280513,
                                                                                            "operator_type": "HASH_JOIN",
                                                                                            "operator_cardinality": 9907,
                                                                                            "cumulative_rows_scanned": 5110826,
                                                                                            "operator_rows_scanned": 0,
                                                                                            "operator_timing": 0.008848310000000035,
                                                                                            "result_set_size": 79256,
                                                                                            "children": [
                                                                                                {
                                                                                                    "operator_name": "READ_PARQUET ",
                                                                                                    "cpu_time": 0.015522671000000023,
                                                                                                    "extra_info": {
                                                                                                        "Function": "READ_PARQUET",
                                                                                                        "Projections": "id",
                                                                                                        "Filters": "id<=1416539",
                                                                                                        "Estimated Cardinality": "1260710"
                                                                                                    },
                                                                                                    "cumulative_cardinality": 1260679,
                                                                                                    "operator_type": "TABLE_SCAN",
                                                                                                    "operator_cardinality": 1260679,
                                                                                                    "cumulative_rows_scanned": 1260710,
                                                                                                    "operator_rows_scanned": 1260710,
                                                                                                    "operator_timing": 0.015522671000000023,
                                                                                                    "result_set_size": 5042716,
                                                                                                    "children": []
                                                                                                },
                                                                                                {
                                                                                                    "operator_name": "READ_PARQUET ",
                                                                                                    "cpu_time": 0.019588847,
                                                                                                    "extra_info": {
                                                                                                        "Function": "READ_PARQUET",
                                                                                                        "Projections": [
                                                                                                            "id",
                                                                                                            "owneruserid"
                                                                                                        ],
                                                                                                        "Filters": "creationdate>='2024-09-01 12:34:56'::TIMESTAMP",
                                                                                                        "Estimated Cardinality": "770023"
                                                                                                    },
                                                                                                    "cumulative_cardinality": 9927,
                                                                                                    "operator_type": "TABLE_SCAN",
                                                                                                    "operator_cardinality": 9927,
                                                                                                    "cumulative_rows_scanned": 3850116,
                                                                                                    "operator_rows_scanned": 3850116,
                                                                                                    "operator_timing": 0.019588847,
                                                                                                    "result_set_size": 79416,
                                                                                                    "children": []
                                                                                                }
                                                                                            ]
                                                                                        }
                                                                                    ]
                                                                                }
                                                                            ]
                                                                        }
                                                                    ]
                                                                }
                                                            ]
                                                        }
                                                    ]
                                                },
                                                {
                                                    "operator_name": "PROJECTION",
                                                    "cpu_time": 0.16720256099999997,
                                                    "extra_info": {
                                                        "Projections": [
                                                            "PostId",
                                                            "title",
                                                            "creationdate",
                                                            "viewcount",
                                                            "score",
                                                            "OwnerDisplayName"
                                                        ],
                                                        "Estimated Cardinality": "770023"
                                                    },
                                                    "cumulative_cardinality": 1290420,
                                                    "operator_type": "PROJECTION",
                                                    "operator_cardinality": 9907,
                                                    "cumulative_rows_scanned": 5110826,
                                                    "operator_rows_scanned": 0,
                                                    "operator_timing": 0.000008596,
                                                    "result_set_size": 515164,
                                                    "children": [
                                                        {
                                                            "operator_name": "HASH_JOIN",
                                                            "cpu_time": 0.16719396499999997,
                                                            "extra_info": {
                                                                "Join Type": "INNER",
                                                                "Conditions": "id = owneruserid",
                                                                "Estimated Cardinality": "770023"
                                                            },
                                                            "cumulative_cardinality": 1280513,
                                                            "operator_type": "HASH_JOIN",
                                                            "operator_cardinality": 9907,
                                                            "cumulative_rows_scanned": 5110826,
                                                            "operator_rows_scanned": 0,
                                                            "operator_timing": 0.011939007000000015,
                                                            "result_set_size": 515164,
                                                            "children": [
                                                                {
                                                                    "operator_name": "READ_PARQUET ",
                                                                    "cpu_time": 0.08619785999999995,
                                                                    "extra_info": {
                                                                        "Function": "READ_PARQUET",
                                                                        "Projections": [
                                                                            "id",
                                                                            "displayname"
                                                                        ],
                                                                        "Filters": "id<=1416539",
                                                                        "Estimated Cardinality": "1260710"
                                                                    },
                                                                    "cumulative_cardinality": 1260679,
                                                                    "operator_type": "TABLE_SCAN",
                                                                    "operator_cardinality": 1260679,
                                                                    "cumulative_rows_scanned": 1260710,
                                                                    "operator_rows_scanned": 1260710,
                                                                    "operator_timing": 0.08619785999999995,
                                                                    "result_set_size": 25213580,
                                                                    "children": []
                                                                },
                                                                {
                                                                    "operator_name": "READ_PARQUET ",
                                                                    "cpu_time": 0.06905709800000001,
                                                                    "extra_info": {
                                                                        "Function": "READ_PARQUET",
                                                                        "Projections": [
                                                                            "id",
                                                                            "creationdate",
                                                                            "score",
                                                                            "viewcount",
                                                                            "owneruserid",
                                                                            "title"
                                                                        ],
                                                                        "Filters": "creationdate>='2024-09-01 12:34:56'::TIMESTAMP",
                                                                        "Estimated Cardinality": "770023"
                                                                    },
                                                                    "cumulative_cardinality": 9927,
                                                                    "operator_type": "TABLE_SCAN",
                                                                    "operator_cardinality": 9927,
                                                                    "cumulative_rows_scanned": 3850116,
                                                                    "operator_rows_scanned": 3850116,
                                                                    "operator_timing": 0.06905709800000001,
                                                                    "result_set_size": 397080,
                                                                    "children": []
                                                                }
                                                            ]
                                                        }
                                                    ]
                                                }
                                            ]
                                        }
                                    ]
                                }
                            ]
                        }
                    ]
                }
            ]
        }
    ]
}