{
    "rows_returned": 100,
    "query_name": "WITH PostStats AS (\n    SELECT \n        Posts.Id AS PostId,\n        Posts.Title,\n        Posts.PostTypeId,\n        Posts.CreationDate,\n        Posts.Score,\n        Posts.ViewCount,\n        COALESCE(Answers.Count, 0) AS AnswerCount,\n        COALESCE(Comments.Count, 0) AS CommentCount,\n        COALESCE(Votes.Count, 0) AS VoteCount\n    FROM \n        Posts\n    LEFT JOIN (\n        SELECT \n            ParentId,\n            COUNT(*) AS Count\n        FROM \n            Posts\n        WHERE \n            PostTypeId = 2 \n        GROUP BY \n            ParentId\n    ) AS Answers ON Posts.Id = Answers.ParentId\n    LEFT JOIN (\n        SELECT \n            PostId,\n            COUNT(*) AS Count\n        FROM \n            Comments\n        GROUP BY \n            PostId\n    ) AS Comments ON Posts.Id = Comments.PostId\n    LEFT JOIN (\n        SELECT \n            PostId,\n            COUNT(*) AS Count\n        FROM \n            Votes\n        GROUP BY \n            PostId\n    ) AS Votes ON Posts.Id = Votes.PostId\n)\n\nSELECT \n    PostStats.Title,\n    PostStats.CreationDate,\n    PostStats.Score,\n    PostStats.ViewCount,\n    PostStats.AnswerCount,\n    PostStats.CommentCount,\n    PostStats.VoteCount,\n    PostHistoryType.Name AS LastEditType\nFROM \n    PostStats\nLEFT JOIN \n    PostHistory ON PostStats.PostId = PostHistory.PostId\nLEFT JOIN \n    PostHistoryTypes AS PostHistoryType ON PostHistory.PostHistoryTypeId = PostHistoryType.Id\nWHERE \n    PostStats.PostTypeId = 1 \nORDER BY \n    PostStats.CreationDate DESC\nLIMIT 100;",
    "blocked_thread_time": 0.0,
    "cpu_time": 5.031036517000001,
    "extra_info": {},
    "cumulative_cardinality": 116007128,
    "cumulative_rows_scanned": 39481425,
    "result_set_size": 7200,
    "latency": 6.57140432,
    "children": [
        {
            "operator_name": "STREAMING_LIMIT",
            "cpu_time": 5.031036517000001,
            "extra_info": {},
            "cumulative_cardinality": 116007128,
            "operator_type": "STREAMING_LIMIT",
            "operator_cardinality": 100,
            "cumulative_rows_scanned": 39481425,
            "operator_rows_scanned": 0,
            "operator_timing": 0.000002584,
            "result_set_size": 7200,
            "children": [
                {
                    "operator_name": "PROJECTION",
                    "cpu_time": 5.031033933000002,
                    "extra_info": {
                        "Projections": [
                            "#0",
                            "#1",
                            "__internal_decompress_integral_integer(#2, -72)",
                            "#3",
                            "#4",
                            "#5",
                            "#6",
                            "#7"
                        ],
                        "Estimated Cardinality": "11795244"
                    },
                    "cumulative_cardinality": 116007028,
                    "operator_type": "PROJECTION",
                    "operator_cardinality": 4096,
                    "cumulative_rows_scanned": 39481425,
                    "operator_rows_scanned": 0,
                    "operator_timing": 0.000010709,
                    "result_set_size": 294912,
                    "children": [
                        {
                            "operator_name": "ORDER_BY",
                            "cpu_time": 5.031023224000002,
                            "extra_info": {
                                "Order By": "PostStats.CreationDate DESC"
                            },
                            "cumulative_cardinality": 116002932,
                            "operator_type": "ORDER_BY",
                            "operator_cardinality": 4096,
                            "cumulative_rows_scanned": 39481425,
                            "operator_rows_scanned": 0,
                            "operator_timing": 1.3322241860000001,
                            "result_set_size": 286720,
                            "children": [
                                {
                                    "operator_name": "PROJECTION",
                                    "cpu_time": 3.698799038000002,
                                    "extra_info": {
                                        "Projections": [
                                            "#0",
                                            "#1",
                                            "__internal_compress_integral_usmallint(#2, -72)",
                                            "#3",
                                            "#4",
                                            "#5",
                                            "#6",
                                            "#7"
                                        ],
                                        "Estimated Cardinality": "11795244"
                                    },
                                    "cumulative_cardinality": 115998836,
                                    "operator_type": "PROJECTION",
                                    "operator_cardinality": 8064402,
                                    "cumulative_rows_scanned": 39481425,
                                    "operator_rows_scanned": 0,
                                    "operator_timing": 0.010509825000000021,
                                    "result_set_size": 564508140,
                                    "children": [
                                        {
                                            "operator_name": "HASH_JOIN",
                                            "cpu_time": 3.688289213000002,
                                            "extra_info": {
                                                "Join Type": "LEFT",
                                                "Conditions": "posthistorytypeid = id",
                                                "Estimated Cardinality": "11795244"
                                            },
                                            "cumulative_cardinality": 107934434,
                                            "operator_type": "HASH_JOIN",
                                            "operator_cardinality": 8064402,
                                            "cumulative_rows_scanned": 39481425,
                                            "operator_rows_scanned": 0,
                                            "operator_timing": 0.16246516999999988,
                                            "result_set_size": 580636944,
                                            "children": [
                                                {
                                                    "operator_name": "PROJECTION",
                                                    "cpu_time": 3.525511470000002,
                                                    "extra_info": {
                                                        "Projections": [
                                                            "#0",
                                                            "#1",
                                                            "#2",
                                                            "#3",
                                                            "#4",
                                                            "#5",
                                                            "#6",
                                                            "#7",
                                                            "__internal_decompress_integral_smallint(#8, 1)",
                                                            "#9"
                                                        ],
                                                        "Estimated Cardinality": "11795244"
                                                    },
                                                    "cumulative_cardinality": 99869998,
                                                    "operator_type": "PROJECTION",
                                                    "operator_cardinality": 8064402,
                                                    "cumulative_rows_scanned": 39481391,
                                                    "operator_rows_scanned": 0,
                                                    "operator_timing": 0.0059607980000000085,
                                                    "result_set_size": 532250532,
                                                    "children": [
                                                        {
                                                            "operator_name": "HASH_JOIN",
                                                            "cpu_time": 3.519550672000002,
                                                            "extra_info": {
                                                                "Join Type": "LEFT",
                                                                "Conditions": "PostId = postid",
                                                                "Estimated Cardinality": "11795244"
                                                            },
                                                            "cumulative_cardinality": 91805596,
                                                            "operator_type": "HASH_JOIN",
                                                            "operator_cardinality": 8064402,
                                                            "cumulative_rows_scanned": 39481391,
                                                            "operator_rows_scanned": 0,
                                                            "operator_timing": 0.8040843610000006,
                                                            "result_set_size": 524186130,
                                                            "children": [
                                                                {
                                                                    "operator_name": "PROJECTION",
                                                                    "cpu_time": 2.572849644000002,
                                                                    "extra_info": {
                                                                        "Projections": [
                                                                            "PostId",
                                                                            "title",
                                                                            "creationdate",
                                                                            "score",
                                                                            "viewcount",
                                                                            "AnswerCount",
                                                                            "CommentCount",
                                                                            "VoteCount"
                                                                        ],
                                                                        "Estimated Cardinality": "6372046"
                                                                    },
                                                                    "cumulative_cardinality": 60150706,
                                                                    "operator_type": "PROJECTION",
                                                                    "operator_cardinality": 1668164,
                                                                    "cumulative_rows_scanned": 27686147,
                                                                    "operator_rows_scanned": 0,
                                                                    "operator_timing": 0.06606842900000001,
                                                                    "result_set_size": 100089840,
                                                                    "children": [
                                                                        {
                                                                            "operator_name": "HASH_JOIN",
                                                                            "cpu_time": 2.506781215000002,
                                                                            "extra_info": {
                                                                                "Join Type": "LEFT",
                                                                                "Conditions": "id = postid",
                                                                                "Estimated Cardinality": "6372046"
                                                                            },
                                                                            "cumulative_cardinality": 58482542,
                                                                            "operator_type": "HASH_JOIN",
                                                                            "operator_cardinality": 1668164,
                                                                            "cumulative_rows_scanned": 27686147,
                                                                            "operator_rows_scanned": 0,
                                                                            "operator_timing": 0.3128083800000002,
                                                                            "result_set_size": 100089840,
                                                                            "children": [
                                                                                {
                                                                                    "operator_name": "HASH_JOIN",
                                                                                    "cpu_time": 1.5461421720000006,
                                                                                    "extra_info": {
                                                                                        "Join Type": "RIGHT",
                                                                                        "Conditions": "postid = id",
                                                                                        "Estimated Cardinality": "3620911"
                                                                                    },
                                                                                    "cumulative_cardinality": 27360965,
                                                                                    "operator_type": "HASH_JOIN",
                                                                                    "operator_cardinality": 1668164,
                                                                                    "cumulative_rows_scanned": 14942054,
                                                                                    "operator_rows_scanned": 0,
                                                                                    "operator_timing": 0.3616853250000005,
                                                                                    "result_set_size": 86744528,
                                                                                    "children": [
                                                                                        {
                                                                                            "operator_name": "HASH_GROUP_BY",
                                                                                            "cpu_time": 0.31297422399999997,
                                                                                            "extra_info": {
                                                                                                "Groups": "#0",
                                                                                                "Aggregates": "count_star()",
                                                                                                "Estimated Cardinality": "3620911"
                                                                                            },
                                                                                            "cumulative_cardinality": 16647316,
                                                                                            "operator_type": "HASH_GROUP_BY",
                                                                                            "operator_cardinality": 2163672,
                                                                                            "cumulative_rows_scanned": 7241822,
                                                                                            "operator_rows_scanned": 0,
                                                                                            "operator_timing": 0.27053681599999996,
                                                                                            "result_set_size": 25964064,
                                                                                            "children": [
                                                                                                {
                                                                                                    "operator_name": "PROJECTION",
                                                                                                    "cpu_time": 0.04243740800000002,
                                                                                                    "extra_info": {
                                                                                                        "Projections": "postid",
                                                                                                        "Estimated Cardinality": "7241822"
                                                                                                    },
                                                                                                    "cumulative_cardinality": 14483644,
                                                                                                    "operator_type": "PROJECTION",
                                                                                                    "operator_cardinality": 7241822,
                                                                                                    "cumulative_rows_scanned": 7241822,
                                                                                                    "operator_rows_scanned": 0,
                                                                                                    "operator_timing": 0.00038630200000000216,
                                                                                                    "result_set_size": 28967288,
                                                                                                    "children": [
                                                                                                        {
                                                                                                            "operator_name": "READ_PARQUET ",
                                                                                                            "cpu_time": 0.04205110600000001,
                                                                                                            "extra_info": {
                                                                                                                "Function": "READ_PARQUET",
                                                                                                                "Projections": "postid",
                                                                                                                "Estimated Cardinality": "7241822"
                                                                                                            },
                                                                                                            "cumulative_cardinality": 7241822,
                                                                                                            "operator_type": "TABLE_SCAN",
                                                                                                            "operator_cardinality": 7241822,
                                                                                                            "cumulative_rows_scanned": 7241822,
                                                                                                            "operator_rows_scanned": 7241822,
                                                                                                            "operator_timing": 0.04205110600000001,
                                                                                                            "result_set_size": 28967288,
                                                                                                            "children": []
                                                                                                        }
                                                                                                    ]
                                                                                                }
                                                                                            ]
                                                                                        },
                                                                                        {
                                                                                            "operator_name": "HASH_JOIN",
                                                                                            "cpu_time": 0.8714826230000002,
                                                                                            "extra_info": {
                                                                                                "Join Type": "LEFT",
                                                                                                "Conditions": "id = parentid",
                                                                                                "Estimated Cardinality": "770023"
                                                                                            },
                                                                                            "cumulative_cardinality": 9045485,
                                                                                            "operator_type": "HASH_JOIN",
                                                                                            "operator_cardinality": 1668164,
                                                                                            "cumulative_rows_scanned": 7700232,
                                                                                            "operator_rows_scanned": 0,
                                                                                            "operator_timing": 0.16338246999999956,
                                                                                            "result_set_size": 73399216,
                                                                                            "children": [
                                                                                                {
                                                                                                    "operator_name": "READ_PARQUET ",
                                                                                                    "cpu_time": 0.5003515690000007,
                                                                                                    "extra_info": {
                                                                                                        "Function": "READ_PARQUET",
                                                                                                        "Projections": [
                                                                                                            "id",
                                                                                                            "creationdate",
                                                                                                            "score",
                                                                                                            "viewcount",
                                                                                                            "title"
                                                                                                        ],
                                                                                                        "Filters": "posttypeid=1",
                                                                                                        "Estimated Cardinality": "770023"
                                                                                                    },
                                                                                                    "cumulative_cardinality": 1668164,
                                                                                                    "operator_type": "TABLE_SCAN",
                                                                                                    "operator_cardinality": 1668164,
                                                                                                    "cumulative_rows_scanned": 3850116,
                                                                                                    "operator_rows_scanned": 3850116,
                                                                                                    "operator_timing": 0.5003515690000007,
                                                                                                    "result_set_size": 60053904,
                                                                                                    "children": []
                                                                                                },
                                                                                                {
                                                                                                    "operator_name": "HASH_GROUP_BY",
                                                                                                    "cpu_time": 0.20774858400000007,
                                                                                                    "extra_info": {
                                                                                                        "Groups": "#0",
                                                                                                        "Aggregates": "count_star()",
                                                                                                        "Estimated Cardinality": "385011"
                                                                                                    },
                                                                                                    "cumulative_cardinality": 5709157,
                                                                                                    "operator_type": "HASH_GROUP_BY",
                                                                                                    "operator_cardinality": 1354571,
                                                                                                    "cumulative_rows_scanned": 3850116,
                                                                                                    "operator_rows_scanned": 0,
                                                                                                    "operator_timing": 0.11390702500000013,
                                                                                                    "result_set_size": 16254852,
                                                                                                    "children": [
                                                                                                        {
                                                                                                            "operator_name": "PROJECTION",
                                                                                                            "cpu_time": 0.09384155899999992,
                                                                                                            "extra_info": {
                                                                                                                "Projections": "parentid",
                                                                                                                "Estimated Cardinality": "770023"
                                                                                                            },
                                                                                                            "cumulative_cardinality": 4354586,
                                                                                                            "operator_type": "PROJECTION",
                                                                                                            "operator_cardinality": 2177293,
                                                                                                            "cumulative_rows_scanned": 3850116,
                                                                                                            "operator_rows_scanned": 0,
                                                                                                            "operator_timing": 0.0002973609999999996,
                                                                                                            "result_set_size": 8709172,
                                                                                                            "children": [
                                                                                                                {
                                                                                                                    "operator_name": "READ_PARQUET ",
                                                                                                                    "cpu_time": 0.09354419799999993,
                                                                                                                    "extra_info": {
                                                                                                                        "Function": "READ_PARQUET",
                                                                                                                        "Projections": "parentid",
                                                                                                                        "Filters": "posttypeid=2",
                                                                                                                        "Estimated Cardinality": "770023"
                                                                                                                    },
                                                                                                                    "cumulative_cardinality": 2177293,
                                                                                                                    "operator_type": "TABLE_SCAN",
                                                                                                                    "operator_cardinality": 2177293,
                                                                                                                    "cumulative_rows_scanned": 3850116,
                                                                                                                    "operator_rows_scanned": 3850116,
                                                                                                                    "operator_timing": 0.09354419799999993,
                                                                                                                    "result_set_size": 8709172,
                                                                                                                    "children": []
                                                                                                                }
                                                                                                            ]
                                                                                                        }
                                                                                                    ]
                                                                                                }
                                                                                            ]
                                                                                        }
                                                                                    ]
                                                                                },
                                                                                {
                                                                                    "operator_name": "HASH_GROUP_BY",
                                                                                    "cpu_time": 0.6478306630000011,
                                                                                    "extra_info": {
                                                                                        "Groups": "#0",
                                                                                        "Aggregates": "count_star()",
                                                                                        "Estimated Cardinality": "6372046"
                                                                                    },
                                                                                    "cumulative_cardinality": 29453413,
                                                                                    "operator_type": "HASH_GROUP_BY",
                                                                                    "operator_cardinality": 3965227,
                                                                                    "cumulative_rows_scanned": 12744093,
                                                                                    "operator_rows_scanned": 0,
                                                                                    "operator_timing": 0.5700270880000013,
                                                                                    "result_set_size": 47582724,
                                                                                    "children": [
                                                                                        {
                                                                                            "operator_name": "PROJECTION",
                                                                                            "cpu_time": 0.07780357499999979,
                                                                                            "extra_info": {
                                                                                                "Projections": "postid",
                                                                                                "Estimated Cardinality": "12744093"
                                                                                            },
                                                                                            "cumulative_cardinality": 25488186,
                                                                                            "operator_type": "PROJECTION",
                                                                                            "operator_cardinality": 12744093,
                                                                                            "cumulative_rows_scanned": 12744093,
                                                                                            "operator_rows_scanned": 0,
                                                                                            "operator_timing": 0.000703478000000001,
                                                                                            "result_set_size": 50976372,
                                                                                            "children": [
                                                                                                {
                                                                                                    "operator_name": "READ_PARQUET ",
                                                                                                    "cpu_time": 0.07710009699999978,
                                                                                                    "extra_info": {
                                                                                                        "Function": "READ_PARQUET",
                                                                                                        "Projections": "postid",
                                                                                                        "Estimated Cardinality": "12744093"
                                                                                                    },
                                                                                                    "cumulative_cardinality": 12744093,
                                                                                                    "operator_type": "TABLE_SCAN",
                                                                                                    "operator_cardinality": 12744093,
                                                                                                    "cumulative_rows_scanned": 12744093,
                                                                                                    "operator_rows_scanned": 12744093,
                                                                                                    "operator_timing": 0.07710009699999978,
                                                                                                    "result_set_size": 50976372,
                                                                                                    "children": []
                                                                                                }
                                                                                            ]
                                                                                        }
                                                                                    ]
                                                                                }
                                                                            ]
                                                                        }
                                                                    ]
                                                                },
                                                                {
                                                                    "operator_name": "PROJECTION",
                                                                    "cpu_time": 0.14261666699999961,
                                                                    "extra_info": {
                                                                        "Projections": [
                                                                            "__internal_compress_integral_utinyint(#0, 1)",
                                                                            "#1"
                                                                        ],
                                                                        "Estimated Cardinality": "11795244"
                                                                    },
                                                                    "cumulative_cardinality": 23590488,
                                                                    "operator_type": "PROJECTION",
                                                                    "operator_cardinality": 11795244,
                                                                    "cumulative_rows_scanned": 11795244,
                                                                    "operator_rows_scanned": 0,
                                                                    "operator_timing": 0.003135406999999957,
                                                                    "result_set_size": 58976220,
                                                                    "children": [
                                                                        {
                                                                            "operator_name": "READ_PARQUET ",
                                                                            "cpu_time": 0.13948125999999966,
                                                                            "extra_info": {
                                                                                "Function": "READ_PARQUET",
                                                                                "Projections": [
                                                                                    "posthistorytypeid",
                                                                                    "postid"
                                                                                ],
                                                                                "Estimated Cardinality": "11795244"
                                                                            },
                                                                            "cumulative_cardinality": 11795244,
                                                                            "operator_type": "TABLE_SCAN",
                                                                            "operator_cardinality": 11795244,
                                                                            "cumulative_rows_scanned": 11795244,
                                                                            "operator_rows_scanned": 11795244,
                                                                            "operator_timing": 0.13948125999999966,
                                                                            "result_set_size": 70771464,
                                                                            "children": []
                                                                        }
                                                                    ]
                                                                }
                                                            ]
                                                        }
                                                    ]
                                                },
                                                {
                                                    "operator_name": "READ_PARQUET ",
                                                    "cpu_time": 0.00031257299999999996,
                                                    "extra_info": {
                                                        "Function": "READ_PARQUET",
                                                        "Projections": [
                                                            "id",
                                                            "name"
                                                        ],
                                                        "Estimated Cardinality": "34"
                                                    },
                                                    "cumulative_cardinality": 34,
                                                    "operator_type": "TABLE_SCAN",
                                                    "operator_cardinality": 34,
                                                    "cumulative_rows_scanned": 34,
                                                    "operator_rows_scanned": 34,
                                                    "operator_timing": 0.00031257299999999996,
                                                    "result_set_size": 612,
                                                    "children": []
                                                }
                                            ]
                                        }
                                    ]
                                }
                            ]
                        }
                    ]
                }
            ]
        }
    ]
}