{
    "rows_returned": 84228,
    "query_name": "WITH UserReputation AS (\n    SELECT \n        u.Id AS UserId,\n        u.Reputation,\n        COUNT(DISTINCT p.Id) AS PostCount,\n        SUM(p.Score) AS TotalScore,\n        SUM(p.ViewCount) AS TotalViews\n    FROM Users u\n    LEFT JOIN Posts p ON u.Id = p.OwnerUserId\n    GROUP BY u.Id, u.Reputation\n),\nActiveUsers AS (\n    SELECT \n        u.Id AS UserId,\n        COUNT(pt.Id) AS PostTypeCount,\n        SUM(CASE WHEN pt.Name = 'Question' THEN 1 ELSE 0 END) AS QuestionCount,\n        SUM(CASE WHEN pt.Name = 'Answer' THEN 1 ELSE 0 END) AS AnswerCount\n    FROM Users u\n    JOIN Posts p ON u.Id = p.OwnerUserId\n    JOIN PostTypes pt ON p.PostTypeId = pt.Id\n    WHERE u.LastAccessDate >= cast('2024-10-01 12:34:56' as timestamp) - INTERVAL '1 year'\n    GROUP BY u.Id\n)\nSELECT \n    ur.UserId,\n    ur.Reputation,\n    ur.PostCount,\n    ur.TotalScore,\n    ur.TotalViews,\n    au.PostTypeCount,\n    au.QuestionCount,\n    au.AnswerCount\nFROM UserReputation ur\nJOIN ActiveUsers au ON ur.UserId = au.UserId\nORDER BY ur.Reputation DESC;",
    "blocked_thread_time": 0.0,
    "cpu_time": 1.769438682999999,
    "extra_info": {},
    "cumulative_cardinality": 34063440,
    "cumulative_rows_scanned": 10221660,
    "result_set_size": 7412064,
    "latency": 2.523083675,
    "children": [
        {
            "operator_name": "ORDER_BY",
            "cpu_time": 1.769438682999999,
            "extra_info": {
                "Order By": "ur.Reputation DESC"
            },
            "cumulative_cardinality": 34063440,
            "operator_type": "ORDER_BY",
            "operator_cardinality": 84228,
            "cumulative_rows_scanned": 10221660,
            "operator_rows_scanned": 0,
            "operator_timing": 0.004310265999999999,
            "result_set_size": 7412064,
            "children": [
                {
                    "operator_name": "HASH_JOIN",
                    "cpu_time": 1.765128416999999,
                    "extra_info": {
                        "Join Type": "INNER",
                        "Conditions": "UserId = UserId",
                        "Estimated Cardinality": "385011"
                    },
                    "cumulative_cardinality": 33979212,
                    "operator_type": "HASH_JOIN",
                    "operator_cardinality": 84228,
                    "cumulative_rows_scanned": 10221660,
                    "operator_rows_scanned": 0,
                    "operator_timing": 0.018777266999999993,
                    "result_set_size": 7412064,
                    "children": [
                        {
                            "operator_name": "HASH_GROUP_BY",
                            "cpu_time": 1.410244781999999,
                            "extra_info": {
                                "Groups": [
                                    "#0",
                                    "#1"
                                ],
                                "Aggregates": [
                                    "count(DISTINCT #2)",
                                    "sum(#3)",
                                    "sum(#4)"
                                ],
                                "Estimated Cardinality": "1260710"
                            },
                            "cumulative_cardinality": 19930228,
                            "operator_type": "HASH_GROUP_BY",
                            "operator_cardinality": 1260679,
                            "cumulative_rows_scanned": 5110826,
                            "operator_rows_scanned": 0,
                            "operator_timing": 0.9956802729999993,
                            "result_set_size": 60512592,
                            "children": [
                                {
                                    "operator_name": "PROJECTION",
                                    "cpu_time": 0.41456450899999975,
                                    "extra_info": {
                                        "Projections": [
                                            "id",
                                            "reputation",
                                            "id",
                                            "score",
                                            "viewcount"
                                        ],
                                        "Estimated Cardinality": "3850116"
                                    },
                                    "cumulative_cardinality": 18669549,
                                    "operator_type": "PROJECTION",
                                    "operator_cardinality": 4574464,
                                    "cumulative_rows_scanned": 5110826,
                                    "operator_rows_scanned": 0,
                                    "operator_timing": 0.0008089679999999959,
                                    "result_set_size": 91489280,
                                    "children": [
                                        {
                                            "operator_name": "FILTER",
                                            "cpu_time": 0.4137555409999997,
                                            "extra_info": {
                                                "Expression": "(id <= 1416539)",
                                                "Estimated Cardinality": "3850116"
                                            },
                                            "cumulative_cardinality": 14095085,
                                            "operator_type": "FILTER",
                                            "operator_cardinality": 4574464,
                                            "cumulative_rows_scanned": 5110826,
                                            "operator_rows_scanned": 0,
                                            "operator_timing": 0.005951606999999985,
                                            "result_set_size": 91489280,
                                            "children": [
                                                {
                                                    "operator_name": "HASH_JOIN",
                                                    "cpu_time": 0.40780393399999976,
                                                    "extra_info": {
                                                        "Join Type": "RIGHT",
                                                        "Conditions": "owneruserid = id",
                                                        "Estimated Cardinality": "3850116"
                                                    },
                                                    "cumulative_cardinality": 9520621,
                                                    "operator_type": "HASH_JOIN",
                                                    "operator_cardinality": 4574495,
                                                    "cumulative_rows_scanned": 5110826,
                                                    "operator_rows_scanned": 0,
                                                    "operator_timing": 0.24260828200000023,
                                                    "result_set_size": 91489900,
                                                    "children": [
                                                        {
                                                            "operator_name": "READ_PARQUET ",
                                                            "cpu_time": 0.15076628599999953,
                                                            "extra_info": {
                                                                "Function": "READ_PARQUET",
                                                                "Projections": [
                                                                    "id",
                                                                    "score",
                                                                    "viewcount",
                                                                    "owneruserid"
                                                                ],
                                                                "Estimated Cardinality": "3850116"
                                                            },
                                                            "cumulative_cardinality": 3685416,
                                                            "operator_type": "TABLE_SCAN",
                                                            "operator_cardinality": 3685416,
                                                            "cumulative_rows_scanned": 3850116,
                                                            "operator_rows_scanned": 3850116,
                                                            "operator_timing": 0.15076628599999953,
                                                            "result_set_size": 58966656,
                                                            "children": []
                                                        },
                                                        {
                                                            "operator_name": "READ_PARQUET ",
                                                            "cpu_time": 0.014429365999999997,
                                                            "extra_info": {
                                                                "Function": "READ_PARQUET",
                                                                "Projections": [
                                                                    "id",
                                                                    "reputation"
                                                                ],
                                                                "Estimated Cardinality": "1260710"
                                                            },
                                                            "cumulative_cardinality": 1260710,
                                                            "operator_type": "TABLE_SCAN",
                                                            "operator_cardinality": 1260710,
                                                            "cumulative_rows_scanned": 1260710,
                                                            "operator_rows_scanned": 1260710,
                                                            "operator_timing": 0.014429365999999997,
                                                            "result_set_size": 10085680,
                                                            "children": []
                                                        }
                                                    ]
                                                }
                                            ]
                                        }
                                    ]
                                }
                            ]
                        },
                        {
                            "operator_name": "HASH_GROUP_BY",
                            "cpu_time": 0.3361063680000001,
                            "extra_info": {
                                "Groups": "#0",
                                "Aggregates": [
                                    "count_star()",
                                    "sum(#1)",
                                    "sum(#2)"
                                ],
                                "Estimated Cardinality": "385011"
                            },
                            "cumulative_cardinality": 13964756,
                            "operator_type": "HASH_GROUP_BY",
                            "operator_cardinality": 84228,
                            "cumulative_rows_scanned": 5110834,
                            "operator_rows_scanned": 0,
                            "operator_timing": 0.06421456399999992,
                            "result_set_size": 3706032,
                            "children": [
                                {
                                    "operator_name": "PROJECTION",
                                    "cpu_time": 0.2718918040000002,
                                    "extra_info": {
                                        "Projections": [
                                            "id",
                                            "CASE  WHEN ((name = 'Question')) THEN (1) ELSE 0 END",
                                            "CASE  WHEN ((name = 'Answer')) THEN (1) ELSE 0 END"
                                        ],
                                        "Estimated Cardinality": "770023"
                                    },
                                    "cumulative_cardinality": 13880528,
                                    "operator_type": "PROJECTION",
                                    "operator_cardinality": 2387062,
                                    "cumulative_rows_scanned": 5110834,
                                    "operator_rows_scanned": 0,
                                    "operator_timing": 0.030391815999999995,
                                    "result_set_size": 28644744,
                                    "children": [
                                        {
                                            "operator_name": "PROJECTION",
                                            "cpu_time": 0.2414999880000002,
                                            "extra_info": {
                                                "Projections": [
                                                    "__internal_compress_integral_utinyint(#0, 1)",
                                                    "#1",
                                                    "#2"
                                                ],
                                                "Estimated Cardinality": "770023"
                                            },
                                            "cumulative_cardinality": 11493466,
                                            "operator_type": "PROJECTION",
                                            "operator_cardinality": 2387062,
                                            "cumulative_rows_scanned": 5110834,
                                            "operator_rows_scanned": 0,
                                            "operator_timing": 0.0017062890000000056,
                                            "result_set_size": 50128302,
                                            "children": [
                                                {
                                                    "operator_name": "HASH_JOIN",
                                                    "cpu_time": 0.2397936990000002,
                                                    "extra_info": {
                                                        "Join Type": "INNER",
                                                        "Conditions": "posttypeid = id",
                                                        "Estimated Cardinality": "770023"
                                                    },
                                                    "cumulative_cardinality": 9106404,
                                                    "operator_type": "HASH_JOIN",
                                                    "operator_cardinality": 2387062,
                                                    "cumulative_rows_scanned": 5110834,
                                                    "operator_rows_scanned": 0,
                                                    "operator_timing": 0.005629655999999992,
                                                    "result_set_size": 52515364,
                                                    "children": [
                                                        {
                                                            "operator_name": "HASH_JOIN",
                                                            "cpu_time": 0.2338286670000002,
                                                            "extra_info": {
                                                                "Join Type": "INNER",
                                                                "Conditions": "owneruserid = id",
                                                                "Estimated Cardinality": "770023"
                                                            },
                                                            "cumulative_cardinality": 6719335,
                                                            "operator_type": "HASH_JOIN",
                                                            "operator_cardinality": 2387062,
                                                            "cumulative_rows_scanned": 5110826,
                                                            "operator_rows_scanned": 0,
                                                            "operator_timing": 0.10929355100000011,
                                                            "result_set_size": 14322372,
                                                            "children": [
                                                                {
                                                                    "operator_name": "READ_PARQUET ",
                                                                    "cpu_time": 0.09709053200000008,
                                                                    "extra_info": {
                                                                        "Function": "READ_PARQUET",
                                                                        "Projections": [
                                                                            "posttypeid",
                                                                            "owneruserid"
                                                                        ],
                                                                        "Estimated Cardinality": "3850116"
                                                                    },
                                                                    "cumulative_cardinality": 3684818,
                                                                    "operator_type": "TABLE_SCAN",
                                                                    "operator_cardinality": 3684818,
                                                                    "cumulative_rows_scanned": 3850116,
                                                                    "operator_rows_scanned": 3850116,
                                                                    "operator_timing": 0.09709053200000008,
                                                                    "result_set_size": 22108908,
                                                                    "children": []
                                                                },
                                                                {
                                                                    "operator_name": "FILTER",
                                                                    "cpu_time": 0.027444584000000008,
                                                                    "extra_info": {
                                                                        "Expression": "(id <= 1416539)",
                                                                        "Estimated Cardinality": "252142"
                                                                    },
                                                                    "cumulative_cardinality": 647455,
                                                                    "operator_type": "FILTER",
                                                                    "operator_cardinality": 323712,
                                                                    "cumulative_rows_scanned": 1260710,
                                                                    "operator_rows_scanned": 0,
                                                                    "operator_timing": 0.0007988530000000002,
                                                                    "result_set_size": 1294848,
                                                                    "children": [
                                                                        {
                                                                            "operator_name": "READ_PARQUET ",
                                                                            "cpu_time": 0.02664573100000001,
                                                                            "extra_info": {
                                                                                "Function": "READ_PARQUET",
                                                                                "Projections": "id",
                                                                                "Filters": "lastaccessdate>='2023-10-01 12:34:56'::TIMESTAMP",
                                                                                "Estimated Cardinality": "252142"
                                                                            },
                                                                            "cumulative_cardinality": 323743,
                                                                            "operator_type": "TABLE_SCAN",
                                                                            "operator_cardinality": 323743,
                                                                            "cumulative_rows_scanned": 1260710,
                                                                            "operator_rows_scanned": 1260710,
                                                                            "operator_timing": 0.02664573100000001,
                                                                            "result_set_size": 1294972,
                                                                            "children": []
                                                                        }
                                                                    ]
                                                                }
                                                            ]
                                                        },
                                                        {
                                                            "operator_name": "READ_PARQUET ",
                                                            "cpu_time": 0.000335376,
                                                            "extra_info": {
                                                                "Function": "READ_PARQUET",
                                                                "Projections": [
                                                                    "id",
                                                                    "name"
                                                                ],
                                                                "Filters": "id<=7",
                                                                "Estimated Cardinality": "8"
                                                            },
                                                            "cumulative_cardinality": 7,
                                                            "operator_type": "TABLE_SCAN",
                                                            "operator_cardinality": 7,
                                                            "cumulative_rows_scanned": 8,
                                                            "operator_rows_scanned": 8,
                                                            "operator_timing": 0.000335376,
                                                            "result_set_size": 126,
                                                            "children": []
                                                        }
                                                    ]
                                                }
                                            ]
                                        }
                                    ]
                                }
                            ]
                        }
                    ]
                }
            ]
        }
    ]
}