{
    "rows_returned": 1260710,
    "query_name": "WITH UserPostStats AS (\n    SELECT \n        u.Id AS UserId,\n        COUNT(p.Id) AS TotalPosts,\n        SUM(CASE WHEN p.PostTypeId = 1 THEN 1 ELSE 0 END) AS TotalQuestions,\n        SUM(CASE WHEN p.PostTypeId = 2 THEN 1 ELSE 0 END) AS TotalAnswers,\n        SUM(CASE WHEN p.PostTypeId IN (4, 5) THEN 1 ELSE 0 END) AS TotalTagWikis,\n        SUM(p.ViewCount) AS TotalViews,\n        AVG(p.Score) AS AvgScore\n    FROM \n        Users u\n    LEFT JOIN \n        Posts p ON u.Id = p.OwnerUserId\n    GROUP BY \n        u.Id\n),\nPostHistoryStats AS (\n    SELECT \n        ph.UserId, \n        COUNT(ph.Id) AS TotalEdits,\n        SUM(CASE WHEN ph.PostHistoryTypeId IN (4, 5) THEN 1 ELSE 0 END) AS TitleEdits,\n        SUM(CASE WHEN ph.PostHistoryTypeId IN (10) THEN 1 ELSE 0 END) AS PostClosedCount,\n        SUM(CASE WHEN ph.PostHistoryTypeId IN (11) THEN 1 ELSE 0 END) AS PostReopenedCount\n    FROM \n        PostHistory ph\n    GROUP BY \n        ph.UserId\n)\nSELECT \n    u.DisplayName,\n    u.Reputation,\n    u.CreationDate,\n    ups.TotalPosts,\n    ups.TotalQuestions,\n    ups.TotalAnswers,\n    ups.TotalTagWikis,\n    ups.TotalViews,\n    ups.AvgScore,\n    phs.TotalEdits,\n    phs.TitleEdits,\n    phs.PostClosedCount,\n    phs.PostReopenedCount\nFROM \n    Users u\nLEFT JOIN \n    UserPostStats ups ON u.Id = ups.UserId\nLEFT JOIN \n    PostHistoryStats phs ON u.Id = phs.UserId\nORDER BY \n    u.Reputation DESC;",
    "blocked_thread_time": 0.0,
    "cpu_time": 2.223399756,
    "extra_info": {},
    "cumulative_cardinality": 45623981,
    "cumulative_rows_scanned": 18166780,
    "result_set_size": 206756440,
    "latency": 5.916482327,
    "children": [
        {
            "operator_name": "ORDER_BY",
            "cpu_time": 2.223399756,
            "extra_info": {
                "Order By": "u.Reputation DESC"
            },
            "cumulative_cardinality": 45623981,
            "operator_type": "ORDER_BY",
            "operator_cardinality": 1260710,
            "cumulative_rows_scanned": 18166780,
            "operator_rows_scanned": 0,
            "operator_timing": 0.1780275819999999,
            "result_set_size": 206756440,
            "children": [
                {
                    "operator_name": "PROJECTION",
                    "cpu_time": 2.045372174,
                    "extra_info": {
                        "Projections": [
                            "displayname",
                            "reputation",
                            "creationdate",
                            "TotalPosts",
                            "TotalQuestions",
                            "TotalAnswers",
                            "TotalTagWikis",
                            "TotalViews",
                            "AvgScore",
                            "TotalEdits",
                            "TitleEdits",
                            "PostClosedCount",
                            "PostReopenedCount"
                        ],
                        "Estimated Cardinality": "5897622"
                    },
                    "cumulative_cardinality": 44363271,
                    "operator_type": "PROJECTION",
                    "operator_cardinality": 1260710,
                    "cumulative_rows_scanned": 18166780,
                    "operator_rows_scanned": 0,
                    "operator_timing": 0.00038457300000000014,
                    "result_set_size": 206756440,
                    "children": [
                        {
                            "operator_name": "HASH_JOIN",
                            "cpu_time": 2.0449876010000003,
                            "extra_info": {
                                "Join Type": "RIGHT",
                                "Conditions": "userid = id",
                                "Estimated Cardinality": "5897622"
                            },
                            "cumulative_cardinality": 43102561,
                            "operator_type": "HASH_JOIN",
                            "operator_cardinality": 1260710,
                            "cumulative_rows_scanned": 18166780,
                            "operator_rows_scanned": 0,
                            "operator_timing": 0.152996145,
                            "result_set_size": 206756440,
                            "children": [
                                {
                                    "operator_name": "HASH_GROUP_BY",
                                    "cpu_time": 0.7134234439999998,
                                    "extra_info": {
                                        "Groups": "#0",
                                        "Aggregates": [
                                            "count_star()",
                                            "sum(#1)",
                                            "sum(#2)",
                                            "sum(#3)"
                                        ],
                                        "Estimated Cardinality": "5897622"
                                    },
                                    "cumulative_cardinality": 23964605,
                                    "operator_type": "HASH_GROUP_BY",
                                    "operator_cardinality": 374117,
                                    "cumulative_rows_scanned": 11795244,
                                    "operator_rows_scanned": 0,
                                    "operator_timing": 0.2979077539999998,
                                    "result_set_size": 22447020,
                                    "children": [
                                        {
                                            "operator_name": "PROJECTION",
                                            "cpu_time": 0.41551568999999994,
                                            "extra_info": {
                                                "Projections": [
                                                    "userid",
                                                    "CASE  WHEN ((posthistorytypeid IN (4, 5))) THEN (1) ELSE 0 END",
                                                    "CASE  WHEN ((posthistorytypeid IN (10))) THEN (1) ELSE 0 END",
                                                    "CASE  WHEN ((posthistorytypeid IN (11))) THEN (1) ELSE 0 END"
                                                ],
                                                "Estimated Cardinality": "11795244"
                                            },
                                            "cumulative_cardinality": 23590488,
                                            "operator_type": "PROJECTION",
                                            "operator_cardinality": 11795244,
                                            "cumulative_rows_scanned": 11795244,
                                            "operator_rows_scanned": 0,
                                            "operator_timing": 0.23249383299999987,
                                            "result_set_size": 188723904,
                                            "children": [
                                                {
                                                    "operator_name": "READ_PARQUET ",
                                                    "cpu_time": 0.18302185700000007,
                                                    "extra_info": {
                                                        "Function": "READ_PARQUET",
                                                        "Projections": [
                                                            "id",
                                                            "posthistorytypeid",
                                                            "userid"
                                                        ],
                                                        "Estimated Cardinality": "11795244"
                                                    },
                                                    "cumulative_cardinality": 11795244,
                                                    "operator_type": "TABLE_SCAN",
                                                    "operator_cardinality": 11795244,
                                                    "cumulative_rows_scanned": 11795244,
                                                    "operator_rows_scanned": 11795244,
                                                    "operator_timing": 0.18302185700000007,
                                                    "result_set_size": 117952440,
                                                    "children": []
                                                }
                                            ]
                                        }
                                    ]
                                },
                                {
                                    "operator_name": "HASH_JOIN",
                                    "cpu_time": 1.1785680120000004,
                                    "extra_info": {
                                        "Join Type": "RIGHT",
                                        "Conditions": "UserId = id",
                                        "Estimated Cardinality": "1260710"
                                    },
                                    "cumulative_cardinality": 17877246,
                                    "operator_type": "HASH_JOIN",
                                    "operator_cardinality": 1260710,
                                    "cumulative_rows_scanned": 6371536,
                                    "operator_rows_scanned": 0,
                                    "operator_timing": 0.1347886950000002,
                                    "result_set_size": 141199520,
                                    "children": [
                                        {
                                            "operator_name": "HASH_GROUP_BY",
                                            "cpu_time": 0.9419056470000002,
                                            "extra_info": {
                                                "Groups": "#0",
                                                "Aggregates": [
                                                    "count(#1)",
                                                    "sum(#2)",
                                                    "sum(#3)",
                                                    "sum(#4)",
                                                    "sum(#5)",
                                                    "avg(#6)"
                                                ],
                                                "Estimated Cardinality": "1260710"
                                            },
                                            "cumulative_cardinality": 15355826,
                                            "operator_type": "HASH_GROUP_BY",
                                            "operator_cardinality": 1260710,
                                            "cumulative_rows_scanned": 5110826,
                                            "operator_rows_scanned": 0,
                                            "operator_timing": 0.4928875999999997,
                                            "result_set_size": 105899640,
                                            "children": [
                                                {
                                                    "operator_name": "PROJECTION",
                                                    "cpu_time": 0.44901804700000053,
                                                    "extra_info": {
                                                        "Projections": [
                                                            "id",
                                                            "id",
                                                            "CASE  WHEN ((posttypeid = 1)) THEN (1) ELSE 0 END",
                                                            "CASE  WHEN ((posttypeid = 2)) THEN (1) ELSE 0 END",
                                                            "CASE  WHEN ((posttypeid IN (4, 5))) THEN (1) ELSE 0 END",
                                                            "viewcount",
                                                            "score"
                                                        ],
                                                        "Estimated Cardinality": "3850116"
                                                    },
                                                    "cumulative_cardinality": 14095116,
                                                    "operator_type": "PROJECTION",
                                                    "operator_cardinality": 4574495,
                                                    "cumulative_rows_scanned": 5110826,
                                                    "operator_rows_scanned": 0,
                                                    "operator_timing": 0.08259348100000001,
                                                    "result_set_size": 128085860,
                                                    "children": [
                                                        {
                                                            "operator_name": "HASH_JOIN",
                                                            "cpu_time": 0.3664245660000005,
                                                            "extra_info": {
                                                                "Join Type": "RIGHT",
                                                                "Conditions": "owneruserid = id",
                                                                "Estimated Cardinality": "3850116"
                                                            },
                                                            "cumulative_cardinality": 9520621,
                                                            "operator_type": "HASH_JOIN",
                                                            "operator_cardinality": 4574495,
                                                            "cumulative_rows_scanned": 5110826,
                                                            "operator_rows_scanned": 0,
                                                            "operator_timing": 0.19862135600000033,
                                                            "result_set_size": 82340910,
                                                            "children": [
                                                                {
                                                                    "operator_name": "READ_PARQUET ",
                                                                    "cpu_time": 0.16024362900000022,
                                                                    "extra_info": {
                                                                        "Function": "READ_PARQUET",
                                                                        "Projections": [
                                                                            "id",
                                                                            "posttypeid",
                                                                            "score",
                                                                            "viewcount",
                                                                            "owneruserid"
                                                                        ],
                                                                        "Estimated Cardinality": "3850116"
                                                                    },
                                                                    "cumulative_cardinality": 3685416,
                                                                    "operator_type": "TABLE_SCAN",
                                                                    "operator_cardinality": 3685416,
                                                                    "cumulative_rows_scanned": 3850116,
                                                                    "operator_rows_scanned": 3850116,
                                                                    "operator_timing": 0.16024362900000022,
                                                                    "result_set_size": 66337488,
                                                                    "children": []
                                                                },
                                                                {
                                                                    "operator_name": "READ_PARQUET ",
                                                                    "cpu_time": 0.007559581000000009,
                                                                    "extra_info": {
                                                                        "Function": "READ_PARQUET",
                                                                        "Projections": "id",
                                                                        "Estimated Cardinality": "1260710"
                                                                    },
                                                                    "cumulative_cardinality": 1260710,
                                                                    "operator_type": "TABLE_SCAN",
                                                                    "operator_cardinality": 1260710,
                                                                    "cumulative_rows_scanned": 1260710,
                                                                    "operator_rows_scanned": 1260710,
                                                                    "operator_timing": 0.007559581000000009,
                                                                    "result_set_size": 5042840,
                                                                    "children": []
                                                                }
                                                            ]
                                                        }
                                                    ]
                                                }
                                            ]
                                        },
                                        {
                                            "operator_name": "READ_PARQUET ",
                                            "cpu_time": 0.10187366999999997,
                                            "extra_info": {
                                                "Function": "READ_PARQUET",
                                                "Projections": [
                                                    "id",
                                                    "reputation",
                                                    "creationdate",
                                                    "displayname"
                                                ],
                                                "Estimated Cardinality": "1260710"
                                            },
                                            "cumulative_cardinality": 1260710,
                                            "operator_type": "TABLE_SCAN",
                                            "operator_cardinality": 1260710,
                                            "cumulative_rows_scanned": 1260710,
                                            "operator_rows_scanned": 1260710,
                                            "operator_timing": 0.10187366999999997,
                                            "result_set_size": 40342720,
                                            "children": []
                                        }
                                    ]
                                }
                            ]
                        }
                    ]
                }
            ]
        }
    ]
}