{
    "rows_returned": 1,
    "query_name": "SELECT \n    COUNT(DISTINCT p.Id) AS TotalPosts,\n    COUNT(DISTINCT u.Id) AS TotalUsers,\n    COUNT(DISTINCT v.Id) AS TotalVotes,\n    AVG(u.Reputation) AS AverageReputation,\n    AVG(COALESCE(c.CommentCount, 0)) AS AverageCommentCount\nFROM \n    Posts p\nLEFT JOIN \n    Users u ON p.OwnerUserId = u.Id\nLEFT JOIN \n    Votes v ON p.Id = v.PostId\nLEFT JOIN \n    (SELECT PostId, COUNT(*) AS CommentCount\n     FROM Comments\n     GROUP BY PostId) c ON p.Id = c.PostId\nWHERE \n    p.CreationDate >= '2020-01-01' \n    AND p.CreationDate < '2023-10-01';",
    "blocked_thread_time": 0.0,
    "cpu_time": 1.1445776839999993,
    "extra_info": {},
    "cumulative_cardinality": 28449291,
    "cumulative_rows_scanned": 25096741,
    "result_set_size": 40,
    "latency": 1.31722617,
    "children": [
        {
            "operator_name": "UNGROUPED_AGGREGATE",
            "cpu_time": 1.1445776839999993,
            "extra_info": {
                "Aggregates": [
                    "count(DISTINCT #0)",
                    "count(DISTINCT #1)",
                    "count(DISTINCT #2)",
                    "avg(#3)",
                    "avg(#4)"
                ]
            },
            "cumulative_cardinality": 28449291,
            "operator_type": "UNGROUPED_AGGREGATE",
            "operator_cardinality": 1,
            "cumulative_rows_scanned": 25096741,
            "operator_rows_scanned": 0,
            "operator_timing": 0.27315246199999976,
            "result_set_size": 40,
            "children": [
                {
                    "operator_name": "PROJECTION",
                    "cpu_time": 0.8714252219999994,
                    "extra_info": {
                        "Projections": [
                            "id",
                            "id",
                            "id",
                            "reputation",
                            "COALESCE(CommentCount, 0)"
                        ],
                        "Estimated Cardinality": "12744093"
                    },
                    "cumulative_cardinality": 28449290,
                    "operator_type": "PROJECTION",
                    "operator_cardinality": 2065318,
                    "cumulative_rows_scanned": 25096741,
                    "operator_rows_scanned": 0,
                    "operator_timing": 0.04122203799999994,
                    "result_set_size": 49567632,
                    "children": [
                        {
                            "operator_name": "HASH_JOIN",
                            "cpu_time": 0.8302031839999995,
                            "extra_info": {
                                "Join Type": "LEFT",
                                "Conditions": "id = postid",
                                "Estimated Cardinality": "12744093"
                            },
                            "cumulative_cardinality": 26383972,
                            "operator_type": "HASH_JOIN",
                            "operator_cardinality": 2065318,
                            "cumulative_rows_scanned": 25096741,
                            "operator_rows_scanned": 0,
                            "operator_timing": 0.16577822199999978,
                            "result_set_size": 49567632,
                            "children": [
                                {
                                    "operator_name": "HASH_JOIN",
                                    "cpu_time": 0.38663883199999943,
                                    "extra_info": {
                                        "Join Type": "RIGHT",
                                        "Conditions": "postid = id",
                                        "Estimated Cardinality": "12744093"
                                    },
                                    "cumulative_cardinality": 7671338,
                                    "operator_type": "HASH_JOIN",
                                    "operator_cardinality": 2065318,
                                    "cumulative_rows_scanned": 17854919,
                                    "operator_rows_scanned": 0,
                                    "operator_timing": 0.1712594779999994,
                                    "result_set_size": 33045088,
                                    "children": [
                                        {
                                            "operator_name": "READ_PARQUET ",
                                            "cpu_time": 0.05510798600000001,
                                            "extra_info": {
                                                "Function": "READ_PARQUET",
                                                "Projections": [
                                                    "id",
                                                    "postid"
                                                ],
                                                "Estimated Cardinality": "12744093"
                                            },
                                            "cumulative_cardinality": 2581873,
                                            "operator_type": "TABLE_SCAN",
                                            "operator_cardinality": 2581873,
                                            "cumulative_rows_scanned": 12744093,
                                            "operator_rows_scanned": 12744093,
                                            "operator_timing": 0.05510798600000001,
                                            "result_set_size": 20654984,
                                            "children": []
                                        },
                                        {
                                            "operator_name": "HASH_JOIN",
                                            "cpu_time": 0.16027136800000003,
                                            "extra_info": {
                                                "Join Type": "RIGHT",
                                                "Conditions": "id = owneruserid",
                                                "Estimated Cardinality": "1260710"
                                            },
                                            "cumulative_cardinality": 3024147,
                                            "operator_type": "HASH_JOIN",
                                            "operator_cardinality": 916086,
                                            "cumulative_rows_scanned": 5110826,
                                            "operator_rows_scanned": 0,
                                            "operator_timing": 0.09081455400000008,
                                            "result_set_size": 10993032,
                                            "children": [
                                                {
                                                    "operator_name": "READ_PARQUET ",
                                                    "cpu_time": 0.02118027799999998,
                                                    "extra_info": {
                                                        "Function": "READ_PARQUET",
                                                        "Projections": [
                                                            "id",
                                                            "reputation"
                                                        ],
                                                        "Estimated Cardinality": "1260710"
                                                    },
                                                    "cumulative_cardinality": 1191975,
                                                    "operator_type": "TABLE_SCAN",
                                                    "operator_cardinality": 1191975,
                                                    "cumulative_rows_scanned": 1260710,
                                                    "operator_rows_scanned": 1260710,
                                                    "operator_timing": 0.02118027799999998,
                                                    "result_set_size": 9535800,
                                                    "children": []
                                                },
                                                {
                                                    "operator_name": "READ_PARQUET ",
                                                    "cpu_time": 0.04827653599999998,
                                                    "extra_info": {
                                                        "Function": "READ_PARQUET",
                                                        "Projections": [
                                                            "id",
                                                            "owneruserid"
                                                        ],
                                                        "Filters": "creationdate>='2020-01-01 00:00:00'::TIMESTAMP AND creationdate<'2023-10-01 00:00:00'::TIMESTAMP",
                                                        "Estimated Cardinality": "770023"
                                                    },
                                                    "cumulative_cardinality": 916086,
                                                    "operator_type": "TABLE_SCAN",
                                                    "operator_cardinality": 916086,
                                                    "cumulative_rows_scanned": 3850116,
                                                    "operator_rows_scanned": 3850116,
                                                    "operator_timing": 0.04827653599999998,
                                                    "result_set_size": 7328688,
                                                    "children": []
                                                }
                                            ]
                                        }
                                    ]
                                },
                                {
                                    "operator_name": "HASH_GROUP_BY",
                                    "cpu_time": 0.27778613000000024,
                                    "extra_info": {
                                        "Groups": "#0",
                                        "Aggregates": "count_star()",
                                        "Estimated Cardinality": "3620911"
                                    },
                                    "cumulative_cardinality": 16647316,
                                    "operator_type": "HASH_GROUP_BY",
                                    "operator_cardinality": 2163672,
                                    "cumulative_rows_scanned": 7241822,
                                    "operator_rows_scanned": 0,
                                    "operator_timing": 0.23735903600000022,
                                    "result_set_size": 25964064,
                                    "children": [
                                        {
                                            "operator_name": "PROJECTION",
                                            "cpu_time": 0.040427094000000004,
                                            "extra_info": {
                                                "Projections": "postid",
                                                "Estimated Cardinality": "7241822"
                                            },
                                            "cumulative_cardinality": 14483644,
                                            "operator_type": "PROJECTION",
                                            "operator_cardinality": 7241822,
                                            "cumulative_rows_scanned": 7241822,
                                            "operator_rows_scanned": 0,
                                            "operator_timing": 0.0003831990000000006,
                                            "result_set_size": 28967288,
                                            "children": [
                                                {
                                                    "operator_name": "READ_PARQUET ",
                                                    "cpu_time": 0.040043895,
                                                    "extra_info": {
                                                        "Function": "READ_PARQUET",
                                                        "Projections": "postid",
                                                        "Estimated Cardinality": "7241822"
                                                    },
                                                    "cumulative_cardinality": 7241822,
                                                    "operator_type": "TABLE_SCAN",
                                                    "operator_cardinality": 7241822,
                                                    "cumulative_rows_scanned": 7241822,
                                                    "operator_rows_scanned": 7241822,
                                                    "operator_timing": 0.040043895,
                                                    "result_set_size": 28967288,
                                                    "children": []
                                                }
                                            ]
                                        }
                                    ]
                                }
                            ]
                        }
                    ]
                }
            ]
        }
    ]
}