{
    "rows_returned": 261413,
    "query_name": "\nWITH PostStats AS (\n    SELECT \n        p.Id AS PostId,\n        p.Title,\n        p.CreationDate,\n        COUNT(c.Id) AS CommentCount,\n        COUNT(v.Id) AS VoteCount,\n        SUM(CASE WHEN v.VoteTypeId = 2 THEN 1 ELSE 0 END) AS UpVotes,\n        SUM(CASE WHEN v.VoteTypeId = 3 THEN 1 ELSE 0 END) AS DownVotes,\n        p.OwnerUserId\n    FROM \n        Posts p\n    LEFT JOIN \n        Comments c ON p.Id = c.PostId\n    LEFT JOIN \n        Votes v ON p.Id = v.PostId\n    WHERE \n        p.CreationDate >= '2023-01-01' \n    GROUP BY \n        p.Id, p.Title, p.CreationDate, p.OwnerUserId\n),\nUserStats AS (\n    SELECT \n        u.Id AS UserId,\n        u.DisplayName,\n        COUNT(DISTINCT p.Id) AS PostsCreated,\n        SUM(COALESCE(b.Class, 0)) AS TotalBadgePoints\n    FROM \n        Users u\n    LEFT JOIN \n        Posts p ON u.Id = p.OwnerUserId\n    LEFT JOIN \n        Badges b ON u.Id = b.UserId\n    GROUP BY \n        u.Id, u.DisplayName\n)\nSELECT \n    ps.PostId,\n    ps.Title,\n    ps.CreationDate,\n    ps.CommentCount,\n    ps.VoteCount,\n    ps.UpVotes,\n    ps.DownVotes,\n    us.UserId,\n    us.DisplayName,\n    us.PostsCreated,\n    us.TotalBadgePoints\nFROM \n    PostStats ps\nJOIN \n    UserStats us ON ps.OwnerUserId = us.UserId\nORDER BY \n    ps.CreationDate DESC;\n",
    "blocked_thread_time": 0.0,
    "cpu_time": 49.06853178500016,
    "extra_info": {},
    "cumulative_cardinality": 2366650312,
    "cumulative_rows_scanned": 31268581,
    "result_set_size": 31369560,
    "latency": 56.867529345,
    "children": [
        {
            "operator_name": "ORDER_BY",
            "cpu_time": 49.06853178500016,
            "extra_info": {
                "Order By": "ps.CreationDate DESC"
            },
            "cumulative_cardinality": 2366650312,
            "operator_type": "ORDER_BY",
            "operator_cardinality": 261413,
            "cumulative_rows_scanned": 31268581,
            "operator_rows_scanned": 0,
            "operator_timing": 0.030660508000000003,
            "result_set_size": 31369560,
            "children": [
                {
                    "operator_name": "HASH_JOIN",
                    "cpu_time": 49.037871277000164,
                    "extra_info": {
                        "Join Type": "INNER",
                        "Conditions": "owneruserid = UserId",
                        "Estimated Cardinality": "3850116"
                    },
                    "cumulative_cardinality": 2366388899,
                    "operator_type": "HASH_JOIN",
                    "operator_cardinality": 261413,
                    "cumulative_rows_scanned": 31268581,
                    "operator_rows_scanned": 0,
                    "operator_timing": 0.09839885199999998,
                    "result_set_size": 31369560,
                    "children": [
                        {
                            "operator_name": "PROJECTION",
                            "cpu_time": 0.48706828299999994,
                            "extra_info": {
                                "Projections": [
                                    "PostId",
                                    "title",
                                    "creationdate",
                                    "CommentCount",
                                    "VoteCount",
                                    "UpVotes",
                                    "DownVotes",
                                    "owneruserid"
                                ],
                                "Estimated Cardinality": "3850116"
                            },
                            "cumulative_cardinality": 6344635,
                            "operator_type": "PROJECTION",
                            "operator_cardinality": 265255,
                            "cumulative_rows_scanned": 23836031,
                            "operator_rows_scanned": 0,
                            "operator_timing": 0.00007196699999999998,
                            "result_set_size": 21220400,
                            "children": [
                                {
                                    "operator_name": "HASH_GROUP_BY",
                                    "cpu_time": 0.48699631599999993,
                                    "extra_info": {
                                        "Groups": [
                                            "#0",
                                            "#1",
                                            "#2",
                                            "#3"
                                        ],
                                        "Aggregates": [
                                            "count(#4)",
                                            "count(#5)",
                                            "sum(#6)",
                                            "sum(#7)"
                                        ],
                                        "Estimated Cardinality": "3850116"
                                    },
                                    "cumulative_cardinality": 6079380,
                                    "operator_type": "HASH_GROUP_BY",
                                    "operator_cardinality": 265255,
                                    "cumulative_rows_scanned": 23836031,
                                    "operator_rows_scanned": 0,
                                    "operator_timing": 0.19001338699999995,
                                    "result_set_size": 21220400,
                                    "children": [
                                        {
                                            "operator_name": "PROJECTION",
                                            "cpu_time": 0.29698292899999995,
                                            "extra_info": {
                                                "Projections": [
                                                    "id",
                                                    "title",
                                                    "creationdate",
                                                    "owneruserid",
                                                    "id",
                                                    "id",
                                                    "CASE  WHEN ((votetypeid = 2)) THEN (1) ELSE 0 END",
                                                    "CASE  WHEN ((votetypeid = 3)) THEN (1) ELSE 0 END"
                                                ],
                                                "Estimated Cardinality": "12744093"
                                            },
                                            "cumulative_cardinality": 5814125,
                                            "operator_type": "PROJECTION",
                                            "operator_cardinality": 1773112,
                                            "cumulative_rows_scanned": 23836031,
                                            "operator_rows_scanned": 0,
                                            "operator_timing": 0.013794687999999994,
                                            "result_set_size": 85109376,
                                            "children": [
                                                {
                                                    "operator_name": "HASH_JOIN",
                                                    "cpu_time": 0.28318824099999995,
                                                    "extra_info": {
                                                        "Join Type": "RIGHT",
                                                        "Conditions": "postid = id",
                                                        "Estimated Cardinality": "12744093"
                                                    },
                                                    "cumulative_cardinality": 4041013,
                                                    "operator_type": "HASH_JOIN",
                                                    "operator_cardinality": 1773112,
                                                    "cumulative_rows_scanned": 23836031,
                                                    "operator_rows_scanned": 0,
                                                    "operator_timing": 0.12232218199999999,
                                                    "result_set_size": 74470704,
                                                    "children": [
                                                        {
                                                            "operator_name": "READ_PARQUET ",
                                                            "cpu_time": 0.02972499199999999,
                                                            "extra_info": {
                                                                "Function": "READ_PARQUET",
                                                                "Projections": [
                                                                    "id",
                                                                    "postid",
                                                                    "votetypeid"
                                                                ],
                                                                "Estimated Cardinality": "12744093"
                                                            },
                                                            "cumulative_cardinality": 802778,
                                                            "operator_type": "TABLE_SCAN",
                                                            "operator_cardinality": 802778,
                                                            "cumulative_rows_scanned": 12744093,
                                                            "operator_rows_scanned": 12744093,
                                                            "operator_timing": 0.02972499199999999,
                                                            "result_set_size": 8027780,
                                                            "children": []
                                                        },
                                                        {
                                                            "operator_name": "HASH_JOIN",
                                                            "cpu_time": 0.13114106699999994,
                                                            "extra_info": {
                                                                "Join Type": "RIGHT",
                                                                "Conditions": "postid = id",
                                                                "Estimated Cardinality": "7241822"
                                                            },
                                                            "cumulative_cardinality": 1465123,
                                                            "operator_type": "HASH_JOIN",
                                                            "operator_cardinality": 654953,
                                                            "cumulative_rows_scanned": 11091938,
                                                            "operator_rows_scanned": 0,
                                                            "operator_timing": 0.04454584299999998,
                                                            "result_set_size": 23578308,
                                                            "children": [
                                                                {
                                                                    "operator_name": "READ_PARQUET ",
                                                                    "cpu_time": 0.015914486,
                                                                    "extra_info": {
                                                                        "Function": "READ_PARQUET",
                                                                        "Projections": [
                                                                            "id",
                                                                            "postid"
                                                                        ],
                                                                        "Estimated Cardinality": "7241822"
                                                                    },
                                                                    "cumulative_cardinality": 544915,
                                                                    "operator_type": "TABLE_SCAN",
                                                                    "operator_cardinality": 544915,
                                                                    "cumulative_rows_scanned": 7241822,
                                                                    "operator_rows_scanned": 7241822,
                                                                    "operator_timing": 0.015914486,
                                                                    "result_set_size": 4359320,
                                                                    "children": []
                                                                },
                                                                {
                                                                    "operator_name": "READ_PARQUET ",
                                                                    "cpu_time": 0.07068073799999998,
                                                                    "extra_info": {
                                                                        "Function": "READ_PARQUET",
                                                                        "Projections": [
                                                                            "id",
                                                                            "creationdate",
                                                                            "owneruserid",
                                                                            "title"
                                                                        ],
                                                                        "Filters": "creationdate>='2023-01-01 00:00:00'::TIMESTAMP",
                                                                        "Estimated Cardinality": "770023"
                                                                    },
                                                                    "cumulative_cardinality": 265255,
                                                                    "operator_type": "TABLE_SCAN",
                                                                    "operator_cardinality": 265255,
                                                                    "cumulative_rows_scanned": 3850116,
                                                                    "operator_rows_scanned": 3850116,
                                                                    "operator_timing": 0.07068073799999998,
                                                                    "result_set_size": 8488160,
                                                                    "children": []
                                                                }
                                                            ]
                                                        }
                                                    ]
                                                }
                                            ]
                                        }
                                    ]
                                }
                            ]
                        },
                        {
                            "operator_name": "HASH_GROUP_BY",
                            "cpu_time": 48.45240414200016,
                            "extra_info": {
                                "Groups": [
                                    "#0",
                                    "#1"
                                ],
                                "Aggregates": [
                                    "count(DISTINCT #2)",
                                    "sum(#3)"
                                ],
                                "Estimated Cardinality": "1260710"
                            },
                            "cumulative_cardinality": 2359782851,
                            "operator_type": "HASH_GROUP_BY",
                            "operator_cardinality": 1260679,
                            "cumulative_rows_scanned": 7432550,
                            "operator_rows_scanned": 0,
                            "operator_timing": 35.95865426399997,
                            "result_set_size": 55469876,
                            "children": [
                                {
                                    "operator_name": "PROJECTION",
                                    "cpu_time": 12.493749878000195,
                                    "extra_info": {
                                        "Projections": [
                                            "id",
                                            "displayname",
                                            "id",
                                            "COALESCE(class, 0)"
                                        ],
                                        "Estimated Cardinality": "3850116"
                                    },
                                    "cumulative_cardinality": 2358522172,
                                    "operator_type": "PROJECTION",
                                    "operator_cardinality": 586089518,
                                    "cumulative_rows_scanned": 7432550,
                                    "operator_rows_scanned": 0,
                                    "operator_timing": 4.563419772000176,
                                    "result_set_size": 15238327468,
                                    "children": [
                                        {
                                            "operator_name": "PROJECTION",
                                            "cpu_time": 7.930330106000017,
                                            "extra_info": {
                                                "Projections": [
                                                    "#0",
                                                    "#1",
                                                    "#2",
                                                    "__internal_decompress_integral_smallint(#3, 1)"
                                                ],
                                                "Estimated Cardinality": "3850116"
                                            },
                                            "cumulative_cardinality": 1772432654,
                                            "operator_type": "PROJECTION",
                                            "operator_cardinality": 586089518,
                                            "cumulative_rows_scanned": 7432550,
                                            "operator_rows_scanned": 0,
                                            "operator_timing": 0.2241195060000028,
                                            "result_set_size": 15238327468,
                                            "children": [
                                                {
                                                    "operator_name": "FILTER",
                                                    "cpu_time": 7.706210600000015,
                                                    "extra_info": {
                                                        "Expression": "(#1 <= 1416539)",
                                                        "Estimated Cardinality": "3850116"
                                                    },
                                                    "cumulative_cardinality": 1186343136,
                                                    "operator_type": "FILTER",
                                                    "operator_cardinality": 586089518,
                                                    "cumulative_rows_scanned": 7432550,
                                                    "operator_rows_scanned": 0,
                                                    "operator_timing": 1.0843897879999382,
                                                    "result_set_size": 14652237950,
                                                    "children": [
                                                        {
                                                            "operator_name": "HASH_JOIN",
                                                            "cpu_time": 6.6218208120000766,
                                                            "extra_info": {
                                                                "Join Type": "LEFT",
                                                                "Conditions": "id = userid",
                                                                "Estimated Cardinality": "3850116"
                                                            },
                                                            "cumulative_cardinality": 600253618,
                                                            "operator_type": "HASH_JOIN",
                                                            "operator_cardinality": 586089549,
                                                            "cumulative_rows_scanned": 7432550,
                                                            "operator_rows_scanned": 0,
                                                            "operator_timing": 6.130376546000077,
                                                            "result_set_size": 14652238725,
                                                            "children": [
                                                                {
                                                                    "operator_name": "HASH_JOIN",
                                                                    "cpu_time": 0.47325110299999934,
                                                                    "extra_info": {
                                                                        "Join Type": "RIGHT",
                                                                        "Conditions": "owneruserid = id",
                                                                        "Estimated Cardinality": "3850116"
                                                                    },
                                                                    "cumulative_cardinality": 9520621,
                                                                    "operator_type": "HASH_JOIN",
                                                                    "operator_cardinality": 4574495,
                                                                    "cumulative_rows_scanned": 5110826,
                                                                    "operator_rows_scanned": 0,
                                                                    "operator_timing": 0.29312176899999937,
                                                                    "result_set_size": 109787880,
                                                                    "children": [
                                                                        {
                                                                            "operator_name": "READ_PARQUET ",
                                                                            "cpu_time": 0.10161808400000008,
                                                                            "extra_info": {
                                                                                "Function": "READ_PARQUET",
                                                                                "Projections": [
                                                                                    "id",
                                                                                    "owneruserid"
                                                                                ],
                                                                                "Estimated Cardinality": "3850116"
                                                                            },
                                                                            "cumulative_cardinality": 3685416,
                                                                            "operator_type": "TABLE_SCAN",
                                                                            "operator_cardinality": 3685416,
                                                                            "cumulative_rows_scanned": 3850116,
                                                                            "operator_rows_scanned": 3850116,
                                                                            "operator_timing": 0.10161808400000008,
                                                                            "result_set_size": 29483328,
                                                                            "children": []
                                                                        },
                                                                        {
                                                                            "operator_name": "READ_PARQUET ",
                                                                            "cpu_time": 0.07851124999999988,
                                                                            "extra_info": {
                                                                                "Function": "READ_PARQUET",
                                                                                "Projections": [
                                                                                    "id",
                                                                                    "displayname"
                                                                                ],
                                                                                "Estimated Cardinality": "1260710"
                                                                            },
                                                                            "cumulative_cardinality": 1260710,
                                                                            "operator_type": "TABLE_SCAN",
                                                                            "operator_cardinality": 1260710,
                                                                            "cumulative_rows_scanned": 1260710,
                                                                            "operator_rows_scanned": 1260710,
                                                                            "operator_timing": 0.07851124999999988,
                                                                            "result_set_size": 25214200,
                                                                            "children": []
                                                                        }
                                                                    ]
                                                                },
                                                                {
                                                                    "operator_name": "PROJECTION",
                                                                    "cpu_time": 0.018193162999999964,
                                                                    "extra_info": {
                                                                        "Projections": [
                                                                            "#0",
                                                                            "__internal_compress_integral_utinyint(#1, 1)"
                                                                        ],
                                                                        "Estimated Cardinality": "2321724"
                                                                    },
                                                                    "cumulative_cardinality": 4643448,
                                                                    "operator_type": "PROJECTION",
                                                                    "operator_cardinality": 2321724,
                                                                    "cumulative_rows_scanned": 2321724,
                                                                    "operator_rows_scanned": 0,
                                                                    "operator_timing": 0.0005964709999999984,
                                                                    "result_set_size": 11608620,
                                                                    "children": [
                                                                        {
                                                                            "operator_name": "READ_PARQUET ",
                                                                            "cpu_time": 0.017596691999999966,
                                                                            "extra_info": {
                                                                                "Function": "READ_PARQUET",
                                                                                "Projections": [
                                                                                    "userid",
                                                                                    "class"
                                                                                ],
                                                                                "Estimated Cardinality": "2321724"
                                                                            },
                                                                            "cumulative_cardinality": 2321724,
                                                                            "operator_type": "TABLE_SCAN",
                                                                            "operator_cardinality": 2321724,
                                                                            "cumulative_rows_scanned": 2321724,
                                                                            "operator_rows_scanned": 2321724,
                                                                            "operator_timing": 0.017596691999999966,
                                                                            "result_set_size": 13930344,
                                                                            "children": []
                                                                        }
                                                                    ]
                                                                }
                                                            ]
                                                        }
                                                    ]
                                                }
                                            ]
                                        }
                                    ]
                                }
                            ]
                        }
                    ]
                }
            ]
        }
    ]
}