{
    "rows_returned": 8,
    "query_name": "WITH PostStats AS (\n    SELECT \n        p.Id AS PostId,\n        p.PostTypeId,\n        p.CreationDate,\n        p.Score,\n        p.ViewCount,\n        COUNT(c.Id) AS CommentCount,\n        COUNT(v.Id) AS VoteCount\n    FROM \n        Posts p\n    LEFT JOIN \n        Comments c ON p.Id = c.PostId\n    LEFT JOIN \n        Votes v ON p.Id = v.PostId\n    GROUP BY \n        p.Id, p.PostTypeId, p.CreationDate, p.Score, p.ViewCount\n),\nUserStats AS (\n    SELECT \n        u.Id AS UserId,\n        COUNT(b.Id) AS BadgeCount,\n        SUM(u.UpVotes) AS TotalUpVotes,\n        SUM(u.DownVotes) AS TotalDownVotes\n    FROM \n        Users u\n    LEFT JOIN \n        Badges b ON u.Id = b.UserId\n    GROUP BY \n        u.Id\n),\nPostTypeStats AS (\n    SELECT \n        pt.Id AS PostTypeId,\n        pt.Name,\n        COUNT(p.Id) AS PostCount,\n        AVG(ps.Score) AS AvgScore,\n        AVG(ps.ViewCount) AS AvgViews,\n        AVG(ps.CommentCount) AS AvgComments,\n        AVG(ps.VoteCount) AS AvgVotes\n    FROM \n        PostTypes pt\n    LEFT JOIN \n        Posts p ON pt.Id = p.PostTypeId\n    LEFT JOIN \n        PostStats ps ON p.Id = ps.PostId\n    GROUP BY \n        pt.Id, pt.Name\n)\n\nSELECT \n    pts.Name AS PostType,\n    pts.PostCount,\n    pts.AvgScore,\n    pts.AvgViews,\n    pts.AvgComments,\n    pts.AvgVotes,\n    COALESCE(us.TotalUpVotes, 0) AS TotalUpVotes,\n    COALESCE(us.TotalDownVotes, 0) AS TotalDownVotes,\n    us.BadgeCount AS UserBadgeCount\nFROM \n    PostTypeStats pts\nLEFT JOIN \n    UserStats us ON us.UserId = (SELECT MIN(Id) FROM Users) \nORDER BY \n    pts.PostCount DESC;",
    "blocked_thread_time": 0.0,
    "cpu_time": 5.559055551000007,
    "extra_info": {},
    "cumulative_cardinality": 251216044,
    "cumulative_rows_scanned": 32529299,
    "result_set_size": 768,
    "latency": 6.481435148,
    "children": [
        {
            "operator_name": "ORDER_BY",
            "cpu_time": 5.559055551000007,
            "extra_info": {
                "Order By": "pts.PostCount DESC"
            },
            "cumulative_cardinality": 251216044,
            "operator_type": "ORDER_BY",
            "operator_cardinality": 8,
            "cumulative_rows_scanned": 32529299,
            "operator_rows_scanned": 0,
            "operator_timing": 0.000023415,
            "result_set_size": 768,
            "children": [
                {
                    "operator_name": "PROJECTION",
                    "cpu_time": 5.559032136000007,
                    "extra_info": {
                        "Projections": [
                            "PostType",
                            "PostCount",
                            "AvgScore",
                            "AvgViews",
                            "AvgComments",
                            "AvgVotes",
                            "TotalUpVotes",
                            "TotalDownVotes",
                            "UserBadgeCount"
                        ],
                        "Estimated Cardinality": "8"
                    },
                    "cumulative_cardinality": 251216036,
                    "operator_type": "PROJECTION",
                    "operator_cardinality": 8,
                    "cumulative_rows_scanned": 32529299,
                    "operator_rows_scanned": 0,
                    "operator_timing": 0.000004759,
                    "result_set_size": 768,
                    "children": [
                        {
                            "operator_name": "BLOCKWISE_NL_JOIN",
                            "cpu_time": 5.559027377000007,
                            "extra_info": {
                                "Join Type": "LEFT",
                                "Condition": "true"
                            },
                            "cumulative_cardinality": 251216028,
                            "operator_type": "BLOCKWISE_NL_JOIN",
                            "operator_cardinality": 8,
                            "cumulative_rows_scanned": 32529299,
                            "operator_rows_scanned": 0,
                            "operator_timing": 0.00007568200000000001,
                            "result_set_size": 800,
                            "children": [
                                {
                                    "operator_name": "PROJECTION",
                                    "cpu_time": 5.0054624570000055,
                                    "extra_info": {
                                        "Projections": [
                                            "name",
                                            "PostCount",
                                            "AvgScore",
                                            "AvgViews",
                                            "AvgComments",
                                            "AvgVotes"
                                        ],
                                        "Estimated Cardinality": "8"
                                    },
                                    "cumulative_cardinality": 233490502,
                                    "operator_type": "PROJECTION",
                                    "operator_cardinality": 8,
                                    "cumulative_rows_scanned": 27686155,
                                    "operator_rows_scanned": 0,
                                    "operator_timing": 6.12e-7,
                                    "result_set_size": 448,
                                    "children": [
                                        {
                                            "operator_name": "PROJECTION",
                                            "cpu_time": 5.0054618450000055,
                                            "extra_info": {
                                                "Projections": [
                                                    "__internal_decompress_integral_smallint(#0, 1)",
                                                    "#1",
                                                    "#2",
                                                    "#3",
                                                    "#4",
                                                    "#5",
                                                    "#6"
                                                ],
                                                "Estimated Cardinality": "8"
                                            },
                                            "cumulative_cardinality": 233490494,
                                            "operator_type": "PROJECTION",
                                            "operator_cardinality": 8,
                                            "cumulative_rows_scanned": 27686155,
                                            "operator_rows_scanned": 0,
                                            "operator_timing": 0.000002174,
                                            "result_set_size": 464,
                                            "children": [
                                                {
                                                    "operator_name": "HASH_GROUP_BY",
                                                    "cpu_time": 5.005459671000006,
                                                    "extra_info": {
                                                        "Groups": [
                                                            "#0",
                                                            "#1"
                                                        ],
                                                        "Aggregates": [
                                                            "count(#2)",
                                                            "avg(#3)",
                                                            "avg(#4)",
                                                            "avg(#5)",
                                                            "avg(#6)"
                                                        ],
                                                        "Estimated Cardinality": "8"
                                                    },
                                                    "cumulative_cardinality": 233490486,
                                                    "operator_type": "HASH_GROUP_BY",
                                                    "operator_cardinality": 8,
                                                    "cumulative_rows_scanned": 27686155,
                                                    "operator_rows_scanned": 0,
                                                    "operator_timing": 0.1293649180000002,
                                                    "result_set_size": 456,
                                                    "children": [
                                                        {
                                                            "operator_name": "PROJECTION",
                                                            "cpu_time": 4.876094753000006,
                                                            "extra_info": {
                                                                "Projections": [
                                                                    "id",
                                                                    "name",
                                                                    "id",
                                                                    "score",
                                                                    "viewcount",
                                                                    "CommentCount",
                                                                    "VoteCount"
                                                                ],
                                                                "Estimated Cardinality": "3850116"
                                                            },
                                                            "cumulative_cardinality": 233490478,
                                                            "operator_type": "PROJECTION",
                                                            "operator_cardinality": 3850117,
                                                            "cumulative_rows_scanned": 27686155,
                                                            "operator_rows_scanned": 0,
                                                            "operator_timing": 0.0007892000000000015,
                                                            "result_set_size": 173255265,
                                                            "children": [
                                                                {
                                                                    "operator_name": "PROJECTION",
                                                                    "cpu_time": 4.875305553000006,
                                                                    "extra_info": {
                                                                        "Projections": [
                                                                            "#0",
                                                                            "__internal_compress_integral_utinyint(#1, 1)",
                                                                            "#2",
                                                                            "#3",
                                                                            "#4",
                                                                            "#5",
                                                                            "#6"
                                                                        ],
                                                                        "Estimated Cardinality": "3850116"
                                                                    },
                                                                    "cumulative_cardinality": 229640361,
                                                                    "operator_type": "PROJECTION",
                                                                    "operator_cardinality": 3850117,
                                                                    "cumulative_rows_scanned": 27686155,
                                                                    "operator_rows_scanned": 0,
                                                                    "operator_timing": 0.00388022500000002,
                                                                    "result_set_size": 173255265,
                                                                    "children": [
                                                                        {
                                                                            "operator_name": "PROJECTION",
                                                                            "cpu_time": 4.871425328000006,
                                                                            "extra_info": {
                                                                                "Projections": [
                                                                                    "#0",
                                                                                    "#1",
                                                                                    "#2",
                                                                                    "__internal_decompress_integral_integer(#3, -72)",
                                                                                    "#4",
                                                                                    "#5",
                                                                                    "#6"
                                                                                ],
                                                                                "Estimated Cardinality": "3850116"
                                                                            },
                                                                            "cumulative_cardinality": 225790244,
                                                                            "operator_type": "PROJECTION",
                                                                            "operator_cardinality": 3850117,
                                                                            "cumulative_rows_scanned": 27686155,
                                                                            "operator_rows_scanned": 0,
                                                                            "operator_timing": 0.001894881000000003,
                                                                            "result_set_size": 177105382,
                                                                            "children": [
                                                                                {
                                                                                    "operator_name": "HASH_JOIN",
                                                                                    "cpu_time": 4.869530447000006,
                                                                                    "extra_info": {
                                                                                        "Join Type": "LEFT",
                                                                                        "Conditions": "id = PostId",
                                                                                        "Estimated Cardinality": "3850116"
                                                                                    },
                                                                                    "cumulative_cardinality": 221940127,
                                                                                    "operator_type": "HASH_JOIN",
                                                                                    "operator_cardinality": 3850117,
                                                                                    "cumulative_rows_scanned": 27686155,
                                                                                    "operator_rows_scanned": 0,
                                                                                    "operator_timing": 0.4336097770000004,
                                                                                    "result_set_size": 169405148,
                                                                                    "children": [
                                                                                        {
                                                                                            "operator_name": "HASH_JOIN",
                                                                                            "cpu_time": 0.1196575260000002,
                                                                                            "extra_info": {
                                                                                                "Join Type": "RIGHT",
                                                                                                "Conditions": "posttypeid = id",
                                                                                                "Estimated Cardinality": "3850116"
                                                                                            },
                                                                                            "cumulative_cardinality": 7700241,
                                                                                            "operator_type": "HASH_JOIN",
                                                                                            "operator_cardinality": 3850117,
                                                                                            "cumulative_rows_scanned": 3850124,
                                                                                            "operator_rows_scanned": 0,
                                                                                            "operator_timing": 0.06417074000000014,
                                                                                            "result_set_size": 84702574,
                                                                                            "children": [
                                                                                                {
                                                                                                    "operator_name": "READ_PARQUET ",
                                                                                                    "cpu_time": 0.055195833000000055,
                                                                                                    "extra_info": {
                                                                                                        "Function": "READ_PARQUET",
                                                                                                        "Projections": [
                                                                                                            "id",
                                                                                                            "posttypeid"
                                                                                                        ],
                                                                                                        "Estimated Cardinality": "3850116"
                                                                                                    },
                                                                                                    "cumulative_cardinality": 3850116,
                                                                                                    "operator_type": "TABLE_SCAN",
                                                                                                    "operator_cardinality": 3850116,
                                                                                                    "cumulative_rows_scanned": 3850116,
                                                                                                    "operator_rows_scanned": 3850116,
                                                                                                    "operator_timing": 0.055195833000000055,
                                                                                                    "result_set_size": 23100696,
                                                                                                    "children": []
                                                                                                },
                                                                                                {
                                                                                                    "operator_name": "READ_PARQUET ",
                                                                                                    "cpu_time": 0.000290953,
                                                                                                    "extra_info": {
                                                                                                        "Function": "READ_PARQUET",
                                                                                                        "Projections": [
                                                                                                            "id",
                                                                                                            "name"
                                                                                                        ],
                                                                                                        "Estimated Cardinality": "8"
                                                                                                    },
                                                                                                    "cumulative_cardinality": 8,
                                                                                                    "operator_type": "TABLE_SCAN",
                                                                                                    "operator_cardinality": 8,
                                                                                                    "cumulative_rows_scanned": 8,
                                                                                                    "operator_rows_scanned": 8,
                                                                                                    "operator_timing": 0.000290953,
                                                                                                    "result_set_size": 144,
                                                                                                    "children": []
                                                                                                }
                                                                                            ]
                                                                                        },
                                                                                        {
                                                                                            "operator_name": "PROJECTION",
                                                                                            "cpu_time": 4.316263144000005,
                                                                                            "extra_info": {
                                                                                                "Projections": [
                                                                                                    "#0",
                                                                                                    "__internal_compress_integral_usmallint(#1, -72)",
                                                                                                    "#2",
                                                                                                    "#3",
                                                                                                    "#4"
                                                                                                ],
                                                                                                "Estimated Cardinality": "3850116"
                                                                                            },
                                                                                            "cumulative_cardinality": 210389769,
                                                                                            "operator_type": "PROJECTION",
                                                                                            "operator_cardinality": 3850116,
                                                                                            "cumulative_rows_scanned": 23836031,
                                                                                            "operator_rows_scanned": 0,
                                                                                            "operator_timing": 0.0012555590000000035,
                                                                                            "result_set_size": 100103016,
                                                                                            "children": [
                                                                                                {
                                                                                                    "operator_name": "PROJECTION",
                                                                                                    "cpu_time": 4.315007585000005,
                                                                                                    "extra_info": {
                                                                                                        "Projections": [
                                                                                                            "PostId",
                                                                                                            "score",
                                                                                                            "viewcount",
                                                                                                            "CommentCount",
                                                                                                            "VoteCount"
                                                                                                        ],
                                                                                                        "Estimated Cardinality": "3850116"
                                                                                                    },
                                                                                                    "cumulative_cardinality": 206539653,
                                                                                                    "operator_type": "PROJECTION",
                                                                                                    "operator_cardinality": 3850116,
                                                                                                    "cumulative_rows_scanned": 23836031,
                                                                                                    "operator_rows_scanned": 0,
                                                                                                    "operator_timing": 0.0004220920000000032,
                                                                                                    "result_set_size": 107803248,
                                                                                                    "children": [
                                                                                                        {
                                                                                                            "operator_name": "PROJECTION",
                                                                                                            "cpu_time": 4.314585493000005,
                                                                                                            "extra_info": {
                                                                                                                "Projections": [
                                                                                                                    "#0",
                                                                                                                    "__internal_decompress_integral_smallint(#1, 1)",
                                                                                                                    "#2",
                                                                                                                    "__internal_decompress_integral_integer(#3, -72)",
                                                                                                                    "#4",
                                                                                                                    "#5",
                                                                                                                    "#6"
                                                                                                                ],
                                                                                                                "Estimated Cardinality": "3850116"
                                                                                                            },
                                                                                                            "cumulative_cardinality": 202689537,
                                                                                                            "operator_type": "PROJECTION",
                                                                                                            "operator_cardinality": 3850116,
                                                                                                            "cumulative_rows_scanned": 23836031,
                                                                                                            "operator_rows_scanned": 0,
                                                                                                            "operator_timing": 0.0022323269999999966,
                                                                                                            "result_set_size": 146304408,
                                                                                                            "children": [
                                                                                                                {
                                                                                                                    "operator_name": "HASH_GROUP_BY",
                                                                                                                    "cpu_time": 4.312353166000006,
                                                                                                                    "extra_info": {
                                                                                                                        "Groups": [
                                                                                                                            "#0",
                                                                                                                            "#1",
                                                                                                                            "#2",
                                                                                                                            "#3",
                                                                                                                            "#4"
                                                                                                                        ],
                                                                                                                        "Aggregates": [
                                                                                                                            "count(#5)",
                                                                                                                            "count(#6)"
                                                                                                                        ],
                                                                                                                        "Estimated Cardinality": "3850116"
                                                                                                                    },
                                                                                                                    "cumulative_cardinality": 198839421,
                                                                                                                    "operator_type": "HASH_GROUP_BY",
                                                                                                                    "operator_cardinality": 3850116,
                                                                                                                    "cumulative_rows_scanned": 23836031,
                                                                                                                    "operator_rows_scanned": 0,
                                                                                                                    "operator_timing": 1.6152452830000086,
                                                                                                                    "result_set_size": 134754060,
                                                                                                                    "children": [
                                                                                                                        {
                                                                                                                            "operator_name": "PROJECTION",
                                                                                                                            "cpu_time": 2.697107882999997,
                                                                                                                            "extra_info": {
                                                                                                                                "Projections": [
                                                                                                                                    "id",
                                                                                                                                    "posttypeid",
                                                                                                                                    "creationdate",
                                                                                                                                    "score",
                                                                                                                                    "viewcount",
                                                                                                                                    "id",
                                                                                                                                    "id"
                                                                                                                                ],
                                                                                                                                "Estimated Cardinality": "12744093"
                                                                                                                            },
                                                                                                                            "cumulative_cardinality": 194989305,
                                                                                                                            "operator_type": "PROJECTION",
                                                                                                                            "operator_cardinality": 35129590,
                                                                                                                            "cumulative_rows_scanned": 23836031,
                                                                                                                            "operator_rows_scanned": 0,
                                                                                                                            "operator_timing": 0.007781187999999635,
                                                                                                                            "result_set_size": 948498930,
                                                                                                                            "children": [
                                                                                                                                {
                                                                                                                                    "operator_name": "PROJECTION",
                                                                                                                                    "cpu_time": 2.6893266949999974,
                                                                                                                                    "extra_info": {
                                                                                                                                        "Projections": [
                                                                                                                                            "#0",
                                                                                                                                            "#1",
                                                                                                                                            "#2",
                                                                                                                                            "__internal_compress_integral_utinyint(#3, 1)",
                                                                                                                                            "#4",
                                                                                                                                            "__internal_compress_integral_usmallint(#5, -72)",
                                                                                                                                            "#6"
                                                                                                                                        ],
                                                                                                                                        "Estimated Cardinality": "12744093"
                                                                                                                                    },
                                                                                                                                    "cumulative_cardinality": 159859715,
                                                                                                                                    "operator_type": "PROJECTION",
                                                                                                                                    "operator_cardinality": 35129590,
                                                                                                                                    "cumulative_rows_scanned": 23836031,
                                                                                                                                    "operator_rows_scanned": 0,
                                                                                                                                    "operator_timing": 0.039111452999999054,
                                                                                                                                    "result_set_size": 948498930,
                                                                                                                                    "children": [
                                                                                                                                        {
                                                                                                                                            "operator_name": "PROJECTION",
                                                                                                                                            "cpu_time": 2.6502152419999985,
                                                                                                                                            "extra_info": {
                                                                                                                                                "Projections": [
                                                                                                                                                    "#0",
                                                                                                                                                    "#1",
                                                                                                                                                    "#2",
                                                                                                                                                    "__internal_decompress_integral_smallint(#3, 1)",
                                                                                                                                                    "#4",
                                                                                                                                                    "__internal_decompress_integral_integer(#5, -72)",
                                                                                                                                                    "#6"
                                                                                                                                                ],
                                                                                                                                                "Estimated Cardinality": "12744093"
                                                                                                                                            },
                                                                                                                                            "cumulative_cardinality": 124730125,
                                                                                                                                            "operator_type": "PROJECTION",
                                                                                                                                            "operator_cardinality": 35129590,
                                                                                                                                            "cumulative_rows_scanned": 23836031,
                                                                                                                                            "operator_rows_scanned": 0,
                                                                                                                                            "operator_timing": 0.04066969399999971,
                                                                                                                                            "result_set_size": 1053887700,
                                                                                                                                            "children": [
                                                                                                                                                {
                                                                                                                                                    "operator_name": "HASH_JOIN",
                                                                                                                                                    "cpu_time": 2.609545547999999,
                                                                                                                                                    "extra_info": {
                                                                                                                                                        "Join Type": "RIGHT",
                                                                                                                                                        "Conditions": "postid = id",
                                                                                                                                                        "Estimated Cardinality": "12744093"
                                                                                                                                                    },
                                                                                                                                                    "cumulative_cardinality": 89600535,
                                                                                                                                                    "operator_type": "HASH_JOIN",
                                                                                                                                                    "operator_cardinality": 35129590,
                                                                                                                                                    "cumulative_rows_scanned": 23836031,
                                                                                                                                                    "operator_rows_scanned": 0,
                                                                                                                                                    "operator_timing": 1.5455738460000004,
                                                                                                                                                    "result_set_size": 948498930,
                                                                                                                                                    "children": [
                                                                                                                                                        {
                                                                                                                                                            "operator_name": "READ_PARQUET ",
                                                                                                                                                            "cpu_time": 0.22239818999999933,
                                                                                                                                                            "extra_info": {
                                                                                                                                                                "Function": "READ_PARQUET",
                                                                                                                                                                "Projections": [
                                                                                                                                                                    "id",
                                                                                                                                                                    "postid"
                                                                                                                                                                ],
                                                                                                                                                                "Estimated Cardinality": "12744093"
                                                                                                                                                            },
                                                                                                                                                            "cumulative_cardinality": 12744093,
                                                                                                                                                            "operator_type": "TABLE_SCAN",
                                                                                                                                                            "operator_cardinality": 12744093,
                                                                                                                                                            "cumulative_rows_scanned": 12744093,
                                                                                                                                                            "operator_rows_scanned": 12744093,
                                                                                                                                                            "operator_timing": 0.22239818999999933,
                                                                                                                                                            "result_set_size": 101952744,
                                                                                                                                                            "children": []
                                                                                                                                                        },
                                                                                                                                                        {
                                                                                                                                                            "operator_name": "PROJECTION",
                                                                                                                                                            "cpu_time": 0.8415735119999992,
                                                                                                                                                            "extra_info": {
                                                                                                                                                                "Projections": [
                                                                                                                                                                    "#0",
                                                                                                                                                                    "#1",
                                                                                                                                                                    "__internal_compress_integral_utinyint(#2, 1)",
                                                                                                                                                                    "#3",
                                                                                                                                                                    "__internal_compress_integral_usmallint(#4, -72)",
                                                                                                                                                                    "#5"
                                                                                                                                                                ],
                                                                                                                                                                "Estimated Cardinality": "7241822"
                                                                                                                                                            },
                                                                                                                                                            "cumulative_cardinality": 41726852,
                                                                                                                                                            "operator_type": "PROJECTION",
                                                                                                                                                            "operator_cardinality": 8928266,
                                                                                                                                                            "cumulative_rows_scanned": 11091938,
                                                                                                                                                            "operator_rows_scanned": 0,
                                                                                                                                                            "operator_timing": 0.005852458000000033,
                                                                                                                                                            "result_set_size": 205350118,
                                                                                                                                                            "children": [
                                                                                                                                                                {
                                                                                                                                                                    "operator_name": "PROJECTION",
                                                                                                                                                                    "cpu_time": 0.8357210539999992,
                                                                                                                                                                    "extra_info": {
                                                                                                                                                                        "Projections": [
                                                                                                                                                                            "#0",
                                                                                                                                                                            "#1",
                                                                                                                                                                            "__internal_decompress_integral_smallint(#2, 1)",
                                                                                                                                                                            "#3",
                                                                                                                                                                            "__internal_decompress_integral_integer(#4, -72)",
                                                                                                                                                                            "#5"
                                                                                                                                                                        ],
                                                                                                                                                                        "Estimated Cardinality": "7241822"
                                                                                                                                                                    },
                                                                                                                                                                    "cumulative_cardinality": 32798586,
                                                                                                                                                                    "operator_type": "PROJECTION",
                                                                                                                                                                    "operator_cardinality": 8928266,
                                                                                                                                                                    "cumulative_rows_scanned": 11091938,
                                                                                                                                                                    "operator_rows_scanned": 0,
                                                                                                                                                                    "operator_timing": 0.005960722000000014,
                                                                                                                                                                    "result_set_size": 232134916,
                                                                                                                                                                    "children": [
                                                                                                                                                                        {
                                                                                                                                                                            "operator_name": "HASH_JOIN",
                                                                                                                                                                            "cpu_time": 0.8297603319999992,
                                                                                                                                                                            "extra_info": {
                                                                                                                                                                                "Join Type": "RIGHT",
                                                                                                                                                                                "Conditions": "postid = id",
                                                                                                                                                                                "Estimated Cardinality": "7241822"
                                                                                                                                                                            },
                                                                                                                                                                            "cumulative_cardinality": 23870320,
                                                                                                                                                                            "operator_type": "HASH_JOIN",
                                                                                                                                                                            "operator_cardinality": 8928266,
                                                                                                                                                                            "cumulative_rows_scanned": 11091938,
                                                                                                                                                                            "operator_rows_scanned": 0,
                                                                                                                                                                            "operator_timing": 0.5815140939999994,
                                                                                                                                                                            "result_set_size": 205350118,
                                                                                                                                                                            "children": [
                                                                                                                                                                                {
                                                                                                                                                                                    "operator_name": "READ_PARQUET ",
                                                                                                                                                                                    "cpu_time": 0.11899479399999967,
                                                                                                                                                                                    "extra_info": {
                                                                                                                                                                                        "Function": "READ_PARQUET",
                                                                                                                                                                                        "Projections": [
                                                                                                                                                                                            "id",
                                                                                                                                                                                            "postid"
                                                                                                                                                                                        ],
                                                                                                                                                                                        "Estimated Cardinality": "7241822"
                                                                                                                                                                                    },
                                                                                                                                                                                    "cumulative_cardinality": 7241822,
                                                                                                                                                                                    "operator_type": "TABLE_SCAN",
                                                                                                                                                                                    "operator_cardinality": 7241822,
                                                                                                                                                                                    "cumulative_rows_scanned": 7241822,
                                                                                                                                                                                    "operator_rows_scanned": 7241822,
                                                                                                                                                                                    "operator_timing": 0.11899479399999967,
                                                                                                                                                                                    "result_set_size": 57934576,
                                                                                                                                                                                    "children": []
                                                                                                                                                                                },
                                                                                                                                                                                {
                                                                                                                                                                                    "operator_name": "PROJECTION",
                                                                                                                                                                                    "cpu_time": 0.12925144400000008,
                                                                                                                                                                                    "extra_info": {
                                                                                                                                                                                        "Projections": [
                                                                                                                                                                                            "#0",
                                                                                                                                                                                            "__internal_compress_integral_utinyint(#1, 1)",
                                                                                                                                                                                            "#2",
                                                                                                                                                                                            "__internal_compress_integral_usmallint(#3, -72)",
                                                                                                                                                                                            "#4"
                                                                                                                                                                                        ],
                                                                                                                                                                                        "Estimated Cardinality": "3850116"
                                                                                                                                                                                    },
                                                                                                                                                                                    "cumulative_cardinality": 7700232,
                                                                                                                                                                                    "operator_type": "PROJECTION",
                                                                                                                                                                                    "operator_cardinality": 3850116,
                                                                                                                                                                                    "cumulative_rows_scanned": 3850116,
                                                                                                                                                                                    "operator_rows_scanned": 0,
                                                                                                                                                                                    "operator_timing": 0.0021992210000000008,
                                                                                                                                                                                    "result_set_size": 73152204,
                                                                                                                                                                                    "children": [
                                                                                                                                                                                        {
                                                                                                                                                                                            "operator_name": "READ_PARQUET ",
                                                                                                                                                                                            "cpu_time": 0.12705222300000008,
                                                                                                                                                                                            "extra_info": {
                                                                                                                                                                                                "Function": "READ_PARQUET",
                                                                                                                                                                                                "Projections": [
                                                                                                                                                                                                    "id",
                                                                                                                                                                                                    "posttypeid",
                                                                                                                                                                                                    "creationdate",
                                                                                                                                                                                                    "score",
                                                                                                                                                                                                    "viewcount"
                                                                                                                                                                                                ],
                                                                                                                                                                                                "Estimated Cardinality": "3850116"
                                                                                                                                                                                            },
                                                                                                                                                                                            "cumulative_cardinality": 3850116,
                                                                                                                                                                                            "operator_type": "TABLE_SCAN",
                                                                                                                                                                                            "operator_cardinality": 3850116,
                                                                                                                                                                                            "cumulative_rows_scanned": 3850116,
                                                                                                                                                                                            "operator_rows_scanned": 3850116,
                                                                                                                                                                                            "operator_timing": 0.12705222300000008,
                                                                                                                                                                                            "result_set_size": 84702552,
                                                                                                                                                                                            "children": []
                                                                                                                                                                                        }
                                                                                                                                                                                    ]
                                                                                                                                                                                }
                                                                                                                                                                            ]
                                                                                                                                                                        }
                                                                                                                                                                    ]
                                                                                                                                                                }
                                                                                                                                                            ]
                                                                                                                                                        }
                                                                                                                                                    ]
                                                                                                                                                }
                                                                                                                                            ]
                                                                                                                                        }
                                                                                                                                    ]
                                                                                                                                }
                                                                                                                            ]
                                                                                                                        }
                                                                                                                    ]
                                                                                                                }
                                                                                                            ]
                                                                                                        }
                                                                                                    ]
                                                                                                }
                                                                                            ]
                                                                                        }
                                                                                    ]
                                                                                }
                                                                            ]
                                                                        }
                                                                    ]
                                                                }
                                                            ]
                                                        }
                                                    ]
                                                }
                                            ]
                                        }
                                    ]
                                },
                                {
                                    "operator_name": "HASH_JOIN",
                                    "cpu_time": 0.5534892380000005,
                                    "extra_info": {
                                        "Join Type": "INNER",
                                        "Conditions": "UserId = SUBQUERY",
                                        "Estimated Cardinality": "1"
                                    },
                                    "cumulative_cardinality": 17725518,
                                    "operator_type": "HASH_JOIN",
                                    "operator_cardinality": 1,
                                    "cumulative_rows_scanned": 4843144,
                                    "operator_rows_scanned": 0,
                                    "operator_timing": 0.006083432000000003,
                                    "result_set_size": 44,
                                    "children": [
                                        {
                                            "operator_name": "HASH_GROUP_BY",
                                            "cpu_time": 0.5393023790000004,
                                            "extra_info": {
                                                "Groups": "#0",
                                                "Aggregates": [
                                                    "count(#1)",
                                                    "sum(#2)",
                                                    "sum(#3)"
                                                ],
                                                "Estimated Cardinality": "1260710"
                                            },
                                            "cumulative_cardinality": 15204093,
                                            "operator_type": "HASH_GROUP_BY",
                                            "operator_cardinality": 1260710,
                                            "cumulative_rows_scanned": 3582434,
                                            "operator_rows_scanned": 0,
                                            "operator_timing": 0.2932937040000003,
                                            "result_set_size": 55471240,
                                            "children": [
                                                {
                                                    "operator_name": "PROJECTION",
                                                    "cpu_time": 0.24600867500000012,
                                                    "extra_info": {
                                                        "Projections": [
                                                            "id",
                                                            "id",
                                                            "upvotes",
                                                            "downvotes"
                                                        ],
                                                        "Estimated Cardinality": "2321724"
                                                    },
                                                    "cumulative_cardinality": 13943383,
                                                    "operator_type": "PROJECTION",
                                                    "operator_cardinality": 3033413,
                                                    "cumulative_rows_scanned": 3582434,
                                                    "operator_rows_scanned": 0,
                                                    "operator_timing": 0.0004266030000000016,
                                                    "result_set_size": 48534608,
                                                    "children": [
                                                        {
                                                            "operator_name": "PROJECTION",
                                                            "cpu_time": 0.24558207200000012,
                                                            "extra_info": {
                                                                "Projections": [
                                                                    "#0",
                                                                    "#1",
                                                                    "#2",
                                                                    "__internal_decompress_integral_integer(#3, 0)"
                                                                ],
                                                                "Estimated Cardinality": "2321724"
                                                            },
                                                            "cumulative_cardinality": 10909970,
                                                            "operator_type": "PROJECTION",
                                                            "operator_cardinality": 3033413,
                                                            "cumulative_rows_scanned": 3582434,
                                                            "operator_rows_scanned": 0,
                                                            "operator_timing": 0.00129165,
                                                            "result_set_size": 48534608,
                                                            "children": [
                                                                {
                                                                    "operator_name": "HASH_JOIN",
                                                                    "cpu_time": 0.24429042200000012,
                                                                    "extra_info": {
                                                                        "Join Type": "RIGHT",
                                                                        "Conditions": "userid = id",
                                                                        "Estimated Cardinality": "2321724"
                                                                    },
                                                                    "cumulative_cardinality": 7876557,
                                                                    "operator_type": "HASH_JOIN",
                                                                    "operator_cardinality": 3033413,
                                                                    "cumulative_rows_scanned": 3582434,
                                                                    "operator_rows_scanned": 0,
                                                                    "operator_timing": 0.1789944410000001,
                                                                    "result_set_size": 42467782,
                                                                    "children": [
                                                                        {
                                                                            "operator_name": "READ_PARQUET ",
                                                                            "cpu_time": 0.04751025700000005,
                                                                            "extra_info": {
                                                                                "Function": "READ_PARQUET",
                                                                                "Projections": [
                                                                                    "id",
                                                                                    "userid"
                                                                                ],
                                                                                "Estimated Cardinality": "2321724"
                                                                            },
                                                                            "cumulative_cardinality": 2321724,
                                                                            "operator_type": "TABLE_SCAN",
                                                                            "operator_cardinality": 2321724,
                                                                            "cumulative_rows_scanned": 2321724,
                                                                            "operator_rows_scanned": 2321724,
                                                                            "operator_timing": 0.04751025700000005,
                                                                            "result_set_size": 18573792,
                                                                            "children": []
                                                                        },
                                                                        {
                                                                            "operator_name": "PROJECTION",
                                                                            "cpu_time": 0.01778572399999999,
                                                                            "extra_info": {
                                                                                "Projections": [
                                                                                    "#0",
                                                                                    "#1",
                                                                                    "__internal_compress_integral_usmallint(#2, 0)"
                                                                                ],
                                                                                "Estimated Cardinality": "1260710"
                                                                            },
                                                                            "cumulative_cardinality": 2521420,
                                                                            "operator_type": "PROJECTION",
                                                                            "operator_cardinality": 1260710,
                                                                            "cumulative_rows_scanned": 1260710,
                                                                            "operator_rows_scanned": 0,
                                                                            "operator_timing": 0.000457276,
                                                                            "result_set_size": 12607100,
                                                                            "children": [
                                                                                {
                                                                                    "operator_name": "READ_PARQUET ",
                                                                                    "cpu_time": 0.01732844799999999,
                                                                                    "extra_info": {
                                                                                        "Function": "READ_PARQUET",
                                                                                        "Projections": [
                                                                                            "id",
                                                                                            "upvotes",
                                                                                            "downvotes"
                                                                                        ],
                                                                                        "Estimated Cardinality": "1260710"
                                                                                    },
                                                                                    "cumulative_cardinality": 1260710,
                                                                                    "operator_type": "TABLE_SCAN",
                                                                                    "operator_cardinality": 1260710,
                                                                                    "cumulative_rows_scanned": 1260710,
                                                                                    "operator_rows_scanned": 1260710,
                                                                                    "operator_timing": 0.01732844799999999,
                                                                                    "result_set_size": 15128520,
                                                                                    "children": []
                                                                                }
                                                                            ]
                                                                        }
                                                                    ]
                                                                }
                                                            ]
                                                        }
                                                    ]
                                                }
                                            ]
                                        },
                                        {
                                            "operator_name": "PROJECTION",
                                            "cpu_time": 0.008103427000000007,
                                            "extra_info": {
                                                "Projections": [
                                                    "CASE  WHEN ((#1 > 1)) THEN (error('More than one row returned by a subquery used as an expression - scalar subqueries can only return a single row.",
                                                    "Use \"SET scalar_subquery_error_on_multiple_rows=false\" to revert to previous behavior of returning a random row.')) ELSE #0 END"
                                                ],
                                                "Estimated Cardinality": "1"
                                            },
                                            "cumulative_cardinality": 2521424,
                                            "operator_type": "PROJECTION",
                                            "operator_cardinality": 1,
                                            "cumulative_rows_scanned": 1260710,
                                            "operator_rows_scanned": 0,
                                            "operator_timing": 0.000002384,
                                            "result_set_size": 4,
                                            "children": [
                                                {
                                                    "operator_name": "UNGROUPED_AGGREGATE",
                                                    "cpu_time": 0.008101043000000007,
                                                    "extra_info": {
                                                        "Aggregates": [
                                                            "\"first\"(#0)",
                                                            "count_star()"
                                                        ]
                                                    },
                                                    "cumulative_cardinality": 2521423,
                                                    "operator_type": "UNGROUPED_AGGREGATE",
                                                    "operator_cardinality": 1,
                                                    "cumulative_rows_scanned": 1260710,
                                                    "operator_rows_scanned": 0,
                                                    "operator_timing": 0.000001804,
                                                    "result_set_size": 12,
                                                    "children": [
                                                        {
                                                            "operator_name": "PROJECTION",
                                                            "cpu_time": 0.008099239000000008,
                                                            "extra_info": {
                                                                "Projections": "#0",
                                                                "Estimated Cardinality": "1"
                                                            },
                                                            "cumulative_cardinality": 2521422,
                                                            "operator_type": "PROJECTION",
                                                            "operator_cardinality": 1,
                                                            "cumulative_rows_scanned": 1260710,
                                                            "operator_rows_scanned": 0,
                                                            "operator_timing": 4.21e-7,
                                                            "result_set_size": 4,
                                                            "children": [
                                                                {
                                                                    "operator_name": "UNGROUPED_AGGREGATE",
                                                                    "cpu_time": 0.008098818000000008,
                                                                    "extra_info": {
                                                                        "Aggregates": "min(#0)"
                                                                    },
                                                                    "cumulative_cardinality": 2521421,
                                                                    "operator_type": "UNGROUPED_AGGREGATE",
                                                                    "operator_cardinality": 1,
                                                                    "cumulative_rows_scanned": 1260710,
                                                                    "operator_rows_scanned": 0,
                                                                    "operator_timing": 0.0010500589999999988,
                                                                    "result_set_size": 4,
                                                                    "children": [
                                                                        {
                                                                            "operator_name": "PROJECTION",
                                                                            "cpu_time": 0.007048759000000009,
                                                                            "extra_info": {
                                                                                "Projections": "id",
                                                                                "Estimated Cardinality": "1260710"
                                                                            },
                                                                            "cumulative_cardinality": 2521420,
                                                                            "operator_type": "PROJECTION",
                                                                            "operator_cardinality": 1260710,
                                                                            "cumulative_rows_scanned": 1260710,
                                                                            "operator_rows_scanned": 0,
                                                                            "operator_timing": 0.00004781899999999974,
                                                                            "result_set_size": 5042840,
                                                                            "children": [
                                                                                {
                                                                                    "operator_name": "READ_PARQUET ",
                                                                                    "cpu_time": 0.0070009400000000084,
                                                                                    "extra_info": {
                                                                                        "Function": "READ_PARQUET",
                                                                                        "Projections": "id",
                                                                                        "Estimated Cardinality": "1260710"
                                                                                    },
                                                                                    "cumulative_cardinality": 1260710,
                                                                                    "operator_type": "TABLE_SCAN",
                                                                                    "operator_cardinality": 1260710,
                                                                                    "cumulative_rows_scanned": 1260710,
                                                                                    "operator_rows_scanned": 1260710,
                                                                                    "operator_timing": 0.0070009400000000084,
                                                                                    "result_set_size": 5042840,
                                                                                    "children": []
                                                                                }
                                                                            ]
                                                                        }
                                                                    ]
                                                                }
                                                            ]
                                                        }
                                                    ]
                                                }
                                            ]
                                        }
                                    ]
                                }
                            ]
                        }
                    ]
                }
            ]
        }
    ]
}