{
    "rows_returned": 79947,
    "query_name": "\nWITH PostStats AS (\n    SELECT \n        pt.Name AS PostType,\n        COUNT(p.Id) AS TotalPosts,\n        AVG(p.ViewCount) AS AverageViewCount,\n        AVG(p.Score) AS AverageScore,\n        SUM(CASE WHEN p.AcceptedAnswerId IS NOT NULL THEN 1 ELSE 0 END) AS TotalAcceptedAnswers\n    FROM \n        Posts p\n    JOIN \n        PostTypes pt ON p.PostTypeId = pt.Id\n    GROUP BY \n        pt.Name\n),\n\nUserStats AS (\n    SELECT \n        u.DisplayName,\n        COUNT(DISTINCT b.Id) AS TotalBadges,\n        COALESCE(SUM(v.BountyAmount), 0) AS TotalBounty,\n        COALESCE(SUM(CASE WHEN v.CreationDate IS NOT NULL THEN 1 ELSE 0 END), 0) AS TotalVotes\n    FROM \n        Users u\n    LEFT JOIN \n        Badges b ON u.Id = b.UserId\n    LEFT JOIN \n        Votes v ON u.Id = v.UserId\n    GROUP BY \n        u.DisplayName\n)\n\nSELECT \n    ps.PostType,\n    ps.TotalPosts,\n    ps.AverageViewCount,\n    ps.AverageScore,\n    ps.TotalAcceptedAnswers,\n    us.DisplayName,\n    us.TotalBadges,\n    us.TotalBounty,\n    us.TotalVotes\nFROM \n    PostStats ps\nJOIN \n    UserStats us ON us.TotalVotes > 0\nORDER BY \n    ps.AverageViewCount DESC, ps.TotalPosts DESC;\n",
    "blocked_thread_time": 0.0,
    "cpu_time": 2.2270510380000017,
    "extra_info": {},
    "cumulative_cardinality": 31638270,
    "cumulative_rows_scanned": 20176651,
    "result_set_size": 8954064,
    "latency": 3.02244942,
    "children": [
        {
            "operator_name": "ORDER_BY",
            "cpu_time": 2.2270510380000017,
            "extra_info": {
                "Order By": [
                    "ps.AverageViewCount DESC",
                    "ps.TotalPosts DESC"
                ]
            },
            "cumulative_cardinality": 31638270,
            "operator_type": "ORDER_BY",
            "operator_cardinality": 79947,
            "cumulative_rows_scanned": 20176651,
            "operator_rows_scanned": 0,
            "operator_timing": 0.006286791000000001,
            "result_set_size": 8954064,
            "children": [
                {
                    "operator_name": "CROSS_PRODUCT",
                    "cpu_time": 2.2207642470000017,
                    "extra_info": {},
                    "cumulative_cardinality": 31558323,
                    "operator_type": "CROSS_PRODUCT",
                    "operator_cardinality": 79947,
                    "cumulative_rows_scanned": 20176651,
                    "operator_rows_scanned": 0,
                    "operator_timing": 0.00031352599999999995,
                    "result_set_size": 8954064,
                    "children": [
                        {
                            "operator_name": "HASH_GROUP_BY",
                            "cpu_time": 0.2663145290000002,
                            "extra_info": {
                                "Groups": "#0",
                                "Aggregates": [
                                    "count_star()",
                                    "avg(#1)",
                                    "avg(#2)",
                                    "sum(#3)"
                                ],
                                "Estimated Cardinality": "1925058"
                            },
                            "cumulative_cardinality": 11550362,
                            "operator_type": "HASH_GROUP_BY",
                            "operator_cardinality": 7,
                            "cumulative_rows_scanned": 3850124,
                            "operator_rows_scanned": 0,
                            "operator_timing": 0.10917033499999997,
                            "result_set_size": 392,
                            "children": [
                                {
                                    "operator_name": "PROJECTION",
                                    "cpu_time": 0.1571441940000002,
                                    "extra_info": {
                                        "Projections": [
                                            "name",
                                            "viewcount",
                                            "score",
                                            "CASE  WHEN ((acceptedanswerid IS NOT NULL)) THEN (1) ELSE 0 END"
                                        ],
                                        "Estimated Cardinality": "3850116"
                                    },
                                    "cumulative_cardinality": 11550355,
                                    "operator_type": "PROJECTION",
                                    "operator_cardinality": 3850116,
                                    "cumulative_rows_scanned": 3850124,
                                    "operator_rows_scanned": 0,
                                    "operator_timing": 0.015013143000000036,
                                    "result_set_size": 107803248,
                                    "children": [
                                        {
                                            "operator_name": "HASH_JOIN",
                                            "cpu_time": 0.14213105100000017,
                                            "extra_info": {
                                                "Join Type": "INNER",
                                                "Conditions": "posttypeid = id",
                                                "Estimated Cardinality": "3850116"
                                            },
                                            "cumulative_cardinality": 7700239,
                                            "operator_type": "HASH_JOIN",
                                            "operator_cardinality": 3850116,
                                            "cumulative_rows_scanned": 3850124,
                                            "operator_rows_scanned": 0,
                                            "operator_timing": 0.007723958999999972,
                                            "result_set_size": 107803248,
                                            "children": [
                                                {
                                                    "operator_name": "READ_PARQUET ",
                                                    "cpu_time": 0.1340694710000002,
                                                    "extra_info": {
                                                        "Function": "READ_PARQUET",
                                                        "Projections": [
                                                            "id",
                                                            "posttypeid",
                                                            "acceptedanswerid",
                                                            "score",
                                                            "viewcount"
                                                        ],
                                                        "Estimated Cardinality": "3850116"
                                                    },
                                                    "cumulative_cardinality": 3850116,
                                                    "operator_type": "TABLE_SCAN",
                                                    "operator_cardinality": 3850116,
                                                    "cumulative_rows_scanned": 3850116,
                                                    "operator_rows_scanned": 3850116,
                                                    "operator_timing": 0.1340694710000002,
                                                    "result_set_size": 69302088,
                                                    "children": []
                                                },
                                                {
                                                    "operator_name": "READ_PARQUET ",
                                                    "cpu_time": 0.000337621,
                                                    "extra_info": {
                                                        "Function": "READ_PARQUET",
                                                        "Projections": [
                                                            "id",
                                                            "name"
                                                        ],
                                                        "Filters": "id<=7",
                                                        "Estimated Cardinality": "8"
                                                    },
                                                    "cumulative_cardinality": 7,
                                                    "operator_type": "TABLE_SCAN",
                                                    "operator_cardinality": 7,
                                                    "cumulative_rows_scanned": 8,
                                                    "operator_rows_scanned": 8,
                                                    "operator_timing": 0.000337621,
                                                    "result_set_size": 126,
                                                    "children": []
                                                }
                                            ]
                                        }
                                    ]
                                }
                            ]
                        },
                        {
                            "operator_name": "PROJECTION",
                            "cpu_time": 1.9541361920000018,
                            "extra_info": {
                                "Projections": [
                                    "displayname",
                                    "TotalBadges",
                                    "TotalBounty",
                                    "TotalVotes"
                                ],
                                "Estimated Cardinality": "252142"
                            },
                            "cumulative_cardinality": 19928014,
                            "operator_type": "PROJECTION",
                            "operator_cardinality": 11421,
                            "cumulative_rows_scanned": 16326527,
                            "operator_rows_scanned": 0,
                            "operator_timing": 0.000158656,
                            "result_set_size": 639576,
                            "children": [
                                {
                                    "operator_name": "FILTER",
                                    "cpu_time": 1.9539775360000018,
                                    "extra_info": {
                                        "Expression": "(COALESCE(sum(CASE  WHEN ((creationdate IS NOT NULL)) THEN (CAST(1 AS INTEGER)) ELSE CAST(0 AS INTEGER) END), 0) > 0)",
                                        "Estimated Cardinality": "252142"
                                    },
                                    "cumulative_cardinality": 19916593,
                                    "operator_type": "FILTER",
                                    "operator_cardinality": 11421,
                                    "cumulative_rows_scanned": 16326527,
                                    "operator_rows_scanned": 0,
                                    "operator_timing": 0.008117650999999993,
                                    "result_set_size": 639576,
                                    "children": [
                                        {
                                            "operator_name": "HASH_GROUP_BY",
                                            "cpu_time": 1.9458598850000017,
                                            "extra_info": {
                                                "Groups": "#0",
                                                "Aggregates": [
                                                    "count(DISTINCT #1)",
                                                    "sum(#2)",
                                                    "sum(#3)"
                                                ],
                                                "Estimated Cardinality": "1260710"
                                            },
                                            "cumulative_cardinality": 19905172,
                                            "operator_type": "HASH_GROUP_BY",
                                            "operator_cardinality": 1045736,
                                            "cumulative_rows_scanned": 16326527,
                                            "operator_rows_scanned": 0,
                                            "operator_timing": 0.9734573510000004,
                                            "result_set_size": 58561216,
                                            "children": [
                                                {
                                                    "operator_name": "PROJECTION",
                                                    "cpu_time": 0.9724025340000014,
                                                    "extra_info": {
                                                        "Projections": [
                                                            "displayname",
                                                            "id",
                                                            "bountyamount",
                                                            "CASE  WHEN ((creationdate IS NOT NULL)) THEN (1) ELSE 0 END"
                                                        ],
                                                        "Estimated Cardinality": "12744093"
                                                    },
                                                    "cumulative_cardinality": 18859436,
                                                    "operator_type": "PROJECTION",
                                                    "operator_cardinality": 6101651,
                                                    "cumulative_rows_scanned": 16326527,
                                                    "operator_rows_scanned": 0,
                                                    "operator_timing": 0.01548224900000006,
                                                    "result_set_size": 170846228,
                                                    "children": [
                                                        {
                                                            "operator_name": "HASH_JOIN",
                                                            "cpu_time": 0.9569202850000014,
                                                            "extra_info": {
                                                                "Join Type": "RIGHT",
                                                                "Conditions": "userid = id",
                                                                "Estimated Cardinality": "12744093"
                                                            },
                                                            "cumulative_cardinality": 12757785,
                                                            "operator_type": "HASH_JOIN",
                                                            "operator_cardinality": 6101651,
                                                            "cumulative_rows_scanned": 16326527,
                                                            "operator_rows_scanned": 0,
                                                            "operator_timing": 0.43854231200000043,
                                                            "result_set_size": 195252832,
                                                            "children": [
                                                                {
                                                                    "operator_name": "READ_PARQUET ",
                                                                    "cpu_time": 0.18409821800000062,
                                                                    "extra_info": {
                                                                        "Function": "READ_PARQUET",
                                                                        "Projections": [
                                                                            "userid",
                                                                            "creationdate",
                                                                            "bountyamount"
                                                                        ],
                                                                        "Estimated Cardinality": "12744093"
                                                                    },
                                                                    "cumulative_cardinality": 40287,
                                                                    "operator_type": "TABLE_SCAN",
                                                                    "operator_cardinality": 40287,
                                                                    "cumulative_rows_scanned": 12744093,
                                                                    "operator_rows_scanned": 12744093,
                                                                    "operator_timing": 0.18409821800000062,
                                                                    "result_set_size": 644592,
                                                                    "children": []
                                                                },
                                                                {
                                                                    "operator_name": "HASH_JOIN",
                                                                    "cpu_time": 0.3342797550000003,
                                                                    "extra_info": {
                                                                        "Join Type": "RIGHT",
                                                                        "Conditions": "userid = id",
                                                                        "Estimated Cardinality": "2321724"
                                                                    },
                                                                    "cumulative_cardinality": 6615847,
                                                                    "operator_type": "HASH_JOIN",
                                                                    "operator_cardinality": 3033413,
                                                                    "cumulative_rows_scanned": 3582434,
                                                                    "operator_rows_scanned": 0,
                                                                    "operator_timing": 0.2103080270000004,
                                                                    "result_set_size": 72801912,
                                                                    "children": [
                                                                        {
                                                                            "operator_name": "READ_PARQUET ",
                                                                            "cpu_time": 0.04535624200000001,
                                                                            "extra_info": {
                                                                                "Function": "READ_PARQUET",
                                                                                "Projections": [
                                                                                    "id",
                                                                                    "userid"
                                                                                ],
                                                                                "Estimated Cardinality": "2321724"
                                                                            },
                                                                            "cumulative_cardinality": 2321724,
                                                                            "operator_type": "TABLE_SCAN",
                                                                            "operator_cardinality": 2321724,
                                                                            "cumulative_rows_scanned": 2321724,
                                                                            "operator_rows_scanned": 2321724,
                                                                            "operator_timing": 0.04535624200000001,
                                                                            "result_set_size": 18573792,
                                                                            "children": []
                                                                        },
                                                                        {
                                                                            "operator_name": "READ_PARQUET ",
                                                                            "cpu_time": 0.07861548599999992,
                                                                            "extra_info": {
                                                                                "Function": "READ_PARQUET",
                                                                                "Projections": [
                                                                                    "id",
                                                                                    "displayname"
                                                                                ],
                                                                                "Estimated Cardinality": "1260710"
                                                                            },
                                                                            "cumulative_cardinality": 1260710,
                                                                            "operator_type": "TABLE_SCAN",
                                                                            "operator_cardinality": 1260710,
                                                                            "cumulative_rows_scanned": 1260710,
                                                                            "operator_rows_scanned": 1260710,
                                                                            "operator_timing": 0.07861548599999992,
                                                                            "result_set_size": 25214200,
                                                                            "children": []
                                                                        }
                                                                    ]
                                                                }
                                                            ]
                                                        }
                                                    ]
                                                }
                                            ]
                                        }
                                    ]
                                }
                            ]
                        }
                    ]
                }
            ]
        }
    ]
}