{
    "rows_returned": 10,
    "query_name": "WITH PostStats AS (\n    SELECT \n        P.Id AS PostId,\n        P.Title,\n        P.CreationDate,\n        COUNT(CASE WHEN C.Id IS NOT NULL THEN 1 END) AS CommentCount,\n        COUNT(DISTINCT V.Id) AS VoteCount,\n        COUNT(DISTINCT A.Id) AS AnswerCount,\n        (SELECT COUNT(*) FROM PostHistory PH WHERE PH.PostId = P.Id) AS HistoryCount\n    FROM \n        Posts P\n        LEFT JOIN Comments C ON P.Id = C.PostId\n        LEFT JOIN Votes V ON P.Id = V.PostId\n        LEFT JOIN Posts A ON P.Id = A.ParentId\n    WHERE \n        P.PostTypeId = 1  \n    GROUP BY \n        P.Id, P.Title, P.CreationDate\n)\nSELECT \n    PS.PostId,\n    PS.Title,\n    PS.CreationDate,\n    PS.CommentCount,\n    PS.VoteCount,\n    PS.AnswerCount,\n    PS.HistoryCount,\n    (PS.CommentCount + PS.VoteCount + PS.AnswerCount + PS.HistoryCount) AS TotalEngagement\nFROM \n    PostStats PS\nORDER BY \n    TotalEngagement DESC\nLIMIT 10;",
    "blocked_thread_time": 0.0,
    "cpu_time": 14.248241744000005,
    "extra_info": {},
    "cumulative_cardinality": 232586563,
    "cumulative_rows_scanned": 39481391,
    "result_set_size": 680,
    "latency": 16.655348948,
    "children": [
        {
            "operator_name": "STREAMING_LIMIT",
            "cpu_time": 14.248241744000005,
            "extra_info": {},
            "cumulative_cardinality": 232586563,
            "operator_type": "STREAMING_LIMIT",
            "operator_cardinality": 10,
            "cumulative_rows_scanned": 39481391,
            "operator_rows_scanned": 0,
            "operator_timing": 0.0000022750000000000002,
            "result_set_size": 680,
            "children": [
                {
                    "operator_name": "ORDER_BY",
                    "cpu_time": 14.248239469000005,
                    "extra_info": {
                        "Order By": "(((PS.CommentCount + PS.VoteCount) + PS.AnswerCount) + PS.HistoryCount) DESC"
                    },
                    "cumulative_cardinality": 232586553,
                    "operator_type": "ORDER_BY",
                    "operator_cardinality": 4096,
                    "cumulative_rows_scanned": 39481391,
                    "operator_rows_scanned": 0,
                    "operator_timing": 0.08806968499999997,
                    "result_set_size": 278528,
                    "children": [
                        {
                            "operator_name": "PROJECTION",
                            "cpu_time": 14.160169784000004,
                            "extra_info": {
                                "Projections": [
                                    "PostId",
                                    "title",
                                    "creationdate",
                                    "CommentCount",
                                    "VoteCount",
                                    "AnswerCount",
                                    "HistoryCount",
                                    "TotalEngagement"
                                ],
                                "Estimated Cardinality": "3850116"
                            },
                            "cumulative_cardinality": 232582457,
                            "operator_type": "PROJECTION",
                            "operator_cardinality": 1668164,
                            "cumulative_rows_scanned": 39481391,
                            "operator_rows_scanned": 0,
                            "operator_timing": 0.01699357199999999,
                            "result_set_size": 113435152,
                            "children": [
                                {
                                    "operator_name": "LEFT_DELIM_JOIN",
                                    "cpu_time": 14.143176212000004,
                                    "extra_info": {
                                        "Join Type": "SINGLE",
                                        "Conditions": "id IS NOT DISTINCT FROM id",
                                        "Estimated Cardinality": "3850116",
                                        "Delim Index": "1"
                                    },
                                    "cumulative_cardinality": 230914293,
                                    "operator_type": "LEFT_DELIM_JOIN",
                                    "operator_cardinality": 0,
                                    "cumulative_rows_scanned": 39481391,
                                    "operator_rows_scanned": 0,
                                    "operator_timing": 0.13175406399999987,
                                    "result_set_size": 0,
                                    "children": [
                                        {
                                            "operator_name": "HASH_GROUP_BY",
                                            "cpu_time": 12.862926284000006,
                                            "extra_info": {
                                                "Groups": [
                                                    "#0",
                                                    "#1",
                                                    "#2"
                                                ],
                                                "Aggregates": [
                                                    "count(#3)",
                                                    "count(DISTINCT #4)",
                                                    "count(DISTINCT #5)"
                                                ],
                                                "Estimated Cardinality": "3850116"
                                            },
                                            "cumulative_cardinality": 183248695,
                                            "operator_type": "HASH_GROUP_BY",
                                            "operator_cardinality": 1668164,
                                            "cumulative_rows_scanned": 27686147,
                                            "operator_rows_scanned": 0,
                                            "operator_timing": 9.470578771999989,
                                            "result_set_size": 86744528,
                                            "children": [
                                                {
                                                    "operator_name": "PROJECTION",
                                                    "cpu_time": 3.392347512000017,
                                                    "extra_info": {
                                                        "Projections": [
                                                            "id",
                                                            "title",
                                                            "creationdate",
                                                            "CASE  WHEN ((id IS NOT NULL)) THEN (1) ELSE NULL END",
                                                            "id",
                                                            "id"
                                                        ],
                                                        "Estimated Cardinality": "12744093"
                                                    },
                                                    "cumulative_cardinality": 181580531,
                                                    "operator_type": "PROJECTION",
                                                    "operator_cardinality": 67247136,
                                                    "cumulative_rows_scanned": 27686147,
                                                    "operator_rows_scanned": 0,
                                                    "operator_timing": 0.19052698600000084,
                                                    "result_set_size": 2689885440,
                                                    "children": [
                                                        {
                                                            "operator_name": "HASH_JOIN",
                                                            "cpu_time": 3.201820526000016,
                                                            "extra_info": {
                                                                "Join Type": "LEFT",
                                                                "Conditions": "id = parentid",
                                                                "Estimated Cardinality": "12744093"
                                                            },
                                                            "cumulative_cardinality": 114333395,
                                                            "operator_type": "HASH_JOIN",
                                                            "operator_cardinality": 67247136,
                                                            "cumulative_rows_scanned": 27686147,
                                                            "operator_rows_scanned": 0,
                                                            "operator_timing": 0.8952687770000158,
                                                            "result_set_size": 2689885440,
                                                            "children": [
                                                                {
                                                                    "operator_name": "HASH_JOIN",
                                                                    "cpu_time": 2.255201211,
                                                                    "extra_info": {
                                                                        "Join Type": "RIGHT",
                                                                        "Conditions": "postid = id",
                                                                        "Estimated Cardinality": "12744093"
                                                                    },
                                                                    "cumulative_cardinality": 43236143,
                                                                    "operator_type": "HASH_JOIN",
                                                                    "operator_cardinality": 16904139,
                                                                    "cumulative_rows_scanned": 23836031,
                                                                    "operator_rows_scanned": 0,
                                                                    "operator_timing": 1.027594882,
                                                                    "result_set_size": 608549004,
                                                                    "children": [
                                                                        {
                                                                            "operator_name": "READ_PARQUET ",
                                                                            "cpu_time": 0.24599087100000092,
                                                                            "extra_info": {
                                                                                "Function": "READ_PARQUET",
                                                                                "Projections": [
                                                                                    "id",
                                                                                    "postid"
                                                                                ],
                                                                                "Estimated Cardinality": "12744093"
                                                                            },
                                                                            "cumulative_cardinality": 12744093,
                                                                            "operator_type": "TABLE_SCAN",
                                                                            "operator_cardinality": 12744093,
                                                                            "cumulative_rows_scanned": 12744093,
                                                                            "operator_rows_scanned": 12744093,
                                                                            "operator_timing": 0.24599087100000092,
                                                                            "result_set_size": 101952744,
                                                                            "children": []
                                                                        },
                                                                        {
                                                                            "operator_name": "HASH_JOIN",
                                                                            "cpu_time": 0.9816154579999994,
                                                                            "extra_info": {
                                                                                "Join Type": "RIGHT",
                                                                                "Conditions": "postid = id",
                                                                                "Estimated Cardinality": "7241822"
                                                                            },
                                                                            "cumulative_cardinality": 13587911,
                                                                            "operator_type": "HASH_JOIN",
                                                                            "operator_cardinality": 4677925,
                                                                            "cumulative_rows_scanned": 11091938,
                                                                            "operator_rows_scanned": 0,
                                                                            "operator_timing": 0.4145376679999993,
                                                                            "result_set_size": 149693600,
                                                                            "children": [
                                                                                {
                                                                                    "operator_name": "READ_PARQUET ",
                                                                                    "cpu_time": 0.12861096499999988,
                                                                                    "extra_info": {
                                                                                        "Function": "READ_PARQUET",
                                                                                        "Projections": [
                                                                                            "id",
                                                                                            "postid"
                                                                                        ],
                                                                                        "Estimated Cardinality": "7241822"
                                                                                    },
                                                                                    "cumulative_cardinality": 7241822,
                                                                                    "operator_type": "TABLE_SCAN",
                                                                                    "operator_cardinality": 7241822,
                                                                                    "cumulative_rows_scanned": 7241822,
                                                                                    "operator_rows_scanned": 7241822,
                                                                                    "operator_timing": 0.12861096499999988,
                                                                                    "result_set_size": 57934576,
                                                                                    "children": []
                                                                                },
                                                                                {
                                                                                    "operator_name": "READ_PARQUET ",
                                                                                    "cpu_time": 0.4384668250000003,
                                                                                    "extra_info": {
                                                                                        "Function": "READ_PARQUET",
                                                                                        "Projections": [
                                                                                            "id",
                                                                                            "creationdate",
                                                                                            "title"
                                                                                        ],
                                                                                        "Filters": "posttypeid=1",
                                                                                        "Estimated Cardinality": "770023"
                                                                                    },
                                                                                    "cumulative_cardinality": 1668164,
                                                                                    "operator_type": "TABLE_SCAN",
                                                                                    "operator_cardinality": 1668164,
                                                                                    "cumulative_rows_scanned": 3850116,
                                                                                    "operator_rows_scanned": 3850116,
                                                                                    "operator_timing": 0.4384668250000003,
                                                                                    "result_set_size": 46708592,
                                                                                    "children": []
                                                                                }
                                                                            ]
                                                                        }
                                                                    ]
                                                                },
                                                                {
                                                                    "operator_name": "READ_PARQUET ",
                                                                    "cpu_time": 0.05135053799999994,
                                                                    "extra_info": {
                                                                        "Function": "READ_PARQUET",
                                                                        "Projections": [
                                                                            "id",
                                                                            "parentid"
                                                                        ],
                                                                        "Estimated Cardinality": "3850116"
                                                                    },
                                                                    "cumulative_cardinality": 3850116,
                                                                    "operator_type": "TABLE_SCAN",
                                                                    "operator_cardinality": 3850116,
                                                                    "cumulative_rows_scanned": 3850116,
                                                                    "operator_rows_scanned": 3850116,
                                                                    "operator_timing": 0.05135053799999994,
                                                                    "result_set_size": 30800928,
                                                                    "children": []
                                                                }
                                                            ]
                                                        }
                                                    ]
                                                }
                                            ]
                                        },
                                        {
                                            "operator_name": "HASH_JOIN",
                                            "cpu_time": 1.1382670110000004,
                                            "extra_info": {
                                                "Join Type": "SINGLE",
                                                "Conditions": "id IS NOT DISTINCT FROM id",
                                                "Estimated Cardinality": "3850116"
                                            },
                                            "cumulative_cardinality": 44329270,
                                            "operator_type": "HASH_JOIN",
                                            "operator_cardinality": 1668164,
                                            "cumulative_rows_scanned": 11795244,
                                            "operator_rows_scanned": 0,
                                            "operator_timing": 0.1582742080000003,
                                            "result_set_size": 100089840,
                                            "children": [
                                                {
                                                    "operator_name": "COLUMN_DATA_SCAN",
                                                    "cpu_time": 0.009404745999999986,
                                                    "extra_info": {
                                                        "Estimated Cardinality": "3850116"
                                                    },
                                                    "cumulative_cardinality": 1668164,
                                                    "operator_type": "COLUMN_DATA_SCAN",
                                                    "operator_cardinality": 1668164,
                                                    "cumulative_rows_scanned": 0,
                                                    "operator_rows_scanned": 0,
                                                    "operator_timing": 0.009404745999999986,
                                                    "result_set_size": 86744528,
                                                    "children": []
                                                },
                                                {
                                                    "operator_name": "PROJECTION",
                                                    "cpu_time": 0.9705880570000002,
                                                    "extra_info": {
                                                        "Projections": [
                                                            "CASE  WHEN ((count_star() IS NULL)) THEN (0) ELSE count_star() END",
                                                            "id"
                                                        ],
                                                        "Estimated Cardinality": "2948811"
                                                    },
                                                    "cumulative_cardinality": 40992942,
                                                    "operator_type": "PROJECTION",
                                                    "operator_cardinality": 1668164,
                                                    "cumulative_rows_scanned": 11795244,
                                                    "operator_rows_scanned": 0,
                                                    "operator_timing": 0.002989383999999993,
                                                    "result_set_size": 20017968,
                                                    "children": [
                                                        {
                                                            "operator_name": "HASH_JOIN",
                                                            "cpu_time": 0.9675986730000001,
                                                            "extra_info": {
                                                                "Join Type": "RIGHT",
                                                                "Conditions": "#0 IS NOT DISTINCT FROM id",
                                                                "Estimated Cardinality": "2948811"
                                                            },
                                                            "cumulative_cardinality": 39324778,
                                                            "operator_type": "HASH_JOIN",
                                                            "operator_cardinality": 1668164,
                                                            "cumulative_rows_scanned": 11795244,
                                                            "operator_rows_scanned": 0,
                                                            "operator_timing": 0.1274178660000001,
                                                            "result_set_size": 20017968,
                                                            "children": [
                                                                {
                                                                    "operator_name": "HASH_GROUP_BY",
                                                                    "cpu_time": 0.840180807,
                                                                    "extra_info": {
                                                                        "Groups": "#0",
                                                                        "Aggregates": "count_star()",
                                                                        "Estimated Cardinality": "2948811"
                                                                    },
                                                                    "cumulative_cardinality": 37656614,
                                                                    "operator_type": "HASH_GROUP_BY",
                                                                    "operator_cardinality": 1668164,
                                                                    "cumulative_rows_scanned": 11795244,
                                                                    "operator_rows_scanned": 0,
                                                                    "operator_timing": 0.2692306790000001,
                                                                    "result_set_size": 20017968,
                                                                    "children": [
                                                                        {
                                                                            "operator_name": "PROJECTION",
                                                                            "cpu_time": 0.5709501279999999,
                                                                            "extra_info": {
                                                                                "Projections": "id",
                                                                                "Estimated Cardinality": "5897622"
                                                                            },
                                                                            "cumulative_cardinality": 35988450,
                                                                            "operator_type": "PROJECTION",
                                                                            "operator_cardinality": 8064402,
                                                                            "cumulative_rows_scanned": 11795244,
                                                                            "operator_rows_scanned": 0,
                                                                            "operator_timing": 0.000953228000000003,
                                                                            "result_set_size": 32257608,
                                                                            "children": [
                                                                                {
                                                                                    "operator_name": "PROJECTION",
                                                                                    "cpu_time": 0.5699968999999999,
                                                                                    "extra_info": {
                                                                                        "Projections": "id",
                                                                                        "Estimated Cardinality": "5897622"
                                                                                    },
                                                                                    "cumulative_cardinality": 27924048,
                                                                                    "operator_type": "PROJECTION",
                                                                                    "operator_cardinality": 8064402,
                                                                                    "cumulative_rows_scanned": 11795244,
                                                                                    "operator_rows_scanned": 0,
                                                                                    "operator_timing": 0.0010330210000000025,
                                                                                    "result_set_size": 32257608,
                                                                                    "children": [
                                                                                        {
                                                                                            "operator_name": "HASH_JOIN",
                                                                                            "cpu_time": 0.5689638789999999,
                                                                                            "extra_info": {
                                                                                                "Join Type": "INNER",
                                                                                                "Conditions": "postid = id",
                                                                                                "Estimated Cardinality": "5897622"
                                                                                            },
                                                                                            "cumulative_cardinality": 19859646,
                                                                                            "operator_type": "HASH_JOIN",
                                                                                            "operator_cardinality": 8064402,
                                                                                            "cumulative_rows_scanned": 11795244,
                                                                                            "operator_rows_scanned": 0,
                                                                                            "operator_timing": 0.43081949600000025,
                                                                                            "result_set_size": 64515216,
                                                                                            "children": [
                                                                                                {
                                                                                                    "operator_name": "READ_PARQUET ",
                                                                                                    "cpu_time": 0.13814438299999968,
                                                                                                    "extra_info": {
                                                                                                        "Function": "READ_PARQUET",
                                                                                                        "Projections": "postid",
                                                                                                        "Estimated Cardinality": "11795244"
                                                                                                    },
                                                                                                    "cumulative_cardinality": 11795244,
                                                                                                    "operator_type": "TABLE_SCAN",
                                                                                                    "operator_cardinality": 11795244,
                                                                                                    "cumulative_rows_scanned": 11795244,
                                                                                                    "operator_rows_scanned": 11795244,
                                                                                                    "operator_timing": 0.13814438299999968,
                                                                                                    "result_set_size": 47180976,
                                                                                                    "children": []
                                                                                                },
                                                                                                {
                                                                                                    "operator_name": "DELIM_SCAN",
                                                                                                    "cpu_time": 0.0,
                                                                                                    "extra_info": {
                                                                                                        "Delim Index": "1",
                                                                                                        "Estimated Cardinality": "1925058"
                                                                                                    },
                                                                                                    "cumulative_cardinality": 0,
                                                                                                    "operator_type": "DELIM_SCAN",
                                                                                                    "operator_cardinality": 0,
                                                                                                    "cumulative_rows_scanned": 0,
                                                                                                    "operator_rows_scanned": 0,
                                                                                                    "operator_timing": 0.0,
                                                                                                    "result_set_size": 0,
                                                                                                    "children": []
                                                                                                }
                                                                                            ]
                                                                                        }
                                                                                    ]
                                                                                }
                                                                            ]
                                                                        }
                                                                    ]
                                                                },
                                                                {
                                                                    "operator_name": "DELIM_SCAN",
                                                                    "cpu_time": 0.0,
                                                                    "extra_info": {
                                                                        "Delim Index": "1",
                                                                        "Estimated Cardinality": "1925058"
                                                                    },
                                                                    "cumulative_cardinality": 0,
                                                                    "operator_type": "DELIM_SCAN",
                                                                    "operator_cardinality": 0,
                                                                    "cumulative_rows_scanned": 0,
                                                                    "operator_rows_scanned": 0,
                                                                    "operator_timing": 0.0,
                                                                    "result_set_size": 0,
                                                                    "children": []
                                                                }
                                                            ]
                                                        }
                                                    ]
                                                }
                                            ]
                                        },
                                        {
                                            "operator_name": "HASH_GROUP_BY",
                                            "cpu_time": 0.010228853000000006,
                                            "extra_info": {
                                                "Groups": "#0",
                                                "Aggregates": "",
                                                "Estimated Cardinality": "3850116"
                                            },
                                            "cumulative_cardinality": 3336328,
                                            "operator_type": "HASH_GROUP_BY",
                                            "operator_cardinality": 3336328,
                                            "cumulative_rows_scanned": 0,
                                            "operator_rows_scanned": 0,
                                            "operator_timing": 0.010228853000000006,
                                            "result_set_size": 13345312,
                                            "children": []
                                        }
                                    ]
                                }
                            ]
                        }
                    ]
                }
            ]
        }
    ]
}