{
    "rows_returned": 440693,
    "query_name": "SELECT \n    P.Id AS PostId,\n    P.Title,\n    P.CreationDate,\n    U.DisplayName AS OwnerDisplayName,\n    P.Score,\n    P.ViewCount,\n    COALESCE(AC.AnswerCount, 0) AS AnswerCount,\n    COALESCE(C.CommentCount, 0) AS CommentCount\nFROM \n    Posts P\nJOIN \n    Users U ON P.OwnerUserId = U.Id\nLEFT JOIN \n    (SELECT \n         ParentId,\n         COUNT(*) AS AnswerCount\n     FROM \n         Posts\n     WHERE \n         PostTypeId = 2  \n     GROUP BY \n         ParentId) AC ON P.Id = AC.ParentId\nLEFT JOIN \n    (SELECT \n         PostId,\n         COUNT(*) AS CommentCount\n     FROM \n         Comments\n     GROUP BY \n         PostId) C ON P.Id = C.PostId\nWHERE \n    P.CreationDate >= '2022-01-01'  \nORDER BY \n    P.Score DESC, P.ViewCount DESC;",
    "blocked_thread_time": 0.0,
    "cpu_time": 1.052721016,
    "extra_info": {},
    "cumulative_cardinality": 27151515,
    "cumulative_rows_scanned": 16202764,
    "result_set_size": 29967124,
    "latency": 1.581171682,
    "children": [
        {
            "operator_name": "PROJECTION",
            "cpu_time": 1.052721016,
            "extra_info": {
                "Projections": [
                    "#0",
                    "#1",
                    "#2",
                    "#3",
                    "__internal_decompress_integral_integer(#4, -72)",
                    "#5",
                    "#6",
                    "#7"
                ],
                "Estimated Cardinality": "3620911"
            },
            "cumulative_cardinality": 27151515,
            "operator_type": "PROJECTION",
            "operator_cardinality": 440693,
            "cumulative_rows_scanned": 16202764,
            "operator_rows_scanned": 0,
            "operator_timing": 0.00021964599999999986,
            "result_set_size": 29967124,
            "children": [
                {
                    "operator_name": "ORDER_BY",
                    "cpu_time": 1.05250137,
                    "extra_info": {
                        "Order By": [
                            "P.Score DESC",
                            "P.ViewCount DESC"
                        ]
                    },
                    "cumulative_cardinality": 26710822,
                    "operator_type": "ORDER_BY",
                    "operator_cardinality": 440693,
                    "cumulative_rows_scanned": 16202764,
                    "operator_rows_scanned": 0,
                    "operator_timing": 0.052270124999999994,
                    "result_set_size": 29085738,
                    "children": [
                        {
                            "operator_name": "PROJECTION",
                            "cpu_time": 1.0002312450000002,
                            "extra_info": {
                                "Projections": [
                                    "#0",
                                    "#1",
                                    "#2",
                                    "#3",
                                    "__internal_compress_integral_usmallint(#4, -72)",
                                    "#5",
                                    "#6",
                                    "#7"
                                ],
                                "Estimated Cardinality": "3620911"
                            },
                            "cumulative_cardinality": 26270129,
                            "operator_type": "PROJECTION",
                            "operator_cardinality": 440693,
                            "cumulative_rows_scanned": 16202764,
                            "operator_rows_scanned": 0,
                            "operator_timing": 0.00022303200000000007,
                            "result_set_size": 29085738,
                            "children": [
                                {
                                    "operator_name": "PROJECTION",
                                    "cpu_time": 1.000008213,
                                    "extra_info": {
                                        "Projections": [
                                            "PostId",
                                            "title",
                                            "creationdate",
                                            "OwnerDisplayName",
                                            "score",
                                            "viewcount",
                                            "AnswerCount",
                                            "CommentCount"
                                        ],
                                        "Estimated Cardinality": "3620911"
                                    },
                                    "cumulative_cardinality": 25829436,
                                    "operator_type": "PROJECTION",
                                    "operator_cardinality": 440693,
                                    "cumulative_rows_scanned": 16202764,
                                    "operator_rows_scanned": 0,
                                    "operator_timing": 0.008894102000000001,
                                    "result_set_size": 29967124,
                                    "children": [
                                        {
                                            "operator_name": "HASH_JOIN",
                                            "cpu_time": 0.9911141110000001,
                                            "extra_info": {
                                                "Join Type": "RIGHT",
                                                "Conditions": "postid = id",
                                                "Estimated Cardinality": "3620911"
                                            },
                                            "cumulative_cardinality": 25388743,
                                            "operator_type": "HASH_JOIN",
                                            "operator_cardinality": 440693,
                                            "cumulative_rows_scanned": 16202764,
                                            "operator_rows_scanned": 0,
                                            "operator_timing": 0.11383569800000007,
                                            "result_set_size": 29967124,
                                            "children": [
                                                {
                                                    "operator_name": "HASH_GROUP_BY",
                                                    "cpu_time": 0.29994950499999967,
                                                    "extra_info": {
                                                        "Groups": "#0",
                                                        "Aggregates": "count_star()",
                                                        "Estimated Cardinality": "3620911"
                                                    },
                                                    "cumulative_cardinality": 16647316,
                                                    "operator_type": "HASH_GROUP_BY",
                                                    "operator_cardinality": 2163672,
                                                    "cumulative_rows_scanned": 7241822,
                                                    "operator_rows_scanned": 0,
                                                    "operator_timing": 0.2585808969999997,
                                                    "result_set_size": 25964064,
                                                    "children": [
                                                        {
                                                            "operator_name": "PROJECTION",
                                                            "cpu_time": 0.041368607999999966,
                                                            "extra_info": {
                                                                "Projections": "postid",
                                                                "Estimated Cardinality": "7241822"
                                                            },
                                                            "cumulative_cardinality": 14483644,
                                                            "operator_type": "PROJECTION",
                                                            "operator_cardinality": 7241822,
                                                            "cumulative_rows_scanned": 7241822,
                                                            "operator_rows_scanned": 0,
                                                            "operator_timing": 0.00045127799999998997,
                                                            "result_set_size": 28967288,
                                                            "children": [
                                                                {
                                                                    "operator_name": "READ_PARQUET ",
                                                                    "cpu_time": 0.040917329999999974,
                                                                    "extra_info": {
                                                                        "Function": "READ_PARQUET",
                                                                        "Projections": "postid",
                                                                        "Estimated Cardinality": "7241822"
                                                                    },
                                                                    "cumulative_cardinality": 7241822,
                                                                    "operator_type": "TABLE_SCAN",
                                                                    "operator_cardinality": 7241822,
                                                                    "cumulative_rows_scanned": 7241822,
                                                                    "operator_rows_scanned": 7241822,
                                                                    "operator_timing": 0.040917329999999974,
                                                                    "result_set_size": 28967288,
                                                                    "children": []
                                                                }
                                                            ]
                                                        }
                                                    ]
                                                },
                                                {
                                                    "operator_name": "HASH_JOIN",
                                                    "cpu_time": 0.5773289080000004,
                                                    "extra_info": {
                                                        "Join Type": "LEFT",
                                                        "Conditions": "id = parentid",
                                                        "Estimated Cardinality": "770023"
                                                    },
                                                    "cumulative_cardinality": 8300734,
                                                    "operator_type": "HASH_JOIN",
                                                    "operator_cardinality": 440693,
                                                    "cumulative_rows_scanned": 8960942,
                                                    "operator_rows_scanned": 0,
                                                    "operator_timing": 0.08390091100000001,
                                                    "result_set_size": 26441580,
                                                    "children": [
                                                        {
                                                            "operator_name": "HASH_JOIN",
                                                            "cpu_time": 0.2844835710000001,
                                                            "extra_info": {
                                                                "Join Type": "INNER",
                                                                "Conditions": "id = owneruserid",
                                                                "Estimated Cardinality": "770023"
                                                            },
                                                            "cumulative_cardinality": 2150884,
                                                            "operator_type": "HASH_JOIN",
                                                            "operator_cardinality": 440693,
                                                            "cumulative_rows_scanned": 5110826,
                                                            "operator_rows_scanned": 0,
                                                            "operator_timing": 0.10745592000000002,
                                                            "result_set_size": 22916036,
                                                            "children": [
                                                                {
                                                                    "operator_name": "READ_PARQUET ",
                                                                    "cpu_time": 0.09084228100000001,
                                                                    "extra_info": {
                                                                        "Function": "READ_PARQUET",
                                                                        "Projections": [
                                                                            "id",
                                                                            "displayname"
                                                                        ],
                                                                        "Filters": "id<=1416539",
                                                                        "Estimated Cardinality": "1260710"
                                                                    },
                                                                    "cumulative_cardinality": 1260679,
                                                                    "operator_type": "TABLE_SCAN",
                                                                    "operator_cardinality": 1260679,
                                                                    "cumulative_rows_scanned": 1260710,
                                                                    "operator_rows_scanned": 1260710,
                                                                    "operator_timing": 0.09084228100000001,
                                                                    "result_set_size": 25213580,
                                                                    "children": []
                                                                },
                                                                {
                                                                    "operator_name": "READ_PARQUET ",
                                                                    "cpu_time": 0.08618537000000007,
                                                                    "extra_info": {
                                                                        "Function": "READ_PARQUET",
                                                                        "Projections": [
                                                                            "id",
                                                                            "creationdate",
                                                                            "score",
                                                                            "viewcount",
                                                                            "owneruserid",
                                                                            "title"
                                                                        ],
                                                                        "Filters": "creationdate>='2022-01-01 00:00:00'::TIMESTAMP",
                                                                        "Estimated Cardinality": "770023"
                                                                    },
                                                                    "cumulative_cardinality": 449512,
                                                                    "operator_type": "TABLE_SCAN",
                                                                    "operator_cardinality": 449512,
                                                                    "cumulative_rows_scanned": 3850116,
                                                                    "operator_rows_scanned": 3850116,
                                                                    "operator_timing": 0.08618537000000007,
                                                                    "result_set_size": 17980480,
                                                                    "children": []
                                                                }
                                                            ]
                                                        },
                                                        {
                                                            "operator_name": "HASH_GROUP_BY",
                                                            "cpu_time": 0.20894442600000018,
                                                            "extra_info": {
                                                                "Groups": "#0",
                                                                "Aggregates": "count_star()",
                                                                "Estimated Cardinality": "385011"
                                                            },
                                                            "cumulative_cardinality": 5709157,
                                                            "operator_type": "HASH_GROUP_BY",
                                                            "operator_cardinality": 1354571,
                                                            "cumulative_rows_scanned": 3850116,
                                                            "operator_rows_scanned": 0,
                                                            "operator_timing": 0.1084451370000001,
                                                            "result_set_size": 16254852,
                                                            "children": [
                                                                {
                                                                    "operator_name": "PROJECTION",
                                                                    "cpu_time": 0.10049928900000007,
                                                                    "extra_info": {
                                                                        "Projections": "parentid",
                                                                        "Estimated Cardinality": "770023"
                                                                    },
                                                                    "cumulative_cardinality": 4354586,
                                                                    "operator_type": "PROJECTION",
                                                                    "operator_cardinality": 2177293,
                                                                    "cumulative_rows_scanned": 3850116,
                                                                    "operator_rows_scanned": 0,
                                                                    "operator_timing": 0.0002911389999999991,
                                                                    "result_set_size": 8709172,
                                                                    "children": [
                                                                        {
                                                                            "operator_name": "READ_PARQUET ",
                                                                            "cpu_time": 0.10020815000000008,
                                                                            "extra_info": {
                                                                                "Function": "READ_PARQUET",
                                                                                "Projections": "parentid",
                                                                                "Filters": "posttypeid=2",
                                                                                "Estimated Cardinality": "770023"
                                                                            },
                                                                            "cumulative_cardinality": 2177293,
                                                                            "operator_type": "TABLE_SCAN",
                                                                            "operator_cardinality": 2177293,
                                                                            "cumulative_rows_scanned": 3850116,
                                                                            "operator_rows_scanned": 3850116,
                                                                            "operator_timing": 0.10020815000000008,
                                                                            "result_set_size": 8709172,
                                                                            "children": []
                                                                        }
                                                                    ]
                                                                }
                                                            ]
                                                        }
                                                    ]
                                                }
                                            ]
                                        }
                                    ]
                                }
                            ]
                        }
                    ]
                }
            ]
        }
    ]
}