{
    "rows_returned": 265255,
    "query_name": "SELECT \n    p.Id AS PostId,\n    p.Title,\n    p.CreationDate,\n    COUNT(c.Id) AS CommentCount,\n    COUNT(DISTINCT v.UserId) AS VoteCount,\n    SUM(CASE WHEN vt.Name = 'UpMod' THEN 1 ELSE 0 END) AS UpVotes,\n    SUM(CASE WHEN vt.Name = 'DownMod' THEN 1 ELSE 0 END) AS DownVotes,\n    SUM(CASE WHEN vt.Name = 'AcceptedByOriginator' THEN 1 ELSE 0 END) AS AcceptedVotes\nFROM \n    Posts p\nLEFT JOIN \n    Comments c ON p.Id = c.PostId\nLEFT JOIN \n    Votes v ON p.Id = v.PostId\nLEFT JOIN \n    VoteTypes vt ON v.VoteTypeId = vt.Id\nWHERE \n    p.CreationDate >= '2023-01-01'\nGROUP BY \n    p.Id, p.Title, p.CreationDate\nORDER BY \n    p.CreationDate DESC;\n",
    "blocked_thread_time": 0.0,
    "cpu_time": 0.5919234389999997,
    "extra_info": {},
    "cumulative_cardinality": 8117762,
    "cumulative_rows_scanned": 23836046,
    "result_set_size": 24403460,
    "latency": 1.23255854,
    "children": [
        {
            "operator_name": "ORDER_BY",
            "cpu_time": 0.5919234389999997,
            "extra_info": {
                "Order By": "p.CreationDate DESC"
            },
            "cumulative_cardinality": 8117762,
            "operator_type": "ORDER_BY",
            "operator_cardinality": 265255,
            "cumulative_rows_scanned": 23836046,
            "operator_rows_scanned": 0,
            "operator_timing": 0.017260482999999997,
            "result_set_size": 24403460,
            "children": [
                {
                    "operator_name": "HASH_GROUP_BY",
                    "cpu_time": 0.5746629559999996,
                    "extra_info": {
                        "Groups": [
                            "#0",
                            "#1",
                            "#2"
                        ],
                        "Aggregates": [
                            "count(#3)",
                            "count(DISTINCT #4)",
                            "sum(#5)",
                            "sum(#6)",
                            "sum(#7)"
                        ],
                        "Estimated Cardinality": "3850116"
                    },
                    "cumulative_cardinality": 7852507,
                    "operator_type": "HASH_GROUP_BY",
                    "operator_cardinality": 265255,
                    "cumulative_rows_scanned": 23836046,
                    "operator_rows_scanned": 0,
                    "operator_timing": 0.2832320799999996,
                    "result_set_size": 24403460,
                    "children": [
                        {
                            "operator_name": "PROJECTION",
                            "cpu_time": 0.29143087599999995,
                            "extra_info": {
                                "Projections": [
                                    "id",
                                    "title",
                                    "creationdate",
                                    "id",
                                    "userid",
                                    "CASE  WHEN ((name = 'UpMod')) THEN (1) ELSE 0 END",
                                    "CASE  WHEN ((name = 'DownMod')) THEN (1) ELSE 0 END",
                                    "CASE  WHEN ((name = 'AcceptedByOriginator')) THEN (1) ELSE 0 END"
                                ],
                                "Estimated Cardinality": "12744093"
                            },
                            "cumulative_cardinality": 7587252,
                            "operator_type": "PROJECTION",
                            "operator_cardinality": 1773112,
                            "cumulative_rows_scanned": 23836046,
                            "operator_rows_scanned": 0,
                            "operator_timing": 0.017406478000000003,
                            "result_set_size": 85109376,
                            "children": [
                                {
                                    "operator_name": "HASH_JOIN",
                                    "cpu_time": 0.27402439799999995,
                                    "extra_info": {
                                        "Join Type": "LEFT",
                                        "Conditions": "votetypeid = id",
                                        "Estimated Cardinality": "12744093"
                                    },
                                    "cumulative_cardinality": 5814140,
                                    "operator_type": "HASH_JOIN",
                                    "operator_cardinality": 1773112,
                                    "cumulative_rows_scanned": 23836046,
                                    "operator_rows_scanned": 0,
                                    "operator_timing": 0.030801547000000002,
                                    "result_set_size": 92201824,
                                    "children": [
                                        {
                                            "operator_name": "HASH_JOIN",
                                            "cpu_time": 0.24290698099999997,
                                            "extra_info": {
                                                "Join Type": "RIGHT",
                                                "Conditions": "postid = id",
                                                "Estimated Cardinality": "12744093"
                                            },
                                            "cumulative_cardinality": 4041013,
                                            "operator_type": "HASH_JOIN",
                                            "operator_cardinality": 1773112,
                                            "cumulative_rows_scanned": 23836031,
                                            "operator_rows_scanned": 0,
                                            "operator_timing": 0.10331477599999996,
                                            "result_set_size": 67378256,
                                            "children": [
                                                {
                                                    "operator_name": "READ_PARQUET ",
                                                    "cpu_time": 0.02292356399999999,
                                                    "extra_info": {
                                                        "Function": "READ_PARQUET",
                                                        "Projections": [
                                                            "postid",
                                                            "votetypeid",
                                                            "userid"
                                                        ],
                                                        "Estimated Cardinality": "12744093"
                                                    },
                                                    "cumulative_cardinality": 802778,
                                                    "operator_type": "TABLE_SCAN",
                                                    "operator_cardinality": 802778,
                                                    "cumulative_rows_scanned": 12744093,
                                                    "operator_rows_scanned": 12744093,
                                                    "operator_timing": 0.02292356399999999,
                                                    "result_set_size": 8027780,
                                                    "children": []
                                                },
                                                {
                                                    "operator_name": "HASH_JOIN",
                                                    "cpu_time": 0.116668641,
                                                    "extra_info": {
                                                        "Join Type": "RIGHT",
                                                        "Conditions": "postid = id",
                                                        "Estimated Cardinality": "7241822"
                                                    },
                                                    "cumulative_cardinality": 1465123,
                                                    "operator_type": "HASH_JOIN",
                                                    "operator_cardinality": 654953,
                                                    "cumulative_rows_scanned": 11091938,
                                                    "operator_rows_scanned": 0,
                                                    "operator_timing": 0.03968942000000001,
                                                    "result_set_size": 20958496,
                                                    "children": [
                                                        {
                                                            "operator_name": "READ_PARQUET ",
                                                            "cpu_time": 0.014078432000000009,
                                                            "extra_info": {
                                                                "Function": "READ_PARQUET",
                                                                "Projections": [
                                                                    "id",
                                                                    "postid"
                                                                ],
                                                                "Estimated Cardinality": "7241822"
                                                            },
                                                            "cumulative_cardinality": 544915,
                                                            "operator_type": "TABLE_SCAN",
                                                            "operator_cardinality": 544915,
                                                            "cumulative_rows_scanned": 7241822,
                                                            "operator_rows_scanned": 7241822,
                                                            "operator_timing": 0.014078432000000009,
                                                            "result_set_size": 4359320,
                                                            "children": []
                                                        },
                                                        {
                                                            "operator_name": "READ_PARQUET ",
                                                            "cpu_time": 0.06290078899999998,
                                                            "extra_info": {
                                                                "Function": "READ_PARQUET",
                                                                "Projections": [
                                                                    "id",
                                                                    "creationdate",
                                                                    "title"
                                                                ],
                                                                "Filters": "creationdate>='2023-01-01 00:00:00'::TIMESTAMP",
                                                                "Estimated Cardinality": "770023"
                                                            },
                                                            "cumulative_cardinality": 265255,
                                                            "operator_type": "TABLE_SCAN",
                                                            "operator_cardinality": 265255,
                                                            "cumulative_rows_scanned": 3850116,
                                                            "operator_rows_scanned": 3850116,
                                                            "operator_timing": 0.06290078899999998,
                                                            "result_set_size": 7427140,
                                                            "children": []
                                                        }
                                                    ]
                                                }
                                            ]
                                        },
                                        {
                                            "operator_name": "READ_PARQUET ",
                                            "cpu_time": 0.00031587,
                                            "extra_info": {
                                                "Function": "READ_PARQUET",
                                                "Projections": [
                                                    "id",
                                                    "name"
                                                ],
                                                "Estimated Cardinality": "15"
                                            },
                                            "cumulative_cardinality": 15,
                                            "operator_type": "TABLE_SCAN",
                                            "operator_cardinality": 15,
                                            "cumulative_rows_scanned": 15,
                                            "operator_rows_scanned": 15,
                                            "operator_timing": 0.00031587,
                                            "result_set_size": 270,
                                            "children": []
                                        }
                                    ]
                                }
                            ]
                        }
                    ]
                }
            ]
        }
    ]
}