{
    "rows_returned": 100,
    "query_name": "WITH UserStats AS (\n    SELECT \n        U.Id AS UserId,\n        U.Reputation,\n        COUNT(DISTINCT P.Id) AS PostCount,\n        COUNT(DISTINCT B.Id) AS BadgeCount,\n        SUM(COALESCE(V.VoteCount, 0)) AS TotalVotes,\n        SUM(COALESCE(C.CommentCount, 0)) AS TotalComments\n    FROM \n        Users U\n    LEFT JOIN \n        Posts P ON U.Id = P.OwnerUserId\n    LEFT JOIN \n        Badges B ON U.Id = B.UserId\n    LEFT JOIN (\n        SELECT \n            PostId, \n            COUNT(*) AS VoteCount \n        FROM \n            Votes \n        GROUP BY \n            PostId\n    ) V ON P.Id = V.PostId\n    LEFT JOIN (\n        SELECT \n            PostId, \n            COUNT(*) AS CommentCount \n        FROM \n            Comments \n        GROUP BY \n            PostId\n    ) C ON P.Id = C.PostId\n    GROUP BY \n        U.Id, U.Reputation\n)\n\nSELECT \n    UserId,\n    Reputation,\n    PostCount,\n    BadgeCount,\n    TotalVotes,\n    TotalComments\nFROM \n    UserStats\nWHERE \n    PostCount > 0\nORDER BY \n    Reputation DESC, TotalVotes DESC\nLIMIT 100;",
    "blocked_thread_time": 0.0,
    "cpu_time": 109.12046288000018,
    "extra_info": {},
    "cumulative_cardinality": 2403937807,
    "cumulative_rows_scanned": 27418465,
    "result_set_size": 5600,
    "latency": 121.42352539,
    "children": [
        {
            "operator_name": "STREAMING_LIMIT",
            "cpu_time": 109.12046288000018,
            "extra_info": {},
            "cumulative_cardinality": 2403937807,
            "operator_type": "STREAMING_LIMIT",
            "operator_cardinality": 100,
            "cumulative_rows_scanned": 27418465,
            "operator_rows_scanned": 0,
            "operator_timing": 0.000002986,
            "result_set_size": 5600,
            "children": [
                {
                    "operator_name": "ORDER_BY",
                    "cpu_time": 109.12045989400018,
                    "extra_info": {
                        "Order By": [
                            "UserStats.Reputation DESC",
                            "UserStats.TotalVotes DESC"
                        ]
                    },
                    "cumulative_cardinality": 2403937707,
                    "operator_type": "ORDER_BY",
                    "operator_cardinality": 4096,
                    "cumulative_rows_scanned": 27418465,
                    "operator_rows_scanned": 0,
                    "operator_timing": 0.012005494,
                    "result_set_size": 229376,
                    "children": [
                        {
                            "operator_name": "FILTER",
                            "cpu_time": 109.10845440000018,
                            "extra_info": {
                                "Expression": "(PostCount > 0)",
                                "Estimated Cardinality": "252142"
                            },
                            "cumulative_cardinality": 2403933611,
                            "operator_type": "FILTER",
                            "operator_cardinality": 371631,
                            "cumulative_rows_scanned": 27418465,
                            "operator_rows_scanned": 0,
                            "operator_timing": 0.001837717999999998,
                            "result_set_size": 20811336,
                            "children": [
                                {
                                    "operator_name": "HASH_GROUP_BY",
                                    "cpu_time": 109.10661668200018,
                                    "extra_info": {
                                        "Groups": [
                                            "#0",
                                            "#1"
                                        ],
                                        "Aggregates": [
                                            "count(DISTINCT #2)",
                                            "count(DISTINCT #3)",
                                            "sum(#4)",
                                            "sum(#5)"
                                        ],
                                        "Estimated Cardinality": "1260710"
                                    },
                                    "cumulative_cardinality": 2403561980,
                                    "operator_type": "HASH_GROUP_BY",
                                    "operator_cardinality": 1260710,
                                    "cumulative_rows_scanned": 27418465,
                                    "operator_rows_scanned": 0,
                                    "operator_timing": 37.85250507099858,
                                    "result_set_size": 70599760,
                                    "children": [
                                        {
                                            "operator_name": "PROJECTION",
                                            "cpu_time": 71.2541116110016,
                                            "extra_info": {
                                                "Projections": [
                                                    "id",
                                                    "reputation",
                                                    "id",
                                                    "id",
                                                    "COALESCE(VoteCount, 0)",
                                                    "COALESCE(CommentCount, 0)"
                                                ],
                                                "Estimated Cardinality": "6372046"
                                            },
                                            "cumulative_cardinality": 2402301270,
                                            "operator_type": "PROJECTION",
                                            "operator_cardinality": 586089549,
                                            "cumulative_rows_scanned": 27418465,
                                            "operator_rows_scanned": 0,
                                            "operator_timing": 13.080684752998899,
                                            "result_set_size": 18754865568,
                                            "children": [
                                                {
                                                    "operator_name": "HASH_JOIN",
                                                    "cpu_time": 58.17342685800271,
                                                    "extra_info": {
                                                        "Join Type": "LEFT",
                                                        "Conditions": "id = postid",
                                                        "Estimated Cardinality": "6372046"
                                                    },
                                                    "cumulative_cardinality": 1816211721,
                                                    "operator_type": "HASH_JOIN",
                                                    "operator_cardinality": 586089549,
                                                    "cumulative_rows_scanned": 27418465,
                                                    "operator_rows_scanned": 0,
                                                    "operator_timing": 11.421693489002072,
                                                    "result_set_size": 18754865568,
                                                    "children": [
                                                        {
                                                            "operator_name": "HASH_JOIN",
                                                            "cpu_time": 46.47607613600064,
                                                            "extra_info": {
                                                                "Join Type": "RIGHT",
                                                                "Conditions": "postid = id",
                                                                "Estimated Cardinality": "6372046"
                                                            },
                                                            "cumulative_cardinality": 1213474856,
                                                            "operator_type": "HASH_JOIN",
                                                            "operator_cardinality": 586089549,
                                                            "cumulative_rows_scanned": 20176643,
                                                            "operator_rows_scanned": 0,
                                                            "operator_timing": 39.37185329600057,
                                                            "result_set_size": 14066149176,
                                                            "children": [
                                                                {
                                                                    "operator_name": "HASH_GROUP_BY",
                                                                    "cpu_time": 0.5891185780000018,
                                                                    "extra_info": {
                                                                        "Groups": "#0",
                                                                        "Aggregates": "count_star()",
                                                                        "Estimated Cardinality": "6372046"
                                                                    },
                                                                    "cumulative_cardinality": 29453413,
                                                                    "operator_type": "HASH_GROUP_BY",
                                                                    "operator_cardinality": 3965227,
                                                                    "cumulative_rows_scanned": 12744093,
                                                                    "operator_rows_scanned": 0,
                                                                    "operator_timing": 0.5138699050000017,
                                                                    "result_set_size": 47582724,
                                                                    "children": [
                                                                        {
                                                                            "operator_name": "PROJECTION",
                                                                            "cpu_time": 0.07524867300000009,
                                                                            "extra_info": {
                                                                                "Projections": "postid",
                                                                                "Estimated Cardinality": "12744093"
                                                                            },
                                                                            "cumulative_cardinality": 25488186,
                                                                            "operator_type": "PROJECTION",
                                                                            "operator_cardinality": 12744093,
                                                                            "cumulative_rows_scanned": 12744093,
                                                                            "operator_rows_scanned": 0,
                                                                            "operator_timing": 0.0006638850000000034,
                                                                            "result_set_size": 50976372,
                                                                            "children": [
                                                                                {
                                                                                    "operator_name": "READ_PARQUET ",
                                                                                    "cpu_time": 0.07458478800000008,
                                                                                    "extra_info": {
                                                                                        "Function": "READ_PARQUET",
                                                                                        "Projections": "postid",
                                                                                        "Estimated Cardinality": "12744093"
                                                                                    },
                                                                                    "cumulative_cardinality": 12744093,
                                                                                    "operator_type": "TABLE_SCAN",
                                                                                    "operator_cardinality": 12744093,
                                                                                    "cumulative_rows_scanned": 12744093,
                                                                                    "operator_rows_scanned": 12744093,
                                                                                    "operator_timing": 0.07458478800000008,
                                                                                    "result_set_size": 50976372,
                                                                                    "children": []
                                                                                }
                                                                            ]
                                                                        }
                                                                    ]
                                                                },
                                                                {
                                                                    "operator_name": "HASH_JOIN",
                                                                    "cpu_time": 6.5151042620000625,
                                                                    "extra_info": {
                                                                        "Join Type": "LEFT",
                                                                        "Conditions": "id = userid",
                                                                        "Estimated Cardinality": "3850116"
                                                                    },
                                                                    "cumulative_cardinality": 597931894,
                                                                    "operator_type": "HASH_JOIN",
                                                                    "operator_cardinality": 586089549,
                                                                    "cumulative_rows_scanned": 7432550,
                                                                    "operator_rows_scanned": 0,
                                                                    "operator_timing": 6.114722649000063,
                                                                    "result_set_size": 9377432784,
                                                                    "children": [
                                                                        {
                                                                            "operator_name": "HASH_JOIN",
                                                                            "cpu_time": 0.3748490109999993,
                                                                            "extra_info": {
                                                                                "Join Type": "RIGHT",
                                                                                "Conditions": "owneruserid = id",
                                                                                "Estimated Cardinality": "3850116"
                                                                            },
                                                                            "cumulative_cardinality": 9520621,
                                                                            "operator_type": "HASH_JOIN",
                                                                            "operator_cardinality": 4574495,
                                                                            "cumulative_rows_scanned": 5110826,
                                                                            "operator_rows_scanned": 0,
                                                                            "operator_timing": 0.24909630399999927,
                                                                            "result_set_size": 54893940,
                                                                            "children": [
                                                                                {
                                                                                    "operator_name": "READ_PARQUET ",
                                                                                    "cpu_time": 0.11213406800000005,
                                                                                    "extra_info": {
                                                                                        "Function": "READ_PARQUET",
                                                                                        "Projections": [
                                                                                            "id",
                                                                                            "owneruserid"
                                                                                        ],
                                                                                        "Estimated Cardinality": "3850116"
                                                                                    },
                                                                                    "cumulative_cardinality": 3685416,
                                                                                    "operator_type": "TABLE_SCAN",
                                                                                    "operator_cardinality": 3685416,
                                                                                    "cumulative_rows_scanned": 3850116,
                                                                                    "operator_rows_scanned": 3850116,
                                                                                    "operator_timing": 0.11213406800000005,
                                                                                    "result_set_size": 29483328,
                                                                                    "children": []
                                                                                },
                                                                                {
                                                                                    "operator_name": "READ_PARQUET ",
                                                                                    "cpu_time": 0.013618639000000002,
                                                                                    "extra_info": {
                                                                                        "Function": "READ_PARQUET",
                                                                                        "Projections": [
                                                                                            "id",
                                                                                            "reputation"
                                                                                        ],
                                                                                        "Estimated Cardinality": "1260710"
                                                                                    },
                                                                                    "cumulative_cardinality": 1260710,
                                                                                    "operator_type": "TABLE_SCAN",
                                                                                    "operator_cardinality": 1260710,
                                                                                    "cumulative_rows_scanned": 1260710,
                                                                                    "operator_rows_scanned": 1260710,
                                                                                    "operator_timing": 0.013618639000000002,
                                                                                    "result_set_size": 10085680,
                                                                                    "children": []
                                                                                }
                                                                            ]
                                                                        },
                                                                        {
                                                                            "operator_name": "READ_PARQUET ",
                                                                            "cpu_time": 0.025532601999999974,
                                                                            "extra_info": {
                                                                                "Function": "READ_PARQUET",
                                                                                "Projections": [
                                                                                    "id",
                                                                                    "userid"
                                                                                ],
                                                                                "Estimated Cardinality": "2321724"
                                                                            },
                                                                            "cumulative_cardinality": 2321724,
                                                                            "operator_type": "TABLE_SCAN",
                                                                            "operator_cardinality": 2321724,
                                                                            "cumulative_rows_scanned": 2321724,
                                                                            "operator_rows_scanned": 2321724,
                                                                            "operator_timing": 0.025532601999999974,
                                                                            "result_set_size": 18573792,
                                                                            "children": []
                                                                        }
                                                                    ]
                                                                }
                                                            ]
                                                        },
                                                        {
                                                            "operator_name": "HASH_GROUP_BY",
                                                            "cpu_time": 0.2756572329999999,
                                                            "extra_info": {
                                                                "Groups": "#0",
                                                                "Aggregates": "count_star()",
                                                                "Estimated Cardinality": "3620911"
                                                            },
                                                            "cumulative_cardinality": 16647316,
                                                            "operator_type": "HASH_GROUP_BY",
                                                            "operator_cardinality": 2163672,
                                                            "cumulative_rows_scanned": 7241822,
                                                            "operator_rows_scanned": 0,
                                                            "operator_timing": 0.23551861199999988,
                                                            "result_set_size": 25964064,
                                                            "children": [
                                                                {
                                                                    "operator_name": "PROJECTION",
                                                                    "cpu_time": 0.04013862100000002,
                                                                    "extra_info": {
                                                                        "Projections": "postid",
                                                                        "Estimated Cardinality": "7241822"
                                                                    },
                                                                    "cumulative_cardinality": 14483644,
                                                                    "operator_type": "PROJECTION",
                                                                    "operator_cardinality": 7241822,
                                                                    "cumulative_rows_scanned": 7241822,
                                                                    "operator_rows_scanned": 0,
                                                                    "operator_timing": 0.0003962939999999985,
                                                                    "result_set_size": 28967288,
                                                                    "children": [
                                                                        {
                                                                            "operator_name": "READ_PARQUET ",
                                                                            "cpu_time": 0.03974232700000002,
                                                                            "extra_info": {
                                                                                "Function": "READ_PARQUET",
                                                                                "Projections": "postid",
                                                                                "Estimated Cardinality": "7241822"
                                                                            },
                                                                            "cumulative_cardinality": 7241822,
                                                                            "operator_type": "TABLE_SCAN",
                                                                            "operator_cardinality": 7241822,
                                                                            "cumulative_rows_scanned": 7241822,
                                                                            "operator_rows_scanned": 7241822,
                                                                            "operator_timing": 0.03974232700000002,
                                                                            "result_set_size": 28967288,
                                                                            "children": []
                                                                        }
                                                                    ]
                                                                }
                                                            ]
                                                        }
                                                    ]
                                                }
                                            ]
                                        }
                                    ]
                                }
                            ]
                        }
                    ]
                }
            ]
        }
    ]
}