{
    "rows_returned": 50,
    "query_name": "\nWITH UserPostStats AS (\n    SELECT \n        U.Id AS UserId,\n        U.DisplayName,\n        COUNT(P.Id) AS TotalPosts,\n        COALESCE(SUM(CASE WHEN P.PostTypeId = 1 THEN 1 ELSE 0 END), 0) AS TotalQuestions,\n        COALESCE(SUM(CASE WHEN P.PostTypeId = 2 THEN 1 ELSE 0 END), 0) AS TotalAnswers,\n        COALESCE(AVG(P.Score), 0) AS AvgScore\n    FROM \n        Users U\n    LEFT JOIN \n        Posts P ON U.Id = P.OwnerUserId\n    GROUP BY \n        U.Id, U.DisplayName\n),\nUserBadgeStats AS (\n    SELECT \n        B.UserId,\n        COUNT(B.Id) AS TotalBadges,\n        SUM(CASE WHEN B.Class = 1 THEN 1 ELSE 0 END) AS GoldBadges,\n        SUM(CASE WHEN B.Class = 2 THEN 1 ELSE 0 END) AS SilverBadges,\n        SUM(CASE WHEN B.Class = 3 THEN 1 ELSE 0 END) AS BronzeBadges\n    FROM \n        Badges B\n    GROUP BY \n        B.UserId\n)\nSELECT \n    UPS.UserId,\n    UPS.DisplayName,\n    UPS.TotalPosts,\n    UPS.TotalQuestions,\n    UPS.TotalAnswers,\n    UPS.AvgScore,\n    COALESCE(UBS.TotalBadges, 0) AS TotalBadges,\n    COALESCE(UBS.GoldBadges, 0) AS GoldBadges,\n    COALESCE(UBS.SilverBadges, 0) AS SilverBadges,\n    COALESCE(UBS.BronzeBadges, 0) AS BronzeBadges,\n    COUNT(DISTINCT C.Id) AS TotalComments,\n    SUM(COALESCE(C.Score, 0)) AS TotalCommentScores\nFROM \n    UserPostStats UPS\nLEFT JOIN \n    UserBadgeStats UBS ON UPS.UserId = UBS.UserId\nLEFT JOIN \n    Comments C ON UPS.UserId = C.UserId\nWHERE \n    UPS.TotalPosts > 0\nGROUP BY \n    UPS.UserId, UPS.DisplayName, UPS.TotalPosts, UPS.TotalQuestions, UPS.TotalAnswers, UPS.AvgScore, \n    UBS.TotalBadges, UBS.GoldBadges, UBS.SilverBadges, UBS.BronzeBadges\nORDER BY \n    UPS.TotalPosts DESC, UPS.AvgScore DESC\nLIMIT 50 OFFSET 0;\n",
    "blocked_thread_time": 0.0,
    "cpu_time": 4.480748137999992,
    "extra_info": {},
    "cumulative_cardinality": 43430033,
    "cumulative_rows_scanned": 14674372,
    "result_set_size": 7400,
    "latency": 6.151015198,
    "children": [
        {
            "operator_name": "STREAMING_LIMIT",
            "cpu_time": 4.480748137999992,
            "extra_info": {},
            "cumulative_cardinality": 43430033,
            "operator_type": "STREAMING_LIMIT",
            "operator_cardinality": 50,
            "cumulative_rows_scanned": 14674372,
            "operator_rows_scanned": 0,
            "operator_timing": 0.000002616,
            "result_set_size": 7400,
            "children": [
                {
                    "operator_name": "ORDER_BY",
                    "cpu_time": 4.480745521999992,
                    "extra_info": {
                        "Order By": [
                            "UPS.TotalPosts DESC",
                            "UPS.AvgScore DESC"
                        ]
                    },
                    "cumulative_cardinality": 43429983,
                    "operator_type": "ORDER_BY",
                    "operator_cardinality": 4096,
                    "cumulative_rows_scanned": 14674372,
                    "operator_rows_scanned": 0,
                    "operator_timing": 0.02302573299999999,
                    "result_set_size": 606208,
                    "children": [
                        {
                            "operator_name": "PROJECTION",
                            "cpu_time": 4.457719788999992,
                            "extra_info": {
                                "Projections": [
                                    "UserId",
                                    "displayname",
                                    "TotalPosts",
                                    "TotalQuestions",
                                    "TotalAnswers",
                                    "AvgScore",
                                    "TotalBadges",
                                    "GoldBadges",
                                    "SilverBadges",
                                    "BronzeBadges",
                                    "TotalComments",
                                    "TotalCommentScores"
                                ],
                                "Estimated Cardinality": "1260710"
                            },
                            "cumulative_cardinality": 43425887,
                            "operator_type": "PROJECTION",
                            "operator_cardinality": 371631,
                            "cumulative_rows_scanned": 14674372,
                            "operator_rows_scanned": 0,
                            "operator_timing": 0.009776753000000006,
                            "result_set_size": 55001388,
                            "children": [
                                {
                                    "operator_name": "HASH_GROUP_BY",
                                    "cpu_time": 4.447943035999993,
                                    "extra_info": {
                                        "Groups": [
                                            "#0",
                                            "#1",
                                            "#2",
                                            "#3",
                                            "#4",
                                            "#5",
                                            "#6",
                                            "#7",
                                            "#8",
                                            "#9"
                                        ],
                                        "Aggregates": [
                                            "count(DISTINCT #10)",
                                            "sum(#11)"
                                        ],
                                        "Estimated Cardinality": "1260710"
                                    },
                                    "cumulative_cardinality": 43054256,
                                    "operator_type": "HASH_GROUP_BY",
                                    "operator_cardinality": 371631,
                                    "cumulative_rows_scanned": 14674372,
                                    "operator_rows_scanned": 0,
                                    "operator_timing": 2.5309233289999913,
                                    "result_set_size": 55001388,
                                    "children": [
                                        {
                                            "operator_name": "PROJECTION",
                                            "cpu_time": 1.917019707000001,
                                            "extra_info": {
                                                "Projections": [
                                                    "UserId",
                                                    "displayname",
                                                    "TotalPosts",
                                                    "TotalQuestions",
                                                    "TotalAnswers",
                                                    "AvgScore",
                                                    "TotalBadges",
                                                    "GoldBadges",
                                                    "SilverBadges",
                                                    "BronzeBadges",
                                                    "id",
                                                    "COALESCE(score, 0)"
                                                ],
                                                "Estimated Cardinality": "7241822"
                                            },
                                            "cumulative_cardinality": 42682625,
                                            "operator_type": "PROJECTION",
                                            "operator_cardinality": 7044348,
                                            "cumulative_rows_scanned": 14674372,
                                            "operator_rows_scanned": 0,
                                            "operator_timing": 0.06224522700000002,
                                            "result_set_size": 929853936,
                                            "children": [
                                                {
                                                    "operator_name": "HASH_JOIN",
                                                    "cpu_time": 1.854774480000001,
                                                    "extra_info": {
                                                        "Join Type": "RIGHT",
                                                        "Conditions": "userid = UserId",
                                                        "Estimated Cardinality": "7241822"
                                                    },
                                                    "cumulative_cardinality": 35638277,
                                                    "operator_type": "HASH_JOIN",
                                                    "operator_cardinality": 7044348,
                                                    "cumulative_rows_scanned": 14674372,
                                                    "operator_rows_scanned": 0,
                                                    "operator_timing": 0.40208818400000046,
                                                    "result_set_size": 929853936,
                                                    "children": [
                                                        {
                                                            "operator_name": "READ_PARQUET ",
                                                            "cpu_time": 0.19428685900000012,
                                                            "extra_info": {
                                                                "Function": "READ_PARQUET",
                                                                "Projections": [
                                                                    "id",
                                                                    "score",
                                                                    "userid"
                                                                ],
                                                                "Estimated Cardinality": "7241822"
                                                            },
                                                            "cumulative_cardinality": 6930741,
                                                            "operator_type": "TABLE_SCAN",
                                                            "operator_cardinality": 6930741,
                                                            "cumulative_rows_scanned": 7241822,
                                                            "operator_rows_scanned": 7241822,
                                                            "operator_timing": 0.19428685900000012,
                                                            "result_set_size": 83168892,
                                                            "children": []
                                                        },
                                                        {
                                                            "operator_name": "HASH_JOIN",
                                                            "cpu_time": 1.2583994370000005,
                                                            "extra_info": {
                                                                "Join Type": "RIGHT",
                                                                "Conditions": "userid = UserId",
                                                                "Estimated Cardinality": "1160862"
                                                            },
                                                            "cumulative_cardinality": 21663188,
                                                            "operator_type": "HASH_JOIN",
                                                            "operator_cardinality": 371631,
                                                            "cumulative_rows_scanned": 7432550,
                                                            "operator_rows_scanned": 0,
                                                            "operator_timing": 0.04298866799999998,
                                                            "result_set_size": 46082244,
                                                            "children": [
                                                                {
                                                                    "operator_name": "HASH_GROUP_BY",
                                                                    "cpu_time": 0.18369561699999992,
                                                                    "extra_info": {
                                                                        "Groups": "#0",
                                                                        "Aggregates": [
                                                                            "count_star()",
                                                                            "sum(#1)",
                                                                            "sum(#2)",
                                                                            "sum(#3)"
                                                                        ],
                                                                        "Estimated Cardinality": "1160862"
                                                                    },
                                                                    "cumulative_cardinality": 5192469,
                                                                    "operator_type": "HASH_GROUP_BY",
                                                                    "operator_cardinality": 549021,
                                                                    "cumulative_rows_scanned": 2321724,
                                                                    "operator_rows_scanned": 0,
                                                                    "operator_timing": 0.13961170799999997,
                                                                    "result_set_size": 32941260,
                                                                    "children": [
                                                                        {
                                                                            "operator_name": "PROJECTION",
                                                                            "cpu_time": 0.04408390899999994,
                                                                            "extra_info": {
                                                                                "Projections": [
                                                                                    "userid",
                                                                                    "CASE  WHEN ((class = 1)) THEN (1) ELSE 0 END",
                                                                                    "CASE  WHEN ((class = 2)) THEN (1) ELSE 0 END",
                                                                                    "CASE  WHEN ((class = 3)) THEN (1) ELSE 0 END"
                                                                                ],
                                                                                "Estimated Cardinality": "2321724"
                                                                            },
                                                                            "cumulative_cardinality": 4643448,
                                                                            "operator_type": "PROJECTION",
                                                                            "operator_cardinality": 2321724,
                                                                            "cumulative_rows_scanned": 2321724,
                                                                            "operator_rows_scanned": 0,
                                                                            "operator_timing": 0.01329198499999994,
                                                                            "result_set_size": 37147584,
                                                                            "children": [
                                                                                {
                                                                                    "operator_name": "READ_PARQUET ",
                                                                                    "cpu_time": 0.030791924000000002,
                                                                                    "extra_info": {
                                                                                        "Function": "READ_PARQUET",
                                                                                        "Projections": [
                                                                                            "id",
                                                                                            "userid",
                                                                                            "class"
                                                                                        ],
                                                                                        "Estimated Cardinality": "2321724"
                                                                                    },
                                                                                    "cumulative_cardinality": 2321724,
                                                                                    "operator_type": "TABLE_SCAN",
                                                                                    "operator_cardinality": 2321724,
                                                                                    "cumulative_rows_scanned": 2321724,
                                                                                    "operator_rows_scanned": 2321724,
                                                                                    "operator_timing": 0.030791924000000002,
                                                                                    "result_set_size": 23217240,
                                                                                    "children": []
                                                                                }
                                                                            ]
                                                                        }
                                                                    ]
                                                                },
                                                                {
                                                                    "operator_name": "PROJECTION",
                                                                    "cpu_time": 1.0317151520000005,
                                                                    "extra_info": {
                                                                        "Projections": [
                                                                            "UserId",
                                                                            "displayname",
                                                                            "TotalPosts",
                                                                            "TotalQuestions",
                                                                            "TotalAnswers",
                                                                            "AvgScore"
                                                                        ],
                                                                        "Estimated Cardinality": "252142"
                                                                    },
                                                                    "cumulative_cardinality": 16099088,
                                                                    "operator_type": "PROJECTION",
                                                                    "operator_cardinality": 371631,
                                                                    "cumulative_rows_scanned": 5110826,
                                                                    "operator_rows_scanned": 0,
                                                                    "operator_timing": 0.006800720000000004,
                                                                    "result_set_size": 25270908,
                                                                    "children": [
                                                                        {
                                                                            "operator_name": "FILTER",
                                                                            "cpu_time": 1.0249144320000005,
                                                                            "extra_info": {
                                                                                "Expression": "(TotalPosts > 0)",
                                                                                "Estimated Cardinality": "252142"
                                                                            },
                                                                            "cumulative_cardinality": 15727457,
                                                                            "operator_type": "FILTER",
                                                                            "operator_cardinality": 371631,
                                                                            "cumulative_rows_scanned": 5110826,
                                                                            "operator_rows_scanned": 0,
                                                                            "operator_timing": 0.0018573030000000003,
                                                                            "result_set_size": 25270908,
                                                                            "children": [
                                                                                {
                                                                                    "operator_name": "HASH_GROUP_BY",
                                                                                    "cpu_time": 1.0230571290000006,
                                                                                    "extra_info": {
                                                                                        "Groups": [
                                                                                            "#0",
                                                                                            "#1"
                                                                                        ],
                                                                                        "Aggregates": [
                                                                                            "count(#2)",
                                                                                            "sum(#3)",
                                                                                            "sum(#4)",
                                                                                            "avg(#5)"
                                                                                        ],
                                                                                        "Estimated Cardinality": "1260710"
                                                                                    },
                                                                                    "cumulative_cardinality": 15355826,
                                                                                    "operator_type": "HASH_GROUP_BY",
                                                                                    "operator_cardinality": 1260710,
                                                                                    "cumulative_rows_scanned": 5110826,
                                                                                    "operator_rows_scanned": 0,
                                                                                    "operator_timing": 0.5234689220000004,
                                                                                    "result_set_size": 85728280,
                                                                                    "children": [
                                                                                        {
                                                                                            "operator_name": "PROJECTION",
                                                                                            "cpu_time": 0.4995882070000001,
                                                                                            "extra_info": {
                                                                                                "Projections": [
                                                                                                    "id",
                                                                                                    "displayname",
                                                                                                    "id",
                                                                                                    "CASE  WHEN ((posttypeid = 1)) THEN (1) ELSE 0 END",
                                                                                                    "CASE  WHEN ((posttypeid = 2)) THEN (1) ELSE 0 END",
                                                                                                    "score"
                                                                                                ],
                                                                                                "Estimated Cardinality": "3850116"
                                                                                            },
                                                                                            "cumulative_cardinality": 14095116,
                                                                                            "operator_type": "PROJECTION",
                                                                                            "operator_cardinality": 4574495,
                                                                                            "cumulative_rows_scanned": 5110826,
                                                                                            "operator_rows_scanned": 0,
                                                                                            "operator_timing": 0.050744616000000006,
                                                                                            "result_set_size": 164681820,
                                                                                            "children": [
                                                                                                {
                                                                                                    "operator_name": "HASH_JOIN",
                                                                                                    "cpu_time": 0.4488435910000001,
                                                                                                    "extra_info": {
                                                                                                        "Join Type": "RIGHT",
                                                                                                        "Conditions": "owneruserid = id",
                                                                                                        "Estimated Cardinality": "3850116"
                                                                                                    },
                                                                                                    "cumulative_cardinality": 9520621,
                                                                                                    "operator_type": "HASH_JOIN",
                                                                                                    "operator_cardinality": 4574495,
                                                                                                    "cumulative_rows_scanned": 5110826,
                                                                                                    "operator_rows_scanned": 0,
                                                                                                    "operator_timing": 0.2421652150000003,
                                                                                                    "result_set_size": 137234850,
                                                                                                    "children": [
                                                                                                        {
                                                                                                            "operator_name": "READ_PARQUET ",
                                                                                                            "cpu_time": 0.12903695899999984,
                                                                                                            "extra_info": {
                                                                                                                "Function": "READ_PARQUET",
                                                                                                                "Projections": [
                                                                                                                    "id",
                                                                                                                    "posttypeid",
                                                                                                                    "score",
                                                                                                                    "owneruserid"
                                                                                                                ],
                                                                                                                "Estimated Cardinality": "3850116"
                                                                                                            },
                                                                                                            "cumulative_cardinality": 3685416,
                                                                                                            "operator_type": "TABLE_SCAN",
                                                                                                            "operator_cardinality": 3685416,
                                                                                                            "cumulative_rows_scanned": 3850116,
                                                                                                            "operator_rows_scanned": 3850116,
                                                                                                            "operator_timing": 0.12903695899999984,
                                                                                                            "result_set_size": 51595824,
                                                                                                            "children": []
                                                                                                        },
                                                                                                        {
                                                                                                            "operator_name": "READ_PARQUET ",
                                                                                                            "cpu_time": 0.07764141699999998,
                                                                                                            "extra_info": {
                                                                                                                "Function": "READ_PARQUET",
                                                                                                                "Projections": [
                                                                                                                    "id",
                                                                                                                    "displayname"
                                                                                                                ],
                                                                                                                "Estimated Cardinality": "1260710"
                                                                                                            },
                                                                                                            "cumulative_cardinality": 1260710,
                                                                                                            "operator_type": "TABLE_SCAN",
                                                                                                            "operator_cardinality": 1260710,
                                                                                                            "cumulative_rows_scanned": 1260710,
                                                                                                            "operator_rows_scanned": 1260710,
                                                                                                            "operator_timing": 0.07764141699999998,
                                                                                                            "result_set_size": 25214200,
                                                                                                            "children": []
                                                                                                        }
                                                                                                    ]
                                                                                                }
                                                                                            ]
                                                                                        }
                                                                                    ]
                                                                                }
                                                                            ]
                                                                        }
                                                                    ]
                                                                }
                                                            ]
                                                        }
                                                    ]
                                                }
                                            ]
                                        }
                                    ]
                                }
                            ]
                        }
                    ]
                }
            ]
        }
    ]
}