{
    "rows_returned": 10,
    "query_name": "\nWITH PostSummary AS (\n    SELECT \n        P.Id AS PostId,\n        P.Title,\n        P.CreationDate,\n        P.Score,\n        P.ViewCount,\n        P.AnswerCount,\n        P.CommentCount,\n        U.Reputation AS OwnerReputation,\n        U.DisplayName AS OwnerDisplayName,\n        COUNT(V.Id) AS VoteCount\n    FROM \n        Posts P\n    JOIN \n        Users U ON P.OwnerUserId = U.Id\n    LEFT JOIN \n        Votes V ON P.Id = V.PostId\n    WHERE \n        P.CreationDate >= DATE '2023-01-01' \n    GROUP BY \n        P.Id, P.Title, P.CreationDate, P.Score, P.ViewCount, P.AnswerCount, P.CommentCount, U.Reputation, U.DisplayName\n),\nTopPosts AS (\n    SELECT \n        PostId, Title, Score, ViewCount, AnswerCount, CommentCount, VoteCount, OwnerReputation, OwnerDisplayName\n    FROM \n        PostSummary\n    ORDER BY \n        Score DESC, ViewCount DESC\n    LIMIT 10 \n)\nSELECT \n    TP.PostId,\n    TP.Title,\n    TP.Score,\n    TP.ViewCount,\n    TP.AnswerCount,\n    TP.CommentCount,\n    TP.VoteCount,\n    TP.OwnerReputation,\n    TP.OwnerDisplayName\nFROM \n    TopPosts TP\nORDER BY \n    TP.Score DESC;\n",
    "blocked_thread_time": 0.0,
    "cpu_time": 0.49448730499999993,
    "extra_info": {},
    "cumulative_cardinality": 5743528,
    "cumulative_rows_scanned": 17854919,
    "result_set_size": 640,
    "latency": 0.542764975,
    "children": [
        {
            "operator_name": "PROJECTION",
            "cpu_time": 0.49448730499999993,
            "extra_info": {
                "Projections": [
                    "#0",
                    "#1",
                    "__internal_decompress_integral_integer(#2, -72)",
                    "#3",
                    "__internal_decompress_integral_integer(#4, 0)",
                    "__internal_decompress_integral_integer(#5, 0)",
                    "#6",
                    "#7",
                    "#8"
                ],
                "Estimated Cardinality": "10"
            },
            "cumulative_cardinality": 5743528,
            "operator_type": "PROJECTION",
            "operator_cardinality": 10,
            "cumulative_rows_scanned": 17854919,
            "operator_rows_scanned": 0,
            "operator_timing": 0.000004809,
            "result_set_size": 640,
            "children": [
                {
                    "operator_name": "ORDER_BY",
                    "cpu_time": 0.49448249599999994,
                    "extra_info": {
                        "Order By": "TP.Score DESC"
                    },
                    "cumulative_cardinality": 5743518,
                    "operator_type": "ORDER_BY",
                    "operator_cardinality": 10,
                    "cumulative_rows_scanned": 17854919,
                    "operator_rows_scanned": 0,
                    "operator_timing": 0.000038902,
                    "result_set_size": 560,
                    "children": [
                        {
                            "operator_name": "PROJECTION",
                            "cpu_time": 0.49444359399999993,
                            "extra_info": {
                                "Projections": [
                                    "#0",
                                    "#1",
                                    "__internal_compress_integral_usmallint(#2, -72)",
                                    "#3",
                                    "__internal_compress_integral_utinyint(#4, 0)",
                                    "__internal_compress_integral_utinyint(#5, 0)",
                                    "#6",
                                    "#7",
                                    "#8"
                                ],
                                "Estimated Cardinality": "10"
                            },
                            "cumulative_cardinality": 5743508,
                            "operator_type": "PROJECTION",
                            "operator_cardinality": 10,
                            "cumulative_rows_scanned": 17854919,
                            "operator_rows_scanned": 0,
                            "operator_timing": 0.000002295,
                            "result_set_size": 560,
                            "children": [
                                {
                                    "operator_name": "STREAMING_LIMIT",
                                    "cpu_time": 0.49444129899999995,
                                    "extra_info": {},
                                    "cumulative_cardinality": 5743498,
                                    "operator_type": "STREAMING_LIMIT",
                                    "operator_cardinality": 10,
                                    "cumulative_rows_scanned": 17854919,
                                    "operator_rows_scanned": 0,
                                    "operator_timing": 0.000001623,
                                    "result_set_size": 640,
                                    "children": [
                                        {
                                            "operator_name": "PROJECTION",
                                            "cpu_time": 0.49443967599999994,
                                            "extra_info": {
                                                "Projections": [
                                                    "#0",
                                                    "#1",
                                                    "__internal_decompress_integral_integer(#2, -72)",
                                                    "#3",
                                                    "__internal_decompress_integral_integer(#4, 0)",
                                                    "__internal_decompress_integral_integer(#5, 0)",
                                                    "#6",
                                                    "#7",
                                                    "#8"
                                                ],
                                                "Estimated Cardinality": "3850116"
                                            },
                                            "cumulative_cardinality": 5743488,
                                            "operator_type": "PROJECTION",
                                            "operator_cardinality": 4096,
                                            "cumulative_rows_scanned": 17854919,
                                            "operator_rows_scanned": 0,
                                            "operator_timing": 0.000013796000000000001,
                                            "result_set_size": 262144,
                                            "children": [
                                                {
                                                    "operator_name": "ORDER_BY",
                                                    "cpu_time": 0.49442587999999993,
                                                    "extra_info": {
                                                        "Order By": [
                                                            "PostSummary.Score DESC",
                                                            "PostSummary.ViewCount DESC"
                                                        ]
                                                    },
                                                    "cumulative_cardinality": 5739392,
                                                    "operator_type": "ORDER_BY",
                                                    "operator_cardinality": 4096,
                                                    "cumulative_rows_scanned": 17854919,
                                                    "operator_rows_scanned": 0,
                                                    "operator_timing": 0.01566105999999999,
                                                    "result_set_size": 229376,
                                                    "children": [
                                                        {
                                                            "operator_name": "PROJECTION",
                                                            "cpu_time": 0.4787648199999999,
                                                            "extra_info": {
                                                                "Projections": [
                                                                    "#0",
                                                                    "#1",
                                                                    "__internal_compress_integral_usmallint(#2, -72)",
                                                                    "#3",
                                                                    "__internal_compress_integral_utinyint(#4, 0)",
                                                                    "__internal_compress_integral_utinyint(#5, 0)",
                                                                    "#6",
                                                                    "#7",
                                                                    "#8"
                                                                ],
                                                                "Estimated Cardinality": "3850116"
                                                            },
                                                            "cumulative_cardinality": 5735296,
                                                            "operator_type": "PROJECTION",
                                                            "operator_cardinality": 261413,
                                                            "cumulative_rows_scanned": 17854919,
                                                            "operator_rows_scanned": 0,
                                                            "operator_timing": 0.0009706129999999996,
                                                            "result_set_size": 14639128,
                                                            "children": [
                                                                {
                                                                    "operator_name": "PROJECTION",
                                                                    "cpu_time": 0.4777942069999999,
                                                                    "extra_info": {
                                                                        "Projections": [
                                                                            "PostId",
                                                                            "title",
                                                                            "score",
                                                                            "viewcount",
                                                                            "answercount",
                                                                            "commentcount",
                                                                            "VoteCount",
                                                                            "OwnerReputation",
                                                                            "OwnerDisplayName"
                                                                        ],
                                                                        "Estimated Cardinality": "3850116"
                                                                    },
                                                                    "cumulative_cardinality": 5473883,
                                                                    "operator_type": "PROJECTION",
                                                                    "operator_cardinality": 261413,
                                                                    "cumulative_rows_scanned": 17854919,
                                                                    "operator_rows_scanned": 0,
                                                                    "operator_timing": 0.00005212799999999999,
                                                                    "result_set_size": 16730432,
                                                                    "children": [
                                                                        {
                                                                            "operator_name": "PROJECTION",
                                                                            "cpu_time": 0.47774207899999993,
                                                                            "extra_info": {
                                                                                "Projections": [
                                                                                    "PostId",
                                                                                    "title",
                                                                                    "score",
                                                                                    "viewcount",
                                                                                    "answercount",
                                                                                    "commentcount",
                                                                                    "OwnerReputation",
                                                                                    "OwnerDisplayName",
                                                                                    "VoteCount"
                                                                                ],
                                                                                "Estimated Cardinality": "3850116"
                                                                            },
                                                                            "cumulative_cardinality": 5212470,
                                                                            "operator_type": "PROJECTION",
                                                                            "operator_cardinality": 261413,
                                                                            "cumulative_rows_scanned": 17854919,
                                                                            "operator_rows_scanned": 0,
                                                                            "operator_timing": 0.00005296599999999998,
                                                                            "result_set_size": 16730432,
                                                                            "children": [
                                                                                {
                                                                                    "operator_name": "PROJECTION",
                                                                                    "cpu_time": 0.47768911299999994,
                                                                                    "extra_info": {
                                                                                        "Projections": [
                                                                                            "#0",
                                                                                            "#1",
                                                                                            "#2",
                                                                                            "__internal_decompress_integral_integer(#3, -72)",
                                                                                            "#4",
                                                                                            "__internal_decompress_integral_integer(#5, 0)",
                                                                                            "__internal_decompress_integral_integer(#6, 0)",
                                                                                            "#7",
                                                                                            "#8",
                                                                                            "#9"
                                                                                        ],
                                                                                        "Estimated Cardinality": "3850116"
                                                                                    },
                                                                                    "cumulative_cardinality": 4951057,
                                                                                    "operator_type": "PROJECTION",
                                                                                    "operator_cardinality": 261413,
                                                                                    "cumulative_rows_scanned": 17854919,
                                                                                    "operator_rows_scanned": 0,
                                                                                    "operator_timing": 0.0009775209999999999,
                                                                                    "result_set_size": 18821736,
                                                                                    "children": [
                                                                                        {
                                                                                            "operator_name": "HASH_GROUP_BY",
                                                                                            "cpu_time": 0.47671159199999996,
                                                                                            "extra_info": {
                                                                                                "Groups": [
                                                                                                    "#0",
                                                                                                    "#1",
                                                                                                    "#2",
                                                                                                    "#3",
                                                                                                    "#4",
                                                                                                    "#5",
                                                                                                    "#6",
                                                                                                    "#7",
                                                                                                    "#8"
                                                                                                ],
                                                                                                "Aggregates": "count(#9)",
                                                                                                "Estimated Cardinality": "3850116"
                                                                                            },
                                                                                            "cumulative_cardinality": 4689644,
                                                                                            "operator_type": "HASH_GROUP_BY",
                                                                                            "operator_cardinality": 261413,
                                                                                            "cumulative_rows_scanned": 17854919,
                                                                                            "operator_rows_scanned": 0,
                                                                                            "operator_timing": 0.12017433600000003,
                                                                                            "result_set_size": 16730432,
                                                                                            "children": [
                                                                                                {
                                                                                                    "operator_name": "PROJECTION",
                                                                                                    "cpu_time": 0.3565372559999999,
                                                                                                    "extra_info": {
                                                                                                        "Projections": [
                                                                                                            "id",
                                                                                                            "title",
                                                                                                            "creationdate",
                                                                                                            "score",
                                                                                                            "viewcount",
                                                                                                            "answercount",
                                                                                                            "commentcount",
                                                                                                            "reputation",
                                                                                                            "displayname",
                                                                                                            "id"
                                                                                                        ],
                                                                                                        "Estimated Cardinality": "12744093"
                                                                                                    },
                                                                                                    "cumulative_cardinality": 4428231,
                                                                                                    "operator_type": "PROJECTION",
                                                                                                    "operator_cardinality": 612702,
                                                                                                    "cumulative_rows_scanned": 17854919,
                                                                                                    "operator_rows_scanned": 0,
                                                                                                    "operator_timing": 0.0002945369999999996,
                                                                                                    "result_set_size": 36762120,
                                                                                                    "children": [
                                                                                                        {
                                                                                                            "operator_name": "PROJECTION",
                                                                                                            "cpu_time": 0.35624271899999993,
                                                                                                            "extra_info": {
                                                                                                                "Projections": [
                                                                                                                    "#0",
                                                                                                                    "#1",
                                                                                                                    "#2",
                                                                                                                    "#3",
                                                                                                                    "#4",
                                                                                                                    "__internal_compress_integral_usmallint(#5, -72)",
                                                                                                                    "#6",
                                                                                                                    "#7",
                                                                                                                    "__internal_compress_integral_utinyint(#8, 0)",
                                                                                                                    "__internal_compress_integral_utinyint(#9, 0)"
                                                                                                                ],
                                                                                                                "Estimated Cardinality": "12744093"
                                                                                                            },
                                                                                                            "cumulative_cardinality": 3815529,
                                                                                                            "operator_type": "PROJECTION",
                                                                                                            "operator_cardinality": 612702,
                                                                                                            "cumulative_rows_scanned": 17854919,
                                                                                                            "operator_rows_scanned": 0,
                                                                                                            "operator_timing": 0.002034855999999998,
                                                                                                            "result_set_size": 36762120,
                                                                                                            "children": [
                                                                                                                {
                                                                                                                    "operator_name": "HASH_JOIN",
                                                                                                                    "cpu_time": 0.35420786299999996,
                                                                                                                    "extra_info": {
                                                                                                                        "Join Type": "RIGHT",
                                                                                                                        "Conditions": "postid = id",
                                                                                                                        "Estimated Cardinality": "12744093"
                                                                                                                    },
                                                                                                                    "cumulative_cardinality": 3202827,
                                                                                                                    "operator_type": "HASH_JOIN",
                                                                                                                    "operator_cardinality": 612702,
                                                                                                                    "cumulative_rows_scanned": 17854919,
                                                                                                                    "operator_rows_scanned": 0,
                                                                                                                    "operator_timing": 0.08154072800000003,
                                                                                                                    "result_set_size": 41663736,
                                                                                                                    "children": [
                                                                                                                        {
                                                                                                                            "operator_name": "READ_PARQUET ",
                                                                                                                            "cpu_time": 0.023107045000000007,
                                                                                                                            "extra_info": {
                                                                                                                                "Function": "READ_PARQUET",
                                                                                                                                "Projections": [
                                                                                                                                    "id",
                                                                                                                                    "postid"
                                                                                                                                ],
                                                                                                                                "Estimated Cardinality": "12744093"
                                                                                                                            },
                                                                                                                            "cumulative_cardinality": 802778,
                                                                                                                            "operator_type": "TABLE_SCAN",
                                                                                                                            "operator_cardinality": 802778,
                                                                                                                            "cumulative_rows_scanned": 12744093,
                                                                                                                            "operator_rows_scanned": 12744093,
                                                                                                                            "operator_timing": 0.023107045000000007,
                                                                                                                            "result_set_size": 6422224,
                                                                                                                            "children": []
                                                                                                                        },
                                                                                                                        {
                                                                                                                            "operator_name": "HASH_JOIN",
                                                                                                                            "cpu_time": 0.2495600899999999,
                                                                                                                            "extra_info": {
                                                                                                                                "Join Type": "INNER",
                                                                                                                                "Conditions": "id = owneruserid",
                                                                                                                                "Estimated Cardinality": "770023"
                                                                                                                            },
                                                                                                                            "cumulative_cardinality": 1787347,
                                                                                                                            "operator_type": "HASH_JOIN",
                                                                                                                            "operator_cardinality": 261413,
                                                                                                                            "cumulative_rows_scanned": 5110826,
                                                                                                                            "operator_rows_scanned": 0,
                                                                                                                            "operator_timing": 0.06182658999999991,
                                                                                                                            "result_set_size": 16730432,
                                                                                                                            "children": [
                                                                                                                                {
                                                                                                                                    "operator_name": "READ_PARQUET ",
                                                                                                                                    "cpu_time": 0.10011588599999996,
                                                                                                                                    "extra_info": {
                                                                                                                                        "Function": "READ_PARQUET",
                                                                                                                                        "Projections": [
                                                                                                                                            "id",
                                                                                                                                            "reputation",
                                                                                                                                            "displayname"
                                                                                                                                        ],
                                                                                                                                        "Filters": "id<=1416539",
                                                                                                                                        "Estimated Cardinality": "1260710"
                                                                                                                                    },
                                                                                                                                    "cumulative_cardinality": 1260679,
                                                                                                                                    "operator_type": "TABLE_SCAN",
                                                                                                                                    "operator_cardinality": 1260679,
                                                                                                                                    "cumulative_rows_scanned": 1260710,
                                                                                                                                    "operator_rows_scanned": 1260710,
                                                                                                                                    "operator_timing": 0.10011588599999996,
                                                                                                                                    "result_set_size": 30256296,
                                                                                                                                    "children": []
                                                                                                                                },
                                                                                                                                {
                                                                                                                                    "operator_name": "READ_PARQUET ",
                                                                                                                                    "cpu_time": 0.08761761400000002,
                                                                                                                                    "extra_info": {
                                                                                                                                        "Function": "READ_PARQUET",
                                                                                                                                        "Projections": [
                                                                                                                                            "id",
                                                                                                                                            "creationdate",
                                                                                                                                            "score",
                                                                                                                                            "viewcount",
                                                                                                                                            "owneruserid",
                                                                                                                                            "title",
                                                                                                                                            "answercount",
                                                                                                                                            "commentcount"
                                                                                                                                        ],
                                                                                                                                        "Filters": "creationdate>='2023-01-01 00:00:00'::TIMESTAMP",
                                                                                                                                        "Estimated Cardinality": "770023"
                                                                                                                                    },
                                                                                                                                    "cumulative_cardinality": 265255,
                                                                                                                                    "operator_type": "TABLE_SCAN",
                                                                                                                                    "operator_cardinality": 265255,
                                                                                                                                    "cumulative_rows_scanned": 3850116,
                                                                                                                                    "operator_rows_scanned": 3850116,
                                                                                                                                    "operator_timing": 0.08761761400000002,
                                                                                                                                    "result_set_size": 12732240,
                                                                                                                                    "children": []
                                                                                                                                }
                                                                                                                            ]
                                                                                                                        }
                                                                                                                    ]
                                                                                                                }
                                                                                                            ]
                                                                                                        }
                                                                                                    ]
                                                                                                }
                                                                                            ]
                                                                                        }
                                                                                    ]
                                                                                }
                                                                            ]
                                                                        }
                                                                    ]
                                                                }
                                                            ]
                                                        }
                                                    ]
                                                }
                                            ]
                                        }
                                    ]
                                }
                            ]
                        }
                    ]
                }
            ]
        }
    ]
}