{
    "rows_returned": 100,
    "query_name": "\nWITH UserPostDetails AS (\n    SELECT \n        U.Id AS UserId,\n        U.DisplayName,\n        U.Reputation,\n        P.Id AS PostId,\n        P.Title,\n        P.CreationDate AS PostCreationDate,\n        P.Score AS PostScore,\n        COUNT(CASE WHEN C.Id IS NOT NULL THEN 1 END) AS CommentCount,\n        COUNT(DISTINCT V.Id) AS VoteCount,\n        COUNT(DISTINCT B.Id) AS BadgeCount\n    FROM \n        Users U\n    LEFT JOIN \n        Posts P ON U.Id = P.OwnerUserId\n    LEFT JOIN \n        Comments C ON P.Id = C.PostId\n    LEFT JOIN \n        Votes V ON P.Id = V.PostId\n    LEFT JOIN \n        Badges B ON U.Id = B.UserId\n    WHERE \n        U.Reputation > 1000  \n    GROUP BY \n        U.Id, U.DisplayName, U.Reputation, P.Id, P.Title, P.CreationDate, P.Score\n)\n\nSELECT \n    UserId,\n    DisplayName,\n    Reputation,\n    COUNT(DISTINCT PostId) AS TotalPosts,\n    SUM(PostScore) AS TotalPostScore,\n    SUM(CommentCount) AS TotalComments,\n    SUM(VoteCount) AS TotalVotes,\n    SUM(BadgeCount) AS TotalBadges\nFROM \n    UserPostDetails\nGROUP BY \n    UserId, DisplayName, Reputation\nORDER BY \n    TotalPosts DESC, TotalPostScore DESC\nLIMIT 100;\n",
    "blocked_thread_time": 0.0,
    "cpu_time": 1356.0074333609837,
    "extra_info": {},
    "cumulative_cardinality": 23230894563,
    "cumulative_rows_scanned": 27418465,
    "result_set_size": 9600,
    "latency": 1518.42677852,
    "children": [
        {
            "operator_name": "STREAMING_LIMIT",
            "cpu_time": 1356.0074333609837,
            "extra_info": {},
            "cumulative_cardinality": 23230894563,
            "operator_type": "STREAMING_LIMIT",
            "operator_cardinality": 100,
            "cumulative_rows_scanned": 27418465,
            "operator_rows_scanned": 0,
            "operator_timing": 0.000001082,
            "result_set_size": 9600,
            "children": [
                {
                    "operator_name": "ORDER_BY",
                    "cpu_time": 1356.0074322789837,
                    "extra_info": {
                        "Order By": [
                            "count(DISTINCT UserPostDetails.PostId) DESC",
                            "sum(UserPostDetails.PostScore) DESC"
                        ]
                    },
                    "cumulative_cardinality": 23230894463,
                    "operator_type": "ORDER_BY",
                    "operator_cardinality": 4096,
                    "cumulative_rows_scanned": 27418465,
                    "operator_rows_scanned": 0,
                    "operator_timing": 0.000618777,
                    "result_set_size": 393216,
                    "children": [
                        {
                            "operator_name": "HASH_GROUP_BY",
                            "cpu_time": 1356.0068135019837,
                            "extra_info": {
                                "Groups": [
                                    "#0",
                                    "#1",
                                    "#2"
                                ],
                                "Aggregates": [
                                    "count(DISTINCT #3)",
                                    "sum(#4)",
                                    "sum(#5)",
                                    "sum(#6)",
                                    "sum(#7)"
                                ],
                                "Estimated Cardinality": "1260710"
                            },
                            "cumulative_cardinality": 23230890367,
                            "operator_type": "HASH_GROUP_BY",
                            "operator_cardinality": 11215,
                            "cumulative_rows_scanned": 27418465,
                            "operator_rows_scanned": 0,
                            "operator_timing": 0.37789463100000004,
                            "result_set_size": 1076640,
                            "children": [
                                {
                                    "operator_name": "PROJECTION",
                                    "cpu_time": 1355.6289188709839,
                                    "extra_info": {
                                        "Projections": [
                                            "UserId",
                                            "displayname",
                                            "reputation",
                                            "PostId",
                                            "PostScore",
                                            "CommentCount",
                                            "VoteCount",
                                            "BadgeCount"
                                        ],
                                        "Estimated Cardinality": "3850116"
                                    },
                                    "cumulative_cardinality": 23230879152,
                                    "operator_type": "PROJECTION",
                                    "operator_cardinality": 2396486,
                                    "cumulative_rows_scanned": 27418465,
                                    "operator_rows_scanned": 0,
                                    "operator_timing": 0.0005848149999999993,
                                    "result_set_size": 134203216,
                                    "children": [
                                        {
                                            "operator_name": "PROJECTION",
                                            "cpu_time": 1355.628334055984,
                                            "extra_info": {
                                                "Projections": [
                                                    "UserId",
                                                    "displayname",
                                                    "reputation",
                                                    "PostId",
                                                    "PostScore",
                                                    "CommentCount",
                                                    "VoteCount",
                                                    "BadgeCount"
                                                ],
                                                "Estimated Cardinality": "3850116"
                                            },
                                            "cumulative_cardinality": 23228482666,
                                            "operator_type": "PROJECTION",
                                            "operator_cardinality": 2396486,
                                            "cumulative_rows_scanned": 27418465,
                                            "operator_rows_scanned": 0,
                                            "operator_timing": 0.0005667929999999959,
                                            "result_set_size": 134203216,
                                            "children": [
                                                {
                                                    "operator_name": "PROJECTION",
                                                    "cpu_time": 1355.627767262984,
                                                    "extra_info": {
                                                        "Projections": [
                                                            "#0",
                                                            "#1",
                                                            "#2",
                                                            "#3",
                                                            "#4",
                                                            "#5",
                                                            "__internal_decompress_integral_integer(#6, -72)",
                                                            "#7",
                                                            "#8",
                                                            "#9"
                                                        ],
                                                        "Estimated Cardinality": "3850116"
                                                    },
                                                    "cumulative_cardinality": 23226086180,
                                                    "operator_type": "PROJECTION",
                                                    "operator_cardinality": 2396486,
                                                    "cumulative_rows_scanned": 27418465,
                                                    "operator_rows_scanned": 0,
                                                    "operator_timing": 0.0013339590000000037,
                                                    "result_set_size": 191718880,
                                                    "children": [
                                                        {
                                                            "operator_name": "HASH_GROUP_BY",
                                                            "cpu_time": 1355.626433303984,
                                                            "extra_info": {
                                                                "Groups": [
                                                                    "#0",
                                                                    "#1",
                                                                    "#2",
                                                                    "#3",
                                                                    "#4",
                                                                    "#5",
                                                                    "#6"
                                                                ],
                                                                "Aggregates": [
                                                                    "count(#7)",
                                                                    "count(DISTINCT #8)",
                                                                    "count(DISTINCT #9)"
                                                                ],
                                                                "Estimated Cardinality": "3850116"
                                                            },
                                                            "cumulative_cardinality": 23223689694,
                                                            "operator_type": "HASH_GROUP_BY",
                                                            "operator_cardinality": 2396486,
                                                            "cumulative_rows_scanned": 27418465,
                                                            "operator_rows_scanned": 0,
                                                            "operator_timing": 1234.343920371966,
                                                            "result_set_size": 186925908,
                                                            "children": [
                                                                {
                                                                    "operator_name": "PROJECTION",
                                                                    "cpu_time": 121.28251293201778,
                                                                    "extra_info": {
                                                                        "Projections": [
                                                                            "id",
                                                                            "displayname",
                                                                            "reputation",
                                                                            "id",
                                                                            "title",
                                                                            "creationdate",
                                                                            "score",
                                                                            "CASE  WHEN ((id IS NOT NULL)) THEN (1) ELSE NULL END",
                                                                            "id",
                                                                            "id"
                                                                        ],
                                                                        "Estimated Cardinality": "12744093"
                                                                    },
                                                                    "cumulative_cardinality": 23221293208,
                                                                    "operator_type": "PROJECTION",
                                                                    "operator_cardinality": 7721014665,
                                                                    "cumulative_rows_scanned": 27418465,
                                                                    "operator_rows_scanned": 0,
                                                                    "operator_timing": 15.317002583999868,
                                                                    "result_set_size": 509586967890,
                                                                    "children": [
                                                                        {
                                                                            "operator_name": "PROJECTION",
                                                                            "cpu_time": 105.96551034801792,
                                                                            "extra_info": {
                                                                                "Projections": [
                                                                                    "#0",
                                                                                    "#1",
                                                                                    "__internal_compress_integral_usmallint(#2, -72)",
                                                                                    "#3",
                                                                                    "#4",
                                                                                    "#5",
                                                                                    "#6",
                                                                                    "#7",
                                                                                    "#8",
                                                                                    "#9"
                                                                                ],
                                                                                "Estimated Cardinality": "12744093"
                                                                            },
                                                                            "cumulative_cardinality": 15500278543,
                                                                            "operator_type": "PROJECTION",
                                                                            "operator_cardinality": 7721014665,
                                                                            "cumulative_rows_scanned": 27418465,
                                                                            "operator_rows_scanned": 0,
                                                                            "operator_timing": 4.901384489007191,
                                                                            "result_set_size": 509586967890,
                                                                            "children": [
                                                                                {
                                                                                    "operator_name": "HASH_JOIN",
                                                                                    "cpu_time": 101.06412585901073,
                                                                                    "extra_info": {
                                                                                        "Join Type": "LEFT",
                                                                                        "Conditions": "id = userid",
                                                                                        "Estimated Cardinality": "12744093"
                                                                                    },
                                                                                    "cumulative_cardinality": 7779263878,
                                                                                    "operator_type": "HASH_JOIN",
                                                                                    "operator_cardinality": 7721014665,
                                                                                    "cumulative_rows_scanned": 27418465,
                                                                                    "operator_rows_scanned": 0,
                                                                                    "operator_timing": 98.16721744601072,
                                                                                    "result_set_size": 525028997220,
                                                                                    "children": [
                                                                                        {
                                                                                            "operator_name": "HASH_JOIN",
                                                                                            "cpu_time": 2.8723892280000016,
                                                                                            "extra_info": {
                                                                                                "Join Type": "LEFT",
                                                                                                "Conditions": "id = postid",
                                                                                                "Estimated Cardinality": "12744093"
                                                                                            },
                                                                                            "cumulative_cardinality": 55927489,
                                                                                            "operator_type": "HASH_JOIN",
                                                                                            "operator_cardinality": 24534299,
                                                                                            "cumulative_rows_scanned": 25096741,
                                                                                            "operator_rows_scanned": 0,
                                                                                            "operator_timing": 1.113369276000002,
                                                                                            "result_set_size": 1570195136,
                                                                                            "children": [
                                                                                                {
                                                                                                    "operator_name": "HASH_JOIN",
                                                                                                    "cpu_time": 1.6239896289999998,
                                                                                                    "extra_info": {
                                                                                                        "Join Type": "LEFT",
                                                                                                        "Conditions": "id = postid",
                                                                                                        "Estimated Cardinality": "7241822"
                                                                                                    },
                                                                                                    "cumulative_cardinality": 18649097,
                                                                                                    "operator_type": "HASH_JOIN",
                                                                                                    "operator_cardinality": 5316201,
                                                                                                    "cumulative_rows_scanned": 12352648,
                                                                                                    "operator_rows_scanned": 0,
                                                                                                    "operator_timing": 0.728195853,
                                                                                                    "result_set_size": 318972060,
                                                                                                    "children": [
                                                                                                        {
                                                                                                            "operator_name": "HASH_JOIN",
                                                                                                            "cpu_time": 0.8242139129999998,
                                                                                                            "extra_info": {
                                                                                                                "Join Type": "RIGHT",
                                                                                                                "Conditions": "owneruserid = id",
                                                                                                                "Estimated Cardinality": "3850116"
                                                                                                            },
                                                                                                            "cumulative_cardinality": 6091074,
                                                                                                            "operator_type": "HASH_JOIN",
                                                                                                            "operator_cardinality": 2396486,
                                                                                                            "cumulative_rows_scanned": 5110826,
                                                                                                            "operator_rows_scanned": 0,
                                                                                                            "operator_timing": 0.17415654999999977,
                                                                                                            "result_set_size": 134203216,
                                                                                                            "children": [
                                                                                                                {
                                                                                                                    "operator_name": "READ_PARQUET ",
                                                                                                                    "cpu_time": 0.5984222770000001,
                                                                                                                    "extra_info": {
                                                                                                                        "Function": "READ_PARQUET",
                                                                                                                        "Projections": [
                                                                                                                            "id",
                                                                                                                            "creationdate",
                                                                                                                            "score",
                                                                                                                            "owneruserid",
                                                                                                                            "title"
                                                                                                                        ],
                                                                                                                        "Estimated Cardinality": "3850116"
                                                                                                                    },
                                                                                                                    "cumulative_cardinality": 3683373,
                                                                                                                    "operator_type": "TABLE_SCAN",
                                                                                                                    "operator_cardinality": 3683373,
                                                                                                                    "cumulative_rows_scanned": 3850116,
                                                                                                                    "operator_rows_scanned": 3850116,
                                                                                                                    "operator_timing": 0.5984222770000001,
                                                                                                                    "result_set_size": 132601428,
                                                                                                                    "children": []
                                                                                                                },
                                                                                                                {
                                                                                                                    "operator_name": "READ_PARQUET ",
                                                                                                                    "cpu_time": 0.051635085999999976,
                                                                                                                    "extra_info": {
                                                                                                                        "Function": "READ_PARQUET",
                                                                                                                        "Projections": [
                                                                                                                            "id",
                                                                                                                            "reputation",
                                                                                                                            "displayname"
                                                                                                                        ],
                                                                                                                        "Filters": "reputation>1000",
                                                                                                                        "Estimated Cardinality": "252142"
                                                                                                                    },
                                                                                                                    "cumulative_cardinality": 11215,
                                                                                                                    "operator_type": "TABLE_SCAN",
                                                                                                                    "operator_cardinality": 11215,
                                                                                                                    "cumulative_rows_scanned": 1260710,
                                                                                                                    "operator_rows_scanned": 1260710,
                                                                                                                    "operator_timing": 0.051635085999999976,
                                                                                                                    "result_set_size": 269160,
                                                                                                                    "children": []
                                                                                                                }
                                                                                                            ]
                                                                                                        },
                                                                                                        {
                                                                                                            "operator_name": "READ_PARQUET ",
                                                                                                            "cpu_time": 0.07157986299999987,
                                                                                                            "extra_info": {
                                                                                                                "Function": "READ_PARQUET",
                                                                                                                "Projections": [
                                                                                                                    "id",
                                                                                                                    "postid"
                                                                                                                ],
                                                                                                                "Estimated Cardinality": "7241822"
                                                                                                            },
                                                                                                            "cumulative_cardinality": 7241822,
                                                                                                            "operator_type": "TABLE_SCAN",
                                                                                                            "operator_cardinality": 7241822,
                                                                                                            "cumulative_rows_scanned": 7241822,
                                                                                                            "operator_rows_scanned": 7241822,
                                                                                                            "operator_timing": 0.07157986299999987,
                                                                                                            "result_set_size": 57934576,
                                                                                                            "children": []
                                                                                                        }
                                                                                                    ]
                                                                                                },
                                                                                                {
                                                                                                    "operator_name": "READ_PARQUET ",
                                                                                                    "cpu_time": 0.13503032300000015,
                                                                                                    "extra_info": {
                                                                                                        "Function": "READ_PARQUET",
                                                                                                        "Projections": [
                                                                                                            "id",
                                                                                                            "postid"
                                                                                                        ],
                                                                                                        "Estimated Cardinality": "12744093"
                                                                                                    },
                                                                                                    "cumulative_cardinality": 12744093,
                                                                                                    "operator_type": "TABLE_SCAN",
                                                                                                    "operator_cardinality": 12744093,
                                                                                                    "cumulative_rows_scanned": 12744093,
                                                                                                    "operator_rows_scanned": 12744093,
                                                                                                    "operator_timing": 0.13503032300000015,
                                                                                                    "result_set_size": 101952744,
                                                                                                    "children": []
                                                                                                }
                                                                                            ]
                                                                                        },
                                                                                        {
                                                                                            "operator_name": "READ_PARQUET ",
                                                                                            "cpu_time": 0.02451918500000003,
                                                                                            "extra_info": {
                                                                                                "Function": "READ_PARQUET",
                                                                                                "Projections": [
                                                                                                    "id",
                                                                                                    "userid"
                                                                                                ],
                                                                                                "Estimated Cardinality": "2321724"
                                                                                            },
                                                                                            "cumulative_cardinality": 2321724,
                                                                                            "operator_type": "TABLE_SCAN",
                                                                                            "operator_cardinality": 2321724,
                                                                                            "cumulative_rows_scanned": 2321724,
                                                                                            "operator_rows_scanned": 2321724,
                                                                                            "operator_timing": 0.02451918500000003,
                                                                                            "result_set_size": 18573792,
                                                                                            "children": []
                                                                                        }
                                                                                    ]
                                                                                }
                                                                            ]
                                                                        }
                                                                    ]
                                                                }
                                                            ]
                                                        }
                                                    ]
                                                }
                                            ]
                                        }
                                    ]
                                }
                            ]
                        }
                    ]
                }
            ]
        }
    ]
}