{
    "rows_returned": 100,
    "query_name": "\nWITH PostStatistics AS (\n    SELECT \n        Posts.Id AS PostId, \n        Posts.Title, \n        Posts.CreationDate, \n        Posts.ViewCount, \n        Posts.Score,\n        Users.Reputation AS OwnerReputation,\n        COUNT(Comments.Id) AS CommentCount,\n        COUNT(Votes.Id) AS VoteCount,\n        Posts.OwnerUserId  -- Added OwnerUserId to the group by clause\n    FROM \n        Posts\n    LEFT JOIN \n        Users ON Posts.OwnerUserId = Users.Id\n    LEFT JOIN \n        Comments ON Posts.Id = Comments.PostId\n    LEFT JOIN \n        Votes ON Posts.Id = Votes.PostId\n    GROUP BY \n        Posts.Id, Posts.Title, Posts.CreationDate, Posts.ViewCount, Posts.Score, Users.Reputation, Posts.OwnerUserId\n),\nBadgeStatistics AS (\n    SELECT \n        UserId,\n        COUNT(Id) AS BadgeCount\n    FROM \n        Badges\n    GROUP BY \n        UserId\n)\n\nSELECT \n    PS.PostId,\n    PS.Title,\n    PS.CreationDate,\n    PS.ViewCount,\n    PS.Score,\n    PS.OwnerReputation,\n    PS.CommentCount,\n    PS.VoteCount,\n    COALESCE(BS.BadgeCount, 0) AS OwnerBadgeCount\nFROM \n    PostStatistics PS\nLEFT JOIN \n    BadgeStatistics BS ON PS.OwnerUserId = BS.UserId\nORDER BY \n    PS.Score DESC, PS.ViewCount DESC\nLIMIT 100;\n",
    "blocked_thread_time": 0.0,
    "cpu_time": 14.068259383000008,
    "extra_info": {},
    "cumulative_cardinality": 184343732,
    "cumulative_rows_scanned": 27418465,
    "result_set_size": 6400,
    "latency": 15.607920035,
    "children": [
        {
            "operator_name": "STREAMING_LIMIT",
            "cpu_time": 14.068259383000008,
            "extra_info": {},
            "cumulative_cardinality": 184343732,
            "operator_type": "STREAMING_LIMIT",
            "operator_cardinality": 100,
            "cumulative_rows_scanned": 27418465,
            "operator_rows_scanned": 0,
            "operator_timing": 0.0000016129999999999998,
            "result_set_size": 6400,
            "children": [
                {
                    "operator_name": "PROJECTION",
                    "cpu_time": 14.068257770000008,
                    "extra_info": {
                        "Projections": [
                            "#0",
                            "#1",
                            "#2",
                            "#3",
                            "__internal_decompress_integral_integer(#4, -72)",
                            "#5",
                            "#6",
                            "#7",
                            "#8"
                        ],
                        "Estimated Cardinality": "3850116"
                    },
                    "cumulative_cardinality": 184343632,
                    "operator_type": "PROJECTION",
                    "operator_cardinality": 4096,
                    "cumulative_rows_scanned": 27418465,
                    "operator_rows_scanned": 0,
                    "operator_timing": 0.0000071929999999999996,
                    "result_set_size": 262144,
                    "children": [
                        {
                            "operator_name": "ORDER_BY",
                            "cpu_time": 14.068250577000008,
                            "extra_info": {
                                "Order By": [
                                    "PS.Score DESC",
                                    "PS.ViewCount DESC"
                                ]
                            },
                            "cumulative_cardinality": 184339536,
                            "operator_type": "ORDER_BY",
                            "operator_cardinality": 4096,
                            "cumulative_rows_scanned": 27418465,
                            "operator_rows_scanned": 0,
                            "operator_timing": 0.26061926500000043,
                            "result_set_size": 253952,
                            "children": [
                                {
                                    "operator_name": "PROJECTION",
                                    "cpu_time": 13.807631312000007,
                                    "extra_info": {
                                        "Projections": [
                                            "#0",
                                            "#1",
                                            "#2",
                                            "#3",
                                            "__internal_compress_integral_usmallint(#4, -72)",
                                            "#5",
                                            "#6",
                                            "#7",
                                            "#8"
                                        ],
                                        "Estimated Cardinality": "3850116"
                                    },
                                    "cumulative_cardinality": 184335440,
                                    "operator_type": "PROJECTION",
                                    "operator_cardinality": 3850116,
                                    "cumulative_rows_scanned": 27418465,
                                    "operator_rows_scanned": 0,
                                    "operator_timing": 0.006103004999999947,
                                    "result_set_size": 238707192,
                                    "children": [
                                        {
                                            "operator_name": "PROJECTION",
                                            "cpu_time": 13.801528307000007,
                                            "extra_info": {
                                                "Projections": [
                                                    "PostId",
                                                    "title",
                                                    "creationdate",
                                                    "viewcount",
                                                    "score",
                                                    "OwnerReputation",
                                                    "CommentCount",
                                                    "VoteCount",
                                                    "OwnerBadgeCount"
                                                ],
                                                "Estimated Cardinality": "3850116"
                                            },
                                            "cumulative_cardinality": 180485324,
                                            "operator_type": "PROJECTION",
                                            "operator_cardinality": 3850116,
                                            "cumulative_rows_scanned": 27418465,
                                            "operator_rows_scanned": 0,
                                            "operator_timing": 0.05586812300000011,
                                            "result_set_size": 246407424,
                                            "children": [
                                                {
                                                    "operator_name": "HASH_JOIN",
                                                    "cpu_time": 13.745660184000007,
                                                    "extra_info": {
                                                        "Join Type": "LEFT",
                                                        "Conditions": "owneruserid = userid",
                                                        "Estimated Cardinality": "3850116"
                                                    },
                                                    "cumulative_cardinality": 176635208,
                                                    "operator_type": "HASH_JOIN",
                                                    "operator_cardinality": 3850116,
                                                    "cumulative_rows_scanned": 27418465,
                                                    "operator_rows_scanned": 0,
                                                    "operator_timing": 0.19786955800000047,
                                                    "result_set_size": 246407424,
                                                    "children": [
                                                        {
                                                            "operator_name": "PROJECTION",
                                                            "cpu_time": 13.187476638000007,
                                                            "extra_info": {
                                                                "Projections": [
                                                                    "PostId",
                                                                    "title",
                                                                    "creationdate",
                                                                    "viewcount",
                                                                    "score",
                                                                    "OwnerReputation",
                                                                    "CommentCount",
                                                                    "VoteCount",
                                                                    "owneruserid"
                                                                ],
                                                                "Estimated Cardinality": "3850116"
                                                            },
                                                            "cumulative_cardinality": 167592623,
                                                            "operator_type": "PROJECTION",
                                                            "operator_cardinality": 3850116,
                                                            "cumulative_rows_scanned": 25096741,
                                                            "operator_rows_scanned": 0,
                                                            "operator_timing": 0.0011498969999999967,
                                                            "result_set_size": 231006960,
                                                            "children": [
                                                                {
                                                                    "operator_name": "PROJECTION",
                                                                    "cpu_time": 13.186326741000007,
                                                                    "extra_info": {
                                                                        "Projections": [
                                                                            "#0",
                                                                            "#1",
                                                                            "#2",
                                                                            "#3",
                                                                            "__internal_decompress_integral_integer(#4, -72)",
                                                                            "#5",
                                                                            "#6",
                                                                            "#7",
                                                                            "#8"
                                                                        ],
                                                                        "Estimated Cardinality": "3850116"
                                                                    },
                                                                    "cumulative_cardinality": 163742507,
                                                                    "operator_type": "PROJECTION",
                                                                    "operator_cardinality": 3850116,
                                                                    "cumulative_rows_scanned": 25096741,
                                                                    "operator_rows_scanned": 0,
                                                                    "operator_timing": 0.001967138000000004,
                                                                    "result_set_size": 231006960,
                                                                    "children": [
                                                                        {
                                                                            "operator_name": "HASH_GROUP_BY",
                                                                            "cpu_time": 13.184359603000008,
                                                                            "extra_info": {
                                                                                "Groups": [
                                                                                    "#0",
                                                                                    "#1",
                                                                                    "#2",
                                                                                    "#3",
                                                                                    "#4",
                                                                                    "#5",
                                                                                    "#6"
                                                                                ],
                                                                                "Aggregates": [
                                                                                    "count(#7)",
                                                                                    "count(#8)"
                                                                                ],
                                                                                "Estimated Cardinality": "3850116"
                                                                            },
                                                                            "cumulative_cardinality": 159892391,
                                                                            "operator_type": "HASH_GROUP_BY",
                                                                            "operator_cardinality": 3850116,
                                                                            "cumulative_rows_scanned": 25096741,
                                                                            "operator_rows_scanned": 0,
                                                                            "operator_timing": 4.647396243000001,
                                                                            "result_set_size": 223306728,
                                                                            "children": [
                                                                                {
                                                                                    "operator_name": "PROJECTION",
                                                                                    "cpu_time": 8.536963360000007,
                                                                                    "extra_info": {
                                                                                        "Projections": [
                                                                                            "id",
                                                                                            "title",
                                                                                            "creationdate",
                                                                                            "viewcount",
                                                                                            "score",
                                                                                            "reputation",
                                                                                            "owneruserid",
                                                                                            "id",
                                                                                            "id"
                                                                                        ],
                                                                                        "Estimated Cardinality": "12744093"
                                                                                    },
                                                                                    "cumulative_cardinality": 156042275,
                                                                                    "operator_type": "PROJECTION",
                                                                                    "operator_cardinality": 35129590,
                                                                                    "cumulative_rows_scanned": 25096741,
                                                                                    "operator_rows_scanned": 0,
                                                                                    "operator_timing": 0.017492434999999928,
                                                                                    "result_set_size": 1756479500,
                                                                                    "children": [
                                                                                        {
                                                                                            "operator_name": "PROJECTION",
                                                                                            "cpu_time": 8.519470925000007,
                                                                                            "extra_info": {
                                                                                                "Projections": [
                                                                                                    "#0",
                                                                                                    "#1",
                                                                                                    "#2",
                                                                                                    "__internal_compress_integral_usmallint(#3, -72)",
                                                                                                    "#4",
                                                                                                    "#5",
                                                                                                    "#6",
                                                                                                    "#7",
                                                                                                    "#8"
                                                                                                ],
                                                                                                "Estimated Cardinality": "12744093"
                                                                                            },
                                                                                            "cumulative_cardinality": 120912685,
                                                                                            "operator_type": "PROJECTION",
                                                                                            "operator_cardinality": 35129590,
                                                                                            "cumulative_rows_scanned": 25096741,
                                                                                            "operator_rows_scanned": 0,
                                                                                            "operator_timing": 0.07008243300000032,
                                                                                            "result_set_size": 1756479500,
                                                                                            "children": [
                                                                                                {
                                                                                                    "operator_name": "HASH_JOIN",
                                                                                                    "cpu_time": 8.449388492000008,
                                                                                                    "extra_info": {
                                                                                                        "Join Type": "LEFT",
                                                                                                        "Conditions": "id = postid",
                                                                                                        "Estimated Cardinality": "12744093"
                                                                                                    },
                                                                                                    "cumulative_cardinality": 85783095,
                                                                                                    "operator_type": "HASH_JOIN",
                                                                                                    "operator_cardinality": 35129590,
                                                                                                    "cumulative_rows_scanned": 25096741,
                                                                                                    "operator_rows_scanned": 0,
                                                                                                    "operator_timing": 1.7732545170000102,
                                                                                                    "result_set_size": 1826738680,
                                                                                                    "children": [
                                                                                                        {
                                                                                                            "operator_name": "PROJECTION",
                                                                                                            "cpu_time": 6.482041881999997,
                                                                                                            "extra_info": {
                                                                                                                "Projections": [
                                                                                                                    "#0",
                                                                                                                    "#1",
                                                                                                                    "#2",
                                                                                                                    "__internal_decompress_integral_integer(#3, -72)",
                                                                                                                    "#4",
                                                                                                                    "#5",
                                                                                                                    "#6",
                                                                                                                    "#7"
                                                                                                                ],
                                                                                                                "Estimated Cardinality": "7241822"
                                                                                                            },
                                                                                                            "cumulative_cardinality": 37909412,
                                                                                                            "operator_type": "PROJECTION",
                                                                                                            "operator_cardinality": 8928266,
                                                                                                            "cumulative_rows_scanned": 12352648,
                                                                                                            "operator_rows_scanned": 0,
                                                                                                            "operator_timing": 0.008696241999999995,
                                                                                                            "result_set_size": 428556768,
                                                                                                            "children": [
                                                                                                                {
                                                                                                                    "operator_name": "HASH_JOIN",
                                                                                                                    "cpu_time": 6.473345639999997,
                                                                                                                    "extra_info": {
                                                                                                                        "Join Type": "RIGHT",
                                                                                                                        "Conditions": "postid = id",
                                                                                                                        "Estimated Cardinality": "7241822"
                                                                                                                    },
                                                                                                                    "cumulative_cardinality": 28981146,
                                                                                                                    "operator_type": "HASH_JOIN",
                                                                                                                    "operator_cardinality": 8928266,
                                                                                                                    "cumulative_rows_scanned": 12352648,
                                                                                                                    "operator_rows_scanned": 0,
                                                                                                                    "operator_timing": 1.7672159880000011,
                                                                                                                    "result_set_size": 410700236,
                                                                                                                    "children": [
                                                                                                                        {
                                                                                                                            "operator_name": "READ_PARQUET ",
                                                                                                                            "cpu_time": 2.3143600979999963,
                                                                                                                            "extra_info": {
                                                                                                                                "Function": "READ_PARQUET",
                                                                                                                                "Projections": [
                                                                                                                                    "id",
                                                                                                                                    "postid"
                                                                                                                                ],
                                                                                                                                "Estimated Cardinality": "7241822"
                                                                                                                            },
                                                                                                                            "cumulative_cardinality": 7241822,
                                                                                                                            "operator_type": "TABLE_SCAN",
                                                                                                                            "operator_cardinality": 7241822,
                                                                                                                            "cumulative_rows_scanned": 7241822,
                                                                                                                            "operator_rows_scanned": 7241822,
                                                                                                                            "operator_timing": 2.3143600979999963,
                                                                                                                            "result_set_size": 57934576,
                                                                                                                            "children": []
                                                                                                                        },
                                                                                                                        {
                                                                                                                            "operator_name": "PROJECTION",
                                                                                                                            "cpu_time": 2.3917695539999997,
                                                                                                                            "extra_info": {
                                                                                                                                "Projections": [
                                                                                                                                    "#0",
                                                                                                                                    "#1",
                                                                                                                                    "__internal_compress_integral_usmallint(#2, -72)",
                                                                                                                                    "#3",
                                                                                                                                    "#4",
                                                                                                                                    "#5",
                                                                                                                                    "#6"
                                                                                                                                ],
                                                                                                                                "Estimated Cardinality": "3850116"
                                                                                                                            },
                                                                                                                            "cumulative_cardinality": 12811058,
                                                                                                                            "operator_type": "PROJECTION",
                                                                                                                            "operator_cardinality": 3850116,
                                                                                                                            "cumulative_rows_scanned": 5110826,
                                                                                                                            "operator_rows_scanned": 0,
                                                                                                                            "operator_timing": 0.029949270999999982,
                                                                                                                            "result_set_size": 161704872,
                                                                                                                            "children": [
                                                                                                                                {
                                                                                                                                    "operator_name": "HASH_JOIN",
                                                                                                                                    "cpu_time": 2.3618202829999997,
                                                                                                                                    "extra_info": {
                                                                                                                                        "Join Type": "LEFT",
                                                                                                                                        "Conditions": "owneruserid = id",
                                                                                                                                        "Estimated Cardinality": "3850116"
                                                                                                                                    },
                                                                                                                                    "cumulative_cardinality": 8960942,
                                                                                                                                    "operator_type": "HASH_JOIN",
                                                                                                                                    "operator_cardinality": 3850116,
                                                                                                                                    "cumulative_rows_scanned": 5110826,
                                                                                                                                    "operator_rows_scanned": 0,
                                                                                                                                    "operator_timing": 0.3720084400000009,
                                                                                                                                    "result_set_size": 169405104,
                                                                                                                                    "children": [
                                                                                                                                        {
                                                                                                                                            "operator_name": "READ_PARQUET ",
                                                                                                                                            "cpu_time": 1.830549750999999,
                                                                                                                                            "extra_info": {
                                                                                                                                                "Function": "READ_PARQUET",
                                                                                                                                                "Projections": [
                                                                                                                                                    "id",
                                                                                                                                                    "creationdate",
                                                                                                                                                    "score",
                                                                                                                                                    "viewcount",
                                                                                                                                                    "owneruserid",
                                                                                                                                                    "title"
                                                                                                                                                ],
                                                                                                                                                "Estimated Cardinality": "3850116"
                                                                                                                                            },
                                                                                                                                            "cumulative_cardinality": 3850116,
                                                                                                                                            "operator_type": "TABLE_SCAN",
                                                                                                                                            "operator_cardinality": 3850116,
                                                                                                                                            "cumulative_rows_scanned": 3850116,
                                                                                                                                            "operator_rows_scanned": 3850116,
                                                                                                                                            "operator_timing": 1.830549750999999,
                                                                                                                                            "result_set_size": 154004640,
                                                                                                                                            "children": []
                                                                                                                                        },
                                                                                                                                        {
                                                                                                                                            "operator_name": "READ_PARQUET ",
                                                                                                                                            "cpu_time": 0.15926209199999974,
                                                                                                                                            "extra_info": {
                                                                                                                                                "Function": "READ_PARQUET",
                                                                                                                                                "Projections": [
                                                                                                                                                    "id",
                                                                                                                                                    "reputation"
                                                                                                                                                ],
                                                                                                                                                "Estimated Cardinality": "1260710"
                                                                                                                                            },
                                                                                                                                            "cumulative_cardinality": 1260710,
                                                                                                                                            "operator_type": "TABLE_SCAN",
                                                                                                                                            "operator_cardinality": 1260710,
                                                                                                                                            "cumulative_rows_scanned": 1260710,
                                                                                                                                            "operator_rows_scanned": 1260710,
                                                                                                                                            "operator_timing": 0.15926209199999974,
                                                                                                                                            "result_set_size": 10085680,
                                                                                                                                            "children": []
                                                                                                                                        }
                                                                                                                                    ]
                                                                                                                                }
                                                                                                                            ]
                                                                                                                        }
                                                                                                                    ]
                                                                                                                }
                                                                                                            ]
                                                                                                        },
                                                                                                        {
                                                                                                            "operator_name": "READ_PARQUET ",
                                                                                                            "cpu_time": 0.19409209300000052,
                                                                                                            "extra_info": {
                                                                                                                "Function": "READ_PARQUET",
                                                                                                                "Projections": [
                                                                                                                    "id",
                                                                                                                    "postid"
                                                                                                                ],
                                                                                                                "Estimated Cardinality": "12744093"
                                                                                                            },
                                                                                                            "cumulative_cardinality": 12744093,
                                                                                                            "operator_type": "TABLE_SCAN",
                                                                                                            "operator_cardinality": 12744093,
                                                                                                            "cumulative_rows_scanned": 12744093,
                                                                                                            "operator_rows_scanned": 12744093,
                                                                                                            "operator_timing": 0.19409209300000052,
                                                                                                            "result_set_size": 101952744,
                                                                                                            "children": []
                                                                                                        }
                                                                                                    ]
                                                                                                }
                                                                                            ]
                                                                                        }
                                                                                    ]
                                                                                }
                                                                            ]
                                                                        }
                                                                    ]
                                                                }
                                                            ]
                                                        },
                                                        {
                                                            "operator_name": "HASH_GROUP_BY",
                                                            "cpu_time": 0.360313988,
                                                            "extra_info": {
                                                                "Groups": "#0",
                                                                "Aggregates": "count_star()",
                                                                "Estimated Cardinality": "1160862"
                                                            },
                                                            "cumulative_cardinality": 5192469,
                                                            "operator_type": "HASH_GROUP_BY",
                                                            "operator_cardinality": 549021,
                                                            "cumulative_rows_scanned": 2321724,
                                                            "operator_rows_scanned": 0,
                                                            "operator_timing": 0.08226460199999996,
                                                            "result_set_size": 6588252,
                                                            "children": [
                                                                {
                                                                    "operator_name": "PROJECTION",
                                                                    "cpu_time": 0.278049386,
                                                                    "extra_info": {
                                                                        "Projections": "userid",
                                                                        "Estimated Cardinality": "2321724"
                                                                    },
                                                                    "cumulative_cardinality": 4643448,
                                                                    "operator_type": "PROJECTION",
                                                                    "operator_cardinality": 2321724,
                                                                    "cumulative_rows_scanned": 2321724,
                                                                    "operator_rows_scanned": 0,
                                                                    "operator_timing": 0.00021942199999999907,
                                                                    "result_set_size": 9286896,
                                                                    "children": [
                                                                        {
                                                                            "operator_name": "READ_PARQUET ",
                                                                            "cpu_time": 0.277829964,
                                                                            "extra_info": {
                                                                                "Function": "READ_PARQUET",
                                                                                "Projections": [
                                                                                    "id",
                                                                                    "userid"
                                                                                ],
                                                                                "Estimated Cardinality": "2321724"
                                                                            },
                                                                            "cumulative_cardinality": 2321724,
                                                                            "operator_type": "TABLE_SCAN",
                                                                            "operator_cardinality": 2321724,
                                                                            "cumulative_rows_scanned": 2321724,
                                                                            "operator_rows_scanned": 2321724,
                                                                            "operator_timing": 0.277829964,
                                                                            "result_set_size": 18573792,
                                                                            "children": []
                                                                        }
                                                                    ]
                                                                }
                                                            ]
                                                        }
                                                    ]
                                                }
                                            ]
                                        }
                                    ]
                                }
                            ]
                        }
                    ]
                }
            ]
        }
    ]
}