{
    "rows_returned": 1260710,
    "query_name": "WITH PostsAggregated AS (\n    SELECT \n        pst.OwnerUserId,\n        COUNT(pst.Id) AS PostCount,\n        SUM(pst.ViewCount) AS TotalViews,\n        SUM(pst.Score) AS TotalScore,\n        AVG(pst.Score) AS AvgScore\n    FROM \n        Posts pst\n    WHERE \n        pst.CreationDate >= cast('2024-10-01 12:34:56' as timestamp) - INTERVAL '1 year'\n    GROUP BY \n        pst.OwnerUserId\n),\nUserMetrics AS (\n    SELECT \n        u.Id AS UserId,\n        u.DisplayName,\n        COALESCE(pa.PostCount, 0) AS PostCount,\n        COALESCE(pa.TotalViews, 0) AS TotalViews,\n        COALESCE(pa.TotalScore, 0) AS TotalScore,\n        COALESCE(pa.AvgScore, 0) AS AvgScore,\n        u.Reputation,\n        u.CreationDate\n    FROM \n        Users u\n    LEFT JOIN \n        PostsAggregated pa ON u.Id = pa.OwnerUserId\n)\nSELECT \n    um.UserId,\n    um.DisplayName,\n    um.PostCount,\n    um.TotalViews,\n    um.TotalScore,\n    um.AvgScore,\n    um.Reputation,\n    um.CreationDate\nFROM \n    UserMetrics um\nORDER BY \n    um.TotalViews DESC, \n    um.TotalScore DESC;",
    "blocked_thread_time": 0.0,
    "cpu_time": 0.508968719,
    "extra_info": {},
    "cumulative_cardinality": 5366377,
    "cumulative_rows_scanned": 5110826,
    "result_set_size": 100856800,
    "latency": 3.199680319,
    "children": [
        {
            "operator_name": "ORDER_BY",
            "cpu_time": 0.508968719,
            "extra_info": {
                "Order By": [
                    "um.TotalViews DESC",
                    "um.TotalScore DESC"
                ]
            },
            "cumulative_cardinality": 5366377,
            "operator_type": "ORDER_BY",
            "operator_cardinality": 1260710,
            "cumulative_rows_scanned": 5110826,
            "operator_rows_scanned": 0,
            "operator_timing": 0.126500813,
            "result_set_size": 100856800,
            "children": [
                {
                    "operator_name": "PROJECTION",
                    "cpu_time": 0.38246790599999997,
                    "extra_info": {
                        "Projections": [
                            "UserId",
                            "displayname",
                            "PostCount",
                            "TotalViews",
                            "TotalScore",
                            "AvgScore",
                            "reputation",
                            "creationdate"
                        ],
                        "Estimated Cardinality": "1260710"
                    },
                    "cumulative_cardinality": 4105667,
                    "operator_type": "PROJECTION",
                    "operator_cardinality": 1260710,
                    "cumulative_rows_scanned": 5110826,
                    "operator_rows_scanned": 0,
                    "operator_timing": 0.033449196999999965,
                    "result_set_size": 100856800,
                    "children": [
                        {
                            "operator_name": "HASH_JOIN",
                            "cpu_time": 0.349018709,
                            "extra_info": {
                                "Join Type": "LEFT",
                                "Conditions": "id = owneruserid",
                                "Estimated Cardinality": "1260710"
                            },
                            "cumulative_cardinality": 2844957,
                            "operator_type": "HASH_JOIN",
                            "operator_cardinality": 1260710,
                            "cumulative_rows_scanned": 5110826,
                            "operator_rows_scanned": 0,
                            "operator_timing": 0.03803223500000008,
                            "result_set_size": 100856800,
                            "children": [
                                {
                                    "operator_name": "READ_PARQUET ",
                                    "cpu_time": 0.26861707499999987,
                                    "extra_info": {
                                        "Function": "READ_PARQUET",
                                        "Projections": [
                                            "id",
                                            "reputation",
                                            "creationdate",
                                            "displayname"
                                        ],
                                        "Estimated Cardinality": "1260710"
                                    },
                                    "cumulative_cardinality": 1260710,
                                    "operator_type": "TABLE_SCAN",
                                    "operator_cardinality": 1260710,
                                    "cumulative_rows_scanned": 1260710,
                                    "operator_rows_scanned": 1260710,
                                    "operator_timing": 0.26861707499999987,
                                    "result_set_size": 40342720,
                                    "children": []
                                },
                                {
                                    "operator_name": "HASH_GROUP_BY",
                                    "cpu_time": 0.04236939900000001,
                                    "extra_info": {
                                        "Groups": "#0",
                                        "Aggregates": [
                                            "count_star()",
                                            "sum(#1)",
                                            "sum(#2)",
                                            "avg(#3)"
                                        ],
                                        "Estimated Cardinality": "385011"
                                    },
                                    "cumulative_cardinality": 323537,
                                    "operator_type": "HASH_GROUP_BY",
                                    "operator_cardinality": 32453,
                                    "cumulative_rows_scanned": 3850116,
                                    "operator_rows_scanned": 0,
                                    "operator_timing": 0.008182726999999999,
                                    "result_set_size": 1687556,
                                    "children": [
                                        {
                                            "operator_name": "PROJECTION",
                                            "cpu_time": 0.03418667200000001,
                                            "extra_info": {
                                                "Projections": [
                                                    "owneruserid",
                                                    "viewcount",
                                                    "score",
                                                    "score"
                                                ],
                                                "Estimated Cardinality": "770023"
                                            },
                                            "cumulative_cardinality": 291084,
                                            "operator_type": "PROJECTION",
                                            "operator_cardinality": 145542,
                                            "cumulative_rows_scanned": 3850116,
                                            "operator_rows_scanned": 0,
                                            "operator_timing": 0.000026238000000000005,
                                            "result_set_size": 2328672,
                                            "children": [
                                                {
                                                    "operator_name": "READ_PARQUET ",
                                                    "cpu_time": 0.03416043400000001,
                                                    "extra_info": {
                                                        "Function": "READ_PARQUET",
                                                        "Projections": [
                                                            "id",
                                                            "score",
                                                            "viewcount",
                                                            "owneruserid"
                                                        ],
                                                        "Filters": "creationdate>='2023-10-01 12:34:56'::TIMESTAMP",
                                                        "Estimated Cardinality": "770023"
                                                    },
                                                    "cumulative_cardinality": 145542,
                                                    "operator_type": "TABLE_SCAN",
                                                    "operator_cardinality": 145542,
                                                    "cumulative_rows_scanned": 3850116,
                                                    "operator_rows_scanned": 3850116,
                                                    "operator_timing": 0.03416043400000001,
                                                    "result_set_size": 2328672,
                                                    "children": []
                                                }
                                            ]
                                        }
                                    ]
                                }
                            ]
                        }
                    ]
                }
            ]
        }
    ]
}