{
    "rows_returned": 2107966,
    "query_name": "WITH PostCounts AS (\n    SELECT \n        pt.Name AS PostType,\n        COUNT(p.Id) AS TotalPosts,\n        COUNT(CASE WHEN p.Score > 0 THEN 1 END) AS TotalQuestions,\n        COUNT(CASE WHEN p.Score IS NOT NULL AND p.AcceptedAnswerId IS NOT NULL THEN 1 END) AS TotalAcceptedAnswers\n    FROM \n        Posts p\n    JOIN \n        PostTypes pt ON p.PostTypeId = pt.Id\n    GROUP BY \n        pt.Name\n),\nUserActivity AS (\n    SELECT \n        u.DisplayName,\n        COUNT(p.Id) AS PostsCount,\n        SUM(COALESCE(v.BountyAmount, 0)) AS TotalBounty\n    FROM \n        Users u\n    LEFT JOIN \n        Posts p ON u.Id = p.OwnerUserId\n    LEFT JOIN \n        Votes v ON p.Id = v.PostId AND v.VoteTypeId IN (8, 9)  \n    GROUP BY \n        u.DisplayName\n)\nSELECT \n    pc.PostType,\n    pc.TotalPosts,\n    pc.TotalQuestions,\n    pc.TotalAcceptedAnswers,\n    ua.DisplayName,\n    ua.PostsCount,\n    ua.TotalBounty\nFROM \n    PostCounts pc\nLEFT JOIN \n    UserActivity ua ON ua.PostsCount > 0\nORDER BY \n    pc.TotalPosts DESC, ua.PostsCount DESC;",
    "blocked_thread_time": 0.0,
    "cpu_time": 3.433014634,
    "extra_info": {},
    "cumulative_cardinality": 40566684,
    "cumulative_rows_scanned": 21705043,
    "result_set_size": 168637280,
    "latency": 6.670464013,
    "children": [
        {
            "operator_name": "ORDER_BY",
            "cpu_time": 3.433014634,
            "extra_info": {
                "Order By": [
                    "pc.TotalPosts DESC",
                    "ua.PostsCount DESC"
                ]
            },
            "cumulative_cardinality": 40566684,
            "operator_type": "ORDER_BY",
            "operator_cardinality": 2107966,
            "cumulative_rows_scanned": 21705043,
            "operator_rows_scanned": 0,
            "operator_timing": 0.3115868620000004,
            "result_set_size": 168637280,
            "children": [
                {
                    "operator_name": "BLOCKWISE_NL_JOIN",
                    "cpu_time": 3.1214277719999997,
                    "extra_info": {
                        "Join Type": "LEFT",
                        "Condition": "true"
                    },
                    "cumulative_cardinality": 38458718,
                    "operator_type": "BLOCKWISE_NL_JOIN",
                    "operator_cardinality": 2107966,
                    "cumulative_rows_scanned": 21705043,
                    "operator_rows_scanned": 0,
                    "operator_timing": 0.033788175,
                    "result_set_size": 168637280,
                    "children": [
                        {
                            "operator_name": "HASH_GROUP_BY",
                            "cpu_time": 0.31890418199999987,
                            "extra_info": {
                                "Groups": "#0",
                                "Aggregates": [
                                    "count_star()",
                                    "count(#1)",
                                    "count(#2)"
                                ],
                                "Estimated Cardinality": "1925058"
                            },
                            "cumulative_cardinality": 11550362,
                            "operator_type": "HASH_GROUP_BY",
                            "operator_cardinality": 7,
                            "cumulative_rows_scanned": 3850124,
                            "operator_rows_scanned": 0,
                            "operator_timing": 0.11805246299999993,
                            "result_set_size": 280,
                            "children": [
                                {
                                    "operator_name": "PROJECTION",
                                    "cpu_time": 0.20085171899999993,
                                    "extra_info": {
                                        "Projections": [
                                            "name",
                                            "CASE  WHEN ((score > 0)) THEN (1) ELSE NULL END",
                                            "CASE  WHEN ((acceptedanswerid IS NOT NULL)) THEN (1) ELSE NULL END"
                                        ],
                                        "Estimated Cardinality": "3850116"
                                    },
                                    "cumulative_cardinality": 11550355,
                                    "operator_type": "PROJECTION",
                                    "operator_cardinality": 3850116,
                                    "cumulative_rows_scanned": 3850124,
                                    "operator_rows_scanned": 0,
                                    "operator_timing": 0.05044141100000011,
                                    "result_set_size": 92402784,
                                    "children": [
                                        {
                                            "operator_name": "HASH_JOIN",
                                            "cpu_time": 0.15041030799999983,
                                            "extra_info": {
                                                "Join Type": "INNER",
                                                "Conditions": "posttypeid = id",
                                                "Estimated Cardinality": "3850116"
                                            },
                                            "cumulative_cardinality": 7700239,
                                            "operator_type": "HASH_JOIN",
                                            "operator_cardinality": 3850116,
                                            "cumulative_rows_scanned": 3850124,
                                            "operator_rows_scanned": 0,
                                            "operator_timing": 0.010057629000000004,
                                            "result_set_size": 92402784,
                                            "children": [
                                                {
                                                    "operator_name": "READ_PARQUET ",
                                                    "cpu_time": 0.1398814389999998,
                                                    "extra_info": {
                                                        "Function": "READ_PARQUET",
                                                        "Projections": [
                                                            "id",
                                                            "posttypeid",
                                                            "acceptedanswerid",
                                                            "score"
                                                        ],
                                                        "Estimated Cardinality": "3850116"
                                                    },
                                                    "cumulative_cardinality": 3850116,
                                                    "operator_type": "TABLE_SCAN",
                                                    "operator_cardinality": 3850116,
                                                    "cumulative_rows_scanned": 3850116,
                                                    "operator_rows_scanned": 3850116,
                                                    "operator_timing": 0.1398814389999998,
                                                    "result_set_size": 53901624,
                                                    "children": []
                                                },
                                                {
                                                    "operator_name": "READ_PARQUET ",
                                                    "cpu_time": 0.00047124000000000005,
                                                    "extra_info": {
                                                        "Function": "READ_PARQUET",
                                                        "Projections": [
                                                            "id",
                                                            "name"
                                                        ],
                                                        "Filters": "id<=7",
                                                        "Estimated Cardinality": "8"
                                                    },
                                                    "cumulative_cardinality": 7,
                                                    "operator_type": "TABLE_SCAN",
                                                    "operator_cardinality": 7,
                                                    "cumulative_rows_scanned": 8,
                                                    "operator_rows_scanned": 8,
                                                    "operator_timing": 0.00047124000000000005,
                                                    "result_set_size": 126,
                                                    "children": []
                                                }
                                            ]
                                        }
                                    ]
                                }
                            ]
                        },
                        {
                            "operator_name": "FILTER",
                            "cpu_time": 2.7687354149999996,
                            "extra_info": {
                                "Expression": "(PostsCount > 0)",
                                "Estimated Cardinality": "252142"
                            },
                            "cumulative_cardinality": 24800390,
                            "operator_type": "FILTER",
                            "operator_cardinality": 301138,
                            "cumulative_rows_scanned": 17854919,
                            "operator_rows_scanned": 0,
                            "operator_timing": 0.002098209000000003,
                            "result_set_size": 12045520,
                            "children": [
                                {
                                    "operator_name": "HASH_GROUP_BY",
                                    "cpu_time": 2.7666372059999995,
                                    "extra_info": {
                                        "Groups": "#0",
                                        "Aggregates": [
                                            "count(#1)",
                                            "sum(#2)"
                                        ],
                                        "Estimated Cardinality": "1260710"
                                    },
                                    "cumulative_cardinality": 24499252,
                                    "operator_type": "HASH_GROUP_BY",
                                    "operator_cardinality": 1045736,
                                    "cumulative_rows_scanned": 17854919,
                                    "operator_rows_scanned": 0,
                                    "operator_timing": 0.6160960380000002,
                                    "result_set_size": 41829440,
                                    "children": [
                                        {
                                            "operator_name": "PROJECTION",
                                            "cpu_time": 2.1505411679999993,
                                            "extra_info": {
                                                "Projections": [
                                                    "displayname",
                                                    "id",
                                                    "COALESCE(bountyamount, 0)"
                                                ],
                                                "Estimated Cardinality": "3850116"
                                            },
                                            "cumulative_cardinality": 23453516,
                                            "operator_type": "PROJECTION",
                                            "operator_cardinality": 4590933,
                                            "cumulative_rows_scanned": 17854919,
                                            "operator_rows_scanned": 0,
                                            "operator_timing": 0.07618746200000001,
                                            "result_set_size": 110182392,
                                            "children": [
                                                {
                                                    "operator_name": "PROJECTION",
                                                    "cpu_time": 2.0743537059999992,
                                                    "extra_info": {
                                                        "Projections": [
                                                            "#0",
                                                            "#1",
                                                            "__internal_decompress_integral_integer(#2, 0)"
                                                        ],
                                                        "Estimated Cardinality": "3850116"
                                                    },
                                                    "cumulative_cardinality": 18862583,
                                                    "operator_type": "PROJECTION",
                                                    "operator_cardinality": 4590933,
                                                    "cumulative_rows_scanned": 17854919,
                                                    "operator_rows_scanned": 0,
                                                    "operator_timing": 0.0035991190000000035,
                                                    "result_set_size": 110182392,
                                                    "children": [
                                                        {
                                                            "operator_name": "HASH_JOIN",
                                                            "cpu_time": 2.0707545869999993,
                                                            "extra_info": {
                                                                "Join Type": "LEFT",
                                                                "Conditions": "id = postid",
                                                                "Estimated Cardinality": "3850116"
                                                            },
                                                            "cumulative_cardinality": 14271650,
                                                            "operator_type": "HASH_JOIN",
                                                            "operator_cardinality": 4590933,
                                                            "cumulative_rows_scanned": 17854919,
                                                            "operator_rows_scanned": 0,
                                                            "operator_timing": 0.16895884799999986,
                                                            "result_set_size": 101000526,
                                                            "children": [
                                                                {
                                                                    "operator_name": "HASH_JOIN",
                                                                    "cpu_time": 1.5125691889999997,
                                                                    "extra_info": {
                                                                        "Join Type": "RIGHT",
                                                                        "Conditions": "owneruserid = id",
                                                                        "Estimated Cardinality": "3850116"
                                                                    },
                                                                    "cumulative_cardinality": 9520621,
                                                                    "operator_type": "HASH_JOIN",
                                                                    "operator_cardinality": 4574495,
                                                                    "cumulative_rows_scanned": 5110826,
                                                                    "operator_rows_scanned": 0,
                                                                    "operator_timing": 0.4006590069999997,
                                                                    "result_set_size": 91489900,
                                                                    "children": [
                                                                        {
                                                                            "operator_name": "READ_PARQUET ",
                                                                            "cpu_time": 0.17609874199999978,
                                                                            "extra_info": {
                                                                                "Function": "READ_PARQUET",
                                                                                "Projections": [
                                                                                    "id",
                                                                                    "owneruserid"
                                                                                ],
                                                                                "Estimated Cardinality": "3850116"
                                                                            },
                                                                            "cumulative_cardinality": 3685416,
                                                                            "operator_type": "TABLE_SCAN",
                                                                            "operator_cardinality": 3685416,
                                                                            "cumulative_rows_scanned": 3850116,
                                                                            "operator_rows_scanned": 3850116,
                                                                            "operator_timing": 0.17609874199999978,
                                                                            "result_set_size": 29483328,
                                                                            "children": []
                                                                        },
                                                                        {
                                                                            "operator_name": "READ_PARQUET ",
                                                                            "cpu_time": 0.9358114400000003,
                                                                            "extra_info": {
                                                                                "Function": "READ_PARQUET",
                                                                                "Projections": [
                                                                                    "id",
                                                                                    "displayname"
                                                                                ],
                                                                                "Estimated Cardinality": "1260710"
                                                                            },
                                                                            "cumulative_cardinality": 1260710,
                                                                            "operator_type": "TABLE_SCAN",
                                                                            "operator_cardinality": 1260710,
                                                                            "cumulative_rows_scanned": 1260710,
                                                                            "operator_rows_scanned": 1260710,
                                                                            "operator_timing": 0.9358114400000003,
                                                                            "result_set_size": 25214200,
                                                                            "children": []
                                                                        }
                                                                    ]
                                                                },
                                                                {
                                                                    "operator_name": "PROJECTION",
                                                                    "cpu_time": 0.38922654999999945,
                                                                    "extra_info": {
                                                                        "Projections": [
                                                                            "#0",
                                                                            "__internal_compress_integral_usmallint(#1, 0)"
                                                                        ],
                                                                        "Estimated Cardinality": "2548818"
                                                                    },
                                                                    "cumulative_cardinality": 160096,
                                                                    "operator_type": "PROJECTION",
                                                                    "operator_cardinality": 80048,
                                                                    "cumulative_rows_scanned": 12744093,
                                                                    "operator_rows_scanned": 0,
                                                                    "operator_timing": 0.005157041000000008,
                                                                    "result_set_size": 480288,
                                                                    "children": [
                                                                        {
                                                                            "operator_name": "READ_PARQUET ",
                                                                            "cpu_time": 0.3840695089999994,
                                                                            "extra_info": {
                                                                                "Function": "READ_PARQUET",
                                                                                "Projections": [
                                                                                    "postid",
                                                                                    "bountyamount"
                                                                                ],
                                                                                "Filters": "votetypeid>=8 AND votetypeid<=9",
                                                                                "Estimated Cardinality": "2548818"
                                                                            },
                                                                            "cumulative_cardinality": 80048,
                                                                            "operator_type": "TABLE_SCAN",
                                                                            "operator_cardinality": 80048,
                                                                            "cumulative_rows_scanned": 12744093,
                                                                            "operator_rows_scanned": 12744093,
                                                                            "operator_timing": 0.3840695089999994,
                                                                            "result_set_size": 640384,
                                                                            "children": []
                                                                        }
                                                                    ]
                                                                }
                                                            ]
                                                        }
                                                    ]
                                                }
                                            ]
                                        }
                                    ]
                                }
                            ]
                        }
                    ]
                }
            ]
        }
    ]
}