{
    "rows_returned": 1320414,
    "query_name": "SELECT \n    u.Id AS UserId,\n    u.DisplayName,\n    COUNT(DISTINCT p.Id) AS TotalPosts,\n    COUNT(DISTINCT c.Id) AS TotalComments,\n    COUNT(DISTINCT v.Id) AS TotalVotes,\n    pt.Name AS PostType\nFROM \n    Users u\nLEFT JOIN \n    Posts p ON u.Id = p.OwnerUserId\nLEFT JOIN \n    Comments c ON p.Id = c.PostId\nLEFT JOIN \n    Votes v ON p.Id = v.PostId\nLEFT JOIN \n    PostTypes pt ON p.PostTypeId = pt.Id\nGROUP BY \n    u.Id, u.DisplayName, pt.Name\nORDER BY \n    u.Id;",
    "blocked_thread_time": 0.0,
    "cpu_time": 11.060899025999996,
    "extra_info": {},
    "cumulative_cardinality": 204133087,
    "cumulative_rows_scanned": 25096749,
    "result_set_size": 79224840,
    "latency": 15.554281091,
    "children": [
        {
            "operator_name": "ORDER_BY",
            "cpu_time": 11.060899025999996,
            "extra_info": {
                "Order By": "u.Id ASC"
            },
            "cumulative_cardinality": 204133087,
            "operator_type": "ORDER_BY",
            "operator_cardinality": 1320414,
            "cumulative_rows_scanned": 25096749,
            "operator_rows_scanned": 0,
            "operator_timing": 0.058521684000000074,
            "result_set_size": 79224840,
            "children": [
                {
                    "operator_name": "PROJECTION",
                    "cpu_time": 11.002377341999996,
                    "extra_info": {
                        "Projections": [
                            "UserId",
                            "displayname",
                            "TotalPosts",
                            "TotalComments",
                            "TotalVotes",
                            "PostType"
                        ],
                        "Estimated Cardinality": "1260710"
                    },
                    "cumulative_cardinality": 202812673,
                    "operator_type": "PROJECTION",
                    "operator_cardinality": 1320414,
                    "cumulative_rows_scanned": 25096749,
                    "operator_rows_scanned": 0,
                    "operator_timing": 0.0001887870000000005,
                    "result_set_size": 79224840,
                    "children": [
                        {
                            "operator_name": "HASH_GROUP_BY",
                            "cpu_time": 11.002188554999995,
                            "extra_info": {
                                "Groups": [
                                    "#0",
                                    "#1",
                                    "#2"
                                ],
                                "Aggregates": [
                                    "count(DISTINCT #3)",
                                    "count(DISTINCT #4)",
                                    "count(DISTINCT #5)"
                                ],
                                "Estimated Cardinality": "1260710"
                            },
                            "cumulative_cardinality": 201492259,
                            "operator_type": "HASH_GROUP_BY",
                            "operator_cardinality": 1320414,
                            "cumulative_rows_scanned": 25096749,
                            "operator_rows_scanned": 0,
                            "operator_timing": 7.309871304999983,
                            "result_set_size": 79224840,
                            "children": [
                                {
                                    "operator_name": "PROJECTION",
                                    "cpu_time": 3.6923172500000123,
                                    "extra_info": {
                                        "Projections": [
                                            "id",
                                            "displayname",
                                            "name",
                                            "id",
                                            "id",
                                            "id"
                                        ],
                                        "Estimated Cardinality": "12744093"
                                    },
                                    "cumulative_cardinality": 200171845,
                                    "operator_type": "PROJECTION",
                                    "operator_cardinality": 34453569,
                                    "cumulative_rows_scanned": 25096749,
                                    "operator_rows_scanned": 0,
                                    "operator_timing": 0.007950606999999294,
                                    "result_set_size": 1653771312,
                                    "children": [
                                        {
                                            "operator_name": "HASH_JOIN",
                                            "cpu_time": 3.684366643000013,
                                            "extra_info": {
                                                "Join Type": "LEFT",
                                                "Conditions": "posttypeid = id",
                                                "Estimated Cardinality": "12744093"
                                            },
                                            "cumulative_cardinality": 165718276,
                                            "operator_type": "HASH_JOIN",
                                            "operator_cardinality": 34453569,
                                            "cumulative_rows_scanned": 25096749,
                                            "operator_rows_scanned": 0,
                                            "operator_timing": 0.7278834810000018,
                                            "result_set_size": 1653771312,
                                            "children": [
                                                {
                                                    "operator_name": "PROJECTION",
                                                    "cpu_time": 2.9561857370000113,
                                                    "extra_info": {
                                                        "Projections": [
                                                            "#0",
                                                            "#1",
                                                            "#2",
                                                            "__internal_decompress_integral_smallint(#3, 1)",
                                                            "#4",
                                                            "#5"
                                                        ],
                                                        "Estimated Cardinality": "12744093"
                                                    },
                                                    "cumulative_cardinality": 131264699,
                                                    "operator_type": "PROJECTION",
                                                    "operator_cardinality": 34453569,
                                                    "cumulative_rows_scanned": 25096741,
                                                    "operator_rows_scanned": 0,
                                                    "operator_timing": 0.01959849699999932,
                                                    "result_set_size": 1171421346,
                                                    "children": [
                                                        {
                                                            "operator_name": "HASH_JOIN",
                                                            "cpu_time": 2.936587240000012,
                                                            "extra_info": {
                                                                "Join Type": "RIGHT",
                                                                "Conditions": "postid = id",
                                                                "Estimated Cardinality": "12744093"
                                                            },
                                                            "cumulative_cardinality": 96811130,
                                                            "operator_type": "HASH_JOIN",
                                                            "operator_cardinality": 34453569,
                                                            "cumulative_rows_scanned": 25096741,
                                                            "operator_rows_scanned": 0,
                                                            "operator_timing": 1.5753783860000137,
                                                            "result_set_size": 1136967777,
                                                            "children": [
                                                                {
                                                                    "operator_name": "READ_PARQUET ",
                                                                    "cpu_time": 0.24581015899999936,
                                                                    "extra_info": {
                                                                        "Function": "READ_PARQUET",
                                                                        "Projections": [
                                                                            "id",
                                                                            "postid"
                                                                        ],
                                                                        "Estimated Cardinality": "12744093"
                                                                    },
                                                                    "cumulative_cardinality": 12744093,
                                                                    "operator_type": "TABLE_SCAN",
                                                                    "operator_cardinality": 12744093,
                                                                    "cumulative_rows_scanned": 12744093,
                                                                    "operator_rows_scanned": 12744093,
                                                                    "operator_timing": 0.24581015899999936,
                                                                    "result_set_size": 101952744,
                                                                    "children": []
                                                                },
                                                                {
                                                                    "operator_name": "PROJECTION",
                                                                    "cpu_time": 1.1153986949999992,
                                                                    "extra_info": {
                                                                        "Projections": [
                                                                            "#0",
                                                                            "#1",
                                                                            "__internal_compress_integral_utinyint(#2, 1)",
                                                                            "#3",
                                                                            "#4"
                                                                        ],
                                                                        "Estimated Cardinality": "7241822"
                                                                    },
                                                                    "cumulative_cardinality": 49613468,
                                                                    "operator_type": "PROJECTION",
                                                                    "operator_cardinality": 9425510,
                                                                    "cumulative_rows_scanned": 12352648,
                                                                    "operator_rows_scanned": 0,
                                                                    "operator_timing": 0.00330610900000001,
                                                                    "result_set_size": 273339790,
                                                                    "children": [
                                                                        {
                                                                            "operator_name": "PROJECTION",
                                                                            "cpu_time": 1.1120925859999993,
                                                                            "extra_info": {
                                                                                "Projections": [
                                                                                    "#0",
                                                                                    "#1",
                                                                                    "__internal_decompress_integral_smallint(#2, 1)",
                                                                                    "#3",
                                                                                    "#4"
                                                                                ],
                                                                                "Estimated Cardinality": "7241822"
                                                                            },
                                                                            "cumulative_cardinality": 40187958,
                                                                            "operator_type": "PROJECTION",
                                                                            "operator_cardinality": 9425510,
                                                                            "cumulative_rows_scanned": 12352648,
                                                                            "operator_rows_scanned": 0,
                                                                            "operator_timing": 0.003613385999999998,
                                                                            "result_set_size": 282765300,
                                                                            "children": [
                                                                                {
                                                                                    "operator_name": "HASH_JOIN",
                                                                                    "cpu_time": 1.1084791999999992,
                                                                                    "extra_info": {
                                                                                        "Join Type": "RIGHT",
                                                                                        "Conditions": "postid = id",
                                                                                        "Estimated Cardinality": "7241822"
                                                                                    },
                                                                                    "cumulative_cardinality": 30762448,
                                                                                    "operator_type": "HASH_JOIN",
                                                                                    "operator_cardinality": 9425510,
                                                                                    "cumulative_rows_scanned": 12352648,
                                                                                    "operator_rows_scanned": 0,
                                                                                    "operator_timing": 0.588160628999999,
                                                                                    "result_set_size": 273339790,
                                                                                    "children": [
                                                                                        {
                                                                                            "operator_name": "READ_PARQUET ",
                                                                                            "cpu_time": 0.12009635000000005,
                                                                                            "extra_info": {
                                                                                                "Function": "READ_PARQUET",
                                                                                                "Projections": [
                                                                                                    "id",
                                                                                                    "postid"
                                                                                                ],
                                                                                                "Estimated Cardinality": "7241822"
                                                                                            },
                                                                                            "cumulative_cardinality": 7241822,
                                                                                            "operator_type": "TABLE_SCAN",
                                                                                            "operator_cardinality": 7241822,
                                                                                            "cumulative_rows_scanned": 7241822,
                                                                                            "operator_rows_scanned": 7241822,
                                                                                            "operator_timing": 0.12009635000000005,
                                                                                            "result_set_size": 57934576,
                                                                                            "children": []
                                                                                        },
                                                                                        {
                                                                                            "operator_name": "PROJECTION",
                                                                                            "cpu_time": 0.4002222210000002,
                                                                                            "extra_info": {
                                                                                                "Projections": [
                                                                                                    "#0",
                                                                                                    "__internal_compress_integral_utinyint(#1, 1)",
                                                                                                    "#2",
                                                                                                    "#3"
                                                                                                ],
                                                                                                "Estimated Cardinality": "3850116"
                                                                                            },
                                                                                            "cumulative_cardinality": 14095116,
                                                                                            "operator_type": "PROJECTION",
                                                                                            "operator_cardinality": 4574495,
                                                                                            "cumulative_rows_scanned": 5110826,
                                                                                            "operator_rows_scanned": 0,
                                                                                            "operator_timing": 0.0021155120000000012,
                                                                                            "result_set_size": 114362375,
                                                                                            "children": [
                                                                                                {
                                                                                                    "operator_name": "HASH_JOIN",
                                                                                                    "cpu_time": 0.3981067090000002,
                                                                                                    "extra_info": {
                                                                                                        "Join Type": "RIGHT",
                                                                                                        "Conditions": "owneruserid = id",
                                                                                                        "Estimated Cardinality": "3850116"
                                                                                                    },
                                                                                                    "cumulative_cardinality": 9520621,
                                                                                                    "operator_type": "HASH_JOIN",
                                                                                                    "operator_cardinality": 4574495,
                                                                                                    "cumulative_rows_scanned": 5110826,
                                                                                                    "operator_rows_scanned": 0,
                                                                                                    "operator_timing": 0.2287180630000002,
                                                                                                    "result_set_size": 118936870,
                                                                                                    "children": [
                                                                                                        {
                                                                                                            "operator_name": "READ_PARQUET ",
                                                                                                            "cpu_time": 0.09383513700000011,
                                                                                                            "extra_info": {
                                                                                                                "Function": "READ_PARQUET",
                                                                                                                "Projections": [
                                                                                                                    "id",
                                                                                                                    "posttypeid",
                                                                                                                    "owneruserid"
                                                                                                                ],
                                                                                                                "Estimated Cardinality": "3850116"
                                                                                                            },
                                                                                                            "cumulative_cardinality": 3685416,
                                                                                                            "operator_type": "TABLE_SCAN",
                                                                                                            "operator_cardinality": 3685416,
                                                                                                            "cumulative_rows_scanned": 3850116,
                                                                                                            "operator_rows_scanned": 3850116,
                                                                                                            "operator_timing": 0.09383513700000011,
                                                                                                            "result_set_size": 36854160,
                                                                                                            "children": []
                                                                                                        },
                                                                                                        {
                                                                                                            "operator_name": "READ_PARQUET ",
                                                                                                            "cpu_time": 0.07555350899999994,
                                                                                                            "extra_info": {
                                                                                                                "Function": "READ_PARQUET",
                                                                                                                "Projections": [
                                                                                                                    "id",
                                                                                                                    "displayname"
                                                                                                                ],
                                                                                                                "Estimated Cardinality": "1260710"
                                                                                                            },
                                                                                                            "cumulative_cardinality": 1260710,
                                                                                                            "operator_type": "TABLE_SCAN",
                                                                                                            "operator_cardinality": 1260710,
                                                                                                            "cumulative_rows_scanned": 1260710,
                                                                                                            "operator_rows_scanned": 1260710,
                                                                                                            "operator_timing": 0.07555350899999994,
                                                                                                            "result_set_size": 25214200,
                                                                                                            "children": []
                                                                                                        }
                                                                                                    ]
                                                                                                }
                                                                                            ]
                                                                                        }
                                                                                    ]
                                                                                }
                                                                            ]
                                                                        }
                                                                    ]
                                                                }
                                                            ]
                                                        }
                                                    ]
                                                },
                                                {
                                                    "operator_name": "READ_PARQUET ",
                                                    "cpu_time": 0.000297425,
                                                    "extra_info": {
                                                        "Function": "READ_PARQUET",
                                                        "Projections": [
                                                            "id",
                                                            "name"
                                                        ],
                                                        "Estimated Cardinality": "8"
                                                    },
                                                    "cumulative_cardinality": 8,
                                                    "operator_type": "TABLE_SCAN",
                                                    "operator_cardinality": 8,
                                                    "cumulative_rows_scanned": 8,
                                                    "operator_rows_scanned": 8,
                                                    "operator_timing": 0.000297425,
                                                    "result_set_size": 144,
                                                    "children": []
                                                }
                                            ]
                                        }
                                    ]
                                }
                            ]
                        }
                    ]
                }
            ]
        }
    ]
}