{
    "rows_returned": 100,
    "query_name": "WITH UserPosts AS (\n    SELECT \n        p.Id AS PostId,\n        p.OwnerUserId,\n        p.CreationDate AS PostCreationDate,\n        p.LastActivityDate,\n        p.Score,\n        p.ViewCount,\n        p.AnswerCount,\n        p.CommentCount,\n        p.FavoriteCount,\n        p.Title,\n        u.Reputation AS UserReputation\n    FROM \n        Posts p\n    JOIN \n        Users u ON p.OwnerUserId = u.Id\n    WHERE \n        p.CreationDate >= cast('2024-10-01 12:34:56' as timestamp) - INTERVAL '1 year' \n),\nPostInteractions AS (\n    SELECT \n        p.Id AS PostId,\n        COUNT(c.Id) AS CommentCount,\n        SUM(CASE WHEN v.VoteTypeId = 2 THEN 1 ELSE 0 END) AS UpVotes,\n        SUM(CASE WHEN v.VoteTypeId = 3 THEN 1 ELSE 0 END) AS DownVotes\n    FROM \n        Posts p\n    LEFT JOIN \n        Comments c ON p.Id = c.PostId\n    LEFT JOIN \n        Votes v ON p.Id = v.PostId\n    GROUP BY \n        p.Id\n)\nSELECT \n    up.PostId,\n    up.Title,\n    up.UserReputation,\n    up.PostCreationDate,\n    up.LastActivityDate,\n    pi.CommentCount,\n    pi.UpVotes,\n    pi.DownVotes,\n    up.Score,\n    up.ViewCount,\n    up.AnswerCount,\n    up.FavoriteCount\nFROM \n    UserPosts up\nJOIN \n    PostInteractions pi ON up.PostId = pi.PostId\nORDER BY \n    up.LastActivityDate DESC\nLIMIT 100;",
    "blocked_thread_time": 0.0,
    "cpu_time": 5.313789297999994,
    "extra_info": {},
    "cumulative_cardinality": 109004464,
    "cumulative_rows_scanned": 28946857,
    "result_set_size": 9600,
    "latency": 6.046961023,
    "children": [
        {
            "operator_name": "STREAMING_LIMIT",
            "cpu_time": 5.313789297999994,
            "extra_info": {},
            "cumulative_cardinality": 109004464,
            "operator_type": "STREAMING_LIMIT",
            "operator_cardinality": 100,
            "cumulative_rows_scanned": 28946857,
            "operator_rows_scanned": 0,
            "operator_timing": 0.000002033,
            "result_set_size": 9600,
            "children": [
                {
                    "operator_name": "PROJECTION",
                    "cpu_time": 5.313787264999994,
                    "extra_info": {
                        "Projections": [
                            "#0",
                            "#1",
                            "#2",
                            "#3",
                            "#4",
                            "#5",
                            "#6",
                            "#7",
                            "__internal_decompress_integral_integer(#8, -72)",
                            "#9",
                            "__internal_decompress_integral_integer(#10, 0)",
                            "#11"
                        ],
                        "Estimated Cardinality": "770023"
                    },
                    "cumulative_cardinality": 109004364,
                    "operator_type": "PROJECTION",
                    "operator_cardinality": 4096,
                    "cumulative_rows_scanned": 28946857,
                    "operator_rows_scanned": 0,
                    "operator_timing": 0.000018824,
                    "result_set_size": 393216,
                    "children": [
                        {
                            "operator_name": "ORDER_BY",
                            "cpu_time": 5.313768440999994,
                            "extra_info": {
                                "Order By": "up.LastActivityDate DESC"
                            },
                            "cumulative_cardinality": 109000268,
                            "operator_type": "ORDER_BY",
                            "operator_cardinality": 4096,
                            "cumulative_rows_scanned": 28946857,
                            "operator_rows_scanned": 0,
                            "operator_timing": 0.020093212999999995,
                            "result_set_size": 372736,
                            "children": [
                                {
                                    "operator_name": "PROJECTION",
                                    "cpu_time": 5.293675227999994,
                                    "extra_info": {
                                        "Projections": [
                                            "#0",
                                            "#1",
                                            "#2",
                                            "#3",
                                            "#4",
                                            "#5",
                                            "#6",
                                            "#7",
                                            "__internal_compress_integral_usmallint(#8, -72)",
                                            "#9",
                                            "__internal_compress_integral_utinyint(#10, 0)",
                                            "#11"
                                        ],
                                        "Estimated Cardinality": "770023"
                                    },
                                    "cumulative_cardinality": 108996172,
                                    "operator_type": "PROJECTION",
                                    "operator_cardinality": 143650,
                                    "cumulative_rows_scanned": 28946857,
                                    "operator_rows_scanned": 0,
                                    "operator_timing": 0.0018966330000000009,
                                    "result_set_size": 13072150,
                                    "children": [
                                        {
                                            "operator_name": "PROJECTION",
                                            "cpu_time": 5.291778594999994,
                                            "extra_info": {
                                                "Projections": [
                                                    "PostId",
                                                    "title",
                                                    "UserReputation",
                                                    "PostCreationDate",
                                                    "lastactivitydate",
                                                    "CommentCount",
                                                    "UpVotes",
                                                    "DownVotes",
                                                    "score",
                                                    "viewcount",
                                                    "answercount",
                                                    "favoritecount"
                                                ],
                                                "Estimated Cardinality": "770023"
                                            },
                                            "cumulative_cardinality": 108852522,
                                            "operator_type": "PROJECTION",
                                            "operator_cardinality": 143650,
                                            "cumulative_rows_scanned": 28946857,
                                            "operator_rows_scanned": 0,
                                            "operator_timing": 0.00008267899999999997,
                                            "result_set_size": 13790400,
                                            "children": [
                                                {
                                                    "operator_name": "HASH_JOIN",
                                                    "cpu_time": 5.291695915999994,
                                                    "extra_info": {
                                                        "Join Type": "INNER",
                                                        "Conditions": "PostId = PostId",
                                                        "Estimated Cardinality": "770023"
                                                    },
                                                    "cumulative_cardinality": 108708872,
                                                    "operator_type": "HASH_JOIN",
                                                    "operator_cardinality": 143650,
                                                    "cumulative_rows_scanned": 28946857,
                                                    "operator_rows_scanned": 0,
                                                    "operator_timing": 0.03038277700000001,
                                                    "result_set_size": 13790400,
                                                    "children": [
                                                        {
                                                            "operator_name": "HASH_GROUP_BY",
                                                            "cpu_time": 4.267694265999994,
                                                            "extra_info": {
                                                                "Groups": "#0",
                                                                "Aggregates": [
                                                                    "count(#1)",
                                                                    "sum(#2)",
                                                                    "sum(#3)"
                                                                ],
                                                                "Estimated Cardinality": "3850116"
                                                            },
                                                            "cumulative_cardinality": 106873593,
                                                            "operator_type": "HASH_GROUP_BY",
                                                            "operator_cardinality": 3850116,
                                                            "cumulative_rows_scanned": 23836031,
                                                            "operator_rows_scanned": 0,
                                                            "operator_timing": 1.385134498000003,
                                                            "result_set_size": 169405104,
                                                            "children": [
                                                                {
                                                                    "operator_name": "PROJECTION",
                                                                    "cpu_time": 2.8825597679999913,
                                                                    "extra_info": {
                                                                        "Projections": [
                                                                            "id",
                                                                            "id",
                                                                            "CASE  WHEN ((votetypeid = 2)) THEN (1) ELSE 0 END",
                                                                            "CASE  WHEN ((votetypeid = 3)) THEN (1) ELSE 0 END"
                                                                        ],
                                                                        "Estimated Cardinality": "12744093"
                                                                    },
                                                                    "cumulative_cardinality": 103023477,
                                                                    "operator_type": "PROJECTION",
                                                                    "operator_cardinality": 35129590,
                                                                    "cumulative_rows_scanned": 23836031,
                                                                    "operator_rows_scanned": 0,
                                                                    "operator_timing": 0.22877769800000022,
                                                                    "result_set_size": 562073440,
                                                                    "children": [
                                                                        {
                                                                            "operator_name": "HASH_JOIN",
                                                                            "cpu_time": 2.6537820699999912,
                                                                            "extra_info": {
                                                                                "Join Type": "RIGHT",
                                                                                "Conditions": "postid = id",
                                                                                "Estimated Cardinality": "12744093"
                                                                            },
                                                                            "cumulative_cardinality": 67893887,
                                                                            "operator_type": "HASH_JOIN",
                                                                            "operator_cardinality": 35129590,
                                                                            "cumulative_rows_scanned": 23836031,
                                                                            "operator_rows_scanned": 0,
                                                                            "operator_timing": 1.4058828019999918,
                                                                            "result_set_size": 351295900,
                                                                            "children": [
                                                                                {
                                                                                    "operator_name": "READ_PARQUET ",
                                                                                    "cpu_time": 0.21469972899999937,
                                                                                    "extra_info": {
                                                                                        "Function": "READ_PARQUET",
                                                                                        "Projections": [
                                                                                            "postid",
                                                                                            "votetypeid"
                                                                                        ],
                                                                                        "Estimated Cardinality": "12744093"
                                                                                    },
                                                                                    "cumulative_cardinality": 12744093,
                                                                                    "operator_type": "TABLE_SCAN",
                                                                                    "operator_cardinality": 12744093,
                                                                                    "cumulative_rows_scanned": 12744093,
                                                                                    "operator_rows_scanned": 12744093,
                                                                                    "operator_timing": 0.21469972899999937,
                                                                                    "result_set_size": 76464558,
                                                                                    "children": []
                                                                                },
                                                                                {
                                                                                    "operator_name": "HASH_JOIN",
                                                                                    "cpu_time": 1.0331995390000002,
                                                                                    "extra_info": {
                                                                                        "Join Type": "RIGHT",
                                                                                        "Conditions": "postid = id",
                                                                                        "Estimated Cardinality": "7241822"
                                                                                    },
                                                                                    "cumulative_cardinality": 20020204,
                                                                                    "operator_type": "HASH_JOIN",
                                                                                    "operator_cardinality": 8928266,
                                                                                    "cumulative_rows_scanned": 11091938,
                                                                                    "operator_rows_scanned": 0,
                                                                                    "operator_timing": 0.7913609749999998,
                                                                                    "result_set_size": 71426128,
                                                                                    "children": [
                                                                                        {
                                                                                            "operator_name": "READ_PARQUET ",
                                                                                            "cpu_time": 0.20625744400000035,
                                                                                            "extra_info": {
                                                                                                "Function": "READ_PARQUET",
                                                                                                "Projections": [
                                                                                                    "id",
                                                                                                    "postid"
                                                                                                ],
                                                                                                "Estimated Cardinality": "7241822"
                                                                                            },
                                                                                            "cumulative_cardinality": 7241822,
                                                                                            "operator_type": "TABLE_SCAN",
                                                                                            "operator_cardinality": 7241822,
                                                                                            "cumulative_rows_scanned": 7241822,
                                                                                            "operator_rows_scanned": 7241822,
                                                                                            "operator_timing": 0.20625744400000035,
                                                                                            "result_set_size": 57934576,
                                                                                            "children": []
                                                                                        },
                                                                                        {
                                                                                            "operator_name": "READ_PARQUET ",
                                                                                            "cpu_time": 0.03558112000000008,
                                                                                            "extra_info": {
                                                                                                "Function": "READ_PARQUET",
                                                                                                "Projections": "id",
                                                                                                "Estimated Cardinality": "3850116"
                                                                                            },
                                                                                            "cumulative_cardinality": 3850116,
                                                                                            "operator_type": "TABLE_SCAN",
                                                                                            "operator_cardinality": 3850116,
                                                                                            "cumulative_rows_scanned": 3850116,
                                                                                            "operator_rows_scanned": 3850116,
                                                                                            "operator_timing": 0.03558112000000008,
                                                                                            "result_set_size": 15400464,
                                                                                            "children": []
                                                                                        }
                                                                                    ]
                                                                                }
                                                                            ]
                                                                        }
                                                                    ]
                                                                }
                                                            ]
                                                        },
                                                        {
                                                            "operator_name": "PROJECTION",
                                                            "cpu_time": 0.9936188729999996,
                                                            "extra_info": {
                                                                "Projections": [
                                                                    "PostId",
                                                                    "PostCreationDate",
                                                                    "lastactivitydate",
                                                                    "score",
                                                                    "viewcount",
                                                                    "answercount",
                                                                    "favoritecount",
                                                                    "title",
                                                                    "UserReputation"
                                                                ],
                                                                "Estimated Cardinality": "770023"
                                                            },
                                                            "cumulative_cardinality": 1691629,
                                                            "operator_type": "PROJECTION",
                                                            "operator_cardinality": 143650,
                                                            "cumulative_rows_scanned": 5110826,
                                                            "operator_rows_scanned": 0,
                                                            "operator_timing": 0.00008986600000000002,
                                                            "result_set_size": 8044400,
                                                            "children": [
                                                                {
                                                                    "operator_name": "HASH_JOIN",
                                                                    "cpu_time": 0.9935290069999996,
                                                                    "extra_info": {
                                                                        "Join Type": "INNER",
                                                                        "Conditions": "owneruserid = id",
                                                                        "Estimated Cardinality": "770023"
                                                                    },
                                                                    "cumulative_cardinality": 1547979,
                                                                    "operator_type": "HASH_JOIN",
                                                                    "operator_cardinality": 143650,
                                                                    "cumulative_rows_scanned": 5110826,
                                                                    "operator_rows_scanned": 0,
                                                                    "operator_timing": 0.095431759,
                                                                    "result_set_size": 8044400,
                                                                    "children": [
                                                                        {
                                                                            "operator_name": "READ_PARQUET ",
                                                                            "cpu_time": 0.40554357499999977,
                                                                            "extra_info": {
                                                                                "Function": "READ_PARQUET",
                                                                                "Projections": [
                                                                                    "id",
                                                                                    "creationdate",
                                                                                    "score",
                                                                                    "viewcount",
                                                                                    "owneruserid",
                                                                                    "lastactivitydate",
                                                                                    "title",
                                                                                    "answercount",
                                                                                    "favoritecount"
                                                                                ],
                                                                                "Filters": "creationdate>='2023-10-01 12:34:56'::TIMESTAMP",
                                                                                "Estimated Cardinality": "770023"
                                                                            },
                                                                            "cumulative_cardinality": 143650,
                                                                            "operator_type": "TABLE_SCAN",
                                                                            "operator_cardinality": 143650,
                                                                            "cumulative_rows_scanned": 3850116,
                                                                            "operator_rows_scanned": 3850116,
                                                                            "operator_timing": 0.40554357499999977,
                                                                            "result_set_size": 8044400,
                                                                            "children": []
                                                                        },
                                                                        {
                                                                            "operator_name": "READ_PARQUET ",
                                                                            "cpu_time": 0.4925536729999997,
                                                                            "extra_info": {
                                                                                "Function": "READ_PARQUET",
                                                                                "Projections": [
                                                                                    "id",
                                                                                    "reputation"
                                                                                ],
                                                                                "Filters": "id<=1416539",
                                                                                "Estimated Cardinality": "1260710"
                                                                            },
                                                                            "cumulative_cardinality": 1260679,
                                                                            "operator_type": "TABLE_SCAN",
                                                                            "operator_cardinality": 1260679,
                                                                            "cumulative_rows_scanned": 1260710,
                                                                            "operator_rows_scanned": 1260710,
                                                                            "operator_timing": 0.4925536729999997,
                                                                            "result_set_size": 10085432,
                                                                            "children": []
                                                                        }
                                                                    ]
                                                                }
                                                            ]
                                                        }
                                                    ]
                                                }
                                            ]
                                        }
                                    ]
                                }
                            ]
                        }
                    ]
                }
            ]
        }
    ]
}