{
    "rows_returned": 1668164,
    "query_name": "WITH QuestionStats AS (\n    SELECT\n        p.Id AS QuestionId,\n        p.Score AS QuestionScore,\n        p.ViewCount AS QuestionViews,\n        COUNT(a.Id) AS AnswerCount,\n        COALESCE(AVG(a.Score), 0) AS AverageAnswerScore,\n        COALESCE(AVG(a.ViewCount), 0) AS AverageAnswerViews\n    FROM\n        Posts p\n    LEFT JOIN\n        Posts a ON p.Id = a.ParentId\n    WHERE\n        p.PostTypeId = 1 \n    GROUP BY\n        p.Id, p.Score, p.ViewCount\n)\n\nSELECT\n    Q.QuestionId,\n    Q.QuestionScore,\n    Q.QuestionViews,\n    Q.AnswerCount,\n    Q.AverageAnswerScore,\n    Q.AverageAnswerViews\nFROM\n    QuestionStats Q\nORDER BY\n    Q.QuestionId;",
    "blocked_thread_time": 0.0,
    "cpu_time": 1.0231331149999994,
    "extra_info": {},
    "cumulative_cardinality": 21327099,
    "cumulative_rows_scanned": 7700232,
    "result_set_size": 60053904,
    "latency": 1.922441504,
    "children": [
        {
            "operator_name": "PROJECTION",
            "cpu_time": 1.0231331149999994,
            "extra_info": {
                "Projections": [
                    "#0",
                    "__internal_decompress_integral_integer(#1, -72)",
                    "#2",
                    "#3",
                    "#4",
                    "#5"
                ],
                "Estimated Cardinality": "1925058"
            },
            "cumulative_cardinality": 21327099,
            "operator_type": "PROJECTION",
            "operator_cardinality": 1668164,
            "cumulative_rows_scanned": 7700232,
            "operator_rows_scanned": 0,
            "operator_timing": 0.000588124999999998,
            "result_set_size": 60053904,
            "children": [
                {
                    "operator_name": "ORDER_BY",
                    "cpu_time": 1.0225449899999994,
                    "extra_info": {
                        "Order By": "Q.QuestionId ASC"
                    },
                    "cumulative_cardinality": 19658935,
                    "operator_type": "ORDER_BY",
                    "operator_cardinality": 1668164,
                    "cumulative_rows_scanned": 7700232,
                    "operator_rows_scanned": 0,
                    "operator_timing": 0.04001661499999999,
                    "result_set_size": 56717576,
                    "children": [
                        {
                            "operator_name": "PROJECTION",
                            "cpu_time": 0.9825283749999993,
                            "extra_info": {
                                "Projections": [
                                    "#0",
                                    "__internal_compress_integral_usmallint(#1, -72)",
                                    "#2",
                                    "#3",
                                    "#4",
                                    "#5"
                                ],
                                "Estimated Cardinality": "1925058"
                            },
                            "cumulative_cardinality": 17990771,
                            "operator_type": "PROJECTION",
                            "operator_cardinality": 1668164,
                            "cumulative_rows_scanned": 7700232,
                            "operator_rows_scanned": 0,
                            "operator_timing": 0.0006174440000000001,
                            "result_set_size": 56717576,
                            "children": [
                                {
                                    "operator_name": "PROJECTION",
                                    "cpu_time": 0.9819109309999994,
                                    "extra_info": {
                                        "Projections": [
                                            "QuestionId",
                                            "QuestionScore",
                                            "QuestionViews",
                                            "AnswerCount",
                                            "AverageAnswerScore",
                                            "AverageAnswerViews"
                                        ],
                                        "Estimated Cardinality": "1925058"
                                    },
                                    "cumulative_cardinality": 16322607,
                                    "operator_type": "PROJECTION",
                                    "operator_cardinality": 1668164,
                                    "cumulative_rows_scanned": 7700232,
                                    "operator_rows_scanned": 0,
                                    "operator_timing": 0.018815322999999985,
                                    "result_set_size": 60053904,
                                    "children": [
                                        {
                                            "operator_name": "PROJECTION",
                                            "cpu_time": 0.9630956079999994,
                                            "extra_info": {
                                                "Projections": [
                                                    "#0",
                                                    "__internal_decompress_integral_integer(#1, -72)",
                                                    "#2",
                                                    "#3",
                                                    "#4",
                                                    "#5"
                                                ],
                                                "Estimated Cardinality": "1925058"
                                            },
                                            "cumulative_cardinality": 14654443,
                                            "operator_type": "PROJECTION",
                                            "operator_cardinality": 1668164,
                                            "cumulative_rows_scanned": 7700232,
                                            "operator_rows_scanned": 0,
                                            "operator_timing": 0.0006150069999999999,
                                            "result_set_size": 60053904,
                                            "children": [
                                                {
                                                    "operator_name": "HASH_GROUP_BY",
                                                    "cpu_time": 0.9624806009999994,
                                                    "extra_info": {
                                                        "Groups": [
                                                            "#0",
                                                            "#1",
                                                            "#2"
                                                        ],
                                                        "Aggregates": [
                                                            "count(#3)",
                                                            "avg(#4)",
                                                            "avg(#5)"
                                                        ],
                                                        "Estimated Cardinality": "1925058"
                                                    },
                                                    "cumulative_cardinality": 12986279,
                                                    "operator_type": "HASH_GROUP_BY",
                                                    "operator_cardinality": 1668164,
                                                    "cumulative_rows_scanned": 7700232,
                                                    "operator_rows_scanned": 0,
                                                    "operator_timing": 0.42527221799999937,
                                                    "result_set_size": 56717576,
                                                    "children": [
                                                        {
                                                            "operator_name": "PROJECTION",
                                                            "cpu_time": 0.5372083830000001,
                                                            "extra_info": {
                                                                "Projections": [
                                                                    "id",
                                                                    "score",
                                                                    "viewcount",
                                                                    "id",
                                                                    "score",
                                                                    "viewcount"
                                                                ],
                                                                "Estimated Cardinality": "3850116"
                                                            },
                                                            "cumulative_cardinality": 11318115,
                                                            "operator_type": "PROJECTION",
                                                            "operator_cardinality": 2490886,
                                                            "cumulative_rows_scanned": 7700232,
                                                            "operator_rows_scanned": 0,
                                                            "operator_timing": 0.000786205999999998,
                                                            "result_set_size": 54799492,
                                                            "children": [
                                                                {
                                                                    "operator_name": "PROJECTION",
                                                                    "cpu_time": 0.5364221770000001,
                                                                    "extra_info": {
                                                                        "Projections": [
                                                                            "#0",
                                                                            "#1",
                                                                            "#2",
                                                                            "#3",
                                                                            "__internal_compress_integral_usmallint(#4, -72)",
                                                                            "#5"
                                                                        ],
                                                                        "Estimated Cardinality": "3850116"
                                                                    },
                                                                    "cumulative_cardinality": 8827229,
                                                                    "operator_type": "PROJECTION",
                                                                    "operator_cardinality": 2490886,
                                                                    "cumulative_rows_scanned": 7700232,
                                                                    "operator_rows_scanned": 0,
                                                                    "operator_timing": 0.0018284740000000068,
                                                                    "result_set_size": 54799492,
                                                                    "children": [
                                                                        {
                                                                            "operator_name": "HASH_JOIN",
                                                                            "cpu_time": 0.5345937030000001,
                                                                            "extra_info": {
                                                                                "Join Type": "RIGHT",
                                                                                "Conditions": "parentid = id",
                                                                                "Estimated Cardinality": "3850116"
                                                                            },
                                                                            "cumulative_cardinality": 6336343,
                                                                            "operator_type": "HASH_JOIN",
                                                                            "operator_cardinality": 2490886,
                                                                            "cumulative_rows_scanned": 7700232,
                                                                            "operator_rows_scanned": 0,
                                                                            "operator_timing": 0.19436693300000002,
                                                                            "result_set_size": 59781264,
                                                                            "children": [
                                                                                {
                                                                                    "operator_name": "READ_PARQUET ",
                                                                                    "cpu_time": 0.1951774440000001,
                                                                                    "extra_info": {
                                                                                        "Function": "READ_PARQUET",
                                                                                        "Projections": [
                                                                                            "id",
                                                                                            "parentid",
                                                                                            "score",
                                                                                            "viewcount"
                                                                                        ],
                                                                                        "Estimated Cardinality": "3850116"
                                                                                    },
                                                                                    "cumulative_cardinality": 2177293,
                                                                                    "operator_type": "TABLE_SCAN",
                                                                                    "operator_cardinality": 2177293,
                                                                                    "cumulative_rows_scanned": 3850116,
                                                                                    "operator_rows_scanned": 3850116,
                                                                                    "operator_timing": 0.1951774440000001,
                                                                                    "result_set_size": 34836688,
                                                                                    "children": []
                                                                                },
                                                                                {
                                                                                    "operator_name": "READ_PARQUET ",
                                                                                    "cpu_time": 0.14504932599999992,
                                                                                    "extra_info": {
                                                                                        "Function": "READ_PARQUET",
                                                                                        "Projections": [
                                                                                            "id",
                                                                                            "score",
                                                                                            "viewcount"
                                                                                        ],
                                                                                        "Filters": "posttypeid=1",
                                                                                        "Estimated Cardinality": "770023"
                                                                                    },
                                                                                    "cumulative_cardinality": 1668164,
                                                                                    "operator_type": "TABLE_SCAN",
                                                                                    "operator_cardinality": 1668164,
                                                                                    "cumulative_rows_scanned": 3850116,
                                                                                    "operator_rows_scanned": 3850116,
                                                                                    "operator_timing": 0.14504932599999992,
                                                                                    "result_set_size": 20017968,
                                                                                    "children": []
                                                                                }
                                                                            ]
                                                                        }
                                                                    ]
                                                                }
                                                            ]
                                                        }
                                                    ]
                                                }
                                            ]
                                        }
                                    ]
                                }
                            ]
                        }
                    ]
                }
            ]
        }
    ]
}