{
    "rows_returned": 275301,
    "query_name": "SELECT \n    U.Id AS UserId,\n    U.DisplayName,\n    U.Reputation,\n    COUNT(DISTINCT P.Id) AS TotalPosts,\n    COUNT(DISTINCT C.Id) AS TotalComments,\n    SUM(V.BountyAmount) AS TotalBounty,\n    SUM(CASE WHEN V.VoteTypeId = 2 THEN 1 ELSE 0 END) AS TotalUpVotes,\n    SUM(CASE WHEN V.VoteTypeId = 3 THEN 1 ELSE 0 END) AS TotalDownVotes,\n    SUM(CASE WHEN PH.PostHistoryTypeId IN (10, 11, 12, 13) THEN 1 ELSE 0 END) AS TotalCloseActions\nFROM \n    Users U\nLEFT JOIN \n    Posts P ON U.Id = P.OwnerUserId\nLEFT JOIN \n    Comments C ON P.Id = C.PostId\nLEFT JOIN \n    Votes V ON P.Id = V.PostId\nLEFT JOIN \n    PostHistory PH ON P.Id = PH.PostId\nWHERE \n    U.CreationDate >= '2023-01-01'  \nGROUP BY \n    U.Id, U.DisplayName, U.Reputation\nORDER BY \n    TotalPosts DESC, TotalComments DESC;",
    "blocked_thread_time": 0.0,
    "cpu_time": 2.049156099,
    "extra_info": {},
    "cumulative_cardinality": 55394324,
    "cumulative_rows_scanned": 36891985,
    "result_set_size": 28631304,
    "latency": 3.083826576,
    "children": [
        {
            "operator_name": "ORDER_BY",
            "cpu_time": 2.049156099,
            "extra_info": {
                "Order By": [
                    "count(DISTINCT P.Id) DESC",
                    "count(DISTINCT C.Id) DESC"
                ]
            },
            "cumulative_cardinality": 55394324,
            "operator_type": "ORDER_BY",
            "operator_cardinality": 275301,
            "cumulative_rows_scanned": 36891985,
            "operator_rows_scanned": 0,
            "operator_timing": 0.025675829,
            "result_set_size": 28631304,
            "children": [
                {
                    "operator_name": "HASH_GROUP_BY",
                    "cpu_time": 2.0234802700000003,
                    "extra_info": {
                        "Groups": [
                            "#0",
                            "#1",
                            "#2"
                        ],
                        "Aggregates": [
                            "count(DISTINCT #3)",
                            "count(DISTINCT #4)",
                            "sum(#5)",
                            "sum(#6)",
                            "sum(#7)",
                            "sum(#8)"
                        ],
                        "Estimated Cardinality": "1260710"
                    },
                    "cumulative_cardinality": 55119023,
                    "operator_type": "HASH_GROUP_BY",
                    "operator_cardinality": 275301,
                    "cumulative_rows_scanned": 36891985,
                    "operator_rows_scanned": 0,
                    "operator_timing": 0.5369682260000006,
                    "result_set_size": 28631304,
                    "children": [
                        {
                            "operator_name": "PROJECTION",
                            "cpu_time": 1.4865120439999995,
                            "extra_info": {
                                "Projections": [
                                    "id",
                                    "displayname",
                                    "reputation",
                                    "id",
                                    "id",
                                    "bountyamount",
                                    "CASE  WHEN ((votetypeid = 2)) THEN (1) ELSE 0 END",
                                    "CASE  WHEN ((votetypeid = 3)) THEN (1) ELSE 0 END",
                                    "CASE  WHEN ((posthistorytypeid IN (10, 11, 12, 13))) THEN (1) ELSE 0 END"
                                ],
                                "Estimated Cardinality": "12744093"
                            },
                            "cumulative_cardinality": 54843722,
                            "operator_type": "PROJECTION",
                            "operator_cardinality": 3476250,
                            "cumulative_rows_scanned": 36891985,
                            "operator_rows_scanned": 0,
                            "operator_timing": 0.04932175000000012,
                            "result_set_size": 166860000,
                            "children": [
                                {
                                    "operator_name": "PROJECTION",
                                    "cpu_time": 1.4371902939999994,
                                    "extra_info": {
                                        "Projections": [
                                            "#0",
                                            "#1",
                                            "#2",
                                            "#3",
                                            "#4",
                                            "#5",
                                            "#6",
                                            "__internal_decompress_integral_smallint(#7, 1)"
                                        ],
                                        "Estimated Cardinality": "12744093"
                                    },
                                    "cumulative_cardinality": 51367472,
                                    "operator_type": "PROJECTION",
                                    "operator_cardinality": 3476250,
                                    "cumulative_rows_scanned": 36891985,
                                    "operator_rows_scanned": 0,
                                    "operator_timing": 0.0019480860000000066,
                                    "result_set_size": 139050000,
                                    "children": [
                                        {
                                            "operator_name": "HASH_JOIN",
                                            "cpu_time": 1.4352422079999994,
                                            "extra_info": {
                                                "Join Type": "LEFT",
                                                "Conditions": "id = postid",
                                                "Estimated Cardinality": "12744093"
                                            },
                                            "cumulative_cardinality": 47891222,
                                            "operator_type": "HASH_JOIN",
                                            "operator_cardinality": 3476250,
                                            "cumulative_rows_scanned": 36891985,
                                            "operator_rows_scanned": 0,
                                            "operator_timing": 0.6154104820000001,
                                            "result_set_size": 135573750,
                                            "children": [
                                                {
                                                    "operator_name": "HASH_JOIN",
                                                    "cpu_time": 0.6988138839999997,
                                                    "extra_info": {
                                                        "Join Type": "RIGHT",
                                                        "Conditions": "postid = id",
                                                        "Estimated Cardinality": "12744093"
                                                    },
                                                    "cumulative_cardinality": 20824484,
                                                    "operator_type": "HASH_JOIN",
                                                    "operator_cardinality": 715273,
                                                    "cumulative_rows_scanned": 25096741,
                                                    "operator_rows_scanned": 0,
                                                    "operator_timing": 0.14112743400000002,
                                                    "result_set_size": 27180374,
                                                    "children": [
                                                        {
                                                            "operator_name": "READ_PARQUET ",
                                                            "cpu_time": 0.2368670309999998,
                                                            "extra_info": {
                                                                "Function": "READ_PARQUET",
                                                                "Projections": [
                                                                    "postid",
                                                                    "votetypeid",
                                                                    "bountyamount"
                                                                ],
                                                                "Estimated Cardinality": "12744093"
                                                            },
                                                            "cumulative_cardinality": 11985999,
                                                            "operator_type": "TABLE_SCAN",
                                                            "operator_cardinality": 11985999,
                                                            "cumulative_rows_scanned": 12744093,
                                                            "operator_rows_scanned": 12744093,
                                                            "operator_timing": 0.2368670309999998,
                                                            "result_set_size": 119859990,
                                                            "children": []
                                                        },
                                                        {
                                                            "operator_name": "HASH_JOIN",
                                                            "cpu_time": 0.32081941899999983,
                                                            "extra_info": {
                                                                "Join Type": "RIGHT",
                                                                "Conditions": "postid = id",
                                                                "Estimated Cardinality": "7241822"
                                                            },
                                                            "cumulative_cardinality": 8123212,
                                                            "operator_type": "HASH_JOIN",
                                                            "operator_cardinality": 429513,
                                                            "cumulative_rows_scanned": 12352648,
                                                            "operator_rows_scanned": 0,
                                                            "operator_timing": 0.06368556700000005,
                                                            "result_set_size": 13744416,
                                                            "children": [
                                                                {
                                                                    "operator_name": "READ_PARQUET ",
                                                                    "cpu_time": 0.10727913099999976,
                                                                    "extra_info": {
                                                                        "Function": "READ_PARQUET",
                                                                        "Projections": [
                                                                            "id",
                                                                            "postid"
                                                                        ],
                                                                        "Estimated Cardinality": "7241822"
                                                                    },
                                                                    "cumulative_cardinality": 7037296,
                                                                    "operator_type": "TABLE_SCAN",
                                                                    "operator_cardinality": 7037296,
                                                                    "cumulative_rows_scanned": 7241822,
                                                                    "operator_rows_scanned": 7241822,
                                                                    "operator_timing": 0.10727913099999976,
                                                                    "result_set_size": 56298368,
                                                                    "children": []
                                                                },
                                                                {
                                                                    "operator_name": "HASH_JOIN",
                                                                    "cpu_time": 0.14985472100000002,
                                                                    "extra_info": {
                                                                        "Join Type": "RIGHT",
                                                                        "Conditions": "owneruserid = id",
                                                                        "Estimated Cardinality": "3850116"
                                                                    },
                                                                    "cumulative_cardinality": 656403,
                                                                    "operator_type": "HASH_JOIN",
                                                                    "operator_cardinality": 316246,
                                                                    "cumulative_rows_scanned": 5110826,
                                                                    "operator_rows_scanned": 0,
                                                                    "operator_timing": 0.020681662999999996,
                                                                    "result_set_size": 8854888,
                                                                    "children": [
                                                                        {
                                                                            "operator_name": "READ_PARQUET ",
                                                                            "cpu_time": 0.05347452600000001,
                                                                            "extra_info": {
                                                                                "Function": "READ_PARQUET",
                                                                                "Projections": [
                                                                                    "id",
                                                                                    "owneruserid"
                                                                                ],
                                                                                "Estimated Cardinality": "3850116"
                                                                            },
                                                                            "cumulative_cardinality": 64856,
                                                                            "operator_type": "TABLE_SCAN",
                                                                            "operator_cardinality": 64856,
                                                                            "cumulative_rows_scanned": 3850116,
                                                                            "operator_rows_scanned": 3850116,
                                                                            "operator_timing": 0.05347452600000001,
                                                                            "result_set_size": 518848,
                                                                            "children": []
                                                                        },
                                                                        {
                                                                            "operator_name": "READ_PARQUET ",
                                                                            "cpu_time": 0.07569853200000001,
                                                                            "extra_info": {
                                                                                "Function": "READ_PARQUET",
                                                                                "Projections": [
                                                                                    "id",
                                                                                    "reputation",
                                                                                    "displayname"
                                                                                ],
                                                                                "Filters": "creationdate>='2023-01-01 00:00:00'::TIMESTAMP",
                                                                                "Estimated Cardinality": "252142"
                                                                            },
                                                                            "cumulative_cardinality": 275301,
                                                                            "operator_type": "TABLE_SCAN",
                                                                            "operator_cardinality": 275301,
                                                                            "cumulative_rows_scanned": 1260710,
                                                                            "operator_rows_scanned": 1260710,
                                                                            "operator_timing": 0.07569853200000001,
                                                                            "result_set_size": 6607224,
                                                                            "children": []
                                                                        }
                                                                    ]
                                                                }
                                                            ]
                                                        }
                                                    ]
                                                },
                                                {
                                                    "operator_name": "PROJECTION",
                                                    "cpu_time": 0.12101784199999939,
                                                    "extra_info": {
                                                        "Projections": [
                                                            "__internal_compress_integral_utinyint(#0, 1)",
                                                            "#1"
                                                        ],
                                                        "Estimated Cardinality": "11795244"
                                                    },
                                                    "cumulative_cardinality": 23590488,
                                                    "operator_type": "PROJECTION",
                                                    "operator_cardinality": 11795244,
                                                    "cumulative_rows_scanned": 11795244,
                                                    "operator_rows_scanned": 0,
                                                    "operator_timing": 0.003064230999999936,
                                                    "result_set_size": 58976220,
                                                    "children": [
                                                        {
                                                            "operator_name": "READ_PARQUET ",
                                                            "cpu_time": 0.11795361099999946,
                                                            "extra_info": {
                                                                "Function": "READ_PARQUET",
                                                                "Projections": [
                                                                    "posthistorytypeid",
                                                                    "postid"
                                                                ],
                                                                "Estimated Cardinality": "11795244"
                                                            },
                                                            "cumulative_cardinality": 11795244,
                                                            "operator_type": "TABLE_SCAN",
                                                            "operator_cardinality": 11795244,
                                                            "cumulative_rows_scanned": 11795244,
                                                            "operator_rows_scanned": 11795244,
                                                            "operator_timing": 0.11795361099999946,
                                                            "result_set_size": 70771464,
                                                            "children": []
                                                        }
                                                    ]
                                                }
                                            ]
                                        }
                                    ]
                                }
                            ]
                        }
                    ]
                }
            ]
        }
    ]
}