{
    "rows_returned": 7,
    "query_name": "SELECT \n    pt.Name AS PostType,\n    COUNT(p.Id) AS TotalPosts,\n    AVG(p.Score) AS AverageScore,\n    COUNT(DISTINCT c.Id) AS TotalComments,\n    (SELECT COUNT(DISTINCT u.Id) FROM Users u) AS TotalUsers\nFROM \n    Posts p\nJOIN \n    PostTypes pt ON p.PostTypeId = pt.Id\nLEFT JOIN \n    Comments c ON p.Id = c.PostId\nGROUP BY \n    pt.Name\nORDER BY \n    TotalPosts DESC;",
    "blocked_thread_time": 0.0,
    "cpu_time": 2.683300921999996,
    "extra_info": {},
    "cumulative_cardinality": 48098420,
    "cumulative_rows_scanned": 12352656,
    "result_set_size": 336,
    "latency": 3.421887845,
    "children": [
        {
            "operator_name": "ORDER_BY",
            "cpu_time": 2.683300921999996,
            "extra_info": {
                "Order By": "count(p.Id) DESC"
            },
            "cumulative_cardinality": 48098420,
            "operator_type": "ORDER_BY",
            "operator_cardinality": 7,
            "cumulative_rows_scanned": 12352656,
            "operator_rows_scanned": 0,
            "operator_timing": 0.000028433,
            "result_set_size": 336,
            "children": [
                {
                    "operator_name": "CROSS_PRODUCT",
                    "cpu_time": 2.6832724889999957,
                    "extra_info": {},
                    "cumulative_cardinality": 48098413,
                    "operator_type": "CROSS_PRODUCT",
                    "operator_cardinality": 7,
                    "cumulative_rows_scanned": 12352656,
                    "operator_rows_scanned": 0,
                    "operator_timing": 0.000035698,
                    "result_set_size": 336,
                    "children": [
                        {
                            "operator_name": "HASH_GROUP_BY",
                            "cpu_time": 2.423048328999996,
                            "extra_info": {
                                "Groups": "#0",
                                "Aggregates": [
                                    "count_star()",
                                    "avg(#1)",
                                    "count(DISTINCT #2)"
                                ],
                                "Estimated Cardinality": "3850116"
                            },
                            "cumulative_cardinality": 45576982,
                            "operator_type": "HASH_GROUP_BY",
                            "operator_cardinality": 7,
                            "cumulative_rows_scanned": 11091946,
                            "operator_rows_scanned": 0,
                            "operator_timing": 1.4502890829999968,
                            "result_set_size": 280,
                            "children": [
                                {
                                    "operator_name": "PROJECTION",
                                    "cpu_time": 0.9727592459999987,
                                    "extra_info": {
                                        "Projections": [
                                            "name",
                                            "score",
                                            "id"
                                        ],
                                        "Estimated Cardinality": "7241822"
                                    },
                                    "cumulative_cardinality": 45576975,
                                    "operator_type": "PROJECTION",
                                    "operator_cardinality": 8928266,
                                    "cumulative_rows_scanned": 11091946,
                                    "operator_rows_scanned": 0,
                                    "operator_timing": 0.0011384640000000016,
                                    "result_set_size": 214278384,
                                    "children": [
                                        {
                                            "operator_name": "PROJECTION",
                                            "cpu_time": 0.9716207819999988,
                                            "extra_info": {
                                                "Projections": [
                                                    "#0",
                                                    "#1",
                                                    "__internal_decompress_integral_integer(#2, -72)",
                                                    "#3"
                                                ],
                                                "Estimated Cardinality": "7241822"
                                            },
                                            "cumulative_cardinality": 36648709,
                                            "operator_type": "PROJECTION",
                                            "operator_cardinality": 8928266,
                                            "cumulative_rows_scanned": 11091946,
                                            "operator_rows_scanned": 0,
                                            "operator_timing": 0.0041374559999999925,
                                            "result_set_size": 249991448,
                                            "children": [
                                                {
                                                    "operator_name": "HASH_JOIN",
                                                    "cpu_time": 0.9674833259999988,
                                                    "extra_info": {
                                                        "Join Type": "RIGHT",
                                                        "Conditions": "postid = id",
                                                        "Estimated Cardinality": "7241822"
                                                    },
                                                    "cumulative_cardinality": 27720443,
                                                    "operator_type": "HASH_JOIN",
                                                    "operator_cardinality": 8928266,
                                                    "cumulative_rows_scanned": 11091946,
                                                    "operator_rows_scanned": 0,
                                                    "operator_timing": 0.6944032269999983,
                                                    "result_set_size": 232134916,
                                                    "children": [
                                                        {
                                                            "operator_name": "READ_PARQUET ",
                                                            "cpu_time": 0.13339346300000005,
                                                            "extra_info": {
                                                                "Function": "READ_PARQUET",
                                                                "Projections": [
                                                                    "id",
                                                                    "postid"
                                                                ],
                                                                "Estimated Cardinality": "7241822"
                                                            },
                                                            "cumulative_cardinality": 7241822,
                                                            "operator_type": "TABLE_SCAN",
                                                            "operator_cardinality": 7241822,
                                                            "cumulative_rows_scanned": 7241822,
                                                            "operator_rows_scanned": 7241822,
                                                            "operator_timing": 0.13339346300000005,
                                                            "result_set_size": 57934576,
                                                            "children": []
                                                        },
                                                        {
                                                            "operator_name": "PROJECTION",
                                                            "cpu_time": 0.13968663600000028,
                                                            "extra_info": {
                                                                "Projections": [
                                                                    "#0",
                                                                    "__internal_compress_integral_usmallint(#1, -72)",
                                                                    "#2"
                                                                ],
                                                                "Estimated Cardinality": "3850116"
                                                            },
                                                            "cumulative_cardinality": 11550355,
                                                            "operator_type": "PROJECTION",
                                                            "operator_cardinality": 3850116,
                                                            "cumulative_rows_scanned": 3850124,
                                                            "operator_rows_scanned": 0,
                                                            "operator_timing": 0.0018862390000000105,
                                                            "result_set_size": 84702552,
                                                            "children": [
                                                                {
                                                                    "operator_name": "HASH_JOIN",
                                                                    "cpu_time": 0.13780039700000027,
                                                                    "extra_info": {
                                                                        "Join Type": "INNER",
                                                                        "Conditions": "posttypeid = id",
                                                                        "Estimated Cardinality": "3850116"
                                                                    },
                                                                    "cumulative_cardinality": 7700239,
                                                                    "operator_type": "HASH_JOIN",
                                                                    "operator_cardinality": 3850116,
                                                                    "cumulative_rows_scanned": 3850124,
                                                                    "operator_rows_scanned": 0,
                                                                    "operator_timing": 0.010572829999999967,
                                                                    "result_set_size": 92402784,
                                                                    "children": [
                                                                        {
                                                                            "operator_name": "READ_PARQUET ",
                                                                            "cpu_time": 0.1267443850000003,
                                                                            "extra_info": {
                                                                                "Function": "READ_PARQUET",
                                                                                "Projections": [
                                                                                    "id",
                                                                                    "posttypeid",
                                                                                    "score"
                                                                                ],
                                                                                "Estimated Cardinality": "3850116"
                                                                            },
                                                                            "cumulative_cardinality": 3850116,
                                                                            "operator_type": "TABLE_SCAN",
                                                                            "operator_cardinality": 3850116,
                                                                            "cumulative_rows_scanned": 3850116,
                                                                            "operator_rows_scanned": 3850116,
                                                                            "operator_timing": 0.1267443850000003,
                                                                            "result_set_size": 38501160,
                                                                            "children": []
                                                                        },
                                                                        {
                                                                            "operator_name": "READ_PARQUET ",
                                                                            "cpu_time": 0.000483182,
                                                                            "extra_info": {
                                                                                "Function": "READ_PARQUET",
                                                                                "Projections": [
                                                                                    "id",
                                                                                    "name"
                                                                                ],
                                                                                "Filters": "id<=7",
                                                                                "Estimated Cardinality": "8"
                                                                            },
                                                                            "cumulative_cardinality": 7,
                                                                            "operator_type": "TABLE_SCAN",
                                                                            "operator_cardinality": 7,
                                                                            "cumulative_rows_scanned": 8,
                                                                            "operator_rows_scanned": 8,
                                                                            "operator_timing": 0.000483182,
                                                                            "result_set_size": 126,
                                                                            "children": []
                                                                        }
                                                                    ]
                                                                }
                                                            ]
                                                        }
                                                    ]
                                                }
                                            ]
                                        }
                                    ]
                                }
                            ]
                        },
                        {
                            "operator_name": "PROJECTION",
                            "cpu_time": 0.2601884619999998,
                            "extra_info": {
                                "Projections": [
                                    "CASE  WHEN ((#1 > 1)) THEN (error('More than one row returned by a subquery used as an expression - scalar subqueries can only return a single row.",
                                    "Use \"SET scalar_subquery_error_on_multiple_rows=false\" to revert to previous behavior of returning a random row.')) ELSE #0 END"
                                ],
                                "Estimated Cardinality": "1"
                            },
                            "cumulative_cardinality": 2521424,
                            "operator_type": "PROJECTION",
                            "operator_cardinality": 1,
                            "cumulative_rows_scanned": 1260710,
                            "operator_rows_scanned": 0,
                            "operator_timing": 0.000003086,
                            "result_set_size": 8,
                            "children": [
                                {
                                    "operator_name": "UNGROUPED_AGGREGATE",
                                    "cpu_time": 0.2601853759999998,
                                    "extra_info": {
                                        "Aggregates": [
                                            "\"first\"(#0)",
                                            "count_star()"
                                        ]
                                    },
                                    "cumulative_cardinality": 2521423,
                                    "operator_type": "UNGROUPED_AGGREGATE",
                                    "operator_cardinality": 1,
                                    "cumulative_rows_scanned": 1260710,
                                    "operator_rows_scanned": 0,
                                    "operator_timing": 0.000002524,
                                    "result_set_size": 16,
                                    "children": [
                                        {
                                            "operator_name": "PROJECTION",
                                            "cpu_time": 0.2601828519999998,
                                            "extra_info": {
                                                "Projections": "#0",
                                                "Estimated Cardinality": "1"
                                            },
                                            "cumulative_cardinality": 2521422,
                                            "operator_type": "PROJECTION",
                                            "operator_cardinality": 1,
                                            "cumulative_rows_scanned": 1260710,
                                            "operator_rows_scanned": 0,
                                            "operator_timing": 7.72e-7,
                                            "result_set_size": 8,
                                            "children": [
                                                {
                                                    "operator_name": "UNGROUPED_AGGREGATE",
                                                    "cpu_time": 0.2601820799999998,
                                                    "extra_info": {
                                                        "Aggregates": "count(DISTINCT #0)"
                                                    },
                                                    "cumulative_cardinality": 2521421,
                                                    "operator_type": "UNGROUPED_AGGREGATE",
                                                    "operator_cardinality": 1,
                                                    "cumulative_rows_scanned": 1260710,
                                                    "operator_rows_scanned": 0,
                                                    "operator_timing": 0.08677470299999993,
                                                    "result_set_size": 8,
                                                    "children": [
                                                        {
                                                            "operator_name": "PROJECTION",
                                                            "cpu_time": 0.1734073769999999,
                                                            "extra_info": {
                                                                "Projections": "id",
                                                                "Estimated Cardinality": "1260710"
                                                            },
                                                            "cumulative_cardinality": 2521420,
                                                            "operator_type": "PROJECTION",
                                                            "operator_cardinality": 1260710,
                                                            "cumulative_rows_scanned": 1260710,
                                                            "operator_rows_scanned": 0,
                                                            "operator_timing": 0.00012804999999999997,
                                                            "result_set_size": 5042840,
                                                            "children": [
                                                                {
                                                                    "operator_name": "READ_PARQUET ",
                                                                    "cpu_time": 0.1732793269999999,
                                                                    "extra_info": {
                                                                        "Function": "READ_PARQUET",
                                                                        "Projections": "id",
                                                                        "Estimated Cardinality": "1260710"
                                                                    },
                                                                    "cumulative_cardinality": 1260710,
                                                                    "operator_type": "TABLE_SCAN",
                                                                    "operator_cardinality": 1260710,
                                                                    "cumulative_rows_scanned": 1260710,
                                                                    "operator_rows_scanned": 1260710,
                                                                    "operator_timing": 0.1732793269999999,
                                                                    "result_set_size": 5042840,
                                                                    "children": []
                                                                }
                                                            ]
                                                        }
                                                    ]
                                                }
                                            ]
                                        }
                                    ]
                                }
                            ]
                        }
                    ]
                }
            ]
        }
    ]
}