{
    "rows_returned": 100,
    "query_name": "\nSELECT \n    p.Id AS PostId,\n    p.Title,\n    p.ViewCount,\n    p.Score,\n    p.CreationDate,\n    COUNT(c.Id) AS CommentCount,\n    COUNT(DISTINCT v.Id) AS VoteCount,\n    u.DisplayName AS AuthorDisplayName,\n    u.Reputation AS AuthorReputation\nFROM \n    Posts p\nJOIN \n    Users u ON p.OwnerUserId = u.Id\nLEFT JOIN \n    Comments c ON p.Id = c.PostId\nLEFT JOIN \n    Votes v ON p.Id = v.PostId\nWHERE \n    p.CreationDate >= '2023-01-01'\nGROUP BY \n    p.Id, p.Title, p.ViewCount, p.Score, p.CreationDate, u.DisplayName, u.Reputation\nORDER BY \n    p.CreationDate DESC\nLIMIT 100;\n",
    "blocked_thread_time": 0.0,
    "cpu_time": 3.0800656059999985,
    "extra_info": {},
    "cumulative_cardinality": 22008112,
    "cumulative_rows_scanned": 25096741,
    "result_set_size": 7200,
    "latency": 3.484595815,
    "children": [
        {
            "operator_name": "STREAMING_LIMIT",
            "cpu_time": 3.0800656059999985,
            "extra_info": {},
            "cumulative_cardinality": 22008112,
            "operator_type": "STREAMING_LIMIT",
            "operator_cardinality": 100,
            "cumulative_rows_scanned": 25096741,
            "operator_rows_scanned": 0,
            "operator_timing": 0.000002194,
            "result_set_size": 7200,
            "children": [
                {
                    "operator_name": "PROJECTION",
                    "cpu_time": 3.0800634119999986,
                    "extra_info": {
                        "Projections": [
                            "#0",
                            "#1",
                            "#2",
                            "__internal_decompress_integral_integer(#3, -72)",
                            "#4",
                            "#5",
                            "#6",
                            "#7",
                            "#8"
                        ],
                        "Estimated Cardinality": "3850116"
                    },
                    "cumulative_cardinality": 22008012,
                    "operator_type": "PROJECTION",
                    "operator_cardinality": 4096,
                    "cumulative_rows_scanned": 25096741,
                    "operator_rows_scanned": 0,
                    "operator_timing": 0.000006662,
                    "result_set_size": 294912,
                    "children": [
                        {
                            "operator_name": "ORDER_BY",
                            "cpu_time": 3.0800567499999985,
                            "extra_info": {
                                "Order By": "p.CreationDate DESC"
                            },
                            "cumulative_cardinality": 22003916,
                            "operator_type": "ORDER_BY",
                            "operator_cardinality": 4096,
                            "cumulative_rows_scanned": 25096741,
                            "operator_rows_scanned": 0,
                            "operator_timing": 0.017823673999999998,
                            "result_set_size": 286720,
                            "children": [
                                {
                                    "operator_name": "PROJECTION",
                                    "cpu_time": 3.0622330759999983,
                                    "extra_info": {
                                        "Projections": [
                                            "#0",
                                            "#1",
                                            "#2",
                                            "__internal_compress_integral_usmallint(#3, -72)",
                                            "#4",
                                            "#5",
                                            "#6",
                                            "#7",
                                            "#8"
                                        ],
                                        "Estimated Cardinality": "3850116"
                                    },
                                    "cumulative_cardinality": 21999820,
                                    "operator_type": "PROJECTION",
                                    "operator_cardinality": 261413,
                                    "cumulative_rows_scanned": 25096741,
                                    "operator_rows_scanned": 0,
                                    "operator_timing": 0.00011617200000000003,
                                    "result_set_size": 18298910,
                                    "children": [
                                        {
                                            "operator_name": "PROJECTION",
                                            "cpu_time": 3.0621169039999985,
                                            "extra_info": {
                                                "Projections": [
                                                    "PostId",
                                                    "title",
                                                    "viewcount",
                                                    "score",
                                                    "creationdate",
                                                    "CommentCount",
                                                    "VoteCount",
                                                    "AuthorDisplayName",
                                                    "AuthorReputation"
                                                ],
                                                "Estimated Cardinality": "3850116"
                                            },
                                            "cumulative_cardinality": 21738407,
                                            "operator_type": "PROJECTION",
                                            "operator_cardinality": 261413,
                                            "cumulative_rows_scanned": 25096741,
                                            "operator_rows_scanned": 0,
                                            "operator_timing": 0.000055915000000000016,
                                            "result_set_size": 18821736,
                                            "children": [
                                                {
                                                    "operator_name": "PROJECTION",
                                                    "cpu_time": 3.0620609889999986,
                                                    "extra_info": {
                                                        "Projections": [
                                                            "#0",
                                                            "#1",
                                                            "#2",
                                                            "__internal_decompress_integral_integer(#3, -72)",
                                                            "#4",
                                                            "#5",
                                                            "#6",
                                                            "#7",
                                                            "#8"
                                                        ],
                                                        "Estimated Cardinality": "3850116"
                                                    },
                                                    "cumulative_cardinality": 21476994,
                                                    "operator_type": "PROJECTION",
                                                    "operator_cardinality": 261413,
                                                    "cumulative_rows_scanned": 25096741,
                                                    "operator_rows_scanned": 0,
                                                    "operator_timing": 0.00013250300000000004,
                                                    "result_set_size": 18821736,
                                                    "children": [
                                                        {
                                                            "operator_name": "HASH_GROUP_BY",
                                                            "cpu_time": 3.0619284859999985,
                                                            "extra_info": {
                                                                "Groups": [
                                                                    "#0",
                                                                    "#1",
                                                                    "#2",
                                                                    "#3",
                                                                    "#4",
                                                                    "#5",
                                                                    "#6"
                                                                ],
                                                                "Aggregates": [
                                                                    "count(#7)",
                                                                    "count(DISTINCT #8)"
                                                                ],
                                                                "Estimated Cardinality": "3850116"
                                                            },
                                                            "cumulative_cardinality": 21215581,
                                                            "operator_type": "HASH_GROUP_BY",
                                                            "operator_cardinality": 261413,
                                                            "cumulative_rows_scanned": 25096741,
                                                            "operator_rows_scanned": 0,
                                                            "operator_timing": 0.5860660219999996,
                                                            "result_set_size": 18298910,
                                                            "children": [
                                                                {
                                                                    "operator_name": "PROJECTION",
                                                                    "cpu_time": 2.475862463999999,
                                                                    "extra_info": {
                                                                        "Projections": [
                                                                            "id",
                                                                            "title",
                                                                            "viewcount",
                                                                            "score",
                                                                            "creationdate",
                                                                            "displayname",
                                                                            "reputation",
                                                                            "id",
                                                                            "id"
                                                                        ],
                                                                        "Estimated Cardinality": "12744093"
                                                                    },
                                                                    "cumulative_cardinality": 20954168,
                                                                    "operator_type": "PROJECTION",
                                                                    "operator_cardinality": 1744678,
                                                                    "cumulative_rows_scanned": 25096741,
                                                                    "operator_rows_scanned": 0,
                                                                    "operator_timing": 0.0011268689999999995,
                                                                    "result_set_size": 108170036,
                                                                    "children": [
                                                                        {
                                                                            "operator_name": "PROJECTION",
                                                                            "cpu_time": 2.474735594999999,
                                                                            "extra_info": {
                                                                                "Projections": [
                                                                                    "#0",
                                                                                    "#1",
                                                                                    "#2",
                                                                                    "#3",
                                                                                    "#4",
                                                                                    "__internal_compress_integral_usmallint(#5, -72)",
                                                                                    "#6",
                                                                                    "#7",
                                                                                    "#8"
                                                                                ],
                                                                                "Estimated Cardinality": "12744093"
                                                                            },
                                                                            "cumulative_cardinality": 19209490,
                                                                            "operator_type": "PROJECTION",
                                                                            "operator_cardinality": 1744678,
                                                                            "cumulative_rows_scanned": 25096741,
                                                                            "operator_rows_scanned": 0,
                                                                            "operator_timing": 0.005182910000000004,
                                                                            "result_set_size": 108170036,
                                                                            "children": [
                                                                                {
                                                                                    "operator_name": "HASH_JOIN",
                                                                                    "cpu_time": 2.469552684999999,
                                                                                    "extra_info": {
                                                                                        "Join Type": "LEFT",
                                                                                        "Conditions": "id = postid",
                                                                                        "Estimated Cardinality": "12744093"
                                                                                    },
                                                                                    "cumulative_cardinality": 17464812,
                                                                                    "operator_type": "HASH_JOIN",
                                                                                    "operator_cardinality": 1744678,
                                                                                    "cumulative_rows_scanned": 25096741,
                                                                                    "operator_rows_scanned": 0,
                                                                                    "operator_timing": 0.8594881380000005,
                                                                                    "result_set_size": 111659392,
                                                                                    "children": [
                                                                                        {
                                                                                            "operator_name": "HASH_JOIN",
                                                                                            "cpu_time": 0.9219377939999998,
                                                                                            "extra_info": {
                                                                                                "Join Type": "RIGHT",
                                                                                                "Conditions": "postid = id",
                                                                                                "Estimated Cardinality": "7241822"
                                                                                            },
                                                                                            "cumulative_cardinality": 2976041,
                                                                                            "operator_type": "HASH_JOIN",
                                                                                            "operator_cardinality": 643779,
                                                                                            "cumulative_rows_scanned": 12352648,
                                                                                            "operator_rows_scanned": 0,
                                                                                            "operator_timing": 0.111546097,
                                                                                            "result_set_size": 38626740,
                                                                                            "children": [
                                                                                                {
                                                                                                    "operator_name": "READ_PARQUET ",
                                                                                                    "cpu_time": 0.02753419799999999,
                                                                                                    "extra_info": {
                                                                                                        "Function": "READ_PARQUET",
                                                                                                        "Projections": [
                                                                                                            "id",
                                                                                                            "postid"
                                                                                                        ],
                                                                                                        "Estimated Cardinality": "7241822"
                                                                                                    },
                                                                                                    "cumulative_cardinality": 544915,
                                                                                                    "operator_type": "TABLE_SCAN",
                                                                                                    "operator_cardinality": 544915,
                                                                                                    "cumulative_rows_scanned": 7241822,
                                                                                                    "operator_rows_scanned": 7241822,
                                                                                                    "operator_timing": 0.02753419799999999,
                                                                                                    "result_set_size": 4359320,
                                                                                                    "children": []
                                                                                                },
                                                                                                {
                                                                                                    "operator_name": "HASH_JOIN",
                                                                                                    "cpu_time": 0.7828574989999998,
                                                                                                    "extra_info": {
                                                                                                        "Join Type": "INNER",
                                                                                                        "Conditions": "id = owneruserid",
                                                                                                        "Estimated Cardinality": "770023"
                                                                                                    },
                                                                                                    "cumulative_cardinality": 1787347,
                                                                                                    "operator_type": "HASH_JOIN",
                                                                                                    "operator_cardinality": 261413,
                                                                                                    "cumulative_rows_scanned": 5110826,
                                                                                                    "operator_rows_scanned": 0,
                                                                                                    "operator_timing": 0.09620648100000011,
                                                                                                    "result_set_size": 14639128,
                                                                                                    "children": [
                                                                                                        {
                                                                                                            "operator_name": "READ_PARQUET ",
                                                                                                            "cpu_time": 0.5413017729999996,
                                                                                                            "extra_info": {
                                                                                                                "Function": "READ_PARQUET",
                                                                                                                "Projections": [
                                                                                                                    "id",
                                                                                                                    "reputation",
                                                                                                                    "displayname"
                                                                                                                ],
                                                                                                                "Filters": "id<=1416539",
                                                                                                                "Estimated Cardinality": "1260710"
                                                                                                            },
                                                                                                            "cumulative_cardinality": 1260679,
                                                                                                            "operator_type": "TABLE_SCAN",
                                                                                                            "operator_cardinality": 1260679,
                                                                                                            "cumulative_rows_scanned": 1260710,
                                                                                                            "operator_rows_scanned": 1260710,
                                                                                                            "operator_timing": 0.5413017729999996,
                                                                                                            "result_set_size": 30256296,
                                                                                                            "children": []
                                                                                                        },
                                                                                                        {
                                                                                                            "operator_name": "READ_PARQUET ",
                                                                                                            "cpu_time": 0.1453492450000001,
                                                                                                            "extra_info": {
                                                                                                                "Function": "READ_PARQUET",
                                                                                                                "Projections": [
                                                                                                                    "id",
                                                                                                                    "creationdate",
                                                                                                                    "score",
                                                                                                                    "viewcount",
                                                                                                                    "owneruserid",
                                                                                                                    "title"
                                                                                                                ],
                                                                                                                "Filters": "creationdate>='2023-01-01 00:00:00'::TIMESTAMP",
                                                                                                                "Estimated Cardinality": "770023"
                                                                                                            },
                                                                                                            "cumulative_cardinality": 265255,
                                                                                                            "operator_type": "TABLE_SCAN",
                                                                                                            "operator_cardinality": 265255,
                                                                                                            "cumulative_rows_scanned": 3850116,
                                                                                                            "operator_rows_scanned": 3850116,
                                                                                                            "operator_timing": 0.1453492450000001,
                                                                                                            "result_set_size": 10610200,
                                                                                                            "children": []
                                                                                                        }
                                                                                                    ]
                                                                                                }
                                                                                            ]
                                                                                        },
                                                                                        {
                                                                                            "operator_name": "READ_PARQUET ",
                                                                                            "cpu_time": 0.6881267529999987,
                                                                                            "extra_info": {
                                                                                                "Function": "READ_PARQUET",
                                                                                                "Projections": [
                                                                                                    "id",
                                                                                                    "postid"
                                                                                                ],
                                                                                                "Estimated Cardinality": "12744093"
                                                                                            },
                                                                                            "cumulative_cardinality": 12744093,
                                                                                            "operator_type": "TABLE_SCAN",
                                                                                            "operator_cardinality": 12744093,
                                                                                            "cumulative_rows_scanned": 12744093,
                                                                                            "operator_rows_scanned": 12744093,
                                                                                            "operator_timing": 0.6881267529999987,
                                                                                            "result_set_size": 101952744,
                                                                                            "children": []
                                                                                        }
                                                                                    ]
                                                                                }
                                                                            ]
                                                                        }
                                                                    ]
                                                                }
                                                            ]
                                                        }
                                                    ]
                                                }
                                            ]
                                        }
                                    ]
                                }
                            ]
                        }
                    ]
                }
            ]
        }
    ]
}