{
    "rows_returned": 1,
    "query_name": "WITH PostStats AS (\n    SELECT \n        COUNT(*) AS TotalPosts,\n        COUNT(DISTINCT OwnerUserId) AS TotalPostOwners,\n        SUM(CASE WHEN PostTypeId = 1 THEN 1 ELSE 0 END) AS TotalQuestions,\n        SUM(CASE WHEN PostTypeId = 2 THEN 1 ELSE 0 END) AS TotalAnswers,\n        SUM(CASE WHEN PostTypeId IN (4, 5) THEN 1 ELSE 0 END) AS TotalTagWikis,\n        AVG(ViewCount) AS AvgViews,\n        AVG(Score) AS AvgScore,\n        AVG(AnswerCount) AS AvgAnswersPerQuestion\n    FROM \n        Posts\n), UserStats AS (\n    SELECT \n        COUNT(*) AS TotalUsers,\n        AVG(Reputation) AS AvgReputation,\n        SUM(CASE WHEN Views IS NOT NULL THEN Views ELSE 0 END) AS TotalViews,\n        SUM(UpVotes) AS TotalUpVotes,\n        SUM(DownVotes) AS TotalDownVotes\n    FROM \n        Users\n), VoteStats AS (\n    SELECT \n        COUNT(*) AS TotalVotes,\n        SUM(CASE WHEN VoteTypeId = 2 THEN 1 ELSE 0 END) AS TotalUpVotes,\n        SUM(CASE WHEN VoteTypeId = 3 THEN 1 ELSE 0 END) AS TotalDownVotes,\n        SUM(CASE WHEN VoteTypeId = 6 THEN 1 ELSE 0 END) AS TotalCloseVotes,\n        SUM(CASE WHEN VoteTypeId = 11 THEN 1 ELSE 0 END) AS TotalUndeletionVotes\n    FROM \n        Votes\n)\n\nSELECT \n    p.TotalPosts,\n    p.TotalPostOwners,\n    p.TotalQuestions,\n    p.TotalAnswers,\n    p.TotalTagWikis,\n    p.AvgViews,\n    p.AvgScore,\n    p.AvgAnswersPerQuestion,\n    u.TotalUsers,\n    u.AvgReputation,\n    u.TotalViews AS UserTotalViews,\n    u.TotalUpVotes,\n    u.TotalDownVotes,\n    v.TotalVotes,\n    v.TotalUpVotes AS VoteTotalUpVotes,\n    v.TotalDownVotes AS VoteTotalDownVotes,\n    v.TotalCloseVotes,\n    v.TotalUndeletionVotes\nFROM \n    PostStats p,\n    UserStats u,\n    VoteStats v;",
    "blocked_thread_time": 0.0,
    "cpu_time": 0.6031667680000014,
    "extra_info": {},
    "cumulative_cardinality": 35709844,
    "cumulative_rows_scanned": 17854919,
    "result_set_size": 224,
    "latency": 0.762738712,
    "children": [
        {
            "operator_name": "PROJECTION",
            "cpu_time": 0.6031667680000014,
            "extra_info": {
                "Projections": [
                    "TotalPosts",
                    "TotalPostOwners",
                    "TotalQuestions",
                    "TotalAnswers",
                    "TotalTagWikis",
                    "AvgViews",
                    "AvgScore",
                    "AvgAnswersPerQuestion",
                    "TotalUsers",
                    "AvgReputation",
                    "UserTotalViews",
                    "TotalUpVotes",
                    "TotalDownVotes",
                    "TotalVotes",
                    "VoteTotalUpVotes",
                    "VoteTotalDownVotes",
                    "TotalCloseVotes",
                    "TotalUndeletionVotes"
                ],
                "Estimated Cardinality": "1"
            },
            "cumulative_cardinality": 35709844,
            "operator_type": "PROJECTION",
            "operator_cardinality": 1,
            "cumulative_rows_scanned": 17854919,
            "operator_rows_scanned": 0,
            "operator_timing": 0.000002926,
            "result_set_size": 224,
            "children": [
                {
                    "operator_name": "CROSS_PRODUCT",
                    "cpu_time": 0.6031638420000014,
                    "extra_info": {},
                    "cumulative_cardinality": 35709843,
                    "operator_type": "CROSS_PRODUCT",
                    "operator_cardinality": 1,
                    "cumulative_rows_scanned": 17854919,
                    "operator_rows_scanned": 0,
                    "operator_timing": 0.00003752,
                    "result_set_size": 224,
                    "children": [
                        {
                            "operator_name": "CROSS_PRODUCT",
                            "cpu_time": 0.28380682200000135,
                            "extra_info": {},
                            "cumulative_cardinality": 28009609,
                            "operator_type": "CROSS_PRODUCT",
                            "operator_cardinality": 1,
                            "cumulative_rows_scanned": 14004803,
                            "operator_rows_scanned": 0,
                            "operator_timing": 0.000042610999999999996,
                            "result_set_size": 136,
                            "children": [
                                {
                                    "operator_name": "UNGROUPED_AGGREGATE",
                                    "cpu_time": 0.2457263050000014,
                                    "extra_info": {
                                        "Aggregates": [
                                            "count_star()",
                                            "sum(#0)",
                                            "sum(#1)",
                                            "sum(#2)",
                                            "sum(#3)"
                                        ]
                                    },
                                    "cumulative_cardinality": 25488187,
                                    "operator_type": "UNGROUPED_AGGREGATE",
                                    "operator_cardinality": 1,
                                    "cumulative_rows_scanned": 12744093,
                                    "operator_rows_scanned": 0,
                                    "operator_timing": 0.041286078000001704,
                                    "result_set_size": 72,
                                    "children": [
                                        {
                                            "operator_name": "PROJECTION",
                                            "cpu_time": 0.2044402269999997,
                                            "extra_info": {
                                                "Projections": [
                                                    "CASE  WHEN ((votetypeid = 2)) THEN (1) ELSE 0 END",
                                                    "CASE  WHEN ((votetypeid = 3)) THEN (1) ELSE 0 END",
                                                    "CASE  WHEN ((votetypeid = 6)) THEN (1) ELSE 0 END",
                                                    "CASE  WHEN ((votetypeid = 11)) THEN (1) ELSE 0 END"
                                                ],
                                                "Estimated Cardinality": "12744093"
                                            },
                                            "cumulative_cardinality": 25488186,
                                            "operator_type": "PROJECTION",
                                            "operator_cardinality": 12744093,
                                            "cumulative_rows_scanned": 12744093,
                                            "operator_rows_scanned": 0,
                                            "operator_timing": 0.14947468699999988,
                                            "result_set_size": 203905488,
                                            "children": [
                                                {
                                                    "operator_name": "READ_PARQUET ",
                                                    "cpu_time": 0.0549655399999998,
                                                    "extra_info": {
                                                        "Function": "READ_PARQUET",
                                                        "Projections": "votetypeid",
                                                        "Estimated Cardinality": "12744093"
                                                    },
                                                    "cumulative_cardinality": 12744093,
                                                    "operator_type": "TABLE_SCAN",
                                                    "operator_cardinality": 12744093,
                                                    "cumulative_rows_scanned": 12744093,
                                                    "operator_rows_scanned": 12744093,
                                                    "operator_timing": 0.0549655399999998,
                                                    "result_set_size": 25488186,
                                                    "children": []
                                                }
                                            ]
                                        }
                                    ]
                                },
                                {
                                    "operator_name": "UNGROUPED_AGGREGATE",
                                    "cpu_time": 0.03803790599999996,
                                    "extra_info": {
                                        "Aggregates": [
                                            "count_star()",
                                            "avg(#0)",
                                            "sum(#1)",
                                            "sum(#2)",
                                            "sum(#3)"
                                        ]
                                    },
                                    "cumulative_cardinality": 2521421,
                                    "operator_type": "UNGROUPED_AGGREGATE",
                                    "operator_cardinality": 1,
                                    "cumulative_rows_scanned": 1260710,
                                    "operator_rows_scanned": 0,
                                    "operator_timing": 0.01327342899999999,
                                    "result_set_size": 64,
                                    "children": [
                                        {
                                            "operator_name": "PROJECTION",
                                            "cpu_time": 0.024764476999999972,
                                            "extra_info": {
                                                "Projections": [
                                                    "reputation",
                                                    "CASE  WHEN (true) THEN (views) ELSE 0 END",
                                                    "upvotes",
                                                    "downvotes"
                                                ],
                                                "Estimated Cardinality": "1260710"
                                            },
                                            "cumulative_cardinality": 2521420,
                                            "operator_type": "PROJECTION",
                                            "operator_cardinality": 1260710,
                                            "cumulative_rows_scanned": 1260710,
                                            "operator_rows_scanned": 0,
                                            "operator_timing": 0.0013398710000000027,
                                            "result_set_size": 20171360,
                                            "children": [
                                                {
                                                    "operator_name": "READ_PARQUET ",
                                                    "cpu_time": 0.02342460599999997,
                                                    "extra_info": {
                                                        "Function": "READ_PARQUET",
                                                        "Projections": [
                                                            "reputation",
                                                            "views",
                                                            "upvotes",
                                                            "downvotes"
                                                        ],
                                                        "Estimated Cardinality": "1260710"
                                                    },
                                                    "cumulative_cardinality": 1260710,
                                                    "operator_type": "TABLE_SCAN",
                                                    "operator_cardinality": 1260710,
                                                    "cumulative_rows_scanned": 1260710,
                                                    "operator_rows_scanned": 1260710,
                                                    "operator_timing": 0.02342460599999997,
                                                    "result_set_size": 20171360,
                                                    "children": []
                                                }
                                            ]
                                        }
                                    ]
                                }
                            ]
                        },
                        {
                            "operator_name": "UNGROUPED_AGGREGATE",
                            "cpu_time": 0.3193195000000001,
                            "extra_info": {
                                "Aggregates": [
                                    "count_star()",
                                    "count(DISTINCT #0)",
                                    "sum(#1)",
                                    "sum(#2)",
                                    "sum(#3)",
                                    "avg(#4)",
                                    "avg(#5)",
                                    "avg(#6)"
                                ]
                            },
                            "cumulative_cardinality": 7700233,
                            "operator_type": "UNGROUPED_AGGREGATE",
                            "operator_cardinality": 1,
                            "cumulative_rows_scanned": 3850116,
                            "operator_rows_scanned": 0,
                            "operator_timing": 0.1323021070000001,
                            "result_set_size": 88,
                            "children": [
                                {
                                    "operator_name": "PROJECTION",
                                    "cpu_time": 0.18701739299999998,
                                    "extra_info": {
                                        "Projections": [
                                            "owneruserid",
                                            "CASE  WHEN ((posttypeid = 1)) THEN (1) ELSE 0 END",
                                            "CASE  WHEN ((posttypeid = 2)) THEN (1) ELSE 0 END",
                                            "CASE  WHEN ((posttypeid IN (4, 5))) THEN (1) ELSE 0 END",
                                            "viewcount",
                                            "score",
                                            "answercount"
                                        ],
                                        "Estimated Cardinality": "3850116"
                                    },
                                    "cumulative_cardinality": 7700232,
                                    "operator_type": "PROJECTION",
                                    "operator_cardinality": 3850116,
                                    "cumulative_rows_scanned": 3850116,
                                    "operator_rows_scanned": 0,
                                    "operator_timing": 0.08928667799999998,
                                    "result_set_size": 107803248,
                                    "children": [
                                        {
                                            "operator_name": "READ_PARQUET ",
                                            "cpu_time": 0.09773071499999998,
                                            "extra_info": {
                                                "Function": "READ_PARQUET",
                                                "Projections": [
                                                    "posttypeid",
                                                    "score",
                                                    "viewcount",
                                                    "owneruserid",
                                                    "answercount"
                                                ],
                                                "Estimated Cardinality": "3850116"
                                            },
                                            "cumulative_cardinality": 3850116,
                                            "operator_type": "TABLE_SCAN",
                                            "operator_cardinality": 3850116,
                                            "cumulative_rows_scanned": 3850116,
                                            "operator_rows_scanned": 3850116,
                                            "operator_timing": 0.09773071499999998,
                                            "result_set_size": 69302088,
                                            "children": []
                                        }
                                    ]
                                }
                            ]
                        }
                    ]
                }
            ]
        }
    ]
}