{
    "rows_returned": 7,
    "query_name": "\nSELECT \n    pt.Name AS PostType,\n    COUNT(p.Id) AS TotalPosts,\n    AVG(p.Score) AS AverageScore,\n    SUM(p.ViewCount) AS TotalViewCount,\n    AVG(EXTRACT(EPOCH FROM (COALESCE(p.LastActivityDate, '2024-10-01 12:34:56'::timestamp) - p.CreationDate))) AS AverageTimeToActivity,\n    COUNT(DISTINCT u.Id) AS UniqueUsers\nFROM \n    Posts p\nJOIN \n    PostTypes pt ON p.PostTypeId = pt.Id\nJOIN \n    Users u ON p.OwnerUserId = u.Id\nGROUP BY \n    pt.Name\nORDER BY \n    TotalPosts DESC;\n",
    "blocked_thread_time": 0.0,
    "cpu_time": 6.3407622139999935,
    "extra_info": {},
    "cumulative_cardinality": 16002364,
    "cumulative_rows_scanned": 5110834,
    "result_set_size": 448,
    "latency": 6.451929843,
    "children": [
        {
            "operator_name": "ORDER_BY",
            "cpu_time": 6.3407622139999935,
            "extra_info": {
                "Order By": "count(p.Id) DESC"
            },
            "cumulative_cardinality": 16002364,
            "operator_type": "ORDER_BY",
            "operator_cardinality": 7,
            "cumulative_rows_scanned": 5110834,
            "operator_rows_scanned": 0,
            "operator_timing": 0.06797747,
            "result_set_size": 448,
            "children": [
                {
                    "operator_name": "HASH_GROUP_BY",
                    "cpu_time": 6.272784743999994,
                    "extra_info": {
                        "Groups": "#0",
                        "Aggregates": [
                            "count_star()",
                            "avg(#1)",
                            "sum(#2)",
                            "avg(#3)",
                            "count(DISTINCT #4)"
                        ],
                        "Estimated Cardinality": "1925058"
                    },
                    "cumulative_cardinality": 16002357,
                    "operator_type": "HASH_GROUP_BY",
                    "operator_cardinality": 7,
                    "cumulative_rows_scanned": 5110834,
                    "operator_rows_scanned": 0,
                    "operator_timing": 0.5203625459999993,
                    "result_set_size": 448,
                    "children": [
                        {
                            "operator_name": "PROJECTION",
                            "cpu_time": 5.752422197999994,
                            "extra_info": {
                                "Projections": [
                                    "name",
                                    "score",
                                    "viewcount",
                                    "epoch((lastactivitydate - creationdate))",
                                    "id"
                                ],
                                "Estimated Cardinality": "3850116"
                            },
                            "cumulative_cardinality": 16002350,
                            "operator_type": "PROJECTION",
                            "operator_cardinality": 3685416,
                            "cumulative_rows_scanned": 5110834,
                            "operator_rows_scanned": 0,
                            "operator_timing": 0.07647892400000017,
                            "result_set_size": 132674976,
                            "children": [
                                {
                                    "operator_name": "HASH_JOIN",
                                    "cpu_time": 5.675943273999994,
                                    "extra_info": {
                                        "Join Type": "INNER",
                                        "Conditions": "owneruserid = id",
                                        "Estimated Cardinality": "3850116"
                                    },
                                    "cumulative_cardinality": 12316934,
                                    "operator_type": "HASH_JOIN",
                                    "operator_cardinality": 3685416,
                                    "cumulative_rows_scanned": 5110834,
                                    "operator_rows_scanned": 0,
                                    "operator_timing": 0.33275832999999966,
                                    "result_set_size": 176899968,
                                    "children": [
                                        {
                                            "operator_name": "HASH_JOIN",
                                            "cpu_time": 4.641175749999995,
                                            "extra_info": {
                                                "Join Type": "INNER",
                                                "Conditions": "posttypeid = id",
                                                "Estimated Cardinality": "3850116"
                                            },
                                            "cumulative_cardinality": 7370839,
                                            "operator_type": "HASH_JOIN",
                                            "operator_cardinality": 3685416,
                                            "cumulative_rows_scanned": 3850124,
                                            "operator_rows_scanned": 0,
                                            "operator_timing": 0.017027715000000023,
                                            "result_set_size": 162158304,
                                            "children": [
                                                {
                                                    "operator_name": "READ_PARQUET ",
                                                    "cpu_time": 4.623519059999995,
                                                    "extra_info": {
                                                        "Function": "READ_PARQUET",
                                                        "Projections": [
                                                            "id",
                                                            "posttypeid",
                                                            "creationdate",
                                                            "score",
                                                            "viewcount",
                                                            "owneruserid",
                                                            "lastactivitydate"
                                                        ],
                                                        "Estimated Cardinality": "3850116"
                                                    },
                                                    "cumulative_cardinality": 3685416,
                                                    "operator_type": "TABLE_SCAN",
                                                    "operator_cardinality": 3685416,
                                                    "cumulative_rows_scanned": 3850116,
                                                    "operator_rows_scanned": 3850116,
                                                    "operator_timing": 4.623519059999995,
                                                    "result_set_size": 125304144,
                                                    "children": []
                                                },
                                                {
                                                    "operator_name": "READ_PARQUET ",
                                                    "cpu_time": 0.000628975,
                                                    "extra_info": {
                                                        "Function": "READ_PARQUET",
                                                        "Projections": [
                                                            "id",
                                                            "name"
                                                        ],
                                                        "Filters": "id<=7",
                                                        "Estimated Cardinality": "8"
                                                    },
                                                    "cumulative_cardinality": 7,
                                                    "operator_type": "TABLE_SCAN",
                                                    "operator_cardinality": 7,
                                                    "cumulative_rows_scanned": 8,
                                                    "operator_rows_scanned": 8,
                                                    "operator_timing": 0.000628975,
                                                    "result_set_size": 126,
                                                    "children": []
                                                }
                                            ]
                                        },
                                        {
                                            "operator_name": "READ_PARQUET ",
                                            "cpu_time": 0.702009194,
                                            "extra_info": {
                                                "Function": "READ_PARQUET",
                                                "Projections": "id",
                                                "Filters": "id<=1416539",
                                                "Estimated Cardinality": "1260710"
                                            },
                                            "cumulative_cardinality": 1260679,
                                            "operator_type": "TABLE_SCAN",
                                            "operator_cardinality": 1260679,
                                            "cumulative_rows_scanned": 1260710,
                                            "operator_rows_scanned": 1260710,
                                            "operator_timing": 0.702009194,
                                            "result_set_size": 5042716,
                                            "children": []
                                        }
                                    ]
                                }
                            ]
                        }
                    ]
                }
            ]
        }
    ]
}