{
    "rows_returned": 1260710,
    "query_name": "SELECT \n    u.Id AS UserId,\n    u.DisplayName,\n    COUNT(p.Id) AS TotalPosts,\n    AVG(COALESCE(p.Score, 0)) AS AverageScore,\n    SUM(COALESCE(p.ViewCount, 0)) AS TotalViews\nFROM \n    Users u\nLEFT JOIN \n    Posts p ON u.Id = p.OwnerUserId\nGROUP BY \n    u.Id, u.DisplayName\nORDER BY \n    TotalPosts DESC;",
    "blocked_thread_time": 0.0,
    "cpu_time": 1.150775636,
    "extra_info": {},
    "cumulative_cardinality": 16616536,
    "cumulative_rows_scanned": 5110826,
    "result_set_size": 65556920,
    "latency": 2.591604269,
    "children": [
        {
            "operator_name": "ORDER_BY",
            "cpu_time": 1.150775636,
            "extra_info": {
                "Order By": "count(p.Id) DESC"
            },
            "cumulative_cardinality": 16616536,
            "operator_type": "ORDER_BY",
            "operator_cardinality": 1260710,
            "cumulative_rows_scanned": 5110826,
            "operator_rows_scanned": 0,
            "operator_timing": 0.05425982300000003,
            "result_set_size": 65556920,
            "children": [
                {
                    "operator_name": "HASH_GROUP_BY",
                    "cpu_time": 1.0965158130000001,
                    "extra_info": {
                        "Groups": [
                            "#0",
                            "#1"
                        ],
                        "Aggregates": [
                            "count(#2)",
                            "avg(#3)",
                            "sum(#4)"
                        ],
                        "Estimated Cardinality": "1260710"
                    },
                    "cumulative_cardinality": 15355826,
                    "operator_type": "HASH_GROUP_BY",
                    "operator_cardinality": 1260710,
                    "cumulative_rows_scanned": 5110826,
                    "operator_rows_scanned": 0,
                    "operator_timing": 0.5307405639999996,
                    "result_set_size": 65556920,
                    "children": [
                        {
                            "operator_name": "PROJECTION",
                            "cpu_time": 0.5657752490000005,
                            "extra_info": {
                                "Projections": [
                                    "id",
                                    "displayname",
                                    "id",
                                    "COALESCE(score, 0)",
                                    "COALESCE(viewcount, 0)"
                                ],
                                "Estimated Cardinality": "3850116"
                            },
                            "cumulative_cardinality": 14095116,
                            "operator_type": "PROJECTION",
                            "operator_cardinality": 4574495,
                            "cumulative_rows_scanned": 5110826,
                            "operator_rows_scanned": 0,
                            "operator_timing": 0.08415142399999995,
                            "result_set_size": 146383840,
                            "children": [
                                {
                                    "operator_name": "HASH_JOIN",
                                    "cpu_time": 0.48162382500000056,
                                    "extra_info": {
                                        "Join Type": "RIGHT",
                                        "Conditions": "owneruserid = id",
                                        "Estimated Cardinality": "3850116"
                                    },
                                    "cumulative_cardinality": 9520621,
                                    "operator_type": "HASH_JOIN",
                                    "operator_cardinality": 4574495,
                                    "cumulative_rows_scanned": 5110826,
                                    "operator_rows_scanned": 0,
                                    "operator_timing": 0.2581257970000006,
                                    "result_set_size": 146383840,
                                    "children": [
                                        {
                                            "operator_name": "READ_PARQUET ",
                                            "cpu_time": 0.145995276,
                                            "extra_info": {
                                                "Function": "READ_PARQUET",
                                                "Projections": [
                                                    "id",
                                                    "score",
                                                    "viewcount",
                                                    "owneruserid"
                                                ],
                                                "Estimated Cardinality": "3850116"
                                            },
                                            "cumulative_cardinality": 3685416,
                                            "operator_type": "TABLE_SCAN",
                                            "operator_cardinality": 3685416,
                                            "cumulative_rows_scanned": 3850116,
                                            "operator_rows_scanned": 3850116,
                                            "operator_timing": 0.145995276,
                                            "result_set_size": 58966656,
                                            "children": []
                                        },
                                        {
                                            "operator_name": "READ_PARQUET ",
                                            "cpu_time": 0.07750275199999994,
                                            "extra_info": {
                                                "Function": "READ_PARQUET",
                                                "Projections": [
                                                    "id",
                                                    "displayname"
                                                ],
                                                "Estimated Cardinality": "1260710"
                                            },
                                            "cumulative_cardinality": 1260710,
                                            "operator_type": "TABLE_SCAN",
                                            "operator_cardinality": 1260710,
                                            "cumulative_rows_scanned": 1260710,
                                            "operator_rows_scanned": 1260710,
                                            "operator_timing": 0.07750275199999994,
                                            "result_set_size": 25214200,
                                            "children": []
                                        }
                                    ]
                                }
                            ]
                        }
                    ]
                }
            ]
        }
    ]
}