{
    "rows_returned": 2601417,
    "query_name": "WITH PostCounts AS (\n    SELECT \n        p.PostTypeId,\n        COUNT(*) AS TotalPosts,\n        SUM(CASE WHEN p.CreationDate >= cast('2024-10-01 12:34:56' as timestamp) - INTERVAL '1 month' THEN 1 ELSE 0 END) AS RecentPosts\n    FROM \n        Posts p\n    GROUP BY \n        p.PostTypeId\n),\nUserActivity AS (\n    SELECT \n        u.Id AS UserId,\n        u.Reputation,\n        COUNT(DISTINCT p.Id) AS TotalPosts,\n        SUM(CASE WHEN p.CreationDate >= cast('2024-10-01 12:34:56' as timestamp) - INTERVAL '1 month' THEN 1 ELSE 0 END) AS RecentPosts\n    FROM \n        Users u\n    LEFT JOIN \n        Posts p ON u.Id = p.OwnerUserId\n    GROUP BY \n        u.Id, u.Reputation\n)\nSELECT \n    pt.Name AS PostType,\n    pc.TotalPosts,\n    pc.RecentPosts,\n    ua.UserId,\n    ua.Reputation,\n    ua.TotalPosts AS UserTotalPosts,\n    ua.RecentPosts AS UserRecentPosts\nFROM \n    PostCounts pc\nJOIN \n    PostTypes pt ON pc.PostTypeId = pt.Id\nLEFT JOIN \n    UserActivity ua ON ua.TotalPosts > 0\nORDER BY \n    pc.TotalPosts DESC, ua.Reputation DESC;",
    "blocked_thread_time": 0.0,
    "cpu_time": 1.696294788000002,
    "extra_info": {},
    "cumulative_cardinality": 35082084,
    "cumulative_rows_scanned": 8960950,
    "result_set_size": 187302024,
    "latency": 6.735720256,
    "children": [
        {
            "operator_name": "ORDER_BY",
            "cpu_time": 1.696294788000002,
            "extra_info": {
                "Order By": [
                    "pc.TotalPosts DESC",
                    "ua.Reputation DESC"
                ]
            },
            "cumulative_cardinality": 35082084,
            "operator_type": "ORDER_BY",
            "operator_cardinality": 2601417,
            "cumulative_rows_scanned": 8960950,
            "operator_rows_scanned": 0,
            "operator_timing": 0.3043684920000004,
            "result_set_size": 187302024,
            "children": [
                {
                    "operator_name": "PROJECTION",
                    "cpu_time": 1.3919262960000018,
                    "extra_info": {
                        "Projections": [
                            "PostType",
                            "TotalPosts",
                            "RecentPosts",
                            "UserId",
                            "reputation",
                            "UserTotalPosts",
                            "UserRecentPosts"
                        ],
                        "Estimated Cardinality": "1925058"
                    },
                    "cumulative_cardinality": 32480667,
                    "operator_type": "PROJECTION",
                    "operator_cardinality": 2601417,
                    "cumulative_rows_scanned": 8960950,
                    "operator_rows_scanned": 0,
                    "operator_timing": 0.000454173999999999,
                    "result_set_size": 187302024,
                    "children": [
                        {
                            "operator_name": "BLOCKWISE_NL_JOIN",
                            "cpu_time": 1.391472122000002,
                            "extra_info": {
                                "Join Type": "LEFT",
                                "Condition": "true"
                            },
                            "cumulative_cardinality": 29879250,
                            "operator_type": "BLOCKWISE_NL_JOIN",
                            "operator_cardinality": 2601417,
                            "cumulative_rows_scanned": 8960950,
                            "operator_rows_scanned": 0,
                            "operator_timing": 0.011313460999999986,
                            "result_set_size": 187302024,
                            "children": [
                                {
                                    "operator_name": "HASH_JOIN",
                                    "cpu_time": 0.09750439000000018,
                                    "extra_info": {
                                        "Join Type": "INNER",
                                        "Conditions": "posttypeid = id",
                                        "Estimated Cardinality": "1925058"
                                    },
                                    "cumulative_cardinality": 11550376,
                                    "operator_type": "HASH_JOIN",
                                    "operator_cardinality": 7,
                                    "cumulative_rows_scanned": 3850124,
                                    "operator_rows_scanned": 0,
                                    "operator_timing": 0.000108913,
                                    "result_set_size": 280,
                                    "children": [
                                        {
                                            "operator_name": "PROJECTION",
                                            "cpu_time": 0.09689591400000018,
                                            "extra_info": {
                                                "Projections": [
                                                    "__internal_decompress_integral_smallint(#0, 1)",
                                                    "#1",
                                                    "#2"
                                                ],
                                                "Estimated Cardinality": "1925058"
                                            },
                                            "cumulative_cardinality": 11550362,
                                            "operator_type": "PROJECTION",
                                            "operator_cardinality": 7,
                                            "cumulative_rows_scanned": 3850116,
                                            "operator_rows_scanned": 0,
                                            "operator_timing": 0.000002034,
                                            "result_set_size": 182,
                                            "children": [
                                                {
                                                    "operator_name": "PERFECT_HASH_GROUP_BY",
                                                    "cpu_time": 0.09689388000000018,
                                                    "extra_info": {
                                                        "Groups": "#0",
                                                        "Aggregates": [
                                                            "count_star()",
                                                            "sum(#1)"
                                                        ]
                                                    },
                                                    "cumulative_cardinality": 11550355,
                                                    "operator_type": "PERFECT_HASH_GROUP_BY",
                                                    "operator_cardinality": 7,
                                                    "cumulative_rows_scanned": 3850116,
                                                    "operator_rows_scanned": 0,
                                                    "operator_timing": 0.024114596000000068,
                                                    "result_set_size": 175,
                                                    "children": [
                                                        {
                                                            "operator_name": "PROJECTION",
                                                            "cpu_time": 0.07277928400000011,
                                                            "extra_info": {
                                                                "Projections": [
                                                                    "posttypeid",
                                                                    "CASE  WHEN ((creationdate >= '2024-09-01 12:34:56'::TIMESTAMP)) THEN (1) ELSE 0 END"
                                                                ],
                                                                "Estimated Cardinality": "3850116"
                                                            },
                                                            "cumulative_cardinality": 11550348,
                                                            "operator_type": "PROJECTION",
                                                            "operator_cardinality": 3850116,
                                                            "cumulative_rows_scanned": 3850116,
                                                            "operator_rows_scanned": 0,
                                                            "operator_timing": 0.005369619999999983,
                                                            "result_set_size": 19250580,
                                                            "children": [
                                                                {
                                                                    "operator_name": "PROJECTION",
                                                                    "cpu_time": 0.06740966400000013,
                                                                    "extra_info": {
                                                                        "Projections": [
                                                                            "__internal_compress_integral_utinyint(#0, 1)",
                                                                            "#1"
                                                                        ],
                                                                        "Estimated Cardinality": "3850116"
                                                                    },
                                                                    "cumulative_cardinality": 7700232,
                                                                    "operator_type": "PROJECTION",
                                                                    "operator_cardinality": 3850116,
                                                                    "cumulative_rows_scanned": 3850116,
                                                                    "operator_rows_scanned": 0,
                                                                    "operator_timing": 0.0008645000000000042,
                                                                    "result_set_size": 34651044,
                                                                    "children": [
                                                                        {
                                                                            "operator_name": "READ_PARQUET ",
                                                                            "cpu_time": 0.06654516400000013,
                                                                            "extra_info": {
                                                                                "Function": "READ_PARQUET",
                                                                                "Projections": [
                                                                                    "posttypeid",
                                                                                    "creationdate"
                                                                                ],
                                                                                "Estimated Cardinality": "3850116"
                                                                            },
                                                                            "cumulative_cardinality": 3850116,
                                                                            "operator_type": "TABLE_SCAN",
                                                                            "operator_cardinality": 3850116,
                                                                            "cumulative_rows_scanned": 3850116,
                                                                            "operator_rows_scanned": 3850116,
                                                                            "operator_timing": 0.06654516400000013,
                                                                            "result_set_size": 38501160,
                                                                            "children": []
                                                                        }
                                                                    ]
                                                                }
                                                            ]
                                                        }
                                                    ]
                                                }
                                            ]
                                        },
                                        {
                                            "operator_name": "READ_PARQUET ",
                                            "cpu_time": 0.000499563,
                                            "extra_info": {
                                                "Function": "READ_PARQUET",
                                                "Projections": [
                                                    "id",
                                                    "name"
                                                ],
                                                "Filters": "id<=7",
                                                "Estimated Cardinality": "8"
                                            },
                                            "cumulative_cardinality": 7,
                                            "operator_type": "TABLE_SCAN",
                                            "operator_cardinality": 7,
                                            "cumulative_rows_scanned": 8,
                                            "operator_rows_scanned": 8,
                                            "operator_timing": 0.000499563,
                                            "result_set_size": 126,
                                            "children": []
                                        }
                                    ]
                                },
                                {
                                    "operator_name": "FILTER",
                                    "cpu_time": 1.2826542710000017,
                                    "extra_info": {
                                        "Expression": "(TotalPosts > 0)",
                                        "Estimated Cardinality": "252142"
                                    },
                                    "cumulative_cardinality": 15727457,
                                    "operator_type": "FILTER",
                                    "operator_cardinality": 371631,
                                    "cumulative_rows_scanned": 5110826,
                                    "operator_rows_scanned": 0,
                                    "operator_timing": 0.0016757439999999975,
                                    "result_set_size": 11892192,
                                    "children": [
                                        {
                                            "operator_name": "HASH_GROUP_BY",
                                            "cpu_time": 1.2809785270000018,
                                            "extra_info": {
                                                "Groups": [
                                                    "#0",
                                                    "#1"
                                                ],
                                                "Aggregates": [
                                                    "count(DISTINCT #2)",
                                                    "sum(#3)"
                                                ],
                                                "Estimated Cardinality": "1260710"
                                            },
                                            "cumulative_cardinality": 15355826,
                                            "operator_type": "HASH_GROUP_BY",
                                            "operator_cardinality": 1260710,
                                            "cumulative_rows_scanned": 5110826,
                                            "operator_rows_scanned": 0,
                                            "operator_timing": 0.8743853840000012,
                                            "result_set_size": 40342720,
                                            "children": [
                                                {
                                                    "operator_name": "PROJECTION",
                                                    "cpu_time": 0.40659314300000066,
                                                    "extra_info": {
                                                        "Projections": [
                                                            "id",
                                                            "reputation",
                                                            "id",
                                                            "CASE  WHEN ((creationdate >= '2024-09-01 12:34:56'::TIMESTAMP)) THEN (1) ELSE 0 END"
                                                        ],
                                                        "Estimated Cardinality": "3850116"
                                                    },
                                                    "cumulative_cardinality": 14095116,
                                                    "operator_type": "PROJECTION",
                                                    "operator_cardinality": 4574495,
                                                    "cumulative_rows_scanned": 5110826,
                                                    "operator_rows_scanned": 0,
                                                    "operator_timing": 0.009526927999999966,
                                                    "result_set_size": 73191920,
                                                    "children": [
                                                        {
                                                            "operator_name": "HASH_JOIN",
                                                            "cpu_time": 0.39706621500000067,
                                                            "extra_info": {
                                                                "Join Type": "RIGHT",
                                                                "Conditions": "owneruserid = id",
                                                                "Estimated Cardinality": "3850116"
                                                            },
                                                            "cumulative_cardinality": 9520621,
                                                            "operator_type": "HASH_JOIN",
                                                            "operator_cardinality": 4574495,
                                                            "cumulative_rows_scanned": 5110826,
                                                            "operator_rows_scanned": 0,
                                                            "operator_timing": 0.2337850110000004,
                                                            "result_set_size": 91489900,
                                                            "children": [
                                                                {
                                                                    "operator_name": "READ_PARQUET ",
                                                                    "cpu_time": 0.15008404100000028,
                                                                    "extra_info": {
                                                                        "Function": "READ_PARQUET",
                                                                        "Projections": [
                                                                            "id",
                                                                            "creationdate",
                                                                            "owneruserid"
                                                                        ],
                                                                        "Estimated Cardinality": "3850116"
                                                                    },
                                                                    "cumulative_cardinality": 3685416,
                                                                    "operator_type": "TABLE_SCAN",
                                                                    "operator_cardinality": 3685416,
                                                                    "cumulative_rows_scanned": 3850116,
                                                                    "operator_rows_scanned": 3850116,
                                                                    "operator_timing": 0.15008404100000028,
                                                                    "result_set_size": 58966656,
                                                                    "children": []
                                                                },
                                                                {
                                                                    "operator_name": "READ_PARQUET ",
                                                                    "cpu_time": 0.013197163000000001,
                                                                    "extra_info": {
                                                                        "Function": "READ_PARQUET",
                                                                        "Projections": [
                                                                            "id",
                                                                            "reputation"
                                                                        ],
                                                                        "Estimated Cardinality": "1260710"
                                                                    },
                                                                    "cumulative_cardinality": 1260710,
                                                                    "operator_type": "TABLE_SCAN",
                                                                    "operator_cardinality": 1260710,
                                                                    "cumulative_rows_scanned": 1260710,
                                                                    "operator_rows_scanned": 1260710,
                                                                    "operator_timing": 0.013197163000000001,
                                                                    "result_set_size": 10085680,
                                                                    "children": []
                                                                }
                                                            ]
                                                        }
                                                    ]
                                                }
                                            ]
                                        }
                                    ]
                                }
                            ]
                        }
                    ]
                }
            ]
        }
    ]
}