{
    "rows_returned": 100,
    "query_name": "WITH PostSummary AS (\n    SELECT \n        P.Id AS PostId,\n        P.PostTypeId,\n        P.Title,\n        P.CreationDate,\n        P.Score,\n        P.ViewCount,\n        P.AnswerCount,\n        P.CommentCount,\n        P.FavoriteCount,\n        U.Reputation AS OwnerReputation\n    FROM \n        Posts P\n    JOIN \n        Users U ON P.OwnerUserId = U.Id\n    WHERE \n        P.CreationDate >= '2023-01-01'  \n),\nVoteSummary AS (\n    SELECT \n        PostId,\n        COUNT(CASE WHEN V.VoteTypeId = 2 THEN 1 END) AS UpVotes,\n        COUNT(CASE WHEN V.VoteTypeId = 3 THEN 1 END) AS DownVotes,\n        COUNT(CASE WHEN V.VoteTypeId = 10 THEN 1 END) AS DeleteVotes\n    FROM \n        Votes V\n    GROUP BY \n        PostId\n)\nSELECT \n    PS.PostId,\n    PS.Title,\n    PS.CreationDate,\n    PS.Score,\n    PS.ViewCount,\n    PS.AnswerCount,\n    PS.CommentCount,\n    PS.FavoriteCount,\n    PS.OwnerReputation,\n    COALESCE(VS.UpVotes, 0) AS UpVotes,\n    COALESCE(VS.DownVotes, 0) AS DownVotes,\n    COALESCE(VS.DeleteVotes, 0) AS DeleteVotes\nFROM \n    PostSummary PS\nLEFT JOIN \n    VoteSummary VS ON PS.PostId = VS.PostId\nORDER BY \n    PS.Score DESC, PS.CreationDate DESC\nLIMIT 100;",
    "blocked_thread_time": 0.0,
    "cpu_time": 1.5101895419999984,
    "extra_info": {},
    "cumulative_cardinality": 32290862,
    "cumulative_rows_scanned": 17854919,
    "result_set_size": 7600,
    "latency": 1.675067628,
    "children": [
        {
            "operator_name": "STREAMING_LIMIT",
            "cpu_time": 1.5101895419999984,
            "extra_info": {},
            "cumulative_cardinality": 32290862,
            "operator_type": "STREAMING_LIMIT",
            "operator_cardinality": 100,
            "cumulative_rows_scanned": 17854919,
            "operator_rows_scanned": 0,
            "operator_timing": 0.000001874,
            "result_set_size": 7600,
            "children": [
                {
                    "operator_name": "PROJECTION",
                    "cpu_time": 1.5101876679999984,
                    "extra_info": {
                        "Projections": [
                            "#0",
                            "#1",
                            "#2",
                            "__internal_decompress_integral_integer(#3, -72)",
                            "#4",
                            "__internal_decompress_integral_integer(#5, 0)",
                            "__internal_decompress_integral_integer(#6, 0)",
                            "#7",
                            "#8",
                            "#9",
                            "#10",
                            "#11"
                        ],
                        "Estimated Cardinality": "6372046"
                    },
                    "cumulative_cardinality": 32290762,
                    "operator_type": "PROJECTION",
                    "operator_cardinality": 4096,
                    "cumulative_rows_scanned": 17854919,
                    "operator_rows_scanned": 0,
                    "operator_timing": 0.000020669,
                    "result_set_size": 311296,
                    "children": [
                        {
                            "operator_name": "ORDER_BY",
                            "cpu_time": 1.5101669989999984,
                            "extra_info": {
                                "Order By": [
                                    "PS.Score DESC",
                                    "PS.CreationDate DESC"
                                ]
                            },
                            "cumulative_cardinality": 32286666,
                            "operator_type": "ORDER_BY",
                            "operator_cardinality": 4096,
                            "cumulative_rows_scanned": 17854919,
                            "operator_rows_scanned": 0,
                            "operator_timing": 0.040993847,
                            "result_set_size": 278528,
                            "children": [
                                {
                                    "operator_name": "PROJECTION",
                                    "cpu_time": 1.4691731519999984,
                                    "extra_info": {
                                        "Projections": [
                                            "#0",
                                            "#1",
                                            "#2",
                                            "__internal_compress_integral_usmallint(#3, -72)",
                                            "#4",
                                            "__internal_compress_integral_utinyint(#5, 0)",
                                            "__internal_compress_integral_utinyint(#6, 0)",
                                            "#7",
                                            "#8",
                                            "#9",
                                            "#10",
                                            "#11"
                                        ],
                                        "Estimated Cardinality": "6372046"
                                    },
                                    "cumulative_cardinality": 32282570,
                                    "operator_type": "PROJECTION",
                                    "operator_cardinality": 261413,
                                    "cumulative_rows_scanned": 17854919,
                                    "operator_rows_scanned": 0,
                                    "operator_timing": 0.0011800970000000002,
                                    "result_set_size": 17776084,
                                    "children": [
                                        {
                                            "operator_name": "PROJECTION",
                                            "cpu_time": 1.4679930549999984,
                                            "extra_info": {
                                                "Projections": [
                                                    "PostId",
                                                    "title",
                                                    "creationdate",
                                                    "score",
                                                    "viewcount",
                                                    "answercount",
                                                    "commentcount",
                                                    "favoritecount",
                                                    "OwnerReputation",
                                                    "UpVotes",
                                                    "DownVotes",
                                                    "DeleteVotes"
                                                ],
                                                "Estimated Cardinality": "6372046"
                                            },
                                            "cumulative_cardinality": 32021157,
                                            "operator_type": "PROJECTION",
                                            "operator_cardinality": 261413,
                                            "cumulative_rows_scanned": 17854919,
                                            "operator_rows_scanned": 0,
                                            "operator_timing": 0.008093662999999997,
                                            "result_set_size": 19867388,
                                            "children": [
                                                {
                                                    "operator_name": "HASH_JOIN",
                                                    "cpu_time": 1.4598993919999985,
                                                    "extra_info": {
                                                        "Join Type": "RIGHT",
                                                        "Conditions": "postid = PostId",
                                                        "Estimated Cardinality": "6372046"
                                                    },
                                                    "cumulative_cardinality": 31759744,
                                                    "operator_type": "HASH_JOIN",
                                                    "operator_cardinality": 261413,
                                                    "cumulative_rows_scanned": 17854919,
                                                    "operator_rows_scanned": 0,
                                                    "operator_timing": 0.09998409100000002,
                                                    "result_set_size": 19867388,
                                                    "children": [
                                                        {
                                                            "operator_name": "HASH_GROUP_BY",
                                                            "cpu_time": 1.1128464149999986,
                                                            "extra_info": {
                                                                "Groups": "#0",
                                                                "Aggregates": [
                                                                    "count(#1)",
                                                                    "count(#2)",
                                                                    "count(#3)"
                                                                ],
                                                                "Estimated Cardinality": "6372046"
                                                            },
                                                            "cumulative_cardinality": 29453413,
                                                            "operator_type": "HASH_GROUP_BY",
                                                            "operator_cardinality": 3965227,
                                                            "cumulative_rows_scanned": 12744093,
                                                            "operator_rows_scanned": 0,
                                                            "operator_timing": 0.8157705419999997,
                                                            "result_set_size": 111026356,
                                                            "children": [
                                                                {
                                                                    "operator_name": "PROJECTION",
                                                                    "cpu_time": 0.29707587299999905,
                                                                    "extra_info": {
                                                                        "Projections": [
                                                                            "postid",
                                                                            "CASE  WHEN ((votetypeid = 2)) THEN (1) ELSE NULL END",
                                                                            "CASE  WHEN ((votetypeid = 3)) THEN (1) ELSE NULL END",
                                                                            "CASE  WHEN ((votetypeid = 10)) THEN (1) ELSE NULL END"
                                                                        ],
                                                                        "Estimated Cardinality": "12744093"
                                                                    },
                                                                    "cumulative_cardinality": 25488186,
                                                                    "operator_type": "PROJECTION",
                                                                    "operator_cardinality": 12744093,
                                                                    "cumulative_rows_scanned": 12744093,
                                                                    "operator_rows_scanned": 0,
                                                                    "operator_timing": 0.1619674149999994,
                                                                    "result_set_size": 203905488,
                                                                    "children": [
                                                                        {
                                                                            "operator_name": "READ_PARQUET ",
                                                                            "cpu_time": 0.13510845799999968,
                                                                            "extra_info": {
                                                                                "Function": "READ_PARQUET",
                                                                                "Projections": [
                                                                                    "postid",
                                                                                    "votetypeid"
                                                                                ],
                                                                                "Estimated Cardinality": "12744093"
                                                                            },
                                                                            "cumulative_cardinality": 12744093,
                                                                            "operator_type": "TABLE_SCAN",
                                                                            "operator_cardinality": 12744093,
                                                                            "cumulative_rows_scanned": 12744093,
                                                                            "operator_rows_scanned": 12744093,
                                                                            "operator_timing": 0.13510845799999968,
                                                                            "result_set_size": 76464558,
                                                                            "children": []
                                                                        }
                                                                    ]
                                                                }
                                                            ]
                                                        },
                                                        {
                                                            "operator_name": "PROJECTION",
                                                            "cpu_time": 0.24706888599999996,
                                                            "extra_info": {
                                                                "Projections": [
                                                                    "PostId",
                                                                    "title",
                                                                    "creationdate",
                                                                    "score",
                                                                    "viewcount",
                                                                    "answercount",
                                                                    "commentcount",
                                                                    "favoritecount",
                                                                    "OwnerReputation"
                                                                ],
                                                                "Estimated Cardinality": "770023"
                                                            },
                                                            "cumulative_cardinality": 2044918,
                                                            "operator_type": "PROJECTION",
                                                            "operator_cardinality": 261413,
                                                            "cumulative_rows_scanned": 5110826,
                                                            "operator_rows_scanned": 0,
                                                            "operator_timing": 0.00008233500000000003,
                                                            "result_set_size": 13593476,
                                                            "children": [
                                                                {
                                                                    "operator_name": "HASH_JOIN",
                                                                    "cpu_time": 0.24698655099999997,
                                                                    "extra_info": {
                                                                        "Join Type": "INNER",
                                                                        "Conditions": "owneruserid = id",
                                                                        "Estimated Cardinality": "770023"
                                                                    },
                                                                    "cumulative_cardinality": 1783505,
                                                                    "operator_type": "HASH_JOIN",
                                                                    "operator_cardinality": 261413,
                                                                    "cumulative_rows_scanned": 5110826,
                                                                    "operator_rows_scanned": 0,
                                                                    "operator_timing": 0.132001966,
                                                                    "result_set_size": 13593476,
                                                                    "children": [
                                                                        {
                                                                            "operator_name": "READ_PARQUET ",
                                                                            "cpu_time": 0.09387642599999999,
                                                                            "extra_info": {
                                                                                "Function": "READ_PARQUET",
                                                                                "Projections": [
                                                                                    "id",
                                                                                    "creationdate",
                                                                                    "score",
                                                                                    "viewcount",
                                                                                    "owneruserid",
                                                                                    "title",
                                                                                    "answercount",
                                                                                    "commentcount",
                                                                                    "favoritecount"
                                                                                ],
                                                                                "Filters": "creationdate>='2023-01-01 00:00:00'::TIMESTAMP",
                                                                                "Estimated Cardinality": "770023"
                                                                            },
                                                                            "cumulative_cardinality": 261413,
                                                                            "operator_type": "TABLE_SCAN",
                                                                            "operator_cardinality": 261413,
                                                                            "cumulative_rows_scanned": 3850116,
                                                                            "operator_rows_scanned": 3850116,
                                                                            "operator_timing": 0.09387642599999999,
                                                                            "result_set_size": 13593476,
                                                                            "children": []
                                                                        },
                                                                        {
                                                                            "operator_name": "READ_PARQUET ",
                                                                            "cpu_time": 0.021108158999999994,
                                                                            "extra_info": {
                                                                                "Function": "READ_PARQUET",
                                                                                "Projections": [
                                                                                    "id",
                                                                                    "reputation"
                                                                                ],
                                                                                "Filters": "id<=1416539",
                                                                                "Estimated Cardinality": "1260710"
                                                                            },
                                                                            "cumulative_cardinality": 1260679,
                                                                            "operator_type": "TABLE_SCAN",
                                                                            "operator_cardinality": 1260679,
                                                                            "cumulative_rows_scanned": 1260710,
                                                                            "operator_rows_scanned": 1260710,
                                                                            "operator_timing": 0.021108158999999994,
                                                                            "result_set_size": 10085432,
                                                                            "children": []
                                                                        }
                                                                    ]
                                                                }
                                                            ]
                                                        }
                                                    ]
                                                }
                                            ]
                                        }
                                    ]
                                }
                            ]
                        }
                    ]
                }
            ]
        }
    ]
}