{
    "rows_returned": 3850116,
    "query_name": "WITH PostSummary AS (\n    SELECT \n        PostTypeId,\n        COUNT(*) AS TotalPosts,\n        SUM(ViewCount) AS TotalViews,\n        SUM(Score) AS TotalScore\n    FROM \n        Posts\n    GROUP BY \n        PostTypeId\n)\n\n\n, UserReputation AS (\n    SELECT \n        p.OwnerUserId,\n        AVG(u.Reputation) AS AverageReputation\n    FROM \n        Posts p\n    JOIN \n        Users u ON p.OwnerUserId = u.Id\n    GROUP BY \n        p.OwnerUserId\n)\n\n\n, CommentSummary AS (\n    SELECT \n        PostId,\n        COUNT(*) AS CommentCount\n    FROM \n        Comments\n    GROUP BY \n        PostId\n)\n\n\nSELECT \n    p.PostTypeId,\n    ps.TotalPosts,\n    ps.TotalViews,\n    ps.TotalScore,\n    ur.AverageReputation,\n    cs.CommentCount\nFROM \n    PostSummary ps\nLEFT JOIN \n    Posts p ON ps.PostTypeId = p.PostTypeId\nLEFT JOIN \n    UserReputation ur ON p.OwnerUserId = ur.OwnerUserId\nLEFT JOIN \n    CommentSummary cs ON p.Id = cs.PostId\nORDER BY \n    ps.TotalPosts DESC;",
    "blocked_thread_time": 0.0,
    "cpu_time": 7.584595535000005,
    "extra_info": {},
    "cumulative_cardinality": 75537287,
    "cumulative_rows_scanned": 20052880,
    "result_set_size": 223306728,
    "latency": 13.431686184,
    "children": [
        {
            "operator_name": "PROJECTION",
            "cpu_time": 7.584595535000005,
            "extra_info": {
                "Projections": [
                    "__internal_decompress_integral_smallint(#0, 1)",
                    "#1",
                    "#2",
                    "#3",
                    "#4",
                    "#5"
                ],
                "Estimated Cardinality": "3850116"
            },
            "cumulative_cardinality": 75537287,
            "operator_type": "PROJECTION",
            "operator_cardinality": 3850116,
            "cumulative_rows_scanned": 20052880,
            "operator_rows_scanned": 0,
            "operator_timing": 0.0014038860000000009,
            "result_set_size": 223306728,
            "children": [
                {
                    "operator_name": "ORDER_BY",
                    "cpu_time": 7.583191649000005,
                    "extra_info": {
                        "Order By": "ps.TotalPosts DESC"
                    },
                    "cumulative_cardinality": 71687171,
                    "operator_type": "ORDER_BY",
                    "operator_cardinality": 3850116,
                    "cumulative_rows_scanned": 20052880,
                    "operator_rows_scanned": 0,
                    "operator_timing": 0.7166951099999985,
                    "result_set_size": 219456612,
                    "children": [
                        {
                            "operator_name": "PROJECTION",
                            "cpu_time": 6.866496539000007,
                            "extra_info": {
                                "Projections": [
                                    "__internal_compress_integral_utinyint(#0, 1)",
                                    "#1",
                                    "#2",
                                    "#3",
                                    "#4",
                                    "#5"
                                ],
                                "Estimated Cardinality": "3850116"
                            },
                            "cumulative_cardinality": 67837055,
                            "operator_type": "PROJECTION",
                            "operator_cardinality": 3850116,
                            "cumulative_rows_scanned": 20052880,
                            "operator_rows_scanned": 0,
                            "operator_timing": 0.0076065419999999835,
                            "result_set_size": 219456612,
                            "children": [
                                {
                                    "operator_name": "HASH_JOIN",
                                    "cpu_time": 6.8588899970000075,
                                    "extra_info": {
                                        "Join Type": "LEFT",
                                        "Conditions": "id = postid",
                                        "Estimated Cardinality": "3850116"
                                    },
                                    "cumulative_cardinality": 63986939,
                                    "operator_type": "HASH_JOIN",
                                    "operator_cardinality": 3850116,
                                    "cumulative_rows_scanned": 20052880,
                                    "operator_rows_scanned": 0,
                                    "operator_timing": 0.5233740840000011,
                                    "result_set_size": 223306728,
                                    "children": [
                                        {
                                            "operator_name": "HASH_JOIN",
                                            "cpu_time": 5.028456825000004,
                                            "extra_info": {
                                                "Join Type": "LEFT",
                                                "Conditions": "owneruserid = owneruserid",
                                                "Estimated Cardinality": "3850116"
                                            },
                                            "cumulative_cardinality": 43489507,
                                            "operator_type": "HASH_JOIN",
                                            "operator_cardinality": 3850116,
                                            "cumulative_rows_scanned": 12811058,
                                            "operator_rows_scanned": 0,
                                            "operator_timing": 0.33184794700000136,
                                            "result_set_size": 207906264,
                                            "children": [
                                                {
                                                    "operator_name": "PROJECTION",
                                                    "cpu_time": 2.9796691970000047,
                                                    "extra_info": {
                                                        "Projections": [
                                                            "#0",
                                                            "__internal_decompress_integral_smallint(#1, 1)",
                                                            "#2",
                                                            "#3",
                                                            "#4",
                                                            "#5"
                                                        ],
                                                        "Estimated Cardinality": "3850116"
                                                    },
                                                    "cumulative_cardinality": 26950833,
                                                    "operator_type": "PROJECTION",
                                                    "operator_cardinality": 3850116,
                                                    "cumulative_rows_scanned": 7700232,
                                                    "operator_rows_scanned": 0,
                                                    "operator_timing": 0.0037235200000000023,
                                                    "result_set_size": 192505800,
                                                    "children": [
                                                        {
                                                            "operator_name": "HASH_JOIN",
                                                            "cpu_time": 2.975945677000005,
                                                            "extra_info": {
                                                                "Join Type": "RIGHT",
                                                                "Conditions": "posttypeid = posttypeid",
                                                                "Estimated Cardinality": "3850116"
                                                            },
                                                            "cumulative_cardinality": 23100717,
                                                            "operator_type": "HASH_JOIN",
                                                            "operator_cardinality": 3850116,
                                                            "cumulative_rows_scanned": 7700232,
                                                            "operator_rows_scanned": 0,
                                                            "operator_timing": 0.20333051300000055,
                                                            "result_set_size": 188655684,
                                                            "children": [
                                                                {
                                                                    "operator_name": "PROJECTION",
                                                                    "cpu_time": 1.0588041770000014,
                                                                    "extra_info": {
                                                                        "Projections": [
                                                                            "#0",
                                                                            "__internal_compress_integral_utinyint(#1, 1)",
                                                                            "#2"
                                                                        ],
                                                                        "Estimated Cardinality": "3850116"
                                                                    },
                                                                    "cumulative_cardinality": 7700232,
                                                                    "operator_type": "PROJECTION",
                                                                    "operator_cardinality": 3850116,
                                                                    "cumulative_rows_scanned": 3850116,
                                                                    "operator_rows_scanned": 0,
                                                                    "operator_timing": 0.003154932000000001,
                                                                    "result_set_size": 34651044,
                                                                    "children": [
                                                                        {
                                                                            "operator_name": "READ_PARQUET ",
                                                                            "cpu_time": 1.0556492450000015,
                                                                            "extra_info": {
                                                                                "Function": "READ_PARQUET",
                                                                                "Projections": [
                                                                                    "id",
                                                                                    "posttypeid",
                                                                                    "owneruserid"
                                                                                ],
                                                                                "Estimated Cardinality": "3850116"
                                                                            },
                                                                            "cumulative_cardinality": 3850116,
                                                                            "operator_type": "TABLE_SCAN",
                                                                            "operator_cardinality": 3850116,
                                                                            "cumulative_rows_scanned": 3850116,
                                                                            "operator_rows_scanned": 3850116,
                                                                            "operator_timing": 1.0556492450000015,
                                                                            "result_set_size": 38501160,
                                                                            "children": []
                                                                        }
                                                                    ]
                                                                },
                                                                {
                                                                    "operator_name": "PROJECTION",
                                                                    "cpu_time": 1.7138109870000027,
                                                                    "extra_info": {
                                                                        "Projections": [
                                                                            "__internal_compress_integral_utinyint(#0, 1)",
                                                                            "#1",
                                                                            "#2",
                                                                            "#3"
                                                                        ],
                                                                        "Estimated Cardinality": "1925058"
                                                                    },
                                                                    "cumulative_cardinality": 11550369,
                                                                    "operator_type": "PROJECTION",
                                                                    "operator_cardinality": 7,
                                                                    "cumulative_rows_scanned": 3850116,
                                                                    "operator_rows_scanned": 0,
                                                                    "operator_timing": 0.000001343,
                                                                    "result_set_size": 287,
                                                                    "children": [
                                                                        {
                                                                            "operator_name": "PROJECTION",
                                                                            "cpu_time": 1.7138096440000026,
                                                                            "extra_info": {
                                                                                "Projections": [
                                                                                    "__internal_decompress_integral_smallint(#0, 1)",
                                                                                    "#1",
                                                                                    "#2",
                                                                                    "#3"
                                                                                ],
                                                                                "Estimated Cardinality": "1925058"
                                                                            },
                                                                            "cumulative_cardinality": 11550362,
                                                                            "operator_type": "PROJECTION",
                                                                            "operator_cardinality": 7,
                                                                            "cumulative_rows_scanned": 3850116,
                                                                            "operator_rows_scanned": 0,
                                                                            "operator_timing": 0.000003016,
                                                                            "result_set_size": 294,
                                                                            "children": [
                                                                                {
                                                                                    "operator_name": "PERFECT_HASH_GROUP_BY",
                                                                                    "cpu_time": 1.7138066280000026,
                                                                                    "extra_info": {
                                                                                        "Groups": "#0",
                                                                                        "Aggregates": [
                                                                                            "count_star()",
                                                                                            "sum(#1)",
                                                                                            "sum(#2)"
                                                                                        ]
                                                                                    },
                                                                                    "cumulative_cardinality": 11550355,
                                                                                    "operator_type": "PERFECT_HASH_GROUP_BY",
                                                                                    "operator_cardinality": 7,
                                                                                    "cumulative_rows_scanned": 3850116,
                                                                                    "operator_rows_scanned": 0,
                                                                                    "operator_timing": 0.08573640899999996,
                                                                                    "result_set_size": 287,
                                                                                    "children": [
                                                                                        {
                                                                                            "operator_name": "PROJECTION",
                                                                                            "cpu_time": 1.6280702190000027,
                                                                                            "extra_info": {
                                                                                                "Projections": [
                                                                                                    "posttypeid",
                                                                                                    "viewcount",
                                                                                                    "score"
                                                                                                ],
                                                                                                "Estimated Cardinality": "3850116"
                                                                                            },
                                                                                            "cumulative_cardinality": 11550348,
                                                                                            "operator_type": "PROJECTION",
                                                                                            "operator_cardinality": 3850116,
                                                                                            "cumulative_rows_scanned": 3850116,
                                                                                            "operator_rows_scanned": 0,
                                                                                            "operator_timing": 0.0005714320000000025,
                                                                                            "result_set_size": 34651044,
                                                                                            "children": [
                                                                                                {
                                                                                                    "operator_name": "PROJECTION",
                                                                                                    "cpu_time": 1.6274987870000026,
                                                                                                    "extra_info": {
                                                                                                        "Projections": [
                                                                                                            "__internal_compress_integral_utinyint(#0, 1)",
                                                                                                            "#1",
                                                                                                            "#2"
                                                                                                        ],
                                                                                                        "Estimated Cardinality": "3850116"
                                                                                                    },
                                                                                                    "cumulative_cardinality": 7700232,
                                                                                                    "operator_type": "PROJECTION",
                                                                                                    "operator_cardinality": 3850116,
                                                                                                    "cumulative_rows_scanned": 3850116,
                                                                                                    "operator_rows_scanned": 0,
                                                                                                    "operator_timing": 0.001794175000000008,
                                                                                                    "result_set_size": 34651044,
                                                                                                    "children": [
                                                                                                        {
                                                                                                            "operator_name": "READ_PARQUET ",
                                                                                                            "cpu_time": 1.6257046120000027,
                                                                                                            "extra_info": {
                                                                                                                "Function": "READ_PARQUET",
                                                                                                                "Projections": [
                                                                                                                    "posttypeid",
                                                                                                                    "score",
                                                                                                                    "viewcount"
                                                                                                                ],
                                                                                                                "Estimated Cardinality": "3850116"
                                                                                                            },
                                                                                                            "cumulative_cardinality": 3850116,
                                                                                                            "operator_type": "TABLE_SCAN",
                                                                                                            "operator_cardinality": 3850116,
                                                                                                            "cumulative_rows_scanned": 3850116,
                                                                                                            "operator_rows_scanned": 3850116,
                                                                                                            "operator_timing": 1.6257046120000027,
                                                                                                            "result_set_size": 38501160,
                                                                                                            "children": []
                                                                                                        }
                                                                                                    ]
                                                                                                }
                                                                                            ]
                                                                                        }
                                                                                    ]
                                                                                }
                                                                            ]
                                                                        }
                                                                    ]
                                                                }
                                                            ]
                                                        }
                                                    ]
                                                },
                                                {
                                                    "operator_name": "HASH_GROUP_BY",
                                                    "cpu_time": 1.716939680999998,
                                                    "extra_info": {
                                                        "Groups": "#0",
                                                        "Aggregates": "avg(#1)",
                                                        "Estimated Cardinality": "1925058"
                                                    },
                                                    "cumulative_cardinality": 12688558,
                                                    "operator_type": "HASH_GROUP_BY",
                                                    "operator_cardinality": 371631,
                                                    "cumulative_rows_scanned": 5110826,
                                                    "operator_rows_scanned": 0,
                                                    "operator_timing": 0.1987712260000001,
                                                    "result_set_size": 4459572,
                                                    "children": [
                                                        {
                                                            "operator_name": "PROJECTION",
                                                            "cpu_time": 1.5181684549999979,
                                                            "extra_info": {
                                                                "Projections": [
                                                                    "owneruserid",
                                                                    "reputation"
                                                                ],
                                                                "Estimated Cardinality": "3850116"
                                                            },
                                                            "cumulative_cardinality": 12316927,
                                                            "operator_type": "PROJECTION",
                                                            "operator_cardinality": 3685416,
                                                            "cumulative_rows_scanned": 5110826,
                                                            "operator_rows_scanned": 0,
                                                            "operator_timing": 0.0009810819999999981,
                                                            "result_set_size": 29483328,
                                                            "children": [
                                                                {
                                                                    "operator_name": "HASH_JOIN",
                                                                    "cpu_time": 1.5171873729999978,
                                                                    "extra_info": {
                                                                        "Join Type": "INNER",
                                                                        "Conditions": "owneruserid = id",
                                                                        "Estimated Cardinality": "3850116"
                                                                    },
                                                                    "cumulative_cardinality": 8631511,
                                                                    "operator_type": "HASH_JOIN",
                                                                    "operator_cardinality": 3685416,
                                                                    "cumulative_rows_scanned": 5110826,
                                                                    "operator_rows_scanned": 0,
                                                                    "operator_timing": 0.29875923199999993,
                                                                    "result_set_size": 29483328,
                                                                    "children": [
                                                                        {
                                                                            "operator_name": "READ_PARQUET ",
                                                                            "cpu_time": 1.0362296849999977,
                                                                            "extra_info": {
                                                                                "Function": "READ_PARQUET",
                                                                                "Projections": "owneruserid",
                                                                                "Estimated Cardinality": "3850116"
                                                                            },
                                                                            "cumulative_cardinality": 3685416,
                                                                            "operator_type": "TABLE_SCAN",
                                                                            "operator_cardinality": 3685416,
                                                                            "cumulative_rows_scanned": 3850116,
                                                                            "operator_rows_scanned": 3850116,
                                                                            "operator_timing": 1.0362296849999977,
                                                                            "result_set_size": 14741664,
                                                                            "children": []
                                                                        },
                                                                        {
                                                                            "operator_name": "READ_PARQUET ",
                                                                            "cpu_time": 0.1821984560000002,
                                                                            "extra_info": {
                                                                                "Function": "READ_PARQUET",
                                                                                "Projections": [
                                                                                    "id",
                                                                                    "reputation"
                                                                                ],
                                                                                "Filters": "id<=1416539",
                                                                                "Estimated Cardinality": "1260710"
                                                                            },
                                                                            "cumulative_cardinality": 1260679,
                                                                            "operator_type": "TABLE_SCAN",
                                                                            "operator_cardinality": 1260679,
                                                                            "cumulative_rows_scanned": 1260710,
                                                                            "operator_rows_scanned": 1260710,
                                                                            "operator_timing": 0.1821984560000002,
                                                                            "result_set_size": 10085432,
                                                                            "children": []
                                                                        }
                                                                    ]
                                                                }
                                                            ]
                                                        }
                                                    ]
                                                }
                                            ]
                                        },
                                        {
                                            "operator_name": "HASH_GROUP_BY",
                                            "cpu_time": 1.3070590880000021,
                                            "extra_info": {
                                                "Groups": "#0",
                                                "Aggregates": "count_star()",
                                                "Estimated Cardinality": "3620911"
                                            },
                                            "cumulative_cardinality": 16647316,
                                            "operator_type": "HASH_GROUP_BY",
                                            "operator_cardinality": 2163672,
                                            "cumulative_rows_scanned": 7241822,
                                            "operator_rows_scanned": 0,
                                            "operator_timing": 0.5628630669999999,
                                            "result_set_size": 25964064,
                                            "children": [
                                                {
                                                    "operator_name": "PROJECTION",
                                                    "cpu_time": 0.7441960210000024,
                                                    "extra_info": {
                                                        "Projections": "postid",
                                                        "Estimated Cardinality": "7241822"
                                                    },
                                                    "cumulative_cardinality": 14483644,
                                                    "operator_type": "PROJECTION",
                                                    "operator_cardinality": 7241822,
                                                    "cumulative_rows_scanned": 7241822,
                                                    "operator_rows_scanned": 0,
                                                    "operator_timing": 0.0008216910000000057,
                                                    "result_set_size": 28967288,
                                                    "children": [
                                                        {
                                                            "operator_name": "READ_PARQUET ",
                                                            "cpu_time": 0.7433743300000024,
                                                            "extra_info": {
                                                                "Function": "READ_PARQUET",
                                                                "Projections": "postid",
                                                                "Estimated Cardinality": "7241822"
                                                            },
                                                            "cumulative_cardinality": 7241822,
                                                            "operator_type": "TABLE_SCAN",
                                                            "operator_cardinality": 7241822,
                                                            "cumulative_rows_scanned": 7241822,
                                                            "operator_rows_scanned": 7241822,
                                                            "operator_timing": 0.7433743300000024,
                                                            "result_set_size": 28967288,
                                                            "children": []
                                                        }
                                                    ]
                                                }
                                            ]
                                        }
                                    ]
                                }
                            ]
                        }
                    ]
                }
            ]
        }
    ]
}