{
    "rows_returned": 8824970,
    "query_name": "WITH UserPostStats AS (\n    SELECT \n        u.Id AS UserId,\n        u.DisplayName,\n        COUNT(p.Id) AS TotalPosts,\n        COUNT(DISTINCT p.ParentId) AS TotalAnswers,\n        MAX(p.CreationDate) AS LastPostDate\n    FROM \n        Users u\n    LEFT JOIN \n        Posts p ON u.Id = p.OwnerUserId\n    GROUP BY \n        u.Id, u.DisplayName\n),\nPostTypeCounts AS (\n    SELECT \n        p.PostTypeId,\n        COUNT(p.Id) AS Count\n    FROM \n        Posts p\n    GROUP BY \n        p.PostTypeId\n),\nVotesSummary AS (\n    SELECT \n        v.PostId,\n        COUNT(v.Id) AS TotalVotes\n    FROM \n        Votes v\n    GROUP BY \n        v.PostId\n)\nSELECT \n    ups.UserId,\n    ups.DisplayName,\n    ups.TotalPosts,\n    ups.TotalAnswers,\n    ups.LastPostDate,\n    ptc.PostTypeId,\n    ptc.Count AS PostsOfType,\n    COALESCE(vs.TotalVotes, 0) AS VoteCount\nFROM \n    UserPostStats ups\nLEFT JOIN \n    PostTypeCounts ptc ON ptc.PostTypeId IN (1, 2, 3, 4, 5, 6, 7, 8)\nLEFT JOIN \n    VotesSummary vs ON ups.UserId = vs.PostId\nORDER BY \n    ups.TotalPosts DESC;",
    "blocked_thread_time": 0.0,
    "cpu_time": 4.658699366000003,
    "extra_info": {},
    "cumulative_cardinality": 126959361,
    "cumulative_rows_scanned": 21705035,
    "result_set_size": 547148140,
    "latency": 13.205766626,
    "children": [
        {
            "operator_name": "PROJECTION",
            "cpu_time": 4.658699366000003,
            "extra_info": {
                "Projections": [
                    "#0",
                    "#1",
                    "#2",
                    "#3",
                    "#4",
                    "__internal_decompress_integral_smallint(#5, 1)",
                    "#6",
                    "#7"
                ],
                "Estimated Cardinality": "6372046"
            },
            "cumulative_cardinality": 126959361,
            "operator_type": "PROJECTION",
            "operator_cardinality": 8824970,
            "cumulative_rows_scanned": 21705035,
            "operator_rows_scanned": 0,
            "operator_timing": 0.003507707,
            "result_set_size": 547148140,
            "children": [
                {
                    "operator_name": "ORDER_BY",
                    "cpu_time": 4.655191659000003,
                    "extra_info": {
                        "Order By": "ups.TotalPosts DESC"
                    },
                    "cumulative_cardinality": 118134391,
                    "operator_type": "ORDER_BY",
                    "operator_cardinality": 8824970,
                    "cumulative_rows_scanned": 21705035,
                    "operator_rows_scanned": 0,
                    "operator_timing": 1.097886879000001,
                    "result_set_size": 538323170,
                    "children": [
                        {
                            "operator_name": "PROJECTION",
                            "cpu_time": 3.5573047800000026,
                            "extra_info": {
                                "Projections": [
                                    "#0",
                                    "#1",
                                    "#2",
                                    "#3",
                                    "#4",
                                    "__internal_compress_integral_utinyint(#5, 1)",
                                    "#6",
                                    "#7"
                                ],
                                "Estimated Cardinality": "6372046"
                            },
                            "cumulative_cardinality": 109309421,
                            "operator_type": "PROJECTION",
                            "operator_cardinality": 8824970,
                            "cumulative_rows_scanned": 21705035,
                            "operator_rows_scanned": 0,
                            "operator_timing": 0.004222272999999962,
                            "result_set_size": 538323170,
                            "children": [
                                {
                                    "operator_name": "PROJECTION",
                                    "cpu_time": 3.5530825070000027,
                                    "extra_info": {
                                        "Projections": [
                                            "UserId",
                                            "displayname",
                                            "TotalPosts",
                                            "TotalAnswers",
                                            "LastPostDate",
                                            "posttypeid",
                                            "PostsOfType",
                                            "VoteCount"
                                        ],
                                        "Estimated Cardinality": "6372046"
                                    },
                                    "cumulative_cardinality": 100484451,
                                    "operator_type": "PROJECTION",
                                    "operator_cardinality": 8824970,
                                    "cumulative_rows_scanned": 21705035,
                                    "operator_rows_scanned": 0,
                                    "operator_timing": 0.08792718700000018,
                                    "result_set_size": 547148140,
                                    "children": [
                                        {
                                            "operator_name": "PROJECTION",
                                            "cpu_time": 3.4651553200000027,
                                            "extra_info": {
                                                "Projections": [
                                                    "#0",
                                                    "#1",
                                                    "#2",
                                                    "#3",
                                                    "#4",
                                                    "#5",
                                                    "__internal_decompress_integral_smallint(#6, 1)",
                                                    "#7"
                                                ],
                                                "Estimated Cardinality": "6372046"
                                            },
                                            "cumulative_cardinality": 91659481,
                                            "operator_type": "PROJECTION",
                                            "operator_cardinality": 8824970,
                                            "cumulative_rows_scanned": 21705035,
                                            "operator_rows_scanned": 0,
                                            "operator_timing": 0.004778162999999995,
                                            "result_set_size": 547148140,
                                            "children": [
                                                {
                                                    "operator_name": "HASH_JOIN",
                                                    "cpu_time": 3.4603771570000026,
                                                    "extra_info": {
                                                        "Join Type": "RIGHT",
                                                        "Conditions": "postid = UserId",
                                                        "Estimated Cardinality": "6372046"
                                                    },
                                                    "cumulative_cardinality": 82834511,
                                                    "operator_type": "HASH_JOIN",
                                                    "operator_cardinality": 8824970,
                                                    "cumulative_rows_scanned": 21705035,
                                                    "operator_rows_scanned": 0,
                                                    "operator_timing": 1.0552247209999996,
                                                    "result_set_size": 538323170,
                                                    "children": [
                                                        {
                                                            "operator_name": "HASH_GROUP_BY",
                                                            "cpu_time": 0.7438833760000014,
                                                            "extra_info": {
                                                                "Groups": "#0",
                                                                "Aggregates": "count_star()",
                                                                "Estimated Cardinality": "6372046"
                                                            },
                                                            "cumulative_cardinality": 29453413,
                                                            "operator_type": "HASH_GROUP_BY",
                                                            "operator_cardinality": 3965227,
                                                            "cumulative_rows_scanned": 12744093,
                                                            "operator_rows_scanned": 0,
                                                            "operator_timing": 0.5982860400000013,
                                                            "result_set_size": 47582724,
                                                            "children": [
                                                                {
                                                                    "operator_name": "PROJECTION",
                                                                    "cpu_time": 0.1455973360000001,
                                                                    "extra_info": {
                                                                        "Projections": "postid",
                                                                        "Estimated Cardinality": "12744093"
                                                                    },
                                                                    "cumulative_cardinality": 25488186,
                                                                    "operator_type": "PROJECTION",
                                                                    "operator_cardinality": 12744093,
                                                                    "cumulative_rows_scanned": 12744093,
                                                                    "operator_rows_scanned": 0,
                                                                    "operator_timing": 0.0007871610000000077,
                                                                    "result_set_size": 50976372,
                                                                    "children": [
                                                                        {
                                                                            "operator_name": "READ_PARQUET ",
                                                                            "cpu_time": 0.1448101750000001,
                                                                            "extra_info": {
                                                                                "Function": "READ_PARQUET",
                                                                                "Projections": [
                                                                                    "id",
                                                                                    "postid"
                                                                                ],
                                                                                "Estimated Cardinality": "12744093"
                                                                            },
                                                                            "cumulative_cardinality": 12744093,
                                                                            "operator_type": "TABLE_SCAN",
                                                                            "operator_cardinality": 12744093,
                                                                            "cumulative_rows_scanned": 12744093,
                                                                            "operator_rows_scanned": 12744093,
                                                                            "operator_timing": 0.1448101750000001,
                                                                            "result_set_size": 101952744,
                                                                            "children": []
                                                                        }
                                                                    ]
                                                                }
                                                            ]
                                                        },
                                                        {
                                                            "operator_name": "PROJECTION",
                                                            "cpu_time": 1.6612690600000015,
                                                            "extra_info": {
                                                                "Projections": [
                                                                    "#0",
                                                                    "#1",
                                                                    "#2",
                                                                    "#3",
                                                                    "#4",
                                                                    "__internal_compress_integral_utinyint(#5, 1)",
                                                                    "#6"
                                                                ],
                                                                "Estimated Cardinality": "1260710"
                                                            },
                                                            "cumulative_cardinality": 44556128,
                                                            "operator_type": "PROJECTION",
                                                            "operator_cardinality": 8824970,
                                                            "cumulative_rows_scanned": 8960942,
                                                            "operator_rows_scanned": 0,
                                                            "operator_timing": 0.002820983999999996,
                                                            "result_set_size": 467723410,
                                                            "children": [
                                                                {
                                                                    "operator_name": "BLOCKWISE_NL_JOIN",
                                                                    "cpu_time": 1.6584480760000015,
                                                                    "extra_info": {
                                                                        "Join Type": "LEFT",
                                                                        "Condition": "true"
                                                                    },
                                                                    "cumulative_cardinality": 35731158,
                                                                    "operator_type": "BLOCKWISE_NL_JOIN",
                                                                    "operator_cardinality": 8824970,
                                                                    "cumulative_rows_scanned": 8960942,
                                                                    "operator_rows_scanned": 0,
                                                                    "operator_timing": 0.027055176999999906,
                                                                    "result_set_size": 476548380,
                                                                    "children": [
                                                                        {
                                                                            "operator_name": "HASH_GROUP_BY",
                                                                            "cpu_time": 1.5818950030000019,
                                                                            "extra_info": {
                                                                                "Groups": [
                                                                                    "#0",
                                                                                    "#1"
                                                                                ],
                                                                                "Aggregates": [
                                                                                    "count(#2)",
                                                                                    "count(DISTINCT #3)",
                                                                                    "max(#4)"
                                                                                ],
                                                                                "Estimated Cardinality": "1260710"
                                                                            },
                                                                            "cumulative_cardinality": 15355826,
                                                                            "operator_type": "HASH_GROUP_BY",
                                                                            "operator_cardinality": 1260710,
                                                                            "cumulative_rows_scanned": 5110826,
                                                                            "operator_rows_scanned": 0,
                                                                            "operator_timing": 1.0508305960000013,
                                                                            "result_set_size": 55471240,
                                                                            "children": [
                                                                                {
                                                                                    "operator_name": "PROJECTION",
                                                                                    "cpu_time": 0.5310644070000007,
                                                                                    "extra_info": {
                                                                                        "Projections": [
                                                                                            "id",
                                                                                            "displayname",
                                                                                            "id",
                                                                                            "parentid",
                                                                                            "creationdate"
                                                                                        ],
                                                                                        "Estimated Cardinality": "3850116"
                                                                                    },
                                                                                    "cumulative_cardinality": 14095116,
                                                                                    "operator_type": "PROJECTION",
                                                                                    "operator_cardinality": 4574495,
                                                                                    "cumulative_rows_scanned": 5110826,
                                                                                    "operator_rows_scanned": 0,
                                                                                    "operator_timing": 0.001001313000000006,
                                                                                    "result_set_size": 164681820,
                                                                                    "children": [
                                                                                        {
                                                                                            "operator_name": "HASH_JOIN",
                                                                                            "cpu_time": 0.5300630940000006,
                                                                                            "extra_info": {
                                                                                                "Join Type": "RIGHT",
                                                                                                "Conditions": "owneruserid = id",
                                                                                                "Estimated Cardinality": "3850116"
                                                                                            },
                                                                                            "cumulative_cardinality": 9520621,
                                                                                            "operator_type": "HASH_JOIN",
                                                                                            "operator_cardinality": 4574495,
                                                                                            "cumulative_rows_scanned": 5110826,
                                                                                            "operator_rows_scanned": 0,
                                                                                            "operator_timing": 0.2602466690000006,
                                                                                            "result_set_size": 164681820,
                                                                                            "children": [
                                                                                                {
                                                                                                    "operator_name": "READ_PARQUET ",
                                                                                                    "cpu_time": 0.19247081000000005,
                                                                                                    "extra_info": {
                                                                                                        "Function": "READ_PARQUET",
                                                                                                        "Projections": [
                                                                                                            "id",
                                                                                                            "parentid",
                                                                                                            "creationdate",
                                                                                                            "owneruserid"
                                                                                                        ],
                                                                                                        "Estimated Cardinality": "3850116"
                                                                                                    },
                                                                                                    "cumulative_cardinality": 3685416,
                                                                                                    "operator_type": "TABLE_SCAN",
                                                                                                    "operator_cardinality": 3685416,
                                                                                                    "cumulative_rows_scanned": 3850116,
                                                                                                    "operator_rows_scanned": 3850116,
                                                                                                    "operator_timing": 0.19247081000000005,
                                                                                                    "result_set_size": 73708320,
                                                                                                    "children": []
                                                                                                },
                                                                                                {
                                                                                                    "operator_name": "READ_PARQUET ",
                                                                                                    "cpu_time": 0.07734561499999998,
                                                                                                    "extra_info": {
                                                                                                        "Function": "READ_PARQUET",
                                                                                                        "Projections": [
                                                                                                            "id",
                                                                                                            "displayname"
                                                                                                        ],
                                                                                                        "Estimated Cardinality": "1260710"
                                                                                                    },
                                                                                                    "cumulative_cardinality": 1260710,
                                                                                                    "operator_type": "TABLE_SCAN",
                                                                                                    "operator_cardinality": 1260710,
                                                                                                    "cumulative_rows_scanned": 1260710,
                                                                                                    "operator_rows_scanned": 1260710,
                                                                                                    "operator_timing": 0.07734561499999998,
                                                                                                    "result_set_size": 25214200,
                                                                                                    "children": []
                                                                                                }
                                                                                            ]
                                                                                        }
                                                                                    ]
                                                                                }
                                                                            ]
                                                                        },
                                                                        {
                                                                            "operator_name": "PROJECTION",
                                                                            "cpu_time": 0.04949789599999994,
                                                                            "extra_info": {
                                                                                "Projections": [
                                                                                    "__internal_decompress_integral_smallint(#0, 1)",
                                                                                    "#1"
                                                                                ],
                                                                                "Estimated Cardinality": "385011"
                                                                            },
                                                                            "cumulative_cardinality": 11550362,
                                                                            "operator_type": "PROJECTION",
                                                                            "operator_cardinality": 7,
                                                                            "cumulative_rows_scanned": 3850116,
                                                                            "operator_rows_scanned": 0,
                                                                            "operator_timing": 0.000001543,
                                                                            "result_set_size": 70,
                                                                            "children": [
                                                                                {
                                                                                    "operator_name": "PERFECT_HASH_GROUP_BY",
                                                                                    "cpu_time": 0.04949635299999994,
                                                                                    "extra_info": {
                                                                                        "Groups": "#0",
                                                                                        "Aggregates": "count_star()"
                                                                                    },
                                                                                    "cumulative_cardinality": 11550355,
                                                                                    "operator_type": "PERFECT_HASH_GROUP_BY",
                                                                                    "operator_cardinality": 7,
                                                                                    "cumulative_rows_scanned": 3850116,
                                                                                    "operator_rows_scanned": 0,
                                                                                    "operator_timing": 0.017047202999999962,
                                                                                    "result_set_size": 63,
                                                                                    "children": [
                                                                                        {
                                                                                            "operator_name": "PROJECTION",
                                                                                            "cpu_time": 0.032449149999999975,
                                                                                            "extra_info": {
                                                                                                "Projections": "posttypeid",
                                                                                                "Estimated Cardinality": "770023"
                                                                                            },
                                                                                            "cumulative_cardinality": 11550348,
                                                                                            "operator_type": "PROJECTION",
                                                                                            "operator_cardinality": 3850116,
                                                                                            "cumulative_rows_scanned": 3850116,
                                                                                            "operator_rows_scanned": 0,
                                                                                            "operator_timing": 0.00015401400000000215,
                                                                                            "result_set_size": 3850116,
                                                                                            "children": [
                                                                                                {
                                                                                                    "operator_name": "PROJECTION",
                                                                                                    "cpu_time": 0.032295135999999974,
                                                                                                    "extra_info": {
                                                                                                        "Projections": [
                                                                                                            "#0",
                                                                                                            "__internal_compress_integral_utinyint(#1, 1)"
                                                                                                        ],
                                                                                                        "Estimated Cardinality": "770023"
                                                                                                    },
                                                                                                    "cumulative_cardinality": 7700232,
                                                                                                    "operator_type": "PROJECTION",
                                                                                                    "operator_cardinality": 3850116,
                                                                                                    "cumulative_rows_scanned": 3850116,
                                                                                                    "operator_rows_scanned": 0,
                                                                                                    "operator_timing": 0.0007742860000000026,
                                                                                                    "result_set_size": 19250580,
                                                                                                    "children": [
                                                                                                        {
                                                                                                            "operator_name": "READ_PARQUET ",
                                                                                                            "cpu_time": 0.03152084999999997,
                                                                                                            "extra_info": {
                                                                                                                "Function": "READ_PARQUET",
                                                                                                                "Projections": [
                                                                                                                    "id",
                                                                                                                    "posttypeid"
                                                                                                                ],
                                                                                                                "Estimated Cardinality": "770023"
                                                                                                            },
                                                                                                            "cumulative_cardinality": 3850116,
                                                                                                            "operator_type": "TABLE_SCAN",
                                                                                                            "operator_cardinality": 3850116,
                                                                                                            "cumulative_rows_scanned": 3850116,
                                                                                                            "operator_rows_scanned": 3850116,
                                                                                                            "operator_timing": 0.03152084999999997,
                                                                                                            "result_set_size": 23100696,
                                                                                                            "children": []
                                                                                                        }
                                                                                                    ]
                                                                                                }
                                                                                            ]
                                                                                        }
                                                                                    ]
                                                                                }
                                                                            ]
                                                                        }
                                                                    ]
                                                                }
                                                            ]
                                                        }
                                                    ]
                                                }
                                            ]
                                        }
                                    ]
                                }
                            ]
                        }
                    ]
                }
            ]
        }
    ]
}