{
    "rows_returned": 0,
    "query_name": "\nSELECT \n    P.Id AS PostId,\n    P.Title,\n    P.Body,\n    P.CreationDate AS PostCreationDate,\n    P.ViewCount,\n    P.Score,\n    P.AnswerCount,\n    P.CommentCount,\n    P.FavoriteCount,\n    U.Id AS UserId,\n    U.DisplayName AS UserDisplayName,\n    U.Reputation AS UserReputation,\n    T.TagName,\n    COUNT(C.Id) AS CommentCountPerPost\nFROM \n    Posts P\nJOIN \n    Users U ON P.OwnerUserId = U.Id\nJOIN \n    Tags T ON P.Tags LIKE CONCAT('%,', T.TagName, ',%')\nLEFT JOIN \n    Comments C ON P.Id = C.PostId\nWHERE\n    P.CreationDate >= '2023-01-01'  \nGROUP BY \n    P.Id, P.Title, P.Body, P.CreationDate, P.ViewCount, P.Score, P.AnswerCount, P.CommentCount, P.FavoriteCount, \n    U.Id, U.DisplayName, U.Reputation, \n    T.TagName\nORDER BY \n    P.CreationDate DESC\nLIMIT \n    100;\n",
    "blocked_thread_time": 0.0,
    "cpu_time": 53.49976457400055,
    "extra_info": {},
    "cumulative_cardinality": 1787529,
    "cumulative_rows_scanned": 12354624,
    "result_set_size": 0,
    "latency": 54.201031821,
    "children": [
        {
            "operator_name": "STREAMING_LIMIT",
            "cpu_time": 53.49976457400055,
            "extra_info": {},
            "cumulative_cardinality": 1787529,
            "operator_type": "STREAMING_LIMIT",
            "operator_cardinality": 0,
            "cumulative_rows_scanned": 12354624,
            "operator_rows_scanned": 0,
            "operator_timing": 0.0,
            "result_set_size": 0,
            "children": [
                {
                    "operator_name": "PROJECTION",
                    "cpu_time": 53.49976457400055,
                    "extra_info": {
                        "Projections": [
                            "#0",
                            "#1",
                            "#2",
                            "#3",
                            "#4",
                            "__internal_decompress_integral_integer(#5, -72)",
                            "__internal_decompress_integral_integer(#6, 0)",
                            "__internal_decompress_integral_integer(#7, 0)",
                            "#8",
                            "#9",
                            "#10",
                            "#11",
                            "#12",
                            "#13"
                        ],
                        "Estimated Cardinality": "3850116"
                    },
                    "cumulative_cardinality": 1787529,
                    "operator_type": "PROJECTION",
                    "operator_cardinality": 0,
                    "cumulative_rows_scanned": 12354624,
                    "operator_rows_scanned": 0,
                    "operator_timing": 0.0,
                    "result_set_size": 0,
                    "children": [
                        {
                            "operator_name": "ORDER_BY",
                            "cpu_time": 53.49976457400055,
                            "extra_info": {
                                "Order By": "P.CreationDate DESC"
                            },
                            "cumulative_cardinality": 1787529,
                            "operator_type": "ORDER_BY",
                            "operator_cardinality": 0,
                            "cumulative_rows_scanned": 12354624,
                            "operator_rows_scanned": 0,
                            "operator_timing": 6.41e-7,
                            "result_set_size": 0,
                            "children": [
                                {
                                    "operator_name": "PROJECTION",
                                    "cpu_time": 53.49976393300055,
                                    "extra_info": {
                                        "Projections": [
                                            "#0",
                                            "#1",
                                            "#2",
                                            "#3",
                                            "#4",
                                            "__internal_compress_integral_usmallint(#5, -72)",
                                            "__internal_compress_integral_utinyint(#6, 0)",
                                            "__internal_compress_integral_utinyint(#7, 0)",
                                            "#8",
                                            "#9",
                                            "#10",
                                            "#11",
                                            "#12",
                                            "#13"
                                        ],
                                        "Estimated Cardinality": "3850116"
                                    },
                                    "cumulative_cardinality": 1787529,
                                    "operator_type": "PROJECTION",
                                    "operator_cardinality": 0,
                                    "cumulative_rows_scanned": 12354624,
                                    "operator_rows_scanned": 0,
                                    "operator_timing": 0.0,
                                    "result_set_size": 0,
                                    "children": [
                                        {
                                            "operator_name": "PROJECTION",
                                            "cpu_time": 53.49976393300055,
                                            "extra_info": {
                                                "Projections": [
                                                    "#0",
                                                    "#1",
                                                    "#2",
                                                    "#3",
                                                    "#4",
                                                    "__internal_decompress_integral_integer(#5, -72)",
                                                    "__internal_decompress_integral_integer(#6, 0)",
                                                    "__internal_decompress_integral_integer(#7, 0)",
                                                    "#8",
                                                    "#9",
                                                    "#10",
                                                    "#11",
                                                    "#12",
                                                    "#13"
                                                ],
                                                "Estimated Cardinality": "3850116"
                                            },
                                            "cumulative_cardinality": 1787529,
                                            "operator_type": "PROJECTION",
                                            "operator_cardinality": 0,
                                            "cumulative_rows_scanned": 12354624,
                                            "operator_rows_scanned": 0,
                                            "operator_timing": 0.0,
                                            "result_set_size": 0,
                                            "children": [
                                                {
                                                    "operator_name": "HASH_GROUP_BY",
                                                    "cpu_time": 53.49976393300055,
                                                    "extra_info": {
                                                        "Groups": [
                                                            "#0",
                                                            "#1",
                                                            "#2",
                                                            "#3",
                                                            "#4",
                                                            "#5",
                                                            "#6",
                                                            "#7",
                                                            "#8",
                                                            "#9",
                                                            "#10",
                                                            "#11",
                                                            "#12"
                                                        ],
                                                        "Aggregates": "count(#13)",
                                                        "Estimated Cardinality": "3850116"
                                                    },
                                                    "cumulative_cardinality": 1787529,
                                                    "operator_type": "HASH_GROUP_BY",
                                                    "operator_cardinality": 0,
                                                    "cumulative_rows_scanned": 12354624,
                                                    "operator_rows_scanned": 0,
                                                    "operator_timing": 0.000001653,
                                                    "result_set_size": 0,
                                                    "children": [
                                                        {
                                                            "operator_name": "PROJECTION",
                                                            "cpu_time": 53.49976228000055,
                                                            "extra_info": {
                                                                "Projections": [
                                                                    "id",
                                                                    "title",
                                                                    "body",
                                                                    "creationdate",
                                                                    "viewcount",
                                                                    "score",
                                                                    "answercount",
                                                                    "commentcount",
                                                                    "favoritecount",
                                                                    "id",
                                                                    "displayname",
                                                                    "reputation",
                                                                    "tagname",
                                                                    "id"
                                                                ],
                                                                "Estimated Cardinality": "7241822"
                                                            },
                                                            "cumulative_cardinality": 1787529,
                                                            "operator_type": "PROJECTION",
                                                            "operator_cardinality": 0,
                                                            "cumulative_rows_scanned": 12354624,
                                                            "operator_rows_scanned": 0,
                                                            "operator_timing": 0.0,
                                                            "result_set_size": 0,
                                                            "children": [
                                                                {
                                                                    "operator_name": "PROJECTION",
                                                                    "cpu_time": 53.49976228000055,
                                                                    "extra_info": {
                                                                        "Projections": [
                                                                            "#0",
                                                                            "#1",
                                                                            "#2",
                                                                            "__internal_compress_integral_usmallint(#3, -72)",
                                                                            "#4",
                                                                            "#5",
                                                                            "#6",
                                                                            "#7",
                                                                            "__internal_compress_integral_utinyint(#8, 0)",
                                                                            "__internal_compress_integral_utinyint(#9, 0)",
                                                                            "#10",
                                                                            "#11",
                                                                            "#12",
                                                                            "#13"
                                                                        ],
                                                                        "Estimated Cardinality": "7241822"
                                                                    },
                                                                    "cumulative_cardinality": 1787529,
                                                                    "operator_type": "PROJECTION",
                                                                    "operator_cardinality": 0,
                                                                    "cumulative_rows_scanned": 12354624,
                                                                    "operator_rows_scanned": 0,
                                                                    "operator_timing": 0.0,
                                                                    "result_set_size": 0,
                                                                    "children": [
                                                                        {
                                                                            "operator_name": "HASH_JOIN",
                                                                            "cpu_time": 53.49976228000055,
                                                                            "extra_info": {
                                                                                "Join Type": "RIGHT",
                                                                                "Conditions": "postid = id",
                                                                                "Estimated Cardinality": "7241822"
                                                                            },
                                                                            "cumulative_cardinality": 1787529,
                                                                            "operator_type": "HASH_JOIN",
                                                                            "operator_cardinality": 0,
                                                                            "cumulative_rows_scanned": 12354624,
                                                                            "operator_rows_scanned": 0,
                                                                            "operator_timing": 0.00003241,
                                                                            "result_set_size": 0,
                                                                            "children": [
                                                                                {
                                                                                    "operator_name": "READ_PARQUET ",
                                                                                    "cpu_time": 0.003847929,
                                                                                    "extra_info": {
                                                                                        "Function": "READ_PARQUET",
                                                                                        "Projections": [
                                                                                            "id",
                                                                                            "postid"
                                                                                        ],
                                                                                        "Estimated Cardinality": "7241822"
                                                                                    },
                                                                                    "cumulative_cardinality": 2048,
                                                                                    "operator_type": "TABLE_SCAN",
                                                                                    "operator_cardinality": 2048,
                                                                                    "cumulative_rows_scanned": 7241822,
                                                                                    "operator_rows_scanned": 7241822,
                                                                                    "operator_timing": 0.003847929,
                                                                                    "result_set_size": 16384,
                                                                                    "children": []
                                                                                },
                                                                                {
                                                                                    "operator_name": "BLOCKWISE_NL_JOIN",
                                                                                    "cpu_time": 53.495881941000555,
                                                                                    "extra_info": {
                                                                                        "Join Type": "INNER",
                                                                                        "Condition": "(tags ~~ concat('%,', tagname, ',%'))"
                                                                                    },
                                                                                    "cumulative_cardinality": 1785481,
                                                                                    "operator_type": "BLOCKWISE_NL_JOIN",
                                                                                    "operator_cardinality": 0,
                                                                                    "cumulative_rows_scanned": 5112802,
                                                                                    "operator_rows_scanned": 0,
                                                                                    "operator_timing": 51.771473647000555,
                                                                                    "result_set_size": 0,
                                                                                    "children": [
                                                                                        {
                                                                                            "operator_name": "HASH_JOIN",
                                                                                            "cpu_time": 1.7240434330000003,
                                                                                            "extra_info": {
                                                                                                "Join Type": "INNER",
                                                                                                "Conditions": "owneruserid = id",
                                                                                                "Estimated Cardinality": "770023"
                                                                                            },
                                                                                            "cumulative_cardinality": 1783505,
                                                                                            "operator_type": "HASH_JOIN",
                                                                                            "operator_cardinality": 261413,
                                                                                            "cumulative_rows_scanned": 5110826,
                                                                                            "operator_rows_scanned": 0,
                                                                                            "operator_timing": 0.12630531700000003,
                                                                                            "result_set_size": 27186952,
                                                                                            "children": [
                                                                                                {
                                                                                                    "operator_name": "READ_PARQUET ",
                                                                                                    "cpu_time": 1.4987553950000003,
                                                                                                    "extra_info": {
                                                                                                        "Function": "READ_PARQUET",
                                                                                                        "Projections": [
                                                                                                            "id",
                                                                                                            "creationdate",
                                                                                                            "score",
                                                                                                            "viewcount",
                                                                                                            "body",
                                                                                                            "owneruserid",
                                                                                                            "title",
                                                                                                            "tags",
                                                                                                            "answercount",
                                                                                                            "commentcount",
                                                                                                            "favoritecount"
                                                                                                        ],
                                                                                                        "Filters": "creationdate>='2023-01-01 00:00:00'::TIMESTAMP",
                                                                                                        "Estimated Cardinality": "770023"
                                                                                                    },
                                                                                                    "cumulative_cardinality": 261413,
                                                                                                    "operator_type": "TABLE_SCAN",
                                                                                                    "operator_cardinality": 261413,
                                                                                                    "cumulative_rows_scanned": 3850116,
                                                                                                    "operator_rows_scanned": 3850116,
                                                                                                    "operator_timing": 1.4987553950000003,
                                                                                                    "result_set_size": 21958692,
                                                                                                    "children": []
                                                                                                },
                                                                                                {
                                                                                                    "operator_name": "READ_PARQUET ",
                                                                                                    "cpu_time": 0.09898272100000007,
                                                                                                    "extra_info": {
                                                                                                        "Function": "READ_PARQUET",
                                                                                                        "Projections": [
                                                                                                            "id",
                                                                                                            "reputation",
                                                                                                            "displayname"
                                                                                                        ],
                                                                                                        "Filters": "id<=1416539",
                                                                                                        "Estimated Cardinality": "1260710"
                                                                                                    },
                                                                                                    "cumulative_cardinality": 1260679,
                                                                                                    "operator_type": "TABLE_SCAN",
                                                                                                    "operator_cardinality": 1260679,
                                                                                                    "cumulative_rows_scanned": 1260710,
                                                                                                    "operator_rows_scanned": 1260710,
                                                                                                    "operator_timing": 0.09898272100000007,
                                                                                                    "result_set_size": 30256296,
                                                                                                    "children": []
                                                                                                }
                                                                                            ]
                                                                                        },
                                                                                        {
                                                                                            "operator_name": "READ_PARQUET ",
                                                                                            "cpu_time": 0.000364861,
                                                                                            "extra_info": {
                                                                                                "Function": "READ_PARQUET",
                                                                                                "Projections": "tagname",
                                                                                                "Estimated Cardinality": "1976"
                                                                                            },
                                                                                            "cumulative_cardinality": 1976,
                                                                                            "operator_type": "TABLE_SCAN",
                                                                                            "operator_cardinality": 1976,
                                                                                            "cumulative_rows_scanned": 1976,
                                                                                            "operator_rows_scanned": 1976,
                                                                                            "operator_timing": 0.000364861,
                                                                                            "result_set_size": 31616,
                                                                                            "children": []
                                                                                        }
                                                                                    ]
                                                                                }
                                                                            ]
                                                                        }
                                                                    ]
                                                                }
                                                            ]
                                                        }
                                                    ]
                                                }
                                            ]
                                        }
                                    ]
                                }
                            ]
                        }
                    ]
                }
            ]
        }
    ]
}