{
    "rows_returned": 100,
    "query_name": "\nWITH PostSummary AS (\n    SELECT \n        p.Id AS PostId,\n        p.PostTypeId,\n        p.CreationDate,\n        p.Score,\n        p.ViewCount,\n        p.AnswerCount,\n        p.CommentCount,\n        p.FavoriteCount,\n        u.Reputation AS OwnerReputation,\n        COUNT(c.Id) AS TotalCommentCount,\n        AVG(vote.VoteTypeId) AS AvgVoteType\n    FROM \n        Posts p\n    LEFT JOIN \n        Users u ON p.OwnerUserId = u.Id\n    LEFT JOIN \n        Comments c ON p.Id = c.PostId\n    LEFT JOIN \n        Votes vote ON p.Id = vote.PostId\n    GROUP BY \n        p.Id, p.PostTypeId, p.CreationDate, p.Score, p.ViewCount, p.AnswerCount, p.CommentCount, p.FavoriteCount, u.Reputation\n),\n\nPostHistoryStats AS (\n    SELECT \n        ph.PostId,\n        COUNT(*) AS RevisionCount,\n        MAX(ph.CreationDate) AS LastEditDate,\n        MAX(CASE WHEN ph.PostHistoryTypeId = 10 THEN 1 ELSE 0 END) AS ClosedPosts,\n        MAX(CASE WHEN ph.PostHistoryTypeId = 11 THEN 1 ELSE 0 END) AS ReopenedPosts\n    FROM \n        PostHistory ph\n    GROUP BY \n        ph.PostId\n)\n\nSELECT \n    ps.PostId,\n    ps.PostTypeId,\n    ps.CreationDate,\n    ps.Score,\n    ps.ViewCount,\n    ps.AnswerCount,\n    ps.TotalCommentCount,\n    ps.FavoriteCount,\n    ps.OwnerReputation,\n    pht.RevisionCount,\n    pht.LastEditDate,\n    pht.ClosedPosts,\n    pht.ReopenedPosts\nFROM \n    PostSummary ps\nLEFT JOIN \n    PostHistoryStats pht ON ps.PostId = pht.PostId\nORDER BY \n    ps.CreationDate DESC\nFETCH FIRST 100 ROWS ONLY;\n",
    "blocked_thread_time": 0.0,
    "cpu_time": 17.059888261000005,
    "extra_info": {},
    "cumulative_cardinality": 214292099,
    "cumulative_rows_scanned": 36891985,
    "result_set_size": 6600,
    "latency": 19.31692652,
    "children": [
        {
            "operator_name": "STREAMING_LIMIT",
            "cpu_time": 17.059888261000005,
            "extra_info": {},
            "cumulative_cardinality": 214292099,
            "operator_type": "STREAMING_LIMIT",
            "operator_cardinality": 100,
            "cumulative_rows_scanned": 36891985,
            "operator_rows_scanned": 0,
            "operator_timing": 0.000001753,
            "result_set_size": 6600,
            "children": [
                {
                    "operator_name": "PROJECTION",
                    "cpu_time": 17.059886508000005,
                    "extra_info": {
                        "Projections": [
                            "#0",
                            "__internal_decompress_integral_smallint(#1, 1)",
                            "#2",
                            "__internal_decompress_integral_integer(#3, -72)",
                            "#4",
                            "__internal_decompress_integral_integer(#5, 0)",
                            "#6",
                            "#7",
                            "#8",
                            "#9",
                            "#10",
                            "#11",
                            "#12"
                        ],
                        "Estimated Cardinality": "5897622"
                    },
                    "cumulative_cardinality": 214291999,
                    "operator_type": "PROJECTION",
                    "operator_cardinality": 4096,
                    "cumulative_rows_scanned": 36891985,
                    "operator_rows_scanned": 0,
                    "operator_timing": 0.000023965,
                    "result_set_size": 270336,
                    "children": [
                        {
                            "operator_name": "ORDER_BY",
                            "cpu_time": 17.059862543000005,
                            "extra_info": {
                                "Order By": "ps.CreationDate DESC"
                            },
                            "cumulative_cardinality": 214287903,
                            "operator_type": "ORDER_BY",
                            "operator_cardinality": 4096,
                            "cumulative_rows_scanned": 36891985,
                            "operator_rows_scanned": 0,
                            "operator_timing": 0.38344053600000066,
                            "result_set_size": 245760,
                            "children": [
                                {
                                    "operator_name": "PROJECTION",
                                    "cpu_time": 16.676422007000003,
                                    "extra_info": {
                                        "Projections": [
                                            "#0",
                                            "__internal_compress_integral_utinyint(#1, 1)",
                                            "#2",
                                            "__internal_compress_integral_usmallint(#3, -72)",
                                            "#4",
                                            "__internal_compress_integral_utinyint(#5, 0)",
                                            "#6",
                                            "#7",
                                            "#8",
                                            "#9",
                                            "#10",
                                            "#11",
                                            "#12"
                                        ],
                                        "Estimated Cardinality": "5897622"
                                    },
                                    "cumulative_cardinality": 214283807,
                                    "operator_type": "PROJECTION",
                                    "operator_cardinality": 3850116,
                                    "cumulative_rows_scanned": 36891985,
                                    "operator_rows_scanned": 0,
                                    "operator_timing": 0.02769723100000003,
                                    "result_set_size": 231006960,
                                    "children": [
                                        {
                                            "operator_name": "PROJECTION",
                                            "cpu_time": 16.648724776,
                                            "extra_info": {
                                                "Projections": [
                                                    "PostId",
                                                    "posttypeid",
                                                    "creationdate",
                                                    "score",
                                                    "viewcount",
                                                    "answercount",
                                                    "TotalCommentCount",
                                                    "favoritecount",
                                                    "OwnerReputation",
                                                    "RevisionCount",
                                                    "LastEditDate",
                                                    "ClosedPosts",
                                                    "ReopenedPosts"
                                                ],
                                                "Estimated Cardinality": "5897622"
                                            },
                                            "cumulative_cardinality": 210433691,
                                            "operator_type": "PROJECTION",
                                            "operator_cardinality": 3850116,
                                            "cumulative_rows_scanned": 36891985,
                                            "operator_rows_scanned": 0,
                                            "operator_timing": 0.0026117679999999952,
                                            "result_set_size": 254107656,
                                            "children": [
                                                {
                                                    "operator_name": "PROJECTION",
                                                    "cpu_time": 16.646113008,
                                                    "extra_info": {
                                                        "Projections": [
                                                            "#0",
                                                            "#1",
                                                            "#2",
                                                            "#3",
                                                            "#4",
                                                            "#5",
                                                            "__internal_decompress_integral_smallint(#6, 1)",
                                                            "#7",
                                                            "__internal_decompress_integral_integer(#8, -72)",
                                                            "#9",
                                                            "__internal_decompress_integral_integer(#10, 0)",
                                                            "#11",
                                                            "#12",
                                                            "#13"
                                                        ],
                                                        "Estimated Cardinality": "5897622"
                                                    },
                                                    "cumulative_cardinality": 206583575,
                                                    "operator_type": "PROJECTION",
                                                    "operator_cardinality": 3850116,
                                                    "cumulative_rows_scanned": 36891985,
                                                    "operator_rows_scanned": 0,
                                                    "operator_timing": 0.028388723999999987,
                                                    "result_set_size": 269508120,
                                                    "children": [
                                                        {
                                                            "operator_name": "HASH_JOIN",
                                                            "cpu_time": 16.617724284,
                                                            "extra_info": {
                                                                "Join Type": "RIGHT",
                                                                "Conditions": "postid = PostId",
                                                                "Estimated Cardinality": "5897622"
                                                            },
                                                            "cumulative_cardinality": 202733459,
                                                            "operator_type": "HASH_JOIN",
                                                            "operator_cardinality": 3850116,
                                                            "cumulative_rows_scanned": 36891985,
                                                            "operator_rows_scanned": 0,
                                                            "operator_timing": 0.814673112,
                                                            "result_set_size": 246407424,
                                                            "children": [
                                                                {
                                                                    "operator_name": "HASH_GROUP_BY",
                                                                    "cpu_time": 4.727275894999999,
                                                                    "extra_info": {
                                                                        "Groups": "#0",
                                                                        "Aggregates": [
                                                                            "count_star()",
                                                                            "max(#1)",
                                                                            "max(#2)",
                                                                            "max(#3)"
                                                                        ],
                                                                        "Estimated Cardinality": "5897622"
                                                                    },
                                                                    "cumulative_cardinality": 27440604,
                                                                    "operator_type": "HASH_GROUP_BY",
                                                                    "operator_cardinality": 3850116,
                                                                    "cumulative_rows_scanned": 11795244,
                                                                    "operator_rows_scanned": 0,
                                                                    "operator_timing": 1.4950908059999986,
                                                                    "result_set_size": 107803248,
                                                                    "children": [
                                                                        {
                                                                            "operator_name": "PROJECTION",
                                                                            "cpu_time": 3.2321850890000006,
                                                                            "extra_info": {
                                                                                "Projections": [
                                                                                    "postid",
                                                                                    "creationdate",
                                                                                    "CASE  WHEN ((posthistorytypeid = 10)) THEN (1) ELSE 0 END",
                                                                                    "CASE  WHEN ((posthistorytypeid = 11)) THEN (1) ELSE 0 END"
                                                                                ],
                                                                                "Estimated Cardinality": "11795244"
                                                                            },
                                                                            "cumulative_cardinality": 23590488,
                                                                            "operator_type": "PROJECTION",
                                                                            "operator_cardinality": 11795244,
                                                                            "cumulative_rows_scanned": 11795244,
                                                                            "operator_rows_scanned": 0,
                                                                            "operator_timing": 0.0985509550000001,
                                                                            "result_set_size": 235904880,
                                                                            "children": [
                                                                                {
                                                                                    "operator_name": "READ_PARQUET ",
                                                                                    "cpu_time": 3.1336341340000007,
                                                                                    "extra_info": {
                                                                                        "Function": "READ_PARQUET",
                                                                                        "Projections": [
                                                                                            "posthistorytypeid",
                                                                                            "postid",
                                                                                            "creationdate"
                                                                                        ],
                                                                                        "Estimated Cardinality": "11795244"
                                                                                    },
                                                                                    "cumulative_cardinality": 11795244,
                                                                                    "operator_type": "TABLE_SCAN",
                                                                                    "operator_cardinality": 11795244,
                                                                                    "cumulative_rows_scanned": 11795244,
                                                                                    "operator_rows_scanned": 11795244,
                                                                                    "operator_timing": 3.1336341340000007,
                                                                                    "result_set_size": 165133416,
                                                                                    "children": []
                                                                                }
                                                                            ]
                                                                        }
                                                                    ]
                                                                },
                                                                {
                                                                    "operator_name": "PROJECTION",
                                                                    "cpu_time": 11.075775277000002,
                                                                    "extra_info": {
                                                                        "Projections": [
                                                                            "#0",
                                                                            "__internal_compress_integral_utinyint(#1, 1)",
                                                                            "#2",
                                                                            "__internal_compress_integral_usmallint(#3, -72)",
                                                                            "#4",
                                                                            "__internal_compress_integral_utinyint(#5, 0)",
                                                                            "#6",
                                                                            "#7",
                                                                            "#8"
                                                                        ],
                                                                        "Estimated Cardinality": "3850116"
                                                                    },
                                                                    "cumulative_cardinality": 171442739,
                                                                    "operator_type": "PROJECTION",
                                                                    "operator_cardinality": 3850116,
                                                                    "cumulative_rows_scanned": 25096741,
                                                                    "operator_rows_scanned": 0,
                                                                    "operator_timing": 0.013090366000000027,
                                                                    "result_set_size": 138604176,
                                                                    "children": [
                                                                        {
                                                                            "operator_name": "PROJECTION",
                                                                            "cpu_time": 11.062684911000002,
                                                                            "extra_info": {
                                                                                "Projections": [
                                                                                    "PostId",
                                                                                    "posttypeid",
                                                                                    "creationdate",
                                                                                    "score",
                                                                                    "viewcount",
                                                                                    "answercount",
                                                                                    "favoritecount",
                                                                                    "OwnerReputation",
                                                                                    "TotalCommentCount"
                                                                                ],
                                                                                "Estimated Cardinality": "3850116"
                                                                            },
                                                                            "cumulative_cardinality": 167592623,
                                                                            "operator_type": "PROJECTION",
                                                                            "operator_cardinality": 3850116,
                                                                            "cumulative_rows_scanned": 25096741,
                                                                            "operator_rows_scanned": 0,
                                                                            "operator_timing": 0.000836142000000001,
                                                                            "result_set_size": 161704872,
                                                                            "children": [
                                                                                {
                                                                                    "operator_name": "PROJECTION",
                                                                                    "cpu_time": 11.061848769000001,
                                                                                    "extra_info": {
                                                                                        "Projections": [
                                                                                            "#0",
                                                                                            "__internal_decompress_integral_smallint(#1, 1)",
                                                                                            "#2",
                                                                                            "__internal_decompress_integral_integer(#3, -72)",
                                                                                            "#4",
                                                                                            "__internal_decompress_integral_integer(#5, 0)",
                                                                                            "__internal_decompress_integral_integer(#6, 0)",
                                                                                            "#7",
                                                                                            "#8",
                                                                                            "#9"
                                                                                        ],
                                                                                        "Estimated Cardinality": "3850116"
                                                                                    },
                                                                                    "cumulative_cardinality": 163742507,
                                                                                    "operator_type": "PROJECTION",
                                                                                    "operator_cardinality": 3850116,
                                                                                    "cumulative_rows_scanned": 25096741,
                                                                                    "operator_rows_scanned": 0,
                                                                                    "operator_timing": 0.014053004000000003,
                                                                                    "result_set_size": 177105336,
                                                                                    "children": [
                                                                                        {
                                                                                            "operator_name": "HASH_GROUP_BY",
                                                                                            "cpu_time": 11.047795765,
                                                                                            "extra_info": {
                                                                                                "Groups": [
                                                                                                    "#0",
                                                                                                    "#1",
                                                                                                    "#2",
                                                                                                    "#3",
                                                                                                    "#4",
                                                                                                    "#5",
                                                                                                    "#6",
                                                                                                    "#7",
                                                                                                    "#8"
                                                                                                ],
                                                                                                "Aggregates": "count(#9)",
                                                                                                "Estimated Cardinality": "3850116"
                                                                                            },
                                                                                            "cumulative_cardinality": 159892391,
                                                                                            "operator_type": "HASH_GROUP_BY",
                                                                                            "operator_cardinality": 3850116,
                                                                                            "cumulative_rows_scanned": 25096741,
                                                                                            "operator_rows_scanned": 0,
                                                                                            "operator_timing": 3.4927247180000034,
                                                                                            "result_set_size": 142454292,
                                                                                            "children": [
                                                                                                {
                                                                                                    "operator_name": "PROJECTION",
                                                                                                    "cpu_time": 7.555071046999997,
                                                                                                    "extra_info": {
                                                                                                        "Projections": [
                                                                                                            "id",
                                                                                                            "posttypeid",
                                                                                                            "creationdate",
                                                                                                            "score",
                                                                                                            "viewcount",
                                                                                                            "answercount",
                                                                                                            "commentcount",
                                                                                                            "favoritecount",
                                                                                                            "reputation",
                                                                                                            "id"
                                                                                                        ],
                                                                                                        "Estimated Cardinality": "12744093"
                                                                                                    },
                                                                                                    "cumulative_cardinality": 156042275,
                                                                                                    "operator_type": "PROJECTION",
                                                                                                    "operator_cardinality": 35129590,
                                                                                                    "cumulative_rows_scanned": 25096741,
                                                                                                    "operator_rows_scanned": 0,
                                                                                                    "operator_timing": 0.018218464999999878,
                                                                                                    "result_set_size": 1159276470,
                                                                                                    "children": [
                                                                                                        {
                                                                                                            "operator_name": "PROJECTION",
                                                                                                            "cpu_time": 7.536852581999997,
                                                                                                            "extra_info": {
                                                                                                                "Projections": [
                                                                                                                    "#0",
                                                                                                                    "#1",
                                                                                                                    "__internal_compress_integral_utinyint(#2, 1)",
                                                                                                                    "#3",
                                                                                                                    "__internal_compress_integral_usmallint(#4, -72)",
                                                                                                                    "#5",
                                                                                                                    "__internal_compress_integral_utinyint(#6, 0)",
                                                                                                                    "__internal_compress_integral_utinyint(#7, 0)",
                                                                                                                    "#8",
                                                                                                                    "#9",
                                                                                                                    "#10"
                                                                                                                ],
                                                                                                                "Estimated Cardinality": "12744093"
                                                                                                            },
                                                                                                            "cumulative_cardinality": 120912685,
                                                                                                            "operator_type": "PROJECTION",
                                                                                                            "operator_cardinality": 35129590,
                                                                                                            "cumulative_rows_scanned": 25096741,
                                                                                                            "operator_rows_scanned": 0,
                                                                                                            "operator_timing": 0.3380139330000002,
                                                                                                            "result_set_size": 1299794830,
                                                                                                            "children": [
                                                                                                                {
                                                                                                                    "operator_name": "HASH_JOIN",
                                                                                                                    "cpu_time": 7.198838648999997,
                                                                                                                    "extra_info": {
                                                                                                                        "Join Type": "LEFT",
                                                                                                                        "Conditions": "id = postid",
                                                                                                                        "Estimated Cardinality": "12744093"
                                                                                                                    },
                                                                                                                    "cumulative_cardinality": 85783095,
                                                                                                                    "operator_type": "HASH_JOIN",
                                                                                                                    "operator_cardinality": 35129590,
                                                                                                                    "cumulative_rows_scanned": 25096741,
                                                                                                                    "operator_rows_scanned": 0,
                                                                                                                    "operator_timing": 1.9500929239999965,
                                                                                                                    "result_set_size": 1615961140,
                                                                                                                    "children": [
                                                                                                                        {
                                                                                                                            "operator_name": "PROJECTION",
                                                                                                                            "cpu_time": 5.108779341000001,
                                                                                                                            "extra_info": {
                                                                                                                                "Projections": [
                                                                                                                                    "#0",
                                                                                                                                    "#1",
                                                                                                                                    "__internal_decompress_integral_smallint(#2, 1)",
                                                                                                                                    "#3",
                                                                                                                                    "__internal_decompress_integral_integer(#4, -72)",
                                                                                                                                    "#5",
                                                                                                                                    "__internal_decompress_integral_integer(#6, 0)",
                                                                                                                                    "__internal_decompress_integral_integer(#7, 0)",
                                                                                                                                    "#8",
                                                                                                                                    "#9"
                                                                                                                                ],
                                                                                                                                "Estimated Cardinality": "7241822"
                                                                                                                            },
                                                                                                                            "cumulative_cardinality": 37909412,
                                                                                                                            "operator_type": "PROJECTION",
                                                                                                                            "operator_cardinality": 8928266,
                                                                                                                            "cumulative_rows_scanned": 12352648,
                                                                                                                            "operator_rows_scanned": 0,
                                                                                                                            "operator_timing": 0.04157292100000001,
                                                                                                                            "result_set_size": 374987172,
                                                                                                                            "children": [
                                                                                                                                {
                                                                                                                                    "operator_name": "HASH_JOIN",
                                                                                                                                    "cpu_time": 5.067206420000001,
                                                                                                                                    "extra_info": {
                                                                                                                                        "Join Type": "RIGHT",
                                                                                                                                        "Conditions": "postid = id",
                                                                                                                                        "Estimated Cardinality": "7241822"
                                                                                                                                    },
                                                                                                                                    "cumulative_cardinality": 28981146,
                                                                                                                                    "operator_type": "HASH_JOIN",
                                                                                                                                    "operator_cardinality": 8928266,
                                                                                                                                    "cumulative_rows_scanned": 12352648,
                                                                                                                                    "operator_rows_scanned": 0,
                                                                                                                                    "operator_timing": 1.2191955520000004,
                                                                                                                                    "result_set_size": 294632778,
                                                                                                                                    "children": [
                                                                                                                                        {
                                                                                                                                            "operator_name": "READ_PARQUET ",
                                                                                                                                            "cpu_time": 1.7560153149999989,
                                                                                                                                            "extra_info": {
                                                                                                                                                "Function": "READ_PARQUET",
                                                                                                                                                "Projections": [
                                                                                                                                                    "id",
                                                                                                                                                    "postid"
                                                                                                                                                ],
                                                                                                                                                "Estimated Cardinality": "7241822"
                                                                                                                                            },
                                                                                                                                            "cumulative_cardinality": 7241822,
                                                                                                                                            "operator_type": "TABLE_SCAN",
                                                                                                                                            "operator_cardinality": 7241822,
                                                                                                                                            "cumulative_rows_scanned": 7241822,
                                                                                                                                            "operator_rows_scanned": 7241822,
                                                                                                                                            "operator_timing": 1.7560153149999989,
                                                                                                                                            "result_set_size": 57934576,
                                                                                                                                            "children": []
                                                                                                                                        },
                                                                                                                                        {
                                                                                                                                            "operator_name": "PROJECTION",
                                                                                                                                            "cpu_time": 2.091995553000001,
                                                                                                                                            "extra_info": {
                                                                                                                                                "Projections": [
                                                                                                                                                    "#0",
                                                                                                                                                    "__internal_compress_integral_utinyint(#1, 1)",
                                                                                                                                                    "#2",
                                                                                                                                                    "__internal_compress_integral_usmallint(#3, -72)",
                                                                                                                                                    "#4",
                                                                                                                                                    "__internal_compress_integral_utinyint(#5, 0)",
                                                                                                                                                    "__internal_compress_integral_utinyint(#6, 0)",
                                                                                                                                                    "#7",
                                                                                                                                                    "#8"
                                                                                                                                                ],
                                                                                                                                                "Estimated Cardinality": "3850116"
                                                                                                                                            },
                                                                                                                                            "cumulative_cardinality": 12811058,
                                                                                                                                            "operator_type": "PROJECTION",
                                                                                                                                            "operator_cardinality": 3850116,
                                                                                                                                            "cumulative_rows_scanned": 5110826,
                                                                                                                                            "operator_rows_scanned": 0,
                                                                                                                                            "operator_timing": 0.02059984200000002,
                                                                                                                                            "result_set_size": 111653364,
                                                                                                                                            "children": [
                                                                                                                                                {
                                                                                                                                                    "operator_name": "HASH_JOIN",
                                                                                                                                                    "cpu_time": 2.071395711000001,
                                                                                                                                                    "extra_info": {
                                                                                                                                                        "Join Type": "LEFT",
                                                                                                                                                        "Conditions": "owneruserid = id",
                                                                                                                                                        "Estimated Cardinality": "3850116"
                                                                                                                                                    },
                                                                                                                                                    "cumulative_cardinality": 8960942,
                                                                                                                                                    "operator_type": "HASH_JOIN",
                                                                                                                                                    "operator_cardinality": 3850116,
                                                                                                                                                    "cumulative_rows_scanned": 5110826,
                                                                                                                                                    "operator_rows_scanned": 0,
                                                                                                                                                    "operator_timing": 0.34594737399999975,
                                                                                                                                                    "result_set_size": 146304408,
                                                                                                                                                    "children": [
                                                                                                                                                        {
                                                                                                                                                            "operator_name": "READ_PARQUET ",
                                                                                                                                                            "cpu_time": 1.4986917410000018,
                                                                                                                                                            "extra_info": {
                                                                                                                                                                "Function": "READ_PARQUET",
                                                                                                                                                                "Projections": [
                                                                                                                                                                    "id",
                                                                                                                                                                    "posttypeid",
                                                                                                                                                                    "creationdate",
                                                                                                                                                                    "score",
                                                                                                                                                                    "viewcount",
                                                                                                                                                                    "owneruserid",
                                                                                                                                                                    "answercount",
                                                                                                                                                                    "commentcount",
                                                                                                                                                                    "favoritecount"
                                                                                                                                                                ],
                                                                                                                                                                "Estimated Cardinality": "3850116"
                                                                                                                                                            },
                                                                                                                                                            "cumulative_cardinality": 3850116,
                                                                                                                                                            "operator_type": "TABLE_SCAN",
                                                                                                                                                            "operator_cardinality": 3850116,
                                                                                                                                                            "cumulative_rows_scanned": 3850116,
                                                                                                                                                            "operator_rows_scanned": 3850116,
                                                                                                                                                            "operator_timing": 1.4986917410000018,
                                                                                                                                                            "result_set_size": 146304408,
                                                                                                                                                            "children": []
                                                                                                                                                        },
                                                                                                                                                        {
                                                                                                                                                            "operator_name": "READ_PARQUET ",
                                                                                                                                                            "cpu_time": 0.22675659599999975,
                                                                                                                                                            "extra_info": {
                                                                                                                                                                "Function": "READ_PARQUET",
                                                                                                                                                                "Projections": [
                                                                                                                                                                    "id",
                                                                                                                                                                    "reputation"
                                                                                                                                                                ],
                                                                                                                                                                "Estimated Cardinality": "1260710"
                                                                                                                                                            },
                                                                                                                                                            "cumulative_cardinality": 1260710,
                                                                                                                                                            "operator_type": "TABLE_SCAN",
                                                                                                                                                            "operator_cardinality": 1260710,
                                                                                                                                                            "cumulative_rows_scanned": 1260710,
                                                                                                                                                            "operator_rows_scanned": 1260710,
                                                                                                                                                            "operator_timing": 0.22675659599999975,
                                                                                                                                                            "result_set_size": 10085680,
                                                                                                                                                            "children": []
                                                                                                                                                        }
                                                                                                                                                    ]
                                                                                                                                                }
                                                                                                                                            ]
                                                                                                                                        }
                                                                                                                                    ]
                                                                                                                                }
                                                                                                                            ]
                                                                                                                        },
                                                                                                                        {
                                                                                                                            "operator_name": "READ_PARQUET ",
                                                                                                                            "cpu_time": 0.1399663839999996,
                                                                                                                            "extra_info": {
                                                                                                                                "Function": "READ_PARQUET",
                                                                                                                                "Projections": "postid",
                                                                                                                                "Estimated Cardinality": "12744093"
                                                                                                                            },
                                                                                                                            "cumulative_cardinality": 12744093,
                                                                                                                            "operator_type": "TABLE_SCAN",
                                                                                                                            "operator_cardinality": 12744093,
                                                                                                                            "cumulative_rows_scanned": 12744093,
                                                                                                                            "operator_rows_scanned": 12744093,
                                                                                                                            "operator_timing": 0.1399663839999996,
                                                                                                                            "result_set_size": 50976372,
                                                                                                                            "children": []
                                                                                                                        }
                                                                                                                    ]
                                                                                                                }
                                                                                                            ]
                                                                                                        }
                                                                                                    ]
                                                                                                }
                                                                                            ]
                                                                                        }
                                                                                    ]
                                                                                }
                                                                            ]
                                                                        }
                                                                    ]
                                                                }
                                                            ]
                                                        }
                                                    ]
                                                }
                                            ]
                                        }
                                    ]
                                }
                            ]
                        }
                    ]
                }
            ]
        }
    ]
}