{
    "rows_returned": 5,
    "query_name": "SELECT \n    p.PostTypeId,\n    COUNT(p.Id) AS TotalPosts,\n    SUM(COALESCE(p.ViewCount, 0)) AS TotalViews,\n    SUM(COALESCE(p.Score, 0)) AS TotalScore,\n    AVG(COALESCE(p.ViewCount, 0)) AS AverageViewsPerPost,\n    AVG(COALESCE(p.Score, 0)) AS AverageScorePerPost,\n    COUNT(c.Id) AS TotalComments,\n    SUM(COALESCE(v.BountyAmount, 0)) AS TotalBountyAmount,\n    COUNT(DISTINCT b.Id) AS TotalBadgesAwarded\nFROM \n    Posts p\nLEFT JOIN \n    Comments c ON p.Id = c.PostId\nLEFT JOIN \n    Votes v ON p.Id = v.PostId AND v.VoteTypeId IN (8, 9) \nLEFT JOIN \n    Badges b ON p.OwnerUserId = b.UserId\nWHERE \n    p.CreationDate >= cast('2024-10-01 12:34:56' as timestamp) - INTERVAL '1 year' \nGROUP BY \n    p.PostTypeId\nORDER BY \n    p.PostTypeId;",
    "blocked_thread_time": 0.0,
    "cpu_time": 2.164968368000004,
    "extra_info": {},
    "cumulative_cardinality": 107349863,
    "cumulative_rows_scanned": 26157755,
    "result_set_size": 450,
    "latency": 2.483758865,
    "children": [
        {
            "operator_name": "PROJECTION",
            "cpu_time": 2.164968368000004,
            "extra_info": {
                "Projections": [
                    "__internal_decompress_integral_smallint(#0, 1)",
                    "#1",
                    "#2",
                    "#3",
                    "#4",
                    "#5",
                    "#6",
                    "#7",
                    "#8"
                ],
                "Estimated Cardinality": "3850116"
            },
            "cumulative_cardinality": 107349863,
            "operator_type": "PROJECTION",
            "operator_cardinality": 5,
            "cumulative_rows_scanned": 26157755,
            "operator_rows_scanned": 0,
            "operator_timing": 9.92e-7,
            "result_set_size": 450,
            "children": [
                {
                    "operator_name": "ORDER_BY",
                    "cpu_time": 2.164967376000004,
                    "extra_info": {
                        "Order By": "p.PostTypeId ASC"
                    },
                    "cumulative_cardinality": 107349858,
                    "operator_type": "ORDER_BY",
                    "operator_cardinality": 5,
                    "cumulative_rows_scanned": 26157755,
                    "operator_rows_scanned": 0,
                    "operator_timing": 0.000024837,
                    "result_set_size": 445,
                    "children": [
                        {
                            "operator_name": "PROJECTION",
                            "cpu_time": 2.1649425390000037,
                            "extra_info": {
                                "Projections": [
                                    "__internal_compress_integral_utinyint(#0, 1)",
                                    "#1",
                                    "#2",
                                    "#3",
                                    "#4",
                                    "#5",
                                    "#6",
                                    "#7",
                                    "#8"
                                ],
                                "Estimated Cardinality": "3850116"
                            },
                            "cumulative_cardinality": 107349853,
                            "operator_type": "PROJECTION",
                            "operator_cardinality": 5,
                            "cumulative_rows_scanned": 26157755,
                            "operator_rows_scanned": 0,
                            "operator_timing": 0.000003697,
                            "result_set_size": 445,
                            "children": [
                                {
                                    "operator_name": "PROJECTION",
                                    "cpu_time": 2.1649388420000037,
                                    "extra_info": {
                                        "Projections": [
                                            "__internal_decompress_integral_smallint(#0, 1)",
                                            "#1",
                                            "#2",
                                            "#3",
                                            "#4",
                                            "#5",
                                            "#6",
                                            "#7",
                                            "#8"
                                        ],
                                        "Estimated Cardinality": "3850116"
                                    },
                                    "cumulative_cardinality": 107349848,
                                    "operator_type": "PROJECTION",
                                    "operator_cardinality": 5,
                                    "cumulative_rows_scanned": 26157755,
                                    "operator_rows_scanned": 0,
                                    "operator_timing": 0.000003346,
                                    "result_set_size": 450,
                                    "children": [
                                        {
                                            "operator_name": "HASH_GROUP_BY",
                                            "cpu_time": 2.1649354960000036,
                                            "extra_info": {
                                                "Groups": "#0",
                                                "Aggregates": [
                                                    "count_star()",
                                                    "sum(#1)",
                                                    "sum(#2)",
                                                    "avg(#3)",
                                                    "avg(#4)",
                                                    "count(#5)",
                                                    "sum(#6)",
                                                    "count(DISTINCT #7)"
                                                ],
                                                "Estimated Cardinality": "3850116"
                                            },
                                            "cumulative_cardinality": 107349843,
                                            "operator_type": "HASH_GROUP_BY",
                                            "operator_cardinality": 5,
                                            "cumulative_rows_scanned": 26157755,
                                            "operator_rows_scanned": 0,
                                            "operator_timing": 1.0271165890000014,
                                            "result_set_size": 445,
                                            "children": [
                                                {
                                                    "operator_name": "PROJECTION",
                                                    "cpu_time": 1.137818907000002,
                                                    "extra_info": {
                                                        "Projections": [
                                                            "posttypeid",
                                                            "#2",
                                                            "#3",
                                                            "#2",
                                                            "#3",
                                                            "id",
                                                            "COALESCE(bountyamount, 0)",
                                                            "id"
                                                        ],
                                                        "Estimated Cardinality": "7241822"
                                                    },
                                                    "cumulative_cardinality": 107349838,
                                                    "operator_type": "PROJECTION",
                                                    "operator_cardinality": 25844983,
                                                    "cumulative_rows_scanned": 26157755,
                                                    "operator_rows_scanned": 0,
                                                    "operator_timing": 0.12428115500000123,
                                                    "result_set_size": 749504507,
                                                    "children": [
                                                        {
                                                            "operator_name": "PROJECTION",
                                                            "cpu_time": 1.0135377520000008,
                                                            "extra_info": {
                                                                "Projections": [
                                                                    "__internal_compress_integral_utinyint(#0, 1)",
                                                                    "#1",
                                                                    "#2",
                                                                    "#3",
                                                                    "#4",
                                                                    "#5",
                                                                    "#6"
                                                                ],
                                                                "Estimated Cardinality": "7241822"
                                                            },
                                                            "cumulative_cardinality": 81504855,
                                                            "operator_type": "PROJECTION",
                                                            "operator_cardinality": 25844983,
                                                            "cumulative_rows_scanned": 26157755,
                                                            "operator_rows_scanned": 0,
                                                            "operator_timing": 0.02579887900000025,
                                                            "result_set_size": 646124575,
                                                            "children": [
                                                                {
                                                                    "operator_name": "PROJECTION",
                                                                    "cpu_time": 0.9877388730000006,
                                                                    "extra_info": {
                                                                        "Projections": [
                                                                            "posttypeid",
                                                                            "id",
                                                                            "COALESCE(viewcount, 0)",
                                                                            "score",
                                                                            "id",
                                                                            "bountyamount",
                                                                            "id"
                                                                        ],
                                                                        "Estimated Cardinality": "7241822"
                                                                    },
                                                                    "cumulative_cardinality": 55659872,
                                                                    "operator_type": "PROJECTION",
                                                                    "operator_cardinality": 25844983,
                                                                    "cumulative_rows_scanned": 26157755,
                                                                    "operator_rows_scanned": 0,
                                                                    "operator_timing": 0.20562926500000064,
                                                                    "result_set_size": 671969558,
                                                                    "children": [
                                                                        {
                                                                            "operator_name": "HASH_JOIN",
                                                                            "cpu_time": 0.782109608,
                                                                            "extra_info": {
                                                                                "Join Type": "LEFT",
                                                                                "Conditions": "owneruserid = userid",
                                                                                "Estimated Cardinality": "7241822"
                                                                            },
                                                                            "cumulative_cardinality": 29814889,
                                                                            "operator_type": "HASH_JOIN",
                                                                            "operator_cardinality": 25844983,
                                                                            "cumulative_rows_scanned": 26157755,
                                                                            "operator_rows_scanned": 0,
                                                                            "operator_timing": 0.4103986440000006,
                                                                            "result_set_size": 671969558,
                                                                            "children": [
                                                                                {
                                                                                    "operator_name": "PROJECTION",
                                                                                    "cpu_time": 0.34530842399999945,
                                                                                    "extra_info": {
                                                                                        "Projections": [
                                                                                            "#0",
                                                                                            "#1",
                                                                                            "#2",
                                                                                            "#3",
                                                                                            "#4",
                                                                                            "#5",
                                                                                            "__internal_decompress_integral_integer(#6, 0)"
                                                                                        ],
                                                                                        "Estimated Cardinality": "7241822"
                                                                                    },
                                                                                    "cumulative_cardinality": 1648182,
                                                                                    "operator_type": "PROJECTION",
                                                                                    "operator_cardinality": 353135,
                                                                                    "cumulative_rows_scanned": 23836031,
                                                                                    "operator_rows_scanned": 0,
                                                                                    "operator_timing": 0.000324186,
                                                                                    "result_set_size": 9181510,
                                                                                    "children": [
                                                                                        {
                                                                                            "operator_name": "HASH_JOIN",
                                                                                            "cpu_time": 0.34498423799999944,
                                                                                            "extra_info": {
                                                                                                "Join Type": "LEFT",
                                                                                                "Conditions": "id = postid",
                                                                                                "Estimated Cardinality": "7241822"
                                                                                            },
                                                                                            "cumulative_cardinality": 1295047,
                                                                                            "operator_type": "HASH_JOIN",
                                                                                            "operator_cardinality": 353135,
                                                                                            "cumulative_rows_scanned": 23836031,
                                                                                            "operator_rows_scanned": 0,
                                                                                            "operator_timing": 0.039718650999999924,
                                                                                            "result_set_size": 8475240,
                                                                                            "children": [
                                                                                                {
                                                                                                    "operator_name": "HASH_JOIN",
                                                                                                    "cpu_time": 0.06841277999999999,
                                                                                                    "extra_info": {
                                                                                                        "Join Type": "RIGHT",
                                                                                                        "Conditions": "postid = id",
                                                                                                        "Estimated Cardinality": "7241822"
                                                                                                    },
                                                                                                    "cumulative_cardinality": 781816,
                                                                                                    "operator_type": "HASH_JOIN",
                                                                                                    "operator_cardinality": 349210,
                                                                                                    "cumulative_rows_scanned": 11091938,
                                                                                                    "operator_rows_scanned": 0,
                                                                                                    "operator_timing": 0.02311444999999999,
                                                                                                    "result_set_size": 7682620,
                                                                                                    "children": [
                                                                                                        {
                                                                                                            "operator_name": "READ_PARQUET ",
                                                                                                            "cpu_time": 0.014748666999999995,
                                                                                                            "extra_info": {
                                                                                                                "Function": "READ_PARQUET",
                                                                                                                "Projections": [
                                                                                                                    "id",
                                                                                                                    "postid"
                                                                                                                ],
                                                                                                                "Estimated Cardinality": "7241822"
                                                                                                            },
                                                                                                            "cumulative_cardinality": 287064,
                                                                                                            "operator_type": "TABLE_SCAN",
                                                                                                            "operator_cardinality": 287064,
                                                                                                            "cumulative_rows_scanned": 7241822,
                                                                                                            "operator_rows_scanned": 7241822,
                                                                                                            "operator_timing": 0.014748666999999995,
                                                                                                            "result_set_size": 2296512,
                                                                                                            "children": []
                                                                                                        },
                                                                                                        {
                                                                                                            "operator_name": "READ_PARQUET ",
                                                                                                            "cpu_time": 0.030549663000000008,
                                                                                                            "extra_info": {
                                                                                                                "Function": "READ_PARQUET",
                                                                                                                "Projections": [
                                                                                                                    "id",
                                                                                                                    "posttypeid",
                                                                                                                    "score",
                                                                                                                    "viewcount",
                                                                                                                    "owneruserid"
                                                                                                                ],
                                                                                                                "Filters": "creationdate>='2023-10-01 12:34:56'::TIMESTAMP",
                                                                                                                "Estimated Cardinality": "770023"
                                                                                                            },
                                                                                                            "cumulative_cardinality": 145542,
                                                                                                            "operator_type": "TABLE_SCAN",
                                                                                                            "operator_cardinality": 145542,
                                                                                                            "cumulative_rows_scanned": 3850116,
                                                                                                            "operator_rows_scanned": 3850116,
                                                                                                            "operator_timing": 0.030549663000000008,
                                                                                                            "result_set_size": 2619756,
                                                                                                            "children": []
                                                                                                        }
                                                                                                    ]
                                                                                                },
                                                                                                {
                                                                                                    "operator_name": "PROJECTION",
                                                                                                    "cpu_time": 0.23685280699999955,
                                                                                                    "extra_info": {
                                                                                                        "Projections": [
                                                                                                            "#0",
                                                                                                            "__internal_compress_integral_usmallint(#1, 0)"
                                                                                                        ],
                                                                                                        "Estimated Cardinality": "2548818"
                                                                                                    },
                                                                                                    "cumulative_cardinality": 160096,
                                                                                                    "operator_type": "PROJECTION",
                                                                                                    "operator_cardinality": 80048,
                                                                                                    "cumulative_rows_scanned": 12744093,
                                                                                                    "operator_rows_scanned": 0,
                                                                                                    "operator_timing": 0.0032558149999999983,
                                                                                                    "result_set_size": 480288,
                                                                                                    "children": [
                                                                                                        {
                                                                                                            "operator_name": "READ_PARQUET ",
                                                                                                            "cpu_time": 0.23359699199999956,
                                                                                                            "extra_info": {
                                                                                                                "Function": "READ_PARQUET",
                                                                                                                "Projections": [
                                                                                                                    "postid",
                                                                                                                    "bountyamount"
                                                                                                                ],
                                                                                                                "Filters": "votetypeid>=8 AND votetypeid<=9",
                                                                                                                "Estimated Cardinality": "2548818"
                                                                                                            },
                                                                                                            "cumulative_cardinality": 80048,
                                                                                                            "operator_type": "TABLE_SCAN",
                                                                                                            "operator_cardinality": 80048,
                                                                                                            "cumulative_rows_scanned": 12744093,
                                                                                                            "operator_rows_scanned": 12744093,
                                                                                                            "operator_timing": 0.23359699199999956,
                                                                                                            "result_set_size": 640384,
                                                                                                            "children": []
                                                                                                        }
                                                                                                    ]
                                                                                                }
                                                                                            ]
                                                                                        }
                                                                                    ]
                                                                                },
                                                                                {
                                                                                    "operator_name": "READ_PARQUET ",
                                                                                    "cpu_time": 0.02640253999999995,
                                                                                    "extra_info": {
                                                                                        "Function": "READ_PARQUET",
                                                                                        "Projections": [
                                                                                            "id",
                                                                                            "userid"
                                                                                        ],
                                                                                        "Estimated Cardinality": "2321724"
                                                                                    },
                                                                                    "cumulative_cardinality": 2321724,
                                                                                    "operator_type": "TABLE_SCAN",
                                                                                    "operator_cardinality": 2321724,
                                                                                    "cumulative_rows_scanned": 2321724,
                                                                                    "operator_rows_scanned": 2321724,
                                                                                    "operator_timing": 0.02640253999999995,
                                                                                    "result_set_size": 18573792,
                                                                                    "children": []
                                                                                }
                                                                            ]
                                                                        }
                                                                    ]
                                                                }
                                                            ]
                                                        }
                                                    ]
                                                }
                                            ]
                                        }
                                    ]
                                }
                            ]
                        }
                    ]
                }
            ]
        }
    ]
}