{
    "rows_returned": 26014170,
    "query_name": "WITH PostCounts AS (\n    SELECT \n        PostTypeId, \n        COUNT(*) AS TotalPosts,\n        COUNT(DISTINCT OwnerUserId) AS UniqueUsers\n    FROM \n        Posts\n    GROUP BY \n        PostTypeId\n),\nUserStats AS (\n    SELECT \n        U.Id AS UserId,\n        U.Reputation,\n        COUNT(DISTINCT P.Id) AS TotalPosts,\n        SUM(CASE WHEN P.PostTypeId = 2 THEN 1 ELSE 0 END) AS TotalAnswers,\n        SUM(CASE WHEN P.PostTypeId = 1 THEN 1 ELSE 0 END) AS TotalQuestions\n    FROM \n        Users U\n    LEFT JOIN \n        Posts P ON U.Id = P.OwnerUserId\n    GROUP BY \n        U.Id, U.Reputation\n),\nTopTags AS (\n    SELECT \n        T.TagName,\n        T.Count\n    FROM \n        Tags T\n    ORDER BY \n        T.Count DESC\n    LIMIT 10\n)\nSELECT \n    PC.PostTypeId,\n    PC.TotalPosts,\n    PC.UniqueUsers,\n    US.UserId,\n    US.Reputation,\n    US.TotalPosts AS UserTotalPosts,\n    US.TotalAnswers,\n    US.TotalQuestions,\n    TT.TagName,\n    TT.Count AS TagCount\nFROM \n    PostCounts PC\nJOIN \n    UserStats US ON US.TotalPosts > 0\nJOIN \n    TopTags TT ON TT.Count > 0\nORDER BY \n    PC.TotalPosts DESC, US.Reputation DESC;",
    "blocked_thread_time": 0.0,
    "cpu_time": 5.772936375000013,
    "extra_info": {},
    "cumulative_cardinality": 161068941,
    "cumulative_rows_scanned": 8962918,
    "result_set_size": 2237218620,
    "latency": 56.856943997,
    "children": [
        {
            "operator_name": "PROJECTION",
            "cpu_time": 5.772936375000013,
            "extra_info": {
                "Projections": [
                    "__internal_decompress_integral_smallint(#0, 1)",
                    "#1",
                    "#2",
                    "#3",
                    "#4",
                    "#5",
                    "#6",
                    "#7",
                    "#8",
                    "#9"
                ],
                "Estimated Cardinality": "4853879742360"
            },
            "cumulative_cardinality": 161068941,
            "operator_type": "PROJECTION",
            "operator_cardinality": 26014170,
            "cumulative_rows_scanned": 8962918,
            "operator_rows_scanned": 0,
            "operator_timing": 0.012993344000000205,
            "result_set_size": 2237218620,
            "children": [
                {
                    "operator_name": "ORDER_BY",
                    "cpu_time": 5.759943031000013,
                    "extra_info": {
                        "Order By": [
                            "PC.TotalPosts DESC",
                            "US.Reputation DESC"
                        ]
                    },
                    "cumulative_cardinality": 135054771,
                    "operator_type": "ORDER_BY",
                    "operator_cardinality": 26014170,
                    "cumulative_rows_scanned": 8962918,
                    "operator_rows_scanned": 0,
                    "operator_timing": 3.7084079710000113,
                    "result_set_size": 2211204450,
                    "children": [
                        {
                            "operator_name": "PROJECTION",
                            "cpu_time": 2.0515350600000017,
                            "extra_info": {
                                "Projections": [
                                    "__internal_compress_integral_utinyint(#0, 1)",
                                    "#1",
                                    "#2",
                                    "#3",
                                    "#4",
                                    "#5",
                                    "#6",
                                    "#7",
                                    "#8",
                                    "#9"
                                ],
                                "Estimated Cardinality": "4853879742360"
                            },
                            "cumulative_cardinality": 109040601,
                            "operator_type": "PROJECTION",
                            "operator_cardinality": 26014170,
                            "cumulative_rows_scanned": 8962918,
                            "operator_rows_scanned": 0,
                            "operator_timing": 0.011489576000000548,
                            "result_set_size": 2211204450,
                            "children": [
                                {
                                    "operator_name": "PROJECTION",
                                    "cpu_time": 2.040045484000001,
                                    "extra_info": {
                                        "Projections": [
                                            "posttypeid",
                                            "TotalPosts",
                                            "UniqueUsers",
                                            "UserId",
                                            "reputation",
                                            "UserTotalPosts",
                                            "TotalAnswers",
                                            "TotalQuestions",
                                            "tagname",
                                            "TagCount"
                                        ],
                                        "Estimated Cardinality": "4853879742360"
                                    },
                                    "cumulative_cardinality": 83026431,
                                    "operator_type": "PROJECTION",
                                    "operator_cardinality": 26014170,
                                    "cumulative_rows_scanned": 8962918,
                                    "operator_rows_scanned": 0,
                                    "operator_timing": 0.007514594000000642,
                                    "result_set_size": 2237218620,
                                    "children": [
                                        {
                                            "operator_name": "CROSS_PRODUCT",
                                            "cpu_time": 2.0325308900000003,
                                            "extra_info": {},
                                            "cumulative_cardinality": 57012261,
                                            "operator_type": "CROSS_PRODUCT",
                                            "operator_cardinality": 26014170,
                                            "cumulative_rows_scanned": 8962918,
                                            "operator_rows_scanned": 0,
                                            "operator_timing": 0.018077576999999578,
                                            "result_set_size": 2237218620,
                                            "children": [
                                                {
                                                    "operator_name": "CROSS_PRODUCT",
                                                    "cpu_time": 1.8332854680000008,
                                                    "extra_info": {},
                                                    "cumulative_cardinality": 19447729,
                                                    "operator_type": "CROSS_PRODUCT",
                                                    "operator_cardinality": 3716310,
                                                    "cumulative_rows_scanned": 5112802,
                                                    "operator_rows_scanned": 0,
                                                    "operator_timing": 0.0030064730000000043,
                                                    "result_set_size": 252709080,
                                                    "children": [
                                                        {
                                                            "operator_name": "FILTER",
                                                            "cpu_time": 1.829524734000001,
                                                            "extra_info": {
                                                                "Expression": "(TotalPosts > 0)",
                                                                "Estimated Cardinality": "252142"
                                                            },
                                                            "cumulative_cardinality": 15727457,
                                                            "operator_type": "FILTER",
                                                            "operator_cardinality": 371631,
                                                            "cumulative_rows_scanned": 5110826,
                                                            "operator_rows_scanned": 0,
                                                            "operator_timing": 0.0018776839999999988,
                                                            "result_set_size": 17838288,
                                                            "children": [
                                                                {
                                                                    "operator_name": "HASH_GROUP_BY",
                                                                    "cpu_time": 1.8276470500000008,
                                                                    "extra_info": {
                                                                        "Groups": [
                                                                            "#0",
                                                                            "#1"
                                                                        ],
                                                                        "Aggregates": [
                                                                            "count(DISTINCT #2)",
                                                                            "sum(#3)",
                                                                            "sum(#4)"
                                                                        ],
                                                                        "Estimated Cardinality": "1260710"
                                                                    },
                                                                    "cumulative_cardinality": 15355826,
                                                                    "operator_type": "HASH_GROUP_BY",
                                                                    "operator_cardinality": 1260710,
                                                                    "cumulative_rows_scanned": 5110826,
                                                                    "operator_rows_scanned": 0,
                                                                    "operator_timing": 1.0366796939999998,
                                                                    "result_set_size": 60514080,
                                                                    "children": [
                                                                        {
                                                                            "operator_name": "PROJECTION",
                                                                            "cpu_time": 0.7909673560000009,
                                                                            "extra_info": {
                                                                                "Projections": [
                                                                                    "id",
                                                                                    "reputation",
                                                                                    "id",
                                                                                    "CASE  WHEN ((posttypeid = 2)) THEN (1) ELSE 0 END",
                                                                                    "CASE  WHEN ((posttypeid = 1)) THEN (1) ELSE 0 END"
                                                                                ],
                                                                                "Estimated Cardinality": "3850116"
                                                                            },
                                                                            "cumulative_cardinality": 14095116,
                                                                            "operator_type": "PROJECTION",
                                                                            "operator_cardinality": 4574495,
                                                                            "cumulative_rows_scanned": 5110826,
                                                                            "operator_rows_scanned": 0,
                                                                            "operator_timing": 0.06095855799999999,
                                                                            "result_set_size": 91489900,
                                                                            "children": [
                                                                                {
                                                                                    "operator_name": "HASH_JOIN",
                                                                                    "cpu_time": 0.730008798000001,
                                                                                    "extra_info": {
                                                                                        "Join Type": "RIGHT",
                                                                                        "Conditions": "owneruserid = id",
                                                                                        "Estimated Cardinality": "3850116"
                                                                                    },
                                                                                    "cumulative_cardinality": 9520621,
                                                                                    "operator_type": "HASH_JOIN",
                                                                                    "operator_cardinality": 4574495,
                                                                                    "cumulative_rows_scanned": 5110826,
                                                                                    "operator_rows_scanned": 0,
                                                                                    "operator_timing": 0.27654107100000025,
                                                                                    "result_set_size": 64042930,
                                                                                    "children": [
                                                                                        {
                                                                                            "operator_name": "READ_PARQUET ",
                                                                                            "cpu_time": 0.13949068500000028,
                                                                                            "extra_info": {
                                                                                                "Function": "READ_PARQUET",
                                                                                                "Projections": [
                                                                                                    "id",
                                                                                                    "posttypeid",
                                                                                                    "owneruserid"
                                                                                                ],
                                                                                                "Estimated Cardinality": "3850116"
                                                                                            },
                                                                                            "cumulative_cardinality": 3685416,
                                                                                            "operator_type": "TABLE_SCAN",
                                                                                            "operator_cardinality": 3685416,
                                                                                            "cumulative_rows_scanned": 3850116,
                                                                                            "operator_rows_scanned": 3850116,
                                                                                            "operator_timing": 0.13949068500000028,
                                                                                            "result_set_size": 36854160,
                                                                                            "children": []
                                                                                        },
                                                                                        {
                                                                                            "operator_name": "READ_PARQUET ",
                                                                                            "cpu_time": 0.3139770420000004,
                                                                                            "extra_info": {
                                                                                                "Function": "READ_PARQUET",
                                                                                                "Projections": [
                                                                                                    "id",
                                                                                                    "reputation"
                                                                                                ],
                                                                                                "Estimated Cardinality": "1260710"
                                                                                            },
                                                                                            "cumulative_cardinality": 1260710,
                                                                                            "operator_type": "TABLE_SCAN",
                                                                                            "operator_cardinality": 1260710,
                                                                                            "cumulative_rows_scanned": 1260710,
                                                                                            "operator_rows_scanned": 1260710,
                                                                                            "operator_timing": 0.3139770420000004,
                                                                                            "result_set_size": 10085680,
                                                                                            "children": []
                                                                                        }
                                                                                    ]
                                                                                }
                                                                            ]
                                                                        }
                                                                    ]
                                                                }
                                                            ]
                                                        },
                                                        {
                                                            "operator_name": "STREAMING_LIMIT",
                                                            "cpu_time": 0.0007542610000000001,
                                                            "extra_info": {},
                                                            "cumulative_cardinality": 3962,
                                                            "operator_type": "STREAMING_LIMIT",
                                                            "operator_cardinality": 10,
                                                            "cumulative_rows_scanned": 1976,
                                                            "operator_rows_scanned": 0,
                                                            "operator_timing": 0.000001102,
                                                            "result_set_size": 200,
                                                            "children": [
                                                                {
                                                                    "operator_name": "ORDER_BY",
                                                                    "cpu_time": 0.0007531590000000001,
                                                                    "extra_info": {
                                                                        "Order By": "T.Count DESC"
                                                                    },
                                                                    "cumulative_cardinality": 3952,
                                                                    "operator_type": "ORDER_BY",
                                                                    "operator_cardinality": 1976,
                                                                    "cumulative_rows_scanned": 1976,
                                                                    "operator_rows_scanned": 0,
                                                                    "operator_timing": 0.000100529,
                                                                    "result_set_size": 39520,
                                                                    "children": [
                                                                        {
                                                                            "operator_name": "READ_PARQUET ",
                                                                            "cpu_time": 0.0006526300000000001,
                                                                            "extra_info": {
                                                                                "Function": "READ_PARQUET",
                                                                                "Projections": [
                                                                                    "tagname",
                                                                                    "count"
                                                                                ],
                                                                                "Estimated Cardinality": "1976"
                                                                            },
                                                                            "cumulative_cardinality": 1976,
                                                                            "operator_type": "TABLE_SCAN",
                                                                            "operator_cardinality": 1976,
                                                                            "cumulative_rows_scanned": 1976,
                                                                            "operator_rows_scanned": 1976,
                                                                            "operator_timing": 0.0006526300000000001,
                                                                            "result_set_size": 39520,
                                                                            "children": []
                                                                        }
                                                                    ]
                                                                }
                                                            ]
                                                        }
                                                    ]
                                                },
                                                {
                                                    "operator_name": "PROJECTION",
                                                    "cpu_time": 0.1811678449999999,
                                                    "extra_info": {
                                                        "Projections": [
                                                            "__internal_decompress_integral_smallint(#0, 1)",
                                                            "#1",
                                                            "#2"
                                                        ],
                                                        "Estimated Cardinality": "1925058"
                                                    },
                                                    "cumulative_cardinality": 11550362,
                                                    "operator_type": "PROJECTION",
                                                    "operator_cardinality": 7,
                                                    "cumulative_rows_scanned": 3850116,
                                                    "operator_rows_scanned": 0,
                                                    "operator_timing": 0.000001743,
                                                    "result_set_size": 126,
                                                    "children": [
                                                        {
                                                            "operator_name": "HASH_GROUP_BY",
                                                            "cpu_time": 0.1811661019999999,
                                                            "extra_info": {
                                                                "Groups": "#0",
                                                                "Aggregates": [
                                                                    "count_star()",
                                                                    "count(DISTINCT #1)"
                                                                ],
                                                                "Estimated Cardinality": "1925058"
                                                            },
                                                            "cumulative_cardinality": 11550355,
                                                            "operator_type": "HASH_GROUP_BY",
                                                            "operator_cardinality": 7,
                                                            "cumulative_rows_scanned": 3850116,
                                                            "operator_rows_scanned": 0,
                                                            "operator_timing": 0.14255574099999996,
                                                            "result_set_size": 119,
                                                            "children": [
                                                                {
                                                                    "operator_name": "PROJECTION",
                                                                    "cpu_time": 0.03861036099999995,
                                                                    "extra_info": {
                                                                        "Projections": [
                                                                            "posttypeid",
                                                                            "owneruserid"
                                                                        ],
                                                                        "Estimated Cardinality": "3850116"
                                                                    },
                                                                    "cumulative_cardinality": 11550348,
                                                                    "operator_type": "PROJECTION",
                                                                    "operator_cardinality": 3850116,
                                                                    "cumulative_rows_scanned": 3850116,
                                                                    "operator_rows_scanned": 0,
                                                                    "operator_timing": 0.0003188330000000008,
                                                                    "result_set_size": 19250580,
                                                                    "children": [
                                                                        {
                                                                            "operator_name": "PROJECTION",
                                                                            "cpu_time": 0.03829152799999995,
                                                                            "extra_info": {
                                                                                "Projections": [
                                                                                    "__internal_compress_integral_utinyint(#0, 1)",
                                                                                    "#1"
                                                                                ],
                                                                                "Estimated Cardinality": "3850116"
                                                                            },
                                                                            "cumulative_cardinality": 7700232,
                                                                            "operator_type": "PROJECTION",
                                                                            "operator_cardinality": 3850116,
                                                                            "cumulative_rows_scanned": 3850116,
                                                                            "operator_rows_scanned": 0,
                                                                            "operator_timing": 0.0013125919999999994,
                                                                            "result_set_size": 19250580,
                                                                            "children": [
                                                                                {
                                                                                    "operator_name": "READ_PARQUET ",
                                                                                    "cpu_time": 0.03697893599999995,
                                                                                    "extra_info": {
                                                                                        "Function": "READ_PARQUET",
                                                                                        "Projections": [
                                                                                            "posttypeid",
                                                                                            "owneruserid"
                                                                                        ],
                                                                                        "Estimated Cardinality": "3850116"
                                                                                    },
                                                                                    "cumulative_cardinality": 3850116,
                                                                                    "operator_type": "TABLE_SCAN",
                                                                                    "operator_cardinality": 3850116,
                                                                                    "cumulative_rows_scanned": 3850116,
                                                                                    "operator_rows_scanned": 3850116,
                                                                                    "operator_timing": 0.03697893599999995,
                                                                                    "result_set_size": 23100696,
                                                                                    "children": []
                                                                                }
                                                                            ]
                                                                        }
                                                                    ]
                                                                }
                                                            ]
                                                        }
                                                    ]
                                                }
                                            ]
                                        }
                                    ]
                                }
                            ]
                        }
                    ]
                }
            ]
        }
    ]
}