{
    "rows_returned": 21791,
    "query_name": "\nSELECT \n    P.Id AS PostId,\n    P.Title,\n    P.CreationDate,\n    U.DisplayName AS OwnerDisplayName,\n    COUNT(CM.Id) AS TotalComments,\n    COUNT(V.Id) AS TotalVotes,\n    SUM(CASE WHEN VT.Name = 'UpMod' THEN 1 ELSE 0 END) AS UpVotes,\n    SUM(CASE WHEN VT.Name = 'DownMod' THEN 1 ELSE 0 END) AS DownVotes,\n    P.ViewCount,\n    P.Score,\n    P.AnswerCount,\n    P.CommentCount,\n    PH.CreationDate AS LastEditDate,\n    PH.UserDisplayName AS LastEditor\nFROM \n    Posts P\nLEFT JOIN \n    Comments CM ON P.Id = CM.PostId\nLEFT JOIN \n    Votes V ON P.Id = V.PostId\nLEFT JOIN \n    VoteTypes VT ON V.VoteTypeId = VT.Id\nLEFT JOIN \n    PostHistory PH ON P.Id = PH.PostId\nLEFT JOIN \n    Users U ON P.OwnerUserId = U.Id\nWHERE \n    P.CreationDate > (CAST('2024-10-01 12:34:56' AS TIMESTAMP) - INTERVAL '30 days')  \nGROUP BY \n    P.Id, \n    P.Title,\n    P.CreationDate,\n    U.DisplayName, \n    P.ViewCount,\n    P.Score,\n    P.AnswerCount,\n    P.CommentCount,\n    PH.CreationDate, \n    PH.UserDisplayName\nORDER BY \n    P.CreationDate DESC;\n",
    "blocked_thread_time": 0.0,
    "cpu_time": 5.486624834000007,
    "extra_info": {},
    "cumulative_cardinality": 40367597,
    "cumulative_rows_scanned": 36892000,
    "result_set_size": 2876412,
    "latency": 5.938212773,
    "children": [
        {
            "operator_name": "PROJECTION",
            "cpu_time": 5.486624834000007,
            "extra_info": {
                "Projections": [
                    "#0",
                    "#1",
                    "#2",
                    "#3",
                    "#4",
                    "#5",
                    "#6",
                    "#7",
                    "#8",
                    "__internal_decompress_integral_integer(#9, -72)",
                    "__internal_decompress_integral_integer(#10, 0)",
                    "__internal_decompress_integral_integer(#11, 0)",
                    "#12",
                    "#13"
                ],
                "Estimated Cardinality": "3850116"
            },
            "cumulative_cardinality": 40367597,
            "operator_type": "PROJECTION",
            "operator_cardinality": 21791,
            "cumulative_rows_scanned": 36892000,
            "operator_rows_scanned": 0,
            "operator_timing": 0.00009575100000000001,
            "result_set_size": 2876412,
            "children": [
                {
                    "operator_name": "ORDER_BY",
                    "cpu_time": 5.486529083000007,
                    "extra_info": {
                        "Order By": "P.CreationDate DESC"
                    },
                    "cumulative_cardinality": 40345806,
                    "operator_type": "ORDER_BY",
                    "operator_cardinality": 21791,
                    "cumulative_rows_scanned": 36892000,
                    "operator_rows_scanned": 0,
                    "operator_timing": 0.002999563,
                    "result_set_size": 2702084,
                    "children": [
                        {
                            "operator_name": "PROJECTION",
                            "cpu_time": 5.4835295200000065,
                            "extra_info": {
                                "Projections": [
                                    "#0",
                                    "#1",
                                    "#2",
                                    "#3",
                                    "#4",
                                    "#5",
                                    "#6",
                                    "#7",
                                    "#8",
                                    "__internal_compress_integral_usmallint(#9, -72)",
                                    "__internal_compress_integral_utinyint(#10, 0)",
                                    "__internal_compress_integral_utinyint(#11, 0)",
                                    "#12",
                                    "#13"
                                ],
                                "Estimated Cardinality": "3850116"
                            },
                            "cumulative_cardinality": 40324015,
                            "operator_type": "PROJECTION",
                            "operator_cardinality": 21791,
                            "cumulative_rows_scanned": 36892000,
                            "operator_rows_scanned": 0,
                            "operator_timing": 0.00010164600000000001,
                            "result_set_size": 2702084,
                            "children": [
                                {
                                    "operator_name": "PROJECTION",
                                    "cpu_time": 5.483427874000006,
                                    "extra_info": {
                                        "Projections": [
                                            "PostId",
                                            "title",
                                            "creationdate",
                                            "OwnerDisplayName",
                                            "TotalComments",
                                            "TotalVotes",
                                            "UpVotes",
                                            "DownVotes",
                                            "viewcount",
                                            "score",
                                            "answercount",
                                            "commentcount",
                                            "LastEditDate",
                                            "LastEditor"
                                        ],
                                        "Estimated Cardinality": "3850116"
                                    },
                                    "cumulative_cardinality": 40302224,
                                    "operator_type": "PROJECTION",
                                    "operator_cardinality": 21791,
                                    "cumulative_rows_scanned": 36892000,
                                    "operator_rows_scanned": 0,
                                    "operator_timing": 0.000010259,
                                    "result_set_size": 2876412,
                                    "children": [
                                        {
                                            "operator_name": "PROJECTION",
                                            "cpu_time": 5.483417615000007,
                                            "extra_info": {
                                                "Projections": [
                                                    "#0",
                                                    "#1",
                                                    "#2",
                                                    "#3",
                                                    "#4",
                                                    "__internal_decompress_integral_integer(#5, -72)",
                                                    "__internal_decompress_integral_integer(#6, 0)",
                                                    "__internal_decompress_integral_integer(#7, 0)",
                                                    "#8",
                                                    "#9",
                                                    "#10",
                                                    "#11",
                                                    "#12",
                                                    "#13"
                                                ],
                                                "Estimated Cardinality": "3850116"
                                            },
                                            "cumulative_cardinality": 40280433,
                                            "operator_type": "PROJECTION",
                                            "operator_cardinality": 21791,
                                            "cumulative_rows_scanned": 36892000,
                                            "operator_rows_scanned": 0,
                                            "operator_timing": 0.00010885400000000001,
                                            "result_set_size": 2876412,
                                            "children": [
                                                {
                                                    "operator_name": "HASH_GROUP_BY",
                                                    "cpu_time": 5.483308761000007,
                                                    "extra_info": {
                                                        "Groups": [
                                                            "#0",
                                                            "#1",
                                                            "#2",
                                                            "#3",
                                                            "#4",
                                                            "#5",
                                                            "#6",
                                                            "#7",
                                                            "#8",
                                                            "#9"
                                                        ],
                                                        "Aggregates": [
                                                            "count(#10)",
                                                            "count(#11)",
                                                            "sum(#12)",
                                                            "sum(#13)"
                                                        ],
                                                        "Estimated Cardinality": "3850116"
                                                    },
                                                    "cumulative_cardinality": 40258642,
                                                    "operator_type": "HASH_GROUP_BY",
                                                    "operator_cardinality": 21791,
                                                    "cumulative_rows_scanned": 36892000,
                                                    "operator_rows_scanned": 0,
                                                    "operator_timing": 0.05028164200000002,
                                                    "result_set_size": 2702084,
                                                    "children": [
                                                        {
                                                            "operator_name": "PROJECTION",
                                                            "cpu_time": 5.433027119000007,
                                                            "extra_info": {
                                                                "Projections": [
                                                                    "id",
                                                                    "title",
                                                                    "creationdate",
                                                                    "displayname",
                                                                    "viewcount",
                                                                    "score",
                                                                    "answercount",
                                                                    "commentcount",
                                                                    "creationdate",
                                                                    "userdisplayname",
                                                                    "id",
                                                                    "id",
                                                                    "CASE  WHEN ((name = 'UpMod')) THEN (1) ELSE 0 END",
                                                                    "CASE  WHEN ((name = 'DownMod')) THEN (1) ELSE 0 END"
                                                                ],
                                                                "Estimated Cardinality": "12744093"
                                                            },
                                                            "cumulative_cardinality": 40236851,
                                                            "operator_type": "PROJECTION",
                                                            "operator_cardinality": 358041,
                                                            "cumulative_rows_scanned": 36892000,
                                                            "operator_rows_scanned": 0,
                                                            "operator_timing": 0.004398527000000002,
                                                            "result_set_size": 32939772,
                                                            "children": [
                                                                {
                                                                    "operator_name": "PROJECTION",
                                                                    "cpu_time": 5.428628592000007,
                                                                    "extra_info": {
                                                                        "Projections": [
                                                                            "#1",
                                                                            "#2",
                                                                            "__internal_compress_integral_usmallint(#3, -72)",
                                                                            "#4",
                                                                            "#5",
                                                                            "__internal_compress_integral_utinyint(#6, 0)",
                                                                            "__internal_compress_integral_utinyint(#7, 0)",
                                                                            "#0",
                                                                            "#8",
                                                                            "#9",
                                                                            "#10",
                                                                            "#11",
                                                                            "#12"
                                                                        ],
                                                                        "Estimated Cardinality": "12744093"
                                                                    },
                                                                    "cumulative_cardinality": 39878810,
                                                                    "operator_type": "PROJECTION",
                                                                    "operator_cardinality": 358041,
                                                                    "cumulative_rows_scanned": 36892000,
                                                                    "operator_rows_scanned": 0,
                                                                    "operator_timing": 0.0025742089999999987,
                                                                    "result_set_size": 35804100,
                                                                    "children": [
                                                                        {
                                                                            "operator_name": "HASH_JOIN",
                                                                            "cpu_time": 5.426054383000007,
                                                                            "extra_info": {
                                                                                "Join Type": "LEFT",
                                                                                "Conditions": "owneruserid = id",
                                                                                "Estimated Cardinality": "12744093"
                                                                            },
                                                                            "cumulative_cardinality": 39520769,
                                                                            "operator_type": "HASH_JOIN",
                                                                            "operator_cardinality": 358041,
                                                                            "cumulative_rows_scanned": 36892000,
                                                                            "operator_rows_scanned": 0,
                                                                            "operator_timing": 0.122894667,
                                                                            "result_set_size": 38668428,
                                                                            "children": [
                                                                                {
                                                                                    "operator_name": "HASH_JOIN",
                                                                                    "cpu_time": 4.6071190060000085,
                                                                                    "extra_info": {
                                                                                        "Join Type": "LEFT",
                                                                                        "Conditions": "id = postid",
                                                                                        "Estimated Cardinality": "12744093"
                                                                                    },
                                                                                    "cumulative_cardinality": 37902018,
                                                                                    "operator_type": "HASH_JOIN",
                                                                                    "operator_cardinality": 358041,
                                                                                    "cumulative_rows_scanned": 35631290,
                                                                                    "operator_rows_scanned": 0,
                                                                                    "operator_timing": 1.0883556230000022,
                                                                                    "result_set_size": 34371936,
                                                                                    "children": [
                                                                                        {
                                                                                            "operator_name": "HASH_JOIN",
                                                                                            "cpu_time": 1.9950767240000007,
                                                                                            "extra_info": {
                                                                                                "Join Type": "LEFT",
                                                                                                "Conditions": "votetypeid = id",
                                                                                                "Estimated Cardinality": "12744093"
                                                                                            },
                                                                                            "cumulative_cardinality": 25748733,
                                                                                            "operator_type": "HASH_JOIN",
                                                                                            "operator_cardinality": 69092,
                                                                                            "cumulative_rows_scanned": 23836046,
                                                                                            "operator_rows_scanned": 0,
                                                                                            "operator_timing": 0.0025119319999999997,
                                                                                            "result_set_size": 4974624,
                                                                                            "children": [
                                                                                                {
                                                                                                    "operator_name": "PROJECTION",
                                                                                                    "cpu_time": 1.9919709830000007,
                                                                                                    "extra_info": {
                                                                                                        "Projections": [
                                                                                                            "#0",
                                                                                                            "#1",
                                                                                                            "#2",
                                                                                                            "#3",
                                                                                                            "#4",
                                                                                                            "#5",
                                                                                                            "#6",
                                                                                                            "#7",
                                                                                                            "#8",
                                                                                                            "#9",
                                                                                                            "__internal_decompress_integral_smallint(#10, 1)"
                                                                                                        ],
                                                                                                        "Estimated Cardinality": "12744093"
                                                                                                    },
                                                                                                    "cumulative_cardinality": 25679626,
                                                                                                    "operator_type": "PROJECTION",
                                                                                                    "operator_cardinality": 69092,
                                                                                                    "cumulative_rows_scanned": 23836031,
                                                                                                    "operator_rows_scanned": 0,
                                                                                                    "operator_timing": 0.00011854600000000003,
                                                                                                    "result_set_size": 4007336,
                                                                                                    "children": [
                                                                                                        {
                                                                                                            "operator_name": "HASH_JOIN",
                                                                                                            "cpu_time": 1.9918524370000008,
                                                                                                            "extra_info": {
                                                                                                                "Join Type": "LEFT",
                                                                                                                "Conditions": "id = postid",
                                                                                                                "Estimated Cardinality": "12744093"
                                                                                                            },
                                                                                                            "cumulative_cardinality": 25610534,
                                                                                                            "operator_type": "HASH_JOIN",
                                                                                                            "operator_cardinality": 69092,
                                                                                                            "cumulative_rows_scanned": 23836031,
                                                                                                            "operator_rows_scanned": 0,
                                                                                                            "operator_timing": 0.9639303310000009,
                                                                                                            "result_set_size": 3938244,
                                                                                                            "children": [
                                                                                                                {
                                                                                                                    "operator_name": "HASH_JOIN",
                                                                                                                    "cpu_time": 0.6391662799999999,
                                                                                                                    "extra_info": {
                                                                                                                        "Join Type": "RIGHT",
                                                                                                                        "Conditions": "postid = id",
                                                                                                                        "Estimated Cardinality": "7241822"
                                                                                                                    },
                                                                                                                    "cumulative_cardinality": 53256,
                                                                                                                    "operator_type": "HASH_JOIN",
                                                                                                                    "operator_cardinality": 23844,
                                                                                                                    "cumulative_rows_scanned": 11091938,
                                                                                                                    "operator_rows_scanned": 0,
                                                                                                                    "operator_timing": 0.004017153,
                                                                                                                    "result_set_size": 1239888,
                                                                                                                    "children": [
                                                                                                                        {
                                                                                                                            "operator_name": "READ_PARQUET ",
                                                                                                                            "cpu_time": 0.018129261,
                                                                                                                            "extra_info": {
                                                                                                                                "Function": "READ_PARQUET",
                                                                                                                                "Projections": [
                                                                                                                                    "id",
                                                                                                                                    "postid"
                                                                                                                                ],
                                                                                                                                "Estimated Cardinality": "7241822"
                                                                                                                            },
                                                                                                                            "cumulative_cardinality": 19485,
                                                                                                                            "operator_type": "TABLE_SCAN",
                                                                                                                            "operator_cardinality": 19485,
                                                                                                                            "cumulative_rows_scanned": 7241822,
                                                                                                                            "operator_rows_scanned": 7241822,
                                                                                                                            "operator_timing": 0.018129261,
                                                                                                                            "result_set_size": 155880,
                                                                                                                            "children": []
                                                                                                                        },
                                                                                                                        {
                                                                                                                            "operator_name": "READ_PARQUET ",
                                                                                                                            "cpu_time": 0.6170198659999999,
                                                                                                                            "extra_info": {
                                                                                                                                "Function": "READ_PARQUET",
                                                                                                                                "Projections": [
                                                                                                                                    "id",
                                                                                                                                    "creationdate",
                                                                                                                                    "score",
                                                                                                                                    "viewcount",
                                                                                                                                    "owneruserid",
                                                                                                                                    "title",
                                                                                                                                    "answercount",
                                                                                                                                    "commentcount"
                                                                                                                                ],
                                                                                                                                "Filters": "creationdate>'2024-09-01 12:34:56'::TIMESTAMP",
                                                                                                                                "Estimated Cardinality": "770023"
                                                                                                                            },
                                                                                                                            "cumulative_cardinality": 9927,
                                                                                                                            "operator_type": "TABLE_SCAN",
                                                                                                                            "operator_cardinality": 9927,
                                                                                                                            "cumulative_rows_scanned": 3850116,
                                                                                                                            "operator_rows_scanned": 3850116,
                                                                                                                            "operator_timing": 0.6170198659999999,
                                                                                                                            "result_set_size": 476496,
                                                                                                                            "children": []
                                                                                                                        }
                                                                                                                    ]
                                                                                                                },
                                                                                                                {
                                                                                                                    "operator_name": "PROJECTION",
                                                                                                                    "cpu_time": 0.38875582600000025,
                                                                                                                    "extra_info": {
                                                                                                                        "Projections": [
                                                                                                                            "#0",
                                                                                                                            "#1",
                                                                                                                            "__internal_compress_integral_utinyint(#2, 1)"
                                                                                                                        ],
                                                                                                                        "Estimated Cardinality": "12744093"
                                                                                                                    },
                                                                                                                    "cumulative_cardinality": 25488186,
                                                                                                                    "operator_type": "PROJECTION",
                                                                                                                    "operator_cardinality": 12744093,
                                                                                                                    "cumulative_rows_scanned": 12744093,
                                                                                                                    "operator_rows_scanned": 0,
                                                                                                                    "operator_timing": 0.00682956900000002,
                                                                                                                    "result_set_size": 114696837,
                                                                                                                    "children": [
                                                                                                                        {
                                                                                                                            "operator_name": "READ_PARQUET ",
                                                                                                                            "cpu_time": 0.3819262570000002,
                                                                                                                            "extra_info": {
                                                                                                                                "Function": "READ_PARQUET",
                                                                                                                                "Projections": [
                                                                                                                                    "id",
                                                                                                                                    "postid",
                                                                                                                                    "votetypeid"
                                                                                                                                ],
                                                                                                                                "Estimated Cardinality": "12744093"
                                                                                                                            },
                                                                                                                            "cumulative_cardinality": 12744093,
                                                                                                                            "operator_type": "TABLE_SCAN",
                                                                                                                            "operator_cardinality": 12744093,
                                                                                                                            "cumulative_rows_scanned": 12744093,
                                                                                                                            "operator_rows_scanned": 12744093,
                                                                                                                            "operator_timing": 0.3819262570000002,
                                                                                                                            "result_set_size": 127440930,
                                                                                                                            "children": []
                                                                                                                        }
                                                                                                                    ]
                                                                                                                }
                                                                                                            ]
                                                                                                        }
                                                                                                    ]
                                                                                                },
                                                                                                {
                                                                                                    "operator_name": "READ_PARQUET ",
                                                                                                    "cpu_time": 0.000593809,
                                                                                                    "extra_info": {
                                                                                                        "Function": "READ_PARQUET",
                                                                                                        "Projections": [
                                                                                                            "id",
                                                                                                            "name"
                                                                                                        ],
                                                                                                        "Estimated Cardinality": "15"
                                                                                                    },
                                                                                                    "cumulative_cardinality": 15,
                                                                                                    "operator_type": "TABLE_SCAN",
                                                                                                    "operator_cardinality": 15,
                                                                                                    "cumulative_rows_scanned": 15,
                                                                                                    "operator_rows_scanned": 15,
                                                                                                    "operator_timing": 0.000593809,
                                                                                                    "result_set_size": 270,
                                                                                                    "children": []
                                                                                                }
                                                                                            ]
                                                                                        },
                                                                                        {
                                                                                            "operator_name": "READ_PARQUET ",
                                                                                            "cpu_time": 1.5236866590000049,
                                                                                            "extra_info": {
                                                                                                "Function": "READ_PARQUET",
                                                                                                "Projections": [
                                                                                                    "postid",
                                                                                                    "creationdate",
                                                                                                    "userdisplayname"
                                                                                                ],
                                                                                                "Estimated Cardinality": "11795244"
                                                                                            },
                                                                                            "cumulative_cardinality": 11795244,
                                                                                            "operator_type": "TABLE_SCAN",
                                                                                            "operator_cardinality": 11795244,
                                                                                            "cumulative_rows_scanned": 11795244,
                                                                                            "operator_rows_scanned": 11795244,
                                                                                            "operator_timing": 1.5236866590000049,
                                                                                            "result_set_size": 330266832,
                                                                                            "children": []
                                                                                        }
                                                                                    ]
                                                                                },
                                                                                {
                                                                                    "operator_name": "READ_PARQUET ",
                                                                                    "cpu_time": 0.6960407099999996,
                                                                                    "extra_info": {
                                                                                        "Function": "READ_PARQUET",
                                                                                        "Projections": [
                                                                                            "id",
                                                                                            "displayname"
                                                                                        ],
                                                                                        "Estimated Cardinality": "1260710"
                                                                                    },
                                                                                    "cumulative_cardinality": 1260710,
                                                                                    "operator_type": "TABLE_SCAN",
                                                                                    "operator_cardinality": 1260710,
                                                                                    "cumulative_rows_scanned": 1260710,
                                                                                    "operator_rows_scanned": 1260710,
                                                                                    "operator_timing": 0.6960407099999996,
                                                                                    "result_set_size": 25214200,
                                                                                    "children": []
                                                                                }
                                                                            ]
                                                                        }
                                                                    ]
                                                                }
                                                            ]
                                                        }
                                                    ]
                                                }
                                            ]
                                        }
                                    ]
                                }
                            ]
                        }
                    ]
                }
            ]
        }
    ]
}