{
    "rows_returned": 98,
    "query_name": "WITH PostStats AS (\n    SELECT \n        PostTypeId,\n        COUNT(*) AS PostCount,\n        SUM(ViewCount) AS TotalViews,\n        AVG(Score) AS AverageScore,\n        COUNT(DISTINCT OwnerUserId) AS UniquePostOwners\n    FROM \n        Posts\n    GROUP BY \n        PostTypeId\n),\nUserStats AS (\n    SELECT \n        COUNT(*) AS TotalUsers,\n        AVG(Reputation) AS AverageReputation,\n        SUM(UpVotes + DownVotes) AS TotalVotes\n    FROM \n        Users\n),\nVoteStats AS (\n    SELECT \n        VoteTypeId,\n        COUNT(*) AS VoteCount\n    FROM \n        Votes\n    GROUP BY \n        VoteTypeId\n)\nSELECT \n    PS.PostTypeId,\n    PS.PostCount,\n    PS.TotalViews,\n    PS.AverageScore,\n    PS.UniquePostOwners,\n    US.TotalUsers,\n    US.AverageReputation,\n    US.TotalVotes,\n    VS.VoteTypeId,\n    VS.VoteCount\nFROM \n    PostStats PS\nCROSS JOIN \n    UserStats US\nJOIN \n    VoteStats VS ON VS.VoteTypeId IN (1, 2, 3, 4, 5, 6, 7, 8, 9, 10, 11, 12, 14, 15, 16)\nORDER BY \n    PS.PostTypeId, VS.VoteTypeId;",
    "blocked_thread_time": 0.0,
    "cpu_time": 0.659543064999996,
    "extra_info": {},
    "cumulative_cardinality": 90536888,
    "cumulative_rows_scanned": 17854919,
    "result_set_size": 8232,
    "latency": 0.852896808,
    "children": [
        {
            "operator_name": "PROJECTION",
            "cpu_time": 0.659543064999996,
            "extra_info": {
                "Projections": [
                    "__internal_decompress_integral_smallint(#0, 1)",
                    "#1",
                    "#2",
                    "#3",
                    "#4",
                    "#5",
                    "#6",
                    "#7",
                    "__internal_decompress_integral_smallint(#8, 1)",
                    "#9"
                ],
                "Estimated Cardinality": "2453311240722"
            },
            "cumulative_cardinality": 90536888,
            "operator_type": "PROJECTION",
            "operator_cardinality": 98,
            "cumulative_rows_scanned": 17854919,
            "operator_rows_scanned": 0,
            "operator_timing": 0.000001743,
            "result_set_size": 8232,
            "children": [
                {
                    "operator_name": "ORDER_BY",
                    "cpu_time": 0.659541321999996,
                    "extra_info": {
                        "Order By": [
                            "PS.PostTypeId ASC",
                            "VS.VoteTypeId ASC"
                        ]
                    },
                    "cumulative_cardinality": 90536790,
                    "operator_type": "ORDER_BY",
                    "operator_cardinality": 98,
                    "cumulative_rows_scanned": 17854919,
                    "operator_rows_scanned": 0,
                    "operator_timing": 0.000030177,
                    "result_set_size": 8036,
                    "children": [
                        {
                            "operator_name": "PROJECTION",
                            "cpu_time": 0.6595111449999961,
                            "extra_info": {
                                "Projections": [
                                    "__internal_compress_integral_utinyint(#0, 1)",
                                    "#1",
                                    "#2",
                                    "#3",
                                    "#4",
                                    "#5",
                                    "#6",
                                    "#7",
                                    "__internal_compress_integral_utinyint(#8, 1)",
                                    "#9"
                                ],
                                "Estimated Cardinality": "2453311240722"
                            },
                            "cumulative_cardinality": 90536692,
                            "operator_type": "PROJECTION",
                            "operator_cardinality": 98,
                            "cumulative_rows_scanned": 17854919,
                            "operator_rows_scanned": 0,
                            "operator_timing": 0.000001753,
                            "result_set_size": 8036,
                            "children": [
                                {
                                    "operator_name": "PROJECTION",
                                    "cpu_time": 0.659509391999996,
                                    "extra_info": {
                                        "Projections": [
                                            "posttypeid",
                                            "PostCount",
                                            "TotalViews",
                                            "AverageScore",
                                            "UniquePostOwners",
                                            "TotalUsers",
                                            "AverageReputation",
                                            "TotalVotes",
                                            "votetypeid",
                                            "VoteCount"
                                        ],
                                        "Estimated Cardinality": "2453311240722"
                                    },
                                    "cumulative_cardinality": 90536594,
                                    "operator_type": "PROJECTION",
                                    "operator_cardinality": 98,
                                    "cumulative_rows_scanned": 17854919,
                                    "operator_rows_scanned": 0,
                                    "operator_timing": 7.82e-7,
                                    "result_set_size": 8232,
                                    "children": [
                                        {
                                            "operator_name": "CROSS_PRODUCT",
                                            "cpu_time": 0.659508609999996,
                                            "extra_info": {},
                                            "cumulative_cardinality": 90536496,
                                            "operator_type": "CROSS_PRODUCT",
                                            "operator_cardinality": 98,
                                            "cumulative_rows_scanned": 17854919,
                                            "operator_rows_scanned": 0,
                                            "operator_timing": 0.000059442,
                                            "result_set_size": 8232,
                                            "children": [
                                                {
                                                    "operator_name": "PROJECTION",
                                                    "cpu_time": 0.26721445299999974,
                                                    "extra_info": {
                                                        "Projections": [
                                                            "__internal_decompress_integral_smallint(#0, 1)",
                                                            "#1",
                                                            "#2",
                                                            "#3",
                                                            "#4"
                                                        ],
                                                        "Estimated Cardinality": "1925058"
                                                    },
                                                    "cumulative_cardinality": 11550362,
                                                    "operator_type": "PROJECTION",
                                                    "operator_cardinality": 7,
                                                    "cumulative_rows_scanned": 3850116,
                                                    "operator_rows_scanned": 0,
                                                    "operator_timing": 0.000002013,
                                                    "result_set_size": 294,
                                                    "children": [
                                                        {
                                                            "operator_name": "HASH_GROUP_BY",
                                                            "cpu_time": 0.2672124399999997,
                                                            "extra_info": {
                                                                "Groups": "#0",
                                                                "Aggregates": [
                                                                    "count_star()",
                                                                    "sum(#1)",
                                                                    "avg(#2)",
                                                                    "count(DISTINCT #3)"
                                                                ],
                                                                "Estimated Cardinality": "1925058"
                                                            },
                                                            "cumulative_cardinality": 11550355,
                                                            "operator_type": "HASH_GROUP_BY",
                                                            "operator_cardinality": 7,
                                                            "cumulative_rows_scanned": 3850116,
                                                            "operator_rows_scanned": 0,
                                                            "operator_timing": 0.18115934799999991,
                                                            "result_set_size": 287,
                                                            "children": [
                                                                {
                                                                    "operator_name": "PROJECTION",
                                                                    "cpu_time": 0.08605309199999982,
                                                                    "extra_info": {
                                                                        "Projections": [
                                                                            "posttypeid",
                                                                            "viewcount",
                                                                            "score",
                                                                            "owneruserid"
                                                                        ],
                                                                        "Estimated Cardinality": "3850116"
                                                                    },
                                                                    "cumulative_cardinality": 11550348,
                                                                    "operator_type": "PROJECTION",
                                                                    "operator_cardinality": 3850116,
                                                                    "cumulative_rows_scanned": 3850116,
                                                                    "operator_rows_scanned": 0,
                                                                    "operator_timing": 0.0005382210000000014,
                                                                    "result_set_size": 50051508,
                                                                    "children": [
                                                                        {
                                                                            "operator_name": "PROJECTION",
                                                                            "cpu_time": 0.08551487099999981,
                                                                            "extra_info": {
                                                                                "Projections": [
                                                                                    "__internal_compress_integral_utinyint(#0, 1)",
                                                                                    "#1",
                                                                                    "#2",
                                                                                    "#3"
                                                                                ],
                                                                                "Estimated Cardinality": "3850116"
                                                                            },
                                                                            "cumulative_cardinality": 7700232,
                                                                            "operator_type": "PROJECTION",
                                                                            "operator_cardinality": 3850116,
                                                                            "cumulative_rows_scanned": 3850116,
                                                                            "operator_rows_scanned": 0,
                                                                            "operator_timing": 0.0015667480000000021,
                                                                            "result_set_size": 50051508,
                                                                            "children": [
                                                                                {
                                                                                    "operator_name": "READ_PARQUET ",
                                                                                    "cpu_time": 0.0839481229999998,
                                                                                    "extra_info": {
                                                                                        "Function": "READ_PARQUET",
                                                                                        "Projections": [
                                                                                            "posttypeid",
                                                                                            "score",
                                                                                            "viewcount",
                                                                                            "owneruserid"
                                                                                        ],
                                                                                        "Estimated Cardinality": "3850116"
                                                                                    },
                                                                                    "cumulative_cardinality": 3850116,
                                                                                    "operator_type": "TABLE_SCAN",
                                                                                    "operator_cardinality": 3850116,
                                                                                    "cumulative_rows_scanned": 3850116,
                                                                                    "operator_rows_scanned": 3850116,
                                                                                    "operator_timing": 0.0839481229999998,
                                                                                    "result_set_size": 53901624,
                                                                                    "children": []
                                                                                }
                                                                            ]
                                                                        }
                                                                    ]
                                                                }
                                                            ]
                                                        }
                                                    ]
                                                },
                                                {
                                                    "operator_name": "CROSS_PRODUCT",
                                                    "cpu_time": 0.39223471499999635,
                                                    "extra_info": {},
                                                    "cumulative_cardinality": 78986036,
                                                    "operator_type": "CROSS_PRODUCT",
                                                    "operator_cardinality": 14,
                                                    "cumulative_rows_scanned": 14004803,
                                                    "operator_rows_scanned": 0,
                                                    "operator_timing": 0.000019917000000000003,
                                                    "result_set_size": 588,
                                                    "children": [
                                                        {
                                                            "operator_name": "PROJECTION",
                                                            "cpu_time": 0.36005268999999634,
                                                            "extra_info": {
                                                                "Projections": [
                                                                    "__internal_decompress_integral_smallint(#0, 1)",
                                                                    "#1"
                                                                ],
                                                                "Estimated Cardinality": "1274409"
                                                            },
                                                            "cumulative_cardinality": 76464601,
                                                            "operator_type": "PROJECTION",
                                                            "operator_cardinality": 14,
                                                            "cumulative_rows_scanned": 12744093,
                                                            "operator_rows_scanned": 0,
                                                            "operator_timing": 0.000001493,
                                                            "result_set_size": 140,
                                                            "children": [
                                                                {
                                                                    "operator_name": "PERFECT_HASH_GROUP_BY",
                                                                    "cpu_time": 0.3600511969999963,
                                                                    "extra_info": {
                                                                        "Groups": "#0",
                                                                        "Aggregates": "count_star()"
                                                                    },
                                                                    "cumulative_cardinality": 76464587,
                                                                    "operator_type": "PERFECT_HASH_GROUP_BY",
                                                                    "operator_cardinality": 14,
                                                                    "cumulative_rows_scanned": 12744093,
                                                                    "operator_rows_scanned": 0,
                                                                    "operator_timing": 0.0722019199999998,
                                                                    "result_set_size": 126,
                                                                    "children": [
                                                                        {
                                                                            "operator_name": "PROJECTION",
                                                                            "cpu_time": 0.2878492769999965,
                                                                            "extra_info": {
                                                                                "Projections": "votetypeid",
                                                                                "Estimated Cardinality": "2548818"
                                                                            },
                                                                            "cumulative_cardinality": 76464573,
                                                                            "operator_type": "PROJECTION",
                                                                            "operator_cardinality": 12744093,
                                                                            "cumulative_rows_scanned": 12744093,
                                                                            "operator_rows_scanned": 0,
                                                                            "operator_timing": 0.0006760129999999615,
                                                                            "result_set_size": 12744093,
                                                                            "children": [
                                                                                {
                                                                                    "operator_name": "PROJECTION",
                                                                                    "cpu_time": 0.28717326399999654,
                                                                                    "extra_info": {
                                                                                        "Projections": "__internal_compress_integral_utinyint(#0, 1)",
                                                                                        "Estimated Cardinality": "2548818"
                                                                                    },
                                                                                    "cumulative_cardinality": 63720480,
                                                                                    "operator_type": "PROJECTION",
                                                                                    "operator_cardinality": 12744093,
                                                                                    "cumulative_rows_scanned": 12744093,
                                                                                    "operator_rows_scanned": 0,
                                                                                    "operator_timing": 0.003718994999999924,
                                                                                    "result_set_size": 12744093,
                                                                                    "children": [
                                                                                        {
                                                                                            "operator_name": "PROJECTION",
                                                                                            "cpu_time": 0.2834542689999966,
                                                                                            "extra_info": {
                                                                                                "Projections": "#0",
                                                                                                "Estimated Cardinality": "2548818"
                                                                                            },
                                                                                            "cumulative_cardinality": 50976387,
                                                                                            "operator_type": "PROJECTION",
                                                                                            "operator_cardinality": 12744093,
                                                                                            "cumulative_rows_scanned": 12744093,
                                                                                            "operator_rows_scanned": 0,
                                                                                            "operator_timing": 0.0008053780000000014,
                                                                                            "result_set_size": 25488186,
                                                                                            "children": [
                                                                                                {
                                                                                                    "operator_name": "FILTER",
                                                                                                    "cpu_time": 0.28264889099999657,
                                                                                                    "extra_info": {
                                                                                                        "Expression": "IN (...)",
                                                                                                        "Estimated Cardinality": "2548818"
                                                                                                    },
                                                                                                    "cumulative_cardinality": 38232294,
                                                                                                    "operator_type": "FILTER",
                                                                                                    "operator_cardinality": 12744093,
                                                                                                    "cumulative_rows_scanned": 12744093,
                                                                                                    "operator_rows_scanned": 0,
                                                                                                    "operator_timing": 0.019388214999999827,
                                                                                                    "result_set_size": 38232279,
                                                                                                    "children": [
                                                                                                        {
                                                                                                            "operator_name": "HASH_JOIN",
                                                                                                            "cpu_time": 0.26326067599999675,
                                                                                                            "extra_info": {
                                                                                                                "Join Type": "MARK",
                                                                                                                "Conditions": "votetypeid = #0",
                                                                                                                "Estimated Cardinality": "12744093"
                                                                                                            },
                                                                                                            "cumulative_cardinality": 25488201,
                                                                                                            "operator_type": "HASH_JOIN",
                                                                                                            "operator_cardinality": 12744093,
                                                                                                            "cumulative_rows_scanned": 12744093,
                                                                                                            "operator_rows_scanned": 0,
                                                                                                            "operator_timing": 0.1521171979999973,
                                                                                                            "result_set_size": 38232279,
                                                                                                            "children": [
                                                                                                                {
                                                                                                                    "operator_name": "READ_PARQUET ",
                                                                                                                    "cpu_time": 0.11113992099999946,
                                                                                                                    "extra_info": {
                                                                                                                        "Function": "READ_PARQUET",
                                                                                                                        "Projections": "votetypeid",
                                                                                                                        "Filters": "optional: votetypeid IN (1, 2, 3, 4, 5, 6, 7, 8, 9, 10, 11, 12, 14, 15, 16)",
                                                                                                                        "Estimated Cardinality": "12744093"
                                                                                                                    },
                                                                                                                    "cumulative_cardinality": 12744093,
                                                                                                                    "operator_type": "TABLE_SCAN",
                                                                                                                    "operator_cardinality": 12744093,
                                                                                                                    "cumulative_rows_scanned": 12744093,
                                                                                                                    "operator_rows_scanned": 12744093,
                                                                                                                    "operator_timing": 0.11113992099999946,
                                                                                                                    "result_set_size": 25488186,
                                                                                                                    "children": []
                                                                                                                },
                                                                                                                {
                                                                                                                    "operator_name": "COLUMN_DATA_SCAN",
                                                                                                                    "cpu_time": 0.000003557,
                                                                                                                    "extra_info": {
                                                                                                                        "Estimated Cardinality": "0"
                                                                                                                    },
                                                                                                                    "cumulative_cardinality": 15,
                                                                                                                    "operator_type": "COLUMN_DATA_SCAN",
                                                                                                                    "operator_cardinality": 15,
                                                                                                                    "cumulative_rows_scanned": 0,
                                                                                                                    "operator_rows_scanned": 0,
                                                                                                                    "operator_timing": 0.000003557,
                                                                                                                    "result_set_size": 30,
                                                                                                                    "children": []
                                                                                                                }
                                                                                                            ]
                                                                                                        }
                                                                                                    ]
                                                                                                }
                                                                                            ]
                                                                                        }
                                                                                    ]
                                                                                }
                                                                            ]
                                                                        }
                                                                    ]
                                                                }
                                                            ]
                                                        },
                                                        {
                                                            "operator_name": "UNGROUPED_AGGREGATE",
                                                            "cpu_time": 0.03216210800000003,
                                                            "extra_info": {
                                                                "Aggregates": [
                                                                    "count_star()",
                                                                    "avg(#0)",
                                                                    "sum(#1)"
                                                                ]
                                                            },
                                                            "cumulative_cardinality": 2521421,
                                                            "operator_type": "UNGROUPED_AGGREGATE",
                                                            "operator_cardinality": 1,
                                                            "cumulative_rows_scanned": 1260710,
                                                            "operator_rows_scanned": 0,
                                                            "operator_timing": 0.007664159000000012,
                                                            "result_set_size": 32,
                                                            "children": [
                                                                {
                                                                    "operator_name": "PROJECTION",
                                                                    "cpu_time": 0.02449794900000002,
                                                                    "extra_info": {
                                                                        "Projections": [
                                                                            "reputation",
                                                                            "(upvotes + downvotes)"
                                                                        ],
                                                                        "Estimated Cardinality": "1260710"
                                                                    },
                                                                    "cumulative_cardinality": 2521420,
                                                                    "operator_type": "PROJECTION",
                                                                    "operator_cardinality": 1260710,
                                                                    "cumulative_rows_scanned": 1260710,
                                                                    "operator_rows_scanned": 0,
                                                                    "operator_timing": 0.003004167000000004,
                                                                    "result_set_size": 10085680,
                                                                    "children": [
                                                                        {
                                                                            "operator_name": "READ_PARQUET ",
                                                                            "cpu_time": 0.021493782000000013,
                                                                            "extra_info": {
                                                                                "Function": "READ_PARQUET",
                                                                                "Projections": [
                                                                                    "reputation",
                                                                                    "upvotes",
                                                                                    "downvotes"
                                                                                ],
                                                                                "Estimated Cardinality": "1260710"
                                                                            },
                                                                            "cumulative_cardinality": 1260710,
                                                                            "operator_type": "TABLE_SCAN",
                                                                            "operator_cardinality": 1260710,
                                                                            "cumulative_rows_scanned": 1260710,
                                                                            "operator_rows_scanned": 1260710,
                                                                            "operator_timing": 0.021493782000000013,
                                                                            "result_set_size": 15128520,
                                                                            "children": []
                                                                        }
                                                                    ]
                                                                }
                                                            ]
                                                        }
                                                    ]
                                                }
                                            ]
                                        }
                                    ]
                                }
                            ]
                        }
                    ]
                }
            ]
        }
    ]
}