{
    "rows_returned": 1,
    "query_name": "WITH PostStatistics AS (\n    SELECT \n        COUNT(*) AS TotalPosts,\n        COUNT(DISTINCT OwnerUserId) AS UniquePostOwners,\n        SUM(CASE WHEN OwnerUserId IS NOT NULL THEN 1 ELSE 0 END) AS PostsWithUsers,\n        AVG(ViewCount) AS AverageViews,\n        AVG(Score) AS AverageScore,\n        SUM(CASE WHEN PostTypeId = 1 THEN 1 ELSE 0 END) AS TotalQuestions,\n        SUM(CASE WHEN PostTypeId = 2 THEN 1 ELSE 0 END) AS TotalAnswers\n    FROM \n        Posts\n),\nUserStatistics AS (\n    SELECT \n        COUNT(*) AS TotalUsers,\n        AVG(Reputation) AS AverageReputation,\n        MAX(Reputation) AS MaxReputation,\n        MIN(Reputation) AS MinReputation\n    FROM \n        Users\n),\nVoteStatistics AS (\n    SELECT \n        COUNT(*) AS TotalVotes,\n        COUNT(DISTINCT UserId) AS UniqueVoters,\n        AVG(CASE WHEN VoteTypeId = 2 THEN 1 ELSE 0 END) AS AverageUpvotes,\n        AVG(CASE WHEN VoteTypeId = 3 THEN 1 ELSE 0 END) AS AverageDownvotes\n    FROM \n        Votes\n)\n\nSELECT \n    ps.TotalPosts,\n    ps.UniquePostOwners,\n    ps.PostsWithUsers,\n    ps.AverageViews,\n    ps.AverageScore,\n    ps.TotalQuestions,\n    ps.TotalAnswers,\n    us.TotalUsers,\n    us.AverageReputation,\n    us.MaxReputation,\n    us.MinReputation,\n    vs.TotalVotes,\n    vs.UniqueVoters,\n    vs.AverageUpvotes,\n    vs.AverageDownvotes\nFROM \n    PostStatistics ps,\n    UserStatistics us,\n    VoteStatistics vs;",
    "blocked_thread_time": 0.0,
    "cpu_time": 0.5414928830000002,
    "extra_info": {},
    "cumulative_cardinality": 35709844,
    "cumulative_rows_scanned": 17854919,
    "result_set_size": 136,
    "latency": 0.657007233,
    "children": [
        {
            "operator_name": "PROJECTION",
            "cpu_time": 0.5414928830000002,
            "extra_info": {
                "Projections": [
                    "TotalPosts",
                    "UniquePostOwners",
                    "PostsWithUsers",
                    "AverageViews",
                    "AverageScore",
                    "TotalQuestions",
                    "TotalAnswers",
                    "TotalUsers",
                    "AverageReputation",
                    "MaxReputation",
                    "MinReputation",
                    "TotalVotes",
                    "UniqueVoters",
                    "AverageUpvotes",
                    "AverageDownvotes"
                ],
                "Estimated Cardinality": "1"
            },
            "cumulative_cardinality": 35709844,
            "operator_type": "PROJECTION",
            "operator_cardinality": 1,
            "cumulative_rows_scanned": 17854919,
            "operator_rows_scanned": 0,
            "operator_timing": 0.000001794,
            "result_set_size": 136,
            "children": [
                {
                    "operator_name": "CROSS_PRODUCT",
                    "cpu_time": 0.5414910890000002,
                    "extra_info": {},
                    "cumulative_cardinality": 35709843,
                    "operator_type": "CROSS_PRODUCT",
                    "operator_cardinality": 1,
                    "cumulative_rows_scanned": 17854919,
                    "operator_rows_scanned": 0,
                    "operator_timing": 0.000045896,
                    "result_set_size": 136,
                    "children": [
                        {
                            "operator_name": "UNGROUPED_AGGREGATE",
                            "cpu_time": 0.28072301899999996,
                            "extra_info": {
                                "Aggregates": [
                                    "count_star()",
                                    "count(DISTINCT #0)",
                                    "sum(#1)",
                                    "avg(#2)",
                                    "avg(#3)",
                                    "sum(#4)",
                                    "sum(#5)"
                                ]
                            },
                            "cumulative_cardinality": 7700233,
                            "operator_type": "UNGROUPED_AGGREGATE",
                            "operator_cardinality": 1,
                            "cumulative_rows_scanned": 3850116,
                            "operator_rows_scanned": 0,
                            "operator_timing": 0.13915322000000013,
                            "result_set_size": 80,
                            "children": [
                                {
                                    "operator_name": "PROJECTION",
                                    "cpu_time": 0.14156979899999983,
                                    "extra_info": {
                                        "Projections": [
                                            "owneruserid",
                                            "CASE  WHEN ((owneruserid IS NOT NULL)) THEN (1) ELSE 0 END",
                                            "viewcount",
                                            "score",
                                            "CASE  WHEN ((posttypeid = 1)) THEN (1) ELSE 0 END",
                                            "CASE  WHEN ((posttypeid = 2)) THEN (1) ELSE 0 END"
                                        ],
                                        "Estimated Cardinality": "3850116"
                                    },
                                    "cumulative_cardinality": 7700232,
                                    "operator_type": "PROJECTION",
                                    "operator_cardinality": 3850116,
                                    "cumulative_rows_scanned": 3850116,
                                    "operator_rows_scanned": 0,
                                    "operator_timing": 0.05903980199999995,
                                    "result_set_size": 92402784,
                                    "children": [
                                        {
                                            "operator_name": "READ_PARQUET ",
                                            "cpu_time": 0.0825299969999999,
                                            "extra_info": {
                                                "Function": "READ_PARQUET",
                                                "Projections": [
                                                    "posttypeid",
                                                    "score",
                                                    "viewcount",
                                                    "owneruserid"
                                                ],
                                                "Estimated Cardinality": "3850116"
                                            },
                                            "cumulative_cardinality": 3850116,
                                            "operator_type": "TABLE_SCAN",
                                            "operator_cardinality": 3850116,
                                            "cumulative_rows_scanned": 3850116,
                                            "operator_rows_scanned": 3850116,
                                            "operator_timing": 0.0825299969999999,
                                            "result_set_size": 53901624,
                                            "children": []
                                        }
                                    ]
                                }
                            ]
                        },
                        {
                            "operator_name": "CROSS_PRODUCT",
                            "cpu_time": 0.2607221740000003,
                            "extra_info": {},
                            "cumulative_cardinality": 28009609,
                            "operator_type": "CROSS_PRODUCT",
                            "operator_cardinality": 1,
                            "cumulative_rows_scanned": 14004803,
                            "operator_rows_scanned": 0,
                            "operator_timing": 0.000031819,
                            "result_set_size": 56,
                            "children": [
                                {
                                    "operator_name": "UNGROUPED_AGGREGATE",
                                    "cpu_time": 0.24659940500000033,
                                    "extra_info": {
                                        "Aggregates": [
                                            "count_star()",
                                            "count(DISTINCT #0)",
                                            "avg(#1)",
                                            "avg(#2)"
                                        ]
                                    },
                                    "cumulative_cardinality": 25488187,
                                    "operator_type": "UNGROUPED_AGGREGATE",
                                    "operator_cardinality": 1,
                                    "cumulative_rows_scanned": 12744093,
                                    "operator_rows_scanned": 0,
                                    "operator_timing": 0.07207266499999991,
                                    "result_set_size": 32,
                                    "children": [
                                        {
                                            "operator_name": "PROJECTION",
                                            "cpu_time": 0.1745267400000004,
                                            "extra_info": {
                                                "Projections": [
                                                    "userid",
                                                    "CASE  WHEN ((votetypeid = 2)) THEN (1) ELSE 0 END",
                                                    "CASE  WHEN ((votetypeid = 3)) THEN (1) ELSE 0 END"
                                                ],
                                                "Estimated Cardinality": "12744093"
                                            },
                                            "cumulative_cardinality": 25488186,
                                            "operator_type": "PROJECTION",
                                            "operator_cardinality": 12744093,
                                            "cumulative_rows_scanned": 12744093,
                                            "operator_rows_scanned": 0,
                                            "operator_timing": 0.09847496700000011,
                                            "result_set_size": 152929116,
                                            "children": [
                                                {
                                                    "operator_name": "READ_PARQUET ",
                                                    "cpu_time": 0.07605177300000031,
                                                    "extra_info": {
                                                        "Function": "READ_PARQUET",
                                                        "Projections": [
                                                            "votetypeid",
                                                            "userid"
                                                        ],
                                                        "Estimated Cardinality": "12744093"
                                                    },
                                                    "cumulative_cardinality": 12744093,
                                                    "operator_type": "TABLE_SCAN",
                                                    "operator_cardinality": 12744093,
                                                    "cumulative_rows_scanned": 12744093,
                                                    "operator_rows_scanned": 12744093,
                                                    "operator_timing": 0.07605177300000031,
                                                    "result_set_size": 76464558,
                                                    "children": []
                                                }
                                            ]
                                        }
                                    ]
                                },
                                {
                                    "operator_name": "UNGROUPED_AGGREGATE",
                                    "cpu_time": 0.01409094999999997,
                                    "extra_info": {
                                        "Aggregates": [
                                            "count_star()",
                                            "avg(#0)",
                                            "max(#1)",
                                            "min(#2)"
                                        ]
                                    },
                                    "cumulative_cardinality": 2521421,
                                    "operator_type": "UNGROUPED_AGGREGATE",
                                    "operator_cardinality": 1,
                                    "cumulative_rows_scanned": 1260710,
                                    "operator_rows_scanned": 0,
                                    "operator_timing": 0.007137975999999971,
                                    "result_set_size": 24,
                                    "children": [
                                        {
                                            "operator_name": "PROJECTION",
                                            "cpu_time": 0.006952974,
                                            "extra_info": {
                                                "Projections": [
                                                    "reputation",
                                                    "reputation",
                                                    "reputation"
                                                ],
                                                "Estimated Cardinality": "1260710"
                                            },
                                            "cumulative_cardinality": 2521420,
                                            "operator_type": "PROJECTION",
                                            "operator_cardinality": 1260710,
                                            "cumulative_rows_scanned": 1260710,
                                            "operator_rows_scanned": 0,
                                            "operator_timing": 0.00008207400000000026,
                                            "result_set_size": 15128520,
                                            "children": [
                                                {
                                                    "operator_name": "READ_PARQUET ",
                                                    "cpu_time": 0.006870899999999999,
                                                    "extra_info": {
                                                        "Function": "READ_PARQUET",
                                                        "Projections": "reputation",
                                                        "Estimated Cardinality": "1260710"
                                                    },
                                                    "cumulative_cardinality": 1260710,
                                                    "operator_type": "TABLE_SCAN",
                                                    "operator_cardinality": 1260710,
                                                    "cumulative_rows_scanned": 1260710,
                                                    "operator_rows_scanned": 1260710,
                                                    "operator_timing": 0.006870899999999999,
                                                    "result_set_size": 5042840,
                                                    "children": []
                                                }
                                            ]
                                        }
                                    ]
                                }
                            ]
                        }
                    ]
                }
            ]
        }
    ]
}