{
    "rows_returned": 1260710,
    "query_name": "\nWITH UserPostStats AS (\n    SELECT \n        u.Id AS UserId,\n        COUNT(p.Id) AS PostCount,\n        SUM(COALESCE(p.Score, 0)) AS TotalScore,\n        AVG(COALESCE(p.ViewCount, 0)) AS AvgViewCount,\n        AVG(COALESCE(p.AcceptedAnswerId, 0)) AS AcceptedAnswerRatio\n    FROM \n        Users u\n    LEFT JOIN \n        Posts p ON u.Id = p.OwnerUserId\n    GROUP BY \n        u.Id\n),\nPostHistoryStats AS (\n    SELECT \n        ph.PostId,\n        COUNT(ph.Id) AS EditCount,\n        MAX(ph.CreationDate) AS LastEdited\n    FROM \n        PostHistory ph\n    GROUP BY \n        ph.PostId\n),\nFinalStats AS (\n    SELECT \n        up.UserId,\n        up.PostCount,\n        up.TotalScore,\n        up.AvgViewCount,\n        ph.EditCount,\n        ph.LastEdited\n    FROM \n        UserPostStats up\n    LEFT JOIN \n        PostHistoryStats ph ON up.UserId = ph.PostId\n)\nSELECT \n    UserId,\n    PostCount,\n    TotalScore,\n    AvgViewCount,\n    EditCount,\n    LastEdited\nFROM \n    FinalStats\nORDER BY \n    TotalScore DESC, PostCount DESC;\n",
    "blocked_thread_time": 0.0,
    "cpu_time": 3.4083555300000024,
    "extra_info": {},
    "cumulative_cardinality": 46578560,
    "cumulative_rows_scanned": 16906070,
    "result_set_size": 65556920,
    "latency": 5.111100481,
    "children": [
        {
            "operator_name": "ORDER_BY",
            "cpu_time": 3.4083555300000024,
            "extra_info": {
                "Order By": [
                    "FinalStats.TotalScore DESC",
                    "FinalStats.PostCount DESC"
                ]
            },
            "cumulative_cardinality": 46578560,
            "operator_type": "ORDER_BY",
            "operator_cardinality": 1260710,
            "cumulative_rows_scanned": 16906070,
            "operator_rows_scanned": 0,
            "operator_timing": 0.19367997599999995,
            "result_set_size": 65556920,
            "children": [
                {
                    "operator_name": "PROJECTION",
                    "cpu_time": 3.2146755540000025,
                    "extra_info": {
                        "Projections": [
                            "UserId",
                            "PostCount",
                            "TotalScore",
                            "AvgViewCount",
                            "EditCount",
                            "LastEdited"
                        ],
                        "Estimated Cardinality": "5897622"
                    },
                    "cumulative_cardinality": 45317850,
                    "operator_type": "PROJECTION",
                    "operator_cardinality": 1260710,
                    "cumulative_rows_scanned": 16906070,
                    "operator_rows_scanned": 0,
                    "operator_timing": 0.0006261160000000003,
                    "result_set_size": 65556920,
                    "children": [
                        {
                            "operator_name": "HASH_JOIN",
                            "cpu_time": 3.2140494380000026,
                            "extra_info": {
                                "Join Type": "RIGHT",
                                "Conditions": "postid = UserId",
                                "Estimated Cardinality": "5897622"
                            },
                            "cumulative_cardinality": 44057140,
                            "operator_type": "HASH_JOIN",
                            "operator_cardinality": 1260710,
                            "cumulative_rows_scanned": 16906070,
                            "operator_rows_scanned": 0,
                            "operator_timing": 0.26304156199999956,
                            "result_set_size": 65556920,
                            "children": [
                                {
                                    "operator_name": "HASH_GROUP_BY",
                                    "cpu_time": 2.169584406000002,
                                    "extra_info": {
                                        "Groups": "#0",
                                        "Aggregates": [
                                            "count_star()",
                                            "max(#1)"
                                        ],
                                        "Estimated Cardinality": "5897622"
                                    },
                                    "cumulative_cardinality": 27440604,
                                    "operator_type": "HASH_GROUP_BY",
                                    "operator_cardinality": 3850116,
                                    "cumulative_rows_scanned": 11795244,
                                    "operator_rows_scanned": 0,
                                    "operator_timing": 1.033143121000002,
                                    "result_set_size": 77002320,
                                    "children": [
                                        {
                                            "operator_name": "PROJECTION",
                                            "cpu_time": 1.1364412849999999,
                                            "extra_info": {
                                                "Projections": [
                                                    "postid",
                                                    "creationdate"
                                                ],
                                                "Estimated Cardinality": "11795244"
                                            },
                                            "cumulative_cardinality": 23590488,
                                            "operator_type": "PROJECTION",
                                            "operator_cardinality": 11795244,
                                            "cumulative_rows_scanned": 11795244,
                                            "operator_rows_scanned": 0,
                                            "operator_timing": 0.0014153499999999995,
                                            "result_set_size": 141542928,
                                            "children": [
                                                {
                                                    "operator_name": "READ_PARQUET ",
                                                    "cpu_time": 1.1350259349999998,
                                                    "extra_info": {
                                                        "Function": "READ_PARQUET",
                                                        "Projections": [
                                                            "id",
                                                            "postid",
                                                            "creationdate"
                                                        ],
                                                        "Estimated Cardinality": "11795244"
                                                    },
                                                    "cumulative_cardinality": 11795244,
                                                    "operator_type": "TABLE_SCAN",
                                                    "operator_cardinality": 11795244,
                                                    "cumulative_rows_scanned": 11795244,
                                                    "operator_rows_scanned": 11795244,
                                                    "operator_timing": 1.1350259349999998,
                                                    "result_set_size": 188723904,
                                                    "children": []
                                                }
                                            ]
                                        }
                                    ]
                                },
                                {
                                    "operator_name": "HASH_GROUP_BY",
                                    "cpu_time": 0.7814234700000007,
                                    "extra_info": {
                                        "Groups": "#0",
                                        "Aggregates": [
                                            "count(#1)",
                                            "sum(#2)",
                                            "avg(#3)"
                                        ],
                                        "Estimated Cardinality": "1260710"
                                    },
                                    "cumulative_cardinality": 15355826,
                                    "operator_type": "HASH_GROUP_BY",
                                    "operator_cardinality": 1260710,
                                    "cumulative_rows_scanned": 5110826,
                                    "operator_rows_scanned": 0,
                                    "operator_timing": 0.33096916800000037,
                                    "result_set_size": 45385560,
                                    "children": [
                                        {
                                            "operator_name": "PROJECTION",
                                            "cpu_time": 0.45045430200000036,
                                            "extra_info": {
                                                "Projections": [
                                                    "id",
                                                    "id",
                                                    "COALESCE(score, 0)",
                                                    "COALESCE(viewcount, 0)"
                                                ],
                                                "Estimated Cardinality": "3850116"
                                            },
                                            "cumulative_cardinality": 14095116,
                                            "operator_type": "PROJECTION",
                                            "operator_cardinality": 4574495,
                                            "cumulative_rows_scanned": 5110826,
                                            "operator_rows_scanned": 0,
                                            "operator_timing": 0.07989124399999996,
                                            "result_set_size": 73191920,
                                            "children": [
                                                {
                                                    "operator_name": "HASH_JOIN",
                                                    "cpu_time": 0.3705630580000004,
                                                    "extra_info": {
                                                        "Join Type": "RIGHT",
                                                        "Conditions": "owneruserid = id",
                                                        "Estimated Cardinality": "3850116"
                                                    },
                                                    "cumulative_cardinality": 9520621,
                                                    "operator_type": "HASH_JOIN",
                                                    "operator_cardinality": 4574495,
                                                    "cumulative_rows_scanned": 5110826,
                                                    "operator_rows_scanned": 0,
                                                    "operator_timing": 0.2146082130000005,
                                                    "result_set_size": 73191920,
                                                    "children": [
                                                        {
                                                            "operator_name": "READ_PARQUET ",
                                                            "cpu_time": 0.14840764899999984,
                                                            "extra_info": {
                                                                "Function": "READ_PARQUET",
                                                                "Projections": [
                                                                    "id",
                                                                    "score",
                                                                    "viewcount",
                                                                    "owneruserid"
                                                                ],
                                                                "Estimated Cardinality": "3850116"
                                                            },
                                                            "cumulative_cardinality": 3685416,
                                                            "operator_type": "TABLE_SCAN",
                                                            "operator_cardinality": 3685416,
                                                            "cumulative_rows_scanned": 3850116,
                                                            "operator_rows_scanned": 3850116,
                                                            "operator_timing": 0.14840764899999984,
                                                            "result_set_size": 58966656,
                                                            "children": []
                                                        },
                                                        {
                                                            "operator_name": "READ_PARQUET ",
                                                            "cpu_time": 0.0075471960000000156,
                                                            "extra_info": {
                                                                "Function": "READ_PARQUET",
                                                                "Projections": "id",
                                                                "Estimated Cardinality": "1260710"
                                                            },
                                                            "cumulative_cardinality": 1260710,
                                                            "operator_type": "TABLE_SCAN",
                                                            "operator_cardinality": 1260710,
                                                            "cumulative_rows_scanned": 1260710,
                                                            "operator_rows_scanned": 1260710,
                                                            "operator_timing": 0.0075471960000000156,
                                                            "result_set_size": 5042840,
                                                            "children": []
                                                        }
                                                    ]
                                                }
                                            ]
                                        }
                                    ]
                                }
                            ]
                        }
                    ]
                }
            ]
        }
    ]
}