{
    "rows_returned": 1,
    "query_name": "WITH PostCounts AS (\n    SELECT \n        COUNT(*) AS TotalPosts,\n        COUNT(DISTINCT OwnerUserId) AS UniquePostOwners\n    FROM \n        Posts\n),\n\nVoteCounts AS (\n    SELECT \n        COUNT(*) AS TotalVotes,\n        COUNT(DISTINCT UserId) AS UniqueVoters\n    FROM \n        Votes\n),\n\nCommentCounts AS (\n    SELECT \n        COUNT(*) AS TotalComments,\n        COUNT(DISTINCT UserId) AS UniqueCommenters\n    FROM \n        Comments\n),\n\nUserCounts AS (\n    SELECT \n        COUNT(*) AS TotalUsers,\n        SUM(CASE WHEN Reputation > 0 THEN 1 ELSE 0 END) AS ActiveUsers\n    FROM \n        Users\n)\n\nSELECT \n    pc.TotalPosts,\n    pc.UniquePostOwners,\n    vc.TotalVotes,\n    vc.UniqueVoters,\n    cc.TotalComments,\n    cc.UniqueCommenters,\n    uc.TotalUsers,\n    uc.ActiveUsers\nFROM \n    PostCounts pc,\n    VoteCounts vc,\n    CommentCounts cc,\n    UserCounts uc;",
    "blocked_thread_time": 0.0,
    "cpu_time": 0.8243404660000011,
    "extra_info": {},
    "cumulative_cardinality": 50193490,
    "cumulative_rows_scanned": 25096741,
    "result_set_size": 72,
    "latency": 0.883180644,
    "children": [
        {
            "operator_name": "PROJECTION",
            "cpu_time": 0.8243404660000011,
            "extra_info": {
                "Projections": [
                    "TotalPosts",
                    "UniquePostOwners",
                    "TotalVotes",
                    "UniqueVoters",
                    "TotalComments",
                    "UniqueCommenters",
                    "TotalUsers",
                    "ActiveUsers"
                ],
                "Estimated Cardinality": "1"
            },
            "cumulative_cardinality": 50193490,
            "operator_type": "PROJECTION",
            "operator_cardinality": 1,
            "cumulative_rows_scanned": 25096741,
            "operator_rows_scanned": 0,
            "operator_timing": 0.000001052,
            "result_set_size": 72,
            "children": [
                {
                    "operator_name": "CROSS_PRODUCT",
                    "cpu_time": 0.8243394140000011,
                    "extra_info": {},
                    "cumulative_cardinality": 50193489,
                    "operator_type": "CROSS_PRODUCT",
                    "operator_cardinality": 1,
                    "cumulative_rows_scanned": 25096741,
                    "operator_rows_scanned": 0,
                    "operator_timing": 0.000015387,
                    "result_set_size": 72,
                    "children": [
                        {
                            "operator_name": "CROSS_PRODUCT",
                            "cpu_time": 0.699760350000001,
                            "extra_info": {},
                            "cumulative_cardinality": 42493255,
                            "operator_type": "CROSS_PRODUCT",
                            "operator_cardinality": 1,
                            "cumulative_rows_scanned": 21246625,
                            "operator_rows_scanned": 0,
                            "operator_timing": 0.000015899,
                            "result_set_size": 56,
                            "children": [
                                {
                                    "operator_name": "CROSS_PRODUCT",
                                    "cpu_time": 0.6346640150000007,
                                    "extra_info": {},
                                    "cumulative_cardinality": 17005067,
                                    "operator_type": "CROSS_PRODUCT",
                                    "operator_cardinality": 1,
                                    "cumulative_rows_scanned": 8502532,
                                    "operator_rows_scanned": 0,
                                    "operator_timing": 0.000024194999999999998,
                                    "result_set_size": 40,
                                    "children": [
                                        {
                                            "operator_name": "UNGROUPED_AGGREGATE",
                                            "cpu_time": 0.015956143000000016,
                                            "extra_info": {
                                                "Aggregates": [
                                                    "count_star()",
                                                    "sum(#0)"
                                                ]
                                            },
                                            "cumulative_cardinality": 2521421,
                                            "operator_type": "UNGROUPED_AGGREGATE",
                                            "operator_cardinality": 1,
                                            "cumulative_rows_scanned": 1260710,
                                            "operator_rows_scanned": 0,
                                            "operator_timing": 0.00024710300000000014,
                                            "result_set_size": 24,
                                            "children": [
                                                {
                                                    "operator_name": "PROJECTION",
                                                    "cpu_time": 0.015709040000000018,
                                                    "extra_info": {
                                                        "Projections": "CASE  WHEN (true) THEN (1) ELSE 0 END",
                                                        "Estimated Cardinality": "1260710"
                                                    },
                                                    "cumulative_cardinality": 2521420,
                                                    "operator_type": "PROJECTION",
                                                    "operator_cardinality": 1260710,
                                                    "cumulative_rows_scanned": 1260710,
                                                    "operator_rows_scanned": 0,
                                                    "operator_timing": 0.0025753470000000056,
                                                    "result_set_size": 5042840,
                                                    "children": [
                                                        {
                                                            "operator_name": "READ_PARQUET ",
                                                            "cpu_time": 0.013133693000000012,
                                                            "extra_info": {
                                                                "Function": "READ_PARQUET",
                                                                "Projections": "reputation",
                                                                "Estimated Cardinality": "1260710"
                                                            },
                                                            "cumulative_cardinality": 1260710,
                                                            "operator_type": "TABLE_SCAN",
                                                            "operator_cardinality": 1260710,
                                                            "cumulative_rows_scanned": 1260710,
                                                            "operator_rows_scanned": 1260710,
                                                            "operator_timing": 0.013133693000000012,
                                                            "result_set_size": 5042840,
                                                            "children": []
                                                        }
                                                    ]
                                                }
                                            ]
                                        },
                                        {
                                            "operator_name": "UNGROUPED_AGGREGATE",
                                            "cpu_time": 0.6186836770000007,
                                            "extra_info": {
                                                "Aggregates": [
                                                    "count_star()",
                                                    "count(DISTINCT #0)"
                                                ]
                                            },
                                            "cumulative_cardinality": 14483645,
                                            "operator_type": "UNGROUPED_AGGREGATE",
                                            "operator_cardinality": 1,
                                            "cumulative_rows_scanned": 7241822,
                                            "operator_rows_scanned": 0,
                                            "operator_timing": 0.152659658,
                                            "result_set_size": 16,
                                            "children": [
                                                {
                                                    "operator_name": "PROJECTION",
                                                    "cpu_time": 0.4660240190000007,
                                                    "extra_info": {
                                                        "Projections": "userid",
                                                        "Estimated Cardinality": "7241822"
                                                    },
                                                    "cumulative_cardinality": 14483644,
                                                    "operator_type": "PROJECTION",
                                                    "operator_cardinality": 7241822,
                                                    "cumulative_rows_scanned": 7241822,
                                                    "operator_rows_scanned": 0,
                                                    "operator_timing": 0.0005450009999999948,
                                                    "result_set_size": 28967288,
                                                    "children": [
                                                        {
                                                            "operator_name": "READ_PARQUET ",
                                                            "cpu_time": 0.4654790180000007,
                                                            "extra_info": {
                                                                "Function": "READ_PARQUET",
                                                                "Projections": "userid",
                                                                "Estimated Cardinality": "7241822"
                                                            },
                                                            "cumulative_cardinality": 7241822,
                                                            "operator_type": "TABLE_SCAN",
                                                            "operator_cardinality": 7241822,
                                                            "cumulative_rows_scanned": 7241822,
                                                            "operator_rows_scanned": 7241822,
                                                            "operator_timing": 0.4654790180000007,
                                                            "result_set_size": 28967288,
                                                            "children": []
                                                        }
                                                    ]
                                                }
                                            ]
                                        }
                                    ]
                                },
                                {
                                    "operator_name": "UNGROUPED_AGGREGATE",
                                    "cpu_time": 0.06508043600000038,
                                    "extra_info": {
                                        "Aggregates": [
                                            "count_star()",
                                            "count(DISTINCT #0)"
                                        ]
                                    },
                                    "cumulative_cardinality": 25488187,
                                    "operator_type": "UNGROUPED_AGGREGATE",
                                    "operator_cardinality": 1,
                                    "cumulative_rows_scanned": 12744093,
                                    "operator_rows_scanned": 0,
                                    "operator_timing": 0.039561670000000354,
                                    "result_set_size": 16,
                                    "children": [
                                        {
                                            "operator_name": "PROJECTION",
                                            "cpu_time": 0.02551876600000002,
                                            "extra_info": {
                                                "Projections": "userid",
                                                "Estimated Cardinality": "12744093"
                                            },
                                            "cumulative_cardinality": 25488186,
                                            "operator_type": "PROJECTION",
                                            "operator_cardinality": 12744093,
                                            "cumulative_rows_scanned": 12744093,
                                            "operator_rows_scanned": 0,
                                            "operator_timing": 0.000563154000000021,
                                            "result_set_size": 50976372,
                                            "children": [
                                                {
                                                    "operator_name": "READ_PARQUET ",
                                                    "cpu_time": 0.024955612,
                                                    "extra_info": {
                                                        "Function": "READ_PARQUET",
                                                        "Projections": "userid",
                                                        "Estimated Cardinality": "12744093"
                                                    },
                                                    "cumulative_cardinality": 12744093,
                                                    "operator_type": "TABLE_SCAN",
                                                    "operator_cardinality": 12744093,
                                                    "cumulative_rows_scanned": 12744093,
                                                    "operator_rows_scanned": 12744093,
                                                    "operator_timing": 0.024955612,
                                                    "result_set_size": 50976372,
                                                    "children": []
                                                }
                                            ]
                                        }
                                    ]
                                }
                            ]
                        },
                        {
                            "operator_name": "UNGROUPED_AGGREGATE",
                            "cpu_time": 0.124563677,
                            "extra_info": {
                                "Aggregates": [
                                    "count_star()",
                                    "count(DISTINCT #0)"
                                ]
                            },
                            "cumulative_cardinality": 7700233,
                            "operator_type": "UNGROUPED_AGGREGATE",
                            "operator_cardinality": 1,
                            "cumulative_rows_scanned": 3850116,
                            "operator_rows_scanned": 0,
                            "operator_timing": 0.09265396999999995,
                            "result_set_size": 16,
                            "children": [
                                {
                                    "operator_name": "PROJECTION",
                                    "cpu_time": 0.03190970700000005,
                                    "extra_info": {
                                        "Projections": "owneruserid",
                                        "Estimated Cardinality": "3850116"
                                    },
                                    "cumulative_cardinality": 7700232,
                                    "operator_type": "PROJECTION",
                                    "operator_cardinality": 3850116,
                                    "cumulative_rows_scanned": 3850116,
                                    "operator_rows_scanned": 0,
                                    "operator_timing": 0.0002982739999999999,
                                    "result_set_size": 15400464,
                                    "children": [
                                        {
                                            "operator_name": "READ_PARQUET ",
                                            "cpu_time": 0.03161143300000005,
                                            "extra_info": {
                                                "Function": "READ_PARQUET",
                                                "Projections": "owneruserid",
                                                "Estimated Cardinality": "3850116"
                                            },
                                            "cumulative_cardinality": 3850116,
                                            "operator_type": "TABLE_SCAN",
                                            "operator_cardinality": 3850116,
                                            "cumulative_rows_scanned": 3850116,
                                            "operator_rows_scanned": 3850116,
                                            "operator_timing": 0.03161143300000005,
                                            "result_set_size": 15400464,
                                            "children": []
                                        }
                                    ]
                                }
                            ]
                        }
                    ]
                }
            ]
        }
    ]
}