{
    "rows_returned": 1260710,
    "query_name": "SELECT \n    U.Id AS UserId,\n    U.DisplayName,\n    U.Reputation,\n    COUNT(P.Id) AS NumberOfPosts,\n    SUM(CASE WHEN P.PostTypeId = 1 THEN 1 ELSE 0 END) AS NumberOfQuestions,\n    SUM(CASE WHEN P.PostTypeId = 2 THEN 1 ELSE 0 END) AS NumberOfAnswers,\n    SUM(COALESCE(P.Score, 0)) AS TotalScore,\n    AVG(P.ViewCount) AS AverageViewCount\nFROM \n    Users U\nLEFT JOIN \n    Posts P ON U.Id = P.OwnerUserId\nGROUP BY \n    U.Id, U.DisplayName, U.Reputation\nORDER BY \n    U.Reputation DESC;",
    "blocked_thread_time": 0.0,
    "cpu_time": 2.936257408000001,
    "extra_info": {},
    "cumulative_cardinality": 16616536,
    "cumulative_rows_scanned": 5110826,
    "result_set_size": 110942480,
    "latency": 5.97104304,
    "children": [
        {
            "operator_name": "ORDER_BY",
            "cpu_time": 2.936257408000001,
            "extra_info": {
                "Order By": "U.Reputation DESC"
            },
            "cumulative_cardinality": 16616536,
            "operator_type": "ORDER_BY",
            "operator_cardinality": 1260710,
            "cumulative_rows_scanned": 5110826,
            "operator_rows_scanned": 0,
            "operator_timing": 0.076585673,
            "result_set_size": 110942480,
            "children": [
                {
                    "operator_name": "HASH_GROUP_BY",
                    "cpu_time": 2.859671735000001,
                    "extra_info": {
                        "Groups": [
                            "#0",
                            "#1",
                            "#2"
                        ],
                        "Aggregates": [
                            "count(#3)",
                            "sum(#4)",
                            "sum(#5)",
                            "sum(#6)",
                            "avg(#7)"
                        ],
                        "Estimated Cardinality": "1260710"
                    },
                    "cumulative_cardinality": 15355826,
                    "operator_type": "HASH_GROUP_BY",
                    "operator_cardinality": 1260710,
                    "cumulative_rows_scanned": 5110826,
                    "operator_rows_scanned": 0,
                    "operator_timing": 0.990803465000001,
                    "result_set_size": 110942480,
                    "children": [
                        {
                            "operator_name": "PROJECTION",
                            "cpu_time": 1.8688682699999997,
                            "extra_info": {
                                "Projections": [
                                    "id",
                                    "displayname",
                                    "reputation",
                                    "id",
                                    "CASE  WHEN ((posttypeid = 1)) THEN (1) ELSE 0 END",
                                    "CASE  WHEN ((posttypeid = 2)) THEN (1) ELSE 0 END",
                                    "COALESCE(score, 0)",
                                    "viewcount"
                                ],
                                "Estimated Cardinality": "3850116"
                            },
                            "cumulative_cardinality": 14095116,
                            "operator_type": "PROJECTION",
                            "operator_cardinality": 4574495,
                            "cumulative_rows_scanned": 5110826,
                            "operator_rows_scanned": 0,
                            "operator_timing": 0.18185728200000018,
                            "result_set_size": 201277780,
                            "children": [
                                {
                                    "operator_name": "HASH_JOIN",
                                    "cpu_time": 1.6870109879999995,
                                    "extra_info": {
                                        "Join Type": "RIGHT",
                                        "Conditions": "owneruserid = id",
                                        "Estimated Cardinality": "3850116"
                                    },
                                    "cumulative_cardinality": 9520621,
                                    "operator_type": "HASH_JOIN",
                                    "operator_cardinality": 4574495,
                                    "cumulative_rows_scanned": 5110826,
                                    "operator_rows_scanned": 0,
                                    "operator_timing": 0.43707117399999923,
                                    "result_set_size": 173830810,
                                    "children": [
                                        {
                                            "operator_name": "READ_PARQUET ",
                                            "cpu_time": 0.30191496999999967,
                                            "extra_info": {
                                                "Function": "READ_PARQUET",
                                                "Projections": [
                                                    "id",
                                                    "posttypeid",
                                                    "score",
                                                    "viewcount",
                                                    "owneruserid"
                                                ],
                                                "Estimated Cardinality": "3850116"
                                            },
                                            "cumulative_cardinality": 3685416,
                                            "operator_type": "TABLE_SCAN",
                                            "operator_cardinality": 3685416,
                                            "cumulative_rows_scanned": 3850116,
                                            "operator_rows_scanned": 3850116,
                                            "operator_timing": 0.30191496999999967,
                                            "result_set_size": 66337488,
                                            "children": []
                                        },
                                        {
                                            "operator_name": "READ_PARQUET ",
                                            "cpu_time": 0.9480248440000005,
                                            "extra_info": {
                                                "Function": "READ_PARQUET",
                                                "Projections": [
                                                    "id",
                                                    "reputation",
                                                    "displayname"
                                                ],
                                                "Estimated Cardinality": "1260710"
                                            },
                                            "cumulative_cardinality": 1260710,
                                            "operator_type": "TABLE_SCAN",
                                            "operator_cardinality": 1260710,
                                            "cumulative_rows_scanned": 1260710,
                                            "operator_rows_scanned": 1260710,
                                            "operator_timing": 0.9480248440000005,
                                            "result_set_size": 30257040,
                                            "children": []
                                        }
                                    ]
                                }
                            ]
                        }
                    ]
                }
            ]
        }
    ]
}