{
    "rows_returned": 100,
    "query_name": "\nSELECT \n    p.Id AS PostId,\n    p.Title,\n    p.CreationDate,\n    p.ViewCount,\n    p.Score,\n    COALESCE(a.AcceptedAnswerId, 0) AS AcceptedAnswerId,\n    COUNT(c.Id) AS CommentCount,\n    COUNT(DISTINCT v.Id) AS VoteCount,\n    COUNT(DISTINCT ph.Id) AS PostHistoryCount\nFROM \n    Posts p\nLEFT JOIN \n    Posts a ON p.Id = a.AcceptedAnswerId\nLEFT JOIN \n    Comments c ON p.Id = c.PostId\nLEFT JOIN \n    Votes v ON p.Id = v.PostId\nLEFT JOIN \n    PostHistory ph ON p.Id = ph.PostId\nWHERE \n    p.PostTypeId = 1 \nGROUP BY \n    p.Id, p.Title, p.CreationDate, p.ViewCount, p.Score, a.AcceptedAnswerId\nORDER BY \n    p.CreationDate DESC\nLIMIT 100;\n",
    "blocked_thread_time": 0.0,
    "cpu_time": 34.89377925299997,
    "extra_info": {},
    "cumulative_cardinality": 462278572,
    "cumulative_rows_scanned": 39481391,
    "result_set_size": 6400,
    "latency": 39.281153369,
    "children": [
        {
            "operator_name": "STREAMING_LIMIT",
            "cpu_time": 34.89377925299997,
            "extra_info": {},
            "cumulative_cardinality": 462278572,
            "operator_type": "STREAMING_LIMIT",
            "operator_cardinality": 100,
            "cumulative_rows_scanned": 39481391,
            "operator_rows_scanned": 0,
            "operator_timing": 0.000001463,
            "result_set_size": 6400,
            "children": [
                {
                    "operator_name": "PROJECTION",
                    "cpu_time": 34.89377778999997,
                    "extra_info": {
                        "Projections": [
                            "#0",
                            "#1",
                            "#2",
                            "#3",
                            "__internal_decompress_integral_integer(#4, -72)",
                            "#5",
                            "#6",
                            "#7",
                            "#8"
                        ],
                        "Estimated Cardinality": "3850116"
                    },
                    "cumulative_cardinality": 462278472,
                    "operator_type": "PROJECTION",
                    "operator_cardinality": 4096,
                    "cumulative_rows_scanned": 39481391,
                    "operator_rows_scanned": 0,
                    "operator_timing": 0.000005821000000000001,
                    "result_set_size": 262144,
                    "children": [
                        {
                            "operator_name": "ORDER_BY",
                            "cpu_time": 34.89377196899997,
                            "extra_info": {
                                "Order By": "p.CreationDate DESC"
                            },
                            "cumulative_cardinality": 462274376,
                            "operator_type": "ORDER_BY",
                            "operator_cardinality": 4096,
                            "cumulative_rows_scanned": 39481391,
                            "operator_rows_scanned": 0,
                            "operator_timing": 0.08436536400000012,
                            "result_set_size": 253952,
                            "children": [
                                {
                                    "operator_name": "PROJECTION",
                                    "cpu_time": 34.80940660499997,
                                    "extra_info": {
                                        "Projections": [
                                            "#0",
                                            "#1",
                                            "#2",
                                            "#3",
                                            "__internal_compress_integral_usmallint(#4, -72)",
                                            "#5",
                                            "#6",
                                            "#7",
                                            "#8"
                                        ],
                                        "Estimated Cardinality": "3850116"
                                    },
                                    "cumulative_cardinality": 462270280,
                                    "operator_type": "PROJECTION",
                                    "operator_cardinality": 1668164,
                                    "cumulative_rows_scanned": 39481391,
                                    "operator_rows_scanned": 0,
                                    "operator_timing": 0.0007323809999999997,
                                    "result_set_size": 103426168,
                                    "children": [
                                        {
                                            "operator_name": "PROJECTION",
                                            "cpu_time": 34.80867422399997,
                                            "extra_info": {
                                                "Projections": [
                                                    "PostId",
                                                    "title",
                                                    "creationdate",
                                                    "viewcount",
                                                    "score",
                                                    "AcceptedAnswerId",
                                                    "CommentCount",
                                                    "VoteCount",
                                                    "PostHistoryCount"
                                                ],
                                                "Estimated Cardinality": "3850116"
                                            },
                                            "cumulative_cardinality": 460602116,
                                            "operator_type": "PROJECTION",
                                            "operator_cardinality": 1668164,
                                            "cumulative_rows_scanned": 39481391,
                                            "operator_rows_scanned": 0,
                                            "operator_timing": 0.009360929000000006,
                                            "result_set_size": 106762496,
                                            "children": [
                                                {
                                                    "operator_name": "PROJECTION",
                                                    "cpu_time": 34.79931329499997,
                                                    "extra_info": {
                                                        "Projections": [
                                                            "#0",
                                                            "#1",
                                                            "#2",
                                                            "#3",
                                                            "__internal_decompress_integral_integer(#4, -72)",
                                                            "#5",
                                                            "#6",
                                                            "#7",
                                                            "#8"
                                                        ],
                                                        "Estimated Cardinality": "3850116"
                                                    },
                                                    "cumulative_cardinality": 458933952,
                                                    "operator_type": "PROJECTION",
                                                    "operator_cardinality": 1668164,
                                                    "cumulative_rows_scanned": 39481391,
                                                    "operator_rows_scanned": 0,
                                                    "operator_timing": 0.000802501000000001,
                                                    "result_set_size": 106762496,
                                                    "children": [
                                                        {
                                                            "operator_name": "HASH_GROUP_BY",
                                                            "cpu_time": 34.79851079399997,
                                                            "extra_info": {
                                                                "Groups": [
                                                                    "#0",
                                                                    "#1",
                                                                    "#2",
                                                                    "#3",
                                                                    "#4",
                                                                    "#5"
                                                                ],
                                                                "Aggregates": [
                                                                    "count(#6)",
                                                                    "count(DISTINCT #7)",
                                                                    "count(DISTINCT #8)"
                                                                ],
                                                                "Estimated Cardinality": "3850116"
                                                            },
                                                            "cumulative_cardinality": 457265788,
                                                            "operator_type": "HASH_GROUP_BY",
                                                            "operator_cardinality": 1668164,
                                                            "cumulative_rows_scanned": 39481391,
                                                            "operator_rows_scanned": 0,
                                                            "operator_timing": 22.971520614999978,
                                                            "result_set_size": 103426168,
                                                            "children": [
                                                                {
                                                                    "operator_name": "PROJECTION",
                                                                    "cpu_time": 11.826990178999985,
                                                                    "extra_info": {
                                                                        "Projections": [
                                                                            "id",
                                                                            "title",
                                                                            "creationdate",
                                                                            "viewcount",
                                                                            "score",
                                                                            "acceptedanswerid",
                                                                            "id",
                                                                            "id",
                                                                            "id"
                                                                        ],
                                                                        "Estimated Cardinality": "12744093"
                                                                    },
                                                                    "cumulative_cardinality": 455597624,
                                                                    "operator_type": "PROJECTION",
                                                                    "operator_cardinality": 130560475,
                                                                    "cumulative_rows_scanned": 39481391,
                                                                    "operator_rows_scanned": 0,
                                                                    "operator_timing": 0.03865850599999995,
                                                                    "result_set_size": 6528023750,
                                                                    "children": [
                                                                        {
                                                                            "operator_name": "PROJECTION",
                                                                            "cpu_time": 11.788331672999986,
                                                                            "extra_info": {
                                                                                "Projections": [
                                                                                    "#0",
                                                                                    "#1",
                                                                                    "#2",
                                                                                    "#3",
                                                                                    "__internal_compress_integral_usmallint(#4, -72)",
                                                                                    "#5",
                                                                                    "#6",
                                                                                    "#7",
                                                                                    "#8"
                                                                                ],
                                                                                "Estimated Cardinality": "12744093"
                                                                            },
                                                                            "cumulative_cardinality": 325037149,
                                                                            "operator_type": "PROJECTION",
                                                                            "operator_cardinality": 130560475,
                                                                            "cumulative_rows_scanned": 39481391,
                                                                            "operator_rows_scanned": 0,
                                                                            "operator_timing": 0.18574884899999905,
                                                                            "result_set_size": 6528023750,
                                                                            "children": [
                                                                                {
                                                                                    "operator_name": "HASH_JOIN",
                                                                                    "cpu_time": 11.602582823999986,
                                                                                    "extra_info": {
                                                                                        "Join Type": "LEFT",
                                                                                        "Conditions": "id = postid",
                                                                                        "Estimated Cardinality": "12744093"
                                                                                    },
                                                                                    "cumulative_cardinality": 194476674,
                                                                                    "operator_type": "HASH_JOIN",
                                                                                    "operator_cardinality": 130560475,
                                                                                    "cumulative_rows_scanned": 39481391,
                                                                                    "operator_rows_scanned": 0,
                                                                                    "operator_timing": 2.447826035999989,
                                                                                    "result_set_size": 6789144700,
                                                                                    "children": [
                                                                                        {
                                                                                            "operator_name": "HASH_JOIN",
                                                                                            "cpu_time": 6.292595939999998,
                                                                                            "extra_info": {
                                                                                                "Join Type": "LEFT",
                                                                                                "Conditions": "id = postid",
                                                                                                "Estimated Cardinality": "12744093"
                                                                                            },
                                                                                            "cumulative_cardinality": 52120955,
                                                                                            "operator_type": "HASH_JOIN",
                                                                                            "operator_cardinality": 16904139,
                                                                                            "cumulative_rows_scanned": 27686147,
                                                                                            "operator_rows_scanned": 0,
                                                                                            "operator_timing": 1.1981189140000013,
                                                                                            "result_set_size": 811398672,
                                                                                            "children": [
                                                                                                {
                                                                                                    "operator_name": "PROJECTION",
                                                                                                    "cpu_time": 4.850486941999997,
                                                                                                    "extra_info": {
                                                                                                        "Projections": [
                                                                                                            "#0",
                                                                                                            "#1",
                                                                                                            "#2",
                                                                                                            "#3",
                                                                                                            "__internal_decompress_integral_integer(#4, -72)",
                                                                                                            "#5",
                                                                                                            "#6"
                                                                                                        ],
                                                                                                        "Estimated Cardinality": "7241822"
                                                                                                    },
                                                                                                    "cumulative_cardinality": 22472723,
                                                                                                    "operator_type": "PROJECTION",
                                                                                                    "operator_cardinality": 4677925,
                                                                                                    "cumulative_rows_scanned": 14942054,
                                                                                                    "operator_rows_scanned": 0,
                                                                                                    "operator_timing": 0.008495321999999979,
                                                                                                    "result_set_size": 205828700,
                                                                                                    "children": [
                                                                                                        {
                                                                                                            "operator_name": "HASH_JOIN",
                                                                                                            "cpu_time": 4.841991619999997,
                                                                                                            "extra_info": {
                                                                                                                "Join Type": "RIGHT",
                                                                                                                "Conditions": "postid = id",
                                                                                                                "Estimated Cardinality": "7241822"
                                                                                                            },
                                                                                                            "cumulative_cardinality": 17794798,
                                                                                                            "operator_type": "HASH_JOIN",
                                                                                                            "operator_cardinality": 4677925,
                                                                                                            "cumulative_rows_scanned": 14942054,
                                                                                                            "operator_rows_scanned": 0,
                                                                                                            "operator_timing": 0.5043248140000002,
                                                                                                            "result_set_size": 196472850,
                                                                                                            "children": [
                                                                                                                {
                                                                                                                    "operator_name": "READ_PARQUET ",
                                                                                                                    "cpu_time": 3.150294360999996,
                                                                                                                    "extra_info": {
                                                                                                                        "Function": "READ_PARQUET",
                                                                                                                        "Projections": [
                                                                                                                            "id",
                                                                                                                            "postid"
                                                                                                                        ],
                                                                                                                        "Estimated Cardinality": "7241822"
                                                                                                                    },
                                                                                                                    "cumulative_cardinality": 7241822,
                                                                                                                    "operator_type": "TABLE_SCAN",
                                                                                                                    "operator_cardinality": 7241822,
                                                                                                                    "cumulative_rows_scanned": 7241822,
                                                                                                                    "operator_rows_scanned": 7241822,
                                                                                                                    "operator_timing": 3.150294360999996,
                                                                                                                    "result_set_size": 57934576,
                                                                                                                    "children": []
                                                                                                                },
                                                                                                                {
                                                                                                                    "operator_name": "PROJECTION",
                                                                                                                    "cpu_time": 1.187372445000001,
                                                                                                                    "extra_info": {
                                                                                                                        "Projections": [
                                                                                                                            "#0",
                                                                                                                            "#1",
                                                                                                                            "#2",
                                                                                                                            "__internal_compress_integral_usmallint(#3, -72)",
                                                                                                                            "#4",
                                                                                                                            "#5"
                                                                                                                        ],
                                                                                                                        "Estimated Cardinality": "3850116"
                                                                                                                    },
                                                                                                                    "cumulative_cardinality": 5875051,
                                                                                                                    "operator_type": "PROJECTION",
                                                                                                                    "operator_cardinality": 1668164,
                                                                                                                    "cumulative_rows_scanned": 7700232,
                                                                                                                    "operator_rows_scanned": 0,
                                                                                                                    "operator_timing": 0.0007554309999999996,
                                                                                                                    "result_set_size": 63390232,
                                                                                                                    "children": [
                                                                                                                        {
                                                                                                                            "operator_name": "HASH_JOIN",
                                                                                                                            "cpu_time": 1.186617014000001,
                                                                                                                            "extra_info": {
                                                                                                                                "Join Type": "RIGHT",
                                                                                                                                "Conditions": "acceptedanswerid = id",
                                                                                                                                "Estimated Cardinality": "3850116"
                                                                                                                            },
                                                                                                                            "cumulative_cardinality": 4206887,
                                                                                                                            "operator_type": "HASH_JOIN",
                                                                                                                            "operator_cardinality": 1668164,
                                                                                                                            "cumulative_rows_scanned": 7700232,
                                                                                                                            "operator_rows_scanned": 0,
                                                                                                                            "operator_timing": 0.27718173400000007,
                                                                                                                            "result_set_size": 66726560,
                                                                                                                            "children": [
                                                                                                                                {
                                                                                                                                    "operator_name": "READ_PARQUET ",
                                                                                                                                    "cpu_time": 0.07596031899999998,
                                                                                                                                    "extra_info": {
                                                                                                                                        "Function": "READ_PARQUET",
                                                                                                                                        "Projections": "acceptedanswerid",
                                                                                                                                        "Estimated Cardinality": "3850116"
                                                                                                                                    },
                                                                                                                                    "cumulative_cardinality": 870559,
                                                                                                                                    "operator_type": "TABLE_SCAN",
                                                                                                                                    "operator_cardinality": 870559,
                                                                                                                                    "cumulative_rows_scanned": 3850116,
                                                                                                                                    "operator_rows_scanned": 3850116,
                                                                                                                                    "operator_timing": 0.07596031899999998,
                                                                                                                                    "result_set_size": 3482236,
                                                                                                                                    "children": []
                                                                                                                                },
                                                                                                                                {
                                                                                                                                    "operator_name": "READ_PARQUET ",
                                                                                                                                    "cpu_time": 0.833474961000001,
                                                                                                                                    "extra_info": {
                                                                                                                                        "Function": "READ_PARQUET",
                                                                                                                                        "Projections": [
                                                                                                                                            "id",
                                                                                                                                            "creationdate",
                                                                                                                                            "score",
                                                                                                                                            "viewcount",
                                                                                                                                            "title"
                                                                                                                                        ],
                                                                                                                                        "Filters": "posttypeid=1",
                                                                                                                                        "Estimated Cardinality": "770023"
                                                                                                                                    },
                                                                                                                                    "cumulative_cardinality": 1668164,
                                                                                                                                    "operator_type": "TABLE_SCAN",
                                                                                                                                    "operator_cardinality": 1668164,
                                                                                                                                    "cumulative_rows_scanned": 3850116,
                                                                                                                                    "operator_rows_scanned": 3850116,
                                                                                                                                    "operator_timing": 0.833474961000001,
                                                                                                                                    "result_set_size": 60053904,
                                                                                                                                    "children": []
                                                                                                                                }
                                                                                                                            ]
                                                                                                                        }
                                                                                                                    ]
                                                                                                                }
                                                                                                            ]
                                                                                                        }
                                                                                                    ]
                                                                                                },
                                                                                                {
                                                                                                    "operator_name": "READ_PARQUET ",
                                                                                                    "cpu_time": 0.2439900840000004,
                                                                                                    "extra_info": {
                                                                                                        "Function": "READ_PARQUET",
                                                                                                        "Projections": [
                                                                                                            "id",
                                                                                                            "postid"
                                                                                                        ],
                                                                                                        "Estimated Cardinality": "12744093"
                                                                                                    },
                                                                                                    "cumulative_cardinality": 12744093,
                                                                                                    "operator_type": "TABLE_SCAN",
                                                                                                    "operator_cardinality": 12744093,
                                                                                                    "cumulative_rows_scanned": 12744093,
                                                                                                    "operator_rows_scanned": 12744093,
                                                                                                    "operator_timing": 0.2439900840000004,
                                                                                                    "result_set_size": 101952744,
                                                                                                    "children": []
                                                                                                }
                                                                                            ]
                                                                                        },
                                                                                        {
                                                                                            "operator_name": "READ_PARQUET ",
                                                                                            "cpu_time": 2.8621608480000007,
                                                                                            "extra_info": {
                                                                                                "Function": "READ_PARQUET",
                                                                                                "Projections": [
                                                                                                    "id",
                                                                                                    "postid"
                                                                                                ],
                                                                                                "Estimated Cardinality": "11795244"
                                                                                            },
                                                                                            "cumulative_cardinality": 11795244,
                                                                                            "operator_type": "TABLE_SCAN",
                                                                                            "operator_cardinality": 11795244,
                                                                                            "cumulative_rows_scanned": 11795244,
                                                                                            "operator_rows_scanned": 11795244,
                                                                                            "operator_timing": 2.8621608480000007,
                                                                                            "result_set_size": 94361952,
                                                                                            "children": []
                                                                                        }
                                                                                    ]
                                                                                }
                                                                            ]
                                                                        }
                                                                    ]
                                                                }
                                                            ]
                                                        }
                                                    ]
                                                }
                                            ]
                                        }
                                    ]
                                }
                            ]
                        }
                    ]
                }
            ]
        }
    ]
}