{
    "rows_returned": 100,
    "query_name": "WITH PostMetrics AS (\n    SELECT \n        P.Id AS PostId,\n        P.Title,\n        P.CreationDate,\n        U.DisplayName AS OwnerDisplayName,\n        COALESCE(PH.EditCount, 0) AS EditCount,\n        COALESCE(C.Count, 0) AS CommentCount,\n        COALESCE(V.UpVoteCount, 0) AS UpVoteCount,\n        COALESCE(V.DownVoteCount, 0) AS DownVoteCount\n    FROM \n        Posts P\n    JOIN \n        Users U ON P.OwnerUserId = U.Id\n    LEFT JOIN (\n        SELECT \n            PostId,\n            COUNT(*) AS EditCount\n        FROM \n            PostHistory\n        WHERE \n            PostHistoryTypeId IN (4, 5, 6) \n        GROUP BY \n            PostId\n    ) PH ON PH.PostId = P.Id\n    LEFT JOIN (\n        SELECT \n            PostId,\n            COUNT(*) AS Count\n        FROM \n            Comments\n        GROUP BY \n            PostId\n    ) C ON C.PostId = P.Id\n    LEFT JOIN (\n        SELECT \n            PostId,\n            SUM(CASE WHEN VoteTypeId = 2 THEN 1 ELSE 0 END) AS UpVoteCount,\n            SUM(CASE WHEN VoteTypeId = 3 THEN 1 ELSE 0 END) AS DownVoteCount\n        FROM \n            Votes\n        GROUP BY \n            PostId\n    ) V ON V.PostId = P.Id\n)\nSELECT \n    *\nFROM \n    PostMetrics\nORDER BY \n    CreationDate DESC\nLIMIT 100;",
    "blocked_thread_time": 0.0,
    "cpu_time": 4.717627082000004,
    "extra_info": {},
    "cumulative_cardinality": 78951194,
    "cumulative_rows_scanned": 36891985,
    "result_set_size": 9200,
    "latency": 5.54801022,
    "children": [
        {
            "operator_name": "STREAMING_LIMIT",
            "cpu_time": 4.717627082000004,
            "extra_info": {},
            "cumulative_cardinality": 78951194,
            "operator_type": "STREAMING_LIMIT",
            "operator_cardinality": 100,
            "cumulative_rows_scanned": 36891985,
            "operator_rows_scanned": 0,
            "operator_timing": 0.0000026739999999999997,
            "result_set_size": 9200,
            "children": [
                {
                    "operator_name": "ORDER_BY",
                    "cpu_time": 4.717624408000004,
                    "extra_info": {
                        "Order By": "PostMetrics.creationdate DESC"
                    },
                    "cumulative_cardinality": 78951094,
                    "operator_type": "ORDER_BY",
                    "operator_cardinality": 4096,
                    "cumulative_rows_scanned": 36891985,
                    "operator_rows_scanned": 0,
                    "operator_timing": 0.536109052,
                    "result_set_size": 376832,
                    "children": [
                        {
                            "operator_name": "PROJECTION",
                            "cpu_time": 4.181515356000005,
                            "extra_info": {
                                "Projections": [
                                    "PostId",
                                    "title",
                                    "creationdate",
                                    "OwnerDisplayName",
                                    "EditCount",
                                    "CommentCount",
                                    "UpVoteCount",
                                    "DownVoteCount"
                                ],
                                "Estimated Cardinality": "6372046"
                            },
                            "cumulative_cardinality": 78946998,
                            "operator_type": "PROJECTION",
                            "operator_cardinality": 3685416,
                            "cumulative_rows_scanned": 36891985,
                            "operator_rows_scanned": 0,
                            "operator_timing": 0.12228181600000006,
                            "result_set_size": 339058272,
                            "children": [
                                {
                                    "operator_name": "HASH_JOIN",
                                    "cpu_time": 4.059233540000005,
                                    "extra_info": {
                                        "Join Type": "RIGHT",
                                        "Conditions": "postid = id",
                                        "Estimated Cardinality": "6372046"
                                    },
                                    "cumulative_cardinality": 75261582,
                                    "operator_type": "HASH_JOIN",
                                    "operator_cardinality": 3685416,
                                    "cumulative_rows_scanned": 36891985,
                                    "operator_rows_scanned": 0,
                                    "operator_timing": 0.821343609,
                                    "result_set_size": 339058272,
                                    "children": [
                                        {
                                            "operator_name": "HASH_GROUP_BY",
                                            "cpu_time": 1.0566720550000022,
                                            "extra_info": {
                                                "Groups": "#0",
                                                "Aggregates": [
                                                    "sum(#1)",
                                                    "sum(#2)"
                                                ],
                                                "Estimated Cardinality": "6372046"
                                            },
                                            "cumulative_cardinality": 29453413,
                                            "operator_type": "HASH_GROUP_BY",
                                            "operator_cardinality": 3965227,
                                            "cumulative_rows_scanned": 12744093,
                                            "operator_rows_scanned": 0,
                                            "operator_timing": 0.8186250810000011,
                                            "result_set_size": 142748172,
                                            "children": [
                                                {
                                                    "operator_name": "PROJECTION",
                                                    "cpu_time": 0.23804697400000097,
                                                    "extra_info": {
                                                        "Projections": [
                                                            "postid",
                                                            "CASE  WHEN ((votetypeid = 2)) THEN (1) ELSE 0 END",
                                                            "CASE  WHEN ((votetypeid = 3)) THEN (1) ELSE 0 END"
                                                        ],
                                                        "Estimated Cardinality": "12744093"
                                                    },
                                                    "cumulative_cardinality": 25488186,
                                                    "operator_type": "PROJECTION",
                                                    "operator_cardinality": 12744093,
                                                    "cumulative_rows_scanned": 12744093,
                                                    "operator_rows_scanned": 0,
                                                    "operator_timing": 0.1017337910000004,
                                                    "result_set_size": 152929116,
                                                    "children": [
                                                        {
                                                            "operator_name": "READ_PARQUET ",
                                                            "cpu_time": 0.13631318300000056,
                                                            "extra_info": {
                                                                "Function": "READ_PARQUET",
                                                                "Projections": [
                                                                    "postid",
                                                                    "votetypeid"
                                                                ],
                                                                "Estimated Cardinality": "12744093"
                                                            },
                                                            "cumulative_cardinality": 12744093,
                                                            "operator_type": "TABLE_SCAN",
                                                            "operator_cardinality": 12744093,
                                                            "cumulative_rows_scanned": 12744093,
                                                            "operator_rows_scanned": 12744093,
                                                            "operator_timing": 0.13631318300000056,
                                                            "result_set_size": 76464558,
                                                            "children": []
                                                        }
                                                    ]
                                                }
                                            ]
                                        },
                                        {
                                            "operator_name": "HASH_JOIN",
                                            "cpu_time": 2.181217876000003,
                                            "extra_info": {
                                                "Join Type": "LEFT",
                                                "Conditions": "id = postid",
                                                "Estimated Cardinality": "3850116"
                                            },
                                            "cumulative_cardinality": 42122753,
                                            "operator_type": "HASH_JOIN",
                                            "operator_cardinality": 3685416,
                                            "cumulative_rows_scanned": 24147892,
                                            "operator_rows_scanned": 0,
                                            "operator_timing": 0.300217459000002,
                                            "result_set_size": 221124960,
                                            "children": [
                                                {
                                                    "operator_name": "HASH_JOIN",
                                                    "cpu_time": 1.5674426070000003,
                                                    "extra_info": {
                                                        "Join Type": "LEFT",
                                                        "Conditions": "id = postid",
                                                        "Estimated Cardinality": "3850116"
                                                    },
                                                    "cumulative_cardinality": 21790021,
                                                    "operator_type": "HASH_JOIN",
                                                    "operator_cardinality": 3685416,
                                                    "cumulative_rows_scanned": 16906070,
                                                    "operator_rows_scanned": 0,
                                                    "operator_timing": 0.28886794100000124,
                                                    "result_set_size": 191641632,
                                                    "children": [
                                                        {
                                                            "operator_name": "HASH_JOIN",
                                                            "cpu_time": 0.7550035430000003,
                                                            "extra_info": {
                                                                "Join Type": "INNER",
                                                                "Conditions": "owneruserid = id",
                                                                "Estimated Cardinality": "3850116"
                                                            },
                                                            "cumulative_cardinality": 8631511,
                                                            "operator_type": "HASH_JOIN",
                                                            "operator_cardinality": 3685416,
                                                            "cumulative_rows_scanned": 5110826,
                                                            "operator_rows_scanned": 0,
                                                            "operator_timing": 0.2494812300000004,
                                                            "result_set_size": 162158304,
                                                            "children": [
                                                                {
                                                                    "operator_name": "READ_PARQUET ",
                                                                    "cpu_time": 0.4215456479999999,
                                                                    "extra_info": {
                                                                        "Function": "READ_PARQUET",
                                                                        "Projections": [
                                                                            "id",
                                                                            "creationdate",
                                                                            "owneruserid",
                                                                            "title"
                                                                        ],
                                                                        "Estimated Cardinality": "3850116"
                                                                    },
                                                                    "cumulative_cardinality": 3685416,
                                                                    "operator_type": "TABLE_SCAN",
                                                                    "operator_cardinality": 3685416,
                                                                    "cumulative_rows_scanned": 3850116,
                                                                    "operator_rows_scanned": 3850116,
                                                                    "operator_timing": 0.4215456479999999,
                                                                    "result_set_size": 117933312,
                                                                    "children": []
                                                                },
                                                                {
                                                                    "operator_name": "READ_PARQUET ",
                                                                    "cpu_time": 0.08397666499999996,
                                                                    "extra_info": {
                                                                        "Function": "READ_PARQUET",
                                                                        "Projections": [
                                                                            "id",
                                                                            "displayname"
                                                                        ],
                                                                        "Filters": "id<=1416539",
                                                                        "Estimated Cardinality": "1260710"
                                                                    },
                                                                    "cumulative_cardinality": 1260679,
                                                                    "operator_type": "TABLE_SCAN",
                                                                    "operator_cardinality": 1260679,
                                                                    "cumulative_rows_scanned": 1260710,
                                                                    "operator_rows_scanned": 1260710,
                                                                    "operator_timing": 0.08397666499999996,
                                                                    "result_set_size": 25213580,
                                                                    "children": []
                                                                }
                                                            ]
                                                        },
                                                        {
                                                            "operator_name": "HASH_GROUP_BY",
                                                            "cpu_time": 0.5235711229999985,
                                                            "extra_info": {
                                                                "Groups": "#0",
                                                                "Aggregates": "count_star()",
                                                                "Estimated Cardinality": "1179524"
                                                            },
                                                            "cumulative_cardinality": 9473094,
                                                            "operator_type": "HASH_GROUP_BY",
                                                            "operator_cardinality": 1807830,
                                                            "cumulative_rows_scanned": 11795244,
                                                            "operator_rows_scanned": 0,
                                                            "operator_timing": 0.22479413999999961,
                                                            "result_set_size": 21693960,
                                                            "children": [
                                                                {
                                                                    "operator_name": "PROJECTION",
                                                                    "cpu_time": 0.29877698299999894,
                                                                    "extra_info": {
                                                                        "Projections": "postid",
                                                                        "Estimated Cardinality": "2359048"
                                                                    },
                                                                    "cumulative_cardinality": 7665264,
                                                                    "operator_type": "PROJECTION",
                                                                    "operator_cardinality": 3832632,
                                                                    "cumulative_rows_scanned": 11795244,
                                                                    "operator_rows_scanned": 0,
                                                                    "operator_timing": 0.0006318750000000018,
                                                                    "result_set_size": 15330528,
                                                                    "children": [
                                                                        {
                                                                            "operator_name": "READ_PARQUET ",
                                                                            "cpu_time": 0.29814510799999894,
                                                                            "extra_info": {
                                                                                "Function": "READ_PARQUET",
                                                                                "Projections": "postid",
                                                                                "Filters": "posthistorytypeid>=4 AND posthistorytypeid<=6",
                                                                                "Estimated Cardinality": "2359048"
                                                                            },
                                                                            "cumulative_cardinality": 3832632,
                                                                            "operator_type": "TABLE_SCAN",
                                                                            "operator_cardinality": 3832632,
                                                                            "cumulative_rows_scanned": 11795244,
                                                                            "operator_rows_scanned": 11795244,
                                                                            "operator_timing": 0.29814510799999894,
                                                                            "result_set_size": 15330528,
                                                                            "children": []
                                                                        }
                                                                    ]
                                                                }
                                                            ]
                                                        }
                                                    ]
                                                },
                                                {
                                                    "operator_name": "HASH_GROUP_BY",
                                                    "cpu_time": 0.31355781000000055,
                                                    "extra_info": {
                                                        "Groups": "#0",
                                                        "Aggregates": "count_star()",
                                                        "Estimated Cardinality": "3620911"
                                                    },
                                                    "cumulative_cardinality": 16647316,
                                                    "operator_type": "HASH_GROUP_BY",
                                                    "operator_cardinality": 2163672,
                                                    "cumulative_rows_scanned": 7241822,
                                                    "operator_rows_scanned": 0,
                                                    "operator_timing": 0.2518309920000004,
                                                    "result_set_size": 25964064,
                                                    "children": [
                                                        {
                                                            "operator_name": "PROJECTION",
                                                            "cpu_time": 0.061726818000000114,
                                                            "extra_info": {
                                                                "Projections": "postid",
                                                                "Estimated Cardinality": "7241822"
                                                            },
                                                            "cumulative_cardinality": 14483644,
                                                            "operator_type": "PROJECTION",
                                                            "operator_cardinality": 7241822,
                                                            "cumulative_rows_scanned": 7241822,
                                                            "operator_rows_scanned": 0,
                                                            "operator_timing": 0.00036286000000000727,
                                                            "result_set_size": 28967288,
                                                            "children": [
                                                                {
                                                                    "operator_name": "READ_PARQUET ",
                                                                    "cpu_time": 0.06136395800000011,
                                                                    "extra_info": {
                                                                        "Function": "READ_PARQUET",
                                                                        "Projections": "postid",
                                                                        "Estimated Cardinality": "7241822"
                                                                    },
                                                                    "cumulative_cardinality": 7241822,
                                                                    "operator_type": "TABLE_SCAN",
                                                                    "operator_cardinality": 7241822,
                                                                    "cumulative_rows_scanned": 7241822,
                                                                    "operator_rows_scanned": 7241822,
                                                                    "operator_timing": 0.06136395800000011,
                                                                    "result_set_size": 28967288,
                                                                    "children": []
                                                                }
                                                            ]
                                                        }
                                                    ]
                                                }
                                            ]
                                        }
                                    ]
                                }
                            ]
                        }
                    ]
                }
            ]
        }
    ]
}