{
    "rows_returned": 1260710,
    "query_name": "WITH UserPostActivity AS (\n    SELECT\n        u.Id AS UserId,\n        u.DisplayName,\n        COUNT(p.Id) AS TotalPosts,\n        SUM(CASE WHEN p.PostTypeId = 1 THEN 1 ELSE 0 END) AS TotalQuestions,\n        SUM(CASE WHEN p.PostTypeId = 2 THEN 1 ELSE 0 END) AS TotalAnswers,\n        SUM(COALESCE(p.Score, 0)) AS TotalScore,\n        SUM(COALESCE(p.ViewCount, 0)) AS TotalViews,\n        COUNT(c.Id) AS TotalComments\n    FROM\n        Users u\n    LEFT JOIN\n        Posts p ON u.Id = p.OwnerUserId\n    LEFT JOIN\n        Comments c ON p.Id = c.PostId\n    GROUP BY\n        u.Id, u.DisplayName\n),\nPostHistorySummary AS (\n    SELECT\n        ph.UserId,\n        COUNT(ph.Id) AS TotalPostHistories,\n        SUM(CASE WHEN ph.PostHistoryTypeId = 10 THEN 1 ELSE 0 END) AS TotalPostClosures,\n        SUM(CASE WHEN ph.PostHistoryTypeId = 11 THEN 1 ELSE 0 END) AS TotalPostReopenings\n    FROM\n        PostHistory ph\n    GROUP BY\n        ph.UserId\n)\n\nSELECT\n    u.UserId,\n    u.DisplayName,\n    u.TotalPosts,\n    u.TotalQuestions,\n    u.TotalAnswers,\n    u.TotalScore,\n    u.TotalViews,\n    u.TotalComments,\n    pht.TotalPostHistories,\n    pht.TotalPostClosures,\n    pht.TotalPostReopenings\nFROM\n    UserPostActivity u\nLEFT JOIN\n    PostHistorySummary pht ON u.UserId = pht.UserId\nORDER BY\n    u.TotalScore DESC, u.TotalPosts DESC;",
    "blocked_thread_time": 0.0,
    "cpu_time": 5.963130992999997,
    "extra_info": {},
    "cumulative_cardinality": 78620913,
    "cumulative_rows_scanned": 24147892,
    "result_set_size": 176499400,
    "latency": 10.850786403,
    "children": [
        {
            "operator_name": "ORDER_BY",
            "cpu_time": 5.963130992999997,
            "extra_info": {
                "Order By": [
                    "u.TotalScore DESC",
                    "u.TotalPosts DESC"
                ]
            },
            "cumulative_cardinality": 78620913,
            "operator_type": "ORDER_BY",
            "operator_cardinality": 1260710,
            "cumulative_rows_scanned": 24147892,
            "operator_rows_scanned": 0,
            "operator_timing": 0.255240633,
            "result_set_size": 176499400,
            "children": [
                {
                    "operator_name": "PROJECTION",
                    "cpu_time": 5.707890359999998,
                    "extra_info": {
                        "Projections": [
                            "UserId",
                            "displayname",
                            "TotalPosts",
                            "TotalQuestions",
                            "TotalAnswers",
                            "TotalScore",
                            "TotalViews",
                            "TotalComments",
                            "TotalPostHistories",
                            "TotalPostClosures",
                            "TotalPostReopenings"
                        ],
                        "Estimated Cardinality": "5897622"
                    },
                    "cumulative_cardinality": 77360203,
                    "operator_type": "PROJECTION",
                    "operator_cardinality": 1260710,
                    "cumulative_rows_scanned": 24147892,
                    "operator_rows_scanned": 0,
                    "operator_timing": 0.00042348099999999997,
                    "result_set_size": 176499400,
                    "children": [
                        {
                            "operator_name": "HASH_JOIN",
                            "cpu_time": 5.707466878999997,
                            "extra_info": {
                                "Join Type": "RIGHT",
                                "Conditions": "userid = UserId",
                                "Estimated Cardinality": "5897622"
                            },
                            "cumulative_cardinality": 76099493,
                            "operator_type": "HASH_JOIN",
                            "operator_cardinality": 1260710,
                            "cumulative_rows_scanned": 24147892,
                            "operator_rows_scanned": 0,
                            "operator_timing": 0.27138689600000004,
                            "result_set_size": 176499400,
                            "children": [
                                {
                                    "operator_name": "HASH_GROUP_BY",
                                    "cpu_time": 0.9545810490000013,
                                    "extra_info": {
                                        "Groups": "#0",
                                        "Aggregates": [
                                            "count_star()",
                                            "sum(#1)",
                                            "sum(#2)"
                                        ],
                                        "Estimated Cardinality": "5897622"
                                    },
                                    "cumulative_cardinality": 23964605,
                                    "operator_type": "HASH_GROUP_BY",
                                    "operator_cardinality": 374117,
                                    "cumulative_rows_scanned": 11795244,
                                    "operator_rows_scanned": 0,
                                    "operator_timing": 0.3217335730000002,
                                    "result_set_size": 16461148,
                                    "children": [
                                        {
                                            "operator_name": "PROJECTION",
                                            "cpu_time": 0.632847476000001,
                                            "extra_info": {
                                                "Projections": [
                                                    "userid",
                                                    "CASE  WHEN ((posthistorytypeid = 10)) THEN (1) ELSE 0 END",
                                                    "CASE  WHEN ((posthistorytypeid = 11)) THEN (1) ELSE 0 END"
                                                ],
                                                "Estimated Cardinality": "11795244"
                                            },
                                            "cumulative_cardinality": 23590488,
                                            "operator_type": "PROJECTION",
                                            "operator_cardinality": 11795244,
                                            "cumulative_rows_scanned": 11795244,
                                            "operator_rows_scanned": 0,
                                            "operator_timing": 0.06279591100000002,
                                            "result_set_size": 141542928,
                                            "children": [
                                                {
                                                    "operator_name": "READ_PARQUET ",
                                                    "cpu_time": 0.570051565000001,
                                                    "extra_info": {
                                                        "Function": "READ_PARQUET",
                                                        "Projections": [
                                                            "id",
                                                            "posthistorytypeid",
                                                            "userid"
                                                        ],
                                                        "Estimated Cardinality": "11795244"
                                                    },
                                                    "cumulative_cardinality": 11795244,
                                                    "operator_type": "TABLE_SCAN",
                                                    "operator_cardinality": 11795244,
                                                    "cumulative_rows_scanned": 11795244,
                                                    "operator_rows_scanned": 11795244,
                                                    "operator_timing": 0.570051565000001,
                                                    "result_set_size": 117952440,
                                                    "children": []
                                                }
                                            ]
                                        }
                                    ]
                                },
                                {
                                    "operator_name": "HASH_GROUP_BY",
                                    "cpu_time": 4.481498933999996,
                                    "extra_info": {
                                        "Groups": [
                                            "#0",
                                            "#1"
                                        ],
                                        "Aggregates": [
                                            "count(#2)",
                                            "sum(#3)",
                                            "sum(#4)",
                                            "sum(#5)",
                                            "sum(#6)",
                                            "count(#7)"
                                        ],
                                        "Estimated Cardinality": "1260710"
                                    },
                                    "cumulative_cardinality": 50874178,
                                    "operator_type": "HASH_GROUP_BY",
                                    "operator_cardinality": 1260710,
                                    "cumulative_rows_scanned": 12352648,
                                    "operator_rows_scanned": 0,
                                    "operator_timing": 2.9257656879999963,
                                    "result_set_size": 126071000,
                                    "children": [
                                        {
                                            "operator_name": "PROJECTION",
                                            "cpu_time": 1.555733245999999,
                                            "extra_info": {
                                                "Projections": [
                                                    "id",
                                                    "displayname",
                                                    "id",
                                                    "CASE  WHEN ((posttypeid = 1)) THEN (1) ELSE 0 END",
                                                    "CASE  WHEN ((posttypeid = 2)) THEN (1) ELSE 0 END",
                                                    "COALESCE(score, 0)",
                                                    "COALESCE(viewcount, 0)",
                                                    "id"
                                                ],
                                                "Estimated Cardinality": "7241822"
                                            },
                                            "cumulative_cardinality": 49613468,
                                            "operator_type": "PROJECTION",
                                            "operator_cardinality": 9425510,
                                            "cumulative_rows_scanned": 12352648,
                                            "operator_rows_scanned": 0,
                                            "operator_timing": 0.13498233900000012,
                                            "result_set_size": 414722440,
                                            "children": [
                                                {
                                                    "operator_name": "PROJECTION",
                                                    "cpu_time": 1.4207509069999988,
                                                    "extra_info": {
                                                        "Projections": [
                                                            "#0",
                                                            "#1",
                                                            "__internal_decompress_integral_smallint(#2, 1)",
                                                            "__internal_decompress_integral_integer(#3, -72)",
                                                            "#4",
                                                            "#5",
                                                            "#6"
                                                        ],
                                                        "Estimated Cardinality": "7241822"
                                                    },
                                                    "cumulative_cardinality": 40187958,
                                                    "operator_type": "PROJECTION",
                                                    "operator_cardinality": 9425510,
                                                    "cumulative_rows_scanned": 12352648,
                                                    "operator_rows_scanned": 0,
                                                    "operator_timing": 0.006939726999999989,
                                                    "result_set_size": 358169380,
                                                    "children": [
                                                        {
                                                            "operator_name": "HASH_JOIN",
                                                            "cpu_time": 1.4138111799999988,
                                                            "extra_info": {
                                                                "Join Type": "RIGHT",
                                                                "Conditions": "postid = id",
                                                                "Estimated Cardinality": "7241822"
                                                            },
                                                            "cumulative_cardinality": 30762448,
                                                            "operator_type": "HASH_JOIN",
                                                            "operator_cardinality": 9425510,
                                                            "cumulative_rows_scanned": 12352648,
                                                            "operator_rows_scanned": 0,
                                                            "operator_timing": 0.7886760329999994,
                                                            "result_set_size": 329892850,
                                                            "children": [
                                                                {
                                                                    "operator_name": "READ_PARQUET ",
                                                                    "cpu_time": 0.11770414099999991,
                                                                    "extra_info": {
                                                                        "Function": "READ_PARQUET",
                                                                        "Projections": [
                                                                            "id",
                                                                            "postid"
                                                                        ],
                                                                        "Estimated Cardinality": "7241822"
                                                                    },
                                                                    "cumulative_cardinality": 7241822,
                                                                    "operator_type": "TABLE_SCAN",
                                                                    "operator_cardinality": 7241822,
                                                                    "cumulative_rows_scanned": 7241822,
                                                                    "operator_rows_scanned": 7241822,
                                                                    "operator_timing": 0.11770414099999991,
                                                                    "result_set_size": 57934576,
                                                                    "children": []
                                                                },
                                                                {
                                                                    "operator_name": "PROJECTION",
                                                                    "cpu_time": 0.5074310059999995,
                                                                    "extra_info": {
                                                                        "Projections": [
                                                                            "#0",
                                                                            "__internal_compress_integral_utinyint(#1, 1)",
                                                                            "__internal_compress_integral_usmallint(#2, -72)",
                                                                            "#3",
                                                                            "#4",
                                                                            "#5"
                                                                        ],
                                                                        "Estimated Cardinality": "3850116"
                                                                    },
                                                                    "cumulative_cardinality": 14095116,
                                                                    "operator_type": "PROJECTION",
                                                                    "operator_cardinality": 4574495,
                                                                    "cumulative_rows_scanned": 5110826,
                                                                    "operator_rows_scanned": 0,
                                                                    "operator_timing": 0.0036742879999999926,
                                                                    "result_set_size": 141809345,
                                                                    "children": [
                                                                        {
                                                                            "operator_name": "HASH_JOIN",
                                                                            "cpu_time": 0.5037567179999994,
                                                                            "extra_info": {
                                                                                "Join Type": "RIGHT",
                                                                                "Conditions": "owneruserid = id",
                                                                                "Estimated Cardinality": "3850116"
                                                                            },
                                                                            "cumulative_cardinality": 9520621,
                                                                            "operator_type": "HASH_JOIN",
                                                                            "operator_cardinality": 4574495,
                                                                            "cumulative_rows_scanned": 5110826,
                                                                            "operator_rows_scanned": 0,
                                                                            "operator_timing": 0.27161457699999986,
                                                                            "result_set_size": 155532830,
                                                                            "children": [
                                                                                {
                                                                                    "operator_name": "READ_PARQUET ",
                                                                                    "cpu_time": 0.1531621079999996,
                                                                                    "extra_info": {
                                                                                        "Function": "READ_PARQUET",
                                                                                        "Projections": [
                                                                                            "id",
                                                                                            "posttypeid",
                                                                                            "score",
                                                                                            "viewcount",
                                                                                            "owneruserid"
                                                                                        ],
                                                                                        "Estimated Cardinality": "3850116"
                                                                                    },
                                                                                    "cumulative_cardinality": 3685416,
                                                                                    "operator_type": "TABLE_SCAN",
                                                                                    "operator_cardinality": 3685416,
                                                                                    "cumulative_rows_scanned": 3850116,
                                                                                    "operator_rows_scanned": 3850116,
                                                                                    "operator_timing": 0.1531621079999996,
                                                                                    "result_set_size": 66337488,
                                                                                    "children": []
                                                                                },
                                                                                {
                                                                                    "operator_name": "READ_PARQUET ",
                                                                                    "cpu_time": 0.07898003300000002,
                                                                                    "extra_info": {
                                                                                        "Function": "READ_PARQUET",
                                                                                        "Projections": [
                                                                                            "id",
                                                                                            "displayname"
                                                                                        ],
                                                                                        "Estimated Cardinality": "1260710"
                                                                                    },
                                                                                    "cumulative_cardinality": 1260710,
                                                                                    "operator_type": "TABLE_SCAN",
                                                                                    "operator_cardinality": 1260710,
                                                                                    "cumulative_rows_scanned": 1260710,
                                                                                    "operator_rows_scanned": 1260710,
                                                                                    "operator_timing": 0.07898003300000002,
                                                                                    "result_set_size": 25214200,
                                                                                    "children": []
                                                                                }
                                                                            ]
                                                                        }
                                                                    ]
                                                                }
                                                            ]
                                                        }
                                                    ]
                                                }
                                            ]
                                        }
                                    ]
                                }
                            ]
                        }
                    ]
                }
            ]
        }
    ]
}