{
    "rows_returned": 100,
    "query_name": "\nSELECT \n    p.Id AS PostId,\n    p.Title,\n    p.CreationDate,\n    p.Score,\n    p.ViewCount,\n    u.DisplayName AS OwnerDisplayName,\n    u.Reputation AS OwnerReputation,\n    ARRAY_AGG(t.TagName) AS Tags,\n    COUNT(v.Id) AS VoteCount\nFROM \n    Posts p\nJOIN \n    Users u ON p.OwnerUserId = u.Id\nLEFT JOIN \n    Tags t ON t.ExcerptPostId = p.Id\nLEFT JOIN \n    Votes v ON v.PostId = p.Id\nWHERE \n    p.CreationDate >= '2023-01-01' \nGROUP BY \n    p.Id, p.Title, p.CreationDate, p.Score, p.ViewCount, u.DisplayName, u.Reputation\nORDER BY \n    p.CreationDate DESC\nLIMIT 100;\n",
    "blocked_thread_time": 0.0,
    "cpu_time": 1.3937556260000006,
    "extra_info": {},
    "cumulative_cardinality": 5484151,
    "cumulative_rows_scanned": 17856895,
    "result_set_size": 171840,
    "latency": 1.49645262,
    "children": [
        {
            "operator_name": "STREAMING_LIMIT",
            "cpu_time": 1.3937556260000006,
            "extra_info": {},
            "cumulative_cardinality": 5484151,
            "operator_type": "STREAMING_LIMIT",
            "operator_cardinality": 100,
            "cumulative_rows_scanned": 17856895,
            "operator_rows_scanned": 0,
            "operator_timing": 0.000001644,
            "result_set_size": 171840,
            "children": [
                {
                    "operator_name": "PROJECTION",
                    "cpu_time": 1.3937539820000007,
                    "extra_info": {
                        "Projections": [
                            "#0",
                            "#1",
                            "#2",
                            "__internal_decompress_integral_integer(#3, -72)",
                            "#4",
                            "#5",
                            "#6",
                            "#7",
                            "#8"
                        ],
                        "Estimated Cardinality": "3850116"
                    },
                    "cumulative_cardinality": 5484051,
                    "operator_type": "PROJECTION",
                    "operator_cardinality": 4096,
                    "cumulative_rows_scanned": 17856895,
                    "operator_rows_scanned": 0,
                    "operator_timing": 0.000007464,
                    "result_set_size": 589824,
                    "children": [
                        {
                            "operator_name": "ORDER_BY",
                            "cpu_time": 1.3937465180000006,
                            "extra_info": {
                                "Order By": "p.CreationDate DESC"
                            },
                            "cumulative_cardinality": 5479955,
                            "operator_type": "ORDER_BY",
                            "operator_cardinality": 4096,
                            "cumulative_rows_scanned": 17856895,
                            "operator_rows_scanned": 0,
                            "operator_timing": 0.07270078399999998,
                            "result_set_size": 581632,
                            "children": [
                                {
                                    "operator_name": "PROJECTION",
                                    "cpu_time": 1.3210457340000006,
                                    "extra_info": {
                                        "Projections": [
                                            "#0",
                                            "#1",
                                            "#2",
                                            "__internal_compress_integral_usmallint(#3, -72)",
                                            "#4",
                                            "#5",
                                            "#6",
                                            "#7",
                                            "#8"
                                        ],
                                        "Estimated Cardinality": "3850116"
                                    },
                                    "cumulative_cardinality": 5475859,
                                    "operator_type": "PROJECTION",
                                    "operator_cardinality": 261413,
                                    "cumulative_rows_scanned": 17856895,
                                    "operator_rows_scanned": 0,
                                    "operator_timing": 0.0002055849999999999,
                                    "result_set_size": 34218310,
                                    "children": [
                                        {
                                            "operator_name": "PROJECTION",
                                            "cpu_time": 1.3208401490000006,
                                            "extra_info": {
                                                "Projections": [
                                                    "#0",
                                                    "#1",
                                                    "#2",
                                                    "__internal_decompress_integral_integer(#3, -72)",
                                                    "#4",
                                                    "#5",
                                                    "#6",
                                                    "#7",
                                                    "#8"
                                                ],
                                                "Estimated Cardinality": "3850116"
                                            },
                                            "cumulative_cardinality": 5214446,
                                            "operator_type": "PROJECTION",
                                            "operator_cardinality": 261413,
                                            "cumulative_rows_scanned": 17856895,
                                            "operator_rows_scanned": 0,
                                            "operator_timing": 0.000220711,
                                            "result_set_size": 34741136,
                                            "children": [
                                                {
                                                    "operator_name": "HASH_GROUP_BY",
                                                    "cpu_time": 1.3206194380000005,
                                                    "extra_info": {
                                                        "Groups": [
                                                            "#0",
                                                            "#1",
                                                            "#2",
                                                            "#3",
                                                            "#4",
                                                            "#5",
                                                            "#6"
                                                        ],
                                                        "Aggregates": [
                                                            "array_agg(#7)",
                                                            "count(#8)"
                                                        ],
                                                        "Estimated Cardinality": "3850116"
                                                    },
                                                    "cumulative_cardinality": 4953033,
                                                    "operator_type": "HASH_GROUP_BY",
                                                    "operator_cardinality": 261413,
                                                    "cumulative_rows_scanned": 17856895,
                                                    "operator_rows_scanned": 0,
                                                    "operator_timing": 0.208508817,
                                                    "result_set_size": 34251078,
                                                    "children": [
                                                        {
                                                            "operator_name": "PROJECTION",
                                                            "cpu_time": 1.1121106210000005,
                                                            "extra_info": {
                                                                "Projections": [
                                                                    "id",
                                                                    "title",
                                                                    "creationdate",
                                                                    "score",
                                                                    "viewcount",
                                                                    "displayname",
                                                                    "reputation",
                                                                    "tagname",
                                                                    "id"
                                                                ],
                                                                "Estimated Cardinality": "12744093"
                                                            },
                                                            "cumulative_cardinality": 4691620,
                                                            "operator_type": "PROJECTION",
                                                            "operator_cardinality": 612702,
                                                            "cumulative_rows_scanned": 17856895,
                                                            "operator_rows_scanned": 0,
                                                            "operator_timing": 0.0005068400000000002,
                                                            "result_set_size": 45339948,
                                                            "children": [
                                                                {
                                                                    "operator_name": "PROJECTION",
                                                                    "cpu_time": 1.1116037810000006,
                                                                    "extra_info": {
                                                                        "Projections": [
                                                                            "#0",
                                                                            "#1",
                                                                            "#2",
                                                                            "#3",
                                                                            "#4",
                                                                            "__internal_compress_integral_usmallint(#5, -72)",
                                                                            "#6",
                                                                            "#7",
                                                                            "#8"
                                                                        ],
                                                                        "Estimated Cardinality": "12744093"
                                                                    },
                                                                    "cumulative_cardinality": 4078918,
                                                                    "operator_type": "PROJECTION",
                                                                    "operator_cardinality": 612702,
                                                                    "cumulative_rows_scanned": 17856895,
                                                                    "operator_rows_scanned": 0,
                                                                    "operator_timing": 0.0010101169999999994,
                                                                    "result_set_size": 45339948,
                                                                    "children": [
                                                                        {
                                                                            "operator_name": "HASH_JOIN",
                                                                            "cpu_time": 1.1105936640000005,
                                                                            "extra_info": {
                                                                                "Join Type": "RIGHT",
                                                                                "Conditions": "postid = id",
                                                                                "Estimated Cardinality": "12744093"
                                                                            },
                                                                            "cumulative_cardinality": 3466216,
                                                                            "operator_type": "HASH_JOIN",
                                                                            "operator_cardinality": 612702,
                                                                            "cumulative_rows_scanned": 17856895,
                                                                            "operator_rows_scanned": 0,
                                                                            "operator_timing": 0.13015853,
                                                                            "result_set_size": 46565352,
                                                                            "children": [
                                                                                {
                                                                                    "operator_name": "READ_PARQUET ",
                                                                                    "cpu_time": 0.04020283399999996,
                                                                                    "extra_info": {
                                                                                        "Function": "READ_PARQUET",
                                                                                        "Projections": [
                                                                                            "id",
                                                                                            "postid"
                                                                                        ],
                                                                                        "Estimated Cardinality": "12744093"
                                                                                    },
                                                                                    "cumulative_cardinality": 802778,
                                                                                    "operator_type": "TABLE_SCAN",
                                                                                    "operator_cardinality": 802778,
                                                                                    "cumulative_rows_scanned": 12744093,
                                                                                    "operator_rows_scanned": 12744093,
                                                                                    "operator_timing": 0.04020283399999996,
                                                                                    "result_set_size": 6422224,
                                                                                    "children": []
                                                                                },
                                                                                {
                                                                                    "operator_name": "HASH_JOIN",
                                                                                    "cpu_time": 0.9402323000000005,
                                                                                    "extra_info": {
                                                                                        "Join Type": "LEFT",
                                                                                        "Conditions": "id = excerptpostid",
                                                                                        "Estimated Cardinality": "770023"
                                                                                    },
                                                                                    "cumulative_cardinality": 2050736,
                                                                                    "operator_type": "HASH_JOIN",
                                                                                    "operator_cardinality": 261413,
                                                                                    "cumulative_rows_scanned": 5112802,
                                                                                    "operator_rows_scanned": 0,
                                                                                    "operator_timing": 0.019187699000000023,
                                                                                    "result_set_size": 18821736,
                                                                                    "children": [
                                                                                        {
                                                                                            "operator_name": "HASH_JOIN",
                                                                                            "cpu_time": 0.9205220150000004,
                                                                                            "extra_info": {
                                                                                                "Join Type": "INNER",
                                                                                                "Conditions": "id = owneruserid",
                                                                                                "Estimated Cardinality": "770023"
                                                                                            },
                                                                                            "cumulative_cardinality": 1787347,
                                                                                            "operator_type": "HASH_JOIN",
                                                                                            "operator_cardinality": 261413,
                                                                                            "cumulative_rows_scanned": 5110826,
                                                                                            "operator_rows_scanned": 0,
                                                                                            "operator_timing": 0.12415229700000002,
                                                                                            "result_set_size": 14639128,
                                                                                            "children": [
                                                                                                {
                                                                                                    "operator_name": "READ_PARQUET ",
                                                                                                    "cpu_time": 0.18716305499999997,
                                                                                                    "extra_info": {
                                                                                                        "Function": "READ_PARQUET",
                                                                                                        "Projections": [
                                                                                                            "id",
                                                                                                            "reputation",
                                                                                                            "displayname"
                                                                                                        ],
                                                                                                        "Filters": "id<=1416539",
                                                                                                        "Estimated Cardinality": "1260710"
                                                                                                    },
                                                                                                    "cumulative_cardinality": 1260679,
                                                                                                    "operator_type": "TABLE_SCAN",
                                                                                                    "operator_cardinality": 1260679,
                                                                                                    "cumulative_rows_scanned": 1260710,
                                                                                                    "operator_rows_scanned": 1260710,
                                                                                                    "operator_timing": 0.18716305499999997,
                                                                                                    "result_set_size": 30256296,
                                                                                                    "children": []
                                                                                                },
                                                                                                {
                                                                                                    "operator_name": "READ_PARQUET ",
                                                                                                    "cpu_time": 0.6092066630000005,
                                                                                                    "extra_info": {
                                                                                                        "Function": "READ_PARQUET",
                                                                                                        "Projections": [
                                                                                                            "id",
                                                                                                            "creationdate",
                                                                                                            "score",
                                                                                                            "viewcount",
                                                                                                            "owneruserid",
                                                                                                            "title"
                                                                                                        ],
                                                                                                        "Filters": "creationdate>='2023-01-01 00:00:00'::TIMESTAMP",
                                                                                                        "Estimated Cardinality": "770023"
                                                                                                    },
                                                                                                    "cumulative_cardinality": 265255,
                                                                                                    "operator_type": "TABLE_SCAN",
                                                                                                    "operator_cardinality": 265255,
                                                                                                    "cumulative_rows_scanned": 3850116,
                                                                                                    "operator_rows_scanned": 3850116,
                                                                                                    "operator_timing": 0.6092066630000005,
                                                                                                    "result_set_size": 10610200,
                                                                                                    "children": []
                                                                                                }
                                                                                            ]
                                                                                        },
                                                                                        {
                                                                                            "operator_name": "READ_PARQUET ",
                                                                                            "cpu_time": 0.0005225859999999999,
                                                                                            "extra_info": {
                                                                                                "Function": "READ_PARQUET",
                                                                                                "Projections": [
                                                                                                    "tagname",
                                                                                                    "excerptpostid"
                                                                                                ],
                                                                                                "Estimated Cardinality": "1976"
                                                                                            },
                                                                                            "cumulative_cardinality": 1976,
                                                                                            "operator_type": "TABLE_SCAN",
                                                                                            "operator_cardinality": 1976,
                                                                                            "cumulative_rows_scanned": 1976,
                                                                                            "operator_rows_scanned": 1976,
                                                                                            "operator_timing": 0.0005225859999999999,
                                                                                            "result_set_size": 39520,
                                                                                            "children": []
                                                                                        }
                                                                                    ]
                                                                                }
                                                                            ]
                                                                        }
                                                                    ]
                                                                }
                                                            ]
                                                        }
                                                    ]
                                                }
                                            ]
                                        }
                                    ]
                                }
                            ]
                        }
                    ]
                }
            ]
        }
    ]
}