{
    "rows_returned": 7,
    "query_name": "WITH PostStats AS (\n    SELECT \n        pt.Name AS PostType,\n        COUNT(p.Id) AS TotalPosts,\n        AVG(p.ViewCount) AS AvgViews,\n        AVG(p.Score) AS AvgScore,\n        COUNT(DISTINCT p.OwnerUserId) AS UniqueUsers\n    FROM \n        Posts p\n    INNER JOIN \n        PostTypes pt ON p.PostTypeId = pt.Id\n    GROUP BY \n        pt.Name\n),\nUserStats AS (\n    SELECT \n        COUNT(*) AS TotalUsers,\n        AVG(Reputation) AS AvgReputation\n    FROM \n        Users\n)\nSELECT \n    ps.PostType,\n    ps.TotalPosts,\n    ps.AvgViews,\n    ps.AvgScore,\n    ps.UniqueUsers,\n    us.TotalUsers,\n    us.AvgReputation\nFROM \n    PostStats ps,\n    UserStats us\nORDER BY \n    ps.TotalPosts DESC;",
    "blocked_thread_time": 0.0,
    "cpu_time": 0.41914595799999976,
    "extra_info": {},
    "cumulative_cardinality": 14071797,
    "cumulative_rows_scanned": 5110834,
    "result_set_size": 448,
    "latency": 0.45269459,
    "children": [
        {
            "operator_name": "ORDER_BY",
            "cpu_time": 0.41914595799999976,
            "extra_info": {
                "Order By": "ps.TotalPosts DESC"
            },
            "cumulative_cardinality": 14071797,
            "operator_type": "ORDER_BY",
            "operator_cardinality": 7,
            "cumulative_rows_scanned": 5110834,
            "operator_rows_scanned": 0,
            "operator_timing": 0.000031207,
            "result_set_size": 448,
            "children": [
                {
                    "operator_name": "CROSS_PRODUCT",
                    "cpu_time": 0.4191147509999998,
                    "extra_info": {},
                    "cumulative_cardinality": 14071790,
                    "operator_type": "CROSS_PRODUCT",
                    "operator_cardinality": 7,
                    "cumulative_rows_scanned": 5110834,
                    "operator_rows_scanned": 0,
                    "operator_timing": 0.000043361999999999996,
                    "result_set_size": 448,
                    "children": [
                        {
                            "operator_name": "HASH_GROUP_BY",
                            "cpu_time": 0.40724084599999977,
                            "extra_info": {
                                "Groups": "#0",
                                "Aggregates": [
                                    "count_star()",
                                    "avg(#1)",
                                    "avg(#2)",
                                    "count(DISTINCT #3)"
                                ],
                                "Estimated Cardinality": "1925058"
                            },
                            "cumulative_cardinality": 11550362,
                            "operator_type": "HASH_GROUP_BY",
                            "operator_cardinality": 7,
                            "cumulative_rows_scanned": 3850124,
                            "operator_rows_scanned": 0,
                            "operator_timing": 0.25878058599999987,
                            "result_set_size": 336,
                            "children": [
                                {
                                    "operator_name": "PROJECTION",
                                    "cpu_time": 0.14846025999999993,
                                    "extra_info": {
                                        "Projections": [
                                            "name",
                                            "viewcount",
                                            "score",
                                            "owneruserid"
                                        ],
                                        "Estimated Cardinality": "3850116"
                                    },
                                    "cumulative_cardinality": 11550355,
                                    "operator_type": "PROJECTION",
                                    "operator_cardinality": 3850116,
                                    "cumulative_rows_scanned": 3850124,
                                    "operator_rows_scanned": 0,
                                    "operator_timing": 0.000510370999999999,
                                    "result_set_size": 107803248,
                                    "children": [
                                        {
                                            "operator_name": "HASH_JOIN",
                                            "cpu_time": 0.14794988899999992,
                                            "extra_info": {
                                                "Join Type": "INNER",
                                                "Conditions": "posttypeid = id",
                                                "Estimated Cardinality": "3850116"
                                            },
                                            "cumulative_cardinality": 7700239,
                                            "operator_type": "HASH_JOIN",
                                            "operator_cardinality": 3850116,
                                            "cumulative_rows_scanned": 3850124,
                                            "operator_rows_scanned": 0,
                                            "operator_timing": 0.008260179999999987,
                                            "result_set_size": 107803248,
                                            "children": [
                                                {
                                                    "operator_name": "READ_PARQUET ",
                                                    "cpu_time": 0.13937352799999994,
                                                    "extra_info": {
                                                        "Function": "READ_PARQUET",
                                                        "Projections": [
                                                            "id",
                                                            "posttypeid",
                                                            "score",
                                                            "viewcount",
                                                            "owneruserid"
                                                        ],
                                                        "Estimated Cardinality": "3850116"
                                                    },
                                                    "cumulative_cardinality": 3850116,
                                                    "operator_type": "TABLE_SCAN",
                                                    "operator_cardinality": 3850116,
                                                    "cumulative_rows_scanned": 3850116,
                                                    "operator_rows_scanned": 3850116,
                                                    "operator_timing": 0.13937352799999994,
                                                    "result_set_size": 69302088,
                                                    "children": []
                                                },
                                                {
                                                    "operator_name": "READ_PARQUET ",
                                                    "cpu_time": 0.000316181,
                                                    "extra_info": {
                                                        "Function": "READ_PARQUET",
                                                        "Projections": [
                                                            "id",
                                                            "name"
                                                        ],
                                                        "Filters": "id<=7",
                                                        "Estimated Cardinality": "8"
                                                    },
                                                    "cumulative_cardinality": 7,
                                                    "operator_type": "TABLE_SCAN",
                                                    "operator_cardinality": 7,
                                                    "cumulative_rows_scanned": 8,
                                                    "operator_rows_scanned": 8,
                                                    "operator_timing": 0.000316181,
                                                    "result_set_size": 126,
                                                    "children": []
                                                }
                                            ]
                                        }
                                    ]
                                }
                            ]
                        },
                        {
                            "operator_name": "UNGROUPED_AGGREGATE",
                            "cpu_time": 0.011830543000000006,
                            "extra_info": {
                                "Aggregates": [
                                    "count_star()",
                                    "avg(#0)"
                                ]
                            },
                            "cumulative_cardinality": 2521421,
                            "operator_type": "UNGROUPED_AGGREGATE",
                            "operator_cardinality": 1,
                            "cumulative_rows_scanned": 1260710,
                            "operator_rows_scanned": 0,
                            "operator_timing": 0.004844164000000011,
                            "result_set_size": 16,
                            "children": [
                                {
                                    "operator_name": "PROJECTION",
                                    "cpu_time": 0.006986378999999994,
                                    "extra_info": {
                                        "Projections": "reputation",
                                        "Estimated Cardinality": "1260710"
                                    },
                                    "cumulative_cardinality": 2521420,
                                    "operator_type": "PROJECTION",
                                    "operator_cardinality": 1260710,
                                    "cumulative_rows_scanned": 1260710,
                                    "operator_rows_scanned": 0,
                                    "operator_timing": 0.00005044899999999979,
                                    "result_set_size": 5042840,
                                    "children": [
                                        {
                                            "operator_name": "READ_PARQUET ",
                                            "cpu_time": 0.006935929999999994,
                                            "extra_info": {
                                                "Function": "READ_PARQUET",
                                                "Projections": "reputation",
                                                "Estimated Cardinality": "1260710"
                                            },
                                            "cumulative_cardinality": 1260710,
                                            "operator_type": "TABLE_SCAN",
                                            "operator_cardinality": 1260710,
                                            "cumulative_rows_scanned": 1260710,
                                            "operator_rows_scanned": 1260710,
                                            "operator_timing": 0.006935929999999994,
                                            "result_set_size": 5042840,
                                            "children": []
                                        }
                                    ]
                                }
                            ]
                        }
                    ]
                }
            ]
        }
    ]
}