{
    "rows_returned": 10,
    "query_name": "\nWITH UserPostStats AS (\n    SELECT \n        u.Id AS UserId,\n        u.DisplayName,\n        COUNT(p.Id) AS TotalPosts,\n        SUM(CASE WHEN p.PostTypeId = 1 THEN 1 ELSE 0 END) AS Questions,\n        SUM(CASE WHEN p.PostTypeId = 2 THEN 1 ELSE 0 END) AS Answers,\n        AVG(COALESCE(v.Score, 0)) AS AverageScore\n    FROM \n        Users u\n    LEFT JOIN \n        Posts p ON u.Id = p.OwnerUserId\n    LEFT JOIN \n        (\n            SELECT \n                PostId,\n                SUM(CASE WHEN VoteTypeId = 2 THEN 1 WHEN VoteTypeId = 3 THEN -1 ELSE 0 END) AS Score\n            FROM \n                Votes \n            GROUP BY \n                PostId\n        ) v ON p.Id = v.PostId\n    GROUP BY \n        u.Id, u.DisplayName\n), PopularTags AS (\n    SELECT \n        TagName,\n        COUNT(*) AS TagCount\n    FROM \n        (\n            SELECT \n                UNNEST(string_to_array(SUBSTRING(Tags, 2, LENGTH(Tags) - 2), '><')) AS TagName\n            FROM \n                Posts\n            WHERE \n                PostTypeId = 1\n        ) AS TagsList\n    GROUP BY \n        TagName\n    ORDER BY \n        TagCount DESC\n    LIMIT 5\n)\n\nSELECT \n    ups.DisplayName,\n    ups.TotalPosts,\n    ups.Questions,\n    ups.Answers,\n    ups.AverageScore,\n    pt.TagName,\n    pt.TagCount\nFROM \n    UserPostStats ups\nCROSS JOIN \n    PopularTags pt\nWHERE \n    ups.TotalPosts > 10\nORDER BY \n    ups.AverageScore DESC, pt.TagCount DESC\nOFFSET 0 ROWS FETCH NEXT 10 ROWS ONLY;\n",
    "blocked_thread_time": 0.0,
    "cpu_time": 5.040682214004725,
    "extra_info": {},
    "cumulative_cardinality": 72601112,
    "cumulative_rows_scanned": 21705035,
    "result_set_size": 880,
    "latency": 10.518575071,
    "children": [
        {
            "operator_name": "STREAMING_LIMIT",
            "cpu_time": 5.040682214004725,
            "extra_info": {},
            "cumulative_cardinality": 72601112,
            "operator_type": "STREAMING_LIMIT",
            "operator_cardinality": 10,
            "cumulative_rows_scanned": 21705035,
            "operator_rows_scanned": 0,
            "operator_timing": 0.000003095,
            "result_set_size": 880,
            "children": [
                {
                    "operator_name": "ORDER_BY",
                    "cpu_time": 5.040679119004725,
                    "extra_info": {
                        "Order By": [
                            "ups.AverageScore DESC",
                            "pt.TagCount DESC"
                        ]
                    },
                    "cumulative_cardinality": 72601102,
                    "operator_type": "ORDER_BY",
                    "operator_cardinality": 4096,
                    "cumulative_rows_scanned": 21705035,
                    "operator_rows_scanned": 0,
                    "operator_timing": 0.012231298000000005,
                    "result_set_size": 360448,
                    "children": [
                        {
                            "operator_name": "CROSS_PRODUCT",
                            "cpu_time": 5.028447821004725,
                            "extra_info": {},
                            "cumulative_cardinality": 72597006,
                            "operator_type": "CROSS_PRODUCT",
                            "operator_cardinality": 184190,
                            "cumulative_rows_scanned": 21705035,
                            "operator_rows_scanned": 0,
                            "operator_timing": 0.0007143520000000002,
                            "result_set_size": 16208720,
                            "children": [
                                {
                                    "operator_name": "PROJECTION",
                                    "cpu_time": 2.6542728079999987,
                                    "extra_info": {
                                        "Projections": [
                                            "#1",
                                            "#2",
                                            "#3",
                                            "#4",
                                            "#5"
                                        ],
                                        "Estimated Cardinality": "252142"
                                    },
                                    "cumulative_cardinality": 58606400,
                                    "operator_type": "PROJECTION",
                                    "operator_cardinality": 36838,
                                    "cumulative_rows_scanned": 17854919,
                                    "operator_rows_scanned": 0,
                                    "operator_timing": 0.000040265000000000015,
                                    "result_set_size": 2357632,
                                    "children": [
                                        {
                                            "operator_name": "FILTER",
                                            "cpu_time": 2.6542325429999987,
                                            "extra_info": {
                                                "Expression": "(TotalPosts > 10)",
                                                "Estimated Cardinality": "252142"
                                            },
                                            "cumulative_cardinality": 58569562,
                                            "operator_type": "FILTER",
                                            "operator_cardinality": 36838,
                                            "cumulative_rows_scanned": 17854919,
                                            "operator_rows_scanned": 0,
                                            "operator_timing": 0.002007191999999998,
                                            "result_set_size": 2504984,
                                            "children": [
                                                {
                                                    "operator_name": "HASH_GROUP_BY",
                                                    "cpu_time": 2.6522253509999985,
                                                    "extra_info": {
                                                        "Groups": [
                                                            "#0",
                                                            "#1"
                                                        ],
                                                        "Aggregates": [
                                                            "count(#2)",
                                                            "sum(#3)",
                                                            "sum(#4)",
                                                            "avg(#5)"
                                                        ],
                                                        "Estimated Cardinality": "1260710"
                                                    },
                                                    "cumulative_cardinality": 58532724,
                                                    "operator_type": "HASH_GROUP_BY",
                                                    "operator_cardinality": 1260710,
                                                    "cumulative_rows_scanned": 17854919,
                                                    "operator_rows_scanned": 0,
                                                    "operator_timing": 0.6741647869999998,
                                                    "result_set_size": 85728280,
                                                    "children": [
                                                        {
                                                            "operator_name": "PROJECTION",
                                                            "cpu_time": 1.9780605639999989,
                                                            "extra_info": {
                                                                "Projections": [
                                                                    "id",
                                                                    "displayname",
                                                                    "id",
                                                                    "CASE  WHEN ((posttypeid = 1)) THEN (1) ELSE 0 END",
                                                                    "CASE  WHEN ((posttypeid = 2)) THEN (1) ELSE 0 END",
                                                                    "COALESCE(Score, 0)"
                                                                ],
                                                                "Estimated Cardinality": "6372046"
                                                            },
                                                            "cumulative_cardinality": 57272014,
                                                            "operator_type": "PROJECTION",
                                                            "operator_cardinality": 4574495,
                                                            "cumulative_rows_scanned": 17854919,
                                                            "operator_rows_scanned": 0,
                                                            "operator_timing": 0.042175644000000005,
                                                            "result_set_size": 219575760,
                                                            "children": [
                                                                {
                                                                    "operator_name": "PROJECTION",
                                                                    "cpu_time": 1.9358849199999988,
                                                                    "extra_info": {
                                                                        "Projections": [
                                                                            "#0",
                                                                            "#1",
                                                                            "__internal_decompress_integral_smallint(#2, 1)",
                                                                            "#3",
                                                                            "#4"
                                                                        ],
                                                                        "Estimated Cardinality": "6372046"
                                                                    },
                                                                    "cumulative_cardinality": 52697519,
                                                                    "operator_type": "PROJECTION",
                                                                    "operator_cardinality": 4574495,
                                                                    "cumulative_rows_scanned": 17854919,
                                                                    "operator_rows_scanned": 0,
                                                                    "operator_timing": 0.0023339940000000037,
                                                                    "result_set_size": 192128790,
                                                                    "children": [
                                                                        {
                                                                            "operator_name": "HASH_JOIN",
                                                                            "cpu_time": 1.9335509259999988,
                                                                            "extra_info": {
                                                                                "Join Type": "RIGHT",
                                                                                "Conditions": "postid = id",
                                                                                "Estimated Cardinality": "6372046"
                                                                            },
                                                                            "cumulative_cardinality": 48123024,
                                                                            "operator_type": "HASH_JOIN",
                                                                            "operator_cardinality": 4574495,
                                                                            "cumulative_rows_scanned": 17854919,
                                                                            "operator_rows_scanned": 0,
                                                                            "operator_timing": 0.5436779120000006,
                                                                            "result_set_size": 187554295,
                                                                            "children": [
                                                                                {
                                                                                    "operator_name": "HASH_GROUP_BY",
                                                                                    "cpu_time": 0.8247092149999982,
                                                                                    "extra_info": {
                                                                                        "Groups": "#0",
                                                                                        "Aggregates": "sum(#1)",
                                                                                        "Estimated Cardinality": "6372046"
                                                                                    },
                                                                                    "cumulative_cardinality": 29453413,
                                                                                    "operator_type": "HASH_GROUP_BY",
                                                                                    "operator_cardinality": 3965227,
                                                                                    "cumulative_rows_scanned": 12744093,
                                                                                    "operator_rows_scanned": 0,
                                                                                    "operator_timing": 0.6055652329999986,
                                                                                    "result_set_size": 79304540,
                                                                                    "children": [
                                                                                        {
                                                                                            "operator_name": "PROJECTION",
                                                                                            "cpu_time": 0.21914398199999954,
                                                                                            "extra_info": {
                                                                                                "Projections": [
                                                                                                    "postid",
                                                                                                    "CASE  WHEN ((votetypeid = 2)) THEN (1) WHEN ((votetypeid = 3)) THEN (-1) ELSE 0 END"
                                                                                                ],
                                                                                                "Estimated Cardinality": "12744093"
                                                                                            },
                                                                                            "cumulative_cardinality": 25488186,
                                                                                            "operator_type": "PROJECTION",
                                                                                            "operator_cardinality": 12744093,
                                                                                            "cumulative_rows_scanned": 12744093,
                                                                                            "operator_rows_scanned": 0,
                                                                                            "operator_timing": 0.08475172700000008,
                                                                                            "result_set_size": 101952744,
                                                                                            "children": [
                                                                                                {
                                                                                                    "operator_name": "READ_PARQUET ",
                                                                                                    "cpu_time": 0.13439225499999946,
                                                                                                    "extra_info": {
                                                                                                        "Function": "READ_PARQUET",
                                                                                                        "Projections": [
                                                                                                            "postid",
                                                                                                            "votetypeid"
                                                                                                        ],
                                                                                                        "Estimated Cardinality": "12744093"
                                                                                                    },
                                                                                                    "cumulative_cardinality": 12744093,
                                                                                                    "operator_type": "TABLE_SCAN",
                                                                                                    "operator_cardinality": 12744093,
                                                                                                    "cumulative_rows_scanned": 12744093,
                                                                                                    "operator_rows_scanned": 12744093,
                                                                                                    "operator_timing": 0.13439225499999946,
                                                                                                    "result_set_size": 76464558,
                                                                                                    "children": []
                                                                                                }
                                                                                            ]
                                                                                        }
                                                                                    ]
                                                                                },
                                                                                {
                                                                                    "operator_name": "PROJECTION",
                                                                                    "cpu_time": 0.5651637990000001,
                                                                                    "extra_info": {
                                                                                        "Projections": [
                                                                                            "#0",
                                                                                            "__internal_compress_integral_utinyint(#1, 1)",
                                                                                            "#2",
                                                                                            "#3"
                                                                                        ],
                                                                                        "Estimated Cardinality": "3850116"
                                                                                    },
                                                                                    "cumulative_cardinality": 14095116,
                                                                                    "operator_type": "PROJECTION",
                                                                                    "operator_cardinality": 4574495,
                                                                                    "cumulative_rows_scanned": 5110826,
                                                                                    "operator_rows_scanned": 0,
                                                                                    "operator_timing": 0.0021122850000000006,
                                                                                    "result_set_size": 114362375,
                                                                                    "children": [
                                                                                        {
                                                                                            "operator_name": "HASH_JOIN",
                                                                                            "cpu_time": 0.5630515140000001,
                                                                                            "extra_info": {
                                                                                                "Join Type": "RIGHT",
                                                                                                "Conditions": "owneruserid = id",
                                                                                                "Estimated Cardinality": "3850116"
                                                                                            },
                                                                                            "cumulative_cardinality": 9520621,
                                                                                            "operator_type": "HASH_JOIN",
                                                                                            "operator_cardinality": 4574495,
                                                                                            "cumulative_rows_scanned": 5110826,
                                                                                            "operator_rows_scanned": 0,
                                                                                            "operator_timing": 0.2609465030000003,
                                                                                            "result_set_size": 118936870,
                                                                                            "children": [
                                                                                                {
                                                                                                    "operator_name": "READ_PARQUET ",
                                                                                                    "cpu_time": 0.10720926499999989,
                                                                                                    "extra_info": {
                                                                                                        "Function": "READ_PARQUET",
                                                                                                        "Projections": [
                                                                                                            "id",
                                                                                                            "posttypeid",
                                                                                                            "owneruserid"
                                                                                                        ],
                                                                                                        "Estimated Cardinality": "3850116"
                                                                                                    },
                                                                                                    "cumulative_cardinality": 3685416,
                                                                                                    "operator_type": "TABLE_SCAN",
                                                                                                    "operator_cardinality": 3685416,
                                                                                                    "cumulative_rows_scanned": 3850116,
                                                                                                    "operator_rows_scanned": 3850116,
                                                                                                    "operator_timing": 0.10720926499999989,
                                                                                                    "result_set_size": 36854160,
                                                                                                    "children": []
                                                                                                },
                                                                                                {
                                                                                                    "operator_name": "READ_PARQUET ",
                                                                                                    "cpu_time": 0.19489574599999998,
                                                                                                    "extra_info": {
                                                                                                        "Function": "READ_PARQUET",
                                                                                                        "Projections": [
                                                                                                            "id",
                                                                                                            "displayname"
                                                                                                        ],
                                                                                                        "Estimated Cardinality": "1260710"
                                                                                                    },
                                                                                                    "cumulative_cardinality": 1260710,
                                                                                                    "operator_type": "TABLE_SCAN",
                                                                                                    "operator_cardinality": 1260710,
                                                                                                    "cumulative_rows_scanned": 1260710,
                                                                                                    "operator_rows_scanned": 1260710,
                                                                                                    "operator_timing": 0.19489574599999998,
                                                                                                    "result_set_size": 25214200,
                                                                                                    "children": []
                                                                                                }
                                                                                            ]
                                                                                        }
                                                                                    ]
                                                                                }
                                                                            ]
                                                                        }
                                                                    ]
                                                                }
                                                            ]
                                                        }
                                                    ]
                                                }
                                            ]
                                        }
                                    ]
                                },
                                {
                                    "operator_name": "STREAMING_LIMIT",
                                    "cpu_time": 2.373460661004726,
                                    "extra_info": {},
                                    "cumulative_cardinality": 13806416,
                                    "operator_type": "STREAMING_LIMIT",
                                    "operator_cardinality": 5,
                                    "cumulative_rows_scanned": 3850116,
                                    "operator_rows_scanned": 0,
                                    "operator_timing": 8.72e-7,
                                    "result_set_size": 120,
                                    "children": [
                                        {
                                            "operator_name": "ORDER_BY",
                                            "cpu_time": 2.373459789004726,
                                            "extra_info": {
                                                "Order By": "count_star() DESC"
                                            },
                                            "cumulative_cardinality": 13806411,
                                            "operator_type": "ORDER_BY",
                                            "operator_cardinality": 1976,
                                            "cumulative_rows_scanned": 3850116,
                                            "operator_rows_scanned": 0,
                                            "operator_timing": 0.000093614,
                                            "result_set_size": 47424,
                                            "children": [
                                                {
                                                    "operator_name": "HASH_GROUP_BY",
                                                    "cpu_time": 2.373366175004726,
                                                    "extra_info": {
                                                        "Groups": "#0",
                                                        "Aggregates": "count_star()",
                                                        "Estimated Cardinality": "385011"
                                                    },
                                                    "cumulative_cardinality": 13804435,
                                                    "operator_type": "HASH_GROUP_BY",
                                                    "operator_cardinality": 1976,
                                                    "cumulative_rows_scanned": 3850116,
                                                    "operator_rows_scanned": 0,
                                                    "operator_timing": 0.9461978610005852,
                                                    "result_set_size": 47424,
                                                    "children": [
                                                        {
                                                            "operator_name": "PROJECTION",
                                                            "cpu_time": 1.427168314004141,
                                                            "extra_info": {
                                                                "Projections": "TagName",
                                                                "Estimated Cardinality": "770023"
                                                            },
                                                            "cumulative_cardinality": 13802459,
                                                            "operator_type": "PROJECTION",
                                                            "operator_cardinality": 4044765,
                                                            "cumulative_rows_scanned": 3850116,
                                                            "operator_rows_scanned": 0,
                                                            "operator_timing": 0.11987325900218881,
                                                            "result_set_size": 64716240,
                                                            "children": [
                                                                {
                                                                    "operator_name": "PROJECTION",
                                                                    "cpu_time": 1.307295055001952,
                                                                    "extra_info": {
                                                                        "Projections": "TagName",
                                                                        "Estimated Cardinality": "770023"
                                                                    },
                                                                    "cumulative_cardinality": 9757694,
                                                                    "operator_type": "PROJECTION",
                                                                    "operator_cardinality": 4044765,
                                                                    "cumulative_rows_scanned": 3850116,
                                                                    "operator_rows_scanned": 0,
                                                                    "operator_timing": 0.12007141100226017,
                                                                    "result_set_size": 64716240,
                                                                    "children": [
                                                                        {
                                                                            "operator_name": "UNNEST",
                                                                            "cpu_time": 1.1872236439996917,
                                                                            "extra_info": {},
                                                                            "cumulative_cardinality": 5712929,
                                                                            "operator_type": "UNNEST",
                                                                            "operator_cardinality": 4044765,
                                                                            "cumulative_rows_scanned": 3850116,
                                                                            "operator_rows_scanned": 0,
                                                                            "operator_timing": 0.9654815069996918,
                                                                            "result_set_size": 129432480,
                                                                            "children": [
                                                                                {
                                                                                    "operator_name": "READ_PARQUET ",
                                                                                    "cpu_time": 0.22174213699999995,
                                                                                    "extra_info": {
                                                                                        "Function": "READ_PARQUET",
                                                                                        "Projections": "tags",
                                                                                        "Filters": "posttypeid=1",
                                                                                        "Estimated Cardinality": "770023"
                                                                                    },
                                                                                    "cumulative_cardinality": 1668164,
                                                                                    "operator_type": "TABLE_SCAN",
                                                                                    "operator_cardinality": 1668164,
                                                                                    "cumulative_rows_scanned": 3850116,
                                                                                    "operator_rows_scanned": 3850116,
                                                                                    "operator_timing": 0.22174213699999995,
                                                                                    "result_set_size": 26690624,
                                                                                    "children": []
                                                                                }
                                                                            ]
                                                                        }
                                                                    ]
                                                                }
                                                            ]
                                                        }
                                                    ]
                                                }
                                            ]
                                        }
                                    ]
                                }
                            ]
                        }
                    ]
                }
            ]
        }
    ]
}