{
    "rows_returned": 3685416,
    "query_name": "\nWITH UserVotes AS (\n    SELECT \n        u.Id AS UserId,\n        COUNT(v.Id) AS TotalVotes,\n        SUM(CASE WHEN v.VoteTypeId IN (2, 4) THEN 1 ELSE 0 END) AS UpVotes,\n        SUM(CASE WHEN v.VoteTypeId = 3 THEN 1 ELSE 0 END) AS DownVotes\n    FROM Users u\n    LEFT JOIN Votes v ON u.Id = v.UserId\n    GROUP BY u.Id\n),\nPostStatistics AS (\n    SELECT \n        p.Id AS PostId,\n        p.OwnerUserId,\n        COUNT(c.Id) AS TotalComments,\n        COUNT(DISTINCT CASE WHEN p.PostTypeId = 2 THEN p.Id END) AS TotalAnswers,\n        SUM(CASE WHEN v.VoteTypeId = 2 THEN 1 ELSE 0 END) AS TotalUpVotes,\n        SUM(CASE WHEN v.VoteTypeId = 3 THEN 1 ELSE 0 END) AS TotalDownVotes\n    FROM Posts p\n    LEFT JOIN Comments c ON p.Id = c.PostId\n    LEFT JOIN Votes v ON p.Id = v.PostId\n    GROUP BY p.Id, p.OwnerUserId\n)\nSELECT \n    u.DisplayName AS UserName,\n    u.Reputation,\n    uv.TotalVotes,\n    uv.UpVotes,\n    uv.DownVotes,\n    ps.PostId,\n    ps.TotalComments,\n    ps.TotalAnswers,\n    ps.TotalUpVotes,\n    ps.TotalDownVotes\nFROM Users u\nJOIN UserVotes uv ON u.Id = uv.UserId\nJOIN PostStatistics ps ON ps.OwnerUserId = u.Id\nORDER BY u.Reputation DESC, uv.TotalVotes DESC;\n",
    "blocked_thread_time": 0.0,
    "cpu_time": 8.983095212000007,
    "extra_info": {},
    "cumulative_cardinality": 183687595,
    "cumulative_rows_scanned": 39101544,
    "result_set_size": 412766592,
    "latency": 20.945394729,
    "children": [
        {
            "operator_name": "ORDER_BY",
            "cpu_time": 8.983095212000007,
            "extra_info": {
                "Order By": [
                    "u.Reputation DESC",
                    "uv.TotalVotes DESC"
                ]
            },
            "cumulative_cardinality": 183687595,
            "operator_type": "ORDER_BY",
            "operator_cardinality": 3685416,
            "cumulative_rows_scanned": 39101544,
            "operator_rows_scanned": 0,
            "operator_timing": 0.31599122,
            "result_set_size": 412766592,
            "children": [
                {
                    "operator_name": "PROJECTION",
                    "cpu_time": 8.667103992000007,
                    "extra_info": {
                        "Projections": [
                            "UserName",
                            "reputation",
                            "TotalVotes",
                            "UpVotes",
                            "DownVotes",
                            "PostId",
                            "TotalComments",
                            "TotalAnswers",
                            "TotalUpVotes",
                            "TotalDownVotes"
                        ],
                        "Estimated Cardinality": "3850116"
                    },
                    "cumulative_cardinality": 180002179,
                    "operator_type": "PROJECTION",
                    "operator_cardinality": 3685416,
                    "cumulative_rows_scanned": 39101544,
                    "operator_rows_scanned": 0,
                    "operator_timing": 0.0013037180000000006,
                    "result_set_size": 412766592,
                    "children": [
                        {
                            "operator_name": "HASH_JOIN",
                            "cpu_time": 8.665800274000006,
                            "extra_info": {
                                "Join Type": "INNER",
                                "Conditions": "owneruserid = id",
                                "Estimated Cardinality": "3850116"
                            },
                            "cumulative_cardinality": 176316763,
                            "operator_type": "HASH_JOIN",
                            "operator_cardinality": 3685416,
                            "cumulative_rows_scanned": 39101544,
                            "operator_rows_scanned": 0,
                            "operator_timing": 0.2580687900000004,
                            "result_set_size": 412766592,
                            "children": [
                                {
                                    "operator_name": "HASH_GROUP_BY",
                                    "cpu_time": 7.551423439000008,
                                    "extra_info": {
                                        "Groups": [
                                            "#0",
                                            "#1"
                                        ],
                                        "Aggregates": [
                                            "count(#2)",
                                            "count(DISTINCT #3)",
                                            "sum(#4)",
                                            "sum(#5)"
                                        ],
                                        "Estimated Cardinality": "3850116"
                                    },
                                    "cumulative_cardinality": 163709831,
                                    "operator_type": "HASH_GROUP_BY",
                                    "operator_cardinality": 3850116,
                                    "cumulative_rows_scanned": 23836031,
                                    "operator_rows_scanned": 0,
                                    "operator_timing": 3.066073364999998,
                                    "result_set_size": 215606496,
                                    "children": [
                                        {
                                            "operator_name": "PROJECTION",
                                            "cpu_time": 4.485350074000009,
                                            "extra_info": {
                                                "Projections": [
                                                    "id",
                                                    "owneruserid",
                                                    "id",
                                                    "CASE  WHEN ((posttypeid = 2)) THEN (id) ELSE NULL END",
                                                    "CASE  WHEN ((votetypeid = 2)) THEN (1) ELSE 0 END",
                                                    "CASE  WHEN ((votetypeid = 3)) THEN (1) ELSE 0 END"
                                                ],
                                                "Estimated Cardinality": "12744093"
                                            },
                                            "cumulative_cardinality": 159859715,
                                            "operator_type": "PROJECTION",
                                            "operator_cardinality": 35129590,
                                            "cumulative_rows_scanned": 23836031,
                                            "operator_rows_scanned": 0,
                                            "operator_timing": 0.4065183520000019,
                                            "result_set_size": 843110160,
                                            "children": [
                                                {
                                                    "operator_name": "PROJECTION",
                                                    "cpu_time": 4.078831722000007,
                                                    "extra_info": {
                                                        "Projections": [
                                                            "#0",
                                                            "#1",
                                                            "#2",
                                                            "__internal_decompress_integral_smallint(#3, 1)",
                                                            "#4"
                                                        ],
                                                        "Estimated Cardinality": "12744093"
                                                    },
                                                    "cumulative_cardinality": 124730125,
                                                    "operator_type": "PROJECTION",
                                                    "operator_cardinality": 35129590,
                                                    "cumulative_rows_scanned": 23836031,
                                                    "operator_rows_scanned": 0,
                                                    "operator_timing": 0.019425046999999713,
                                                    "result_set_size": 562073440,
                                                    "children": [
                                                        {
                                                            "operator_name": "HASH_JOIN",
                                                            "cpu_time": 4.059406675000008,
                                                            "extra_info": {
                                                                "Join Type": "RIGHT",
                                                                "Conditions": "postid = id",
                                                                "Estimated Cardinality": "12744093"
                                                            },
                                                            "cumulative_cardinality": 89600535,
                                                            "operator_type": "HASH_JOIN",
                                                            "operator_cardinality": 35129590,
                                                            "cumulative_rows_scanned": 23836031,
                                                            "operator_rows_scanned": 0,
                                                            "operator_timing": 1.74226774900001,
                                                            "result_set_size": 526943850,
                                                            "children": [
                                                                {
                                                                    "operator_name": "READ_PARQUET ",
                                                                    "cpu_time": 0.2568078359999998,
                                                                    "extra_info": {
                                                                        "Function": "READ_PARQUET",
                                                                        "Projections": [
                                                                            "postid",
                                                                            "votetypeid"
                                                                        ],
                                                                        "Estimated Cardinality": "12744093"
                                                                    },
                                                                    "cumulative_cardinality": 12744093,
                                                                    "operator_type": "TABLE_SCAN",
                                                                    "operator_cardinality": 12744093,
                                                                    "cumulative_rows_scanned": 12744093,
                                                                    "operator_rows_scanned": 12744093,
                                                                    "operator_timing": 0.2568078359999998,
                                                                    "result_set_size": 76464558,
                                                                    "children": []
                                                                },
                                                                {
                                                                    "operator_name": "PROJECTION",
                                                                    "cpu_time": 2.0603310899999983,
                                                                    "extra_info": {
                                                                        "Projections": [
                                                                            "#0",
                                                                            "#1",
                                                                            "__internal_compress_integral_utinyint(#2, 1)",
                                                                            "#3"
                                                                        ],
                                                                        "Estimated Cardinality": "7241822"
                                                                    },
                                                                    "cumulative_cardinality": 41726852,
                                                                    "operator_type": "PROJECTION",
                                                                    "operator_cardinality": 8928266,
                                                                    "cumulative_rows_scanned": 11091938,
                                                                    "operator_rows_scanned": 0,
                                                                    "operator_timing": 0.004717367000000002,
                                                                    "result_set_size": 116067458,
                                                                    "children": [
                                                                        {
                                                                            "operator_name": "PROJECTION",
                                                                            "cpu_time": 2.0556137229999982,
                                                                            "extra_info": {
                                                                                "Projections": [
                                                                                    "#0",
                                                                                    "#1",
                                                                                    "__internal_decompress_integral_smallint(#2, 1)",
                                                                                    "#3"
                                                                                ],
                                                                                "Estimated Cardinality": "7241822"
                                                                            },
                                                                            "cumulative_cardinality": 32798586,
                                                                            "operator_type": "PROJECTION",
                                                                            "operator_cardinality": 8928266,
                                                                            "cumulative_rows_scanned": 11091938,
                                                                            "operator_rows_scanned": 0,
                                                                            "operator_timing": 0.005274058999999996,
                                                                            "result_set_size": 124995724,
                                                                            "children": [
                                                                                {
                                                                                    "operator_name": "HASH_JOIN",
                                                                                    "cpu_time": 2.0503396639999982,
                                                                                    "extra_info": {
                                                                                        "Join Type": "RIGHT",
                                                                                        "Conditions": "postid = id",
                                                                                        "Estimated Cardinality": "7241822"
                                                                                    },
                                                                                    "cumulative_cardinality": 23870320,
                                                                                    "operator_type": "HASH_JOIN",
                                                                                    "operator_cardinality": 8928266,
                                                                                    "cumulative_rows_scanned": 11091938,
                                                                                    "operator_rows_scanned": 0,
                                                                                    "operator_timing": 0.6882410969999991,
                                                                                    "result_set_size": 116067458,
                                                                                    "children": [
                                                                                        {
                                                                                            "operator_name": "READ_PARQUET ",
                                                                                            "cpu_time": 1.3077539999999988,
                                                                                            "extra_info": {
                                                                                                "Function": "READ_PARQUET",
                                                                                                "Projections": [
                                                                                                    "id",
                                                                                                    "postid"
                                                                                                ],
                                                                                                "Estimated Cardinality": "7241822"
                                                                                            },
                                                                                            "cumulative_cardinality": 7241822,
                                                                                            "operator_type": "TABLE_SCAN",
                                                                                            "operator_cardinality": 7241822,
                                                                                            "cumulative_rows_scanned": 7241822,
                                                                                            "operator_rows_scanned": 7241822,
                                                                                            "operator_timing": 1.3077539999999988,
                                                                                            "result_set_size": 57934576,
                                                                                            "children": []
                                                                                        },
                                                                                        {
                                                                                            "operator_name": "PROJECTION",
                                                                                            "cpu_time": 0.05434456700000001,
                                                                                            "extra_info": {
                                                                                                "Projections": [
                                                                                                    "#0",
                                                                                                    "__internal_compress_integral_utinyint(#1, 1)",
                                                                                                    "#2"
                                                                                                ],
                                                                                                "Estimated Cardinality": "3850116"
                                                                                            },
                                                                                            "cumulative_cardinality": 7700232,
                                                                                            "operator_type": "PROJECTION",
                                                                                            "operator_cardinality": 3850116,
                                                                                            "cumulative_rows_scanned": 3850116,
                                                                                            "operator_rows_scanned": 0,
                                                                                            "operator_timing": 0.0012296290000000014,
                                                                                            "result_set_size": 34651044,
                                                                                            "children": [
                                                                                                {
                                                                                                    "operator_name": "READ_PARQUET ",
                                                                                                    "cpu_time": 0.05311493800000001,
                                                                                                    "extra_info": {
                                                                                                        "Function": "READ_PARQUET",
                                                                                                        "Projections": [
                                                                                                            "id",
                                                                                                            "posttypeid",
                                                                                                            "owneruserid"
                                                                                                        ],
                                                                                                        "Estimated Cardinality": "3850116"
                                                                                                    },
                                                                                                    "cumulative_cardinality": 3850116,
                                                                                                    "operator_type": "TABLE_SCAN",
                                                                                                    "operator_cardinality": 3850116,
                                                                                                    "cumulative_rows_scanned": 3850116,
                                                                                                    "operator_rows_scanned": 3850116,
                                                                                                    "operator_timing": 0.05311493800000001,
                                                                                                    "result_set_size": 38501160,
                                                                                                    "children": []
                                                                                                }
                                                                                            ]
                                                                                        }
                                                                                    ]
                                                                                }
                                                                            ]
                                                                        }
                                                                    ]
                                                                }
                                                            ]
                                                        }
                                                    ]
                                                }
                                            ]
                                        }
                                    ]
                                },
                                {
                                    "operator_name": "FILTER",
                                    "cpu_time": 0.8563080449999987,
                                    "extra_info": {
                                        "Expression": "(id <= 1416539)",
                                        "Estimated Cardinality": "1260710"
                                    },
                                    "cumulative_cardinality": 8921516,
                                    "operator_type": "FILTER",
                                    "operator_cardinality": 1260679,
                                    "cumulative_rows_scanned": 15265513,
                                    "operator_rows_scanned": 0,
                                    "operator_timing": 0.0017666930000000006,
                                    "result_set_size": 80683456,
                                    "children": [
                                        {
                                            "operator_name": "HASH_JOIN",
                                            "cpu_time": 0.8545413519999987,
                                            "extra_info": {
                                                "Join Type": "INNER",
                                                "Conditions": "UserId = id",
                                                "Estimated Cardinality": "1260710"
                                            },
                                            "cumulative_cardinality": 7660837,
                                            "operator_type": "HASH_JOIN",
                                            "operator_cardinality": 1260710,
                                            "cumulative_rows_scanned": 15265513,
                                            "operator_rows_scanned": 0,
                                            "operator_timing": 0.13918718399999994,
                                            "result_set_size": 80685440,
                                            "children": [
                                                {
                                                    "operator_name": "HASH_GROUP_BY",
                                                    "cpu_time": 0.5828923569999986,
                                                    "extra_info": {
                                                        "Groups": "#0",
                                                        "Aggregates": [
                                                            "count(#1)",
                                                            "sum(#2)",
                                                            "sum(#3)"
                                                        ],
                                                        "Estimated Cardinality": "1260710"
                                                    },
                                                    "cumulative_cardinality": 5139417,
                                                    "operator_type": "HASH_GROUP_BY",
                                                    "operator_cardinality": 1260710,
                                                    "cumulative_rows_scanned": 14004803,
                                                    "operator_rows_scanned": 0,
                                                    "operator_timing": 0.218810903,
                                                    "result_set_size": 55471240,
                                                    "children": [
                                                        {
                                                            "operator_name": "PROJECTION",
                                                            "cpu_time": 0.36408145399999864,
                                                            "extra_info": {
                                                                "Projections": [
                                                                    "id",
                                                                    "id",
                                                                    "CASE  WHEN ((votetypeid IN (2, 4))) THEN (1) ELSE 0 END",
                                                                    "CASE  WHEN ((votetypeid = 3)) THEN (1) ELSE 0 END"
                                                                ],
                                                                "Estimated Cardinality": "12744093"
                                                            },
                                                            "cumulative_cardinality": 3878707,
                                                            "operator_type": "PROJECTION",
                                                            "operator_cardinality": 1288855,
                                                            "cumulative_rows_scanned": 14004803,
                                                            "operator_rows_scanned": 0,
                                                            "operator_timing": 0.010327985999999992,
                                                            "result_set_size": 20621680,
                                                            "children": [
                                                                {
                                                                    "operator_name": "HASH_JOIN",
                                                                    "cpu_time": 0.3537534679999986,
                                                                    "extra_info": {
                                                                        "Join Type": "RIGHT",
                                                                        "Conditions": "userid = id",
                                                                        "Estimated Cardinality": "12744093"
                                                                    },
                                                                    "cumulative_cardinality": 2589852,
                                                                    "operator_type": "HASH_JOIN",
                                                                    "operator_cardinality": 1288855,
                                                                    "cumulative_rows_scanned": 14004803,
                                                                    "operator_rows_scanned": 0,
                                                                    "operator_timing": 0.10154729899999937,
                                                                    "result_set_size": 12888550,
                                                                    "children": [
                                                                        {
                                                                            "operator_name": "READ_PARQUET ",
                                                                            "cpu_time": 0.2398517069999993,
                                                                            "extra_info": {
                                                                                "Function": "READ_PARQUET",
                                                                                "Projections": [
                                                                                    "id",
                                                                                    "votetypeid",
                                                                                    "userid"
                                                                                ],
                                                                                "Estimated Cardinality": "12744093"
                                                                            },
                                                                            "cumulative_cardinality": 40287,
                                                                            "operator_type": "TABLE_SCAN",
                                                                            "operator_cardinality": 40287,
                                                                            "cumulative_rows_scanned": 12744093,
                                                                            "operator_rows_scanned": 12744093,
                                                                            "operator_timing": 0.2398517069999993,
                                                                            "result_set_size": 402870,
                                                                            "children": []
                                                                        },
                                                                        {
                                                                            "operator_name": "READ_PARQUET ",
                                                                            "cpu_time": 0.012354461999999955,
                                                                            "extra_info": {
                                                                                "Function": "READ_PARQUET",
                                                                                "Projections": "id",
                                                                                "Estimated Cardinality": "1260710"
                                                                            },
                                                                            "cumulative_cardinality": 1260710,
                                                                            "operator_type": "TABLE_SCAN",
                                                                            "operator_cardinality": 1260710,
                                                                            "cumulative_rows_scanned": 1260710,
                                                                            "operator_rows_scanned": 1260710,
                                                                            "operator_timing": 0.012354461999999955,
                                                                            "result_set_size": 5042840,
                                                                            "children": []
                                                                        }
                                                                    ]
                                                                }
                                                            ]
                                                        }
                                                    ]
                                                },
                                                {
                                                    "operator_name": "READ_PARQUET ",
                                                    "cpu_time": 0.13246181100000004,
                                                    "extra_info": {
                                                        "Function": "READ_PARQUET",
                                                        "Projections": [
                                                            "id",
                                                            "reputation",
                                                            "displayname"
                                                        ],
                                                        "Estimated Cardinality": "1260710"
                                                    },
                                                    "cumulative_cardinality": 1260710,
                                                    "operator_type": "TABLE_SCAN",
                                                    "operator_cardinality": 1260710,
                                                    "cumulative_rows_scanned": 1260710,
                                                    "operator_rows_scanned": 1260710,
                                                    "operator_timing": 0.13246181100000004,
                                                    "result_set_size": 30257040,
                                                    "children": []
                                                }
                                            ]
                                        }
                                    ]
                                }
                            ]
                        }
                    ]
                }
            ]
        }
    ]
}