{
    "rows_returned": 1260710,
    "query_name": "WITH UserPostStats AS (\n    SELECT \n        U.Id AS UserId,\n        U.DisplayName,\n        COUNT(DISTINCT P.Id) AS TotalPosts,\n        COUNT(DISTINCT C.Id) AS TotalComments,\n        SUM(VoteTypeCounts.UpVotes) AS TotalUpVotes,\n        SUM(VoteTypeCounts.DownVotes) AS TotalDownVotes\n    FROM \n        Users U\n    LEFT JOIN \n        Posts P ON U.Id = P.OwnerUserId\n    LEFT JOIN \n        Comments C ON P.Id = C.PostId\n    LEFT JOIN \n        (\n            SELECT \n                V.UserId,\n                P.Id AS PostId,\n                SUM(CASE WHEN VT.Name = 'UpMod' THEN 1 ELSE 0 END) AS UpVotes,\n                SUM(CASE WHEN VT.Name = 'DownMod' THEN 1 ELSE 0 END) AS DownVotes\n            FROM \n                Votes V\n            JOIN \n                VoteTypes VT ON V.VoteTypeId = VT.Id\n            JOIN \n                Posts P ON V.PostId = P.Id\n            GROUP BY \n                V.UserId, P.Id\n        ) VoteTypeCounts ON U.Id = VoteTypeCounts.UserId\n    GROUP BY \n        U.Id, U.DisplayName\n)\n\nSELECT \n    UserId,\n    DisplayName,\n    TotalPosts,\n    TotalComments,\n    TotalUpVotes,\n    TotalDownVotes\nFROM \n    UserPostStats\nORDER BY \n    TotalPosts DESC, TotalUpVotes DESC;",
    "blocked_thread_time": 0.0,
    "cpu_time": 15.730722962,
    "extra_info": {},
    "cumulative_cardinality": 165503377,
    "cumulative_rows_scanned": 28946872,
    "result_set_size": 85728280,
    "latency": 18.585284986,
    "children": [
        {
            "operator_name": "ORDER_BY",
            "cpu_time": 15.730722962,
            "extra_info": {
                "Order By": [
                    "UserPostStats.TotalPosts DESC",
                    "UserPostStats.TotalUpVotes DESC"
                ]
            },
            "cumulative_cardinality": 165503377,
            "operator_type": "ORDER_BY",
            "operator_cardinality": 1260710,
            "cumulative_rows_scanned": 28946872,
            "operator_rows_scanned": 0,
            "operator_timing": 0.06600776399999994,
            "result_set_size": 85728280,
            "children": [
                {
                    "operator_name": "HASH_GROUP_BY",
                    "cpu_time": 15.664715198,
                    "extra_info": {
                        "Groups": [
                            "#0",
                            "#1"
                        ],
                        "Aggregates": [
                            "count(DISTINCT #2)",
                            "count(DISTINCT #3)",
                            "sum(#4)",
                            "sum(#5)"
                        ],
                        "Estimated Cardinality": "1260710"
                    },
                    "cumulative_cardinality": 164242667,
                    "operator_type": "HASH_GROUP_BY",
                    "operator_cardinality": 1260710,
                    "cumulative_rows_scanned": 28946872,
                    "operator_rows_scanned": 0,
                    "operator_timing": 8.397307437999999,
                    "result_set_size": 85728280,
                    "children": [
                        {
                            "operator_name": "PROJECTION",
                            "cpu_time": 7.267407760000002,
                            "extra_info": {
                                "Projections": [
                                    "id",
                                    "displayname",
                                    "id",
                                    "id",
                                    "UpVotes",
                                    "DownVotes"
                                ],
                                "Estimated Cardinality": "7241822"
                            },
                            "cumulative_cardinality": 162981957,
                            "operator_type": "PROJECTION",
                            "operator_cardinality": 39944753,
                            "cumulative_rows_scanned": 28946872,
                            "operator_rows_scanned": 0,
                            "operator_timing": 0.012279220999999816,
                            "result_set_size": 2396685180,
                            "children": [
                                {
                                    "operator_name": "HASH_JOIN",
                                    "cpu_time": 7.255128539000002,
                                    "extra_info": {
                                        "Join Type": "LEFT",
                                        "Conditions": "id = userid",
                                        "Estimated Cardinality": "7241822"
                                    },
                                    "cumulative_cardinality": 123037204,
                                    "operator_type": "HASH_JOIN",
                                    "operator_cardinality": 39944753,
                                    "cumulative_rows_scanned": 28946872,
                                    "operator_rows_scanned": 0,
                                    "operator_timing": 0.7618287530000024,
                                    "result_set_size": 2396685180,
                                    "children": [
                                        {
                                            "operator_name": "HASH_JOIN",
                                            "cpu_time": 4.861448827,
                                            "extra_info": {
                                                "Join Type": "RIGHT",
                                                "Conditions": "postid = id",
                                                "Estimated Cardinality": "7241822"
                                            },
                                            "cumulative_cardinality": 26187953,
                                            "operator_type": "HASH_JOIN",
                                            "operator_cardinality": 9425510,
                                            "cumulative_rows_scanned": 12352648,
                                            "operator_rows_scanned": 0,
                                            "operator_timing": 0.7887305960000005,
                                            "result_set_size": 263914280,
                                            "children": [
                                                {
                                                    "operator_name": "READ_PARQUET ",
                                                    "cpu_time": 3.6810177999999993,
                                                    "extra_info": {
                                                        "Function": "READ_PARQUET",
                                                        "Projections": [
                                                            "id",
                                                            "postid"
                                                        ],
                                                        "Estimated Cardinality": "7241822"
                                                    },
                                                    "cumulative_cardinality": 7241822,
                                                    "operator_type": "TABLE_SCAN",
                                                    "operator_cardinality": 7241822,
                                                    "cumulative_rows_scanned": 7241822,
                                                    "operator_rows_scanned": 7241822,
                                                    "operator_timing": 3.6810177999999993,
                                                    "result_set_size": 57934576,
                                                    "children": []
                                                },
                                                {
                                                    "operator_name": "HASH_JOIN",
                                                    "cpu_time": 0.39170043100000007,
                                                    "extra_info": {
                                                        "Join Type": "RIGHT",
                                                        "Conditions": "owneruserid = id",
                                                        "Estimated Cardinality": "3850116"
                                                    },
                                                    "cumulative_cardinality": 9520621,
                                                    "operator_type": "HASH_JOIN",
                                                    "operator_cardinality": 4574495,
                                                    "cumulative_rows_scanned": 5110826,
                                                    "operator_rows_scanned": 0,
                                                    "operator_timing": 0.23200679700000001,
                                                    "result_set_size": 109787880,
                                                    "children": [
                                                        {
                                                            "operator_name": "READ_PARQUET ",
                                                            "cpu_time": 0.08407151100000003,
                                                            "extra_info": {
                                                                "Function": "READ_PARQUET",
                                                                "Projections": [
                                                                    "id",
                                                                    "owneruserid"
                                                                ],
                                                                "Estimated Cardinality": "3850116"
                                                            },
                                                            "cumulative_cardinality": 3685416,
                                                            "operator_type": "TABLE_SCAN",
                                                            "operator_cardinality": 3685416,
                                                            "cumulative_rows_scanned": 3850116,
                                                            "operator_rows_scanned": 3850116,
                                                            "operator_timing": 0.08407151100000003,
                                                            "result_set_size": 29483328,
                                                            "children": []
                                                        },
                                                        {
                                                            "operator_name": "READ_PARQUET ",
                                                            "cpu_time": 0.07562212300000004,
                                                            "extra_info": {
                                                                "Function": "READ_PARQUET",
                                                                "Projections": [
                                                                    "id",
                                                                    "displayname"
                                                                ],
                                                                "Estimated Cardinality": "1260710"
                                                            },
                                                            "cumulative_cardinality": 1260710,
                                                            "operator_type": "TABLE_SCAN",
                                                            "operator_cardinality": 1260710,
                                                            "cumulative_rows_scanned": 1260710,
                                                            "operator_rows_scanned": 1260710,
                                                            "operator_timing": 0.07562212300000004,
                                                            "result_set_size": 25214200,
                                                            "children": []
                                                        }
                                                    ]
                                                }
                                            ]
                                        },
                                        {
                                            "operator_name": "PROJECTION",
                                            "cpu_time": 1.6318509589999994,
                                            "extra_info": {
                                                "Projections": [
                                                    "userid",
                                                    "UpVotes",
                                                    "DownVotes"
                                                ],
                                                "Estimated Cardinality": "6372046"
                                            },
                                            "cumulative_cardinality": 56904498,
                                            "operator_type": "PROJECTION",
                                            "operator_cardinality": 3156525,
                                            "cumulative_rows_scanned": 16594224,
                                            "operator_rows_scanned": 0,
                                            "operator_timing": 0.00025001299999999766,
                                            "result_set_size": 113634900,
                                            "children": [
                                                {
                                                    "operator_name": "HASH_GROUP_BY",
                                                    "cpu_time": 1.6316009459999994,
                                                    "extra_info": {
                                                        "Groups": [
                                                            "#0",
                                                            "#1"
                                                        ],
                                                        "Aggregates": [
                                                            "sum(#2)",
                                                            "sum(#3)"
                                                        ],
                                                        "Estimated Cardinality": "6372046"
                                                    },
                                                    "cumulative_cardinality": 53747973,
                                                    "operator_type": "HASH_GROUP_BY",
                                                    "operator_cardinality": 3156525,
                                                    "cumulative_rows_scanned": 16594224,
                                                    "operator_rows_scanned": 0,
                                                    "operator_timing": 0.584962843999998,
                                                    "result_set_size": 126261000,
                                                    "children": [
                                                        {
                                                            "operator_name": "PROJECTION",
                                                            "cpu_time": 1.0466381020000013,
                                                            "extra_info": {
                                                                "Projections": [
                                                                    "userid",
                                                                    "id",
                                                                    "CASE  WHEN ((name = 'UpMod')) THEN (1) ELSE 0 END",
                                                                    "CASE  WHEN ((name = 'DownMod')) THEN (1) ELSE 0 END"
                                                                ],
                                                                "Estimated Cardinality": "12744093"
                                                            },
                                                            "cumulative_cardinality": 50591448,
                                                            "operator_type": "PROJECTION",
                                                            "operator_cardinality": 10626567,
                                                            "cumulative_rows_scanned": 16594224,
                                                            "operator_rows_scanned": 0,
                                                            "operator_timing": 0.08810149299999967,
                                                            "result_set_size": 170025072,
                                                            "children": [
                                                                {
                                                                    "operator_name": "HASH_JOIN",
                                                                    "cpu_time": 0.9585366090000016,
                                                                    "extra_info": {
                                                                        "Join Type": "INNER",
                                                                        "Conditions": "postid = id",
                                                                        "Estimated Cardinality": "12744093"
                                                                    },
                                                                    "cumulative_cardinality": 39964881,
                                                                    "operator_type": "HASH_JOIN",
                                                                    "operator_cardinality": 10626567,
                                                                    "cumulative_rows_scanned": 16594224,
                                                                    "operator_rows_scanned": 0,
                                                                    "operator_timing": 0.5619998740000014,
                                                                    "result_set_size": 297543876,
                                                                    "children": [
                                                                        {
                                                                            "operator_name": "HASH_JOIN",
                                                                            "cpu_time": 0.3652091480000003,
                                                                            "extra_info": {
                                                                                "Join Type": "INNER",
                                                                                "Conditions": "votetypeid = id",
                                                                                "Estimated Cardinality": "12744093"
                                                                            },
                                                                            "cumulative_cardinality": 25488201,
                                                                            "operator_type": "HASH_JOIN",
                                                                            "operator_cardinality": 12744093,
                                                                            "cumulative_rows_scanned": 12744108,
                                                                            "operator_rows_scanned": 0,
                                                                            "operator_timing": 0.05199117800000021,
                                                                            "result_set_size": 305858232,
                                                                            "children": [
                                                                                {
                                                                                    "operator_name": "READ_PARQUET ",
                                                                                    "cpu_time": 0.31291383100000014,
                                                                                    "extra_info": {
                                                                                        "Function": "READ_PARQUET",
                                                                                        "Projections": [
                                                                                            "postid",
                                                                                            "votetypeid",
                                                                                            "userid"
                                                                                        ],
                                                                                        "Estimated Cardinality": "12744093"
                                                                                    },
                                                                                    "cumulative_cardinality": 12744093,
                                                                                    "operator_type": "TABLE_SCAN",
                                                                                    "operator_cardinality": 12744093,
                                                                                    "cumulative_rows_scanned": 12744093,
                                                                                    "operator_rows_scanned": 12744093,
                                                                                    "operator_timing": 0.31291383100000014,
                                                                                    "result_set_size": 127440930,
                                                                                    "children": []
                                                                                },
                                                                                {
                                                                                    "operator_name": "READ_PARQUET ",
                                                                                    "cpu_time": 0.00030413900000000004,
                                                                                    "extra_info": {
                                                                                        "Function": "READ_PARQUET",
                                                                                        "Projections": [
                                                                                            "id",
                                                                                            "name"
                                                                                        ],
                                                                                        "Estimated Cardinality": "15"
                                                                                    },
                                                                                    "cumulative_cardinality": 15,
                                                                                    "operator_type": "TABLE_SCAN",
                                                                                    "operator_cardinality": 15,
                                                                                    "cumulative_rows_scanned": 15,
                                                                                    "operator_rows_scanned": 15,
                                                                                    "operator_timing": 0.00030413900000000004,
                                                                                    "result_set_size": 270,
                                                                                    "children": []
                                                                                }
                                                                            ]
                                                                        },
                                                                        {
                                                                            "operator_name": "READ_PARQUET ",
                                                                            "cpu_time": 0.03132758699999982,
                                                                            "extra_info": {
                                                                                "Function": "READ_PARQUET",
                                                                                "Projections": "id",
                                                                                "Filters": "id<=4978525",
                                                                                "Estimated Cardinality": "3850116"
                                                                            },
                                                                            "cumulative_cardinality": 3850113,
                                                                            "operator_type": "TABLE_SCAN",
                                                                            "operator_cardinality": 3850113,
                                                                            "cumulative_rows_scanned": 3850116,
                                                                            "operator_rows_scanned": 3850116,
                                                                            "operator_timing": 0.03132758699999982,
                                                                            "result_set_size": 15400452,
                                                                            "children": []
                                                                        }
                                                                    ]
                                                                }
                                                            ]
                                                        }
                                                    ]
                                                }
                                            ]
                                        }
                                    ]
                                }
                            ]
                        }
                    ]
                }
            ]
        }
    ]
}