{
    "rows_returned": 100,
    "query_name": "WITH PostStats AS (\n    SELECT \n        P.Id AS PostId,\n        P.PostTypeId,\n        P.CreationDate,\n        U.DisplayName AS Author,\n        COUNT(C.Id) AS CommentCount,\n        COUNT(V.Id) AS VoteCount,\n        SUM(CASE WHEN V.VoteTypeId = 2 THEN 1 ELSE 0 END) AS UpVotes,\n        SUM(CASE WHEN V.VoteTypeId = 3 THEN 1 ELSE 0 END) AS DownVotes,\n        MAX(P.LastActivityDate) AS LastActivity\n    FROM \n        Posts P\n    LEFT JOIN \n        Comments C ON P.Id = C.PostId\n    LEFT JOIN \n        Votes V ON P.Id = V.PostId\n    LEFT JOIN \n        Users U ON P.OwnerUserId = U.Id\n    GROUP BY \n        P.Id, P.PostTypeId, P.CreationDate, U.DisplayName\n),\nTagStats AS (\n    SELECT \n        T.TagName,\n        COUNT(P.Id) AS PostCount,\n        SUM(COALESCE(P.ViewCount, 0)) AS TotalViews\n    FROM \n        Tags T\n    LEFT JOIN \n        Posts P ON P.Tags LIKE '%' || T.TagName || '%'\n    GROUP BY \n        T.TagName\n)\nSELECT \n    PS.PostId,\n    PS.PostTypeId,\n    PS.CreationDate,\n    PS.Author,\n    PS.CommentCount,\n    PS.VoteCount,\n    PS.UpVotes,\n    PS.DownVotes,\n    PS.LastActivity,\n    TS.TagName,\n    TS.PostCount,\n    TS.TotalViews\nFROM \n    PostStats PS\nLEFT JOIN \n    TagStats TS ON PS.PostId = TS.PostCount\nORDER BY \n    PS.VoteCount DESC, PS.CreationDate DESC\nLIMIT 100;",
    "blocked_thread_time": 0.0,
    "cpu_time": 505.8418414270208,
    "extra_info": {},
    "cumulative_cardinality": 260915151,
    "cumulative_rows_scanned": 28948833,
    "result_set_size": 12600,
    "latency": 516.957609028,
    "children": [
        {
            "operator_name": "STREAMING_LIMIT",
            "cpu_time": 505.8418414270208,
            "extra_info": {},
            "cumulative_cardinality": 260915151,
            "operator_type": "STREAMING_LIMIT",
            "operator_cardinality": 100,
            "cumulative_rows_scanned": 28948833,
            "operator_rows_scanned": 0,
            "operator_timing": 0.000002083,
            "result_set_size": 12600,
            "children": [
                {
                    "operator_name": "PROJECTION",
                    "cpu_time": 505.8418393440208,
                    "extra_info": {
                        "Projections": [
                            "#0",
                            "__internal_decompress_integral_smallint(#1, 1)",
                            "#2",
                            "#3",
                            "#4",
                            "#5",
                            "#6",
                            "#7",
                            "#8",
                            "#9",
                            "#10",
                            "#11"
                        ],
                        "Estimated Cardinality": "3850116"
                    },
                    "cumulative_cardinality": 260915051,
                    "operator_type": "PROJECTION",
                    "operator_cardinality": 4096,
                    "cumulative_rows_scanned": 28948833,
                    "operator_rows_scanned": 0,
                    "operator_timing": 0.000009247,
                    "result_set_size": 516096,
                    "children": [
                        {
                            "operator_name": "ORDER_BY",
                            "cpu_time": 505.8418300970208,
                            "extra_info": {
                                "Order By": [
                                    "PS.VoteCount DESC",
                                    "PS.CreationDate DESC"
                                ]
                            },
                            "cumulative_cardinality": 260910955,
                            "operator_type": "ORDER_BY",
                            "operator_cardinality": 4096,
                            "cumulative_rows_scanned": 28948833,
                            "operator_rows_scanned": 0,
                            "operator_timing": 0.31262953199999977,
                            "result_set_size": 512000,
                            "children": [
                                {
                                    "operator_name": "PROJECTION",
                                    "cpu_time": 505.5292005650208,
                                    "extra_info": {
                                        "Projections": [
                                            "#0",
                                            "__internal_compress_integral_utinyint(#1, 1)",
                                            "#2",
                                            "#3",
                                            "#4",
                                            "#5",
                                            "#6",
                                            "#7",
                                            "#8",
                                            "#9",
                                            "#10",
                                            "#11"
                                        ],
                                        "Estimated Cardinality": "3850116"
                                    },
                                    "cumulative_cardinality": 260906859,
                                    "operator_type": "PROJECTION",
                                    "operator_cardinality": 3850847,
                                    "cumulative_rows_scanned": 28948833,
                                    "operator_rows_scanned": 0,
                                    "operator_timing": 0.0044292099999999925,
                                    "result_set_size": 481355875,
                                    "children": [
                                        {
                                            "operator_name": "HASH_JOIN",
                                            "cpu_time": 505.5247713550208,
                                            "extra_info": {
                                                "Join Type": "LEFT",
                                                "Conditions": "CAST(PostId AS BIGINT) = PostCount",
                                                "Estimated Cardinality": "3850116"
                                            },
                                            "cumulative_cardinality": 257056012,
                                            "operator_type": "HASH_JOIN",
                                            "operator_cardinality": 3850847,
                                            "cumulative_rows_scanned": 28948833,
                                            "operator_rows_scanned": 0,
                                            "operator_timing": 0.04897416299999991,
                                            "result_set_size": 485206722,
                                            "children": [
                                                {
                                                    "operator_name": "PROJECTION",
                                                    "cpu_time": 7.542817448000022,
                                                    "extra_info": {
                                                        "Projections": [
                                                            "#0",
                                                            "__internal_decompress_integral_smallint(#1, 1)",
                                                            "#2",
                                                            "#3",
                                                            "#4",
                                                            "#5",
                                                            "#6",
                                                            "#7",
                                                            "#8"
                                                        ],
                                                        "Estimated Cardinality": "3850116"
                                                    },
                                                    "cumulative_cardinality": 239079837,
                                                    "operator_type": "PROJECTION",
                                                    "operator_cardinality": 3850116,
                                                    "cumulative_rows_scanned": 25096741,
                                                    "operator_rows_scanned": 0,
                                                    "operator_timing": 0.0018181830000000008,
                                                    "result_set_size": 331109976,
                                                    "children": [
                                                        {
                                                            "operator_name": "HASH_GROUP_BY",
                                                            "cpu_time": 7.540999265000022,
                                                            "extra_info": {
                                                                "Groups": [
                                                                    "#0",
                                                                    "#1",
                                                                    "#2",
                                                                    "#3"
                                                                ],
                                                                "Aggregates": [
                                                                    "count(#4)",
                                                                    "count(#5)",
                                                                    "sum(#6)",
                                                                    "sum(#7)",
                                                                    "max(#8)"
                                                                ],
                                                                "Estimated Cardinality": "3850116"
                                                            },
                                                            "cumulative_cardinality": 235229721,
                                                            "operator_type": "HASH_GROUP_BY",
                                                            "operator_cardinality": 3850116,
                                                            "cumulative_rows_scanned": 25096741,
                                                            "operator_rows_scanned": 0,
                                                            "operator_timing": 2.871654090999992,
                                                            "result_set_size": 327259860,
                                                            "children": [
                                                                {
                                                                    "operator_name": "PROJECTION",
                                                                    "cpu_time": 4.66934517400003,
                                                                    "extra_info": {
                                                                        "Projections": [
                                                                            "id",
                                                                            "posttypeid",
                                                                            "creationdate",
                                                                            "displayname",
                                                                            "id",
                                                                            "id",
                                                                            "CASE  WHEN ((votetypeid = 2)) THEN (1) ELSE 0 END",
                                                                            "CASE  WHEN ((votetypeid = 3)) THEN (1) ELSE 0 END",
                                                                            "lastactivitydate"
                                                                        ],
                                                                        "Estimated Cardinality": "12744093"
                                                                    },
                                                                    "cumulative_cardinality": 231379605,
                                                                    "operator_type": "PROJECTION",
                                                                    "operator_cardinality": 35129590,
                                                                    "cumulative_rows_scanned": 25096741,
                                                                    "operator_rows_scanned": 0,
                                                                    "operator_timing": 0.26714737699999797,
                                                                    "result_set_size": 1861868270,
                                                                    "children": [
                                                                        {
                                                                            "operator_name": "PROJECTION",
                                                                            "cpu_time": 4.402197797000032,
                                                                            "extra_info": {
                                                                                "Projections": [
                                                                                    "#3",
                                                                                    "__internal_compress_integral_utinyint(#4, 1)",
                                                                                    "#5",
                                                                                    "#6",
                                                                                    "#2",
                                                                                    "#0",
                                                                                    "#1",
                                                                                    "#7"
                                                                                ],
                                                                                "Estimated Cardinality": "12744093"
                                                                            },
                                                                            "cumulative_cardinality": 196250015,
                                                                            "operator_type": "PROJECTION",
                                                                            "operator_cardinality": 35129590,
                                                                            "cumulative_rows_scanned": 25096741,
                                                                            "operator_rows_scanned": 0,
                                                                            "operator_timing": 0.051793368999999416,
                                                                            "result_set_size": 1651090730,
                                                                            "children": [
                                                                                {
                                                                                    "operator_name": "HASH_JOIN",
                                                                                    "cpu_time": 4.350404428000033,
                                                                                    "extra_info": {
                                                                                        "Join Type": "LEFT",
                                                                                        "Conditions": "owneruserid = id",
                                                                                        "Estimated Cardinality": "12744093"
                                                                                    },
                                                                                    "cumulative_cardinality": 161120425,
                                                                                    "operator_type": "HASH_JOIN",
                                                                                    "operator_cardinality": 35129590,
                                                                                    "cumulative_rows_scanned": 25096741,
                                                                                    "operator_rows_scanned": 0,
                                                                                    "operator_timing": 1.0655895920000353,
                                                                                    "result_set_size": 1686220320,
                                                                                    "children": [
                                                                                        {
                                                                                            "operator_name": "PROJECTION",
                                                                                            "cpu_time": 3.191712515999998,
                                                                                            "extra_info": {
                                                                                                "Projections": [
                                                                                                    "#0",
                                                                                                    "#1",
                                                                                                    "#2",
                                                                                                    "#3",
                                                                                                    "__internal_decompress_integral_smallint(#4, 1)",
                                                                                                    "#5",
                                                                                                    "#6",
                                                                                                    "#7"
                                                                                                ],
                                                                                                "Estimated Cardinality": "12744093"
                                                                                            },
                                                                                            "cumulative_cardinality": 124730125,
                                                                                            "operator_type": "PROJECTION",
                                                                                            "operator_cardinality": 35129590,
                                                                                            "cumulative_rows_scanned": 23836031,
                                                                                            "operator_rows_scanned": 0,
                                                                                            "operator_timing": 0.02599820200000004,
                                                                                            "result_set_size": 1264665240,
                                                                                            "children": [
                                                                                                {
                                                                                                    "operator_name": "HASH_JOIN",
                                                                                                    "cpu_time": 3.165714313999998,
                                                                                                    "extra_info": {
                                                                                                        "Join Type": "RIGHT",
                                                                                                        "Conditions": "postid = id",
                                                                                                        "Estimated Cardinality": "12744093"
                                                                                                    },
                                                                                                    "cumulative_cardinality": 89600535,
                                                                                                    "operator_type": "HASH_JOIN",
                                                                                                    "operator_cardinality": 35129590,
                                                                                                    "cumulative_rows_scanned": 23836031,
                                                                                                    "operator_rows_scanned": 0,
                                                                                                    "operator_timing": 1.7962445239999985,
                                                                                                    "result_set_size": 1229535650,
                                                                                                    "children": [
                                                                                                        {
                                                                                                            "operator_name": "READ_PARQUET ",
                                                                                                            "cpu_time": 0.33833818299999957,
                                                                                                            "extra_info": {
                                                                                                                "Function": "READ_PARQUET",
                                                                                                                "Projections": [
                                                                                                                    "id",
                                                                                                                    "postid",
                                                                                                                    "votetypeid"
                                                                                                                ],
                                                                                                                "Estimated Cardinality": "12744093"
                                                                                                            },
                                                                                                            "cumulative_cardinality": 12744093,
                                                                                                            "operator_type": "TABLE_SCAN",
                                                                                                            "operator_cardinality": 12744093,
                                                                                                            "cumulative_rows_scanned": 12744093,
                                                                                                            "operator_rows_scanned": 12744093,
                                                                                                            "operator_timing": 0.33833818299999957,
                                                                                                            "result_set_size": 127440930,
                                                                                                            "children": []
                                                                                                        },
                                                                                                        {
                                                                                                            "operator_name": "PROJECTION",
                                                                                                            "cpu_time": 1.031131607,
                                                                                                            "extra_info": {
                                                                                                                "Projections": [
                                                                                                                    "#0",
                                                                                                                    "#1",
                                                                                                                    "__internal_compress_integral_utinyint(#2, 1)",
                                                                                                                    "#3",
                                                                                                                    "#4",
                                                                                                                    "#5"
                                                                                                                ],
                                                                                                                "Estimated Cardinality": "7241822"
                                                                                                            },
                                                                                                            "cumulative_cardinality": 41726852,
                                                                                                            "operator_type": "PROJECTION",
                                                                                                            "operator_cardinality": 8928266,
                                                                                                            "cumulative_rows_scanned": 11091938,
                                                                                                            "operator_rows_scanned": 0,
                                                                                                            "operator_timing": 0.0029065110000000127,
                                                                                                            "result_set_size": 258919714,
                                                                                                            "children": [
                                                                                                                {
                                                                                                                    "operator_name": "PROJECTION",
                                                                                                                    "cpu_time": 1.0282250960000001,
                                                                                                                    "extra_info": {
                                                                                                                        "Projections": [
                                                                                                                            "#0",
                                                                                                                            "#1",
                                                                                                                            "__internal_decompress_integral_smallint(#2, 1)",
                                                                                                                            "#3",
                                                                                                                            "#4",
                                                                                                                            "#5"
                                                                                                                        ],
                                                                                                                        "Estimated Cardinality": "7241822"
                                                                                                                    },
                                                                                                                    "cumulative_cardinality": 32798586,
                                                                                                                    "operator_type": "PROJECTION",
                                                                                                                    "operator_cardinality": 8928266,
                                                                                                                    "cumulative_rows_scanned": 11091938,
                                                                                                                    "operator_rows_scanned": 0,
                                                                                                                    "operator_timing": 0.0033718559999999973,
                                                                                                                    "result_set_size": 267847980,
                                                                                                                    "children": [
                                                                                                                        {
                                                                                                                            "operator_name": "HASH_JOIN",
                                                                                                                            "cpu_time": 1.02485324,
                                                                                                                            "extra_info": {
                                                                                                                                "Join Type": "RIGHT",
                                                                                                                                "Conditions": "postid = id",
                                                                                                                                "Estimated Cardinality": "7241822"
                                                                                                                            },
                                                                                                                            "cumulative_cardinality": 23870320,
                                                                                                                            "operator_type": "HASH_JOIN",
                                                                                                                            "operator_cardinality": 8928266,
                                                                                                                            "cumulative_rows_scanned": 11091938,
                                                                                                                            "operator_rows_scanned": 0,
                                                                                                                            "operator_timing": 0.6852892740000003,
                                                                                                                            "result_set_size": 258919714,
                                                                                                                            "children": [
                                                                                                                                {
                                                                                                                                    "operator_name": "READ_PARQUET ",
                                                                                                                                    "cpu_time": 0.14595776900000004,
                                                                                                                                    "extra_info": {
                                                                                                                                        "Function": "READ_PARQUET",
                                                                                                                                        "Projections": [
                                                                                                                                            "id",
                                                                                                                                            "postid"
                                                                                                                                        ],
                                                                                                                                        "Estimated Cardinality": "7241822"
                                                                                                                                    },
                                                                                                                                    "cumulative_cardinality": 7241822,
                                                                                                                                    "operator_type": "TABLE_SCAN",
                                                                                                                                    "operator_cardinality": 7241822,
                                                                                                                                    "cumulative_rows_scanned": 7241822,
                                                                                                                                    "operator_rows_scanned": 7241822,
                                                                                                                                    "operator_timing": 0.14595776900000004,
                                                                                                                                    "result_set_size": 57934576,
                                                                                                                                    "children": []
                                                                                                                                },
                                                                                                                                {
                                                                                                                                    "operator_name": "PROJECTION",
                                                                                                                                    "cpu_time": 0.19360619699999976,
                                                                                                                                    "extra_info": {
                                                                                                                                        "Projections": [
                                                                                                                                            "#0",
                                                                                                                                            "__internal_compress_integral_utinyint(#1, 1)",
                                                                                                                                            "#2",
                                                                                                                                            "#3",
                                                                                                                                            "#4"
                                                                                                                                        ],
                                                                                                                                        "Estimated Cardinality": "3850116"
                                                                                                                                    },
                                                                                                                                    "cumulative_cardinality": 7700232,
                                                                                                                                    "operator_type": "PROJECTION",
                                                                                                                                    "operator_cardinality": 3850116,
                                                                                                                                    "cumulative_rows_scanned": 3850116,
                                                                                                                                    "operator_rows_scanned": 0,
                                                                                                                                    "operator_timing": 0.001344868000000002,
                                                                                                                                    "result_set_size": 96252900,
                                                                                                                                    "children": [
                                                                                                                                        {
                                                                                                                                            "operator_name": "READ_PARQUET ",
                                                                                                                                            "cpu_time": 0.19226132899999976,
                                                                                                                                            "extra_info": {
                                                                                                                                                "Function": "READ_PARQUET",
                                                                                                                                                "Projections": [
                                                                                                                                                    "id",
                                                                                                                                                    "posttypeid",
                                                                                                                                                    "creationdate",
                                                                                                                                                    "owneruserid",
                                                                                                                                                    "lastactivitydate"
                                                                                                                                                ],
                                                                                                                                                "Estimated Cardinality": "3850116"
                                                                                                                                            },
                                                                                                                                            "cumulative_cardinality": 3850116,
                                                                                                                                            "operator_type": "TABLE_SCAN",
                                                                                                                                            "operator_cardinality": 3850116,
                                                                                                                                            "cumulative_rows_scanned": 3850116,
                                                                                                                                            "operator_rows_scanned": 3850116,
                                                                                                                                            "operator_timing": 0.19226132899999976,
                                                                                                                                            "result_set_size": 100103016,
                                                                                                                                            "children": []
                                                                                                                                        }
                                                                                                                                    ]
                                                                                                                                }
                                                                                                                            ]
                                                                                                                        }
                                                                                                                    ]
                                                                                                                }
                                                                                                            ]
                                                                                                        }
                                                                                                    ]
                                                                                                }
                                                                                            ]
                                                                                        },
                                                                                        {
                                                                                            "operator_name": "READ_PARQUET ",
                                                                                            "cpu_time": 0.09310232000000007,
                                                                                            "extra_info": {
                                                                                                "Function": "READ_PARQUET",
                                                                                                "Projections": [
                                                                                                    "id",
                                                                                                    "displayname"
                                                                                                ],
                                                                                                "Estimated Cardinality": "1260710"
                                                                                            },
                                                                                            "cumulative_cardinality": 1260710,
                                                                                            "operator_type": "TABLE_SCAN",
                                                                                            "operator_cardinality": 1260710,
                                                                                            "cumulative_rows_scanned": 1260710,
                                                                                            "operator_rows_scanned": 1260710,
                                                                                            "operator_timing": 0.09310232000000007,
                                                                                            "result_set_size": 25214200,
                                                                                            "children": []
                                                                                        }
                                                                                    ]
                                                                                }
                                                                            ]
                                                                        }
                                                                    ]
                                                                }
                                                            ]
                                                        }
                                                    ]
                                                },
                                                {
                                                    "operator_name": "HASH_GROUP_BY",
                                                    "cpu_time": 497.93297974402077,
                                                    "extra_info": {
                                                        "Groups": "#0",
                                                        "Aggregates": [
                                                            "count(#1)",
                                                            "sum(#2)"
                                                        ],
                                                        "Estimated Cardinality": "1976"
                                                    },
                                                    "cumulative_cardinality": 14125328,
                                                    "operator_type": "HASH_GROUP_BY",
                                                    "operator_cardinality": 1976,
                                                    "cumulative_rows_scanned": 3852092,
                                                    "operator_rows_scanned": 0,
                                                    "operator_timing": 0.15228994299999885,
                                                    "result_set_size": 79040,
                                                    "children": [
                                                        {
                                                            "operator_name": "PROJECTION",
                                                            "cpu_time": 497.7806898010208,
                                                            "extra_info": {
                                                                "Projections": [
                                                                    "tagname",
                                                                    "id",
                                                                    "COALESCE(viewcount, 0)"
                                                                ],
                                                                "Estimated Cardinality": "3850116"
                                                            },
                                                            "cumulative_cardinality": 14123352,
                                                            "operator_type": "PROJECTION",
                                                            "operator_cardinality": 5135630,
                                                            "cumulative_rows_scanned": 3852092,
                                                            "operator_rows_scanned": 0,
                                                            "operator_timing": 0.07032435399999974,
                                                            "result_set_size": 123255120,
                                                            "children": [
                                                                {
                                                                    "operator_name": "BLOCKWISE_NL_JOIN",
                                                                    "cpu_time": 497.7103654470208,
                                                                    "extra_info": {
                                                                        "Join Type": "RIGHT",
                                                                        "Condition": "(tags ~~ (('%' || tagname) || '%'))"
                                                                    },
                                                                    "cumulative_cardinality": 8987722,
                                                                    "operator_type": "BLOCKWISE_NL_JOIN",
                                                                    "operator_cardinality": 5135630,
                                                                    "cumulative_rows_scanned": 3852092,
                                                                    "operator_rows_scanned": 0,
                                                                    "operator_timing": 497.4783379350208,
                                                                    "result_set_size": 205425200,
                                                                    "children": [
                                                                        {
                                                                            "operator_name": "READ_PARQUET ",
                                                                            "cpu_time": 0.23171058100000003,
                                                                            "extra_info": {
                                                                                "Function": "READ_PARQUET",
                                                                                "Projections": [
                                                                                    "id",
                                                                                    "viewcount",
                                                                                    "tags"
                                                                                ],
                                                                                "Estimated Cardinality": "3850116"
                                                                            },
                                                                            "cumulative_cardinality": 3850116,
                                                                            "operator_type": "TABLE_SCAN",
                                                                            "operator_cardinality": 3850116,
                                                                            "cumulative_rows_scanned": 3850116,
                                                                            "operator_rows_scanned": 3850116,
                                                                            "operator_timing": 0.23171058100000003,
                                                                            "result_set_size": 92402784,
                                                                            "children": []
                                                                        },
                                                                        {
                                                                            "operator_name": "READ_PARQUET ",
                                                                            "cpu_time": 0.000316931,
                                                                            "extra_info": {
                                                                                "Function": "READ_PARQUET",
                                                                                "Projections": "tagname",
                                                                                "Estimated Cardinality": "1976"
                                                                            },
                                                                            "cumulative_cardinality": 1976,
                                                                            "operator_type": "TABLE_SCAN",
                                                                            "operator_cardinality": 1976,
                                                                            "cumulative_rows_scanned": 1976,
                                                                            "operator_rows_scanned": 1976,
                                                                            "operator_timing": 0.000316931,
                                                                            "result_set_size": 31616,
                                                                            "children": []
                                                                        }
                                                                    ]
                                                                }
                                                            ]
                                                        }
                                                    ]
                                                }
                                            ]
                                        }
                                    ]
                                }
                            ]
                        }
                    ]
                }
            ]
        }
    ]
}