{
    "rows_returned": 371631,
    "query_name": "\nWITH PostCounts AS (\n    SELECT \n        OwnerUserId,\n        COUNT(*) AS TotalPosts,\n        SUM(CASE WHEN PostTypeId = 1 THEN 1 ELSE 0 END) AS TotalQuestions,\n        SUM(CASE WHEN PostTypeId = 2 THEN 1 ELSE 0 END) AS TotalAnswers\n    FROM \n        Posts\n    GROUP BY \n        OwnerUserId\n),\nUserReputation AS (\n    SELECT \n        Id AS UserId,\n        Reputation\n    FROM \n        Users\n),\nPostStats AS (\n    SELECT \n        u.UserId,\n        u.Reputation,\n        pc.TotalPosts,\n        pc.TotalQuestions,\n        pc.TotalAnswers\n    FROM \n        PostCounts pc\n    JOIN \n        UserReputation u ON pc.OwnerUserId = u.UserId\n)\nSELECT \n    UserId,\n    Reputation,\n    TotalPosts,\n    TotalQuestions,\n    TotalAnswers,\n    (CAST(TotalQuestions AS FLOAT) / NULLIF(TotalPosts, 0)) * 100 AS QuestionPercentage,\n    (CAST(TotalAnswers AS FLOAT) / NULLIF(TotalPosts, 0)) * 100 AS AnswerPercentage\nFROM \n    PostStats\nORDER BY \n    Reputation DESC;\n",
    "blocked_thread_time": 0.0,
    "cpu_time": 2.4772099880000016,
    "extra_info": {},
    "cumulative_cardinality": 11190698,
    "cumulative_rows_scanned": 5110826,
    "result_set_size": 20811336,
    "latency": 3.595840461,
    "children": [
        {
            "operator_name": "ORDER_BY",
            "cpu_time": 2.4772099880000016,
            "extra_info": {
                "Order By": "PostStats.Reputation DESC"
            },
            "cumulative_cardinality": 11190698,
            "operator_type": "ORDER_BY",
            "operator_cardinality": 371631,
            "cumulative_rows_scanned": 5110826,
            "operator_rows_scanned": 0,
            "operator_timing": 0.0237298,
            "result_set_size": 20811336,
            "children": [
                {
                    "operator_name": "PROJECTION",
                    "cpu_time": 2.4534801880000017,
                    "extra_info": {
                        "Projections": [
                            "UserId",
                            "reputation",
                            "TotalPosts",
                            "TotalQuestions",
                            "TotalAnswers",
                            "QuestionPercentage",
                            "AnswerPercentage"
                        ],
                        "Estimated Cardinality": "1925058"
                    },
                    "cumulative_cardinality": 10819067,
                    "operator_type": "PROJECTION",
                    "operator_cardinality": 371631,
                    "cumulative_rows_scanned": 5110826,
                    "operator_rows_scanned": 0,
                    "operator_timing": 0.011499454000000001,
                    "result_set_size": 20811336,
                    "children": [
                        {
                            "operator_name": "PROJECTION",
                            "cpu_time": 2.4419807340000017,
                            "extra_info": {
                                "Projections": [
                                    "UserId",
                                    "reputation",
                                    "TotalPosts",
                                    "TotalQuestions",
                                    "TotalAnswers",
                                    "CAST(CASE  WHEN ((TotalPosts = 0)) THEN (NULL) ELSE TotalPosts END AS FLOAT)"
                                ],
                                "Estimated Cardinality": "1925058"
                            },
                            "cumulative_cardinality": 10447436,
                            "operator_type": "PROJECTION",
                            "operator_cardinality": 371631,
                            "cumulative_rows_scanned": 5110826,
                            "operator_rows_scanned": 0,
                            "operator_timing": 0.0019298340000000005,
                            "result_set_size": 19324812,
                            "children": [
                                {
                                    "operator_name": "PROJECTION",
                                    "cpu_time": 2.440050900000002,
                                    "extra_info": {
                                        "Projections": [
                                            "UserId",
                                            "reputation",
                                            "TotalPosts",
                                            "TotalQuestions",
                                            "TotalAnswers"
                                        ],
                                        "Estimated Cardinality": "1925058"
                                    },
                                    "cumulative_cardinality": 10075805,
                                    "operator_type": "PROJECTION",
                                    "operator_cardinality": 371631,
                                    "cumulative_rows_scanned": 5110826,
                                    "operator_rows_scanned": 0,
                                    "operator_timing": 0.000152318,
                                    "result_set_size": 17838288,
                                    "children": [
                                        {
                                            "operator_name": "HASH_JOIN",
                                            "cpu_time": 2.439898582000002,
                                            "extra_info": {
                                                "Join Type": "INNER",
                                                "Conditions": "owneruserid = UserId",
                                                "Estimated Cardinality": "1925058"
                                            },
                                            "cumulative_cardinality": 9704174,
                                            "operator_type": "HASH_JOIN",
                                            "operator_cardinality": 371631,
                                            "cumulative_rows_scanned": 5110826,
                                            "operator_rows_scanned": 0,
                                            "operator_timing": 0.10241724299999998,
                                            "result_set_size": 17838288,
                                            "children": [
                                                {
                                                    "operator_name": "HASH_GROUP_BY",
                                                    "cpu_time": 1.9510386600000023,
                                                    "extra_info": {
                                                        "Groups": "#0",
                                                        "Aggregates": [
                                                            "count_star()",
                                                            "sum(#1)",
                                                            "sum(#2)"
                                                        ],
                                                        "Estimated Cardinality": "1925058"
                                                    },
                                                    "cumulative_cardinality": 8071864,
                                                    "operator_type": "HASH_GROUP_BY",
                                                    "operator_cardinality": 371632,
                                                    "cumulative_rows_scanned": 3850116,
                                                    "operator_rows_scanned": 0,
                                                    "operator_timing": 0.24908946400000004,
                                                    "result_set_size": 16351808,
                                                    "children": [
                                                        {
                                                            "operator_name": "PROJECTION",
                                                            "cpu_time": 1.7019491960000022,
                                                            "extra_info": {
                                                                "Projections": [
                                                                    "owneruserid",
                                                                    "CASE  WHEN ((posttypeid = 1)) THEN (1) ELSE 0 END",
                                                                    "CASE  WHEN ((posttypeid = 2)) THEN (1) ELSE 0 END"
                                                                ],
                                                                "Estimated Cardinality": "3850116"
                                                            },
                                                            "cumulative_cardinality": 7700232,
                                                            "operator_type": "PROJECTION",
                                                            "operator_cardinality": 3850116,
                                                            "cumulative_rows_scanned": 3850116,
                                                            "operator_rows_scanned": 0,
                                                            "operator_timing": 0.09726574999999978,
                                                            "result_set_size": 46201392,
                                                            "children": [
                                                                {
                                                                    "operator_name": "READ_PARQUET ",
                                                                    "cpu_time": 1.6046834460000023,
                                                                    "extra_info": {
                                                                        "Function": "READ_PARQUET",
                                                                        "Projections": [
                                                                            "posttypeid",
                                                                            "owneruserid"
                                                                        ],
                                                                        "Estimated Cardinality": "3850116"
                                                                    },
                                                                    "cumulative_cardinality": 3850116,
                                                                    "operator_type": "TABLE_SCAN",
                                                                    "operator_cardinality": 3850116,
                                                                    "cumulative_rows_scanned": 3850116,
                                                                    "operator_rows_scanned": 3850116,
                                                                    "operator_timing": 1.6046834460000023,
                                                                    "result_set_size": 23100696,
                                                                    "children": []
                                                                }
                                                            ]
                                                        }
                                                    ]
                                                },
                                                {
                                                    "operator_name": "READ_PARQUET ",
                                                    "cpu_time": 0.38644267899999957,
                                                    "extra_info": {
                                                        "Function": "READ_PARQUET",
                                                        "Projections": [
                                                            "id",
                                                            "reputation"
                                                        ],
                                                        "Filters": "id<=1416539",
                                                        "Estimated Cardinality": "1260710"
                                                    },
                                                    "cumulative_cardinality": 1260679,
                                                    "operator_type": "TABLE_SCAN",
                                                    "operator_cardinality": 1260679,
                                                    "cumulative_rows_scanned": 1260710,
                                                    "operator_rows_scanned": 1260710,
                                                    "operator_timing": 0.38644267899999957,
                                                    "result_set_size": 10085432,
                                                    "children": []
                                                }
                                            ]
                                        }
                                    ]
                                }
                            ]
                        }
                    ]
                }
            ]
        }
    ]
}