{
    "rows_returned": 71208,
    "query_name": "\nWITH PostStatistics AS (\n    SELECT \n        Posts.Id AS PostId,\n        Posts.PostTypeId,\n        COUNT(Votes.Id) AS VoteCount,\n        COUNT(Comments.Id) AS CommentCount,\n        MAX(Posts.CreationDate) AS LastActivityDate\n    FROM \n        Posts\n    LEFT JOIN \n        Votes ON Posts.Id = Votes.PostId\n    LEFT JOIN \n        Comments ON Posts.Id = Comments.PostId\n    WHERE \n        Posts.CreationDate >= CAST('2024-10-01 12:34:56' AS TIMESTAMP) - INTERVAL '1 year'\n    GROUP BY \n        Posts.Id, Posts.PostTypeId\n),\nUserStatistics AS (\n    SELECT \n        Users.Id AS UserId,\n        AVG(Users.Reputation) AS AvgReputation,\n        SUM(CASE WHEN Badges.Class = 1 THEN 1 ELSE 0 END) AS GoldBadges,\n        SUM(CASE WHEN Badges.Class = 2 THEN 1 ELSE 0 END) AS SilverBadges,\n        SUM(CASE WHEN Badges.Class = 3 THEN 1 ELSE 0 END) AS BronzeBadges\n    FROM \n        Users\n    LEFT JOIN \n        Badges ON Users.Id = Badges.UserId\n    GROUP BY \n        Users.Id\n)\nSELECT \n    PS.PostId,\n    PS.PostTypeId,\n    PS.VoteCount,\n    PS.CommentCount,\n    PS.LastActivityDate,\n    US.UserId,\n    US.AvgReputation,\n    US.GoldBadges,\n    US.SilverBadges,\n    US.BronzeBadges\nFROM \n    PostStatistics PS\nJOIN \n    Users U ON PS.PostTypeId = U.Id  \nJOIN \n    UserStatistics US ON US.UserId = U.Id\nORDER BY \n    PS.LastActivityDate DESC;\n",
    "blocked_thread_time": 0.0,
    "cpu_time": 4.318311095999999,
    "extra_info": {},
    "cumulative_cardinality": 25112403,
    "cumulative_rows_scanned": 28679175,
    "result_set_size": 6408720,
    "latency": 4.963851016,
    "children": [
        {
            "operator_name": "PROJECTION",
            "cpu_time": 4.318311095999999,
            "extra_info": {
                "Projections": [
                    "#0",
                    "__internal_decompress_integral_smallint(#1, 1)",
                    "#2",
                    "#3",
                    "#4",
                    "#5",
                    "#6",
                    "#7",
                    "#8",
                    "#9"
                ],
                "Estimated Cardinality": "3850116"
            },
            "cumulative_cardinality": 25112403,
            "operator_type": "PROJECTION",
            "operator_cardinality": 71208,
            "cumulative_rows_scanned": 28679175,
            "operator_rows_scanned": 0,
            "operator_timing": 0.000062761,
            "result_set_size": 6408720,
            "children": [
                {
                    "operator_name": "ORDER_BY",
                    "cpu_time": 4.318248334999999,
                    "extra_info": {
                        "Order By": "PS.LastActivityDate DESC"
                    },
                    "cumulative_cardinality": 25041195,
                    "operator_type": "ORDER_BY",
                    "operator_cardinality": 71208,
                    "cumulative_rows_scanned": 28679175,
                    "operator_rows_scanned": 0,
                    "operator_timing": 0.006720963999999999,
                    "result_set_size": 6337512,
                    "children": [
                        {
                            "operator_name": "PROJECTION",
                            "cpu_time": 4.311527370999999,
                            "extra_info": {
                                "Projections": [
                                    "#0",
                                    "__internal_compress_integral_utinyint(#1, 1)",
                                    "#2",
                                    "#3",
                                    "#4",
                                    "#5",
                                    "#6",
                                    "#7",
                                    "#8",
                                    "#9"
                                ],
                                "Estimated Cardinality": "3850116"
                            },
                            "cumulative_cardinality": 24969987,
                            "operator_type": "PROJECTION",
                            "operator_cardinality": 71208,
                            "cumulative_rows_scanned": 28679175,
                            "operator_rows_scanned": 0,
                            "operator_timing": 0.000190958,
                            "result_set_size": 6337512,
                            "children": [
                                {
                                    "operator_name": "PROJECTION",
                                    "cpu_time": 4.3113364129999985,
                                    "extra_info": {
                                        "Projections": [
                                            "PostId",
                                            "posttypeid",
                                            "VoteCount",
                                            "CommentCount",
                                            "LastActivityDate",
                                            "UserId",
                                            "AvgReputation",
                                            "GoldBadges",
                                            "SilverBadges",
                                            "BronzeBadges"
                                        ],
                                        "Estimated Cardinality": "3850116"
                                    },
                                    "cumulative_cardinality": 24898779,
                                    "operator_type": "PROJECTION",
                                    "operator_cardinality": 71208,
                                    "cumulative_rows_scanned": 28679175,
                                    "operator_rows_scanned": 0,
                                    "operator_timing": 0.00006406400000000002,
                                    "result_set_size": 6408720,
                                    "children": [
                                        {
                                            "operator_name": "HASH_JOIN",
                                            "cpu_time": 4.3112723489999984,
                                            "extra_info": {
                                                "Join Type": "INNER",
                                                "Conditions": "CAST(posttypeid AS INTEGER) = UserId",
                                                "Estimated Cardinality": "3850116"
                                            },
                                            "cumulative_cardinality": 24827571,
                                            "operator_type": "HASH_JOIN",
                                            "operator_cardinality": 71208,
                                            "cumulative_rows_scanned": 28679175,
                                            "operator_rows_scanned": 0,
                                            "operator_timing": 0.08125628099999999,
                                            "result_set_size": 6408720,
                                            "children": [
                                                {
                                                    "operator_name": "PROJECTION",
                                                    "cpu_time": 3.249685767999998,
                                                    "extra_info": {
                                                        "Projections": [
                                                            "#0",
                                                            "__internal_decompress_integral_smallint(#1, 1)",
                                                            "#2",
                                                            "#3",
                                                            "#4"
                                                        ],
                                                        "Estimated Cardinality": "3850116"
                                                    },
                                                    "cumulative_cardinality": 11324973,
                                                    "operator_type": "PROJECTION",
                                                    "operator_cardinality": 145542,
                                                    "cumulative_rows_scanned": 23836031,
                                                    "operator_rows_scanned": 0,
                                                    "operator_timing": 0.00008708799999999995,
                                                    "result_set_size": 4366260,
                                                    "children": [
                                                        {
                                                            "operator_name": "HASH_GROUP_BY",
                                                            "cpu_time": 3.2495986799999983,
                                                            "extra_info": {
                                                                "Groups": [
                                                                    "#0",
                                                                    "#1"
                                                                ],
                                                                "Aggregates": [
                                                                    "count(#2)",
                                                                    "count(#3)",
                                                                    "max(#4)"
                                                                ],
                                                                "Estimated Cardinality": "3850116"
                                                            },
                                                            "cumulative_cardinality": 11179431,
                                                            "operator_type": "HASH_GROUP_BY",
                                                            "operator_cardinality": 145542,
                                                            "cumulative_rows_scanned": 23836031,
                                                            "operator_rows_scanned": 0,
                                                            "operator_timing": 0.06961296899999996,
                                                            "result_set_size": 4220718,
                                                            "children": [
                                                                {
                                                                    "operator_name": "PROJECTION",
                                                                    "cpu_time": 3.1799857109999983,
                                                                    "extra_info": {
                                                                        "Projections": [
                                                                            "id",
                                                                            "posttypeid",
                                                                            "id",
                                                                            "id",
                                                                            "creationdate"
                                                                        ],
                                                                        "Estimated Cardinality": "12744093"
                                                                    },
                                                                    "cumulative_cardinality": 11033889,
                                                                    "operator_type": "PROJECTION",
                                                                    "operator_cardinality": 954760,
                                                                    "cumulative_rows_scanned": 23836031,
                                                                    "operator_rows_scanned": 0,
                                                                    "operator_timing": 0.0004470680000000005,
                                                                    "result_set_size": 20049960,
                                                                    "children": [
                                                                        {
                                                                            "operator_name": "PROJECTION",
                                                                            "cpu_time": 3.179538642999998,
                                                                            "extra_info": {
                                                                                "Projections": [
                                                                                    "#0",
                                                                                    "#1",
                                                                                    "__internal_compress_integral_utinyint(#2, 1)",
                                                                                    "#3",
                                                                                    "#4"
                                                                                ],
                                                                                "Estimated Cardinality": "12744093"
                                                                            },
                                                                            "cumulative_cardinality": 10079129,
                                                                            "operator_type": "PROJECTION",
                                                                            "operator_cardinality": 954760,
                                                                            "cumulative_rows_scanned": 23836031,
                                                                            "operator_rows_scanned": 0,
                                                                            "operator_timing": 0.002281156999999997,
                                                                            "result_set_size": 20049960,
                                                                            "children": [
                                                                                {
                                                                                    "operator_name": "HASH_JOIN",
                                                                                    "cpu_time": 3.177257485999998,
                                                                                    "extra_info": {
                                                                                        "Join Type": "LEFT",
                                                                                        "Conditions": "id = postid",
                                                                                        "Estimated Cardinality": "12744093"
                                                                                    },
                                                                                    "cumulative_cardinality": 9124369,
                                                                                    "operator_type": "HASH_JOIN",
                                                                                    "operator_cardinality": 954760,
                                                                                    "cumulative_rows_scanned": 23836031,
                                                                                    "operator_rows_scanned": 0,
                                                                                    "operator_timing": 0.5897521189999999,
                                                                                    "result_set_size": 21004720,
                                                                                    "children": [
                                                                                        {
                                                                                            "operator_name": "HASH_JOIN",
                                                                                            "cpu_time": 0.30582664800000003,
                                                                                            "extra_info": {
                                                                                                "Join Type": "RIGHT",
                                                                                                "Conditions": "postid = id",
                                                                                                "Estimated Cardinality": "12744093"
                                                                                            },
                                                                                            "cumulative_cardinality": 927787,
                                                                                            "operator_type": "HASH_JOIN",
                                                                                            "operator_cardinality": 339719,
                                                                                            "cumulative_rows_scanned": 16594209,
                                                                                            "operator_rows_scanned": 0,
                                                                                            "operator_timing": 0.03219250300000005,
                                                                                            "result_set_size": 6114942,
                                                                                            "children": [
                                                                                                {
                                                                                                    "operator_name": "READ_PARQUET ",
                                                                                                    "cpu_time": 0.03429629600000001,
                                                                                                    "extra_info": {
                                                                                                        "Function": "READ_PARQUET",
                                                                                                        "Projections": [
                                                                                                            "id",
                                                                                                            "postid"
                                                                                                        ],
                                                                                                        "Estimated Cardinality": "12744093"
                                                                                                    },
                                                                                                    "cumulative_cardinality": 442526,
                                                                                                    "operator_type": "TABLE_SCAN",
                                                                                                    "operator_cardinality": 442526,
                                                                                                    "cumulative_rows_scanned": 12744093,
                                                                                                    "operator_rows_scanned": 12744093,
                                                                                                    "operator_timing": 0.03429629600000001,
                                                                                                    "result_set_size": 3540208,
                                                                                                    "children": []
                                                                                                },
                                                                                                {
                                                                                                    "operator_name": "READ_PARQUET ",
                                                                                                    "cpu_time": 0.23933784899999996,
                                                                                                    "extra_info": {
                                                                                                        "Function": "READ_PARQUET",
                                                                                                        "Projections": [
                                                                                                            "id",
                                                                                                            "posttypeid",
                                                                                                            "creationdate"
                                                                                                        ],
                                                                                                        "Filters": "creationdate>='2023-10-01 12:34:56'::TIMESTAMP",
                                                                                                        "Estimated Cardinality": "770023"
                                                                                                    },
                                                                                                    "cumulative_cardinality": 145542,
                                                                                                    "operator_type": "TABLE_SCAN",
                                                                                                    "operator_cardinality": 145542,
                                                                                                    "cumulative_rows_scanned": 3850116,
                                                                                                    "operator_rows_scanned": 3850116,
                                                                                                    "operator_timing": 0.23933784899999996,
                                                                                                    "result_set_size": 2037588,
                                                                                                    "children": []
                                                                                                }
                                                                                            ]
                                                                                        },
                                                                                        {
                                                                                            "operator_name": "READ_PARQUET ",
                                                                                            "cpu_time": 2.281678718999998,
                                                                                            "extra_info": {
                                                                                                "Function": "READ_PARQUET",
                                                                                                "Projections": [
                                                                                                    "id",
                                                                                                    "postid"
                                                                                                ],
                                                                                                "Estimated Cardinality": "7241822"
                                                                                            },
                                                                                            "cumulative_cardinality": 7241822,
                                                                                            "operator_type": "TABLE_SCAN",
                                                                                            "operator_cardinality": 7241822,
                                                                                            "cumulative_rows_scanned": 7241822,
                                                                                            "operator_rows_scanned": 7241822,
                                                                                            "operator_timing": 2.281678718999998,
                                                                                            "result_set_size": 57934576,
                                                                                            "children": []
                                                                                        }
                                                                                    ]
                                                                                }
                                                                            ]
                                                                        }
                                                                    ]
                                                                }
                                                            ]
                                                        }
                                                    ]
                                                },
                                                {
                                                    "operator_name": "HASH_JOIN",
                                                    "cpu_time": 0.9803303000000007,
                                                    "extra_info": {
                                                        "Join Type": "INNER",
                                                        "Conditions": "UserId = id",
                                                        "Estimated Cardinality": "1260710"
                                                    },
                                                    "cumulative_cardinality": 13431390,
                                                    "operator_type": "HASH_JOIN",
                                                    "operator_cardinality": 1260710,
                                                    "cumulative_rows_scanned": 4843144,
                                                    "operator_rows_scanned": 0,
                                                    "operator_timing": 0.12217868999999988,
                                                    "result_set_size": 75642600,
                                                    "children": [
                                                        {
                                                            "operator_name": "HASH_GROUP_BY",
                                                            "cpu_time": 0.8466640990000007,
                                                            "extra_info": {
                                                                "Groups": "#0",
                                                                "Aggregates": [
                                                                    "avg(#1)",
                                                                    "sum(#2)",
                                                                    "sum(#3)",
                                                                    "sum(#4)"
                                                                ],
                                                                "Estimated Cardinality": "1260710"
                                                            },
                                                            "cumulative_cardinality": 10909970,
                                                            "operator_type": "HASH_GROUP_BY",
                                                            "operator_cardinality": 1260710,
                                                            "cumulative_rows_scanned": 3582434,
                                                            "operator_rows_scanned": 0,
                                                            "operator_timing": 0.5089084500000003,
                                                            "result_set_size": 75642600,
                                                            "children": [
                                                                {
                                                                    "operator_name": "PROJECTION",
                                                                    "cpu_time": 0.3377556490000005,
                                                                    "extra_info": {
                                                                        "Projections": [
                                                                            "id",
                                                                            "reputation",
                                                                            "CASE  WHEN ((class = 1)) THEN (1) ELSE 0 END",
                                                                            "CASE  WHEN ((class = 2)) THEN (1) ELSE 0 END",
                                                                            "CASE  WHEN ((class = 3)) THEN (1) ELSE 0 END"
                                                                        ],
                                                                        "Estimated Cardinality": "2321724"
                                                                    },
                                                                    "cumulative_cardinality": 9649260,
                                                                    "operator_type": "PROJECTION",
                                                                    "operator_cardinality": 3033413,
                                                                    "cumulative_rows_scanned": 3582434,
                                                                    "operator_rows_scanned": 0,
                                                                    "operator_timing": 0.023598924,
                                                                    "result_set_size": 60668260,
                                                                    "children": [
                                                                        {
                                                                            "operator_name": "HASH_JOIN",
                                                                            "cpu_time": 0.31415672500000047,
                                                                            "extra_info": {
                                                                                "Join Type": "RIGHT",
                                                                                "Conditions": "userid = id",
                                                                                "Estimated Cardinality": "2321724"
                                                                            },
                                                                            "cumulative_cardinality": 6615847,
                                                                            "operator_type": "HASH_JOIN",
                                                                            "operator_cardinality": 3033413,
                                                                            "cumulative_rows_scanned": 3582434,
                                                                            "operator_rows_scanned": 0,
                                                                            "operator_timing": 0.23962832800000047,
                                                                            "result_set_size": 30334130,
                                                                            "children": [
                                                                                {
                                                                                    "operator_name": "READ_PARQUET ",
                                                                                    "cpu_time": 0.049431368999999996,
                                                                                    "extra_info": {
                                                                                        "Function": "READ_PARQUET",
                                                                                        "Projections": [
                                                                                            "userid",
                                                                                            "class"
                                                                                        ],
                                                                                        "Estimated Cardinality": "2321724"
                                                                                    },
                                                                                    "cumulative_cardinality": 2321724,
                                                                                    "operator_type": "TABLE_SCAN",
                                                                                    "operator_cardinality": 2321724,
                                                                                    "cumulative_rows_scanned": 2321724,
                                                                                    "operator_rows_scanned": 2321724,
                                                                                    "operator_timing": 0.049431368999999996,
                                                                                    "result_set_size": 13930344,
                                                                                    "children": []
                                                                                },
                                                                                {
                                                                                    "operator_name": "READ_PARQUET ",
                                                                                    "cpu_time": 0.025097028000000004,
                                                                                    "extra_info": {
                                                                                        "Function": "READ_PARQUET",
                                                                                        "Projections": [
                                                                                            "id",
                                                                                            "reputation"
                                                                                        ],
                                                                                        "Estimated Cardinality": "1260710"
                                                                                    },
                                                                                    "cumulative_cardinality": 1260710,
                                                                                    "operator_type": "TABLE_SCAN",
                                                                                    "operator_cardinality": 1260710,
                                                                                    "cumulative_rows_scanned": 1260710,
                                                                                    "operator_rows_scanned": 1260710,
                                                                                    "operator_timing": 0.025097028000000004,
                                                                                    "result_set_size": 10085680,
                                                                                    "children": []
                                                                                }
                                                                            ]
                                                                        }
                                                                    ]
                                                                }
                                                            ]
                                                        },
                                                        {
                                                            "operator_name": "READ_PARQUET ",
                                                            "cpu_time": 0.011487510999999976,
                                                            "extra_info": {
                                                                "Function": "READ_PARQUET",
                                                                "Projections": "id",
                                                                "Estimated Cardinality": "1260710"
                                                            },
                                                            "cumulative_cardinality": 1260710,
                                                            "operator_type": "TABLE_SCAN",
                                                            "operator_cardinality": 1260710,
                                                            "cumulative_rows_scanned": 1260710,
                                                            "operator_rows_scanned": 1260710,
                                                            "operator_timing": 0.011487510999999976,
                                                            "result_set_size": 5042840,
                                                            "children": []
                                                        }
                                                    ]
                                                }
                                            ]
                                        }
                                    ]
                                }
                            ]
                        }
                    ]
                }
            ]
        }
    ]
}