{
    "rows_returned": 1,
    "query_name": "WITH PostStats AS (\n    SELECT \n        COUNT(*) AS TotalPosts,\n        COUNT(DISTINCT OwnerUserId) AS TotalPostOwners,\n        AVG(ViewCount) AS AverageViews,\n        AVG(Score) AS AverageScore\n    FROM \n        Posts\n),\nUserStats AS (\n    SELECT \n        COUNT(*) AS TotalUsers,\n        AVG(Reputation) AS AverageReputation,\n        AVG(Views) AS AverageViewsPerUser\n    FROM \n        Users\n),\nVoteStats AS (\n    SELECT \n        COUNT(*) AS TotalVotes,\n        AVG(BountyAmount) AS AverageBountyAmount\n    FROM \n        Votes\n),\nCommentStats AS (\n    SELECT \n        COUNT(*) AS TotalComments,\n        AVG(Score) AS AverageCommentScore\n    FROM \n        Comments\n)\n\nSELECT \n    (SELECT TotalPosts FROM PostStats) AS TotalPosts,\n    (SELECT TotalPostOwners FROM PostStats) AS TotalPostOwners,\n    (SELECT AverageViews FROM PostStats) AS AveragePostViews,\n    (SELECT AverageScore FROM PostStats) AS AveragePostScore,\n    \n    (SELECT TotalUsers FROM UserStats) AS TotalUsers,\n    (SELECT AverageReputation FROM UserStats) AS AverageUserReputation,\n    (SELECT AverageViewsPerUser FROM UserStats) AS AverageViewsPerUser,\n    \n    (SELECT TotalVotes FROM VoteStats) AS TotalVotes,\n    (SELECT AverageBountyAmount FROM VoteStats) AS AverageBountyAmount,\n    \n    (SELECT TotalComments FROM CommentStats) AS TotalComments,\n    (SELECT AverageCommentScore FROM CommentStats) AS AverageCommentScore;",
    "blocked_thread_time": 0.0,
    "cpu_time": 0.33136799999999994,
    "extra_info": {},
    "cumulative_cardinality": 50193552,
    "cumulative_rows_scanned": 25096741,
    "result_set_size": 88,
    "latency": 0.413391788,
    "children": [
        {
            "operator_name": "PROJECTION",
            "cpu_time": 0.33136799999999994,
            "extra_info": {
                "Projections": [
                    "TotalPosts",
                    "TotalPostOwners",
                    "AveragePostViews",
                    "AveragePostScore",
                    "TotalUsers",
                    "AverageUserReputation",
                    "AverageViewsPerUser",
                    "TotalVotes",
                    "AverageBountyAmount",
                    "TotalComments",
                    "AverageCommentScore"
                ],
                "Estimated Cardinality": "1"
            },
            "cumulative_cardinality": 50193552,
            "operator_type": "PROJECTION",
            "operator_cardinality": 1,
            "cumulative_rows_scanned": 25096741,
            "operator_rows_scanned": 0,
            "operator_timing": 5.31e-7,
            "result_set_size": 88,
            "children": [
                {
                    "operator_name": "CTE",
                    "cpu_time": 0.3313674689999999,
                    "extra_info": {
                        "CTE Name": "PostStats",
                        "Table Index": "0"
                    },
                    "cumulative_cardinality": 50193551,
                    "operator_type": "CTE",
                    "operator_cardinality": 0,
                    "cumulative_rows_scanned": 25096741,
                    "operator_rows_scanned": 0,
                    "operator_timing": 5.41e-7,
                    "result_set_size": 0,
                    "children": [
                        {
                            "operator_name": "UNGROUPED_AGGREGATE",
                            "cpu_time": 0.20435559499999983,
                            "extra_info": {
                                "Aggregates": [
                                    "count_star()",
                                    "count(DISTINCT #0)",
                                    "avg(#1)",
                                    "avg(#2)"
                                ]
                            },
                            "cumulative_cardinality": 7700233,
                            "operator_type": "UNGROUPED_AGGREGATE",
                            "operator_cardinality": 1,
                            "cumulative_rows_scanned": 3850116,
                            "operator_rows_scanned": 0,
                            "operator_timing": 0.12679023799999978,
                            "result_set_size": 32,
                            "children": [
                                {
                                    "operator_name": "PROJECTION",
                                    "cpu_time": 0.07756535700000004,
                                    "extra_info": {
                                        "Projections": [
                                            "owneruserid",
                                            "viewcount",
                                            "score"
                                        ],
                                        "Estimated Cardinality": "3850116"
                                    },
                                    "cumulative_cardinality": 7700232,
                                    "operator_type": "PROJECTION",
                                    "operator_cardinality": 3850116,
                                    "cumulative_rows_scanned": 3850116,
                                    "operator_rows_scanned": 0,
                                    "operator_timing": 0.00044907699999999706,
                                    "result_set_size": 46201392,
                                    "children": [
                                        {
                                            "operator_name": "READ_PARQUET ",
                                            "cpu_time": 0.07711628000000005,
                                            "extra_info": {
                                                "Function": "READ_PARQUET",
                                                "Projections": [
                                                    "score",
                                                    "viewcount",
                                                    "owneruserid"
                                                ],
                                                "Estimated Cardinality": "3850116"
                                            },
                                            "cumulative_cardinality": 3850116,
                                            "operator_type": "TABLE_SCAN",
                                            "operator_cardinality": 3850116,
                                            "cumulative_rows_scanned": 3850116,
                                            "operator_rows_scanned": 3850116,
                                            "operator_timing": 0.07711628000000005,
                                            "result_set_size": 46201392,
                                            "children": []
                                        }
                                    ]
                                }
                            ]
                        },
                        {
                            "operator_name": "CTE",
                            "cpu_time": 0.12701133300000012,
                            "extra_info": {
                                "CTE Name": "UserStats",
                                "Table Index": "14"
                            },
                            "cumulative_cardinality": 42493318,
                            "operator_type": "CTE",
                            "operator_cardinality": 0,
                            "cumulative_rows_scanned": 21246625,
                            "operator_rows_scanned": 0,
                            "operator_timing": 0.000002775,
                            "result_set_size": 0,
                            "children": [
                                {
                                    "operator_name": "UNGROUPED_AGGREGATE",
                                    "cpu_time": 0.025297380999999976,
                                    "extra_info": {
                                        "Aggregates": [
                                            "count_star()",
                                            "avg(#0)",
                                            "avg(#1)"
                                        ]
                                    },
                                    "cumulative_cardinality": 2521421,
                                    "operator_type": "UNGROUPED_AGGREGATE",
                                    "operator_cardinality": 1,
                                    "cumulative_rows_scanned": 1260710,
                                    "operator_rows_scanned": 0,
                                    "operator_timing": 0.010585126999999984,
                                    "result_set_size": 24,
                                    "children": [
                                        {
                                            "operator_name": "PROJECTION",
                                            "cpu_time": 0.014712253999999992,
                                            "extra_info": {
                                                "Projections": [
                                                    "reputation",
                                                    "views"
                                                ],
                                                "Estimated Cardinality": "1260710"
                                            },
                                            "cumulative_cardinality": 2521420,
                                            "operator_type": "PROJECTION",
                                            "operator_cardinality": 1260710,
                                            "cumulative_rows_scanned": 1260710,
                                            "operator_rows_scanned": 0,
                                            "operator_timing": 0.0000753139999999999,
                                            "result_set_size": 10085680,
                                            "children": [
                                                {
                                                    "operator_name": "READ_PARQUET ",
                                                    "cpu_time": 0.014636939999999992,
                                                    "extra_info": {
                                                        "Function": "READ_PARQUET",
                                                        "Projections": [
                                                            "reputation",
                                                            "views"
                                                        ],
                                                        "Estimated Cardinality": "1260710"
                                                    },
                                                    "cumulative_cardinality": 1260710,
                                                    "operator_type": "TABLE_SCAN",
                                                    "operator_cardinality": 1260710,
                                                    "cumulative_rows_scanned": 1260710,
                                                    "operator_rows_scanned": 1260710,
                                                    "operator_timing": 0.014636939999999992,
                                                    "result_set_size": 10085680,
                                                    "children": []
                                                }
                                            ]
                                        }
                                    ]
                                },
                                {
                                    "operator_name": "CTE",
                                    "cpu_time": 0.10171117700000012,
                                    "extra_info": {
                                        "CTE Name": "VoteStats",
                                        "Table Index": "28"
                                    },
                                    "cumulative_cardinality": 39971897,
                                    "operator_type": "CTE",
                                    "operator_cardinality": 0,
                                    "cumulative_rows_scanned": 19985915,
                                    "operator_rows_scanned": 0,
                                    "operator_timing": 0.000006101,
                                    "result_set_size": 0,
                                    "children": [
                                        {
                                            "operator_name": "UNGROUPED_AGGREGATE",
                                            "cpu_time": 0.03574493200000027,
                                            "extra_info": {
                                                "Aggregates": [
                                                    "count_star()",
                                                    "avg(#0)"
                                                ]
                                            },
                                            "cumulative_cardinality": 25488187,
                                            "operator_type": "UNGROUPED_AGGREGATE",
                                            "operator_cardinality": 1,
                                            "cumulative_rows_scanned": 12744093,
                                            "operator_rows_scanned": 0,
                                            "operator_timing": 0.010340329000000406,
                                            "result_set_size": 16,
                                            "children": [
                                                {
                                                    "operator_name": "PROJECTION",
                                                    "cpu_time": 0.025404602999999866,
                                                    "extra_info": {
                                                        "Projections": "bountyamount",
                                                        "Estimated Cardinality": "12744093"
                                                    },
                                                    "cumulative_cardinality": 25488186,
                                                    "operator_type": "PROJECTION",
                                                    "operator_cardinality": 12744093,
                                                    "cumulative_rows_scanned": 12744093,
                                                    "operator_rows_scanned": 0,
                                                    "operator_timing": 0.0005315250000000235,
                                                    "result_set_size": 50976372,
                                                    "children": [
                                                        {
                                                            "operator_name": "READ_PARQUET ",
                                                            "cpu_time": 0.024873077999999844,
                                                            "extra_info": {
                                                                "Function": "READ_PARQUET",
                                                                "Projections": "bountyamount",
                                                                "Estimated Cardinality": "12744093"
                                                            },
                                                            "cumulative_cardinality": 12744093,
                                                            "operator_type": "TABLE_SCAN",
                                                            "operator_cardinality": 12744093,
                                                            "cumulative_rows_scanned": 12744093,
                                                            "operator_rows_scanned": 12744093,
                                                            "operator_timing": 0.024873077999999844,
                                                            "result_set_size": 50976372,
                                                            "children": []
                                                        }
                                                    ]
                                                }
                                            ]
                                        },
                                        {
                                            "operator_name": "CTE",
                                            "cpu_time": 0.06596014399999986,
                                            "extra_info": {
                                                "CTE Name": "CommentStats",
                                                "Table Index": "42"
                                            },
                                            "cumulative_cardinality": 14483710,
                                            "operator_type": "CTE",
                                            "operator_cardinality": 0,
                                            "cumulative_rows_scanned": 7241822,
                                            "operator_rows_scanned": 0,
                                            "operator_timing": 7.71e-7,
                                            "result_set_size": 0,
                                            "children": [
                                                {
                                                    "operator_name": "UNGROUPED_AGGREGATE",
                                                    "cpu_time": 0.06583638999999987,
                                                    "extra_info": {
                                                        "Aggregates": [
                                                            "count_star()",
                                                            "avg(#0)"
                                                        ]
                                                    },
                                                    "cumulative_cardinality": 14483645,
                                                    "operator_type": "UNGROUPED_AGGREGATE",
                                                    "operator_cardinality": 1,
                                                    "cumulative_rows_scanned": 7241822,
                                                    "operator_rows_scanned": 0,
                                                    "operator_timing": 0.029341929000000003,
                                                    "result_set_size": 16,
                                                    "children": [
                                                        {
                                                            "operator_name": "PROJECTION",
                                                            "cpu_time": 0.03649446099999987,
                                                            "extra_info": {
                                                                "Projections": "score",
                                                                "Estimated Cardinality": "7241822"
                                                            },
                                                            "cumulative_cardinality": 14483644,
                                                            "operator_type": "PROJECTION",
                                                            "operator_cardinality": 7241822,
                                                            "cumulative_rows_scanned": 7241822,
                                                            "operator_rows_scanned": 0,
                                                            "operator_timing": 0.00031573500000001506,
                                                            "result_set_size": 28967288,
                                                            "children": [
                                                                {
                                                                    "operator_name": "READ_PARQUET ",
                                                                    "cpu_time": 0.03617872599999985,
                                                                    "extra_info": {
                                                                        "Function": "READ_PARQUET",
                                                                        "Projections": "score",
                                                                        "Estimated Cardinality": "7241822"
                                                                    },
                                                                    "cumulative_cardinality": 7241822,
                                                                    "operator_type": "TABLE_SCAN",
                                                                    "operator_cardinality": 7241822,
                                                                    "cumulative_rows_scanned": 7241822,
                                                                    "operator_rows_scanned": 7241822,
                                                                    "operator_timing": 0.03617872599999985,
                                                                    "result_set_size": 28967288,
                                                                    "children": []
                                                                }
                                                            ]
                                                        }
                                                    ]
                                                },
                                                {
                                                    "operator_name": "CROSS_PRODUCT",
                                                    "cpu_time": 0.00012298299999999998,
                                                    "extra_info": {},
                                                    "cumulative_cardinality": 65,
                                                    "operator_type": "CROSS_PRODUCT",
                                                    "operator_cardinality": 1,
                                                    "cumulative_rows_scanned": 0,
                                                    "operator_rows_scanned": 0,
                                                    "operator_timing": 0.000017402,
                                                    "result_set_size": 88,
                                                    "children": [
                                                        {
                                                            "operator_name": "CROSS_PRODUCT",
                                                            "cpu_time": 0.000064896,
                                                            "extra_info": {},
                                                            "cumulative_cardinality": 41,
                                                            "operator_type": "CROSS_PRODUCT",
                                                            "operator_cardinality": 1,
                                                            "cumulative_rows_scanned": 0,
                                                            "operator_rows_scanned": 0,
                                                            "operator_timing": 0.000009758,
                                                            "result_set_size": 56,
                                                            "children": [
                                                                {
                                                                    "operator_name": "CROSS_PRODUCT",
                                                                    "cpu_time": 0.000035276000000000006,
                                                                    "extra_info": {},
                                                                    "cumulative_cardinality": 23,
                                                                    "operator_type": "CROSS_PRODUCT",
                                                                    "operator_cardinality": 1,
                                                                    "cumulative_rows_scanned": 0,
                                                                    "operator_rows_scanned": 0,
                                                                    "operator_timing": 0.000005481,
                                                                    "result_set_size": 32,
                                                                    "children": [
                                                                        {
                                                                            "operator_name": "CROSS_PRODUCT",
                                                                            "cpu_time": 0.000027782000000000003,
                                                                            "extra_info": {},
                                                                            "cumulative_cardinality": 17,
                                                                            "operator_type": "CROSS_PRODUCT",
                                                                            "operator_cardinality": 1,
                                                                            "cumulative_rows_scanned": 0,
                                                                            "operator_rows_scanned": 0,
                                                                            "operator_timing": 0.000009717999999999999,
                                                                            "result_set_size": 24,
                                                                            "children": [
                                                                                {
                                                                                    "operator_name": "CROSS_PRODUCT",
                                                                                    "cpu_time": 0.00001601,
                                                                                    "extra_info": {},
                                                                                    "cumulative_cardinality": 11,
                                                                                    "operator_type": "CROSS_PRODUCT",
                                                                                    "operator_cardinality": 1,
                                                                                    "cumulative_rows_scanned": 0,
                                                                                    "operator_rows_scanned": 0,
                                                                                    "operator_timing": 0.000006272,
                                                                                    "result_set_size": 16,
                                                                                    "children": [
                                                                                        {
                                                                                            "operator_name": "PROJECTION",
                                                                                            "cpu_time": 0.000007094000000000001,
                                                                                            "extra_info": {
                                                                                                "Projections": [
                                                                                                    "CASE  WHEN ((#1 > 1)) THEN (error('More than one row returned by a subquery used as an expression - scalar subqueries can only return a single row.",
                                                                                                    "Use \"SET scalar_subquery_error_on_multiple_rows=false\" to revert to previous behavior of returning a random row.')) ELSE #0 END"
                                                                                                ],
                                                                                                "Estimated Cardinality": "1"
                                                                                            },
                                                                                            "cumulative_cardinality": 5,
                                                                                            "operator_type": "PROJECTION",
                                                                                            "operator_cardinality": 1,
                                                                                            "cumulative_rows_scanned": 0,
                                                                                            "operator_rows_scanned": 0,
                                                                                            "operator_timing": 4.81e-7,
                                                                                            "result_set_size": 8,
                                                                                            "children": [
                                                                                                {
                                                                                                    "operator_name": "UNGROUPED_AGGREGATE",
                                                                                                    "cpu_time": 0.000006613000000000001,
                                                                                                    "extra_info": {
                                                                                                        "Aggregates": [
                                                                                                            "\"first\"(#0)",
                                                                                                            "count_star()"
                                                                                                        ]
                                                                                                    },
                                                                                                    "cumulative_cardinality": 4,
                                                                                                    "operator_type": "UNGROUPED_AGGREGATE",
                                                                                                    "operator_cardinality": 1,
                                                                                                    "cumulative_rows_scanned": 0,
                                                                                                    "operator_rows_scanned": 0,
                                                                                                    "operator_timing": 0.000003878,
                                                                                                    "result_set_size": 16,
                                                                                                    "children": [
                                                                                                        {
                                                                                                            "operator_name": "PROJECTION",
                                                                                                            "cpu_time": 0.0000027350000000000005,
                                                                                                            "extra_info": {
                                                                                                                "Projections": "#0",
                                                                                                                "Estimated Cardinality": "1"
                                                                                                            },
                                                                                                            "cumulative_cardinality": 3,
                                                                                                            "operator_type": "PROJECTION",
                                                                                                            "operator_cardinality": 1,
                                                                                                            "cumulative_rows_scanned": 0,
                                                                                                            "operator_rows_scanned": 0,
                                                                                                            "operator_timing": 8e-8,
                                                                                                            "result_set_size": 8,
                                                                                                            "children": [
                                                                                                                {
                                                                                                                    "operator_name": "PROJECTION",
                                                                                                                    "cpu_time": 0.0000026550000000000004,
                                                                                                                    "extra_info": {
                                                                                                                        "Projections": "TotalUsers",
                                                                                                                        "Estimated Cardinality": "1"
                                                                                                                    },
                                                                                                                    "cumulative_cardinality": 2,
                                                                                                                    "operator_type": "PROJECTION",
                                                                                                                    "operator_cardinality": 1,
                                                                                                                    "cumulative_rows_scanned": 0,
                                                                                                                    "operator_rows_scanned": 0,
                                                                                                                    "operator_timing": 4.41e-7,
                                                                                                                    "result_set_size": 8,
                                                                                                                    "children": [
                                                                                                                        {
                                                                                                                            "operator_name": "CTE_SCAN",
                                                                                                                            "cpu_time": 0.0000022140000000000003,
                                                                                                                            "extra_info": {
                                                                                                                                "CTE Index": "14",
                                                                                                                                "Estimated Cardinality": "1"
                                                                                                                            },
                                                                                                                            "cumulative_cardinality": 1,
                                                                                                                            "operator_type": "CTE_SCAN",
                                                                                                                            "operator_cardinality": 1,
                                                                                                                            "cumulative_rows_scanned": 0,
                                                                                                                            "operator_rows_scanned": 0,
                                                                                                                            "operator_timing": 0.0000022140000000000003,
                                                                                                                            "result_set_size": 24,
                                                                                                                            "children": []
                                                                                                                        }
                                                                                                                    ]
                                                                                                                }
                                                                                                            ]
                                                                                                        }
                                                                                                    ]
                                                                                                }
                                                                                            ]
                                                                                        },
                                                                                        {
                                                                                            "operator_name": "PROJECTION",
                                                                                            "cpu_time": 0.000002644,
                                                                                            "extra_info": {
                                                                                                "Projections": [
                                                                                                    "CASE  WHEN ((#1 > 1)) THEN (error('More than one row returned by a subquery used as an expression - scalar subqueries can only return a single row.",
                                                                                                    "Use \"SET scalar_subquery_error_on_multiple_rows=false\" to revert to previous behavior of returning a random row.')) ELSE #0 END"
                                                                                                ],
                                                                                                "Estimated Cardinality": "1"
                                                                                            },
                                                                                            "cumulative_cardinality": 5,
                                                                                            "operator_type": "PROJECTION",
                                                                                            "operator_cardinality": 1,
                                                                                            "cumulative_rows_scanned": 0,
                                                                                            "operator_rows_scanned": 0,
                                                                                            "operator_timing": 4.4e-7,
                                                                                            "result_set_size": 8,
                                                                                            "children": [
                                                                                                {
                                                                                                    "operator_name": "UNGROUPED_AGGREGATE",
                                                                                                    "cpu_time": 0.000002204,
                                                                                                    "extra_info": {
                                                                                                        "Aggregates": [
                                                                                                            "\"first\"(#0)",
                                                                                                            "count_star()"
                                                                                                        ]
                                                                                                    },
                                                                                                    "cumulative_cardinality": 4,
                                                                                                    "operator_type": "UNGROUPED_AGGREGATE",
                                                                                                    "operator_cardinality": 1,
                                                                                                    "cumulative_rows_scanned": 0,
                                                                                                    "operator_rows_scanned": 0,
                                                                                                    "operator_timing": 0.000001212,
                                                                                                    "result_set_size": 16,
                                                                                                    "children": [
                                                                                                        {
                                                                                                            "operator_name": "PROJECTION",
                                                                                                            "cpu_time": 9.92e-7,
                                                                                                            "extra_info": {
                                                                                                                "Projections": "#0",
                                                                                                                "Estimated Cardinality": "1"
                                                                                                            },
                                                                                                            "cumulative_cardinality": 3,
                                                                                                            "operator_type": "PROJECTION",
                                                                                                            "operator_cardinality": 1,
                                                                                                            "cumulative_rows_scanned": 0,
                                                                                                            "operator_rows_scanned": 0,
                                                                                                            "operator_timing": 7e-8,
                                                                                                            "result_set_size": 8,
                                                                                                            "children": [
                                                                                                                {
                                                                                                                    "operator_name": "PROJECTION",
                                                                                                                    "cpu_time": 9.22e-7,
                                                                                                                    "extra_info": {
                                                                                                                        "Projections": "AverageReputation",
                                                                                                                        "Estimated Cardinality": "1"
                                                                                                                    },
                                                                                                                    "cumulative_cardinality": 2,
                                                                                                                    "operator_type": "PROJECTION",
                                                                                                                    "operator_cardinality": 1,
                                                                                                                    "cumulative_rows_scanned": 0,
                                                                                                                    "operator_rows_scanned": 0,
                                                                                                                    "operator_timing": 2.31e-7,
                                                                                                                    "result_set_size": 8,
                                                                                                                    "children": [
                                                                                                                        {
                                                                                                                            "operator_name": "CTE_SCAN",
                                                                                                                            "cpu_time": 6.91e-7,
                                                                                                                            "extra_info": {
                                                                                                                                "CTE Index": "14",
                                                                                                                                "Estimated Cardinality": "1"
                                                                                                                            },
                                                                                                                            "cumulative_cardinality": 1,
                                                                                                                            "operator_type": "CTE_SCAN",
                                                                                                                            "operator_cardinality": 1,
                                                                                                                            "cumulative_rows_scanned": 0,
                                                                                                                            "operator_rows_scanned": 0,
                                                                                                                            "operator_timing": 6.91e-7,
                                                                                                                            "result_set_size": 24,
                                                                                                                            "children": []
                                                                                                                        }
                                                                                                                    ]
                                                                                                                }
                                                                                                            ]
                                                                                                        }
                                                                                                    ]
                                                                                                }
                                                                                            ]
                                                                                        }
                                                                                    ]
                                                                                },
                                                                                {
                                                                                    "operator_name": "PROJECTION",
                                                                                    "cpu_time": 0.000002054,
                                                                                    "extra_info": {
                                                                                        "Projections": [
                                                                                            "CASE  WHEN ((#1 > 1)) THEN (error('More than one row returned by a subquery used as an expression - scalar subqueries can only return a single row.",
                                                                                            "Use \"SET scalar_subquery_error_on_multiple_rows=false\" to revert to previous behavior of returning a random row.')) ELSE #0 END"
                                                                                        ],
                                                                                        "Estimated Cardinality": "1"
                                                                                    },
                                                                                    "cumulative_cardinality": 5,
                                                                                    "operator_type": "PROJECTION",
                                                                                    "operator_cardinality": 1,
                                                                                    "cumulative_rows_scanned": 0,
                                                                                    "operator_rows_scanned": 0,
                                                                                    "operator_timing": 3.41e-7,
                                                                                    "result_set_size": 8,
                                                                                    "children": [
                                                                                        {
                                                                                            "operator_name": "UNGROUPED_AGGREGATE",
                                                                                            "cpu_time": 0.000001713,
                                                                                            "extra_info": {
                                                                                                "Aggregates": [
                                                                                                    "\"first\"(#0)",
                                                                                                    "count_star()"
                                                                                                ]
                                                                                            },
                                                                                            "cumulative_cardinality": 4,
                                                                                            "operator_type": "UNGROUPED_AGGREGATE",
                                                                                            "operator_cardinality": 1,
                                                                                            "cumulative_rows_scanned": 0,
                                                                                            "operator_rows_scanned": 0,
                                                                                            "operator_timing": 8.52e-7,
                                                                                            "result_set_size": 16,
                                                                                            "children": [
                                                                                                {
                                                                                                    "operator_name": "PROJECTION",
                                                                                                    "cpu_time": 8.61e-7,
                                                                                                    "extra_info": {
                                                                                                        "Projections": "#0",
                                                                                                        "Estimated Cardinality": "1"
                                                                                                    },
                                                                                                    "cumulative_cardinality": 3,
                                                                                                    "operator_type": "PROJECTION",
                                                                                                    "operator_cardinality": 1,
                                                                                                    "cumulative_rows_scanned": 0,
                                                                                                    "operator_rows_scanned": 0,
                                                                                                    "operator_timing": 8e-8,
                                                                                                    "result_set_size": 8,
                                                                                                    "children": [
                                                                                                        {
                                                                                                            "operator_name": "PROJECTION",
                                                                                                            "cpu_time": 7.81e-7,
                                                                                                            "extra_info": {
                                                                                                                "Projections": "AverageScore",
                                                                                                                "Estimated Cardinality": "1"
                                                                                                            },
                                                                                                            "cumulative_cardinality": 2,
                                                                                                            "operator_type": "PROJECTION",
                                                                                                            "operator_cardinality": 1,
                                                                                                            "cumulative_rows_scanned": 0,
                                                                                                            "operator_rows_scanned": 0,
                                                                                                            "operator_timing": 1e-7,
                                                                                                            "result_set_size": 8,
                                                                                                            "children": [
                                                                                                                {
                                                                                                                    "operator_name": "CTE_SCAN",
                                                                                                                    "cpu_time": 6.81e-7,
                                                                                                                    "extra_info": {
                                                                                                                        "CTE Index": "0",
                                                                                                                        "Estimated Cardinality": "1"
                                                                                                                    },
                                                                                                                    "cumulative_cardinality": 1,
                                                                                                                    "operator_type": "CTE_SCAN",
                                                                                                                    "operator_cardinality": 1,
                                                                                                                    "cumulative_rows_scanned": 0,
                                                                                                                    "operator_rows_scanned": 0,
                                                                                                                    "operator_timing": 6.81e-7,
                                                                                                                    "result_set_size": 32,
                                                                                                                    "children": []
                                                                                                                }
                                                                                                            ]
                                                                                                        }
                                                                                                    ]
                                                                                                }
                                                                                            ]
                                                                                        }
                                                                                    ]
                                                                                }
                                                                            ]
                                                                        },
                                                                        {
                                                                            "operator_name": "PROJECTION",
                                                                            "cpu_time": 0.000002013,
                                                                            "extra_info": {
                                                                                "Projections": [
                                                                                    "CASE  WHEN ((#1 > 1)) THEN (error('More than one row returned by a subquery used as an expression - scalar subqueries can only return a single row.",
                                                                                    "Use \"SET scalar_subquery_error_on_multiple_rows=false\" to revert to previous behavior of returning a random row.')) ELSE #0 END"
                                                                                ],
                                                                                "Estimated Cardinality": "1"
                                                                            },
                                                                            "cumulative_cardinality": 5,
                                                                            "operator_type": "PROJECTION",
                                                                            "operator_cardinality": 1,
                                                                            "cumulative_rows_scanned": 0,
                                                                            "operator_rows_scanned": 0,
                                                                            "operator_timing": 3.11e-7,
                                                                            "result_set_size": 8,
                                                                            "children": [
                                                                                {
                                                                                    "operator_name": "UNGROUPED_AGGREGATE",
                                                                                    "cpu_time": 0.000001702,
                                                                                    "extra_info": {
                                                                                        "Aggregates": [
                                                                                            "\"first\"(#0)",
                                                                                            "count_star()"
                                                                                        ]
                                                                                    },
                                                                                    "cumulative_cardinality": 4,
                                                                                    "operator_type": "UNGROUPED_AGGREGATE",
                                                                                    "operator_cardinality": 1,
                                                                                    "cumulative_rows_scanned": 0,
                                                                                    "operator_rows_scanned": 0,
                                                                                    "operator_timing": 8.41e-7,
                                                                                    "result_set_size": 16,
                                                                                    "children": [
                                                                                        {
                                                                                            "operator_name": "PROJECTION",
                                                                                            "cpu_time": 8.61e-7,
                                                                                            "extra_info": {
                                                                                                "Projections": "#0",
                                                                                                "Estimated Cardinality": "1"
                                                                                            },
                                                                                            "cumulative_cardinality": 3,
                                                                                            "operator_type": "PROJECTION",
                                                                                            "operator_cardinality": 1,
                                                                                            "cumulative_rows_scanned": 0,
                                                                                            "operator_rows_scanned": 0,
                                                                                            "operator_timing": 7e-8,
                                                                                            "result_set_size": 8,
                                                                                            "children": [
                                                                                                {
                                                                                                    "operator_name": "PROJECTION",
                                                                                                    "cpu_time": 7.91e-7,
                                                                                                    "extra_info": {
                                                                                                        "Projections": "AverageViews",
                                                                                                        "Estimated Cardinality": "1"
                                                                                                    },
                                                                                                    "cumulative_cardinality": 2,
                                                                                                    "operator_type": "PROJECTION",
                                                                                                    "operator_cardinality": 1,
                                                                                                    "cumulative_rows_scanned": 0,
                                                                                                    "operator_rows_scanned": 0,
                                                                                                    "operator_timing": 1.1e-7,
                                                                                                    "result_set_size": 8,
                                                                                                    "children": [
                                                                                                        {
                                                                                                            "operator_name": "CTE_SCAN",
                                                                                                            "cpu_time": 6.81e-7,
                                                                                                            "extra_info": {
                                                                                                                "CTE Index": "0",
                                                                                                                "Estimated Cardinality": "1"
                                                                                                            },
                                                                                                            "cumulative_cardinality": 1,
                                                                                                            "operator_type": "CTE_SCAN",
                                                                                                            "operator_cardinality": 1,
                                                                                                            "cumulative_rows_scanned": 0,
                                                                                                            "operator_rows_scanned": 0,
                                                                                                            "operator_timing": 6.81e-7,
                                                                                                            "result_set_size": 32,
                                                                                                            "children": []
                                                                                                        }
                                                                                                    ]
                                                                                                }
                                                                                            ]
                                                                                        }
                                                                                    ]
                                                                                }
                                                                            ]
                                                                        }
                                                                    ]
                                                                },
                                                                {
                                                                    "operator_name": "CROSS_PRODUCT",
                                                                    "cpu_time": 0.000019862,
                                                                    "extra_info": {},
                                                                    "cumulative_cardinality": 17,
                                                                    "operator_type": "CROSS_PRODUCT",
                                                                    "operator_cardinality": 1,
                                                                    "cumulative_rows_scanned": 0,
                                                                    "operator_rows_scanned": 0,
                                                                    "operator_timing": 0.000005799,
                                                                    "result_set_size": 24,
                                                                    "children": [
                                                                        {
                                                                            "operator_name": "CROSS_PRODUCT",
                                                                            "cpu_time": 0.000012072,
                                                                            "extra_info": {},
                                                                            "cumulative_cardinality": 11,
                                                                            "operator_type": "CROSS_PRODUCT",
                                                                            "operator_cardinality": 1,
                                                                            "cumulative_rows_scanned": 0,
                                                                            "operator_rows_scanned": 0,
                                                                            "operator_timing": 0.000007633,
                                                                            "result_set_size": 16,
                                                                            "children": [
                                                                                {
                                                                                    "operator_name": "PROJECTION",
                                                                                    "cpu_time": 0.000002284,
                                                                                    "extra_info": {
                                                                                        "Projections": [
                                                                                            "CASE  WHEN ((#1 > 1)) THEN (error('More than one row returned by a subquery used as an expression - scalar subqueries can only return a single row.",
                                                                                            "Use \"SET scalar_subquery_error_on_multiple_rows=false\" to revert to previous behavior of returning a random row.')) ELSE #0 END"
                                                                                        ],
                                                                                        "Estimated Cardinality": "1"
                                                                                    },
                                                                                    "cumulative_cardinality": 5,
                                                                                    "operator_type": "PROJECTION",
                                                                                    "operator_cardinality": 1,
                                                                                    "cumulative_rows_scanned": 0,
                                                                                    "operator_rows_scanned": 0,
                                                                                    "operator_timing": 4.71e-7,
                                                                                    "result_set_size": 8,
                                                                                    "children": [
                                                                                        {
                                                                                            "operator_name": "UNGROUPED_AGGREGATE",
                                                                                            "cpu_time": 0.000001813,
                                                                                            "extra_info": {
                                                                                                "Aggregates": [
                                                                                                    "\"first\"(#0)",
                                                                                                    "count_star()"
                                                                                                ]
                                                                                            },
                                                                                            "cumulative_cardinality": 4,
                                                                                            "operator_type": "UNGROUPED_AGGREGATE",
                                                                                            "operator_cardinality": 1,
                                                                                            "cumulative_rows_scanned": 0,
                                                                                            "operator_rows_scanned": 0,
                                                                                            "operator_timing": 8.109999999999999e-7,
                                                                                            "result_set_size": 16,
                                                                                            "children": [
                                                                                                {
                                                                                                    "operator_name": "PROJECTION",
                                                                                                    "cpu_time": 0.000001002,
                                                                                                    "extra_info": {
                                                                                                        "Projections": "#0",
                                                                                                        "Estimated Cardinality": "1"
                                                                                                    },
                                                                                                    "cumulative_cardinality": 3,
                                                                                                    "operator_type": "PROJECTION",
                                                                                                    "operator_cardinality": 1,
                                                                                                    "cumulative_rows_scanned": 0,
                                                                                                    "operator_rows_scanned": 0,
                                                                                                    "operator_timing": 7e-8,
                                                                                                    "result_set_size": 8,
                                                                                                    "children": [
                                                                                                        {
                                                                                                            "operator_name": "PROJECTION",
                                                                                                            "cpu_time": 9.32e-7,
                                                                                                            "extra_info": {
                                                                                                                "Projections": "TotalPosts",
                                                                                                                "Estimated Cardinality": "1"
                                                                                                            },
                                                                                                            "cumulative_cardinality": 2,
                                                                                                            "operator_type": "PROJECTION",
                                                                                                            "operator_cardinality": 1,
                                                                                                            "cumulative_rows_scanned": 0,
                                                                                                            "operator_rows_scanned": 0,
                                                                                                            "operator_timing": 2.41e-7,
                                                                                                            "result_set_size": 8,
                                                                                                            "children": [
                                                                                                                {
                                                                                                                    "operator_name": "CTE_SCAN",
                                                                                                                    "cpu_time": 6.91e-7,
                                                                                                                    "extra_info": {
                                                                                                                        "CTE Index": "0",
                                                                                                                        "Estimated Cardinality": "1"
                                                                                                                    },
                                                                                                                    "cumulative_cardinality": 1,
                                                                                                                    "operator_type": "CTE_SCAN",
                                                                                                                    "operator_cardinality": 1,
                                                                                                                    "cumulative_rows_scanned": 0,
                                                                                                                    "operator_rows_scanned": 0,
                                                                                                                    "operator_timing": 6.91e-7,
                                                                                                                    "result_set_size": 32,
                                                                                                                    "children": []
                                                                                                                }
                                                                                                            ]
                                                                                                        }
                                                                                                    ]
                                                                                                }
                                                                                            ]
                                                                                        }
                                                                                    ]
                                                                                },
                                                                                {
                                                                                    "operator_name": "PROJECTION",
                                                                                    "cpu_time": 0.000002155,
                                                                                    "extra_info": {
                                                                                        "Projections": [
                                                                                            "CASE  WHEN ((#1 > 1)) THEN (error('More than one row returned by a subquery used as an expression - scalar subqueries can only return a single row.",
                                                                                            "Use \"SET scalar_subquery_error_on_multiple_rows=false\" to revert to previous behavior of returning a random row.')) ELSE #0 END"
                                                                                        ],
                                                                                        "Estimated Cardinality": "1"
                                                                                    },
                                                                                    "cumulative_cardinality": 5,
                                                                                    "operator_type": "PROJECTION",
                                                                                    "operator_cardinality": 1,
                                                                                    "cumulative_rows_scanned": 0,
                                                                                    "operator_rows_scanned": 0,
                                                                                    "operator_timing": 3.31e-7,
                                                                                    "result_set_size": 8,
                                                                                    "children": [
                                                                                        {
                                                                                            "operator_name": "UNGROUPED_AGGREGATE",
                                                                                            "cpu_time": 0.000001824,
                                                                                            "extra_info": {
                                                                                                "Aggregates": [
                                                                                                    "\"first\"(#0)",
                                                                                                    "count_star()"
                                                                                                ]
                                                                                            },
                                                                                            "cumulative_cardinality": 4,
                                                                                            "operator_type": "UNGROUPED_AGGREGATE",
                                                                                            "operator_cardinality": 1,
                                                                                            "cumulative_rows_scanned": 0,
                                                                                            "operator_rows_scanned": 0,
                                                                                            "operator_timing": 6.919999999999999e-7,
                                                                                            "result_set_size": 16,
                                                                                            "children": [
                                                                                                {
                                                                                                    "operator_name": "PROJECTION",
                                                                                                    "cpu_time": 0.0000011320000000000001,
                                                                                                    "extra_info": {
                                                                                                        "Projections": "#0",
                                                                                                        "Estimated Cardinality": "1"
                                                                                                    },
                                                                                                    "cumulative_cardinality": 3,
                                                                                                    "operator_type": "PROJECTION",
                                                                                                    "operator_cardinality": 1,
                                                                                                    "cumulative_rows_scanned": 0,
                                                                                                    "operator_rows_scanned": 0,
                                                                                                    "operator_timing": 7e-8,
                                                                                                    "result_set_size": 8,
                                                                                                    "children": [
                                                                                                        {
                                                                                                            "operator_name": "PROJECTION",
                                                                                                            "cpu_time": 0.0000010620000000000002,
                                                                                                            "extra_info": {
                                                                                                                "Projections": "TotalPostOwners",
                                                                                                                "Estimated Cardinality": "1"
                                                                                                            },
                                                                                                            "cumulative_cardinality": 2,
                                                                                                            "operator_type": "PROJECTION",
                                                                                                            "operator_cardinality": 1,
                                                                                                            "cumulative_rows_scanned": 0,
                                                                                                            "operator_rows_scanned": 0,
                                                                                                            "operator_timing": 1e-7,
                                                                                                            "result_set_size": 8,
                                                                                                            "children": [
                                                                                                                {
                                                                                                                    "operator_name": "CTE_SCAN",
                                                                                                                    "cpu_time": 9.62e-7,
                                                                                                                    "extra_info": {
                                                                                                                        "CTE Index": "0",
                                                                                                                        "Estimated Cardinality": "1"
                                                                                                                    },
                                                                                                                    "cumulative_cardinality": 1,
                                                                                                                    "operator_type": "CTE_SCAN",
                                                                                                                    "operator_cardinality": 1,
                                                                                                                    "cumulative_rows_scanned": 0,
                                                                                                                    "operator_rows_scanned": 0,
                                                                                                                    "operator_timing": 9.62e-7,
                                                                                                                    "result_set_size": 32,
                                                                                                                    "children": []
                                                                                                                }
                                                                                                            ]
                                                                                                        }
                                                                                                    ]
                                                                                                }
                                                                                            ]
                                                                                        }
                                                                                    ]
                                                                                }
                                                                            ]
                                                                        },
                                                                        {
                                                                            "operator_name": "PROJECTION",
                                                                            "cpu_time": 0.000001991,
                                                                            "extra_info": {
                                                                                "Projections": [
                                                                                    "CASE  WHEN ((#1 > 1)) THEN (error('More than one row returned by a subquery used as an expression - scalar subqueries can only return a single row.",
                                                                                    "Use \"SET scalar_subquery_error_on_multiple_rows=false\" to revert to previous behavior of returning a random row.')) ELSE #0 END"
                                                                                ],
                                                                                "Estimated Cardinality": "1"
                                                                            },
                                                                            "cumulative_cardinality": 5,
                                                                            "operator_type": "PROJECTION",
                                                                            "operator_cardinality": 1,
                                                                            "cumulative_rows_scanned": 0,
                                                                            "operator_rows_scanned": 0,
                                                                            "operator_timing": 3.3e-7,
                                                                            "result_set_size": 8,
                                                                            "children": [
                                                                                {
                                                                                    "operator_name": "UNGROUPED_AGGREGATE",
                                                                                    "cpu_time": 0.0000016609999999999999,
                                                                                    "extra_info": {
                                                                                        "Aggregates": [
                                                                                            "\"first\"(#0)",
                                                                                            "count_star()"
                                                                                        ]
                                                                                    },
                                                                                    "cumulative_cardinality": 4,
                                                                                    "operator_type": "UNGROUPED_AGGREGATE",
                                                                                    "operator_cardinality": 1,
                                                                                    "cumulative_rows_scanned": 0,
                                                                                    "operator_rows_scanned": 0,
                                                                                    "operator_timing": 9.21e-7,
                                                                                    "result_set_size": 16,
                                                                                    "children": [
                                                                                        {
                                                                                            "operator_name": "PROJECTION",
                                                                                            "cpu_time": 7.4e-7,
                                                                                            "extra_info": {
                                                                                                "Projections": "#0",
                                                                                                "Estimated Cardinality": "1"
                                                                                            },
                                                                                            "cumulative_cardinality": 3,
                                                                                            "operator_type": "PROJECTION",
                                                                                            "operator_cardinality": 1,
                                                                                            "cumulative_rows_scanned": 0,
                                                                                            "operator_rows_scanned": 0,
                                                                                            "operator_timing": 7e-8,
                                                                                            "result_set_size": 8,
                                                                                            "children": [
                                                                                                {
                                                                                                    "operator_name": "PROJECTION",
                                                                                                    "cpu_time": 6.7e-7,
                                                                                                    "extra_info": {
                                                                                                        "Projections": "AverageCommentScore",
                                                                                                        "Estimated Cardinality": "1"
                                                                                                    },
                                                                                                    "cumulative_cardinality": 2,
                                                                                                    "operator_type": "PROJECTION",
                                                                                                    "operator_cardinality": 1,
                                                                                                    "cumulative_rows_scanned": 0,
                                                                                                    "operator_rows_scanned": 0,
                                                                                                    "operator_timing": 1.1e-7,
                                                                                                    "result_set_size": 8,
                                                                                                    "children": [
                                                                                                        {
                                                                                                            "operator_name": "CTE_SCAN",
                                                                                                            "cpu_time": 5.6e-7,
                                                                                                            "extra_info": {
                                                                                                                "CTE Index": "42",
                                                                                                                "Estimated Cardinality": "1"
                                                                                                            },
                                                                                                            "cumulative_cardinality": 1,
                                                                                                            "operator_type": "CTE_SCAN",
                                                                                                            "operator_cardinality": 1,
                                                                                                            "cumulative_rows_scanned": 0,
                                                                                                            "operator_rows_scanned": 0,
                                                                                                            "operator_timing": 5.6e-7,
                                                                                                            "result_set_size": 16,
                                                                                                            "children": []
                                                                                                        }
                                                                                                    ]
                                                                                                }
                                                                                            ]
                                                                                        }
                                                                                    ]
                                                                                }
                                                                            ]
                                                                        }
                                                                    ]
                                                                }
                                                            ]
                                                        },
                                                        {
                                                            "operator_name": "CROSS_PRODUCT",
                                                            "cpu_time": 0.000040685,
                                                            "extra_info": {},
                                                            "cumulative_cardinality": 23,
                                                            "operator_type": "CROSS_PRODUCT",
                                                            "operator_cardinality": 1,
                                                            "cumulative_rows_scanned": 0,
                                                            "operator_rows_scanned": 0,
                                                            "operator_timing": 0.000006461,
                                                            "result_set_size": 32,
                                                            "children": [
                                                                {
                                                                    "operator_name": "CROSS_PRODUCT",
                                                                    "cpu_time": 0.000027181000000000003,
                                                                    "extra_info": {},
                                                                    "cumulative_cardinality": 17,
                                                                    "operator_type": "CROSS_PRODUCT",
                                                                    "operator_cardinality": 1,
                                                                    "cumulative_rows_scanned": 0,
                                                                    "operator_rows_scanned": 0,
                                                                    "operator_timing": 0.000006673,
                                                                    "result_set_size": 24,
                                                                    "children": [
                                                                        {
                                                                            "operator_name": "CROSS_PRODUCT",
                                                                            "cpu_time": 0.000018295,
                                                                            "extra_info": {},
                                                                            "cumulative_cardinality": 11,
                                                                            "operator_type": "CROSS_PRODUCT",
                                                                            "operator_cardinality": 1,
                                                                            "cumulative_rows_scanned": 0,
                                                                            "operator_rows_scanned": 0,
                                                                            "operator_timing": 0.000013957,
                                                                            "result_set_size": 16,
                                                                            "children": [
                                                                                {
                                                                                    "operator_name": "PROJECTION",
                                                                                    "cpu_time": 0.000002294,
                                                                                    "extra_info": {
                                                                                        "Projections": [
                                                                                            "CASE  WHEN ((#1 > 1)) THEN (error('More than one row returned by a subquery used as an expression - scalar subqueries can only return a single row.",
                                                                                            "Use \"SET scalar_subquery_error_on_multiple_rows=false\" to revert to previous behavior of returning a random row.')) ELSE #0 END"
                                                                                        ],
                                                                                        "Estimated Cardinality": "1"
                                                                                    },
                                                                                    "cumulative_cardinality": 5,
                                                                                    "operator_type": "PROJECTION",
                                                                                    "operator_cardinality": 1,
                                                                                    "cumulative_rows_scanned": 0,
                                                                                    "operator_rows_scanned": 0,
                                                                                    "operator_timing": 3.81e-7,
                                                                                    "result_set_size": 8,
                                                                                    "children": [
                                                                                        {
                                                                                            "operator_name": "UNGROUPED_AGGREGATE",
                                                                                            "cpu_time": 0.000001913,
                                                                                            "extra_info": {
                                                                                                "Aggregates": [
                                                                                                    "\"first\"(#0)",
                                                                                                    "count_star()"
                                                                                                ]
                                                                                            },
                                                                                            "cumulative_cardinality": 4,
                                                                                            "operator_type": "UNGROUPED_AGGREGATE",
                                                                                            "operator_cardinality": 1,
                                                                                            "cumulative_rows_scanned": 0,
                                                                                            "operator_rows_scanned": 0,
                                                                                            "operator_timing": 9.02e-7,
                                                                                            "result_set_size": 16,
                                                                                            "children": [
                                                                                                {
                                                                                                    "operator_name": "PROJECTION",
                                                                                                    "cpu_time": 0.0000010110000000000001,
                                                                                                    "extra_info": {
                                                                                                        "Projections": "#0",
                                                                                                        "Estimated Cardinality": "1"
                                                                                                    },
                                                                                                    "cumulative_cardinality": 3,
                                                                                                    "operator_type": "PROJECTION",
                                                                                                    "operator_cardinality": 1,
                                                                                                    "cumulative_rows_scanned": 0,
                                                                                                    "operator_rows_scanned": 0,
                                                                                                    "operator_timing": 8e-8,
                                                                                                    "result_set_size": 8,
                                                                                                    "children": [
                                                                                                        {
                                                                                                            "operator_name": "PROJECTION",
                                                                                                            "cpu_time": 9.310000000000001e-7,
                                                                                                            "extra_info": {
                                                                                                                "Projections": "AverageBountyAmount",
                                                                                                                "Estimated Cardinality": "1"
                                                                                                            },
                                                                                                            "cumulative_cardinality": 2,
                                                                                                            "operator_type": "PROJECTION",
                                                                                                            "operator_cardinality": 1,
                                                                                                            "cumulative_rows_scanned": 0,
                                                                                                            "operator_rows_scanned": 0,
                                                                                                            "operator_timing": 1.1e-7,
                                                                                                            "result_set_size": 8,
                                                                                                            "children": [
                                                                                                                {
                                                                                                                    "operator_name": "CTE_SCAN",
                                                                                                                    "cpu_time": 8.210000000000001e-7,
                                                                                                                    "extra_info": {
                                                                                                                        "CTE Index": "28",
                                                                                                                        "Estimated Cardinality": "1"
                                                                                                                    },
                                                                                                                    "cumulative_cardinality": 1,
                                                                                                                    "operator_type": "CTE_SCAN",
                                                                                                                    "operator_cardinality": 1,
                                                                                                                    "cumulative_rows_scanned": 0,
                                                                                                                    "operator_rows_scanned": 0,
                                                                                                                    "operator_timing": 8.210000000000001e-7,
                                                                                                                    "result_set_size": 16,
                                                                                                                    "children": []
                                                                                                                }
                                                                                                            ]
                                                                                                        }
                                                                                                    ]
                                                                                                }
                                                                                            ]
                                                                                        }
                                                                                    ]
                                                                                },
                                                                                {
                                                                                    "operator_name": "PROJECTION",
                                                                                    "cpu_time": 0.000002044,
                                                                                    "extra_info": {
                                                                                        "Projections": [
                                                                                            "CASE  WHEN ((#1 > 1)) THEN (error('More than one row returned by a subquery used as an expression - scalar subqueries can only return a single row.",
                                                                                            "Use \"SET scalar_subquery_error_on_multiple_rows=false\" to revert to previous behavior of returning a random row.')) ELSE #0 END"
                                                                                        ],
                                                                                        "Estimated Cardinality": "1"
                                                                                    },
                                                                                    "cumulative_cardinality": 5,
                                                                                    "operator_type": "PROJECTION",
                                                                                    "operator_cardinality": 1,
                                                                                    "cumulative_rows_scanned": 0,
                                                                                    "operator_rows_scanned": 0,
                                                                                    "operator_timing": 3.51e-7,
                                                                                    "result_set_size": 8,
                                                                                    "children": [
                                                                                        {
                                                                                            "operator_name": "UNGROUPED_AGGREGATE",
                                                                                            "cpu_time": 0.0000016929999999999997,
                                                                                            "extra_info": {
                                                                                                "Aggregates": [
                                                                                                    "\"first\"(#0)",
                                                                                                    "count_star()"
                                                                                                ]
                                                                                            },
                                                                                            "cumulative_cardinality": 4,
                                                                                            "operator_type": "UNGROUPED_AGGREGATE",
                                                                                            "operator_cardinality": 1,
                                                                                            "cumulative_rows_scanned": 0,
                                                                                            "operator_rows_scanned": 0,
                                                                                            "operator_timing": 8.219999999999999e-7,
                                                                                            "result_set_size": 16,
                                                                                            "children": [
                                                                                                {
                                                                                                    "operator_name": "PROJECTION",
                                                                                                    "cpu_time": 8.709999999999999e-7,
                                                                                                    "extra_info": {
                                                                                                        "Projections": "#0",
                                                                                                        "Estimated Cardinality": "1"
                                                                                                    },
                                                                                                    "cumulative_cardinality": 3,
                                                                                                    "operator_type": "PROJECTION",
                                                                                                    "operator_cardinality": 1,
                                                                                                    "cumulative_rows_scanned": 0,
                                                                                                    "operator_rows_scanned": 0,
                                                                                                    "operator_timing": 7e-8,
                                                                                                    "result_set_size": 8,
                                                                                                    "children": [
                                                                                                        {
                                                                                                            "operator_name": "PROJECTION",
                                                                                                            "cpu_time": 8.009999999999999e-7,
                                                                                                            "extra_info": {
                                                                                                                "Projections": "TotalComments",
                                                                                                                "Estimated Cardinality": "1"
                                                                                                            },
                                                                                                            "cumulative_cardinality": 2,
                                                                                                            "operator_type": "PROJECTION",
                                                                                                            "operator_cardinality": 1,
                                                                                                            "cumulative_rows_scanned": 0,
                                                                                                            "operator_rows_scanned": 0,
                                                                                                            "operator_timing": 1e-7,
                                                                                                            "result_set_size": 8,
                                                                                                            "children": [
                                                                                                                {
                                                                                                                    "operator_name": "CTE_SCAN",
                                                                                                                    "cpu_time": 7.009999999999999e-7,
                                                                                                                    "extra_info": {
                                                                                                                        "CTE Index": "42",
                                                                                                                        "Estimated Cardinality": "1"
                                                                                                                    },
                                                                                                                    "cumulative_cardinality": 1,
                                                                                                                    "operator_type": "CTE_SCAN",
                                                                                                                    "operator_cardinality": 1,
                                                                                                                    "cumulative_rows_scanned": 0,
                                                                                                                    "operator_rows_scanned": 0,
                                                                                                                    "operator_timing": 7.009999999999999e-7,
                                                                                                                    "result_set_size": 16,
                                                                                                                    "children": []
                                                                                                                }
                                                                                                            ]
                                                                                                        }
                                                                                                    ]
                                                                                                }
                                                                                            ]
                                                                                        }
                                                                                    ]
                                                                                }
                                                                            ]
                                                                        },
                                                                        {
                                                                            "operator_name": "PROJECTION",
                                                                            "cpu_time": 0.000002213,
                                                                            "extra_info": {
                                                                                "Projections": [
                                                                                    "CASE  WHEN ((#1 > 1)) THEN (error('More than one row returned by a subquery used as an expression - scalar subqueries can only return a single row.",
                                                                                    "Use \"SET scalar_subquery_error_on_multiple_rows=false\" to revert to previous behavior of returning a random row.')) ELSE #0 END"
                                                                                ],
                                                                                "Estimated Cardinality": "1"
                                                                            },
                                                                            "cumulative_cardinality": 5,
                                                                            "operator_type": "PROJECTION",
                                                                            "operator_cardinality": 1,
                                                                            "cumulative_rows_scanned": 0,
                                                                            "operator_rows_scanned": 0,
                                                                            "operator_timing": 4e-7,
                                                                            "result_set_size": 8,
                                                                            "children": [
                                                                                {
                                                                                    "operator_name": "UNGROUPED_AGGREGATE",
                                                                                    "cpu_time": 0.0000018129999999999998,
                                                                                    "extra_info": {
                                                                                        "Aggregates": [
                                                                                            "\"first\"(#0)",
                                                                                            "count_star()"
                                                                                        ]
                                                                                    },
                                                                                    "cumulative_cardinality": 4,
                                                                                    "operator_type": "UNGROUPED_AGGREGATE",
                                                                                    "operator_cardinality": 1,
                                                                                    "cumulative_rows_scanned": 0,
                                                                                    "operator_rows_scanned": 0,
                                                                                    "operator_timing": 0.000001011,
                                                                                    "result_set_size": 16,
                                                                                    "children": [
                                                                                        {
                                                                                            "operator_name": "PROJECTION",
                                                                                            "cpu_time": 8.02e-7,
                                                                                            "extra_info": {
                                                                                                "Projections": "#0",
                                                                                                "Estimated Cardinality": "1"
                                                                                            },
                                                                                            "cumulative_cardinality": 3,
                                                                                            "operator_type": "PROJECTION",
                                                                                            "operator_cardinality": 1,
                                                                                            "cumulative_rows_scanned": 0,
                                                                                            "operator_rows_scanned": 0,
                                                                                            "operator_timing": 7e-8,
                                                                                            "result_set_size": 8,
                                                                                            "children": [
                                                                                                {
                                                                                                    "operator_name": "PROJECTION",
                                                                                                    "cpu_time": 7.32e-7,
                                                                                                    "extra_info": {
                                                                                                        "Projections": "TotalVotes",
                                                                                                        "Estimated Cardinality": "1"
                                                                                                    },
                                                                                                    "cumulative_cardinality": 2,
                                                                                                    "operator_type": "PROJECTION",
                                                                                                    "operator_cardinality": 1,
                                                                                                    "cumulative_rows_scanned": 0,
                                                                                                    "operator_rows_scanned": 0,
                                                                                                    "operator_timing": 1.4e-7,
                                                                                                    "result_set_size": 8,
                                                                                                    "children": [
                                                                                                        {
                                                                                                            "operator_name": "CTE_SCAN",
                                                                                                            "cpu_time": 5.92e-7,
                                                                                                            "extra_info": {
                                                                                                                "CTE Index": "28",
                                                                                                                "Estimated Cardinality": "1"
                                                                                                            },
                                                                                                            "cumulative_cardinality": 1,
                                                                                                            "operator_type": "CTE_SCAN",
                                                                                                            "operator_cardinality": 1,
                                                                                                            "cumulative_rows_scanned": 0,
                                                                                                            "operator_rows_scanned": 0,
                                                                                                            "operator_timing": 5.92e-7,
                                                                                                            "result_set_size": 16,
                                                                                                            "children": []
                                                                                                        }
                                                                                                    ]
                                                                                                }
                                                                                            ]
                                                                                        }
                                                                                    ]
                                                                                }
                                                                            ]
                                                                        }
                                                                    ]
                                                                },
                                                                {
                                                                    "operator_name": "PROJECTION",
                                                                    "cpu_time": 0.000007043,
                                                                    "extra_info": {
                                                                        "Projections": [
                                                                            "CASE  WHEN ((#1 > 1)) THEN (error('More than one row returned by a subquery used as an expression - scalar subqueries can only return a single row.",
                                                                            "Use \"SET scalar_subquery_error_on_multiple_rows=false\" to revert to previous behavior of returning a random row.')) ELSE #0 END"
                                                                        ],
                                                                        "Estimated Cardinality": "1"
                                                                    },
                                                                    "cumulative_cardinality": 5,
                                                                    "operator_type": "PROJECTION",
                                                                    "operator_cardinality": 1,
                                                                    "cumulative_rows_scanned": 0,
                                                                    "operator_rows_scanned": 0,
                                                                    "operator_timing": 0.000003867,
                                                                    "result_set_size": 8,
                                                                    "children": [
                                                                        {
                                                                            "operator_name": "UNGROUPED_AGGREGATE",
                                                                            "cpu_time": 0.0000031759999999999997,
                                                                            "extra_info": {
                                                                                "Aggregates": [
                                                                                    "\"first\"(#0)",
                                                                                    "count_star()"
                                                                                ]
                                                                            },
                                                                            "cumulative_cardinality": 4,
                                                                            "operator_type": "UNGROUPED_AGGREGATE",
                                                                            "operator_cardinality": 1,
                                                                            "cumulative_rows_scanned": 0,
                                                                            "operator_rows_scanned": 0,
                                                                            "operator_timing": 0.000002174,
                                                                            "result_set_size": 16,
                                                                            "children": [
                                                                                {
                                                                                    "operator_name": "PROJECTION",
                                                                                    "cpu_time": 0.0000010019999999999999,
                                                                                    "extra_info": {
                                                                                        "Projections": "#0",
                                                                                        "Estimated Cardinality": "1"
                                                                                    },
                                                                                    "cumulative_cardinality": 3,
                                                                                    "operator_type": "PROJECTION",
                                                                                    "operator_cardinality": 1,
                                                                                    "cumulative_rows_scanned": 0,
                                                                                    "operator_rows_scanned": 0,
                                                                                    "operator_timing": 7e-8,
                                                                                    "result_set_size": 8,
                                                                                    "children": [
                                                                                        {
                                                                                            "operator_name": "PROJECTION",
                                                                                            "cpu_time": 9.319999999999999e-7,
                                                                                            "extra_info": {
                                                                                                "Projections": "AverageViewsPerUser",
                                                                                                "Estimated Cardinality": "1"
                                                                                            },
                                                                                            "cumulative_cardinality": 2,
                                                                                            "operator_type": "PROJECTION",
                                                                                            "operator_cardinality": 1,
                                                                                            "cumulative_rows_scanned": 0,
                                                                                            "operator_rows_scanned": 0,
                                                                                            "operator_timing": 1.3e-7,
                                                                                            "result_set_size": 8,
                                                                                            "children": [
                                                                                                {
                                                                                                    "operator_name": "CTE_SCAN",
                                                                                                    "cpu_time": 8.019999999999999e-7,
                                                                                                    "extra_info": {
                                                                                                        "CTE Index": "14",
                                                                                                        "Estimated Cardinality": "1"
                                                                                                    },
                                                                                                    "cumulative_cardinality": 1,
                                                                                                    "operator_type": "CTE_SCAN",
                                                                                                    "operator_cardinality": 1,
                                                                                                    "cumulative_rows_scanned": 0,
                                                                                                    "operator_rows_scanned": 0,
                                                                                                    "operator_timing": 8.019999999999999e-7,
                                                                                                    "result_set_size": 24,
                                                                                                    "children": []
                                                                                                }
                                                                                            ]
                                                                                        }
                                                                                    ]
                                                                                }
                                                                            ]
                                                                        }
                                                                    ]
                                                                }
                                                            ]
                                                        }
                                                    ]
                                                }
                                            ]
                                        }
                                    ]
                                }
                            ]
                        }
                    ]
                }
            ]
        }
    ]
}