{
    "rows_returned": 167797,
    "query_name": "\nWITH PostStats AS (\n    SELECT \n        P.Id AS PostId,\n        P.Title,\n        P.CreationDate,\n        P.Score,\n        P.ViewCount,\n        COUNT(CASE WHEN C.Id IS NOT NULL THEN 1 END) AS CommentCount,\n        COUNT(CASE WHEN A.Id IS NOT NULL THEN 1 END) AS AnswerCount\n    FROM \n        Posts P\n    LEFT JOIN \n        Comments C ON P.Id = C.PostId\n    LEFT JOIN \n        Posts A ON P.Id = A.ParentId AND A.PostTypeId = 2\n    GROUP BY \n        P.Id, P.Title, P.CreationDate, P.Score, P.ViewCount\n),\nUserStats AS (\n    SELECT \n        U.Id AS UserId,\n        U.DisplayName,\n        COUNT(B.Id) AS BadgeCount,\n        SUM(V.BountyAmount) AS TotalBountyAmount\n    FROM \n        Users U\n    LEFT JOIN \n        Badges B ON U.Id = B.UserId\n    LEFT JOIN \n        Votes V ON U.Id = V.UserId\n    GROUP BY \n        U.Id, U.DisplayName\n)\nSELECT \n    PS.Title,\n    PS.CreationDate,\n    PS.Score,\n    PS.ViewCount,\n    PS.CommentCount,\n    PS.AnswerCount,\n    US.DisplayName AS UserDisplayName,\n    US.BadgeCount,\n    US.TotalBountyAmount\nFROM \n    PostStats PS\nJOIN \n    Users U ON PS.PostId = U.AccountId\nJOIN \n    UserStats US ON U.Id = US.UserId\nORDER BY \n    PS.Score DESC, PS.ViewCount DESC;\n",
    "blocked_thread_time": 0.0,
    "cpu_time": 5.1567947689999984,
    "extra_info": {},
    "cumulative_cardinality": 100849007,
    "cumulative_rows_scanned": 32529291,
    "result_set_size": 14766136,
    "latency": 5.80316453,
    "children": [
        {
            "operator_name": "PROJECTION",
            "cpu_time": 5.1567947689999984,
            "extra_info": {
                "Projections": [
                    "#0",
                    "#1",
                    "__internal_decompress_integral_integer(#2, -72)",
                    "#3",
                    "#4",
                    "#5",
                    "#6",
                    "#7",
                    "#8"
                ],
                "Estimated Cardinality": "3850116"
            },
            "cumulative_cardinality": 100849007,
            "operator_type": "PROJECTION",
            "operator_cardinality": 167797,
            "cumulative_rows_scanned": 32529291,
            "operator_rows_scanned": 0,
            "operator_timing": 0.00009961799999999998,
            "result_set_size": 14766136,
            "children": [
                {
                    "operator_name": "ORDER_BY",
                    "cpu_time": 5.156695150999998,
                    "extra_info": {
                        "Order By": [
                            "PS.Score DESC",
                            "PS.ViewCount DESC"
                        ]
                    },
                    "cumulative_cardinality": 100681210,
                    "operator_type": "ORDER_BY",
                    "operator_cardinality": 167797,
                    "cumulative_rows_scanned": 32529291,
                    "operator_rows_scanned": 0,
                    "operator_timing": 0.024962363000000015,
                    "result_set_size": 14430542,
                    "children": [
                        {
                            "operator_name": "PROJECTION",
                            "cpu_time": 5.131732787999998,
                            "extra_info": {
                                "Projections": [
                                    "#0",
                                    "#1",
                                    "__internal_compress_integral_usmallint(#2, -72)",
                                    "#3",
                                    "#4",
                                    "#5",
                                    "#6",
                                    "#7",
                                    "#8"
                                ],
                                "Estimated Cardinality": "3850116"
                            },
                            "cumulative_cardinality": 100513413,
                            "operator_type": "PROJECTION",
                            "operator_cardinality": 167797,
                            "cumulative_rows_scanned": 32529291,
                            "operator_rows_scanned": 0,
                            "operator_timing": 0.0018177270000000025,
                            "result_set_size": 14430542,
                            "children": [
                                {
                                    "operator_name": "HASH_JOIN",
                                    "cpu_time": 5.129915060999998,
                                    "extra_info": {
                                        "Join Type": "INNER",
                                        "Conditions": "PostId = accountid",
                                        "Estimated Cardinality": "3850116"
                                    },
                                    "cumulative_cardinality": 100345616,
                                    "operator_type": "HASH_JOIN",
                                    "operator_cardinality": 167797,
                                    "cumulative_rows_scanned": 32529291,
                                    "operator_rows_scanned": 0,
                                    "operator_timing": 0.0768834329999996,
                                    "result_set_size": 14766136,
                                    "children": [
                                        {
                                            "operator_name": "PROJECTION",
                                            "cpu_time": 3.624302034,
                                            "extra_info": {
                                                "Projections": [
                                                    "#0",
                                                    "#1",
                                                    "#2",
                                                    "__internal_decompress_integral_integer(#3, -72)",
                                                    "#4",
                                                    "#5",
                                                    "#6"
                                                ],
                                                "Estimated Cardinality": "3850116"
                                            },
                                            "cumulative_cardinality": 77321818,
                                            "operator_type": "PROJECTION",
                                            "operator_cardinality": 3850116,
                                            "cumulative_rows_scanned": 14942054,
                                            "operator_rows_scanned": 0,
                                            "operator_timing": 0.0015616659999999997,
                                            "result_set_size": 200206032,
                                            "children": [
                                                {
                                                    "operator_name": "HASH_GROUP_BY",
                                                    "cpu_time": 3.6227403679999997,
                                                    "extra_info": {
                                                        "Groups": [
                                                            "#0",
                                                            "#1",
                                                            "#2",
                                                            "#3",
                                                            "#4"
                                                        ],
                                                        "Aggregates": [
                                                            "count(#5)",
                                                            "count(#6)"
                                                        ],
                                                        "Estimated Cardinality": "3850116"
                                                    },
                                                    "cumulative_cardinality": 73471702,
                                                    "operator_type": "HASH_GROUP_BY",
                                                    "operator_cardinality": 3850116,
                                                    "cumulative_rows_scanned": 14942054,
                                                    "operator_rows_scanned": 0,
                                                    "operator_timing": 1.6053325450000022,
                                                    "result_set_size": 192505800,
                                                    "children": [
                                                        {
                                                            "operator_name": "PROJECTION",
                                                            "cpu_time": 2.0174078229999974,
                                                            "extra_info": {
                                                                "Projections": [
                                                                    "id",
                                                                    "title",
                                                                    "creationdate",
                                                                    "score",
                                                                    "viewcount",
                                                                    "CASE  WHEN ((id IS NOT NULL)) THEN (1) ELSE NULL END",
                                                                    "CASE  WHEN ((id IS NOT NULL)) THEN (1) ELSE NULL END"
                                                                ],
                                                                "Estimated Cardinality": "7241822"
                                                            },
                                                            "cumulative_cardinality": 69621586,
                                                            "operator_type": "PROJECTION",
                                                            "operator_cardinality": 11548569,
                                                            "cumulative_rows_scanned": 14942054,
                                                            "operator_rows_scanned": 0,
                                                            "operator_timing": 0.047465531,
                                                            "result_set_size": 485039898,
                                                            "children": [
                                                                {
                                                                    "operator_name": "PROJECTION",
                                                                    "cpu_time": 1.9699422919999974,
                                                                    "extra_info": {
                                                                        "Projections": [
                                                                            "#0",
                                                                            "#1",
                                                                            "#2",
                                                                            "__internal_compress_integral_usmallint(#3, -72)",
                                                                            "#4",
                                                                            "#5",
                                                                            "#6"
                                                                        ],
                                                                        "Estimated Cardinality": "7241822"
                                                                    },
                                                                    "cumulative_cardinality": 58073017,
                                                                    "operator_type": "PROJECTION",
                                                                    "operator_cardinality": 11548569,
                                                                    "cumulative_rows_scanned": 14942054,
                                                                    "operator_rows_scanned": 0,
                                                                    "operator_timing": 0.015186795999999936,
                                                                    "result_set_size": 485039898,
                                                                    "children": [
                                                                        {
                                                                            "operator_name": "HASH_JOIN",
                                                                            "cpu_time": 1.9547554959999975,
                                                                            "extra_info": {
                                                                                "Join Type": "LEFT",
                                                                                "Conditions": "id = parentid",
                                                                                "Estimated Cardinality": "7241822"
                                                                            },
                                                                            "cumulative_cardinality": 46524448,
                                                                            "operator_type": "HASH_JOIN",
                                                                            "operator_cardinality": 11548569,
                                                                            "cumulative_rows_scanned": 14942054,
                                                                            "operator_rows_scanned": 0,
                                                                            "operator_timing": 0.4448732270000017,
                                                                            "result_set_size": 508137036,
                                                                            "children": [
                                                                                {
                                                                                    "operator_name": "PROJECTION",
                                                                                    "cpu_time": 1.377965075999996,
                                                                                    "extra_info": {
                                                                                        "Projections": [
                                                                                            "#0",
                                                                                            "#1",
                                                                                            "#2",
                                                                                            "__internal_decompress_integral_integer(#3, -72)",
                                                                                            "#4",
                                                                                            "#5"
                                                                                        ],
                                                                                        "Estimated Cardinality": "7241822"
                                                                                    },
                                                                                    "cumulative_cardinality": 32798586,
                                                                                    "operator_type": "PROJECTION",
                                                                                    "operator_cardinality": 8928266,
                                                                                    "cumulative_rows_scanned": 11091938,
                                                                                    "operator_rows_scanned": 0,
                                                                                    "operator_timing": 0.004541613000000003,
                                                                                    "result_set_size": 357130640,
                                                                                    "children": [
                                                                                        {
                                                                                            "operator_name": "HASH_JOIN",
                                                                                            "cpu_time": 1.373423462999996,
                                                                                            "extra_info": {
                                                                                                "Join Type": "RIGHT",
                                                                                                "Conditions": "postid = id",
                                                                                                "Estimated Cardinality": "7241822"
                                                                                            },
                                                                                            "cumulative_cardinality": 23870320,
                                                                                            "operator_type": "HASH_JOIN",
                                                                                            "operator_cardinality": 8928266,
                                                                                            "cumulative_rows_scanned": 11091938,
                                                                                            "operator_rows_scanned": 0,
                                                                                            "operator_timing": 0.8451047759999967,
                                                                                            "result_set_size": 339274108,
                                                                                            "children": [
                                                                                                {
                                                                                                    "operator_name": "READ_PARQUET ",
                                                                                                    "cpu_time": 0.12732698499999967,
                                                                                                    "extra_info": {
                                                                                                        "Function": "READ_PARQUET",
                                                                                                        "Projections": [
                                                                                                            "id",
                                                                                                            "postid"
                                                                                                        ],
                                                                                                        "Estimated Cardinality": "7241822"
                                                                                                    },
                                                                                                    "cumulative_cardinality": 7241822,
                                                                                                    "operator_type": "TABLE_SCAN",
                                                                                                    "operator_cardinality": 7241822,
                                                                                                    "cumulative_rows_scanned": 7241822,
                                                                                                    "operator_rows_scanned": 7241822,
                                                                                                    "operator_timing": 0.12732698499999967,
                                                                                                    "result_set_size": 57934576,
                                                                                                    "children": []
                                                                                                },
                                                                                                {
                                                                                                    "operator_name": "PROJECTION",
                                                                                                    "cpu_time": 0.40099170199999956,
                                                                                                    "extra_info": {
                                                                                                        "Projections": [
                                                                                                            "#0",
                                                                                                            "#1",
                                                                                                            "__internal_compress_integral_usmallint(#2, -72)",
                                                                                                            "#3",
                                                                                                            "#4"
                                                                                                        ],
                                                                                                        "Estimated Cardinality": "3850116"
                                                                                                    },
                                                                                                    "cumulative_cardinality": 7700232,
                                                                                                    "operator_type": "PROJECTION",
                                                                                                    "operator_cardinality": 3850116,
                                                                                                    "cumulative_rows_scanned": 3850116,
                                                                                                    "operator_rows_scanned": 0,
                                                                                                    "operator_timing": 0.0016899150000000036,
                                                                                                    "result_set_size": 130903944,
                                                                                                    "children": [
                                                                                                        {
                                                                                                            "operator_name": "READ_PARQUET ",
                                                                                                            "cpu_time": 0.3993017869999996,
                                                                                                            "extra_info": {
                                                                                                                "Function": "READ_PARQUET",
                                                                                                                "Projections": [
                                                                                                                    "id",
                                                                                                                    "creationdate",
                                                                                                                    "score",
                                                                                                                    "viewcount",
                                                                                                                    "title"
                                                                                                                ],
                                                                                                                "Estimated Cardinality": "3850116"
                                                                                                            },
                                                                                                            "cumulative_cardinality": 3850116,
                                                                                                            "operator_type": "TABLE_SCAN",
                                                                                                            "operator_cardinality": 3850116,
                                                                                                            "cumulative_rows_scanned": 3850116,
                                                                                                            "operator_rows_scanned": 3850116,
                                                                                                            "operator_timing": 0.3993017869999996,
                                                                                                            "result_set_size": 138604176,
                                                                                                            "children": []
                                                                                                        }
                                                                                                    ]
                                                                                                }
                                                                                            ]
                                                                                        }
                                                                                    ]
                                                                                },
                                                                                {
                                                                                    "operator_name": "READ_PARQUET ",
                                                                                    "cpu_time": 0.13191719299999988,
                                                                                    "extra_info": {
                                                                                        "Function": "READ_PARQUET",
                                                                                        "Projections": [
                                                                                            "id",
                                                                                            "parentid"
                                                                                        ],
                                                                                        "Filters": "posttypeid=2",
                                                                                        "Estimated Cardinality": "770023"
                                                                                    },
                                                                                    "cumulative_cardinality": 2177293,
                                                                                    "operator_type": "TABLE_SCAN",
                                                                                    "operator_cardinality": 2177293,
                                                                                    "cumulative_rows_scanned": 3850116,
                                                                                    "operator_rows_scanned": 3850116,
                                                                                    "operator_timing": 0.13191719299999988,
                                                                                    "result_set_size": 17418344,
                                                                                    "children": []
                                                                                }
                                                                            ]
                                                                        }
                                                                    ]
                                                                }
                                                            ]
                                                        }
                                                    ]
                                                }
                                            ]
                                        },
                                        {
                                            "operator_name": "FILTER",
                                            "cpu_time": 1.4287295939999995,
                                            "extra_info": {
                                                "Expression": "(accountid BETWEEN 1 AND 4978528)",
                                                "Estimated Cardinality": "1260710"
                                            },
                                            "cumulative_cardinality": 22856001,
                                            "operator_type": "FILTER",
                                            "operator_cardinality": 214435,
                                            "cumulative_rows_scanned": 17587237,
                                            "operator_rows_scanned": 0,
                                            "operator_timing": 0.005419373999999999,
                                            "result_set_size": 9435140,
                                            "children": [
                                                {
                                                    "operator_name": "HASH_JOIN",
                                                    "cpu_time": 1.4233102199999996,
                                                    "extra_info": {
                                                        "Join Type": "INNER",
                                                        "Conditions": "UserId = id",
                                                        "Estimated Cardinality": "1260710"
                                                    },
                                                    "cumulative_cardinality": 22641566,
                                                    "operator_type": "HASH_JOIN",
                                                    "operator_cardinality": 1260710,
                                                    "cumulative_rows_scanned": 17587237,
                                                    "operator_rows_scanned": 0,
                                                    "operator_timing": 0.10163021200000007,
                                                    "result_set_size": 55471240,
                                                    "children": [
                                                        {
                                                            "operator_name": "HASH_GROUP_BY",
                                                            "cpu_time": 1.3060926879999994,
                                                            "extra_info": {
                                                                "Groups": [
                                                                    "#0",
                                                                    "#1"
                                                                ],
                                                                "Aggregates": [
                                                                    "count(#2)",
                                                                    "sum(#3)"
                                                                ],
                                                                "Estimated Cardinality": "1260710"
                                                            },
                                                            "cumulative_cardinality": 20120146,
                                                            "operator_type": "HASH_GROUP_BY",
                                                            "operator_cardinality": 1260710,
                                                            "cumulative_rows_scanned": 16326527,
                                                            "operator_rows_scanned": 0,
                                                            "operator_timing": 0.4358906309999996,
                                                            "result_set_size": 55471240,
                                                            "children": [
                                                                {
                                                                    "operator_name": "PROJECTION",
                                                                    "cpu_time": 0.8702020569999999,
                                                                    "extra_info": {
                                                                        "Projections": [
                                                                            "id",
                                                                            "displayname",
                                                                            "id",
                                                                            "bountyamount"
                                                                        ],
                                                                        "Estimated Cardinality": "12744093"
                                                                    },
                                                                    "cumulative_cardinality": 18859436,
                                                                    "operator_type": "PROJECTION",
                                                                    "operator_cardinality": 6101651,
                                                                    "cumulative_rows_scanned": 16326527,
                                                                    "operator_rows_scanned": 0,
                                                                    "operator_timing": 0.0016884559999999936,
                                                                    "result_set_size": 170846228,
                                                                    "children": [
                                                                        {
                                                                            "operator_name": "HASH_JOIN",
                                                                            "cpu_time": 0.8685136009999999,
                                                                            "extra_info": {
                                                                                "Join Type": "RIGHT",
                                                                                "Conditions": "userid = id",
                                                                                "Estimated Cardinality": "12744093"
                                                                            },
                                                                            "cumulative_cardinality": 12757785,
                                                                            "operator_type": "HASH_JOIN",
                                                                            "operator_cardinality": 6101651,
                                                                            "cumulative_rows_scanned": 16326527,
                                                                            "operator_rows_scanned": 0,
                                                                            "operator_timing": 0.41702110499999956,
                                                                            "result_set_size": 170846228,
                                                                            "children": [
                                                                                {
                                                                                    "operator_name": "READ_PARQUET ",
                                                                                    "cpu_time": 0.1113577450000001,
                                                                                    "extra_info": {
                                                                                        "Function": "READ_PARQUET",
                                                                                        "Projections": [
                                                                                            "userid",
                                                                                            "bountyamount"
                                                                                        ],
                                                                                        "Estimated Cardinality": "12744093"
                                                                                    },
                                                                                    "cumulative_cardinality": 40287,
                                                                                    "operator_type": "TABLE_SCAN",
                                                                                    "operator_cardinality": 40287,
                                                                                    "cumulative_rows_scanned": 12744093,
                                                                                    "operator_rows_scanned": 12744093,
                                                                                    "operator_timing": 0.1113577450000001,
                                                                                    "result_set_size": 322296,
                                                                                    "children": []
                                                                                },
                                                                                {
                                                                                    "operator_name": "HASH_JOIN",
                                                                                    "cpu_time": 0.3401347510000002,
                                                                                    "extra_info": {
                                                                                        "Join Type": "RIGHT",
                                                                                        "Conditions": "userid = id",
                                                                                        "Estimated Cardinality": "2321724"
                                                                                    },
                                                                                    "cumulative_cardinality": 6615847,
                                                                                    "operator_type": "HASH_JOIN",
                                                                                    "operator_cardinality": 3033413,
                                                                                    "cumulative_rows_scanned": 3582434,
                                                                                    "operator_rows_scanned": 0,
                                                                                    "operator_timing": 0.21533048100000002,
                                                                                    "result_set_size": 72801912,
                                                                                    "children": [
                                                                                        {
                                                                                            "operator_name": "READ_PARQUET ",
                                                                                            "cpu_time": 0.046436448,
                                                                                            "extra_info": {
                                                                                                "Function": "READ_PARQUET",
                                                                                                "Projections": [
                                                                                                    "id",
                                                                                                    "userid"
                                                                                                ],
                                                                                                "Estimated Cardinality": "2321724"
                                                                                            },
                                                                                            "cumulative_cardinality": 2321724,
                                                                                            "operator_type": "TABLE_SCAN",
                                                                                            "operator_cardinality": 2321724,
                                                                                            "cumulative_rows_scanned": 2321724,
                                                                                            "operator_rows_scanned": 2321724,
                                                                                            "operator_timing": 0.046436448,
                                                                                            "result_set_size": 18573792,
                                                                                            "children": []
                                                                                        },
                                                                                        {
                                                                                            "operator_name": "READ_PARQUET ",
                                                                                            "cpu_time": 0.07836782200000014,
                                                                                            "extra_info": {
                                                                                                "Function": "READ_PARQUET",
                                                                                                "Projections": [
                                                                                                    "id",
                                                                                                    "displayname"
                                                                                                ],
                                                                                                "Estimated Cardinality": "1260710"
                                                                                            },
                                                                                            "cumulative_cardinality": 1260710,
                                                                                            "operator_type": "TABLE_SCAN",
                                                                                            "operator_cardinality": 1260710,
                                                                                            "cumulative_rows_scanned": 1260710,
                                                                                            "operator_rows_scanned": 1260710,
                                                                                            "operator_timing": 0.07836782200000014,
                                                                                            "result_set_size": 25214200,
                                                                                            "children": []
                                                                                        }
                                                                                    ]
                                                                                }
                                                                            ]
                                                                        }
                                                                    ]
                                                                }
                                                            ]
                                                        },
                                                        {
                                                            "operator_name": "READ_PARQUET ",
                                                            "cpu_time": 0.015587320000000035,
                                                            "extra_info": {
                                                                "Function": "READ_PARQUET",
                                                                "Projections": [
                                                                    "id",
                                                                    "accountid"
                                                                ],
                                                                "Estimated Cardinality": "1260710"
                                                            },
                                                            "cumulative_cardinality": 1260710,
                                                            "operator_type": "TABLE_SCAN",
                                                            "operator_cardinality": 1260710,
                                                            "cumulative_rows_scanned": 1260710,
                                                            "operator_rows_scanned": 1260710,
                                                            "operator_timing": 0.015587320000000035,
                                                            "result_set_size": 10085680,
                                                            "children": []
                                                        }
                                                    ]
                                                }
                                            ]
                                        }
                                    ]
                                }
                            ]
                        }
                    ]
                }
            ]
        }
    ]
}