{
    "rows_returned": 1,
    "query_name": "WITH PostStatistics AS (\n    SELECT \n        COUNT(*) AS TotalPosts,\n        COUNT(DISTINCT OwnerUserId) AS TotalPostOwners,\n        SUM(CASE WHEN PostTypeId = 1 THEN 1 ELSE 0 END) AS TotalQuestions,\n        SUM(CASE WHEN PostTypeId = 2 THEN 1 ELSE 0 END) AS TotalAnswers,\n        SUM(CASE WHEN ClosedDate IS NOT NULL THEN 1 ELSE 0 END) AS TotalClosedPosts\n    FROM \n        Posts\n),\nUserStatistics AS (\n    SELECT \n        COUNT(*) AS TotalUsers,\n        AVG(Reputation) AS AverageReputation,\n        MIN(CreationDate) AS EarliestUserCreation,\n        MAX(CreationDate) AS LatestUserCreation\n    FROM \n        Users\n),\nVoteStatistics AS (\n    SELECT \n        COUNT(*) AS TotalVotes,\n        SUM(CASE WHEN VoteTypeId = 2 THEN 1 ELSE 0 END) AS TotalUpVotes,\n        SUM(CASE WHEN VoteTypeId = 3 THEN 1 ELSE 0 END) AS TotalDownVotes\n    FROM \n        Votes\n),\nCommentStatistics AS (\n    SELECT \n        COUNT(*) AS TotalComments,\n        AVG(Score) AS AverageCommentScore\n    FROM \n        Comments\n)\nSELECT \n    ps.TotalPosts,\n    ps.TotalPostOwners,\n    ps.TotalQuestions,\n    ps.TotalAnswers,\n    ps.TotalClosedPosts,\n    us.TotalUsers,\n    us.AverageReputation,\n    us.EarliestUserCreation,\n    us.LatestUserCreation,\n    vs.TotalVotes,\n    vs.TotalUpVotes,\n    vs.TotalDownVotes,\n    cs.TotalComments,\n    cs.AverageCommentScore\nFROM \n    PostStatistics ps,\n    UserStatistics us,\n    VoteStatistics vs,\n    CommentStatistics cs;",
    "blocked_thread_time": 0.0,
    "cpu_time": 0.47097671900000077,
    "extra_info": {},
    "cumulative_cardinality": 50193490,
    "cumulative_rows_scanned": 25096741,
    "result_set_size": 152,
    "latency": 0.564306124,
    "children": [
        {
            "operator_name": "PROJECTION",
            "cpu_time": 0.47097671900000077,
            "extra_info": {
                "Projections": [
                    "TotalPosts",
                    "TotalPostOwners",
                    "TotalQuestions",
                    "TotalAnswers",
                    "TotalClosedPosts",
                    "TotalUsers",
                    "AverageReputation",
                    "EarliestUserCreation",
                    "LatestUserCreation",
                    "TotalVotes",
                    "TotalUpVotes",
                    "TotalDownVotes",
                    "TotalComments",
                    "AverageCommentScore"
                ],
                "Estimated Cardinality": "1"
            },
            "cumulative_cardinality": 50193490,
            "operator_type": "PROJECTION",
            "operator_cardinality": 1,
            "cumulative_rows_scanned": 25096741,
            "operator_rows_scanned": 0,
            "operator_timing": 0.000002255,
            "result_set_size": 152,
            "children": [
                {
                    "operator_name": "CROSS_PRODUCT",
                    "cpu_time": 0.47097446400000076,
                    "extra_info": {},
                    "cumulative_cardinality": 50193489,
                    "operator_type": "CROSS_PRODUCT",
                    "operator_cardinality": 1,
                    "cumulative_rows_scanned": 25096741,
                    "operator_rows_scanned": 0,
                    "operator_timing": 0.00003179,
                    "result_set_size": 152,
                    "children": [
                        {
                            "operator_name": "CROSS_PRODUCT",
                            "cpu_time": 0.27170545100000054,
                            "extra_info": {},
                            "cumulative_cardinality": 42493255,
                            "operator_type": "CROSS_PRODUCT",
                            "operator_cardinality": 1,
                            "cumulative_rows_scanned": 21246625,
                            "operator_rows_scanned": 0,
                            "operator_timing": 0.000024005,
                            "result_set_size": 88,
                            "children": [
                                {
                                    "operator_name": "CROSS_PRODUCT",
                                    "cpu_time": 0.24063583000000055,
                                    "extra_info": {},
                                    "cumulative_cardinality": 39971833,
                                    "operator_type": "CROSS_PRODUCT",
                                    "operator_cardinality": 1,
                                    "cumulative_rows_scanned": 19985915,
                                    "operator_rows_scanned": 0,
                                    "operator_timing": 0.000024776999999999997,
                                    "result_set_size": 56,
                                    "children": [
                                        {
                                            "operator_name": "UNGROUPED_AGGREGATE",
                                            "cpu_time": 0.17824982600000064,
                                            "extra_info": {
                                                "Aggregates": [
                                                    "count_star()",
                                                    "sum(#0)",
                                                    "sum(#1)"
                                                ]
                                            },
                                            "cumulative_cardinality": 25488187,
                                            "operator_type": "UNGROUPED_AGGREGATE",
                                            "operator_cardinality": 1,
                                            "cumulative_rows_scanned": 12744093,
                                            "operator_rows_scanned": 0,
                                            "operator_timing": 0.025970130000000792,
                                            "result_set_size": 40,
                                            "children": [
                                                {
                                                    "operator_name": "PROJECTION",
                                                    "cpu_time": 0.15227969599999985,
                                                    "extra_info": {
                                                        "Projections": [
                                                            "CASE  WHEN ((votetypeid = 2)) THEN (1) ELSE 0 END",
                                                            "CASE  WHEN ((votetypeid = 3)) THEN (1) ELSE 0 END"
                                                        ],
                                                        "Estimated Cardinality": "12744093"
                                                    },
                                                    "cumulative_cardinality": 25488186,
                                                    "operator_type": "PROJECTION",
                                                    "operator_cardinality": 12744093,
                                                    "cumulative_rows_scanned": 12744093,
                                                    "operator_rows_scanned": 0,
                                                    "operator_timing": 0.09736941800000014,
                                                    "result_set_size": 101952744,
                                                    "children": [
                                                        {
                                                            "operator_name": "READ_PARQUET ",
                                                            "cpu_time": 0.054910277999999715,
                                                            "extra_info": {
                                                                "Function": "READ_PARQUET",
                                                                "Projections": "votetypeid",
                                                                "Estimated Cardinality": "12744093"
                                                            },
                                                            "cumulative_cardinality": 12744093,
                                                            "operator_type": "TABLE_SCAN",
                                                            "operator_cardinality": 12744093,
                                                            "cumulative_rows_scanned": 12744093,
                                                            "operator_rows_scanned": 12744093,
                                                            "operator_timing": 0.054910277999999715,
                                                            "result_set_size": 25488186,
                                                            "children": []
                                                        }
                                                    ]
                                                }
                                            ]
                                        },
                                        {
                                            "operator_name": "UNGROUPED_AGGREGATE",
                                            "cpu_time": 0.062361226999999894,
                                            "extra_info": {
                                                "Aggregates": [
                                                    "count_star()",
                                                    "avg(#0)"
                                                ]
                                            },
                                            "cumulative_cardinality": 14483645,
                                            "operator_type": "UNGROUPED_AGGREGATE",
                                            "operator_cardinality": 1,
                                            "cumulative_rows_scanned": 7241822,
                                            "operator_rows_scanned": 0,
                                            "operator_timing": 0.02778731299999992,
                                            "result_set_size": 16,
                                            "children": [
                                                {
                                                    "operator_name": "PROJECTION",
                                                    "cpu_time": 0.03457391399999997,
                                                    "extra_info": {
                                                        "Projections": "score",
                                                        "Estimated Cardinality": "7241822"
                                                    },
                                                    "cumulative_cardinality": 14483644,
                                                    "operator_type": "PROJECTION",
                                                    "operator_cardinality": 7241822,
                                                    "cumulative_rows_scanned": 7241822,
                                                    "operator_rows_scanned": 0,
                                                    "operator_timing": 0.00028192200000001343,
                                                    "result_set_size": 28967288,
                                                    "children": [
                                                        {
                                                            "operator_name": "READ_PARQUET ",
                                                            "cpu_time": 0.03429199199999996,
                                                            "extra_info": {
                                                                "Function": "READ_PARQUET",
                                                                "Projections": "score",
                                                                "Estimated Cardinality": "7241822"
                                                            },
                                                            "cumulative_cardinality": 7241822,
                                                            "operator_type": "TABLE_SCAN",
                                                            "operator_cardinality": 7241822,
                                                            "cumulative_rows_scanned": 7241822,
                                                            "operator_rows_scanned": 7241822,
                                                            "operator_timing": 0.03429199199999996,
                                                            "result_set_size": 28967288,
                                                            "children": []
                                                        }
                                                    ]
                                                }
                                            ]
                                        }
                                    ]
                                },
                                {
                                    "operator_name": "UNGROUPED_AGGREGATE",
                                    "cpu_time": 0.031045616000000012,
                                    "extra_info": {
                                        "Aggregates": [
                                            "count_star()",
                                            "avg(#0)",
                                            "min(#1)",
                                            "max(#2)"
                                        ]
                                    },
                                    "cumulative_cardinality": 2521421,
                                    "operator_type": "UNGROUPED_AGGREGATE",
                                    "operator_cardinality": 1,
                                    "cumulative_rows_scanned": 1260710,
                                    "operator_rows_scanned": 0,
                                    "operator_timing": 0.006869684999999999,
                                    "result_set_size": 32,
                                    "children": [
                                        {
                                            "operator_name": "PROJECTION",
                                            "cpu_time": 0.02417593100000001,
                                            "extra_info": {
                                                "Projections": [
                                                    "reputation",
                                                    "creationdate",
                                                    "creationdate"
                                                ],
                                                "Estimated Cardinality": "1260710"
                                            },
                                            "cumulative_cardinality": 2521420,
                                            "operator_type": "PROJECTION",
                                            "operator_cardinality": 1260710,
                                            "cumulative_rows_scanned": 1260710,
                                            "operator_rows_scanned": 0,
                                            "operator_timing": 0.00008380900000000016,
                                            "result_set_size": 25214200,
                                            "children": [
                                                {
                                                    "operator_name": "READ_PARQUET ",
                                                    "cpu_time": 0.02409212200000001,
                                                    "extra_info": {
                                                        "Function": "READ_PARQUET",
                                                        "Projections": [
                                                            "reputation",
                                                            "creationdate"
                                                        ],
                                                        "Estimated Cardinality": "1260710"
                                                    },
                                                    "cumulative_cardinality": 1260710,
                                                    "operator_type": "TABLE_SCAN",
                                                    "operator_cardinality": 1260710,
                                                    "cumulative_rows_scanned": 1260710,
                                                    "operator_rows_scanned": 1260710,
                                                    "operator_timing": 0.02409212200000001,
                                                    "result_set_size": 15128520,
                                                    "children": []
                                                }
                                            ]
                                        }
                                    ]
                                }
                            ]
                        },
                        {
                            "operator_name": "UNGROUPED_AGGREGATE",
                            "cpu_time": 0.19923722300000024,
                            "extra_info": {
                                "Aggregates": [
                                    "count_star()",
                                    "count(DISTINCT #0)",
                                    "sum(#1)",
                                    "sum(#2)",
                                    "sum(#3)"
                                ]
                            },
                            "cumulative_cardinality": 7700233,
                            "operator_type": "UNGROUPED_AGGREGATE",
                            "operator_cardinality": 1,
                            "cumulative_rows_scanned": 3850116,
                            "operator_rows_scanned": 0,
                            "operator_timing": 0.09102711800000014,
                            "result_set_size": 64,
                            "children": [
                                {
                                    "operator_name": "PROJECTION",
                                    "cpu_time": 0.1082101050000001,
                                    "extra_info": {
                                        "Projections": [
                                            "owneruserid",
                                            "CASE  WHEN ((posttypeid = 1)) THEN (1) ELSE 0 END",
                                            "CASE  WHEN ((posttypeid = 2)) THEN (1) ELSE 0 END",
                                            "CASE  WHEN ((closeddate IS NOT NULL)) THEN (1) ELSE 0 END"
                                        ],
                                        "Estimated Cardinality": "3850116"
                                    },
                                    "cumulative_cardinality": 7700232,
                                    "operator_type": "PROJECTION",
                                    "operator_cardinality": 3850116,
                                    "cumulative_rows_scanned": 3850116,
                                    "operator_rows_scanned": 0,
                                    "operator_timing": 0.05856270200000003,
                                    "result_set_size": 61601856,
                                    "children": [
                                        {
                                            "operator_name": "READ_PARQUET ",
                                            "cpu_time": 0.04964740300000007,
                                            "extra_info": {
                                                "Function": "READ_PARQUET",
                                                "Projections": [
                                                    "posttypeid",
                                                    "owneruserid",
                                                    "closeddate"
                                                ],
                                                "Estimated Cardinality": "3850116"
                                            },
                                            "cumulative_cardinality": 3850116,
                                            "operator_type": "TABLE_SCAN",
                                            "operator_cardinality": 3850116,
                                            "cumulative_rows_scanned": 3850116,
                                            "operator_rows_scanned": 3850116,
                                            "operator_timing": 0.04964740300000007,
                                            "result_set_size": 53901624,
                                            "children": []
                                        }
                                    ]
                                }
                            ]
                        }
                    ]
                }
            ]
        }
    ]
}