{
    "rows_returned": 1061807,
    "query_name": "\nSELECT \n    p.Id AS PostId,\n    p.Title,\n    p.CreationDate,\n    u.DisplayName AS OwnerDisplayName,\n    COUNT(v.Id) AS VoteCount,\n    AVG(CASE WHEN v.VoteTypeId = 2 THEN 1 ELSE 0 END) AS UpVoteAverage,\n    AVG(CASE WHEN v.VoteTypeId = 3 THEN 1 ELSE 0 END) AS DownVoteAverage,\n    COUNT(c.Id) AS CommentCount,\n    SUM(CASE WHEN b.UserId IS NOT NULL THEN 1 ELSE 0 END) AS BadgeCount,\n    p.Score,\n    p.ViewCount\nFROM \n    Posts p\nLEFT JOIN \n    Users u ON p.OwnerUserId = u.Id\nLEFT JOIN \n    Votes v ON p.Id = v.PostId\nLEFT JOIN \n    Comments c ON p.Id = c.PostId\nLEFT JOIN \n    Badges b ON u.Id = b.UserId\nWHERE \n    p.CreationDate >= '2020-01-01'\nGROUP BY \n    p.Id, p.Title, p.CreationDate, u.DisplayName, p.Score, p.ViewCount\nORDER BY \n    p.CreationDate DESC;\n",
    "blocked_thread_time": 0.0,
    "cpu_time": 62.270908279999084,
    "extra_info": {},
    "cumulative_cardinality": 2444711202,
    "cumulative_rows_scanned": 27418465,
    "result_set_size": 106180700,
    "latency": 74.696679547,
    "children": [
        {
            "operator_name": "PROJECTION",
            "cpu_time": 62.270908279999084,
            "extra_info": {
                "Projections": [
                    "#0",
                    "#1",
                    "#2",
                    "#3",
                    "#4",
                    "#5",
                    "#6",
                    "#7",
                    "#8",
                    "__internal_decompress_integral_integer(#9, -72)",
                    "#10"
                ],
                "Estimated Cardinality": "3850116"
            },
            "cumulative_cardinality": 2444711202,
            "operator_type": "PROJECTION",
            "operator_cardinality": 1061807,
            "cumulative_rows_scanned": 27418465,
            "operator_rows_scanned": 0,
            "operator_timing": 0.0006278800000000003,
            "result_set_size": 106180700,
            "children": [
                {
                    "operator_name": "ORDER_BY",
                    "cpu_time": 62.27028039999908,
                    "extra_info": {
                        "Order By": "p.CreationDate DESC"
                    },
                    "cumulative_cardinality": 2443649395,
                    "operator_type": "ORDER_BY",
                    "operator_cardinality": 1061807,
                    "cumulative_rows_scanned": 27418465,
                    "operator_rows_scanned": 0,
                    "operator_timing": 0.0991768799999999,
                    "result_set_size": 104057086,
                    "children": [
                        {
                            "operator_name": "PROJECTION",
                            "cpu_time": 62.17110351999908,
                            "extra_info": {
                                "Projections": [
                                    "#0",
                                    "#1",
                                    "#2",
                                    "#3",
                                    "#4",
                                    "#5",
                                    "#6",
                                    "#7",
                                    "#8",
                                    "__internal_compress_integral_usmallint(#9, -72)",
                                    "#10"
                                ],
                                "Estimated Cardinality": "3850116"
                            },
                            "cumulative_cardinality": 2442587588,
                            "operator_type": "PROJECTION",
                            "operator_cardinality": 1061807,
                            "cumulative_rows_scanned": 27418465,
                            "operator_rows_scanned": 0,
                            "operator_timing": 0.0004776759999999999,
                            "result_set_size": 104057086,
                            "children": [
                                {
                                    "operator_name": "PROJECTION",
                                    "cpu_time": 62.170625843999076,
                                    "extra_info": {
                                        "Projections": [
                                            "PostId",
                                            "title",
                                            "creationdate",
                                            "OwnerDisplayName",
                                            "VoteCount",
                                            "UpVoteAverage",
                                            "DownVoteAverage",
                                            "CommentCount",
                                            "BadgeCount",
                                            "score",
                                            "viewcount"
                                        ],
                                        "Estimated Cardinality": "3850116"
                                    },
                                    "cumulative_cardinality": 2441525781,
                                    "operator_type": "PROJECTION",
                                    "operator_cardinality": 1061807,
                                    "cumulative_rows_scanned": 27418465,
                                    "operator_rows_scanned": 0,
                                    "operator_timing": 0.00026785700000000025,
                                    "result_set_size": 106180700,
                                    "children": [
                                        {
                                            "operator_name": "PROJECTION",
                                            "cpu_time": 62.17035798699908,
                                            "extra_info": {
                                                "Projections": [
                                                    "#0",
                                                    "#1",
                                                    "#2",
                                                    "#3",
                                                    "__internal_decompress_integral_integer(#4, -72)",
                                                    "#5",
                                                    "#6",
                                                    "#7",
                                                    "#8",
                                                    "#9",
                                                    "#10"
                                                ],
                                                "Estimated Cardinality": "3850116"
                                            },
                                            "cumulative_cardinality": 2440463974,
                                            "operator_type": "PROJECTION",
                                            "operator_cardinality": 1061807,
                                            "cumulative_rows_scanned": 27418465,
                                            "operator_rows_scanned": 0,
                                            "operator_timing": 0.0005816620000000006,
                                            "result_set_size": 106180700,
                                            "children": [
                                                {
                                                    "operator_name": "HASH_GROUP_BY",
                                                    "cpu_time": 62.16977632499908,
                                                    "extra_info": {
                                                        "Groups": [
                                                            "#0",
                                                            "#1",
                                                            "#2",
                                                            "#3",
                                                            "#4",
                                                            "#5"
                                                        ],
                                                        "Aggregates": [
                                                            "count(#6)",
                                                            "avg(#7)",
                                                            "avg(#8)",
                                                            "count(#9)",
                                                            "sum(#10)"
                                                        ],
                                                        "Estimated Cardinality": "3850116"
                                                    },
                                                    "cumulative_cardinality": 2439402167,
                                                    "operator_type": "HASH_GROUP_BY",
                                                    "operator_cardinality": 1061807,
                                                    "cumulative_rows_scanned": 27418465,
                                                    "operator_rows_scanned": 0,
                                                    "operator_timing": 44.00131298499933,
                                                    "result_set_size": 104057086,
                                                    "children": [
                                                        {
                                                            "operator_name": "PROJECTION",
                                                            "cpu_time": 18.168463339999747,
                                                            "extra_info": {
                                                                "Projections": [
                                                                    "id",
                                                                    "title",
                                                                    "creationdate",
                                                                    "displayname",
                                                                    "score",
                                                                    "viewcount",
                                                                    "id",
                                                                    "CASE  WHEN ((votetypeid = 2)) THEN (1) ELSE 0 END",
                                                                    "CASE  WHEN ((votetypeid = 3)) THEN (1) ELSE 0 END",
                                                                    "id",
                                                                    "CASE  WHEN ((userid IS NOT NULL)) THEN (1) ELSE 0 END"
                                                                ],
                                                                "Estimated Cardinality": "12744093"
                                                            },
                                                            "cumulative_cardinality": 2438340360,
                                                            "operator_type": "PROJECTION",
                                                            "operator_cardinality": 804449985,
                                                            "cumulative_rows_scanned": 27418465,
                                                            "operator_rows_scanned": 0,
                                                            "operator_timing": 5.580156830000119,
                                                            "result_set_size": 56311498950,
                                                            "children": [
                                                                {
                                                                    "operator_name": "PROJECTION",
                                                                    "cpu_time": 12.58830650999963,
                                                                    "extra_info": {
                                                                        "Projections": [
                                                                            "#3",
                                                                            "#4",
                                                                            "__internal_compress_integral_usmallint(#5, -72)",
                                                                            "#6",
                                                                            "#7",
                                                                            "#2",
                                                                            "#0",
                                                                            "#1",
                                                                            "#8",
                                                                            "#9"
                                                                        ],
                                                                        "Estimated Cardinality": "12744093"
                                                                    },
                                                                    "cumulative_cardinality": 1633890375,
                                                                    "operator_type": "PROJECTION",
                                                                    "operator_cardinality": 804449985,
                                                                    "cumulative_rows_scanned": 27418465,
                                                                    "operator_rows_scanned": 0,
                                                                    "operator_timing": 0.8439576030000269,
                                                                    "result_set_size": 51484799040,
                                                                    "children": [
                                                                        {
                                                                            "operator_name": "HASH_JOIN",
                                                                            "cpu_time": 11.744348906999603,
                                                                            "extra_info": {
                                                                                "Join Type": "LEFT",
                                                                                "Conditions": "id = userid",
                                                                                "Estimated Cardinality": "12744093"
                                                                            },
                                                                            "cumulative_cardinality": 829440390,
                                                                            "operator_type": "HASH_JOIN",
                                                                            "operator_cardinality": 804449985,
                                                                            "cumulative_rows_scanned": 27418465,
                                                                            "operator_rows_scanned": 0,
                                                                            "operator_timing": 8.441203136999606,
                                                                            "result_set_size": 53093699010,
                                                                            "children": [
                                                                                {
                                                                                    "operator_name": "HASH_JOIN",
                                                                                    "cpu_time": 3.281383892999998,
                                                                                    "extra_info": {
                                                                                        "Join Type": "LEFT",
                                                                                        "Conditions": "id = postid",
                                                                                        "Estimated Cardinality": "12744093"
                                                                                    },
                                                                                    "cumulative_cardinality": 22668681,
                                                                                    "operator_type": "HASH_JOIN",
                                                                                    "operator_cardinality": 6627177,
                                                                                    "cumulative_rows_scanned": 25096741,
                                                                                    "operator_rows_scanned": 0,
                                                                                    "operator_timing": 0.6618301639999994,
                                                                                    "result_set_size": 437393682,
                                                                                    "children": [
                                                                                        {
                                                                                            "operator_name": "HASH_JOIN",
                                                                                            "cpu_time": 2.4856336239999988,
                                                                                            "extra_info": {
                                                                                                "Join Type": "RIGHT",
                                                                                                "Conditions": "postid = id",
                                                                                                "Estimated Cardinality": "12744093"
                                                                                            },
                                                                                            "cumulative_cardinality": 8799682,
                                                                                            "operator_type": "HASH_JOIN",
                                                                                            "operator_cardinality": 2405445,
                                                                                            "cumulative_rows_scanned": 17854919,
                                                                                            "operator_rows_scanned": 0,
                                                                                            "operator_timing": 0.3674984220000002,
                                                                                            "result_set_size": 149137590,
                                                                                            "children": [
                                                                                                {
                                                                                                    "operator_name": "READ_PARQUET ",
                                                                                                    "cpu_time": 0.08923266999999999,
                                                                                                    "extra_info": {
                                                                                                        "Function": "READ_PARQUET",
                                                                                                        "Projections": [
                                                                                                            "id",
                                                                                                            "postid",
                                                                                                            "votetypeid"
                                                                                                        ],
                                                                                                        "Estimated Cardinality": "12744093"
                                                                                                    },
                                                                                                    "cumulative_cardinality": 3009944,
                                                                                                    "operator_type": "TABLE_SCAN",
                                                                                                    "operator_cardinality": 3009944,
                                                                                                    "cumulative_rows_scanned": 12744093,
                                                                                                    "operator_rows_scanned": 12744093,
                                                                                                    "operator_timing": 0.08923266999999999,
                                                                                                    "result_set_size": 30099440,
                                                                                                    "children": []
                                                                                                },
                                                                                                {
                                                                                                    "operator_name": "HASH_JOIN",
                                                                                                    "cpu_time": 2.0289025319999987,
                                                                                                    "extra_info": {
                                                                                                        "Join Type": "RIGHT",
                                                                                                        "Conditions": "id = owneruserid",
                                                                                                        "Estimated Cardinality": "1260710"
                                                                                                    },
                                                                                                    "cumulative_cardinality": 3384293,
                                                                                                    "operator_type": "HASH_JOIN",
                                                                                                    "operator_cardinality": 1061807,
                                                                                                    "cumulative_rows_scanned": 5110826,
                                                                                                    "operator_rows_scanned": 0,
                                                                                                    "operator_timing": 0.3167861629999999,
                                                                                                    "result_set_size": 59461192,
                                                                                                    "children": [
                                                                                                        {
                                                                                                            "operator_name": "READ_PARQUET ",
                                                                                                            "cpu_time": 0.16046413500000012,
                                                                                                            "extra_info": {
                                                                                                                "Function": "READ_PARQUET",
                                                                                                                "Projections": [
                                                                                                                    "id",
                                                                                                                    "displayname"
                                                                                                                ],
                                                                                                                "Estimated Cardinality": "1260710"
                                                                                                            },
                                                                                                            "cumulative_cardinality": 1260679,
                                                                                                            "operator_type": "TABLE_SCAN",
                                                                                                            "operator_cardinality": 1260679,
                                                                                                            "cumulative_rows_scanned": 1260710,
                                                                                                            "operator_rows_scanned": 1260710,
                                                                                                            "operator_timing": 0.16046413500000012,
                                                                                                            "result_set_size": 25213580,
                                                                                                            "children": []
                                                                                                        },
                                                                                                        {
                                                                                                            "operator_name": "READ_PARQUET ",
                                                                                                            "cpu_time": 1.5516522339999985,
                                                                                                            "extra_info": {
                                                                                                                "Function": "READ_PARQUET",
                                                                                                                "Projections": [
                                                                                                                    "id",
                                                                                                                    "creationdate",
                                                                                                                    "score",
                                                                                                                    "viewcount",
                                                                                                                    "owneruserid",
                                                                                                                    "title"
                                                                                                                ],
                                                                                                                "Filters": "creationdate>='2020-01-01 00:00:00'::TIMESTAMP",
                                                                                                                "Estimated Cardinality": "770023"
                                                                                                            },
                                                                                                            "cumulative_cardinality": 1061807,
                                                                                                            "operator_type": "TABLE_SCAN",
                                                                                                            "operator_cardinality": 1061807,
                                                                                                            "cumulative_rows_scanned": 3850116,
                                                                                                            "operator_rows_scanned": 3850116,
                                                                                                            "operator_timing": 1.5516522339999985,
                                                                                                            "result_set_size": 42472280,
                                                                                                            "children": []
                                                                                                        }
                                                                                                    ]
                                                                                                }
                                                                                            ]
                                                                                        },
                                                                                        {
                                                                                            "operator_name": "READ_PARQUET ",
                                                                                            "cpu_time": 0.13392010499999982,
                                                                                            "extra_info": {
                                                                                                "Function": "READ_PARQUET",
                                                                                                "Projections": [
                                                                                                    "id",
                                                                                                    "postid"
                                                                                                ],
                                                                                                "Estimated Cardinality": "7241822"
                                                                                            },
                                                                                            "cumulative_cardinality": 7241822,
                                                                                            "operator_type": "TABLE_SCAN",
                                                                                            "operator_cardinality": 7241822,
                                                                                            "cumulative_rows_scanned": 7241822,
                                                                                            "operator_rows_scanned": 7241822,
                                                                                            "operator_timing": 0.13392010499999982,
                                                                                            "result_set_size": 57934576,
                                                                                            "children": []
                                                                                        }
                                                                                    ]
                                                                                },
                                                                                {
                                                                                    "operator_name": "READ_PARQUET ",
                                                                                    "cpu_time": 0.021761876999999964,
                                                                                    "extra_info": {
                                                                                        "Function": "READ_PARQUET",
                                                                                        "Projections": "userid",
                                                                                        "Estimated Cardinality": "2321724"
                                                                                    },
                                                                                    "cumulative_cardinality": 2321724,
                                                                                    "operator_type": "TABLE_SCAN",
                                                                                    "operator_cardinality": 2321724,
                                                                                    "cumulative_rows_scanned": 2321724,
                                                                                    "operator_rows_scanned": 2321724,
                                                                                    "operator_timing": 0.021761876999999964,
                                                                                    "result_set_size": 9286896,
                                                                                    "children": []
                                                                                }
                                                                            ]
                                                                        }
                                                                    ]
                                                                }
                                                            ]
                                                        }
                                                    ]
                                                }
                                            ]
                                        }
                                    ]
                                }
                            ]
                        }
                    ]
                }
            ]
        }
    ]
}