{
    "rows_returned": 100,
    "query_name": "SELECT \n    p.Id AS PostId,\n    p.Title,\n    p.CreationDate AS PostCreationDate,\n    u.DisplayName AS AuthorDisplayName,\n    u.Reputation AS AuthorReputation,\n    COALESCE(votes.UpVoteCount, 0) AS UpVoteCount,\n    COALESCE(votes.DownVoteCount, 0) AS DownVoteCount,\n    COALESCE(comments.CommentCount, 0) AS CommentCount\nFROM \n    Posts p\nJOIN \n    Users u ON p.OwnerUserId = u.Id\nLEFT JOIN \n    (SELECT \n        PostId,\n        SUM(CASE WHEN VoteTypeId = 2 THEN 1 ELSE 0 END) AS UpVoteCount,\n        SUM(CASE WHEN VoteTypeId = 3 THEN 1 ELSE 0 END) AS DownVoteCount\n     FROM \n        Votes \n     GROUP BY \n        PostId) votes ON p.Id = votes.PostId\nLEFT JOIN \n    (SELECT \n        PostId,\n        COUNT(*) AS CommentCount\n     FROM \n        Comments \n     GROUP BY \n        PostId) comments ON p.Id = comments.PostId\nWHERE \n    p.CreationDate >= cast('2024-10-01 12:34:56' as timestamp) - INTERVAL '30 days'  \nORDER BY \n    p.CreationDate DESC\nLIMIT 100;",
    "blocked_thread_time": 0.0,
    "cpu_time": 1.480263058,
    "extra_info": {},
    "cumulative_cardinality": 47415159,
    "cumulative_rows_scanned": 25096741,
    "result_set_size": 8800,
    "latency": 1.620896627,
    "children": [
        {
            "operator_name": "STREAMING_LIMIT",
            "cpu_time": 1.480263058,
            "extra_info": {},
            "cumulative_cardinality": 47415159,
            "operator_type": "STREAMING_LIMIT",
            "operator_cardinality": 100,
            "cumulative_rows_scanned": 25096741,
            "operator_rows_scanned": 0,
            "operator_timing": 0.0000012129999999999999,
            "result_set_size": 8800,
            "children": [
                {
                    "operator_name": "ORDER_BY",
                    "cpu_time": 1.480261845,
                    "extra_info": {
                        "Order By": "p.CreationDate DESC"
                    },
                    "cumulative_cardinality": 47415059,
                    "operator_type": "ORDER_BY",
                    "operator_cardinality": 4096,
                    "cumulative_rows_scanned": 25096741,
                    "operator_rows_scanned": 0,
                    "operator_timing": 0.0014094060000000002,
                    "result_set_size": 360448,
                    "children": [
                        {
                            "operator_name": "PROJECTION",
                            "cpu_time": 1.478852439,
                            "extra_info": {
                                "Projections": [
                                    "PostId",
                                    "title",
                                    "PostCreationDate",
                                    "AuthorDisplayName",
                                    "AuthorReputation",
                                    "UpVoteCount",
                                    "DownVoteCount",
                                    "CommentCount"
                                ],
                                "Estimated Cardinality": "6372046"
                            },
                            "cumulative_cardinality": 47410963,
                            "operator_type": "PROJECTION",
                            "operator_cardinality": 9907,
                            "cumulative_rows_scanned": 25096741,
                            "operator_rows_scanned": 0,
                            "operator_timing": 0.0008658089999999998,
                            "result_set_size": 871816,
                            "children": [
                                {
                                    "operator_name": "HASH_JOIN",
                                    "cpu_time": 1.47798663,
                                    "extra_info": {
                                        "Join Type": "LEFT",
                                        "Conditions": "id = postid",
                                        "Estimated Cardinality": "6372046"
                                    },
                                    "cumulative_cardinality": 47401056,
                                    "operator_type": "HASH_JOIN",
                                    "operator_cardinality": 9907,
                                    "cumulative_rows_scanned": 25096741,
                                    "operator_rows_scanned": 0,
                                    "operator_timing": 0.08596322300000005,
                                    "result_set_size": 1030328,
                                    "children": [
                                        {
                                            "operator_name": "HASH_JOIN",
                                            "cpu_time": 1.0999934439999994,
                                            "extra_info": {
                                                "Join Type": "RIGHT",
                                                "Conditions": "postid = id",
                                                "Estimated Cardinality": "6372046"
                                            },
                                            "cumulative_cardinality": 30743833,
                                            "operator_type": "HASH_JOIN",
                                            "operator_cardinality": 9907,
                                            "cumulative_rows_scanned": 17854919,
                                            "operator_rows_scanned": 0,
                                            "operator_timing": 0.03631363199999998,
                                            "result_set_size": 911444,
                                            "children": [
                                                {
                                                    "operator_name": "HASH_GROUP_BY",
                                                    "cpu_time": 0.9034698669999995,
                                                    "extra_info": {
                                                        "Groups": "#0",
                                                        "Aggregates": [
                                                            "sum(#1)",
                                                            "sum(#2)"
                                                        ],
                                                        "Estimated Cardinality": "6372046"
                                                    },
                                                    "cumulative_cardinality": 29453413,
                                                    "operator_type": "HASH_GROUP_BY",
                                                    "operator_cardinality": 3965227,
                                                    "cumulative_rows_scanned": 12744093,
                                                    "operator_rows_scanned": 0,
                                                    "operator_timing": 0.6674394859999992,
                                                    "result_set_size": 142748172,
                                                    "children": [
                                                        {
                                                            "operator_name": "PROJECTION",
                                                            "cpu_time": 0.2360303810000003,
                                                            "extra_info": {
                                                                "Projections": [
                                                                    "postid",
                                                                    "CASE  WHEN ((votetypeid = 2)) THEN (1) ELSE 0 END",
                                                                    "CASE  WHEN ((votetypeid = 3)) THEN (1) ELSE 0 END"
                                                                ],
                                                                "Estimated Cardinality": "12744093"
                                                            },
                                                            "cumulative_cardinality": 25488186,
                                                            "operator_type": "PROJECTION",
                                                            "operator_cardinality": 12744093,
                                                            "cumulative_rows_scanned": 12744093,
                                                            "operator_rows_scanned": 0,
                                                            "operator_timing": 0.10213560700000024,
                                                            "result_set_size": 152929116,
                                                            "children": [
                                                                {
                                                                    "operator_name": "READ_PARQUET ",
                                                                    "cpu_time": 0.13389477400000005,
                                                                    "extra_info": {
                                                                        "Function": "READ_PARQUET",
                                                                        "Projections": [
                                                                            "postid",
                                                                            "votetypeid"
                                                                        ],
                                                                        "Estimated Cardinality": "12744093"
                                                                    },
                                                                    "cumulative_cardinality": 12744093,
                                                                    "operator_type": "TABLE_SCAN",
                                                                    "operator_cardinality": 12744093,
                                                                    "cumulative_rows_scanned": 12744093,
                                                                    "operator_rows_scanned": 12744093,
                                                                    "operator_timing": 0.13389477400000005,
                                                                    "result_set_size": 76464558,
                                                                    "children": []
                                                                }
                                                            ]
                                                        }
                                                    ]
                                                },
                                                {
                                                    "operator_name": "HASH_JOIN",
                                                    "cpu_time": 0.160209945,
                                                    "extra_info": {
                                                        "Join Type": "INNER",
                                                        "Conditions": "id = owneruserid",
                                                        "Estimated Cardinality": "770023"
                                                    },
                                                    "cumulative_cardinality": 1280513,
                                                    "operator_type": "HASH_JOIN",
                                                    "operator_cardinality": 9907,
                                                    "cumulative_rows_scanned": 5110826,
                                                    "operator_rows_scanned": 0,
                                                    "operator_timing": 0.010440836000000016,
                                                    "result_set_size": 554792,
                                                    "children": [
                                                        {
                                                            "operator_name": "READ_PARQUET ",
                                                            "cpu_time": 0.09255404599999996,
                                                            "extra_info": {
                                                                "Function": "READ_PARQUET",
                                                                "Projections": [
                                                                    "id",
                                                                    "reputation",
                                                                    "displayname"
                                                                ],
                                                                "Filters": "id<=1416539",
                                                                "Estimated Cardinality": "1260710"
                                                            },
                                                            "cumulative_cardinality": 1260679,
                                                            "operator_type": "TABLE_SCAN",
                                                            "operator_cardinality": 1260679,
                                                            "cumulative_rows_scanned": 1260710,
                                                            "operator_rows_scanned": 1260710,
                                                            "operator_timing": 0.09255404599999996,
                                                            "result_set_size": 30256296,
                                                            "children": []
                                                        },
                                                        {
                                                            "operator_name": "READ_PARQUET ",
                                                            "cpu_time": 0.057215063000000004,
                                                            "extra_info": {
                                                                "Function": "READ_PARQUET",
                                                                "Projections": [
                                                                    "id",
                                                                    "creationdate",
                                                                    "owneruserid",
                                                                    "title"
                                                                ],
                                                                "Filters": "creationdate>='2024-09-01 12:34:56'::TIMESTAMP",
                                                                "Estimated Cardinality": "770023"
                                                            },
                                                            "cumulative_cardinality": 9927,
                                                            "operator_type": "TABLE_SCAN",
                                                            "operator_cardinality": 9927,
                                                            "cumulative_rows_scanned": 3850116,
                                                            "operator_rows_scanned": 3850116,
                                                            "operator_timing": 0.057215063000000004,
                                                            "result_set_size": 317664,
                                                            "children": []
                                                        }
                                                    ]
                                                }
                                            ]
                                        },
                                        {
                                            "operator_name": "HASH_GROUP_BY",
                                            "cpu_time": 0.29202996300000045,
                                            "extra_info": {
                                                "Groups": "#0",
                                                "Aggregates": "count_star()",
                                                "Estimated Cardinality": "3620911"
                                            },
                                            "cumulative_cardinality": 16647316,
                                            "operator_type": "HASH_GROUP_BY",
                                            "operator_cardinality": 2163672,
                                            "cumulative_rows_scanned": 7241822,
                                            "operator_rows_scanned": 0,
                                            "operator_timing": 0.25291323400000043,
                                            "result_set_size": 25964064,
                                            "children": [
                                                {
                                                    "operator_name": "PROJECTION",
                                                    "cpu_time": 0.039116729000000024,
                                                    "extra_info": {
                                                        "Projections": "postid",
                                                        "Estimated Cardinality": "7241822"
                                                    },
                                                    "cumulative_cardinality": 14483644,
                                                    "operator_type": "PROJECTION",
                                                    "operator_cardinality": 7241822,
                                                    "cumulative_rows_scanned": 7241822,
                                                    "operator_rows_scanned": 0,
                                                    "operator_timing": 0.00043376099999999405,
                                                    "result_set_size": 28967288,
                                                    "children": [
                                                        {
                                                            "operator_name": "READ_PARQUET ",
                                                            "cpu_time": 0.03868296800000003,
                                                            "extra_info": {
                                                                "Function": "READ_PARQUET",
                                                                "Projections": "postid",
                                                                "Estimated Cardinality": "7241822"
                                                            },
                                                            "cumulative_cardinality": 7241822,
                                                            "operator_type": "TABLE_SCAN",
                                                            "operator_cardinality": 7241822,
                                                            "cumulative_rows_scanned": 7241822,
                                                            "operator_rows_scanned": 7241822,
                                                            "operator_timing": 0.03868296800000003,
                                                            "result_set_size": 28967288,
                                                            "children": []
                                                        }
                                                    ]
                                                }
                                            ]
                                        }
                                    ]
                                }
                            ]
                        }
                    ]
                }
            ]
        }
    ]
}