{
    "rows_returned": 1260710,
    "query_name": "SELECT \n    u.Id AS UserId,\n    u.DisplayName,\n    u.Reputation,\n    COUNT(DISTINCT p.Id) AS TotalPosts,\n    COUNT(DISTINCT c.Id) AS TotalComments,\n    COUNT(DISTINCT v.Id) AS TotalVotes,\n    COUNT(DISTINCT b.Id) AS TotalBadges\nFROM \n    Users u\nLEFT JOIN \n    Posts p ON u.Id = p.OwnerUserId AND p.CreationDate >= cast('2024-10-01 12:34:56' as timestamp) - INTERVAL '1 year'\nLEFT JOIN \n    Comments c ON u.Id = c.UserId AND c.CreationDate >= cast('2024-10-01 12:34:56' as timestamp) - INTERVAL '1 year'\nLEFT JOIN \n    Votes v ON u.Id = v.UserId AND v.CreationDate >= cast('2024-10-01 12:34:56' as timestamp) - INTERVAL '1 year'\nLEFT JOIN \n    Badges b ON u.Id = b.UserId AND b.Date >= cast('2024-10-01 12:34:56' as timestamp) - INTERVAL '1 year'\nGROUP BY \n    u.Id, u.DisplayName, u.Reputation\nORDER BY \n    u.Reputation DESC;",
    "blocked_thread_time": 0.0,
    "cpu_time": 184.86413711399442,
    "extra_info": {},
    "cumulative_cardinality": 3364604466,
    "cumulative_rows_scanned": 27418465,
    "result_set_size": 70599760,
    "latency": 192.029664318,
    "children": [
        {
            "operator_name": "ORDER_BY",
            "cpu_time": 184.86413711399442,
            "extra_info": {
                "Order By": "u.Reputation DESC"
            },
            "cumulative_cardinality": 3364604466,
            "operator_type": "ORDER_BY",
            "operator_cardinality": 1260710,
            "cumulative_rows_scanned": 27418465,
            "operator_rows_scanned": 0,
            "operator_timing": 0.06126988400000002,
            "result_set_size": 70599760,
            "children": [
                {
                    "operator_name": "HASH_GROUP_BY",
                    "cpu_time": 184.8028672299944,
                    "extra_info": {
                        "Groups": [
                            "#0",
                            "#1",
                            "#2"
                        ],
                        "Aggregates": [
                            "count(DISTINCT #3)",
                            "count(DISTINCT #4)",
                            "count(DISTINCT #5)",
                            "count(DISTINCT #6)"
                        ],
                        "Estimated Cardinality": "1260710"
                    },
                    "cumulative_cardinality": 3363343756,
                    "operator_type": "HASH_GROUP_BY",
                    "operator_cardinality": 1260710,
                    "cumulative_rows_scanned": 27418465,
                    "operator_rows_scanned": 0,
                    "operator_timing": 169.30364592599338,
                    "result_set_size": 70599760,
                    "children": [
                        {
                            "operator_name": "PROJECTION",
                            "cpu_time": 15.499221304001038,
                            "extra_info": {
                                "Projections": [
                                    "id",
                                    "displayname",
                                    "reputation",
                                    "id",
                                    "id",
                                    "id",
                                    "id"
                                ],
                                "Estimated Cardinality": "2548818"
                            },
                            "cumulative_cardinality": 3362083046,
                            "operator_type": "PROJECTION",
                            "operator_cardinality": 1641119386,
                            "cumulative_rows_scanned": 27418465,
                            "operator_rows_scanned": 0,
                            "operator_timing": 0.25776748700030194,
                            "result_set_size": 65644775440,
                            "children": [
                                {
                                    "operator_name": "HASH_JOIN",
                                    "cpu_time": 15.241453817000735,
                                    "extra_info": {
                                        "Join Type": "LEFT",
                                        "Conditions": "id = userid",
                                        "Estimated Cardinality": "2548818"
                                    },
                                    "cumulative_cardinality": 1720963660,
                                    "operator_type": "HASH_JOIN",
                                    "operator_cardinality": 1641119386,
                                    "cumulative_rows_scanned": 27418465,
                                    "operator_rows_scanned": 0,
                                    "operator_timing": 9.947508870000734,
                                    "result_set_size": 65644775440,
                                    "children": [
                                        {
                                            "operator_name": "HASH_JOIN",
                                            "cpu_time": 5.231241854000002,
                                            "extra_info": {
                                                "Join Type": "RIGHT",
                                                "Conditions": "userid = id",
                                                "Estimated Cardinality": "2548818"
                                            },
                                            "cumulative_cardinality": 79680833,
                                            "operator_type": "HASH_JOIN",
                                            "operator_cardinality": 49657752,
                                            "cumulative_rows_scanned": 25096741,
                                            "operator_rows_scanned": 0,
                                            "operator_timing": 3.1549450109999992,
                                            "result_set_size": 1787679072,
                                            "children": [
                                                {
                                                    "operator_name": "READ_PARQUET ",
                                                    "cpu_time": 0.21678615500000023,
                                                    "extra_info": {
                                                        "Function": "READ_PARQUET",
                                                        "Projections": [
                                                            "id",
                                                            "userid"
                                                        ],
                                                        "Filters": "creationdate>='2023-10-01 12:34:56'::TIMESTAMP",
                                                        "Estimated Cardinality": "2548818"
                                                    },
                                                    "cumulative_cardinality": 2532,
                                                    "operator_type": "TABLE_SCAN",
                                                    "operator_cardinality": 2532,
                                                    "cumulative_rows_scanned": 12744093,
                                                    "operator_rows_scanned": 12744093,
                                                    "operator_timing": 0.21678615500000023,
                                                    "result_set_size": 20256,
                                                    "children": []
                                                },
                                                {
                                                    "operator_name": "HASH_JOIN",
                                                    "cpu_time": 1.859510688000002,
                                                    "extra_info": {
                                                        "Join Type": "LEFT",
                                                        "Conditions": "id = userid",
                                                        "Estimated Cardinality": "1448364"
                                                    },
                                                    "cumulative_cardinality": 30020549,
                                                    "operator_type": "HASH_JOIN",
                                                    "operator_cardinality": 26931199,
                                                    "cumulative_rows_scanned": 12352648,
                                                    "operator_rows_scanned": 0,
                                                    "operator_timing": 0.4025445589999976,
                                                    "result_set_size": 861798368,
                                                    "children": [
                                                        {
                                                            "operator_name": "HASH_JOIN",
                                                            "cpu_time": 0.1919385379999999,
                                                            "extra_info": {
                                                                "Join Type": "LEFT",
                                                                "Conditions": "id = owneruserid",
                                                                "Estimated Cardinality": "1260710"
                                                            },
                                                            "cumulative_cardinality": 2778160,
                                                            "operator_type": "HASH_JOIN",
                                                            "operator_cardinality": 1371908,
                                                            "cumulative_rows_scanned": 5110826,
                                                            "operator_rows_scanned": 0,
                                                            "operator_timing": 0.05127399899999995,
                                                            "result_set_size": 38413424,
                                                            "children": [
                                                                {
                                                                    "operator_name": "READ_PARQUET ",
                                                                    "cpu_time": 0.10450002199999996,
                                                                    "extra_info": {
                                                                        "Function": "READ_PARQUET",
                                                                        "Projections": [
                                                                            "id",
                                                                            "reputation",
                                                                            "displayname"
                                                                        ],
                                                                        "Estimated Cardinality": "1260710"
                                                                    },
                                                                    "cumulative_cardinality": 1260710,
                                                                    "operator_type": "TABLE_SCAN",
                                                                    "operator_cardinality": 1260710,
                                                                    "cumulative_rows_scanned": 1260710,
                                                                    "operator_rows_scanned": 1260710,
                                                                    "operator_timing": 0.10450002199999996,
                                                                    "result_set_size": 30257040,
                                                                    "children": []
                                                                },
                                                                {
                                                                    "operator_name": "READ_PARQUET ",
                                                                    "cpu_time": 0.03616451700000001,
                                                                    "extra_info": {
                                                                        "Function": "READ_PARQUET",
                                                                        "Projections": [
                                                                            "id",
                                                                            "owneruserid"
                                                                        ],
                                                                        "Filters": "creationdate>='2023-10-01 12:34:56'::TIMESTAMP",
                                                                        "Estimated Cardinality": "770023"
                                                                    },
                                                                    "cumulative_cardinality": 145542,
                                                                    "operator_type": "TABLE_SCAN",
                                                                    "operator_cardinality": 145542,
                                                                    "cumulative_rows_scanned": 3850116,
                                                                    "operator_rows_scanned": 3850116,
                                                                    "operator_timing": 0.03616451700000001,
                                                                    "result_set_size": 1164336,
                                                                    "children": []
                                                                }
                                                            ]
                                                        },
                                                        {
                                                            "operator_name": "READ_PARQUET ",
                                                            "cpu_time": 1.2650275910000046,
                                                            "extra_info": {
                                                                "Function": "READ_PARQUET",
                                                                "Projections": [
                                                                    "id",
                                                                    "userid"
                                                                ],
                                                                "Filters": "creationdate>='2023-10-01 12:34:56'::TIMESTAMP",
                                                                "Estimated Cardinality": "1448364"
                                                            },
                                                            "cumulative_cardinality": 311190,
                                                            "operator_type": "TABLE_SCAN",
                                                            "operator_cardinality": 311190,
                                                            "cumulative_rows_scanned": 7241822,
                                                            "operator_rows_scanned": 7241822,
                                                            "operator_timing": 1.2650275910000046,
                                                            "result_set_size": 2489520,
                                                            "children": []
                                                        }
                                                    ]
                                                }
                                            ]
                                        },
                                        {
                                            "operator_name": "READ_PARQUET ",
                                            "cpu_time": 0.06270309300000002,
                                            "extra_info": {
                                                "Function": "READ_PARQUET",
                                                "Projections": [
                                                    "id",
                                                    "userid"
                                                ],
                                                "Filters": "date>='2023-10-01 12:34:56'::TIMESTAMP",
                                                "Estimated Cardinality": "464344"
                                            },
                                            "cumulative_cardinality": 163441,
                                            "operator_type": "TABLE_SCAN",
                                            "operator_cardinality": 163441,
                                            "cumulative_rows_scanned": 2321724,
                                            "operator_rows_scanned": 2321724,
                                            "operator_timing": 0.06270309300000002,
                                            "result_set_size": 1307528,
                                            "children": []
                                        }
                                    ]
                                }
                            ]
                        }
                    ]
                }
            ]
        }
    ]
}