{
    "rows_returned": 7,
    "query_name": "SELECT \n    pt.Name AS PostType,\n    COUNT(p.Id) AS TotalPosts,\n    COUNT(a.Id) AS TotalAnswers,\n    SUM(COALESCE(c.CommentCount, 0)) AS TotalComments,\n    SUM(COALESCE(v.VoteCount, 0)) AS TotalVotes,\n    AVG(p.Score) AS AverageScore\nFROM \n    Posts p\nJOIN \n    PostTypes pt ON p.PostTypeId = pt.Id\nLEFT JOIN \n    Posts a ON p.Id = a.ParentId AND a.PostTypeId = 2 \nLEFT JOIN \n    (SELECT \n        PostId, COUNT(*) AS CommentCount \n     FROM \n        Comments \n     GROUP BY \n        PostId) c ON p.Id = c.PostId\nLEFT JOIN \n    (SELECT \n        PostId, COUNT(*) AS VoteCount \n     FROM \n        Votes \n     GROUP BY \n        PostId) v ON p.Id = v.PostId\nGROUP BY \n    pt.Name\nORDER BY \n    TotalPosts DESC;",
    "blocked_thread_time": 0.0,
    "cpu_time": 2.4975388580000013,
    "extra_info": {},
    "cumulative_cardinality": 84015303,
    "cumulative_rows_scanned": 27686155,
    "result_set_size": 504,
    "latency": 2.746747229,
    "children": [
        {
            "operator_name": "ORDER_BY",
            "cpu_time": 2.4975388580000013,
            "extra_info": {
                "Order By": "count(p.Id) DESC"
            },
            "cumulative_cardinality": 84015303,
            "operator_type": "ORDER_BY",
            "operator_cardinality": 7,
            "cumulative_rows_scanned": 27686155,
            "operator_rows_scanned": 0,
            "operator_timing": 0.000027681,
            "result_set_size": 504,
            "children": [
                {
                    "operator_name": "HASH_GROUP_BY",
                    "cpu_time": 2.497511177000001,
                    "extra_info": {
                        "Groups": "#0",
                        "Aggregates": [
                            "count_star()",
                            "count(#1)",
                            "sum(#2)",
                            "sum(#3)",
                            "avg(#4)"
                        ],
                        "Estimated Cardinality": "3850116"
                    },
                    "cumulative_cardinality": 84015296,
                    "operator_type": "HASH_GROUP_BY",
                    "operator_cardinality": 7,
                    "cumulative_rows_scanned": 27686155,
                    "operator_rows_scanned": 0,
                    "operator_timing": 0.12244054099999993,
                    "result_set_size": 504,
                    "children": [
                        {
                            "operator_name": "PROJECTION",
                            "cpu_time": 2.375070636000001,
                            "extra_info": {
                                "Projections": [
                                    "name",
                                    "id",
                                    "COALESCE(CommentCount, 0)",
                                    "COALESCE(VoteCount, 0)",
                                    "score"
                                ],
                                "Estimated Cardinality": "6372046"
                            },
                            "cumulative_cardinality": 84015289,
                            "operator_type": "PROJECTION",
                            "operator_cardinality": 4672838,
                            "cumulative_rows_scanned": 27686155,
                            "operator_rows_scanned": 0,
                            "operator_timing": 0.08568407000000008,
                            "result_set_size": 186913520,
                            "children": [
                                {
                                    "operator_name": "PROJECTION",
                                    "cpu_time": 2.289386566000001,
                                    "extra_info": {
                                        "Projections": [
                                            "#0",
                                            "#1",
                                            "__internal_decompress_integral_integer(#2, -72)",
                                            "#3",
                                            "#4",
                                            "#5"
                                        ],
                                        "Estimated Cardinality": "6372046"
                                    },
                                    "cumulative_cardinality": 79342451,
                                    "operator_type": "PROJECTION",
                                    "operator_cardinality": 4672838,
                                    "cumulative_rows_scanned": 27686155,
                                    "operator_rows_scanned": 0,
                                    "operator_timing": 0.0024200250000000045,
                                    "result_set_size": 205604872,
                                    "children": [
                                        {
                                            "operator_name": "HASH_JOIN",
                                            "cpu_time": 2.286966541000001,
                                            "extra_info": {
                                                "Join Type": "RIGHT",
                                                "Conditions": "postid = id",
                                                "Estimated Cardinality": "6372046"
                                            },
                                            "cumulative_cardinality": 74669613,
                                            "operator_type": "HASH_JOIN",
                                            "operator_cardinality": 4672838,
                                            "cumulative_rows_scanned": 27686155,
                                            "operator_rows_scanned": 0,
                                            "operator_timing": 0.6018342939999992,
                                            "result_set_size": 196259196,
                                            "children": [
                                                {
                                                    "operator_name": "HASH_GROUP_BY",
                                                    "cpu_time": 0.6042932950000011,
                                                    "extra_info": {
                                                        "Groups": "#0",
                                                        "Aggregates": "count_star()",
                                                        "Estimated Cardinality": "6372046"
                                                    },
                                                    "cumulative_cardinality": 29453413,
                                                    "operator_type": "HASH_GROUP_BY",
                                                    "operator_cardinality": 3965227,
                                                    "cumulative_rows_scanned": 12744093,
                                                    "operator_rows_scanned": 0,
                                                    "operator_timing": 0.5255747110000006,
                                                    "result_set_size": 47582724,
                                                    "children": [
                                                        {
                                                            "operator_name": "PROJECTION",
                                                            "cpu_time": 0.07871858400000041,
                                                            "extra_info": {
                                                                "Projections": "postid",
                                                                "Estimated Cardinality": "12744093"
                                                            },
                                                            "cumulative_cardinality": 25488186,
                                                            "operator_type": "PROJECTION",
                                                            "operator_cardinality": 12744093,
                                                            "cumulative_rows_scanned": 12744093,
                                                            "operator_rows_scanned": 0,
                                                            "operator_timing": 0.0007212620000000001,
                                                            "result_set_size": 50976372,
                                                            "children": [
                                                                {
                                                                    "operator_name": "READ_PARQUET ",
                                                                    "cpu_time": 0.07799732200000041,
                                                                    "extra_info": {
                                                                        "Function": "READ_PARQUET",
                                                                        "Projections": "postid",
                                                                        "Estimated Cardinality": "12744093"
                                                                    },
                                                                    "cumulative_cardinality": 12744093,
                                                                    "operator_type": "TABLE_SCAN",
                                                                    "operator_cardinality": 12744093,
                                                                    "cumulative_rows_scanned": 12744093,
                                                                    "operator_rows_scanned": 12744093,
                                                                    "operator_timing": 0.07799732200000041,
                                                                    "result_set_size": 50976372,
                                                                    "children": []
                                                                }
                                                            ]
                                                        }
                                                    ]
                                                },
                                                {
                                                    "operator_name": "PROJECTION",
                                                    "cpu_time": 1.0808389520000006,
                                                    "extra_info": {
                                                        "Projections": [
                                                            "#0",
                                                            "__internal_compress_integral_usmallint(#1, -72)",
                                                            "#2",
                                                            "#3",
                                                            "#4"
                                                        ],
                                                        "Estimated Cardinality": "3850116"
                                                    },
                                                    "cumulative_cardinality": 40543362,
                                                    "operator_type": "PROJECTION",
                                                    "operator_cardinality": 4672838,
                                                    "cumulative_rows_scanned": 14942062,
                                                    "operator_rows_scanned": 0,
                                                    "operator_timing": 0.00792025999999995,
                                                    "result_set_size": 158876492,
                                                    "children": [
                                                        {
                                                            "operator_name": "HASH_JOIN",
                                                            "cpu_time": 1.0729186920000007,
                                                            "extra_info": {
                                                                "Join Type": "LEFT",
                                                                "Conditions": "id = postid",
                                                                "Estimated Cardinality": "3850116"
                                                            },
                                                            "cumulative_cardinality": 35870524,
                                                            "operator_type": "HASH_JOIN",
                                                            "operator_cardinality": 4672838,
                                                            "cumulative_rows_scanned": 14942062,
                                                            "operator_rows_scanned": 0,
                                                            "operator_timing": 0.2946110769999999,
                                                            "result_set_size": 168222168,
                                                            "children": [
                                                                {
                                                                    "operator_name": "HASH_JOIN",
                                                                    "cpu_time": 0.512104989000001,
                                                                    "extra_info": {
                                                                        "Join Type": "LEFT",
                                                                        "Conditions": "id = parentid",
                                                                        "Estimated Cardinality": "3850116"
                                                                    },
                                                                    "cumulative_cardinality": 14550370,
                                                                    "operator_type": "HASH_JOIN",
                                                                    "operator_cardinality": 4672838,
                                                                    "cumulative_rows_scanned": 7700240,
                                                                    "operator_rows_scanned": 0,
                                                                    "operator_timing": 0.29749390900000094,
                                                                    "result_set_size": 130839464,
                                                                    "children": [
                                                                        {
                                                                            "operator_name": "HASH_JOIN",
                                                                            "cpu_time": 0.09351709999999998,
                                                                            "extra_info": {
                                                                                "Join Type": "INNER",
                                                                                "Conditions": "posttypeid = id",
                                                                                "Estimated Cardinality": "3850116"
                                                                            },
                                                                            "cumulative_cardinality": 7700239,
                                                                            "operator_type": "HASH_JOIN",
                                                                            "operator_cardinality": 3850116,
                                                                            "cumulative_rows_scanned": 3850124,
                                                                            "operator_rows_scanned": 0,
                                                                            "operator_timing": 0.00837813,
                                                                            "result_set_size": 92402784,
                                                                            "children": [
                                                                                {
                                                                                    "operator_name": "READ_PARQUET ",
                                                                                    "cpu_time": 0.08473003599999998,
                                                                                    "extra_info": {
                                                                                        "Function": "READ_PARQUET",
                                                                                        "Projections": [
                                                                                            "id",
                                                                                            "posttypeid",
                                                                                            "score"
                                                                                        ],
                                                                                        "Estimated Cardinality": "3850116"
                                                                                    },
                                                                                    "cumulative_cardinality": 3850116,
                                                                                    "operator_type": "TABLE_SCAN",
                                                                                    "operator_cardinality": 3850116,
                                                                                    "cumulative_rows_scanned": 3850116,
                                                                                    "operator_rows_scanned": 3850116,
                                                                                    "operator_timing": 0.08473003599999998,
                                                                                    "result_set_size": 38501160,
                                                                                    "children": []
                                                                                },
                                                                                {
                                                                                    "operator_name": "READ_PARQUET ",
                                                                                    "cpu_time": 0.000408934,
                                                                                    "extra_info": {
                                                                                        "Function": "READ_PARQUET",
                                                                                        "Projections": [
                                                                                            "id",
                                                                                            "name"
                                                                                        ],
                                                                                        "Filters": "id<=7",
                                                                                        "Estimated Cardinality": "8"
                                                                                    },
                                                                                    "cumulative_cardinality": 7,
                                                                                    "operator_type": "TABLE_SCAN",
                                                                                    "operator_cardinality": 7,
                                                                                    "cumulative_rows_scanned": 8,
                                                                                    "operator_rows_scanned": 8,
                                                                                    "operator_timing": 0.000408934,
                                                                                    "result_set_size": 126,
                                                                                    "children": []
                                                                                }
                                                                            ]
                                                                        },
                                                                        {
                                                                            "operator_name": "READ_PARQUET ",
                                                                            "cpu_time": 0.12109398000000006,
                                                                            "extra_info": {
                                                                                "Function": "READ_PARQUET",
                                                                                "Projections": [
                                                                                    "id",
                                                                                    "parentid"
                                                                                ],
                                                                                "Filters": "posttypeid=2",
                                                                                "Estimated Cardinality": "770023"
                                                                            },
                                                                            "cumulative_cardinality": 2177293,
                                                                            "operator_type": "TABLE_SCAN",
                                                                            "operator_cardinality": 2177293,
                                                                            "cumulative_rows_scanned": 3850116,
                                                                            "operator_rows_scanned": 3850116,
                                                                            "operator_timing": 0.12109398000000006,
                                                                            "result_set_size": 17418344,
                                                                            "children": []
                                                                        }
                                                                    ]
                                                                },
                                                                {
                                                                    "operator_name": "HASH_GROUP_BY",
                                                                    "cpu_time": 0.2662026259999998,
                                                                    "extra_info": {
                                                                        "Groups": "#0",
                                                                        "Aggregates": "count_star()",
                                                                        "Estimated Cardinality": "3620911"
                                                                    },
                                                                    "cumulative_cardinality": 16647316,
                                                                    "operator_type": "HASH_GROUP_BY",
                                                                    "operator_cardinality": 2163672,
                                                                    "cumulative_rows_scanned": 7241822,
                                                                    "operator_rows_scanned": 0,
                                                                    "operator_timing": 0.22416434099999977,
                                                                    "result_set_size": 25964064,
                                                                    "children": [
                                                                        {
                                                                            "operator_name": "PROJECTION",
                                                                            "cpu_time": 0.042038284999999995,
                                                                            "extra_info": {
                                                                                "Projections": "postid",
                                                                                "Estimated Cardinality": "7241822"
                                                                            },
                                                                            "cumulative_cardinality": 14483644,
                                                                            "operator_type": "PROJECTION",
                                                                            "operator_cardinality": 7241822,
                                                                            "cumulative_rows_scanned": 7241822,
                                                                            "operator_rows_scanned": 0,
                                                                            "operator_timing": 0.00037670200000000637,
                                                                            "result_set_size": 28967288,
                                                                            "children": [
                                                                                {
                                                                                    "operator_name": "READ_PARQUET ",
                                                                                    "cpu_time": 0.04166158299999999,
                                                                                    "extra_info": {
                                                                                        "Function": "READ_PARQUET",
                                                                                        "Projections": "postid",
                                                                                        "Estimated Cardinality": "7241822"
                                                                                    },
                                                                                    "cumulative_cardinality": 7241822,
                                                                                    "operator_type": "TABLE_SCAN",
                                                                                    "operator_cardinality": 7241822,
                                                                                    "cumulative_rows_scanned": 7241822,
                                                                                    "operator_rows_scanned": 7241822,
                                                                                    "operator_timing": 0.04166158299999999,
                                                                                    "result_set_size": 28967288,
                                                                                    "children": []
                                                                                }
                                                                            ]
                                                                        }
                                                                    ]
                                                                }
                                                            ]
                                                        }
                                                    ]
                                                }
                                            ]
                                        }
                                    ]
                                }
                            ]
                        }
                    ]
                }
            ]
        }
    ]
}