{
    "rows_returned": 7320152,
    "query_name": "WITH PostStatistics AS (\n    SELECT \n        pt.Name AS PostType,\n        COUNT(p.Id) AS TotalPosts,\n        COUNT(CASE WHEN p.ViewCount IS NOT NULL THEN 1 END) AS PostsWithViews,\n        AVG(p.Score) AS AverageScore,\n        AVG(p.ViewCount) AS AverageViews,\n        SUM(CASE WHEN p.AcceptedAnswerId IS NOT NULL THEN 1 ELSE 0 END) AS QuestionsWithAcceptedAnswers\n    FROM \n        Posts p\n    JOIN \n        PostTypes pt ON p.PostTypeId = pt.Id\n    GROUP BY \n        pt.Name\n),\nUserStatistics AS (\n    SELECT \n        u.DisplayName,\n        COUNT(DISTINCT p.Id) AS TotalPostsByUser,\n        SUM(p.ViewCount) AS TotalViewsByUser,\n        SUM(p.Score) AS TotalScoreByUser,\n        AVG(p.Score) AS AverageScoreByUser\n    FROM \n        Users u\n    LEFT JOIN \n        Posts p ON u.Id = p.OwnerUserId\n    GROUP BY \n        u.DisplayName\n)\nSELECT \n    ps.PostType,\n    ps.TotalPosts,\n    ps.PostsWithViews,\n    ps.AverageScore,\n    ps.AverageViews,\n    ps.QuestionsWithAcceptedAnswers,\n    us.DisplayName,\n    us.TotalPostsByUser,\n    us.TotalViewsByUser,\n    us.TotalScoreByUser,\n    us.AverageScoreByUser\nFROM \n    PostStatistics ps\nFULL OUTER JOIN \n    UserStatistics us ON TRUE\nORDER BY \n    ps.TotalPosts DESC, us.TotalPostsByUser DESC;",
    "blocked_thread_time": 0.0,
    "cpu_time": 4.155462283999998,
    "extra_info": {},
    "cumulative_cardinality": 41331518,
    "cumulative_rows_scanned": 8960950,
    "result_set_size": 936979456,
    "latency": 18.285048101,
    "children": [
        {
            "operator_name": "ORDER_BY",
            "cpu_time": 4.155462283999998,
            "extra_info": {
                "Order By": [
                    "ps.TotalPosts DESC",
                    "us.TotalPostsByUser DESC"
                ]
            },
            "cumulative_cardinality": 41331518,
            "operator_type": "ORDER_BY",
            "operator_cardinality": 7320152,
            "cumulative_rows_scanned": 8960950,
            "operator_rows_scanned": 0,
            "operator_timing": 0.9149523419999979,
            "result_set_size": 936979456,
            "children": [
                {
                    "operator_name": "BLOCKWISE_NL_JOIN",
                    "cpu_time": 3.240509942,
                    "extra_info": {
                        "Join Type": "FULL",
                        "Condition": "true"
                    },
                    "cumulative_cardinality": 34011366,
                    "operator_type": "BLOCKWISE_NL_JOIN",
                    "operator_cardinality": 7320152,
                    "cumulative_rows_scanned": 8960950,
                    "operator_rows_scanned": 0,
                    "operator_timing": 0.06146802399999997,
                    "result_set_size": 936979456,
                    "children": [
                        {
                            "operator_name": "HASH_GROUP_BY",
                            "cpu_time": 0.3012291969999995,
                            "extra_info": {
                                "Groups": "#0",
                                "Aggregates": [
                                    "count_star()",
                                    "count(#1)",
                                    "avg(#2)",
                                    "avg(#3)",
                                    "sum(#4)"
                                ],
                                "Estimated Cardinality": "1925058"
                            },
                            "cumulative_cardinality": 11550362,
                            "operator_type": "HASH_GROUP_BY",
                            "operator_cardinality": 7,
                            "cumulative_rows_scanned": 3850124,
                            "operator_rows_scanned": 0,
                            "operator_timing": 0.12142402799999974,
                            "result_set_size": 448,
                            "children": [
                                {
                                    "operator_name": "PROJECTION",
                                    "cpu_time": 0.1798051689999998,
                                    "extra_info": {
                                        "Projections": [
                                            "name",
                                            "CASE  WHEN ((viewcount IS NOT NULL)) THEN (1) ELSE NULL END",
                                            "score",
                                            "viewcount",
                                            "CASE  WHEN ((acceptedanswerid IS NOT NULL)) THEN (1) ELSE 0 END"
                                        ],
                                        "Estimated Cardinality": "3850116"
                                    },
                                    "cumulative_cardinality": 11550355,
                                    "operator_type": "PROJECTION",
                                    "operator_cardinality": 3850116,
                                    "cumulative_rows_scanned": 3850124,
                                    "operator_rows_scanned": 0,
                                    "operator_timing": 0.03743479199999999,
                                    "result_set_size": 123203712,
                                    "children": [
                                        {
                                            "operator_name": "HASH_JOIN",
                                            "cpu_time": 0.1423703769999998,
                                            "extra_info": {
                                                "Join Type": "INNER",
                                                "Conditions": "posttypeid = id",
                                                "Estimated Cardinality": "3850116"
                                            },
                                            "cumulative_cardinality": 7700239,
                                            "operator_type": "HASH_JOIN",
                                            "operator_cardinality": 3850116,
                                            "cumulative_rows_scanned": 3850124,
                                            "operator_rows_scanned": 0,
                                            "operator_timing": 0.00790474100000002,
                                            "result_set_size": 107803248,
                                            "children": [
                                                {
                                                    "operator_name": "READ_PARQUET ",
                                                    "cpu_time": 0.13382469799999977,
                                                    "extra_info": {
                                                        "Function": "READ_PARQUET",
                                                        "Projections": [
                                                            "id",
                                                            "posttypeid",
                                                            "acceptedanswerid",
                                                            "score",
                                                            "viewcount"
                                                        ],
                                                        "Estimated Cardinality": "3850116"
                                                    },
                                                    "cumulative_cardinality": 3850116,
                                                    "operator_type": "TABLE_SCAN",
                                                    "operator_cardinality": 3850116,
                                                    "cumulative_rows_scanned": 3850116,
                                                    "operator_rows_scanned": 3850116,
                                                    "operator_timing": 0.13382469799999977,
                                                    "result_set_size": 69302088,
                                                    "children": []
                                                },
                                                {
                                                    "operator_name": "READ_PARQUET ",
                                                    "cpu_time": 0.000640938,
                                                    "extra_info": {
                                                        "Function": "READ_PARQUET",
                                                        "Projections": [
                                                            "id",
                                                            "name"
                                                        ],
                                                        "Filters": "id<=7",
                                                        "Estimated Cardinality": "8"
                                                    },
                                                    "cumulative_cardinality": 7,
                                                    "operator_type": "TABLE_SCAN",
                                                    "operator_cardinality": 7,
                                                    "cumulative_rows_scanned": 8,
                                                    "operator_rows_scanned": 8,
                                                    "operator_timing": 0.000640938,
                                                    "result_set_size": 126,
                                                    "children": []
                                                }
                                            ]
                                        }
                                    ]
                                }
                            ]
                        },
                        {
                            "operator_name": "HASH_GROUP_BY",
                            "cpu_time": 2.8778127210000006,
                            "extra_info": {
                                "Groups": "#0",
                                "Aggregates": [
                                    "count(DISTINCT #1)",
                                    "sum(#2)",
                                    "sum(#3)",
                                    "avg(#4)"
                                ],
                                "Estimated Cardinality": "1260710"
                            },
                            "cumulative_cardinality": 15140852,
                            "operator_type": "HASH_GROUP_BY",
                            "operator_cardinality": 1045736,
                            "cumulative_rows_scanned": 5110826,
                            "operator_rows_scanned": 0,
                            "operator_timing": 1.6505360430000007,
                            "result_set_size": 66927104,
                            "children": [
                                {
                                    "operator_name": "PROJECTION",
                                    "cpu_time": 1.2272766779999997,
                                    "extra_info": {
                                        "Projections": [
                                            "displayname",
                                            "id",
                                            "viewcount",
                                            "score",
                                            "score"
                                        ],
                                        "Estimated Cardinality": "3850116"
                                    },
                                    "cumulative_cardinality": 14095116,
                                    "operator_type": "PROJECTION",
                                    "operator_cardinality": 4574495,
                                    "cumulative_rows_scanned": 5110826,
                                    "operator_rows_scanned": 0,
                                    "operator_timing": 0.0016824940000000025,
                                    "result_set_size": 146383840,
                                    "children": [
                                        {
                                            "operator_name": "HASH_JOIN",
                                            "cpu_time": 1.2255941839999998,
                                            "extra_info": {
                                                "Join Type": "RIGHT",
                                                "Conditions": "owneruserid = id",
                                                "Estimated Cardinality": "3850116"
                                            },
                                            "cumulative_cardinality": 9520621,
                                            "operator_type": "HASH_JOIN",
                                            "operator_cardinality": 4574495,
                                            "cumulative_rows_scanned": 5110826,
                                            "operator_rows_scanned": 0,
                                            "operator_timing": 0.385912511,
                                            "result_set_size": 128085860,
                                            "children": [
                                                {
                                                    "operator_name": "READ_PARQUET ",
                                                    "cpu_time": 0.25807211599999985,
                                                    "extra_info": {
                                                        "Function": "READ_PARQUET",
                                                        "Projections": [
                                                            "id",
                                                            "score",
                                                            "viewcount",
                                                            "owneruserid"
                                                        ],
                                                        "Estimated Cardinality": "3850116"
                                                    },
                                                    "cumulative_cardinality": 3685416,
                                                    "operator_type": "TABLE_SCAN",
                                                    "operator_cardinality": 3685416,
                                                    "cumulative_rows_scanned": 3850116,
                                                    "operator_rows_scanned": 3850116,
                                                    "operator_timing": 0.25807211599999985,
                                                    "result_set_size": 58966656,
                                                    "children": []
                                                },
                                                {
                                                    "operator_name": "READ_PARQUET ",
                                                    "cpu_time": 0.5816095569999998,
                                                    "extra_info": {
                                                        "Function": "READ_PARQUET",
                                                        "Projections": [
                                                            "id",
                                                            "displayname"
                                                        ],
                                                        "Estimated Cardinality": "1260710"
                                                    },
                                                    "cumulative_cardinality": 1260710,
                                                    "operator_type": "TABLE_SCAN",
                                                    "operator_cardinality": 1260710,
                                                    "cumulative_rows_scanned": 1260710,
                                                    "operator_rows_scanned": 1260710,
                                                    "operator_timing": 0.5816095569999998,
                                                    "result_set_size": 25214200,
                                                    "children": []
                                                }
                                            ]
                                        }
                                    ]
                                }
                            ]
                        }
                    ]
                }
            ]
        }
    ]
}