{
    "rows_returned": 31,
    "query_name": "\nWITH Benchmark AS (\n    SELECT \n        PH.PostHistoryTypeId,\n        COUNT(PH.Id) AS ActionCount,\n        MIN(PH.CreationDate) AS FirstActionDate,\n        MAX(PH.CreationDate) AS LastActionDate,\n        EXTRACT(EPOCH FROM (MAX(PH.CreationDate) - MIN(PH.CreationDate))) AS DurationSeconds\n    FROM \n        PostHistory PH\n    GROUP BY \n        PH.PostHistoryTypeId\n)\n\nSELECT \n    PHT.Name AS ActionName,\n    B.ActionCount,\n    B.FirstActionDate,\n    B.LastActionDate,\n    B.DurationSeconds\nFROM \n    Benchmark B\nJOIN \n    PostHistoryTypes PHT ON B.PostHistoryTypeId = PHT.Id\nORDER BY \n    B.ActionCount DESC;\n",
    "blocked_thread_time": 0.0,
    "cpu_time": 0.3285703140000002,
    "extra_info": {},
    "cumulative_cardinality": 35385952,
    "cumulative_rows_scanned": 11795278,
    "result_set_size": 1488,
    "latency": 0.370741832,
    "children": [
        {
            "operator_name": "ORDER_BY",
            "cpu_time": 0.3285703140000002,
            "extra_info": {
                "Order By": "B.ActionCount DESC"
            },
            "cumulative_cardinality": 35385952,
            "operator_type": "ORDER_BY",
            "operator_cardinality": 31,
            "cumulative_rows_scanned": 11795278,
            "operator_rows_scanned": 0,
            "operator_timing": 0.000039573,
            "result_set_size": 1488,
            "children": [
                {
                    "operator_name": "PROJECTION",
                    "cpu_time": 0.3285307410000002,
                    "extra_info": {
                        "Projections": [
                            "ActionName",
                            "ActionCount",
                            "FirstActionDate",
                            "LastActionDate",
                            "DurationSeconds"
                        ],
                        "Estimated Cardinality": "5897622"
                    },
                    "cumulative_cardinality": 35385921,
                    "operator_type": "PROJECTION",
                    "operator_cardinality": 31,
                    "cumulative_rows_scanned": 11795278,
                    "operator_rows_scanned": 0,
                    "operator_timing": 2.5e-7,
                    "result_set_size": 1488,
                    "children": [
                        {
                            "operator_name": "HASH_JOIN",
                            "cpu_time": 0.3285304910000002,
                            "extra_info": {
                                "Join Type": "INNER",
                                "Conditions": "posthistorytypeid = id",
                                "Estimated Cardinality": "5897622"
                            },
                            "cumulative_cardinality": 35385890,
                            "operator_type": "HASH_JOIN",
                            "operator_cardinality": 31,
                            "cumulative_rows_scanned": 11795278,
                            "operator_rows_scanned": 0,
                            "operator_timing": 0.000149479,
                            "result_set_size": 1488,
                            "children": [
                                {
                                    "operator_name": "PROJECTION",
                                    "cpu_time": 0.3280672350000002,
                                    "extra_info": {
                                        "Projections": [
                                            "posthistorytypeid",
                                            "ActionCount",
                                            "FirstActionDate",
                                            "LastActionDate",
                                            "DurationSeconds"
                                        ],
                                        "Estimated Cardinality": "5897622"
                                    },
                                    "cumulative_cardinality": 35385825,
                                    "operator_type": "PROJECTION",
                                    "operator_cardinality": 31,
                                    "cumulative_rows_scanned": 11795244,
                                    "operator_rows_scanned": 0,
                                    "operator_timing": 0.000005189,
                                    "result_set_size": 1054,
                                    "children": [
                                        {
                                            "operator_name": "PROJECTION",
                                            "cpu_time": 0.32806204600000016,
                                            "extra_info": {
                                                "Projections": [
                                                    "__internal_decompress_integral_smallint(#0, 1)",
                                                    "#1",
                                                    "#2",
                                                    "#3"
                                                ],
                                                "Estimated Cardinality": "5897622"
                                            },
                                            "cumulative_cardinality": 35385794,
                                            "operator_type": "PROJECTION",
                                            "operator_cardinality": 31,
                                            "cumulative_rows_scanned": 11795244,
                                            "operator_rows_scanned": 0,
                                            "operator_timing": 0.000001362,
                                            "result_set_size": 806,
                                            "children": [
                                                {
                                                    "operator_name": "PERFECT_HASH_GROUP_BY",
                                                    "cpu_time": 0.32806068400000016,
                                                    "extra_info": {
                                                        "Groups": "#0",
                                                        "Aggregates": [
                                                            "count_star()",
                                                            "min(#1)",
                                                            "max(#2)"
                                                        ]
                                                    },
                                                    "cumulative_cardinality": 35385763,
                                                    "operator_type": "PERFECT_HASH_GROUP_BY",
                                                    "operator_cardinality": 31,
                                                    "cumulative_rows_scanned": 11795244,
                                                    "operator_rows_scanned": 0,
                                                    "operator_timing": 0.06996038299999983,
                                                    "result_set_size": 775,
                                                    "children": [
                                                        {
                                                            "operator_name": "PROJECTION",
                                                            "cpu_time": 0.2581003010000003,
                                                            "extra_info": {
                                                                "Projections": [
                                                                    "posthistorytypeid",
                                                                    "creationdate",
                                                                    "creationdate"
                                                                ],
                                                                "Estimated Cardinality": "11795244"
                                                            },
                                                            "cumulative_cardinality": 35385732,
                                                            "operator_type": "PROJECTION",
                                                            "operator_cardinality": 11795244,
                                                            "cumulative_rows_scanned": 11795244,
                                                            "operator_rows_scanned": 0,
                                                            "operator_timing": 0.0007863790000000035,
                                                            "result_set_size": 200519148,
                                                            "children": [
                                                                {
                                                                    "operator_name": "PROJECTION",
                                                                    "cpu_time": 0.2573139220000003,
                                                                    "extra_info": {
                                                                        "Projections": [
                                                                            "#0",
                                                                            "__internal_compress_integral_utinyint(#1, 1)",
                                                                            "#2"
                                                                        ],
                                                                        "Estimated Cardinality": "11795244"
                                                                    },
                                                                    "cumulative_cardinality": 23590488,
                                                                    "operator_type": "PROJECTION",
                                                                    "operator_cardinality": 11795244,
                                                                    "cumulative_rows_scanned": 11795244,
                                                                    "operator_rows_scanned": 0,
                                                                    "operator_timing": 0.0027034330000000094,
                                                                    "result_set_size": 153338172,
                                                                    "children": [
                                                                        {
                                                                            "operator_name": "READ_PARQUET ",
                                                                            "cpu_time": 0.2546104890000003,
                                                                            "extra_info": {
                                                                                "Function": "READ_PARQUET",
                                                                                "Projections": [
                                                                                    "id",
                                                                                    "posthistorytypeid",
                                                                                    "creationdate"
                                                                                ],
                                                                                "Estimated Cardinality": "11795244"
                                                                            },
                                                                            "cumulative_cardinality": 11795244,
                                                                            "operator_type": "TABLE_SCAN",
                                                                            "operator_cardinality": 11795244,
                                                                            "cumulative_rows_scanned": 11795244,
                                                                            "operator_rows_scanned": 11795244,
                                                                            "operator_timing": 0.2546104890000003,
                                                                            "result_set_size": 165133416,
                                                                            "children": []
                                                                        }
                                                                    ]
                                                                }
                                                            ]
                                                        }
                                                    ]
                                                }
                                            ]
                                        }
                                    ]
                                },
                                {
                                    "operator_name": "READ_PARQUET ",
                                    "cpu_time": 0.000313777,
                                    "extra_info": {
                                        "Function": "READ_PARQUET",
                                        "Projections": [
                                            "id",
                                            "name"
                                        ],
                                        "Estimated Cardinality": "34"
                                    },
                                    "cumulative_cardinality": 34,
                                    "operator_type": "TABLE_SCAN",
                                    "operator_cardinality": 34,
                                    "cumulative_rows_scanned": 34,
                                    "operator_rows_scanned": 34,
                                    "operator_timing": 0.000313777,
                                    "result_set_size": 612,
                                    "children": []
                                }
                            ]
                        }
                    ]
                }
            ]
        }
    ]
}