{
    "rows_returned": 7,
    "query_name": "SELECT \n    pt.Name AS PostType,\n    COUNT(p.Id) AS TotalPosts,\n    AVG(p.Score) AS AverageScore,\n    SUM(p.ViewCount) AS TotalViews,\n    COUNT(DISTINCT p.OwnerUserId) AS UniqueAuthors,\n    SUM(CASE WHEN p.AcceptedAnswerId IS NOT NULL THEN 1 ELSE 0 END) AS AcceptedAnswers,\n    MAX(p.LastActivityDate) AS MostRecentActivity\nFROM \n    Posts p\nJOIN \n    PostTypes pt ON p.PostTypeId = pt.Id\nGROUP BY \n    pt.Name\nORDER BY \n    TotalPosts DESC;",
    "blocked_thread_time": 0.0,
    "cpu_time": 1.6610079960000002,
    "extra_info": {},
    "cumulative_cardinality": 11550369,
    "cumulative_rows_scanned": 3850124,
    "result_set_size": 560,
    "latency": 1.71746101,
    "children": [
        {
            "operator_name": "ORDER_BY",
            "cpu_time": 1.6610079960000002,
            "extra_info": {
                "Order By": "count(p.Id) DESC"
            },
            "cumulative_cardinality": 11550369,
            "operator_type": "ORDER_BY",
            "operator_cardinality": 7,
            "cumulative_rows_scanned": 3850124,
            "operator_rows_scanned": 0,
            "operator_timing": 0.000035908,
            "result_set_size": 560,
            "children": [
                {
                    "operator_name": "HASH_GROUP_BY",
                    "cpu_time": 1.660972088,
                    "extra_info": {
                        "Groups": "#0",
                        "Aggregates": [
                            "count_star()",
                            "avg(#1)",
                            "sum(#2)",
                            "count(DISTINCT #3)",
                            "sum(#4)",
                            "max(#5)"
                        ],
                        "Estimated Cardinality": "1925058"
                    },
                    "cumulative_cardinality": 11550362,
                    "operator_type": "HASH_GROUP_BY",
                    "operator_cardinality": 7,
                    "cumulative_rows_scanned": 3850124,
                    "operator_rows_scanned": 0,
                    "operator_timing": 0.3804224750000004,
                    "result_set_size": 560,
                    "children": [
                        {
                            "operator_name": "PROJECTION",
                            "cpu_time": 1.2805496129999996,
                            "extra_info": {
                                "Projections": [
                                    "name",
                                    "score",
                                    "viewcount",
                                    "owneruserid",
                                    "CASE  WHEN ((acceptedanswerid IS NOT NULL)) THEN (1) ELSE 0 END",
                                    "lastactivitydate"
                                ],
                                "Estimated Cardinality": "3850116"
                            },
                            "cumulative_cardinality": 11550355,
                            "operator_type": "PROJECTION",
                            "operator_cardinality": 3850116,
                            "cumulative_rows_scanned": 3850124,
                            "operator_rows_scanned": 0,
                            "operator_timing": 0.02309262300000002,
                            "result_set_size": 154004640,
                            "children": [
                                {
                                    "operator_name": "HASH_JOIN",
                                    "cpu_time": 1.2574569899999997,
                                    "extra_info": {
                                        "Join Type": "INNER",
                                        "Conditions": "posttypeid = id",
                                        "Estimated Cardinality": "3850116"
                                    },
                                    "cumulative_cardinality": 7700239,
                                    "operator_type": "HASH_JOIN",
                                    "operator_cardinality": 3850116,
                                    "cumulative_rows_scanned": 3850124,
                                    "operator_rows_scanned": 0,
                                    "operator_timing": 0.025861639999999988,
                                    "result_set_size": 154004640,
                                    "children": [
                                        {
                                            "operator_name": "READ_PARQUET ",
                                            "cpu_time": 1.2312713159999997,
                                            "extra_info": {
                                                "Function": "READ_PARQUET",
                                                "Projections": [
                                                    "id",
                                                    "posttypeid",
                                                    "acceptedanswerid",
                                                    "score",
                                                    "viewcount",
                                                    "owneruserid",
                                                    "lastactivitydate"
                                                ],
                                                "Estimated Cardinality": "3850116"
                                            },
                                            "cumulative_cardinality": 3850116,
                                            "operator_type": "TABLE_SCAN",
                                            "operator_cardinality": 3850116,
                                            "cumulative_rows_scanned": 3850116,
                                            "operator_rows_scanned": 3850116,
                                            "operator_timing": 1.2312713159999997,
                                            "result_set_size": 115503480,
                                            "children": []
                                        },
                                        {
                                            "operator_name": "READ_PARQUET ",
                                            "cpu_time": 0.000324034,
                                            "extra_info": {
                                                "Function": "READ_PARQUET",
                                                "Projections": [
                                                    "id",
                                                    "name"
                                                ],
                                                "Filters": "id<=7",
                                                "Estimated Cardinality": "8"
                                            },
                                            "cumulative_cardinality": 7,
                                            "operator_type": "TABLE_SCAN",
                                            "operator_cardinality": 7,
                                            "cumulative_rows_scanned": 8,
                                            "operator_rows_scanned": 8,
                                            "operator_timing": 0.000324034,
                                            "result_set_size": 126,
                                            "children": []
                                        }
                                    ]
                                }
                            ]
                        }
                    ]
                }
            ]
        }
    ]
}