{
    "rows_returned": 7,
    "query_name": "SELECT \n    pt.Name AS PostType,\n    COUNT(p.Id) AS TotalPosts,\n    AVG(p.Score) AS AverageScore,\n    MAX(p.ViewCount) AS MaxViews,\n    COUNT(DISTINCT c.Id) AS TotalComments\nFROM \n    Posts p\nJOIN \n    PostTypes pt ON p.PostTypeId = pt.Id\nLEFT JOIN \n    Comments c ON p.Id = c.PostId\nGROUP BY \n    pt.Name\nORDER BY \n    TotalPosts DESC;",
    "blocked_thread_time": 0.0,
    "cpu_time": 2.061503751999995,
    "extra_info": {},
    "cumulative_cardinality": 45576989,
    "cumulative_rows_scanned": 11091946,
    "result_set_size": 308,
    "latency": 2.686418217,
    "children": [
        {
            "operator_name": "ORDER_BY",
            "cpu_time": 2.061503751999995,
            "extra_info": {
                "Order By": "count(p.Id) DESC"
            },
            "cumulative_cardinality": 45576989,
            "operator_type": "ORDER_BY",
            "operator_cardinality": 7,
            "cumulative_rows_scanned": 11091946,
            "operator_rows_scanned": 0,
            "operator_timing": 0.000025839,
            "result_set_size": 308,
            "children": [
                {
                    "operator_name": "HASH_GROUP_BY",
                    "cpu_time": 2.0614779129999947,
                    "extra_info": {
                        "Groups": "#0",
                        "Aggregates": [
                            "count_star()",
                            "avg(#1)",
                            "max(#2)",
                            "count(DISTINCT #3)"
                        ],
                        "Estimated Cardinality": "3850116"
                    },
                    "cumulative_cardinality": 45576982,
                    "operator_type": "HASH_GROUP_BY",
                    "operator_cardinality": 7,
                    "cumulative_rows_scanned": 11091946,
                    "operator_rows_scanned": 0,
                    "operator_timing": 1.183540402999998,
                    "result_set_size": 308,
                    "children": [
                        {
                            "operator_name": "PROJECTION",
                            "cpu_time": 0.8779375099999964,
                            "extra_info": {
                                "Projections": [
                                    "name",
                                    "score",
                                    "viewcount",
                                    "id"
                                ],
                                "Estimated Cardinality": "7241822"
                            },
                            "cumulative_cardinality": 45576975,
                            "operator_type": "PROJECTION",
                            "operator_cardinality": 8928266,
                            "cumulative_rows_scanned": 11091946,
                            "operator_rows_scanned": 0,
                            "operator_timing": 0.001225183999999995,
                            "result_set_size": 249991448,
                            "children": [
                                {
                                    "operator_name": "PROJECTION",
                                    "cpu_time": 0.8767123259999964,
                                    "extra_info": {
                                        "Projections": [
                                            "#0",
                                            "#1",
                                            "__internal_decompress_integral_integer(#2, -72)",
                                            "#3",
                                            "#4"
                                        ],
                                        "Estimated Cardinality": "7241822"
                                    },
                                    "cumulative_cardinality": 36648709,
                                    "operator_type": "PROJECTION",
                                    "operator_cardinality": 8928266,
                                    "cumulative_rows_scanned": 11091946,
                                    "operator_rows_scanned": 0,
                                    "operator_timing": 0.005829676999999989,
                                    "result_set_size": 285704512,
                                    "children": [
                                        {
                                            "operator_name": "HASH_JOIN",
                                            "cpu_time": 0.8708826489999963,
                                            "extra_info": {
                                                "Join Type": "RIGHT",
                                                "Conditions": "postid = id",
                                                "Estimated Cardinality": "7241822"
                                            },
                                            "cumulative_cardinality": 27720443,
                                            "operator_type": "HASH_JOIN",
                                            "operator_cardinality": 8928266,
                                            "cumulative_rows_scanned": 11091946,
                                            "operator_rows_scanned": 0,
                                            "operator_timing": 0.6167008829999963,
                                            "result_set_size": 267847980,
                                            "children": [
                                                {
                                                    "operator_name": "READ_PARQUET ",
                                                    "cpu_time": 0.12792811599999981,
                                                    "extra_info": {
                                                        "Function": "READ_PARQUET",
                                                        "Projections": [
                                                            "id",
                                                            "postid"
                                                        ],
                                                        "Estimated Cardinality": "7241822"
                                                    },
                                                    "cumulative_cardinality": 7241822,
                                                    "operator_type": "TABLE_SCAN",
                                                    "operator_cardinality": 7241822,
                                                    "cumulative_rows_scanned": 7241822,
                                                    "operator_rows_scanned": 7241822,
                                                    "operator_timing": 0.12792811599999981,
                                                    "result_set_size": 57934576,
                                                    "children": []
                                                },
                                                {
                                                    "operator_name": "PROJECTION",
                                                    "cpu_time": 0.1262536500000002,
                                                    "extra_info": {
                                                        "Projections": [
                                                            "#0",
                                                            "__internal_compress_integral_usmallint(#1, -72)",
                                                            "#2",
                                                            "#3"
                                                        ],
                                                        "Estimated Cardinality": "3850116"
                                                    },
                                                    "cumulative_cardinality": 11550355,
                                                    "operator_type": "PROJECTION",
                                                    "operator_cardinality": 3850116,
                                                    "cumulative_rows_scanned": 3850124,
                                                    "operator_rows_scanned": 0,
                                                    "operator_timing": 0.001517355000000002,
                                                    "result_set_size": 100103016,
                                                    "children": [
                                                        {
                                                            "operator_name": "HASH_JOIN",
                                                            "cpu_time": 0.12473629500000019,
                                                            "extra_info": {
                                                                "Join Type": "INNER",
                                                                "Conditions": "posttypeid = id",
                                                                "Estimated Cardinality": "3850116"
                                                            },
                                                            "cumulative_cardinality": 7700239,
                                                            "operator_type": "HASH_JOIN",
                                                            "operator_cardinality": 3850116,
                                                            "cumulative_rows_scanned": 3850124,
                                                            "operator_rows_scanned": 0,
                                                            "operator_timing": 0.008178602999999987,
                                                            "result_set_size": 107803248,
                                                            "children": [
                                                                {
                                                                    "operator_name": "READ_PARQUET ",
                                                                    "cpu_time": 0.1162114650000002,
                                                                    "extra_info": {
                                                                        "Function": "READ_PARQUET",
                                                                        "Projections": [
                                                                            "id",
                                                                            "posttypeid",
                                                                            "score",
                                                                            "viewcount"
                                                                        ],
                                                                        "Estimated Cardinality": "3850116"
                                                                    },
                                                                    "cumulative_cardinality": 3850116,
                                                                    "operator_type": "TABLE_SCAN",
                                                                    "operator_cardinality": 3850116,
                                                                    "cumulative_rows_scanned": 3850116,
                                                                    "operator_rows_scanned": 3850116,
                                                                    "operator_timing": 0.1162114650000002,
                                                                    "result_set_size": 53901624,
                                                                    "children": []
                                                                },
                                                                {
                                                                    "operator_name": "READ_PARQUET ",
                                                                    "cpu_time": 0.000346227,
                                                                    "extra_info": {
                                                                        "Function": "READ_PARQUET",
                                                                        "Projections": [
                                                                            "id",
                                                                            "name"
                                                                        ],
                                                                        "Filters": "id<=7",
                                                                        "Estimated Cardinality": "8"
                                                                    },
                                                                    "cumulative_cardinality": 7,
                                                                    "operator_type": "TABLE_SCAN",
                                                                    "operator_cardinality": 7,
                                                                    "cumulative_rows_scanned": 8,
                                                                    "operator_rows_scanned": 8,
                                                                    "operator_timing": 0.000346227,
                                                                    "result_set_size": 126,
                                                                    "children": []
                                                                }
                                                            ]
                                                        }
                                                    ]
                                                }
                                            ]
                                        }
                                    ]
                                }
                            ]
                        }
                    ]
                }
            ]
        }
    ]
}