{
    "rows_returned": 9927,
    "query_name": "WITH PostStats AS (\n    SELECT\n        p.Id AS PostId,\n        pt.Name AS PostType,\n        COUNT(v.Id) AS VoteCount,\n        COUNT(c.Id) AS CommentCount,\n        SUM(CASE WHEN v.VoteTypeId = 2 THEN 1 ELSE 0 END) AS UpVotes,\n        SUM(CASE WHEN v.VoteTypeId = 3 THEN 1 ELSE 0 END) AS DownVotes,\n        COUNT(b.Id) AS BadgeCount\n    FROM \n        Posts p\n    LEFT JOIN \n        PostTypes pt ON p.PostTypeId = pt.Id\n    LEFT JOIN \n        Votes v ON p.Id = v.PostId\n    LEFT JOIN \n        Comments c ON p.Id = c.PostId\n    LEFT JOIN \n        Badges b ON p.OwnerUserId = b.UserId\n    WHERE \n        p.CreationDate >= cast('2024-10-01 12:34:56' as timestamp) - INTERVAL '30 days'  \n    GROUP BY \n        p.Id, pt.Name\n)\nSELECT \n    PostId,\n    PostType,\n    VoteCount,\n    CommentCount,\n    UpVotes,\n    DownVotes,\n    BadgeCount\nFROM \n    PostStats\nORDER BY \n    VoteCount DESC, \n    CommentCount DESC;",
    "blocked_thread_time": 0.0,
    "cpu_time": 0.8619610929999998,
    "extra_info": {},
    "cumulative_cardinality": 23614770,
    "cumulative_rows_scanned": 26157763,
    "result_set_size": 754452,
    "latency": 0.953360032,
    "children": [
        {
            "operator_name": "ORDER_BY",
            "cpu_time": 0.8619610929999998,
            "extra_info": {
                "Order By": [
                    "PostStats.VoteCount DESC",
                    "PostStats.CommentCount DESC"
                ]
            },
            "cumulative_cardinality": 23614770,
            "operator_type": "ORDER_BY",
            "operator_cardinality": 9927,
            "cumulative_rows_scanned": 26157763,
            "operator_rows_scanned": 0,
            "operator_timing": 0.00046998600000000004,
            "result_set_size": 754452,
            "children": [
                {
                    "operator_name": "HASH_GROUP_BY",
                    "cpu_time": 0.8614911069999998,
                    "extra_info": {
                        "Groups": [
                            "#0",
                            "#1"
                        ],
                        "Aggregates": [
                            "count(#2)",
                            "count(#3)",
                            "sum(#4)",
                            "sum(#5)",
                            "count(#6)"
                        ],
                        "Estimated Cardinality": "3850116"
                    },
                    "cumulative_cardinality": 23604843,
                    "operator_type": "HASH_GROUP_BY",
                    "operator_cardinality": 9927,
                    "cumulative_rows_scanned": 26157763,
                    "operator_rows_scanned": 0,
                    "operator_timing": 0.17966422099999976,
                    "result_set_size": 754452,
                    "children": [
                        {
                            "operator_name": "PROJECTION",
                            "cpu_time": 0.681826886,
                            "extra_info": {
                                "Projections": [
                                    "id",
                                    "name",
                                    "id",
                                    "id",
                                    "CASE  WHEN ((votetypeid = 2)) THEN (1) ELSE 0 END",
                                    "CASE  WHEN ((votetypeid = 3)) THEN (1) ELSE 0 END",
                                    "id"
                                ],
                                "Estimated Cardinality": "12744093"
                            },
                            "cumulative_cardinality": 23594916,
                            "operator_type": "PROJECTION",
                            "operator_cardinality": 6944785,
                            "cumulative_rows_scanned": 26157763,
                            "operator_rows_scanned": 0,
                            "operator_timing": 0.033522275000000094,
                            "result_set_size": 277791400,
                            "children": [
                                {
                                    "operator_name": "HASH_JOIN",
                                    "cpu_time": 0.6483046109999999,
                                    "extra_info": {
                                        "Join Type": "LEFT",
                                        "Conditions": "owneruserid = userid",
                                        "Estimated Cardinality": "12744093"
                                    },
                                    "cumulative_cardinality": 16650131,
                                    "operator_type": "HASH_JOIN",
                                    "operator_cardinality": 6944785,
                                    "cumulative_rows_scanned": 26157763,
                                    "operator_rows_scanned": 0,
                                    "operator_timing": 0.16115802,
                                    "result_set_size": 236122690,
                                    "children": [
                                        {
                                            "operator_name": "HASH_JOIN",
                                            "cpu_time": 0.4650071159999999,
                                            "extra_info": {
                                                "Join Type": "LEFT",
                                                "Conditions": "id = postid",
                                                "Estimated Cardinality": "12744093"
                                            },
                                            "cumulative_cardinality": 7383622,
                                            "operator_type": "HASH_JOIN",
                                            "operator_cardinality": 69092,
                                            "cumulative_rows_scanned": 23836039,
                                            "operator_rows_scanned": 0,
                                            "operator_timing": 0.3409248619999999,
                                            "result_set_size": 2349128,
                                            "children": [
                                                {
                                                    "operator_name": "HASH_JOIN",
                                                    "cpu_time": 0.044319927,
                                                    "extra_info": {
                                                        "Join Type": "RIGHT",
                                                        "Conditions": "postid = id",
                                                        "Estimated Cardinality": "12744093"
                                                    },
                                                    "cumulative_cardinality": 72708,
                                                    "operator_type": "HASH_JOIN",
                                                    "operator_cardinality": 23952,
                                                    "cumulative_rows_scanned": 16594217,
                                                    "operator_rows_scanned": 0,
                                                    "operator_timing": 0.0017952089999999999,
                                                    "result_set_size": 718560,
                                                    "children": [
                                                        {
                                                            "operator_name": "READ_PARQUET ",
                                                            "cpu_time": 0.021048903,
                                                            "extra_info": {
                                                                "Function": "READ_PARQUET",
                                                                "Projections": [
                                                                    "id",
                                                                    "postid",
                                                                    "votetypeid"
                                                                ],
                                                                "Estimated Cardinality": "12744093"
                                                            },
                                                            "cumulative_cardinality": 28894,
                                                            "operator_type": "TABLE_SCAN",
                                                            "operator_cardinality": 28894,
                                                            "cumulative_rows_scanned": 12744093,
                                                            "operator_rows_scanned": 12744093,
                                                            "operator_timing": 0.021048903,
                                                            "result_set_size": 288940,
                                                            "children": []
                                                        },
                                                        {
                                                            "operator_name": "HASH_JOIN",
                                                            "cpu_time": 0.021475815000000002,
                                                            "extra_info": {
                                                                "Join Type": "LEFT",
                                                                "Conditions": "posttypeid = id",
                                                                "Estimated Cardinality": "770023"
                                                            },
                                                            "cumulative_cardinality": 19862,
                                                            "operator_type": "HASH_JOIN",
                                                            "operator_cardinality": 9927,
                                                            "cumulative_rows_scanned": 3850124,
                                                            "operator_rows_scanned": 0,
                                                            "operator_timing": 0.000822229,
                                                            "result_set_size": 238248,
                                                            "children": [
                                                                {
                                                                    "operator_name": "READ_PARQUET ",
                                                                    "cpu_time": 0.020352473000000003,
                                                                    "extra_info": {
                                                                        "Function": "READ_PARQUET",
                                                                        "Projections": [
                                                                            "id",
                                                                            "posttypeid",
                                                                            "owneruserid"
                                                                        ],
                                                                        "Filters": "creationdate>='2024-09-01 12:34:56'::TIMESTAMP",
                                                                        "Estimated Cardinality": "770023"
                                                                    },
                                                                    "cumulative_cardinality": 9927,
                                                                    "operator_type": "TABLE_SCAN",
                                                                    "operator_cardinality": 9927,
                                                                    "cumulative_rows_scanned": 3850116,
                                                                    "operator_rows_scanned": 3850116,
                                                                    "operator_timing": 0.020352473000000003,
                                                                    "result_set_size": 99270,
                                                                    "children": []
                                                                },
                                                                {
                                                                    "operator_name": "READ_PARQUET ",
                                                                    "cpu_time": 0.00030111300000000004,
                                                                    "extra_info": {
                                                                        "Function": "READ_PARQUET",
                                                                        "Projections": [
                                                                            "id",
                                                                            "name"
                                                                        ],
                                                                        "Estimated Cardinality": "8"
                                                                    },
                                                                    "cumulative_cardinality": 8,
                                                                    "operator_type": "TABLE_SCAN",
                                                                    "operator_cardinality": 8,
                                                                    "cumulative_rows_scanned": 8,
                                                                    "operator_rows_scanned": 8,
                                                                    "operator_timing": 0.00030111300000000004,
                                                                    "result_set_size": 144,
                                                                    "children": []
                                                                }
                                                            ]
                                                        }
                                                    ]
                                                },
                                                {
                                                    "operator_name": "READ_PARQUET ",
                                                    "cpu_time": 0.079762327,
                                                    "extra_info": {
                                                        "Function": "READ_PARQUET",
                                                        "Projections": [
                                                            "id",
                                                            "postid"
                                                        ],
                                                        "Estimated Cardinality": "7241822"
                                                    },
                                                    "cumulative_cardinality": 7241822,
                                                    "operator_type": "TABLE_SCAN",
                                                    "operator_cardinality": 7241822,
                                                    "cumulative_rows_scanned": 7241822,
                                                    "operator_rows_scanned": 7241822,
                                                    "operator_timing": 0.079762327,
                                                    "result_set_size": 57934576,
                                                    "children": []
                                                }
                                            ]
                                        },
                                        {
                                            "operator_name": "READ_PARQUET ",
                                            "cpu_time": 0.022139475,
                                            "extra_info": {
                                                "Function": "READ_PARQUET",
                                                "Projections": [
                                                    "id",
                                                    "userid"
                                                ],
                                                "Estimated Cardinality": "2321724"
                                            },
                                            "cumulative_cardinality": 2321724,
                                            "operator_type": "TABLE_SCAN",
                                            "operator_cardinality": 2321724,
                                            "cumulative_rows_scanned": 2321724,
                                            "operator_rows_scanned": 2321724,
                                            "operator_timing": 0.022139475,
                                            "result_set_size": 18573792,
                                            "children": []
                                        }
                                    ]
                                }
                            ]
                        }
                    ]
                }
            ]
        }
    ]
}