{
    "rows_returned": 135003,
    "query_name": "\nWITH UserAggregate AS (\n    SELECT \n        U.Id AS UserId,\n        COUNT(DISTINCT P.Id) AS PostCount,\n        SUM(CASE WHEN P.PostTypeId = 1 THEN 1 ELSE 0 END) AS QuestionCount,\n        SUM(CASE WHEN P.PostTypeId = 2 THEN 1 ELSE 0 END) AS AnswerCount,\n        SUM(COALESCE(V.BountyAmount, 0)) AS TotalBounties,\n        AVG(COALESCE(P.Score, 0)) AS AverageScore\n    FROM \n        Users U\n    LEFT JOIN \n        Posts P ON U.Id = P.OwnerUserId\n    LEFT JOIN \n        Votes V ON P.Id = V.PostId \n    GROUP BY \n        U.Id\n),\nPostAggregate AS (\n    SELECT \n        P.Id AS PostId,\n        P.Title,\n        P.CreationDate,\n        P.LastActivityDate,\n        P.ViewCount,\n        P.Score,\n        COALESCE(COUNT(C.Id), 0) AS CommentCount\n    FROM \n        Posts P\n    LEFT JOIN \n        Comments C ON P.Id = C.PostId\n    GROUP BY \n        P.Id, P.Title, P.CreationDate, P.LastActivityDate, P.ViewCount, P.Score\n),\nTopUsers AS (\n    SELECT \n        UA.UserId, \n        UA.PostCount, \n        UA.QuestionCount, \n        UA.AnswerCount, \n        UA.TotalBounties, \n        UA.AverageScore\n    FROM \n        UserAggregate UA\n    ORDER BY \n        UA.PostCount DESC\n    LIMIT 10\n)\nSELECT \n    TU.UserId,\n    TU.PostCount,\n    TU.QuestionCount,\n    TU.AnswerCount,\n    TU.TotalBounties,\n    TU.AverageScore,\n    PA.Title,\n    PA.CreationDate,\n    PA.LastActivityDate,\n    PA.ViewCount,\n    PA.Score,\n    PA.CommentCount\nFROM \n    TopUsers TU\nJOIN \n    Posts P ON TU.UserId = P.OwnerUserId\nJOIN \n    PostAggregate PA ON P.Id = PA.PostId\nORDER BY \n    TU.TotalBounties DESC, TU.AverageScore DESC;\n",
    "blocked_thread_time": 0.0,
    "cpu_time": 8.117176099000003,
    "extra_info": {},
    "cumulative_cardinality": 116147941,
    "cumulative_rows_scanned": 32796973,
    "result_set_size": 15660348,
    "latency": 9.827058782,
    "children": [
        {
            "operator_name": "PROJECTION",
            "cpu_time": 8.117176099000003,
            "extra_info": {
                "Projections": [
                    "#0",
                    "#1",
                    "#2",
                    "#3",
                    "#4",
                    "#5",
                    "#6",
                    "#7",
                    "#8",
                    "#9",
                    "__internal_decompress_integral_integer(#10, -72)",
                    "#11"
                ],
                "Estimated Cardinality": "30"
            },
            "cumulative_cardinality": 116147941,
            "operator_type": "PROJECTION",
            "operator_cardinality": 135003,
            "cumulative_rows_scanned": 32796973,
            "operator_rows_scanned": 0,
            "operator_timing": 0.00007576400000000003,
            "result_set_size": 15660348,
            "children": [
                {
                    "operator_name": "ORDER_BY",
                    "cpu_time": 8.117100335000003,
                    "extra_info": {
                        "Order By": [
                            "TU.TotalBounties DESC",
                            "TU.AverageScore DESC"
                        ]
                    },
                    "cumulative_cardinality": 116012938,
                    "operator_type": "ORDER_BY",
                    "operator_cardinality": 135003,
                    "cumulative_rows_scanned": 32796973,
                    "operator_rows_scanned": 0,
                    "operator_timing": 0.021208747000000003,
                    "result_set_size": 15390342,
                    "children": [
                        {
                            "operator_name": "PROJECTION",
                            "cpu_time": 8.095891588000004,
                            "extra_info": {
                                "Projections": [
                                    "#0",
                                    "#1",
                                    "#2",
                                    "#3",
                                    "#4",
                                    "#5",
                                    "#6",
                                    "#7",
                                    "#8",
                                    "#9",
                                    "__internal_compress_integral_usmallint(#10, -72)",
                                    "#11"
                                ],
                                "Estimated Cardinality": "30"
                            },
                            "cumulative_cardinality": 115877935,
                            "operator_type": "PROJECTION",
                            "operator_cardinality": 135003,
                            "cumulative_rows_scanned": 32796973,
                            "operator_rows_scanned": 0,
                            "operator_timing": 0.0018392990000000013,
                            "result_set_size": 15390342,
                            "children": [
                                {
                                    "operator_name": "PROJECTION",
                                    "cpu_time": 8.094052289000004,
                                    "extra_info": {
                                        "Projections": [
                                            "UserId",
                                            "PostCount",
                                            "QuestionCount",
                                            "AnswerCount",
                                            "TotalBounties",
                                            "AverageScore",
                                            "title",
                                            "creationdate",
                                            "lastactivitydate",
                                            "viewcount",
                                            "score",
                                            "CommentCount"
                                        ],
                                        "Estimated Cardinality": "30"
                                    },
                                    "cumulative_cardinality": 115742932,
                                    "operator_type": "PROJECTION",
                                    "operator_cardinality": 135003,
                                    "cumulative_rows_scanned": 32796973,
                                    "operator_rows_scanned": 0,
                                    "operator_timing": 0.0010680440000000002,
                                    "result_set_size": 15660348,
                                    "children": [
                                        {
                                            "operator_name": "HASH_JOIN",
                                            "cpu_time": 8.092984245000004,
                                            "extra_info": {
                                                "Join Type": "INNER",
                                                "Conditions": "PostId = id",
                                                "Estimated Cardinality": "30"
                                            },
                                            "cumulative_cardinality": 115607929,
                                            "operator_type": "HASH_JOIN",
                                            "operator_cardinality": 135003,
                                            "cumulative_rows_scanned": 32796973,
                                            "operator_rows_scanned": 0,
                                            "operator_timing": 0.07524748400000016,
                                            "result_set_size": 15660348,
                                            "children": [
                                                {
                                                    "operator_name": "PROJECTION",
                                                    "cpu_time": 5.1814035800000084,
                                                    "extra_info": {
                                                        "Projections": [
                                                            "PostId",
                                                            "title",
                                                            "creationdate",
                                                            "lastactivitydate",
                                                            "viewcount",
                                                            "score",
                                                            "CommentCount"
                                                        ],
                                                        "Estimated Cardinality": "3850116"
                                                    },
                                                    "cumulative_cardinality": 49376854,
                                                    "operator_type": "PROJECTION",
                                                    "operator_cardinality": 3846077,
                                                    "cumulative_rows_scanned": 11091938,
                                                    "operator_rows_scanned": 0,
                                                    "operator_timing": 0.03706596499999998,
                                                    "result_set_size": 199996004,
                                                    "children": [
                                                        {
                                                            "operator_name": "PROJECTION",
                                                            "cpu_time": 5.144337615000008,
                                                            "extra_info": {
                                                                "Projections": [
                                                                    "#0",
                                                                    "#1",
                                                                    "#2",
                                                                    "#3",
                                                                    "#4",
                                                                    "__internal_decompress_integral_integer(#5, -72)",
                                                                    "#6"
                                                                ],
                                                                "Estimated Cardinality": "3850116"
                                                            },
                                                            "cumulative_cardinality": 45530777,
                                                            "operator_type": "PROJECTION",
                                                            "operator_cardinality": 3846077,
                                                            "cumulative_rows_scanned": 11091938,
                                                            "operator_rows_scanned": 0,
                                                            "operator_timing": 0.0023449390000000003,
                                                            "result_set_size": 199996004,
                                                            "children": [
                                                                {
                                                                    "operator_name": "HASH_GROUP_BY",
                                                                    "cpu_time": 5.141992676000008,
                                                                    "extra_info": {
                                                                        "Groups": [
                                                                            "#0",
                                                                            "#1",
                                                                            "#2",
                                                                            "#3",
                                                                            "#4",
                                                                            "#5"
                                                                        ],
                                                                        "Aggregates": "count(#6)",
                                                                        "Estimated Cardinality": "3850116"
                                                                    },
                                                                    "cumulative_cardinality": 41684700,
                                                                    "operator_type": "HASH_GROUP_BY",
                                                                    "operator_cardinality": 3846077,
                                                                    "cumulative_rows_scanned": 11091938,
                                                                    "operator_rows_scanned": 0,
                                                                    "operator_timing": 1.812281356000009,
                                                                    "result_set_size": 192303850,
                                                                    "children": [
                                                                        {
                                                                            "operator_name": "PROJECTION",
                                                                            "cpu_time": 3.3297113199999986,
                                                                            "extra_info": {
                                                                                "Projections": [
                                                                                    "id",
                                                                                    "title",
                                                                                    "creationdate",
                                                                                    "lastactivitydate",
                                                                                    "viewcount",
                                                                                    "score",
                                                                                    "id"
                                                                                ],
                                                                                "Estimated Cardinality": "7241822"
                                                                            },
                                                                            "cumulative_cardinality": 37838623,
                                                                            "operator_type": "PROJECTION",
                                                                            "operator_cardinality": 8916908,
                                                                            "cumulative_rows_scanned": 11091938,
                                                                            "operator_rows_scanned": 0,
                                                                            "operator_timing": 0.004253984000000011,
                                                                            "result_set_size": 410177768,
                                                                            "children": [
                                                                                {
                                                                                    "operator_name": "PROJECTION",
                                                                                    "cpu_time": 3.3254573359999986,
                                                                                    "extra_info": {
                                                                                        "Projections": [
                                                                                            "#0",
                                                                                            "#1",
                                                                                            "__internal_compress_integral_usmallint(#2, -72)",
                                                                                            "#3",
                                                                                            "#4",
                                                                                            "#5",
                                                                                            "#6"
                                                                                        ],
                                                                                        "Estimated Cardinality": "7241822"
                                                                                    },
                                                                                    "cumulative_cardinality": 28921715,
                                                                                    "operator_type": "PROJECTION",
                                                                                    "operator_cardinality": 8916908,
                                                                                    "cumulative_rows_scanned": 11091938,
                                                                                    "operator_rows_scanned": 0,
                                                                                    "operator_timing": 0.013108840000000023,
                                                                                    "result_set_size": 410177768,
                                                                                    "children": [
                                                                                        {
                                                                                            "operator_name": "HASH_JOIN",
                                                                                            "cpu_time": 3.3123484959999985,
                                                                                            "extra_info": {
                                                                                                "Join Type": "LEFT",
                                                                                                "Conditions": "id = postid",
                                                                                                "Estimated Cardinality": "7241822"
                                                                                            },
                                                                                            "cumulative_cardinality": 20004807,
                                                                                            "operator_type": "HASH_JOIN",
                                                                                            "operator_cardinality": 8916908,
                                                                                            "cumulative_rows_scanned": 11091938,
                                                                                            "operator_rows_scanned": 0,
                                                                                            "operator_timing": 0.6845598209999988,
                                                                                            "result_set_size": 428011584,
                                                                                            "children": [
                                                                                                {
                                                                                                    "operator_name": "READ_PARQUET ",
                                                                                                    "cpu_time": 2.4552483290000002,
                                                                                                    "extra_info": {
                                                                                                        "Function": "READ_PARQUET",
                                                                                                        "Projections": [
                                                                                                            "id",
                                                                                                            "creationdate",
                                                                                                            "score",
                                                                                                            "viewcount",
                                                                                                            "lastactivitydate",
                                                                                                            "title"
                                                                                                        ],
                                                                                                        "Estimated Cardinality": "3850116"
                                                                                                    },
                                                                                                    "cumulative_cardinality": 3846077,
                                                                                                    "operator_type": "TABLE_SCAN",
                                                                                                    "operator_cardinality": 3846077,
                                                                                                    "cumulative_rows_scanned": 3850116,
                                                                                                    "operator_rows_scanned": 3850116,
                                                                                                    "operator_timing": 2.4552483290000002,
                                                                                                    "result_set_size": 169227388,
                                                                                                    "children": []
                                                                                                },
                                                                                                {
                                                                                                    "operator_name": "READ_PARQUET ",
                                                                                                    "cpu_time": 0.1725403459999996,
                                                                                                    "extra_info": {
                                                                                                        "Function": "READ_PARQUET",
                                                                                                        "Projections": [
                                                                                                            "id",
                                                                                                            "postid"
                                                                                                        ],
                                                                                                        "Estimated Cardinality": "7241822"
                                                                                                    },
                                                                                                    "cumulative_cardinality": 7241822,
                                                                                                    "operator_type": "TABLE_SCAN",
                                                                                                    "operator_cardinality": 7241822,
                                                                                                    "cumulative_rows_scanned": 7241822,
                                                                                                    "operator_rows_scanned": 7241822,
                                                                                                    "operator_timing": 0.1725403459999996,
                                                                                                    "result_set_size": 57934576,
                                                                                                    "children": []
                                                                                                }
                                                                                            ]
                                                                                        }
                                                                                    ]
                                                                                }
                                                                            ]
                                                                        }
                                                                    ]
                                                                }
                                                            ]
                                                        }
                                                    ]
                                                },
                                                {
                                                    "operator_name": "HASH_JOIN",
                                                    "cpu_time": 2.8363331809999948,
                                                    "extra_info": {
                                                        "Join Type": "INNER",
                                                        "Conditions": "owneruserid = UserId",
                                                        "Estimated Cardinality": "30"
                                                    },
                                                    "cumulative_cardinality": 66096072,
                                                    "operator_type": "HASH_JOIN",
                                                    "operator_cardinality": 135003,
                                                    "cumulative_rows_scanned": 21705035,
                                                    "operator_rows_scanned": 0,
                                                    "operator_timing": 0.010661366999999993,
                                                    "result_set_size": 9720216,
                                                    "children": [
                                                        {
                                                            "operator_name": "READ_PARQUET ",
                                                            "cpu_time": 0.09036153000000006,
                                                            "extra_info": {
                                                                "Function": "READ_PARQUET",
                                                                "Projections": [
                                                                    "id",
                                                                    "owneruserid"
                                                                ],
                                                                "Estimated Cardinality": "3850116"
                                                            },
                                                            "cumulative_cardinality": 2637559,
                                                            "operator_type": "TABLE_SCAN",
                                                            "operator_cardinality": 2637559,
                                                            "cumulative_rows_scanned": 3850116,
                                                            "operator_rows_scanned": 3850116,
                                                            "operator_timing": 0.09036153000000006,
                                                            "result_set_size": 21100472,
                                                            "children": []
                                                        },
                                                        {
                                                            "operator_name": "FILTER",
                                                            "cpu_time": 2.7353102839999948,
                                                            "extra_info": {
                                                                "Expression": "(UserId <= 1416539)",
                                                                "Estimated Cardinality": "10"
                                                            },
                                                            "cumulative_cardinality": 63323510,
                                                            "operator_type": "FILTER",
                                                            "operator_cardinality": 10,
                                                            "cumulative_rows_scanned": 17854919,
                                                            "operator_rows_scanned": 0,
                                                            "operator_timing": 0.000004228,
                                                            "result_set_size": 680,
                                                            "children": [
                                                                {
                                                                    "operator_name": "STREAMING_LIMIT",
                                                                    "cpu_time": 2.735306055999995,
                                                                    "extra_info": {},
                                                                    "cumulative_cardinality": 63323500,
                                                                    "operator_type": "STREAMING_LIMIT",
                                                                    "operator_cardinality": 10,
                                                                    "cumulative_rows_scanned": 17854919,
                                                                    "operator_rows_scanned": 0,
                                                                    "operator_timing": 0.000001613,
                                                                    "result_set_size": 680,
                                                                    "children": [
                                                                        {
                                                                            "operator_name": "ORDER_BY",
                                                                            "cpu_time": 2.735304442999995,
                                                                            "extra_info": {
                                                                                "Order By": "UA.PostCount DESC"
                                                                            },
                                                                            "cumulative_cardinality": 63323490,
                                                                            "operator_type": "ORDER_BY",
                                                                            "operator_cardinality": 4096,
                                                                            "cumulative_rows_scanned": 17854919,
                                                                            "operator_rows_scanned": 0,
                                                                            "operator_timing": 0.028868635000000017,
                                                                            "result_set_size": 278528,
                                                                            "children": [
                                                                                {
                                                                                    "operator_name": "HASH_GROUP_BY",
                                                                                    "cpu_time": 2.7064358079999953,
                                                                                    "extra_info": {
                                                                                        "Groups": "#0",
                                                                                        "Aggregates": [
                                                                                            "count(DISTINCT #1)",
                                                                                            "sum(#2)",
                                                                                            "sum(#3)",
                                                                                            "sum(#4)",
                                                                                            "avg(#5)"
                                                                                        ],
                                                                                        "Estimated Cardinality": "1260710"
                                                                                    },
                                                                                    "cumulative_cardinality": 63319394,
                                                                                    "operator_type": "HASH_GROUP_BY",
                                                                                    "operator_cardinality": 1260710,
                                                                                    "cumulative_rows_scanned": 17854919,
                                                                                    "operator_rows_scanned": 0,
                                                                                    "operator_timing": 1.2511112119999996,
                                                                                    "result_set_size": 85728280,
                                                                                    "children": [
                                                                                        {
                                                                                            "operator_name": "PROJECTION",
                                                                                            "cpu_time": 1.4553245959999956,
                                                                                            "extra_info": {
                                                                                                "Projections": [
                                                                                                    "id",
                                                                                                    "id",
                                                                                                    "CASE  WHEN ((posttypeid = 1)) THEN (1) ELSE 0 END",
                                                                                                    "CASE  WHEN ((posttypeid = 2)) THEN (1) ELSE 0 END",
                                                                                                    "COALESCE(bountyamount, 0)",
                                                                                                    "COALESCE(score, 0)"
                                                                                                ],
                                                                                                "Estimated Cardinality": "12744093"
                                                                                            },
                                                                                            "cumulative_cardinality": 62058684,
                                                                                            "operator_type": "PROJECTION",
                                                                                            "operator_cardinality": 11739825,
                                                                                            "cumulative_rows_scanned": 17854919,
                                                                                            "operator_rows_scanned": 0,
                                                                                            "operator_timing": 0.15100341200000011,
                                                                                            "result_set_size": 281755800,
                                                                                            "children": [
                                                                                                {
                                                                                                    "operator_name": "PROJECTION",
                                                                                                    "cpu_time": 1.3043211839999955,
                                                                                                    "extra_info": {
                                                                                                        "Projections": [
                                                                                                            "#0",
                                                                                                            "#1",
                                                                                                            "__internal_decompress_integral_smallint(#2, 1)",
                                                                                                            "__internal_decompress_integral_integer(#3, -72)",
                                                                                                            "#4"
                                                                                                        ],
                                                                                                        "Estimated Cardinality": "12744093"
                                                                                                    },
                                                                                                    "cumulative_cardinality": 50318859,
                                                                                                    "operator_type": "PROJECTION",
                                                                                                    "operator_cardinality": 11739825,
                                                                                                    "cumulative_rows_scanned": 17854919,
                                                                                                    "operator_rows_scanned": 0,
                                                                                                    "operator_timing": 0.009315561000000031,
                                                                                                    "result_set_size": 211316850,
                                                                                                    "children": [
                                                                                                        {
                                                                                                            "operator_name": "HASH_JOIN",
                                                                                                            "cpu_time": 1.2950056229999956,
                                                                                                            "extra_info": {
                                                                                                                "Join Type": "RIGHT",
                                                                                                                "Conditions": "postid = id",
                                                                                                                "Estimated Cardinality": "12744093"
                                                                                                            },
                                                                                                            "cumulative_cardinality": 38579034,
                                                                                                            "operator_type": "HASH_JOIN",
                                                                                                            "operator_cardinality": 11739825,
                                                                                                            "cumulative_rows_scanned": 17854919,
                                                                                                            "operator_rows_scanned": 0,
                                                                                                            "operator_timing": 0.7425736849999958,
                                                                                                            "result_set_size": 176097375,
                                                                                                            "children": [
                                                                                                                {
                                                                                                                    "operator_name": "READ_PARQUET ",
                                                                                                                    "cpu_time": 0.2028999289999995,
                                                                                                                    "extra_info": {
                                                                                                                        "Function": "READ_PARQUET",
                                                                                                                        "Projections": [
                                                                                                                            "postid",
                                                                                                                            "bountyamount"
                                                                                                                        ],
                                                                                                                        "Estimated Cardinality": "12744093"
                                                                                                                    },
                                                                                                                    "cumulative_cardinality": 12744093,
                                                                                                                    "operator_type": "TABLE_SCAN",
                                                                                                                    "operator_cardinality": 12744093,
                                                                                                                    "cumulative_rows_scanned": 12744093,
                                                                                                                    "operator_rows_scanned": 12744093,
                                                                                                                    "operator_timing": 0.2028999289999995,
                                                                                                                    "result_set_size": 101952744,
                                                                                                                    "children": []
                                                                                                                },
                                                                                                                {
                                                                                                                    "operator_name": "PROJECTION",
                                                                                                                    "cpu_time": 0.3495320090000003,
                                                                                                                    "extra_info": {
                                                                                                                        "Projections": [
                                                                                                                            "#0",
                                                                                                                            "__internal_compress_integral_utinyint(#1, 1)",
                                                                                                                            "__internal_compress_integral_usmallint(#2, -72)",
                                                                                                                            "#3"
                                                                                                                        ],
                                                                                                                        "Estimated Cardinality": "3850116"
                                                                                                                    },
                                                                                                                    "cumulative_cardinality": 14095116,
                                                                                                                    "operator_type": "PROJECTION",
                                                                                                                    "operator_cardinality": 4574495,
                                                                                                                    "cumulative_rows_scanned": 5110826,
                                                                                                                    "operator_rows_scanned": 0,
                                                                                                                    "operator_timing": 0.00349793700000001,
                                                                                                                    "result_set_size": 50319445,
                                                                                                                    "children": [
                                                                                                                        {
                                                                                                                            "operator_name": "HASH_JOIN",
                                                                                                                            "cpu_time": 0.3460340720000003,
                                                                                                                            "extra_info": {
                                                                                                                                "Join Type": "RIGHT",
                                                                                                                                "Conditions": "owneruserid = id",
                                                                                                                                "Estimated Cardinality": "3850116"
                                                                                                                            },
                                                                                                                            "cumulative_cardinality": 9520621,
                                                                                                                            "operator_type": "HASH_JOIN",
                                                                                                                            "operator_cardinality": 4574495,
                                                                                                                            "cumulative_rows_scanned": 5110826,
                                                                                                                            "operator_rows_scanned": 0,
                                                                                                                            "operator_timing": 0.2064514820000005,
                                                                                                                            "result_set_size": 64042930,
                                                                                                                            "children": [
                                                                                                                                {
                                                                                                                                    "operator_name": "READ_PARQUET ",
                                                                                                                                    "cpu_time": 0.13235854499999977,
                                                                                                                                    "extra_info": {
                                                                                                                                        "Function": "READ_PARQUET",
                                                                                                                                        "Projections": [
                                                                                                                                            "id",
                                                                                                                                            "posttypeid",
                                                                                                                                            "score",
                                                                                                                                            "owneruserid"
                                                                                                                                        ],
                                                                                                                                        "Estimated Cardinality": "3850116"
                                                                                                                                    },
                                                                                                                                    "cumulative_cardinality": 3685416,
                                                                                                                                    "operator_type": "TABLE_SCAN",
                                                                                                                                    "operator_cardinality": 3685416,
                                                                                                                                    "cumulative_rows_scanned": 3850116,
                                                                                                                                    "operator_rows_scanned": 3850116,
                                                                                                                                    "operator_timing": 0.13235854499999977,
                                                                                                                                    "result_set_size": 51595824,
                                                                                                                                    "children": []
                                                                                                                                },
                                                                                                                                {
                                                                                                                                    "operator_name": "READ_PARQUET ",
                                                                                                                                    "cpu_time": 0.007224045000000005,
                                                                                                                                    "extra_info": {
                                                                                                                                        "Function": "READ_PARQUET",
                                                                                                                                        "Projections": "id",
                                                                                                                                        "Estimated Cardinality": "1260710"
                                                                                                                                    },
                                                                                                                                    "cumulative_cardinality": 1260710,
                                                                                                                                    "operator_type": "TABLE_SCAN",
                                                                                                                                    "operator_cardinality": 1260710,
                                                                                                                                    "cumulative_rows_scanned": 1260710,
                                                                                                                                    "operator_rows_scanned": 1260710,
                                                                                                                                    "operator_timing": 0.007224045000000005,
                                                                                                                                    "result_set_size": 5042840,
                                                                                                                                    "children": []
                                                                                                                                }
                                                                                                                            ]
                                                                                                                        }
                                                                                                                    ]
                                                                                                                }
                                                                                                            ]
                                                                                                        }
                                                                                                    ]
                                                                                                }
                                                                                            ]
                                                                                        }
                                                                                    ]
                                                                                }
                                                                            ]
                                                                        }
                                                                    ]
                                                                }
                                                            ]
                                                        }
                                                    ]
                                                }
                                            ]
                                        }
                                    ]
                                }
                            ]
                        }
                    ]
                }
            ]
        }
    ]
}