{
    "rows_returned": 243146,
    "query_name": "\nWITH RankedPosts AS (\n    SELECT \n        p.Id AS PostId,\n        p.Title,\n        p.Score,\n        p.CreationDate,\n        p.OwnerUserId,\n        ROW_NUMBER() OVER (PARTITION BY p.OwnerUserId ORDER BY p.CreationDate DESC) AS PostRank\n    FROM \n        Posts p\n    WHERE \n        p.CreationDate >= TIMESTAMP '2024-10-01 12:34:56' - INTERVAL '1 year'\n),\nUserBadges AS (\n    SELECT \n        u.Id AS UserId,\n        COUNT(b.Id) AS BadgeCount,\n        MAX(b.Class) AS HighestBadgeClass\n    FROM \n        Users u\n    LEFT JOIN \n        Badges b ON u.Id = b.UserId\n    GROUP BY \n        u.Id\n),\nPostComments AS (\n    SELECT \n        c.PostId,\n        COUNT(c.Id) AS CommentCount\n    FROM \n        Comments c\n    GROUP BY \n        c.PostId\n),\nCombinedData AS (\n    SELECT \n        rp.PostId,\n        rp.Title,\n        rp.Score,\n        rb.BadgeCount,\n        rb.HighestBadgeClass,\n        pc.CommentCount,\n        COALESCE(SUM(CASE WHEN v.VoteTypeId = 2 THEN 1 ELSE 0 END) - SUM(CASE WHEN v.VoteTypeId = 3 THEN 1 ELSE 0 END), 0) AS NetVotes\n    FROM \n        RankedPosts rp\n    LEFT JOIN \n        UserBadges rb ON rp.OwnerUserId = rb.UserId\n    LEFT JOIN \n        PostComments pc ON rp.PostId = pc.PostId\n    LEFT JOIN \n        Votes v ON rp.PostId = v.PostId\n    GROUP BY \n        rp.PostId, rp.Title, rp.Score, rb.BadgeCount, rb.HighestBadgeClass, pc.CommentCount\n)\n\nSELECT \n    pg.PostId,\n    pg.Title,\n    pg.Score,\n    pg.BadgeCount,\n    pg.HighestBadgeClass,\n    pg.CommentCount,\n    pg.NetVotes,\n    PHT.Name AS PostHistoryTypeName\nFROM \n    CombinedData pg\nLEFT JOIN \n    PostHistory ph ON pg.PostId = ph.PostId\nLEFT JOIN \n    PostHistoryTypes PHT ON ph.PostHistoryTypeId = PHT.Id\nWHERE \n    pg.Score > 0 AND \n    (pg.BadgeCount IS NULL OR pg.BadgeCount > 5) \nORDER BY \n    pg.Score DESC, pg.CommentCount DESC;\n",
    "blocked_thread_time": 0.0,
    "cpu_time": 1.0511041819999998,
    "extra_info": {},
    "cumulative_cardinality": 32270803,
    "cumulative_rows_scanned": 39213743,
    "result_set_size": 17992804,
    "latency": 1.438080716,
    "children": [
        {
            "operator_name": "PROJECTION",
            "cpu_time": 1.0511041819999998,
            "extra_info": {
                "Projections": [
                    "#0",
                    "#1",
                    "__internal_decompress_integral_integer(#2, 0)",
                    "#3",
                    "#4",
                    "#5",
                    "#6",
                    "#7"
                ],
                "Estimated Cardinality": "11795244"
            },
            "cumulative_cardinality": 32270803,
            "operator_type": "PROJECTION",
            "operator_cardinality": 243146,
            "cumulative_rows_scanned": 39213743,
            "operator_rows_scanned": 0,
            "operator_timing": 0.00010996299999999998,
            "result_set_size": 17992804,
            "children": [
                {
                    "operator_name": "ORDER_BY",
                    "cpu_time": 1.0509942189999997,
                    "extra_info": {
                        "Order By": [
                            "pg.Score DESC",
                            "pg.CommentCount DESC"
                        ]
                    },
                    "cumulative_cardinality": 32027657,
                    "operator_type": "ORDER_BY",
                    "operator_cardinality": 243146,
                    "cumulative_rows_scanned": 39213743,
                    "operator_rows_scanned": 0,
                    "operator_timing": 0.021422382000000007,
                    "result_set_size": 17506512,
                    "children": [
                        {
                            "operator_name": "PROJECTION",
                            "cpu_time": 1.0295718369999998,
                            "extra_info": {
                                "Projections": [
                                    "#0",
                                    "#1",
                                    "__internal_compress_integral_usmallint(#2, 0)",
                                    "#3",
                                    "#4",
                                    "#5",
                                    "#6",
                                    "#7"
                                ],
                                "Estimated Cardinality": "11795244"
                            },
                            "cumulative_cardinality": 31784511,
                            "operator_type": "PROJECTION",
                            "operator_cardinality": 243146,
                            "cumulative_rows_scanned": 39213743,
                            "operator_rows_scanned": 0,
                            "operator_timing": 0.00038406599999999964,
                            "result_set_size": 17506512,
                            "children": [
                                {
                                    "operator_name": "HASH_JOIN",
                                    "cpu_time": 1.0291877709999997,
                                    "extra_info": {
                                        "Join Type": "LEFT",
                                        "Conditions": "posthistorytypeid = id",
                                        "Estimated Cardinality": "11795244"
                                    },
                                    "cumulative_cardinality": 31541365,
                                    "operator_type": "HASH_JOIN",
                                    "operator_cardinality": 243146,
                                    "cumulative_rows_scanned": 39213743,
                                    "operator_rows_scanned": 0,
                                    "operator_timing": 0.006428786999999998,
                                    "result_set_size": 17992804,
                                    "children": [
                                        {
                                            "operator_name": "PROJECTION",
                                            "cpu_time": 1.0224472819999997,
                                            "extra_info": {
                                                "Projections": [
                                                    "#0",
                                                    "#1",
                                                    "#2",
                                                    "__internal_decompress_integral_integer(#3, 0)",
                                                    "#4",
                                                    "#5",
                                                    "#6",
                                                    "#7"
                                                ],
                                                "Estimated Cardinality": "11795244"
                                            },
                                            "cumulative_cardinality": 31298185,
                                            "operator_type": "PROJECTION",
                                            "operator_cardinality": 243146,
                                            "cumulative_rows_scanned": 39213709,
                                            "operator_rows_scanned": 0,
                                            "operator_timing": 0.000237739,
                                            "result_set_size": 14588760,
                                            "children": [
                                                {
                                                    "operator_name": "HASH_JOIN",
                                                    "cpu_time": 1.0222095429999998,
                                                    "extra_info": {
                                                        "Join Type": "RIGHT",
                                                        "Conditions": "postid = PostId",
                                                        "Estimated Cardinality": "11795244"
                                                    },
                                                    "cumulative_cardinality": 31055039,
                                                    "operator_type": "HASH_JOIN",
                                                    "operator_cardinality": 243146,
                                                    "cumulative_rows_scanned": 39213709,
                                                    "operator_rows_scanned": 0,
                                                    "operator_timing": 0.021761409999999957,
                                                    "result_set_size": 14102468,
                                                    "children": [
                                                        {
                                                            "operator_name": "READ_PARQUET ",
                                                            "cpu_time": 0.06237748200000005,
                                                            "extra_info": {
                                                                "Function": "READ_PARQUET",
                                                                "Projections": [
                                                                    "posthistorytypeid",
                                                                    "postid"
                                                                ],
                                                                "Estimated Cardinality": "11795244"
                                                            },
                                                            "cumulative_cardinality": 486743,
                                                            "operator_type": "TABLE_SCAN",
                                                            "operator_cardinality": 486743,
                                                            "cumulative_rows_scanned": 11795244,
                                                            "operator_rows_scanned": 11795244,
                                                            "operator_timing": 0.06237748200000005,
                                                            "result_set_size": 2920458,
                                                            "children": []
                                                        },
                                                        {
                                                            "operator_name": "PROJECTION",
                                                            "cpu_time": 0.9380706509999998,
                                                            "extra_info": {
                                                                "Projections": [
                                                                    "#0",
                                                                    "#1",
                                                                    "__internal_compress_integral_usmallint(#2, 0)",
                                                                    "#3",
                                                                    "#4",
                                                                    "#5",
                                                                    "#6"
                                                                ],
                                                                "Estimated Cardinality": "3850116"
                                                            },
                                                            "cumulative_cardinality": 30325150,
                                                            "operator_type": "PROJECTION",
                                                            "operator_cardinality": 79899,
                                                            "cumulative_rows_scanned": 27418465,
                                                            "operator_rows_scanned": 0,
                                                            "operator_timing": 0.000034926,
                                                            "result_set_size": 4474344,
                                                            "children": [
                                                                {
                                                                    "operator_name": "PROJECTION",
                                                                    "cpu_time": 0.9380357249999998,
                                                                    "extra_info": {
                                                                        "Projections": [
                                                                            "PostId",
                                                                            "title",
                                                                            "score",
                                                                            "BadgeCount",
                                                                            "HighestBadgeClass",
                                                                            "CommentCount",
                                                                            "NetVotes"
                                                                        ],
                                                                        "Estimated Cardinality": "3850116"
                                                                    },
                                                                    "cumulative_cardinality": 30245251,
                                                                    "operator_type": "PROJECTION",
                                                                    "operator_cardinality": 79899,
                                                                    "cumulative_rows_scanned": 27418465,
                                                                    "operator_rows_scanned": 0,
                                                                    "operator_timing": 0.0010635389999999998,
                                                                    "result_set_size": 4634142,
                                                                    "children": [
                                                                        {
                                                                            "operator_name": "PROJECTION",
                                                                            "cpu_time": 0.9369721859999998,
                                                                            "extra_info": {
                                                                                "Projections": [
                                                                                    "#0",
                                                                                    "#1",
                                                                                    "__internal_decompress_integral_integer(#2, 0)",
                                                                                    "#3",
                                                                                    "#4",
                                                                                    "#5",
                                                                                    "#6",
                                                                                    "#7"
                                                                                ],
                                                                                "Estimated Cardinality": "3850116"
                                                                            },
                                                                            "cumulative_cardinality": 30165352,
                                                                            "operator_type": "PROJECTION",
                                                                            "operator_cardinality": 79899,
                                                                            "cumulative_rows_scanned": 27418465,
                                                                            "operator_rows_scanned": 0,
                                                                            "operator_timing": 0.00004204900000000001,
                                                                            "result_set_size": 5912526,
                                                                            "children": [
                                                                                {
                                                                                    "operator_name": "HASH_GROUP_BY",
                                                                                    "cpu_time": 0.9369301369999997,
                                                                                    "extra_info": {
                                                                                        "Groups": [
                                                                                            "#0",
                                                                                            "#1",
                                                                                            "#2",
                                                                                            "#3",
                                                                                            "#4",
                                                                                            "#5"
                                                                                        ],
                                                                                        "Aggregates": [
                                                                                            "sum(#6)",
                                                                                            "sum(#7)"
                                                                                        ],
                                                                                        "Estimated Cardinality": "3850116"
                                                                                    },
                                                                                    "cumulative_cardinality": 30085453,
                                                                                    "operator_type": "HASH_GROUP_BY",
                                                                                    "operator_cardinality": 79899,
                                                                                    "cumulative_rows_scanned": 27418465,
                                                                                    "operator_rows_scanned": 0,
                                                                                    "operator_timing": 0.029951709000000007,
                                                                                    "result_set_size": 5752728,
                                                                                    "children": [
                                                                                        {
                                                                                            "operator_name": "PROJECTION",
                                                                                            "cpu_time": 0.9069784279999997,
                                                                                            "extra_info": {
                                                                                                "Projections": [
                                                                                                    "PostId",
                                                                                                    "title",
                                                                                                    "score",
                                                                                                    "BadgeCount",
                                                                                                    "HighestBadgeClass",
                                                                                                    "CommentCount",
                                                                                                    "CASE  WHEN ((votetypeid = 2)) THEN (1) ELSE 0 END",
                                                                                                    "CASE  WHEN ((votetypeid = 3)) THEN (1) ELSE 0 END"
                                                                                                ],
                                                                                                "Estimated Cardinality": "12744093"
                                                                                            },
                                                                                            "cumulative_cardinality": 30005554,
                                                                                            "operator_type": "PROJECTION",
                                                                                            "operator_cardinality": 238676,
                                                                                            "cumulative_rows_scanned": 27418465,
                                                                                            "operator_rows_scanned": 0,
                                                                                            "operator_timing": 0.0020332520000000006,
                                                                                            "result_set_size": 11456448,
                                                                                            "children": [
                                                                                                {
                                                                                                    "operator_name": "PROJECTION",
                                                                                                    "cpu_time": 0.9049451759999997,
                                                                                                    "extra_info": {
                                                                                                        "Projections": [
                                                                                                            "#0",
                                                                                                            "#1",
                                                                                                            "#2",
                                                                                                            "#3",
                                                                                                            "#4",
                                                                                                            "#5",
                                                                                                            "__internal_compress_integral_usmallint(#6, 0)"
                                                                                                        ],
                                                                                                        "Estimated Cardinality": "12744093"
                                                                                                    },
                                                                                                    "cumulative_cardinality": 29766878,
                                                                                                    "operator_type": "PROJECTION",
                                                                                                    "operator_cardinality": 238676,
                                                                                                    "cumulative_rows_scanned": 27418465,
                                                                                                    "operator_rows_scanned": 0,
                                                                                                    "operator_timing": 0.0002444030000000002,
                                                                                                    "result_set_size": 10024392,
                                                                                                    "children": [
                                                                                                        {
                                                                                                            "operator_name": "PROJECTION",
                                                                                                            "cpu_time": 0.9047007729999997,
                                                                                                            "extra_info": {
                                                                                                                "Projections": [
                                                                                                                    "#0",
                                                                                                                    "#1",
                                                                                                                    "#2",
                                                                                                                    "#3",
                                                                                                                    "#4",
                                                                                                                    "#5",
                                                                                                                    "__internal_decompress_integral_integer(#6, 0)"
                                                                                                                ],
                                                                                                                "Estimated Cardinality": "12744093"
                                                                                                            },
                                                                                                            "cumulative_cardinality": 29528202,
                                                                                                            "operator_type": "PROJECTION",
                                                                                                            "operator_cardinality": 238676,
                                                                                                            "cumulative_rows_scanned": 27418465,
                                                                                                            "operator_rows_scanned": 0,
                                                                                                            "operator_timing": 0.00028054799999999977,
                                                                                                            "result_set_size": 10501744,
                                                                                                            "children": [
                                                                                                                {
                                                                                                                    "operator_name": "HASH_JOIN",
                                                                                                                    "cpu_time": 0.9044202249999997,
                                                                                                                    "extra_info": {
                                                                                                                        "Join Type": "RIGHT",
                                                                                                                        "Conditions": "postid = PostId",
                                                                                                                        "Estimated Cardinality": "12744093"
                                                                                                                    },
                                                                                                                    "cumulative_cardinality": 29289526,
                                                                                                                    "operator_type": "HASH_JOIN",
                                                                                                                    "operator_cardinality": 238676,
                                                                                                                    "cumulative_rows_scanned": 27418465,
                                                                                                                    "operator_rows_scanned": 0,
                                                                                                                    "operator_timing": 0.017624847999999995,
                                                                                                                    "result_set_size": 10024392,
                                                                                                                    "children": [
                                                                                                                        {
                                                                                                                            "operator_name": "READ_PARQUET ",
                                                                                                                            "cpu_time": 0.01954043999999999,
                                                                                                                            "extra_info": {
                                                                                                                                "Function": "READ_PARQUET",
                                                                                                                                "Projections": [
                                                                                                                                    "postid",
                                                                                                                                    "votetypeid"
                                                                                                                                ],
                                                                                                                                "Estimated Cardinality": "12744093"
                                                                                                                            },
                                                                                                                            "cumulative_cardinality": 442525,
                                                                                                                            "operator_type": "TABLE_SCAN",
                                                                                                                            "operator_cardinality": 442525,
                                                                                                                            "cumulative_rows_scanned": 12744093,
                                                                                                                            "operator_rows_scanned": 12744093,
                                                                                                                            "operator_timing": 0.01954043999999999,
                                                                                                                            "result_set_size": 2655150,
                                                                                                                            "children": []
                                                                                                                        },
                                                                                                                        {
                                                                                                                            "operator_name": "PROJECTION",
                                                                                                                            "cpu_time": 0.8672549369999998,
                                                                                                                            "extra_info": {
                                                                                                                                "Projections": [
                                                                                                                                    "#0",
                                                                                                                                    "#1",
                                                                                                                                    "#2",
                                                                                                                                    "#3",
                                                                                                                                    "#4",
                                                                                                                                    "__internal_compress_integral_usmallint(#5, 0)"
                                                                                                                                ],
                                                                                                                                "Estimated Cardinality": "3620911"
                                                                                                                            },
                                                                                                                            "cumulative_cardinality": 28608325,
                                                                                                                            "operator_type": "PROJECTION",
                                                                                                                            "operator_cardinality": 79899,
                                                                                                                            "cumulative_rows_scanned": 14674372,
                                                                                                                            "operator_rows_scanned": 0,
                                                                                                                            "operator_timing": 0.000058306999999999996,
                                                                                                                            "result_set_size": 3195960,
                                                                                                                            "children": [
                                                                                                                                {
                                                                                                                                    "operator_name": "HASH_JOIN",
                                                                                                                                    "cpu_time": 0.8671966299999998,
                                                                                                                                    "extra_info": {
                                                                                                                                        "Join Type": "RIGHT",
                                                                                                                                        "Conditions": "postid = PostId",
                                                                                                                                        "Estimated Cardinality": "3620911"
                                                                                                                                    },
                                                                                                                                    "cumulative_cardinality": 28528426,
                                                                                                                                    "operator_type": "HASH_JOIN",
                                                                                                                                    "operator_cardinality": 79899,
                                                                                                                                    "cumulative_rows_scanned": 14674372,
                                                                                                                                    "operator_rows_scanned": 0,
                                                                                                                                    "operator_timing": 0.028686573000000038,
                                                                                                                                    "result_set_size": 3355758,
                                                                                                                                    "children": [
                                                                                                                                        {
                                                                                                                                            "operator_name": "HASH_GROUP_BY",
                                                                                                                                            "cpu_time": 0.3118113210000001,
                                                                                                                                            "extra_info": {
                                                                                                                                                "Groups": "#0",
                                                                                                                                                "Aggregates": "count_star()",
                                                                                                                                                "Estimated Cardinality": "3620911"
                                                                                                                                            },
                                                                                                                                            "cumulative_cardinality": 16647316,
                                                                                                                                            "operator_type": "HASH_GROUP_BY",
                                                                                                                                            "operator_cardinality": 2163672,
                                                                                                                                            "cumulative_rows_scanned": 7241822,
                                                                                                                                            "operator_rows_scanned": 0,
                                                                                                                                            "operator_timing": 0.23954490700000036,
                                                                                                                                            "result_set_size": 25964064,
                                                                                                                                            "children": [
                                                                                                                                                {
                                                                                                                                                    "operator_name": "PROJECTION",
                                                                                                                                                    "cpu_time": 0.07226641399999974,
                                                                                                                                                    "extra_info": {
                                                                                                                                                        "Projections": "postid",
                                                                                                                                                        "Estimated Cardinality": "7241822"
                                                                                                                                                    },
                                                                                                                                                    "cumulative_cardinality": 14483644,
                                                                                                                                                    "operator_type": "PROJECTION",
                                                                                                                                                    "operator_cardinality": 7241822,
                                                                                                                                                    "cumulative_rows_scanned": 7241822,
                                                                                                                                                    "operator_rows_scanned": 0,
                                                                                                                                                    "operator_timing": 0.0004530299999999891,
                                                                                                                                                    "result_set_size": 28967288,
                                                                                                                                                    "children": [
                                                                                                                                                        {
                                                                                                                                                            "operator_name": "READ_PARQUET ",
                                                                                                                                                            "cpu_time": 0.07181338399999974,
                                                                                                                                                            "extra_info": {
                                                                                                                                                                "Function": "READ_PARQUET",
                                                                                                                                                                "Projections": [
                                                                                                                                                                    "id",
                                                                                                                                                                    "postid"
                                                                                                                                                                ],
                                                                                                                                                                "Estimated Cardinality": "7241822"
                                                                                                                                                            },
                                                                                                                                                            "cumulative_cardinality": 7241822,
                                                                                                                                                            "operator_type": "TABLE_SCAN",
                                                                                                                                                            "operator_cardinality": 7241822,
                                                                                                                                                            "cumulative_rows_scanned": 7241822,
                                                                                                                                                            "operator_rows_scanned": 7241822,
                                                                                                                                                            "operator_timing": 0.07181338399999974,
                                                                                                                                                            "result_set_size": 57934576,
                                                                                                                                                            "children": []
                                                                                                                                                        }
                                                                                                                                                    ]
                                                                                                                                                }
                                                                                                                                            ]
                                                                                                                                        },
                                                                                                                                        {
                                                                                                                                            "operator_name": "FILTER",
                                                                                                                                            "cpu_time": 0.5266987359999997,
                                                                                                                                            "extra_info": {
                                                                                                                                                "Expression": "((BadgeCount IS NULL) OR (BadgeCount > 5))",
                                                                                                                                                "Estimated Cardinality": "252142"
                                                                                                                                            },
                                                                                                                                            "cumulative_cardinality": 11801211,
                                                                                                                                            "operator_type": "FILTER",
                                                                                                                                            "operator_cardinality": 79899,
                                                                                                                                            "cumulative_rows_scanned": 7432550,
                                                                                                                                            "operator_rows_scanned": 0,
                                                                                                                                            "operator_timing": 0.0014663669999999999,
                                                                                                                                            "result_set_size": 2716566,
                                                                                                                                            "children": [
                                                                                                                                                {
                                                                                                                                                    "operator_name": "HASH_JOIN",
                                                                                                                                                    "cpu_time": 0.5252323689999997,
                                                                                                                                                    "extra_info": {
                                                                                                                                                        "Join Type": "RIGHT",
                                                                                                                                                        "Conditions": "UserId = owneruserid",
                                                                                                                                                        "Estimated Cardinality": "1260710"
                                                                                                                                                    },
                                                                                                                                                    "cumulative_cardinality": 11721312,
                                                                                                                                                    "operator_type": "HASH_JOIN",
                                                                                                                                                    "operator_cardinality": 93679,
                                                                                                                                                    "cumulative_rows_scanned": 7432550,
                                                                                                                                                    "operator_rows_scanned": 0,
                                                                                                                                                    "operator_timing": 0.015573982999999984,
                                                                                                                                                    "result_set_size": 3185086,
                                                                                                                                                    "children": [
                                                                                                                                                        {
                                                                                                                                                            "operator_name": "HASH_GROUP_BY",
                                                                                                                                                            "cpu_time": 0.41140326599999977,
                                                                                                                                                            "extra_info": {
                                                                                                                                                                "Groups": "#0",
                                                                                                                                                                "Aggregates": [
                                                                                                                                                                    "count(#1)",
                                                                                                                                                                    "max(#2)"
                                                                                                                                                                ],
                                                                                                                                                                "Estimated Cardinality": "1260710"
                                                                                                                                                            },
                                                                                                                                                            "cumulative_cardinality": 10909970,
                                                                                                                                                            "operator_type": "HASH_GROUP_BY",
                                                                                                                                                            "operator_cardinality": 1260710,
                                                                                                                                                            "cumulative_rows_scanned": 3582434,
                                                                                                                                                            "operator_rows_scanned": 0,
                                                                                                                                                            "operator_timing": 0.18865717000000004,
                                                                                                                                                            "result_set_size": 17649940,
                                                                                                                                                            "children": [
                                                                                                                                                                {
                                                                                                                                                                    "operator_name": "PROJECTION",
                                                                                                                                                                    "cpu_time": 0.22274609599999975,
                                                                                                                                                                    "extra_info": {
                                                                                                                                                                        "Projections": [
                                                                                                                                                                            "id",
                                                                                                                                                                            "id",
                                                                                                                                                                            "class"
                                                                                                                                                                        ],
                                                                                                                                                                        "Estimated Cardinality": "2321724"
                                                                                                                                                                    },
                                                                                                                                                                    "cumulative_cardinality": 9649260,
                                                                                                                                                                    "operator_type": "PROJECTION",
                                                                                                                                                                    "operator_cardinality": 3033413,
                                                                                                                                                                    "cumulative_rows_scanned": 3582434,
                                                                                                                                                                    "operator_rows_scanned": 0,
                                                                                                                                                                    "operator_timing": 0.0004082040000000005,
                                                                                                                                                                    "result_set_size": 30334130,
                                                                                                                                                                    "children": [
                                                                                                                                                                        {
                                                                                                                                                                            "operator_name": "HASH_JOIN",
                                                                                                                                                                            "cpu_time": 0.22233789199999976,
                                                                                                                                                                            "extra_info": {
                                                                                                                                                                                "Join Type": "RIGHT",
                                                                                                                                                                                "Conditions": "userid = id",
                                                                                                                                                                                "Estimated Cardinality": "2321724"
                                                                                                                                                                            },
                                                                                                                                                                            "cumulative_cardinality": 6615847,
                                                                                                                                                                            "operator_type": "HASH_JOIN",
                                                                                                                                                                            "operator_cardinality": 3033413,
                                                                                                                                                                            "cumulative_rows_scanned": 3582434,
                                                                                                                                                                            "operator_rows_scanned": 0,
                                                                                                                                                                            "operator_timing": 0.1594306419999997,
                                                                                                                                                                            "result_set_size": 30334130,
                                                                                                                                                                            "children": [
                                                                                                                                                                                {
                                                                                                                                                                                    "operator_name": "READ_PARQUET ",
                                                                                                                                                                                    "cpu_time": 0.056635497000000035,
                                                                                                                                                                                    "extra_info": {
                                                                                                                                                                                        "Function": "READ_PARQUET",
                                                                                                                                                                                        "Projections": [
                                                                                                                                                                                            "id",
                                                                                                                                                                                            "userid",
                                                                                                                                                                                            "class"
                                                                                                                                                                                        ],
                                                                                                                                                                                        "Estimated Cardinality": "2321724"
                                                                                                                                                                                    },
                                                                                                                                                                                    "cumulative_cardinality": 2321724,
                                                                                                                                                                                    "operator_type": "TABLE_SCAN",
                                                                                                                                                                                    "operator_cardinality": 2321724,
                                                                                                                                                                                    "cumulative_rows_scanned": 2321724,
                                                                                                                                                                                    "operator_rows_scanned": 2321724,
                                                                                                                                                                                    "operator_timing": 0.056635497000000035,
                                                                                                                                                                                    "result_set_size": 23217240,
                                                                                                                                                                                    "children": []
                                                                                                                                                                                },
                                                                                                                                                                                {
                                                                                                                                                                                    "operator_name": "READ_PARQUET ",
                                                                                                                                                                                    "cpu_time": 0.006271753000000015,
                                                                                                                                                                                    "extra_info": {
                                                                                                                                                                                        "Function": "READ_PARQUET",
                                                                                                                                                                                        "Projections": "id",
                                                                                                                                                                                        "Estimated Cardinality": "1260710"
                                                                                                                                                                                    },
                                                                                                                                                                                    "cumulative_cardinality": 1260710,
                                                                                                                                                                                    "operator_type": "TABLE_SCAN",
                                                                                                                                                                                    "operator_cardinality": 1260710,
                                                                                                                                                                                    "cumulative_rows_scanned": 1260710,
                                                                                                                                                                                    "operator_rows_scanned": 1260710,
                                                                                                                                                                                    "operator_timing": 0.006271753000000015,
                                                                                                                                                                                    "result_set_size": 5042840,
                                                                                                                                                                                    "children": []
                                                                                                                                                                                }
                                                                                                                                                                            ]
                                                                                                                                                                        }
                                                                                                                                                                    ]
                                                                                                                                                                }
                                                                                                                                                            ]
                                                                                                                                                        },
                                                                                                                                                        {
                                                                                                                                                            "operator_name": "PROJECTION",
                                                                                                                                                            "cpu_time": 0.09825512,
                                                                                                                                                            "extra_info": {
                                                                                                                                                                "Projections": [
                                                                                                                                                                    "PostId",
                                                                                                                                                                    "title",
                                                                                                                                                                    "score",
                                                                                                                                                                    "owneruserid"
                                                                                                                                                                ],
                                                                                                                                                                "Estimated Cardinality": "154004"
                                                                                                                                                            },
                                                                                                                                                            "cumulative_cardinality": 717663,
                                                                                                                                                            "operator_type": "PROJECTION",
                                                                                                                                                            "operator_cardinality": 93679,
                                                                                                                                                            "cumulative_rows_scanned": 3850116,
                                                                                                                                                            "operator_rows_scanned": 0,
                                                                                                                                                            "operator_timing": 0.000016887999999999998,
                                                                                                                                                            "result_set_size": 2623012,
                                                                                                                                                            "children": [
                                                                                                                                                                {
                                                                                                                                                                    "operator_name": "PROJECTION",
                                                                                                                                                                    "cpu_time": 0.098238232,
                                                                                                                                                                    "extra_info": {
                                                                                                                                                                        "Projections": [
                                                                                                                                                                            "#0",
                                                                                                                                                                            "#2",
                                                                                                                                                                            "#3",
                                                                                                                                                                            "#4"
                                                                                                                                                                        ],
                                                                                                                                                                        "Estimated Cardinality": "154004"
                                                                                                                                                                    },
                                                                                                                                                                    "cumulative_cardinality": 623984,
                                                                                                                                                                    "operator_type": "PROJECTION",
                                                                                                                                                                    "operator_cardinality": 93679,
                                                                                                                                                                    "cumulative_rows_scanned": 3850116,
                                                                                                                                                                    "operator_rows_scanned": 0,
                                                                                                                                                                    "operator_timing": 0.000016961999999999998,
                                                                                                                                                                    "result_set_size": 2623012,
                                                                                                                                                                    "children": [
                                                                                                                                                                        {
                                                                                                                                                                            "operator_name": "FILTER",
                                                                                                                                                                            "cpu_time": 0.09822127,
                                                                                                                                                                            "extra_info": {
                                                                                                                                                                                "Expression": "(score > 0)",
                                                                                                                                                                                "Estimated Cardinality": "154004"
                                                                                                                                                                            },
                                                                                                                                                                            "cumulative_cardinality": 530305,
                                                                                                                                                                            "operator_type": "FILTER",
                                                                                                                                                                            "operator_cardinality": 93679,
                                                                                                                                                                            "cumulative_rows_scanned": 3850116,
                                                                                                                                                                            "operator_rows_scanned": 0,
                                                                                                                                                                            "operator_timing": 0.00024834200000000003,
                                                                                                                                                                            "result_set_size": 4121876,
                                                                                                                                                                            "children": [
                                                                                                                                                                                {
                                                                                                                                                                                    "operator_name": "PROJECTION",
                                                                                                                                                                                    "cpu_time": 0.097972928,
                                                                                                                                                                                    "extra_info": {
                                                                                                                                                                                        "Projections": [
                                                                                                                                                                                            "#0",
                                                                                                                                                                                            "#1",
                                                                                                                                                                                            "#2",
                                                                                                                                                                                            "#3",
                                                                                                                                                                                            "#4",
                                                                                                                                                                                            "#5"
                                                                                                                                                                                        ],
                                                                                                                                                                                        "Estimated Cardinality": "770023"
                                                                                                                                                                                    },
                                                                                                                                                                                    "cumulative_cardinality": 436626,
                                                                                                                                                                                    "operator_type": "PROJECTION",
                                                                                                                                                                                    "operator_cardinality": 145542,
                                                                                                                                                                                    "cumulative_rows_scanned": 3850116,
                                                                                                                                                                                    "operator_rows_scanned": 0,
                                                                                                                                                                                    "operator_timing": 0.000024199,
                                                                                                                                                                                    "result_set_size": 6403848,
                                                                                                                                                                                    "children": [
                                                                                                                                                                                        {
                                                                                                                                                                                            "operator_name": "WINDOW",
                                                                                                                                                                                            "cpu_time": 0.097948729,
                                                                                                                                                                                            "extra_info": {
                                                                                                                                                                                                "Projections": "ROW_NUMBER() OVER (PARTITION BY owneruserid ORDER BY creationdate DESC NULLS LAST)"
                                                                                                                                                                                            },
                                                                                                                                                                                            "cumulative_cardinality": 291084,
                                                                                                                                                                                            "operator_type": "WINDOW",
                                                                                                                                                                                            "operator_cardinality": 145542,
                                                                                                                                                                                            "cumulative_rows_scanned": 3850116,
                                                                                                                                                                                            "operator_rows_scanned": 0,
                                                                                                                                                                                            "operator_timing": 0.033214936,
                                                                                                                                                                                            "result_set_size": 6403848,
                                                                                                                                                                                            "children": [
                                                                                                                                                                                                {
                                                                                                                                                                                                    "operator_name": "READ_PARQUET ",
                                                                                                                                                                                                    "cpu_time": 0.064733793,
                                                                                                                                                                                                    "extra_info": {
                                                                                                                                                                                                        "Function": "READ_PARQUET",
                                                                                                                                                                                                        "Projections": [
                                                                                                                                                                                                            "id",
                                                                                                                                                                                                            "creationdate",
                                                                                                                                                                                                            "score",
                                                                                                                                                                                                            "owneruserid",
                                                                                                                                                                                                            "title"
                                                                                                                                                                                                        ],
                                                                                                                                                                                                        "Filters": "creationdate>='2023-10-01 12:34:56'::TIMESTAMP",
                                                                                                                                                                                                        "Estimated Cardinality": "770023"
                                                                                                                                                                                                    },
                                                                                                                                                                                                    "cumulative_cardinality": 145542,
                                                                                                                                                                                                    "operator_type": "TABLE_SCAN",
                                                                                                                                                                                                    "operator_cardinality": 145542,
                                                                                                                                                                                                    "cumulative_rows_scanned": 3850116,
                                                                                                                                                                                                    "operator_rows_scanned": 3850116,
                                                                                                                                                                                                    "operator_timing": 0.064733793,
                                                                                                                                                                                                    "result_set_size": 5239512,
                                                                                                                                                                                                    "children": []
                                                                                                                                                                                                }
                                                                                                                                                                                            ]
                                                                                                                                                                                        }
                                                                                                                                                                                    ]
                                                                                                                                                                                }
                                                                                                                                                                            ]
                                                                                                                                                                        }
                                                                                                                                                                    ]
                                                                                                                                                                }
                                                                                                                                                            ]
                                                                                                                                                        }
                                                                                                                                                    ]
                                                                                                                                                }
                                                                                                                                            ]
                                                                                                                                        }
                                                                                                                                    ]
                                                                                                                                }
                                                                                                                            ]
                                                                                                                        }
                                                                                                                    ]
                                                                                                                }
                                                                                                            ]
                                                                                                        }
                                                                                                    ]
                                                                                                }
                                                                                            ]
                                                                                        }
                                                                                    ]
                                                                                }
                                                                            ]
                                                                        }
                                                                    ]
                                                                }
                                                            ]
                                                        }
                                                    ]
                                                }
                                            ]
                                        },
                                        {
                                            "operator_name": "READ_PARQUET ",
                                            "cpu_time": 0.00031170199999999996,
                                            "extra_info": {
                                                "Function": "READ_PARQUET",
                                                "Projections": [
                                                    "id",
                                                    "name"
                                                ],
                                                "Estimated Cardinality": "34"
                                            },
                                            "cumulative_cardinality": 34,
                                            "operator_type": "TABLE_SCAN",
                                            "operator_cardinality": 34,
                                            "cumulative_rows_scanned": 34,
                                            "operator_rows_scanned": 34,
                                            "operator_timing": 0.00031170199999999996,
                                            "result_set_size": 612,
                                            "children": []
                                        }
                                    ]
                                }
                            ]
                        }
                    ]
                }
            ]
        }
    ]
}