{
    "rows_returned": 100,
    "query_name": "WITH UserVotes AS (\n    SELECT \n        u.Id AS UserId,\n        u.DisplayName,\n        COUNT(v.Id) AS VoteCount\n    FROM Users u\n    LEFT JOIN Votes v ON u.Id = v.UserId\n    GROUP BY u.Id, u.DisplayName\n),\nPostDetails AS (\n    SELECT \n        p.Id AS PostId,\n        p.Title,\n        p.CreationDate,\n        p.Score,\n        p.ViewCount,\n        COUNT(c.Id) AS CommentCount,\n        COALESCE(SUM(CASE WHEN v.VoteTypeId = 2 THEN 1 ELSE 0 END), 0) AS UpVotes,\n        COALESCE(SUM(CASE WHEN v.VoteTypeId = 3 THEN 1 ELSE 0 END), 0) AS DownVotes\n    FROM Posts p\n    LEFT JOIN Comments c ON p.Id = c.PostId\n    LEFT JOIN Votes v ON p.Id = v.PostId\n    GROUP BY p.Id, p.Title, p.CreationDate, p.Score, p.ViewCount\n),\nUserPostStats AS (\n    SELECT \n        u.Id AS UserId,\n        u.DisplayName,\n        COUNT(DISTINCT p.Id) AS PostCount,\n        SUM(COALESCE(pd.Score, 0)) AS TotalScore,\n        SUM(COALESCE(pd.ViewCount, 0)) AS TotalViews,\n        SUM(COALESCE(pd.CommentCount, 0)) AS TotalComments,\n        SUM(COALESCE(pd.UpVotes, 0)) AS TotalUpVotes,\n        SUM(COALESCE(pd.DownVotes, 0)) AS TotalDownVotes\n    FROM Users u\n    LEFT JOIN Posts p ON u.Id = p.OwnerUserId\n    LEFT JOIN PostDetails pd ON p.Id = pd.PostId\n    GROUP BY u.Id, u.DisplayName\n)\nSELECT \n    u.UserId,\n    u.DisplayName,\n    u.PostCount,\n    u.TotalScore,\n    u.TotalViews,\n    u.TotalComments,\n    u.TotalUpVotes,\n    u.TotalDownVotes,\n    COALESCE(v.VoteCount, 0) AS TotalVotes\nFROM UserPostStats u\nLEFT JOIN UserVotes v ON u.UserId = v.UserId\nORDER BY u.TotalScore DESC, u.PostCount DESC\nLIMIT 100;",
    "blocked_thread_time": 0.0,
    "cpu_time": 8.755033826999997,
    "extra_info": {},
    "cumulative_cardinality": 239211544,
    "cumulative_rows_scanned": 42951660,
    "result_set_size": 11600,
    "latency": 10.610925293,
    "children": [
        {
            "operator_name": "STREAMING_LIMIT",
            "cpu_time": 8.755033826999997,
            "extra_info": {},
            "cumulative_cardinality": 239211544,
            "operator_type": "STREAMING_LIMIT",
            "operator_cardinality": 100,
            "cumulative_rows_scanned": 42951660,
            "operator_rows_scanned": 0,
            "operator_timing": 0.0000027440000000000003,
            "result_set_size": 11600,
            "children": [
                {
                    "operator_name": "ORDER_BY",
                    "cpu_time": 8.755031082999997,
                    "extra_info": {
                        "Order By": [
                            "u.TotalScore DESC",
                            "u.PostCount DESC"
                        ]
                    },
                    "cumulative_cardinality": 239211444,
                    "operator_type": "ORDER_BY",
                    "operator_cardinality": 4096,
                    "cumulative_rows_scanned": 42951660,
                    "operator_rows_scanned": 0,
                    "operator_timing": 0.08373236000000005,
                    "result_set_size": 475136,
                    "children": [
                        {
                            "operator_name": "PROJECTION",
                            "cpu_time": 8.671298722999996,
                            "extra_info": {
                                "Projections": [
                                    "UserId",
                                    "displayname",
                                    "PostCount",
                                    "TotalScore",
                                    "TotalViews",
                                    "TotalComments",
                                    "TotalUpVotes",
                                    "TotalDownVotes",
                                    "TotalVotes"
                                ],
                                "Estimated Cardinality": "1260710"
                            },
                            "cumulative_cardinality": 239207348,
                            "operator_type": "PROJECTION",
                            "operator_cardinality": 1260710,
                            "cumulative_rows_scanned": 42951660,
                            "operator_rows_scanned": 0,
                            "operator_timing": 0.011989191999999992,
                            "result_set_size": 146242360,
                            "children": [
                                {
                                    "operator_name": "HASH_JOIN",
                                    "cpu_time": 8.659309530999996,
                                    "extra_info": {
                                        "Join Type": "LEFT",
                                        "Conditions": "UserId = UserId",
                                        "Estimated Cardinality": "1260710"
                                    },
                                    "cumulative_cardinality": 237946638,
                                    "operator_type": "HASH_JOIN",
                                    "operator_cardinality": 1260710,
                                    "cumulative_rows_scanned": 42951660,
                                    "operator_rows_scanned": 0,
                                    "operator_timing": 0.088952514,
                                    "result_set_size": 151285200,
                                    "children": [
                                        {
                                            "operator_name": "HASH_GROUP_BY",
                                            "cpu_time": 8.020368116999995,
                                            "extra_info": {
                                                "Groups": [
                                                    "#0",
                                                    "#1"
                                                ],
                                                "Aggregates": [
                                                    "count(DISTINCT #2)",
                                                    "sum(#3)",
                                                    "sum(#4)",
                                                    "sum(#5)",
                                                    "sum(#6)",
                                                    "sum(#7)"
                                                ],
                                                "Estimated Cardinality": "1260710"
                                            },
                                            "cumulative_cardinality": 230285801,
                                            "operator_type": "HASH_GROUP_BY",
                                            "operator_cardinality": 1260710,
                                            "cumulative_rows_scanned": 28946857,
                                            "operator_rows_scanned": 0,
                                            "operator_timing": 1.4354538820000002,
                                            "result_set_size": 136156680,
                                            "children": [
                                                {
                                                    "operator_name": "PROJECTION",
                                                    "cpu_time": 6.584914234999994,
                                                    "extra_info": {
                                                        "Projections": [
                                                            "id",
                                                            "displayname",
                                                            "id",
                                                            "COALESCE(score, 0)",
                                                            "COALESCE(viewcount, 0)",
                                                            "COALESCE(CommentCount, 0)",
                                                            "COALESCE(UpVotes, 0)",
                                                            "COALESCE(DownVotes, 0)"
                                                        ],
                                                        "Estimated Cardinality": "3850116"
                                                    },
                                                    "cumulative_cardinality": 229025091,
                                                    "operator_type": "PROJECTION",
                                                    "operator_cardinality": 4574495,
                                                    "cumulative_rows_scanned": 28946857,
                                                    "operator_rows_scanned": 0,
                                                    "operator_timing": 0.14146209300000007,
                                                    "result_set_size": 329363640,
                                                    "children": [
                                                        {
                                                            "operator_name": "HASH_JOIN",
                                                            "cpu_time": 6.443452141999994,
                                                            "extra_info": {
                                                                "Join Type": "RIGHT",
                                                                "Conditions": "PostId = id",
                                                                "Estimated Cardinality": "3850116"
                                                            },
                                                            "cumulative_cardinality": 224450596,
                                                            "operator_type": "HASH_JOIN",
                                                            "operator_cardinality": 4574495,
                                                            "cumulative_rows_scanned": 28946857,
                                                            "operator_rows_scanned": 0,
                                                            "operator_timing": 0.4464873070000001,
                                                            "result_set_size": 329363640,
                                                            "children": [
                                                                {
                                                                    "operator_name": "PROJECTION",
                                                                    "cpu_time": 5.604221324999994,
                                                                    "extra_info": {
                                                                        "Projections": [
                                                                            "PostId",
                                                                            "score",
                                                                            "viewcount",
                                                                            "CommentCount",
                                                                            "UpVotes",
                                                                            "DownVotes"
                                                                        ],
                                                                        "Estimated Cardinality": "3850116"
                                                                    },
                                                                    "cumulative_cardinality": 210355480,
                                                                    "operator_type": "PROJECTION",
                                                                    "operator_cardinality": 3850116,
                                                                    "cumulative_rows_scanned": 23836031,
                                                                    "operator_rows_scanned": 0,
                                                                    "operator_timing": 0.04261585099999989,
                                                                    "result_set_size": 200206032,
                                                                    "children": [
                                                                        {
                                                                            "operator_name": "PROJECTION",
                                                                            "cpu_time": 5.561605473999994,
                                                                            "extra_info": {
                                                                                "Projections": [
                                                                                    "#0",
                                                                                    "#1",
                                                                                    "#2",
                                                                                    "__internal_decompress_integral_integer(#3, -72)",
                                                                                    "#4",
                                                                                    "#5",
                                                                                    "#6",
                                                                                    "#7"
                                                                                ],
                                                                                "Estimated Cardinality": "3850116"
                                                                            },
                                                                            "cumulative_cardinality": 206505364,
                                                                            "operator_type": "PROJECTION",
                                                                            "operator_cardinality": 3850116,
                                                                            "cumulative_rows_scanned": 23836031,
                                                                            "operator_rows_scanned": 0,
                                                                            "operator_timing": 0.0023049290000000037,
                                                                            "result_set_size": 292608816,
                                                                            "children": [
                                                                                {
                                                                                    "operator_name": "HASH_GROUP_BY",
                                                                                    "cpu_time": 5.559300544999994,
                                                                                    "extra_info": {
                                                                                        "Groups": [
                                                                                            "#0",
                                                                                            "#1",
                                                                                            "#2",
                                                                                            "#3",
                                                                                            "#4"
                                                                                        ],
                                                                                        "Aggregates": [
                                                                                            "count(#5)",
                                                                                            "sum(#6)",
                                                                                            "sum(#7)"
                                                                                        ],
                                                                                        "Estimated Cardinality": "3850116"
                                                                                    },
                                                                                    "cumulative_cardinality": 202655248,
                                                                                    "operator_type": "HASH_GROUP_BY",
                                                                                    "operator_cardinality": 3850116,
                                                                                    "cumulative_rows_scanned": 23836031,
                                                                                    "operator_rows_scanned": 0,
                                                                                    "operator_timing": 2.8321542879999972,
                                                                                    "result_set_size": 284908584,
                                                                                    "children": [
                                                                                        {
                                                                                            "operator_name": "PROJECTION",
                                                                                            "cpu_time": 2.727146256999997,
                                                                                            "extra_info": {
                                                                                                "Projections": [
                                                                                                    "id",
                                                                                                    "title",
                                                                                                    "creationdate",
                                                                                                    "score",
                                                                                                    "viewcount",
                                                                                                    "id",
                                                                                                    "CASE  WHEN ((votetypeid = 2)) THEN (1) ELSE 0 END",
                                                                                                    "CASE  WHEN ((votetypeid = 3)) THEN (1) ELSE 0 END"
                                                                                                ],
                                                                                                "Estimated Cardinality": "12744093"
                                                                                            },
                                                                                            "cumulative_cardinality": 198805132,
                                                                                            "operator_type": "PROJECTION",
                                                                                            "operator_cardinality": 35129590,
                                                                                            "cumulative_rows_scanned": 23836031,
                                                                                            "operator_rows_scanned": 0,
                                                                                            "operator_timing": 0.14691265700000009,
                                                                                            "result_set_size": 1615961140,
                                                                                            "children": [
                                                                                                {
                                                                                                    "operator_name": "PROJECTION",
                                                                                                    "cpu_time": 2.580233599999997,
                                                                                                    "extra_info": {
                                                                                                        "Projections": [
                                                                                                            "#0",
                                                                                                            "#1",
                                                                                                            "#2",
                                                                                                            "__internal_compress_integral_usmallint(#3, -72)",
                                                                                                            "#4",
                                                                                                            "#5",
                                                                                                            "#6"
                                                                                                        ],
                                                                                                        "Estimated Cardinality": "12744093"
                                                                                                    },
                                                                                                    "cumulative_cardinality": 163675542,
                                                                                                    "operator_type": "PROJECTION",
                                                                                                    "operator_cardinality": 35129590,
                                                                                                    "cumulative_rows_scanned": 23836031,
                                                                                                    "operator_rows_scanned": 0,
                                                                                                    "operator_timing": 0.03973518699999999,
                                                                                                    "result_set_size": 1405183600,
                                                                                                    "children": [
                                                                                                        {
                                                                                                            "operator_name": "PROJECTION",
                                                                                                            "cpu_time": 2.5404984129999972,
                                                                                                            "extra_info": {
                                                                                                                "Projections": [
                                                                                                                    "#0",
                                                                                                                    "#1",
                                                                                                                    "#2",
                                                                                                                    "#3",
                                                                                                                    "#4",
                                                                                                                    "#5",
                                                                                                                    "__internal_decompress_integral_smallint(#6, 1)"
                                                                                                                ],
                                                                                                                "Estimated Cardinality": "12744093"
                                                                                                            },
                                                                                                            "cumulative_cardinality": 128545952,
                                                                                                            "operator_type": "PROJECTION",
                                                                                                            "operator_cardinality": 35129590,
                                                                                                            "cumulative_rows_scanned": 23836031,
                                                                                                            "operator_rows_scanned": 0,
                                                                                                            "operator_timing": 0.01977793199999933,
                                                                                                            "result_set_size": 1475442780,
                                                                                                            "children": [
                                                                                                                {
                                                                                                                    "operator_name": "HASH_JOIN",
                                                                                                                    "cpu_time": 2.520720480999998,
                                                                                                                    "extra_info": {
                                                                                                                        "Join Type": "LEFT",
                                                                                                                        "Conditions": "id = postid",
                                                                                                                        "Estimated Cardinality": "12744093"
                                                                                                                    },
                                                                                                                    "cumulative_cardinality": 93416362,
                                                                                                                    "operator_type": "HASH_JOIN",
                                                                                                                    "operator_cardinality": 35129590,
                                                                                                                    "cumulative_rows_scanned": 23836031,
                                                                                                                    "operator_rows_scanned": 0,
                                                                                                                    "operator_timing": 1.109958807000002,
                                                                                                                    "result_set_size": 1440313190,
                                                                                                                    "children": [
                                                                                                                        {
                                                                                                                            "operator_name": "PROJECTION",
                                                                                                                            "cpu_time": 1.2781498359999959,
                                                                                                                            "extra_info": {
                                                                                                                                "Projections": [
                                                                                                                                    "#0",
                                                                                                                                    "#1",
                                                                                                                                    "#2",
                                                                                                                                    "__internal_decompress_integral_integer(#3, -72)",
                                                                                                                                    "#4",
                                                                                                                                    "#5"
                                                                                                                                ],
                                                                                                                                "Estimated Cardinality": "7241822"
                                                                                                                            },
                                                                                                                            "cumulative_cardinality": 32798586,
                                                                                                                            "operator_type": "PROJECTION",
                                                                                                                            "operator_cardinality": 8928266,
                                                                                                                            "cumulative_rows_scanned": 11091938,
                                                                                                                            "operator_rows_scanned": 0,
                                                                                                                            "operator_timing": 0.005424212000000009,
                                                                                                                            "result_set_size": 357130640,
                                                                                                                            "children": [
                                                                                                                                {
                                                                                                                                    "operator_name": "HASH_JOIN",
                                                                                                                                    "cpu_time": 1.2727256239999958,
                                                                                                                                    "extra_info": {
                                                                                                                                        "Join Type": "RIGHT",
                                                                                                                                        "Conditions": "postid = id",
                                                                                                                                        "Estimated Cardinality": "7241822"
                                                                                                                                    },
                                                                                                                                    "cumulative_cardinality": 23870320,
                                                                                                                                    "operator_type": "HASH_JOIN",
                                                                                                                                    "operator_cardinality": 8928266,
                                                                                                                                    "cumulative_rows_scanned": 11091938,
                                                                                                                                    "operator_rows_scanned": 0,
                                                                                                                                    "operator_timing": 0.7435996069999959,
                                                                                                                                    "result_set_size": 339274108,
                                                                                                                                    "children": [
                                                                                                                                        {
                                                                                                                                            "operator_name": "READ_PARQUET ",
                                                                                                                                            "cpu_time": 0.12890221500000001,
                                                                                                                                            "extra_info": {
                                                                                                                                                "Function": "READ_PARQUET",
                                                                                                                                                "Projections": [
                                                                                                                                                    "id",
                                                                                                                                                    "postid"
                                                                                                                                                ],
                                                                                                                                                "Estimated Cardinality": "7241822"
                                                                                                                                            },
                                                                                                                                            "cumulative_cardinality": 7241822,
                                                                                                                                            "operator_type": "TABLE_SCAN",
                                                                                                                                            "operator_cardinality": 7241822,
                                                                                                                                            "cumulative_rows_scanned": 7241822,
                                                                                                                                            "operator_rows_scanned": 7241822,
                                                                                                                                            "operator_timing": 0.12890221500000001,
                                                                                                                                            "result_set_size": 57934576,
                                                                                                                                            "children": []
                                                                                                                                        },
                                                                                                                                        {
                                                                                                                                            "operator_name": "PROJECTION",
                                                                                                                                            "cpu_time": 0.40022380199999985,
                                                                                                                                            "extra_info": {
                                                                                                                                                "Projections": [
                                                                                                                                                    "#0",
                                                                                                                                                    "#1",
                                                                                                                                                    "__internal_compress_integral_usmallint(#2, -72)",
                                                                                                                                                    "#3",
                                                                                                                                                    "#4"
                                                                                                                                                ],
                                                                                                                                                "Estimated Cardinality": "3850116"
                                                                                                                                            },
                                                                                                                                            "cumulative_cardinality": 7700232,
                                                                                                                                            "operator_type": "PROJECTION",
                                                                                                                                            "operator_cardinality": 3850116,
                                                                                                                                            "cumulative_rows_scanned": 3850116,
                                                                                                                                            "operator_rows_scanned": 0,
                                                                                                                                            "operator_timing": 0.001690533000000003,
                                                                                                                                            "result_set_size": 130903944,
                                                                                                                                            "children": [
                                                                                                                                                {
                                                                                                                                                    "operator_name": "READ_PARQUET ",
                                                                                                                                                    "cpu_time": 0.39853326899999986,
                                                                                                                                                    "extra_info": {
                                                                                                                                                        "Function": "READ_PARQUET",
                                                                                                                                                        "Projections": [
                                                                                                                                                            "id",
                                                                                                                                                            "creationdate",
                                                                                                                                                            "score",
                                                                                                                                                            "viewcount",
                                                                                                                                                            "title"
                                                                                                                                                        ],
                                                                                                                                                        "Estimated Cardinality": "3850116"
                                                                                                                                                    },
                                                                                                                                                    "cumulative_cardinality": 3850116,
                                                                                                                                                    "operator_type": "TABLE_SCAN",
                                                                                                                                                    "operator_cardinality": 3850116,
                                                                                                                                                    "cumulative_rows_scanned": 3850116,
                                                                                                                                                    "operator_rows_scanned": 3850116,
                                                                                                                                                    "operator_timing": 0.39853326899999986,
                                                                                                                                                    "result_set_size": 138604176,
                                                                                                                                                    "children": []
                                                                                                                                                }
                                                                                                                                            ]
                                                                                                                                        }
                                                                                                                                    ]
                                                                                                                                }
                                                                                                                            ]
                                                                                                                        },
                                                                                                                        {
                                                                                                                            "operator_name": "PROJECTION",
                                                                                                                            "cpu_time": 0.13261183800000004,
                                                                                                                            "extra_info": {
                                                                                                                                "Projections": [
                                                                                                                                    "#0",
                                                                                                                                    "__internal_compress_integral_utinyint(#1, 1)"
                                                                                                                                ],
                                                                                                                                "Estimated Cardinality": "12744093"
                                                                                                                            },
                                                                                                                            "cumulative_cardinality": 25488186,
                                                                                                                            "operator_type": "PROJECTION",
                                                                                                                            "operator_cardinality": 12744093,
                                                                                                                            "cumulative_rows_scanned": 12744093,
                                                                                                                            "operator_rows_scanned": 0,
                                                                                                                            "operator_timing": 0.0031125920000000537,
                                                                                                                            "result_set_size": 63720465,
                                                                                                                            "children": [
                                                                                                                                {
                                                                                                                                    "operator_name": "READ_PARQUET ",
                                                                                                                                    "cpu_time": 0.12949924599999998,
                                                                                                                                    "extra_info": {
                                                                                                                                        "Function": "READ_PARQUET",
                                                                                                                                        "Projections": [
                                                                                                                                            "postid",
                                                                                                                                            "votetypeid"
                                                                                                                                        ],
                                                                                                                                        "Estimated Cardinality": "12744093"
                                                                                                                                    },
                                                                                                                                    "cumulative_cardinality": 12744093,
                                                                                                                                    "operator_type": "TABLE_SCAN",
                                                                                                                                    "operator_cardinality": 12744093,
                                                                                                                                    "cumulative_rows_scanned": 12744093,
                                                                                                                                    "operator_rows_scanned": 12744093,
                                                                                                                                    "operator_timing": 0.12949924599999998,
                                                                                                                                    "result_set_size": 76464558,
                                                                                                                                    "children": []
                                                                                                                                }
                                                                                                                            ]
                                                                                                                        }
                                                                                                                    ]
                                                                                                                }
                                                                                                            ]
                                                                                                        }
                                                                                                    ]
                                                                                                }
                                                                                            ]
                                                                                        }
                                                                                    ]
                                                                                }
                                                                            ]
                                                                        }
                                                                    ]
                                                                },
                                                                {
                                                                    "operator_name": "HASH_JOIN",
                                                                    "cpu_time": 0.39274351000000024,
                                                                    "extra_info": {
                                                                        "Join Type": "RIGHT",
                                                                        "Conditions": "owneruserid = id",
                                                                        "Estimated Cardinality": "3850116"
                                                                    },
                                                                    "cumulative_cardinality": 9520621,
                                                                    "operator_type": "HASH_JOIN",
                                                                    "operator_cardinality": 4574495,
                                                                    "cumulative_rows_scanned": 5110826,
                                                                    "operator_rows_scanned": 0,
                                                                    "operator_timing": 0.2301554940000003,
                                                                    "result_set_size": 109787880,
                                                                    "children": [
                                                                        {
                                                                            "operator_name": "READ_PARQUET ",
                                                                            "cpu_time": 0.08427726399999987,
                                                                            "extra_info": {
                                                                                "Function": "READ_PARQUET",
                                                                                "Projections": [
                                                                                    "id",
                                                                                    "owneruserid"
                                                                                ],
                                                                                "Estimated Cardinality": "3850116"
                                                                            },
                                                                            "cumulative_cardinality": 3685416,
                                                                            "operator_type": "TABLE_SCAN",
                                                                            "operator_cardinality": 3685416,
                                                                            "cumulative_rows_scanned": 3850116,
                                                                            "operator_rows_scanned": 3850116,
                                                                            "operator_timing": 0.08427726399999987,
                                                                            "result_set_size": 29483328,
                                                                            "children": []
                                                                        },
                                                                        {
                                                                            "operator_name": "READ_PARQUET ",
                                                                            "cpu_time": 0.07831075200000008,
                                                                            "extra_info": {
                                                                                "Function": "READ_PARQUET",
                                                                                "Projections": [
                                                                                    "id",
                                                                                    "displayname"
                                                                                ],
                                                                                "Estimated Cardinality": "1260710"
                                                                            },
                                                                            "cumulative_cardinality": 1260710,
                                                                            "operator_type": "TABLE_SCAN",
                                                                            "operator_cardinality": 1260710,
                                                                            "cumulative_rows_scanned": 1260710,
                                                                            "operator_rows_scanned": 1260710,
                                                                            "operator_timing": 0.07831075200000008,
                                                                            "result_set_size": 25214200,
                                                                            "children": []
                                                                        }
                                                                    ]
                                                                }
                                                            ]
                                                        }
                                                    ]
                                                }
                                            ]
                                        },
                                        {
                                            "operator_name": "PROJECTION",
                                            "cpu_time": 0.5499889000000003,
                                            "extra_info": {
                                                "Projections": [
                                                    "UserId",
                                                    "VoteCount"
                                                ],
                                                "Estimated Cardinality": "1260710"
                                            },
                                            "cumulative_cardinality": 6400127,
                                            "operator_type": "PROJECTION",
                                            "operator_cardinality": 1260710,
                                            "cumulative_rows_scanned": 14004803,
                                            "operator_rows_scanned": 0,
                                            "operator_timing": 0.00008598800000000002,
                                            "result_set_size": 15128520,
                                            "children": [
                                                {
                                                    "operator_name": "HASH_GROUP_BY",
                                                    "cpu_time": 0.5499029120000003,
                                                    "extra_info": {
                                                        "Groups": [
                                                            "#0",
                                                            "#1"
                                                        ],
                                                        "Aggregates": "count(#2)",
                                                        "Estimated Cardinality": "1260710"
                                                    },
                                                    "cumulative_cardinality": 5139417,
                                                    "operator_type": "HASH_GROUP_BY",
                                                    "operator_cardinality": 1260710,
                                                    "cumulative_rows_scanned": 14004803,
                                                    "operator_rows_scanned": 0,
                                                    "operator_timing": 0.18767902999999986,
                                                    "result_set_size": 35299880,
                                                    "children": [
                                                        {
                                                            "operator_name": "PROJECTION",
                                                            "cpu_time": 0.36222388200000044,
                                                            "extra_info": {
                                                                "Projections": [
                                                                    "id",
                                                                    "displayname",
                                                                    "id"
                                                                ],
                                                                "Estimated Cardinality": "12744093"
                                                            },
                                                            "cumulative_cardinality": 3878707,
                                                            "operator_type": "PROJECTION",
                                                            "operator_cardinality": 1288855,
                                                            "cumulative_rows_scanned": 14004803,
                                                            "operator_rows_scanned": 0,
                                                            "operator_timing": 0.00017220400000000018,
                                                            "result_set_size": 30932520,
                                                            "children": [
                                                                {
                                                                    "operator_name": "HASH_JOIN",
                                                                    "cpu_time": 0.36205167800000043,
                                                                    "extra_info": {
                                                                        "Join Type": "RIGHT",
                                                                        "Conditions": "userid = id",
                                                                        "Estimated Cardinality": "12744093"
                                                                    },
                                                                    "cumulative_cardinality": 2589852,
                                                                    "operator_type": "HASH_JOIN",
                                                                    "operator_cardinality": 1288855,
                                                                    "cumulative_rows_scanned": 14004803,
                                                                    "operator_rows_scanned": 0,
                                                                    "operator_timing": 0.11602312400000102,
                                                                    "result_set_size": 30932520,
                                                                    "children": [
                                                                        {
                                                                            "operator_name": "READ_PARQUET ",
                                                                            "cpu_time": 0.1557714949999994,
                                                                            "extra_info": {
                                                                                "Function": "READ_PARQUET",
                                                                                "Projections": [
                                                                                    "id",
                                                                                    "userid"
                                                                                ],
                                                                                "Estimated Cardinality": "12744093"
                                                                            },
                                                                            "cumulative_cardinality": 40287,
                                                                            "operator_type": "TABLE_SCAN",
                                                                            "operator_cardinality": 40287,
                                                                            "cumulative_rows_scanned": 12744093,
                                                                            "operator_rows_scanned": 12744093,
                                                                            "operator_timing": 0.1557714949999994,
                                                                            "result_set_size": 322296,
                                                                            "children": []
                                                                        },
                                                                        {
                                                                            "operator_name": "READ_PARQUET ",
                                                                            "cpu_time": 0.09025705900000003,
                                                                            "extra_info": {
                                                                                "Function": "READ_PARQUET",
                                                                                "Projections": [
                                                                                    "id",
                                                                                    "displayname"
                                                                                ],
                                                                                "Estimated Cardinality": "1260710"
                                                                            },
                                                                            "cumulative_cardinality": 1260710,
                                                                            "operator_type": "TABLE_SCAN",
                                                                            "operator_cardinality": 1260710,
                                                                            "cumulative_rows_scanned": 1260710,
                                                                            "operator_rows_scanned": 1260710,
                                                                            "operator_timing": 0.09025705900000003,
                                                                            "result_set_size": 25214200,
                                                                            "children": []
                                                                        }
                                                                    ]
                                                                }
                                                            ]
                                                        }
                                                    ]
                                                }
                                            ]
                                        }
                                    ]
                                }
                            ]
                        }
                    ]
                }
            ]
        }
    ]
}