{
    "rows_returned": 100,
    "query_name": "\nSELECT \n    p.Id AS PostId,\n    p.Title,\n    p.CreationDate,\n    p.Score,\n    p.ViewCount,\n    u.DisplayName AS OwnerDisplayName,\n    COUNT(DISTINCT c.Id) AS CommentCount,\n    COUNT(DISTINCT b.Id) AS BadgeCount,\n    SUM(CASE WHEN v.VoteTypeId = 2 THEN 1 ELSE 0 END) AS UpVoteCount, \n    SUM(CASE WHEN v.VoteTypeId = 3 THEN 1 ELSE 0 END) AS DownVoteCount \nFROM \n    Posts p\nJOIN \n    Users u ON p.OwnerUserId = u.Id\nLEFT JOIN \n    Comments c ON p.Id = c.PostId\nLEFT JOIN \n    Badges b ON u.Id = b.UserId\nLEFT JOIN \n    Votes v ON p.Id = v.PostId\nWHERE \n    p.CreationDate >= '2020-01-01' \nGROUP BY \n    p.Id, p.Title, p.CreationDate, p.Score, p.ViewCount, u.DisplayName\nORDER BY \n    p.CreationDate DESC\nLIMIT 100;\n",
    "blocked_thread_time": 0.0,
    "cpu_time": 158.31364204499957,
    "extra_info": {},
    "cumulative_cardinality": 3490453280,
    "cumulative_rows_scanned": 27418465,
    "result_set_size": 10000,
    "latency": 189.429589307,
    "children": [
        {
            "operator_name": "STREAMING_LIMIT",
            "cpu_time": 158.31364204499957,
            "extra_info": {},
            "cumulative_cardinality": 3490453280,
            "operator_type": "STREAMING_LIMIT",
            "operator_cardinality": 100,
            "cumulative_rows_scanned": 27418465,
            "operator_rows_scanned": 0,
            "operator_timing": 0.000001373,
            "result_set_size": 10000,
            "children": [
                {
                    "operator_name": "PROJECTION",
                    "cpu_time": 158.31364067199956,
                    "extra_info": {
                        "Projections": [
                            "#0",
                            "#1",
                            "#2",
                            "__internal_decompress_integral_integer(#3, -72)",
                            "#4",
                            "#5",
                            "#6",
                            "#7",
                            "#8",
                            "#9"
                        ],
                        "Estimated Cardinality": "3850116"
                    },
                    "cumulative_cardinality": 3490453180,
                    "operator_type": "PROJECTION",
                    "operator_cardinality": 4096,
                    "cumulative_rows_scanned": 27418465,
                    "operator_rows_scanned": 0,
                    "operator_timing": 0.000005471,
                    "result_set_size": 409600,
                    "children": [
                        {
                            "operator_name": "ORDER_BY",
                            "cpu_time": 158.31363520099956,
                            "extra_info": {
                                "Order By": "p.CreationDate DESC"
                            },
                            "cumulative_cardinality": 3490449084,
                            "operator_type": "ORDER_BY",
                            "operator_cardinality": 4096,
                            "cumulative_rows_scanned": 27418465,
                            "operator_rows_scanned": 0,
                            "operator_timing": 0.10828479400000003,
                            "result_set_size": 401408,
                            "children": [
                                {
                                    "operator_name": "PROJECTION",
                                    "cpu_time": 158.20535040699954,
                                    "extra_info": {
                                        "Projections": [
                                            "#0",
                                            "#1",
                                            "#2",
                                            "__internal_compress_integral_usmallint(#3, -72)",
                                            "#4",
                                            "#5",
                                            "#6",
                                            "#7",
                                            "#8",
                                            "#9"
                                        ],
                                        "Estimated Cardinality": "3850116"
                                    },
                                    "cumulative_cardinality": 3490444988,
                                    "operator_type": "PROJECTION",
                                    "operator_cardinality": 1024305,
                                    "cumulative_rows_scanned": 27418465,
                                    "operator_rows_scanned": 0,
                                    "operator_timing": 0.00046353699999999954,
                                    "result_set_size": 100381890,
                                    "children": [
                                        {
                                            "operator_name": "PROJECTION",
                                            "cpu_time": 158.20488686999954,
                                            "extra_info": {
                                                "Projections": [
                                                    "#0",
                                                    "#1",
                                                    "#2",
                                                    "__internal_decompress_integral_integer(#3, -72)",
                                                    "#4",
                                                    "#5",
                                                    "#6",
                                                    "#7",
                                                    "#8",
                                                    "#9"
                                                ],
                                                "Estimated Cardinality": "3850116"
                                            },
                                            "cumulative_cardinality": 3489420683,
                                            "operator_type": "PROJECTION",
                                            "operator_cardinality": 1024305,
                                            "cumulative_rows_scanned": 27418465,
                                            "operator_rows_scanned": 0,
                                            "operator_timing": 0.0005684449999999996,
                                            "result_set_size": 102430500,
                                            "children": [
                                                {
                                                    "operator_name": "HASH_GROUP_BY",
                                                    "cpu_time": 158.20431842499954,
                                                    "extra_info": {
                                                        "Groups": [
                                                            "#0",
                                                            "#1",
                                                            "#2",
                                                            "#3",
                                                            "#4",
                                                            "#5"
                                                        ],
                                                        "Aggregates": [
                                                            "count(DISTINCT #6)",
                                                            "count(DISTINCT #7)",
                                                            "sum(#8)",
                                                            "sum(#9)"
                                                        ],
                                                        "Estimated Cardinality": "3850116"
                                                    },
                                                    "cumulative_cardinality": 3488396378,
                                                    "operator_type": "HASH_GROUP_BY",
                                                    "operator_cardinality": 1024305,
                                                    "cumulative_rows_scanned": 27418465,
                                                    "operator_rows_scanned": 0,
                                                    "operator_timing": 136.26210815899958,
                                                    "result_set_size": 100381890,
                                                    "children": [
                                                        {
                                                            "operator_name": "PROJECTION",
                                                            "cpu_time": 21.942210265999975,
                                                            "extra_info": {
                                                                "Projections": [
                                                                    "id",
                                                                    "title",
                                                                    "creationdate",
                                                                    "score",
                                                                    "viewcount",
                                                                    "displayname",
                                                                    "id",
                                                                    "id",
                                                                    "CASE  WHEN ((votetypeid = 2)) THEN (1) ELSE 0 END",
                                                                    "CASE  WHEN ((votetypeid = 3)) THEN (1) ELSE 0 END"
                                                                ],
                                                                "Estimated Cardinality": "12744093"
                                                            },
                                                            "cumulative_cardinality": 3487372073,
                                                            "operator_type": "PROJECTION",
                                                            "operator_cardinality": 804218084,
                                                            "cumulative_rows_scanned": 27418465,
                                                            "operator_rows_scanned": 0,
                                                            "operator_timing": 3.349454311999988,
                                                            "result_set_size": 53078393544,
                                                            "children": [
                                                                {
                                                                    "operator_name": "PROJECTION",
                                                                    "cpu_time": 18.592755953999987,
                                                                    "extra_info": {
                                                                        "Projections": [
                                                                            "#0",
                                                                            "#1",
                                                                            "__internal_compress_integral_usmallint(#2, -72)",
                                                                            "#3",
                                                                            "#4",
                                                                            "#5",
                                                                            "#6",
                                                                            "#7",
                                                                            "#8"
                                                                        ],
                                                                        "Estimated Cardinality": "12744093"
                                                                    },
                                                                    "cumulative_cardinality": 2683153989,
                                                                    "operator_type": "PROJECTION",
                                                                    "operator_cardinality": 804218084,
                                                                    "cumulative_rows_scanned": 27418465,
                                                                    "operator_rows_scanned": 0,
                                                                    "operator_timing": 1.0076797910001518,
                                                                    "result_set_size": 48253085040,
                                                                    "children": [
                                                                        {
                                                                            "operator_name": "PROJECTION",
                                                                            "cpu_time": 17.585076162999837,
                                                                            "extra_info": {
                                                                                "Projections": [
                                                                                    "#2",
                                                                                    "#3",
                                                                                    "#4",
                                                                                    "#5",
                                                                                    "#6",
                                                                                    "#1",
                                                                                    "#0",
                                                                                    "#7",
                                                                                    "__internal_decompress_integral_smallint(#8, 1)"
                                                                                ],
                                                                                "Estimated Cardinality": "12744093"
                                                                            },
                                                                            "cumulative_cardinality": 1878935905,
                                                                            "operator_type": "PROJECTION",
                                                                            "operator_cardinality": 804218084,
                                                                            "cumulative_rows_scanned": 27418465,
                                                                            "operator_rows_scanned": 0,
                                                                            "operator_timing": 0.5497776020001204,
                                                                            "result_set_size": 49861521208,
                                                                            "children": [
                                                                                {
                                                                                    "operator_name": "HASH_JOIN",
                                                                                    "cpu_time": 17.035298560999717,
                                                                                    "extra_info": {
                                                                                        "Join Type": "LEFT",
                                                                                        "Conditions": "id = postid",
                                                                                        "Estimated Cardinality": "12744093"
                                                                                    },
                                                                                    "cumulative_cardinality": 1074717821,
                                                                                    "operator_type": "HASH_JOIN",
                                                                                    "operator_cardinality": 804218084,
                                                                                    "cumulative_rows_scanned": 27418465,
                                                                                    "operator_rows_scanned": 0,
                                                                                    "operator_timing": 12.722286019999679,
                                                                                    "result_set_size": 49057303124,
                                                                                    "children": [
                                                                                        {
                                                                                            "operator_name": "HASH_JOIN",
                                                                                            "cpu_time": 4.18409802800004,
                                                                                            "extra_info": {
                                                                                                "Join Type": "LEFT",
                                                                                                "Conditions": "id = userid",
                                                                                                "Estimated Cardinality": "7241822"
                                                                                            },
                                                                                            "cumulative_cardinality": 245011551,
                                                                                            "operator_type": "HASH_JOIN",
                                                                                            "operator_cardinality": 234777553,
                                                                                            "cumulative_rows_scanned": 14674372,
                                                                                            "operator_rows_scanned": 0,
                                                                                            "operator_timing": 3.34038014900004,
                                                                                            "result_set_size": 14086653180,
                                                                                            "children": [
                                                                                                {
                                                                                                    "operator_name": "HASH_JOIN",
                                                                                                    "cpu_time": 0.8201109849999997,
                                                                                                    "extra_info": {
                                                                                                        "Join Type": "RIGHT",
                                                                                                        "Conditions": "postid = id",
                                                                                                        "Estimated Cardinality": "7241822"
                                                                                                    },
                                                                                                    "cumulative_cardinality": 7912274,
                                                                                                    "operator_type": "HASH_JOIN",
                                                                                                    "operator_cardinality": 2459415,
                                                                                                    "cumulative_rows_scanned": 12352648,
                                                                                                    "operator_rows_scanned": 0,
                                                                                                    "operator_timing": 0.30452856800000005,
                                                                                                    "result_set_size": 147564900,
                                                                                                    "children": [
                                                                                                        {
                                                                                                            "operator_name": "READ_PARQUET ",
                                                                                                            "cpu_time": 0.06105569399999993,
                                                                                                            "extra_info": {
                                                                                                                "Function": "READ_PARQUET",
                                                                                                                "Projections": [
                                                                                                                    "id",
                                                                                                                    "postid"
                                                                                                                ],
                                                                                                                "Estimated Cardinality": "7241822"
                                                                                                            },
                                                                                                            "cumulative_cardinality": 2106068,
                                                                                                            "operator_type": "TABLE_SCAN",
                                                                                                            "operator_cardinality": 2106068,
                                                                                                            "cumulative_rows_scanned": 7241822,
                                                                                                            "operator_rows_scanned": 7241822,
                                                                                                            "operator_timing": 0.06105569399999993,
                                                                                                            "result_set_size": 16848544,
                                                                                                            "children": []
                                                                                                        },
                                                                                                        {
                                                                                                            "operator_name": "HASH_JOIN",
                                                                                                            "cpu_time": 0.45452672299999974,
                                                                                                            "extra_info": {
                                                                                                                "Join Type": "INNER",
                                                                                                                "Conditions": "id = owneruserid",
                                                                                                                "Estimated Cardinality": "770023"
                                                                                                            },
                                                                                                            "cumulative_cardinality": 3346791,
                                                                                                            "operator_type": "HASH_JOIN",
                                                                                                            "operator_cardinality": 1024305,
                                                                                                            "cumulative_rows_scanned": 5110826,
                                                                                                            "operator_rows_scanned": 0,
                                                                                                            "operator_timing": 0.1800685179999999,
                                                                                                            "result_set_size": 57361080,
                                                                                                            "children": [
                                                                                                                {
                                                                                                                    "operator_name": "READ_PARQUET ",
                                                                                                                    "cpu_time": 0.085821017,
                                                                                                                    "extra_info": {
                                                                                                                        "Function": "READ_PARQUET",
                                                                                                                        "Projections": [
                                                                                                                            "id",
                                                                                                                            "displayname"
                                                                                                                        ],
                                                                                                                        "Filters": "id<=1416539",
                                                                                                                        "Estimated Cardinality": "1260710"
                                                                                                                    },
                                                                                                                    "cumulative_cardinality": 1260679,
                                                                                                                    "operator_type": "TABLE_SCAN",
                                                                                                                    "operator_cardinality": 1260679,
                                                                                                                    "cumulative_rows_scanned": 1260710,
                                                                                                                    "operator_rows_scanned": 1260710,
                                                                                                                    "operator_timing": 0.085821017,
                                                                                                                    "result_set_size": 25213580,
                                                                                                                    "children": []
                                                                                                                },
                                                                                                                {
                                                                                                                    "operator_name": "READ_PARQUET ",
                                                                                                                    "cpu_time": 0.18863718799999987,
                                                                                                                    "extra_info": {
                                                                                                                        "Function": "READ_PARQUET",
                                                                                                                        "Projections": [
                                                                                                                            "id",
                                                                                                                            "creationdate",
                                                                                                                            "score",
                                                                                                                            "viewcount",
                                                                                                                            "owneruserid",
                                                                                                                            "title"
                                                                                                                        ],
                                                                                                                        "Filters": "creationdate>='2020-01-01 00:00:00'::TIMESTAMP",
                                                                                                                        "Estimated Cardinality": "770023"
                                                                                                                    },
                                                                                                                    "cumulative_cardinality": 1061807,
                                                                                                                    "operator_type": "TABLE_SCAN",
                                                                                                                    "operator_cardinality": 1061807,
                                                                                                                    "cumulative_rows_scanned": 3850116,
                                                                                                                    "operator_rows_scanned": 3850116,
                                                                                                                    "operator_timing": 0.18863718799999987,
                                                                                                                    "result_set_size": 42472280,
                                                                                                                    "children": []
                                                                                                                }
                                                                                                            ]
                                                                                                        }
                                                                                                    ]
                                                                                                },
                                                                                                {
                                                                                                    "operator_name": "READ_PARQUET ",
                                                                                                    "cpu_time": 0.02360689400000007,
                                                                                                    "extra_info": {
                                                                                                        "Function": "READ_PARQUET",
                                                                                                        "Projections": [
                                                                                                            "id",
                                                                                                            "userid"
                                                                                                        ],
                                                                                                        "Estimated Cardinality": "2321724"
                                                                                                    },
                                                                                                    "cumulative_cardinality": 2321724,
                                                                                                    "operator_type": "TABLE_SCAN",
                                                                                                    "operator_cardinality": 2321724,
                                                                                                    "cumulative_rows_scanned": 2321724,
                                                                                                    "operator_rows_scanned": 2321724,
                                                                                                    "operator_timing": 0.02360689400000007,
                                                                                                    "result_set_size": 18573792,
                                                                                                    "children": []
                                                                                                }
                                                                                            ]
                                                                                        },
                                                                                        {
                                                                                            "operator_name": "PROJECTION",
                                                                                            "cpu_time": 0.1289145129999995,
                                                                                            "extra_info": {
                                                                                                "Projections": [
                                                                                                    "#0",
                                                                                                    "__internal_compress_integral_utinyint(#1, 1)"
                                                                                                ],
                                                                                                "Estimated Cardinality": "12744093"
                                                                                            },
                                                                                            "cumulative_cardinality": 25488186,
                                                                                            "operator_type": "PROJECTION",
                                                                                            "operator_cardinality": 12744093,
                                                                                            "cumulative_rows_scanned": 12744093,
                                                                                            "operator_rows_scanned": 0,
                                                                                            "operator_timing": 0.003292376999999979,
                                                                                            "result_set_size": 63720465,
                                                                                            "children": [
                                                                                                {
                                                                                                    "operator_name": "READ_PARQUET ",
                                                                                                    "cpu_time": 0.12562213599999952,
                                                                                                    "extra_info": {
                                                                                                        "Function": "READ_PARQUET",
                                                                                                        "Projections": [
                                                                                                            "postid",
                                                                                                            "votetypeid"
                                                                                                        ],
                                                                                                        "Estimated Cardinality": "12744093"
                                                                                                    },
                                                                                                    "cumulative_cardinality": 12744093,
                                                                                                    "operator_type": "TABLE_SCAN",
                                                                                                    "operator_cardinality": 12744093,
                                                                                                    "cumulative_rows_scanned": 12744093,
                                                                                                    "operator_rows_scanned": 12744093,
                                                                                                    "operator_timing": 0.12562213599999952,
                                                                                                    "result_set_size": 76464558,
                                                                                                    "children": []
                                                                                                }
                                                                                            ]
                                                                                        }
                                                                                    ]
                                                                                }
                                                                            ]
                                                                        }
                                                                    ]
                                                                }
                                                            ]
                                                        }
                                                    ]
                                                }
                                            ]
                                        }
                                    ]
                                }
                            ]
                        }
                    ]
                }
            ]
        }
    ]
}