{
    "rows_returned": 70,
    "query_name": "WITH PostSummary AS (\n    SELECT \n        pt.Name AS PostType,\n        COUNT(p.Id) AS PostCount,\n        AVG(p.Score) AS AvgScore,\n        AVG(p.ViewCount) AS AvgViewCount,\n        AVG(COALESCE(p.AnswerCount, 0)) AS AvgAnswerCount\n    FROM \n        Posts p\n    INNER JOIN \n        PostTypes pt ON p.PostTypeId = pt.Id\n    GROUP BY \n        pt.Name\n),\nActiveUsers AS (\n    SELECT \n        u.Id,\n        u.DisplayName,\n        COUNT(p.Id) AS PostCount\n    FROM \n        Users u\n    LEFT JOIN \n        Posts p ON u.Id = p.OwnerUserId\n    GROUP BY \n        u.Id, u.DisplayName\n    ORDER BY \n        PostCount DESC \n    LIMIT 10\n)\n\nSELECT \n    ps.PostType,\n    ps.PostCount,\n    ps.AvgScore,\n    ps.AvgViewCount,\n    ps.AvgAnswerCount,\n    au.DisplayName AS ActiveUser,\n    au.PostCount AS UserPostCount\nFROM \n    PostSummary ps\nLEFT JOIN \n    ActiveUsers au ON true  \nORDER BY \n    ps.PostType;",
    "blocked_thread_time": 0.0,
    "cpu_time": 1.0581237130000003,
    "extra_info": {},
    "cumulative_cardinality": 28171144,
    "cumulative_rows_scanned": 8960950,
    "result_set_size": 5040,
    "latency": 1.146022552,
    "children": [
        {
            "operator_name": "ORDER_BY",
            "cpu_time": 1.0581237130000003,
            "extra_info": {
                "Order By": "ps.PostType ASC"
            },
            "cumulative_cardinality": 28171144,
            "operator_type": "ORDER_BY",
            "operator_cardinality": 70,
            "cumulative_rows_scanned": 8960950,
            "operator_rows_scanned": 0,
            "operator_timing": 0.000031119,
            "result_set_size": 5040,
            "children": [
                {
                    "operator_name": "BLOCKWISE_NL_JOIN",
                    "cpu_time": 1.0580925940000003,
                    "extra_info": {
                        "Join Type": "LEFT",
                        "Condition": "true"
                    },
                    "cumulative_cardinality": 28171074,
                    "operator_type": "BLOCKWISE_NL_JOIN",
                    "operator_cardinality": 70,
                    "cumulative_rows_scanned": 8960950,
                    "operator_rows_scanned": 0,
                    "operator_timing": 0.000084438,
                    "result_set_size": 5040,
                    "children": [
                        {
                            "operator_name": "HASH_GROUP_BY",
                            "cpu_time": 0.27515237800000003,
                            "extra_info": {
                                "Groups": "#0",
                                "Aggregates": [
                                    "count_star()",
                                    "avg(#1)",
                                    "avg(#2)",
                                    "avg(#3)"
                                ],
                                "Estimated Cardinality": "1925058"
                            },
                            "cumulative_cardinality": 11550362,
                            "operator_type": "HASH_GROUP_BY",
                            "operator_cardinality": 7,
                            "cumulative_rows_scanned": 3850124,
                            "operator_rows_scanned": 0,
                            "operator_timing": 0.10584667799999994,
                            "result_set_size": 336,
                            "children": [
                                {
                                    "operator_name": "PROJECTION",
                                    "cpu_time": 0.16930570000000006,
                                    "extra_info": {
                                        "Projections": [
                                            "name",
                                            "score",
                                            "viewcount",
                                            "COALESCE(answercount, 0)"
                                        ],
                                        "Estimated Cardinality": "3850116"
                                    },
                                    "cumulative_cardinality": 11550355,
                                    "operator_type": "PROJECTION",
                                    "operator_cardinality": 3850116,
                                    "cumulative_rows_scanned": 3850124,
                                    "operator_rows_scanned": 0,
                                    "operator_timing": 0.03275839900000009,
                                    "result_set_size": 107803248,
                                    "children": [
                                        {
                                            "operator_name": "HASH_JOIN",
                                            "cpu_time": 0.13654730099999998,
                                            "extra_info": {
                                                "Join Type": "INNER",
                                                "Conditions": "posttypeid = id",
                                                "Estimated Cardinality": "3850116"
                                            },
                                            "cumulative_cardinality": 7700239,
                                            "operator_type": "HASH_JOIN",
                                            "operator_cardinality": 3850116,
                                            "cumulative_rows_scanned": 3850124,
                                            "operator_rows_scanned": 0,
                                            "operator_timing": 0.007920927999999999,
                                            "result_set_size": 107803248,
                                            "children": [
                                                {
                                                    "operator_name": "READ_PARQUET ",
                                                    "cpu_time": 0.128274475,
                                                    "extra_info": {
                                                        "Function": "READ_PARQUET",
                                                        "Projections": [
                                                            "id",
                                                            "posttypeid",
                                                            "score",
                                                            "viewcount",
                                                            "answercount"
                                                        ],
                                                        "Estimated Cardinality": "3850116"
                                                    },
                                                    "cumulative_cardinality": 3850116,
                                                    "operator_type": "TABLE_SCAN",
                                                    "operator_cardinality": 3850116,
                                                    "cumulative_rows_scanned": 3850116,
                                                    "operator_rows_scanned": 3850116,
                                                    "operator_timing": 0.128274475,
                                                    "result_set_size": 69302088,
                                                    "children": []
                                                },
                                                {
                                                    "operator_name": "READ_PARQUET ",
                                                    "cpu_time": 0.00035189799999999996,
                                                    "extra_info": {
                                                        "Function": "READ_PARQUET",
                                                        "Projections": [
                                                            "id",
                                                            "name"
                                                        ],
                                                        "Filters": "id<=7",
                                                        "Estimated Cardinality": "8"
                                                    },
                                                    "cumulative_cardinality": 7,
                                                    "operator_type": "TABLE_SCAN",
                                                    "operator_cardinality": 7,
                                                    "cumulative_rows_scanned": 8,
                                                    "operator_rows_scanned": 8,
                                                    "operator_timing": 0.00035189799999999996,
                                                    "result_set_size": 126,
                                                    "children": []
                                                }
                                            ]
                                        }
                                    ]
                                }
                            ]
                        },
                        {
                            "operator_name": "STREAMING_LIMIT",
                            "cpu_time": 0.7828557780000003,
                            "extra_info": {},
                            "cumulative_cardinality": 16620642,
                            "operator_type": "STREAMING_LIMIT",
                            "operator_cardinality": 10,
                            "cumulative_rows_scanned": 5110826,
                            "operator_rows_scanned": 0,
                            "operator_timing": 0.000002505,
                            "result_set_size": 240,
                            "children": [
                                {
                                    "operator_name": "ORDER_BY",
                                    "cpu_time": 0.7828532730000003,
                                    "extra_info": {
                                        "Order By": "count(p.Id) DESC"
                                    },
                                    "cumulative_cardinality": 16620632,
                                    "operator_type": "ORDER_BY",
                                    "operator_cardinality": 4096,
                                    "cumulative_rows_scanned": 5110826,
                                    "operator_rows_scanned": 0,
                                    "operator_timing": 0.03474821200000002,
                                    "result_set_size": 98304,
                                    "children": [
                                        {
                                            "operator_name": "PROJECTION",
                                            "cpu_time": 0.7481050610000003,
                                            "extra_info": {
                                                "Projections": [
                                                    "displayname",
                                                    "PostCount"
                                                ],
                                                "Estimated Cardinality": "1260710"
                                            },
                                            "cumulative_cardinality": 16616536,
                                            "operator_type": "PROJECTION",
                                            "operator_cardinality": 1260710,
                                            "cumulative_rows_scanned": 5110826,
                                            "operator_rows_scanned": 0,
                                            "operator_timing": 0.0000913389999999999,
                                            "result_set_size": 30257040,
                                            "children": [
                                                {
                                                    "operator_name": "HASH_GROUP_BY",
                                                    "cpu_time": 0.7480137220000003,
                                                    "extra_info": {
                                                        "Groups": [
                                                            "#0",
                                                            "#1"
                                                        ],
                                                        "Aggregates": "count(#2)",
                                                        "Estimated Cardinality": "1260710"
                                                    },
                                                    "cumulative_cardinality": 15355826,
                                                    "operator_type": "HASH_GROUP_BY",
                                                    "operator_cardinality": 1260710,
                                                    "cumulative_rows_scanned": 5110826,
                                                    "operator_rows_scanned": 0,
                                                    "operator_timing": 0.33444263099999993,
                                                    "result_set_size": 35299880,
                                                    "children": [
                                                        {
                                                            "operator_name": "PROJECTION",
                                                            "cpu_time": 0.4135710910000003,
                                                            "extra_info": {
                                                                "Projections": [
                                                                    "id",
                                                                    "displayname",
                                                                    "id"
                                                                ],
                                                                "Estimated Cardinality": "3850116"
                                                            },
                                                            "cumulative_cardinality": 14095116,
                                                            "operator_type": "PROJECTION",
                                                            "operator_cardinality": 4574495,
                                                            "cumulative_rows_scanned": 5110826,
                                                            "operator_rows_scanned": 0,
                                                            "operator_timing": 0.000713456000000001,
                                                            "result_set_size": 109787880,
                                                            "children": [
                                                                {
                                                                    "operator_name": "HASH_JOIN",
                                                                    "cpu_time": 0.4128576350000003,
                                                                    "extra_info": {
                                                                        "Join Type": "RIGHT",
                                                                        "Conditions": "owneruserid = id",
                                                                        "Estimated Cardinality": "3850116"
                                                                    },
                                                                    "cumulative_cardinality": 9520621,
                                                                    "operator_type": "HASH_JOIN",
                                                                    "operator_cardinality": 4574495,
                                                                    "cumulative_rows_scanned": 5110826,
                                                                    "operator_rows_scanned": 0,
                                                                    "operator_timing": 0.22588146600000014,
                                                                    "result_set_size": 109787880,
                                                                    "children": [
                                                                        {
                                                                            "operator_name": "READ_PARQUET ",
                                                                            "cpu_time": 0.09363258200000006,
                                                                            "extra_info": {
                                                                                "Function": "READ_PARQUET",
                                                                                "Projections": [
                                                                                    "id",
                                                                                    "owneruserid"
                                                                                ],
                                                                                "Estimated Cardinality": "3850116"
                                                                            },
                                                                            "cumulative_cardinality": 3685416,
                                                                            "operator_type": "TABLE_SCAN",
                                                                            "operator_cardinality": 3685416,
                                                                            "cumulative_rows_scanned": 3850116,
                                                                            "operator_rows_scanned": 3850116,
                                                                            "operator_timing": 0.09363258200000006,
                                                                            "result_set_size": 29483328,
                                                                            "children": []
                                                                        },
                                                                        {
                                                                            "operator_name": "READ_PARQUET ",
                                                                            "cpu_time": 0.09334358700000006,
                                                                            "extra_info": {
                                                                                "Function": "READ_PARQUET",
                                                                                "Projections": [
                                                                                    "id",
                                                                                    "displayname"
                                                                                ],
                                                                                "Estimated Cardinality": "1260710"
                                                                            },
                                                                            "cumulative_cardinality": 1260710,
                                                                            "operator_type": "TABLE_SCAN",
                                                                            "operator_cardinality": 1260710,
                                                                            "cumulative_rows_scanned": 1260710,
                                                                            "operator_rows_scanned": 1260710,
                                                                            "operator_timing": 0.09334358700000006,
                                                                            "result_set_size": 25214200,
                                                                            "children": []
                                                                        }
                                                                    ]
                                                                }
                                                            ]
                                                        }
                                                    ]
                                                }
                                            ]
                                        }
                                    ]
                                }
                            ]
                        }
                    ]
                }
            ]
        }
    ]
}