{
    "rows_returned": 5,
    "query_name": "WITH RecentPosts AS (\n    SELECT \n        p.Id AS PostId,\n        p.PostTypeId,\n        p.OwnerUserId,\n        u.Reputation AS UserReputation,\n        p.CreationDate\n    FROM \n        Posts p\n    JOIN \n        Users u ON p.OwnerUserId = u.Id\n    WHERE \n        p.CreationDate >= cast('2024-10-01 12:34:56' as timestamp) - INTERVAL '1 year'\n),\nPostCounts AS (\n    SELECT \n        COUNT(*) AS TotalPosts,\n        COUNT(DISTINCT OwnerUserId) AS TotalUsers,\n        AVG(UserReputation) AS AverageUserReputation\n    FROM \n        RecentPosts\n),\nPostTypeCounts AS (\n    SELECT \n        pt.Name AS PostTypeName,\n        COUNT(*) AS PostTypeCount\n    FROM \n        RecentPosts rp\n    JOIN \n        PostTypes pt ON rp.PostTypeId = pt.Id\n    GROUP BY \n        pt.Name\n)\n\nSELECT \n    pc.TotalPosts,\n    pc.TotalUsers,\n    pc.AverageUserReputation,\n    ptc.PostTypeName,\n    ptc.PostTypeCount\nFROM \n    PostCounts pc\nLEFT JOIN \n    PostTypeCounts ptc ON true  \nORDER BY \n    ptc.PostTypeName;",
    "blocked_thread_time": 0.0,
    "cpu_time": 0.6909310559999998,
    "extra_info": {},
    "cumulative_cardinality": 3961670,
    "cumulative_rows_scanned": 10221660,
    "result_set_size": 240,
    "latency": 0.857093213,
    "children": [
        {
            "operator_name": "ORDER_BY",
            "cpu_time": 0.6909310559999998,
            "extra_info": {
                "Order By": "ptc.PostTypeName ASC"
            },
            "cumulative_cardinality": 3961670,
            "operator_type": "ORDER_BY",
            "operator_cardinality": 5,
            "cumulative_rows_scanned": 10221660,
            "operator_rows_scanned": 0,
            "operator_timing": 0.000057678,
            "result_set_size": 240,
            "children": [
                {
                    "operator_name": "PROJECTION",
                    "cpu_time": 0.6908733779999998,
                    "extra_info": {
                        "Projections": [
                            "TotalPosts",
                            "TotalUsers",
                            "AverageUserReputation",
                            "PostTypeName",
                            "PostTypeCount"
                        ],
                        "Estimated Cardinality": "385011"
                    },
                    "cumulative_cardinality": 3961665,
                    "operator_type": "PROJECTION",
                    "operator_cardinality": 5,
                    "cumulative_rows_scanned": 10221660,
                    "operator_rows_scanned": 0,
                    "operator_timing": 0.000001032,
                    "result_set_size": 240,
                    "children": [
                        {
                            "operator_name": "BLOCKWISE_NL_JOIN",
                            "cpu_time": 0.6908723459999998,
                            "extra_info": {
                                "Join Type": "RIGHT",
                                "Condition": "true"
                            },
                            "cumulative_cardinality": 3961660,
                            "operator_type": "BLOCKWISE_NL_JOIN",
                            "operator_cardinality": 5,
                            "cumulative_rows_scanned": 10221660,
                            "operator_rows_scanned": 0,
                            "operator_timing": 0.000050384,
                            "result_set_size": 240,
                            "children": [
                                {
                                    "operator_name": "HASH_GROUP_BY",
                                    "cpu_time": 0.21242341799999992,
                                    "extra_info": {
                                        "Groups": "#0",
                                        "Aggregates": "count_star()",
                                        "Estimated Cardinality": "385011"
                                    },
                                    "cumulative_cardinality": 2124483,
                                    "operator_type": "HASH_GROUP_BY",
                                    "operator_cardinality": 5,
                                    "cumulative_rows_scanned": 5110834,
                                    "operator_rows_scanned": 0,
                                    "operator_timing": 0.012595941000000003,
                                    "result_set_size": 120,
                                    "children": [
                                        {
                                            "operator_name": "PROJECTION",
                                            "cpu_time": 0.19982747699999992,
                                            "extra_info": {
                                                "Projections": "name",
                                                "Estimated Cardinality": "770023"
                                            },
                                            "cumulative_cardinality": 2124478,
                                            "operator_type": "PROJECTION",
                                            "operator_cardinality": 143650,
                                            "cumulative_rows_scanned": 5110834,
                                            "operator_rows_scanned": 0,
                                            "operator_timing": 0.00019157499999999982,
                                            "result_set_size": 2298400,
                                            "children": [
                                                {
                                                    "operator_name": "PROJECTION",
                                                    "cpu_time": 0.19963590199999992,
                                                    "extra_info": {
                                                        "Projections": [
                                                            "__internal_compress_integral_utinyint(#0, 1)",
                                                            "#1"
                                                        ],
                                                        "Estimated Cardinality": "770023"
                                                    },
                                                    "cumulative_cardinality": 1980828,
                                                    "operator_type": "PROJECTION",
                                                    "operator_cardinality": 143650,
                                                    "cumulative_rows_scanned": 5110834,
                                                    "operator_rows_scanned": 0,
                                                    "operator_timing": 0.0005376980000000003,
                                                    "result_set_size": 2442050,
                                                    "children": [
                                                        {
                                                            "operator_name": "HASH_JOIN",
                                                            "cpu_time": 0.19909820399999992,
                                                            "extra_info": {
                                                                "Join Type": "INNER",
                                                                "Conditions": "posttypeid = id",
                                                                "Estimated Cardinality": "770023"
                                                            },
                                                            "cumulative_cardinality": 1837178,
                                                            "operator_type": "HASH_JOIN",
                                                            "operator_cardinality": 143650,
                                                            "cumulative_rows_scanned": 5110834,
                                                            "operator_rows_scanned": 0,
                                                            "operator_timing": 0.0011604380000000004,
                                                            "result_set_size": 2585700,
                                                            "children": [
                                                                {
                                                                    "operator_name": "PROJECTION",
                                                                    "cpu_time": 0.1973099629999999,
                                                                    "extra_info": {
                                                                        "Projections": "posttypeid",
                                                                        "Estimated Cardinality": "770023"
                                                                    },
                                                                    "cumulative_cardinality": 1693521,
                                                                    "operator_type": "PROJECTION",
                                                                    "operator_cardinality": 143650,
                                                                    "cumulative_rows_scanned": 5110826,
                                                                    "operator_rows_scanned": 0,
                                                                    "operator_timing": 0.00020686599999999961,
                                                                    "result_set_size": 287300,
                                                                    "children": [
                                                                        {
                                                                            "operator_name": "HASH_JOIN",
                                                                            "cpu_time": 0.1971030969999999,
                                                                            "extra_info": {
                                                                                "Join Type": "INNER",
                                                                                "Conditions": "id = owneruserid",
                                                                                "Estimated Cardinality": "770023"
                                                                            },
                                                                            "cumulative_cardinality": 1549871,
                                                                            "operator_type": "HASH_JOIN",
                                                                            "operator_cardinality": 143650,
                                                                            "cumulative_rows_scanned": 5110826,
                                                                            "operator_rows_scanned": 0,
                                                                            "operator_timing": 0.034528515000000044,
                                                                            "result_set_size": 861900,
                                                                            "children": [
                                                                                {
                                                                                    "operator_name": "READ_PARQUET ",
                                                                                    "cpu_time": 0.027653938999999992,
                                                                                    "extra_info": {
                                                                                        "Function": "READ_PARQUET",
                                                                                        "Projections": "id",
                                                                                        "Filters": "id<=1416539",
                                                                                        "Estimated Cardinality": "1260710"
                                                                                    },
                                                                                    "cumulative_cardinality": 1260679,
                                                                                    "operator_type": "TABLE_SCAN",
                                                                                    "operator_cardinality": 1260679,
                                                                                    "cumulative_rows_scanned": 1260710,
                                                                                    "operator_rows_scanned": 1260710,
                                                                                    "operator_timing": 0.027653938999999992,
                                                                                    "result_set_size": 5042716,
                                                                                    "children": []
                                                                                },
                                                                                {
                                                                                    "operator_name": "READ_PARQUET ",
                                                                                    "cpu_time": 0.13492064299999987,
                                                                                    "extra_info": {
                                                                                        "Function": "READ_PARQUET",
                                                                                        "Projections": [
                                                                                            "posttypeid",
                                                                                            "owneruserid"
                                                                                        ],
                                                                                        "Filters": "creationdate>='2023-10-01 12:34:56'::TIMESTAMP",
                                                                                        "Estimated Cardinality": "770023"
                                                                                    },
                                                                                    "cumulative_cardinality": 145542,
                                                                                    "operator_type": "TABLE_SCAN",
                                                                                    "operator_cardinality": 145542,
                                                                                    "cumulative_rows_scanned": 3850116,
                                                                                    "operator_rows_scanned": 3850116,
                                                                                    "operator_timing": 0.13492064299999987,
                                                                                    "result_set_size": 873252,
                                                                                    "children": []
                                                                                }
                                                                            ]
                                                                        }
                                                                    ]
                                                                },
                                                                {
                                                                    "operator_name": "READ_PARQUET ",
                                                                    "cpu_time": 0.000627803,
                                                                    "extra_info": {
                                                                        "Function": "READ_PARQUET",
                                                                        "Projections": [
                                                                            "id",
                                                                            "name"
                                                                        ],
                                                                        "Filters": "id<=7",
                                                                        "Estimated Cardinality": "8"
                                                                    },
                                                                    "cumulative_cardinality": 7,
                                                                    "operator_type": "TABLE_SCAN",
                                                                    "operator_cardinality": 7,
                                                                    "cumulative_rows_scanned": 8,
                                                                    "operator_rows_scanned": 8,
                                                                    "operator_timing": 0.000627803,
                                                                    "result_set_size": 126,
                                                                    "children": []
                                                                }
                                                            ]
                                                        }
                                                    ]
                                                }
                                            ]
                                        }
                                    ]
                                },
                                {
                                    "operator_name": "UNGROUPED_AGGREGATE",
                                    "cpu_time": 0.4783985439999999,
                                    "extra_info": {
                                        "Aggregates": [
                                            "count_star()",
                                            "count(DISTINCT #0)",
                                            "avg(#1)"
                                        ]
                                    },
                                    "cumulative_cardinality": 1837172,
                                    "operator_type": "UNGROUPED_AGGREGATE",
                                    "operator_cardinality": 1,
                                    "cumulative_rows_scanned": 5110826,
                                    "operator_rows_scanned": 0,
                                    "operator_timing": 0.012180546000000002,
                                    "result_set_size": 24,
                                    "children": [
                                        {
                                            "operator_name": "PROJECTION",
                                            "cpu_time": 0.4662179979999999,
                                            "extra_info": {
                                                "Projections": [
                                                    "owneruserid",
                                                    "UserReputation"
                                                ],
                                                "Estimated Cardinality": "770023"
                                            },
                                            "cumulative_cardinality": 1837171,
                                            "operator_type": "PROJECTION",
                                            "operator_cardinality": 143650,
                                            "cumulative_rows_scanned": 5110826,
                                            "operator_rows_scanned": 0,
                                            "operator_timing": 0.0002267649999999994,
                                            "result_set_size": 1149200,
                                            "children": [
                                                {
                                                    "operator_name": "PROJECTION",
                                                    "cpu_time": 0.4659912329999999,
                                                    "extra_info": {
                                                        "Projections": [
                                                            "owneruserid",
                                                            "UserReputation"
                                                        ],
                                                        "Estimated Cardinality": "770023"
                                                    },
                                                    "cumulative_cardinality": 1693521,
                                                    "operator_type": "PROJECTION",
                                                    "operator_cardinality": 143650,
                                                    "cumulative_rows_scanned": 5110826,
                                                    "operator_rows_scanned": 0,
                                                    "operator_timing": 0.0002289279999999995,
                                                    "result_set_size": 1149200,
                                                    "children": [
                                                        {
                                                            "operator_name": "HASH_JOIN",
                                                            "cpu_time": 0.4657623049999999,
                                                            "extra_info": {
                                                                "Join Type": "INNER",
                                                                "Conditions": "id = owneruserid",
                                                                "Estimated Cardinality": "770023"
                                                            },
                                                            "cumulative_cardinality": 1549871,
                                                            "operator_type": "HASH_JOIN",
                                                            "operator_cardinality": 143650,
                                                            "cumulative_rows_scanned": 5110826,
                                                            "operator_rows_scanned": 0,
                                                            "operator_timing": 0.03345973099999996,
                                                            "result_set_size": 1149200,
                                                            "children": [
                                                                {
                                                                    "operator_name": "READ_PARQUET ",
                                                                    "cpu_time": 0.20608405899999996,
                                                                    "extra_info": {
                                                                        "Function": "READ_PARQUET",
                                                                        "Projections": [
                                                                            "id",
                                                                            "reputation"
                                                                        ],
                                                                        "Filters": "id<=1416539",
                                                                        "Estimated Cardinality": "1260710"
                                                                    },
                                                                    "cumulative_cardinality": 1260679,
                                                                    "operator_type": "TABLE_SCAN",
                                                                    "operator_cardinality": 1260679,
                                                                    "cumulative_rows_scanned": 1260710,
                                                                    "operator_rows_scanned": 1260710,
                                                                    "operator_timing": 0.20608405899999996,
                                                                    "result_set_size": 10085432,
                                                                    "children": []
                                                                },
                                                                {
                                                                    "operator_name": "READ_PARQUET ",
                                                                    "cpu_time": 0.22621851499999995,
                                                                    "extra_info": {
                                                                        "Function": "READ_PARQUET",
                                                                        "Projections": "owneruserid",
                                                                        "Filters": "creationdate>='2023-10-01 12:34:56'::TIMESTAMP",
                                                                        "Estimated Cardinality": "770023"
                                                                    },
                                                                    "cumulative_cardinality": 145542,
                                                                    "operator_type": "TABLE_SCAN",
                                                                    "operator_cardinality": 145542,
                                                                    "cumulative_rows_scanned": 3850116,
                                                                    "operator_rows_scanned": 3850116,
                                                                    "operator_timing": 0.22621851499999995,
                                                                    "result_set_size": 582168,
                                                                    "children": []
                                                                }
                                                            ]
                                                        }
                                                    ]
                                                }
                                            ]
                                        }
                                    ]
                                }
                            ]
                        }
                    ]
                }
            ]
        }
    ]
}