{
    "rows_returned": 145512,
    "query_name": "SELECT p.Title, p.CreationDate, COUNT(c.Id) AS CommentCount, \n       COUNT(DISTINCT v.Id) AS VoteCount, \n       COUNT(DISTINCT b.Id) AS BadgeCount, \n       COUNT(DISTINCT ph.Id) AS PostHistoryCount\nFROM Posts p\nLEFT JOIN Comments c ON p.Id = c.PostId\nLEFT JOIN Votes v ON p.Id = v.PostId\nLEFT JOIN Badges b ON p.OwnerUserId = b.UserId\nLEFT JOIN PostHistory ph ON p.Id = ph.PostId\nWHERE p.CreationDate >= cast('2024-10-01 12:34:56' as timestamp) - INTERVAL '1 year'\nGROUP BY p.Title, p.CreationDate\nORDER BY p.CreationDate DESC;",
    "blocked_thread_time": 0.0,
    "cpu_time": 41.92724864900033,
    "extra_info": {},
    "cumulative_cardinality": 830374357,
    "cumulative_rows_scanned": 37952999,
    "result_set_size": 8148672,
    "latency": 45.810990294,
    "children": [
        {
            "operator_name": "ORDER_BY",
            "cpu_time": 41.92724864900033,
            "extra_info": {
                "Order By": "p.CreationDate DESC"
            },
            "cumulative_cardinality": 830374357,
            "operator_type": "ORDER_BY",
            "operator_cardinality": 145512,
            "cumulative_rows_scanned": 37952999,
            "operator_rows_scanned": 0,
            "operator_timing": 0.007445281000000001,
            "result_set_size": 8148672,
            "children": [
                {
                    "operator_name": "HASH_GROUP_BY",
                    "cpu_time": 41.91980336800033,
                    "extra_info": {
                        "Groups": [
                            "#0",
                            "#1"
                        ],
                        "Aggregates": [
                            "count(#2)",
                            "count(DISTINCT #3)",
                            "count(DISTINCT #4)",
                            "count(DISTINCT #5)"
                        ],
                        "Estimated Cardinality": "3850116"
                    },
                    "cumulative_cardinality": 830228845,
                    "operator_type": "HASH_GROUP_BY",
                    "operator_cardinality": 145512,
                    "cumulative_rows_scanned": 37952999,
                    "operator_rows_scanned": 0,
                    "operator_timing": 35.10873722000024,
                    "result_set_size": 8148672,
                    "children": [
                        {
                            "operator_name": "PROJECTION",
                            "cpu_time": 6.811066148000087,
                            "extra_info": {
                                "Projections": [
                                    "title",
                                    "creationdate",
                                    "id",
                                    "id",
                                    "id",
                                    "id"
                                ],
                                "Estimated Cardinality": "12744093"
                            },
                            "cumulative_cardinality": 830083333,
                            "operator_type": "PROJECTION",
                            "operator_cardinality": 354827090,
                            "cumulative_rows_scanned": 37952999,
                            "operator_rows_scanned": 0,
                            "operator_timing": 0.06556577300000403,
                            "result_set_size": 14193083600,
                            "children": [
                                {
                                    "operator_name": "HASH_JOIN",
                                    "cpu_time": 6.745500375000083,
                                    "extra_info": {
                                        "Join Type": "LEFT",
                                        "Conditions": "id = postid",
                                        "Estimated Cardinality": "12744093"
                                    },
                                    "cumulative_cardinality": 475256243,
                                    "operator_type": "HASH_JOIN",
                                    "operator_cardinality": 354827090,
                                    "cumulative_rows_scanned": 37952999,
                                    "operator_rows_scanned": 0,
                                    "operator_timing": 4.77116306700008,
                                    "result_set_size": 14193083600,
                                    "children": [
                                        {
                                            "operator_name": "HASH_JOIN",
                                            "cpu_time": 1.5604814080000018,
                                            "extra_info": {
                                                "Join Type": "LEFT",
                                                "Conditions": "owneruserid = userid",
                                                "Estimated Cardinality": "12744093"
                                            },
                                            "cumulative_cardinality": 108633909,
                                            "operator_type": "HASH_JOIN",
                                            "operator_cardinality": 104133083,
                                            "cumulative_rows_scanned": 26157755,
                                            "operator_rows_scanned": 0,
                                            "operator_timing": 1.0553302860000018,
                                            "result_set_size": 4165323320,
                                            "children": [
                                                {
                                                    "operator_name": "HASH_JOIN",
                                                    "cpu_time": 0.28822890200000006,
                                                    "extra_info": {
                                                        "Join Type": "RIGHT",
                                                        "Conditions": "postid = id",
                                                        "Estimated Cardinality": "12744093"
                                                    },
                                                    "cumulative_cardinality": 2179102,
                                                    "operator_type": "HASH_JOIN",
                                                    "operator_cardinality": 954760,
                                                    "cumulative_rows_scanned": 23836031,
                                                    "operator_rows_scanned": 0,
                                                    "operator_timing": 0.08085743400000006,
                                                    "result_set_size": 38190400,
                                                    "children": [
                                                        {
                                                            "operator_name": "READ_PARQUET ",
                                                            "cpu_time": 0.028206599000000016,
                                                            "extra_info": {
                                                                "Function": "READ_PARQUET",
                                                                "Projections": [
                                                                    "id",
                                                                    "postid"
                                                                ],
                                                                "Estimated Cardinality": "12744093"
                                                            },
                                                            "cumulative_cardinality": 442526,
                                                            "operator_type": "TABLE_SCAN",
                                                            "operator_cardinality": 442526,
                                                            "cumulative_rows_scanned": 12744093,
                                                            "operator_rows_scanned": 12744093,
                                                            "operator_timing": 0.028206599000000016,
                                                            "result_set_size": 3540208,
                                                            "children": []
                                                        },
                                                        {
                                                            "operator_name": "HASH_JOIN",
                                                            "cpu_time": 0.179164869,
                                                            "extra_info": {
                                                                "Join Type": "RIGHT",
                                                                "Conditions": "postid = id",
                                                                "Estimated Cardinality": "7241822"
                                                            },
                                                            "cumulative_cardinality": 781816,
                                                            "operator_type": "HASH_JOIN",
                                                            "operator_cardinality": 349210,
                                                            "cumulative_rows_scanned": 11091938,
                                                            "operator_rows_scanned": 0,
                                                            "operator_timing": 0.036788886,
                                                            "result_set_size": 12571560,
                                                            "children": [
                                                                {
                                                                    "operator_name": "READ_PARQUET ",
                                                                    "cpu_time": 0.024288750000000005,
                                                                    "extra_info": {
                                                                        "Function": "READ_PARQUET",
                                                                        "Projections": [
                                                                            "id",
                                                                            "postid"
                                                                        ],
                                                                        "Estimated Cardinality": "7241822"
                                                                    },
                                                                    "cumulative_cardinality": 287064,
                                                                    "operator_type": "TABLE_SCAN",
                                                                    "operator_cardinality": 287064,
                                                                    "cumulative_rows_scanned": 7241822,
                                                                    "operator_rows_scanned": 7241822,
                                                                    "operator_timing": 0.024288750000000005,
                                                                    "result_set_size": 2296512,
                                                                    "children": []
                                                                },
                                                                {
                                                                    "operator_name": "READ_PARQUET ",
                                                                    "cpu_time": 0.11808723299999999,
                                                                    "extra_info": {
                                                                        "Function": "READ_PARQUET",
                                                                        "Projections": [
                                                                            "id",
                                                                            "creationdate",
                                                                            "owneruserid",
                                                                            "title"
                                                                        ],
                                                                        "Filters": "creationdate>='2023-10-01 12:34:56'::TIMESTAMP",
                                                                        "Estimated Cardinality": "770023"
                                                                    },
                                                                    "cumulative_cardinality": 145542,
                                                                    "operator_type": "TABLE_SCAN",
                                                                    "operator_cardinality": 145542,
                                                                    "cumulative_rows_scanned": 3850116,
                                                                    "operator_rows_scanned": 3850116,
                                                                    "operator_timing": 0.11808723299999999,
                                                                    "result_set_size": 4657344,
                                                                    "children": []
                                                                }
                                                            ]
                                                        }
                                                    ]
                                                },
                                                {
                                                    "operator_name": "READ_PARQUET ",
                                                    "cpu_time": 0.21692222,
                                                    "extra_info": {
                                                        "Function": "READ_PARQUET",
                                                        "Projections": [
                                                            "id",
                                                            "userid"
                                                        ],
                                                        "Estimated Cardinality": "2321724"
                                                    },
                                                    "cumulative_cardinality": 2321724,
                                                    "operator_type": "TABLE_SCAN",
                                                    "operator_cardinality": 2321724,
                                                    "cumulative_rows_scanned": 2321724,
                                                    "operator_rows_scanned": 2321724,
                                                    "operator_timing": 0.21692222,
                                                    "result_set_size": 18573792,
                                                    "children": []
                                                }
                                            ]
                                        },
                                        {
                                            "operator_name": "READ_PARQUET ",
                                            "cpu_time": 0.4138559000000015,
                                            "extra_info": {
                                                "Function": "READ_PARQUET",
                                                "Projections": [
                                                    "id",
                                                    "postid"
                                                ],
                                                "Estimated Cardinality": "11795244"
                                            },
                                            "cumulative_cardinality": 11795244,
                                            "operator_type": "TABLE_SCAN",
                                            "operator_cardinality": 11795244,
                                            "cumulative_rows_scanned": 11795244,
                                            "operator_rows_scanned": 11795244,
                                            "operator_timing": 0.4138559000000015,
                                            "result_set_size": 94361952,
                                            "children": []
                                        }
                                    ]
                                }
                            ]
                        }
                    ]
                }
            ]
        }
    ]
}