{
    "rows_returned": 7,
    "query_name": "SELECT \n    PT.Name AS PostType,\n    COUNT(P.Id) AS TotalPosts,\n    SUM(P.ViewCount) AS TotalViews,\n    AVG(P.Score) AS AverageScore,\n    SUM(CASE WHEN P.PostTypeId = 1 THEN 1 ELSE 0 END) AS TotalQuestions,\n    SUM(CASE WHEN P.PostTypeId = 2 THEN 1 ELSE 0 END) AS TotalAnswers,\n    SUM(CASE WHEN V.VoteTypeId = 2 THEN 1 ELSE 0 END) AS TotalUpVotes,\n    SUM(CASE WHEN V.VoteTypeId = 3 THEN 1 ELSE 0 END) AS TotalDownVotes,\n    COUNT(DISTINCT C.Id) AS TotalComments\nFROM \n    Posts P\nJOIN \n    PostTypes PT ON P.PostTypeId = PT.Id\nLEFT JOIN \n    Votes V ON P.Id = V.PostId\nLEFT JOIN \n    Comments C ON P.Id = C.PostId\nGROUP BY \n    PT.Name\nORDER BY \n    TotalPosts DESC;",
    "blocked_thread_time": 0.0,
    "cpu_time": 17.285596225999992,
    "extra_info": {},
    "cumulative_cardinality": 124507876,
    "cumulative_rows_scanned": 23836039,
    "result_set_size": 840,
    "latency": 18.903040825,
    "children": [
        {
            "operator_name": "ORDER_BY",
            "cpu_time": 17.285596225999992,
            "extra_info": {
                "Order By": "count(P.Id) DESC"
            },
            "cumulative_cardinality": 124507876,
            "operator_type": "ORDER_BY",
            "operator_cardinality": 7,
            "cumulative_rows_scanned": 23836039,
            "operator_rows_scanned": 0,
            "operator_timing": 0.000035235,
            "result_set_size": 840,
            "children": [
                {
                    "operator_name": "HASH_GROUP_BY",
                    "cpu_time": 17.285560990999993,
                    "extra_info": {
                        "Groups": "#0",
                        "Aggregates": [
                            "count_star()",
                            "sum(#1)",
                            "avg(#2)",
                            "sum(#3)",
                            "sum(#4)",
                            "sum(#5)",
                            "sum(#6)",
                            "count(DISTINCT #7)"
                        ],
                        "Estimated Cardinality": "3850116"
                    },
                    "cumulative_cardinality": 124507869,
                    "operator_type": "HASH_GROUP_BY",
                    "operator_cardinality": 7,
                    "cumulative_rows_scanned": 23836039,
                    "operator_rows_scanned": 0,
                    "operator_timing": 6.2511648459999885,
                    "result_set_size": 840,
                    "children": [
                        {
                            "operator_name": "PROJECTION",
                            "cpu_time": 11.034396145000004,
                            "extra_info": {
                                "Projections": [
                                    "name",
                                    "viewcount",
                                    "score",
                                    "CASE  WHEN ((posttypeid = 1)) THEN (1) ELSE 0 END",
                                    "CASE  WHEN ((posttypeid = 2)) THEN (1) ELSE 0 END",
                                    "CASE  WHEN ((votetypeid = 2)) THEN (1) ELSE 0 END",
                                    "CASE  WHEN ((votetypeid = 3)) THEN (1) ELSE 0 END",
                                    "id"
                                ],
                                "Estimated Cardinality": "12744093"
                            },
                            "cumulative_cardinality": 124507862,
                            "operator_type": "PROJECTION",
                            "operator_cardinality": 35129590,
                            "cumulative_rows_scanned": 23836039,
                            "operator_rows_scanned": 0,
                            "operator_timing": 0.8445925259999945,
                            "result_set_size": 1545701960,
                            "children": [
                                {
                                    "operator_name": "HASH_JOIN",
                                    "cpu_time": 10.18980361900001,
                                    "extra_info": {
                                        "Join Type": "LEFT",
                                        "Conditions": "id = postid",
                                        "Estimated Cardinality": "12744093"
                                    },
                                    "cumulative_cardinality": 89378272,
                                    "operator_type": "HASH_JOIN",
                                    "operator_cardinality": 35129590,
                                    "cumulative_rows_scanned": 23836039,
                                    "operator_rows_scanned": 0,
                                    "operator_timing": 1.6231468270000047,
                                    "result_set_size": 1124146880,
                                    "children": [
                                        {
                                            "operator_name": "PROJECTION",
                                            "cpu_time": 8.453532568000005,
                                            "extra_info": {
                                                "Projections": [
                                                    "#0",
                                                    "#1",
                                                    "__internal_decompress_integral_smallint(#2, 1)",
                                                    "__internal_decompress_integral_integer(#3, -72)",
                                                    "#4",
                                                    "#5"
                                                ],
                                                "Estimated Cardinality": "12744093"
                                            },
                                            "cumulative_cardinality": 47006860,
                                            "operator_type": "PROJECTION",
                                            "operator_cardinality": 11356206,
                                            "cumulative_rows_scanned": 16594217,
                                            "operator_rows_scanned": 0,
                                            "operator_timing": 0.016130163000000062,
                                            "result_set_size": 363398592,
                                            "children": [
                                                {
                                                    "operator_name": "HASH_JOIN",
                                                    "cpu_time": 8.437402405000006,
                                                    "extra_info": {
                                                        "Join Type": "RIGHT",
                                                        "Conditions": "postid = id",
                                                        "Estimated Cardinality": "12744093"
                                                    },
                                                    "cumulative_cardinality": 35650654,
                                                    "operator_type": "HASH_JOIN",
                                                    "operator_cardinality": 11356206,
                                                    "cumulative_rows_scanned": 16594217,
                                                    "operator_rows_scanned": 0,
                                                    "operator_timing": 1.3401110920000034,
                                                    "result_set_size": 329329974,
                                                    "children": [
                                                        {
                                                            "operator_name": "READ_PARQUET ",
                                                            "cpu_time": 6.349646685000003,
                                                            "extra_info": {
                                                                "Function": "READ_PARQUET",
                                                                "Projections": [
                                                                    "postid",
                                                                    "votetypeid"
                                                                ],
                                                                "Estimated Cardinality": "12744093"
                                                            },
                                                            "cumulative_cardinality": 12744093,
                                                            "operator_type": "TABLE_SCAN",
                                                            "operator_cardinality": 12744093,
                                                            "cumulative_rows_scanned": 12744093,
                                                            "operator_rows_scanned": 12744093,
                                                            "operator_timing": 6.349646685000003,
                                                            "result_set_size": 76464558,
                                                            "children": []
                                                        },
                                                        {
                                                            "operator_name": "PROJECTION",
                                                            "cpu_time": 0.7476446279999994,
                                                            "extra_info": {
                                                                "Projections": [
                                                                    "#0",
                                                                    "__internal_compress_integral_utinyint(#1, 1)",
                                                                    "__internal_compress_integral_usmallint(#2, -72)",
                                                                    "#3",
                                                                    "#4"
                                                                ],
                                                                "Estimated Cardinality": "3850116"
                                                            },
                                                            "cumulative_cardinality": 11550355,
                                                            "operator_type": "PROJECTION",
                                                            "operator_cardinality": 3850116,
                                                            "cumulative_rows_scanned": 3850124,
                                                            "operator_rows_scanned": 0,
                                                            "operator_timing": 0.004130173999999997,
                                                            "result_set_size": 103953132,
                                                            "children": [
                                                                {
                                                                    "operator_name": "HASH_JOIN",
                                                                    "cpu_time": 0.7435144539999994,
                                                                    "extra_info": {
                                                                        "Join Type": "INNER",
                                                                        "Conditions": "posttypeid = id",
                                                                        "Estimated Cardinality": "3850116"
                                                                    },
                                                                    "cumulative_cardinality": 7700239,
                                                                    "operator_type": "HASH_JOIN",
                                                                    "operator_cardinality": 3850116,
                                                                    "cumulative_rows_scanned": 3850124,
                                                                    "operator_rows_scanned": 0,
                                                                    "operator_timing": 0.01413259999999996,
                                                                    "result_set_size": 115503480,
                                                                    "children": [
                                                                        {
                                                                            "operator_name": "READ_PARQUET ",
                                                                            "cpu_time": 0.7288905869999994,
                                                                            "extra_info": {
                                                                                "Function": "READ_PARQUET",
                                                                                "Projections": [
                                                                                    "id",
                                                                                    "posttypeid",
                                                                                    "score",
                                                                                    "viewcount"
                                                                                ],
                                                                                "Estimated Cardinality": "3850116"
                                                                            },
                                                                            "cumulative_cardinality": 3850116,
                                                                            "operator_type": "TABLE_SCAN",
                                                                            "operator_cardinality": 3850116,
                                                                            "cumulative_rows_scanned": 3850116,
                                                                            "operator_rows_scanned": 3850116,
                                                                            "operator_timing": 0.7288905869999994,
                                                                            "result_set_size": 53901624,
                                                                            "children": []
                                                                        },
                                                                        {
                                                                            "operator_name": "READ_PARQUET ",
                                                                            "cpu_time": 0.000491267,
                                                                            "extra_info": {
                                                                                "Function": "READ_PARQUET",
                                                                                "Projections": [
                                                                                    "id",
                                                                                    "name"
                                                                                ],
                                                                                "Filters": "id<=7",
                                                                                "Estimated Cardinality": "8"
                                                                            },
                                                                            "cumulative_cardinality": 7,
                                                                            "operator_type": "TABLE_SCAN",
                                                                            "operator_cardinality": 7,
                                                                            "cumulative_rows_scanned": 8,
                                                                            "operator_rows_scanned": 8,
                                                                            "operator_timing": 0.000491267,
                                                                            "result_set_size": 126,
                                                                            "children": []
                                                                        }
                                                                    ]
                                                                }
                                                            ]
                                                        }
                                                    ]
                                                }
                                            ]
                                        },
                                        {
                                            "operator_name": "READ_PARQUET ",
                                            "cpu_time": 0.11312422400000027,
                                            "extra_info": {
                                                "Function": "READ_PARQUET",
                                                "Projections": [
                                                    "id",
                                                    "postid"
                                                ],
                                                "Estimated Cardinality": "7241822"
                                            },
                                            "cumulative_cardinality": 7241822,
                                            "operator_type": "TABLE_SCAN",
                                            "operator_cardinality": 7241822,
                                            "cumulative_rows_scanned": 7241822,
                                            "operator_rows_scanned": 7241822,
                                            "operator_timing": 0.11312422400000027,
                                            "result_set_size": 57934576,
                                            "children": []
                                        }
                                    ]
                                }
                            ]
                        }
                    ]
                }
            ]
        }
    ]
}