{
    "rows_returned": 1,
    "query_name": "WITH PostStats AS (\n    SELECT \n        COUNT(*) AS TotalPosts,\n        COUNT(DISTINCT OwnerUserId) AS UniquePostOwners,\n        AVG(ViewCount) AS AvgViewCount,\n        AVG(Score) AS AvgScore\n    FROM \n        Posts\n),\nUserStats AS (\n    SELECT \n        COUNT(*) AS TotalUsers,\n        AVG(Reputation) AS AvgReputation,\n        AVG(Views) AS AvgViews\n    FROM \n        Users\n),\nVoteStats AS (\n    SELECT \n        COUNT(*) AS TotalVotes,\n        COUNT(DISTINCT PostId) AS UniqueVotedPosts,\n        COUNT(DISTINCT UserId) AS UniqueVoters\n    FROM \n        Votes\n)\n\nSELECT \n    ps.TotalPosts,\n    ps.UniquePostOwners,\n    ps.AvgViewCount,\n    ps.AvgScore,\n    us.TotalUsers,\n    us.AvgReputation,\n    us.AvgViews,\n    vs.TotalVotes,\n    vs.UniqueVotedPosts,\n    vs.UniqueVoters\nFROM \n    PostStats ps,\n    UserStats us,\n    VoteStats vs;",
    "blocked_thread_time": 0.0,
    "cpu_time": 0.776302948000001,
    "extra_info": {},
    "cumulative_cardinality": 35709844,
    "cumulative_rows_scanned": 17854919,
    "result_set_size": 80,
    "latency": 0.843849896,
    "children": [
        {
            "operator_name": "PROJECTION",
            "cpu_time": 0.776302948000001,
            "extra_info": {
                "Projections": [
                    "TotalPosts",
                    "UniquePostOwners",
                    "AvgViewCount",
                    "AvgScore",
                    "TotalUsers",
                    "AvgReputation",
                    "AvgViews",
                    "TotalVotes",
                    "UniqueVotedPosts",
                    "UniqueVoters"
                ],
                "Estimated Cardinality": "1"
            },
            "cumulative_cardinality": 35709844,
            "operator_type": "PROJECTION",
            "operator_cardinality": 1,
            "cumulative_rows_scanned": 17854919,
            "operator_rows_scanned": 0,
            "operator_timing": 7.71e-7,
            "result_set_size": 80,
            "children": [
                {
                    "operator_name": "CROSS_PRODUCT",
                    "cpu_time": 0.776302177000001,
                    "extra_info": {},
                    "cumulative_cardinality": 35709843,
                    "operator_type": "CROSS_PRODUCT",
                    "operator_cardinality": 1,
                    "cumulative_rows_scanned": 17854919,
                    "operator_rows_scanned": 0,
                    "operator_timing": 0.000018434,
                    "result_set_size": 80,
                    "children": [
                        {
                            "operator_name": "CROSS_PRODUCT",
                            "cpu_time": 0.598234221000001,
                            "extra_info": {},
                            "cumulative_cardinality": 28009609,
                            "operator_type": "CROSS_PRODUCT",
                            "operator_cardinality": 1,
                            "cumulative_rows_scanned": 14004803,
                            "operator_rows_scanned": 0,
                            "operator_timing": 0.000028421999999999997,
                            "result_set_size": 48,
                            "children": [
                                {
                                    "operator_name": "UNGROUPED_AGGREGATE",
                                    "cpu_time": 0.023264510000000044,
                                    "extra_info": {
                                        "Aggregates": [
                                            "count_star()",
                                            "avg(#0)",
                                            "avg(#1)"
                                        ]
                                    },
                                    "cumulative_cardinality": 2521421,
                                    "operator_type": "UNGROUPED_AGGREGATE",
                                    "operator_cardinality": 1,
                                    "cumulative_rows_scanned": 1260710,
                                    "operator_rows_scanned": 0,
                                    "operator_timing": 0.009622881000000045,
                                    "result_set_size": 24,
                                    "children": [
                                        {
                                            "operator_name": "PROJECTION",
                                            "cpu_time": 0.013641628999999997,
                                            "extra_info": {
                                                "Projections": [
                                                    "reputation",
                                                    "views"
                                                ],
                                                "Estimated Cardinality": "1260710"
                                            },
                                            "cumulative_cardinality": 2521420,
                                            "operator_type": "PROJECTION",
                                            "operator_cardinality": 1260710,
                                            "cumulative_rows_scanned": 1260710,
                                            "operator_rows_scanned": 0,
                                            "operator_timing": 0.00007243199999999968,
                                            "result_set_size": 10085680,
                                            "children": [
                                                {
                                                    "operator_name": "READ_PARQUET ",
                                                    "cpu_time": 0.013569196999999998,
                                                    "extra_info": {
                                                        "Function": "READ_PARQUET",
                                                        "Projections": [
                                                            "reputation",
                                                            "views"
                                                        ],
                                                        "Estimated Cardinality": "1260710"
                                                    },
                                                    "cumulative_cardinality": 1260710,
                                                    "operator_type": "TABLE_SCAN",
                                                    "operator_cardinality": 1260710,
                                                    "cumulative_rows_scanned": 1260710,
                                                    "operator_rows_scanned": 1260710,
                                                    "operator_timing": 0.013569196999999998,
                                                    "result_set_size": 10085680,
                                                    "children": []
                                                }
                                            ]
                                        }
                                    ]
                                },
                                {
                                    "operator_name": "UNGROUPED_AGGREGATE",
                                    "cpu_time": 0.574941289000001,
                                    "extra_info": {
                                        "Aggregates": [
                                            "count_star()",
                                            "count(DISTINCT #0)",
                                            "count(DISTINCT #1)"
                                        ]
                                    },
                                    "cumulative_cardinality": 25488187,
                                    "operator_type": "UNGROUPED_AGGREGATE",
                                    "operator_cardinality": 1,
                                    "cumulative_rows_scanned": 12744093,
                                    "operator_rows_scanned": 0,
                                    "operator_timing": 0.4741305550000008,
                                    "result_set_size": 24,
                                    "children": [
                                        {
                                            "operator_name": "PROJECTION",
                                            "cpu_time": 0.10081073400000015,
                                            "extra_info": {
                                                "Projections": [
                                                    "postid",
                                                    "userid"
                                                ],
                                                "Estimated Cardinality": "12744093"
                                            },
                                            "cumulative_cardinality": 25488186,
                                            "operator_type": "PROJECTION",
                                            "operator_cardinality": 12744093,
                                            "cumulative_rows_scanned": 12744093,
                                            "operator_rows_scanned": 0,
                                            "operator_timing": 0.0008878180000000014,
                                            "result_set_size": 101952744,
                                            "children": [
                                                {
                                                    "operator_name": "READ_PARQUET ",
                                                    "cpu_time": 0.09992291600000015,
                                                    "extra_info": {
                                                        "Function": "READ_PARQUET",
                                                        "Projections": [
                                                            "postid",
                                                            "userid"
                                                        ],
                                                        "Estimated Cardinality": "12744093"
                                                    },
                                                    "cumulative_cardinality": 12744093,
                                                    "operator_type": "TABLE_SCAN",
                                                    "operator_cardinality": 12744093,
                                                    "cumulative_rows_scanned": 12744093,
                                                    "operator_rows_scanned": 12744093,
                                                    "operator_timing": 0.09992291600000015,
                                                    "result_set_size": 101952744,
                                                    "children": []
                                                }
                                            ]
                                        }
                                    ]
                                }
                            ]
                        },
                        {
                            "operator_name": "UNGROUPED_AGGREGATE",
                            "cpu_time": 0.178049522,
                            "extra_info": {
                                "Aggregates": [
                                    "count_star()",
                                    "count(DISTINCT #0)",
                                    "avg(#1)",
                                    "avg(#2)"
                                ]
                            },
                            "cumulative_cardinality": 7700233,
                            "operator_type": "UNGROUPED_AGGREGATE",
                            "operator_cardinality": 1,
                            "cumulative_rows_scanned": 3850116,
                            "operator_rows_scanned": 0,
                            "operator_timing": 0.11127277900000011,
                            "result_set_size": 32,
                            "children": [
                                {
                                    "operator_name": "PROJECTION",
                                    "cpu_time": 0.06677674299999987,
                                    "extra_info": {
                                        "Projections": [
                                            "owneruserid",
                                            "viewcount",
                                            "score"
                                        ],
                                        "Estimated Cardinality": "3850116"
                                    },
                                    "cumulative_cardinality": 7700232,
                                    "operator_type": "PROJECTION",
                                    "operator_cardinality": 3850116,
                                    "cumulative_rows_scanned": 3850116,
                                    "operator_rows_scanned": 0,
                                    "operator_timing": 0.00037657099999999845,
                                    "result_set_size": 46201392,
                                    "children": [
                                        {
                                            "operator_name": "READ_PARQUET ",
                                            "cpu_time": 0.06640017199999988,
                                            "extra_info": {
                                                "Function": "READ_PARQUET",
                                                "Projections": [
                                                    "score",
                                                    "viewcount",
                                                    "owneruserid"
                                                ],
                                                "Estimated Cardinality": "3850116"
                                            },
                                            "cumulative_cardinality": 3850116,
                                            "operator_type": "TABLE_SCAN",
                                            "operator_cardinality": 3850116,
                                            "cumulative_rows_scanned": 3850116,
                                            "operator_rows_scanned": 3850116,
                                            "operator_timing": 0.06640017199999988,
                                            "result_set_size": 46201392,
                                            "children": []
                                        }
                                    ]
                                }
                            ]
                        }
                    ]
                }
            ]
        }
    ]
}