{
    "rows_returned": 1,
    "query_name": "SELECT \n    COUNT(DISTINCT u.Id) AS TotalUsers,\n    COUNT(DISTINCT p.Id) AS TotalPosts,\n    COUNT(DISTINCT c.Id) AS TotalComments,\n    COUNT(DISTINCT b.Id) AS TotalBadges,\n    COUNT(DISTINCT ph.Id) AS TotalPostHistory,\n    SUM(CASE WHEN p.PostTypeId = 1 THEN 1 ELSE 0 END) AS TotalQuestions,\n    SUM(CASE WHEN p.PostTypeId = 2 THEN 1 ELSE 0 END) AS TotalAnswers,\n    AVG(u.Reputation) AS AverageUserReputation,\n    AVG(p.Score) AS AveragePostScore,\n    AVG(c.Score) AS AverageCommentScore\nFROM \n    Users u\nJOIN \n    Posts p ON u.Id = p.OwnerUserId\nLEFT JOIN \n    Comments c ON p.Id = c.PostId\nLEFT JOIN \n    Badges b ON u.Id = b.UserId\nLEFT JOIN \n    PostHistory ph ON p.Id = ph.PostId\nWHERE \n    p.CreationDate >= cast('2024-10-01 12:34:56' as timestamp) - INTERVAL '1 year';",
    "blocked_thread_time": 0.0,
    "cpu_time": 12.356378336999997,
    "extra_info": {},
    "cumulative_cardinality": 272072310,
    "cumulative_rows_scanned": 26469616,
    "result_set_size": 96,
    "latency": 13.501349228,
    "children": [
        {
            "operator_name": "UNGROUPED_AGGREGATE",
            "cpu_time": 12.356378336999997,
            "extra_info": {
                "Aggregates": [
                    "count(DISTINCT #0)",
                    "count(DISTINCT #1)",
                    "count(DISTINCT #2)",
                    "count(DISTINCT #3)",
                    "count(DISTINCT #4)",
                    "sum(#5)",
                    "sum(#6)",
                    "avg(#7)",
                    "avg(#8)",
                    "avg(#9)"
                ]
            },
            "cumulative_cardinality": 272072310,
            "operator_type": "UNGROUPED_AGGREGATE",
            "operator_cardinality": 1,
            "cumulative_rows_scanned": 26469616,
            "operator_rows_scanned": 0,
            "operator_timing": 5.527214149999993,
            "result_set_size": 96,
            "children": [
                {
                    "operator_name": "PROJECTION",
                    "cpu_time": 6.829164187000004,
                    "extra_info": {
                        "Projections": [
                            "id",
                            "id",
                            "id",
                            "id",
                            "id",
                            "CASE  WHEN ((posttypeid = 1)) THEN (1) ELSE 0 END",
                            "CASE  WHEN ((posttypeid = 2)) THEN (1) ELSE 0 END",
                            "reputation",
                            "score",
                            "score"
                        ],
                        "Estimated Cardinality": "11795244"
                    },
                    "cumulative_cardinality": 272072309,
                    "operator_type": "PROJECTION",
                    "operator_cardinality": 71900415,
                    "cumulative_rows_scanned": 26469616,
                    "operator_rows_scanned": 0,
                    "operator_timing": 0.34126548900000186,
                    "result_set_size": 2876016600,
                    "children": [
                        {
                            "operator_name": "PROJECTION",
                            "cpu_time": 6.487898698000002,
                            "extra_info": {
                                "Projections": [
                                    "#0",
                                    "#1",
                                    "__internal_decompress_integral_integer(#2, 0)",
                                    "#3",
                                    "#4",
                                    "#5",
                                    "__internal_decompress_integral_smallint(#6, 1)",
                                    "__internal_decompress_integral_integer(#7, -72)",
                                    "#8"
                                ],
                                "Estimated Cardinality": "11795244"
                            },
                            "cumulative_cardinality": 200171894,
                            "operator_type": "PROJECTION",
                            "operator_cardinality": 71900415,
                            "cumulative_rows_scanned": 26469616,
                            "operator_rows_scanned": 0,
                            "operator_timing": 0.14999840800000047,
                            "result_set_size": 2444614110,
                            "children": [
                                {
                                    "operator_name": "HASH_JOIN",
                                    "cpu_time": 6.337900290000002,
                                    "extra_info": {
                                        "Join Type": "RIGHT",
                                        "Conditions": "postid = id",
                                        "Estimated Cardinality": "11795244"
                                    },
                                    "cumulative_cardinality": 128271479,
                                    "operator_type": "HASH_JOIN",
                                    "operator_cardinality": 71900415,
                                    "cumulative_rows_scanned": 26469616,
                                    "operator_rows_scanned": 0,
                                    "operator_timing": 3.4862831130000043,
                                    "result_set_size": 2085112035,
                                    "children": [
                                        {
                                            "operator_name": "READ_PARQUET ",
                                            "cpu_time": 2.2458894149999984,
                                            "extra_info": {
                                                "Function": "READ_PARQUET",
                                                "Projections": [
                                                    "id",
                                                    "postid"
                                                ],
                                                "Estimated Cardinality": "11795244"
                                            },
                                            "cumulative_cardinality": 486756,
                                            "operator_type": "TABLE_SCAN",
                                            "operator_cardinality": 486756,
                                            "cumulative_rows_scanned": 11795244,
                                            "operator_rows_scanned": 11795244,
                                            "operator_timing": 2.2458894149999984,
                                            "result_set_size": 3894048,
                                            "children": []
                                        },
                                        {
                                            "operator_name": "PROJECTION",
                                            "cpu_time": 0.6057277619999989,
                                            "extra_info": {
                                                "Projections": [
                                                    "#0",
                                                    "__internal_compress_integral_usmallint(#1, 0)",
                                                    "#2",
                                                    "#3",
                                                    "#4",
                                                    "__internal_compress_integral_utinyint(#5, 1)",
                                                    "__internal_compress_integral_usmallint(#6, -72)",
                                                    "#7"
                                                ],
                                                "Estimated Cardinality": "7241822"
                                            },
                                            "cumulative_cardinality": 55884308,
                                            "operator_type": "PROJECTION",
                                            "operator_cardinality": 25690912,
                                            "cumulative_rows_scanned": 14674372,
                                            "operator_rows_scanned": 0,
                                            "operator_timing": 0.049942693999999815,
                                            "result_set_size": 642272800,
                                            "children": [
                                                {
                                                    "operator_name": "HASH_JOIN",
                                                    "cpu_time": 0.555785067999999,
                                                    "extra_info": {
                                                        "Join Type": "LEFT",
                                                        "Conditions": "id = userid",
                                                        "Estimated Cardinality": "7241822"
                                                    },
                                                    "cumulative_cardinality": 30193396,
                                                    "operator_type": "HASH_JOIN",
                                                    "operator_cardinality": 25690912,
                                                    "cumulative_rows_scanned": 14674372,
                                                    "operator_rows_scanned": 0,
                                                    "operator_timing": 0.3774358019999992,
                                                    "result_set_size": 770727360,
                                                    "children": [
                                                        {
                                                            "operator_name": "HASH_JOIN",
                                                            "cpu_time": 0.15324123999999995,
                                                            "extra_info": {
                                                                "Join Type": "RIGHT",
                                                                "Conditions": "postid = id",
                                                                "Estimated Cardinality": "7241822"
                                                            },
                                                            "cumulative_cardinality": 2180760,
                                                            "operator_type": "HASH_JOIN",
                                                            "operator_cardinality": 343825,
                                                            "cumulative_rows_scanned": 12352648,
                                                            "operator_rows_scanned": 0,
                                                            "operator_timing": 0.02452500800000002,
                                                            "result_set_size": 8939450,
                                                            "children": [
                                                                {
                                                                    "operator_name": "READ_PARQUET ",
                                                                    "cpu_time": 0.06281996500000002,
                                                                    "extra_info": {
                                                                        "Function": "READ_PARQUET",
                                                                        "Projections": [
                                                                            "id",
                                                                            "postid",
                                                                            "score"
                                                                        ],
                                                                        "Estimated Cardinality": "7241822"
                                                                    },
                                                                    "cumulative_cardinality": 287064,
                                                                    "operator_type": "TABLE_SCAN",
                                                                    "operator_cardinality": 287064,
                                                                    "cumulative_rows_scanned": 7241822,
                                                                    "operator_rows_scanned": 7241822,
                                                                    "operator_timing": 0.06281996500000002,
                                                                    "result_set_size": 3444768,
                                                                    "children": []
                                                                },
                                                                {
                                                                    "operator_name": "HASH_JOIN",
                                                                    "cpu_time": 0.06589626699999991,
                                                                    "extra_info": {
                                                                        "Join Type": "INNER",
                                                                        "Conditions": "id = owneruserid",
                                                                        "Estimated Cardinality": "770023"
                                                                    },
                                                                    "cumulative_cardinality": 1549871,
                                                                    "operator_type": "HASH_JOIN",
                                                                    "operator_cardinality": 143650,
                                                                    "cumulative_rows_scanned": 5110826,
                                                                    "operator_rows_scanned": 0,
                                                                    "operator_timing": 0.019094745999999965,
                                                                    "result_set_size": 2585700,
                                                                    "children": [
                                                                        {
                                                                            "operator_name": "READ_PARQUET ",
                                                                            "cpu_time": 0.02170005799999996,
                                                                            "extra_info": {
                                                                                "Function": "READ_PARQUET",
                                                                                "Projections": [
                                                                                    "id",
                                                                                    "reputation"
                                                                                ],
                                                                                "Filters": "id<=1416539",
                                                                                "Estimated Cardinality": "1260710"
                                                                            },
                                                                            "cumulative_cardinality": 1260679,
                                                                            "operator_type": "TABLE_SCAN",
                                                                            "operator_cardinality": 1260679,
                                                                            "cumulative_rows_scanned": 1260710,
                                                                            "operator_rows_scanned": 1260710,
                                                                            "operator_timing": 0.02170005799999996,
                                                                            "result_set_size": 10085432,
                                                                            "children": []
                                                                        },
                                                                        {
                                                                            "operator_name": "READ_PARQUET ",
                                                                            "cpu_time": 0.025101462999999987,
                                                                            "extra_info": {
                                                                                "Function": "READ_PARQUET",
                                                                                "Projections": [
                                                                                    "id",
                                                                                    "posttypeid",
                                                                                    "score",
                                                                                    "owneruserid"
                                                                                ],
                                                                                "Filters": "creationdate>='2023-10-01 12:34:56'::TIMESTAMP",
                                                                                "Estimated Cardinality": "770023"
                                                                            },
                                                                            "cumulative_cardinality": 145542,
                                                                            "operator_type": "TABLE_SCAN",
                                                                            "operator_cardinality": 145542,
                                                                            "cumulative_rows_scanned": 3850116,
                                                                            "operator_rows_scanned": 3850116,
                                                                            "operator_timing": 0.025101462999999987,
                                                                            "result_set_size": 2037588,
                                                                            "children": []
                                                                        }
                                                                    ]
                                                                }
                                                            ]
                                                        },
                                                        {
                                                            "operator_name": "READ_PARQUET ",
                                                            "cpu_time": 0.025108026,
                                                            "extra_info": {
                                                                "Function": "READ_PARQUET",
                                                                "Projections": [
                                                                    "id",
                                                                    "userid"
                                                                ],
                                                                "Estimated Cardinality": "2321724"
                                                            },
                                                            "cumulative_cardinality": 2321724,
                                                            "operator_type": "TABLE_SCAN",
                                                            "operator_cardinality": 2321724,
                                                            "cumulative_rows_scanned": 2321724,
                                                            "operator_rows_scanned": 2321724,
                                                            "operator_timing": 0.025108026,
                                                            "result_set_size": 18573792,
                                                            "children": []
                                                        }
                                                    ]
                                                }
                                            ]
                                        }
                                    ]
                                }
                            ]
                        }
                    ]
                }
            ]
        }
    ]
}