{
    "rows_returned": 5,
    "query_name": "WITH PostStats AS (\n    SELECT \n        pt.Name AS PostTypeName,\n        COUNT(p.Id) AS TotalPosts,\n        AVG(p.Score) AS AverageScore,\n        AVG(p.ViewCount) AS AverageViewCount,\n        COUNT(DISTINCT p.OwnerUserId) AS UniqueUsers\n    FROM \n        Posts p\n    JOIN \n        PostTypes pt ON p.PostTypeId = pt.Id\n    WHERE \n        p.CreationDate >= cast('2024-10-01 12:34:56' as timestamp) - INTERVAL '1 year'  \n    GROUP BY \n        pt.Name\n)\n\nSELECT \n    PostTypeName,\n    TotalPosts,\n    COALESCE(AverageScore, 0) AS AverageScore,\n    COALESCE(AverageViewCount, 0) AS AverageViewCount,\n    UniqueUsers\nFROM \n    PostStats\nORDER BY \n    TotalPosts DESC;",
    "blocked_thread_time": 0.0,
    "cpu_time": 0.040788184000000005,
    "extra_info": {},
    "cumulative_cardinality": 436648,
    "cumulative_rows_scanned": 3850124,
    "result_set_size": 240,
    "latency": 0.045209362,
    "children": [
        {
            "operator_name": "ORDER_BY",
            "cpu_time": 0.040788184000000005,
            "extra_info": {
                "Order By": "PostStats.TotalPosts DESC"
            },
            "cumulative_cardinality": 436648,
            "operator_type": "ORDER_BY",
            "operator_cardinality": 5,
            "cumulative_rows_scanned": 3850124,
            "operator_rows_scanned": 0,
            "operator_timing": 0.000027208999999999996,
            "result_set_size": 240,
            "children": [
                {
                    "operator_name": "PROJECTION",
                    "cpu_time": 0.040760975000000005,
                    "extra_info": {
                        "Projections": [
                            "PostTypeName",
                            "TotalPosts",
                            "AverageScore",
                            "AverageViewCount",
                            "UniqueUsers"
                        ],
                        "Estimated Cardinality": "385011"
                    },
                    "cumulative_cardinality": 436643,
                    "operator_type": "PROJECTION",
                    "operator_cardinality": 5,
                    "cumulative_rows_scanned": 3850124,
                    "operator_rows_scanned": 0,
                    "operator_timing": 0.000006121,
                    "result_set_size": 240,
                    "children": [
                        {
                            "operator_name": "HASH_GROUP_BY",
                            "cpu_time": 0.04075485400000001,
                            "extra_info": {
                                "Groups": "#0",
                                "Aggregates": [
                                    "count_star()",
                                    "avg(#1)",
                                    "avg(#2)",
                                    "count(DISTINCT #3)"
                                ],
                                "Estimated Cardinality": "385011"
                            },
                            "cumulative_cardinality": 436638,
                            "operator_type": "HASH_GROUP_BY",
                            "operator_cardinality": 5,
                            "cumulative_rows_scanned": 3850124,
                            "operator_rows_scanned": 0,
                            "operator_timing": 0.009121620000000004,
                            "result_set_size": 240,
                            "children": [
                                {
                                    "operator_name": "PROJECTION",
                                    "cpu_time": 0.031633234,
                                    "extra_info": {
                                        "Projections": [
                                            "name",
                                            "score",
                                            "viewcount",
                                            "owneruserid"
                                        ],
                                        "Estimated Cardinality": "770023"
                                    },
                                    "cumulative_cardinality": 436633,
                                    "operator_type": "PROJECTION",
                                    "operator_cardinality": 145542,
                                    "cumulative_rows_scanned": 3850124,
                                    "operator_rows_scanned": 0,
                                    "operator_timing": 0.000015993999999999996,
                                    "result_set_size": 4075176,
                                    "children": [
                                        {
                                            "operator_name": "HASH_JOIN",
                                            "cpu_time": 0.031617240000000005,
                                            "extra_info": {
                                                "Join Type": "INNER",
                                                "Conditions": "posttypeid = id",
                                                "Estimated Cardinality": "770023"
                                            },
                                            "cumulative_cardinality": 291091,
                                            "operator_type": "HASH_JOIN",
                                            "operator_cardinality": 145542,
                                            "cumulative_rows_scanned": 3850124,
                                            "operator_rows_scanned": 0,
                                            "operator_timing": 0.00035774300000000005,
                                            "result_set_size": 4075176,
                                            "children": [
                                                {
                                                    "operator_name": "READ_PARQUET ",
                                                    "cpu_time": 0.030947233000000008,
                                                    "extra_info": {
                                                        "Function": "READ_PARQUET",
                                                        "Projections": [
                                                            "id",
                                                            "posttypeid",
                                                            "score",
                                                            "viewcount",
                                                            "owneruserid"
                                                        ],
                                                        "Filters": "creationdate>='2023-10-01 12:34:56'::TIMESTAMP",
                                                        "Estimated Cardinality": "770023"
                                                    },
                                                    "cumulative_cardinality": 145542,
                                                    "operator_type": "TABLE_SCAN",
                                                    "operator_cardinality": 145542,
                                                    "cumulative_rows_scanned": 3850116,
                                                    "operator_rows_scanned": 3850116,
                                                    "operator_timing": 0.030947233000000008,
                                                    "result_set_size": 2619756,
                                                    "children": []
                                                },
                                                {
                                                    "operator_name": "READ_PARQUET ",
                                                    "cpu_time": 0.000312264,
                                                    "extra_info": {
                                                        "Function": "READ_PARQUET",
                                                        "Projections": [
                                                            "id",
                                                            "name"
                                                        ],
                                                        "Filters": "id<=7",
                                                        "Estimated Cardinality": "8"
                                                    },
                                                    "cumulative_cardinality": 7,
                                                    "operator_type": "TABLE_SCAN",
                                                    "operator_cardinality": 7,
                                                    "cumulative_rows_scanned": 8,
                                                    "operator_rows_scanned": 8,
                                                    "operator_timing": 0.000312264,
                                                    "result_set_size": 126,
                                                    "children": []
                                                }
                                            ]
                                        }
                                    ]
                                }
                            ]
                        }
                    ]
                }
            ]
        }
    ]
}