{
    "rows_returned": 323743,
    "query_name": "WITH UserVotes AS (\n    SELECT \n        v.UserId,\n        COUNT(v.Id) AS TotalVotes,\n        SUM(CASE WHEN vt.Name = 'UpMod' THEN 1 ELSE 0 END) AS UpVotes,\n        SUM(CASE WHEN vt.Name = 'DownMod' THEN 1 ELSE 0 END) AS DownVotes\n    FROM \n        Votes v\n    JOIN \n        VoteTypes vt ON v.VoteTypeId = vt.Id\n    GROUP BY \n        v.UserId\n),\nActiveUsers AS (\n    SELECT \n        u.Id,\n        u.DisplayName,\n        u.Reputation,\n        u.LastAccessDate,\n        u.CreationDate,\n        COALESCE(uv.TotalVotes, 0) AS TotalVotes,\n        COALESCE(uv.UpVotes, 0) AS UpVotes,\n        COALESCE(uv.DownVotes, 0) AS DownVotes\n    FROM \n        Users u\n    LEFT JOIN \n        UserVotes uv ON u.Id = uv.UserId\n    WHERE \n        u.LastAccessDate >= cast('2024-10-01 12:34:56' as timestamp) - INTERVAL '1 year'\n),\nPostStatistics AS (\n    SELECT \n        p.OwnerUserId,\n        COUNT(p.Id) AS TotalPosts,\n        SUM(CASE WHEN p.PostTypeId = 1 THEN 1 ELSE 0 END) AS Questions,\n        SUM(CASE WHEN p.PostTypeId = 2 THEN 1 ELSE 0 END) AS Answers,\n        SUM(CASE WHEN p.PostTypeId = 10 THEN 1 ELSE 0 END) AS ClosedPosts\n    FROM \n        Posts p\n    GROUP BY \n        p.OwnerUserId\n)\nSELECT \n    au.DisplayName,\n    au.Reputation,\n    au.TotalVotes,\n    au.UpVotes,\n    au.DownVotes,\n    ps.TotalPosts,\n    ps.Questions,\n    ps.Answers,\n    ps.ClosedPosts\nFROM \n    ActiveUsers au\nLEFT JOIN \n    PostStatistics ps ON au.Id = ps.OwnerUserId\nORDER BY \n    au.Reputation DESC, au.TotalVotes DESC;",
    "blocked_thread_time": 0.0,
    "cpu_time": 1.8181509019999995,
    "extra_info": {},
    "cumulative_cardinality": 47935016,
    "cumulative_rows_scanned": 17854934,
    "result_set_size": 37554188,
    "latency": 2.73343072,
    "children": [
        {
            "operator_name": "ORDER_BY",
            "cpu_time": 1.8181509019999995,
            "extra_info": {
                "Order By": [
                    "au.Reputation DESC",
                    "au.TotalVotes DESC"
                ]
            },
            "cumulative_cardinality": 47935016,
            "operator_type": "ORDER_BY",
            "operator_cardinality": 323743,
            "cumulative_rows_scanned": 17854934,
            "operator_rows_scanned": 0,
            "operator_timing": 0.05696870200000001,
            "result_set_size": 37554188,
            "children": [
                {
                    "operator_name": "HASH_JOIN",
                    "cpu_time": 1.7611821999999995,
                    "extra_info": {
                        "Join Type": "LEFT",
                        "Conditions": "id = owneruserid",
                        "Estimated Cardinality": "6372046"
                    },
                    "cumulative_cardinality": 47611273,
                    "operator_type": "HASH_JOIN",
                    "operator_cardinality": 323743,
                    "cumulative_rows_scanned": 17854934,
                    "operator_rows_scanned": 0,
                    "operator_timing": 0.04235491200000002,
                    "result_set_size": 37554188,
                    "children": [
                        {
                            "operator_name": "PROJECTION",
                            "cpu_time": 1.4835209099999995,
                            "extra_info": {
                                "Projections": [
                                    "id",
                                    "displayname",
                                    "reputation",
                                    "TotalVotes",
                                    "UpVotes",
                                    "DownVotes"
                                ],
                                "Estimated Cardinality": "6372046"
                            },
                            "cumulative_cardinality": 39215666,
                            "operator_type": "PROJECTION",
                            "operator_cardinality": 323743,
                            "cumulative_rows_scanned": 14004818,
                            "operator_rows_scanned": 0,
                            "operator_timing": 0.008213783,
                            "result_set_size": 20719552,
                            "children": [
                                {
                                    "operator_name": "HASH_JOIN",
                                    "cpu_time": 1.4753071269999996,
                                    "extra_info": {
                                        "Join Type": "RIGHT",
                                        "Conditions": "userid = id",
                                        "Estimated Cardinality": "6372046"
                                    },
                                    "cumulative_cardinality": 38891923,
                                    "operator_type": "HASH_JOIN",
                                    "operator_cardinality": 323743,
                                    "cumulative_rows_scanned": 14004818,
                                    "operator_rows_scanned": 0,
                                    "operator_timing": 0.028983545999999995,
                                    "result_set_size": 20719552,
                                    "children": [
                                        {
                                            "operator_name": "HASH_GROUP_BY",
                                            "cpu_time": 1.3709739399999994,
                                            "extra_info": {
                                                "Groups": "#0",
                                                "Aggregates": [
                                                    "count_star()",
                                                    "sum(#1)",
                                                    "sum(#2)"
                                                ],
                                                "Estimated Cardinality": "6372046"
                                            },
                                            "cumulative_cardinality": 38244437,
                                            "operator_type": "HASH_GROUP_BY",
                                            "operator_cardinality": 12143,
                                            "cumulative_rows_scanned": 12744108,
                                            "operator_rows_scanned": 0,
                                            "operator_timing": 0.20413580799999922,
                                            "result_set_size": 534292,
                                            "children": [
                                                {
                                                    "operator_name": "PROJECTION",
                                                    "cpu_time": 1.166838132,
                                                    "extra_info": {
                                                        "Projections": [
                                                            "userid",
                                                            "CASE  WHEN ((name = 'UpMod')) THEN (1) ELSE 0 END",
                                                            "CASE  WHEN ((name = 'DownMod')) THEN (1) ELSE 0 END"
                                                        ],
                                                        "Estimated Cardinality": "12744093"
                                                    },
                                                    "cumulative_cardinality": 38232294,
                                                    "operator_type": "PROJECTION",
                                                    "operator_cardinality": 12744093,
                                                    "cumulative_rows_scanned": 12744108,
                                                    "operator_rows_scanned": 0,
                                                    "operator_timing": 0.20223179999999935,
                                                    "result_set_size": 152929116,
                                                    "children": [
                                                        {
                                                            "operator_name": "HASH_JOIN",
                                                            "cpu_time": 0.9646063320000007,
                                                            "extra_info": {
                                                                "Join Type": "INNER",
                                                                "Conditions": "votetypeid = id",
                                                                "Estimated Cardinality": "12744093"
                                                            },
                                                            "cumulative_cardinality": 25488201,
                                                            "operator_type": "HASH_JOIN",
                                                            "operator_cardinality": 12744093,
                                                            "cumulative_rows_scanned": 12744108,
                                                            "operator_rows_scanned": 0,
                                                            "operator_timing": 0.059741111999999895,
                                                            "result_set_size": 254881860,
                                                            "children": [
                                                                {
                                                                    "operator_name": "READ_PARQUET ",
                                                                    "cpu_time": 0.9045612920000008,
                                                                    "extra_info": {
                                                                        "Function": "READ_PARQUET",
                                                                        "Projections": [
                                                                            "id",
                                                                            "votetypeid",
                                                                            "userid"
                                                                        ],
                                                                        "Estimated Cardinality": "12744093"
                                                                    },
                                                                    "cumulative_cardinality": 12744093,
                                                                    "operator_type": "TABLE_SCAN",
                                                                    "operator_cardinality": 12744093,
                                                                    "cumulative_rows_scanned": 12744093,
                                                                    "operator_rows_scanned": 12744093,
                                                                    "operator_timing": 0.9045612920000008,
                                                                    "result_set_size": 127440930,
                                                                    "children": []
                                                                },
                                                                {
                                                                    "operator_name": "READ_PARQUET ",
                                                                    "cpu_time": 0.00030392799999999997,
                                                                    "extra_info": {
                                                                        "Function": "READ_PARQUET",
                                                                        "Projections": [
                                                                            "id",
                                                                            "name"
                                                                        ],
                                                                        "Estimated Cardinality": "15"
                                                                    },
                                                                    "cumulative_cardinality": 15,
                                                                    "operator_type": "TABLE_SCAN",
                                                                    "operator_cardinality": 15,
                                                                    "cumulative_rows_scanned": 15,
                                                                    "operator_rows_scanned": 15,
                                                                    "operator_timing": 0.00030392799999999997,
                                                                    "result_set_size": 270,
                                                                    "children": []
                                                                }
                                                            ]
                                                        }
                                                    ]
                                                }
                                            ]
                                        },
                                        {
                                            "operator_name": "READ_PARQUET ",
                                            "cpu_time": 0.075349641,
                                            "extra_info": {
                                                "Function": "READ_PARQUET",
                                                "Projections": [
                                                    "id",
                                                    "reputation",
                                                    "displayname"
                                                ],
                                                "Filters": "lastaccessdate>='2023-10-01 12:34:56'::TIMESTAMP",
                                                "Estimated Cardinality": "252142"
                                            },
                                            "cumulative_cardinality": 323743,
                                            "operator_type": "TABLE_SCAN",
                                            "operator_cardinality": 323743,
                                            "cumulative_rows_scanned": 1260710,
                                            "operator_rows_scanned": 1260710,
                                            "operator_timing": 0.075349641,
                                            "result_set_size": 7769832,
                                            "children": []
                                        }
                                    ]
                                }
                            ]
                        },
                        {
                            "operator_name": "HASH_GROUP_BY",
                            "cpu_time": 0.2353063780000001,
                            "extra_info": {
                                "Groups": "#0",
                                "Aggregates": [
                                    "count_star()",
                                    "sum(#1)",
                                    "sum(#2)",
                                    "sum(#3)"
                                ],
                                "Estimated Cardinality": "1925058"
                            },
                            "cumulative_cardinality": 8071864,
                            "operator_type": "HASH_GROUP_BY",
                            "operator_cardinality": 371632,
                            "cumulative_rows_scanned": 3850116,
                            "operator_rows_scanned": 0,
                            "operator_timing": 0.12734710300000004,
                            "result_set_size": 22297920,
                            "children": [
                                {
                                    "operator_name": "PROJECTION",
                                    "cpu_time": 0.10795927500000006,
                                    "extra_info": {
                                        "Projections": [
                                            "owneruserid",
                                            "CASE  WHEN ((posttypeid = 1)) THEN (1) ELSE 0 END",
                                            "CASE  WHEN ((posttypeid = 2)) THEN (1) ELSE 0 END",
                                            "CASE  WHEN (false) THEN (1) ELSE 0 END"
                                        ],
                                        "Estimated Cardinality": "3850116"
                                    },
                                    "cumulative_cardinality": 7700232,
                                    "operator_type": "PROJECTION",
                                    "operator_cardinality": 3850116,
                                    "cumulative_rows_scanned": 3850116,
                                    "operator_rows_scanned": 0,
                                    "operator_timing": 0.05482474700000001,
                                    "result_set_size": 61601856,
                                    "children": [
                                        {
                                            "operator_name": "READ_PARQUET ",
                                            "cpu_time": 0.053134528000000056,
                                            "extra_info": {
                                                "Function": "READ_PARQUET",
                                                "Projections": [
                                                    "id",
                                                    "posttypeid",
                                                    "owneruserid"
                                                ],
                                                "Estimated Cardinality": "3850116"
                                            },
                                            "cumulative_cardinality": 3850116,
                                            "operator_type": "TABLE_SCAN",
                                            "operator_cardinality": 3850116,
                                            "cumulative_rows_scanned": 3850116,
                                            "operator_rows_scanned": 3850116,
                                            "operator_timing": 0.053134528000000056,
                                            "result_set_size": 38501160,
                                            "children": []
                                        }
                                    ]
                                }
                            ]
                        }
                    ]
                }
            ]
        }
    ]
}