{
    "rows_returned": 1260710,
    "query_name": "WITH UserPostStats AS (\n    SELECT \n        u.Id AS UserId,\n        u.DisplayName,\n        COUNT(p.Id) AS TotalPosts,\n        SUM(CASE WHEN p.PostTypeId = 1 THEN 1 ELSE 0 END) AS Questions,\n        SUM(CASE WHEN p.PostTypeId = 2 THEN 1 ELSE 0 END) AS Answers,\n        SUM(p.Score) AS TotalScore,\n        AVG(p.ViewCount) AS AvgViewCount\n    FROM \n        Users u\n    LEFT JOIN \n        Posts p ON u.Id = p.OwnerUserId\n    GROUP BY \n        u.Id, u.DisplayName\n),\nPostHistoryStats AS (\n    SELECT \n        p.Id AS PostId,\n        COUNT(ph.Id) AS HistoryCount\n    FROM \n        Posts p\n    LEFT JOIN \n        PostHistory ph ON p.Id = ph.PostId\n    GROUP BY \n        p.Id\n)\nSELECT \n    ups.UserId,\n    ups.DisplayName,\n    ups.TotalPosts,\n    ups.Questions,\n    ups.Answers,\n    ups.TotalScore,\n    ups.AvgViewCount,\n    pH.HistoryCount\nFROM \n    UserPostStats ups\nLEFT JOIN \n    PostHistoryStats pH ON ups.UserId = pH.PostId\nORDER BY \n    ups.TotalScore DESC, ups.TotalPosts DESC;",
    "blocked_thread_time": 0.0,
    "cpu_time": 7.98938492299999,
    "extra_info": {},
    "cumulative_cardinality": 62223920,
    "cumulative_rows_scanned": 20756186,
    "result_set_size": 115985320,
    "latency": 10.689752887,
    "children": [
        {
            "operator_name": "ORDER_BY",
            "cpu_time": 7.98938492299999,
            "extra_info": {
                "Order By": [
                    "ups.TotalScore DESC",
                    "ups.TotalPosts DESC"
                ]
            },
            "cumulative_cardinality": 62223920,
            "operator_type": "ORDER_BY",
            "operator_cardinality": 1260710,
            "cumulative_rows_scanned": 20756186,
            "operator_rows_scanned": 0,
            "operator_timing": 0.3346552259999999,
            "result_set_size": 115985320,
            "children": [
                {
                    "operator_name": "PROJECTION",
                    "cpu_time": 7.65472969699999,
                    "extra_info": {
                        "Projections": [
                            "UserId",
                            "displayname",
                            "TotalPosts",
                            "Questions",
                            "Answers",
                            "TotalScore",
                            "AvgViewCount",
                            "HistoryCount"
                        ],
                        "Estimated Cardinality": "3850116"
                    },
                    "cumulative_cardinality": 60963210,
                    "operator_type": "PROJECTION",
                    "operator_cardinality": 1260710,
                    "cumulative_rows_scanned": 20756186,
                    "operator_rows_scanned": 0,
                    "operator_timing": 0.0007364109999999999,
                    "result_set_size": 115985320,
                    "children": [
                        {
                            "operator_name": "HASH_JOIN",
                            "cpu_time": 7.65399328599999,
                            "extra_info": {
                                "Join Type": "RIGHT",
                                "Conditions": "PostId = UserId",
                                "Estimated Cardinality": "3850116"
                            },
                            "cumulative_cardinality": 59702500,
                            "operator_type": "HASH_JOIN",
                            "operator_cardinality": 1260710,
                            "cumulative_rows_scanned": 20756186,
                            "operator_rows_scanned": 0,
                            "operator_timing": 0.28499729300000004,
                            "result_set_size": 115985320,
                            "children": [
                                {
                                    "operator_name": "HASH_GROUP_BY",
                                    "cpu_time": 6.25990671099999,
                                    "extra_info": {
                                        "Groups": "#0",
                                        "Aggregates": "count(#1)",
                                        "Estimated Cardinality": "3850116"
                                    },
                                    "cumulative_cardinality": 43085964,
                                    "operator_type": "HASH_GROUP_BY",
                                    "operator_cardinality": 3850116,
                                    "cumulative_rows_scanned": 15645360,
                                    "operator_rows_scanned": 0,
                                    "operator_timing": 1.0178997429999996,
                                    "result_set_size": 46201392,
                                    "children": [
                                        {
                                            "operator_name": "PROJECTION",
                                            "cpu_time": 5.24200696799999,
                                            "extra_info": {
                                                "Projections": [
                                                    "id",
                                                    "id"
                                                ],
                                                "Estimated Cardinality": "11795244"
                                            },
                                            "cumulative_cardinality": 39235848,
                                            "operator_type": "PROJECTION",
                                            "operator_cardinality": 11795244,
                                            "cumulative_rows_scanned": 15645360,
                                            "operator_rows_scanned": 0,
                                            "operator_timing": 0.0024800580000000007,
                                            "result_set_size": 94361952,
                                            "children": [
                                                {
                                                    "operator_name": "HASH_JOIN",
                                                    "cpu_time": 5.239526909999991,
                                                    "extra_info": {
                                                        "Join Type": "RIGHT",
                                                        "Conditions": "postid = id",
                                                        "Estimated Cardinality": "11795244"
                                                    },
                                                    "cumulative_cardinality": 27440604,
                                                    "operator_type": "HASH_JOIN",
                                                    "operator_cardinality": 11795244,
                                                    "cumulative_rows_scanned": 15645360,
                                                    "operator_rows_scanned": 0,
                                                    "operator_timing": 0.9386798060000024,
                                                    "result_set_size": 94361952,
                                                    "children": [
                                                        {
                                                            "operator_name": "READ_PARQUET ",
                                                            "cpu_time": 4.282763459999988,
                                                            "extra_info": {
                                                                "Function": "READ_PARQUET",
                                                                "Projections": [
                                                                    "id",
                                                                    "postid"
                                                                ],
                                                                "Estimated Cardinality": "11795244"
                                                            },
                                                            "cumulative_cardinality": 11795244,
                                                            "operator_type": "TABLE_SCAN",
                                                            "operator_cardinality": 11795244,
                                                            "cumulative_rows_scanned": 11795244,
                                                            "operator_rows_scanned": 11795244,
                                                            "operator_timing": 4.282763459999988,
                                                            "result_set_size": 94361952,
                                                            "children": []
                                                        },
                                                        {
                                                            "operator_name": "READ_PARQUET ",
                                                            "cpu_time": 0.018083643999999875,
                                                            "extra_info": {
                                                                "Function": "READ_PARQUET",
                                                                "Projections": "id",
                                                                "Estimated Cardinality": "3850116"
                                                            },
                                                            "cumulative_cardinality": 3850116,
                                                            "operator_type": "TABLE_SCAN",
                                                            "operator_cardinality": 3850116,
                                                            "cumulative_rows_scanned": 3850116,
                                                            "operator_rows_scanned": 3850116,
                                                            "operator_timing": 0.018083643999999875,
                                                            "result_set_size": 15400464,
                                                            "children": []
                                                        }
                                                    ]
                                                }
                                            ]
                                        }
                                    ]
                                },
                                {
                                    "operator_name": "HASH_GROUP_BY",
                                    "cpu_time": 1.1090892819999993,
                                    "extra_info": {
                                        "Groups": [
                                            "#0",
                                            "#1"
                                        ],
                                        "Aggregates": [
                                            "count(#2)",
                                            "sum(#3)",
                                            "sum(#4)",
                                            "sum(#5)",
                                            "avg(#6)"
                                        ],
                                        "Estimated Cardinality": "1260710"
                                    },
                                    "cumulative_cardinality": 15355826,
                                    "operator_type": "HASH_GROUP_BY",
                                    "operator_cardinality": 1260710,
                                    "cumulative_rows_scanned": 5110826,
                                    "operator_rows_scanned": 0,
                                    "operator_timing": 0.5833879839999996,
                                    "result_set_size": 105899640,
                                    "children": [
                                        {
                                            "operator_name": "PROJECTION",
                                            "cpu_time": 0.5257012979999997,
                                            "extra_info": {
                                                "Projections": [
                                                    "id",
                                                    "displayname",
                                                    "id",
                                                    "CASE  WHEN ((posttypeid = 1)) THEN (1) ELSE 0 END",
                                                    "CASE  WHEN ((posttypeid = 2)) THEN (1) ELSE 0 END",
                                                    "score",
                                                    "viewcount"
                                                ],
                                                "Estimated Cardinality": "3850116"
                                            },
                                            "cumulative_cardinality": 14095116,
                                            "operator_type": "PROJECTION",
                                            "operator_cardinality": 4574495,
                                            "cumulative_rows_scanned": 5110826,
                                            "operator_rows_scanned": 0,
                                            "operator_timing": 0.049356520000000036,
                                            "result_set_size": 182979800,
                                            "children": [
                                                {
                                                    "operator_name": "HASH_JOIN",
                                                    "cpu_time": 0.47634477799999964,
                                                    "extra_info": {
                                                        "Join Type": "RIGHT",
                                                        "Conditions": "owneruserid = id",
                                                        "Estimated Cardinality": "3850116"
                                                    },
                                                    "cumulative_cardinality": 9520621,
                                                    "operator_type": "HASH_JOIN",
                                                    "operator_cardinality": 4574495,
                                                    "cumulative_rows_scanned": 5110826,
                                                    "operator_rows_scanned": 0,
                                                    "operator_timing": 0.24380511699999982,
                                                    "result_set_size": 155532830,
                                                    "children": [
                                                        {
                                                            "operator_name": "READ_PARQUET ",
                                                            "cpu_time": 0.1576437399999998,
                                                            "extra_info": {
                                                                "Function": "READ_PARQUET",
                                                                "Projections": [
                                                                    "id",
                                                                    "posttypeid",
                                                                    "score",
                                                                    "viewcount",
                                                                    "owneruserid"
                                                                ],
                                                                "Estimated Cardinality": "3850116"
                                                            },
                                                            "cumulative_cardinality": 3685416,
                                                            "operator_type": "TABLE_SCAN",
                                                            "operator_cardinality": 3685416,
                                                            "cumulative_rows_scanned": 3850116,
                                                            "operator_rows_scanned": 3850116,
                                                            "operator_timing": 0.1576437399999998,
                                                            "result_set_size": 66337488,
                                                            "children": []
                                                        },
                                                        {
                                                            "operator_name": "READ_PARQUET ",
                                                            "cpu_time": 0.07489592099999999,
                                                            "extra_info": {
                                                                "Function": "READ_PARQUET",
                                                                "Projections": [
                                                                    "id",
                                                                    "displayname"
                                                                ],
                                                                "Estimated Cardinality": "1260710"
                                                            },
                                                            "cumulative_cardinality": 1260710,
                                                            "operator_type": "TABLE_SCAN",
                                                            "operator_cardinality": 1260710,
                                                            "cumulative_rows_scanned": 1260710,
                                                            "operator_rows_scanned": 1260710,
                                                            "operator_timing": 0.07489592099999999,
                                                            "result_set_size": 25214200,
                                                            "children": []
                                                        }
                                                    ]
                                                }
                                            ]
                                        }
                                    ]
                                }
                            ]
                        }
                    ]
                }
            ]
        }
    ]
}