{
    "rows_returned": 1260710,
    "query_name": "WITH PostStats AS (\n    SELECT \n        p.OwnerUserId,\n        COUNT(p.Id) AS TotalPosts,\n        SUM(CASE WHEN p.PostTypeId = 1 THEN 1 ELSE 0 END) AS TotalQuestions,\n        SUM(CASE WHEN p.PostTypeId = 2 THEN 1 ELSE 0 END) AS TotalAnswers,\n        COALESCE(SUM(p.Score), 0) AS TotalScore,\n        COALESCE(SUM(p.ViewCount), 0) AS TotalViews,\n        COALESCE(SUM(p.AnswerCount), 0) AS TotalAnswersReceived,\n        COALESCE(SUM(p.CommentCount), 0) AS TotalComments\n    FROM \n        Posts p\n    GROUP BY \n        p.OwnerUserId\n),\nUserStats AS (\n    SELECT \n        u.Id AS UserId,\n        u.Reputation,\n        u.CreationDate,\n        u.DisplayName,\n        u.LastAccessDate,\n        ps.TotalPosts,\n        ps.TotalQuestions,\n        ps.TotalAnswers,\n        ps.TotalScore,\n        ps.TotalViews,\n        ps.TotalAnswersReceived,\n        ps.TotalComments\n    FROM \n        Users u\n    LEFT JOIN \n        PostStats ps ON u.Id = ps.OwnerUserId\n)\nSELECT \n    us.UserId,\n    us.DisplayName,\n    us.Reputation,\n    us.CreationDate,\n    us.LastAccessDate,\n    us.TotalPosts,\n    us.TotalQuestions,\n    us.TotalAnswers,\n    us.TotalScore,\n    us.TotalViews,\n    us.TotalAnswersReceived,\n    us.TotalComments\nFROM \n    UserStats us\nORDER BY \n    us.Reputation DESC, us.TotalPosts DESC;",
    "blocked_thread_time": 0.0,
    "cpu_time": 0.8460487459999998,
    "extra_info": {},
    "cumulative_cardinality": 14747046,
    "cumulative_rows_scanned": 5110826,
    "result_set_size": 181542240,
    "latency": 5.043053639,
    "children": [
        {
            "operator_name": "ORDER_BY",
            "cpu_time": 0.8460487459999998,
            "extra_info": {
                "Order By": [
                    "us.Reputation DESC",
                    "us.TotalPosts DESC"
                ]
            },
            "cumulative_cardinality": 14747046,
            "operator_type": "ORDER_BY",
            "operator_cardinality": 1260710,
            "cumulative_rows_scanned": 5110826,
            "operator_rows_scanned": 0,
            "operator_timing": 0.19590220999999994,
            "result_set_size": 181542240,
            "children": [
                {
                    "operator_name": "PROJECTION",
                    "cpu_time": 0.6501465359999998,
                    "extra_info": {
                        "Projections": [
                            "UserId",
                            "displayname",
                            "reputation",
                            "creationdate",
                            "lastaccessdate",
                            "TotalPosts",
                            "TotalQuestions",
                            "TotalAnswers",
                            "TotalScore",
                            "TotalViews",
                            "TotalAnswersReceived",
                            "TotalComments"
                        ],
                        "Estimated Cardinality": "1925058"
                    },
                    "cumulative_cardinality": 13486336,
                    "operator_type": "PROJECTION",
                    "operator_cardinality": 1260710,
                    "cumulative_rows_scanned": 5110826,
                    "operator_rows_scanned": 0,
                    "operator_timing": 0.000335093,
                    "result_set_size": 181542240,
                    "children": [
                        {
                            "operator_name": "PROJECTION",
                            "cpu_time": 0.6498114429999998,
                            "extra_info": {
                                "Projections": [
                                    "UserId",
                                    "reputation",
                                    "creationdate",
                                    "displayname",
                                    "lastaccessdate",
                                    "TotalPosts",
                                    "TotalQuestions",
                                    "TotalAnswers",
                                    "TotalScore",
                                    "TotalViews",
                                    "TotalAnswersReceived",
                                    "TotalComments"
                                ],
                                "Estimated Cardinality": "1925058"
                            },
                            "cumulative_cardinality": 12225626,
                            "operator_type": "PROJECTION",
                            "operator_cardinality": 1260710,
                            "cumulative_rows_scanned": 5110826,
                            "operator_rows_scanned": 0,
                            "operator_timing": 0.00034530300000000004,
                            "result_set_size": 181542240,
                            "children": [
                                {
                                    "operator_name": "HASH_JOIN",
                                    "cpu_time": 0.6494661399999998,
                                    "extra_info": {
                                        "Join Type": "RIGHT",
                                        "Conditions": "owneruserid = id",
                                        "Estimated Cardinality": "1925058"
                                    },
                                    "cumulative_cardinality": 10964916,
                                    "operator_type": "HASH_JOIN",
                                    "operator_cardinality": 1260710,
                                    "cumulative_rows_scanned": 5110826,
                                    "operator_rows_scanned": 0,
                                    "operator_timing": 0.127339141,
                                    "result_set_size": 181542240,
                                    "children": [
                                        {
                                            "operator_name": "PROJECTION",
                                            "cpu_time": 0.40821811999999985,
                                            "extra_info": {
                                                "Projections": [
                                                    "owneruserid",
                                                    "TotalPosts",
                                                    "TotalQuestions",
                                                    "TotalAnswers",
                                                    "TotalScore",
                                                    "TotalViews",
                                                    "TotalAnswersReceived",
                                                    "TotalComments"
                                                ],
                                                "Estimated Cardinality": "1925058"
                                            },
                                            "cumulative_cardinality": 8443496,
                                            "operator_type": "PROJECTION",
                                            "operator_cardinality": 371632,
                                            "cumulative_rows_scanned": 3850116,
                                            "operator_rows_scanned": 0,
                                            "operator_timing": 0.011102540999999997,
                                            "result_set_size": 40136256,
                                            "children": [
                                                {
                                                    "operator_name": "HASH_GROUP_BY",
                                                    "cpu_time": 0.39711557899999983,
                                                    "extra_info": {
                                                        "Groups": "#0",
                                                        "Aggregates": [
                                                            "count_star()",
                                                            "sum(#1)",
                                                            "sum(#2)",
                                                            "sum(#3)",
                                                            "sum(#4)",
                                                            "sum(#5)",
                                                            "sum(#6)"
                                                        ],
                                                        "Estimated Cardinality": "1925058"
                                                    },
                                                    "cumulative_cardinality": 8071864,
                                                    "operator_type": "HASH_GROUP_BY",
                                                    "operator_cardinality": 371632,
                                                    "cumulative_rows_scanned": 3850116,
                                                    "operator_rows_scanned": 0,
                                                    "operator_timing": 0.21054841499999988,
                                                    "result_set_size": 40136256,
                                                    "children": [
                                                        {
                                                            "operator_name": "PROJECTION",
                                                            "cpu_time": 0.18656716399999995,
                                                            "extra_info": {
                                                                "Projections": [
                                                                    "owneruserid",
                                                                    "CASE  WHEN ((posttypeid = 1)) THEN (1) ELSE 0 END",
                                                                    "CASE  WHEN ((posttypeid = 2)) THEN (1) ELSE 0 END",
                                                                    "score",
                                                                    "viewcount",
                                                                    "answercount",
                                                                    "commentcount"
                                                                ],
                                                                "Estimated Cardinality": "3850116"
                                                            },
                                                            "cumulative_cardinality": 7700232,
                                                            "operator_type": "PROJECTION",
                                                            "operator_cardinality": 3850116,
                                                            "cumulative_rows_scanned": 3850116,
                                                            "operator_rows_scanned": 0,
                                                            "operator_timing": 0.04897184600000003,
                                                            "result_set_size": 107803248,
                                                            "children": [
                                                                {
                                                                    "operator_name": "READ_PARQUET ",
                                                                    "cpu_time": 0.13759531799999994,
                                                                    "extra_info": {
                                                                        "Function": "READ_PARQUET",
                                                                        "Projections": [
                                                                            "id",
                                                                            "posttypeid",
                                                                            "score",
                                                                            "viewcount",
                                                                            "owneruserid",
                                                                            "answercount",
                                                                            "commentcount"
                                                                        ],
                                                                        "Estimated Cardinality": "3850116"
                                                                    },
                                                                    "cumulative_cardinality": 3850116,
                                                                    "operator_type": "TABLE_SCAN",
                                                                    "operator_cardinality": 3850116,
                                                                    "cumulative_rows_scanned": 3850116,
                                                                    "operator_rows_scanned": 3850116,
                                                                    "operator_timing": 0.13759531799999994,
                                                                    "result_set_size": 100103016,
                                                                    "children": []
                                                                }
                                                            ]
                                                        }
                                                    ]
                                                }
                                            ]
                                        },
                                        {
                                            "operator_name": "READ_PARQUET ",
                                            "cpu_time": 0.11390887899999994,
                                            "extra_info": {
                                                "Function": "READ_PARQUET",
                                                "Projections": [
                                                    "id",
                                                    "reputation",
                                                    "creationdate",
                                                    "displayname",
                                                    "lastaccessdate"
                                                ],
                                                "Estimated Cardinality": "1260710"
                                            },
                                            "cumulative_cardinality": 1260710,
                                            "operator_type": "TABLE_SCAN",
                                            "operator_cardinality": 1260710,
                                            "cumulative_rows_scanned": 1260710,
                                            "operator_rows_scanned": 1260710,
                                            "operator_timing": 0.11390887899999994,
                                            "result_set_size": 50428400,
                                            "children": []
                                        }
                                    ]
                                }
                            ]
                        }
                    ]
                }
            ]
        }
    ]
}