{
    "rows_returned": 265255,
    "query_name": "SELECT \n    p.Id AS PostId,\n    p.Title,\n    p.CreationDate,\n    COUNT(c.Id) AS CommentCount,\n    SUM(CASE WHEN v.VoteTypeId = 2 THEN 1 ELSE 0 END) AS UpVoteCount,\n    SUM(CASE WHEN v.VoteTypeId = 3 THEN 1 ELSE 0 END) AS DownVoteCount,\n    COUNT(DISTINCT b.Id) AS BadgeCount\nFROM \n    Posts p\nLEFT JOIN \n    Comments c ON p.Id = c.PostId\nLEFT JOIN \n    Votes v ON p.Id = v.PostId\nLEFT JOIN \n    Badges b ON p.OwnerUserId = b.UserId\nWHERE \n    p.CreationDate >= '2023-01-01'\nGROUP BY \n    p.Id, p.Title, p.CreationDate\nORDER BY \n    p.CreationDate DESC;\n",
    "blocked_thread_time": 0.0,
    "cpu_time": 16.91822158699994,
    "extra_info": {},
    "cumulative_cardinality": 396203753,
    "cumulative_rows_scanned": 26157755,
    "result_set_size": 20159380,
    "latency": 21.353547768,
    "children": [
        {
            "operator_name": "ORDER_BY",
            "cpu_time": 16.91822158699994,
            "extra_info": {
                "Order By": "p.CreationDate DESC"
            },
            "cumulative_cardinality": 396203753,
            "operator_type": "ORDER_BY",
            "operator_cardinality": 265255,
            "cumulative_rows_scanned": 26157755,
            "operator_rows_scanned": 0,
            "operator_timing": 0.02271850499999999,
            "result_set_size": 20159380,
            "children": [
                {
                    "operator_name": "HASH_GROUP_BY",
                    "cpu_time": 16.89550308199994,
                    "extra_info": {
                        "Groups": [
                            "#0",
                            "#1",
                            "#2"
                        ],
                        "Aggregates": [
                            "count(#3)",
                            "sum(#4)",
                            "sum(#5)",
                            "count(DISTINCT #6)"
                        ],
                        "Estimated Cardinality": "3850116"
                    },
                    "cumulative_cardinality": 395938498,
                    "operator_type": "HASH_GROUP_BY",
                    "operator_cardinality": 265255,
                    "cumulative_rows_scanned": 26157755,
                    "operator_rows_scanned": 0,
                    "operator_timing": 12.847953490999956,
                    "result_set_size": 20159380,
                    "children": [
                        {
                            "operator_name": "PROJECTION",
                            "cpu_time": 4.047549590999987,
                            "extra_info": {
                                "Projections": [
                                    "id",
                                    "title",
                                    "creationdate",
                                    "id",
                                    "CASE  WHEN ((votetypeid = 2)) THEN (1) ELSE 0 END",
                                    "CASE  WHEN ((votetypeid = 3)) THEN (1) ELSE 0 END",
                                    "id"
                                ],
                                "Estimated Cardinality": "12744093"
                            },
                            "cumulative_cardinality": 395673243,
                            "operator_type": "PROJECTION",
                            "operator_cardinality": 181425993,
                            "cumulative_rows_scanned": 26157755,
                            "operator_rows_scanned": 0,
                            "operator_timing": 0.88349227199999,
                            "result_set_size": 7982743692,
                            "children": [
                                {
                                    "operator_name": "HASH_JOIN",
                                    "cpu_time": 3.1640573189999968,
                                    "extra_info": {
                                        "Join Type": "LEFT",
                                        "Conditions": "owneruserid = userid",
                                        "Estimated Cardinality": "12744093"
                                    },
                                    "cumulative_cardinality": 214247250,
                                    "operator_type": "HASH_JOIN",
                                    "operator_cardinality": 181425993,
                                    "cumulative_rows_scanned": 26157755,
                                    "operator_rows_scanned": 0,
                                    "operator_timing": 2.2435863849999973,
                                    "result_set_size": 6894187734,
                                    "children": [
                                        {
                                            "operator_name": "PROJECTION",
                                            "cpu_time": 0.8977050949999998,
                                            "extra_info": {
                                                "Projections": [
                                                    "#0",
                                                    "#1",
                                                    "#2",
                                                    "#3",
                                                    "#4",
                                                    "__internal_decompress_integral_smallint(#5, 1)"
                                                ],
                                                "Estimated Cardinality": "12744093"
                                            },
                                            "cumulative_cardinality": 30499533,
                                            "operator_type": "PROJECTION",
                                            "operator_cardinality": 1773112,
                                            "cumulative_rows_scanned": 23836031,
                                            "operator_rows_scanned": 0,
                                            "operator_timing": 0.0015149850000000002,
                                            "result_set_size": 67378256,
                                            "children": [
                                                {
                                                    "operator_name": "HASH_JOIN",
                                                    "cpu_time": 0.8961901099999998,
                                                    "extra_info": {
                                                        "Join Type": "LEFT",
                                                        "Conditions": "id = postid",
                                                        "Estimated Cardinality": "12744093"
                                                    },
                                                    "cumulative_cardinality": 28726421,
                                                    "operator_type": "HASH_JOIN",
                                                    "operator_cardinality": 1773112,
                                                    "cumulative_rows_scanned": 23836031,
                                                    "operator_rows_scanned": 0,
                                                    "operator_timing": 0.6251495330000001,
                                                    "result_set_size": 65605144,
                                                    "children": [
                                                        {
                                                            "operator_name": "HASH_JOIN",
                                                            "cpu_time": 0.141240635,
                                                            "extra_info": {
                                                                "Join Type": "RIGHT",
                                                                "Conditions": "postid = id",
                                                                "Estimated Cardinality": "7241822"
                                                            },
                                                            "cumulative_cardinality": 1465123,
                                                            "operator_type": "HASH_JOIN",
                                                            "operator_cardinality": 654953,
                                                            "cumulative_rows_scanned": 11091938,
                                                            "operator_rows_scanned": 0,
                                                            "operator_timing": 0.05448029000000001,
                                                            "result_set_size": 23578308,
                                                            "children": [
                                                                {
                                                                    "operator_name": "READ_PARQUET ",
                                                                    "cpu_time": 0.017209436999999998,
                                                                    "extra_info": {
                                                                        "Function": "READ_PARQUET",
                                                                        "Projections": [
                                                                            "id",
                                                                            "postid"
                                                                        ],
                                                                        "Estimated Cardinality": "7241822"
                                                                    },
                                                                    "cumulative_cardinality": 544915,
                                                                    "operator_type": "TABLE_SCAN",
                                                                    "operator_cardinality": 544915,
                                                                    "cumulative_rows_scanned": 7241822,
                                                                    "operator_rows_scanned": 7241822,
                                                                    "operator_timing": 0.017209436999999998,
                                                                    "result_set_size": 4359320,
                                                                    "children": []
                                                                },
                                                                {
                                                                    "operator_name": "READ_PARQUET ",
                                                                    "cpu_time": 0.06955090799999998,
                                                                    "extra_info": {
                                                                        "Function": "READ_PARQUET",
                                                                        "Projections": [
                                                                            "id",
                                                                            "creationdate",
                                                                            "owneruserid",
                                                                            "title"
                                                                        ],
                                                                        "Filters": "creationdate>='2023-01-01 00:00:00'::TIMESTAMP",
                                                                        "Estimated Cardinality": "770023"
                                                                    },
                                                                    "cumulative_cardinality": 265255,
                                                                    "operator_type": "TABLE_SCAN",
                                                                    "operator_cardinality": 265255,
                                                                    "cumulative_rows_scanned": 3850116,
                                                                    "operator_rows_scanned": 3850116,
                                                                    "operator_timing": 0.06955090799999998,
                                                                    "result_set_size": 8488160,
                                                                    "children": []
                                                                }
                                                            ]
                                                        },
                                                        {
                                                            "operator_name": "PROJECTION",
                                                            "cpu_time": 0.12979994199999978,
                                                            "extra_info": {
                                                                "Projections": [
                                                                    "#0",
                                                                    "__internal_compress_integral_utinyint(#1, 1)"
                                                                ],
                                                                "Estimated Cardinality": "12744093"
                                                            },
                                                            "cumulative_cardinality": 25488186,
                                                            "operator_type": "PROJECTION",
                                                            "operator_cardinality": 12744093,
                                                            "cumulative_rows_scanned": 12744093,
                                                            "operator_rows_scanned": 0,
                                                            "operator_timing": 0.003311912000000017,
                                                            "result_set_size": 63720465,
                                                            "children": [
                                                                {
                                                                    "operator_name": "READ_PARQUET ",
                                                                    "cpu_time": 0.12648802999999975,
                                                                    "extra_info": {
                                                                        "Function": "READ_PARQUET",
                                                                        "Projections": [
                                                                            "postid",
                                                                            "votetypeid"
                                                                        ],
                                                                        "Estimated Cardinality": "12744093"
                                                                    },
                                                                    "cumulative_cardinality": 12744093,
                                                                    "operator_type": "TABLE_SCAN",
                                                                    "operator_cardinality": 12744093,
                                                                    "cumulative_rows_scanned": 12744093,
                                                                    "operator_rows_scanned": 12744093,
                                                                    "operator_timing": 0.12648802999999975,
                                                                    "result_set_size": 76464558,
                                                                    "children": []
                                                                }
                                                            ]
                                                        }
                                                    ]
                                                }
                                            ]
                                        },
                                        {
                                            "operator_name": "READ_PARQUET ",
                                            "cpu_time": 0.022765838999999982,
                                            "extra_info": {
                                                "Function": "READ_PARQUET",
                                                "Projections": [
                                                    "id",
                                                    "userid"
                                                ],
                                                "Estimated Cardinality": "2321724"
                                            },
                                            "cumulative_cardinality": 2321724,
                                            "operator_type": "TABLE_SCAN",
                                            "operator_cardinality": 2321724,
                                            "cumulative_rows_scanned": 2321724,
                                            "operator_rows_scanned": 2321724,
                                            "operator_timing": 0.022765838999999982,
                                            "result_set_size": 18573792,
                                            "children": []
                                        }
                                    ]
                                }
                            ]
                        }
                    ]
                }
            ]
        }
    ]
}