{
    "rows_returned": 100,
    "query_name": "WITH PostDetails AS (\n    SELECT \n        p.Id AS PostId,\n        p.Title,\n        p.ViewCount,\n        p.Score,\n        p.CreationDate,\n        COUNT(DISTINCT c.Id) AS CommentCount,\n        COUNT(DISTINCT v.Id) AS VoteCount,\n        MAX(ph.CreationDate) AS LastEditDate\n    FROM \n        Posts p\n    LEFT JOIN \n        Comments c ON p.Id = c.PostId\n    LEFT JOIN \n        Votes v ON p.Id = v.PostId\n    LEFT JOIN \n        PostHistory ph ON p.Id = ph.PostId\n    GROUP BY \n        p.Id, p.Title, p.ViewCount, p.Score, p.CreationDate\n),\nUserStats AS (\n    SELECT \n        u.Id AS UserId,\n        COUNT(DISTINCT p.Id) AS PostCount,\n        SUM(u.UpVotes) AS TotalUpVotes,\n        SUM(u.DownVotes) AS TotalDownVotes\n    FROM \n        Users u\n    LEFT JOIN \n        Posts p ON u.Id = p.OwnerUserId\n    GROUP BY \n        u.Id\n)\n\nSELECT \n    pd.PostId,\n    pd.Title,\n    pd.ViewCount,\n    pd.Score,\n    pd.CommentCount,\n    pd.VoteCount,\n    pd.CreationDate,\n    pd.LastEditDate,\n    us.PostCount AS UserPostCount,\n    us.TotalUpVotes,\n    us.TotalDownVotes\nFROM \n    PostDetails pd\nJOIN \n    Users u ON pd.PostId = u.Id\nJOIN \n    UserStats us ON u.Id = us.UserId\nORDER BY \n    pd.Score DESC, pd.ViewCount DESC\nLIMIT 100;",
    "blocked_thread_time": 0.0,
    "cpu_time": 22.565794148999977,
    "extra_info": {},
    "cumulative_cardinality": 630764233,
    "cumulative_rows_scanned": 42002811,
    "result_set_size": 10000,
    "latency": 26.324033601,
    "children": [
        {
            "operator_name": "STREAMING_LIMIT",
            "cpu_time": 22.565794148999977,
            "extra_info": {},
            "cumulative_cardinality": 630764233,
            "operator_type": "STREAMING_LIMIT",
            "operator_cardinality": 100,
            "cumulative_rows_scanned": 42002811,
            "operator_rows_scanned": 0,
            "operator_timing": 0.000001713,
            "result_set_size": 10000,
            "children": [
                {
                    "operator_name": "PROJECTION",
                    "cpu_time": 22.565792435999978,
                    "extra_info": {
                        "Projections": [
                            "#0",
                            "#1",
                            "#2",
                            "__internal_decompress_integral_integer(#3, -72)",
                            "#4",
                            "#5",
                            "#6",
                            "#7",
                            "#8",
                            "#9",
                            "#10"
                        ],
                        "Estimated Cardinality": "3850116"
                    },
                    "cumulative_cardinality": 630764133,
                    "operator_type": "PROJECTION",
                    "operator_cardinality": 4096,
                    "cumulative_rows_scanned": 42002811,
                    "operator_rows_scanned": 0,
                    "operator_timing": 0.000007384,
                    "result_set_size": 409600,
                    "children": [
                        {
                            "operator_name": "ORDER_BY",
                            "cpu_time": 22.565785051999978,
                            "extra_info": {
                                "Order By": [
                                    "pd.Score DESC",
                                    "pd.ViewCount DESC"
                                ]
                            },
                            "cumulative_cardinality": 630760037,
                            "operator_type": "ORDER_BY",
                            "operator_cardinality": 4096,
                            "cumulative_rows_scanned": 42002811,
                            "operator_rows_scanned": 0,
                            "operator_timing": 0.07128958200000002,
                            "result_set_size": 401408,
                            "children": [
                                {
                                    "operator_name": "PROJECTION",
                                    "cpu_time": 22.49449546999998,
                                    "extra_info": {
                                        "Projections": [
                                            "#0",
                                            "#1",
                                            "#2",
                                            "__internal_compress_integral_usmallint(#3, -72)",
                                            "#4",
                                            "#5",
                                            "#6",
                                            "#7",
                                            "#8",
                                            "#9",
                                            "#10"
                                        ],
                                        "Estimated Cardinality": "3850116"
                                    },
                                    "cumulative_cardinality": 630755941,
                                    "operator_type": "PROJECTION",
                                    "operator_cardinality": 1023784,
                                    "cumulative_rows_scanned": 42002811,
                                    "operator_rows_scanned": 0,
                                    "operator_timing": 0.0013478880000000006,
                                    "result_set_size": 100330832,
                                    "children": [
                                        {
                                            "operator_name": "PROJECTION",
                                            "cpu_time": 22.493147581999978,
                                            "extra_info": {
                                                "Projections": [
                                                    "PostId",
                                                    "title",
                                                    "viewcount",
                                                    "score",
                                                    "CommentCount",
                                                    "VoteCount",
                                                    "creationdate",
                                                    "LastEditDate",
                                                    "UserPostCount",
                                                    "TotalUpVotes",
                                                    "TotalDownVotes"
                                                ],
                                                "Estimated Cardinality": "3850116"
                                            },
                                            "cumulative_cardinality": 629732157,
                                            "operator_type": "PROJECTION",
                                            "operator_cardinality": 1023784,
                                            "cumulative_rows_scanned": 42002811,
                                            "operator_rows_scanned": 0,
                                            "operator_timing": 0.0004042589999999981,
                                            "result_set_size": 102378400,
                                            "children": [
                                                {
                                                    "operator_name": "HASH_JOIN",
                                                    "cpu_time": 22.492743322999978,
                                                    "extra_info": {
                                                        "Join Type": "INNER",
                                                        "Conditions": "PostId = UserId",
                                                        "Estimated Cardinality": "3850116"
                                                    },
                                                    "cumulative_cardinality": 628708373,
                                                    "operator_type": "HASH_JOIN",
                                                    "operator_cardinality": 1023784,
                                                    "cumulative_rows_scanned": 42002811,
                                                    "operator_rows_scanned": 0,
                                                    "operator_timing": 0.16844079299999973,
                                                    "result_set_size": 102378400,
                                                    "children": [
                                                        {
                                                            "operator_name": "PROJECTION",
                                                            "cpu_time": 20.953046226999977,
                                                            "extra_info": {
                                                                "Projections": [
                                                                    "#0",
                                                                    "#1",
                                                                    "#2",
                                                                    "__internal_decompress_integral_integer(#3, -72)",
                                                                    "#4",
                                                                    "#5",
                                                                    "#6",
                                                                    "#7"
                                                                ],
                                                                "Estimated Cardinality": "3850116"
                                                            },
                                                            "cumulative_cardinality": 599399440,
                                                            "operator_type": "PROJECTION",
                                                            "operator_cardinality": 1156110,
                                                            "cumulative_rows_scanned": 35631275,
                                                            "operator_rows_scanned": 0,
                                                            "operator_timing": 0.000804044999999999,
                                                            "result_set_size": 69366600,
                                                            "children": [
                                                                {
                                                                    "operator_name": "HASH_GROUP_BY",
                                                                    "cpu_time": 20.952242181999978,
                                                                    "extra_info": {
                                                                        "Groups": [
                                                                            "#0",
                                                                            "#1",
                                                                            "#2",
                                                                            "#3",
                                                                            "#4"
                                                                        ],
                                                                        "Aggregates": [
                                                                            "count(DISTINCT #5)",
                                                                            "count(DISTINCT #6)",
                                                                            "max(#7)"
                                                                        ],
                                                                        "Estimated Cardinality": "3850116"
                                                                    },
                                                                    "cumulative_cardinality": 598243330,
                                                                    "operator_type": "HASH_GROUP_BY",
                                                                    "operator_cardinality": 1156110,
                                                                    "cumulative_rows_scanned": 35631275,
                                                                    "operator_rows_scanned": 0,
                                                                    "operator_timing": 12.854122025000041,
                                                                    "result_set_size": 67054380,
                                                                    "children": [
                                                                        {
                                                                            "operator_name": "PROJECTION",
                                                                            "cpu_time": 8.098120156999936,
                                                                            "extra_info": {
                                                                                "Projections": [
                                                                                    "id",
                                                                                    "title",
                                                                                    "viewcount",
                                                                                    "score",
                                                                                    "creationdate",
                                                                                    "id",
                                                                                    "id",
                                                                                    "creationdate"
                                                                                ],
                                                                                "Estimated Cardinality": "12744093"
                                                                            },
                                                                            "cumulative_cardinality": 597087220,
                                                                            "operator_type": "PROJECTION",
                                                                            "operator_cardinality": 92634881,
                                                                            "cumulative_rows_scanned": 35631275,
                                                                            "operator_rows_scanned": 0,
                                                                            "operator_timing": 0.02532294099999799,
                                                                            "result_set_size": 4631744050,
                                                                            "children": [
                                                                                {
                                                                                    "operator_name": "PROJECTION",
                                                                                    "cpu_time": 8.07279721599994,
                                                                                    "extra_info": {
                                                                                        "Projections": [
                                                                                            "#0",
                                                                                            "#1",
                                                                                            "#2",
                                                                                            "#3",
                                                                                            "__internal_compress_integral_usmallint(#4, -72)",
                                                                                            "#5",
                                                                                            "#6",
                                                                                            "#7"
                                                                                        ],
                                                                                        "Estimated Cardinality": "12744093"
                                                                                    },
                                                                                    "cumulative_cardinality": 504452339,
                                                                                    "operator_type": "PROJECTION",
                                                                                    "operator_cardinality": 92634881,
                                                                                    "cumulative_rows_scanned": 35631275,
                                                                                    "operator_rows_scanned": 0,
                                                                                    "operator_timing": 0.10480566599999688,
                                                                                    "result_set_size": 4631744050,
                                                                                    "children": [
                                                                                        {
                                                                                            "operator_name": "FILTER",
                                                                                            "cpu_time": 7.967991549999943,
                                                                                            "extra_info": {
                                                                                                "Expression": "(#2 <= 1416570)",
                                                                                                "Estimated Cardinality": "12744093"
                                                                                            },
                                                                                            "cumulative_cardinality": 411817458,
                                                                                            "operator_type": "FILTER",
                                                                                            "operator_cardinality": 92634881,
                                                                                            "cumulative_rows_scanned": 35631275,
                                                                                            "operator_rows_scanned": 0,
                                                                                            "operator_timing": 0.3923749300000014,
                                                                                            "result_set_size": 4817013812,
                                                                                            "children": [
                                                                                                {
                                                                                                    "operator_name": "HASH_JOIN",
                                                                                                    "cpu_time": 7.575616619999941,
                                                                                                    "extra_info": {
                                                                                                        "Join Type": "LEFT",
                                                                                                        "Conditions": "id = postid",
                                                                                                        "Estimated Cardinality": "12744093"
                                                                                                    },
                                                                                                    "cumulative_cardinality": 319182577,
                                                                                                    "operator_type": "HASH_JOIN",
                                                                                                    "operator_cardinality": 182657208,
                                                                                                    "cumulative_rows_scanned": 35631275,
                                                                                                    "operator_rows_scanned": 0,
                                                                                                    "operator_timing": 3.24928089099997,
                                                                                                    "result_set_size": 9498174816,
                                                                                                    "children": [
                                                                                                        {
                                                                                                            "operator_name": "PROJECTION",
                                                                                                            "cpu_time": 4.107069464999972,
                                                                                                            "extra_info": {
                                                                                                                "Projections": [
                                                                                                                    "#0",
                                                                                                                    "#1",
                                                                                                                    "#2",
                                                                                                                    "#3",
                                                                                                                    "__internal_decompress_integral_integer(#4, -72)",
                                                                                                                    "#5",
                                                                                                                    "#6"
                                                                                                                ],
                                                                                                                "Estimated Cardinality": "12744093"
                                                                                                            },
                                                                                                            "cumulative_cardinality": 124730125,
                                                                                                            "operator_type": "PROJECTION",
                                                                                                            "operator_cardinality": 35129590,
                                                                                                            "cumulative_rows_scanned": 23836031,
                                                                                                            "operator_rows_scanned": 0,
                                                                                                            "operator_timing": 0.019684058999999737,
                                                                                                            "result_set_size": 1545701960,
                                                                                                            "children": [
                                                                                                                {
                                                                                                                    "operator_name": "HASH_JOIN",
                                                                                                                    "cpu_time": 4.087385405999973,
                                                                                                                    "extra_info": {
                                                                                                                        "Join Type": "RIGHT",
                                                                                                                        "Conditions": "postid = id",
                                                                                                                        "Estimated Cardinality": "12744093"
                                                                                                                    },
                                                                                                                    "cumulative_cardinality": 89600535,
                                                                                                                    "operator_type": "HASH_JOIN",
                                                                                                                    "operator_cardinality": 35129590,
                                                                                                                    "cumulative_rows_scanned": 23836031,
                                                                                                                    "operator_rows_scanned": 0,
                                                                                                                    "operator_timing": 2.3534076989999755,
                                                                                                                    "result_set_size": 1475442780,
                                                                                                                    "children": [
                                                                                                                        {
                                                                                                                            "operator_name": "READ_PARQUET ",
                                                                                                                            "cpu_time": 0.24169603500000003,
                                                                                                                            "extra_info": {
                                                                                                                                "Function": "READ_PARQUET",
                                                                                                                                "Projections": [
                                                                                                                                    "id",
                                                                                                                                    "postid"
                                                                                                                                ],
                                                                                                                                "Estimated Cardinality": "12744093"
                                                                                                                            },
                                                                                                                            "cumulative_cardinality": 12744093,
                                                                                                                            "operator_type": "TABLE_SCAN",
                                                                                                                            "operator_cardinality": 12744093,
                                                                                                                            "cumulative_rows_scanned": 12744093,
                                                                                                                            "operator_rows_scanned": 12744093,
                                                                                                                            "operator_timing": 0.24169603500000003,
                                                                                                                            "result_set_size": 101952744,
                                                                                                                            "children": []
                                                                                                                        },
                                                                                                                        {
                                                                                                                            "operator_name": "PROJECTION",
                                                                                                                            "cpu_time": 1.4922816719999967,
                                                                                                                            "extra_info": {
                                                                                                                                "Projections": [
                                                                                                                                    "#0",
                                                                                                                                    "#1",
                                                                                                                                    "#2",
                                                                                                                                    "__internal_compress_integral_usmallint(#3, -72)",
                                                                                                                                    "#4",
                                                                                                                                    "#5"
                                                                                                                                ],
                                                                                                                                "Estimated Cardinality": "7241822"
                                                                                                                            },
                                                                                                                            "cumulative_cardinality": 41726852,
                                                                                                                            "operator_type": "PROJECTION",
                                                                                                                            "operator_cardinality": 8928266,
                                                                                                                            "cumulative_rows_scanned": 11091938,
                                                                                                                            "operator_rows_scanned": 0,
                                                                                                                            "operator_timing": 0.003608907000000005,
                                                                                                                            "result_set_size": 339274108,
                                                                                                                            "children": [
                                                                                                                                {
                                                                                                                                    "operator_name": "PROJECTION",
                                                                                                                                    "cpu_time": 1.4886727649999967,
                                                                                                                                    "extra_info": {
                                                                                                                                        "Projections": [
                                                                                                                                            "#0",
                                                                                                                                            "#1",
                                                                                                                                            "#2",
                                                                                                                                            "__internal_decompress_integral_integer(#3, -72)",
                                                                                                                                            "#4",
                                                                                                                                            "#5"
                                                                                                                                        ],
                                                                                                                                        "Estimated Cardinality": "7241822"
                                                                                                                                    },
                                                                                                                                    "cumulative_cardinality": 32798586,
                                                                                                                                    "operator_type": "PROJECTION",
                                                                                                                                    "operator_cardinality": 8928266,
                                                                                                                                    "cumulative_rows_scanned": 11091938,
                                                                                                                                    "operator_rows_scanned": 0,
                                                                                                                                    "operator_timing": 0.005854665999999986,
                                                                                                                                    "result_set_size": 357130640,
                                                                                                                                    "children": [
                                                                                                                                        {
                                                                                                                                            "operator_name": "HASH_JOIN",
                                                                                                                                            "cpu_time": 1.4828180989999966,
                                                                                                                                            "extra_info": {
                                                                                                                                                "Join Type": "RIGHT",
                                                                                                                                                "Conditions": "postid = id",
                                                                                                                                                "Estimated Cardinality": "7241822"
                                                                                                                                            },
                                                                                                                                            "cumulative_cardinality": 23870320,
                                                                                                                                            "operator_type": "HASH_JOIN",
                                                                                                                                            "operator_cardinality": 8928266,
                                                                                                                                            "cumulative_rows_scanned": 11091938,
                                                                                                                                            "operator_rows_scanned": 0,
                                                                                                                                            "operator_timing": 0.8751770299999959,
                                                                                                                                            "result_set_size": 339274108,
                                                                                                                                            "children": [
                                                                                                                                                {
                                                                                                                                                    "operator_name": "READ_PARQUET ",
                                                                                                                                                    "cpu_time": 0.15066206000000032,
                                                                                                                                                    "extra_info": {
                                                                                                                                                        "Function": "READ_PARQUET",
                                                                                                                                                        "Projections": [
                                                                                                                                                            "id",
                                                                                                                                                            "postid"
                                                                                                                                                        ],
                                                                                                                                                        "Estimated Cardinality": "7241822"
                                                                                                                                                    },
                                                                                                                                                    "cumulative_cardinality": 7241822,
                                                                                                                                                    "operator_type": "TABLE_SCAN",
                                                                                                                                                    "operator_cardinality": 7241822,
                                                                                                                                                    "cumulative_rows_scanned": 7241822,
                                                                                                                                                    "operator_rows_scanned": 7241822,
                                                                                                                                                    "operator_timing": 0.15066206000000032,
                                                                                                                                                    "result_set_size": 57934576,
                                                                                                                                                    "children": []
                                                                                                                                                },
                                                                                                                                                {
                                                                                                                                                    "operator_name": "PROJECTION",
                                                                                                                                                    "cpu_time": 0.45697900900000044,
                                                                                                                                                    "extra_info": {
                                                                                                                                                        "Projections": [
                                                                                                                                                            "#0",
                                                                                                                                                            "#1",
                                                                                                                                                            "__internal_compress_integral_usmallint(#2, -72)",
                                                                                                                                                            "#3",
                                                                                                                                                            "#4"
                                                                                                                                                        ],
                                                                                                                                                        "Estimated Cardinality": "3850116"
                                                                                                                                                    },
                                                                                                                                                    "cumulative_cardinality": 7700232,
                                                                                                                                                    "operator_type": "PROJECTION",
                                                                                                                                                    "operator_cardinality": 3850116,
                                                                                                                                                    "cumulative_rows_scanned": 3850116,
                                                                                                                                                    "operator_rows_scanned": 0,
                                                                                                                                                    "operator_timing": 0.0020923990000000043,
                                                                                                                                                    "result_set_size": 130903944,
                                                                                                                                                    "children": [
                                                                                                                                                        {
                                                                                                                                                            "operator_name": "READ_PARQUET ",
                                                                                                                                                            "cpu_time": 0.4548866100000004,
                                                                                                                                                            "extra_info": {
                                                                                                                                                                "Function": "READ_PARQUET",
                                                                                                                                                                "Projections": [
                                                                                                                                                                    "id",
                                                                                                                                                                    "creationdate",
                                                                                                                                                                    "score",
                                                                                                                                                                    "viewcount",
                                                                                                                                                                    "title"
                                                                                                                                                                ],
                                                                                                                                                                "Estimated Cardinality": "3850116"
                                                                                                                                                            },
                                                                                                                                                            "cumulative_cardinality": 3850116,
                                                                                                                                                            "operator_type": "TABLE_SCAN",
                                                                                                                                                            "operator_cardinality": 3850116,
                                                                                                                                                            "cumulative_rows_scanned": 3850116,
                                                                                                                                                            "operator_rows_scanned": 3850116,
                                                                                                                                                            "operator_timing": 0.4548866100000004,
                                                                                                                                                            "result_set_size": 138604176,
                                                                                                                                                            "children": []
                                                                                                                                                        }
                                                                                                                                                    ]
                                                                                                                                                }
                                                                                                                                            ]
                                                                                                                                        }
                                                                                                                                    ]
                                                                                                                                }
                                                                                                                            ]
                                                                                                                        }
                                                                                                                    ]
                                                                                                                }
                                                                                                            ]
                                                                                                        },
                                                                                                        {
                                                                                                            "operator_name": "READ_PARQUET ",
                                                                                                            "cpu_time": 0.21926626400000002,
                                                                                                            "extra_info": {
                                                                                                                "Function": "READ_PARQUET",
                                                                                                                "Projections": [
                                                                                                                    "postid",
                                                                                                                    "creationdate"
                                                                                                                ],
                                                                                                                "Estimated Cardinality": "11795244"
                                                                                                            },
                                                                                                            "cumulative_cardinality": 11795244,
                                                                                                            "operator_type": "TABLE_SCAN",
                                                                                                            "operator_cardinality": 11795244,
                                                                                                            "cumulative_rows_scanned": 11795244,
                                                                                                            "operator_rows_scanned": 11795244,
                                                                                                            "operator_timing": 0.21926626400000002,
                                                                                                            "result_set_size": 141542928,
                                                                                                            "children": []
                                                                                                        }
                                                                                                    ]
                                                                                                }
                                                                                            ]
                                                                                        }
                                                                                    ]
                                                                                }
                                                                            ]
                                                                        }
                                                                    ]
                                                                }
                                                            ]
                                                        },
                                                        {
                                                            "operator_name": "HASH_JOIN",
                                                            "cpu_time": 1.3712563030000022,
                                                            "extra_info": {
                                                                "Join Type": "INNER",
                                                                "Conditions": "UserId = UserId",
                                                                "Estimated Cardinality": "1260710"
                                                            },
                                                            "cumulative_cardinality": 28285149,
                                                            "operator_type": "HASH_JOIN",
                                                            "operator_cardinality": 1260709,
                                                            "cumulative_rows_scanned": 6371536,
                                                            "operator_rows_scanned": 0,
                                                            "operator_timing": 0.10047195500000006,
                                                            "result_set_size": 55471196,
                                                            "children": [
                                                                {
                                                                    "operator_name": "HASH_GROUP_BY",
                                                                    "cpu_time": 1.2600234940000021,
                                                                    "extra_info": {
                                                                        "Groups": "#0",
                                                                        "Aggregates": [
                                                                            "count(DISTINCT #1)",
                                                                            "sum(#2)",
                                                                            "sum(#3)"
                                                                        ],
                                                                        "Estimated Cardinality": "1260710"
                                                                    },
                                                                    "cumulative_cardinality": 25763731,
                                                                    "operator_type": "HASH_GROUP_BY",
                                                                    "operator_cardinality": 1260709,
                                                                    "cumulative_rows_scanned": 5110826,
                                                                    "operator_rows_scanned": 0,
                                                                    "operator_timing": 0.8985896350000012,
                                                                    "result_set_size": 55471196,
                                                                    "children": [
                                                                        {
                                                                            "operator_name": "PROJECTION",
                                                                            "cpu_time": 0.36143385900000097,
                                                                            "extra_info": {
                                                                                "Projections": [
                                                                                    "id",
                                                                                    "id",
                                                                                    "upvotes",
                                                                                    "downvotes"
                                                                                ],
                                                                                "Estimated Cardinality": "3850116"
                                                                            },
                                                                            "cumulative_cardinality": 24503022,
                                                                            "operator_type": "PROJECTION",
                                                                            "operator_cardinality": 4573897,
                                                                            "cumulative_rows_scanned": 5110826,
                                                                            "operator_rows_scanned": 0,
                                                                            "operator_timing": 0.0007328230000000036,
                                                                            "result_set_size": 73182352,
                                                                            "children": [
                                                                                {
                                                                                    "operator_name": "PROJECTION",
                                                                                    "cpu_time": 0.360701036000001,
                                                                                    "extra_info": {
                                                                                        "Projections": [
                                                                                            "#0",
                                                                                            "#1",
                                                                                            "#2",
                                                                                            "__internal_decompress_integral_integer(#3, 0)"
                                                                                        ],
                                                                                        "Estimated Cardinality": "3850116"
                                                                                    },
                                                                                    "cumulative_cardinality": 19929125,
                                                                                    "operator_type": "PROJECTION",
                                                                                    "operator_cardinality": 4573897,
                                                                                    "cumulative_rows_scanned": 5110826,
                                                                                    "operator_rows_scanned": 0,
                                                                                    "operator_timing": 0.0023382240000000025,
                                                                                    "result_set_size": 73182352,
                                                                                    "children": [
                                                                                        {
                                                                                            "operator_name": "FILTER",
                                                                                            "cpu_time": 0.358362812000001,
                                                                                            "extra_info": {
                                                                                                "Expression": "(#1 >= 1)",
                                                                                                "Estimated Cardinality": "3850116"
                                                                                            },
                                                                                            "cumulative_cardinality": 15355228,
                                                                                            "operator_type": "FILTER",
                                                                                            "operator_cardinality": 4573897,
                                                                                            "cumulative_rows_scanned": 5110826,
                                                                                            "operator_rows_scanned": 0,
                                                                                            "operator_timing": 0.00763984699999998,
                                                                                            "result_set_size": 64034558,
                                                                                            "children": [
                                                                                                {
                                                                                                    "operator_name": "HASH_JOIN",
                                                                                                    "cpu_time": 0.350722965000001,
                                                                                                    "extra_info": {
                                                                                                        "Join Type": "RIGHT",
                                                                                                        "Conditions": "owneruserid = id",
                                                                                                        "Estimated Cardinality": "3850116"
                                                                                                    },
                                                                                                    "cumulative_cardinality": 10781331,
                                                                                                    "operator_type": "HASH_JOIN",
                                                                                                    "operator_cardinality": 4574495,
                                                                                                    "cumulative_rows_scanned": 5110826,
                                                                                                    "operator_rows_scanned": 0,
                                                                                                    "operator_timing": 0.2456455270000011,
                                                                                                    "result_set_size": 64042930,
                                                                                                    "children": [
                                                                                                        {
                                                                                                            "operator_name": "READ_PARQUET ",
                                                                                                            "cpu_time": 0.08697541699999993,
                                                                                                            "extra_info": {
                                                                                                                "Function": "READ_PARQUET",
                                                                                                                "Projections": [
                                                                                                                    "id",
                                                                                                                    "owneruserid"
                                                                                                                ],
                                                                                                                "Estimated Cardinality": "3850116"
                                                                                                            },
                                                                                                            "cumulative_cardinality": 3685416,
                                                                                                            "operator_type": "TABLE_SCAN",
                                                                                                            "operator_cardinality": 3685416,
                                                                                                            "cumulative_rows_scanned": 3850116,
                                                                                                            "operator_rows_scanned": 3850116,
                                                                                                            "operator_timing": 0.08697541699999993,
                                                                                                            "result_set_size": 29483328,
                                                                                                            "children": []
                                                                                                        },
                                                                                                        {
                                                                                                            "operator_name": "PROJECTION",
                                                                                                            "cpu_time": 0.01810202099999999,
                                                                                                            "extra_info": {
                                                                                                                "Projections": [
                                                                                                                    "#0",
                                                                                                                    "#1",
                                                                                                                    "__internal_compress_integral_usmallint(#2, 0)"
                                                                                                                ],
                                                                                                                "Estimated Cardinality": "1260710"
                                                                                                            },
                                                                                                            "cumulative_cardinality": 2521420,
                                                                                                            "operator_type": "PROJECTION",
                                                                                                            "operator_cardinality": 1260710,
                                                                                                            "cumulative_rows_scanned": 1260710,
                                                                                                            "operator_rows_scanned": 0,
                                                                                                            "operator_timing": 0.0004565069999999988,
                                                                                                            "result_set_size": 12607100,
                                                                                                            "children": [
                                                                                                                {
                                                                                                                    "operator_name": "READ_PARQUET ",
                                                                                                                    "cpu_time": 0.01764551399999999,
                                                                                                                    "extra_info": {
                                                                                                                        "Function": "READ_PARQUET",
                                                                                                                        "Projections": [
                                                                                                                            "id",
                                                                                                                            "upvotes",
                                                                                                                            "downvotes"
                                                                                                                        ],
                                                                                                                        "Estimated Cardinality": "1260710"
                                                                                                                    },
                                                                                                                    "cumulative_cardinality": 1260710,
                                                                                                                    "operator_type": "TABLE_SCAN",
                                                                                                                    "operator_cardinality": 1260710,
                                                                                                                    "cumulative_rows_scanned": 1260710,
                                                                                                                    "operator_rows_scanned": 1260710,
                                                                                                                    "operator_timing": 0.01764551399999999,
                                                                                                                    "result_set_size": 15128520,
                                                                                                                    "children": []
                                                                                                                }
                                                                                                            ]
                                                                                                        }
                                                                                                    ]
                                                                                                }
                                                                                            ]
                                                                                        }
                                                                                    ]
                                                                                }
                                                                            ]
                                                                        }
                                                                    ]
                                                                },
                                                                {
                                                                    "operator_name": "READ_PARQUET ",
                                                                    "cpu_time": 0.010760854000000012,
                                                                    "extra_info": {
                                                                        "Function": "READ_PARQUET",
                                                                        "Projections": "id",
                                                                        "Filters": "id>=1",
                                                                        "Estimated Cardinality": "1260710"
                                                                    },
                                                                    "cumulative_cardinality": 1260709,
                                                                    "operator_type": "TABLE_SCAN",
                                                                    "operator_cardinality": 1260709,
                                                                    "cumulative_rows_scanned": 1260710,
                                                                    "operator_rows_scanned": 1260710,
                                                                    "operator_timing": 0.010760854000000012,
                                                                    "result_set_size": 5042836,
                                                                    "children": []
                                                                }
                                                            ]
                                                        }
                                                    ]
                                                }
                                            ]
                                        }
                                    ]
                                }
                            ]
                        }
                    ]
                }
            ]
        }
    ]
}