{
    "rows_returned": 10,
    "query_name": "\nWITH UserBadgeStats AS (\n    SELECT \n        U.Id AS UserId,\n        U.DisplayName,\n        SUM(CASE WHEN B.Class = 1 THEN 1 ELSE 0 END) AS GoldBadges,\n        SUM(CASE WHEN B.Class = 2 THEN 1 ELSE 0 END) AS SilverBadges,\n        SUM(CASE WHEN B.Class = 3 THEN 1 ELSE 0 END) AS BronzeBadges,\n        COUNT(B.Id) AS TotalBadges\n    FROM \n        Users U\n    LEFT JOIN \n        Badges B ON U.Id = B.UserId\n    GROUP BY \n        U.Id, U.DisplayName\n),\nUserPostStats AS (\n    SELECT \n        P.OwnerUserId,\n        COUNT(P.Id) AS TotalPosts,\n        SUM(CASE WHEN P.PostTypeId = 1 THEN 1 ELSE 0 END) AS TotalQuestions,\n        SUM(CASE WHEN P.PostTypeId = 2 THEN 1 ELSE 0 END) AS TotalAnswers\n    FROM \n        Posts P\n    GROUP BY \n        P.OwnerUserId\n),\nCombinedStats AS (\n    SELECT \n        U.DisplayName,\n        COALESCE(UPS.TotalPosts, 0) AS TotalPosts,\n        COALESCE(UPS.TotalQuestions, 0) AS TotalQuestions,\n        COALESCE(UPS.TotalAnswers, 0) AS TotalAnswers,\n        COALESCE(UBS.GoldBadges, 0) AS GoldBadges,\n        COALESCE(UBS.SilverBadges, 0) AS SilverBadges,\n        COALESCE(UBS.BronzeBadges, 0) AS BronzeBadges,\n        COALESCE(UBS.TotalBadges, 0) AS TotalBadges\n    FROM \n        Users U\n    LEFT JOIN \n        UserPostStats UPS ON U.Id = UPS.OwnerUserId\n    LEFT JOIN \n        UserBadgeStats UBS ON U.Id = UBS.UserId\n)\nSELECT \n    DisplayName,\n    TotalPosts,\n    TotalQuestions,\n    TotalAnswers,\n    GoldBadges,\n    SilverBadges,\n    BronzeBadges,\n    TotalBadges,\n    (TotalPosts * 1.0) / NULLIF(TotalAnswers, 0) AS PostsAnswerRatio\nFROM \n    CombinedStats\nWHERE \n    (TotalPosts > 5 OR TotalQuestions > 5)\nORDER BY \n    TotalPosts DESC,\n    PostsAnswerRatio DESC\nFETCH FIRST 10 ROWS ONLY;\n",
    "blocked_thread_time": 0.0,
    "cpu_time": 1.406068499,
    "extra_info": {},
    "cumulative_cardinality": 21811277,
    "cumulative_rows_scanned": 8693260,
    "result_set_size": 1200,
    "latency": 1.529902277,
    "children": [
        {
            "operator_name": "STREAMING_LIMIT",
            "cpu_time": 1.406068499,
            "extra_info": {},
            "cumulative_cardinality": 21811277,
            "operator_type": "STREAMING_LIMIT",
            "operator_cardinality": 10,
            "cumulative_rows_scanned": 8693260,
            "operator_rows_scanned": 0,
            "operator_timing": 0.000001803,
            "result_set_size": 1200,
            "children": [
                {
                    "operator_name": "ORDER_BY",
                    "cpu_time": 1.4060666960000001,
                    "extra_info": {
                        "Order By": [
                            "CombinedStats.TotalPosts DESC",
                            "((CombinedStats.TotalPosts * 1.0) / \"nullif\"(CombinedStats.TotalAnswers, 0)) DESC"
                        ]
                    },
                    "cumulative_cardinality": 21811267,
                    "operator_type": "ORDER_BY",
                    "operator_cardinality": 4096,
                    "cumulative_rows_scanned": 8693260,
                    "operator_rows_scanned": 0,
                    "operator_timing": 0.004141620999999996,
                    "result_set_size": 491520,
                    "children": [
                        {
                            "operator_name": "PROJECTION",
                            "cpu_time": 1.401925075,
                            "extra_info": {
                                "Projections": [
                                    "displayname",
                                    "TotalPosts",
                                    "TotalQuestions",
                                    "TotalAnswers",
                                    "GoldBadges",
                                    "SilverBadges",
                                    "BronzeBadges",
                                    "TotalBadges",
                                    "PostsAnswerRatio"
                                ],
                                "Estimated Cardinality": "1260710"
                            },
                            "cumulative_cardinality": 21807171,
                            "operator_type": "PROJECTION",
                            "operator_cardinality": 62575,
                            "cumulative_rows_scanned": 8693260,
                            "operator_rows_scanned": 0,
                            "operator_timing": 0.0040466919999999984,
                            "result_set_size": 7509000,
                            "children": [
                                {
                                    "operator_name": "PROJECTION",
                                    "cpu_time": 1.3978783830000001,
                                    "extra_info": {
                                        "Projections": [
                                            "displayname",
                                            "TotalPosts",
                                            "TotalQuestions",
                                            "TotalAnswers",
                                            "GoldBadges",
                                            "SilverBadges",
                                            "BronzeBadges",
                                            "TotalBadges"
                                        ],
                                        "Estimated Cardinality": "1260710"
                                    },
                                    "cumulative_cardinality": 21744596,
                                    "operator_type": "PROJECTION",
                                    "operator_cardinality": 62575,
                                    "cumulative_rows_scanned": 8693260,
                                    "operator_rows_scanned": 0,
                                    "operator_timing": 0.0056195110000000015,
                                    "result_set_size": 7008400,
                                    "children": [
                                        {
                                            "operator_name": "HASH_JOIN",
                                            "cpu_time": 1.3922588720000002,
                                            "extra_info": {
                                                "Join Type": "RIGHT",
                                                "Conditions": "UserId = id",
                                                "Estimated Cardinality": "1260710"
                                            },
                                            "cumulative_cardinality": 21682021,
                                            "operator_type": "HASH_JOIN",
                                            "operator_cardinality": 62575,
                                            "cumulative_rows_scanned": 8693260,
                                            "operator_rows_scanned": 0,
                                            "operator_timing": 0.026703176,
                                            "result_set_size": 7008400,
                                            "children": [
                                                {
                                                    "operator_name": "PROJECTION",
                                                    "cpu_time": 1.0051298210000001,
                                                    "extra_info": {
                                                        "Projections": [
                                                            "UserId",
                                                            "GoldBadges",
                                                            "SilverBadges",
                                                            "BronzeBadges",
                                                            "TotalBadges"
                                                        ],
                                                        "Estimated Cardinality": "1260710"
                                                    },
                                                    "cumulative_cardinality": 12170680,
                                                    "operator_type": "PROJECTION",
                                                    "operator_cardinality": 1260710,
                                                    "cumulative_rows_scanned": 3582434,
                                                    "operator_rows_scanned": 0,
                                                    "operator_timing": 0.00015373399999999993,
                                                    "result_set_size": 75642600,
                                                    "children": [
                                                        {
                                                            "operator_name": "HASH_GROUP_BY",
                                                            "cpu_time": 1.0049760870000002,
                                                            "extra_info": {
                                                                "Groups": [
                                                                    "#0",
                                                                    "#1"
                                                                ],
                                                                "Aggregates": [
                                                                    "sum(#2)",
                                                                    "sum(#3)",
                                                                    "sum(#4)",
                                                                    "count(#5)"
                                                                ],
                                                                "Estimated Cardinality": "1260710"
                                                            },
                                                            "cumulative_cardinality": 10909970,
                                                            "operator_type": "HASH_GROUP_BY",
                                                            "operator_cardinality": 1260710,
                                                            "cumulative_rows_scanned": 3582434,
                                                            "operator_rows_scanned": 0,
                                                            "operator_timing": 0.6176970060000004,
                                                            "result_set_size": 95813960,
                                                            "children": [
                                                                {
                                                                    "operator_name": "PROJECTION",
                                                                    "cpu_time": 0.38727908099999964,
                                                                    "extra_info": {
                                                                        "Projections": [
                                                                            "id",
                                                                            "displayname",
                                                                            "CASE  WHEN ((class = 1)) THEN (1) ELSE 0 END",
                                                                            "CASE  WHEN ((class = 2)) THEN (1) ELSE 0 END",
                                                                            "CASE  WHEN ((class = 3)) THEN (1) ELSE 0 END",
                                                                            "id"
                                                                        ],
                                                                        "Estimated Cardinality": "2321724"
                                                                    },
                                                                    "cumulative_cardinality": 9649260,
                                                                    "operator_type": "PROJECTION",
                                                                    "operator_cardinality": 3033413,
                                                                    "cumulative_rows_scanned": 3582434,
                                                                    "operator_rows_scanned": 0,
                                                                    "operator_timing": 0.016189543999999983,
                                                                    "result_set_size": 109202868,
                                                                    "children": [
                                                                        {
                                                                            "operator_name": "HASH_JOIN",
                                                                            "cpu_time": 0.37108953699999964,
                                                                            "extra_info": {
                                                                                "Join Type": "RIGHT",
                                                                                "Conditions": "userid = id",
                                                                                "Estimated Cardinality": "2321724"
                                                                            },
                                                                            "cumulative_cardinality": 6615847,
                                                                            "operator_type": "HASH_JOIN",
                                                                            "operator_cardinality": 3033413,
                                                                            "cumulative_rows_scanned": 3582434,
                                                                            "operator_rows_scanned": 0,
                                                                            "operator_timing": 0.23230486899999972,
                                                                            "result_set_size": 78868738,
                                                                            "children": [
                                                                                {
                                                                                    "operator_name": "READ_PARQUET ",
                                                                                    "cpu_time": 0.061079034999999914,
                                                                                    "extra_info": {
                                                                                        "Function": "READ_PARQUET",
                                                                                        "Projections": [
                                                                                            "id",
                                                                                            "userid",
                                                                                            "class"
                                                                                        ],
                                                                                        "Estimated Cardinality": "2321724"
                                                                                    },
                                                                                    "cumulative_cardinality": 2321724,
                                                                                    "operator_type": "TABLE_SCAN",
                                                                                    "operator_cardinality": 2321724,
                                                                                    "cumulative_rows_scanned": 2321724,
                                                                                    "operator_rows_scanned": 2321724,
                                                                                    "operator_timing": 0.061079034999999914,
                                                                                    "result_set_size": 23217240,
                                                                                    "children": []
                                                                                },
                                                                                {
                                                                                    "operator_name": "READ_PARQUET ",
                                                                                    "cpu_time": 0.077705633,
                                                                                    "extra_info": {
                                                                                        "Function": "READ_PARQUET",
                                                                                        "Projections": [
                                                                                            "id",
                                                                                            "displayname"
                                                                                        ],
                                                                                        "Estimated Cardinality": "1260710"
                                                                                    },
                                                                                    "cumulative_cardinality": 1260710,
                                                                                    "operator_type": "TABLE_SCAN",
                                                                                    "operator_cardinality": 1260710,
                                                                                    "cumulative_rows_scanned": 1260710,
                                                                                    "operator_rows_scanned": 1260710,
                                                                                    "operator_timing": 0.077705633,
                                                                                    "result_set_size": 25214200,
                                                                                    "children": []
                                                                                }
                                                                            ]
                                                                        }
                                                                    ]
                                                                }
                                                            ]
                                                        }
                                                    ]
                                                },
                                                {
                                                    "operator_name": "HASH_JOIN",
                                                    "cpu_time": 0.36042587499999995,
                                                    "extra_info": {
                                                        "Join Type": "INNER",
                                                        "Conditions": "id = owneruserid",
                                                        "Estimated Cardinality": "385011"
                                                    },
                                                    "cumulative_cardinality": 9448766,
                                                    "operator_type": "HASH_JOIN",
                                                    "operator_cardinality": 62575,
                                                    "cumulative_rows_scanned": 5110826,
                                                    "operator_rows_scanned": 0,
                                                    "operator_timing": 0.02448562999999999,
                                                    "result_set_size": 3754500,
                                                    "children": [
                                                        {
                                                            "operator_name": "READ_PARQUET ",
                                                            "cpu_time": 0.08655417,
                                                            "extra_info": {
                                                                "Function": "READ_PARQUET",
                                                                "Projections": [
                                                                    "id",
                                                                    "displayname"
                                                                ],
                                                                "Filters": "id<=1416539",
                                                                "Estimated Cardinality": "1260710"
                                                            },
                                                            "cumulative_cardinality": 1251751,
                                                            "operator_type": "TABLE_SCAN",
                                                            "operator_cardinality": 1251751,
                                                            "cumulative_rows_scanned": 1260710,
                                                            "operator_rows_scanned": 1260710,
                                                            "operator_timing": 0.08655417,
                                                            "result_set_size": 25035020,
                                                            "children": []
                                                        },
                                                        {
                                                            "operator_name": "FILTER",
                                                            "cpu_time": 0.24938607499999996,
                                                            "extra_info": {
                                                                "Expression": "((COALESCE(TotalPosts, 0) > 5) OR (COALESCE(TotalQuestions, 0) > 5))",
                                                                "Estimated Cardinality": "385011"
                                                            },
                                                            "cumulative_cardinality": 8134440,
                                                            "operator_type": "FILTER",
                                                            "operator_cardinality": 62576,
                                                            "cumulative_rows_scanned": 3850116,
                                                            "operator_rows_scanned": 0,
                                                            "operator_timing": 0.006639069999999999,
                                                            "result_set_size": 2753344,
                                                            "children": [
                                                                {
                                                                    "operator_name": "HASH_GROUP_BY",
                                                                    "cpu_time": 0.24274700499999996,
                                                                    "extra_info": {
                                                                        "Groups": "#0",
                                                                        "Aggregates": [
                                                                            "count_star()",
                                                                            "sum(#1)",
                                                                            "sum(#2)"
                                                                        ],
                                                                        "Estimated Cardinality": "1925058"
                                                                    },
                                                                    "cumulative_cardinality": 8071864,
                                                                    "operator_type": "HASH_GROUP_BY",
                                                                    "operator_cardinality": 371632,
                                                                    "cumulative_rows_scanned": 3850116,
                                                                    "operator_rows_scanned": 0,
                                                                    "operator_timing": 0.11885383300000003,
                                                                    "result_set_size": 16351808,
                                                                    "children": [
                                                                        {
                                                                            "operator_name": "PROJECTION",
                                                                            "cpu_time": 0.12389317199999991,
                                                                            "extra_info": {
                                                                                "Projections": [
                                                                                    "owneruserid",
                                                                                    "CASE  WHEN ((posttypeid = 1)) THEN (1) ELSE 0 END",
                                                                                    "CASE  WHEN ((posttypeid = 2)) THEN (1) ELSE 0 END"
                                                                                ],
                                                                                "Estimated Cardinality": "3850116"
                                                                            },
                                                                            "cumulative_cardinality": 7700232,
                                                                            "operator_type": "PROJECTION",
                                                                            "operator_cardinality": 3850116,
                                                                            "cumulative_rows_scanned": 3850116,
                                                                            "operator_rows_scanned": 0,
                                                                            "operator_timing": 0.04837490299999994,
                                                                            "result_set_size": 46201392,
                                                                            "children": [
                                                                                {
                                                                                    "operator_name": "READ_PARQUET ",
                                                                                    "cpu_time": 0.07551826899999997,
                                                                                    "extra_info": {
                                                                                        "Function": "READ_PARQUET",
                                                                                        "Projections": [
                                                                                            "id",
                                                                                            "posttypeid",
                                                                                            "owneruserid"
                                                                                        ],
                                                                                        "Estimated Cardinality": "3850116"
                                                                                    },
                                                                                    "cumulative_cardinality": 3850116,
                                                                                    "operator_type": "TABLE_SCAN",
                                                                                    "operator_cardinality": 3850116,
                                                                                    "cumulative_rows_scanned": 3850116,
                                                                                    "operator_rows_scanned": 3850116,
                                                                                    "operator_timing": 0.07551826899999997,
                                                                                    "result_set_size": 38501160,
                                                                                    "children": []
                                                                                }
                                                                            ]
                                                                        }
                                                                    ]
                                                                }
                                                            ]
                                                        }
                                                    ]
                                                }
                                            ]
                                        }
                                    ]
                                }
                            ]
                        }
                    ]
                }
            ]
        }
    ]
}