{
    "rows_returned": 265255,
    "query_name": "\nSELECT \n    p.Id AS PostId,\n    p.Title,\n    p.CreationDate,\n    COUNT(v.Id) AS VoteCount,\n    COALESCE(SUM(CASE WHEN vt.Name = 'UpMod' THEN 1 ELSE 0 END), 0) AS Upvotes,\n    COALESCE(SUM(CASE WHEN vt.Name = 'DownMod' THEN 1 ELSE 0 END), 0) AS Downvotes,\n    COALESCE(SUM(CASE WHEN vt.Name = 'BountyStart' THEN v.BountyAmount ELSE 0 END), 0) AS TotalBounty,\n    u.DisplayName AS AuthorDisplayName,\n    u.Reputation AS AuthorReputation\nFROM \n    Posts p\nLEFT JOIN \n    Votes v ON p.Id = v.PostId\nLEFT JOIN \n    VoteTypes vt ON v.VoteTypeId = vt.Id\nLEFT JOIN \n    Users u ON p.OwnerUserId = u.Id\nWHERE \n    p.CreationDate >= '2023-01-01' \nGROUP BY \n    p.Id, p.Title, p.CreationDate, u.DisplayName, u.Reputation\nORDER BY \n    VoteCount DESC, p.CreationDate DESC;\n",
    "blocked_thread_time": 0.0,
    "cpu_time": 0.5785355709999999,
    "extra_info": {},
    "cumulative_cardinality": 5609583,
    "cumulative_rows_scanned": 17854934,
    "result_set_size": 27586520,
    "latency": 1.329475332,
    "children": [
        {
            "operator_name": "ORDER_BY",
            "cpu_time": 0.5785355709999999,
            "extra_info": {
                "Order By": [
                    "count(v.Id) DESC",
                    "p.CreationDate DESC"
                ]
            },
            "cumulative_cardinality": 5609583,
            "operator_type": "ORDER_BY",
            "operator_cardinality": 265255,
            "cumulative_rows_scanned": 17854934,
            "operator_rows_scanned": 0,
            "operator_timing": 0.024125120999999992,
            "result_set_size": 27586520,
            "children": [
                {
                    "operator_name": "PROJECTION",
                    "cpu_time": 0.5544104499999999,
                    "extra_info": {
                        "Projections": [
                            "PostId",
                            "title",
                            "creationdate",
                            "VoteCount",
                            "Upvotes",
                            "Downvotes",
                            "TotalBounty",
                            "AuthorDisplayName",
                            "AuthorReputation"
                        ],
                        "Estimated Cardinality": "3850116"
                    },
                    "cumulative_cardinality": 5344328,
                    "operator_type": "PROJECTION",
                    "operator_cardinality": 265255,
                    "cumulative_rows_scanned": 17854934,
                    "operator_rows_scanned": 0,
                    "operator_timing": 0.004922003999999999,
                    "result_set_size": 27586520,
                    "children": [
                        {
                            "operator_name": "HASH_GROUP_BY",
                            "cpu_time": 0.5494884459999999,
                            "extra_info": {
                                "Groups": [
                                    "#0",
                                    "#1",
                                    "#2",
                                    "#3",
                                    "#4"
                                ],
                                "Aggregates": [
                                    "count(#5)",
                                    "sum(#6)",
                                    "sum(#7)",
                                    "sum(#8)"
                                ],
                                "Estimated Cardinality": "3850116"
                            },
                            "cumulative_cardinality": 5079073,
                            "operator_type": "HASH_GROUP_BY",
                            "operator_cardinality": 265255,
                            "cumulative_rows_scanned": 17854934,
                            "operator_rows_scanned": 0,
                            "operator_timing": 0.14826307499999994,
                            "result_set_size": 27586520,
                            "children": [
                                {
                                    "operator_name": "PROJECTION",
                                    "cpu_time": 0.401225371,
                                    "extra_info": {
                                        "Projections": [
                                            "id",
                                            "title",
                                            "creationdate",
                                            "displayname",
                                            "reputation",
                                            "id",
                                            "CASE  WHEN ((name = 'UpMod')) THEN (1) ELSE 0 END",
                                            "CASE  WHEN ((name = 'DownMod')) THEN (1) ELSE 0 END",
                                            "CASE  WHEN ((name = 'BountyStart')) THEN (bountyamount) ELSE 0 END"
                                        ],
                                        "Estimated Cardinality": "12744093"
                                    },
                                    "cumulative_cardinality": 4813818,
                                    "operator_type": "PROJECTION",
                                    "operator_cardinality": 621265,
                                    "cumulative_rows_scanned": 17854934,
                                    "operator_rows_scanned": 0,
                                    "operator_timing": 0.007697392000000004,
                                    "result_set_size": 39760960,
                                    "children": [
                                        {
                                            "operator_name": "HASH_JOIN",
                                            "cpu_time": 0.39352797899999997,
                                            "extra_info": {
                                                "Join Type": "LEFT",
                                                "Conditions": "owneruserid = id",
                                                "Estimated Cardinality": "12744093"
                                            },
                                            "cumulative_cardinality": 4192553,
                                            "operator_type": "HASH_JOIN",
                                            "operator_cardinality": 621265,
                                            "cumulative_rows_scanned": 17854934,
                                            "operator_rows_scanned": 0,
                                            "operator_timing": 0.13725803700000003,
                                            "result_set_size": 44731080,
                                            "children": [
                                                {
                                                    "operator_name": "HASH_JOIN",
                                                    "cpu_time": 0.17138332599999995,
                                                    "extra_info": {
                                                        "Join Type": "LEFT",
                                                        "Conditions": "votetypeid = id",
                                                        "Estimated Cardinality": "12744093"
                                                    },
                                                    "cumulative_cardinality": 2310578,
                                                    "operator_type": "HASH_JOIN",
                                                    "operator_cardinality": 621265,
                                                    "cumulative_rows_scanned": 16594224,
                                                    "operator_rows_scanned": 0,
                                                    "operator_timing": 0.010888690999999987,
                                                    "result_set_size": 34790840,
                                                    "children": [
                                                        {
                                                            "operator_name": "HASH_JOIN",
                                                            "cpu_time": 0.16018136899999996,
                                                            "extra_info": {
                                                                "Join Type": "RIGHT",
                                                                "Conditions": "postid = id",
                                                                "Estimated Cardinality": "12744093"
                                                            },
                                                            "cumulative_cardinality": 1689298,
                                                            "operator_type": "HASH_JOIN",
                                                            "operator_cardinality": 621265,
                                                            "cumulative_rows_scanned": 16594209,
                                                            "operator_rows_scanned": 0,
                                                            "operator_timing": 0.05913340699999997,
                                                            "result_set_size": 26093130,
                                                            "children": [
                                                                {
                                                                    "operator_name": "READ_PARQUET ",
                                                                    "cpu_time": 0.03198582899999999,
                                                                    "extra_info": {
                                                                        "Function": "READ_PARQUET",
                                                                        "Projections": [
                                                                            "id",
                                                                            "postid",
                                                                            "votetypeid",
                                                                            "bountyamount"
                                                                        ],
                                                                        "Estimated Cardinality": "12744093"
                                                                    },
                                                                    "cumulative_cardinality": 802778,
                                                                    "operator_type": "TABLE_SCAN",
                                                                    "operator_cardinality": 802778,
                                                                    "cumulative_rows_scanned": 12744093,
                                                                    "operator_rows_scanned": 12744093,
                                                                    "operator_timing": 0.03198582899999999,
                                                                    "result_set_size": 11238892,
                                                                    "children": []
                                                                },
                                                                {
                                                                    "operator_name": "READ_PARQUET ",
                                                                    "cpu_time": 0.069062133,
                                                                    "extra_info": {
                                                                        "Function": "READ_PARQUET",
                                                                        "Projections": [
                                                                            "id",
                                                                            "creationdate",
                                                                            "owneruserid",
                                                                            "title"
                                                                        ],
                                                                        "Filters": "creationdate>='2023-01-01 00:00:00'::TIMESTAMP",
                                                                        "Estimated Cardinality": "770023"
                                                                    },
                                                                    "cumulative_cardinality": 265255,
                                                                    "operator_type": "TABLE_SCAN",
                                                                    "operator_cardinality": 265255,
                                                                    "cumulative_rows_scanned": 3850116,
                                                                    "operator_rows_scanned": 3850116,
                                                                    "operator_timing": 0.069062133,
                                                                    "result_set_size": 8488160,
                                                                    "children": []
                                                                }
                                                            ]
                                                        },
                                                        {
                                                            "operator_name": "READ_PARQUET ",
                                                            "cpu_time": 0.000313266,
                                                            "extra_info": {
                                                                "Function": "READ_PARQUET",
                                                                "Projections": [
                                                                    "id",
                                                                    "name"
                                                                ],
                                                                "Estimated Cardinality": "15"
                                                            },
                                                            "cumulative_cardinality": 15,
                                                            "operator_type": "TABLE_SCAN",
                                                            "operator_cardinality": 15,
                                                            "cumulative_rows_scanned": 15,
                                                            "operator_rows_scanned": 15,
                                                            "operator_timing": 0.000313266,
                                                            "result_set_size": 270,
                                                            "children": []
                                                        }
                                                    ]
                                                },
                                                {
                                                    "operator_name": "READ_PARQUET ",
                                                    "cpu_time": 0.08488661599999997,
                                                    "extra_info": {
                                                        "Function": "READ_PARQUET",
                                                        "Projections": [
                                                            "id",
                                                            "reputation",
                                                            "displayname"
                                                        ],
                                                        "Estimated Cardinality": "1260710"
                                                    },
                                                    "cumulative_cardinality": 1260710,
                                                    "operator_type": "TABLE_SCAN",
                                                    "operator_cardinality": 1260710,
                                                    "cumulative_rows_scanned": 1260710,
                                                    "operator_rows_scanned": 1260710,
                                                    "operator_timing": 0.08488661599999997,
                                                    "result_set_size": 30257040,
                                                    "children": []
                                                }
                                            ]
                                        }
                                    ]
                                }
                            ]
                        }
                    ]
                }
            ]
        }
    ]
}