{
    "rows_returned": 100,
    "query_name": "WITH UserActivity AS (\n    SELECT \n        U.Id AS UserId,\n        U.DisplayName,\n        COUNT(DISTINCT P.Id) AS PostCount,\n        SUM(CASE WHEN P.PostTypeId = 1 THEN 1 ELSE 0 END) AS QuestionCount,\n        SUM(CASE WHEN P.PostTypeId = 2 THEN 1 ELSE 0 END) AS AnswerCount,\n        SUM(V.BountyAmount) AS TotalBounty,\n        AVG(COALESCE(CAST(P.Score AS FLOAT) / NULLIF(P.ViewCount, 0), 0)) AS AvgScorePerView,\n        MAX(P.CreationDate) AS LastActivityDate\n    FROM Users U\n    LEFT JOIN Posts P ON U.Id = P.OwnerUserId\n    LEFT JOIN Votes V ON P.Id = V.PostId\n    GROUP BY U.Id, U.DisplayName\n)\n\nSELECT \n    UA.UserId,\n    UA.DisplayName,\n    UA.PostCount,\n    UA.QuestionCount,\n    UA.AnswerCount,\n    UA.TotalBounty,\n    UA.AvgScorePerView,\n    UA.LastActivityDate,\n    U.Reputation\nFROM UserActivity UA\nJOIN Users U ON UA.UserId = U.Id\nORDER BY UA.PostCount DESC\nLIMIT 100;",
    "blocked_thread_time": 0.0,
    "cpu_time": 3.7406494550000025,
    "extra_info": {},
    "cumulative_cardinality": 67105720,
    "cumulative_rows_scanned": 19115629,
    "result_set_size": 9600,
    "latency": 5.010560287,
    "children": [
        {
            "operator_name": "STREAMING_LIMIT",
            "cpu_time": 3.7406494550000025,
            "extra_info": {},
            "cumulative_cardinality": 67105720,
            "operator_type": "STREAMING_LIMIT",
            "operator_cardinality": 100,
            "cumulative_rows_scanned": 19115629,
            "operator_rows_scanned": 0,
            "operator_timing": 0.000002445,
            "result_set_size": 9600,
            "children": [
                {
                    "operator_name": "ORDER_BY",
                    "cpu_time": 3.7406470100000027,
                    "extra_info": {
                        "Order By": "UA.PostCount DESC"
                    },
                    "cumulative_cardinality": 67105620,
                    "operator_type": "ORDER_BY",
                    "operator_cardinality": 4096,
                    "cumulative_rows_scanned": 19115629,
                    "operator_rows_scanned": 0,
                    "operator_timing": 0.06443648300000004,
                    "result_set_size": 393216,
                    "children": [
                        {
                            "operator_name": "PROJECTION",
                            "cpu_time": 3.6762105270000025,
                            "extra_info": {
                                "Projections": [
                                    "UserId",
                                    "displayname",
                                    "PostCount",
                                    "QuestionCount",
                                    "AnswerCount",
                                    "TotalBounty",
                                    "AvgScorePerView",
                                    "LastActivityDate",
                                    "reputation"
                                ],
                                "Estimated Cardinality": "1260710"
                            },
                            "cumulative_cardinality": 67101524,
                            "operator_type": "PROJECTION",
                            "operator_cardinality": 1260710,
                            "cumulative_rows_scanned": 19115629,
                            "operator_rows_scanned": 0,
                            "operator_timing": 0.00036986399999999834,
                            "result_set_size": 121028160,
                            "children": [
                                {
                                    "operator_name": "HASH_JOIN",
                                    "cpu_time": 3.6758406630000025,
                                    "extra_info": {
                                        "Join Type": "INNER",
                                        "Conditions": "UserId = id",
                                        "Estimated Cardinality": "1260710"
                                    },
                                    "cumulative_cardinality": 65840814,
                                    "operator_type": "HASH_JOIN",
                                    "operator_cardinality": 1260710,
                                    "cumulative_rows_scanned": 19115629,
                                    "operator_rows_scanned": 0,
                                    "operator_timing": 0.0911587690000001,
                                    "result_set_size": 126071000,
                                    "children": [
                                        {
                                            "operator_name": "HASH_GROUP_BY",
                                            "cpu_time": 3.570592771000002,
                                            "extra_info": {
                                                "Groups": [
                                                    "#0",
                                                    "#1"
                                                ],
                                                "Aggregates": [
                                                    "count(DISTINCT #2)",
                                                    "sum(#3)",
                                                    "sum(#4)",
                                                    "sum(#5)",
                                                    "avg(#6)",
                                                    "max(#7)"
                                                ],
                                                "Estimated Cardinality": "1260710"
                                            },
                                            "cumulative_cardinality": 63319394,
                                            "operator_type": "HASH_GROUP_BY",
                                            "operator_cardinality": 1260710,
                                            "cumulative_rows_scanned": 17854919,
                                            "operator_rows_scanned": 0,
                                            "operator_timing": 1.7268940830000026,
                                            "result_set_size": 115985320,
                                            "children": [
                                                {
                                                    "operator_name": "PROJECTION",
                                                    "cpu_time": 1.8436986879999997,
                                                    "extra_info": {
                                                        "Projections": [
                                                            "id",
                                                            "displayname",
                                                            "id",
                                                            "CASE  WHEN ((posttypeid = 1)) THEN (1) ELSE 0 END",
                                                            "CASE  WHEN ((posttypeid = 2)) THEN (1) ELSE 0 END",
                                                            "bountyamount",
                                                            "CAST(COALESCE((CAST(score AS FLOAT) / CAST(CASE  WHEN (constant_or_null(false, viewcount, 0)) THEN (NULL) ELSE viewcount END AS FLOAT)), 0.0) AS DOUBLE)",
                                                            "creationdate"
                                                        ],
                                                        "Estimated Cardinality": "12744093"
                                                    },
                                                    "cumulative_cardinality": 62058684,
                                                    "operator_type": "PROJECTION",
                                                    "operator_cardinality": 11739825,
                                                    "cumulative_rows_scanned": 17854919,
                                                    "operator_rows_scanned": 0,
                                                    "operator_timing": 0.2082668369999996,
                                                    "result_set_size": 610470900,
                                                    "children": [
                                                        {
                                                            "operator_name": "PROJECTION",
                                                            "cpu_time": 1.635431851,
                                                            "extra_info": {
                                                                "Projections": [
                                                                    "#0",
                                                                    "#1",
                                                                    "__internal_decompress_integral_smallint(#2, 1)",
                                                                    "#3",
                                                                    "__internal_decompress_integral_integer(#4, -72)",
                                                                    "#5",
                                                                    "#6",
                                                                    "#7"
                                                                ],
                                                                "Estimated Cardinality": "12744093"
                                                            },
                                                            "cumulative_cardinality": 50318859,
                                                            "operator_type": "PROJECTION",
                                                            "operator_cardinality": 11739825,
                                                            "cumulative_rows_scanned": 17854919,
                                                            "operator_rows_scanned": 0,
                                                            "operator_timing": 0.011063858000000166,
                                                            "result_set_size": 540031950,
                                                            "children": [
                                                                {
                                                                    "operator_name": "HASH_JOIN",
                                                                    "cpu_time": 1.624367993,
                                                                    "extra_info": {
                                                                        "Join Type": "RIGHT",
                                                                        "Conditions": "postid = id",
                                                                        "Estimated Cardinality": "12744093"
                                                                    },
                                                                    "cumulative_cardinality": 38579034,
                                                                    "operator_type": "HASH_JOIN",
                                                                    "operator_cardinality": 11739825,
                                                                    "cumulative_rows_scanned": 17854919,
                                                                    "operator_rows_scanned": 0,
                                                                    "operator_timing": 0.8949108669999998,
                                                                    "result_set_size": 504812475,
                                                                    "children": [
                                                                        {
                                                                            "operator_name": "READ_PARQUET ",
                                                                            "cpu_time": 0.18843305699999996,
                                                                            "extra_info": {
                                                                                "Function": "READ_PARQUET",
                                                                                "Projections": [
                                                                                    "postid",
                                                                                    "bountyamount"
                                                                                ],
                                                                                "Estimated Cardinality": "12744093"
                                                                            },
                                                                            "cumulative_cardinality": 12744093,
                                                                            "operator_type": "TABLE_SCAN",
                                                                            "operator_cardinality": 12744093,
                                                                            "cumulative_rows_scanned": 12744093,
                                                                            "operator_rows_scanned": 12744093,
                                                                            "operator_timing": 0.18843305699999996,
                                                                            "result_set_size": 101952744,
                                                                            "children": []
                                                                        },
                                                                        {
                                                                            "operator_name": "PROJECTION",
                                                                            "cpu_time": 0.5410240690000001,
                                                                            "extra_info": {
                                                                                "Projections": [
                                                                                    "#0",
                                                                                    "__internal_compress_integral_utinyint(#1, 1)",
                                                                                    "#2",
                                                                                    "__internal_compress_integral_usmallint(#3, -72)",
                                                                                    "#4",
                                                                                    "#5",
                                                                                    "#6"
                                                                                ],
                                                                                "Estimated Cardinality": "3850116"
                                                                            },
                                                                            "cumulative_cardinality": 14095116,
                                                                            "operator_type": "PROJECTION",
                                                                            "operator_cardinality": 4574495,
                                                                            "cumulative_rows_scanned": 5110826,
                                                                            "operator_rows_scanned": 0,
                                                                            "operator_timing": 0.0038228700000000025,
                                                                            "result_set_size": 178405305,
                                                                            "children": [
                                                                                {
                                                                                    "operator_name": "HASH_JOIN",
                                                                                    "cpu_time": 0.5372011990000001,
                                                                                    "extra_info": {
                                                                                        "Join Type": "RIGHT",
                                                                                        "Conditions": "owneruserid = id",
                                                                                        "Estimated Cardinality": "3850116"
                                                                                    },
                                                                                    "cumulative_cardinality": 9520621,
                                                                                    "operator_type": "HASH_JOIN",
                                                                                    "operator_cardinality": 4574495,
                                                                                    "cumulative_rows_scanned": 5110826,
                                                                                    "operator_rows_scanned": 0,
                                                                                    "operator_timing": 0.24546976099999981,
                                                                                    "result_set_size": 192128790,
                                                                                    "children": [
                                                                                        {
                                                                                            "operator_name": "READ_PARQUET ",
                                                                                            "cpu_time": 0.21352438500000015,
                                                                                            "extra_info": {
                                                                                                "Function": "READ_PARQUET",
                                                                                                "Projections": [
                                                                                                    "id",
                                                                                                    "posttypeid",
                                                                                                    "creationdate",
                                                                                                    "score",
                                                                                                    "viewcount",
                                                                                                    "owneruserid"
                                                                                                ],
                                                                                                "Estimated Cardinality": "3850116"
                                                                                            },
                                                                                            "cumulative_cardinality": 3685416,
                                                                                            "operator_type": "TABLE_SCAN",
                                                                                            "operator_cardinality": 3685416,
                                                                                            "cumulative_rows_scanned": 3850116,
                                                                                            "operator_rows_scanned": 3850116,
                                                                                            "operator_timing": 0.21352438500000015,
                                                                                            "result_set_size": 95820816,
                                                                                            "children": []
                                                                                        },
                                                                                        {
                                                                                            "operator_name": "READ_PARQUET ",
                                                                                            "cpu_time": 0.07820705300000004,
                                                                                            "extra_info": {
                                                                                                "Function": "READ_PARQUET",
                                                                                                "Projections": [
                                                                                                    "id",
                                                                                                    "displayname"
                                                                                                ],
                                                                                                "Estimated Cardinality": "1260710"
                                                                                            },
                                                                                            "cumulative_cardinality": 1260710,
                                                                                            "operator_type": "TABLE_SCAN",
                                                                                            "operator_cardinality": 1260710,
                                                                                            "cumulative_rows_scanned": 1260710,
                                                                                            "operator_rows_scanned": 1260710,
                                                                                            "operator_timing": 0.07820705300000004,
                                                                                            "result_set_size": 25214200,
                                                                                            "children": []
                                                                                        }
                                                                                    ]
                                                                                }
                                                                            ]
                                                                        }
                                                                    ]
                                                                }
                                                            ]
                                                        }
                                                    ]
                                                }
                                            ]
                                        },
                                        {
                                            "operator_name": "READ_PARQUET ",
                                            "cpu_time": 0.014089122999999992,
                                            "extra_info": {
                                                "Function": "READ_PARQUET",
                                                "Projections": [
                                                    "id",
                                                    "reputation"
                                                ],
                                                "Estimated Cardinality": "1260710"
                                            },
                                            "cumulative_cardinality": 1260710,
                                            "operator_type": "TABLE_SCAN",
                                            "operator_cardinality": 1260710,
                                            "cumulative_rows_scanned": 1260710,
                                            "operator_rows_scanned": 1260710,
                                            "operator_timing": 0.014089122999999992,
                                            "result_set_size": 10085680,
                                            "children": []
                                        }
                                    ]
                                }
                            ]
                        }
                    ]
                }
            ]
        }
    ]
}