{
    "rows_returned": 10,
    "query_name": "\nWITH RankedPosts AS (\n    SELECT \n        p.Id,\n        p.Title,\n        p.CreationDate,\n        p.OwnerUserId,\n        p.Score,\n        p.AnswerCount,\n        ROW_NUMBER() OVER(PARTITION BY p.OwnerUserId ORDER BY p.CreationDate DESC) AS rn\n    FROM \n        Posts p\n    WHERE \n        p.CreationDate >= TIMESTAMP '2024-10-01 12:34:56' - INTERVAL '1 year'\n),\nUserReputation AS (\n    SELECT \n        u.Id AS UserId,\n        u.Reputation,\n        COUNT(DISTINCT b.Id) AS BadgeCount\n    FROM \n        Users u\n    LEFT JOIN \n        Badges b ON u.Id = b.UserId\n    GROUP BY \n        u.Id, u.Reputation\n),\nPostStats AS (\n    SELECT \n        rp.OwnerUserId,\n        SUM(rp.Score) AS TotalScore,\n        SUM(rp.AnswerCount) AS TotalAnswers,\n        COALESCE(u.Reputation, 0) AS UserReputation,\n        COALESCE(ub.BadgeCount, 0) AS UserBadgeCount\n    FROM \n        RankedPosts rp\n    LEFT JOIN \n        UserReputation u ON rp.OwnerUserId = u.UserId\n    LEFT JOIN \n        (SELECT UserId, COUNT(DISTINCT Id) AS BadgeCount \n         FROM Badges \n         GROUP BY UserId) ub ON rp.OwnerUserId = ub.UserId\n    GROUP BY \n        rp.OwnerUserId, u.Reputation, ub.BadgeCount\n)\nSELECT \n    ps.OwnerUserId,\n    ps.TotalScore,\n    ps.TotalAnswers,\n    ps.UserReputation,\n    ps.UserBadgeCount,\n    CASE \n        WHEN ps.UserReputation >= 1000 THEN 'Gold'\n        WHEN ps.UserReputation >= 500 THEN 'Silver'\n        ELSE 'Bronze'\n    END AS ReputationTier\nFROM \n    PostStats ps\nWHERE \n    ps.TotalAnswers > 5\nORDER BY \n    ps.TotalScore DESC\nFETCH FIRST 10 ROWS ONLY;\n",
    "blocked_thread_time": 0.0,
    "cpu_time": 0.6428150890000003,
    "extra_info": {},
    "cumulative_cardinality": 17166668,
    "cumulative_rows_scanned": 9754274,
    "result_set_size": 640,
    "latency": 0.74571062,
    "children": [
        {
            "operator_name": "STREAMING_LIMIT",
            "cpu_time": 0.6428150890000003,
            "extra_info": {},
            "cumulative_cardinality": 17166668,
            "operator_type": "STREAMING_LIMIT",
            "operator_cardinality": 10,
            "cumulative_rows_scanned": 9754274,
            "operator_rows_scanned": 0,
            "operator_timing": 0.000001353,
            "result_set_size": 640,
            "children": [
                {
                    "operator_name": "PROJECTION",
                    "cpu_time": 0.6428137360000002,
                    "extra_info": {
                        "Projections": [
                            "#0",
                            "#1",
                            "#2",
                            "#3",
                            "#4",
                            "__internal_decompress_string(#5)"
                        ],
                        "Estimated Cardinality": "126071"
                    },
                    "cumulative_cardinality": 17166658,
                    "operator_type": "PROJECTION",
                    "operator_cardinality": 2162,
                    "cumulative_rows_scanned": 9754274,
                    "operator_rows_scanned": 0,
                    "operator_timing": 0.000047578,
                    "result_set_size": 138368,
                    "children": [
                        {
                            "operator_name": "ORDER_BY",
                            "cpu_time": 0.6427661580000003,
                            "extra_info": {
                                "Order By": "ps.TotalScore DESC"
                            },
                            "cumulative_cardinality": 17164496,
                            "operator_type": "ORDER_BY",
                            "operator_cardinality": 2162,
                            "cumulative_rows_scanned": 9754274,
                            "operator_rows_scanned": 0,
                            "operator_timing": 0.000136244,
                            "result_set_size": 121072,
                            "children": [
                                {
                                    "operator_name": "PROJECTION",
                                    "cpu_time": 0.6426299140000002,
                                    "extra_info": {
                                        "Projections": [
                                            "#0",
                                            "#1",
                                            "#2",
                                            "#3",
                                            "#4",
                                            "__internal_compress_string_ubigint(#5)"
                                        ],
                                        "Estimated Cardinality": "126071"
                                    },
                                    "cumulative_cardinality": 17162334,
                                    "operator_type": "PROJECTION",
                                    "operator_cardinality": 2162,
                                    "cumulative_rows_scanned": 9754274,
                                    "operator_rows_scanned": 0,
                                    "operator_timing": 0.000029666000000000004,
                                    "result_set_size": 121072,
                                    "children": [
                                        {
                                            "operator_name": "PROJECTION",
                                            "cpu_time": 0.6426002480000003,
                                            "extra_info": {
                                                "Projections": [
                                                    "owneruserid",
                                                    "TotalScore",
                                                    "TotalAnswers",
                                                    "UserReputation",
                                                    "UserBadgeCount",
                                                    "ReputationTier"
                                                ],
                                                "Estimated Cardinality": "126071"
                                            },
                                            "cumulative_cardinality": 17160172,
                                            "operator_type": "PROJECTION",
                                            "operator_cardinality": 2162,
                                            "cumulative_rows_scanned": 9754274,
                                            "operator_rows_scanned": 0,
                                            "operator_timing": 0.000039002,
                                            "result_set_size": 138368,
                                            "children": [
                                                {
                                                    "operator_name": "PROJECTION",
                                                    "cpu_time": 0.6425612460000003,
                                                    "extra_info": {
                                                        "Projections": [
                                                            "owneruserid",
                                                            "TotalScore",
                                                            "TotalAnswers",
                                                            "UserReputation",
                                                            "UserBadgeCount"
                                                        ],
                                                        "Estimated Cardinality": "126071"
                                                    },
                                                    "cumulative_cardinality": 17158010,
                                                    "operator_type": "PROJECTION",
                                                    "operator_cardinality": 2162,
                                                    "cumulative_rows_scanned": 9754274,
                                                    "operator_rows_scanned": 0,
                                                    "operator_timing": 0.00015904900000000003,
                                                    "result_set_size": 103776,
                                                    "children": [
                                                        {
                                                            "operator_name": "FILTER",
                                                            "cpu_time": 0.6424021970000003,
                                                            "extra_info": {
                                                                "Expression": "(TotalAnswers > 5)",
                                                                "Estimated Cardinality": "126071"
                                                            },
                                                            "cumulative_cardinality": 17155848,
                                                            "operator_type": "FILTER",
                                                            "operator_cardinality": 2162,
                                                            "cumulative_rows_scanned": 9754274,
                                                            "operator_rows_scanned": 0,
                                                            "operator_timing": 0.000110507,
                                                            "result_set_size": 103776,
                                                            "children": [
                                                                {
                                                                    "operator_name": "HASH_GROUP_BY",
                                                                    "cpu_time": 0.6422916900000003,
                                                                    "extra_info": {
                                                                        "Groups": [
                                                                            "#0",
                                                                            "#1",
                                                                            "#2"
                                                                        ],
                                                                        "Aggregates": [
                                                                            "sum(#3)",
                                                                            "sum(#4)"
                                                                        ],
                                                                        "Estimated Cardinality": "630355"
                                                                    },
                                                                    "cumulative_cardinality": 17153686,
                                                                    "operator_type": "HASH_GROUP_BY",
                                                                    "operator_cardinality": 32453,
                                                                    "cumulative_rows_scanned": 9754274,
                                                                    "operator_rows_scanned": 0,
                                                                    "operator_timing": 0.007250535999999995,
                                                                    "result_set_size": 1557744,
                                                                    "children": [
                                                                        {
                                                                            "operator_name": "PROJECTION",
                                                                            "cpu_time": 0.6350411540000003,
                                                                            "extra_info": {
                                                                                "Projections": [
                                                                                    "owneruserid",
                                                                                    "reputation",
                                                                                    "BadgeCount",
                                                                                    "score",
                                                                                    "answercount"
                                                                                ],
                                                                                "Estimated Cardinality": "1260710"
                                                                            },
                                                                            "cumulative_cardinality": 17121233,
                                                                            "operator_type": "PROJECTION",
                                                                            "operator_cardinality": 145542,
                                                                            "cumulative_rows_scanned": 9754274,
                                                                            "operator_rows_scanned": 0,
                                                                            "operator_timing": 0.00004516400000000002,
                                                                            "result_set_size": 3493008,
                                                                            "children": [
                                                                                {
                                                                                    "operator_name": "HASH_JOIN",
                                                                                    "cpu_time": 0.6349959900000003,
                                                                                    "extra_info": {
                                                                                        "Join Type": "LEFT",
                                                                                        "Conditions": "owneruserid = userid",
                                                                                        "Estimated Cardinality": "1260710"
                                                                                    },
                                                                                    "cumulative_cardinality": 16975691,
                                                                                    "operator_type": "HASH_JOIN",
                                                                                    "operator_cardinality": 145542,
                                                                                    "cumulative_rows_scanned": 9754274,
                                                                                    "operator_rows_scanned": 0,
                                                                                    "operator_timing": 0.021166352000000003,
                                                                                    "result_set_size": 3493008,
                                                                                    "children": [
                                                                                        {
                                                                                            "operator_name": "HASH_JOIN",
                                                                                            "cpu_time": 0.4297355160000002,
                                                                                            "extra_info": {
                                                                                                "Join Type": "RIGHT",
                                                                                                "Conditions": "UserId = owneruserid",
                                                                                                "Estimated Cardinality": "1260710"
                                                                                            },
                                                                                            "cumulative_cardinality": 11637680,
                                                                                            "operator_type": "HASH_JOIN",
                                                                                            "operator_cardinality": 145542,
                                                                                            "cumulative_rows_scanned": 7432550,
                                                                                            "operator_rows_scanned": 0,
                                                                                            "operator_timing": 0.0180615340000001,
                                                                                            "result_set_size": 2328672,
                                                                                            "children": [
                                                                                                {
                                                                                                    "operator_name": "HASH_GROUP_BY",
                                                                                                    "cpu_time": 0.3608844220000001,
                                                                                                    "extra_info": {
                                                                                                        "Groups": [
                                                                                                            "#0",
                                                                                                            "#1"
                                                                                                        ],
                                                                                                        "Aggregates": "",
                                                                                                        "Estimated Cardinality": "1260710"
                                                                                                    },
                                                                                                    "cumulative_cardinality": 10909970,
                                                                                                    "operator_type": "HASH_GROUP_BY",
                                                                                                    "operator_cardinality": 1260710,
                                                                                                    "cumulative_rows_scanned": 3582434,
                                                                                                    "operator_rows_scanned": 0,
                                                                                                    "operator_timing": 0.14640332199999995,
                                                                                                    "result_set_size": 10085680,
                                                                                                    "children": [
                                                                                                        {
                                                                                                            "operator_name": "PROJECTION",
                                                                                                            "cpu_time": 0.21448110000000015,
                                                                                                            "extra_info": {
                                                                                                                "Projections": [
                                                                                                                    "id",
                                                                                                                    "reputation"
                                                                                                                ],
                                                                                                                "Estimated Cardinality": "2321724"
                                                                                                            },
                                                                                                            "cumulative_cardinality": 9649260,
                                                                                                            "operator_type": "PROJECTION",
                                                                                                            "operator_cardinality": 3033413,
                                                                                                            "cumulative_rows_scanned": 3582434,
                                                                                                            "operator_rows_scanned": 0,
                                                                                                            "operator_timing": 0.00038880400000000106,
                                                                                                            "result_set_size": 24267304,
                                                                                                            "children": [
                                                                                                                {
                                                                                                                    "operator_name": "HASH_JOIN",
                                                                                                                    "cpu_time": 0.21409229600000015,
                                                                                                                    "extra_info": {
                                                                                                                        "Join Type": "RIGHT",
                                                                                                                        "Conditions": "userid = id",
                                                                                                                        "Estimated Cardinality": "2321724"
                                                                                                                    },
                                                                                                                    "cumulative_cardinality": 6615847,
                                                                                                                    "operator_type": "HASH_JOIN",
                                                                                                                    "operator_cardinality": 3033413,
                                                                                                                    "cumulative_rows_scanned": 3582434,
                                                                                                                    "operator_rows_scanned": 0,
                                                                                                                    "operator_timing": 0.1667071090000002,
                                                                                                                    "result_set_size": 36400956,
                                                                                                                    "children": [
                                                                                                                        {
                                                                                                                            "operator_name": "READ_PARQUET ",
                                                                                                                            "cpu_time": 0.032873952,
                                                                                                                            "extra_info": {
                                                                                                                                "Function": "READ_PARQUET",
                                                                                                                                "Projections": "userid",
                                                                                                                                "Estimated Cardinality": "2321724"
                                                                                                                            },
                                                                                                                            "cumulative_cardinality": 2321724,
                                                                                                                            "operator_type": "TABLE_SCAN",
                                                                                                                            "operator_cardinality": 2321724,
                                                                                                                            "cumulative_rows_scanned": 2321724,
                                                                                                                            "operator_rows_scanned": 2321724,
                                                                                                                            "operator_timing": 0.032873952,
                                                                                                                            "result_set_size": 9286896,
                                                                                                                            "children": []
                                                                                                                        },
                                                                                                                        {
                                                                                                                            "operator_name": "READ_PARQUET ",
                                                                                                                            "cpu_time": 0.014511234999999987,
                                                                                                                            "extra_info": {
                                                                                                                                "Function": "READ_PARQUET",
                                                                                                                                "Projections": [
                                                                                                                                    "id",
                                                                                                                                    "reputation"
                                                                                                                                ],
                                                                                                                                "Estimated Cardinality": "1260710"
                                                                                                                            },
                                                                                                                            "cumulative_cardinality": 1260710,
                                                                                                                            "operator_type": "TABLE_SCAN",
                                                                                                                            "operator_cardinality": 1260710,
                                                                                                                            "cumulative_rows_scanned": 1260710,
                                                                                                                            "operator_rows_scanned": 1260710,
                                                                                                                            "operator_timing": 0.014511234999999987,
                                                                                                                            "result_set_size": 10085680,
                                                                                                                            "children": []
                                                                                                                        }
                                                                                                                    ]
                                                                                                                }
                                                                                                            ]
                                                                                                        }
                                                                                                    ]
                                                                                                },
                                                                                                {
                                                                                                    "operator_name": "PROJECTION",
                                                                                                    "cpu_time": 0.05078956,
                                                                                                    "extra_info": {
                                                                                                        "Projections": [
                                                                                                            "owneruserid",
                                                                                                            "score",
                                                                                                            "answercount"
                                                                                                        ],
                                                                                                        "Estimated Cardinality": "770023"
                                                                                                    },
                                                                                                    "cumulative_cardinality": 582168,
                                                                                                    "operator_type": "PROJECTION",
                                                                                                    "operator_cardinality": 145542,
                                                                                                    "cumulative_rows_scanned": 3850116,
                                                                                                    "operator_rows_scanned": 0,
                                                                                                    "operator_timing": 0.00001147900000000001,
                                                                                                    "result_set_size": 1746504,
                                                                                                    "children": [
                                                                                                        {
                                                                                                            "operator_name": "PROJECTION",
                                                                                                            "cpu_time": 0.050778080999999996,
                                                                                                            "extra_info": {
                                                                                                                "Projections": [
                                                                                                                    "#0",
                                                                                                                    "#1",
                                                                                                                    "#2",
                                                                                                                    "#3",
                                                                                                                    "#4"
                                                                                                                ],
                                                                                                                "Estimated Cardinality": "770023"
                                                                                                            },
                                                                                                            "cumulative_cardinality": 436626,
                                                                                                            "operator_type": "PROJECTION",
                                                                                                            "operator_cardinality": 145542,
                                                                                                            "cumulative_rows_scanned": 3850116,
                                                                                                            "operator_rows_scanned": 0,
                                                                                                            "operator_timing": 0.000018919,
                                                                                                            "result_set_size": 4075176,
                                                                                                            "children": [
                                                                                                                {
                                                                                                                    "operator_name": "WINDOW",
                                                                                                                    "cpu_time": 0.050759162,
                                                                                                                    "extra_info": {
                                                                                                                        "Projections": "ROW_NUMBER() OVER (PARTITION BY owneruserid ORDER BY creationdate DESC NULLS LAST)"
                                                                                                                    },
                                                                                                                    "cumulative_cardinality": 291084,
                                                                                                                    "operator_type": "WINDOW",
                                                                                                                    "operator_cardinality": 145542,
                                                                                                                    "cumulative_rows_scanned": 3850116,
                                                                                                                    "operator_rows_scanned": 0,
                                                                                                                    "operator_timing": 0.025399077,
                                                                                                                    "result_set_size": 4075176,
                                                                                                                    "children": [
                                                                                                                        {
                                                                                                                            "operator_name": "READ_PARQUET ",
                                                                                                                            "cpu_time": 0.025360084999999997,
                                                                                                                            "extra_info": {
                                                                                                                                "Function": "READ_PARQUET",
                                                                                                                                "Projections": [
                                                                                                                                    "creationdate",
                                                                                                                                    "score",
                                                                                                                                    "owneruserid",
                                                                                                                                    "answercount"
                                                                                                                                ],
                                                                                                                                "Filters": "creationdate>='2023-10-01 12:34:56'::TIMESTAMP",
                                                                                                                                "Estimated Cardinality": "770023"
                                                                                                                            },
                                                                                                                            "cumulative_cardinality": 145542,
                                                                                                                            "operator_type": "TABLE_SCAN",
                                                                                                                            "operator_cardinality": 145542,
                                                                                                                            "cumulative_rows_scanned": 3850116,
                                                                                                                            "operator_rows_scanned": 3850116,
                                                                                                                            "operator_timing": 0.025360084999999997,
                                                                                                                            "result_set_size": 2910840,
                                                                                                                            "children": []
                                                                                                                        }
                                                                                                                    ]
                                                                                                                }
                                                                                                            ]
                                                                                                        }
                                                                                                    ]
                                                                                                }
                                                                                            ]
                                                                                        },
                                                                                        {
                                                                                            "operator_name": "HASH_GROUP_BY",
                                                                                            "cpu_time": 0.18409412200000008,
                                                                                            "extra_info": {
                                                                                                "Groups": "#0",
                                                                                                "Aggregates": "count(DISTINCT #1)",
                                                                                                "Estimated Cardinality": "1160862"
                                                                                            },
                                                                                            "cumulative_cardinality": 5192469,
                                                                                            "operator_type": "HASH_GROUP_BY",
                                                                                            "operator_cardinality": 549021,
                                                                                            "cumulative_rows_scanned": 2321724,
                                                                                            "operator_rows_scanned": 0,
                                                                                            "operator_timing": 0.15856645500000005,
                                                                                            "result_set_size": 6588252,
                                                                                            "children": [
                                                                                                {
                                                                                                    "operator_name": "PROJECTION",
                                                                                                    "cpu_time": 0.025527667000000028,
                                                                                                    "extra_info": {
                                                                                                        "Projections": [
                                                                                                            "userid",
                                                                                                            "id"
                                                                                                        ],
                                                                                                        "Estimated Cardinality": "2321724"
                                                                                                    },
                                                                                                    "cumulative_cardinality": 4643448,
                                                                                                    "operator_type": "PROJECTION",
                                                                                                    "operator_cardinality": 2321724,
                                                                                                    "cumulative_rows_scanned": 2321724,
                                                                                                    "operator_rows_scanned": 0,
                                                                                                    "operator_timing": 0.00024350299999999995,
                                                                                                    "result_set_size": 18573792,
                                                                                                    "children": [
                                                                                                        {
                                                                                                            "operator_name": "READ_PARQUET ",
                                                                                                            "cpu_time": 0.02528416400000003,
                                                                                                            "extra_info": {
                                                                                                                "Function": "READ_PARQUET",
                                                                                                                "Projections": [
                                                                                                                    "id",
                                                                                                                    "userid"
                                                                                                                ],
                                                                                                                "Estimated Cardinality": "2321724"
                                                                                                            },
                                                                                                            "cumulative_cardinality": 2321724,
                                                                                                            "operator_type": "TABLE_SCAN",
                                                                                                            "operator_cardinality": 2321724,
                                                                                                            "cumulative_rows_scanned": 2321724,
                                                                                                            "operator_rows_scanned": 2321724,
                                                                                                            "operator_timing": 0.02528416400000003,
                                                                                                            "result_set_size": 18573792,
                                                                                                            "children": []
                                                                                                        }
                                                                                                    ]
                                                                                                }
                                                                                            ]
                                                                                        }
                                                                                    ]
                                                                                }
                                                                            ]
                                                                        }
                                                                    ]
                                                                }
                                                            ]
                                                        }
                                                    ]
                                                }
                                            ]
                                        }
                                    ]
                                }
                            ]
                        }
                    ]
                }
            ]
        }
    ]
}