{
    "rows_returned": 1,
    "query_name": "WITH PostStats AS (\n    SELECT \n        COUNT(*) AS TotalPosts,\n        AVG(Score) AS AverageQuestionScore\n    FROM Posts\n    WHERE PostTypeId = 1 \n),\nUserStats AS (\n    SELECT \n        COUNT(DISTINCT Id) AS TotalUsers,\n        AVG(Reputation) AS AverageReputation\n    FROM Users\n    WHERE Id IN (SELECT OwnerUserId FROM Posts GROUP BY OwnerUserId HAVING COUNT(*) > 5)\n)\nSELECT \n    PS.TotalPosts,\n    PS.AverageQuestionScore,\n    US.TotalUsers,\n    US.AverageReputation\nFROM PostStats PS, UserStats US;",
    "blocked_thread_time": 0.0,
    "cpu_time": 0.2537214949999995,
    "extra_info": {},
    "cumulative_cardinality": 12910248,
    "cumulative_rows_scanned": 8960942,
    "result_set_size": 32,
    "latency": 0.279845776,
    "children": [
        {
            "operator_name": "CROSS_PRODUCT",
            "cpu_time": 0.2537214949999995,
            "extra_info": {},
            "cumulative_cardinality": 12910248,
            "operator_type": "CROSS_PRODUCT",
            "operator_cardinality": 1,
            "cumulative_rows_scanned": 8960942,
            "operator_rows_scanned": 0,
            "operator_timing": 0.000018574,
            "result_set_size": 32,
            "children": [
                {
                    "operator_name": "UNGROUPED_AGGREGATE",
                    "cpu_time": 0.09399491199999975,
                    "extra_info": {
                        "Aggregates": [
                            "count_star()",
                            "avg(#0)"
                        ]
                    },
                    "cumulative_cardinality": 3336329,
                    "operator_type": "UNGROUPED_AGGREGATE",
                    "operator_cardinality": 1,
                    "cumulative_rows_scanned": 3850116,
                    "operator_rows_scanned": 0,
                    "operator_timing": 0.006715654000000005,
                    "result_set_size": 16,
                    "children": [
                        {
                            "operator_name": "PROJECTION",
                            "cpu_time": 0.08727925799999975,
                            "extra_info": {
                                "Projections": "score",
                                "Estimated Cardinality": "770023"
                            },
                            "cumulative_cardinality": 3336328,
                            "operator_type": "PROJECTION",
                            "operator_cardinality": 1668164,
                            "cumulative_rows_scanned": 3850116,
                            "operator_rows_scanned": 0,
                            "operator_timing": 0.0001594910000000023,
                            "result_set_size": 6672656,
                            "children": [
                                {
                                    "operator_name": "READ_PARQUET ",
                                    "cpu_time": 0.08711976699999975,
                                    "extra_info": {
                                        "Function": "READ_PARQUET",
                                        "Projections": "score",
                                        "Filters": "posttypeid=1",
                                        "Estimated Cardinality": "770023"
                                    },
                                    "cumulative_cardinality": 1668164,
                                    "operator_type": "TABLE_SCAN",
                                    "operator_cardinality": 1668164,
                                    "cumulative_rows_scanned": 3850116,
                                    "operator_rows_scanned": 3850116,
                                    "operator_timing": 0.08711976699999975,
                                    "result_set_size": 6672656,
                                    "children": []
                                }
                            ]
                        }
                    ]
                },
                {
                    "operator_name": "UNGROUPED_AGGREGATE",
                    "cpu_time": 0.15970800899999976,
                    "extra_info": {
                        "Aggregates": [
                            "count(DISTINCT #0)",
                            "avg(#1)"
                        ]
                    },
                    "cumulative_cardinality": 9573918,
                    "operator_type": "UNGROUPED_AGGREGATE",
                    "operator_cardinality": 1,
                    "cumulative_rows_scanned": 5110826,
                    "operator_rows_scanned": 0,
                    "operator_timing": 0.0029402000000000005,
                    "result_set_size": 16,
                    "children": [
                        {
                            "operator_name": "PROJECTION",
                            "cpu_time": 0.15676780899999976,
                            "extra_info": {
                                "Projections": [
                                    "id",
                                    "reputation"
                                ],
                                "Estimated Cardinality": "252142"
                            },
                            "cumulative_cardinality": 9573917,
                            "operator_type": "PROJECTION",
                            "operator_cardinality": 62575,
                            "cumulative_rows_scanned": 5110826,
                            "operator_rows_scanned": 0,
                            "operator_timing": 0.000050892999999999914,
                            "result_set_size": 500600,
                            "children": [
                                {
                                    "operator_name": "HASH_JOIN",
                                    "cpu_time": 0.15671691599999976,
                                    "extra_info": {
                                        "Join Type": "SEMI",
                                        "Conditions": "id = #0",
                                        "Estimated Cardinality": "252142"
                                    },
                                    "cumulative_cardinality": 9511342,
                                    "operator_type": "HASH_JOIN",
                                    "operator_cardinality": 62575,
                                    "cumulative_rows_scanned": 5110826,
                                    "operator_rows_scanned": 0,
                                    "operator_timing": 0.024684447999999977,
                                    "result_set_size": 500600,
                                    "children": [
                                        {
                                            "operator_name": "READ_PARQUET ",
                                            "cpu_time": 0.024477108999999986,
                                            "extra_info": {
                                                "Function": "READ_PARQUET",
                                                "Projections": [
                                                    "id",
                                                    "reputation"
                                                ],
                                                "Filters": "id<=1416539",
                                                "Estimated Cardinality": "1260710"
                                            },
                                            "cumulative_cardinality": 1251751,
                                            "operator_type": "TABLE_SCAN",
                                            "operator_cardinality": 1251751,
                                            "cumulative_rows_scanned": 1260710,
                                            "operator_rows_scanned": 1260710,
                                            "operator_timing": 0.024477108999999986,
                                            "result_set_size": 10014008,
                                            "children": []
                                        },
                                        {
                                            "operator_name": "PROJECTION",
                                            "cpu_time": 0.1075553589999998,
                                            "extra_info": {
                                                "Projections": "#0",
                                                "Estimated Cardinality": "385011"
                                            },
                                            "cumulative_cardinality": 8197016,
                                            "operator_type": "PROJECTION",
                                            "operator_cardinality": 62576,
                                            "cumulative_rows_scanned": 3850116,
                                            "operator_rows_scanned": 0,
                                            "operator_timing": 0.000016983000000000034,
                                            "result_set_size": 250304,
                                            "children": [
                                                {
                                                    "operator_name": "FILTER",
                                                    "cpu_time": 0.1075383759999998,
                                                    "extra_info": {
                                                        "Expression": "(count_star() > 5)",
                                                        "Estimated Cardinality": "385011"
                                                    },
                                                    "cumulative_cardinality": 8134440,
                                                    "operator_type": "FILTER",
                                                    "operator_cardinality": 62576,
                                                    "cumulative_rows_scanned": 3850116,
                                                    "operator_rows_scanned": 0,
                                                    "operator_timing": 0.00046514199999999966,
                                                    "result_set_size": 750912,
                                                    "children": [
                                                        {
                                                            "operator_name": "HASH_GROUP_BY",
                                                            "cpu_time": 0.1070732339999998,
                                                            "extra_info": {
                                                                "Groups": "#0",
                                                                "Aggregates": "count_star()",
                                                                "Estimated Cardinality": "1925058"
                                                            },
                                                            "cumulative_cardinality": 8071864,
                                                            "operator_type": "HASH_GROUP_BY",
                                                            "operator_cardinality": 371632,
                                                            "cumulative_rows_scanned": 3850116,
                                                            "operator_rows_scanned": 0,
                                                            "operator_timing": 0.0837780679999998,
                                                            "result_set_size": 4459584,
                                                            "children": [
                                                                {
                                                                    "operator_name": "PROJECTION",
                                                                    "cpu_time": 0.023295165999999985,
                                                                    "extra_info": {
                                                                        "Projections": "owneruserid",
                                                                        "Estimated Cardinality": "3850116"
                                                                    },
                                                                    "cumulative_cardinality": 7700232,
                                                                    "operator_type": "PROJECTION",
                                                                    "operator_cardinality": 3850116,
                                                                    "cumulative_rows_scanned": 3850116,
                                                                    "operator_rows_scanned": 0,
                                                                    "operator_timing": 0.00023817199999999792,
                                                                    "result_set_size": 15400464,
                                                                    "children": [
                                                                        {
                                                                            "operator_name": "READ_PARQUET ",
                                                                            "cpu_time": 0.023056993999999987,
                                                                            "extra_info": {
                                                                                "Function": "READ_PARQUET",
                                                                                "Projections": "owneruserid",
                                                                                "Estimated Cardinality": "3850116"
                                                                            },
                                                                            "cumulative_cardinality": 3850116,
                                                                            "operator_type": "TABLE_SCAN",
                                                                            "operator_cardinality": 3850116,
                                                                            "cumulative_rows_scanned": 3850116,
                                                                            "operator_rows_scanned": 3850116,
                                                                            "operator_timing": 0.023056993999999987,
                                                                            "result_set_size": 15400464,
                                                                            "children": []
                                                                        }
                                                                    ]
                                                                }
                                                            ]
                                                        }
                                                    ]
                                                }
                                            ]
                                        }
                                    ]
                                }
                            ]
                        }
                    ]
                }
            ]
        }
    ]
}