{
    "rows_returned": 98,
    "query_name": "\nWITH PostStats AS (\n    SELECT \n        p.PostTypeId,\n        COUNT(*) AS TotalPosts,\n        SUM(p.Score) AS TotalScore,\n        AVG(p.ViewCount) AS AverageViewCount,\n        AVG(p.AnswerCount) AS AverageAnswerCount,\n        AVG(p.CommentCount) AS AverageCommentCount\n    FROM \n        Posts p\n    GROUP BY \n        p.PostTypeId\n),\nUserStats AS (\n    SELECT \n        COUNT(*) AS TotalUsers,\n        AVG(u.Reputation) AS AverageReputation,\n        MAX(u.LastAccessDate) AS MostRecentAccessDate\n    FROM \n        Users u\n),\nVoteStats AS (\n    SELECT \n        v.VoteTypeId,\n        COUNT(*) AS TotalVotes\n    FROM \n        Votes v\n    GROUP BY \n        v.VoteTypeId\n)\n\nSELECT \n    ps.PostTypeId,\n    ps.TotalPosts,\n    ps.TotalScore,\n    ps.AverageViewCount,\n    ps.AverageAnswerCount,\n    ps.AverageCommentCount,\n    us.TotalUsers,\n    us.AverageReputation,\n    us.MostRecentAccessDate,\n    vs.VoteTypeId,\n    vs.TotalVotes\nFROM \n    PostStats ps\nJOIN \n    UserStats us ON TRUE  \nJOIN \n    VoteStats vs ON TRUE  \nORDER BY \n    ps.PostTypeId, vs.VoteTypeId;\n",
    "blocked_thread_time": 0.0,
    "cpu_time": 0.2949248360000001,
    "extra_info": {},
    "cumulative_cardinality": 52304587,
    "cumulative_rows_scanned": 17854919,
    "result_set_size": 8232,
    "latency": 0.352853914,
    "children": [
        {
            "operator_name": "PROJECTION",
            "cpu_time": 0.2949248360000001,
            "extra_info": {
                "Projections": [
                    "__internal_decompress_integral_smallint(#0, 1)",
                    "#1",
                    "#2",
                    "#3",
                    "#4",
                    "#5",
                    "#6",
                    "#7",
                    "#8",
                    "__internal_decompress_integral_smallint(#9, 1)",
                    "#10"
                ],
                "Estimated Cardinality": "12266558128668"
            },
            "cumulative_cardinality": 52304587,
            "operator_type": "PROJECTION",
            "operator_cardinality": 98,
            "cumulative_rows_scanned": 17854919,
            "operator_rows_scanned": 0,
            "operator_timing": 0.000001463,
            "result_set_size": 8232,
            "children": [
                {
                    "operator_name": "ORDER_BY",
                    "cpu_time": 0.2949233730000001,
                    "extra_info": {
                        "Order By": [
                            "ps.PostTypeId ASC",
                            "vs.VoteTypeId ASC"
                        ]
                    },
                    "cumulative_cardinality": 52304489,
                    "operator_type": "ORDER_BY",
                    "operator_cardinality": 98,
                    "cumulative_rows_scanned": 17854919,
                    "operator_rows_scanned": 0,
                    "operator_timing": 0.000024707,
                    "result_set_size": 8036,
                    "children": [
                        {
                            "operator_name": "PROJECTION",
                            "cpu_time": 0.2948986660000001,
                            "extra_info": {
                                "Projections": [
                                    "__internal_compress_integral_utinyint(#0, 1)",
                                    "#1",
                                    "#2",
                                    "#3",
                                    "#4",
                                    "#5",
                                    "#6",
                                    "#7",
                                    "#8",
                                    "__internal_compress_integral_utinyint(#9, 1)",
                                    "#10"
                                ],
                                "Estimated Cardinality": "12266558128668"
                            },
                            "cumulative_cardinality": 52304391,
                            "operator_type": "PROJECTION",
                            "operator_cardinality": 98,
                            "cumulative_rows_scanned": 17854919,
                            "operator_rows_scanned": 0,
                            "operator_timing": 0.000001292,
                            "result_set_size": 8036,
                            "children": [
                                {
                                    "operator_name": "PROJECTION",
                                    "cpu_time": 0.2948973740000001,
                                    "extra_info": {
                                        "Projections": [
                                            "posttypeid",
                                            "TotalPosts",
                                            "TotalScore",
                                            "AverageViewCount",
                                            "AverageAnswerCount",
                                            "AverageCommentCount",
                                            "TotalUsers",
                                            "AverageReputation",
                                            "MostRecentAccessDate",
                                            "votetypeid",
                                            "TotalVotes"
                                        ],
                                        "Estimated Cardinality": "12266558128668"
                                    },
                                    "cumulative_cardinality": 52304293,
                                    "operator_type": "PROJECTION",
                                    "operator_cardinality": 98,
                                    "cumulative_rows_scanned": 17854919,
                                    "operator_rows_scanned": 0,
                                    "operator_timing": 5.21e-7,
                                    "result_set_size": 8232,
                                    "children": [
                                        {
                                            "operator_name": "CROSS_PRODUCT",
                                            "cpu_time": 0.2948968530000001,
                                            "extra_info": {},
                                            "cumulative_cardinality": 52304195,
                                            "operator_type": "CROSS_PRODUCT",
                                            "operator_cardinality": 98,
                                            "cumulative_rows_scanned": 17854919,
                                            "operator_rows_scanned": 0,
                                            "operator_timing": 0.000050665,
                                            "result_set_size": 8232,
                                            "children": [
                                                {
                                                    "operator_name": "PROJECTION",
                                                    "cpu_time": 0.1158910260000002,
                                                    "extra_info": {
                                                        "Projections": [
                                                            "__internal_decompress_integral_smallint(#0, 1)",
                                                            "#1"
                                                        ],
                                                        "Estimated Cardinality": "6372046"
                                                    },
                                                    "cumulative_cardinality": 38232307,
                                                    "operator_type": "PROJECTION",
                                                    "operator_cardinality": 14,
                                                    "cumulative_rows_scanned": 12744093,
                                                    "operator_rows_scanned": 0,
                                                    "operator_timing": 9.91e-7,
                                                    "result_set_size": 140,
                                                    "children": [
                                                        {
                                                            "operator_name": "PERFECT_HASH_GROUP_BY",
                                                            "cpu_time": 0.1158900350000002,
                                                            "extra_info": {
                                                                "Groups": "#0",
                                                                "Aggregates": "count_star()"
                                                            },
                                                            "cumulative_cardinality": 38232293,
                                                            "operator_type": "PERFECT_HASH_GROUP_BY",
                                                            "operator_cardinality": 14,
                                                            "cumulative_rows_scanned": 12744093,
                                                            "operator_rows_scanned": 0,
                                                            "operator_timing": 0.05842833000000025,
                                                            "result_set_size": 126,
                                                            "children": [
                                                                {
                                                                    "operator_name": "PROJECTION",
                                                                    "cpu_time": 0.05746170499999994,
                                                                    "extra_info": {
                                                                        "Projections": "votetypeid",
                                                                        "Estimated Cardinality": "12744093"
                                                                    },
                                                                    "cumulative_cardinality": 38232279,
                                                                    "operator_type": "PROJECTION",
                                                                    "operator_cardinality": 12744093,
                                                                    "cumulative_rows_scanned": 12744093,
                                                                    "operator_rows_scanned": 0,
                                                                    "operator_timing": 0.0004652160000000299,
                                                                    "result_set_size": 12744093,
                                                                    "children": [
                                                                        {
                                                                            "operator_name": "PROJECTION",
                                                                            "cpu_time": 0.05699648899999991,
                                                                            "extra_info": {
                                                                                "Projections": "__internal_compress_integral_utinyint(#0, 1)",
                                                                                "Estimated Cardinality": "12744093"
                                                                            },
                                                                            "cumulative_cardinality": 25488186,
                                                                            "operator_type": "PROJECTION",
                                                                            "operator_cardinality": 12744093,
                                                                            "cumulative_rows_scanned": 12744093,
                                                                            "operator_rows_scanned": 0,
                                                                            "operator_timing": 0.0023635749999999806,
                                                                            "result_set_size": 12744093,
                                                                            "children": [
                                                                                {
                                                                                    "operator_name": "READ_PARQUET ",
                                                                                    "cpu_time": 0.05463291399999993,
                                                                                    "extra_info": {
                                                                                        "Function": "READ_PARQUET",
                                                                                        "Projections": "votetypeid",
                                                                                        "Estimated Cardinality": "12744093"
                                                                                    },
                                                                                    "cumulative_cardinality": 12744093,
                                                                                    "operator_type": "TABLE_SCAN",
                                                                                    "operator_cardinality": 12744093,
                                                                                    "cumulative_rows_scanned": 12744093,
                                                                                    "operator_rows_scanned": 12744093,
                                                                                    "operator_timing": 0.05463291399999993,
                                                                                    "result_set_size": 25488186,
                                                                                    "children": []
                                                                                }
                                                                            ]
                                                                        }
                                                                    ]
                                                                }
                                                            ]
                                                        }
                                                    ]
                                                },
                                                {
                                                    "operator_name": "CROSS_PRODUCT",
                                                    "cpu_time": 0.17895516199999992,
                                                    "extra_info": {},
                                                    "cumulative_cardinality": 14071790,
                                                    "operator_type": "CROSS_PRODUCT",
                                                    "operator_cardinality": 7,
                                                    "cumulative_rows_scanned": 5110826,
                                                    "operator_rows_scanned": 0,
                                                    "operator_timing": 0.000029364,
                                                    "result_set_size": 518,
                                                    "children": [
                                                        {
                                                            "operator_name": "PROJECTION",
                                                            "cpu_time": 0.15446928799999995,
                                                            "extra_info": {
                                                                "Projections": [
                                                                    "__internal_decompress_integral_smallint(#0, 1)",
                                                                    "#1",
                                                                    "#2",
                                                                    "#3",
                                                                    "#4",
                                                                    "#5"
                                                                ],
                                                                "Estimated Cardinality": "1925058"
                                                            },
                                                            "cumulative_cardinality": 11550362,
                                                            "operator_type": "PROJECTION",
                                                            "operator_cardinality": 7,
                                                            "cumulative_rows_scanned": 3850116,
                                                            "operator_rows_scanned": 0,
                                                            "operator_timing": 0.000001192,
                                                            "result_set_size": 350,
                                                            "children": [
                                                                {
                                                                    "operator_name": "PERFECT_HASH_GROUP_BY",
                                                                    "cpu_time": 0.15446809599999994,
                                                                    "extra_info": {
                                                                        "Groups": "#0",
                                                                        "Aggregates": [
                                                                            "count_star()",
                                                                            "sum(#1)",
                                                                            "avg(#2)",
                                                                            "avg(#3)",
                                                                            "avg(#4)"
                                                                        ]
                                                                    },
                                                                    "cumulative_cardinality": 11550355,
                                                                    "operator_type": "PERFECT_HASH_GROUP_BY",
                                                                    "operator_cardinality": 7,
                                                                    "cumulative_rows_scanned": 3850116,
                                                                    "operator_rows_scanned": 0,
                                                                    "operator_timing": 0.06701759199999997,
                                                                    "result_set_size": 343,
                                                                    "children": [
                                                                        {
                                                                            "operator_name": "PROJECTION",
                                                                            "cpu_time": 0.08745050399999998,
                                                                            "extra_info": {
                                                                                "Projections": [
                                                                                    "posttypeid",
                                                                                    "score",
                                                                                    "viewcount",
                                                                                    "answercount",
                                                                                    "commentcount"
                                                                                ],
                                                                                "Estimated Cardinality": "3850116"
                                                                            },
                                                                            "cumulative_cardinality": 11550348,
                                                                            "operator_type": "PROJECTION",
                                                                            "operator_cardinality": 3850116,
                                                                            "cumulative_rows_scanned": 3850116,
                                                                            "operator_rows_scanned": 0,
                                                                            "operator_timing": 0.0003897590000000044,
                                                                            "result_set_size": 65451972,
                                                                            "children": [
                                                                                {
                                                                                    "operator_name": "PROJECTION",
                                                                                    "cpu_time": 0.08706074499999998,
                                                                                    "extra_info": {
                                                                                        "Projections": [
                                                                                            "__internal_compress_integral_utinyint(#0, 1)",
                                                                                            "#1",
                                                                                            "#2",
                                                                                            "#3",
                                                                                            "#4"
                                                                                        ],
                                                                                        "Estimated Cardinality": "3850116"
                                                                                    },
                                                                                    "cumulative_cardinality": 7700232,
                                                                                    "operator_type": "PROJECTION",
                                                                                    "operator_cardinality": 3850116,
                                                                                    "cumulative_rows_scanned": 3850116,
                                                                                    "operator_rows_scanned": 0,
                                                                                    "operator_timing": 0.0010592409999999979,
                                                                                    "result_set_size": 65451972,
                                                                                    "children": [
                                                                                        {
                                                                                            "operator_name": "READ_PARQUET ",
                                                                                            "cpu_time": 0.08600150399999998,
                                                                                            "extra_info": {
                                                                                                "Function": "READ_PARQUET",
                                                                                                "Projections": [
                                                                                                    "posttypeid",
                                                                                                    "score",
                                                                                                    "viewcount",
                                                                                                    "answercount",
                                                                                                    "commentcount"
                                                                                                ],
                                                                                                "Estimated Cardinality": "3850116"
                                                                                            },
                                                                                            "cumulative_cardinality": 3850116,
                                                                                            "operator_type": "TABLE_SCAN",
                                                                                            "operator_cardinality": 3850116,
                                                                                            "cumulative_rows_scanned": 3850116,
                                                                                            "operator_rows_scanned": 3850116,
                                                                                            "operator_timing": 0.08600150399999998,
                                                                                            "result_set_size": 69302088,
                                                                                            "children": []
                                                                                        }
                                                                                    ]
                                                                                }
                                                                            ]
                                                                        }
                                                                    ]
                                                                }
                                                            ]
                                                        },
                                                        {
                                                            "operator_name": "UNGROUPED_AGGREGATE",
                                                            "cpu_time": 0.024456509999999966,
                                                            "extra_info": {
                                                                "Aggregates": [
                                                                    "count_star()",
                                                                    "avg(#0)",
                                                                    "max(#1)"
                                                                ]
                                                            },
                                                            "cumulative_cardinality": 2521421,
                                                            "operator_type": "UNGROUPED_AGGREGATE",
                                                            "operator_cardinality": 1,
                                                            "cumulative_rows_scanned": 1260710,
                                                            "operator_rows_scanned": 0,
                                                            "operator_timing": 0.005789368999999985,
                                                            "result_set_size": 24,
                                                            "children": [
                                                                {
                                                                    "operator_name": "PROJECTION",
                                                                    "cpu_time": 0.01866714099999998,
                                                                    "extra_info": {
                                                                        "Projections": [
                                                                            "reputation",
                                                                            "lastaccessdate"
                                                                        ],
                                                                        "Estimated Cardinality": "1260710"
                                                                    },
                                                                    "cumulative_cardinality": 2521420,
                                                                    "operator_type": "PROJECTION",
                                                                    "operator_cardinality": 1260710,
                                                                    "cumulative_rows_scanned": 1260710,
                                                                    "operator_rows_scanned": 0,
                                                                    "operator_timing": 0.00006933799999999973,
                                                                    "result_set_size": 15128520,
                                                                    "children": [
                                                                        {
                                                                            "operator_name": "READ_PARQUET ",
                                                                            "cpu_time": 0.018597802999999982,
                                                                            "extra_info": {
                                                                                "Function": "READ_PARQUET",
                                                                                "Projections": [
                                                                                    "reputation",
                                                                                    "lastaccessdate"
                                                                                ],
                                                                                "Estimated Cardinality": "1260710"
                                                                            },
                                                                            "cumulative_cardinality": 1260710,
                                                                            "operator_type": "TABLE_SCAN",
                                                                            "operator_cardinality": 1260710,
                                                                            "cumulative_rows_scanned": 1260710,
                                                                            "operator_rows_scanned": 1260710,
                                                                            "operator_timing": 0.018597802999999982,
                                                                            "result_set_size": 15128520,
                                                                            "children": []
                                                                        }
                                                                    ]
                                                                }
                                                            ]
                                                        }
                                                    ]
                                                }
                                            ]
                                        }
                                    ]
                                }
                            ]
                        }
                    ]
                }
            ]
        }
    ]
}