{
    "rows_returned": 10,
    "query_name": "\nWITH UserPostStats AS (\n    SELECT \n        u.Id AS UserId,\n        u.DisplayName,\n        COUNT(p.Id) AS TotalPosts,\n        SUM(CASE WHEN p.PostTypeId = 1 THEN 1 ELSE 0 END) AS TotalQuestions,\n        SUM(CASE WHEN p.PostTypeId = 2 THEN 1 ELSE 0 END) AS TotalAnswers,\n        SUM(p.ViewCount) AS TotalViews,\n        SUM(p.Score) AS TotalScore\n    FROM \n        Users u\n    LEFT JOIN \n        Posts p ON u.Id = p.OwnerUserId\n    GROUP BY \n        u.Id, u.DisplayName\n),\n\nBadgeStats AS (\n    SELECT \n        b.UserId,\n        COUNT(b.Id) AS TotalBadges,\n        SUM(CASE WHEN b.Class = 1 THEN 1 ELSE 0 END) AS GoldBadges,\n        SUM(CASE WHEN b.Class = 2 THEN 1 ELSE 0 END) AS SilverBadges,\n        SUM(CASE WHEN b.Class = 3 THEN 1 ELSE 0 END) AS BronzeBadges\n    FROM \n        Badges b\n    GROUP BY \n        b.UserId\n)\n\nSELECT \n    ups.UserId,\n    ups.DisplayName,\n    ups.TotalPosts,\n    ups.TotalQuestions,\n    ups.TotalAnswers,\n    ups.TotalViews,\n    ups.TotalScore,\n    COALESCE(bs.TotalBadges, 0) AS TotalBadges,\n    COALESCE(bs.GoldBadges, 0) AS GoldBadges,\n    COALESCE(bs.SilverBadges, 0) AS SilverBadges,\n    COALESCE(bs.BronzeBadges, 0) AS BronzeBadges\nFROM \n    UserPostStats ups\nLEFT JOIN \n    BadgeStats bs ON ups.UserId = bs.UserId\nORDER BY \n    ups.TotalPosts DESC\nLIMIT 10;\n",
    "blocked_thread_time": 0.0,
    "cpu_time": 1.6863323840000002,
    "extra_info": {},
    "cumulative_cardinality": 23073821,
    "cumulative_rows_scanned": 7432550,
    "result_set_size": 1480,
    "latency": 2.070485924,
    "children": [
        {
            "operator_name": "STREAMING_LIMIT",
            "cpu_time": 1.6863323840000002,
            "extra_info": {},
            "cumulative_cardinality": 23073821,
            "operator_type": "STREAMING_LIMIT",
            "operator_cardinality": 10,
            "cumulative_rows_scanned": 7432550,
            "operator_rows_scanned": 0,
            "operator_timing": 0.000002465,
            "result_set_size": 1480,
            "children": [
                {
                    "operator_name": "ORDER_BY",
                    "cpu_time": 1.6863299190000003,
                    "extra_info": {
                        "Order By": "ups.TotalPosts DESC"
                    },
                    "cumulative_cardinality": 23073811,
                    "operator_type": "ORDER_BY",
                    "operator_cardinality": 4096,
                    "cumulative_rows_scanned": 7432550,
                    "operator_rows_scanned": 0,
                    "operator_timing": 0.0908859880000001,
                    "result_set_size": 606208,
                    "children": [
                        {
                            "operator_name": "PROJECTION",
                            "cpu_time": 1.5954439310000001,
                            "extra_info": {
                                "Projections": [
                                    "UserId",
                                    "displayname",
                                    "TotalPosts",
                                    "TotalQuestions",
                                    "TotalAnswers",
                                    "TotalViews",
                                    "TotalScore",
                                    "TotalBadges",
                                    "GoldBadges",
                                    "SilverBadges",
                                    "BronzeBadges"
                                ],
                                "Estimated Cardinality": "1260710"
                            },
                            "cumulative_cardinality": 23069715,
                            "operator_type": "PROJECTION",
                            "operator_cardinality": 1260710,
                            "cumulative_rows_scanned": 7432550,
                            "operator_rows_scanned": 0,
                            "operator_timing": 0.04695249800000011,
                            "result_set_size": 186585080,
                            "children": [
                                {
                                    "operator_name": "HASH_JOIN",
                                    "cpu_time": 1.5484914330000001,
                                    "extra_info": {
                                        "Join Type": "LEFT",
                                        "Conditions": "UserId = userid",
                                        "Estimated Cardinality": "1260710"
                                    },
                                    "cumulative_cardinality": 21809005,
                                    "operator_type": "HASH_JOIN",
                                    "operator_cardinality": 1260710,
                                    "cumulative_rows_scanned": 7432550,
                                    "operator_rows_scanned": 0,
                                    "operator_timing": 0.09522818099999979,
                                    "result_set_size": 191627920,
                                    "children": [
                                        {
                                            "operator_name": "HASH_GROUP_BY",
                                            "cpu_time": 1.2450368860000003,
                                            "extra_info": {
                                                "Groups": [
                                                    "#0",
                                                    "#1"
                                                ],
                                                "Aggregates": [
                                                    "count(#2)",
                                                    "sum(#3)",
                                                    "sum(#4)",
                                                    "sum(#5)",
                                                    "sum(#6)"
                                                ],
                                                "Estimated Cardinality": "1260710"
                                            },
                                            "cumulative_cardinality": 15355826,
                                            "operator_type": "HASH_GROUP_BY",
                                            "operator_cardinality": 1260710,
                                            "cumulative_rows_scanned": 5110826,
                                            "operator_rows_scanned": 0,
                                            "operator_timing": 0.6778868860000004,
                                            "result_set_size": 115985320,
                                            "children": [
                                                {
                                                    "operator_name": "PROJECTION",
                                                    "cpu_time": 0.56715,
                                                    "extra_info": {
                                                        "Projections": [
                                                            "id",
                                                            "displayname",
                                                            "id",
                                                            "CASE  WHEN ((posttypeid = 1)) THEN (1) ELSE 0 END",
                                                            "CASE  WHEN ((posttypeid = 2)) THEN (1) ELSE 0 END",
                                                            "viewcount",
                                                            "score"
                                                        ],
                                                        "Estimated Cardinality": "3850116"
                                                    },
                                                    "cumulative_cardinality": 14095116,
                                                    "operator_type": "PROJECTION",
                                                    "operator_cardinality": 4574495,
                                                    "cumulative_rows_scanned": 5110826,
                                                    "operator_rows_scanned": 0,
                                                    "operator_timing": 0.049326597000000014,
                                                    "result_set_size": 182979800,
                                                    "children": [
                                                        {
                                                            "operator_name": "HASH_JOIN",
                                                            "cpu_time": 0.5178234030000001,
                                                            "extra_info": {
                                                                "Join Type": "RIGHT",
                                                                "Conditions": "owneruserid = id",
                                                                "Estimated Cardinality": "3850116"
                                                            },
                                                            "cumulative_cardinality": 9520621,
                                                            "operator_type": "HASH_JOIN",
                                                            "operator_cardinality": 4574495,
                                                            "cumulative_rows_scanned": 5110826,
                                                            "operator_rows_scanned": 0,
                                                            "operator_timing": 0.2734492329999998,
                                                            "result_set_size": 155532830,
                                                            "children": [
                                                                {
                                                                    "operator_name": "READ_PARQUET ",
                                                                    "cpu_time": 0.16665797800000032,
                                                                    "extra_info": {
                                                                        "Function": "READ_PARQUET",
                                                                        "Projections": [
                                                                            "id",
                                                                            "posttypeid",
                                                                            "score",
                                                                            "viewcount",
                                                                            "owneruserid"
                                                                        ],
                                                                        "Estimated Cardinality": "3850116"
                                                                    },
                                                                    "cumulative_cardinality": 3685416,
                                                                    "operator_type": "TABLE_SCAN",
                                                                    "operator_cardinality": 3685416,
                                                                    "cumulative_rows_scanned": 3850116,
                                                                    "operator_rows_scanned": 3850116,
                                                                    "operator_timing": 0.16665797800000032,
                                                                    "result_set_size": 66337488,
                                                                    "children": []
                                                                },
                                                                {
                                                                    "operator_name": "READ_PARQUET ",
                                                                    "cpu_time": 0.07771619199999995,
                                                                    "extra_info": {
                                                                        "Function": "READ_PARQUET",
                                                                        "Projections": [
                                                                            "id",
                                                                            "displayname"
                                                                        ],
                                                                        "Estimated Cardinality": "1260710"
                                                                    },
                                                                    "cumulative_cardinality": 1260710,
                                                                    "operator_type": "TABLE_SCAN",
                                                                    "operator_cardinality": 1260710,
                                                                    "cumulative_rows_scanned": 1260710,
                                                                    "operator_rows_scanned": 1260710,
                                                                    "operator_timing": 0.07771619199999995,
                                                                    "result_set_size": 25214200,
                                                                    "children": []
                                                                }
                                                            ]
                                                        }
                                                    ]
                                                }
                                            ]
                                        },
                                        {
                                            "operator_name": "HASH_GROUP_BY",
                                            "cpu_time": 0.2082263660000002,
                                            "extra_info": {
                                                "Groups": "#0",
                                                "Aggregates": [
                                                    "count_star()",
                                                    "sum(#1)",
                                                    "sum(#2)",
                                                    "sum(#3)"
                                                ],
                                                "Estimated Cardinality": "1160862"
                                            },
                                            "cumulative_cardinality": 5192469,
                                            "operator_type": "HASH_GROUP_BY",
                                            "operator_cardinality": 549021,
                                            "cumulative_rows_scanned": 2321724,
                                            "operator_rows_scanned": 0,
                                            "operator_timing": 0.16196728000000024,
                                            "result_set_size": 32941260,
                                            "children": [
                                                {
                                                    "operator_name": "PROJECTION",
                                                    "cpu_time": 0.04625908599999995,
                                                    "extra_info": {
                                                        "Projections": [
                                                            "userid",
                                                            "CASE  WHEN ((class = 1)) THEN (1) ELSE 0 END",
                                                            "CASE  WHEN ((class = 2)) THEN (1) ELSE 0 END",
                                                            "CASE  WHEN ((class = 3)) THEN (1) ELSE 0 END"
                                                        ],
                                                        "Estimated Cardinality": "2321724"
                                                    },
                                                    "cumulative_cardinality": 4643448,
                                                    "operator_type": "PROJECTION",
                                                    "operator_cardinality": 2321724,
                                                    "cumulative_rows_scanned": 2321724,
                                                    "operator_rows_scanned": 0,
                                                    "operator_timing": 0.01347152100000002,
                                                    "result_set_size": 37147584,
                                                    "children": [
                                                        {
                                                            "operator_name": "READ_PARQUET ",
                                                            "cpu_time": 0.03278756499999993,
                                                            "extra_info": {
                                                                "Function": "READ_PARQUET",
                                                                "Projections": [
                                                                    "id",
                                                                    "userid",
                                                                    "class"
                                                                ],
                                                                "Estimated Cardinality": "2321724"
                                                            },
                                                            "cumulative_cardinality": 2321724,
                                                            "operator_type": "TABLE_SCAN",
                                                            "operator_cardinality": 2321724,
                                                            "cumulative_rows_scanned": 2321724,
                                                            "operator_rows_scanned": 2321724,
                                                            "operator_timing": 0.03278756499999993,
                                                            "result_set_size": 23217240,
                                                            "children": []
                                                        }
                                                    ]
                                                }
                                            ]
                                        }
                                    ]
                                }
                            ]
                        }
                    ]
                }
            ]
        }
    ]
}