{
    "rows_returned": 100,
    "query_name": "WITH UserStats AS (\n    SELECT \n        u.Id AS UserId,\n        u.Reputation,\n        COUNT(DISTINCT p.Id) AS PostCount,\n        SUM(CASE WHEN p.PostTypeId = 1 THEN 1 ELSE 0 END) AS QuestionCount,\n        SUM(CASE WHEN p.PostTypeId = 2 THEN 1 ELSE 0 END) AS AnswerCount,\n        SUM(CASE WHEN p.PostTypeId = 1 AND p.AcceptedAnswerId IS NOT NULL THEN 1 ELSE 0 END) AS AcceptedAnswersCount\n    FROM \n        Users u\n    LEFT JOIN \n        Posts p ON u.Id = p.OwnerUserId\n    GROUP BY \n        u.Id, u.Reputation\n),\nPostMetrics AS (\n    SELECT \n        p.Id AS PostId,\n        p.Title,\n        p.CreationDate,\n        p.Score,\n        COALESCE(c.CommentCount, 0) AS CommentCount,\n        COALESCE(pl.LinkedPostCount, 0) AS LinkedPostCount,\n        COALESCE(v.VoteCount, 0) AS VoteCount\n    FROM \n        Posts p\n    LEFT JOIN (\n        SELECT \n            PostId,\n            COUNT(*) AS CommentCount\n        FROM \n            Comments\n        GROUP BY \n            PostId\n    ) c ON p.Id = c.PostId\n    LEFT JOIN (\n        SELECT \n            PostId,\n            COUNT(*) AS LinkedPostCount\n        FROM \n            PostLinks\n        GROUP BY \n            PostId\n    ) pl ON p.Id = pl.PostId\n    LEFT JOIN (\n        SELECT \n            PostId,\n            COUNT(*) AS VoteCount\n        FROM \n            Votes\n        GROUP BY \n            PostId\n    ) v ON p.Id = v.PostId\n)\nSELECT \n    us.UserId,\n    us.Reputation,\n    us.PostCount,\n    us.QuestionCount,\n    us.AnswerCount,\n    us.AcceptedAnswersCount,\n    pm.PostId,\n    pm.Title,\n    pm.CreationDate,\n    pm.Score,\n    pm.CommentCount,\n    pm.LinkedPostCount,\n    pm.VoteCount\nFROM \n    UserStats us\nJOIN \n    PostMetrics pm ON us.UserId = pm.PostId\nORDER BY \n    us.Reputation DESC, pm.Score DESC\nLIMIT 100;",
    "blocked_thread_time": 0.0,
    "cpu_time": 3.5056876190000006,
    "extra_info": {},
    "cumulative_cardinality": 77142191,
    "cumulative_rows_scanned": 29359848,
    "result_set_size": 12000,
    "latency": 4.481635897,
    "children": [
        {
            "operator_name": "STREAMING_LIMIT",
            "cpu_time": 3.5056876190000006,
            "extra_info": {},
            "cumulative_cardinality": 77142191,
            "operator_type": "STREAMING_LIMIT",
            "operator_cardinality": 100,
            "cumulative_rows_scanned": 29359848,
            "operator_rows_scanned": 0,
            "operator_timing": 0.0000016340000000000002,
            "result_set_size": 12000,
            "children": [
                {
                    "operator_name": "PROJECTION",
                    "cpu_time": 3.5056859850000004,
                    "extra_info": {
                        "Projections": [
                            "#0",
                            "#1",
                            "#2",
                            "#3",
                            "#4",
                            "#5",
                            "#6",
                            "#7",
                            "#8",
                            "__internal_decompress_integral_integer(#9, -72)",
                            "#10",
                            "#11",
                            "#12"
                        ],
                        "Estimated Cardinality": "6372046"
                    },
                    "cumulative_cardinality": 77142091,
                    "operator_type": "PROJECTION",
                    "operator_cardinality": 4096,
                    "cumulative_rows_scanned": 29359848,
                    "operator_rows_scanned": 0,
                    "operator_timing": 0.000007424,
                    "result_set_size": 491520,
                    "children": [
                        {
                            "operator_name": "ORDER_BY",
                            "cpu_time": 3.5056785610000003,
                            "extra_info": {
                                "Order By": [
                                    "us.Reputation DESC",
                                    "pm.Score DESC"
                                ]
                            },
                            "cumulative_cardinality": 77137995,
                            "operator_type": "ORDER_BY",
                            "operator_cardinality": 4096,
                            "cumulative_rows_scanned": 29359848,
                            "operator_rows_scanned": 0,
                            "operator_timing": 0.11610756300000019,
                            "result_set_size": 483328,
                            "children": [
                                {
                                    "operator_name": "PROJECTION",
                                    "cpu_time": 3.389570998,
                                    "extra_info": {
                                        "Projections": [
                                            "#0",
                                            "#1",
                                            "#2",
                                            "#3",
                                            "#4",
                                            "#5",
                                            "#6",
                                            "#7",
                                            "#8",
                                            "__internal_compress_integral_usmallint(#9, -72)",
                                            "#10",
                                            "#11",
                                            "#12"
                                        ],
                                        "Estimated Cardinality": "6372046"
                                    },
                                    "cumulative_cardinality": 77133899,
                                    "operator_type": "PROJECTION",
                                    "operator_cardinality": 1023784,
                                    "cumulative_rows_scanned": 29359848,
                                    "operator_rows_scanned": 0,
                                    "operator_timing": 0.004139891000000004,
                                    "result_set_size": 120806512,
                                    "children": [
                                        {
                                            "operator_name": "PROJECTION",
                                            "cpu_time": 3.385431107,
                                            "extra_info": {
                                                "Projections": [
                                                    "UserId",
                                                    "reputation",
                                                    "PostCount",
                                                    "QuestionCount",
                                                    "AnswerCount",
                                                    "AcceptedAnswersCount",
                                                    "PostId",
                                                    "title",
                                                    "creationdate",
                                                    "score",
                                                    "CommentCount",
                                                    "LinkedPostCount",
                                                    "VoteCount"
                                                ],
                                                "Estimated Cardinality": "6372046"
                                            },
                                            "cumulative_cardinality": 76110115,
                                            "operator_type": "PROJECTION",
                                            "operator_cardinality": 1023784,
                                            "cumulative_rows_scanned": 29359848,
                                            "operator_rows_scanned": 0,
                                            "operator_timing": 0.0019025040000000021,
                                            "result_set_size": 122854080,
                                            "children": [
                                                {
                                                    "operator_name": "HASH_JOIN",
                                                    "cpu_time": 3.3835286030000002,
                                                    "extra_info": {
                                                        "Join Type": "INNER",
                                                        "Conditions": "PostId = UserId",
                                                        "Estimated Cardinality": "6372046"
                                                    },
                                                    "cumulative_cardinality": 75086331,
                                                    "operator_type": "HASH_JOIN",
                                                    "operator_cardinality": 1023784,
                                                    "cumulative_rows_scanned": 29359848,
                                                    "operator_rows_scanned": 0,
                                                    "operator_timing": 0.19462427400000015,
                                                    "result_set_size": 118758944,
                                                    "children": [
                                                        {
                                                            "operator_name": "PROJECTION",
                                                            "cpu_time": 1.6519909099999994,
                                                            "extra_info": {
                                                                "Projections": [
                                                                    "PostId",
                                                                    "title",
                                                                    "creationdate",
                                                                    "score",
                                                                    "CommentCount",
                                                                    "LinkedPostCount",
                                                                    "VoteCount"
                                                                ],
                                                                "Estimated Cardinality": "6372046"
                                                            },
                                                            "cumulative_cardinality": 54133423,
                                                            "operator_type": "PROJECTION",
                                                            "operator_cardinality": 1156109,
                                                            "cumulative_rows_scanned": 24249022,
                                                            "operator_rows_scanned": 0,
                                                            "operator_timing": 0.060798477,
                                                            "result_set_size": 64742104,
                                                            "children": [
                                                                {
                                                                    "operator_name": "FILTER",
                                                                    "cpu_time": 1.5911924329999994,
                                                                    "extra_info": {
                                                                        "Expression": "(PostId <= 1416570)",
                                                                        "Estimated Cardinality": "6372046"
                                                                    },
                                                                    "cumulative_cardinality": 52977314,
                                                                    "operator_type": "FILTER",
                                                                    "operator_cardinality": 1156109,
                                                                    "cumulative_rows_scanned": 24249022,
                                                                    "operator_rows_scanned": 0,
                                                                    "operator_timing": 0.003962709999999995,
                                                                    "result_set_size": 64742104,
                                                                    "children": [
                                                                        {
                                                                            "operator_name": "HASH_JOIN",
                                                                            "cpu_time": 1.5872297229999994,
                                                                            "extra_info": {
                                                                                "Join Type": "LEFT",
                                                                                "Conditions": "id = postid",
                                                                                "Estimated Cardinality": "6372046"
                                                                            },
                                                                            "cumulative_cardinality": 51821205,
                                                                            "operator_type": "HASH_JOIN",
                                                                            "operator_cardinality": 1156109,
                                                                            "cumulative_rows_scanned": 24249022,
                                                                            "operator_rows_scanned": 0,
                                                                            "operator_timing": 0.29957940700000024,
                                                                            "result_set_size": 64742104,
                                                                            "children": [
                                                                                {
                                                                                    "operator_name": "HASH_JOIN",
                                                                                    "cpu_time": 0.660603106,
                                                                                    "extra_info": {
                                                                                        "Join Type": "LEFT",
                                                                                        "Conditions": "id = postid",
                                                                                        "Estimated Cardinality": "3850116"
                                                                                    },
                                                                                    "cumulative_cardinality": 21211683,
                                                                                    "operator_type": "HASH_JOIN",
                                                                                    "operator_cardinality": 1156109,
                                                                                    "cumulative_rows_scanned": 11504929,
                                                                                    "operator_rows_scanned": 0,
                                                                                    "operator_timing": 0.05630681300000023,
                                                                                    "result_set_size": 55493232,
                                                                                    "children": [
                                                                                        {
                                                                                            "operator_name": "HASH_JOIN",
                                                                                            "cpu_time": 0.5843295609999999,
                                                                                            "extra_info": {
                                                                                                "Join Type": "LEFT",
                                                                                                "Conditions": "id = postid",
                                                                                                "Estimated Cardinality": "3850116"
                                                                                            },
                                                                                            "cumulative_cardinality": 18959534,
                                                                                            "operator_type": "HASH_JOIN",
                                                                                            "operator_cardinality": 1156109,
                                                                                            "cumulative_rows_scanned": 11091938,
                                                                                            "operator_rows_scanned": 0,
                                                                                            "operator_timing": 0.15841775600000016,
                                                                                            "result_set_size": 46244360,
                                                                                            "children": [
                                                                                                {
                                                                                                    "operator_name": "READ_PARQUET ",
                                                                                                    "cpu_time": 0.1407633759999999,
                                                                                                    "extra_info": {
                                                                                                        "Function": "READ_PARQUET",
                                                                                                        "Projections": [
                                                                                                            "id",
                                                                                                            "creationdate",
                                                                                                            "score",
                                                                                                            "title"
                                                                                                        ],
                                                                                                        "Estimated Cardinality": "3850116"
                                                                                                    },
                                                                                                    "cumulative_cardinality": 1156109,
                                                                                                    "operator_type": "TABLE_SCAN",
                                                                                                    "operator_cardinality": 1156109,
                                                                                                    "cumulative_rows_scanned": 3850116,
                                                                                                    "operator_rows_scanned": 3850116,
                                                                                                    "operator_timing": 0.1407633759999999,
                                                                                                    "result_set_size": 36995488,
                                                                                                    "children": []
                                                                                                },
                                                                                                {
                                                                                                    "operator_name": "HASH_GROUP_BY",
                                                                                                    "cpu_time": 0.28514842899999987,
                                                                                                    "extra_info": {
                                                                                                        "Groups": "#0",
                                                                                                        "Aggregates": "count_star()",
                                                                                                        "Estimated Cardinality": "3620911"
                                                                                                    },
                                                                                                    "cumulative_cardinality": 16647316,
                                                                                                    "operator_type": "HASH_GROUP_BY",
                                                                                                    "operator_cardinality": 2163672,
                                                                                                    "cumulative_rows_scanned": 7241822,
                                                                                                    "operator_rows_scanned": 0,
                                                                                                    "operator_timing": 0.24526543399999992,
                                                                                                    "result_set_size": 25964064,
                                                                                                    "children": [
                                                                                                        {
                                                                                                            "operator_name": "PROJECTION",
                                                                                                            "cpu_time": 0.039882994999999935,
                                                                                                            "extra_info": {
                                                                                                                "Projections": "postid",
                                                                                                                "Estimated Cardinality": "7241822"
                                                                                                            },
                                                                                                            "cumulative_cardinality": 14483644,
                                                                                                            "operator_type": "PROJECTION",
                                                                                                            "operator_cardinality": 7241822,
                                                                                                            "cumulative_rows_scanned": 7241822,
                                                                                                            "operator_rows_scanned": 0,
                                                                                                            "operator_timing": 0.0003601740000000066,
                                                                                                            "result_set_size": 28967288,
                                                                                                            "children": [
                                                                                                                {
                                                                                                                    "operator_name": "READ_PARQUET ",
                                                                                                                    "cpu_time": 0.03952282099999993,
                                                                                                                    "extra_info": {
                                                                                                                        "Function": "READ_PARQUET",
                                                                                                                        "Projections": "postid",
                                                                                                                        "Estimated Cardinality": "7241822"
                                                                                                                    },
                                                                                                                    "cumulative_cardinality": 7241822,
                                                                                                                    "operator_type": "TABLE_SCAN",
                                                                                                                    "operator_cardinality": 7241822,
                                                                                                                    "cumulative_rows_scanned": 7241822,
                                                                                                                    "operator_rows_scanned": 7241822,
                                                                                                                    "operator_timing": 0.03952282099999993,
                                                                                                                    "result_set_size": 28967288,
                                                                                                                    "children": []
                                                                                                                }
                                                                                                            ]
                                                                                                        }
                                                                                                    ]
                                                                                                }
                                                                                            ]
                                                                                        },
                                                                                        {
                                                                                            "operator_name": "HASH_GROUP_BY",
                                                                                            "cpu_time": 0.019966731999999994,
                                                                                            "extra_info": {
                                                                                                "Groups": "#0",
                                                                                                "Aggregates": "count_star()",
                                                                                                "Estimated Cardinality": "206495"
                                                                                            },
                                                                                            "cumulative_cardinality": 1096040,
                                                                                            "operator_type": "HASH_GROUP_BY",
                                                                                            "operator_cardinality": 270058,
                                                                                            "cumulative_rows_scanned": 412991,
                                                                                            "operator_rows_scanned": 0,
                                                                                            "operator_timing": 0.016686269999999993,
                                                                                            "result_set_size": 3240696,
                                                                                            "children": [
                                                                                                {
                                                                                                    "operator_name": "PROJECTION",
                                                                                                    "cpu_time": 0.0032804620000000005,
                                                                                                    "extra_info": {
                                                                                                        "Projections": "postid",
                                                                                                        "Estimated Cardinality": "412991"
                                                                                                    },
                                                                                                    "cumulative_cardinality": 825982,
                                                                                                    "operator_type": "PROJECTION",
                                                                                                    "operator_cardinality": 412991,
                                                                                                    "cumulative_rows_scanned": 412991,
                                                                                                    "operator_rows_scanned": 0,
                                                                                                    "operator_timing": 0.00002410300000000001,
                                                                                                    "result_set_size": 1651964,
                                                                                                    "children": [
                                                                                                        {
                                                                                                            "operator_name": "READ_PARQUET ",
                                                                                                            "cpu_time": 0.0032563590000000003,
                                                                                                            "extra_info": {
                                                                                                                "Function": "READ_PARQUET",
                                                                                                                "Projections": "postid",
                                                                                                                "Estimated Cardinality": "412991"
                                                                                                            },
                                                                                                            "cumulative_cardinality": 412991,
                                                                                                            "operator_type": "TABLE_SCAN",
                                                                                                            "operator_cardinality": 412991,
                                                                                                            "cumulative_rows_scanned": 412991,
                                                                                                            "operator_rows_scanned": 412991,
                                                                                                            "operator_timing": 0.0032563590000000003,
                                                                                                            "result_set_size": 1651964,
                                                                                                            "children": []
                                                                                                        }
                                                                                                    ]
                                                                                                }
                                                                                            ]
                                                                                        }
                                                                                    ]
                                                                                },
                                                                                {
                                                                                    "operator_name": "HASH_GROUP_BY",
                                                                                    "cpu_time": 0.6270472099999991,
                                                                                    "extra_info": {
                                                                                        "Groups": "#0",
                                                                                        "Aggregates": "count_star()",
                                                                                        "Estimated Cardinality": "6372046"
                                                                                    },
                                                                                    "cumulative_cardinality": 29453413,
                                                                                    "operator_type": "HASH_GROUP_BY",
                                                                                    "operator_cardinality": 3965227,
                                                                                    "cumulative_rows_scanned": 12744093,
                                                                                    "operator_rows_scanned": 0,
                                                                                    "operator_timing": 0.5493431179999988,
                                                                                    "result_set_size": 47582724,
                                                                                    "children": [
                                                                                        {
                                                                                            "operator_name": "PROJECTION",
                                                                                            "cpu_time": 0.07770409200000027,
                                                                                            "extra_info": {
                                                                                                "Projections": "postid",
                                                                                                "Estimated Cardinality": "12744093"
                                                                                            },
                                                                                            "cumulative_cardinality": 25488186,
                                                                                            "operator_type": "PROJECTION",
                                                                                            "operator_cardinality": 12744093,
                                                                                            "cumulative_rows_scanned": 12744093,
                                                                                            "operator_rows_scanned": 0,
                                                                                            "operator_timing": 0.0006617440000000006,
                                                                                            "result_set_size": 50976372,
                                                                                            "children": [
                                                                                                {
                                                                                                    "operator_name": "READ_PARQUET ",
                                                                                                    "cpu_time": 0.07704234800000026,
                                                                                                    "extra_info": {
                                                                                                        "Function": "READ_PARQUET",
                                                                                                        "Projections": "postid",
                                                                                                        "Estimated Cardinality": "12744093"
                                                                                                    },
                                                                                                    "cumulative_cardinality": 12744093,
                                                                                                    "operator_type": "TABLE_SCAN",
                                                                                                    "operator_cardinality": 12744093,
                                                                                                    "cumulative_rows_scanned": 12744093,
                                                                                                    "operator_rows_scanned": 12744093,
                                                                                                    "operator_timing": 0.07704234800000026,
                                                                                                    "result_set_size": 50976372,
                                                                                                    "children": []
                                                                                                }
                                                                                            ]
                                                                                        }
                                                                                    ]
                                                                                }
                                                                            ]
                                                                        }
                                                                    ]
                                                                }
                                                            ]
                                                        },
                                                        {
                                                            "operator_name": "HASH_GROUP_BY",
                                                            "cpu_time": 1.536913419000001,
                                                            "extra_info": {
                                                                "Groups": [
                                                                    "#0",
                                                                    "#1"
                                                                ],
                                                                "Aggregates": [
                                                                    "count(DISTINCT #2)",
                                                                    "sum(#3)",
                                                                    "sum(#4)",
                                                                    "sum(#5)"
                                                                ],
                                                                "Estimated Cardinality": "1260710"
                                                            },
                                                            "cumulative_cardinality": 19929124,
                                                            "operator_type": "HASH_GROUP_BY",
                                                            "operator_cardinality": 1260709,
                                                            "cumulative_rows_scanned": 5110826,
                                                            "operator_rows_scanned": 0,
                                                            "operator_timing": 1.0408325130000005,
                                                            "result_set_size": 80685376,
                                                            "children": [
                                                                {
                                                                    "operator_name": "PROJECTION",
                                                                    "cpu_time": 0.4960809060000005,
                                                                    "extra_info": {
                                                                        "Projections": [
                                                                            "id",
                                                                            "reputation",
                                                                            "id",
                                                                            "CASE  WHEN ((posttypeid = 1)) THEN (1) ELSE 0 END",
                                                                            "CASE  WHEN ((posttypeid = 2)) THEN (1) ELSE 0 END",
                                                                            "CASE  WHEN (((acceptedanswerid IS NOT NULL) AND (posttypeid = 1))) THEN (1) ELSE 0 END"
                                                                        ],
                                                                        "Estimated Cardinality": "3850116"
                                                                    },
                                                                    "cumulative_cardinality": 18668415,
                                                                    "operator_type": "PROJECTION",
                                                                    "operator_cardinality": 4573897,
                                                                    "cumulative_rows_scanned": 5110826,
                                                                    "operator_rows_scanned": 0,
                                                                    "operator_timing": 0.07830433900000001,
                                                                    "result_set_size": 109773528,
                                                                    "children": [
                                                                        {
                                                                            "operator_name": "FILTER",
                                                                            "cpu_time": 0.4177765670000005,
                                                                            "extra_info": {
                                                                                "Expression": "(id >= 1)",
                                                                                "Estimated Cardinality": "3850116"
                                                                            },
                                                                            "cumulative_cardinality": 14094518,
                                                                            "operator_type": "FILTER",
                                                                            "operator_cardinality": 4573897,
                                                                            "cumulative_rows_scanned": 5110826,
                                                                            "operator_rows_scanned": 0,
                                                                            "operator_timing": 0.011342506999999957,
                                                                            "result_set_size": 82330146,
                                                                            "children": [
                                                                                {
                                                                                    "operator_name": "HASH_JOIN",
                                                                                    "cpu_time": 0.40643406000000054,
                                                                                    "extra_info": {
                                                                                        "Join Type": "RIGHT",
                                                                                        "Conditions": "owneruserid = id",
                                                                                        "Estimated Cardinality": "3850116"
                                                                                    },
                                                                                    "cumulative_cardinality": 9520621,
                                                                                    "operator_type": "HASH_JOIN",
                                                                                    "operator_cardinality": 4574495,
                                                                                    "cumulative_rows_scanned": 5110826,
                                                                                    "operator_rows_scanned": 0,
                                                                                    "operator_timing": 0.24774606100000013,
                                                                                    "result_set_size": 82340910,
                                                                                    "children": [
                                                                                        {
                                                                                            "operator_name": "READ_PARQUET ",
                                                                                            "cpu_time": 0.14516332600000045,
                                                                                            "extra_info": {
                                                                                                "Function": "READ_PARQUET",
                                                                                                "Projections": [
                                                                                                    "id",
                                                                                                    "posttypeid",
                                                                                                    "acceptedanswerid",
                                                                                                    "owneruserid"
                                                                                                ],
                                                                                                "Estimated Cardinality": "3850116"
                                                                                            },
                                                                                            "cumulative_cardinality": 3685416,
                                                                                            "operator_type": "TABLE_SCAN",
                                                                                            "operator_cardinality": 3685416,
                                                                                            "cumulative_rows_scanned": 3850116,
                                                                                            "operator_rows_scanned": 3850116,
                                                                                            "operator_timing": 0.14516332600000045,
                                                                                            "result_set_size": 51595824,
                                                                                            "children": []
                                                                                        },
                                                                                        {
                                                                                            "operator_name": "READ_PARQUET ",
                                                                                            "cpu_time": 0.013524672999999996,
                                                                                            "extra_info": {
                                                                                                "Function": "READ_PARQUET",
                                                                                                "Projections": [
                                                                                                    "id",
                                                                                                    "reputation"
                                                                                                ],
                                                                                                "Estimated Cardinality": "1260710"
                                                                                            },
                                                                                            "cumulative_cardinality": 1260710,
                                                                                            "operator_type": "TABLE_SCAN",
                                                                                            "operator_cardinality": 1260710,
                                                                                            "cumulative_rows_scanned": 1260710,
                                                                                            "operator_rows_scanned": 1260710,
                                                                                            "operator_timing": 0.013524672999999996,
                                                                                            "result_set_size": 10085680,
                                                                                            "children": []
                                                                                        }
                                                                                    ]
                                                                                }
                                                                            ]
                                                                        }
                                                                    ]
                                                                }
                                                            ]
                                                        }
                                                    ]
                                                }
                                            ]
                                        }
                                    ]
                                }
                            ]
                        }
                    ]
                }
            ]
        }
    ]
}