{
    "rows_returned": 1260710,
    "query_name": "WITH UserPostStats AS (\n    SELECT\n        U.Id AS UserId,\n        U.DisplayName,\n        COUNT(P.Id) AS TotalPosts,\n        SUM(CASE WHEN P.PostTypeId = 1 THEN 1 ELSE 0 END) AS TotalQuestions,\n        SUM(CASE WHEN P.PostTypeId = 2 THEN 1 ELSE 0 END) AS TotalAnswers,\n        SUM(CASE WHEN P.PostTypeId IN (4, 5) THEN 1 ELSE 0 END) AS TotalTagWikis,\n        SUM(P.Score) AS TotalScore,\n        AVG(P.ViewCount) AS AvgViewCount\n    FROM\n        Users U\n    LEFT JOIN\n        Posts P ON U.Id = P.OwnerUserId\n    GROUP BY\n        U.Id, U.DisplayName\n),\nPostHistoryStats AS (\n    SELECT\n        PH.UserId,\n        COUNT(PH.Id) AS TotalEdits,\n        SUM(CASE WHEN PHT.Name = 'Edit Title' THEN 1 ELSE 0 END) AS TotalTitleEdits,\n        SUM(CASE WHEN PHT.Name = 'Edit Body' THEN 1 ELSE 0 END) AS TotalBodyEdits,\n        SUM(CASE WHEN PHT.Name = 'Edit Tags' THEN 1 ELSE 0 END) AS TotalTagEdits\n    FROM\n        PostHistory PH\n    JOIN\n        PostHistoryTypes PHT ON PH.PostHistoryTypeId = PHT.Id\n    GROUP BY\n        PH.UserId\n),\nCombinedStats AS (\n    SELECT\n        UPS.UserId,\n        UPS.DisplayName,\n        UPS.TotalPosts,\n        UPS.TotalQuestions,\n        UPS.TotalAnswers,\n        UPS.TotalTagWikis,\n        UPS.TotalScore,\n        UPS.AvgViewCount,\n        PHS.TotalEdits,\n        PHS.TotalTitleEdits,\n        PHS.TotalBodyEdits,\n        PHS.TotalTagEdits\n    FROM\n        UserPostStats UPS\n    LEFT JOIN\n        PostHistoryStats PHS ON UPS.UserId = PHS.UserId\n)\nSELECT\n    UserId,\n    DisplayName,\n    TotalPosts,\n    TotalQuestions,\n    TotalAnswers,\n    TotalTagWikis,\n    TotalScore,\n    AvgViewCount,\n    COALESCE(TotalEdits, 0) AS TotalEdits,\n    COALESCE(TotalTitleEdits, 0) AS TotalTitleEdits,\n    COALESCE(TotalBodyEdits, 0) AS TotalBodyEdits,\n    COALESCE(TotalTagEdits, 0) AS TotalTagEdits\nFROM\n    CombinedStats\nORDER BY\n    TotalScore DESC;",
    "blocked_thread_time": 0.0,
    "cpu_time": 2.668895677000003,
    "extra_info": {},
    "cumulative_cardinality": 56158549,
    "cumulative_rows_scanned": 16906104,
    "result_set_size": 196670760,
    "latency": 7.580330706,
    "children": [
        {
            "operator_name": "ORDER_BY",
            "cpu_time": 2.668895677000003,
            "extra_info": {
                "Order By": "CombinedStats.TotalScore DESC"
            },
            "cumulative_cardinality": 56158549,
            "operator_type": "ORDER_BY",
            "operator_cardinality": 1260710,
            "cumulative_rows_scanned": 16906104,
            "operator_rows_scanned": 0,
            "operator_timing": 0.2301565300000001,
            "result_set_size": 196670760,
            "children": [
                {
                    "operator_name": "PROJECTION",
                    "cpu_time": 2.4387391470000033,
                    "extra_info": {
                        "Projections": [
                            "UserId",
                            "displayname",
                            "TotalPosts",
                            "TotalQuestions",
                            "TotalAnswers",
                            "TotalTagWikis",
                            "TotalScore",
                            "AvgViewCount",
                            "TotalEdits",
                            "TotalTitleEdits",
                            "TotalBodyEdits",
                            "TotalTagEdits"
                        ],
                        "Estimated Cardinality": "5897622"
                    },
                    "cumulative_cardinality": 54897839,
                    "operator_type": "PROJECTION",
                    "operator_cardinality": 1260710,
                    "cumulative_rows_scanned": 16906104,
                    "operator_rows_scanned": 0,
                    "operator_timing": 0.030194540000000013,
                    "result_set_size": 196670760,
                    "children": [
                        {
                            "operator_name": "PROJECTION",
                            "cpu_time": 2.408544607000003,
                            "extra_info": {
                                "Projections": [
                                    "UserId",
                                    "displayname",
                                    "TotalPosts",
                                    "TotalQuestions",
                                    "TotalAnswers",
                                    "TotalTagWikis",
                                    "TotalScore",
                                    "AvgViewCount",
                                    "TotalEdits",
                                    "TotalTitleEdits",
                                    "TotalBodyEdits",
                                    "TotalTagEdits"
                                ],
                                "Estimated Cardinality": "5897622"
                            },
                            "cumulative_cardinality": 53637129,
                            "operator_type": "PROJECTION",
                            "operator_cardinality": 1260710,
                            "cumulative_rows_scanned": 16906104,
                            "operator_rows_scanned": 0,
                            "operator_timing": 0.00041352699999999963,
                            "result_set_size": 196670760,
                            "children": [
                                {
                                    "operator_name": "HASH_JOIN",
                                    "cpu_time": 2.408131080000003,
                                    "extra_info": {
                                        "Join Type": "RIGHT",
                                        "Conditions": "userid = UserId",
                                        "Estimated Cardinality": "5897622"
                                    },
                                    "cumulative_cardinality": 52376419,
                                    "operator_type": "HASH_JOIN",
                                    "operator_cardinality": 1260710,
                                    "cumulative_rows_scanned": 16906104,
                                    "operator_rows_scanned": 0,
                                    "operator_timing": 0.171278909,
                                    "result_set_size": 196670760,
                                    "children": [
                                        {
                                            "operator_name": "HASH_GROUP_BY",
                                            "cpu_time": 0.8186256750000016,
                                            "extra_info": {
                                                "Groups": "#0",
                                                "Aggregates": [
                                                    "count_star()",
                                                    "sum(#1)",
                                                    "sum(#2)",
                                                    "sum(#3)"
                                                ],
                                                "Estimated Cardinality": "5897622"
                                            },
                                            "cumulative_cardinality": 35759883,
                                            "operator_type": "HASH_GROUP_BY",
                                            "operator_cardinality": 374117,
                                            "cumulative_rows_scanned": 11795278,
                                            "operator_rows_scanned": 0,
                                            "operator_timing": 0.3200136510000015,
                                            "result_set_size": 22447020,
                                            "children": [
                                                {
                                                    "operator_name": "PROJECTION",
                                                    "cpu_time": 0.49861202400000004,
                                                    "extra_info": {
                                                        "Projections": [
                                                            "userid",
                                                            "CASE  WHEN ((name = 'Edit Title')) THEN (1) ELSE 0 END",
                                                            "CASE  WHEN ((name = 'Edit Body')) THEN (1) ELSE 0 END",
                                                            "CASE  WHEN ((name = 'Edit Tags')) THEN (1) ELSE 0 END"
                                                        ],
                                                        "Estimated Cardinality": "11795244"
                                                    },
                                                    "cumulative_cardinality": 35385766,
                                                    "operator_type": "PROJECTION",
                                                    "operator_cardinality": 11795244,
                                                    "cumulative_rows_scanned": 11795278,
                                                    "operator_rows_scanned": 0,
                                                    "operator_timing": 0.16543625299999976,
                                                    "result_set_size": 188723904,
                                                    "children": [
                                                        {
                                                            "operator_name": "HASH_JOIN",
                                                            "cpu_time": 0.3331757710000003,
                                                            "extra_info": {
                                                                "Join Type": "INNER",
                                                                "Conditions": "posthistorytypeid = id",
                                                                "Estimated Cardinality": "11795244"
                                                            },
                                                            "cumulative_cardinality": 23590522,
                                                            "operator_type": "HASH_JOIN",
                                                            "operator_cardinality": 11795244,
                                                            "cumulative_rows_scanned": 11795278,
                                                            "operator_rows_scanned": 0,
                                                            "operator_timing": 0.034409513000000225,
                                                            "result_set_size": 235904880,
                                                            "children": [
                                                                {
                                                                    "operator_name": "READ_PARQUET ",
                                                                    "cpu_time": 0.29843997800000005,
                                                                    "extra_info": {
                                                                        "Function": "READ_PARQUET",
                                                                        "Projections": [
                                                                            "id",
                                                                            "posthistorytypeid",
                                                                            "userid"
                                                                        ],
                                                                        "Estimated Cardinality": "11795244"
                                                                    },
                                                                    "cumulative_cardinality": 11795244,
                                                                    "operator_type": "TABLE_SCAN",
                                                                    "operator_cardinality": 11795244,
                                                                    "cumulative_rows_scanned": 11795244,
                                                                    "operator_rows_scanned": 11795244,
                                                                    "operator_timing": 0.29843997800000005,
                                                                    "result_set_size": 117952440,
                                                                    "children": []
                                                                },
                                                                {
                                                                    "operator_name": "READ_PARQUET ",
                                                                    "cpu_time": 0.00032627999999999997,
                                                                    "extra_info": {
                                                                        "Function": "READ_PARQUET",
                                                                        "Projections": [
                                                                            "id",
                                                                            "name"
                                                                        ],
                                                                        "Estimated Cardinality": "34"
                                                                    },
                                                                    "cumulative_cardinality": 34,
                                                                    "operator_type": "TABLE_SCAN",
                                                                    "operator_cardinality": 34,
                                                                    "cumulative_rows_scanned": 34,
                                                                    "operator_rows_scanned": 34,
                                                                    "operator_timing": 0.00032627999999999997,
                                                                    "result_set_size": 612,
                                                                    "children": []
                                                                }
                                                            ]
                                                        }
                                                    ]
                                                }
                                            ]
                                        },
                                        {
                                            "operator_name": "HASH_GROUP_BY",
                                            "cpu_time": 1.4182264960000013,
                                            "extra_info": {
                                                "Groups": [
                                                    "#0",
                                                    "#1"
                                                ],
                                                "Aggregates": [
                                                    "count(#2)",
                                                    "sum(#3)",
                                                    "sum(#4)",
                                                    "sum(#5)",
                                                    "sum(#6)",
                                                    "avg(#7)"
                                                ],
                                                "Estimated Cardinality": "1260710"
                                            },
                                            "cumulative_cardinality": 15355826,
                                            "operator_type": "HASH_GROUP_BY",
                                            "operator_cardinality": 1260710,
                                            "cumulative_rows_scanned": 5110826,
                                            "operator_rows_scanned": 0,
                                            "operator_timing": 0.8082161020000004,
                                            "result_set_size": 126071000,
                                            "children": [
                                                {
                                                    "operator_name": "PROJECTION",
                                                    "cpu_time": 0.6100103940000008,
                                                    "extra_info": {
                                                        "Projections": [
                                                            "id",
                                                            "displayname",
                                                            "id",
                                                            "CASE  WHEN ((posttypeid = 1)) THEN (1) ELSE 0 END",
                                                            "CASE  WHEN ((posttypeid = 2)) THEN (1) ELSE 0 END",
                                                            "CASE  WHEN ((posttypeid IN (4, 5))) THEN (1) ELSE 0 END",
                                                            "score",
                                                            "viewcount"
                                                        ],
                                                        "Estimated Cardinality": "3850116"
                                                    },
                                                    "cumulative_cardinality": 14095116,
                                                    "operator_type": "PROJECTION",
                                                    "operator_cardinality": 4574495,
                                                    "cumulative_rows_scanned": 5110826,
                                                    "operator_rows_scanned": 0,
                                                    "operator_timing": 0.087205868,
                                                    "result_set_size": 201277780,
                                                    "children": [
                                                        {
                                                            "operator_name": "HASH_JOIN",
                                                            "cpu_time": 0.5228045260000008,
                                                            "extra_info": {
                                                                "Join Type": "RIGHT",
                                                                "Conditions": "owneruserid = id",
                                                                "Estimated Cardinality": "3850116"
                                                            },
                                                            "cumulative_cardinality": 9520621,
                                                            "operator_type": "HASH_JOIN",
                                                            "operator_cardinality": 4574495,
                                                            "cumulative_rows_scanned": 5110826,
                                                            "operator_rows_scanned": 0,
                                                            "operator_timing": 0.27025503000000056,
                                                            "result_set_size": 155532830,
                                                            "children": [
                                                                {
                                                                    "operator_name": "READ_PARQUET ",
                                                                    "cpu_time": 0.17377529000000025,
                                                                    "extra_info": {
                                                                        "Function": "READ_PARQUET",
                                                                        "Projections": [
                                                                            "id",
                                                                            "posttypeid",
                                                                            "score",
                                                                            "viewcount",
                                                                            "owneruserid"
                                                                        ],
                                                                        "Estimated Cardinality": "3850116"
                                                                    },
                                                                    "cumulative_cardinality": 3685416,
                                                                    "operator_type": "TABLE_SCAN",
                                                                    "operator_cardinality": 3685416,
                                                                    "cumulative_rows_scanned": 3850116,
                                                                    "operator_rows_scanned": 3850116,
                                                                    "operator_timing": 0.17377529000000025,
                                                                    "result_set_size": 66337488,
                                                                    "children": []
                                                                },
                                                                {
                                                                    "operator_name": "READ_PARQUET ",
                                                                    "cpu_time": 0.07877420600000001,
                                                                    "extra_info": {
                                                                        "Function": "READ_PARQUET",
                                                                        "Projections": [
                                                                            "id",
                                                                            "displayname"
                                                                        ],
                                                                        "Estimated Cardinality": "1260710"
                                                                    },
                                                                    "cumulative_cardinality": 1260710,
                                                                    "operator_type": "TABLE_SCAN",
                                                                    "operator_cardinality": 1260710,
                                                                    "cumulative_rows_scanned": 1260710,
                                                                    "operator_rows_scanned": 1260710,
                                                                    "operator_timing": 0.07877420600000001,
                                                                    "result_set_size": 25214200,
                                                                    "children": []
                                                                }
                                                            ]
                                                        }
                                                    ]
                                                }
                                            ]
                                        }
                                    ]
                                }
                            ]
                        }
                    ]
                }
            ]
        }
    ]
}