{
    "rows_returned": 1000,
    "query_name": "WITH UserPostCounts AS (\n    SELECT \n        u.Id AS UserId,\n        COUNT(p.Id) AS PostCount,\n        SUM(CASE WHEN p.PostTypeId = 1 THEN 1 ELSE 0 END) AS QuestionCount,\n        SUM(CASE WHEN p.PostTypeId = 2 THEN 1 ELSE 0 END) AS AnswerCount\n    FROM \n        Users u\n    LEFT JOIN \n        Posts p ON u.Id = p.OwnerUserId\n    GROUP BY \n        u.Id\n),\nRecentActiveUsers AS (\n    SELECT \n        u.Id AS UserId,\n        u.DisplayName,\n        u.Reputation,\n        u.LastAccessDate,\n        up.PostCount,\n        up.QuestionCount,\n        up.AnswerCount\n    FROM \n        Users u\n    JOIN \n        UserPostCounts up ON u.Id = up.UserId\n    WHERE \n        u.LastAccessDate > cast('2024-10-01 12:34:56' as timestamp) - INTERVAL '30 days'\n    ORDER BY \n        u.LastAccessDate DESC\n    LIMIT 100\n),\nPopularTags AS (\n    SELECT \n        t.TagName,\n        t.Count\n    FROM \n        Tags t\n    ORDER BY \n        t.Count DESC\n    LIMIT 10\n)\nSELECT \n    ru.UserId,\n    ru.DisplayName,\n    ru.Reputation,\n    ru.PostCount,\n    ru.QuestionCount,\n    ru.AnswerCount,\n    pt.TagName,\n    pt.Count AS TagUsage\nFROM \n    RecentActiveUsers ru\nCROSS JOIN \n    PopularTags pt;",
    "blocked_thread_time": 0.0,
    "cpu_time": 0.7522676260000002,
    "extra_info": {},
    "cumulative_cardinality": 15648146,
    "cumulative_rows_scanned": 6373512,
    "result_set_size": 84000,
    "latency": 0.844409962,
    "children": [
        {
            "operator_name": "PROJECTION",
            "cpu_time": 0.7522676260000002,
            "extra_info": {
                "Projections": [
                    "UserId",
                    "displayname",
                    "reputation",
                    "PostCount",
                    "QuestionCount",
                    "AnswerCount",
                    "tagname",
                    "TagUsage"
                ],
                "Estimated Cardinality": "1000"
            },
            "cumulative_cardinality": 15648146,
            "operator_type": "PROJECTION",
            "operator_cardinality": 1000,
            "cumulative_rows_scanned": 6373512,
            "operator_rows_scanned": 0,
            "operator_timing": 0.000002983,
            "result_set_size": 84000,
            "children": [
                {
                    "operator_name": "CROSS_PRODUCT",
                    "cpu_time": 0.7522646430000002,
                    "extra_info": {},
                    "cumulative_cardinality": 15647146,
                    "operator_type": "CROSS_PRODUCT",
                    "operator_cardinality": 1000,
                    "cumulative_rows_scanned": 6373512,
                    "operator_rows_scanned": 0,
                    "operator_timing": 0.00003889400000000001,
                    "result_set_size": 92000,
                    "children": [
                        {
                            "operator_name": "STREAMING_LIMIT",
                            "cpu_time": 0.7516553240000001,
                            "extra_info": {},
                            "cumulative_cardinality": 15642184,
                            "operator_type": "STREAMING_LIMIT",
                            "operator_cardinality": 100,
                            "cumulative_rows_scanned": 6371536,
                            "operator_rows_scanned": 0,
                            "operator_timing": 0.000001603,
                            "result_set_size": 7200,
                            "children": [
                                {
                                    "operator_name": "ORDER_BY",
                                    "cpu_time": 0.7516537210000002,
                                    "extra_info": {
                                        "Order By": "u.LastAccessDate DESC"
                                    },
                                    "cumulative_cardinality": 15642084,
                                    "operator_type": "ORDER_BY",
                                    "operator_cardinality": 4096,
                                    "cumulative_rows_scanned": 6371536,
                                    "operator_rows_scanned": 0,
                                    "operator_timing": 0.004718328000000001,
                                    "result_set_size": 294912,
                                    "children": [
                                        {
                                            "operator_name": "PROJECTION",
                                            "cpu_time": 0.7469353930000001,
                                            "extra_info": {
                                                "Projections": [
                                                    "UserId",
                                                    "displayname",
                                                    "reputation",
                                                    "lastaccessdate",
                                                    "PostCount",
                                                    "QuestionCount",
                                                    "AnswerCount"
                                                ],
                                                "Estimated Cardinality": "252142"
                                            },
                                            "cumulative_cardinality": 15637988,
                                            "operator_type": "PROJECTION",
                                            "operator_cardinality": 94054,
                                            "cumulative_rows_scanned": 6371536,
                                            "operator_rows_scanned": 0,
                                            "operator_timing": 0.00011533299999999995,
                                            "result_set_size": 6771888,
                                            "children": [
                                                {
                                                    "operator_name": "HASH_JOIN",
                                                    "cpu_time": 0.7468200600000001,
                                                    "extra_info": {
                                                        "Join Type": "INNER",
                                                        "Conditions": "UserId = id",
                                                        "Estimated Cardinality": "252142"
                                                    },
                                                    "cumulative_cardinality": 15543934,
                                                    "operator_type": "HASH_JOIN",
                                                    "operator_cardinality": 94054,
                                                    "cumulative_rows_scanned": 6371536,
                                                    "operator_rows_scanned": 0,
                                                    "operator_timing": 0.02788412800000002,
                                                    "result_set_size": 6771888,
                                                    "children": [
                                                        {
                                                            "operator_name": "HASH_GROUP_BY",
                                                            "cpu_time": 0.6479027450000001,
                                                            "extra_info": {
                                                                "Groups": "#0",
                                                                "Aggregates": [
                                                                    "count(#1)",
                                                                    "sum(#2)",
                                                                    "sum(#3)"
                                                                ],
                                                                "Estimated Cardinality": "1260710"
                                                            },
                                                            "cumulative_cardinality": 15355826,
                                                            "operator_type": "HASH_GROUP_BY",
                                                            "operator_cardinality": 1260710,
                                                            "cumulative_rows_scanned": 5110826,
                                                            "operator_rows_scanned": 0,
                                                            "operator_timing": 0.29207736699999987,
                                                            "result_set_size": 55471240,
                                                            "children": [
                                                                {
                                                                    "operator_name": "PROJECTION",
                                                                    "cpu_time": 0.3558253780000002,
                                                                    "extra_info": {
                                                                        "Projections": [
                                                                            "id",
                                                                            "id",
                                                                            "CASE  WHEN ((posttypeid = 1)) THEN (1) ELSE 0 END",
                                                                            "CASE  WHEN ((posttypeid = 2)) THEN (1) ELSE 0 END"
                                                                        ],
                                                                        "Estimated Cardinality": "3850116"
                                                                    },
                                                                    "cumulative_cardinality": 14095116,
                                                                    "operator_type": "PROJECTION",
                                                                    "operator_cardinality": 4574495,
                                                                    "cumulative_rows_scanned": 5110826,
                                                                    "operator_rows_scanned": 0,
                                                                    "operator_timing": 0.04912676600000005,
                                                                    "result_set_size": 73191920,
                                                                    "children": [
                                                                        {
                                                                            "operator_name": "HASH_JOIN",
                                                                            "cpu_time": 0.30669861200000015,
                                                                            "extra_info": {
                                                                                "Join Type": "RIGHT",
                                                                                "Conditions": "owneruserid = id",
                                                                                "Estimated Cardinality": "3850116"
                                                                            },
                                                                            "cumulative_cardinality": 9520621,
                                                                            "operator_type": "HASH_JOIN",
                                                                            "operator_cardinality": 4574495,
                                                                            "cumulative_rows_scanned": 5110826,
                                                                            "operator_rows_scanned": 0,
                                                                            "operator_timing": 0.19093837199999994,
                                                                            "result_set_size": 45744950,
                                                                            "children": [
                                                                                {
                                                                                    "operator_name": "READ_PARQUET ",
                                                                                    "cpu_time": 0.1095007190000002,
                                                                                    "extra_info": {
                                                                                        "Function": "READ_PARQUET",
                                                                                        "Projections": [
                                                                                            "id",
                                                                                            "posttypeid",
                                                                                            "owneruserid"
                                                                                        ],
                                                                                        "Estimated Cardinality": "3850116"
                                                                                    },
                                                                                    "cumulative_cardinality": 3685416,
                                                                                    "operator_type": "TABLE_SCAN",
                                                                                    "operator_cardinality": 3685416,
                                                                                    "cumulative_rows_scanned": 3850116,
                                                                                    "operator_rows_scanned": 3850116,
                                                                                    "operator_timing": 0.1095007190000002,
                                                                                    "result_set_size": 36854160,
                                                                                    "children": []
                                                                                },
                                                                                {
                                                                                    "operator_name": "READ_PARQUET ",
                                                                                    "cpu_time": 0.006259521000000007,
                                                                                    "extra_info": {
                                                                                        "Function": "READ_PARQUET",
                                                                                        "Projections": "id",
                                                                                        "Estimated Cardinality": "1260710"
                                                                                    },
                                                                                    "cumulative_cardinality": 1260710,
                                                                                    "operator_type": "TABLE_SCAN",
                                                                                    "operator_cardinality": 1260710,
                                                                                    "cumulative_rows_scanned": 1260710,
                                                                                    "operator_rows_scanned": 1260710,
                                                                                    "operator_timing": 0.006259521000000007,
                                                                                    "result_set_size": 5042840,
                                                                                    "children": []
                                                                                }
                                                                            ]
                                                                        }
                                                                    ]
                                                                }
                                                            ]
                                                        },
                                                        {
                                                            "operator_name": "READ_PARQUET ",
                                                            "cpu_time": 0.07103318699999997,
                                                            "extra_info": {
                                                                "Function": "READ_PARQUET",
                                                                "Projections": [
                                                                    "id",
                                                                    "reputation",
                                                                    "displayname",
                                                                    "lastaccessdate"
                                                                ],
                                                                "Filters": "lastaccessdate>'2024-09-01 12:34:56'::TIMESTAMP",
                                                                "Estimated Cardinality": "252142"
                                                            },
                                                            "cumulative_cardinality": 94054,
                                                            "operator_type": "TABLE_SCAN",
                                                            "operator_cardinality": 94054,
                                                            "cumulative_rows_scanned": 1260710,
                                                            "operator_rows_scanned": 1260710,
                                                            "operator_timing": 0.07103318699999997,
                                                            "result_set_size": 3009728,
                                                            "children": []
                                                        }
                                                    ]
                                                }
                                            ]
                                        }
                                    ]
                                }
                            ]
                        },
                        {
                            "operator_name": "STREAMING_LIMIT",
                            "cpu_time": 0.000570425,
                            "extra_info": {},
                            "cumulative_cardinality": 3962,
                            "operator_type": "STREAMING_LIMIT",
                            "operator_cardinality": 10,
                            "cumulative_rows_scanned": 1976,
                            "operator_rows_scanned": 0,
                            "operator_timing": 0.000001183,
                            "result_set_size": 200,
                            "children": [
                                {
                                    "operator_name": "ORDER_BY",
                                    "cpu_time": 0.000569242,
                                    "extra_info": {
                                        "Order By": "t.Count DESC"
                                    },
                                    "cumulative_cardinality": 3952,
                                    "operator_type": "ORDER_BY",
                                    "operator_cardinality": 1976,
                                    "cumulative_rows_scanned": 1976,
                                    "operator_rows_scanned": 0,
                                    "operator_timing": 0.00010015600000000001,
                                    "result_set_size": 39520,
                                    "children": [
                                        {
                                            "operator_name": "READ_PARQUET ",
                                            "cpu_time": 0.000469086,
                                            "extra_info": {
                                                "Function": "READ_PARQUET",
                                                "Projections": [
                                                    "tagname",
                                                    "count"
                                                ],
                                                "Estimated Cardinality": "1976"
                                            },
                                            "cumulative_cardinality": 1976,
                                            "operator_type": "TABLE_SCAN",
                                            "operator_cardinality": 1976,
                                            "cumulative_rows_scanned": 1976,
                                            "operator_rows_scanned": 1976,
                                            "operator_timing": 0.000469086,
                                            "result_set_size": 39520,
                                            "children": []
                                        }
                                    ]
                                }
                            ]
                        }
                    ]
                }
            ]
        }
    ]
}