{
    "rows_returned": 382210,
    "query_name": "\nWITH PostStats AS (\n    SELECT \n        pt.Name AS PostType,\n        COUNT(p.Id) AS TotalPosts,\n        AVG(p.Score) AS AvgScore,\n        SUM(p.ViewCount) AS TotalViews,\n        COUNT(DISTINCT p.OwnerUserId) AS UniquePostOwners,\n        COUNT(DISTINCT c.Id) AS TotalComments\n    FROM \n        Posts p\n    LEFT JOIN \n        PostTypes pt ON p.PostTypeId = pt.Id\n    LEFT JOIN \n        Comments c ON p.Id = c.PostId\n    GROUP BY \n        pt.Name\n),\nUserStats AS (\n    SELECT \n        u.DisplayName,\n        u.Reputation,\n        COUNT(b.Id) AS TotalBadges,\n        SUM(COALESCE(p.ViewCount, 0)) AS TotalViewsByUser\n    FROM \n        Users u\n    LEFT JOIN \n        Badges b ON u.Id = b.UserId\n    LEFT JOIN \n        Posts p ON u.Id = p.OwnerUserId\n    GROUP BY \n        u.DisplayName, u.Reputation\n)\nSELECT \n    ps.PostType,\n    ps.TotalPosts,\n    ps.AvgScore,\n    ps.TotalViews,\n    ps.UniquePostOwners,\n    ps.TotalComments,\n    us.DisplayName,\n    us.Reputation,\n    us.TotalBadges,\n    us.TotalViewsByUser\nFROM \n    PostStats ps\nJOIN \n    UserStats us ON ps.UniquePostOwners = us.TotalBadges\nORDER BY \n    ps.TotalPosts DESC, us.Reputation DESC;\n",
    "blocked_thread_time": 0.0,
    "cpu_time": 30.76352945899986,
    "extra_info": {},
    "cumulative_cardinality": 1230329980,
    "cumulative_rows_scanned": 18524496,
    "result_set_size": 41278680,
    "latency": 37.936501185,
    "children": [
        {
            "operator_name": "ORDER_BY",
            "cpu_time": 30.76352945899986,
            "extra_info": {
                "Order By": [
                    "ps.TotalPosts DESC",
                    "us.Reputation DESC"
                ]
            },
            "cumulative_cardinality": 1230329980,
            "operator_type": "ORDER_BY",
            "operator_cardinality": 382210,
            "cumulative_rows_scanned": 18524496,
            "operator_rows_scanned": 0,
            "operator_timing": 0.031426107999999994,
            "result_set_size": 41278680,
            "children": [
                {
                    "operator_name": "PROJECTION",
                    "cpu_time": 30.732103350999857,
                    "extra_info": {
                        "Projections": [
                            "PostType",
                            "TotalPosts",
                            "AvgScore",
                            "TotalViews",
                            "UniquePostOwners",
                            "TotalComments",
                            "displayname",
                            "reputation",
                            "TotalBadges",
                            "TotalViewsByUser"
                        ],
                        "Estimated Cardinality": "3850116"
                    },
                    "cumulative_cardinality": 1229947770,
                    "operator_type": "PROJECTION",
                    "operator_cardinality": 382210,
                    "cumulative_rows_scanned": 18524496,
                    "operator_rows_scanned": 0,
                    "operator_timing": 0.00007997700000000012,
                    "result_set_size": 41278680,
                    "children": [
                        {
                            "operator_name": "HASH_JOIN",
                            "cpu_time": 30.73202337399986,
                            "extra_info": {
                                "Join Type": "INNER",
                                "Conditions": "UniquePostOwners = TotalBadges",
                                "Estimated Cardinality": "3850116"
                            },
                            "cumulative_cardinality": 1229565560,
                            "operator_type": "HASH_JOIN",
                            "operator_cardinality": 382210,
                            "cumulative_rows_scanned": 18524496,
                            "operator_rows_scanned": 0,
                            "operator_timing": 0.07194552900000002,
                            "result_set_size": 38221000,
                            "children": [
                                {
                                    "operator_name": "HASH_GROUP_BY",
                                    "cpu_time": 2.795260034999993,
                                    "extra_info": {
                                        "Groups": "#0",
                                        "Aggregates": [
                                            "count_star()",
                                            "avg(#1)",
                                            "sum(#2)",
                                            "count(DISTINCT #3)",
                                            "count(DISTINCT #4)"
                                        ],
                                        "Estimated Cardinality": "3850116"
                                    },
                                    "cumulative_cardinality": 45576983,
                                    "operator_type": "HASH_GROUP_BY",
                                    "operator_cardinality": 7,
                                    "cumulative_rows_scanned": 11091946,
                                    "operator_rows_scanned": 0,
                                    "operator_timing": 1.7519257959999992,
                                    "result_set_size": 448,
                                    "children": [
                                        {
                                            "operator_name": "PROJECTION",
                                            "cpu_time": 1.0433342389999938,
                                            "extra_info": {
                                                "Projections": [
                                                    "name",
                                                    "score",
                                                    "viewcount",
                                                    "owneruserid",
                                                    "id"
                                                ],
                                                "Estimated Cardinality": "7241822"
                                            },
                                            "cumulative_cardinality": 45576976,
                                            "operator_type": "PROJECTION",
                                            "operator_cardinality": 8928266,
                                            "cumulative_rows_scanned": 11091946,
                                            "operator_rows_scanned": 0,
                                            "operator_timing": 0.0015691580000000104,
                                            "result_set_size": 285704512,
                                            "children": [
                                                {
                                                    "operator_name": "PROJECTION",
                                                    "cpu_time": 1.0417650809999939,
                                                    "extra_info": {
                                                        "Projections": [
                                                            "#0",
                                                            "#1",
                                                            "__internal_decompress_integral_integer(#2, -72)",
                                                            "#3",
                                                            "#4",
                                                            "#5"
                                                        ],
                                                        "Estimated Cardinality": "7241822"
                                                    },
                                                    "cumulative_cardinality": 36648710,
                                                    "operator_type": "PROJECTION",
                                                    "operator_cardinality": 8928266,
                                                    "cumulative_rows_scanned": 11091946,
                                                    "operator_rows_scanned": 0,
                                                    "operator_timing": 0.004273995000000001,
                                                    "result_set_size": 321417576,
                                                    "children": [
                                                        {
                                                            "operator_name": "HASH_JOIN",
                                                            "cpu_time": 1.037491085999994,
                                                            "extra_info": {
                                                                "Join Type": "RIGHT",
                                                                "Conditions": "postid = id",
                                                                "Estimated Cardinality": "7241822"
                                                            },
                                                            "cumulative_cardinality": 27720444,
                                                            "operator_type": "HASH_JOIN",
                                                            "operator_cardinality": 8928266,
                                                            "cumulative_rows_scanned": 11091946,
                                                            "operator_rows_scanned": 0,
                                                            "operator_timing": 0.7422215239999941,
                                                            "result_set_size": 303561044,
                                                            "children": [
                                                                {
                                                                    "operator_name": "READ_PARQUET ",
                                                                    "cpu_time": 0.13029302600000012,
                                                                    "extra_info": {
                                                                        "Function": "READ_PARQUET",
                                                                        "Projections": [
                                                                            "id",
                                                                            "postid"
                                                                        ],
                                                                        "Estimated Cardinality": "7241822"
                                                                    },
                                                                    "cumulative_cardinality": 7241822,
                                                                    "operator_type": "TABLE_SCAN",
                                                                    "operator_cardinality": 7241822,
                                                                    "cumulative_rows_scanned": 7241822,
                                                                    "operator_rows_scanned": 7241822,
                                                                    "operator_timing": 0.13029302600000012,
                                                                    "result_set_size": 57934576,
                                                                    "children": []
                                                                },
                                                                {
                                                                    "operator_name": "PROJECTION",
                                                                    "cpu_time": 0.16497653599999984,
                                                                    "extra_info": {
                                                                        "Projections": [
                                                                            "#0",
                                                                            "__internal_compress_integral_usmallint(#1, -72)",
                                                                            "#2",
                                                                            "#3",
                                                                            "#4"
                                                                        ],
                                                                        "Estimated Cardinality": "3850116"
                                                                    },
                                                                    "cumulative_cardinality": 11550356,
                                                                    "operator_type": "PROJECTION",
                                                                    "operator_cardinality": 3850116,
                                                                    "cumulative_rows_scanned": 3850124,
                                                                    "operator_rows_scanned": 0,
                                                                    "operator_timing": 0.0017229979999999997,
                                                                    "result_set_size": 115503480,
                                                                    "children": [
                                                                        {
                                                                            "operator_name": "HASH_JOIN",
                                                                            "cpu_time": 0.16325353799999984,
                                                                            "extra_info": {
                                                                                "Join Type": "LEFT",
                                                                                "Conditions": "posttypeid = id",
                                                                                "Estimated Cardinality": "3850116"
                                                                            },
                                                                            "cumulative_cardinality": 7700240,
                                                                            "operator_type": "HASH_JOIN",
                                                                            "operator_cardinality": 3850116,
                                                                            "cumulative_rows_scanned": 3850124,
                                                                            "operator_rows_scanned": 0,
                                                                            "operator_timing": 0.06009826499999999,
                                                                            "result_set_size": 123203712,
                                                                            "children": [
                                                                                {
                                                                                    "operator_name": "READ_PARQUET ",
                                                                                    "cpu_time": 0.10282312299999985,
                                                                                    "extra_info": {
                                                                                        "Function": "READ_PARQUET",
                                                                                        "Projections": [
                                                                                            "id",
                                                                                            "posttypeid",
                                                                                            "score",
                                                                                            "viewcount",
                                                                                            "owneruserid"
                                                                                        ],
                                                                                        "Estimated Cardinality": "3850116"
                                                                                    },
                                                                                    "cumulative_cardinality": 3850116,
                                                                                    "operator_type": "TABLE_SCAN",
                                                                                    "operator_cardinality": 3850116,
                                                                                    "cumulative_rows_scanned": 3850116,
                                                                                    "operator_rows_scanned": 3850116,
                                                                                    "operator_timing": 0.10282312299999985,
                                                                                    "result_set_size": 69302088,
                                                                                    "children": []
                                                                                },
                                                                                {
                                                                                    "operator_name": "READ_PARQUET ",
                                                                                    "cpu_time": 0.00033214999999999997,
                                                                                    "extra_info": {
                                                                                        "Function": "READ_PARQUET",
                                                                                        "Projections": [
                                                                                            "id",
                                                                                            "name"
                                                                                        ],
                                                                                        "Estimated Cardinality": "8"
                                                                                    },
                                                                                    "cumulative_cardinality": 8,
                                                                                    "operator_type": "TABLE_SCAN",
                                                                                    "operator_cardinality": 8,
                                                                                    "cumulative_rows_scanned": 8,
                                                                                    "operator_rows_scanned": 8,
                                                                                    "operator_timing": 0.00033214999999999997,
                                                                                    "result_set_size": 144,
                                                                                    "children": []
                                                                                }
                                                                            ]
                                                                        }
                                                                    ]
                                                                }
                                                            ]
                                                        }
                                                    ]
                                                }
                                            ]
                                        }
                                    ]
                                },
                                {
                                    "operator_name": "HASH_GROUP_BY",
                                    "cpu_time": 27.864817809999867,
                                    "extra_info": {
                                        "Groups": [
                                            "#0",
                                            "#1"
                                        ],
                                        "Aggregates": [
                                            "count(#2)",
                                            "sum(#3)"
                                        ],
                                        "Estimated Cardinality": "1260710"
                                    },
                                    "cumulative_cardinality": 1183606367,
                                    "operator_type": "HASH_GROUP_BY",
                                    "operator_cardinality": 1126006,
                                    "cumulative_rows_scanned": 7432550,
                                    "operator_rows_scanned": 0,
                                    "operator_timing": 15.927582282000124,
                                    "result_set_size": 49544264,
                                    "children": [
                                        {
                                            "operator_name": "PROJECTION",
                                            "cpu_time": 11.937235527999743,
                                            "extra_info": {
                                                "Projections": [
                                                    "displayname",
                                                    "reputation",
                                                    "id",
                                                    "COALESCE(viewcount, 0)"
                                                ],
                                                "Estimated Cardinality": "3850116"
                                            },
                                            "cumulative_cardinality": 1182480361,
                                            "operator_type": "PROJECTION",
                                            "operator_cardinality": 586089549,
                                            "cumulative_rows_scanned": 7432550,
                                            "operator_rows_scanned": 0,
                                            "operator_timing": 2.861898897999986,
                                            "result_set_size": 16410507372,
                                            "children": [
                                                {
                                                    "operator_name": "HASH_JOIN",
                                                    "cpu_time": 9.075336629999757,
                                                    "extra_info": {
                                                        "Join Type": "RIGHT",
                                                        "Conditions": "owneruserid = id",
                                                        "Estimated Cardinality": "3850116"
                                                    },
                                                    "cumulative_cardinality": 596390812,
                                                    "operator_type": "HASH_JOIN",
                                                    "operator_cardinality": 586089549,
                                                    "cumulative_rows_scanned": 7432550,
                                                    "operator_rows_scanned": 0,
                                                    "operator_timing": 8.619886364999758,
                                                    "result_set_size": 16410507372,
                                                    "children": [
                                                        {
                                                            "operator_name": "READ_PARQUET ",
                                                            "cpu_time": 0.10539702500000023,
                                                            "extra_info": {
                                                                "Function": "READ_PARQUET",
                                                                "Projections": [
                                                                    "viewcount",
                                                                    "owneruserid"
                                                                ],
                                                                "Estimated Cardinality": "3850116"
                                                            },
                                                            "cumulative_cardinality": 3685416,
                                                            "operator_type": "TABLE_SCAN",
                                                            "operator_cardinality": 3685416,
                                                            "cumulative_rows_scanned": 3850116,
                                                            "operator_rows_scanned": 3850116,
                                                            "operator_timing": 0.10539702500000023,
                                                            "result_set_size": 29483328,
                                                            "children": []
                                                        },
                                                        {
                                                            "operator_name": "HASH_JOIN",
                                                            "cpu_time": 0.3500532400000001,
                                                            "extra_info": {
                                                                "Join Type": "RIGHT",
                                                                "Conditions": "userid = id",
                                                                "Estimated Cardinality": "2321724"
                                                            },
                                                            "cumulative_cardinality": 6615847,
                                                            "operator_type": "HASH_JOIN",
                                                            "operator_cardinality": 3033413,
                                                            "cumulative_rows_scanned": 3582434,
                                                            "operator_rows_scanned": 0,
                                                            "operator_timing": 0.22088294500000016,
                                                            "result_set_size": 84935564,
                                                            "children": [
                                                                {
                                                                    "operator_name": "READ_PARQUET ",
                                                                    "cpu_time": 0.045013176999999974,
                                                                    "extra_info": {
                                                                        "Function": "READ_PARQUET",
                                                                        "Projections": [
                                                                            "id",
                                                                            "userid"
                                                                        ],
                                                                        "Estimated Cardinality": "2321724"
                                                                    },
                                                                    "cumulative_cardinality": 2321724,
                                                                    "operator_type": "TABLE_SCAN",
                                                                    "operator_cardinality": 2321724,
                                                                    "cumulative_rows_scanned": 2321724,
                                                                    "operator_rows_scanned": 2321724,
                                                                    "operator_timing": 0.045013176999999974,
                                                                    "result_set_size": 18573792,
                                                                    "children": []
                                                                },
                                                                {
                                                                    "operator_name": "READ_PARQUET ",
                                                                    "cpu_time": 0.08415711799999998,
                                                                    "extra_info": {
                                                                        "Function": "READ_PARQUET",
                                                                        "Projections": [
                                                                            "id",
                                                                            "reputation",
                                                                            "displayname"
                                                                        ],
                                                                        "Estimated Cardinality": "1260710"
                                                                    },
                                                                    "cumulative_cardinality": 1260710,
                                                                    "operator_type": "TABLE_SCAN",
                                                                    "operator_cardinality": 1260710,
                                                                    "cumulative_rows_scanned": 1260710,
                                                                    "operator_rows_scanned": 1260710,
                                                                    "operator_timing": 0.08415711799999998,
                                                                    "result_set_size": 30257040,
                                                                    "children": []
                                                                }
                                                            ]
                                                        }
                                                    ]
                                                }
                                            ]
                                        }
                                    ]
                                }
                            ]
                        }
                    ]
                }
            ]
        }
    ]
}