{
    "rows_returned": 4,
    "query_name": "SELECT \n    pt.Name AS PostType,\n    COUNT(p.Id) AS TotalPosts,\n    AVG(u.Reputation) AS AverageUserReputation,\n    SUM(p.Score) AS TotalScore,\n    SUM(p.ViewCount) AS TotalViews,\n    COUNT(DISTINCT p.OwnerUserId) AS UniqueUsers\nFROM \n    Posts p\nJOIN \n    PostTypes pt ON p.PostTypeId = pt.Id\nJOIN \n    Users u ON p.OwnerUserId = u.Id\nWHERE \n    p.CreationDate >= cast('2024-10-01 12:34:56' as timestamp) - INTERVAL '30 days'  \nGROUP BY \n    pt.Name\nORDER BY \n    TotalPosts DESC;",
    "blocked_thread_time": 0.0,
    "cpu_time": 0.06446901099999999,
    "extra_info": {},
    "cumulative_cardinality": 1300362,
    "cumulative_rows_scanned": 5110834,
    "result_set_size": 288,
    "latency": 0.078146277,
    "children": [
        {
            "operator_name": "ORDER_BY",
            "cpu_time": 0.06446901099999999,
            "extra_info": {
                "Order By": "count(p.Id) DESC"
            },
            "cumulative_cardinality": 1300362,
            "operator_type": "ORDER_BY",
            "operator_cardinality": 4,
            "cumulative_rows_scanned": 5110834,
            "operator_rows_scanned": 0,
            "operator_timing": 0.000024285999999999998,
            "result_set_size": 288,
            "children": [
                {
                    "operator_name": "HASH_GROUP_BY",
                    "cpu_time": 0.064444725,
                    "extra_info": {
                        "Groups": "#0",
                        "Aggregates": [
                            "count_star()",
                            "avg(#1)",
                            "sum(#2)",
                            "sum(#3)",
                            "count(DISTINCT #4)"
                        ],
                        "Estimated Cardinality": "385011"
                    },
                    "cumulative_cardinality": 1300358,
                    "operator_type": "HASH_GROUP_BY",
                    "operator_cardinality": 4,
                    "cumulative_rows_scanned": 5110834,
                    "operator_rows_scanned": 0,
                    "operator_timing": 0.0008666219999999999,
                    "result_set_size": 288,
                    "children": [
                        {
                            "operator_name": "PROJECTION",
                            "cpu_time": 0.063578103,
                            "extra_info": {
                                "Projections": [
                                    "name",
                                    "reputation",
                                    "score",
                                    "viewcount",
                                    "owneruserid"
                                ],
                                "Estimated Cardinality": "770023"
                            },
                            "cumulative_cardinality": 1300354,
                            "operator_type": "PROJECTION",
                            "operator_cardinality": 9907,
                            "cumulative_rows_scanned": 5110834,
                            "operator_rows_scanned": 0,
                            "operator_timing": 0.000006235,
                            "result_set_size": 317024,
                            "children": [
                                {
                                    "operator_name": "HASH_JOIN",
                                    "cpu_time": 0.063571868,
                                    "extra_info": {
                                        "Join Type": "INNER",
                                        "Conditions": "id = owneruserid",
                                        "Estimated Cardinality": "770023"
                                    },
                                    "cumulative_cardinality": 1290447,
                                    "operator_type": "HASH_JOIN",
                                    "operator_cardinality": 9907,
                                    "cumulative_rows_scanned": 5110834,
                                    "operator_rows_scanned": 0,
                                    "operator_timing": 0.008964195999999997,
                                    "result_set_size": 317024,
                                    "children": [
                                        {
                                            "operator_name": "READ_PARQUET ",
                                            "cpu_time": 0.023265538000000013,
                                            "extra_info": {
                                                "Function": "READ_PARQUET",
                                                "Projections": [
                                                    "id",
                                                    "reputation"
                                                ],
                                                "Filters": "id<=1416539",
                                                "Estimated Cardinality": "1260710"
                                            },
                                            "cumulative_cardinality": 1260679,
                                            "operator_type": "TABLE_SCAN",
                                            "operator_cardinality": 1260679,
                                            "cumulative_rows_scanned": 1260710,
                                            "operator_rows_scanned": 1260710,
                                            "operator_timing": 0.023265538000000013,
                                            "result_set_size": 10085432,
                                            "children": []
                                        },
                                        {
                                            "operator_name": "HASH_JOIN",
                                            "cpu_time": 0.031342134,
                                            "extra_info": {
                                                "Join Type": "INNER",
                                                "Conditions": "posttypeid = id",
                                                "Estimated Cardinality": "770023"
                                            },
                                            "cumulative_cardinality": 19861,
                                            "operator_type": "HASH_JOIN",
                                            "operator_cardinality": 9927,
                                            "cumulative_rows_scanned": 3850124,
                                            "operator_rows_scanned": 0,
                                            "operator_timing": 0.00007513200000000001,
                                            "result_set_size": 277956,
                                            "children": [
                                                {
                                                    "operator_name": "READ_PARQUET ",
                                                    "cpu_time": 0.030954508000000002,
                                                    "extra_info": {
                                                        "Function": "READ_PARQUET",
                                                        "Projections": [
                                                            "id",
                                                            "posttypeid",
                                                            "score",
                                                            "viewcount",
                                                            "owneruserid"
                                                        ],
                                                        "Filters": "creationdate>='2024-09-01 12:34:56'::TIMESTAMP",
                                                        "Estimated Cardinality": "770023"
                                                    },
                                                    "cumulative_cardinality": 9927,
                                                    "operator_type": "TABLE_SCAN",
                                                    "operator_cardinality": 9927,
                                                    "cumulative_rows_scanned": 3850116,
                                                    "operator_rows_scanned": 3850116,
                                                    "operator_timing": 0.030954508000000002,
                                                    "result_set_size": 178686,
                                                    "children": []
                                                },
                                                {
                                                    "operator_name": "READ_PARQUET ",
                                                    "cpu_time": 0.000312494,
                                                    "extra_info": {
                                                        "Function": "READ_PARQUET",
                                                        "Projections": [
                                                            "id",
                                                            "name"
                                                        ],
                                                        "Filters": "id<=7",
                                                        "Estimated Cardinality": "8"
                                                    },
                                                    "cumulative_cardinality": 7,
                                                    "operator_type": "TABLE_SCAN",
                                                    "operator_cardinality": 7,
                                                    "cumulative_rows_scanned": 8,
                                                    "operator_rows_scanned": 8,
                                                    "operator_timing": 0.000312494,
                                                    "result_set_size": 126,
                                                    "children": []
                                                }
                                            ]
                                        }
                                    ]
                                }
                            ]
                        }
                    ]
                }
            ]
        }
    ]
}