{
    "rows_returned": 0,
    "query_name": "\nWITH PostActivity AS (\n    SELECT \n        P.Id AS PostId,\n        P.Title,\n        P.CreationDate,\n        P.Score,\n        P.ViewCount,\n        P.AnswerCount,\n        COUNT(CM.Id) AS CommentCount,\n        COALESCE(V.UpVotes, 0) AS UpVotes,\n        COALESCE(V.DownVotes, 0) AS DownVotes\n    FROM \n        Posts P\n    LEFT JOIN \n        (SELECT PostId, \n                SUM(CASE WHEN VoteTypeId = 2 THEN 1 ELSE 0 END) AS UpVotes,\n                SUM(CASE WHEN VoteTypeId = 3 THEN 1 ELSE 0 END) AS DownVotes\n         FROM Votes \n         GROUP BY PostId) V ON P.Id = V.PostId\n    LEFT JOIN \n        Comments CM ON P.Id = CM.PostId\n    WHERE \n        P.CreationDate >= '2023-01-01'\n    GROUP BY \n        P.Id, P.Title, P.CreationDate, P.Score, P.ViewCount, P.AnswerCount, V.UpVotes, V.DownVotes\n),\nUserEngagement AS (\n    SELECT \n        U.Id AS UserId,\n        U.DisplayName,\n        COUNT(DISTINCT P.Id) AS PostsCreated,\n        SUM(CASE WHEN B.Id IS NOT NULL THEN 1 ELSE 0 END) AS BadgesEarned,\n        SUM(P.ViewCount) AS TotalViews\n    FROM \n        Users U\n    LEFT JOIN \n        Posts P ON U.Id = P.OwnerUserId\n    LEFT JOIN \n        Badges B ON U.Id = B.UserId\n    GROUP BY \n        U.Id, U.DisplayName\n),\nPostVoteStats AS (\n    SELECT \n        P.Id AS PostId,\n        SUM(CASE WHEN V.VoteTypeId = 2 THEN 1 ELSE 0 END) AS TotalUpVotes,\n        SUM(CASE WHEN V.VoteTypeId = 3 THEN 1 ELSE 0 END) AS TotalDownVotes\n    FROM \n        Posts P\n    LEFT JOIN \n        Votes V ON P.Id = V.PostId\n    GROUP BY \n        P.Id\n)\n\nSELECT \n    A.PostId,\n    A.Title,\n    A.CreationDate,\n    A.Score,\n    A.ViewCount,\n    A.AnswerCount,\n    A.CommentCount,\n    U.UserId,\n    U.DisplayName,\n    U.PostsCreated,\n    U.BadgesEarned,\n    U.TotalViews,\n    V.TotalUpVotes,\n    V.TotalDownVotes\nFROM \n    PostActivity A\nJOIN \n    UserEngagement U ON A.PostId = U.PostsCreated\nJOIN \n    PostVoteStats V ON A.PostId = V.PostId\nORDER BY \n    A.CreationDate DESC;\n",
    "blocked_thread_time": 0.0,
    "cpu_time": 46.46172016099981,
    "extra_info": {},
    "cumulative_cardinality": 1268425259,
    "cumulative_rows_scanned": 47862790,
    "result_set_size": 0,
    "latency": 53.734992553,
    "children": [
        {
            "operator_name": "PROJECTION",
            "cpu_time": 46.46172016099981,
            "extra_info": {
                "Projections": [
                    "#0",
                    "#1",
                    "#2",
                    "__internal_decompress_integral_integer(#3, -72)",
                    "#4",
                    "__internal_decompress_integral_integer(#5, 0)",
                    "#6",
                    "#7",
                    "#8",
                    "#9",
                    "#10",
                    "#11",
                    "#12",
                    "#13"
                ],
                "Estimated Cardinality": "11757972"
            },
            "cumulative_cardinality": 1268425259,
            "operator_type": "PROJECTION",
            "operator_cardinality": 0,
            "cumulative_rows_scanned": 47862790,
            "operator_rows_scanned": 0,
            "operator_timing": 0.0,
            "result_set_size": 0,
            "children": [
                {
                    "operator_name": "ORDER_BY",
                    "cpu_time": 46.46172016099981,
                    "extra_info": {
                        "Order By": "A.CreationDate DESC"
                    },
                    "cumulative_cardinality": 1268425259,
                    "operator_type": "ORDER_BY",
                    "operator_cardinality": 0,
                    "cumulative_rows_scanned": 47862790,
                    "operator_rows_scanned": 0,
                    "operator_timing": 3.8e-7,
                    "result_set_size": 0,
                    "children": [
                        {
                            "operator_name": "PROJECTION",
                            "cpu_time": 46.46171978099981,
                            "extra_info": {
                                "Projections": [
                                    "#0",
                                    "#1",
                                    "#2",
                                    "__internal_compress_integral_usmallint(#3, -72)",
                                    "#4",
                                    "__internal_compress_integral_utinyint(#5, 0)",
                                    "#6",
                                    "#7",
                                    "#8",
                                    "#9",
                                    "#10",
                                    "#11",
                                    "#12",
                                    "#13"
                                ],
                                "Estimated Cardinality": "11757972"
                            },
                            "cumulative_cardinality": 1268425259,
                            "operator_type": "PROJECTION",
                            "operator_cardinality": 0,
                            "cumulative_rows_scanned": 47862790,
                            "operator_rows_scanned": 0,
                            "operator_timing": 0.0,
                            "result_set_size": 0,
                            "children": [
                                {
                                    "operator_name": "HASH_JOIN",
                                    "cpu_time": 46.46171978099981,
                                    "extra_info": {
                                        "Join Type": "INNER",
                                        "Conditions": "PostId = PostId",
                                        "Estimated Cardinality": "11757972"
                                    },
                                    "cumulative_cardinality": 1268425259,
                                    "operator_type": "HASH_JOIN",
                                    "operator_cardinality": 0,
                                    "cumulative_rows_scanned": 47862790,
                                    "operator_rows_scanned": 0,
                                    "operator_timing": 0.22032087999999986,
                                    "result_set_size": 0,
                                    "children": [
                                        {
                                            "operator_name": "HASH_JOIN",
                                            "cpu_time": 44.3557075329998,
                                            "extra_info": {
                                                "Join Type": "INNER",
                                                "Conditions": "CAST(PostId AS BIGINT) = PostsCreated",
                                                "Estimated Cardinality": "3850116"
                                            },
                                            "cumulative_cardinality": 1225268522,
                                            "operator_type": "HASH_JOIN",
                                            "operator_cardinality": 0,
                                            "cumulative_rows_scanned": 31268581,
                                            "operator_rows_scanned": 0,
                                            "operator_timing": 0.07782614200000001,
                                            "result_set_size": 0,
                                            "children": [
                                                {
                                                    "operator_name": "PROJECTION",
                                                    "cpu_time": 1.7929804629999984,
                                                    "extra_info": {
                                                        "Projections": [
                                                            "PostId",
                                                            "title",
                                                            "creationdate",
                                                            "score",
                                                            "viewcount",
                                                            "answercount",
                                                            "CommentCount"
                                                        ],
                                                        "Estimated Cardinality": "3850116"
                                                    },
                                                    "cumulative_cardinality": 39986369,
                                                    "operator_type": "PROJECTION",
                                                    "operator_cardinality": 265255,
                                                    "cumulative_rows_scanned": 23836031,
                                                    "operator_rows_scanned": 0,
                                                    "operator_timing": 0.00005575300000000001,
                                                    "result_set_size": 12732240,
                                                    "children": [
                                                        {
                                                            "operator_name": "PROJECTION",
                                                            "cpu_time": 1.7929247099999983,
                                                            "extra_info": {
                                                                "Projections": [
                                                                    "#0",
                                                                    "#1",
                                                                    "#2",
                                                                    "__internal_decompress_integral_integer(#3, -72)",
                                                                    "#4",
                                                                    "__internal_decompress_integral_integer(#5, 0)",
                                                                    "#6",
                                                                    "#7",
                                                                    "#8"
                                                                ],
                                                                "Estimated Cardinality": "3850116"
                                                            },
                                                            "cumulative_cardinality": 39721114,
                                                            "operator_type": "PROJECTION",
                                                            "operator_cardinality": 265255,
                                                            "cumulative_rows_scanned": 23836031,
                                                            "operator_rows_scanned": 0,
                                                            "operator_timing": 0.0009387050000000002,
                                                            "result_set_size": 21220400,
                                                            "children": [
                                                                {
                                                                    "operator_name": "HASH_GROUP_BY",
                                                                    "cpu_time": 1.7919860049999983,
                                                                    "extra_info": {
                                                                        "Groups": [
                                                                            "#0",
                                                                            "#1",
                                                                            "#2",
                                                                            "#3",
                                                                            "#4",
                                                                            "#5",
                                                                            "#6",
                                                                            "#7"
                                                                        ],
                                                                        "Aggregates": "count(#8)",
                                                                        "Estimated Cardinality": "3850116"
                                                                    },
                                                                    "cumulative_cardinality": 39455859,
                                                                    "operator_type": "HASH_GROUP_BY",
                                                                    "operator_cardinality": 265255,
                                                                    "cumulative_rows_scanned": 23836031,
                                                                    "operator_rows_scanned": 0,
                                                                    "operator_timing": 0.12447195500000004,
                                                                    "result_set_size": 19894125,
                                                                    "children": [
                                                                        {
                                                                            "operator_name": "PROJECTION",
                                                                            "cpu_time": 1.6675140499999983,
                                                                            "extra_info": {
                                                                                "Projections": [
                                                                                    "id",
                                                                                    "title",
                                                                                    "creationdate",
                                                                                    "score",
                                                                                    "viewcount",
                                                                                    "answercount",
                                                                                    "UpVotes",
                                                                                    "DownVotes",
                                                                                    "id"
                                                                                ],
                                                                                "Estimated Cardinality": "7241822"
                                                                            },
                                                                            "cumulative_cardinality": 39190604,
                                                                            "operator_type": "PROJECTION",
                                                                            "operator_cardinality": 654953,
                                                                            "cumulative_rows_scanned": 23836031,
                                                                            "operator_rows_scanned": 0,
                                                                            "operator_timing": 0.0002829619999999999,
                                                                            "result_set_size": 46501663,
                                                                            "children": [
                                                                                {
                                                                                    "operator_name": "PROJECTION",
                                                                                    "cpu_time": 1.6672310879999983,
                                                                                    "extra_info": {
                                                                                        "Projections": [
                                                                                            "#0",
                                                                                            "#1",
                                                                                            "#2",
                                                                                            "#3",
                                                                                            "__internal_compress_integral_usmallint(#4, -72)",
                                                                                            "#5",
                                                                                            "#6",
                                                                                            "__internal_compress_integral_utinyint(#7, 0)",
                                                                                            "#8"
                                                                                        ],
                                                                                        "Estimated Cardinality": "7241822"
                                                                                    },
                                                                                    "cumulative_cardinality": 38535651,
                                                                                    "operator_type": "PROJECTION",
                                                                                    "operator_cardinality": 654953,
                                                                                    "cumulative_rows_scanned": 23836031,
                                                                                    "operator_rows_scanned": 0,
                                                                                    "operator_timing": 0.004717905999999999,
                                                                                    "result_set_size": 46501663,
                                                                                    "children": [
                                                                                        {
                                                                                            "operator_name": "HASH_JOIN",
                                                                                            "cpu_time": 1.6625131819999983,
                                                                                            "extra_info": {
                                                                                                "Join Type": "LEFT",
                                                                                                "Conditions": "id = postid",
                                                                                                "Estimated Cardinality": "7241822"
                                                                                            },
                                                                                            "cumulative_cardinality": 37880698,
                                                                                            "operator_type": "HASH_JOIN",
                                                                                            "operator_cardinality": 654953,
                                                                                            "cumulative_rows_scanned": 23836031,
                                                                                            "operator_rows_scanned": 0,
                                                                                            "operator_timing": 0.36301247900000005,
                                                                                            "result_set_size": 49776428,
                                                                                            "children": [
                                                                                                {
                                                                                                    "operator_name": "HASH_JOIN",
                                                                                                    "cpu_time": 1.2218619519999983,
                                                                                                    "extra_info": {
                                                                                                        "Join Type": "RIGHT",
                                                                                                        "Conditions": "postid = id",
                                                                                                        "Estimated Cardinality": "6372046"
                                                                                                    },
                                                                                                    "cumulative_cardinality": 29983923,
                                                                                                    "operator_type": "HASH_JOIN",
                                                                                                    "operator_cardinality": 265255,
                                                                                                    "cumulative_rows_scanned": 16594209,
                                                                                                    "operator_rows_scanned": 0,
                                                                                                    "operator_timing": 0.08539231300000003,
                                                                                                    "result_set_size": 19098360,
                                                                                                    "children": [
                                                                                                        {
                                                                                                            "operator_name": "HASH_GROUP_BY",
                                                                                                            "cpu_time": 1.0577268729999982,
                                                                                                            "extra_info": {
                                                                                                                "Groups": "#0",
                                                                                                                "Aggregates": [
                                                                                                                    "sum(#1)",
                                                                                                                    "sum(#2)"
                                                                                                                ],
                                                                                                                "Estimated Cardinality": "6372046"
                                                                                                            },
                                                                                                            "cumulative_cardinality": 29453413,
                                                                                                            "operator_type": "HASH_GROUP_BY",
                                                                                                            "operator_cardinality": 3965227,
                                                                                                            "cumulative_rows_scanned": 12744093,
                                                                                                            "operator_rows_scanned": 0,
                                                                                                            "operator_timing": 0.8124664229999984,
                                                                                                            "result_set_size": 142748172,
                                                                                                            "children": [
                                                                                                                {
                                                                                                                    "operator_name": "PROJECTION",
                                                                                                                    "cpu_time": 0.24526044999999985,
                                                                                                                    "extra_info": {
                                                                                                                        "Projections": [
                                                                                                                            "postid",
                                                                                                                            "CASE  WHEN ((votetypeid = 2)) THEN (1) ELSE 0 END",
                                                                                                                            "CASE  WHEN ((votetypeid = 3)) THEN (1) ELSE 0 END"
                                                                                                                        ],
                                                                                                                        "Estimated Cardinality": "12744093"
                                                                                                                    },
                                                                                                                    "cumulative_cardinality": 25488186,
                                                                                                                    "operator_type": "PROJECTION",
                                                                                                                    "operator_cardinality": 12744093,
                                                                                                                    "cumulative_rows_scanned": 12744093,
                                                                                                                    "operator_rows_scanned": 0,
                                                                                                                    "operator_timing": 0.10301107100000008,
                                                                                                                    "result_set_size": 152929116,
                                                                                                                    "children": [
                                                                                                                        {
                                                                                                                            "operator_name": "READ_PARQUET ",
                                                                                                                            "cpu_time": 0.14224937899999976,
                                                                                                                            "extra_info": {
                                                                                                                                "Function": "READ_PARQUET",
                                                                                                                                "Projections": [
                                                                                                                                    "postid",
                                                                                                                                    "votetypeid"
                                                                                                                                ],
                                                                                                                                "Estimated Cardinality": "12744093"
                                                                                                                            },
                                                                                                                            "cumulative_cardinality": 12744093,
                                                                                                                            "operator_type": "TABLE_SCAN",
                                                                                                                            "operator_cardinality": 12744093,
                                                                                                                            "cumulative_rows_scanned": 12744093,
                                                                                                                            "operator_rows_scanned": 12744093,
                                                                                                                            "operator_timing": 0.14224937899999976,
                                                                                                                            "result_set_size": 76464558,
                                                                                                                            "children": []
                                                                                                                        }
                                                                                                                    ]
                                                                                                                }
                                                                                                            ]
                                                                                                        },
                                                                                                        {
                                                                                                            "operator_name": "READ_PARQUET ",
                                                                                                            "cpu_time": 0.07874276600000002,
                                                                                                            "extra_info": {
                                                                                                                "Function": "READ_PARQUET",
                                                                                                                "Projections": [
                                                                                                                    "id",
                                                                                                                    "creationdate",
                                                                                                                    "score",
                                                                                                                    "viewcount",
                                                                                                                    "title",
                                                                                                                    "answercount"
                                                                                                                ],
                                                                                                                "Filters": "creationdate>='2023-01-01 00:00:00'::TIMESTAMP",
                                                                                                                "Estimated Cardinality": "770023"
                                                                                                            },
                                                                                                            "cumulative_cardinality": 265255,
                                                                                                            "operator_type": "TABLE_SCAN",
                                                                                                            "operator_cardinality": 265255,
                                                                                                            "cumulative_rows_scanned": 3850116,
                                                                                                            "operator_rows_scanned": 3850116,
                                                                                                            "operator_timing": 0.07874276600000002,
                                                                                                            "result_set_size": 10610200,
                                                                                                            "children": []
                                                                                                        }
                                                                                                    ]
                                                                                                },
                                                                                                {
                                                                                                    "operator_name": "READ_PARQUET ",
                                                                                                    "cpu_time": 0.07763875100000005,
                                                                                                    "extra_info": {
                                                                                                        "Function": "READ_PARQUET",
                                                                                                        "Projections": [
                                                                                                            "id",
                                                                                                            "postid"
                                                                                                        ],
                                                                                                        "Estimated Cardinality": "7241822"
                                                                                                    },
                                                                                                    "cumulative_cardinality": 7241822,
                                                                                                    "operator_type": "TABLE_SCAN",
                                                                                                    "operator_cardinality": 7241822,
                                                                                                    "cumulative_rows_scanned": 7241822,
                                                                                                    "operator_rows_scanned": 7241822,
                                                                                                    "operator_timing": 0.07763875100000005,
                                                                                                    "result_set_size": 57934576,
                                                                                                    "children": []
                                                                                                }
                                                                                            ]
                                                                                        }
                                                                                    ]
                                                                                }
                                                                            ]
                                                                        }
                                                                    ]
                                                                }
                                                            ]
                                                        }
                                                    ]
                                                },
                                                {
                                                    "operator_name": "HASH_GROUP_BY",
                                                    "cpu_time": 42.4849009279998,
                                                    "extra_info": {
                                                        "Groups": [
                                                            "#0",
                                                            "#1"
                                                        ],
                                                        "Aggregates": [
                                                            "count(DISTINCT #2)",
                                                            "sum(#3)",
                                                            "sum(#4)"
                                                        ],
                                                        "Estimated Cardinality": "1260710"
                                                    },
                                                    "cumulative_cardinality": 1185282153,
                                                    "operator_type": "HASH_GROUP_BY",
                                                    "operator_cardinality": 1260710,
                                                    "cumulative_rows_scanned": 7432550,
                                                    "operator_rows_scanned": 0,
                                                    "operator_timing": 34.760402268999776,
                                                    "result_set_size": 75642600,
                                                    "children": [
                                                        {
                                                            "operator_name": "PROJECTION",
                                                            "cpu_time": 7.724498659000029,
                                                            "extra_info": {
                                                                "Projections": [
                                                                    "id",
                                                                    "displayname",
                                                                    "id",
                                                                    "CASE  WHEN ((id IS NOT NULL)) THEN (1) ELSE 0 END",
                                                                    "viewcount"
                                                                ],
                                                                "Estimated Cardinality": "3850116"
                                                            },
                                                            "cumulative_cardinality": 1184021443,
                                                            "operator_type": "PROJECTION",
                                                            "operator_cardinality": 586089549,
                                                            "cumulative_rows_scanned": 7432550,
                                                            "operator_rows_scanned": 0,
                                                            "operator_timing": 1.1224372519998982,
                                                            "result_set_size": 18754865568,
                                                            "children": [
                                                                {
                                                                    "operator_name": "HASH_JOIN",
                                                                    "cpu_time": 6.602061407000131,
                                                                    "extra_info": {
                                                                        "Join Type": "LEFT",
                                                                        "Conditions": "id = userid",
                                                                        "Estimated Cardinality": "3850116"
                                                                    },
                                                                    "cumulative_cardinality": 597931894,
                                                                    "operator_type": "HASH_JOIN",
                                                                    "operator_cardinality": 586089549,
                                                                    "cumulative_rows_scanned": 7432550,
                                                                    "operator_rows_scanned": 0,
                                                                    "operator_timing": 6.07461116900013,
                                                                    "result_set_size": 18754865568,
                                                                    "children": [
                                                                        {
                                                                            "operator_name": "HASH_JOIN",
                                                                            "cpu_time": 0.5034770600000007,
                                                                            "extra_info": {
                                                                                "Join Type": "RIGHT",
                                                                                "Conditions": "owneruserid = id",
                                                                                "Estimated Cardinality": "3850116"
                                                                            },
                                                                            "cumulative_cardinality": 9520621,
                                                                            "operator_type": "HASH_JOIN",
                                                                            "operator_cardinality": 4574495,
                                                                            "cumulative_rows_scanned": 5110826,
                                                                            "operator_rows_scanned": 0,
                                                                            "operator_timing": 0.2968375780000007,
                                                                            "result_set_size": 128085860,
                                                                            "children": [
                                                                                {
                                                                                    "operator_name": "READ_PARQUET ",
                                                                                    "cpu_time": 0.128617921,
                                                                                    "extra_info": {
                                                                                        "Function": "READ_PARQUET",
                                                                                        "Projections": [
                                                                                            "id",
                                                                                            "viewcount",
                                                                                            "owneruserid"
                                                                                        ],
                                                                                        "Estimated Cardinality": "3850116"
                                                                                    },
                                                                                    "cumulative_cardinality": 3685416,
                                                                                    "operator_type": "TABLE_SCAN",
                                                                                    "operator_cardinality": 3685416,
                                                                                    "cumulative_rows_scanned": 3850116,
                                                                                    "operator_rows_scanned": 3850116,
                                                                                    "operator_timing": 0.128617921,
                                                                                    "result_set_size": 44224992,
                                                                                    "children": []
                                                                                },
                                                                                {
                                                                                    "operator_name": "READ_PARQUET ",
                                                                                    "cpu_time": 0.078021561,
                                                                                    "extra_info": {
                                                                                        "Function": "READ_PARQUET",
                                                                                        "Projections": [
                                                                                            "id",
                                                                                            "displayname"
                                                                                        ],
                                                                                        "Estimated Cardinality": "1260710"
                                                                                    },
                                                                                    "cumulative_cardinality": 1260710,
                                                                                    "operator_type": "TABLE_SCAN",
                                                                                    "operator_cardinality": 1260710,
                                                                                    "cumulative_rows_scanned": 1260710,
                                                                                    "operator_rows_scanned": 1260710,
                                                                                    "operator_timing": 0.078021561,
                                                                                    "result_set_size": 25214200,
                                                                                    "children": []
                                                                                }
                                                                            ]
                                                                        },
                                                                        {
                                                                            "operator_name": "READ_PARQUET ",
                                                                            "cpu_time": 0.02397317799999998,
                                                                            "extra_info": {
                                                                                "Function": "READ_PARQUET",
                                                                                "Projections": [
                                                                                    "id",
                                                                                    "userid"
                                                                                ],
                                                                                "Estimated Cardinality": "2321724"
                                                                            },
                                                                            "cumulative_cardinality": 2321724,
                                                                            "operator_type": "TABLE_SCAN",
                                                                            "operator_cardinality": 2321724,
                                                                            "cumulative_rows_scanned": 2321724,
                                                                            "operator_rows_scanned": 2321724,
                                                                            "operator_timing": 0.02397317799999998,
                                                                            "result_set_size": 18573792,
                                                                            "children": []
                                                                        }
                                                                    ]
                                                                }
                                                            ]
                                                        }
                                                    ]
                                                }
                                            ]
                                        },
                                        {
                                            "operator_name": "HASH_GROUP_BY",
                                            "cpu_time": 1.8856913680000031,
                                            "extra_info": {
                                                "Groups": "#0",
                                                "Aggregates": [
                                                    "sum(#1)",
                                                    "sum(#2)"
                                                ],
                                                "Estimated Cardinality": "3850116"
                                            },
                                            "cumulative_cardinality": 43156737,
                                            "operator_type": "HASH_GROUP_BY",
                                            "operator_cardinality": 3850116,
                                            "cumulative_rows_scanned": 16594209,
                                            "operator_rows_scanned": 0,
                                            "operator_timing": 0.8761489720000002,
                                            "result_set_size": 138604176,
                                            "children": [
                                                {
                                                    "operator_name": "PROJECTION",
                                                    "cpu_time": 1.009542396000003,
                                                    "extra_info": {
                                                        "Projections": [
                                                            "id",
                                                            "CASE  WHEN ((votetypeid = 2)) THEN (1) ELSE 0 END",
                                                            "CASE  WHEN ((votetypeid = 3)) THEN (1) ELSE 0 END"
                                                        ],
                                                        "Estimated Cardinality": "12744093"
                                                    },
                                                    "cumulative_cardinality": 39306621,
                                                    "operator_type": "PROJECTION",
                                                    "operator_cardinality": 11356206,
                                                    "cumulative_rows_scanned": 16594209,
                                                    "operator_rows_scanned": 0,
                                                    "operator_timing": 0.07647491299999967,
                                                    "result_set_size": 136274472,
                                                    "children": [
                                                        {
                                                            "operator_name": "HASH_JOIN",
                                                            "cpu_time": 0.9330674830000032,
                                                            "extra_info": {
                                                                "Join Type": "RIGHT",
                                                                "Conditions": "postid = id",
                                                                "Estimated Cardinality": "12744093"
                                                            },
                                                            "cumulative_cardinality": 27950415,
                                                            "operator_type": "HASH_JOIN",
                                                            "operator_cardinality": 11356206,
                                                            "cumulative_rows_scanned": 16594209,
                                                            "operator_rows_scanned": 0,
                                                            "operator_timing": 0.6775014760000021,
                                                            "result_set_size": 68137236,
                                                            "children": [
                                                                {
                                                                    "operator_name": "READ_PARQUET ",
                                                                    "cpu_time": 0.23530191400000114,
                                                                    "extra_info": {
                                                                        "Function": "READ_PARQUET",
                                                                        "Projections": [
                                                                            "postid",
                                                                            "votetypeid"
                                                                        ],
                                                                        "Estimated Cardinality": "12744093"
                                                                    },
                                                                    "cumulative_cardinality": 12744093,
                                                                    "operator_type": "TABLE_SCAN",
                                                                    "operator_cardinality": 12744093,
                                                                    "cumulative_rows_scanned": 12744093,
                                                                    "operator_rows_scanned": 12744093,
                                                                    "operator_timing": 0.23530191400000114,
                                                                    "result_set_size": 76464558,
                                                                    "children": []
                                                                },
                                                                {
                                                                    "operator_name": "READ_PARQUET ",
                                                                    "cpu_time": 0.02026409299999994,
                                                                    "extra_info": {
                                                                        "Function": "READ_PARQUET",
                                                                        "Projections": "id",
                                                                        "Estimated Cardinality": "3850116"
                                                                    },
                                                                    "cumulative_cardinality": 3850116,
                                                                    "operator_type": "TABLE_SCAN",
                                                                    "operator_cardinality": 3850116,
                                                                    "cumulative_rows_scanned": 3850116,
                                                                    "operator_rows_scanned": 3850116,
                                                                    "operator_timing": 0.02026409299999994,
                                                                    "result_set_size": 15400464,
                                                                    "children": []
                                                                }
                                                            ]
                                                        }
                                                    ]
                                                }
                                            ]
                                        }
                                    ]
                                }
                            ]
                        }
                    ]
                }
            ]
        }
    ]
}