{
    "rows_returned": 2601417,
    "query_name": "WITH PostCounts AS (\n    SELECT \n        PostTypeId, \n        COUNT(*) AS TotalPosts,\n        SUM(CASE WHEN AcceptedAnswerId IS NOT NULL THEN 1 ELSE 0 END) AS TotalAcceptedAnswers\n    FROM \n        Posts\n    GROUP BY \n        PostTypeId\n),\nUserStats AS (\n    SELECT \n        U.Id AS UserId, \n        U.Reputation, \n        COUNT(DISTINCT P.Id) AS PostsCount,\n        SUM(V.BountyAmount) AS TotalBounties\n    FROM \n        Users U\n    LEFT JOIN \n        Posts P ON U.Id = P.OwnerUserId\n    LEFT JOIN \n        Votes V ON P.Id = V.PostId AND V.VoteTypeId = 8 \n    GROUP BY \n        U.Id, U.Reputation\n)\n\nSELECT \n    PCT.PostTypeId,\n    PCT.TotalPosts,\n    PCT.TotalAcceptedAnswers,\n    US.UserId,\n    US.Reputation,\n    US.PostsCount,\n    US.TotalBounties\nFROM \n    PostCounts PCT\nJOIN \n    UserStats US ON US.PostsCount > 0\nORDER BY \n    PCT.TotalPosts DESC, \n    US.Reputation DESC;",
    "blocked_thread_time": 0.0,
    "cpu_time": 1.7200993799999997,
    "extra_info": {},
    "cumulative_cardinality": 46917807,
    "cumulative_rows_scanned": 21705035,
    "result_set_size": 150882186,
    "latency": 5.177477813,
    "children": [
        {
            "operator_name": "PROJECTION",
            "cpu_time": 1.7200993799999997,
            "extra_info": {
                "Projections": [
                    "__internal_decompress_integral_smallint(#0, 1)",
                    "#1",
                    "#2",
                    "#3",
                    "#4",
                    "#5",
                    "#6"
                ],
                "Estimated Cardinality": "485387974236"
            },
            "cumulative_cardinality": 46917807,
            "operator_type": "PROJECTION",
            "operator_cardinality": 2601417,
            "cumulative_rows_scanned": 21705035,
            "operator_rows_scanned": 0,
            "operator_timing": 0.000899002,
            "result_set_size": 150882186,
            "children": [
                {
                    "operator_name": "ORDER_BY",
                    "cpu_time": 1.7192003779999998,
                    "extra_info": {
                        "Order By": [
                            "PCT.TotalPosts DESC",
                            "US.Reputation DESC"
                        ]
                    },
                    "cumulative_cardinality": 44316390,
                    "operator_type": "ORDER_BY",
                    "operator_cardinality": 2601417,
                    "cumulative_rows_scanned": 21705035,
                    "operator_rows_scanned": 0,
                    "operator_timing": 0.12430511200000019,
                    "result_set_size": 148280769,
                    "children": [
                        {
                            "operator_name": "PROJECTION",
                            "cpu_time": 1.5948952659999995,
                            "extra_info": {
                                "Projections": [
                                    "__internal_compress_integral_utinyint(#0, 1)",
                                    "#1",
                                    "#2",
                                    "#3",
                                    "#4",
                                    "#5",
                                    "#6"
                                ],
                                "Estimated Cardinality": "485387974236"
                            },
                            "cumulative_cardinality": 41714973,
                            "operator_type": "PROJECTION",
                            "operator_cardinality": 2601417,
                            "cumulative_rows_scanned": 21705035,
                            "operator_rows_scanned": 0,
                            "operator_timing": 0.0007076740000000013,
                            "result_set_size": 148280769,
                            "children": [
                                {
                                    "operator_name": "CROSS_PRODUCT",
                                    "cpu_time": 1.5941875919999995,
                                    "extra_info": {},
                                    "cumulative_cardinality": 39113556,
                                    "operator_type": "CROSS_PRODUCT",
                                    "operator_cardinality": 2601417,
                                    "cumulative_rows_scanned": 21705035,
                                    "operator_rows_scanned": 0,
                                    "operator_timing": 0.003968977000000002,
                                    "result_set_size": 150882186,
                                    "children": [
                                        {
                                            "operator_name": "PROJECTION",
                                            "cpu_time": 0.07415561299999994,
                                            "extra_info": {
                                                "Projections": [
                                                    "__internal_decompress_integral_smallint(#0, 1)",
                                                    "#1",
                                                    "#2"
                                                ],
                                                "Estimated Cardinality": "1925058"
                                            },
                                            "cumulative_cardinality": 11550362,
                                            "operator_type": "PROJECTION",
                                            "operator_cardinality": 7,
                                            "cumulative_rows_scanned": 3850116,
                                            "operator_rows_scanned": 0,
                                            "operator_timing": 0.000001473,
                                            "result_set_size": 182,
                                            "children": [
                                                {
                                                    "operator_name": "PERFECT_HASH_GROUP_BY",
                                                    "cpu_time": 0.07415413999999994,
                                                    "extra_info": {
                                                        "Groups": "#0",
                                                        "Aggregates": [
                                                            "count_star()",
                                                            "sum(#1)"
                                                        ]
                                                    },
                                                    "cumulative_cardinality": 11550355,
                                                    "operator_type": "PERFECT_HASH_GROUP_BY",
                                                    "operator_cardinality": 7,
                                                    "cumulative_rows_scanned": 3850116,
                                                    "operator_rows_scanned": 0,
                                                    "operator_timing": 0.023455709999999973,
                                                    "result_set_size": 175,
                                                    "children": [
                                                        {
                                                            "operator_name": "PROJECTION",
                                                            "cpu_time": 0.05069842999999997,
                                                            "extra_info": {
                                                                "Projections": [
                                                                    "posttypeid",
                                                                    "CASE  WHEN ((acceptedanswerid IS NOT NULL)) THEN (1) ELSE 0 END"
                                                                ],
                                                                "Estimated Cardinality": "3850116"
                                                            },
                                                            "cumulative_cardinality": 11550348,
                                                            "operator_type": "PROJECTION",
                                                            "operator_cardinality": 3850116,
                                                            "cumulative_rows_scanned": 3850116,
                                                            "operator_rows_scanned": 0,
                                                            "operator_timing": 0.014556441000000015,
                                                            "result_set_size": 19250580,
                                                            "children": [
                                                                {
                                                                    "operator_name": "PROJECTION",
                                                                    "cpu_time": 0.03614198899999995,
                                                                    "extra_info": {
                                                                        "Projections": [
                                                                            "__internal_compress_integral_utinyint(#0, 1)",
                                                                            "#1"
                                                                        ],
                                                                        "Estimated Cardinality": "3850116"
                                                                    },
                                                                    "cumulative_cardinality": 7700232,
                                                                    "operator_type": "PROJECTION",
                                                                    "operator_cardinality": 3850116,
                                                                    "cumulative_rows_scanned": 3850116,
                                                                    "operator_rows_scanned": 0,
                                                                    "operator_timing": 0.0008782830000000094,
                                                                    "result_set_size": 19250580,
                                                                    "children": [
                                                                        {
                                                                            "operator_name": "READ_PARQUET ",
                                                                            "cpu_time": 0.03526370599999994,
                                                                            "extra_info": {
                                                                                "Function": "READ_PARQUET",
                                                                                "Projections": [
                                                                                    "posttypeid",
                                                                                    "acceptedanswerid"
                                                                                ],
                                                                                "Estimated Cardinality": "3850116"
                                                                            },
                                                                            "cumulative_cardinality": 3850116,
                                                                            "operator_type": "TABLE_SCAN",
                                                                            "operator_cardinality": 3850116,
                                                                            "cumulative_rows_scanned": 3850116,
                                                                            "operator_rows_scanned": 3850116,
                                                                            "operator_timing": 0.03526370599999994,
                                                                            "result_set_size": 23100696,
                                                                            "children": []
                                                                        }
                                                                    ]
                                                                }
                                                            ]
                                                        }
                                                    ]
                                                }
                                            ]
                                        },
                                        {
                                            "operator_name": "FILTER",
                                            "cpu_time": 1.5160630019999997,
                                            "extra_info": {
                                                "Expression": "(PostsCount > 0)",
                                                "Estimated Cardinality": "252142"
                                            },
                                            "cumulative_cardinality": 24961777,
                                            "operator_type": "FILTER",
                                            "operator_cardinality": 371631,
                                            "cumulative_rows_scanned": 17854919,
                                            "operator_rows_scanned": 0,
                                            "operator_timing": 0.0016433329999999983,
                                            "result_set_size": 11892192,
                                            "children": [
                                                {
                                                    "operator_name": "HASH_GROUP_BY",
                                                    "cpu_time": 1.5144196689999996,
                                                    "extra_info": {
                                                        "Groups": [
                                                            "#0",
                                                            "#1"
                                                        ],
                                                        "Aggregates": [
                                                            "count(DISTINCT #2)",
                                                            "sum(#3)"
                                                        ],
                                                        "Estimated Cardinality": "1260710"
                                                    },
                                                    "cumulative_cardinality": 24590146,
                                                    "operator_type": "HASH_GROUP_BY",
                                                    "operator_cardinality": 1260710,
                                                    "cumulative_rows_scanned": 17854919,
                                                    "operator_rows_scanned": 0,
                                                    "operator_timing": 0.8940275599999999,
                                                    "result_set_size": 40342720,
                                                    "children": [
                                                        {
                                                            "operator_name": "PROJECTION",
                                                            "cpu_time": 0.6203921089999996,
                                                            "extra_info": {
                                                                "Projections": [
                                                                    "id",
                                                                    "reputation",
                                                                    "id",
                                                                    "bountyamount"
                                                                ],
                                                                "Estimated Cardinality": "3850116"
                                                            },
                                                            "cumulative_cardinality": 23329436,
                                                            "operator_type": "PROJECTION",
                                                            "operator_cardinality": 4576203,
                                                            "cumulative_rows_scanned": 17854919,
                                                            "operator_rows_scanned": 0,
                                                            "operator_timing": 0.0007607950000000027,
                                                            "result_set_size": 73219248,
                                                            "children": [
                                                                {
                                                                    "operator_name": "PROJECTION",
                                                                    "cpu_time": 0.6196313139999996,
                                                                    "extra_info": {
                                                                        "Projections": [
                                                                            "#0",
                                                                            "#1",
                                                                            "#2",
                                                                            "__internal_decompress_integral_integer(#3, 0)"
                                                                        ],
                                                                        "Estimated Cardinality": "3850116"
                                                                    },
                                                                    "cumulative_cardinality": 18753233,
                                                                    "operator_type": "PROJECTION",
                                                                    "operator_cardinality": 4576203,
                                                                    "cumulative_rows_scanned": 17854919,
                                                                    "operator_rows_scanned": 0,
                                                                    "operator_timing": 0.0018850180000000005,
                                                                    "result_set_size": 73219248,
                                                                    "children": [
                                                                        {
                                                                            "operator_name": "HASH_JOIN",
                                                                            "cpu_time": 0.6177462959999996,
                                                                            "extra_info": {
                                                                                "Join Type": "LEFT",
                                                                                "Conditions": "id = postid",
                                                                                "Estimated Cardinality": "3850116"
                                                                            },
                                                                            "cumulative_cardinality": 14177030,
                                                                            "operator_type": "HASH_JOIN",
                                                                            "operator_cardinality": 4576203,
                                                                            "cumulative_rows_scanned": 17854919,
                                                                            "operator_rows_scanned": 0,
                                                                            "operator_timing": 0.08393211700000025,
                                                                            "result_set_size": 64066842,
                                                                            "children": [
                                                                                {
                                                                                    "operator_name": "HASH_JOIN",
                                                                                    "cpu_time": 0.3431645969999996,
                                                                                    "extra_info": {
                                                                                        "Join Type": "RIGHT",
                                                                                        "Conditions": "owneruserid = id",
                                                                                        "Estimated Cardinality": "3850116"
                                                                                    },
                                                                                    "cumulative_cardinality": 9520621,
                                                                                    "operator_type": "HASH_JOIN",
                                                                                    "operator_cardinality": 4574495,
                                                                                    "cumulative_rows_scanned": 5110826,
                                                                                    "operator_rows_scanned": 0,
                                                                                    "operator_timing": 0.23316957799999968,
                                                                                    "result_set_size": 54893940,
                                                                                    "children": [
                                                                                        {
                                                                                            "operator_name": "READ_PARQUET ",
                                                                                            "cpu_time": 0.09645373499999996,
                                                                                            "extra_info": {
                                                                                                "Function": "READ_PARQUET",
                                                                                                "Projections": [
                                                                                                    "id",
                                                                                                    "owneruserid"
                                                                                                ],
                                                                                                "Estimated Cardinality": "3850116"
                                                                                            },
                                                                                            "cumulative_cardinality": 3685416,
                                                                                            "operator_type": "TABLE_SCAN",
                                                                                            "operator_cardinality": 3685416,
                                                                                            "cumulative_rows_scanned": 3850116,
                                                                                            "operator_rows_scanned": 3850116,
                                                                                            "operator_timing": 0.09645373499999996,
                                                                                            "result_set_size": 29483328,
                                                                                            "children": []
                                                                                        },
                                                                                        {
                                                                                            "operator_name": "READ_PARQUET ",
                                                                                            "cpu_time": 0.013541284000000006,
                                                                                            "extra_info": {
                                                                                                "Function": "READ_PARQUET",
                                                                                                "Projections": [
                                                                                                    "id",
                                                                                                    "reputation"
                                                                                                ],
                                                                                                "Estimated Cardinality": "1260710"
                                                                                            },
                                                                                            "cumulative_cardinality": 1260710,
                                                                                            "operator_type": "TABLE_SCAN",
                                                                                            "operator_cardinality": 1260710,
                                                                                            "cumulative_rows_scanned": 1260710,
                                                                                            "operator_rows_scanned": 1260710,
                                                                                            "operator_timing": 0.013541284000000006,
                                                                                            "result_set_size": 10085680,
                                                                                            "children": []
                                                                                        }
                                                                                    ]
                                                                                },
                                                                                {
                                                                                    "operator_name": "PROJECTION",
                                                                                    "cpu_time": 0.19064958199999976,
                                                                                    "extra_info": {
                                                                                        "Projections": [
                                                                                            "#0",
                                                                                            "__internal_compress_integral_usmallint(#1, 0)"
                                                                                        ],
                                                                                        "Estimated Cardinality": "2548818"
                                                                                    },
                                                                                    "cumulative_cardinality": 80206,
                                                                                    "operator_type": "PROJECTION",
                                                                                    "operator_cardinality": 40103,
                                                                                    "cumulative_rows_scanned": 12744093,
                                                                                    "operator_rows_scanned": 0,
                                                                                    "operator_timing": 0.0027641330000000024,
                                                                                    "result_set_size": 240618,
                                                                                    "children": [
                                                                                        {
                                                                                            "operator_name": "READ_PARQUET ",
                                                                                            "cpu_time": 0.18788544899999976,
                                                                                            "extra_info": {
                                                                                                "Function": "READ_PARQUET",
                                                                                                "Projections": [
                                                                                                    "postid",
                                                                                                    "bountyamount"
                                                                                                ],
                                                                                                "Filters": "votetypeid=8",
                                                                                                "Estimated Cardinality": "2548818"
                                                                                            },
                                                                                            "cumulative_cardinality": 40103,
                                                                                            "operator_type": "TABLE_SCAN",
                                                                                            "operator_cardinality": 40103,
                                                                                            "cumulative_rows_scanned": 12744093,
                                                                                            "operator_rows_scanned": 12744093,
                                                                                            "operator_timing": 0.18788544899999976,
                                                                                            "result_set_size": 320824,
                                                                                            "children": []
                                                                                        }
                                                                                    ]
                                                                                }
                                                                            ]
                                                                        }
                                                                    ]
                                                                }
                                                            ]
                                                        }
                                                    ]
                                                }
                                            ]
                                        }
                                    ]
                                }
                            ]
                        }
                    ]
                }
            ]
        }
    ]
}