{
    "rows_returned": 1,
    "query_name": "\nWITH PostStatistics AS (\n    SELECT \n        p.Id AS PostId,\n        p.Title,\n        COUNT(c.Id) AS TotalComments,\n        COALESCE(SUM(CASE WHEN v.VoteTypeId = 2 THEN 1 ELSE 0 END), 0) AS TotalUpVotes,\n        COALESCE(SUM(CASE WHEN v.VoteTypeId = 3 THEN 1 ELSE 0 END), 0) AS TotalDownVotes,\n        COUNT(DISTINCT b.Id) AS TotalBadges,\n        COUNT(DISTINCT pl.RelatedPostId) AS TotalLinks\n    FROM \n        Posts p\n    LEFT JOIN \n        Comments c ON p.Id = c.PostId\n    LEFT JOIN \n        Votes v ON p.Id = v.PostId\n    LEFT JOIN \n        Badges b ON p.OwnerUserId = b.UserId\n    LEFT JOIN \n        PostLinks pl ON p.Id = pl.PostId\n    WHERE \n        p.CreationDate >= TIMESTAMP '2024-10-01 12:34:56' - INTERVAL '1 year'  \n    GROUP BY \n        p.Id, p.Title\n),\nAggregatedStatistics AS (\n    SELECT \n        COUNT(*) AS TotalPosts,\n        SUM(TotalComments) AS PostComments,\n        SUM(TotalUpVotes) AS Upvotes,\n        SUM(TotalDownVotes) AS Downvotes,\n        AVG(TotalLinks) AS AverageLinks\n    FROM \n        PostStatistics\n)\n\nSELECT \n    TotalPosts,\n    PostComments,\n    Upvotes,\n    Downvotes,\n    AverageLinks\nFROM \n    AggregatedStatistics;\n",
    "blocked_thread_time": 0.0,
    "cpu_time": 8.564420767999982,
    "extra_info": {},
    "cumulative_cardinality": 336311757,
    "cumulative_rows_scanned": 26570746,
    "result_set_size": 64,
    "latency": 10.357014736,
    "children": [
        {
            "operator_name": "UNGROUPED_AGGREGATE",
            "cpu_time": 8.564420767999982,
            "extra_info": {
                "Aggregates": [
                    "count_star()",
                    "sum(#0)",
                    "sum(#1)",
                    "sum(#2)",
                    "avg(#3)"
                ]
            },
            "cumulative_cardinality": 336311757,
            "operator_type": "UNGROUPED_AGGREGATE",
            "operator_cardinality": 1,
            "cumulative_rows_scanned": 26570746,
            "operator_rows_scanned": 0,
            "operator_timing": 0.003110699999999999,
            "result_set_size": 64,
            "children": [
                {
                    "operator_name": "PROJECTION",
                    "cpu_time": 8.561310067999981,
                    "extra_info": {
                        "Projections": [
                            "TotalComments",
                            "TotalUpVotes",
                            "TotalDownVotes",
                            "TotalLinks"
                        ],
                        "Estimated Cardinality": "3850116"
                    },
                    "cumulative_cardinality": 336311756,
                    "operator_type": "PROJECTION",
                    "operator_cardinality": 145542,
                    "cumulative_rows_scanned": 26570746,
                    "operator_rows_scanned": 0,
                    "operator_timing": 0.000016081,
                    "result_set_size": 6986016,
                    "children": [
                        {
                            "operator_name": "PROJECTION",
                            "cpu_time": 8.561293986999981,
                            "extra_info": {
                                "Projections": [
                                    "TotalComments",
                                    "TotalUpVotes",
                                    "TotalDownVotes",
                                    "TotalLinks"
                                ],
                                "Estimated Cardinality": "3850116"
                            },
                            "cumulative_cardinality": 336166214,
                            "operator_type": "PROJECTION",
                            "operator_cardinality": 145542,
                            "cumulative_rows_scanned": 26570746,
                            "operator_rows_scanned": 0,
                            "operator_timing": 0.0019019830000000003,
                            "result_set_size": 6986016,
                            "children": [
                                {
                                    "operator_name": "HASH_GROUP_BY",
                                    "cpu_time": 8.559392003999982,
                                    "extra_info": {
                                        "Groups": [
                                            "#0",
                                            "#1"
                                        ],
                                        "Aggregates": [
                                            "count(#2)",
                                            "sum(#3)",
                                            "sum(#4)",
                                            "count(DISTINCT #5)"
                                        ],
                                        "Estimated Cardinality": "3850116"
                                    },
                                    "cumulative_cardinality": 336020672,
                                    "operator_type": "HASH_GROUP_BY",
                                    "operator_cardinality": 145542,
                                    "cumulative_rows_scanned": 26570746,
                                    "operator_rows_scanned": 0,
                                    "operator_timing": 5.452668329999945,
                                    "result_set_size": 9896856,
                                    "children": [
                                        {
                                            "operator_name": "PROJECTION",
                                            "cpu_time": 3.1067236740000377,
                                            "extra_info": {
                                                "Projections": [
                                                    "id",
                                                    "title",
                                                    "id",
                                                    "CASE  WHEN ((votetypeid = 2)) THEN (1) ELSE 0 END",
                                                    "CASE  WHEN ((votetypeid = 3)) THEN (1) ELSE 0 END",
                                                    "relatedpostid"
                                                ],
                                                "Estimated Cardinality": "12744093"
                                            },
                                            "cumulative_cardinality": 335875130,
                                            "operator_type": "PROJECTION",
                                            "operator_cardinality": 113414115,
                                            "cumulative_rows_scanned": 26570746,
                                            "operator_rows_scanned": 0,
                                            "operator_timing": 0.61597507899999,
                                            "result_set_size": 4082908140,
                                            "children": [
                                                {
                                                    "operator_name": "HASH_JOIN",
                                                    "cpu_time": 2.490748595000048,
                                                    "extra_info": {
                                                        "Join Type": "LEFT",
                                                        "Conditions": "id = postid",
                                                        "Estimated Cardinality": "12744093"
                                                    },
                                                    "cumulative_cardinality": 222461015,
                                                    "operator_type": "HASH_JOIN",
                                                    "operator_cardinality": 113414115,
                                                    "cumulative_rows_scanned": 26570746,
                                                    "operator_rows_scanned": 0,
                                                    "operator_timing": 1.1573645380000526,
                                                    "result_set_size": 3402423450,
                                                    "children": [
                                                        {
                                                            "operator_name": "HASH_JOIN",
                                                            "cpu_time": 1.1382985949999953,
                                                            "extra_info": {
                                                                "Join Type": "LEFT",
                                                                "Conditions": "owneruserid = userid",
                                                                "Estimated Cardinality": "12744093"
                                                            },
                                                            "cumulative_cardinality": 108633909,
                                                            "operator_type": "HASH_JOIN",
                                                            "operator_cardinality": 104133083,
                                                            "cumulative_rows_scanned": 26157755,
                                                            "operator_rows_scanned": 0,
                                                            "operator_timing": 0.9511328009999953,
                                                            "result_set_size": 3123992490,
                                                            "children": [
                                                                {
                                                                    "operator_name": "HASH_JOIN",
                                                                    "cpu_time": 0.17467734000000001,
                                                                    "extra_info": {
                                                                        "Join Type": "RIGHT",
                                                                        "Conditions": "postid = id",
                                                                        "Estimated Cardinality": "12744093"
                                                                    },
                                                                    "cumulative_cardinality": 2179102,
                                                                    "operator_type": "HASH_JOIN",
                                                                    "operator_cardinality": 954760,
                                                                    "cumulative_rows_scanned": 23836031,
                                                                    "operator_rows_scanned": 0,
                                                                    "operator_timing": 0.055660017000000006,
                                                                    "result_set_size": 28642800,
                                                                    "children": [
                                                                        {
                                                                            "operator_name": "READ_PARQUET ",
                                                                            "cpu_time": 0.018644822000000005,
                                                                            "extra_info": {
                                                                                "Function": "READ_PARQUET",
                                                                                "Projections": [
                                                                                    "postid",
                                                                                    "votetypeid"
                                                                                ],
                                                                                "Estimated Cardinality": "12744093"
                                                                            },
                                                                            "cumulative_cardinality": 442526,
                                                                            "operator_type": "TABLE_SCAN",
                                                                            "operator_cardinality": 442526,
                                                                            "cumulative_rows_scanned": 12744093,
                                                                            "operator_rows_scanned": 12744093,
                                                                            "operator_timing": 0.018644822000000005,
                                                                            "result_set_size": 2655156,
                                                                            "children": []
                                                                        },
                                                                        {
                                                                            "operator_name": "HASH_JOIN",
                                                                            "cpu_time": 0.100372501,
                                                                            "extra_info": {
                                                                                "Join Type": "RIGHT",
                                                                                "Conditions": "postid = id",
                                                                                "Estimated Cardinality": "7241822"
                                                                            },
                                                                            "cumulative_cardinality": 781816,
                                                                            "operator_type": "HASH_JOIN",
                                                                            "operator_cardinality": 349210,
                                                                            "cumulative_rows_scanned": 11091938,
                                                                            "operator_rows_scanned": 0,
                                                                            "operator_timing": 0.019575256999999995,
                                                                            "result_set_size": 9777880,
                                                                            "children": [
                                                                                {
                                                                                    "operator_name": "READ_PARQUET ",
                                                                                    "cpu_time": 0.013116329999999994,
                                                                                    "extra_info": {
                                                                                        "Function": "READ_PARQUET",
                                                                                        "Projections": [
                                                                                            "id",
                                                                                            "postid"
                                                                                        ],
                                                                                        "Estimated Cardinality": "7241822"
                                                                                    },
                                                                                    "cumulative_cardinality": 287064,
                                                                                    "operator_type": "TABLE_SCAN",
                                                                                    "operator_cardinality": 287064,
                                                                                    "cumulative_rows_scanned": 7241822,
                                                                                    "operator_rows_scanned": 7241822,
                                                                                    "operator_timing": 0.013116329999999994,
                                                                                    "result_set_size": 2296512,
                                                                                    "children": []
                                                                                },
                                                                                {
                                                                                    "operator_name": "READ_PARQUET ",
                                                                                    "cpu_time": 0.06768091400000001,
                                                                                    "extra_info": {
                                                                                        "Function": "READ_PARQUET",
                                                                                        "Projections": [
                                                                                            "id",
                                                                                            "owneruserid",
                                                                                            "title"
                                                                                        ],
                                                                                        "Filters": "creationdate>='2023-10-01 12:34:56'::TIMESTAMP",
                                                                                        "Estimated Cardinality": "770023"
                                                                                    },
                                                                                    "cumulative_cardinality": 145542,
                                                                                    "operator_type": "TABLE_SCAN",
                                                                                    "operator_cardinality": 145542,
                                                                                    "cumulative_rows_scanned": 3850116,
                                                                                    "operator_rows_scanned": 3850116,
                                                                                    "operator_timing": 0.06768091400000001,
                                                                                    "result_set_size": 3493008,
                                                                                    "children": []
                                                                                }
                                                                            ]
                                                                        }
                                                                    ]
                                                                },
                                                                {
                                                                    "operator_name": "READ_PARQUET ",
                                                                    "cpu_time": 0.012488454000000008,
                                                                    "extra_info": {
                                                                        "Function": "READ_PARQUET",
                                                                        "Projections": "userid",
                                                                        "Estimated Cardinality": "2321724"
                                                                    },
                                                                    "cumulative_cardinality": 2321724,
                                                                    "operator_type": "TABLE_SCAN",
                                                                    "operator_cardinality": 2321724,
                                                                    "cumulative_rows_scanned": 2321724,
                                                                    "operator_rows_scanned": 2321724,
                                                                    "operator_timing": 0.012488454000000008,
                                                                    "result_set_size": 9286896,
                                                                    "children": []
                                                                }
                                                            ]
                                                        },
                                                        {
                                                            "operator_name": "READ_PARQUET ",
                                                            "cpu_time": 0.19508546200000004,
                                                            "extra_info": {
                                                                "Function": "READ_PARQUET",
                                                                "Projections": [
                                                                    "postid",
                                                                    "relatedpostid"
                                                                ],
                                                                "Estimated Cardinality": "412991"
                                                            },
                                                            "cumulative_cardinality": 412991,
                                                            "operator_type": "TABLE_SCAN",
                                                            "operator_cardinality": 412991,
                                                            "cumulative_rows_scanned": 412991,
                                                            "operator_rows_scanned": 412991,
                                                            "operator_timing": 0.19508546200000004,
                                                            "result_set_size": 3303928,
                                                            "children": []
                                                        }
                                                    ]
                                                }
                                            ]
                                        }
                                    ]
                                }
                            ]
                        }
                    ]
                }
            ]
        }
    ]
}