{
    "rows_returned": 1260710,
    "query_name": "WITH UserPostStats AS (\n    SELECT \n        U.Id AS UserId,\n        U.DisplayName,\n        U.Reputation,\n        COUNT(DISTINCT P.Id) AS TotalPosts,\n        COUNT(DISTINCT CASE WHEN P.PostTypeId = 1 THEN P.Id END) AS TotalQuestions,\n        COUNT(DISTINCT CASE WHEN P.PostTypeId = 2 THEN P.Id END) AS TotalAnswers,\n        SUM(COALESCE(P.Score, 0)) AS TotalScore,\n        SUM(COALESCE(P.ViewCount, 0)) AS TotalViews,\n        SUM(CASE WHEN V.VoteTypeId = 2 THEN 1 ELSE 0 END) AS TotalUpVotes,\n        SUM(CASE WHEN V.VoteTypeId = 3 THEN 1 ELSE 0 END) AS TotalDownVotes\n    FROM Users U\n    LEFT JOIN Posts P ON U.Id = P.OwnerUserId\n    LEFT JOIN Votes V ON P.Id = V.PostId\n    GROUP BY U.Id, U.DisplayName, U.Reputation\n)\nSELECT \n    UserId,\n    DisplayName,\n    Reputation,\n    TotalPosts,\n    TotalQuestions,\n    TotalAnswers,\n    TotalScore,\n    TotalViews,\n    TotalUpVotes,\n    TotalDownVotes\nFROM UserPostStats\nORDER BY TotalScore DESC, TotalPosts DESC;",
    "blocked_thread_time": 0.0,
    "cpu_time": 5.419213251000002,
    "extra_info": {},
    "cumulative_cardinality": 64580104,
    "cumulative_rows_scanned": 17854919,
    "result_set_size": 141199520,
    "latency": 15.114085974,
    "children": [
        {
            "operator_name": "ORDER_BY",
            "cpu_time": 5.419213251000002,
            "extra_info": {
                "Order By": [
                    "UserPostStats.TotalScore DESC",
                    "UserPostStats.TotalPosts DESC"
                ]
            },
            "cumulative_cardinality": 64580104,
            "operator_type": "ORDER_BY",
            "operator_cardinality": 1260710,
            "cumulative_rows_scanned": 17854919,
            "operator_rows_scanned": 0,
            "operator_timing": 0.10722532899999998,
            "result_set_size": 141199520,
            "children": [
                {
                    "operator_name": "HASH_GROUP_BY",
                    "cpu_time": 5.311987922000002,
                    "extra_info": {
                        "Groups": [
                            "#0",
                            "#1",
                            "#2"
                        ],
                        "Aggregates": [
                            "count(DISTINCT #3)",
                            "count(DISTINCT #4)",
                            "count(DISTINCT #5)",
                            "sum(#6)",
                            "sum(#7)",
                            "sum(#8)",
                            "sum(#9)"
                        ],
                        "Estimated Cardinality": "1260710"
                    },
                    "cumulative_cardinality": 63319394,
                    "operator_type": "HASH_GROUP_BY",
                    "operator_cardinality": 1260710,
                    "cumulative_rows_scanned": 17854919,
                    "operator_rows_scanned": 0,
                    "operator_timing": 3.400503534000001,
                    "result_set_size": 141199520,
                    "children": [
                        {
                            "operator_name": "PROJECTION",
                            "cpu_time": 1.9114843880000012,
                            "extra_info": {
                                "Projections": [
                                    "id",
                                    "displayname",
                                    "reputation",
                                    "id",
                                    "CASE  WHEN ((posttypeid = 1)) THEN (id) ELSE NULL END",
                                    "CASE  WHEN ((posttypeid = 2)) THEN (id) ELSE NULL END",
                                    "COALESCE(score, 0)",
                                    "COALESCE(viewcount, 0)",
                                    "CASE  WHEN ((votetypeid = 2)) THEN (1) ELSE 0 END",
                                    "CASE  WHEN ((votetypeid = 3)) THEN (1) ELSE 0 END"
                                ],
                                "Estimated Cardinality": "12744093"
                            },
                            "cumulative_cardinality": 62058684,
                            "operator_type": "PROJECTION",
                            "operator_cardinality": 11739825,
                            "cumulative_rows_scanned": 17854919,
                            "operator_rows_scanned": 0,
                            "operator_timing": 0.28334584800000007,
                            "result_set_size": 610470900,
                            "children": [
                                {
                                    "operator_name": "PROJECTION",
                                    "cpu_time": 1.628138540000001,
                                    "extra_info": {
                                        "Projections": [
                                            "#0",
                                            "#1",
                                            "__internal_decompress_integral_smallint(#2, 1)",
                                            "__internal_decompress_integral_integer(#3, -72)",
                                            "#4",
                                            "#5",
                                            "#6",
                                            "#7"
                                        ],
                                        "Estimated Cardinality": "12744093"
                                    },
                                    "cumulative_cardinality": 50318859,
                                    "operator_type": "PROJECTION",
                                    "operator_cardinality": 11739825,
                                    "cumulative_rows_scanned": 17854919,
                                    "operator_rows_scanned": 0,
                                    "operator_timing": 0.010544752000000148,
                                    "result_set_size": 469593000,
                                    "children": [
                                        {
                                            "operator_name": "HASH_JOIN",
                                            "cpu_time": 1.6175937880000009,
                                            "extra_info": {
                                                "Join Type": "RIGHT",
                                                "Conditions": "postid = id",
                                                "Estimated Cardinality": "12744093"
                                            },
                                            "cumulative_cardinality": 38579034,
                                            "operator_type": "HASH_JOIN",
                                            "operator_cardinality": 11739825,
                                            "cumulative_rows_scanned": 17854919,
                                            "operator_rows_scanned": 0,
                                            "operator_timing": 0.8871624990000004,
                                            "result_set_size": 434373525,
                                            "children": [
                                                {
                                                    "operator_name": "READ_PARQUET ",
                                                    "cpu_time": 0.22729136200000039,
                                                    "extra_info": {
                                                        "Function": "READ_PARQUET",
                                                        "Projections": [
                                                            "postid",
                                                            "votetypeid"
                                                        ],
                                                        "Estimated Cardinality": "12744093"
                                                    },
                                                    "cumulative_cardinality": 12744093,
                                                    "operator_type": "TABLE_SCAN",
                                                    "operator_cardinality": 12744093,
                                                    "cumulative_rows_scanned": 12744093,
                                                    "operator_rows_scanned": 12744093,
                                                    "operator_timing": 0.22729136200000039,
                                                    "result_set_size": 76464558,
                                                    "children": []
                                                },
                                                {
                                                    "operator_name": "PROJECTION",
                                                    "cpu_time": 0.5031399270000001,
                                                    "extra_info": {
                                                        "Projections": [
                                                            "#0",
                                                            "__internal_compress_integral_utinyint(#1, 1)",
                                                            "__internal_compress_integral_usmallint(#2, -72)",
                                                            "#3",
                                                            "#4",
                                                            "#5",
                                                            "#6"
                                                        ],
                                                        "Estimated Cardinality": "3850116"
                                                    },
                                                    "cumulative_cardinality": 14095116,
                                                    "operator_type": "PROJECTION",
                                                    "operator_cardinality": 4574495,
                                                    "cumulative_rows_scanned": 5110826,
                                                    "operator_rows_scanned": 0,
                                                    "operator_timing": 0.0039188320000000006,
                                                    "result_set_size": 160107325,
                                                    "children": [
                                                        {
                                                            "operator_name": "HASH_JOIN",
                                                            "cpu_time": 0.49922109500000006,
                                                            "extra_info": {
                                                                "Join Type": "RIGHT",
                                                                "Conditions": "owneruserid = id",
                                                                "Estimated Cardinality": "3850116"
                                                            },
                                                            "cumulative_cardinality": 9520621,
                                                            "operator_type": "HASH_JOIN",
                                                            "operator_cardinality": 4574495,
                                                            "cumulative_rows_scanned": 5110826,
                                                            "operator_rows_scanned": 0,
                                                            "operator_timing": 0.251069462,
                                                            "result_set_size": 173830810,
                                                            "children": [
                                                                {
                                                                    "operator_name": "READ_PARQUET ",
                                                                    "cpu_time": 0.163112821,
                                                                    "extra_info": {
                                                                        "Function": "READ_PARQUET",
                                                                        "Projections": [
                                                                            "id",
                                                                            "posttypeid",
                                                                            "score",
                                                                            "viewcount",
                                                                            "owneruserid"
                                                                        ],
                                                                        "Estimated Cardinality": "3850116"
                                                                    },
                                                                    "cumulative_cardinality": 3685416,
                                                                    "operator_type": "TABLE_SCAN",
                                                                    "operator_cardinality": 3685416,
                                                                    "cumulative_rows_scanned": 3850116,
                                                                    "operator_rows_scanned": 3850116,
                                                                    "operator_timing": 0.163112821,
                                                                    "result_set_size": 66337488,
                                                                    "children": []
                                                                },
                                                                {
                                                                    "operator_name": "READ_PARQUET ",
                                                                    "cpu_time": 0.08503881200000003,
                                                                    "extra_info": {
                                                                        "Function": "READ_PARQUET",
                                                                        "Projections": [
                                                                            "id",
                                                                            "reputation",
                                                                            "displayname"
                                                                        ],
                                                                        "Estimated Cardinality": "1260710"
                                                                    },
                                                                    "cumulative_cardinality": 1260710,
                                                                    "operator_type": "TABLE_SCAN",
                                                                    "operator_cardinality": 1260710,
                                                                    "cumulative_rows_scanned": 1260710,
                                                                    "operator_rows_scanned": 1260710,
                                                                    "operator_timing": 0.08503881200000003,
                                                                    "result_set_size": 30257040,
                                                                    "children": []
                                                                }
                                                            ]
                                                        }
                                                    ]
                                                }
                                            ]
                                        }
                                    ]
                                }
                            ]
                        }
                    ]
                }
            ]
        }
    ]
}