{
    "rows_returned": 8,
    "query_name": "WITH PostVoteSummary AS (\n    SELECT \n        p.PostTypeId,\n        COUNT(v.Id) AS TotalVotes,\n        COUNT(DISTINCT p.OwnerUserId) AS UniqueUsers,\n        SUM(u.Reputation) AS TotalReputation\n    FROM \n        Posts p\n    LEFT JOIN \n        Votes v ON p.Id = v.PostId\n    LEFT JOIN \n        Users u ON p.OwnerUserId = u.Id\n    GROUP BY \n        p.PostTypeId\n),\nPostCount AS (\n    SELECT \n        PostTypeId,\n        COUNT(*) AS PostCount\n    FROM \n        Posts\n    GROUP BY \n        PostTypeId\n)\nSELECT \n    pt.Id AS PostTypeId,\n    pt.Name AS PostTypeName,\n    COALESCE(pvs.TotalVotes, 0) AS TotalVotes,\n    COALESCE(pvs.UniqueUsers, 0) AS UniqueUsers,\n    COALESCE(pvs.TotalReputation, 0) AS TotalReputation,\n    COALESCE(pc.PostCount, 0) AS PostCount,\n    CASE \n        WHEN COALESCE(pc.PostCount, 0) > 0 THEN COALESCE(pvs.TotalVotes, 0) * 1.0 / pc.PostCount \n        ELSE 0 \n    END AS AvgVotesPerPost,\n    CASE \n        WHEN COALESCE(pvs.UniqueUsers, 0) > 0 THEN COALESCE(pvs.TotalReputation, 0) * 1.0 / pvs.UniqueUsers \n        ELSE 0 \n    END AS AvgReputationPerUser\nFROM \n    PostTypes pt\nLEFT JOIN \n    PostVoteSummary pvs ON pt.Id = pvs.PostTypeId\nLEFT JOIN \n    PostCount pc ON pt.Id = pc.PostTypeId\nORDER BY \n    pt.Id;",
    "blocked_thread_time": 0.0,
    "cpu_time": 1.911367315999997,
    "extra_info": {},
    "cumulative_cardinality": 90036520,
    "cumulative_rows_scanned": 21705043,
    "result_set_size": 592,
    "latency": 2.167256193,
    "children": [
        {
            "operator_name": "PROJECTION",
            "cpu_time": 1.911367315999997,
            "extra_info": {
                "Projections": [
                    "__internal_decompress_integral_smallint(#0, 1)",
                    "#1",
                    "#2",
                    "#3",
                    "#4",
                    "#5",
                    "#6",
                    "#7"
                ],
                "Estimated Cardinality": "3850116"
            },
            "cumulative_cardinality": 90036520,
            "operator_type": "PROJECTION",
            "operator_cardinality": 8,
            "cumulative_rows_scanned": 21705043,
            "operator_rows_scanned": 0,
            "operator_timing": 0.000002234,
            "result_set_size": 592,
            "children": [
                {
                    "operator_name": "ORDER_BY",
                    "cpu_time": 1.911365081999997,
                    "extra_info": {
                        "Order By": "pt.Id ASC"
                    },
                    "cumulative_cardinality": 90036512,
                    "operator_type": "ORDER_BY",
                    "operator_cardinality": 8,
                    "cumulative_rows_scanned": 21705043,
                    "operator_rows_scanned": 0,
                    "operator_timing": 0.000098934,
                    "result_set_size": 584,
                    "children": [
                        {
                            "operator_name": "PROJECTION",
                            "cpu_time": 1.911266147999997,
                            "extra_info": {
                                "Projections": [
                                    "__internal_compress_integral_utinyint(#0, 1)",
                                    "#1",
                                    "#2",
                                    "#3",
                                    "#4",
                                    "#5",
                                    "#6",
                                    "#7"
                                ],
                                "Estimated Cardinality": "3850116"
                            },
                            "cumulative_cardinality": 90036504,
                            "operator_type": "PROJECTION",
                            "operator_cardinality": 8,
                            "cumulative_rows_scanned": 21705043,
                            "operator_rows_scanned": 0,
                            "operator_timing": 0.0000015819999999999998,
                            "result_set_size": 584,
                            "children": [
                                {
                                    "operator_name": "PROJECTION",
                                    "cpu_time": 1.911264565999997,
                                    "extra_info": {
                                        "Projections": [
                                            "PostTypeId",
                                            "PostTypeName",
                                            "TotalVotes",
                                            "UniqueUsers",
                                            "TotalReputation",
                                            "PostCount",
                                            "AvgVotesPerPost",
                                            "AvgReputationPerUser"
                                        ],
                                        "Estimated Cardinality": "3850116"
                                    },
                                    "cumulative_cardinality": 90036496,
                                    "operator_type": "PROJECTION",
                                    "operator_cardinality": 8,
                                    "cumulative_rows_scanned": 21705043,
                                    "operator_rows_scanned": 0,
                                    "operator_timing": 0.000075091,
                                    "result_set_size": 592,
                                    "children": [
                                        {
                                            "operator_name": "PROJECTION",
                                            "cpu_time": 1.911189474999997,
                                            "extra_info": {
                                                "Projections": [
                                                    "#0",
                                                    "#1",
                                                    "#2",
                                                    "__internal_decompress_integral_smallint(#3, 1)",
                                                    "#4",
                                                    "#5"
                                                ],
                                                "Estimated Cardinality": "3850116"
                                            },
                                            "cumulative_cardinality": 90036488,
                                            "operator_type": "PROJECTION",
                                            "operator_cardinality": 8,
                                            "cumulative_rows_scanned": 21705043,
                                            "operator_rows_scanned": 0,
                                            "operator_timing": 0.0000013940000000000001,
                                            "result_set_size": 464,
                                            "children": [
                                                {
                                                    "operator_name": "HASH_JOIN",
                                                    "cpu_time": 1.9111880809999968,
                                                    "extra_info": {
                                                        "Join Type": "LEFT",
                                                        "Conditions": "id = posttypeid",
                                                        "Estimated Cardinality": "3850116"
                                                    },
                                                    "cumulative_cardinality": 90036480,
                                                    "operator_type": "HASH_JOIN",
                                                    "operator_cardinality": 8,
                                                    "cumulative_rows_scanned": 21705043,
                                                    "operator_rows_scanned": 0,
                                                    "operator_timing": 0.00016221400000000002,
                                                    "result_set_size": 456,
                                                    "children": [
                                                        {
                                                            "operator_name": "PROJECTION",
                                                            "cpu_time": 1.8796457129999968,
                                                            "extra_info": {
                                                                "Projections": [
                                                                    "#0",
                                                                    "#1",
                                                                    "#2",
                                                                    "__internal_compress_integral_utinyint(#3, 1)",
                                                                    "#4"
                                                                ],
                                                                "Estimated Cardinality": "3850116"
                                                            },
                                                            "cumulative_cardinality": 78486103,
                                                            "operator_type": "PROJECTION",
                                                            "operator_cardinality": 8,
                                                            "cumulative_rows_scanned": 17854927,
                                                            "operator_rows_scanned": 0,
                                                            "operator_timing": 0.000001983,
                                                            "result_set_size": 392,
                                                            "children": [
                                                                {
                                                                    "operator_name": "HASH_JOIN",
                                                                    "cpu_time": 1.8796437299999968,
                                                                    "extra_info": {
                                                                        "Join Type": "RIGHT",
                                                                        "Conditions": "posttypeid = id",
                                                                        "Estimated Cardinality": "3850116"
                                                                    },
                                                                    "cumulative_cardinality": 78486095,
                                                                    "operator_type": "HASH_JOIN",
                                                                    "operator_cardinality": 8,
                                                                    "cumulative_rows_scanned": 17854927,
                                                                    "operator_rows_scanned": 0,
                                                                    "operator_timing": 0.00038181399999999996,
                                                                    "result_set_size": 400,
                                                                    "children": [
                                                                        {
                                                                            "operator_name": "PROJECTION",
                                                                            "cpu_time": 1.8789595519999969,
                                                                            "extra_info": {
                                                                                "Projections": [
                                                                                    "__internal_decompress_integral_smallint(#0, 1)",
                                                                                    "#1",
                                                                                    "#2",
                                                                                    "#3"
                                                                                ],
                                                                                "Estimated Cardinality": "3850116"
                                                                            },
                                                                            "cumulative_cardinality": 78486079,
                                                                            "operator_type": "PROJECTION",
                                                                            "operator_cardinality": 7,
                                                                            "cumulative_rows_scanned": 17854919,
                                                                            "operator_rows_scanned": 0,
                                                                            "operator_timing": 0.000002966,
                                                                            "result_set_size": 238,
                                                                            "children": [
                                                                                {
                                                                                    "operator_name": "HASH_GROUP_BY",
                                                                                    "cpu_time": 1.8789565859999968,
                                                                                    "extra_info": {
                                                                                        "Groups": "#0",
                                                                                        "Aggregates": [
                                                                                            "count(#1)",
                                                                                            "count(DISTINCT #2)",
                                                                                            "sum(#3)"
                                                                                        ],
                                                                                        "Estimated Cardinality": "3850116"
                                                                                    },
                                                                                    "cumulative_cardinality": 78486072,
                                                                                    "operator_type": "HASH_GROUP_BY",
                                                                                    "operator_cardinality": 7,
                                                                                    "cumulative_rows_scanned": 17854919,
                                                                                    "operator_rows_scanned": 0,
                                                                                    "operator_timing": 0.40298961699999875,
                                                                                    "result_set_size": 231,
                                                                                    "children": [
                                                                                        {
                                                                                            "operator_name": "PROJECTION",
                                                                                            "cpu_time": 1.4759669689999981,
                                                                                            "extra_info": {
                                                                                                "Projections": [
                                                                                                    "posttypeid",
                                                                                                    "id",
                                                                                                    "owneruserid",
                                                                                                    "reputation"
                                                                                                ],
                                                                                                "Estimated Cardinality": "12744093"
                                                                                            },
                                                                                            "cumulative_cardinality": 78486065,
                                                                                            "operator_type": "PROJECTION",
                                                                                            "operator_cardinality": 11356206,
                                                                                            "cumulative_rows_scanned": 17854919,
                                                                                            "operator_rows_scanned": 0,
                                                                                            "operator_timing": 0.0029591969999998393,
                                                                                            "result_set_size": 147630678,
                                                                                            "children": [
                                                                                                {
                                                                                                    "operator_name": "PROJECTION",
                                                                                                    "cpu_time": 1.4730077719999983,
                                                                                                    "extra_info": {
                                                                                                        "Projections": [
                                                                                                            "#0",
                                                                                                            "__internal_compress_integral_utinyint(#1, 1)",
                                                                                                            "#2",
                                                                                                            "#3"
                                                                                                        ],
                                                                                                        "Estimated Cardinality": "12744093"
                                                                                                    },
                                                                                                    "cumulative_cardinality": 67129859,
                                                                                                    "operator_type": "PROJECTION",
                                                                                                    "operator_cardinality": 11356206,
                                                                                                    "cumulative_rows_scanned": 17854919,
                                                                                                    "operator_rows_scanned": 0,
                                                                                                    "operator_timing": 0.014223318000000337,
                                                                                                    "result_set_size": 147630678,
                                                                                                    "children": [
                                                                                                        {
                                                                                                            "operator_name": "HASH_JOIN",
                                                                                                            "cpu_time": 1.458784453999998,
                                                                                                            "extra_info": {
                                                                                                                "Join Type": "LEFT",
                                                                                                                "Conditions": "owneruserid = id",
                                                                                                                "Estimated Cardinality": "12744093"
                                                                                                            },
                                                                                                            "cumulative_cardinality": 55773653,
                                                                                                            "operator_type": "HASH_JOIN",
                                                                                                            "operator_cardinality": 11356206,
                                                                                                            "cumulative_rows_scanned": 17854919,
                                                                                                            "operator_rows_scanned": 0,
                                                                                                            "operator_timing": 0.4459325990000004,
                                                                                                            "result_set_size": 158986884,
                                                                                                            "children": [
                                                                                                                {
                                                                                                                    "operator_name": "PROJECTION",
                                                                                                                    "cpu_time": 0.9991533229999974,
                                                                                                                    "extra_info": {
                                                                                                                        "Projections": [
                                                                                                                            "#0",
                                                                                                                            "__internal_decompress_integral_smallint(#1, 1)",
                                                                                                                            "#2"
                                                                                                                        ],
                                                                                                                        "Estimated Cardinality": "12744093"
                                                                                                                    },
                                                                                                                    "cumulative_cardinality": 43156737,
                                                                                                                    "operator_type": "PROJECTION",
                                                                                                                    "operator_cardinality": 11356206,
                                                                                                                    "cumulative_rows_scanned": 16594209,
                                                                                                                    "operator_rows_scanned": 0,
                                                                                                                    "operator_timing": 0.0046348639999999885,
                                                                                                                    "result_set_size": 113562060,
                                                                                                                    "children": [
                                                                                                                        {
                                                                                                                            "operator_name": "HASH_JOIN",
                                                                                                                            "cpu_time": 0.9945184589999974,
                                                                                                                            "extra_info": {
                                                                                                                                "Join Type": "RIGHT",
                                                                                                                                "Conditions": "postid = id",
                                                                                                                                "Estimated Cardinality": "12744093"
                                                                                                                            },
                                                                                                                            "cumulative_cardinality": 31800531,
                                                                                                                            "operator_type": "HASH_JOIN",
                                                                                                                            "operator_cardinality": 11356206,
                                                                                                                            "cumulative_rows_scanned": 16594209,
                                                                                                                            "operator_rows_scanned": 0,
                                                                                                                            "operator_timing": 0.7203438099999987,
                                                                                                                            "result_set_size": 102205854,
                                                                                                                            "children": [
                                                                                                                                {
                                                                                                                                    "operator_name": "READ_PARQUET ",
                                                                                                                                    "cpu_time": 0.2175000079999986,
                                                                                                                                    "extra_info": {
                                                                                                                                        "Function": "READ_PARQUET",
                                                                                                                                        "Projections": [
                                                                                                                                            "id",
                                                                                                                                            "postid"
                                                                                                                                        ],
                                                                                                                                        "Estimated Cardinality": "12744093"
                                                                                                                                    },
                                                                                                                                    "cumulative_cardinality": 12744093,
                                                                                                                                    "operator_type": "TABLE_SCAN",
                                                                                                                                    "operator_cardinality": 12744093,
                                                                                                                                    "cumulative_rows_scanned": 12744093,
                                                                                                                                    "operator_rows_scanned": 12744093,
                                                                                                                                    "operator_timing": 0.2175000079999986,
                                                                                                                                    "result_set_size": 101952744,
                                                                                                                                    "children": []
                                                                                                                                },
                                                                                                                                {
                                                                                                                                    "operator_name": "PROJECTION",
                                                                                                                                    "cpu_time": 0.05667464100000004,
                                                                                                                                    "extra_info": {
                                                                                                                                        "Projections": [
                                                                                                                                            "#0",
                                                                                                                                            "__internal_compress_integral_utinyint(#1, 1)",
                                                                                                                                            "#2"
                                                                                                                                        ],
                                                                                                                                        "Estimated Cardinality": "3850116"
                                                                                                                                    },
                                                                                                                                    "cumulative_cardinality": 7700232,
                                                                                                                                    "operator_type": "PROJECTION",
                                                                                                                                    "operator_cardinality": 3850116,
                                                                                                                                    "cumulative_rows_scanned": 3850116,
                                                                                                                                    "operator_rows_scanned": 0,
                                                                                                                                    "operator_timing": 0.0010947799999999964,
                                                                                                                                    "result_set_size": 34651044,
                                                                                                                                    "children": [
                                                                                                                                        {
                                                                                                                                            "operator_name": "READ_PARQUET ",
                                                                                                                                            "cpu_time": 0.05557986100000004,
                                                                                                                                            "extra_info": {
                                                                                                                                                "Function": "READ_PARQUET",
                                                                                                                                                "Projections": [
                                                                                                                                                    "id",
                                                                                                                                                    "posttypeid",
                                                                                                                                                    "owneruserid"
                                                                                                                                                ],
                                                                                                                                                "Estimated Cardinality": "3850116"
                                                                                                                                            },
                                                                                                                                            "cumulative_cardinality": 3850116,
                                                                                                                                            "operator_type": "TABLE_SCAN",
                                                                                                                                            "operator_cardinality": 3850116,
                                                                                                                                            "cumulative_rows_scanned": 3850116,
                                                                                                                                            "operator_rows_scanned": 3850116,
                                                                                                                                            "operator_timing": 0.05557986100000004,
                                                                                                                                            "result_set_size": 38501160,
                                                                                                                                            "children": []
                                                                                                                                        }
                                                                                                                                    ]
                                                                                                                                }
                                                                                                                            ]
                                                                                                                        }
                                                                                                                    ]
                                                                                                                },
                                                                                                                {
                                                                                                                    "operator_name": "READ_PARQUET ",
                                                                                                                    "cpu_time": 0.013698531999999985,
                                                                                                                    "extra_info": {
                                                                                                                        "Function": "READ_PARQUET",
                                                                                                                        "Projections": [
                                                                                                                            "id",
                                                                                                                            "reputation"
                                                                                                                        ],
                                                                                                                        "Estimated Cardinality": "1260710"
                                                                                                                    },
                                                                                                                    "cumulative_cardinality": 1260710,
                                                                                                                    "operator_type": "TABLE_SCAN",
                                                                                                                    "operator_cardinality": 1260710,
                                                                                                                    "cumulative_rows_scanned": 1260710,
                                                                                                                    "operator_rows_scanned": 1260710,
                                                                                                                    "operator_timing": 0.013698531999999985,
                                                                                                                    "result_set_size": 10085680,
                                                                                                                    "children": []
                                                                                                                }
                                                                                                            ]
                                                                                                        }
                                                                                                    ]
                                                                                                }
                                                                                            ]
                                                                                        }
                                                                                    ]
                                                                                }
                                                                            ]
                                                                        },
                                                                        {
                                                                            "operator_name": "READ_PARQUET ",
                                                                            "cpu_time": 0.000302364,
                                                                            "extra_info": {
                                                                                "Function": "READ_PARQUET",
                                                                                "Projections": [
                                                                                    "id",
                                                                                    "name"
                                                                                ],
                                                                                "Estimated Cardinality": "8"
                                                                            },
                                                                            "cumulative_cardinality": 8,
                                                                            "operator_type": "TABLE_SCAN",
                                                                            "operator_cardinality": 8,
                                                                            "cumulative_rows_scanned": 8,
                                                                            "operator_rows_scanned": 8,
                                                                            "operator_timing": 0.000302364,
                                                                            "result_set_size": 144,
                                                                            "children": []
                                                                        }
                                                                    ]
                                                                }
                                                            ]
                                                        },
                                                        {
                                                            "operator_name": "PROJECTION",
                                                            "cpu_time": 0.031380153999999966,
                                                            "extra_info": {
                                                                "Projections": [
                                                                    "__internal_compress_integral_utinyint(#0, 1)",
                                                                    "#1"
                                                                ],
                                                                "Estimated Cardinality": "1925058"
                                                            },
                                                            "cumulative_cardinality": 11550369,
                                                            "operator_type": "PROJECTION",
                                                            "operator_cardinality": 7,
                                                            "cumulative_rows_scanned": 3850116,
                                                            "operator_rows_scanned": 0,
                                                            "operator_timing": 0.000001803,
                                                            "result_set_size": 63,
                                                            "children": [
                                                                {
                                                                    "operator_name": "PROJECTION",
                                                                    "cpu_time": 0.031378350999999964,
                                                                    "extra_info": {
                                                                        "Projections": [
                                                                            "__internal_decompress_integral_smallint(#0, 1)",
                                                                            "#1"
                                                                        ],
                                                                        "Estimated Cardinality": "1925058"
                                                                    },
                                                                    "cumulative_cardinality": 11550362,
                                                                    "operator_type": "PROJECTION",
                                                                    "operator_cardinality": 7,
                                                                    "cumulative_rows_scanned": 3850116,
                                                                    "operator_rows_scanned": 0,
                                                                    "operator_timing": 0.000006973,
                                                                    "result_set_size": 70,
                                                                    "children": [
                                                                        {
                                                                            "operator_name": "PERFECT_HASH_GROUP_BY",
                                                                            "cpu_time": 0.031371377999999964,
                                                                            "extra_info": {
                                                                                "Groups": "#0",
                                                                                "Aggregates": "count_star()"
                                                                            },
                                                                            "cumulative_cardinality": 11550355,
                                                                            "operator_type": "PERFECT_HASH_GROUP_BY",
                                                                            "operator_cardinality": 7,
                                                                            "cumulative_rows_scanned": 3850116,
                                                                            "operator_rows_scanned": 0,
                                                                            "operator_timing": 0.016994204999999984,
                                                                            "result_set_size": 63,
                                                                            "children": [
                                                                                {
                                                                                    "operator_name": "PROJECTION",
                                                                                    "cpu_time": 0.014377172999999981,
                                                                                    "extra_info": {
                                                                                        "Projections": "posttypeid",
                                                                                        "Estimated Cardinality": "3850116"
                                                                                    },
                                                                                    "cumulative_cardinality": 11550348,
                                                                                    "operator_type": "PROJECTION",
                                                                                    "operator_cardinality": 3850116,
                                                                                    "cumulative_rows_scanned": 3850116,
                                                                                    "operator_rows_scanned": 0,
                                                                                    "operator_timing": 0.00015762300000000227,
                                                                                    "result_set_size": 3850116,
                                                                                    "children": [
                                                                                        {
                                                                                            "operator_name": "PROJECTION",
                                                                                            "cpu_time": 0.014219549999999978,
                                                                                            "extra_info": {
                                                                                                "Projections": "__internal_compress_integral_utinyint(#0, 1)",
                                                                                                "Estimated Cardinality": "3850116"
                                                                                            },
                                                                                            "cumulative_cardinality": 7700232,
                                                                                            "operator_type": "PROJECTION",
                                                                                            "operator_cardinality": 3850116,
                                                                                            "cumulative_rows_scanned": 3850116,
                                                                                            "operator_rows_scanned": 0,
                                                                                            "operator_timing": 0.0007082510000000013,
                                                                                            "result_set_size": 3850116,
                                                                                            "children": [
                                                                                                {
                                                                                                    "operator_name": "READ_PARQUET ",
                                                                                                    "cpu_time": 0.013511298999999977,
                                                                                                    "extra_info": {
                                                                                                        "Function": "READ_PARQUET",
                                                                                                        "Projections": "posttypeid",
                                                                                                        "Estimated Cardinality": "3850116"
                                                                                                    },
                                                                                                    "cumulative_cardinality": 3850116,
                                                                                                    "operator_type": "TABLE_SCAN",
                                                                                                    "operator_cardinality": 3850116,
                                                                                                    "cumulative_rows_scanned": 3850116,
                                                                                                    "operator_rows_scanned": 3850116,
                                                                                                    "operator_timing": 0.013511298999999977,
                                                                                                    "result_set_size": 7700232,
                                                                                                    "children": []
                                                                                                }
                                                                                            ]
                                                                                        }
                                                                                    ]
                                                                                }
                                                                            ]
                                                                        }
                                                                    ]
                                                                }
                                                            ]
                                                        }
                                                    ]
                                                }
                                            ]
                                        }
                                    ]
                                }
                            ]
                        }
                    ]
                }
            ]
        }
    ]
}