{
    "rows_returned": 4,
    "query_name": "\nSELECT \n    pt.Name AS PostType,\n    COUNT(p.Id) AS TotalPosts,\n    COALESCE(SUM(p.Score), 0) AS TotalScore,\n    COALESCE(SUM(p.ViewCount), 0) AS TotalViews,\n    COUNT(DISTINCT c.Id) AS TotalComments,\n    COUNT(DISTINCT v.Id) AS TotalVotes,\n    COALESCE(SUM(b.Count), 0) AS TotalTags\nFROM \n    Posts p\nJOIN \n    PostTypes pt ON p.PostTypeId = pt.Id\nLEFT JOIN \n    Comments c ON p.Id = c.PostId\nLEFT JOIN \n    Votes v ON p.Id = v.PostId\nLEFT JOIN \n    (SELECT \n         Id, COUNT(*) AS Count \n     FROM \n         Tags \n     GROUP BY \n         Id) b ON p.Tags LIKE '%' || b.Id || '%'\nWHERE \n    p.CreationDate >= TIMESTAMP '2024-10-01 12:34:56' - INTERVAL '30 days'  \nGROUP BY \n    pt.Name\nORDER BY \n    TotalPosts DESC;\n",
    "blocked_thread_time": 0.0,
    "cpu_time": 19.577676882000095,
    "extra_info": {},
    "cumulative_cardinality": 13093543,
    "cumulative_rows_scanned": 23838015,
    "result_set_size": 352,
    "latency": 19.835768623,
    "children": [
        {
            "operator_name": "ORDER_BY",
            "cpu_time": 19.577676882000095,
            "extra_info": {
                "Order By": "count(p.Id) DESC"
            },
            "cumulative_cardinality": 13093543,
            "operator_type": "ORDER_BY",
            "operator_cardinality": 4,
            "cumulative_rows_scanned": 23838015,
            "operator_rows_scanned": 0,
            "operator_timing": 0.000025678,
            "result_set_size": 352,
            "children": [
                {
                    "operator_name": "PROJECTION",
                    "cpu_time": 19.577651204000095,
                    "extra_info": {
                        "Projections": [
                            "PostType",
                            "TotalPosts",
                            "TotalScore",
                            "TotalViews",
                            "TotalComments",
                            "TotalVotes",
                            "TotalTags"
                        ],
                        "Estimated Cardinality": "3850116"
                    },
                    "cumulative_cardinality": 13093539,
                    "operator_type": "PROJECTION",
                    "operator_cardinality": 4,
                    "cumulative_rows_scanned": 23838015,
                    "operator_rows_scanned": 0,
                    "operator_timing": 0.000019336,
                    "result_set_size": 352,
                    "children": [
                        {
                            "operator_name": "HASH_GROUP_BY",
                            "cpu_time": 19.577631868000093,
                            "extra_info": {
                                "Groups": "#0",
                                "Aggregates": [
                                    "count_star()",
                                    "sum(#1)",
                                    "sum(#2)",
                                    "count(DISTINCT #3)",
                                    "count(DISTINCT #4)",
                                    "sum(#5)"
                                ],
                                "Estimated Cardinality": "3850116"
                            },
                            "cumulative_cardinality": 13093535,
                            "operator_type": "HASH_GROUP_BY",
                            "operator_cardinality": 4,
                            "cumulative_rows_scanned": 23838015,
                            "operator_rows_scanned": 0,
                            "operator_timing": 0.007560595000000002,
                            "result_set_size": 352,
                            "children": [
                                {
                                    "operator_name": "PROJECTION",
                                    "cpu_time": 19.570071273000092,
                                    "extra_info": {
                                        "Projections": [
                                            "name",
                                            "score",
                                            "viewcount",
                                            "id",
                                            "id",
                                            "Count"
                                        ],
                                        "Estimated Cardinality": "12744093"
                                    },
                                    "cumulative_cardinality": 13093531,
                                    "operator_type": "PROJECTION",
                                    "operator_cardinality": 69092,
                                    "cumulative_rows_scanned": 23838015,
                                    "operator_rows_scanned": 0,
                                    "operator_timing": 0.000027240000000000007,
                                    "result_set_size": 2763680,
                                    "children": [
                                        {
                                            "operator_name": "PROJECTION",
                                            "cpu_time": 19.57004403300009,
                                            "extra_info": {
                                                "Projections": [
                                                    "#0",
                                                    "#1",
                                                    "#2",
                                                    "#3",
                                                    "#4",
                                                    "#5",
                                                    "#6",
                                                    "__internal_compress_integral_usmallint(#7, 1)",
                                                    "#8"
                                                ],
                                                "Estimated Cardinality": "12744093"
                                            },
                                            "cumulative_cardinality": 13024439,
                                            "operator_type": "PROJECTION",
                                            "operator_cardinality": 69092,
                                            "cumulative_rows_scanned": 23838015,
                                            "operator_rows_scanned": 0,
                                            "operator_timing": 0.000083381,
                                            "result_set_size": 4283704,
                                            "children": [
                                                {
                                                    "operator_name": "BLOCKWISE_NL_JOIN",
                                                    "cpu_time": 19.56996065200009,
                                                    "extra_info": {
                                                        "Join Type": "LEFT",
                                                        "Condition": "(tags ~~ (('%' || CAST(id AS VARCHAR)) || '%'))"
                                                    },
                                                    "cumulative_cardinality": 12955347,
                                                    "operator_type": "BLOCKWISE_NL_JOIN",
                                                    "operator_cardinality": 69092,
                                                    "cumulative_rows_scanned": 23838015,
                                                    "operator_rows_scanned": 0,
                                                    "operator_timing": 18.867903588000093,
                                                    "result_set_size": 4421888,
                                                    "children": [
                                                        {
                                                            "operator_name": "HASH_JOIN",
                                                            "cpu_time": 0.7017030409999998,
                                                            "extra_info": {
                                                                "Join Type": "LEFT",
                                                                "Conditions": "id = postid",
                                                                "Estimated Cardinality": "12744093"
                                                            },
                                                            "cumulative_cardinality": 12876375,
                                                            "operator_type": "HASH_JOIN",
                                                            "operator_cardinality": 69092,
                                                            "cumulative_rows_scanned": 23836039,
                                                            "operator_rows_scanned": 0,
                                                            "operator_timing": 0.5057903989999999,
                                                            "result_set_size": 3592784,
                                                            "children": [
                                                                {
                                                                    "operator_name": "HASH_JOIN",
                                                                    "cpu_time": 0.06293346100000001,
                                                                    "extra_info": {
                                                                        "Join Type": "RIGHT",
                                                                        "Conditions": "postid = id",
                                                                        "Estimated Cardinality": "7241822"
                                                                    },
                                                                    "cumulative_cardinality": 63190,
                                                                    "operator_type": "HASH_JOIN",
                                                                    "operator_cardinality": 23844,
                                                                    "cumulative_rows_scanned": 11091946,
                                                                    "operator_rows_scanned": 0,
                                                                    "operator_timing": 0.00205462,
                                                                    "result_set_size": 1144512,
                                                                    "children": [
                                                                        {
                                                                            "operator_name": "READ_PARQUET ",
                                                                            "cpu_time": 0.013028762000000003,
                                                                            "extra_info": {
                                                                                "Function": "READ_PARQUET",
                                                                                "Projections": [
                                                                                    "id",
                                                                                    "postid"
                                                                                ],
                                                                                "Estimated Cardinality": "7241822"
                                                                            },
                                                                            "cumulative_cardinality": 19485,
                                                                            "operator_type": "TABLE_SCAN",
                                                                            "operator_cardinality": 19485,
                                                                            "cumulative_rows_scanned": 7241822,
                                                                            "operator_rows_scanned": 7241822,
                                                                            "operator_timing": 0.013028762000000003,
                                                                            "result_set_size": 155880,
                                                                            "children": []
                                                                        },
                                                                        {
                                                                            "operator_name": "HASH_JOIN",
                                                                            "cpu_time": 0.047850079000000004,
                                                                            "extra_info": {
                                                                                "Join Type": "INNER",
                                                                                "Conditions": "posttypeid = id",
                                                                                "Estimated Cardinality": "770023"
                                                                            },
                                                                            "cumulative_cardinality": 19861,
                                                                            "operator_type": "HASH_JOIN",
                                                                            "operator_cardinality": 9927,
                                                                            "cumulative_rows_scanned": 3850124,
                                                                            "operator_rows_scanned": 0,
                                                                            "operator_timing": 0.0000802,
                                                                            "result_set_size": 436788,
                                                                            "children": [
                                                                                {
                                                                                    "operator_name": "READ_PARQUET ",
                                                                                    "cpu_time": 0.047445814,
                                                                                    "extra_info": {
                                                                                        "Function": "READ_PARQUET",
                                                                                        "Projections": [
                                                                                            "id",
                                                                                            "posttypeid",
                                                                                            "score",
                                                                                            "viewcount",
                                                                                            "tags"
                                                                                        ],
                                                                                        "Filters": "creationdate>='2024-09-01 12:34:56'::TIMESTAMP",
                                                                                        "Estimated Cardinality": "770023"
                                                                                    },
                                                                                    "cumulative_cardinality": 9927,
                                                                                    "operator_type": "TABLE_SCAN",
                                                                                    "operator_cardinality": 9927,
                                                                                    "cumulative_rows_scanned": 3850116,
                                                                                    "operator_rows_scanned": 3850116,
                                                                                    "operator_timing": 0.047445814,
                                                                                    "result_set_size": 297810,
                                                                                    "children": []
                                                                                },
                                                                                {
                                                                                    "operator_name": "READ_PARQUET ",
                                                                                    "cpu_time": 0.00032406499999999995,
                                                                                    "extra_info": {
                                                                                        "Function": "READ_PARQUET",
                                                                                        "Projections": [
                                                                                            "id",
                                                                                            "name"
                                                                                        ],
                                                                                        "Filters": "id<=7",
                                                                                        "Estimated Cardinality": "8"
                                                                                    },
                                                                                    "cumulative_cardinality": 7,
                                                                                    "operator_type": "TABLE_SCAN",
                                                                                    "operator_cardinality": 7,
                                                                                    "cumulative_rows_scanned": 8,
                                                                                    "operator_rows_scanned": 8,
                                                                                    "operator_timing": 0.00032406499999999995,
                                                                                    "result_set_size": 126,
                                                                                    "children": []
                                                                                }
                                                                            ]
                                                                        }
                                                                    ]
                                                                },
                                                                {
                                                                    "operator_name": "READ_PARQUET ",
                                                                    "cpu_time": 0.13297918099999992,
                                                                    "extra_info": {
                                                                        "Function": "READ_PARQUET",
                                                                        "Projections": [
                                                                            "id",
                                                                            "postid"
                                                                        ],
                                                                        "Estimated Cardinality": "12744093"
                                                                    },
                                                                    "cumulative_cardinality": 12744093,
                                                                    "operator_type": "TABLE_SCAN",
                                                                    "operator_cardinality": 12744093,
                                                                    "cumulative_rows_scanned": 12744093,
                                                                    "operator_rows_scanned": 12744093,
                                                                    "operator_timing": 0.13297918099999992,
                                                                    "result_set_size": 101952744,
                                                                    "children": []
                                                                }
                                                            ]
                                                        },
                                                        {
                                                            "operator_name": "PROJECTION",
                                                            "cpu_time": 0.000354023,
                                                            "extra_info": {
                                                                "Projections": [
                                                                    "__internal_decompress_integral_integer(#0, 1)",
                                                                    "#1"
                                                                ],
                                                                "Estimated Cardinality": "988"
                                                            },
                                                            "cumulative_cardinality": 9880,
                                                            "operator_type": "PROJECTION",
                                                            "operator_cardinality": 1976,
                                                            "cumulative_rows_scanned": 1976,
                                                            "operator_rows_scanned": 0,
                                                            "operator_timing": 0.000003286,
                                                            "result_set_size": 23712,
                                                            "children": [
                                                                {
                                                                    "operator_name": "HASH_GROUP_BY",
                                                                    "cpu_time": 0.000350737,
                                                                    "extra_info": {
                                                                        "Groups": "#0",
                                                                        "Aggregates": "count_star()",
                                                                        "Estimated Cardinality": "988"
                                                                    },
                                                                    "cumulative_cardinality": 7904,
                                                                    "operator_type": "HASH_GROUP_BY",
                                                                    "operator_cardinality": 1976,
                                                                    "cumulative_rows_scanned": 1976,
                                                                    "operator_rows_scanned": 0,
                                                                    "operator_timing": 0.000146926,
                                                                    "result_set_size": 19760,
                                                                    "children": [
                                                                        {
                                                                            "operator_name": "PROJECTION",
                                                                            "cpu_time": 0.000203811,
                                                                            "extra_info": {
                                                                                "Projections": "id",
                                                                                "Estimated Cardinality": "1976"
                                                                            },
                                                                            "cumulative_cardinality": 5928,
                                                                            "operator_type": "PROJECTION",
                                                                            "operator_cardinality": 1976,
                                                                            "cumulative_rows_scanned": 1976,
                                                                            "operator_rows_scanned": 0,
                                                                            "operator_timing": 1.1e-7,
                                                                            "result_set_size": 3952,
                                                                            "children": [
                                                                                {
                                                                                    "operator_name": "PROJECTION",
                                                                                    "cpu_time": 0.000203701,
                                                                                    "extra_info": {
                                                                                        "Projections": "__internal_compress_integral_usmallint(#0, 1)",
                                                                                        "Estimated Cardinality": "1976"
                                                                                    },
                                                                                    "cumulative_cardinality": 3952,
                                                                                    "operator_type": "PROJECTION",
                                                                                    "operator_cardinality": 1976,
                                                                                    "cumulative_rows_scanned": 1976,
                                                                                    "operator_rows_scanned": 0,
                                                                                    "operator_timing": 0.000004819,
                                                                                    "result_set_size": 3952,
                                                                                    "children": [
                                                                                        {
                                                                                            "operator_name": "READ_PARQUET ",
                                                                                            "cpu_time": 0.000198882,
                                                                                            "extra_info": {
                                                                                                "Function": "READ_PARQUET",
                                                                                                "Projections": "id",
                                                                                                "Estimated Cardinality": "1976"
                                                                                            },
                                                                                            "cumulative_cardinality": 1976,
                                                                                            "operator_type": "TABLE_SCAN",
                                                                                            "operator_cardinality": 1976,
                                                                                            "cumulative_rows_scanned": 1976,
                                                                                            "operator_rows_scanned": 1976,
                                                                                            "operator_timing": 0.000198882,
                                                                                            "result_set_size": 7904,
                                                                                            "children": []
                                                                                        }
                                                                                    ]
                                                                                }
                                                                            ]
                                                                        }
                                                                    ]
                                                                }
                                                            ]
                                                        }
                                                    ]
                                                }
                                            ]
                                        }
                                    ]
                                }
                            ]
                        }
                    ]
                }
            ]
        }
    ]
}