{
    "rows_returned": 100,
    "query_name": "\nWITH PostStats AS (\n    SELECT \n        P.Id AS PostId,\n        P.PostTypeId,\n        P.CreationDate,\n        P.Score,\n        P.ViewCount,\n        P.AnswerCount,\n        P.CommentCount,\n        U.Reputation AS OwnerReputation,\n        U.Id AS OwnerUserId,\n        U.CreationDate AS UserCreationDate\n    FROM \n        Posts P\n    JOIN \n        Users U ON P.OwnerUserId = U.Id\n),\nUserStats AS (\n    SELECT \n        U.Id AS UserId,\n        COUNT(B.Id) AS BadgeCount,\n        SUM(CASE WHEN V.VoteTypeId = 2 THEN 1 ELSE 0 END) AS UpVotesCount,\n        SUM(CASE WHEN V.VoteTypeId = 3 THEN 1 ELSE 0 END) AS DownVotesCount\n    FROM \n        Users U\n    LEFT JOIN \n        Badges B ON U.Id = B.UserId\n    LEFT JOIN \n        Votes V ON U.Id = V.UserId\n    GROUP BY \n        U.Id\n)\nSELECT \n    PS.PostId,\n    PS.PostTypeId,\n    PS.CreationDate,\n    PS.Score,\n    PS.ViewCount,\n    PS.AnswerCount,\n    PS.CommentCount,\n    PS.OwnerReputation,\n    US.BadgeCount,\n    US.UpVotesCount,\n    US.DownVotesCount\nFROM \n    PostStats PS\nJOIN \n    UserStats US ON PS.OwnerUserId = US.UserId\nORDER BY \n    PS.CreationDate DESC\nFETCH FIRST 100 ROWS ONLY;\n",
    "blocked_thread_time": 0.0,
    "cpu_time": 2.00514362,
    "extra_info": {},
    "cumulative_cardinality": 45917755,
    "cumulative_rows_scanned": 21437353,
    "result_set_size": 7400,
    "latency": 2.902318109,
    "children": [
        {
            "operator_name": "STREAMING_LIMIT",
            "cpu_time": 2.00514362,
            "extra_info": {},
            "cumulative_cardinality": 45917755,
            "operator_type": "STREAMING_LIMIT",
            "operator_cardinality": 100,
            "cumulative_rows_scanned": 21437353,
            "operator_rows_scanned": 0,
            "operator_timing": 0.0000017629999999999999,
            "result_set_size": 7400,
            "children": [
                {
                    "operator_name": "PROJECTION",
                    "cpu_time": 2.005141857,
                    "extra_info": {
                        "Projections": [
                            "#0",
                            "__internal_decompress_integral_smallint(#1, 1)",
                            "#2",
                            "__internal_decompress_integral_integer(#3, -72)",
                            "#4",
                            "__internal_decompress_integral_integer(#5, 0)",
                            "__internal_decompress_integral_integer(#6, 0)",
                            "#7",
                            "#8",
                            "#9",
                            "#10"
                        ],
                        "Estimated Cardinality": "3850116"
                    },
                    "cumulative_cardinality": 45917655,
                    "operator_type": "PROJECTION",
                    "operator_cardinality": 4096,
                    "cumulative_rows_scanned": 21437353,
                    "operator_rows_scanned": 0,
                    "operator_timing": 0.000029706,
                    "result_set_size": 303104,
                    "children": [
                        {
                            "operator_name": "ORDER_BY",
                            "cpu_time": 2.005112151,
                            "extra_info": {
                                "Order By": "PS.CreationDate DESC"
                            },
                            "cumulative_cardinality": 45913559,
                            "operator_type": "ORDER_BY",
                            "operator_cardinality": 4096,
                            "cumulative_rows_scanned": 21437353,
                            "operator_rows_scanned": 0,
                            "operator_timing": 0.23995653600000058,
                            "result_set_size": 266240,
                            "children": [
                                {
                                    "operator_name": "PROJECTION",
                                    "cpu_time": 1.7651556149999994,
                                    "extra_info": {
                                        "Projections": [
                                            "#0",
                                            "__internal_compress_integral_utinyint(#1, 1)",
                                            "#2",
                                            "__internal_compress_integral_usmallint(#3, -72)",
                                            "#4",
                                            "__internal_compress_integral_utinyint(#5, 0)",
                                            "__internal_compress_integral_utinyint(#6, 0)",
                                            "#7",
                                            "#8",
                                            "#9",
                                            "#10"
                                        ],
                                        "Estimated Cardinality": "3850116"
                                    },
                                    "cumulative_cardinality": 45909463,
                                    "operator_type": "PROJECTION",
                                    "operator_cardinality": 3685416,
                                    "cumulative_rows_scanned": 21437353,
                                    "operator_rows_scanned": 0,
                                    "operator_timing": 0.0063231969999999965,
                                    "result_set_size": 239552040,
                                    "children": [
                                        {
                                            "operator_name": "HASH_JOIN",
                                            "cpu_time": 1.7588324179999995,
                                            "extra_info": {
                                                "Join Type": "INNER",
                                                "Conditions": "OwnerUserId = UserId",
                                                "Estimated Cardinality": "3850116"
                                            },
                                            "cumulative_cardinality": 42224047,
                                            "operator_type": "HASH_JOIN",
                                            "operator_cardinality": 3685416,
                                            "cumulative_rows_scanned": 21437353,
                                            "operator_rows_scanned": 0,
                                            "operator_timing": 0.22465519900000028,
                                            "result_set_size": 272720784,
                                            "children": [
                                                {
                                                    "operator_name": "PROJECTION",
                                                    "cpu_time": 0.5128493019999996,
                                                    "extra_info": {
                                                        "Projections": [
                                                            "PostId",
                                                            "posttypeid",
                                                            "creationdate",
                                                            "score",
                                                            "viewcount",
                                                            "answercount",
                                                            "commentcount",
                                                            "OwnerReputation",
                                                            "OwnerUserId"
                                                        ],
                                                        "Estimated Cardinality": "3850116"
                                                    },
                                                    "cumulative_cardinality": 12316927,
                                                    "operator_type": "PROJECTION",
                                                    "operator_cardinality": 3685416,
                                                    "cumulative_rows_scanned": 5110826,
                                                    "operator_rows_scanned": 0,
                                                    "operator_timing": 0.001106889000000003,
                                                    "result_set_size": 140045808,
                                                    "children": [
                                                        {
                                                            "operator_name": "HASH_JOIN",
                                                            "cpu_time": 0.5117424129999996,
                                                            "extra_info": {
                                                                "Join Type": "INNER",
                                                                "Conditions": "owneruserid = id",
                                                                "Estimated Cardinality": "3850116"
                                                            },
                                                            "cumulative_cardinality": 8631511,
                                                            "operator_type": "HASH_JOIN",
                                                            "operator_cardinality": 3685416,
                                                            "cumulative_rows_scanned": 5110826,
                                                            "operator_rows_scanned": 0,
                                                            "operator_timing": 0.20983925399999956,
                                                            "result_set_size": 140045808,
                                                            "children": [
                                                                {
                                                                    "operator_name": "READ_PARQUET ",
                                                                    "cpu_time": 0.28166973,
                                                                    "extra_info": {
                                                                        "Function": "READ_PARQUET",
                                                                        "Projections": [
                                                                            "id",
                                                                            "posttypeid",
                                                                            "creationdate",
                                                                            "score",
                                                                            "viewcount",
                                                                            "owneruserid",
                                                                            "answercount",
                                                                            "commentcount"
                                                                        ],
                                                                        "Estimated Cardinality": "3850116"
                                                                    },
                                                                    "cumulative_cardinality": 3685416,
                                                                    "operator_type": "TABLE_SCAN",
                                                                    "operator_cardinality": 3685416,
                                                                    "cumulative_rows_scanned": 3850116,
                                                                    "operator_rows_scanned": 3850116,
                                                                    "operator_timing": 0.28166973,
                                                                    "result_set_size": 125304144,
                                                                    "children": []
                                                                },
                                                                {
                                                                    "operator_name": "READ_PARQUET ",
                                                                    "cpu_time": 0.020233428999999994,
                                                                    "extra_info": {
                                                                        "Function": "READ_PARQUET",
                                                                        "Projections": [
                                                                            "id",
                                                                            "reputation"
                                                                        ],
                                                                        "Filters": "id<=1416539",
                                                                        "Estimated Cardinality": "1260710"
                                                                    },
                                                                    "cumulative_cardinality": 1260679,
                                                                    "operator_type": "TABLE_SCAN",
                                                                    "operator_cardinality": 1260679,
                                                                    "cumulative_rows_scanned": 1260710,
                                                                    "operator_rows_scanned": 1260710,
                                                                    "operator_timing": 0.020233428999999994,
                                                                    "result_set_size": 10085432,
                                                                    "children": []
                                                                }
                                                            ]
                                                        }
                                                    ]
                                                },
                                                {
                                                    "operator_name": "HASH_GROUP_BY",
                                                    "cpu_time": 1.0213279169999996,
                                                    "extra_info": {
                                                        "Groups": "#0",
                                                        "Aggregates": [
                                                            "count(#1)",
                                                            "sum(#2)",
                                                            "sum(#3)"
                                                        ],
                                                        "Estimated Cardinality": "1260710"
                                                    },
                                                    "cumulative_cardinality": 26221704,
                                                    "operator_type": "HASH_GROUP_BY",
                                                    "operator_cardinality": 1260679,
                                                    "cumulative_rows_scanned": 16326527,
                                                    "operator_rows_scanned": 0,
                                                    "operator_timing": 0.302801613,
                                                    "result_set_size": 55469876,
                                                    "children": [
                                                        {
                                                            "operator_name": "PROJECTION",
                                                            "cpu_time": 0.7185263039999996,
                                                            "extra_info": {
                                                                "Projections": [
                                                                    "id",
                                                                    "id",
                                                                    "CASE  WHEN ((votetypeid = 2)) THEN (1) ELSE 0 END",
                                                                    "CASE  WHEN ((votetypeid = 3)) THEN (1) ELSE 0 END"
                                                                ],
                                                                "Estimated Cardinality": "12744093"
                                                            },
                                                            "cumulative_cardinality": 24961025,
                                                            "operator_type": "PROJECTION",
                                                            "operator_cardinality": 6101620,
                                                            "cumulative_rows_scanned": 16326527,
                                                            "operator_rows_scanned": 0,
                                                            "operator_timing": 0.021324268000000028,
                                                            "result_set_size": 97625920,
                                                            "children": [
                                                                {
                                                                    "operator_name": "FILTER",
                                                                    "cpu_time": 0.6972020359999996,
                                                                    "extra_info": {
                                                                        "Expression": "(id <= 1416539)",
                                                                        "Estimated Cardinality": "12744093"
                                                                    },
                                                                    "cumulative_cardinality": 18859405,
                                                                    "operator_type": "FILTER",
                                                                    "operator_cardinality": 6101620,
                                                                    "cumulative_rows_scanned": 16326527,
                                                                    "operator_rows_scanned": 0,
                                                                    "operator_timing": 0.008623477999999997,
                                                                    "result_set_size": 61016200,
                                                                    "children": [
                                                                        {
                                                                            "operator_name": "HASH_JOIN",
                                                                            "cpu_time": 0.6885785579999997,
                                                                            "extra_info": {
                                                                                "Join Type": "RIGHT",
                                                                                "Conditions": "userid = id",
                                                                                "Estimated Cardinality": "12744093"
                                                                            },
                                                                            "cumulative_cardinality": 12757785,
                                                                            "operator_type": "HASH_JOIN",
                                                                            "operator_cardinality": 6101651,
                                                                            "cumulative_rows_scanned": 16326527,
                                                                            "operator_rows_scanned": 0,
                                                                            "operator_timing": 0.3511658919999995,
                                                                            "result_set_size": 61016510,
                                                                            "children": [
                                                                                {
                                                                                    "operator_name": "READ_PARQUET ",
                                                                                    "cpu_time": 0.140498127,
                                                                                    "extra_info": {
                                                                                        "Function": "READ_PARQUET",
                                                                                        "Projections": [
                                                                                            "votetypeid",
                                                                                            "userid"
                                                                                        ],
                                                                                        "Estimated Cardinality": "12744093"
                                                                                    },
                                                                                    "cumulative_cardinality": 40287,
                                                                                    "operator_type": "TABLE_SCAN",
                                                                                    "operator_cardinality": 40287,
                                                                                    "cumulative_rows_scanned": 12744093,
                                                                                    "operator_rows_scanned": 12744093,
                                                                                    "operator_timing": 0.140498127,
                                                                                    "result_set_size": 241722,
                                                                                    "children": []
                                                                                },
                                                                                {
                                                                                    "operator_name": "HASH_JOIN",
                                                                                    "cpu_time": 0.19691453900000025,
                                                                                    "extra_info": {
                                                                                        "Join Type": "RIGHT",
                                                                                        "Conditions": "userid = id",
                                                                                        "Estimated Cardinality": "2321724"
                                                                                    },
                                                                                    "cumulative_cardinality": 6615847,
                                                                                    "operator_type": "HASH_JOIN",
                                                                                    "operator_cardinality": 3033413,
                                                                                    "cumulative_rows_scanned": 3582434,
                                                                                    "operator_rows_scanned": 0,
                                                                                    "operator_timing": 0.14769225200000025,
                                                                                    "result_set_size": 24267304,
                                                                                    "children": [
                                                                                        {
                                                                                            "operator_name": "READ_PARQUET ",
                                                                                            "cpu_time": 0.041689508,
                                                                                            "extra_info": {
                                                                                                "Function": "READ_PARQUET",
                                                                                                "Projections": [
                                                                                                    "id",
                                                                                                    "userid"
                                                                                                ],
                                                                                                "Estimated Cardinality": "2321724"
                                                                                            },
                                                                                            "cumulative_cardinality": 2321724,
                                                                                            "operator_type": "TABLE_SCAN",
                                                                                            "operator_cardinality": 2321724,
                                                                                            "cumulative_rows_scanned": 2321724,
                                                                                            "operator_rows_scanned": 2321724,
                                                                                            "operator_timing": 0.041689508,
                                                                                            "result_set_size": 18573792,
                                                                                            "children": []
                                                                                        },
                                                                                        {
                                                                                            "operator_name": "READ_PARQUET ",
                                                                                            "cpu_time": 0.007532779000000011,
                                                                                            "extra_info": {
                                                                                                "Function": "READ_PARQUET",
                                                                                                "Projections": "id",
                                                                                                "Estimated Cardinality": "1260710"
                                                                                            },
                                                                                            "cumulative_cardinality": 1260710,
                                                                                            "operator_type": "TABLE_SCAN",
                                                                                            "operator_cardinality": 1260710,
                                                                                            "cumulative_rows_scanned": 1260710,
                                                                                            "operator_rows_scanned": 1260710,
                                                                                            "operator_timing": 0.007532779000000011,
                                                                                            "result_set_size": 5042840,
                                                                                            "children": []
                                                                                        }
                                                                                    ]
                                                                                }
                                                                            ]
                                                                        }
                                                                    ]
                                                                }
                                                            ]
                                                        }
                                                    ]
                                                }
                                            ]
                                        }
                                    ]
                                }
                            ]
                        }
                    ]
                }
            ]
        }
    ]
}