{
    "rows_returned": 32452,
    "query_name": "\nSELECT \n    U.DisplayName AS UserName,\n    COUNT(DISTINCT P.Id) AS TotalPosts,\n    SUM(CASE WHEN P.PostTypeId = 1 THEN 1 ELSE 0 END) AS TotalQuestions,\n    SUM(CASE WHEN P.PostTypeId = 2 THEN 1 ELSE 0 END) AS TotalAnswers,\n    SUM(P.ViewCount) AS TotalViews,\n    SUM(P.Score) AS TotalScore,\n    AVG(P.Score) AS AverageScore,\n    AVG(P.ViewCount) AS AverageViews,\n    COUNT(C.Id) AS TotalComments\nFROM \n    Users U\nJOIN \n    Posts P ON U.Id = P.OwnerUserId\nLEFT JOIN \n    Comments C ON P.Id = C.PostId\nWHERE \n    P.CreationDate >= TIMESTAMP '2024-10-01 12:34:56' - INTERVAL '1 year'\nGROUP BY \n    U.Id, U.DisplayName\nORDER BY \n    TotalScore DESC, TotalPosts DESC;\n",
    "blocked_thread_time": 0.0,
    "cpu_time": 0.245449605,
    "extra_info": {},
    "cumulative_cardinality": 2621941,
    "cumulative_rows_scanned": 12352648,
    "result_set_size": 3634624,
    "latency": 0.46585144,
    "children": [
        {
            "operator_name": "ORDER_BY",
            "cpu_time": 0.245449605,
            "extra_info": {
                "Order By": [
                    "sum(P.Score) DESC",
                    "count(DISTINCT P.Id) DESC"
                ]
            },
            "cumulative_cardinality": 2621941,
            "operator_type": "ORDER_BY",
            "operator_cardinality": 32452,
            "cumulative_rows_scanned": 12352648,
            "operator_rows_scanned": 0,
            "operator_timing": 0.002680264,
            "result_set_size": 3634624,
            "children": [
                {
                    "operator_name": "PROJECTION",
                    "cpu_time": 0.242769341,
                    "extra_info": {
                        "Projections": [
                            "UserName",
                            "TotalPosts",
                            "TotalQuestions",
                            "TotalAnswers",
                            "TotalViews",
                            "TotalScore",
                            "AverageScore",
                            "AverageViews",
                            "TotalComments"
                        ],
                        "Estimated Cardinality": "1260710"
                    },
                    "cumulative_cardinality": 2589489,
                    "operator_type": "PROJECTION",
                    "operator_cardinality": 32452,
                    "cumulative_rows_scanned": 12352648,
                    "operator_rows_scanned": 0,
                    "operator_timing": 0.000008557000000000001,
                    "result_set_size": 3634624,
                    "children": [
                        {
                            "operator_name": "HASH_GROUP_BY",
                            "cpu_time": 0.242760784,
                            "extra_info": {
                                "Groups": [
                                    "#0",
                                    "#1"
                                ],
                                "Aggregates": [
                                    "count(DISTINCT #2)",
                                    "sum(#3)",
                                    "sum(#4)",
                                    "sum(#5)",
                                    "sum(#6)",
                                    "avg(#7)",
                                    "avg(#8)",
                                    "count(#9)"
                                ],
                                "Estimated Cardinality": "1260710"
                            },
                            "cumulative_cardinality": 2557037,
                            "operator_type": "HASH_GROUP_BY",
                            "operator_cardinality": 32452,
                            "cumulative_rows_scanned": 12352648,
                            "operator_rows_scanned": 0,
                            "operator_timing": 0.05889877800000001,
                            "result_set_size": 3764432,
                            "children": [
                                {
                                    "operator_name": "PROJECTION",
                                    "cpu_time": 0.183862006,
                                    "extra_info": {
                                        "Projections": [
                                            "id",
                                            "displayname",
                                            "id",
                                            "CASE  WHEN ((posttypeid = 1)) THEN (1) ELSE 0 END",
                                            "CASE  WHEN ((posttypeid = 2)) THEN (1) ELSE 0 END",
                                            "viewcount",
                                            "score",
                                            "score",
                                            "viewcount",
                                            "id"
                                        ],
                                        "Estimated Cardinality": "7241822"
                                    },
                                    "cumulative_cardinality": 2524585,
                                    "operator_type": "PROJECTION",
                                    "operator_cardinality": 343825,
                                    "cumulative_rows_scanned": 12352648,
                                    "operator_rows_scanned": 0,
                                    "operator_timing": 0.0014786319999999993,
                                    "result_set_size": 17878900,
                                    "children": [
                                        {
                                            "operator_name": "HASH_JOIN",
                                            "cpu_time": 0.182383374,
                                            "extra_info": {
                                                "Join Type": "RIGHT",
                                                "Conditions": "postid = id",
                                                "Estimated Cardinality": "7241822"
                                            },
                                            "cumulative_cardinality": 2180760,
                                            "operator_type": "HASH_JOIN",
                                            "operator_cardinality": 343825,
                                            "cumulative_rows_scanned": 12352648,
                                            "operator_rows_scanned": 0,
                                            "operator_timing": 0.028279923000000012,
                                            "result_set_size": 13065350,
                                            "children": [
                                                {
                                                    "operator_name": "READ_PARQUET ",
                                                    "cpu_time": 0.013861673000000007,
                                                    "extra_info": {
                                                        "Function": "READ_PARQUET",
                                                        "Projections": [
                                                            "id",
                                                            "postid"
                                                        ],
                                                        "Estimated Cardinality": "7241822"
                                                    },
                                                    "cumulative_cardinality": 287064,
                                                    "operator_type": "TABLE_SCAN",
                                                    "operator_cardinality": 287064,
                                                    "cumulative_rows_scanned": 7241822,
                                                    "operator_rows_scanned": 7241822,
                                                    "operator_timing": 0.013861673000000007,
                                                    "result_set_size": 2296512,
                                                    "children": []
                                                },
                                                {
                                                    "operator_name": "HASH_JOIN",
                                                    "cpu_time": 0.14024177799999998,
                                                    "extra_info": {
                                                        "Join Type": "INNER",
                                                        "Conditions": "id = owneruserid",
                                                        "Estimated Cardinality": "770023"
                                                    },
                                                    "cumulative_cardinality": 1549871,
                                                    "operator_type": "HASH_JOIN",
                                                    "operator_cardinality": 143650,
                                                    "cumulative_rows_scanned": 5110826,
                                                    "operator_rows_scanned": 0,
                                                    "operator_timing": 0.024463931999999924,
                                                    "result_set_size": 4884100,
                                                    "children": [
                                                        {
                                                            "operator_name": "READ_PARQUET ",
                                                            "cpu_time": 0.08581410500000004,
                                                            "extra_info": {
                                                                "Function": "READ_PARQUET",
                                                                "Projections": [
                                                                    "id",
                                                                    "displayname"
                                                                ],
                                                                "Filters": "id<=1416539",
                                                                "Estimated Cardinality": "1260710"
                                                            },
                                                            "cumulative_cardinality": 1260679,
                                                            "operator_type": "TABLE_SCAN",
                                                            "operator_cardinality": 1260679,
                                                            "cumulative_rows_scanned": 1260710,
                                                            "operator_rows_scanned": 1260710,
                                                            "operator_timing": 0.08581410500000004,
                                                            "result_set_size": 25213580,
                                                            "children": []
                                                        },
                                                        {
                                                            "operator_name": "READ_PARQUET ",
                                                            "cpu_time": 0.02996374100000001,
                                                            "extra_info": {
                                                                "Function": "READ_PARQUET",
                                                                "Projections": [
                                                                    "id",
                                                                    "posttypeid",
                                                                    "score",
                                                                    "viewcount",
                                                                    "owneruserid"
                                                                ],
                                                                "Filters": "creationdate>='2023-10-01 12:34:56'::TIMESTAMP",
                                                                "Estimated Cardinality": "770023"
                                                            },
                                                            "cumulative_cardinality": 145542,
                                                            "operator_type": "TABLE_SCAN",
                                                            "operator_cardinality": 145542,
                                                            "cumulative_rows_scanned": 3850116,
                                                            "operator_rows_scanned": 3850116,
                                                            "operator_timing": 0.02996374100000001,
                                                            "result_set_size": 2619756,
                                                            "children": []
                                                        }
                                                    ]
                                                }
                                            ]
                                        }
                                    ]
                                }
                            ]
                        }
                    ]
                }
            ]
        }
    ]
}