{
    "rows_returned": 100,
    "query_name": "SELECT \n    P.Id AS PostId,\n    P.Title,\n    P.CreationDate,\n    P.Score,\n    P.ViewCount,\n    COALESCE(A.AcceptedAnswerId, 0) AS AcceptedAnswerId,\n    U.DisplayName AS OwnerDisplayName,\n    U.Reputation AS OwnerReputation,\n    C.CommentCount,\n    B.BadgeCount,\n    T.TagName\nFROM \n    Posts P\nJOIN \n    Users U ON P.OwnerUserId = U.Id\nLEFT JOIN \n    (SELECT PostId, COUNT(*) AS CommentCount FROM Comments GROUP BY PostId) C ON P.Id = C.PostId\nLEFT JOIN \n    (SELECT UserId, COUNT(*) AS BadgeCount FROM Badges GROUP BY UserId) B ON U.Id = B.UserId\nLEFT JOIN \n    (SELECT PostId, STRING_AGG(TagName, ', ') AS TagName FROM PostLinks PL \n     JOIN Tags T ON PL.RelatedPostId = T.Id \n     GROUP BY PL.PostId) T ON P.Id = T.PostId\nLEFT JOIN \n    (SELECT AcceptedAnswerId FROM Posts WHERE PostTypeId = 1) A ON P.Id = A.AcceptedAnswerId\nWHERE \n    P.PostTypeId = 1 \nORDER BY \n    P.CreationDate DESC\nLIMIT 100;",
    "blocked_thread_time": 0.0,
    "cpu_time": 2.3674855520000015,
    "extra_info": {},
    "cumulative_cardinality": 37590630,
    "cumulative_rows_scanned": 18939455,
    "result_set_size": 9200,
    "latency": 2.748745621,
    "children": [
        {
            "operator_name": "STREAMING_LIMIT",
            "cpu_time": 2.3674855520000015,
            "extra_info": {},
            "cumulative_cardinality": 37590630,
            "operator_type": "STREAMING_LIMIT",
            "operator_cardinality": 100,
            "cumulative_rows_scanned": 18939455,
            "operator_rows_scanned": 0,
            "operator_timing": 0.000001934,
            "result_set_size": 9200,
            "children": [
                {
                    "operator_name": "PROJECTION",
                    "cpu_time": 2.3674836180000014,
                    "extra_info": {
                        "Projections": [
                            "#0",
                            "#1",
                            "#2",
                            "__internal_decompress_integral_integer(#3, -72)",
                            "#4",
                            "#5",
                            "#6",
                            "#7",
                            "#8",
                            "#9",
                            "#10"
                        ],
                        "Estimated Cardinality": "3620911"
                    },
                    "cumulative_cardinality": 37590530,
                    "operator_type": "PROJECTION",
                    "operator_cardinality": 4096,
                    "cumulative_rows_scanned": 18939455,
                    "operator_rows_scanned": 0,
                    "operator_timing": 0.000009368,
                    "result_set_size": 376832,
                    "children": [
                        {
                            "operator_name": "ORDER_BY",
                            "cpu_time": 2.3674742500000012,
                            "extra_info": {
                                "Order By": "P.CreationDate DESC"
                            },
                            "cumulative_cardinality": 37586434,
                            "operator_type": "ORDER_BY",
                            "operator_cardinality": 4096,
                            "cumulative_rows_scanned": 18939455,
                            "operator_rows_scanned": 0,
                            "operator_timing": 0.27545003499999987,
                            "result_set_size": 368640,
                            "children": [
                                {
                                    "operator_name": "PROJECTION",
                                    "cpu_time": 2.0920242150000012,
                                    "extra_info": {
                                        "Projections": [
                                            "#0",
                                            "#1",
                                            "#2",
                                            "__internal_compress_integral_usmallint(#3, -72)",
                                            "#4",
                                            "#5",
                                            "#6",
                                            "#7",
                                            "#8",
                                            "#9",
                                            "#10"
                                        ],
                                        "Estimated Cardinality": "3620911"
                                    },
                                    "cumulative_cardinality": 37582338,
                                    "operator_type": "PROJECTION",
                                    "operator_cardinality": 1589663,
                                    "cumulative_rows_scanned": 18939455,
                                    "operator_rows_scanned": 0,
                                    "operator_timing": 0.002426477,
                                    "result_set_size": 143069670,
                                    "children": [
                                        {
                                            "operator_name": "PROJECTION",
                                            "cpu_time": 2.089597738000001,
                                            "extra_info": {
                                                "Projections": [
                                                    "PostId",
                                                    "title",
                                                    "creationdate",
                                                    "score",
                                                    "viewcount",
                                                    "AcceptedAnswerId",
                                                    "OwnerDisplayName",
                                                    "OwnerReputation",
                                                    "CommentCount",
                                                    "BadgeCount",
                                                    "TagName"
                                                ],
                                                "Estimated Cardinality": "3620911"
                                            },
                                            "cumulative_cardinality": 35992675,
                                            "operator_type": "PROJECTION",
                                            "operator_cardinality": 1589663,
                                            "cumulative_rows_scanned": 18939455,
                                            "operator_rows_scanned": 0,
                                            "operator_timing": 0.012054567000000009,
                                            "result_set_size": 146248996,
                                            "children": [
                                                {
                                                    "operator_name": "HASH_JOIN",
                                                    "cpu_time": 2.077543171000001,
                                                    "extra_info": {
                                                        "Join Type": "LEFT",
                                                        "Conditions": "id = acceptedanswerid",
                                                        "Estimated Cardinality": "3620911"
                                                    },
                                                    "cumulative_cardinality": 34403012,
                                                    "operator_type": "HASH_JOIN",
                                                    "operator_cardinality": 1589663,
                                                    "cumulative_rows_scanned": 18939455,
                                                    "operator_rows_scanned": 0,
                                                    "operator_timing": 0.12276373500000007,
                                                    "result_set_size": 146248996,
                                                    "children": [
                                                        {
                                                            "operator_name": "HASH_JOIN",
                                                            "cpu_time": 1.8741749890000008,
                                                            "extra_info": {
                                                                "Join Type": "LEFT",
                                                                "Conditions": "id = postid",
                                                                "Estimated Cardinality": "3620911"
                                                            },
                                                            "cumulative_cardinality": 31145185,
                                                            "operator_type": "HASH_JOIN",
                                                            "operator_cardinality": 1589663,
                                                            "cumulative_rows_scanned": 15089339,
                                                            "operator_rows_scanned": 0,
                                                            "operator_timing": 0.03422304700000003,
                                                            "result_set_size": 139890344,
                                                            "children": [
                                                                {
                                                                    "operator_name": "HASH_JOIN",
                                                                    "cpu_time": 1.8314740030000007,
                                                                    "extra_info": {
                                                                        "Join Type": "LEFT",
                                                                        "Conditions": "id = userid",
                                                                        "Estimated Cardinality": "3620911"
                                                                    },
                                                                    "cumulative_cardinality": 29537615,
                                                                    "operator_type": "HASH_JOIN",
                                                                    "operator_cardinality": 1589663,
                                                                    "cumulative_rows_scanned": 14674372,
                                                                    "operator_rows_scanned": 0,
                                                                    "operator_timing": 0.12612658900000034,
                                                                    "result_set_size": 114455736,
                                                                    "children": [
                                                                        {
                                                                            "operator_name": "HASH_JOIN",
                                                                            "cpu_time": 1.6177608540000004,
                                                                            "extra_info": {
                                                                                "Join Type": "RIGHT",
                                                                                "Conditions": "postid = id",
                                                                                "Estimated Cardinality": "3620911"
                                                                            },
                                                                            "cumulative_cardinality": 22755483,
                                                                            "operator_type": "HASH_JOIN",
                                                                            "operator_cardinality": 1589663,
                                                                            "cumulative_rows_scanned": 12352648,
                                                                            "operator_rows_scanned": 0,
                                                                            "operator_timing": 0.39369445300000033,
                                                                            "result_set_size": 108097084,
                                                                            "children": [
                                                                                {
                                                                                    "operator_name": "HASH_GROUP_BY",
                                                                                    "cpu_time": 0.2998424380000005,
                                                                                    "extra_info": {
                                                                                        "Groups": "#0",
                                                                                        "Aggregates": "count_star()",
                                                                                        "Estimated Cardinality": "3620911"
                                                                                    },
                                                                                    "cumulative_cardinality": 16647316,
                                                                                    "operator_type": "HASH_GROUP_BY",
                                                                                    "operator_cardinality": 2163672,
                                                                                    "cumulative_rows_scanned": 7241822,
                                                                                    "operator_rows_scanned": 0,
                                                                                    "operator_timing": 0.2590297270000005,
                                                                                    "result_set_size": 25964064,
                                                                                    "children": [
                                                                                        {
                                                                                            "operator_name": "PROJECTION",
                                                                                            "cpu_time": 0.04081271099999999,
                                                                                            "extra_info": {
                                                                                                "Projections": "postid",
                                                                                                "Estimated Cardinality": "7241822"
                                                                                            },
                                                                                            "cumulative_cardinality": 14483644,
                                                                                            "operator_type": "PROJECTION",
                                                                                            "operator_cardinality": 7241822,
                                                                                            "cumulative_rows_scanned": 7241822,
                                                                                            "operator_rows_scanned": 0,
                                                                                            "operator_timing": 0.00038905700000000444,
                                                                                            "result_set_size": 28967288,
                                                                                            "children": [
                                                                                                {
                                                                                                    "operator_name": "READ_PARQUET ",
                                                                                                    "cpu_time": 0.04042365399999998,
                                                                                                    "extra_info": {
                                                                                                        "Function": "READ_PARQUET",
                                                                                                        "Projections": "postid",
                                                                                                        "Estimated Cardinality": "7241822"
                                                                                                    },
                                                                                                    "cumulative_cardinality": 7241822,
                                                                                                    "operator_type": "TABLE_SCAN",
                                                                                                    "operator_cardinality": 7241822,
                                                                                                    "cumulative_rows_scanned": 7241822,
                                                                                                    "operator_rows_scanned": 7241822,
                                                                                                    "operator_timing": 0.04042365399999998,
                                                                                                    "result_set_size": 28967288,
                                                                                                    "children": []
                                                                                                }
                                                                                            ]
                                                                                        }
                                                                                    ]
                                                                                },
                                                                                {
                                                                                    "operator_name": "HASH_JOIN",
                                                                                    "cpu_time": 0.9242239629999995,
                                                                                    "extra_info": {
                                                                                        "Join Type": "INNER",
                                                                                        "Conditions": "id = owneruserid",
                                                                                        "Estimated Cardinality": "770023"
                                                                                    },
                                                                                    "cumulative_cardinality": 4518504,
                                                                                    "operator_type": "HASH_JOIN",
                                                                                    "operator_cardinality": 1589663,
                                                                                    "cumulative_rows_scanned": 5110826,
                                                                                    "operator_rows_scanned": 0,
                                                                                    "operator_timing": 0.28889322799999967,
                                                                                    "result_set_size": 95379780,
                                                                                    "children": [
                                                                                        {
                                                                                            "operator_name": "READ_PARQUET ",
                                                                                            "cpu_time": 0.10338202600000011,
                                                                                            "extra_info": {
                                                                                                "Function": "READ_PARQUET",
                                                                                                "Projections": [
                                                                                                    "id",
                                                                                                    "reputation",
                                                                                                    "displayname"
                                                                                                ],
                                                                                                "Filters": "id<=1416539",
                                                                                                "Estimated Cardinality": "1260710"
                                                                                            },
                                                                                            "cumulative_cardinality": 1260677,
                                                                                            "operator_type": "TABLE_SCAN",
                                                                                            "operator_cardinality": 1260677,
                                                                                            "cumulative_rows_scanned": 1260710,
                                                                                            "operator_rows_scanned": 1260710,
                                                                                            "operator_timing": 0.10338202600000011,
                                                                                            "result_set_size": 30256248,
                                                                                            "children": []
                                                                                        },
                                                                                        {
                                                                                            "operator_name": "READ_PARQUET ",
                                                                                            "cpu_time": 0.5319487089999997,
                                                                                            "extra_info": {
                                                                                                "Function": "READ_PARQUET",
                                                                                                "Projections": [
                                                                                                    "id",
                                                                                                    "creationdate",
                                                                                                    "score",
                                                                                                    "viewcount",
                                                                                                    "owneruserid",
                                                                                                    "title"
                                                                                                ],
                                                                                                "Filters": "posttypeid=1",
                                                                                                "Estimated Cardinality": "770023"
                                                                                            },
                                                                                            "cumulative_cardinality": 1668164,
                                                                                            "operator_type": "TABLE_SCAN",
                                                                                            "operator_cardinality": 1668164,
                                                                                            "cumulative_rows_scanned": 3850116,
                                                                                            "operator_rows_scanned": 3850116,
                                                                                            "operator_timing": 0.5319487089999997,
                                                                                            "result_set_size": 66726560,
                                                                                            "children": []
                                                                                        }
                                                                                    ]
                                                                                }
                                                                            ]
                                                                        },
                                                                        {
                                                                            "operator_name": "HASH_GROUP_BY",
                                                                            "cpu_time": 0.08758656000000001,
                                                                            "extra_info": {
                                                                                "Groups": "#0",
                                                                                "Aggregates": "count_star()",
                                                                                "Estimated Cardinality": "1160862"
                                                                            },
                                                                            "cumulative_cardinality": 5192469,
                                                                            "operator_type": "HASH_GROUP_BY",
                                                                            "operator_cardinality": 549021,
                                                                            "cumulative_rows_scanned": 2321724,
                                                                            "operator_rows_scanned": 0,
                                                                            "operator_timing": 0.063127135,
                                                                            "result_set_size": 6588252,
                                                                            "children": [
                                                                                {
                                                                                    "operator_name": "PROJECTION",
                                                                                    "cpu_time": 0.024459425,
                                                                                    "extra_info": {
                                                                                        "Projections": "userid",
                                                                                        "Estimated Cardinality": "2321724"
                                                                                    },
                                                                                    "cumulative_cardinality": 4643448,
                                                                                    "operator_type": "PROJECTION",
                                                                                    "operator_cardinality": 2321724,
                                                                                    "cumulative_rows_scanned": 2321724,
                                                                                    "operator_rows_scanned": 0,
                                                                                    "operator_timing": 0.00016987699999999927,
                                                                                    "result_set_size": 9286896,
                                                                                    "children": [
                                                                                        {
                                                                                            "operator_name": "READ_PARQUET ",
                                                                                            "cpu_time": 0.024289548,
                                                                                            "extra_info": {
                                                                                                "Function": "READ_PARQUET",
                                                                                                "Projections": "userid",
                                                                                                "Estimated Cardinality": "2321724"
                                                                                            },
                                                                                            "cumulative_cardinality": 2321724,
                                                                                            "operator_type": "TABLE_SCAN",
                                                                                            "operator_cardinality": 2321724,
                                                                                            "cumulative_rows_scanned": 2321724,
                                                                                            "operator_rows_scanned": 2321724,
                                                                                            "operator_timing": 0.024289548,
                                                                                            "result_set_size": 9286896,
                                                                                            "children": []
                                                                                        }
                                                                                    ]
                                                                                }
                                                                            ]
                                                                        }
                                                                    ]
                                                                },
                                                                {
                                                                    "operator_name": "HASH_GROUP_BY",
                                                                    "cpu_time": 0.008477939000000002,
                                                                    "extra_info": {
                                                                        "Groups": "#0",
                                                                        "Aggregates": "string_agg(#1)",
                                                                        "Estimated Cardinality": "206495"
                                                                    },
                                                                    "cumulative_cardinality": 17907,
                                                                    "operator_type": "HASH_GROUP_BY",
                                                                    "operator_cardinality": 2119,
                                                                    "cumulative_rows_scanned": 414967,
                                                                    "operator_rows_scanned": 0,
                                                                    "operator_timing": 0.00021794700000000002,
                                                                    "result_set_size": 42380,
                                                                    "children": [
                                                                        {
                                                                            "operator_name": "PROJECTION",
                                                                            "cpu_time": 0.008259992000000002,
                                                                            "extra_info": {
                                                                                "Projections": [
                                                                                    "postid",
                                                                                    "tagname"
                                                                                ],
                                                                                "Estimated Cardinality": "412991"
                                                                            },
                                                                            "cumulative_cardinality": 15788,
                                                                            "operator_type": "PROJECTION",
                                                                            "operator_cardinality": 2657,
                                                                            "cumulative_rows_scanned": 414967,
                                                                            "operator_rows_scanned": 0,
                                                                            "operator_timing": 7.22e-7,
                                                                            "result_set_size": 53140,
                                                                            "children": [
                                                                                {
                                                                                    "operator_name": "HASH_JOIN",
                                                                                    "cpu_time": 0.008259270000000003,
                                                                                    "extra_info": {
                                                                                        "Join Type": "INNER",
                                                                                        "Conditions": "relatedpostid = id",
                                                                                        "Estimated Cardinality": "412991"
                                                                                    },
                                                                                    "cumulative_cardinality": 13131,
                                                                                    "operator_type": "HASH_JOIN",
                                                                                    "operator_cardinality": 2657,
                                                                                    "cumulative_rows_scanned": 414967,
                                                                                    "operator_rows_scanned": 0,
                                                                                    "operator_timing": 0.0006562419999999997,
                                                                                    "result_set_size": 53140,
                                                                                    "children": [
                                                                                        {
                                                                                            "operator_name": "READ_PARQUET ",
                                                                                            "cpu_time": 0.0071047370000000025,
                                                                                            "extra_info": {
                                                                                                "Function": "READ_PARQUET",
                                                                                                "Projections": [
                                                                                                    "postid",
                                                                                                    "relatedpostid"
                                                                                                ],
                                                                                                "Filters": "relatedpostid<=7945",
                                                                                                "Estimated Cardinality": "412991"
                                                                                            },
                                                                                            "cumulative_cardinality": 8498,
                                                                                            "operator_type": "TABLE_SCAN",
                                                                                            "operator_cardinality": 8498,
                                                                                            "cumulative_rows_scanned": 412991,
                                                                                            "operator_rows_scanned": 412991,
                                                                                            "operator_timing": 0.0071047370000000025,
                                                                                            "result_set_size": 67984,
                                                                                            "children": []
                                                                                        },
                                                                                        {
                                                                                            "operator_name": "READ_PARQUET ",
                                                                                            "cpu_time": 0.000498291,
                                                                                            "extra_info": {
                                                                                                "Function": "READ_PARQUET",
                                                                                                "Projections": [
                                                                                                    "id",
                                                                                                    "tagname"
                                                                                                ],
                                                                                                "Estimated Cardinality": "1976"
                                                                                            },
                                                                                            "cumulative_cardinality": 1976,
                                                                                            "operator_type": "TABLE_SCAN",
                                                                                            "operator_cardinality": 1976,
                                                                                            "cumulative_rows_scanned": 1976,
                                                                                            "operator_rows_scanned": 1976,
                                                                                            "operator_timing": 0.000498291,
                                                                                            "result_set_size": 39520,
                                                                                            "children": []
                                                                                        }
                                                                                    ]
                                                                                }
                                                                            ]
                                                                        }
                                                                    ]
                                                                }
                                                            ]
                                                        },
                                                        {
                                                            "operator_name": "READ_PARQUET ",
                                                            "cpu_time": 0.08060444700000004,
                                                            "extra_info": {
                                                                "Function": "READ_PARQUET",
                                                                "Projections": "acceptedanswerid",
                                                                "Filters": "posttypeid=1",
                                                                "Estimated Cardinality": "770023"
                                                            },
                                                            "cumulative_cardinality": 1668164,
                                                            "operator_type": "TABLE_SCAN",
                                                            "operator_cardinality": 1668164,
                                                            "cumulative_rows_scanned": 3850116,
                                                            "operator_rows_scanned": 3850116,
                                                            "operator_timing": 0.08060444700000004,
                                                            "result_set_size": 6672656,
                                                            "children": []
                                                        }
                                                    ]
                                                }
                                            ]
                                        }
                                    ]
                                }
                            ]
                        }
                    ]
                }
            ]
        }
    ]
}