{
    "rows_returned": 10035,
    "query_name": "SELECT \n    u.DisplayName AS UserName,\n    p.Title AS PostTitle,\n    p.CreationDate AS PostCreationDate,\n    p.ViewCount AS PostViewCount,\n    p.Score AS PostScore,\n    COUNT(c.Id) AS CommentCount,\n    COUNT(DISTINCT v.Id) AS VoteCount,\n    pt.Name AS PostType,\n    CASE\n        WHEN p.AcceptedAnswerId IS NOT NULL THEN 'Accepted Answer'\n        ELSE 'Not Accepted'\n    END AS AcceptedStatus\nFROM \n    Posts p\nJOIN \n    Users u ON p.OwnerUserId = u.Id\nLEFT JOIN \n    Comments c ON p.Id = c.PostId\nLEFT JOIN \n    Votes v ON p.Id = v.PostId\nJOIN \n    PostTypes pt ON p.PostTypeId = pt.Id\nWHERE \n    p.CreationDate >= cast('2024-10-01' as date) - INTERVAL '30 days'\nGROUP BY \n    u.DisplayName, p.Title, p.CreationDate, p.ViewCount, p.Score, pt.Name, p.AcceptedAnswerId\nORDER BY \n    PostScore DESC, PostViewCount DESC;",
    "blocked_thread_time": 0.0,
    "cpu_time": 0.9422434759999994,
    "extra_info": {},
    "cumulative_cardinality": 14408550,
    "cumulative_rows_scanned": 25096749,
    "result_set_size": 963360,
    "latency": 1.04838016,
    "children": [
        {
            "operator_name": "PROJECTION",
            "cpu_time": 0.9422434759999994,
            "extra_info": {
                "Projections": [
                    "#0",
                    "#1",
                    "#2",
                    "#3",
                    "__internal_decompress_integral_integer(#4, -72)",
                    "#5",
                    "#6",
                    "#7",
                    "__internal_decompress_string(#8)"
                ],
                "Estimated Cardinality": "3850116"
            },
            "cumulative_cardinality": 14408550,
            "operator_type": "PROJECTION",
            "operator_cardinality": 10035,
            "cumulative_rows_scanned": 25096749,
            "operator_rows_scanned": 0,
            "operator_timing": 0.00010636900000000001,
            "result_set_size": 963360,
            "children": [
                {
                    "operator_name": "ORDER_BY",
                    "cpu_time": 0.9421371069999993,
                    "extra_info": {
                        "Order By": [
                            "p.Score DESC",
                            "p.ViewCount DESC"
                        ]
                    },
                    "cumulative_cardinality": 14398515,
                    "operator_type": "ORDER_BY",
                    "operator_cardinality": 10035,
                    "cumulative_rows_scanned": 25096749,
                    "operator_rows_scanned": 0,
                    "operator_timing": 0.000744932,
                    "result_set_size": 943290,
                    "children": [
                        {
                            "operator_name": "PROJECTION",
                            "cpu_time": 0.9413921749999993,
                            "extra_info": {
                                "Projections": [
                                    "#0",
                                    "#1",
                                    "#2",
                                    "#3",
                                    "__internal_compress_integral_usmallint(#4, -72)",
                                    "#5",
                                    "#6",
                                    "#7",
                                    "__internal_compress_string_hugeint(#8)"
                                ],
                                "Estimated Cardinality": "3850116"
                            },
                            "cumulative_cardinality": 14388480,
                            "operator_type": "PROJECTION",
                            "operator_cardinality": 10035,
                            "cumulative_rows_scanned": 25096749,
                            "operator_rows_scanned": 0,
                            "operator_timing": 0.000114886,
                            "result_set_size": 943290,
                            "children": [
                                {
                                    "operator_name": "PROJECTION",
                                    "cpu_time": 0.9412772889999993,
                                    "extra_info": {
                                        "Projections": [
                                            "UserName",
                                            "PostTitle",
                                            "PostCreationDate",
                                            "PostViewCount",
                                            "PostScore",
                                            "CommentCount",
                                            "VoteCount",
                                            "PostType",
                                            "AcceptedStatus"
                                        ],
                                        "Estimated Cardinality": "3850116"
                                    },
                                    "cumulative_cardinality": 14378445,
                                    "operator_type": "PROJECTION",
                                    "operator_cardinality": 10035,
                                    "cumulative_rows_scanned": 25096749,
                                    "operator_rows_scanned": 0,
                                    "operator_timing": 0.00006210499999999999,
                                    "result_set_size": 963360,
                                    "children": [
                                        {
                                            "operator_name": "PROJECTION",
                                            "cpu_time": 0.9412151839999993,
                                            "extra_info": {
                                                "Projections": [
                                                    "#0",
                                                    "#1",
                                                    "#2",
                                                    "#3",
                                                    "__internal_decompress_integral_integer(#4, -72)",
                                                    "#5",
                                                    "#6",
                                                    "#7",
                                                    "#8"
                                                ],
                                                "Estimated Cardinality": "3850116"
                                            },
                                            "cumulative_cardinality": 14368410,
                                            "operator_type": "PROJECTION",
                                            "operator_cardinality": 10035,
                                            "cumulative_rows_scanned": 25096749,
                                            "operator_rows_scanned": 0,
                                            "operator_timing": 0.000007285,
                                            "result_set_size": 842940,
                                            "children": [
                                                {
                                                    "operator_name": "HASH_GROUP_BY",
                                                    "cpu_time": 0.9412078989999992,
                                                    "extra_info": {
                                                        "Groups": [
                                                            "#0",
                                                            "#1",
                                                            "#2",
                                                            "#3",
                                                            "#4",
                                                            "#5",
                                                            "#6"
                                                        ],
                                                        "Aggregates": [
                                                            "count(#7)",
                                                            "count(DISTINCT #8)"
                                                        ],
                                                        "Estimated Cardinality": "3850116"
                                                    },
                                                    "cumulative_cardinality": 14358375,
                                                    "operator_type": "HASH_GROUP_BY",
                                                    "operator_cardinality": 10035,
                                                    "cumulative_rows_scanned": 25096749,
                                                    "operator_rows_scanned": 0,
                                                    "operator_timing": 0.015253048000000002,
                                                    "result_set_size": 822870,
                                                    "children": [
                                                        {
                                                            "operator_name": "PROJECTION",
                                                            "cpu_time": 0.9259548509999992,
                                                            "extra_info": {
                                                                "Projections": [
                                                                    "displayname",
                                                                    "title",
                                                                    "creationdate",
                                                                    "viewcount",
                                                                    "score",
                                                                    "name",
                                                                    "acceptedanswerid",
                                                                    "id",
                                                                    "id"
                                                                ],
                                                                "Estimated Cardinality": "12744093"
                                                            },
                                                            "cumulative_cardinality": 14348340,
                                                            "operator_type": "PROJECTION",
                                                            "operator_cardinality": 69926,
                                                            "cumulative_rows_scanned": 25096749,
                                                            "operator_rows_scanned": 0,
                                                            "operator_timing": 0.00003364400000000002,
                                                            "result_set_size": 5174524,
                                                            "children": [
                                                                {
                                                                    "operator_name": "PROJECTION",
                                                                    "cpu_time": 0.9259212069999991,
                                                                    "extra_info": {
                                                                        "Projections": [
                                                                            "#2",
                                                                            "#3",
                                                                            "__internal_compress_integral_usmallint(#4, -72)",
                                                                            "#5",
                                                                            "#6",
                                                                            "#1",
                                                                            "#0",
                                                                            "#7",
                                                                            "#8"
                                                                        ],
                                                                        "Estimated Cardinality": "12744093"
                                                                    },
                                                                    "cumulative_cardinality": 14278414,
                                                                    "operator_type": "PROJECTION",
                                                                    "operator_cardinality": 69926,
                                                                    "cumulative_rows_scanned": 25096749,
                                                                    "operator_rows_scanned": 0,
                                                                    "operator_timing": 0.00010626600000000002,
                                                                    "result_set_size": 5174524,
                                                                    "children": [
                                                                        {
                                                                            "operator_name": "HASH_JOIN",
                                                                            "cpu_time": 0.9258149409999992,
                                                                            "extra_info": {
                                                                                "Join Type": "INNER",
                                                                                "Conditions": "posttypeid = id",
                                                                                "Estimated Cardinality": "12744093"
                                                                            },
                                                                            "cumulative_cardinality": 14208488,
                                                                            "operator_type": "HASH_JOIN",
                                                                            "operator_cardinality": 69926,
                                                                            "cumulative_rows_scanned": 25096749,
                                                                            "operator_rows_scanned": 0,
                                                                            "operator_timing": 0.0002811440000000001,
                                                                            "result_set_size": 5314376,
                                                                            "children": [
                                                                                {
                                                                                    "operator_name": "HASH_JOIN",
                                                                                    "cpu_time": 0.9252128769999992,
                                                                                    "extra_info": {
                                                                                        "Join Type": "LEFT",
                                                                                        "Conditions": "id = postid",
                                                                                        "Estimated Cardinality": "12744093"
                                                                                    },
                                                                                    "cumulative_cardinality": 14138555,
                                                                                    "operator_type": "HASH_JOIN",
                                                                                    "operator_cardinality": 69926,
                                                                                    "cumulative_rows_scanned": 25096741,
                                                                                    "operator_rows_scanned": 0,
                                                                                    "operator_timing": 0.5849672529999995,
                                                                                    "result_set_size": 4335412,
                                                                                    "children": [
                                                                                        {
                                                                                            "operator_name": "HASH_JOIN",
                                                                                            "cpu_time": 0.18686885600000006,
                                                                                            "extra_info": {
                                                                                                "Join Type": "RIGHT",
                                                                                                "Conditions": "postid = id",
                                                                                                "Estimated Cardinality": "7241822"
                                                                                            },
                                                                                            "cumulative_cardinality": 1324536,
                                                                                            "operator_type": "HASH_JOIN",
                                                                                            "operator_cardinality": 24047,
                                                                                            "cumulative_rows_scanned": 12352648,
                                                                                            "operator_rows_scanned": 0,
                                                                                            "operator_timing": 0.0030478540000000004,
                                                                                            "result_set_size": 1490914,
                                                                                            "children": [
                                                                                                {
                                                                                                    "operator_name": "READ_PARQUET ",
                                                                                                    "cpu_time": 0.012735451000000002,
                                                                                                    "extra_info": {
                                                                                                        "Function": "READ_PARQUET",
                                                                                                        "Projections": [
                                                                                                            "id",
                                                                                                            "postid"
                                                                                                        ],
                                                                                                        "Estimated Cardinality": "7241822"
                                                                                                    },
                                                                                                    "cumulative_cardinality": 19716,
                                                                                                    "operator_type": "TABLE_SCAN",
                                                                                                    "operator_cardinality": 19716,
                                                                                                    "cumulative_rows_scanned": 7241822,
                                                                                                    "operator_rows_scanned": 7241822,
                                                                                                    "operator_timing": 0.012735451000000002,
                                                                                                    "result_set_size": 157728,
                                                                                                    "children": []
                                                                                                },
                                                                                                {
                                                                                                    "operator_name": "HASH_JOIN",
                                                                                                    "cpu_time": 0.17108555100000006,
                                                                                                    "extra_info": {
                                                                                                        "Join Type": "INNER",
                                                                                                        "Conditions": "id = owneruserid",
                                                                                                        "Estimated Cardinality": "770023"
                                                                                                    },
                                                                                                    "cumulative_cardinality": 1280773,
                                                                                                    "operator_type": "HASH_JOIN",
                                                                                                    "operator_cardinality": 10035,
                                                                                                    "cumulative_rows_scanned": 5110826,
                                                                                                    "operator_rows_scanned": 0,
                                                                                                    "operator_timing": 0.011334459000000003,
                                                                                                    "result_set_size": 582030,
                                                                                                    "children": [
                                                                                                        {
                                                                                                            "operator_name": "READ_PARQUET ",
                                                                                                            "cpu_time": 0.08470405800000005,
                                                                                                            "extra_info": {
                                                                                                                "Function": "READ_PARQUET",
                                                                                                                "Projections": [
                                                                                                                    "id",
                                                                                                                    "displayname"
                                                                                                                ],
                                                                                                                "Filters": "id<=1416539",
                                                                                                                "Estimated Cardinality": "1260710"
                                                                                                            },
                                                                                                            "cumulative_cardinality": 1260679,
                                                                                                            "operator_type": "TABLE_SCAN",
                                                                                                            "operator_cardinality": 1260679,
                                                                                                            "cumulative_rows_scanned": 1260710,
                                                                                                            "operator_rows_scanned": 1260710,
                                                                                                            "operator_timing": 0.08470405800000005,
                                                                                                            "result_set_size": 25213580,
                                                                                                            "children": []
                                                                                                        },
                                                                                                        {
                                                                                                            "operator_name": "READ_PARQUET ",
                                                                                                            "cpu_time": 0.07504703400000001,
                                                                                                            "extra_info": {
                                                                                                                "Function": "READ_PARQUET",
                                                                                                                "Projections": [
                                                                                                                    "id",
                                                                                                                    "posttypeid",
                                                                                                                    "acceptedanswerid",
                                                                                                                    "creationdate",
                                                                                                                    "score",
                                                                                                                    "viewcount",
                                                                                                                    "owneruserid",
                                                                                                                    "title"
                                                                                                                ],
                                                                                                                "Filters": "creationdate>='2024-09-01 00:00:00'::TIMESTAMP",
                                                                                                                "Estimated Cardinality": "770023"
                                                                                                            },
                                                                                                            "cumulative_cardinality": 10059,
                                                                                                            "operator_type": "TABLE_SCAN",
                                                                                                            "operator_cardinality": 10059,
                                                                                                            "cumulative_rows_scanned": 3850116,
                                                                                                            "operator_rows_scanned": 3850116,
                                                                                                            "operator_timing": 0.07504703400000001,
                                                                                                            "result_set_size": 462714,
                                                                                                            "children": []
                                                                                                        }
                                                                                                    ]
                                                                                                }
                                                                                            ]
                                                                                        },
                                                                                        {
                                                                                            "operator_name": "READ_PARQUET ",
                                                                                            "cpu_time": 0.15337676799999972,
                                                                                            "extra_info": {
                                                                                                "Function": "READ_PARQUET",
                                                                                                "Projections": [
                                                                                                    "id",
                                                                                                    "postid"
                                                                                                ],
                                                                                                "Estimated Cardinality": "12744093"
                                                                                            },
                                                                                            "cumulative_cardinality": 12744093,
                                                                                            "operator_type": "TABLE_SCAN",
                                                                                            "operator_cardinality": 12744093,
                                                                                            "cumulative_rows_scanned": 12744093,
                                                                                            "operator_rows_scanned": 12744093,
                                                                                            "operator_timing": 0.15337676799999972,
                                                                                            "result_set_size": 101952744,
                                                                                            "children": []
                                                                                        }
                                                                                    ]
                                                                                },
                                                                                {
                                                                                    "operator_name": "READ_PARQUET ",
                                                                                    "cpu_time": 0.00032092,
                                                                                    "extra_info": {
                                                                                        "Function": "READ_PARQUET",
                                                                                        "Projections": [
                                                                                            "id",
                                                                                            "name"
                                                                                        ],
                                                                                        "Filters": "id<=7",
                                                                                        "Estimated Cardinality": "8"
                                                                                    },
                                                                                    "cumulative_cardinality": 7,
                                                                                    "operator_type": "TABLE_SCAN",
                                                                                    "operator_cardinality": 7,
                                                                                    "cumulative_rows_scanned": 8,
                                                                                    "operator_rows_scanned": 8,
                                                                                    "operator_timing": 0.00032092,
                                                                                    "result_set_size": 126,
                                                                                    "children": []
                                                                                }
                                                                            ]
                                                                        }
                                                                    ]
                                                                }
                                                            ]
                                                        }
                                                    ]
                                                }
                                            ]
                                        }
                                    ]
                                }
                            ]
                        }
                    ]
                }
            ]
        }
    ]
}