{
    "rows_returned": 2601368,
    "query_name": "WITH UserPostActivity AS (\n    SELECT \n        u.Id AS UserId,\n        u.DisplayName,\n        COUNT(p.Id) AS PostCount,\n        COALESCE(SUM(CASE WHEN p.PostTypeId = 1 THEN 1 ELSE 0 END), 0) AS QuestionCount,\n        COALESCE(SUM(CASE WHEN p.PostTypeId = 2 THEN 1 ELSE 0 END), 0) AS AnswerCount,\n        COALESCE(SUM(p.ViewCount), 0) AS TotalViews,\n        COALESCE(SUM(p.Score), 0) AS TotalScore,\n        AVG(u.Reputation) AS AverageReputation\n    FROM \n        Users u\n    LEFT JOIN \n        Posts p ON u.Id = p.OwnerUserId\n    GROUP BY \n        u.Id, u.DisplayName\n),\nPostStatistics AS (\n    SELECT \n        pt.Name AS PostType,\n        COUNT(p.Id) AS TotalPosts,\n        AVG(p.ViewCount) AS AverageViews,\n        SUM(CASE WHEN p.Score > 0 THEN 1 ELSE 0 END) AS PositiveScoreCount\n    FROM \n        Posts p\n    JOIN \n        PostTypes pt ON p.PostTypeId = pt.Id\n    GROUP BY \n        pt.Name\n)\n\nSELECT \n    u.DisplayName,\n    u.PostCount,\n    u.QuestionCount,\n    u.AnswerCount,\n    u.TotalViews,\n    u.TotalScore,\n    u.AverageReputation,\n    ps.PostType,\n    ps.TotalPosts,\n    ps.AverageViews,\n    ps.PositiveScoreCount\nFROM \n    UserPostActivity u\nJOIN \n    PostStatistics ps ON u.QuestionCount > 0 OR u.AnswerCount > 0\nORDER BY \n    u.TotalViews DESC;",
    "blocked_thread_time": 0.0,
    "cpu_time": 1.8176346530000003,
    "extra_info": {},
    "cumulative_cardinality": 35825164,
    "cumulative_rows_scanned": 8960950,
    "result_set_size": 374596992,
    "latency": 22.290255799,
    "children": [
        {
            "operator_name": "ORDER_BY",
            "cpu_time": 1.8176346530000003,
            "extra_info": {
                "Order By": "u.TotalViews DESC"
            },
            "cumulative_cardinality": 35825164,
            "operator_type": "ORDER_BY",
            "operator_cardinality": 2601368,
            "cumulative_rows_scanned": 8960950,
            "operator_rows_scanned": 0,
            "operator_timing": 0.3255800930000001,
            "result_set_size": 374596992,
            "children": [
                {
                    "operator_name": "PROJECTION",
                    "cpu_time": 1.4920545600000001,
                    "extra_info": {
                        "Projections": [
                            "displayname",
                            "PostCount",
                            "QuestionCount",
                            "AnswerCount",
                            "TotalViews",
                            "TotalScore",
                            "AverageReputation",
                            "PostType",
                            "TotalPosts",
                            "AverageViews",
                            "PositiveScoreCount"
                        ],
                        "Estimated Cardinality": "485387974236"
                    },
                    "cumulative_cardinality": 33223796,
                    "operator_type": "PROJECTION",
                    "operator_cardinality": 2601368,
                    "cumulative_rows_scanned": 8960950,
                    "operator_rows_scanned": 0,
                    "operator_timing": 0.0006841000000000006,
                    "result_set_size": 374596992,
                    "children": [
                        {
                            "operator_name": "CROSS_PRODUCT",
                            "cpu_time": 1.4913704600000002,
                            "extra_info": {},
                            "cumulative_cardinality": 30622428,
                            "operator_type": "CROSS_PRODUCT",
                            "operator_cardinality": 2601368,
                            "cumulative_rows_scanned": 8960950,
                            "operator_rows_scanned": 0,
                            "operator_timing": 0.011547751999999993,
                            "result_set_size": 374596992,
                            "children": [
                                {
                                    "operator_name": "HASH_GROUP_BY",
                                    "cpu_time": 0.22825582100000014,
                                    "extra_info": {
                                        "Groups": "#0",
                                        "Aggregates": [
                                            "count_star()",
                                            "avg(#1)",
                                            "sum(#2)"
                                        ],
                                        "Estimated Cardinality": "1925058"
                                    },
                                    "cumulative_cardinality": 11550362,
                                    "operator_type": "HASH_GROUP_BY",
                                    "operator_cardinality": 7,
                                    "cumulative_rows_scanned": 3850124,
                                    "operator_rows_scanned": 0,
                                    "operator_timing": 0.09303148200000023,
                                    "result_set_size": 336,
                                    "children": [
                                        {
                                            "operator_name": "PROJECTION",
                                            "cpu_time": 0.13522433899999992,
                                            "extra_info": {
                                                "Projections": [
                                                    "name",
                                                    "viewcount",
                                                    "CASE  WHEN ((score > 0)) THEN (1) ELSE 0 END"
                                                ],
                                                "Estimated Cardinality": "3850116"
                                            },
                                            "cumulative_cardinality": 11550355,
                                            "operator_type": "PROJECTION",
                                            "operator_cardinality": 3850116,
                                            "cumulative_rows_scanned": 3850124,
                                            "operator_rows_scanned": 0,
                                            "operator_timing": 0.019336950000000016,
                                            "result_set_size": 92402784,
                                            "children": [
                                                {
                                                    "operator_name": "HASH_JOIN",
                                                    "cpu_time": 0.1158873889999999,
                                                    "extra_info": {
                                                        "Join Type": "INNER",
                                                        "Conditions": "posttypeid = id",
                                                        "Estimated Cardinality": "3850116"
                                                    },
                                                    "cumulative_cardinality": 7700239,
                                                    "operator_type": "HASH_JOIN",
                                                    "operator_cardinality": 3850116,
                                                    "cumulative_rows_scanned": 3850124,
                                                    "operator_rows_scanned": 0,
                                                    "operator_timing": 0.007818864000000023,
                                                    "result_set_size": 92402784,
                                                    "children": [
                                                        {
                                                            "operator_name": "READ_PARQUET ",
                                                            "cpu_time": 0.10772963199999987,
                                                            "extra_info": {
                                                                "Function": "READ_PARQUET",
                                                                "Projections": [
                                                                    "id",
                                                                    "posttypeid",
                                                                    "score",
                                                                    "viewcount"
                                                                ],
                                                                "Estimated Cardinality": "3850116"
                                                            },
                                                            "cumulative_cardinality": 3850116,
                                                            "operator_type": "TABLE_SCAN",
                                                            "operator_cardinality": 3850116,
                                                            "cumulative_rows_scanned": 3850116,
                                                            "operator_rows_scanned": 3850116,
                                                            "operator_timing": 0.10772963199999987,
                                                            "result_set_size": 53901624,
                                                            "children": []
                                                        },
                                                        {
                                                            "operator_name": "READ_PARQUET ",
                                                            "cpu_time": 0.000338893,
                                                            "extra_info": {
                                                                "Function": "READ_PARQUET",
                                                                "Projections": [
                                                                    "id",
                                                                    "name"
                                                                ],
                                                                "Filters": "id<=7",
                                                                "Estimated Cardinality": "8"
                                                            },
                                                            "cumulative_cardinality": 7,
                                                            "operator_type": "TABLE_SCAN",
                                                            "operator_cardinality": 7,
                                                            "cumulative_rows_scanned": 8,
                                                            "operator_rows_scanned": 8,
                                                            "operator_timing": 0.000338893,
                                                            "result_set_size": 126,
                                                            "children": []
                                                        }
                                                    ]
                                                }
                                            ]
                                        }
                                    ]
                                },
                                {
                                    "operator_name": "PROJECTION",
                                    "cpu_time": 1.251566887,
                                    "extra_info": {
                                        "Projections": [
                                            "displayname",
                                            "PostCount",
                                            "QuestionCount",
                                            "AnswerCount",
                                            "TotalViews",
                                            "TotalScore",
                                            "AverageReputation"
                                        ],
                                        "Estimated Cardinality": "252142"
                                    },
                                    "cumulative_cardinality": 16470698,
                                    "operator_type": "PROJECTION",
                                    "operator_cardinality": 371624,
                                    "cumulative_rows_scanned": 5110826,
                                    "operator_rows_scanned": 0,
                                    "operator_timing": 0.008131334000000002,
                                    "result_set_size": 35675904,
                                    "children": [
                                        {
                                            "operator_name": "PROJECTION",
                                            "cpu_time": 1.243435553,
                                            "extra_info": {
                                                "Projections": [
                                                    "#1",
                                                    "#2",
                                                    "#3",
                                                    "#4",
                                                    "#5",
                                                    "#6",
                                                    "#7"
                                                ],
                                                "Estimated Cardinality": "252142"
                                            },
                                            "cumulative_cardinality": 16099074,
                                            "operator_type": "PROJECTION",
                                            "operator_cardinality": 371624,
                                            "cumulative_rows_scanned": 5110826,
                                            "operator_rows_scanned": 0,
                                            "operator_timing": 0.00005892899999999997,
                                            "result_set_size": 35675904,
                                            "children": [
                                                {
                                                    "operator_name": "FILTER",
                                                    "cpu_time": 1.2433766240000002,
                                                    "extra_info": {
                                                        "Expression": "((COALESCE(sum(CASE  WHEN ((posttypeid = CAST(1 AS SMALLINT))) THEN (CAST(1 AS INTEGER)) ELSE CAST(0 AS INTEGER) END), 0) > 0) OR (COALESCE(sum(CASE  WHEN ((posttypeid = CAST(2 AS SMALLINT))) THEN (CAST(1 AS INTEGER)) ELSE CAST(0 AS INTEGER) END), 0) > 0))",
                                                        "Estimated Cardinality": "252142"
                                                    },
                                                    "cumulative_cardinality": 15727450,
                                                    "operator_type": "FILTER",
                                                    "operator_cardinality": 371624,
                                                    "cumulative_rows_scanned": 5110826,
                                                    "operator_rows_scanned": 0,
                                                    "operator_timing": 0.019859300000000007,
                                                    "result_set_size": 37162400,
                                                    "children": [
                                                        {
                                                            "operator_name": "HASH_GROUP_BY",
                                                            "cpu_time": 1.2235173240000001,
                                                            "extra_info": {
                                                                "Groups": [
                                                                    "#0",
                                                                    "#1"
                                                                ],
                                                                "Aggregates": [
                                                                    "count(#2)",
                                                                    "sum(#3)",
                                                                    "sum(#4)",
                                                                    "sum(#5)",
                                                                    "sum(#6)",
                                                                    "avg(#7)"
                                                                ],
                                                                "Estimated Cardinality": "1260710"
                                                            },
                                                            "cumulative_cardinality": 15355826,
                                                            "operator_type": "HASH_GROUP_BY",
                                                            "operator_cardinality": 1260710,
                                                            "cumulative_rows_scanned": 5110826,
                                                            "operator_rows_scanned": 0,
                                                            "operator_timing": 0.6754018919999996,
                                                            "result_set_size": 126071000,
                                                            "children": [
                                                                {
                                                                    "operator_name": "PROJECTION",
                                                                    "cpu_time": 0.5481154320000006,
                                                                    "extra_info": {
                                                                        "Projections": [
                                                                            "id",
                                                                            "displayname",
                                                                            "id",
                                                                            "CASE  WHEN ((posttypeid = 1)) THEN (1) ELSE 0 END",
                                                                            "CASE  WHEN ((posttypeid = 2)) THEN (1) ELSE 0 END",
                                                                            "viewcount",
                                                                            "score",
                                                                            "reputation"
                                                                        ],
                                                                        "Estimated Cardinality": "3850116"
                                                                    },
                                                                    "cumulative_cardinality": 14095116,
                                                                    "operator_type": "PROJECTION",
                                                                    "operator_cardinality": 4574495,
                                                                    "cumulative_rows_scanned": 5110826,
                                                                    "operator_rows_scanned": 0,
                                                                    "operator_timing": 0.04956285000000006,
                                                                    "result_set_size": 201277780,
                                                                    "children": [
                                                                        {
                                                                            "operator_name": "HASH_JOIN",
                                                                            "cpu_time": 0.4985525820000005,
                                                                            "extra_info": {
                                                                                "Join Type": "RIGHT",
                                                                                "Conditions": "owneruserid = id",
                                                                                "Estimated Cardinality": "3850116"
                                                                            },
                                                                            "cumulative_cardinality": 9520621,
                                                                            "operator_type": "HASH_JOIN",
                                                                            "operator_cardinality": 4574495,
                                                                            "cumulative_rows_scanned": 5110826,
                                                                            "operator_rows_scanned": 0,
                                                                            "operator_timing": 0.25137169100000006,
                                                                            "result_set_size": 173830810,
                                                                            "children": [
                                                                                {
                                                                                    "operator_name": "READ_PARQUET ",
                                                                                    "cpu_time": 0.1621918690000004,
                                                                                    "extra_info": {
                                                                                        "Function": "READ_PARQUET",
                                                                                        "Projections": [
                                                                                            "id",
                                                                                            "posttypeid",
                                                                                            "score",
                                                                                            "viewcount",
                                                                                            "owneruserid"
                                                                                        ],
                                                                                        "Estimated Cardinality": "3850116"
                                                                                    },
                                                                                    "cumulative_cardinality": 3685416,
                                                                                    "operator_type": "TABLE_SCAN",
                                                                                    "operator_cardinality": 3685416,
                                                                                    "cumulative_rows_scanned": 3850116,
                                                                                    "operator_rows_scanned": 3850116,
                                                                                    "operator_timing": 0.1621918690000004,
                                                                                    "result_set_size": 66337488,
                                                                                    "children": []
                                                                                },
                                                                                {
                                                                                    "operator_name": "READ_PARQUET ",
                                                                                    "cpu_time": 0.08498902200000003,
                                                                                    "extra_info": {
                                                                                        "Function": "READ_PARQUET",
                                                                                        "Projections": [
                                                                                            "id",
                                                                                            "reputation",
                                                                                            "displayname"
                                                                                        ],
                                                                                        "Estimated Cardinality": "1260710"
                                                                                    },
                                                                                    "cumulative_cardinality": 1260710,
                                                                                    "operator_type": "TABLE_SCAN",
                                                                                    "operator_cardinality": 1260710,
                                                                                    "cumulative_rows_scanned": 1260710,
                                                                                    "operator_rows_scanned": 1260710,
                                                                                    "operator_timing": 0.08498902200000003,
                                                                                    "result_set_size": 30257040,
                                                                                    "children": []
                                                                                }
                                                                            ]
                                                                        }
                                                                    ]
                                                                }
                                                            ]
                                                        }
                                                    ]
                                                }
                                            ]
                                        }
                                    ]
                                }
                            ]
                        }
                    ]
                }
            ]
        }
    ]
}