{
    "rows_returned": 440693,
    "query_name": "SELECT \n    p.Id AS PostId,\n    p.Title,\n    p.CreationDate,\n    p.ViewCount,\n    COUNT(DISTINCT c.Id) AS CommentCount,\n    COUNT(DISTINCT v.Id) AS VoteCount,\n    COUNT(DISTINCT b.Id) AS BadgeCount,\n    u.DisplayName AS OwnerDisplayName,\n    u.Reputation AS OwnerReputation,\n    p.LastActivityDate\nFROM \n    Posts p\nJOIN \n    Users u ON p.OwnerUserId = u.Id\nLEFT JOIN \n    Comments c ON p.Id = c.PostId\nLEFT JOIN \n    Votes v ON p.Id = v.PostId\nLEFT JOIN \n    Badges b ON u.Id = b.UserId\nWHERE \n    p.CreationDate >= '2022-01-01' \nGROUP BY \n    p.Id, p.Title, p.CreationDate, p.ViewCount, u.DisplayName, u.Reputation, p.LastActivityDate\nORDER BY \n    p.ViewCount DESC;",
    "blocked_thread_time": 0.0,
    "cpu_time": 57.7736717749998,
    "extra_info": {},
    "cumulative_cardinality": 632677726,
    "cumulative_rows_scanned": 27418465,
    "result_set_size": 37018212,
    "latency": 66.198352776,
    "children": [
        {
            "operator_name": "ORDER_BY",
            "cpu_time": 57.7736717749998,
            "extra_info": {
                "Order By": "p.ViewCount DESC"
            },
            "cumulative_cardinality": 632677726,
            "operator_type": "ORDER_BY",
            "operator_cardinality": 440693,
            "cumulative_rows_scanned": 27418465,
            "operator_rows_scanned": 0,
            "operator_timing": 0.03373035300000001,
            "result_set_size": 37018212,
            "children": [
                {
                    "operator_name": "PROJECTION",
                    "cpu_time": 57.739941421999795,
                    "extra_info": {
                        "Projections": [
                            "PostId",
                            "title",
                            "creationdate",
                            "viewcount",
                            "CommentCount",
                            "VoteCount",
                            "BadgeCount",
                            "OwnerDisplayName",
                            "OwnerReputation",
                            "lastactivitydate"
                        ],
                        "Estimated Cardinality": "3850116"
                    },
                    "cumulative_cardinality": 632237033,
                    "operator_type": "PROJECTION",
                    "operator_cardinality": 440693,
                    "cumulative_rows_scanned": 27418465,
                    "operator_rows_scanned": 0,
                    "operator_timing": 0.00008839600000000004,
                    "result_set_size": 37018212,
                    "children": [
                        {
                            "operator_name": "HASH_GROUP_BY",
                            "cpu_time": 57.73985302599979,
                            "extra_info": {
                                "Groups": [
                                    "#0",
                                    "#1",
                                    "#2",
                                    "#3",
                                    "#4",
                                    "#5",
                                    "#6"
                                ],
                                "Aggregates": [
                                    "count(DISTINCT #7)",
                                    "count(DISTINCT #8)",
                                    "count(DISTINCT #9)"
                                ],
                                "Estimated Cardinality": "3850116"
                            },
                            "cumulative_cardinality": 631796340,
                            "operator_type": "HASH_GROUP_BY",
                            "operator_cardinality": 440693,
                            "cumulative_rows_scanned": 27418465,
                            "operator_rows_scanned": 0,
                            "operator_timing": 52.401242038999804,
                            "result_set_size": 37018212,
                            "children": [
                                {
                                    "operator_name": "PROJECTION",
                                    "cpu_time": 5.338610986999989,
                                    "extra_info": {
                                        "Projections": [
                                            "id",
                                            "title",
                                            "creationdate",
                                            "viewcount",
                                            "displayname",
                                            "reputation",
                                            "lastactivitydate",
                                            "id",
                                            "id",
                                            "id"
                                        ],
                                        "Estimated Cardinality": "12744093"
                                    },
                                    "cumulative_cardinality": 631355647,
                                    "operator_type": "PROJECTION",
                                    "operator_cardinality": 304627320,
                                    "cumulative_rows_scanned": 27418465,
                                    "operator_rows_scanned": 0,
                                    "operator_timing": 0.08514100199998305,
                                    "result_set_size": 21933167040,
                                    "children": [
                                        {
                                            "operator_name": "HASH_JOIN",
                                            "cpu_time": 5.253469985000006,
                                            "extra_info": {
                                                "Join Type": "LEFT",
                                                "Conditions": "id = userid",
                                                "Estimated Cardinality": "12744093"
                                            },
                                            "cumulative_cardinality": 326728327,
                                            "operator_type": "HASH_JOIN",
                                            "operator_cardinality": 304627320,
                                            "cumulative_rows_scanned": 27418465,
                                            "operator_rows_scanned": 0,
                                            "operator_timing": 3.963082310000005,
                                            "result_set_size": 21933167040,
                                            "children": [
                                                {
                                                    "operator_name": "HASH_JOIN",
                                                    "cpu_time": 1.2667013690000002,
                                                    "extra_info": {
                                                        "Join Type": "LEFT",
                                                        "Conditions": "id = postid",
                                                        "Estimated Cardinality": "12744093"
                                                    },
                                                    "cumulative_cardinality": 19779283,
                                                    "operator_type": "HASH_JOIN",
                                                    "operator_cardinality": 2871769,
                                                    "cumulative_rows_scanned": 25096741,
                                                    "operator_rows_scanned": 0,
                                                    "operator_timing": 0.6586866830000002,
                                                    "result_set_size": 206767368,
                                                    "children": [
                                                        {
                                                            "operator_name": "HASH_JOIN",
                                                            "cpu_time": 0.4696628359999999,
                                                            "extra_info": {
                                                                "Join Type": "RIGHT",
                                                                "Conditions": "postid = id",
                                                                "Estimated Cardinality": "7241822"
                                                            },
                                                            "cumulative_cardinality": 4163421,
                                                            "operator_type": "HASH_JOIN",
                                                            "operator_cardinality": 1085935,
                                                            "cumulative_rows_scanned": 12352648,
                                                            "operator_rows_scanned": 0,
                                                            "operator_timing": 0.147954042,
                                                            "result_set_size": 73843580,
                                                            "children": [
                                                                {
                                                                    "operator_name": "READ_PARQUET ",
                                                                    "cpu_time": 0.03337285199999998,
                                                                    "extra_info": {
                                                                        "Function": "READ_PARQUET",
                                                                        "Projections": [
                                                                            "id",
                                                                            "postid"
                                                                        ],
                                                                        "Estimated Cardinality": "7241822"
                                                                    },
                                                                    "cumulative_cardinality": 926602,
                                                                    "operator_type": "TABLE_SCAN",
                                                                    "operator_cardinality": 926602,
                                                                    "cumulative_rows_scanned": 7241822,
                                                                    "operator_rows_scanned": 7241822,
                                                                    "operator_timing": 0.03337285199999998,
                                                                    "result_set_size": 7412816,
                                                                    "children": []
                                                                },
                                                                {
                                                                    "operator_name": "HASH_JOIN",
                                                                    "cpu_time": 0.2883359419999999,
                                                                    "extra_info": {
                                                                        "Join Type": "INNER",
                                                                        "Conditions": "id = owneruserid",
                                                                        "Estimated Cardinality": "770023"
                                                                    },
                                                                    "cumulative_cardinality": 2150884,
                                                                    "operator_type": "HASH_JOIN",
                                                                    "operator_cardinality": 440693,
                                                                    "cumulative_rows_scanned": 5110826,
                                                                    "operator_rows_scanned": 0,
                                                                    "operator_timing": 0.10186782099999987,
                                                                    "result_set_size": 28204352,
                                                                    "children": [
                                                                        {
                                                                            "operator_name": "READ_PARQUET ",
                                                                            "cpu_time": 0.09634810100000003,
                                                                            "extra_info": {
                                                                                "Function": "READ_PARQUET",
                                                                                "Projections": [
                                                                                    "id",
                                                                                    "reputation",
                                                                                    "displayname"
                                                                                ],
                                                                                "Filters": "id<=1416539",
                                                                                "Estimated Cardinality": "1260710"
                                                                            },
                                                                            "cumulative_cardinality": 1260679,
                                                                            "operator_type": "TABLE_SCAN",
                                                                            "operator_cardinality": 1260679,
                                                                            "cumulative_rows_scanned": 1260710,
                                                                            "operator_rows_scanned": 1260710,
                                                                            "operator_timing": 0.09634810100000003,
                                                                            "result_set_size": 30256296,
                                                                            "children": []
                                                                        },
                                                                        {
                                                                            "operator_name": "READ_PARQUET ",
                                                                            "cpu_time": 0.09012001999999998,
                                                                            "extra_info": {
                                                                                "Function": "READ_PARQUET",
                                                                                "Projections": [
                                                                                    "id",
                                                                                    "creationdate",
                                                                                    "viewcount",
                                                                                    "owneruserid",
                                                                                    "lastactivitydate",
                                                                                    "title"
                                                                                ],
                                                                                "Filters": "creationdate>='2022-01-01 00:00:00'::TIMESTAMP",
                                                                                "Estimated Cardinality": "770023"
                                                                            },
                                                                            "cumulative_cardinality": 449512,
                                                                            "operator_type": "TABLE_SCAN",
                                                                            "operator_cardinality": 449512,
                                                                            "cumulative_rows_scanned": 3850116,
                                                                            "operator_rows_scanned": 3850116,
                                                                            "operator_timing": 0.09012001999999998,
                                                                            "result_set_size": 19778528,
                                                                            "children": []
                                                                        }
                                                                    ]
                                                                }
                                                            ]
                                                        },
                                                        {
                                                            "operator_name": "READ_PARQUET ",
                                                            "cpu_time": 0.13835185000000005,
                                                            "extra_info": {
                                                                "Function": "READ_PARQUET",
                                                                "Projections": [
                                                                    "id",
                                                                    "postid"
                                                                ],
                                                                "Estimated Cardinality": "12744093"
                                                            },
                                                            "cumulative_cardinality": 12744093,
                                                            "operator_type": "TABLE_SCAN",
                                                            "operator_cardinality": 12744093,
                                                            "cumulative_rows_scanned": 12744093,
                                                            "operator_rows_scanned": 12744093,
                                                            "operator_timing": 0.13835185000000005,
                                                            "result_set_size": 101952744,
                                                            "children": []
                                                        }
                                                    ]
                                                },
                                                {
                                                    "operator_name": "READ_PARQUET ",
                                                    "cpu_time": 0.023686305999999945,
                                                    "extra_info": {
                                                        "Function": "READ_PARQUET",
                                                        "Projections": [
                                                            "id",
                                                            "userid"
                                                        ],
                                                        "Estimated Cardinality": "2321724"
                                                    },
                                                    "cumulative_cardinality": 2321724,
                                                    "operator_type": "TABLE_SCAN",
                                                    "operator_cardinality": 2321724,
                                                    "cumulative_rows_scanned": 2321724,
                                                    "operator_rows_scanned": 2321724,
                                                    "operator_timing": 0.023686305999999945,
                                                    "result_set_size": 18573792,
                                                    "children": []
                                                }
                                            ]
                                        }
                                    ]
                                }
                            ]
                        }
                    ]
                }
            ]
        }
    ]
}