{
    "rows_returned": 8824970,
    "query_name": "WITH UserStats AS (\n    SELECT \n        U.Id AS UserId,\n        U.DisplayName,\n        COUNT(DISTINCT P.Id) AS PostCount,\n        SUM(CASE WHEN P.Score > 0 THEN 1 ELSE 0 END) AS PositivePosts,\n        SUM(CASE WHEN P.Score < 0 THEN 1 ELSE 0 END) AS NegativePosts,\n        AVG(V.BountyAmount) AS AverageBounty\n    FROM \n        Users U\n    LEFT JOIN \n        Posts P ON U.Id = P.OwnerUserId\n    LEFT JOIN \n        Votes V ON P.Id = V.PostId AND V.VoteTypeId = 8 \n    GROUP BY \n        U.Id, U.DisplayName\n),\nPostTypesStats AS (\n    SELECT \n        PT.Name AS PostTypeName,\n        COUNT(P.Id) AS PostCount,\n        AVG(P.Score) AS AverageScore,\n        AVG(P.ViewCount) AS AverageViewCount\n    FROM \n        Posts P\n    JOIN \n        PostTypes PT ON P.PostTypeId = PT.Id\n    GROUP BY \n        PT.Name\n)\nSELECT \n    U.UserId,\n    U.DisplayName,\n    U.PostCount,\n    U.PositivePosts,\n    U.NegativePosts,\n    U.AverageBounty,\n    PTS.PostTypeName,\n    PTS.PostCount AS TotalPostsByType,\n    PTS.AverageScore,\n    PTS.AverageViewCount\nFROM \n    UserStats U\nJOIN \n    PostTypesStats PTS ON PTS.PostCount > 0\nORDER BY \n    U.PostCount DESC, \n    PTS.PostTypeName;",
    "blocked_thread_time": 0.0,
    "cpu_time": 3.6103592020000046,
    "extra_info": {},
    "cumulative_cardinality": 53790455,
    "cumulative_rows_scanned": 21705043,
    "result_set_size": 953096760,
    "latency": 38.125317325,
    "children": [
        {
            "operator_name": "ORDER_BY",
            "cpu_time": 3.6103592020000046,
            "extra_info": {
                "Order By": [
                    "U.PostCount DESC",
                    "PTS.PostTypeName ASC"
                ]
            },
            "cumulative_cardinality": 53790455,
            "operator_type": "ORDER_BY",
            "operator_cardinality": 8824970,
            "cumulative_rows_scanned": 21705043,
            "operator_rows_scanned": 0,
            "operator_timing": 1.4213927830000044,
            "result_set_size": 953096760,
            "children": [
                {
                    "operator_name": "CROSS_PRODUCT",
                    "cpu_time": 2.188966419,
                    "extra_info": {},
                    "cumulative_cardinality": 44965485,
                    "operator_type": "CROSS_PRODUCT",
                    "operator_cardinality": 8824970,
                    "cumulative_rows_scanned": 21705043,
                    "operator_rows_scanned": 0,
                    "operator_timing": 0.01111117000000006,
                    "result_set_size": 953096760,
                    "children": [
                        {
                            "operator_name": "HASH_GROUP_BY",
                            "cpu_time": 1.9672318200000003,
                            "extra_info": {
                                "Groups": [
                                    "#0",
                                    "#1"
                                ],
                                "Aggregates": [
                                    "count(DISTINCT #2)",
                                    "sum(#3)",
                                    "sum(#4)",
                                    "avg(#5)"
                                ],
                                "Estimated Cardinality": "1260710"
                            },
                            "cumulative_cardinality": 24590146,
                            "operator_type": "HASH_GROUP_BY",
                            "operator_cardinality": 1260710,
                            "cumulative_rows_scanned": 17854919,
                            "operator_rows_scanned": 0,
                            "operator_timing": 1.1839745890000002,
                            "result_set_size": 85728280,
                            "children": [
                                {
                                    "operator_name": "PROJECTION",
                                    "cpu_time": 0.783257231,
                                    "extra_info": {
                                        "Projections": [
                                            "id",
                                            "displayname",
                                            "id",
                                            "CASE  WHEN ((score > 0)) THEN (1) ELSE 0 END",
                                            "CASE  WHEN ((score < 0)) THEN (1) ELSE 0 END",
                                            "bountyamount"
                                        ],
                                        "Estimated Cardinality": "3850116"
                                    },
                                    "cumulative_cardinality": 23329436,
                                    "operator_type": "PROJECTION",
                                    "operator_cardinality": 4576203,
                                    "cumulative_rows_scanned": 17854919,
                                    "operator_rows_scanned": 0,
                                    "operator_timing": 0.03375328599999989,
                                    "result_set_size": 164743308,
                                    "children": [
                                        {
                                            "operator_name": "PROJECTION",
                                            "cpu_time": 0.7495039450000001,
                                            "extra_info": {
                                                "Projections": [
                                                    "#0",
                                                    "#1",
                                                    "#2",
                                                    "#3",
                                                    "__internal_decompress_integral_integer(#4, 0)"
                                                ],
                                                "Estimated Cardinality": "3850116"
                                            },
                                            "cumulative_cardinality": 18753233,
                                            "operator_type": "PROJECTION",
                                            "operator_cardinality": 4576203,
                                            "cumulative_rows_scanned": 17854919,
                                            "operator_rows_scanned": 0,
                                            "operator_timing": 0.002258024000000002,
                                            "result_set_size": 146438496,
                                            "children": [
                                                {
                                                    "operator_name": "HASH_JOIN",
                                                    "cpu_time": 0.7472459210000001,
                                                    "extra_info": {
                                                        "Join Type": "LEFT",
                                                        "Conditions": "id = postid",
                                                        "Estimated Cardinality": "3850116"
                                                    },
                                                    "cumulative_cardinality": 14177030,
                                                    "operator_type": "HASH_JOIN",
                                                    "operator_cardinality": 4576203,
                                                    "cumulative_rows_scanned": 17854919,
                                                    "operator_rows_scanned": 0,
                                                    "operator_timing": 0.09315786899999988,
                                                    "result_set_size": 137286090,
                                                    "children": [
                                                        {
                                                            "operator_name": "HASH_JOIN",
                                                            "cpu_time": 0.4347048970000002,
                                                            "extra_info": {
                                                                "Join Type": "RIGHT",
                                                                "Conditions": "owneruserid = id",
                                                                "Estimated Cardinality": "3850116"
                                                            },
                                                            "cumulative_cardinality": 9520621,
                                                            "operator_type": "HASH_JOIN",
                                                            "operator_cardinality": 4574495,
                                                            "cumulative_rows_scanned": 5110826,
                                                            "operator_rows_scanned": 0,
                                                            "operator_timing": 0.24152537100000016,
                                                            "result_set_size": 128085860,
                                                            "children": [
                                                                {
                                                                    "operator_name": "READ_PARQUET ",
                                                                    "cpu_time": 0.11463265300000004,
                                                                    "extra_info": {
                                                                        "Function": "READ_PARQUET",
                                                                        "Projections": [
                                                                            "id",
                                                                            "score",
                                                                            "owneruserid"
                                                                        ],
                                                                        "Estimated Cardinality": "3850116"
                                                                    },
                                                                    "cumulative_cardinality": 3685416,
                                                                    "operator_type": "TABLE_SCAN",
                                                                    "operator_cardinality": 3685416,
                                                                    "cumulative_rows_scanned": 3850116,
                                                                    "operator_rows_scanned": 3850116,
                                                                    "operator_timing": 0.11463265300000004,
                                                                    "result_set_size": 44224992,
                                                                    "children": []
                                                                },
                                                                {
                                                                    "operator_name": "READ_PARQUET ",
                                                                    "cpu_time": 0.07854687300000002,
                                                                    "extra_info": {
                                                                        "Function": "READ_PARQUET",
                                                                        "Projections": [
                                                                            "id",
                                                                            "displayname"
                                                                        ],
                                                                        "Estimated Cardinality": "1260710"
                                                                    },
                                                                    "cumulative_cardinality": 1260710,
                                                                    "operator_type": "TABLE_SCAN",
                                                                    "operator_cardinality": 1260710,
                                                                    "cumulative_rows_scanned": 1260710,
                                                                    "operator_rows_scanned": 1260710,
                                                                    "operator_timing": 0.07854687300000002,
                                                                    "result_set_size": 25214200,
                                                                    "children": []
                                                                }
                                                            ]
                                                        },
                                                        {
                                                            "operator_name": "PROJECTION",
                                                            "cpu_time": 0.21938315500000008,
                                                            "extra_info": {
                                                                "Projections": [
                                                                    "#0",
                                                                    "__internal_compress_integral_usmallint(#1, 0)"
                                                                ],
                                                                "Estimated Cardinality": "2548818"
                                                            },
                                                            "cumulative_cardinality": 80206,
                                                            "operator_type": "PROJECTION",
                                                            "operator_cardinality": 40103,
                                                            "cumulative_rows_scanned": 12744093,
                                                            "operator_rows_scanned": 0,
                                                            "operator_timing": 0.002705028000000017,
                                                            "result_set_size": 240618,
                                                            "children": [
                                                                {
                                                                    "operator_name": "READ_PARQUET ",
                                                                    "cpu_time": 0.21667812700000005,
                                                                    "extra_info": {
                                                                        "Function": "READ_PARQUET",
                                                                        "Projections": [
                                                                            "postid",
                                                                            "bountyamount"
                                                                        ],
                                                                        "Filters": "votetypeid=8",
                                                                        "Estimated Cardinality": "2548818"
                                                                    },
                                                                    "cumulative_cardinality": 40103,
                                                                    "operator_type": "TABLE_SCAN",
                                                                    "operator_cardinality": 40103,
                                                                    "cumulative_rows_scanned": 12744093,
                                                                    "operator_rows_scanned": 12744093,
                                                                    "operator_timing": 0.21667812700000005,
                                                                    "result_set_size": 320824,
                                                                    "children": []
                                                                }
                                                            ]
                                                        }
                                                    ]
                                                }
                                            ]
                                        }
                                    ]
                                }
                            ]
                        },
                        {
                            "operator_name": "FILTER",
                            "cpu_time": 0.21062342899999992,
                            "extra_info": {
                                "Expression": "(PostCount > 0)",
                                "Estimated Cardinality": "385011"
                            },
                            "cumulative_cardinality": 11550369,
                            "operator_type": "FILTER",
                            "operator_cardinality": 7,
                            "cumulative_rows_scanned": 3850124,
                            "operator_rows_scanned": 0,
                            "operator_timing": 0.00001109,
                            "result_set_size": 280,
                            "children": [
                                {
                                    "operator_name": "HASH_GROUP_BY",
                                    "cpu_time": 0.21061233899999993,
                                    "extra_info": {
                                        "Groups": "#0",
                                        "Aggregates": [
                                            "count_star()",
                                            "avg(#1)",
                                            "avg(#2)"
                                        ],
                                        "Estimated Cardinality": "1925058"
                                    },
                                    "cumulative_cardinality": 11550362,
                                    "operator_type": "HASH_GROUP_BY",
                                    "operator_cardinality": 7,
                                    "cumulative_rows_scanned": 3850124,
                                    "operator_rows_scanned": 0,
                                    "operator_timing": 0.09441039200000004,
                                    "result_set_size": 280,
                                    "children": [
                                        {
                                            "operator_name": "PROJECTION",
                                            "cpu_time": 0.1162019469999999,
                                            "extra_info": {
                                                "Projections": [
                                                    "name",
                                                    "score",
                                                    "viewcount"
                                                ],
                                                "Estimated Cardinality": "3850116"
                                            },
                                            "cumulative_cardinality": 11550355,
                                            "operator_type": "PROJECTION",
                                            "operator_cardinality": 3850116,
                                            "cumulative_rows_scanned": 3850124,
                                            "operator_rows_scanned": 0,
                                            "operator_timing": 0.00027206399999999764,
                                            "result_set_size": 92402784,
                                            "children": [
                                                {
                                                    "operator_name": "HASH_JOIN",
                                                    "cpu_time": 0.1159298829999999,
                                                    "extra_info": {
                                                        "Join Type": "INNER",
                                                        "Conditions": "posttypeid = id",
                                                        "Estimated Cardinality": "3850116"
                                                    },
                                                    "cumulative_cardinality": 7700239,
                                                    "operator_type": "HASH_JOIN",
                                                    "operator_cardinality": 3850116,
                                                    "cumulative_rows_scanned": 3850124,
                                                    "operator_rows_scanned": 0,
                                                    "operator_timing": 0.007470112000000002,
                                                    "result_set_size": 92402784,
                                                    "children": [
                                                        {
                                                            "operator_name": "READ_PARQUET ",
                                                            "cpu_time": 0.1081554719999999,
                                                            "extra_info": {
                                                                "Function": "READ_PARQUET",
                                                                "Projections": [
                                                                    "id",
                                                                    "posttypeid",
                                                                    "score",
                                                                    "viewcount"
                                                                ],
                                                                "Estimated Cardinality": "3850116"
                                                            },
                                                            "cumulative_cardinality": 3850116,
                                                            "operator_type": "TABLE_SCAN",
                                                            "operator_cardinality": 3850116,
                                                            "cumulative_rows_scanned": 3850116,
                                                            "operator_rows_scanned": 3850116,
                                                            "operator_timing": 0.1081554719999999,
                                                            "result_set_size": 53901624,
                                                            "children": []
                                                        },
                                                        {
                                                            "operator_name": "READ_PARQUET ",
                                                            "cpu_time": 0.000304299,
                                                            "extra_info": {
                                                                "Function": "READ_PARQUET",
                                                                "Projections": [
                                                                    "id",
                                                                    "name"
                                                                ],
                                                                "Filters": "id<=7",
                                                                "Estimated Cardinality": "8"
                                                            },
                                                            "cumulative_cardinality": 7,
                                                            "operator_type": "TABLE_SCAN",
                                                            "operator_cardinality": 7,
                                                            "cumulative_rows_scanned": 8,
                                                            "operator_rows_scanned": 8,
                                                            "operator_timing": 0.000304299,
                                                            "result_set_size": 126,
                                                            "children": []
                                                        }
                                                    ]
                                                }
                                            ]
                                        }
                                    ]
                                }
                            ]
                        }
                    ]
                }
            ]
        }
    ]
}