{
    "rows_returned": 1260710,
    "query_name": "\nWITH UserVoteCounts AS (\n    SELECT \n        U.Id AS UserId,\n        U.DisplayName,\n        COUNT(V.Id) AS VoteCount,\n        SUM(CASE WHEN V.VoteTypeId = 2 THEN 1 ELSE 0 END) AS UpVoteCount,\n        SUM(CASE WHEN V.VoteTypeId = 3 THEN 1 ELSE 0 END) AS DownVoteCount\n    FROM \n        Users U\n    LEFT JOIN \n        Votes V ON U.Id = V.UserId\n    GROUP BY \n        U.Id, U.DisplayName\n),\n\nPostStatistics AS (\n    SELECT \n        P.Id AS PostId,\n        P.Title,\n        P.PostTypeId,\n        COUNT(C.Id) AS CommentCount,\n        SUM(P.Score) AS TotalScore,\n        SUM(P.ViewCount) AS TotalViews\n    FROM \n        Posts P\n    LEFT JOIN \n        Comments C ON P.Id = C.PostId\n    GROUP BY \n        P.Id, P.Title, P.PostTypeId\n)\n\nSELECT \n    U.DisplayName,\n    UV.VoteCount,\n    UV.UpVoteCount,\n    UV.DownVoteCount,\n    PS.PostId,\n    PS.Title,\n    PS.PostTypeId,\n    PS.CommentCount,\n    PS.TotalScore,\n    PS.TotalViews\nFROM \n    UserVoteCounts UV\nJOIN \n    PostStatistics PS ON PS.PostId = (SELECT P.Id FROM Posts P ORDER BY P.Score DESC LIMIT 1)\nJOIN \n    Users U ON U.Id = UV.UserId\nORDER BY \n    PS.TotalScore DESC;\n",
    "blocked_thread_time": 0.0,
    "cpu_time": 4.347971325999998,
    "extra_info": {},
    "cumulative_cardinality": 81288877,
    "cumulative_rows_scanned": 30207567,
    "result_set_size": 148763780,
    "latency": 8.60841547,
    "children": [
        {
            "operator_name": "PROJECTION",
            "cpu_time": 4.347971325999998,
            "extra_info": {
                "Projections": [
                    "#0",
                    "#1",
                    "#2",
                    "#3",
                    "#4",
                    "#5",
                    "__internal_decompress_integral_smallint(#6, 1)",
                    "#7",
                    "#8",
                    "#9"
                ],
                "Estimated Cardinality": "1"
            },
            "cumulative_cardinality": 81288877,
            "operator_type": "PROJECTION",
            "operator_cardinality": 1260710,
            "cumulative_rows_scanned": 30207567,
            "operator_rows_scanned": 0,
            "operator_timing": 0.0006099069999999997,
            "result_set_size": 148763780,
            "children": [
                {
                    "operator_name": "ORDER_BY",
                    "cpu_time": 4.347361418999998,
                    "extra_info": {
                        "Order By": "PS.TotalScore DESC"
                    },
                    "cumulative_cardinality": 80028167,
                    "operator_type": "ORDER_BY",
                    "operator_cardinality": 1260710,
                    "cumulative_rows_scanned": 30207567,
                    "operator_rows_scanned": 0,
                    "operator_timing": 0.17019232000000015,
                    "result_set_size": 147503070,
                    "children": [
                        {
                            "operator_name": "PROJECTION",
                            "cpu_time": 4.177169098999998,
                            "extra_info": {
                                "Projections": [
                                    "#0",
                                    "#1",
                                    "#2",
                                    "#3",
                                    "#4",
                                    "#5",
                                    "__internal_compress_integral_utinyint(#6, 1)",
                                    "#7",
                                    "#8",
                                    "#9"
                                ],
                                "Estimated Cardinality": "1"
                            },
                            "cumulative_cardinality": 78767457,
                            "operator_type": "PROJECTION",
                            "operator_cardinality": 1260710,
                            "cumulative_rows_scanned": 30207567,
                            "operator_rows_scanned": 0,
                            "operator_timing": 0.0006551250000000008,
                            "result_set_size": 147503070,
                            "children": [
                                {
                                    "operator_name": "PROJECTION",
                                    "cpu_time": 4.176513973999998,
                                    "extra_info": {
                                        "Projections": [
                                            "displayname",
                                            "VoteCount",
                                            "UpVoteCount",
                                            "DownVoteCount",
                                            "PostId",
                                            "title",
                                            "posttypeid",
                                            "CommentCount",
                                            "TotalScore",
                                            "TotalViews"
                                        ],
                                        "Estimated Cardinality": "1"
                                    },
                                    "cumulative_cardinality": 77506747,
                                    "operator_type": "PROJECTION",
                                    "operator_cardinality": 1260710,
                                    "cumulative_rows_scanned": 30207567,
                                    "operator_rows_scanned": 0,
                                    "operator_timing": 0.0003732169999999993,
                                    "result_set_size": 148763780,
                                    "children": [
                                        {
                                            "operator_name": "HASH_JOIN",
                                            "cpu_time": 4.176140756999998,
                                            "extra_info": {
                                                "Join Type": "INNER",
                                                "Conditions": "UserId = id",
                                                "Estimated Cardinality": "1"
                                            },
                                            "cumulative_cardinality": 76246037,
                                            "operator_type": "HASH_JOIN",
                                            "operator_cardinality": 1260710,
                                            "cumulative_rows_scanned": 30207567,
                                            "operator_rows_scanned": 0,
                                            "operator_timing": 0.20151039599999984,
                                            "result_set_size": 148763780,
                                            "children": [
                                                {
                                                    "operator_name": "PROJECTION",
                                                    "cpu_time": 0.7420585170000003,
                                                    "extra_info": {
                                                        "Projections": [
                                                            "UserId",
                                                            "VoteCount",
                                                            "UpVoteCount",
                                                            "DownVoteCount"
                                                        ],
                                                        "Estimated Cardinality": "1260710"
                                                    },
                                                    "cumulative_cardinality": 6400127,
                                                    "operator_type": "PROJECTION",
                                                    "operator_cardinality": 1260710,
                                                    "cumulative_rows_scanned": 14004803,
                                                    "operator_rows_scanned": 0,
                                                    "operator_timing": 0.00019771499999999992,
                                                    "result_set_size": 55471240,
                                                    "children": [
                                                        {
                                                            "operator_name": "HASH_GROUP_BY",
                                                            "cpu_time": 0.7418608020000003,
                                                            "extra_info": {
                                                                "Groups": [
                                                                    "#0",
                                                                    "#1"
                                                                ],
                                                                "Aggregates": [
                                                                    "count(#2)",
                                                                    "sum(#3)",
                                                                    "sum(#4)"
                                                                ],
                                                                "Estimated Cardinality": "1260710"
                                                            },
                                                            "cumulative_cardinality": 5139417,
                                                            "operator_type": "HASH_GROUP_BY",
                                                            "operator_cardinality": 1260710,
                                                            "cumulative_rows_scanned": 14004803,
                                                            "operator_rows_scanned": 0,
                                                            "operator_timing": 0.32754780900000013,
                                                            "result_set_size": 75642600,
                                                            "children": [
                                                                {
                                                                    "operator_name": "PROJECTION",
                                                                    "cpu_time": 0.41431299300000013,
                                                                    "extra_info": {
                                                                        "Projections": [
                                                                            "id",
                                                                            "displayname",
                                                                            "id",
                                                                            "CASE  WHEN ((votetypeid = 2)) THEN (1) ELSE 0 END",
                                                                            "CASE  WHEN ((votetypeid = 3)) THEN (1) ELSE 0 END"
                                                                        ],
                                                                        "Estimated Cardinality": "12744093"
                                                                    },
                                                                    "cumulative_cardinality": 3878707,
                                                                    "operator_type": "PROJECTION",
                                                                    "operator_cardinality": 1288855,
                                                                    "cumulative_rows_scanned": 14004803,
                                                                    "operator_rows_scanned": 0,
                                                                    "operator_timing": 0.0025360220000000006,
                                                                    "result_set_size": 41243360,
                                                                    "children": [
                                                                        {
                                                                            "operator_name": "HASH_JOIN",
                                                                            "cpu_time": 0.4117769710000001,
                                                                            "extra_info": {
                                                                                "Join Type": "RIGHT",
                                                                                "Conditions": "userid = id",
                                                                                "Estimated Cardinality": "12744093"
                                                                            },
                                                                            "cumulative_cardinality": 2589852,
                                                                            "operator_type": "HASH_JOIN",
                                                                            "operator_cardinality": 1288855,
                                                                            "cumulative_rows_scanned": 14004803,
                                                                            "operator_rows_scanned": 0,
                                                                            "operator_timing": 0.13253457999999968,
                                                                            "result_set_size": 33510230,
                                                                            "children": [
                                                                                {
                                                                                    "operator_name": "READ_PARQUET ",
                                                                                    "cpu_time": 0.20008695200000026,
                                                                                    "extra_info": {
                                                                                        "Function": "READ_PARQUET",
                                                                                        "Projections": [
                                                                                            "id",
                                                                                            "votetypeid",
                                                                                            "userid"
                                                                                        ],
                                                                                        "Estimated Cardinality": "12744093"
                                                                                    },
                                                                                    "cumulative_cardinality": 40287,
                                                                                    "operator_type": "TABLE_SCAN",
                                                                                    "operator_cardinality": 40287,
                                                                                    "cumulative_rows_scanned": 12744093,
                                                                                    "operator_rows_scanned": 12744093,
                                                                                    "operator_timing": 0.20008695200000026,
                                                                                    "result_set_size": 402870,
                                                                                    "children": []
                                                                                },
                                                                                {
                                                                                    "operator_name": "READ_PARQUET ",
                                                                                    "cpu_time": 0.07915543900000013,
                                                                                    "extra_info": {
                                                                                        "Function": "READ_PARQUET",
                                                                                        "Projections": [
                                                                                            "id",
                                                                                            "displayname"
                                                                                        ],
                                                                                        "Estimated Cardinality": "1260710"
                                                                                    },
                                                                                    "cumulative_cardinality": 1260710,
                                                                                    "operator_type": "TABLE_SCAN",
                                                                                    "operator_cardinality": 1260710,
                                                                                    "cumulative_rows_scanned": 1260710,
                                                                                    "operator_rows_scanned": 1260710,
                                                                                    "operator_timing": 0.07915543900000013,
                                                                                    "result_set_size": 25214200,
                                                                                    "children": []
                                                                                }
                                                                            ]
                                                                        }
                                                                    ]
                                                                }
                                                            ]
                                                        }
                                                    ]
                                                },
                                                {
                                                    "operator_name": "CROSS_PRODUCT",
                                                    "cpu_time": 3.232571843999998,
                                                    "extra_info": {},
                                                    "cumulative_cardinality": 68585200,
                                                    "operator_type": "CROSS_PRODUCT",
                                                    "operator_cardinality": 1260710,
                                                    "cumulative_rows_scanned": 16202764,
                                                    "operator_rows_scanned": 0,
                                                    "operator_timing": 0.0032626090000000005,
                                                    "result_set_size": 108421060,
                                                    "children": [
                                                        {
                                                            "operator_name": "READ_PARQUET ",
                                                            "cpu_time": 0.0837672939999999,
                                                            "extra_info": {
                                                                "Function": "READ_PARQUET",
                                                                "Projections": [
                                                                    "id",
                                                                    "displayname"
                                                                ],
                                                                "Estimated Cardinality": "1260710"
                                                            },
                                                            "cumulative_cardinality": 1260710,
                                                            "operator_type": "TABLE_SCAN",
                                                            "operator_cardinality": 1260710,
                                                            "cumulative_rows_scanned": 1260710,
                                                            "operator_rows_scanned": 1260710,
                                                            "operator_timing": 0.0837672939999999,
                                                            "result_set_size": 25214200,
                                                            "children": []
                                                        },
                                                        {
                                                            "operator_name": "HASH_JOIN",
                                                            "cpu_time": 3.145541940999998,
                                                            "extra_info": {
                                                                "Join Type": "INNER",
                                                                "Conditions": "PostId = SUBQUERY",
                                                                "Estimated Cardinality": "1"
                                                            },
                                                            "cumulative_cardinality": 66063780,
                                                            "operator_type": "HASH_JOIN",
                                                            "operator_cardinality": 1,
                                                            "cumulative_rows_scanned": 14942054,
                                                            "operator_rows_scanned": 0,
                                                            "operator_timing": 0.017794922,
                                                            "result_set_size": 66,
                                                            "children": [
                                                                {
                                                                    "operator_name": "PROJECTION",
                                                                    "cpu_time": 3.052535536999998,
                                                                    "extra_info": {
                                                                        "Projections": [
                                                                            "#0",
                                                                            "#1",
                                                                            "__internal_decompress_integral_smallint(#2, 1)",
                                                                            "#3",
                                                                            "#4",
                                                                            "#5"
                                                                        ],
                                                                        "Estimated Cardinality": "3850116"
                                                                    },
                                                                    "cumulative_cardinality": 58355350,
                                                                    "operator_type": "PROJECTION",
                                                                    "operator_cardinality": 3850116,
                                                                    "cumulative_rows_scanned": 11091938,
                                                                    "operator_rows_scanned": 0,
                                                                    "operator_timing": 0.0010716609999999991,
                                                                    "result_set_size": 238707192,
                                                                    "children": [
                                                                        {
                                                                            "operator_name": "HASH_GROUP_BY",
                                                                            "cpu_time": 3.051463875999998,
                                                                            "extra_info": {
                                                                                "Groups": [
                                                                                    "#0",
                                                                                    "#1",
                                                                                    "#2"
                                                                                ],
                                                                                "Aggregates": [
                                                                                    "count(#3)",
                                                                                    "sum(#4)",
                                                                                    "sum(#5)"
                                                                                ],
                                                                                "Estimated Cardinality": "3850116"
                                                                            },
                                                                            "cumulative_cardinality": 54505234,
                                                                            "operator_type": "HASH_GROUP_BY",
                                                                            "operator_cardinality": 3850116,
                                                                            "cumulative_rows_scanned": 11091938,
                                                                            "operator_rows_scanned": 0,
                                                                            "operator_timing": 1.7094037519999996,
                                                                            "result_set_size": 234857076,
                                                                            "children": [
                                                                                {
                                                                                    "operator_name": "PROJECTION",
                                                                                    "cpu_time": 1.3420601239999983,
                                                                                    "extra_info": {
                                                                                        "Projections": [
                                                                                            "id",
                                                                                            "title",
                                                                                            "posttypeid",
                                                                                            "id",
                                                                                            "score",
                                                                                            "viewcount"
                                                                                        ],
                                                                                        "Estimated Cardinality": "7241822"
                                                                                    },
                                                                                    "cumulative_cardinality": 50655118,
                                                                                    "operator_type": "PROJECTION",
                                                                                    "operator_cardinality": 8928266,
                                                                                    "cumulative_rows_scanned": 11091938,
                                                                                    "operator_rows_scanned": 0,
                                                                                    "operator_timing": 0.0016639390000000084,
                                                                                    "result_set_size": 294632778,
                                                                                    "children": [
                                                                                        {
                                                                                            "operator_name": "PROJECTION",
                                                                                            "cpu_time": 1.3403961849999984,
                                                                                            "extra_info": {
                                                                                                "Projections": [
                                                                                                    "#0",
                                                                                                    "#1",
                                                                                                    "__internal_compress_integral_utinyint(#2, 1)",
                                                                                                    "#3",
                                                                                                    "#4",
                                                                                                    "#5"
                                                                                                ],
                                                                                                "Estimated Cardinality": "7241822"
                                                                                            },
                                                                                            "cumulative_cardinality": 41726852,
                                                                                            "operator_type": "PROJECTION",
                                                                                            "operator_cardinality": 8928266,
                                                                                            "cumulative_rows_scanned": 11091938,
                                                                                            "operator_rows_scanned": 0,
                                                                                            "operator_timing": 0.0035932490000000015,
                                                                                            "result_set_size": 294632778,
                                                                                            "children": [
                                                                                                {
                                                                                                    "operator_name": "PROJECTION",
                                                                                                    "cpu_time": 1.3368029359999984,
                                                                                                    "extra_info": {
                                                                                                        "Projections": [
                                                                                                            "#0",
                                                                                                            "#1",
                                                                                                            "__internal_decompress_integral_smallint(#2, 1)",
                                                                                                            "__internal_decompress_integral_integer(#3, -72)",
                                                                                                            "#4",
                                                                                                            "#5"
                                                                                                        ],
                                                                                                        "Estimated Cardinality": "7241822"
                                                                                                    },
                                                                                                    "cumulative_cardinality": 32798586,
                                                                                                    "operator_type": "PROJECTION",
                                                                                                    "operator_cardinality": 8928266,
                                                                                                    "cumulative_rows_scanned": 11091938,
                                                                                                    "operator_rows_scanned": 0,
                                                                                                    "operator_timing": 0.0062468320000000225,
                                                                                                    "result_set_size": 303561044,
                                                                                                    "children": [
                                                                                                        {
                                                                                                            "operator_name": "HASH_JOIN",
                                                                                                            "cpu_time": 1.3305561039999985,
                                                                                                            "extra_info": {
                                                                                                                "Join Type": "RIGHT",
                                                                                                                "Conditions": "postid = id",
                                                                                                                "Estimated Cardinality": "7241822"
                                                                                                            },
                                                                                                            "cumulative_cardinality": 23870320,
                                                                                                            "operator_type": "HASH_JOIN",
                                                                                                            "operator_cardinality": 8928266,
                                                                                                            "cumulative_rows_scanned": 11091938,
                                                                                                            "operator_rows_scanned": 0,
                                                                                                            "operator_timing": 0.8258150419999987,
                                                                                                            "result_set_size": 276776246,
                                                                                                            "children": [
                                                                                                                {
                                                                                                                    "operator_name": "READ_PARQUET ",
                                                                                                                    "cpu_time": 0.12737584199999974,
                                                                                                                    "extra_info": {
                                                                                                                        "Function": "READ_PARQUET",
                                                                                                                        "Projections": [
                                                                                                                            "id",
                                                                                                                            "postid"
                                                                                                                        ],
                                                                                                                        "Estimated Cardinality": "7241822"
                                                                                                                    },
                                                                                                                    "cumulative_cardinality": 7241822,
                                                                                                                    "operator_type": "TABLE_SCAN",
                                                                                                                    "operator_cardinality": 7241822,
                                                                                                                    "cumulative_rows_scanned": 7241822,
                                                                                                                    "operator_rows_scanned": 7241822,
                                                                                                                    "operator_timing": 0.12737584199999974,
                                                                                                                    "result_set_size": 57934576,
                                                                                                                    "children": []
                                                                                                                },
                                                                                                                {
                                                                                                                    "operator_name": "PROJECTION",
                                                                                                                    "cpu_time": 0.37736522000000006,
                                                                                                                    "extra_info": {
                                                                                                                        "Projections": [
                                                                                                                            "#0",
                                                                                                                            "__internal_compress_integral_utinyint(#1, 1)",
                                                                                                                            "__internal_compress_integral_usmallint(#2, -72)",
                                                                                                                            "#3",
                                                                                                                            "#4"
                                                                                                                        ],
                                                                                                                        "Estimated Cardinality": "3850116"
                                                                                                                    },
                                                                                                                    "cumulative_cardinality": 7700232,
                                                                                                                    "operator_type": "PROJECTION",
                                                                                                                    "operator_cardinality": 3850116,
                                                                                                                    "cumulative_rows_scanned": 3850116,
                                                                                                                    "operator_rows_scanned": 0,
                                                                                                                    "operator_timing": 0.0031174109999999944,
                                                                                                                    "result_set_size": 103953132,
                                                                                                                    "children": [
                                                                                                                        {
                                                                                                                            "operator_name": "READ_PARQUET ",
                                                                                                                            "cpu_time": 0.37424780900000004,
                                                                                                                            "extra_info": {
                                                                                                                                "Function": "READ_PARQUET",
                                                                                                                                "Projections": [
                                                                                                                                    "id",
                                                                                                                                    "posttypeid",
                                                                                                                                    "score",
                                                                                                                                    "viewcount",
                                                                                                                                    "title"
                                                                                                                                ],
                                                                                                                                "Estimated Cardinality": "3850116"
                                                                                                                            },
                                                                                                                            "cumulative_cardinality": 3850116,
                                                                                                                            "operator_type": "TABLE_SCAN",
                                                                                                                            "operator_cardinality": 3850116,
                                                                                                                            "cumulative_rows_scanned": 3850116,
                                                                                                                            "operator_rows_scanned": 3850116,
                                                                                                                            "operator_timing": 0.37424780900000004,
                                                                                                                            "result_set_size": 115503480,
                                                                                                                            "children": []
                                                                                                                        }
                                                                                                                    ]
                                                                                                                }
                                                                                                            ]
                                                                                                        }
                                                                                                    ]
                                                                                                }
                                                                                            ]
                                                                                        }
                                                                                    ]
                                                                                }
                                                                            ]
                                                                        }
                                                                    ]
                                                                },
                                                                {
                                                                    "operator_name": "PROJECTION",
                                                                    "cpu_time": 0.075211482,
                                                                    "extra_info": {
                                                                        "Projections": [
                                                                            "CASE  WHEN ((#1 > 1)) THEN (error('More than one row returned by a subquery used as an expression - scalar subqueries can only return a single row.",
                                                                            "Use \"SET scalar_subquery_error_on_multiple_rows=false\" to revert to previous behavior of returning a random row.')) ELSE #0 END"
                                                                        ],
                                                                        "Estimated Cardinality": "1"
                                                                    },
                                                                    "cumulative_cardinality": 7708429,
                                                                    "operator_type": "PROJECTION",
                                                                    "operator_cardinality": 1,
                                                                    "cumulative_rows_scanned": 3850116,
                                                                    "operator_rows_scanned": 0,
                                                                    "operator_timing": 0.000003055,
                                                                    "result_set_size": 4,
                                                                    "children": [
                                                                        {
                                                                            "operator_name": "UNGROUPED_AGGREGATE",
                                                                            "cpu_time": 0.075208427,
                                                                            "extra_info": {
                                                                                "Aggregates": [
                                                                                    "\"first\"(#0)",
                                                                                    "count_star()"
                                                                                ]
                                                                            },
                                                                            "cumulative_cardinality": 7708428,
                                                                            "operator_type": "UNGROUPED_AGGREGATE",
                                                                            "operator_cardinality": 1,
                                                                            "cumulative_rows_scanned": 3850116,
                                                                            "operator_rows_scanned": 0,
                                                                            "operator_timing": 0.0000036259999999999997,
                                                                            "result_set_size": 12,
                                                                            "children": [
                                                                                {
                                                                                    "operator_name": "PROJECTION",
                                                                                    "cpu_time": 0.07520480099999999,
                                                                                    "extra_info": {
                                                                                        "Projections": "#0",
                                                                                        "Estimated Cardinality": "1"
                                                                                    },
                                                                                    "cumulative_cardinality": 7708427,
                                                                                    "operator_type": "PROJECTION",
                                                                                    "operator_cardinality": 1,
                                                                                    "cumulative_rows_scanned": 3850116,
                                                                                    "operator_rows_scanned": 0,
                                                                                    "operator_timing": 1e-7,
                                                                                    "result_set_size": 4,
                                                                                    "children": [
                                                                                        {
                                                                                            "operator_name": "PROJECTION",
                                                                                            "cpu_time": 0.07520470099999998,
                                                                                            "extra_info": {
                                                                                                "Projections": "#0",
                                                                                                "Estimated Cardinality": "1"
                                                                                            },
                                                                                            "cumulative_cardinality": 7708426,
                                                                                            "operator_type": "PROJECTION",
                                                                                            "operator_cardinality": 1,
                                                                                            "cumulative_rows_scanned": 3850116,
                                                                                            "operator_rows_scanned": 0,
                                                                                            "operator_timing": 1.2e-7,
                                                                                            "result_set_size": 4,
                                                                                            "children": [
                                                                                                {
                                                                                                    "operator_name": "STREAMING_LIMIT",
                                                                                                    "cpu_time": 0.07520458099999998,
                                                                                                    "extra_info": {},
                                                                                                    "cumulative_cardinality": 7708425,
                                                                                                    "operator_type": "STREAMING_LIMIT",
                                                                                                    "operator_cardinality": 1,
                                                                                                    "cumulative_rows_scanned": 3850116,
                                                                                                    "operator_rows_scanned": 0,
                                                                                                    "operator_timing": 0.0000013630000000000001,
                                                                                                    "result_set_size": 8,
                                                                                                    "children": [
                                                                                                        {
                                                                                                            "operator_name": "PROJECTION",
                                                                                                            "cpu_time": 0.07520321799999997,
                                                                                                            "extra_info": {
                                                                                                                "Projections": [
                                                                                                                    "#0",
                                                                                                                    "__internal_decompress_integral_integer(#1, -72)"
                                                                                                                ],
                                                                                                                "Estimated Cardinality": "3850116"
                                                                                                            },
                                                                                                            "cumulative_cardinality": 7708424,
                                                                                                            "operator_type": "PROJECTION",
                                                                                                            "operator_cardinality": 4096,
                                                                                                            "cumulative_rows_scanned": 3850116,
                                                                                                            "operator_rows_scanned": 0,
                                                                                                            "operator_timing": 0.00000479,
                                                                                                            "result_set_size": 32768,
                                                                                                            "children": [
                                                                                                                {
                                                                                                                    "operator_name": "ORDER_BY",
                                                                                                                    "cpu_time": 0.07519842799999997,
                                                                                                                    "extra_info": {
                                                                                                                        "Order By": "score DESC"
                                                                                                                    },
                                                                                                                    "cumulative_cardinality": 7704328,
                                                                                                                    "operator_type": "ORDER_BY",
                                                                                                                    "operator_cardinality": 4096,
                                                                                                                    "cumulative_rows_scanned": 3850116,
                                                                                                                    "operator_rows_scanned": 0,
                                                                                                                    "operator_timing": 0.038029978999999964,
                                                                                                                    "result_set_size": 24576,
                                                                                                                    "children": [
                                                                                                                        {
                                                                                                                            "operator_name": "PROJECTION",
                                                                                                                            "cpu_time": 0.037168449000000006,
                                                                                                                            "extra_info": {
                                                                                                                                "Projections": [
                                                                                                                                    "#0",
                                                                                                                                    "__internal_compress_integral_usmallint(#1, -72)"
                                                                                                                                ],
                                                                                                                                "Estimated Cardinality": "3850116"
                                                                                                                            },
                                                                                                                            "cumulative_cardinality": 7700232,
                                                                                                                            "operator_type": "PROJECTION",
                                                                                                                            "operator_cardinality": 3850116,
                                                                                                                            "cumulative_rows_scanned": 3850116,
                                                                                                                            "operator_rows_scanned": 0,
                                                                                                                            "operator_timing": 0.0010277820000000027,
                                                                                                                            "result_set_size": 23100696,
                                                                                                                            "children": [
                                                                                                                                {
                                                                                                                                    "operator_name": "READ_PARQUET ",
                                                                                                                                    "cpu_time": 0.036140667,
                                                                                                                                    "extra_info": {
                                                                                                                                        "Function": "READ_PARQUET",
                                                                                                                                        "Projections": [
                                                                                                                                            "id",
                                                                                                                                            "score"
                                                                                                                                        ],
                                                                                                                                        "Estimated Cardinality": "3850116"
                                                                                                                                    },
                                                                                                                                    "cumulative_cardinality": 3850116,
                                                                                                                                    "operator_type": "TABLE_SCAN",
                                                                                                                                    "operator_cardinality": 3850116,
                                                                                                                                    "cumulative_rows_scanned": 3850116,
                                                                                                                                    "operator_rows_scanned": 3850116,
                                                                                                                                    "operator_timing": 0.036140667,
                                                                                                                                    "result_set_size": 30800928,
                                                                                                                                    "children": []
                                                                                                                                }
                                                                                                                            ]
                                                                                                                        }
                                                                                                                    ]
                                                                                                                }
                                                                                                            ]
                                                                                                        }
                                                                                                    ]
                                                                                                }
                                                                                            ]
                                                                                        }
                                                                                    ]
                                                                                }
                                                                            ]
                                                                        }
                                                                    ]
                                                                }
                                                            ]
                                                        }
                                                    ]
                                                }
                                            ]
                                        }
                                    ]
                                }
                            ]
                        }
                    ]
                }
            ]
        }
    ]
}