{
    "rows_returned": 2973048,
    "query_name": "WITH UserPostStats AS (\n    SELECT \n        u.Id AS UserId,\n        u.DisplayName,\n        COUNT(p.Id) AS TotalPosts,\n        SUM(CASE WHEN p.PostTypeId = 1 THEN 1 ELSE 0 END) AS TotalQuestions,\n        SUM(CASE WHEN p.PostTypeId = 2 THEN 1 ELSE 0 END) AS TotalAnswers,\n        SUM(CASE WHEN p.Score IS NOT NULL THEN p.Score ELSE 0 END) AS TotalScore\n    FROM \n        Users u\n    LEFT JOIN \n        Posts p ON u.Id = p.OwnerUserId\n    GROUP BY \n        u.Id, u.DisplayName\n),\nPostTypeStats AS (\n    SELECT \n        pt.Id AS PostTypeId,\n        pt.Name AS PostTypeName,\n        COUNT(p.Id) AS CountPosts,\n        AVG(p.Score) AS AvgScore,\n        SUM(p.ViewCount) AS TotalViews\n    FROM \n        PostTypes pt\n    LEFT JOIN \n        Posts p ON pt.Id = p.PostTypeId\n    GROUP BY \n        pt.Id, pt.Name\n)\nSELECT \n    ups.UserId,\n    ups.DisplayName,\n    ups.TotalPosts,\n    ups.TotalQuestions,\n    ups.TotalAnswers,\n    ups.TotalScore,\n    pts.PostTypeId,\n    pts.PostTypeName,\n    pts.CountPosts,\n    pts.AvgScore,\n    pts.TotalViews\nFROM \n    UserPostStats ups\nJOIN \n    PostTypeStats pts ON ups.TotalPosts > 0;",
    "blocked_thread_time": 0.0,
    "cpu_time": 1.3901630580000006,
    "extra_info": {},
    "cumulative_cardinality": 34100996,
    "cumulative_rows_scanned": 8960950,
    "result_set_size": 374604048,
    "latency": 16.395937791,
    "children": [
        {
            "operator_name": "CROSS_PRODUCT",
            "cpu_time": 1.3901630580000006,
            "extra_info": {},
            "cumulative_cardinality": 34100996,
            "operator_type": "CROSS_PRODUCT",
            "operator_cardinality": 2973048,
            "cumulative_rows_scanned": 8960950,
            "operator_rows_scanned": 0,
            "operator_timing": 0.002856194000000004,
            "result_set_size": 374604048,
            "children": [
                {
                    "operator_name": "FILTER",
                    "cpu_time": 1.0980543110000003,
                    "extra_info": {
                        "Expression": "(TotalPosts > 0)",
                        "Estimated Cardinality": "252142"
                    },
                    "cumulative_cardinality": 15727457,
                    "operator_type": "FILTER",
                    "operator_cardinality": 371631,
                    "cumulative_rows_scanned": 5110826,
                    "operator_rows_scanned": 0,
                    "operator_timing": 0.002033093999999999,
                    "result_set_size": 28243956,
                    "children": [
                        {
                            "operator_name": "HASH_GROUP_BY",
                            "cpu_time": 1.0960212170000003,
                            "extra_info": {
                                "Groups": [
                                    "#0",
                                    "#1"
                                ],
                                "Aggregates": [
                                    "count(#2)",
                                    "sum(#3)",
                                    "sum(#4)",
                                    "sum(#5)"
                                ],
                                "Estimated Cardinality": "1260710"
                            },
                            "cumulative_cardinality": 15355826,
                            "operator_type": "HASH_GROUP_BY",
                            "operator_cardinality": 1260710,
                            "cumulative_rows_scanned": 5110826,
                            "operator_rows_scanned": 0,
                            "operator_timing": 0.5619715599999998,
                            "result_set_size": 95813960,
                            "children": [
                                {
                                    "operator_name": "PROJECTION",
                                    "cpu_time": 0.5340496570000005,
                                    "extra_info": {
                                        "Projections": [
                                            "id",
                                            "displayname",
                                            "id",
                                            "CASE  WHEN ((posttypeid = 1)) THEN (1) ELSE 0 END",
                                            "CASE  WHEN ((posttypeid = 2)) THEN (1) ELSE 0 END",
                                            "CASE  WHEN ((score IS NOT NULL)) THEN (score) ELSE 0 END"
                                        ],
                                        "Estimated Cardinality": "3850116"
                                    },
                                    "cumulative_cardinality": 14095116,
                                    "operator_type": "PROJECTION",
                                    "operator_cardinality": 4574495,
                                    "cumulative_rows_scanned": 5110826,
                                    "operator_rows_scanned": 0,
                                    "operator_timing": 0.05730155899999999,
                                    "result_set_size": 164681820,
                                    "children": [
                                        {
                                            "operator_name": "HASH_JOIN",
                                            "cpu_time": 0.47674809800000056,
                                            "extra_info": {
                                                "Join Type": "RIGHT",
                                                "Conditions": "owneruserid = id",
                                                "Estimated Cardinality": "3850116"
                                            },
                                            "cumulative_cardinality": 9520621,
                                            "operator_type": "HASH_JOIN",
                                            "operator_cardinality": 4574495,
                                            "cumulative_rows_scanned": 5110826,
                                            "operator_rows_scanned": 0,
                                            "operator_timing": 0.26377846400000043,
                                            "result_set_size": 137234850,
                                            "children": [
                                                {
                                                    "operator_name": "READ_PARQUET ",
                                                    "cpu_time": 0.13492218300000006,
                                                    "extra_info": {
                                                        "Function": "READ_PARQUET",
                                                        "Projections": [
                                                            "id",
                                                            "posttypeid",
                                                            "score",
                                                            "owneruserid"
                                                        ],
                                                        "Estimated Cardinality": "3850116"
                                                    },
                                                    "cumulative_cardinality": 3685416,
                                                    "operator_type": "TABLE_SCAN",
                                                    "operator_cardinality": 3685416,
                                                    "cumulative_rows_scanned": 3850116,
                                                    "operator_rows_scanned": 3850116,
                                                    "operator_timing": 0.13492218300000006,
                                                    "result_set_size": 51595824,
                                                    "children": []
                                                },
                                                {
                                                    "operator_name": "READ_PARQUET ",
                                                    "cpu_time": 0.07804745100000006,
                                                    "extra_info": {
                                                        "Function": "READ_PARQUET",
                                                        "Projections": [
                                                            "id",
                                                            "displayname"
                                                        ],
                                                        "Estimated Cardinality": "1260710"
                                                    },
                                                    "cumulative_cardinality": 1260710,
                                                    "operator_type": "TABLE_SCAN",
                                                    "operator_cardinality": 1260710,
                                                    "cumulative_rows_scanned": 1260710,
                                                    "operator_rows_scanned": 1260710,
                                                    "operator_timing": 0.07804745100000006,
                                                    "result_set_size": 25214200,
                                                    "children": []
                                                }
                                            ]
                                        }
                                    ]
                                }
                            ]
                        }
                    ]
                },
                {
                    "operator_name": "PROJECTION",
                    "cpu_time": 0.28925255300000036,
                    "extra_info": {
                        "Projections": [
                            "__internal_decompress_integral_smallint(#0, 1)",
                            "#1",
                            "#2",
                            "#3",
                            "#4"
                        ],
                        "Estimated Cardinality": "8"
                    },
                    "cumulative_cardinality": 15400491,
                    "operator_type": "PROJECTION",
                    "operator_cardinality": 8,
                    "cumulative_rows_scanned": 3850124,
                    "operator_rows_scanned": 0,
                    "operator_timing": 0.000002004,
                    "result_set_size": 400,
                    "children": [
                        {
                            "operator_name": "HASH_GROUP_BY",
                            "cpu_time": 0.28925054900000036,
                            "extra_info": {
                                "Groups": [
                                    "#0",
                                    "#1"
                                ],
                                "Aggregates": [
                                    "count(#2)",
                                    "avg(#3)",
                                    "sum(#4)"
                                ],
                                "Estimated Cardinality": "8"
                            },
                            "cumulative_cardinality": 15400483,
                            "operator_type": "HASH_GROUP_BY",
                            "operator_cardinality": 8,
                            "cumulative_rows_scanned": 3850124,
                            "operator_rows_scanned": 0,
                            "operator_timing": 0.11090018100000021,
                            "result_set_size": 392,
                            "children": [
                                {
                                    "operator_name": "PROJECTION",
                                    "cpu_time": 0.17835036800000015,
                                    "extra_info": {
                                        "Projections": [
                                            "id",
                                            "name",
                                            "id",
                                            "score",
                                            "viewcount"
                                        ],
                                        "Estimated Cardinality": "3850116"
                                    },
                                    "cumulative_cardinality": 15400475,
                                    "operator_type": "PROJECTION",
                                    "operator_cardinality": 3850117,
                                    "cumulative_rows_scanned": 3850124,
                                    "operator_rows_scanned": 0,
                                    "operator_timing": 0.00046855099999999056,
                                    "result_set_size": 111653393,
                                    "children": [
                                        {
                                            "operator_name": "PROJECTION",
                                            "cpu_time": 0.17788181700000016,
                                            "extra_info": {
                                                "Projections": [
                                                    "#0",
                                                    "#1",
                                                    "#2",
                                                    "__internal_compress_integral_utinyint(#3, 1)",
                                                    "#4"
                                                ],
                                                "Estimated Cardinality": "3850116"
                                            },
                                            "cumulative_cardinality": 11550358,
                                            "operator_type": "PROJECTION",
                                            "operator_cardinality": 3850117,
                                            "cumulative_rows_scanned": 3850124,
                                            "operator_rows_scanned": 0,
                                            "operator_timing": 0.0011179590000000043,
                                            "result_set_size": 111653393,
                                            "children": [
                                                {
                                                    "operator_name": "HASH_JOIN",
                                                    "cpu_time": 0.17676385800000016,
                                                    "extra_info": {
                                                        "Join Type": "RIGHT",
                                                        "Conditions": "posttypeid = id",
                                                        "Estimated Cardinality": "3850116"
                                                    },
                                                    "cumulative_cardinality": 7700241,
                                                    "operator_type": "HASH_JOIN",
                                                    "operator_cardinality": 3850117,
                                                    "cumulative_rows_scanned": 3850124,
                                                    "operator_rows_scanned": 0,
                                                    "operator_timing": 0.06734656600000033,
                                                    "result_set_size": 115503510,
                                                    "children": [
                                                        {
                                                            "operator_name": "READ_PARQUET ",
                                                            "cpu_time": 0.10910942699999984,
                                                            "extra_info": {
                                                                "Function": "READ_PARQUET",
                                                                "Projections": [
                                                                    "id",
                                                                    "posttypeid",
                                                                    "score",
                                                                    "viewcount"
                                                                ],
                                                                "Estimated Cardinality": "3850116"
                                                            },
                                                            "cumulative_cardinality": 3850116,
                                                            "operator_type": "TABLE_SCAN",
                                                            "operator_cardinality": 3850116,
                                                            "cumulative_rows_scanned": 3850116,
                                                            "operator_rows_scanned": 3850116,
                                                            "operator_timing": 0.10910942699999984,
                                                            "result_set_size": 53901624,
                                                            "children": []
                                                        },
                                                        {
                                                            "operator_name": "READ_PARQUET ",
                                                            "cpu_time": 0.000307865,
                                                            "extra_info": {
                                                                "Function": "READ_PARQUET",
                                                                "Projections": [
                                                                    "id",
                                                                    "name"
                                                                ],
                                                                "Estimated Cardinality": "8"
                                                            },
                                                            "cumulative_cardinality": 8,
                                                            "operator_type": "TABLE_SCAN",
                                                            "operator_cardinality": 8,
                                                            "cumulative_rows_scanned": 8,
                                                            "operator_rows_scanned": 8,
                                                            "operator_timing": 0.000307865,
                                                            "result_set_size": 144,
                                                            "children": []
                                                        }
                                                    ]
                                                }
                                            ]
                                        }
                                    ]
                                }
                            ]
                        }
                    ]
                }
            ]
        }
    ]
}