{
    "rows_returned": 1,
    "query_name": "WITH PostStats AS (\n    SELECT \n        COUNT(*) AS TotalPosts,\n        COUNT(DISTINCT OwnerUserId) AS UniqueUsers,\n        SUM(COALESCE(AnswerCount, 0)) AS TotalAnswers,\n        SUM(COALESCE(CommentCount, 0)) AS TotalComments\n    FROM Posts\n),\nVoteStats AS (\n    SELECT \n        COUNT(*) AS TotalVotes,\n        COUNT(DISTINCT UserId) AS UniqueVoters\n    FROM Votes\n),\nUserStats AS (\n    SELECT \n        COUNT(*) AS TotalUsers,\n        AVG(Reputation) AS AvgReputation,\n        MAX(Reputation) AS MaxReputation\n    FROM Users\n)\n\nSELECT \n    p.TotalPosts,\n    p.UniqueUsers,\n    p.TotalAnswers,\n    p.TotalComments,\n    v.TotalVotes,\n    v.UniqueVoters,\n    u.TotalUsers,\n    u.AvgReputation,\n    u.MaxReputation\nFROM \n    PostStats p,\n    VoteStats v,\n    UserStats u;",
    "blocked_thread_time": 0.0,
    "cpu_time": 0.27048537400000033,
    "extra_info": {},
    "cumulative_cardinality": 35709844,
    "cumulative_rows_scanned": 17854919,
    "result_set_size": 84,
    "latency": 0.318350939,
    "children": [
        {
            "operator_name": "PROJECTION",
            "cpu_time": 0.27048537400000033,
            "extra_info": {
                "Projections": [
                    "TotalPosts",
                    "UniqueUsers",
                    "TotalAnswers",
                    "TotalComments",
                    "TotalVotes",
                    "UniqueVoters",
                    "TotalUsers",
                    "AvgReputation",
                    "MaxReputation"
                ],
                "Estimated Cardinality": "1"
            },
            "cumulative_cardinality": 35709844,
            "operator_type": "PROJECTION",
            "operator_cardinality": 1,
            "cumulative_rows_scanned": 17854919,
            "operator_rows_scanned": 0,
            "operator_timing": 7.21e-7,
            "result_set_size": 84,
            "children": [
                {
                    "operator_name": "CROSS_PRODUCT",
                    "cpu_time": 0.27048465300000035,
                    "extra_info": {},
                    "cumulative_cardinality": 35709843,
                    "operator_type": "CROSS_PRODUCT",
                    "operator_cardinality": 1,
                    "cumulative_rows_scanned": 17854919,
                    "operator_rows_scanned": 0,
                    "operator_timing": 0.000025098000000000003,
                    "result_set_size": 84,
                    "children": [
                        {
                            "operator_name": "UNGROUPED_AGGREGATE",
                            "cpu_time": 0.19763758900000028,
                            "extra_info": {
                                "Aggregates": [
                                    "count_star()",
                                    "count(DISTINCT #0)",
                                    "sum(#1)",
                                    "sum(#2)"
                                ]
                            },
                            "cumulative_cardinality": 7700233,
                            "operator_type": "UNGROUPED_AGGREGATE",
                            "operator_cardinality": 1,
                            "cumulative_rows_scanned": 3850116,
                            "operator_rows_scanned": 0,
                            "operator_timing": 0.0925178330000001,
                            "result_set_size": 48,
                            "children": [
                                {
                                    "operator_name": "PROJECTION",
                                    "cpu_time": 0.10511975600000018,
                                    "extra_info": {
                                        "Projections": [
                                            "owneruserid",
                                            "COALESCE(answercount, 0)",
                                            "commentcount"
                                        ],
                                        "Estimated Cardinality": "3850116"
                                    },
                                    "cumulative_cardinality": 7700232,
                                    "operator_type": "PROJECTION",
                                    "operator_cardinality": 3850116,
                                    "cumulative_rows_scanned": 3850116,
                                    "operator_rows_scanned": 0,
                                    "operator_timing": 0.04229088800000006,
                                    "result_set_size": 46201392,
                                    "children": [
                                        {
                                            "operator_name": "READ_PARQUET ",
                                            "cpu_time": 0.06282886800000012,
                                            "extra_info": {
                                                "Function": "READ_PARQUET",
                                                "Projections": [
                                                    "owneruserid",
                                                    "answercount",
                                                    "commentcount"
                                                ],
                                                "Estimated Cardinality": "3850116"
                                            },
                                            "cumulative_cardinality": 3850116,
                                            "operator_type": "TABLE_SCAN",
                                            "operator_cardinality": 3850116,
                                            "cumulative_rows_scanned": 3850116,
                                            "operator_rows_scanned": 3850116,
                                            "operator_timing": 0.06282886800000012,
                                            "result_set_size": 46201392,
                                            "children": []
                                        }
                                    ]
                                }
                            ]
                        },
                        {
                            "operator_name": "CROSS_PRODUCT",
                            "cpu_time": 0.07282196600000007,
                            "extra_info": {},
                            "cumulative_cardinality": 28009609,
                            "operator_type": "CROSS_PRODUCT",
                            "operator_cardinality": 1,
                            "cumulative_rows_scanned": 14004803,
                            "operator_rows_scanned": 0,
                            "operator_timing": 0.000014868,
                            "result_set_size": 36,
                            "children": [
                                {
                                    "operator_name": "UNGROUPED_AGGREGATE",
                                    "cpu_time": 0.012717182000000014,
                                    "extra_info": {
                                        "Aggregates": [
                                            "count_star()",
                                            "avg(#0)",
                                            "max(#1)"
                                        ]
                                    },
                                    "cumulative_cardinality": 2521421,
                                    "operator_type": "UNGROUPED_AGGREGATE",
                                    "operator_cardinality": 1,
                                    "cumulative_rows_scanned": 1260710,
                                    "operator_rows_scanned": 0,
                                    "operator_timing": 0.005995303000000017,
                                    "result_set_size": 20,
                                    "children": [
                                        {
                                            "operator_name": "PROJECTION",
                                            "cpu_time": 0.006721878999999998,
                                            "extra_info": {
                                                "Projections": [
                                                    "reputation",
                                                    "reputation"
                                                ],
                                                "Estimated Cardinality": "1260710"
                                            },
                                            "cumulative_cardinality": 2521420,
                                            "operator_type": "PROJECTION",
                                            "operator_cardinality": 1260710,
                                            "cumulative_rows_scanned": 1260710,
                                            "operator_rows_scanned": 0,
                                            "operator_timing": 0.00006960299999999969,
                                            "result_set_size": 10085680,
                                            "children": [
                                                {
                                                    "operator_name": "READ_PARQUET ",
                                                    "cpu_time": 0.006652275999999999,
                                                    "extra_info": {
                                                        "Function": "READ_PARQUET",
                                                        "Projections": "reputation",
                                                        "Estimated Cardinality": "1260710"
                                                    },
                                                    "cumulative_cardinality": 1260710,
                                                    "operator_type": "TABLE_SCAN",
                                                    "operator_cardinality": 1260710,
                                                    "cumulative_rows_scanned": 1260710,
                                                    "operator_rows_scanned": 1260710,
                                                    "operator_timing": 0.006652275999999999,
                                                    "result_set_size": 5042840,
                                                    "children": []
                                                }
                                            ]
                                        }
                                    ]
                                },
                                {
                                    "operator_name": "UNGROUPED_AGGREGATE",
                                    "cpu_time": 0.060089916000000056,
                                    "extra_info": {
                                        "Aggregates": [
                                            "count_star()",
                                            "count(DISTINCT #0)"
                                        ]
                                    },
                                    "cumulative_cardinality": 25488187,
                                    "operator_type": "UNGROUPED_AGGREGATE",
                                    "operator_cardinality": 1,
                                    "cumulative_rows_scanned": 12744093,
                                    "operator_rows_scanned": 0,
                                    "operator_timing": 0.037248553999999996,
                                    "result_set_size": 16,
                                    "children": [
                                        {
                                            "operator_name": "PROJECTION",
                                            "cpu_time": 0.02284136200000006,
                                            "extra_info": {
                                                "Projections": "userid",
                                                "Estimated Cardinality": "12744093"
                                            },
                                            "cumulative_cardinality": 25488186,
                                            "operator_type": "PROJECTION",
                                            "operator_cardinality": 12744093,
                                            "cumulative_rows_scanned": 12744093,
                                            "operator_rows_scanned": 0,
                                            "operator_timing": 0.0005440740000000212,
                                            "result_set_size": 50976372,
                                            "children": [
                                                {
                                                    "operator_name": "READ_PARQUET ",
                                                    "cpu_time": 0.022297288000000037,
                                                    "extra_info": {
                                                        "Function": "READ_PARQUET",
                                                        "Projections": "userid",
                                                        "Estimated Cardinality": "12744093"
                                                    },
                                                    "cumulative_cardinality": 12744093,
                                                    "operator_type": "TABLE_SCAN",
                                                    "operator_cardinality": 12744093,
                                                    "cumulative_rows_scanned": 12744093,
                                                    "operator_rows_scanned": 12744093,
                                                    "operator_timing": 0.022297288000000037,
                                                    "result_set_size": 50976372,
                                                    "children": []
                                                }
                                            ]
                                        }
                                    ]
                                }
                            ]
                        }
                    ]
                }
            ]
        }
    ]
}