{
    "rows_returned": 36465,
    "query_name": "WITH Benchmark AS (\n    SELECT \n        PH.PostId,\n        COUNT(CASE WHEN PH.PostHistoryTypeId = 10 THEN 1 END) AS CloseCount,\n        COUNT(CASE WHEN PH.PostHistoryTypeId = 11 THEN 1 END) AS ReopenCount,\n        COUNT(CASE WHEN PH.PostHistoryTypeId IN (24, 25) THEN 1 END) AS EditCount,\n        COUNT(CASE WHEN PH.PostHistoryTypeId = 12 THEN 1 END) AS DeleteCount,\n        COUNT(CASE WHEN PH.PostHistoryTypeId = 13 THEN 1 END) AS UndeleteCount,\n        COUNT(CASE WHEN PH.PostHistoryTypeId = 14 THEN 1 END) AS LockCount,\n        COUNT(CASE WHEN PH.PostHistoryTypeId = 15 THEN 1 END) AS UnlockCount,\n        COUNT(CASE WHEN PH.PostHistoryTypeId = 19 THEN 1 END) AS ProtectCount,\n        COUNT(CASE WHEN PH.PostHistoryTypeId = 20 THEN 1 END) AS UnprotectCount,\n        COUNT(CASE WHEN PH.PostHistoryTypeId IN (1, 4, 5) THEN 1 END) AS TitleOrBodyEditCount,\n        COUNT(CASE WHEN P.PostTypeId = 1 THEN 1 END) AS QuestionCount,\n        COUNT(CASE WHEN P.PostTypeId = 2 THEN 1 END) AS AnswerCount,\n        COUNT(DISTINCT V.UserId) AS UniqueVoters,\n        AVG(U.Reputation) AS AverageUserReputation\n    FROM \n        PostHistory PH\n    JOIN \n        Posts P ON PH.PostId = P.Id\n    JOIN \n        Votes V ON V.PostId = P.Id\n    JOIN \n        Users U ON V.UserId = U.Id\n    GROUP BY \n        PH.PostId\n)\nSELECT \n    PostId,\n    CloseCount,\n    ReopenCount,\n    EditCount,\n    DeleteCount,\n    UndeleteCount,\n    LockCount,\n    UnlockCount,\n    ProtectCount,\n    UnprotectCount,\n    TitleOrBodyEditCount,\n    QuestionCount,\n    AnswerCount,\n    UniqueVoters,\n    AverageUserReputation\nFROM \n    Benchmark\nORDER BY \n    PostId;\n",
    "blocked_thread_time": 0.0,
    "cpu_time": 2.002905959000001,
    "extra_info": {},
    "cumulative_cardinality": 69168982,
    "cumulative_rows_scanned": 29650163,
    "result_set_size": 4229940,
    "latency": 2.364772971,
    "children": [
        {
            "operator_name": "ORDER_BY",
            "cpu_time": 2.002905959000001,
            "extra_info": {
                "Order By": "Benchmark.PostId ASC"
            },
            "cumulative_cardinality": 69168982,
            "operator_type": "ORDER_BY",
            "operator_cardinality": 36465,
            "cumulative_rows_scanned": 29650163,
            "operator_rows_scanned": 0,
            "operator_timing": 0.0019719959999999997,
            "result_set_size": 4229940,
            "children": [
                {
                    "operator_name": "HASH_GROUP_BY",
                    "cpu_time": 2.000933963000001,
                    "extra_info": {
                        "Groups": "#0",
                        "Aggregates": [
                            "count(#1)",
                            "count(#2)",
                            "count(#3)",
                            "count(#4)",
                            "count(#5)",
                            "count(#6)",
                            "count(#7)",
                            "count(#8)",
                            "count(#9)",
                            "count(#10)",
                            "count(#11)",
                            "count(#12)",
                            "count(DISTINCT #13)",
                            "avg(#14)"
                        ],
                        "Estimated Cardinality": "11795244"
                    },
                    "cumulative_cardinality": 69132517,
                    "operator_type": "HASH_GROUP_BY",
                    "operator_cardinality": 36465,
                    "cumulative_rows_scanned": 29650163,
                    "operator_rows_scanned": 0,
                    "operator_timing": 0.04455364699999999,
                    "result_set_size": 4229940,
                    "children": [
                        {
                            "operator_name": "PROJECTION",
                            "cpu_time": 1.956380316000001,
                            "extra_info": {
                                "Projections": [
                                    "postid",
                                    "CASE  WHEN ((posthistorytypeid = 10)) THEN (1) ELSE NULL END",
                                    "CASE  WHEN ((posthistorytypeid = 11)) THEN (1) ELSE NULL END",
                                    "CASE  WHEN ((posthistorytypeid IN (24, 25))) THEN (1) ELSE NULL END",
                                    "CASE  WHEN ((posthistorytypeid = 12)) THEN (1) ELSE NULL END",
                                    "CASE  WHEN ((posthistorytypeid = 13)) THEN (1) ELSE NULL END",
                                    "CASE  WHEN ((posthistorytypeid = 14)) THEN (1) ELSE NULL END",
                                    "CASE  WHEN ((posthistorytypeid = 15)) THEN (1) ELSE NULL END",
                                    "CASE  WHEN ((posthistorytypeid = 19)) THEN (1) ELSE NULL END",
                                    "CASE  WHEN ((posthistorytypeid = 20)) THEN (1) ELSE NULL END",
                                    "CASE  WHEN ((posthistorytypeid IN (1, 4, 5))) THEN (1) ELSE NULL END",
                                    "CASE  WHEN ((posttypeid = 1)) THEN (1) ELSE NULL END",
                                    "CASE  WHEN ((posttypeid = 2)) THEN (1) ELSE NULL END",
                                    "userid",
                                    "reputation"
                                ],
                                "Estimated Cardinality": "39042898"
                            },
                            "cumulative_cardinality": 69096052,
                            "operator_type": "PROJECTION",
                            "operator_cardinality": 364847,
                            "cumulative_rows_scanned": 29650163,
                            "operator_rows_scanned": 0,
                            "operator_timing": 0.013422663999999999,
                            "result_set_size": 21890820,
                            "children": [
                                {
                                    "operator_name": "PROJECTION",
                                    "cpu_time": 1.9429576520000011,
                                    "extra_info": {
                                        "Projections": [
                                            "#0",
                                            "#1",
                                            "__internal_decompress_integral_smallint(#2, 1)",
                                            "#3",
                                            "__internal_decompress_integral_smallint(#4, 1)"
                                        ],
                                        "Estimated Cardinality": "39042898"
                                    },
                                    "cumulative_cardinality": 68731205,
                                    "operator_type": "PROJECTION",
                                    "operator_cardinality": 364847,
                                    "cumulative_rows_scanned": 29650163,
                                    "operator_rows_scanned": 0,
                                    "operator_timing": 0.0002481309999999999,
                                    "result_set_size": 5837552,
                                    "children": [
                                        {
                                            "operator_name": "HASH_JOIN",
                                            "cpu_time": 1.9427095210000012,
                                            "extra_info": {
                                                "Join Type": "INNER",
                                                "Conditions": "postid = postid",
                                                "Estimated Cardinality": "39042898"
                                            },
                                            "cumulative_cardinality": 68366358,
                                            "operator_type": "HASH_JOIN",
                                            "operator_cardinality": 364847,
                                            "cumulative_rows_scanned": 29650163,
                                            "operator_rows_scanned": 0,
                                            "operator_timing": 0.748269267999998,
                                            "result_set_size": 5107858,
                                            "children": [
                                                {
                                                    "operator_name": "HASH_JOIN",
                                                    "cpu_time": 0.2886569170000005,
                                                    "extra_info": {
                                                        "Join Type": "INNER",
                                                        "Conditions": "userid = id",
                                                        "Estimated Cardinality": "12744093"
                                                    },
                                                    "cumulative_cardinality": 1325074,
                                                    "operator_type": "HASH_JOIN",
                                                    "operator_cardinality": 40287,
                                                    "cumulative_rows_scanned": 14004803,
                                                    "operator_rows_scanned": 0,
                                                    "operator_timing": 0.07334224100000022,
                                                    "result_set_size": 483444,
                                                    "children": [
                                                        {
                                                            "operator_name": "READ_PARQUET ",
                                                            "cpu_time": 0.19560489300000025,
                                                            "extra_info": {
                                                                "Function": "READ_PARQUET",
                                                                "Projections": [
                                                                    "postid",
                                                                    "userid"
                                                                ],
                                                                "Estimated Cardinality": "12744093"
                                                            },
                                                            "cumulative_cardinality": 40287,
                                                            "operator_type": "TABLE_SCAN",
                                                            "operator_cardinality": 40287,
                                                            "cumulative_rows_scanned": 12744093,
                                                            "operator_rows_scanned": 12744093,
                                                            "operator_timing": 0.19560489300000025,
                                                            "result_set_size": 322296,
                                                            "children": []
                                                        },
                                                        {
                                                            "operator_name": "READ_PARQUET ",
                                                            "cpu_time": 0.019709783000000015,
                                                            "extra_info": {
                                                                "Function": "READ_PARQUET",
                                                                "Projections": [
                                                                    "id",
                                                                    "reputation"
                                                                ],
                                                                "Filters": "id<=1400285",
                                                                "Estimated Cardinality": "1260710"
                                                            },
                                                            "cumulative_cardinality": 1244500,
                                                            "operator_type": "TABLE_SCAN",
                                                            "operator_cardinality": 1244500,
                                                            "cumulative_rows_scanned": 1260710,
                                                            "operator_rows_scanned": 1260710,
                                                            "operator_timing": 0.019709783000000015,
                                                            "result_set_size": 9956000,
                                                            "children": []
                                                        }
                                                    ]
                                                },
                                                {
                                                    "operator_name": "PROJECTION",
                                                    "cpu_time": 0.9057833360000026,
                                                    "extra_info": {
                                                        "Projections": [
                                                            "__internal_compress_integral_utinyint(#0, 1)",
                                                            "#1",
                                                            "__internal_compress_integral_utinyint(#2, 1)"
                                                        ],
                                                        "Estimated Cardinality": "11795244"
                                                    },
                                                    "cumulative_cardinality": 66676437,
                                                    "operator_type": "PROJECTION",
                                                    "operator_cardinality": 11795239,
                                                    "cumulative_rows_scanned": 15645360,
                                                    "operator_rows_scanned": 0,
                                                    "operator_timing": 0.006633322000000006,
                                                    "result_set_size": 70771434,
                                                    "children": [
                                                        {
                                                            "operator_name": "PROJECTION",
                                                            "cpu_time": 0.8991500140000026,
                                                            "extra_info": {
                                                                "Projections": [
                                                                    "#0",
                                                                    "#1",
                                                                    "__internal_decompress_integral_smallint(#2, 1)"
                                                                ],
                                                                "Estimated Cardinality": "11795244"
                                                            },
                                                            "cumulative_cardinality": 54881198,
                                                            "operator_type": "PROJECTION",
                                                            "operator_cardinality": 11795239,
                                                            "cumulative_rows_scanned": 15645360,
                                                            "operator_rows_scanned": 0,
                                                            "operator_timing": 0.00387022300000003,
                                                            "result_set_size": 94361912,
                                                            "children": [
                                                                {
                                                                    "operator_name": "FILTER",
                                                                    "cpu_time": 0.8952797910000025,
                                                                    "extra_info": {
                                                                        "Expression": "(#1 <= 4978525)",
                                                                        "Estimated Cardinality": "11795244"
                                                                    },
                                                                    "cumulative_cardinality": 43085959,
                                                                    "operator_type": "FILTER",
                                                                    "operator_cardinality": 11795239,
                                                                    "cumulative_rows_scanned": 15645360,
                                                                    "operator_rows_scanned": 0,
                                                                    "operator_timing": 0.021732422999999796,
                                                                    "result_set_size": 82566673,
                                                                    "children": [
                                                                        {
                                                                            "operator_name": "HASH_JOIN",
                                                                            "cpu_time": 0.8735473680000028,
                                                                            "extra_info": {
                                                                                "Join Type": "INNER",
                                                                                "Conditions": "postid = id",
                                                                                "Estimated Cardinality": "11795244"
                                                                            },
                                                                            "cumulative_cardinality": 31290720,
                                                                            "operator_type": "HASH_JOIN",
                                                                            "operator_cardinality": 11795244,
                                                                            "cumulative_rows_scanned": 15645360,
                                                                            "operator_rows_scanned": 0,
                                                                            "operator_timing": 0.6436713530000022,
                                                                            "result_set_size": 82566708,
                                                                            "children": [
                                                                                {
                                                                                    "operator_name": "READ_PARQUET ",
                                                                                    "cpu_time": 0.19488021600000044,
                                                                                    "extra_info": {
                                                                                        "Function": "READ_PARQUET",
                                                                                        "Projections": [
                                                                                            "posthistorytypeid",
                                                                                            "postid"
                                                                                        ],
                                                                                        "Estimated Cardinality": "11795244"
                                                                                    },
                                                                                    "cumulative_cardinality": 11795244,
                                                                                    "operator_type": "TABLE_SCAN",
                                                                                    "operator_cardinality": 11795244,
                                                                                    "cumulative_rows_scanned": 11795244,
                                                                                    "operator_rows_scanned": 11795244,
                                                                                    "operator_timing": 0.19488021600000044,
                                                                                    "result_set_size": 70771464,
                                                                                    "children": []
                                                                                },
                                                                                {
                                                                                    "operator_name": "PROJECTION",
                                                                                    "cpu_time": 0.03499579900000002,
                                                                                    "extra_info": {
                                                                                        "Projections": [
                                                                                            "#0",
                                                                                            "__internal_compress_integral_utinyint(#1, 1)"
                                                                                        ],
                                                                                        "Estimated Cardinality": "3850116"
                                                                                    },
                                                                                    "cumulative_cardinality": 7700232,
                                                                                    "operator_type": "PROJECTION",
                                                                                    "operator_cardinality": 3850116,
                                                                                    "cumulative_rows_scanned": 3850116,
                                                                                    "operator_rows_scanned": 0,
                                                                                    "operator_timing": 0.0009596630000000037,
                                                                                    "result_set_size": 19250580,
                                                                                    "children": [
                                                                                        {
                                                                                            "operator_name": "READ_PARQUET ",
                                                                                            "cpu_time": 0.034036136000000015,
                                                                                            "extra_info": {
                                                                                                "Function": "READ_PARQUET",
                                                                                                "Projections": [
                                                                                                    "id",
                                                                                                    "posttypeid"
                                                                                                ],
                                                                                                "Estimated Cardinality": "3850116"
                                                                                            },
                                                                                            "cumulative_cardinality": 3850116,
                                                                                            "operator_type": "TABLE_SCAN",
                                                                                            "operator_cardinality": 3850116,
                                                                                            "cumulative_rows_scanned": 3850116,
                                                                                            "operator_rows_scanned": 3850116,
                                                                                            "operator_timing": 0.034036136000000015,
                                                                                            "result_set_size": 23100696,
                                                                                            "children": []
                                                                                        }
                                                                                    ]
                                                                                }
                                                                            ]
                                                                        }
                                                                    ]
                                                                }
                                                            ]
                                                        }
                                                    ]
                                                }
                                            ]
                                        }
                                    ]
                                }
                            ]
                        }
                    ]
                }
            ]
        }
    ]
}