{
    "rows_returned": 7,
    "query_name": "WITH PostStats AS (\n    SELECT \n        P.Id AS PostId,\n        P.PostTypeId,\n        P.CreationDate,\n        P.ViewCount,\n        P.Score,\n        COUNT(CASE WHEN C.Id IS NOT NULL THEN 1 END) AS CommentCount,\n        COUNT(V.Id) AS VoteCount,\n        AVG(U.Reputation) AS AvgUserReputation\n    FROM \n        Posts P\n    LEFT JOIN \n        Comments C ON P.Id = C.PostId\n    LEFT JOIN \n        Votes V ON P.Id = V.PostId\n    LEFT JOIN \n        Users U ON P.OwnerUserId = U.Id\n    GROUP BY \n        P.Id, \n        P.PostTypeId, \n        P.CreationDate, \n        P.ViewCount, \n        P.Score\n)\n\nSELECT \n    PT.Name AS PostType,\n    COUNT(*) AS TotalPosts,\n    AVG(ViewCount) AS AvgViewCount,\n    AVG(Score) AS AvgScore,\n    SUM(CommentCount) AS TotalComments,\n    SUM(VoteCount) AS TotalVotes,\n    AVG(AvgUserReputation) AS AvgUserReputation\nFROM \n    PostStats PS\nJOIN \n    PostTypes PT ON PS.PostTypeId = PT.Id\nGROUP BY \n    PT.Name\nORDER BY \n    TotalPosts DESC;",
    "blocked_thread_time": 0.0,
    "cpu_time": 6.781602805000012,
    "extra_info": {},
    "cumulative_cardinality": 250630206,
    "cumulative_rows_scanned": 25096749,
    "result_set_size": 560,
    "latency": 8.015016426,
    "children": [
        {
            "operator_name": "ORDER_BY",
            "cpu_time": 6.781602805000012,
            "extra_info": {
                "Order By": "count_star() DESC"
            },
            "cumulative_cardinality": 250630206,
            "operator_type": "ORDER_BY",
            "operator_cardinality": 7,
            "cumulative_rows_scanned": 25096749,
            "operator_rows_scanned": 0,
            "operator_timing": 0.000044312,
            "result_set_size": 560,
            "children": [
                {
                    "operator_name": "HASH_GROUP_BY",
                    "cpu_time": 6.781558493000012,
                    "extra_info": {
                        "Groups": "#0",
                        "Aggregates": [
                            "count_star()",
                            "avg(#1)",
                            "avg(#2)",
                            "sum(#3)",
                            "sum(#4)",
                            "avg(#5)"
                        ],
                        "Estimated Cardinality": "1925058"
                    },
                    "cumulative_cardinality": 250630199,
                    "operator_type": "HASH_GROUP_BY",
                    "operator_cardinality": 7,
                    "cumulative_rows_scanned": 25096749,
                    "operator_rows_scanned": 0,
                    "operator_timing": 0.11511116200000025,
                    "result_set_size": 560,
                    "children": [
                        {
                            "operator_name": "PROJECTION",
                            "cpu_time": 6.666447331000012,
                            "extra_info": {
                                "Projections": [
                                    "name",
                                    "viewcount",
                                    "score",
                                    "CommentCount",
                                    "VoteCount",
                                    "AvgUserReputation"
                                ],
                                "Estimated Cardinality": "3850116"
                            },
                            "cumulative_cardinality": 250630192,
                            "operator_type": "PROJECTION",
                            "operator_cardinality": 3850116,
                            "cumulative_rows_scanned": 25096749,
                            "operator_rows_scanned": 0,
                            "operator_timing": 0.000462976999999993,
                            "result_set_size": 184805568,
                            "children": [
                                {
                                    "operator_name": "HASH_JOIN",
                                    "cpu_time": 6.665984354000012,
                                    "extra_info": {
                                        "Join Type": "INNER",
                                        "Conditions": "posttypeid = id",
                                        "Estimated Cardinality": "3850116"
                                    },
                                    "cumulative_cardinality": 246780076,
                                    "operator_type": "HASH_JOIN",
                                    "operator_cardinality": 3850116,
                                    "cumulative_rows_scanned": 25096749,
                                    "operator_rows_scanned": 0,
                                    "operator_timing": 0.005851344000000019,
                                    "result_set_size": 184805568,
                                    "children": [
                                        {
                                            "operator_name": "PROJECTION",
                                            "cpu_time": 6.659802973000012,
                                            "extra_info": {
                                                "Projections": [
                                                    "posttypeid",
                                                    "viewcount",
                                                    "score",
                                                    "CommentCount",
                                                    "VoteCount",
                                                    "AvgUserReputation"
                                                ],
                                                "Estimated Cardinality": "3850116"
                                            },
                                            "cumulative_cardinality": 242929953,
                                            "operator_type": "PROJECTION",
                                            "operator_cardinality": 3850116,
                                            "cumulative_rows_scanned": 25096741,
                                            "operator_rows_scanned": 0,
                                            "operator_timing": 0.0004224869999999977,
                                            "result_set_size": 130903944,
                                            "children": [
                                                {
                                                    "operator_name": "PROJECTION",
                                                    "cpu_time": 6.659380486000012,
                                                    "extra_info": {
                                                        "Projections": [
                                                            "#0",
                                                            "__internal_decompress_integral_smallint(#1, 1)",
                                                            "#2",
                                                            "#3",
                                                            "__internal_decompress_integral_integer(#4, -72)",
                                                            "#5",
                                                            "#6",
                                                            "#7"
                                                        ],
                                                        "Estimated Cardinality": "3850116"
                                                    },
                                                    "cumulative_cardinality": 239079837,
                                                    "operator_type": "PROJECTION",
                                                    "operator_cardinality": 3850116,
                                                    "cumulative_rows_scanned": 25096741,
                                                    "operator_rows_scanned": 0,
                                                    "operator_timing": 0.002044150999999998,
                                                    "result_set_size": 177105336,
                                                    "children": [
                                                        {
                                                            "operator_name": "HASH_GROUP_BY",
                                                            "cpu_time": 6.6573363350000125,
                                                            "extra_info": {
                                                                "Groups": [
                                                                    "#0",
                                                                    "#1",
                                                                    "#2",
                                                                    "#3",
                                                                    "#4"
                                                                ],
                                                                "Aggregates": [
                                                                    "count(#5)",
                                                                    "count(#6)",
                                                                    "avg(#7)"
                                                                ],
                                                                "Estimated Cardinality": "3850116"
                                                            },
                                                            "cumulative_cardinality": 235229721,
                                                            "operator_type": "HASH_GROUP_BY",
                                                            "operator_cardinality": 3850116,
                                                            "cumulative_rows_scanned": 25096741,
                                                            "operator_rows_scanned": 0,
                                                            "operator_timing": 2.220520896999994,
                                                            "result_set_size": 165554988,
                                                            "children": [
                                                                {
                                                                    "operator_name": "PROJECTION",
                                                                    "cpu_time": 4.436815438000019,
                                                                    "extra_info": {
                                                                        "Projections": [
                                                                            "id",
                                                                            "posttypeid",
                                                                            "creationdate",
                                                                            "viewcount",
                                                                            "score",
                                                                            "CASE  WHEN ((id IS NOT NULL)) THEN (1) ELSE NULL END",
                                                                            "id",
                                                                            "reputation"
                                                                        ],
                                                                        "Estimated Cardinality": "12744093"
                                                                    },
                                                                    "cumulative_cardinality": 231379605,
                                                                    "operator_type": "PROJECTION",
                                                                    "operator_cardinality": 35129590,
                                                                    "cumulative_rows_scanned": 25096741,
                                                                    "operator_rows_scanned": 0,
                                                                    "operator_timing": 0.11520571799999918,
                                                                    "result_set_size": 1089017290,
                                                                    "children": [
                                                                        {
                                                                            "operator_name": "PROJECTION",
                                                                            "cpu_time": 4.321609720000019,
                                                                            "extra_info": {
                                                                                "Projections": [
                                                                                    "#2",
                                                                                    "__internal_compress_integral_utinyint(#3, 1)",
                                                                                    "#4",
                                                                                    "__internal_compress_integral_usmallint(#5, -72)",
                                                                                    "#6",
                                                                                    "#1",
                                                                                    "#0",
                                                                                    "#7"
                                                                                ],
                                                                                "Estimated Cardinality": "12744093"
                                                                            },
                                                                            "cumulative_cardinality": 196250015,
                                                                            "operator_type": "PROJECTION",
                                                                            "operator_cardinality": 35129590,
                                                                            "cumulative_rows_scanned": 25096741,
                                                                            "operator_rows_scanned": 0,
                                                                            "operator_timing": 0.08612829899999885,
                                                                            "result_set_size": 1089017290,
                                                                            "children": [
                                                                                {
                                                                                    "operator_name": "HASH_JOIN",
                                                                                    "cpu_time": 4.235481421000021,
                                                                                    "extra_info": {
                                                                                        "Join Type": "LEFT",
                                                                                        "Conditions": "owneruserid = id",
                                                                                        "Estimated Cardinality": "12744093"
                                                                                    },
                                                                                    "cumulative_cardinality": 161120425,
                                                                                    "operator_type": "HASH_JOIN",
                                                                                    "operator_cardinality": 35129590,
                                                                                    "cumulative_rows_scanned": 25096741,
                                                                                    "operator_rows_scanned": 0,
                                                                                    "operator_timing": 0.9942359660000168,
                                                                                    "result_set_size": 1194406060,
                                                                                    "children": [
                                                                                        {
                                                                                            "operator_name": "PROJECTION",
                                                                                            "cpu_time": 3.2273308640000042,
                                                                                            "extra_info": {
                                                                                                "Projections": [
                                                                                                    "#0",
                                                                                                    "#1",
                                                                                                    "#2",
                                                                                                    "__internal_decompress_integral_smallint(#3, 1)",
                                                                                                    "#4",
                                                                                                    "__internal_decompress_integral_integer(#5, -72)",
                                                                                                    "#6",
                                                                                                    "#7"
                                                                                                ],
                                                                                                "Estimated Cardinality": "12744093"
                                                                                            },
                                                                                            "cumulative_cardinality": 124730125,
                                                                                            "operator_type": "PROJECTION",
                                                                                            "operator_cardinality": 35129590,
                                                                                            "cumulative_rows_scanned": 23836031,
                                                                                            "operator_rows_scanned": 0,
                                                                                            "operator_timing": 0.034994655999999895,
                                                                                            "result_set_size": 1194406060,
                                                                                            "children": [
                                                                                                {
                                                                                                    "operator_name": "HASH_JOIN",
                                                                                                    "cpu_time": 3.1923362080000044,
                                                                                                    "extra_info": {
                                                                                                        "Join Type": "RIGHT",
                                                                                                        "Conditions": "postid = id",
                                                                                                        "Estimated Cardinality": "12744093"
                                                                                                    },
                                                                                                    "cumulative_cardinality": 89600535,
                                                                                                    "operator_type": "HASH_JOIN",
                                                                                                    "operator_cardinality": 35129590,
                                                                                                    "cumulative_rows_scanned": 23836031,
                                                                                                    "operator_rows_scanned": 0,
                                                                                                    "operator_timing": 1.871252636000003,
                                                                                                    "result_set_size": 1089017290,
                                                                                                    "children": [
                                                                                                        {
                                                                                                            "operator_name": "READ_PARQUET ",
                                                                                                            "cpu_time": 0.2579683329999998,
                                                                                                            "extra_info": {
                                                                                                                "Function": "READ_PARQUET",
                                                                                                                "Projections": [
                                                                                                                    "id",
                                                                                                                    "postid"
                                                                                                                ],
                                                                                                                "Estimated Cardinality": "12744093"
                                                                                                            },
                                                                                                            "cumulative_cardinality": 12744093,
                                                                                                            "operator_type": "TABLE_SCAN",
                                                                                                            "operator_cardinality": 12744093,
                                                                                                            "cumulative_rows_scanned": 12744093,
                                                                                                            "operator_rows_scanned": 12744093,
                                                                                                            "operator_timing": 0.2579683329999998,
                                                                                                            "result_set_size": 101952744,
                                                                                                            "children": []
                                                                                                        },
                                                                                                        {
                                                                                                            "operator_name": "PROJECTION",
                                                                                                            "cpu_time": 1.0631152390000014,
                                                                                                            "extra_info": {
                                                                                                                "Projections": [
                                                                                                                    "#0",
                                                                                                                    "#1",
                                                                                                                    "__internal_compress_integral_utinyint(#2, 1)",
                                                                                                                    "#3",
                                                                                                                    "__internal_compress_integral_usmallint(#4, -72)",
                                                                                                                    "#5",
                                                                                                                    "#6"
                                                                                                                ],
                                                                                                                "Estimated Cardinality": "7241822"
                                                                                                            },
                                                                                                            "cumulative_cardinality": 41726852,
                                                                                                            "operator_type": "PROJECTION",
                                                                                                            "operator_cardinality": 8928266,
                                                                                                            "cumulative_rows_scanned": 11091938,
                                                                                                            "operator_rows_scanned": 0,
                                                                                                            "operator_timing": 0.005581506000000034,
                                                                                                            "result_set_size": 241063182,
                                                                                                            "children": [
                                                                                                                {
                                                                                                                    "operator_name": "PROJECTION",
                                                                                                                    "cpu_time": 1.0575337330000014,
                                                                                                                    "extra_info": {
                                                                                                                        "Projections": [
                                                                                                                            "#0",
                                                                                                                            "#1",
                                                                                                                            "__internal_decompress_integral_smallint(#2, 1)",
                                                                                                                            "#3",
                                                                                                                            "__internal_decompress_integral_integer(#4, -72)",
                                                                                                                            "#5",
                                                                                                                            "#6"
                                                                                                                        ],
                                                                                                                        "Estimated Cardinality": "7241822"
                                                                                                                    },
                                                                                                                    "cumulative_cardinality": 32798586,
                                                                                                                    "operator_type": "PROJECTION",
                                                                                                                    "operator_cardinality": 8928266,
                                                                                                                    "cumulative_rows_scanned": 11091938,
                                                                                                                    "operator_rows_scanned": 0,
                                                                                                                    "operator_timing": 0.006332763000000013,
                                                                                                                    "result_set_size": 267847980,
                                                                                                                    "children": [
                                                                                                                        {
                                                                                                                            "operator_name": "HASH_JOIN",
                                                                                                                            "cpu_time": 1.0512009700000013,
                                                                                                                            "extra_info": {
                                                                                                                                "Join Type": "RIGHT",
                                                                                                                                "Conditions": "postid = id",
                                                                                                                                "Estimated Cardinality": "7241822"
                                                                                                                            },
                                                                                                                            "cumulative_cardinality": 23870320,
                                                                                                                            "operator_type": "HASH_JOIN",
                                                                                                                            "operator_cardinality": 8928266,
                                                                                                                            "cumulative_rows_scanned": 11091938,
                                                                                                                            "operator_rows_scanned": 0,
                                                                                                                            "operator_timing": 0.7149099590000013,
                                                                                                                            "result_set_size": 241063182,
                                                                                                                            "children": [
                                                                                                                                {
                                                                                                                                    "operator_name": "READ_PARQUET ",
                                                                                                                                    "cpu_time": 0.18076478999999987,
                                                                                                                                    "extra_info": {
                                                                                                                                        "Function": "READ_PARQUET",
                                                                                                                                        "Projections": [
                                                                                                                                            "id",
                                                                                                                                            "postid"
                                                                                                                                        ],
                                                                                                                                        "Estimated Cardinality": "7241822"
                                                                                                                                    },
                                                                                                                                    "cumulative_cardinality": 7241822,
                                                                                                                                    "operator_type": "TABLE_SCAN",
                                                                                                                                    "operator_cardinality": 7241822,
                                                                                                                                    "cumulative_rows_scanned": 7241822,
                                                                                                                                    "operator_rows_scanned": 7241822,
                                                                                                                                    "operator_timing": 0.18076478999999987,
                                                                                                                                    "result_set_size": 57934576,
                                                                                                                                    "children": []
                                                                                                                                },
                                                                                                                                {
                                                                                                                                    "operator_name": "PROJECTION",
                                                                                                                                    "cpu_time": 0.1555262210000001,
                                                                                                                                    "extra_info": {
                                                                                                                                        "Projections": [
                                                                                                                                            "#0",
                                                                                                                                            "__internal_compress_integral_utinyint(#1, 1)",
                                                                                                                                            "#2",
                                                                                                                                            "__internal_compress_integral_usmallint(#3, -72)",
                                                                                                                                            "#4",
                                                                                                                                            "#5"
                                                                                                                                        ],
                                                                                                                                        "Estimated Cardinality": "3850116"
                                                                                                                                    },
                                                                                                                                    "cumulative_cardinality": 7700232,
                                                                                                                                    "operator_type": "PROJECTION",
                                                                                                                                    "operator_cardinality": 3850116,
                                                                                                                                    "cumulative_rows_scanned": 3850116,
                                                                                                                                    "operator_rows_scanned": 0,
                                                                                                                                    "operator_timing": 0.0024480929999999997,
                                                                                                                                    "result_set_size": 88552668,
                                                                                                                                    "children": [
                                                                                                                                        {
                                                                                                                                            "operator_name": "READ_PARQUET ",
                                                                                                                                            "cpu_time": 0.1530781280000001,
                                                                                                                                            "extra_info": {
                                                                                                                                                "Function": "READ_PARQUET",
                                                                                                                                                "Projections": [
                                                                                                                                                    "id",
                                                                                                                                                    "posttypeid",
                                                                                                                                                    "creationdate",
                                                                                                                                                    "score",
                                                                                                                                                    "viewcount",
                                                                                                                                                    "owneruserid"
                                                                                                                                                ],
                                                                                                                                                "Estimated Cardinality": "3850116"
                                                                                                                                            },
                                                                                                                                            "cumulative_cardinality": 3850116,
                                                                                                                                            "operator_type": "TABLE_SCAN",
                                                                                                                                            "operator_cardinality": 3850116,
                                                                                                                                            "cumulative_rows_scanned": 3850116,
                                                                                                                                            "operator_rows_scanned": 3850116,
                                                                                                                                            "operator_timing": 0.1530781280000001,
                                                                                                                                            "result_set_size": 100103016,
                                                                                                                                            "children": []
                                                                                                                                        }
                                                                                                                                    ]
                                                                                                                                }
                                                                                                                            ]
                                                                                                                        }
                                                                                                                    ]
                                                                                                                }
                                                                                                            ]
                                                                                                        }
                                                                                                    ]
                                                                                                }
                                                                                            ]
                                                                                        },
                                                                                        {
                                                                                            "operator_name": "READ_PARQUET ",
                                                                                            "cpu_time": 0.013914590999999983,
                                                                                            "extra_info": {
                                                                                                "Function": "READ_PARQUET",
                                                                                                "Projections": [
                                                                                                    "id",
                                                                                                    "reputation"
                                                                                                ],
                                                                                                "Estimated Cardinality": "1260710"
                                                                                            },
                                                                                            "cumulative_cardinality": 1260710,
                                                                                            "operator_type": "TABLE_SCAN",
                                                                                            "operator_cardinality": 1260710,
                                                                                            "cumulative_rows_scanned": 1260710,
                                                                                            "operator_rows_scanned": 1260710,
                                                                                            "operator_timing": 0.013914590999999983,
                                                                                            "result_set_size": 10085680,
                                                                                            "children": []
                                                                                        }
                                                                                    ]
                                                                                }
                                                                            ]
                                                                        }
                                                                    ]
                                                                }
                                                            ]
                                                        }
                                                    ]
                                                }
                                            ]
                                        },
                                        {
                                            "operator_name": "READ_PARQUET ",
                                            "cpu_time": 0.000330037,
                                            "extra_info": {
                                                "Function": "READ_PARQUET",
                                                "Projections": [
                                                    "id",
                                                    "name"
                                                ],
                                                "Filters": "id<=7",
                                                "Estimated Cardinality": "8"
                                            },
                                            "cumulative_cardinality": 7,
                                            "operator_type": "TABLE_SCAN",
                                            "operator_cardinality": 7,
                                            "cumulative_rows_scanned": 8,
                                            "operator_rows_scanned": 8,
                                            "operator_timing": 0.000330037,
                                            "result_set_size": 126,
                                            "children": []
                                        }
                                    ]
                                }
                            ]
                        }
                    ]
                }
            ]
        }
    ]
}