{
    "rows_returned": 10,
    "query_name": "WITH UserPostStats AS (\n    SELECT \n        u.Id AS UserId,\n        u.DisplayName,\n        COUNT(p.Id) AS PostCount,\n        SUM(CASE WHEN p.PostTypeId = 1 THEN 1 ELSE 0 END) AS QuestionsCount,\n        SUM(CASE WHEN p.PostTypeId = 2 THEN 1 ELSE 0 END) AS AnswersCount,\n        SUM(COALESCE(p.Score, 0)) AS TotalScore,\n        SUM(COALESCE(p.ViewCount, 0)) AS TotalViews,\n        AVG(COALESCE(p.Score, 0)) AS AvgScorePerPost,\n        AVG(COALESCE(p.ViewCount, 0)) AS AvgViewsPerPost\n    FROM \n        Users u\n    LEFT JOIN \n        Posts p ON u.Id = p.OwnerUserId\n    GROUP BY \n        u.Id, u.DisplayName\n)\nSELECT \n    u.DisplayName,\n    u.PostCount,\n    u.QuestionsCount,\n    u.AnswersCount,\n    u.TotalScore,\n    u.TotalViews,\n    u.AvgScorePerPost,\n    u.AvgViewsPerPost\nFROM \n    UserPostStats u\nORDER BY \n    u.TotalScore DESC\nLIMIT 10;",
    "blocked_thread_time": 0.0,
    "cpu_time": 1.4092976119999991,
    "extra_info": {},
    "cumulative_cardinality": 21195137,
    "cumulative_rows_scanned": 5110826,
    "result_set_size": 1040,
    "latency": 1.586359987,
    "children": [
        {
            "operator_name": "STREAMING_LIMIT",
            "cpu_time": 1.4092976119999991,
            "extra_info": {},
            "cumulative_cardinality": 21195137,
            "operator_type": "STREAMING_LIMIT",
            "operator_cardinality": 10,
            "cumulative_rows_scanned": 5110826,
            "operator_rows_scanned": 0,
            "operator_timing": 0.000002926,
            "result_set_size": 1040,
            "children": [
                {
                    "operator_name": "ORDER_BY",
                    "cpu_time": 1.409294685999999,
                    "extra_info": {
                        "Order By": "u.TotalScore DESC"
                    },
                    "cumulative_cardinality": 21195127,
                    "operator_type": "ORDER_BY",
                    "operator_cardinality": 4096,
                    "cumulative_rows_scanned": 5110826,
                    "operator_rows_scanned": 0,
                    "operator_timing": 0.06728500300000002,
                    "result_set_size": 425984,
                    "children": [
                        {
                            "operator_name": "PROJECTION",
                            "cpu_time": 1.342009682999999,
                            "extra_info": {
                                "Projections": [
                                    "displayname",
                                    "PostCount",
                                    "QuestionsCount",
                                    "AnswersCount",
                                    "TotalScore",
                                    "TotalViews",
                                    "AvgScorePerPost",
                                    "AvgViewsPerPost"
                                ],
                                "Estimated Cardinality": "1260710"
                            },
                            "cumulative_cardinality": 21191031,
                            "operator_type": "PROJECTION",
                            "operator_cardinality": 1260710,
                            "cumulative_rows_scanned": 5110826,
                            "operator_rows_scanned": 0,
                            "operator_timing": 0.000252803,
                            "result_set_size": 131113840,
                            "children": [
                                {
                                    "operator_name": "HASH_GROUP_BY",
                                    "cpu_time": 1.341756879999999,
                                    "extra_info": {
                                        "Groups": [
                                            "#0",
                                            "#1"
                                        ],
                                        "Aggregates": [
                                            "count(#2)",
                                            "sum(#3)",
                                            "sum(#4)",
                                            "sum(#5)",
                                            "sum(#6)",
                                            "avg(#7)",
                                            "avg(#8)"
                                        ],
                                        "Estimated Cardinality": "1260710"
                                    },
                                    "cumulative_cardinality": 19930321,
                                    "operator_type": "HASH_GROUP_BY",
                                    "operator_cardinality": 1260710,
                                    "cumulative_rows_scanned": 5110826,
                                    "operator_rows_scanned": 0,
                                    "operator_timing": 0.6810847649999998,
                                    "result_set_size": 136156680,
                                    "children": [
                                        {
                                            "operator_name": "PROJECTION",
                                            "cpu_time": 0.6606721149999992,
                                            "extra_info": {
                                                "Projections": [
                                                    "id",
                                                    "displayname",
                                                    "id",
                                                    "CASE  WHEN ((posttypeid = 1)) THEN (1) ELSE 0 END",
                                                    "CASE  WHEN ((posttypeid = 2)) THEN (1) ELSE 0 END",
                                                    "#4",
                                                    "#5",
                                                    "#4",
                                                    "#5"
                                                ],
                                                "Estimated Cardinality": "3850116"
                                            },
                                            "cumulative_cardinality": 18669611,
                                            "operator_type": "PROJECTION",
                                            "operator_cardinality": 4574495,
                                            "cumulative_rows_scanned": 5110826,
                                            "operator_rows_scanned": 0,
                                            "operator_timing": 0.04902907900000003,
                                            "result_set_size": 219575760,
                                            "children": [
                                                {
                                                    "operator_name": "PROJECTION",
                                                    "cpu_time": 0.6116430359999991,
                                                    "extra_info": {
                                                        "Projections": [
                                                            "id",
                                                            "displayname",
                                                            "id",
                                                            "posttypeid",
                                                            "COALESCE(score, 0)",
                                                            "COALESCE(viewcount, 0)"
                                                        ],
                                                        "Estimated Cardinality": "3850116"
                                                    },
                                                    "cumulative_cardinality": 14095116,
                                                    "operator_type": "PROJECTION",
                                                    "operator_cardinality": 4574495,
                                                    "cumulative_rows_scanned": 5110826,
                                                    "operator_rows_scanned": 0,
                                                    "operator_timing": 0.06710113499999995,
                                                    "result_set_size": 155532830,
                                                    "children": [
                                                        {
                                                            "operator_name": "HASH_JOIN",
                                                            "cpu_time": 0.5445419009999992,
                                                            "extra_info": {
                                                                "Join Type": "RIGHT",
                                                                "Conditions": "owneruserid = id",
                                                                "Estimated Cardinality": "3850116"
                                                            },
                                                            "cumulative_cardinality": 9520621,
                                                            "operator_type": "HASH_JOIN",
                                                            "operator_cardinality": 4574495,
                                                            "cumulative_rows_scanned": 5110826,
                                                            "operator_rows_scanned": 0,
                                                            "operator_timing": 0.24486252499999933,
                                                            "result_set_size": 155532830,
                                                            "children": [
                                                                {
                                                                    "operator_name": "READ_PARQUET ",
                                                                    "cpu_time": 0.21963963699999983,
                                                                    "extra_info": {
                                                                        "Function": "READ_PARQUET",
                                                                        "Projections": [
                                                                            "id",
                                                                            "posttypeid",
                                                                            "score",
                                                                            "viewcount",
                                                                            "owneruserid"
                                                                        ],
                                                                        "Estimated Cardinality": "3850116"
                                                                    },
                                                                    "cumulative_cardinality": 3685416,
                                                                    "operator_type": "TABLE_SCAN",
                                                                    "operator_cardinality": 3685416,
                                                                    "cumulative_rows_scanned": 3850116,
                                                                    "operator_rows_scanned": 3850116,
                                                                    "operator_timing": 0.21963963699999983,
                                                                    "result_set_size": 66337488,
                                                                    "children": []
                                                                },
                                                                {
                                                                    "operator_name": "READ_PARQUET ",
                                                                    "cpu_time": 0.08003973900000003,
                                                                    "extra_info": {
                                                                        "Function": "READ_PARQUET",
                                                                        "Projections": [
                                                                            "id",
                                                                            "displayname"
                                                                        ],
                                                                        "Estimated Cardinality": "1260710"
                                                                    },
                                                                    "cumulative_cardinality": 1260710,
                                                                    "operator_type": "TABLE_SCAN",
                                                                    "operator_cardinality": 1260710,
                                                                    "cumulative_rows_scanned": 1260710,
                                                                    "operator_rows_scanned": 1260710,
                                                                    "operator_timing": 0.08003973900000003,
                                                                    "result_set_size": 25214200,
                                                                    "children": []
                                                                }
                                                            ]
                                                        }
                                                    ]
                                                }
                                            ]
                                        }
                                    ]
                                }
                            ]
                        }
                    ]
                }
            ]
        }
    ]
}