{
    "rows_returned": 145542,
    "query_name": "WITH Benchmark AS (\n    SELECT \n        P.Id AS PostId,\n        P.CreationDate AS PostCreationDate,\n        U.Reputation AS UserReputation,\n        COUNT(C.Id) AS CommentCount,\n        COUNT(V.Id) AS VoteCount,\n        MAX(PH.CreationDate) AS LastHistoryActionDate\n    FROM \n        Posts P\n    LEFT JOIN \n        Users U ON P.OwnerUserId = U.Id\n    LEFT JOIN \n        Comments C ON P.Id = C.PostId\n    LEFT JOIN \n        Votes V ON P.Id = V.PostId\n    LEFT JOIN \n        PostHistory PH ON P.Id = PH.PostId\n    WHERE \n        P.CreationDate >= cast('2024-10-01 12:34:56' as timestamp) - INTERVAL '1 year'\n    GROUP BY \n        P.Id, P.CreationDate, U.Reputation\n)\nSELECT \n    PostId, \n    PostCreationDate, \n    UserReputation, \n    CommentCount, \n    VoteCount, \n    LastHistoryActionDate,\n    EXTRACT(EPOCH FROM (cast('2024-10-01 12:34:56' as timestamp) - PostCreationDate)) AS AgeInSeconds,\n    EXTRACT(EPOCH FROM (cast('2024-10-01 12:34:56' as timestamp) - LastHistoryActionDate)) AS LastActionLagInSeconds\nFROM \n    Benchmark\nORDER BY \n    VoteCount DESC, \n    CommentCount DESC;",
    "blocked_thread_time": 0.0,
    "cpu_time": 1.1226964539999997,
    "extra_info": {},
    "cumulative_cardinality": 25475083,
    "cumulative_rows_scanned": 36891985,
    "result_set_size": 8150352,
    "latency": 1.317022701,
    "children": [
        {
            "operator_name": "ORDER_BY",
            "cpu_time": 1.1226964539999997,
            "extra_info": {
                "Order By": [
                    "Benchmark.VoteCount DESC",
                    "Benchmark.CommentCount DESC"
                ]
            },
            "cumulative_cardinality": 25475083,
            "operator_type": "ORDER_BY",
            "operator_cardinality": 145542,
            "cumulative_rows_scanned": 36891985,
            "operator_rows_scanned": 0,
            "operator_timing": 0.006179639,
            "result_set_size": 8150352,
            "children": [
                {
                    "operator_name": "PROJECTION",
                    "cpu_time": 1.1165168149999998,
                    "extra_info": {
                        "Projections": [
                            "PostId",
                            "PostCreationDate",
                            "UserReputation",
                            "CommentCount",
                            "VoteCount",
                            "LastHistoryActionDate",
                            "AgeInSeconds",
                            "LastActionLagInSeconds"
                        ],
                        "Estimated Cardinality": "3850116"
                    },
                    "cumulative_cardinality": 25329541,
                    "operator_type": "PROJECTION",
                    "operator_cardinality": 145542,
                    "cumulative_rows_scanned": 36891985,
                    "operator_rows_scanned": 0,
                    "operator_timing": 0.0028604430000000003,
                    "result_set_size": 8150352,
                    "children": [
                        {
                            "operator_name": "HASH_GROUP_BY",
                            "cpu_time": 1.1136563719999997,
                            "extra_info": {
                                "Groups": [
                                    "#0",
                                    "#1",
                                    "#2"
                                ],
                                "Aggregates": [
                                    "count(#3)",
                                    "count(#4)",
                                    "max(#5)"
                                ],
                                "Estimated Cardinality": "3850116"
                            },
                            "cumulative_cardinality": 25183999,
                            "operator_type": "HASH_GROUP_BY",
                            "operator_cardinality": 145542,
                            "cumulative_rows_scanned": 36891985,
                            "operator_rows_scanned": 0,
                            "operator_timing": 0.12225141499999981,
                            "result_set_size": 5821680,
                            "children": [
                                {
                                    "operator_name": "PROJECTION",
                                    "cpu_time": 0.9914049569999999,
                                    "extra_info": {
                                        "Projections": [
                                            "id",
                                            "creationdate",
                                            "reputation",
                                            "id",
                                            "id",
                                            "creationdate"
                                        ],
                                        "Estimated Cardinality": "12744093"
                                    },
                                    "cumulative_cardinality": 25038457,
                                    "operator_type": "PROJECTION",
                                    "operator_cardinality": 4828945,
                                    "cumulative_rows_scanned": 36891985,
                                    "operator_rows_scanned": 0,
                                    "operator_timing": 0.0008191510000000018,
                                    "result_set_size": 154526240,
                                    "children": [
                                        {
                                            "operator_name": "HASH_JOIN",
                                            "cpu_time": 0.9905858059999999,
                                            "extra_info": {
                                                "Join Type": "LEFT",
                                                "Conditions": "id = postid",
                                                "Estimated Cardinality": "12744093"
                                            },
                                            "cumulative_cardinality": 20209512,
                                            "operator_type": "HASH_JOIN",
                                            "operator_cardinality": 4828945,
                                            "cumulative_rows_scanned": 36891985,
                                            "operator_rows_scanned": 0,
                                            "operator_timing": 0.6174632389999999,
                                            "result_set_size": 154526240,
                                            "children": [
                                                {
                                                    "operator_name": "HASH_JOIN",
                                                    "cpu_time": 0.154237752,
                                                    "extra_info": {
                                                        "Join Type": "RIGHT",
                                                        "Conditions": "postid = id",
                                                        "Estimated Cardinality": "12744093"
                                                    },
                                                    "cumulative_cardinality": 3585323,
                                                    "operator_type": "HASH_JOIN",
                                                    "operator_cardinality": 954760,
                                                    "cumulative_rows_scanned": 25096741,
                                                    "operator_rows_scanned": 0,
                                                    "operator_timing": 0.043434061,
                                                    "result_set_size": 22914240,
                                                    "children": [
                                                        {
                                                            "operator_name": "READ_PARQUET ",
                                                            "cpu_time": 0.01869750400000002,
                                                            "extra_info": {
                                                                "Function": "READ_PARQUET",
                                                                "Projections": [
                                                                    "id",
                                                                    "postid"
                                                                ],
                                                                "Estimated Cardinality": "12744093"
                                                            },
                                                            "cumulative_cardinality": 442526,
                                                            "operator_type": "TABLE_SCAN",
                                                            "operator_cardinality": 442526,
                                                            "cumulative_rows_scanned": 12744093,
                                                            "operator_rows_scanned": 12744093,
                                                            "operator_timing": 0.01869750400000002,
                                                            "result_set_size": 3540208,
                                                            "children": []
                                                        },
                                                        {
                                                            "operator_name": "HASH_JOIN",
                                                            "cpu_time": 0.09210618699999999,
                                                            "extra_info": {
                                                                "Join Type": "RIGHT",
                                                                "Conditions": "postid = id",
                                                                "Estimated Cardinality": "7241822"
                                                            },
                                                            "cumulative_cardinality": 2188037,
                                                            "operator_type": "HASH_JOIN",
                                                            "operator_cardinality": 349210,
                                                            "cumulative_rows_scanned": 12352648,
                                                            "operator_rows_scanned": 0,
                                                            "operator_timing": 0.017237024000000004,
                                                            "result_set_size": 6984200,
                                                            "children": [
                                                                {
                                                                    "operator_name": "READ_PARQUET ",
                                                                    "cpu_time": 0.012991675000000001,
                                                                    "extra_info": {
                                                                        "Function": "READ_PARQUET",
                                                                        "Projections": [
                                                                            "id",
                                                                            "postid"
                                                                        ],
                                                                        "Estimated Cardinality": "7241822"
                                                                    },
                                                                    "cumulative_cardinality": 287064,
                                                                    "operator_type": "TABLE_SCAN",
                                                                    "operator_cardinality": 287064,
                                                                    "cumulative_rows_scanned": 7241822,
                                                                    "operator_rows_scanned": 7241822,
                                                                    "operator_timing": 0.012991675000000001,
                                                                    "result_set_size": 2296512,
                                                                    "children": []
                                                                },
                                                                {
                                                                    "operator_name": "HASH_JOIN",
                                                                    "cpu_time": 0.06187748799999999,
                                                                    "extra_info": {
                                                                        "Join Type": "RIGHT",
                                                                        "Conditions": "id = owneruserid",
                                                                        "Estimated Cardinality": "1260710"
                                                                    },
                                                                    "cumulative_cardinality": 1551763,
                                                                    "operator_type": "HASH_JOIN",
                                                                    "operator_cardinality": 145542,
                                                                    "cumulative_rows_scanned": 5110826,
                                                                    "operator_rows_scanned": 0,
                                                                    "operator_timing": 0.02027184099999997,
                                                                    "result_set_size": 2328672,
                                                                    "children": [
                                                                        {
                                                                            "operator_name": "READ_PARQUET ",
                                                                            "cpu_time": 0.020647121,
                                                                            "extra_info": {
                                                                                "Function": "READ_PARQUET",
                                                                                "Projections": [
                                                                                    "id",
                                                                                    "reputation"
                                                                                ],
                                                                                "Estimated Cardinality": "1260710"
                                                                            },
                                                                            "cumulative_cardinality": 1260679,
                                                                            "operator_type": "TABLE_SCAN",
                                                                            "operator_cardinality": 1260679,
                                                                            "cumulative_rows_scanned": 1260710,
                                                                            "operator_rows_scanned": 1260710,
                                                                            "operator_timing": 0.020647121,
                                                                            "result_set_size": 10085432,
                                                                            "children": []
                                                                        },
                                                                        {
                                                                            "operator_name": "READ_PARQUET ",
                                                                            "cpu_time": 0.020958526000000012,
                                                                            "extra_info": {
                                                                                "Function": "READ_PARQUET",
                                                                                "Projections": [
                                                                                    "id",
                                                                                    "creationdate",
                                                                                    "owneruserid"
                                                                                ],
                                                                                "Filters": "creationdate>='2023-10-01 12:34:56'::TIMESTAMP",
                                                                                "Estimated Cardinality": "770023"
                                                                            },
                                                                            "cumulative_cardinality": 145542,
                                                                            "operator_type": "TABLE_SCAN",
                                                                            "operator_cardinality": 145542,
                                                                            "cumulative_rows_scanned": 3850116,
                                                                            "operator_rows_scanned": 3850116,
                                                                            "operator_timing": 0.020958526000000012,
                                                                            "result_set_size": 2328672,
                                                                            "children": []
                                                                        }
                                                                    ]
                                                                }
                                                            ]
                                                        }
                                                    ]
                                                },
                                                {
                                                    "operator_name": "READ_PARQUET ",
                                                    "cpu_time": 0.218884815,
                                                    "extra_info": {
                                                        "Function": "READ_PARQUET",
                                                        "Projections": [
                                                            "postid",
                                                            "creationdate"
                                                        ],
                                                        "Estimated Cardinality": "11795244"
                                                    },
                                                    "cumulative_cardinality": 11795244,
                                                    "operator_type": "TABLE_SCAN",
                                                    "operator_cardinality": 11795244,
                                                    "cumulative_rows_scanned": 11795244,
                                                    "operator_rows_scanned": 11795244,
                                                    "operator_timing": 0.218884815,
                                                    "result_set_size": 141542928,
                                                    "children": []
                                                }
                                            ]
                                        }
                                    ]
                                }
                            ]
                        }
                    ]
                }
            ]
        }
    ]
}