{
    "rows_returned": 98,
    "query_name": "WITH PostStats AS (\n    SELECT \n        pt.Name AS PostType,\n        COUNT(p.Id) AS TotalPosts,\n        SUM(CASE WHEN p.Score > 0 THEN 1 ELSE 0 END) AS PositiveScorePosts,\n        SUM(CASE WHEN p.Score < 0 THEN 1 ELSE 0 END) AS NegativeScorePosts,\n        AVG(p.ViewCount) AS AvgViewCount,\n        AVG(p.AnswerCount) AS AvgAnswerCount,\n        AVG(p.CommentCount) AS AvgCommentCount,\n        MIN(p.CreationDate) AS FirstPostDate,\n        MAX(p.CreationDate) AS LastPostDate\n    FROM \n        Posts p\n    JOIN \n        PostTypes pt ON p.PostTypeId = pt.Id\n    GROUP BY \n        pt.Name\n),\n\nUserStats AS (\n    SELECT \n        COUNT(u.Id) AS TotalUsers,\n        AVG(u.Reputation) AS AvgReputation,\n        MIN(u.CreationDate) AS FirstUserDate,\n        MAX(u.CreationDate) AS LastUserDate\n    FROM \n        Users u\n),\n\nVoteStats AS (\n    SELECT \n        vt.Name AS VoteType,\n        COUNT(v.Id) AS TotalVotes,\n        AVG(v.BountyAmount) AS AvgBountyAmount\n    FROM \n        Votes v\n    JOIN \n        VoteTypes vt ON v.VoteTypeId = vt.Id\n    GROUP BY \n        vt.Name\n)\n\nSELECT \n    ps.PostType,\n    ps.TotalPosts,\n    ps.PositiveScorePosts,\n    ps.NegativeScorePosts,\n    ps.AvgViewCount,\n    ps.AvgAnswerCount,\n    ps.AvgCommentCount,\n    ps.FirstPostDate,\n    ps.LastPostDate,\n    us.TotalUsers,\n    us.AvgReputation,\n    us.FirstUserDate,\n    us.LastUserDate,\n    vs.VoteType,\n    vs.TotalVotes,\n    vs.AvgBountyAmount\nFROM \n    PostStats ps,\n    UserStats us,\n    VoteStats vs\nORDER BY \n    ps.TotalPosts DESC;",
    "blocked_thread_time": 0.0,
    "cpu_time": 0.9271245370000005,
    "extra_info": {},
    "cumulative_cardinality": 52304392,
    "cumulative_rows_scanned": 17854942,
    "result_set_size": 15680,
    "latency": 1.011229512,
    "children": [
        {
            "operator_name": "ORDER_BY",
            "cpu_time": 0.9271245370000005,
            "extra_info": {
                "Order By": "ps.TotalPosts DESC"
            },
            "cumulative_cardinality": 52304392,
            "operator_type": "ORDER_BY",
            "operator_cardinality": 98,
            "cumulative_rows_scanned": 17854942,
            "operator_rows_scanned": 0,
            "operator_timing": 0.000056175,
            "result_set_size": 15680,
            "children": [
                {
                    "operator_name": "PROJECTION",
                    "cpu_time": 0.9270683620000005,
                    "extra_info": {
                        "Projections": [
                            "PostType",
                            "TotalPosts",
                            "PositiveScorePosts",
                            "NegativeScorePosts",
                            "AvgViewCount",
                            "AvgAnswerCount",
                            "AvgCommentCount",
                            "FirstPostDate",
                            "LastPostDate",
                            "TotalUsers",
                            "AvgReputation",
                            "FirstUserDate",
                            "LastUserDate",
                            "VoteType",
                            "TotalVotes",
                            "AvgBountyAmount"
                        ],
                        "Estimated Cardinality": "12266558128668"
                    },
                    "cumulative_cardinality": 52304294,
                    "operator_type": "PROJECTION",
                    "operator_cardinality": 98,
                    "cumulative_rows_scanned": 17854942,
                    "operator_rows_scanned": 0,
                    "operator_timing": 0.000001993,
                    "result_set_size": 15680,
                    "children": [
                        {
                            "operator_name": "CROSS_PRODUCT",
                            "cpu_time": 0.9270663690000005,
                            "extra_info": {},
                            "cumulative_cardinality": 52304196,
                            "operator_type": "CROSS_PRODUCT",
                            "operator_cardinality": 98,
                            "cumulative_rows_scanned": 17854942,
                            "operator_rows_scanned": 0,
                            "operator_timing": 0.00016718400000000002,
                            "result_set_size": 15680,
                            "children": [
                                {
                                    "operator_name": "HASH_GROUP_BY",
                                    "cpu_time": 0.5054927269999999,
                                    "extra_info": {
                                        "Groups": "#0",
                                        "Aggregates": [
                                            "count_star()",
                                            "avg(#1)"
                                        ],
                                        "Estimated Cardinality": "6372046"
                                    },
                                    "cumulative_cardinality": 38232308,
                                    "operator_type": "HASH_GROUP_BY",
                                    "operator_cardinality": 14,
                                    "cumulative_rows_scanned": 12744108,
                                    "operator_rows_scanned": 0,
                                    "operator_timing": 0.23872549600000056,
                                    "result_set_size": 448,
                                    "children": [
                                        {
                                            "operator_name": "PROJECTION",
                                            "cpu_time": 0.2667672309999993,
                                            "extra_info": {
                                                "Projections": [
                                                    "name",
                                                    "bountyamount"
                                                ],
                                                "Estimated Cardinality": "12744093"
                                            },
                                            "cumulative_cardinality": 38232294,
                                            "operator_type": "PROJECTION",
                                            "operator_cardinality": 12744093,
                                            "cumulative_rows_scanned": 12744108,
                                            "operator_rows_scanned": 0,
                                            "operator_timing": 0.0008315299999999993,
                                            "result_set_size": 254881860,
                                            "children": [
                                                {
                                                    "operator_name": "HASH_JOIN",
                                                    "cpu_time": 0.2659357009999993,
                                                    "extra_info": {
                                                        "Join Type": "INNER",
                                                        "Conditions": "votetypeid = id",
                                                        "Estimated Cardinality": "12744093"
                                                    },
                                                    "cumulative_cardinality": 25488201,
                                                    "operator_type": "HASH_JOIN",
                                                    "operator_cardinality": 12744093,
                                                    "cumulative_rows_scanned": 12744108,
                                                    "operator_rows_scanned": 0,
                                                    "operator_timing": 0.03392170999999998,
                                                    "result_set_size": 254881860,
                                                    "children": [
                                                        {
                                                            "operator_name": "READ_PARQUET ",
                                                            "cpu_time": 0.23171202699999935,
                                                            "extra_info": {
                                                                "Function": "READ_PARQUET",
                                                                "Projections": [
                                                                    "id",
                                                                    "votetypeid",
                                                                    "bountyamount"
                                                                ],
                                                                "Estimated Cardinality": "12744093"
                                                            },
                                                            "cumulative_cardinality": 12744093,
                                                            "operator_type": "TABLE_SCAN",
                                                            "operator_cardinality": 12744093,
                                                            "cumulative_rows_scanned": 12744093,
                                                            "operator_rows_scanned": 12744093,
                                                            "operator_timing": 0.23171202699999935,
                                                            "result_set_size": 127440930,
                                                            "children": []
                                                        },
                                                        {
                                                            "operator_name": "READ_PARQUET ",
                                                            "cpu_time": 0.000301964,
                                                            "extra_info": {
                                                                "Function": "READ_PARQUET",
                                                                "Projections": [
                                                                    "id",
                                                                    "name"
                                                                ],
                                                                "Estimated Cardinality": "15"
                                                            },
                                                            "cumulative_cardinality": 15,
                                                            "operator_type": "TABLE_SCAN",
                                                            "operator_cardinality": 15,
                                                            "cumulative_rows_scanned": 15,
                                                            "operator_rows_scanned": 15,
                                                            "operator_timing": 0.000301964,
                                                            "result_set_size": 270,
                                                            "children": []
                                                        }
                                                    ]
                                                }
                                            ]
                                        }
                                    ]
                                },
                                {
                                    "operator_name": "CROSS_PRODUCT",
                                    "cpu_time": 0.42140645800000054,
                                    "extra_info": {},
                                    "cumulative_cardinality": 14071790,
                                    "operator_type": "CROSS_PRODUCT",
                                    "operator_cardinality": 7,
                                    "cumulative_rows_scanned": 5110834,
                                    "operator_rows_scanned": 0,
                                    "operator_timing": 0.000070251,
                                    "result_set_size": 896,
                                    "children": [
                                        {
                                            "operator_name": "HASH_GROUP_BY",
                                            "cpu_time": 0.37970657200000046,
                                            "extra_info": {
                                                "Groups": "#0",
                                                "Aggregates": [
                                                    "count_star()",
                                                    "sum(#1)",
                                                    "sum(#2)",
                                                    "avg(#3)",
                                                    "avg(#4)",
                                                    "avg(#5)",
                                                    "min(#6)",
                                                    "max(#7)"
                                                ],
                                                "Estimated Cardinality": "1925058"
                                            },
                                            "cumulative_cardinality": 11550362,
                                            "operator_type": "HASH_GROUP_BY",
                                            "operator_cardinality": 7,
                                            "cumulative_rows_scanned": 3850124,
                                            "operator_rows_scanned": 0,
                                            "operator_timing": 0.1327738920000003,
                                            "result_set_size": 672,
                                            "children": [
                                                {
                                                    "operator_name": "PROJECTION",
                                                    "cpu_time": 0.24693268000000013,
                                                    "extra_info": {
                                                        "Projections": [
                                                            "name",
                                                            "CASE  WHEN ((score > 0)) THEN (1) ELSE 0 END",
                                                            "CASE  WHEN ((score < 0)) THEN (1) ELSE 0 END",
                                                            "viewcount",
                                                            "answercount",
                                                            "commentcount",
                                                            "creationdate",
                                                            "creationdate"
                                                        ],
                                                        "Estimated Cardinality": "3850116"
                                                    },
                                                    "cumulative_cardinality": 11550355,
                                                    "operator_type": "PROJECTION",
                                                    "operator_cardinality": 3850116,
                                                    "cumulative_rows_scanned": 3850124,
                                                    "operator_rows_scanned": 0,
                                                    "operator_timing": 0.03137487800000002,
                                                    "result_set_size": 200206032,
                                                    "children": [
                                                        {
                                                            "operator_name": "HASH_JOIN",
                                                            "cpu_time": 0.2155578020000001,
                                                            "extra_info": {
                                                                "Join Type": "INNER",
                                                                "Conditions": "posttypeid = id",
                                                                "Estimated Cardinality": "3850116"
                                                            },
                                                            "cumulative_cardinality": 7700239,
                                                            "operator_type": "HASH_JOIN",
                                                            "operator_cardinality": 3850116,
                                                            "cumulative_rows_scanned": 3850124,
                                                            "operator_rows_scanned": 0,
                                                            "operator_timing": 0.008242906000000017,
                                                            "result_set_size": 154004640,
                                                            "children": [
                                                                {
                                                                    "operator_name": "READ_PARQUET ",
                                                                    "cpu_time": 0.20699282400000008,
                                                                    "extra_info": {
                                                                        "Function": "READ_PARQUET",
                                                                        "Projections": [
                                                                            "id",
                                                                            "posttypeid",
                                                                            "creationdate",
                                                                            "score",
                                                                            "viewcount",
                                                                            "answercount",
                                                                            "commentcount"
                                                                        ],
                                                                        "Estimated Cardinality": "3850116"
                                                                    },
                                                                    "cumulative_cardinality": 3850116,
                                                                    "operator_type": "TABLE_SCAN",
                                                                    "operator_cardinality": 3850116,
                                                                    "cumulative_rows_scanned": 3850116,
                                                                    "operator_rows_scanned": 3850116,
                                                                    "operator_timing": 0.20699282400000008,
                                                                    "result_set_size": 115503480,
                                                                    "children": []
                                                                },
                                                                {
                                                                    "operator_name": "READ_PARQUET ",
                                                                    "cpu_time": 0.000322072,
                                                                    "extra_info": {
                                                                        "Function": "READ_PARQUET",
                                                                        "Projections": [
                                                                            "id",
                                                                            "name"
                                                                        ],
                                                                        "Filters": "id<=7",
                                                                        "Estimated Cardinality": "8"
                                                                    },
                                                                    "cumulative_cardinality": 7,
                                                                    "operator_type": "TABLE_SCAN",
                                                                    "operator_cardinality": 7,
                                                                    "cumulative_rows_scanned": 8,
                                                                    "operator_rows_scanned": 8,
                                                                    "operator_timing": 0.000322072,
                                                                    "result_set_size": 126,
                                                                    "children": []
                                                                }
                                                            ]
                                                        }
                                                    ]
                                                }
                                            ]
                                        },
                                        {
                                            "operator_name": "UNGROUPED_AGGREGATE",
                                            "cpu_time": 0.041629635000000026,
                                            "extra_info": {
                                                "Aggregates": [
                                                    "count_star()",
                                                    "avg(#0)",
                                                    "min(#1)",
                                                    "max(#2)"
                                                ]
                                            },
                                            "cumulative_cardinality": 2521421,
                                            "operator_type": "UNGROUPED_AGGREGATE",
                                            "operator_cardinality": 1,
                                            "cumulative_rows_scanned": 1260710,
                                            "operator_rows_scanned": 0,
                                            "operator_timing": 0.006825491000000005,
                                            "result_set_size": 32,
                                            "children": [
                                                {
                                                    "operator_name": "PROJECTION",
                                                    "cpu_time": 0.03480414400000002,
                                                    "extra_info": {
                                                        "Projections": [
                                                            "reputation",
                                                            "creationdate",
                                                            "creationdate"
                                                        ],
                                                        "Estimated Cardinality": "1260710"
                                                    },
                                                    "cumulative_cardinality": 2521420,
                                                    "operator_type": "PROJECTION",
                                                    "operator_cardinality": 1260710,
                                                    "cumulative_rows_scanned": 1260710,
                                                    "operator_rows_scanned": 0,
                                                    "operator_timing": 0.00008446699999999994,
                                                    "result_set_size": 25214200,
                                                    "children": [
                                                        {
                                                            "operator_name": "READ_PARQUET ",
                                                            "cpu_time": 0.034719677000000025,
                                                            "extra_info": {
                                                                "Function": "READ_PARQUET",
                                                                "Projections": [
                                                                    "id",
                                                                    "reputation",
                                                                    "creationdate"
                                                                ],
                                                                "Estimated Cardinality": "1260710"
                                                            },
                                                            "cumulative_cardinality": 1260710,
                                                            "operator_type": "TABLE_SCAN",
                                                            "operator_cardinality": 1260710,
                                                            "cumulative_rows_scanned": 1260710,
                                                            "operator_rows_scanned": 1260710,
                                                            "operator_timing": 0.034719677000000025,
                                                            "result_set_size": 20171360,
                                                            "children": []
                                                        }
                                                    ]
                                                }
                                            ]
                                        }
                                    ]
                                }
                            ]
                        }
                    ]
                }
            ]
        }
    ]
}