{
    "rows_returned": 265255,
    "query_name": "SELECT \n    p.Id AS PostId,\n    p.Title,\n    p.CreationDate,\n    p.LastActivityDate,\n    COUNT(c.Id) AS CommentCount,\n    COUNT(v.Id) AS VoteCount,\n    u.DisplayName AS OwnerDisplayName,\n    u.Reputation AS OwnerReputation,\n    pt.Name AS PostType,\n    COALESCE(SUM(CASE WHEN v.VoteTypeId = 2 THEN 1 ELSE 0 END), 0) AS UpVotes,\n    COALESCE(SUM(CASE WHEN v.VoteTypeId = 3 THEN 1 ELSE 0 END), 0) AS DownVotes\nFROM \n    Posts p\nLEFT JOIN \n    Users u ON p.OwnerUserId = u.Id\nLEFT JOIN \n    Comments c ON p.Id = c.PostId\nLEFT JOIN \n    Votes v ON p.Id = v.PostId\nLEFT JOIN \n    PostTypes pt ON p.PostTypeId = pt.Id\nWHERE \n    p.CreationDate >= '2023-01-01'\nGROUP BY \n    p.Id, u.DisplayName, u.Reputation, pt.Name, p.Title, p.CreationDate, p.LastActivityDate\nORDER BY \n    p.LastActivityDate DESC;",
    "blocked_thread_time": 0.0,
    "cpu_time": 1.4504976649999999,
    "extra_info": {},
    "cumulative_cardinality": 37287672,
    "cumulative_rows_scanned": 25096749,
    "result_set_size": 31830600,
    "latency": 2.707389319,
    "children": [
        {
            "operator_name": "ORDER_BY",
            "cpu_time": 1.4504976649999999,
            "extra_info": {
                "Order By": "p.LastActivityDate DESC"
            },
            "cumulative_cardinality": 37287672,
            "operator_type": "ORDER_BY",
            "operator_cardinality": 265255,
            "cumulative_rows_scanned": 25096749,
            "operator_rows_scanned": 0,
            "operator_timing": 0.022391288999999995,
            "result_set_size": 31830600,
            "children": [
                {
                    "operator_name": "PROJECTION",
                    "cpu_time": 1.428106376,
                    "extra_info": {
                        "Projections": [
                            "PostId",
                            "title",
                            "creationdate",
                            "lastactivitydate",
                            "CommentCount",
                            "VoteCount",
                            "OwnerDisplayName",
                            "OwnerReputation",
                            "PostType",
                            "UpVotes",
                            "DownVotes"
                        ],
                        "Estimated Cardinality": "3850116"
                    },
                    "cumulative_cardinality": 37022417,
                    "operator_type": "PROJECTION",
                    "operator_cardinality": 265255,
                    "cumulative_rows_scanned": 25096749,
                    "operator_rows_scanned": 0,
                    "operator_timing": 0.003815572,
                    "result_set_size": 31830600,
                    "children": [
                        {
                            "operator_name": "HASH_GROUP_BY",
                            "cpu_time": 1.424290804,
                            "extra_info": {
                                "Groups": [
                                    "#0",
                                    "#1",
                                    "#2",
                                    "#3",
                                    "#4",
                                    "#5",
                                    "#6"
                                ],
                                "Aggregates": [
                                    "count(#7)",
                                    "count(#8)",
                                    "sum(#9)",
                                    "sum(#10)"
                                ],
                                "Estimated Cardinality": "3850116"
                            },
                            "cumulative_cardinality": 36757162,
                            "operator_type": "HASH_GROUP_BY",
                            "operator_cardinality": 265255,
                            "cumulative_rows_scanned": 25096749,
                            "operator_rows_scanned": 0,
                            "operator_timing": 0.23058635599999977,
                            "result_set_size": 31830600,
                            "children": [
                                {
                                    "operator_name": "PROJECTION",
                                    "cpu_time": 1.193704448,
                                    "extra_info": {
                                        "Projections": [
                                            "id",
                                            "displayname",
                                            "reputation",
                                            "name",
                                            "title",
                                            "creationdate",
                                            "lastactivitydate",
                                            "id",
                                            "id",
                                            "CASE  WHEN ((votetypeid = 2)) THEN (1) ELSE 0 END",
                                            "CASE  WHEN ((votetypeid = 3)) THEN (1) ELSE 0 END"
                                        ],
                                        "Estimated Cardinality": "12744093"
                                    },
                                    "cumulative_cardinality": 36491907,
                                    "operator_type": "PROJECTION",
                                    "operator_cardinality": 1773112,
                                    "cumulative_rows_scanned": 25096749,
                                    "operator_rows_scanned": 0,
                                    "operator_timing": 0.012072597999999997,
                                    "result_set_size": 156033856,
                                    "children": [
                                        {
                                            "operator_name": "HASH_JOIN",
                                            "cpu_time": 1.18163185,
                                            "extra_info": {
                                                "Join Type": "LEFT",
                                                "Conditions": "posttypeid = id",
                                                "Estimated Cardinality": "12744093"
                                            },
                                            "cumulative_cardinality": 34718795,
                                            "operator_type": "HASH_JOIN",
                                            "operator_cardinality": 1773112,
                                            "cumulative_rows_scanned": 25096749,
                                            "operator_rows_scanned": 0,
                                            "operator_timing": 0.03644501599999998,
                                            "result_set_size": 145395184,
                                            "children": [
                                                {
                                                    "operator_name": "PROJECTION",
                                                    "cpu_time": 1.144870633,
                                                    "extra_info": {
                                                        "Projections": [
                                                            "#0",
                                                            "#1",
                                                            "#2",
                                                            "#3",
                                                            "#4",
                                                            "#5",
                                                            "#6",
                                                            "#7",
                                                            "#8",
                                                            "__internal_decompress_integral_smallint(#9, 1)"
                                                        ],
                                                        "Estimated Cardinality": "12744093"
                                                    },
                                                    "cumulative_cardinality": 32945675,
                                                    "operator_type": "PROJECTION",
                                                    "operator_cardinality": 1773112,
                                                    "cumulative_rows_scanned": 25096741,
                                                    "operator_rows_scanned": 0,
                                                    "operator_timing": 0.0016217549999999988,
                                                    "result_set_size": 120571616,
                                                    "children": [
                                                        {
                                                            "operator_name": "HASH_JOIN",
                                                            "cpu_time": 1.143248878,
                                                            "extra_info": {
                                                                "Join Type": "LEFT",
                                                                "Conditions": "id = postid",
                                                                "Estimated Cardinality": "12744093"
                                                            },
                                                            "cumulative_cardinality": 31172563,
                                                            "operator_type": "HASH_JOIN",
                                                            "operator_cardinality": 1773112,
                                                            "cumulative_rows_scanned": 25096741,
                                                            "operator_rows_scanned": 0,
                                                            "operator_timing": 0.6065705209999999,
                                                            "result_set_size": 118798504,
                                                            "children": [
                                                                {
                                                                    "operator_name": "PROJECTION",
                                                                    "cpu_time": 0.33655006499999995,
                                                                    "extra_info": {
                                                                        "Projections": [
                                                                            "#0",
                                                                            "#1",
                                                                            "#2",
                                                                            "#3",
                                                                            "__internal_decompress_integral_smallint(#4, 1)",
                                                                            "#5",
                                                                            "#6",
                                                                            "#7"
                                                                        ],
                                                                        "Estimated Cardinality": "7241822"
                                                                    },
                                                                    "cumulative_cardinality": 3911265,
                                                                    "operator_type": "PROJECTION",
                                                                    "operator_cardinality": 654953,
                                                                    "cumulative_rows_scanned": 12352648,
                                                                    "operator_rows_scanned": 0,
                                                                    "operator_timing": 0.0009181679999999997,
                                                                    "result_set_size": 40607086,
                                                                    "children": [
                                                                        {
                                                                            "operator_name": "HASH_JOIN",
                                                                            "cpu_time": 0.33563189699999996,
                                                                            "extra_info": {
                                                                                "Join Type": "RIGHT",
                                                                                "Conditions": "postid = id",
                                                                                "Estimated Cardinality": "7241822"
                                                                            },
                                                                            "cumulative_cardinality": 3256312,
                                                                            "operator_type": "HASH_JOIN",
                                                                            "operator_cardinality": 654953,
                                                                            "cumulative_rows_scanned": 12352648,
                                                                            "operator_rows_scanned": 0,
                                                                            "operator_timing": 0.069346479,
                                                                            "result_set_size": 39952133,
                                                                            "children": [
                                                                                {
                                                                                    "operator_name": "READ_PARQUET ",
                                                                                    "cpu_time": 0.015053181999999991,
                                                                                    "extra_info": {
                                                                                        "Function": "READ_PARQUET",
                                                                                        "Projections": [
                                                                                            "id",
                                                                                            "postid"
                                                                                        ],
                                                                                        "Estimated Cardinality": "7241822"
                                                                                    },
                                                                                    "cumulative_cardinality": 544915,
                                                                                    "operator_type": "TABLE_SCAN",
                                                                                    "operator_cardinality": 544915,
                                                                                    "cumulative_rows_scanned": 7241822,
                                                                                    "operator_rows_scanned": 7241822,
                                                                                    "operator_timing": 0.015053181999999991,
                                                                                    "result_set_size": 4359320,
                                                                                    "children": []
                                                                                },
                                                                                {
                                                                                    "operator_name": "PROJECTION",
                                                                                    "cpu_time": 0.25123223599999994,
                                                                                    "extra_info": {
                                                                                        "Projections": [
                                                                                            "#0",
                                                                                            "#1",
                                                                                            "#2",
                                                                                            "__internal_compress_integral_utinyint(#3, 1)",
                                                                                            "#4",
                                                                                            "#5",
                                                                                            "#6"
                                                                                        ],
                                                                                        "Estimated Cardinality": "1260710"
                                                                                    },
                                                                                    "cumulative_cardinality": 2056444,
                                                                                    "operator_type": "PROJECTION",
                                                                                    "operator_cardinality": 265255,
                                                                                    "cumulative_rows_scanned": 5110826,
                                                                                    "operator_rows_scanned": 0,
                                                                                    "operator_timing": 0.0005728219999999996,
                                                                                    "result_set_size": 15119535,
                                                                                    "children": [
                                                                                        {
                                                                                            "operator_name": "HASH_JOIN",
                                                                                            "cpu_time": 0.25065941399999997,
                                                                                            "extra_info": {
                                                                                                "Join Type": "RIGHT",
                                                                                                "Conditions": "id = owneruserid",
                                                                                                "Estimated Cardinality": "1260710"
                                                                                            },
                                                                                            "cumulative_cardinality": 1791189,
                                                                                            "operator_type": "HASH_JOIN",
                                                                                            "operator_cardinality": 265255,
                                                                                            "cumulative_rows_scanned": 5110826,
                                                                                            "operator_rows_scanned": 0,
                                                                                            "operator_timing": 0.05707179399999991,
                                                                                            "result_set_size": 15384790,
                                                                                            "children": [
                                                                                                {
                                                                                                    "operator_name": "READ_PARQUET ",
                                                                                                    "cpu_time": 0.09471170000000007,
                                                                                                    "extra_info": {
                                                                                                        "Function": "READ_PARQUET",
                                                                                                        "Projections": [
                                                                                                            "id",
                                                                                                            "reputation",
                                                                                                            "displayname"
                                                                                                        ],
                                                                                                        "Estimated Cardinality": "1260710"
                                                                                                    },
                                                                                                    "cumulative_cardinality": 1260679,
                                                                                                    "operator_type": "TABLE_SCAN",
                                                                                                    "operator_cardinality": 1260679,
                                                                                                    "cumulative_rows_scanned": 1260710,
                                                                                                    "operator_rows_scanned": 1260710,
                                                                                                    "operator_timing": 0.09471170000000007,
                                                                                                    "result_set_size": 30256296,
                                                                                                    "children": []
                                                                                                },
                                                                                                {
                                                                                                    "operator_name": "READ_PARQUET ",
                                                                                                    "cpu_time": 0.09887592,
                                                                                                    "extra_info": {
                                                                                                        "Function": "READ_PARQUET",
                                                                                                        "Projections": [
                                                                                                            "id",
                                                                                                            "posttypeid",
                                                                                                            "creationdate",
                                                                                                            "owneruserid",
                                                                                                            "lastactivitydate",
                                                                                                            "title"
                                                                                                        ],
                                                                                                        "Filters": "creationdate>='2023-01-01 00:00:00'::TIMESTAMP",
                                                                                                        "Estimated Cardinality": "770023"
                                                                                                    },
                                                                                                    "cumulative_cardinality": 265255,
                                                                                                    "operator_type": "TABLE_SCAN",
                                                                                                    "operator_cardinality": 265255,
                                                                                                    "cumulative_rows_scanned": 3850116,
                                                                                                    "operator_rows_scanned": 3850116,
                                                                                                    "operator_timing": 0.09887592,
                                                                                                    "result_set_size": 11140710,
                                                                                                    "children": []
                                                                                                }
                                                                                            ]
                                                                                        }
                                                                                    ]
                                                                                }
                                                                            ]
                                                                        }
                                                                    ]
                                                                },
                                                                {
                                                                    "operator_name": "PROJECTION",
                                                                    "cpu_time": 0.2001282920000002,
                                                                    "extra_info": {
                                                                        "Projections": [
                                                                            "#0",
                                                                            "#1",
                                                                            "__internal_compress_integral_utinyint(#2, 1)"
                                                                        ],
                                                                        "Estimated Cardinality": "12744093"
                                                                    },
                                                                    "cumulative_cardinality": 25488186,
                                                                    "operator_type": "PROJECTION",
                                                                    "operator_cardinality": 12744093,
                                                                    "cumulative_rows_scanned": 12744093,
                                                                    "operator_rows_scanned": 0,
                                                                    "operator_timing": 0.0036141210000000014,
                                                                    "result_set_size": 114696837,
                                                                    "children": [
                                                                        {
                                                                            "operator_name": "READ_PARQUET ",
                                                                            "cpu_time": 0.1965141710000002,
                                                                            "extra_info": {
                                                                                "Function": "READ_PARQUET",
                                                                                "Projections": [
                                                                                    "id",
                                                                                    "postid",
                                                                                    "votetypeid"
                                                                                ],
                                                                                "Estimated Cardinality": "12744093"
                                                                            },
                                                                            "cumulative_cardinality": 12744093,
                                                                            "operator_type": "TABLE_SCAN",
                                                                            "operator_cardinality": 12744093,
                                                                            "cumulative_rows_scanned": 12744093,
                                                                            "operator_rows_scanned": 12744093,
                                                                            "operator_timing": 0.1965141710000002,
                                                                            "result_set_size": 127440930,
                                                                            "children": []
                                                                        }
                                                                    ]
                                                                }
                                                            ]
                                                        }
                                                    ]
                                                },
                                                {
                                                    "operator_name": "READ_PARQUET ",
                                                    "cpu_time": 0.000316201,
                                                    "extra_info": {
                                                        "Function": "READ_PARQUET",
                                                        "Projections": [
                                                            "id",
                                                            "name"
                                                        ],
                                                        "Estimated Cardinality": "8"
                                                    },
                                                    "cumulative_cardinality": 8,
                                                    "operator_type": "TABLE_SCAN",
                                                    "operator_cardinality": 8,
                                                    "cumulative_rows_scanned": 8,
                                                    "operator_rows_scanned": 8,
                                                    "operator_timing": 0.000316201,
                                                    "result_set_size": 144,
                                                    "children": []
                                                }
                                            ]
                                        }
                                    ]
                                }
                            ]
                        }
                    ]
                }
            ]
        }
    ]
}