{
    "rows_returned": 7,
    "query_name": "SELECT \n    pt.Name AS PostType,\n    COUNT(p.Id) AS TotalPosts,\n    AVG(p.Score) AS AverageScore,\n    AVG(p.ViewCount) AS AverageViewCount,\n    AVG(p.AnswerCount) AS AverageAnswerCount,\n    MAX(p.LastActivityDate) AS MostRecentActivity,\n    AVG(EXTRACT(EPOCH FROM (p.LastActivityDate - p.CreationDate))) AS AverageTimeToActivity \nFROM \n    Posts p\nJOIN \n    PostTypes pt ON p.PostTypeId = pt.Id\nGROUP BY \n    pt.Name\nORDER BY \n    TotalPosts DESC;",
    "blocked_thread_time": 0.0,
    "cpu_time": 0.41977815499999976,
    "extra_info": {},
    "cumulative_cardinality": 11550369,
    "cumulative_rows_scanned": 3850124,
    "result_set_size": 448,
    "latency": 0.440210548,
    "children": [
        {
            "operator_name": "ORDER_BY",
            "cpu_time": 0.41977815499999976,
            "extra_info": {
                "Order By": "count(p.Id) DESC"
            },
            "cumulative_cardinality": 11550369,
            "operator_type": "ORDER_BY",
            "operator_cardinality": 7,
            "cumulative_rows_scanned": 3850124,
            "operator_rows_scanned": 0,
            "operator_timing": 0.000022592,
            "result_set_size": 448,
            "children": [
                {
                    "operator_name": "HASH_GROUP_BY",
                    "cpu_time": 0.4197555629999998,
                    "extra_info": {
                        "Groups": "#0",
                        "Aggregates": [
                            "count_star()",
                            "avg(#1)",
                            "avg(#2)",
                            "avg(#3)",
                            "max(#4)",
                            "avg(#5)"
                        ],
                        "Estimated Cardinality": "1925058"
                    },
                    "cumulative_cardinality": 11550362,
                    "operator_type": "HASH_GROUP_BY",
                    "operator_cardinality": 7,
                    "cumulative_rows_scanned": 3850124,
                    "operator_rows_scanned": 0,
                    "operator_timing": 0.12173185199999997,
                    "result_set_size": 448,
                    "children": [
                        {
                            "operator_name": "PROJECTION",
                            "cpu_time": 0.2980237109999998,
                            "extra_info": {
                                "Projections": [
                                    "name",
                                    "score",
                                    "viewcount",
                                    "answercount",
                                    "lastactivitydate",
                                    "epoch((lastactivitydate - creationdate))"
                                ],
                                "Estimated Cardinality": "3850116"
                            },
                            "cumulative_cardinality": 11550355,
                            "operator_type": "PROJECTION",
                            "operator_cardinality": 3850116,
                            "cumulative_rows_scanned": 3850124,
                            "operator_rows_scanned": 0,
                            "operator_timing": 0.039509370000000044,
                            "result_set_size": 169405104,
                            "children": [
                                {
                                    "operator_name": "HASH_JOIN",
                                    "cpu_time": 0.25851434099999976,
                                    "extra_info": {
                                        "Join Type": "INNER",
                                        "Conditions": "posttypeid = id",
                                        "Estimated Cardinality": "3850116"
                                    },
                                    "cumulative_cardinality": 7700239,
                                    "operator_type": "HASH_JOIN",
                                    "operator_cardinality": 3850116,
                                    "cumulative_rows_scanned": 3850124,
                                    "operator_rows_scanned": 0,
                                    "operator_timing": 0.008255090000000014,
                                    "result_set_size": 169405104,
                                    "children": [
                                        {
                                            "operator_name": "READ_PARQUET ",
                                            "cpu_time": 0.24993821099999977,
                                            "extra_info": {
                                                "Function": "READ_PARQUET",
                                                "Projections": [
                                                    "id",
                                                    "posttypeid",
                                                    "creationdate",
                                                    "score",
                                                    "viewcount",
                                                    "lastactivitydate",
                                                    "answercount"
                                                ],
                                                "Estimated Cardinality": "3850116"
                                            },
                                            "cumulative_cardinality": 3850116,
                                            "operator_type": "TABLE_SCAN",
                                            "operator_cardinality": 3850116,
                                            "cumulative_rows_scanned": 3850116,
                                            "operator_rows_scanned": 3850116,
                                            "operator_timing": 0.24993821099999977,
                                            "result_set_size": 130903944,
                                            "children": []
                                        },
                                        {
                                            "operator_name": "READ_PARQUET ",
                                            "cpu_time": 0.00032104000000000003,
                                            "extra_info": {
                                                "Function": "READ_PARQUET",
                                                "Projections": [
                                                    "id",
                                                    "name"
                                                ],
                                                "Filters": "id<=7",
                                                "Estimated Cardinality": "8"
                                            },
                                            "cumulative_cardinality": 7,
                                            "operator_type": "TABLE_SCAN",
                                            "operator_cardinality": 7,
                                            "cumulative_rows_scanned": 8,
                                            "operator_rows_scanned": 8,
                                            "operator_timing": 0.00032104000000000003,
                                            "result_set_size": 126,
                                            "children": []
                                        }
                                    ]
                                }
                            ]
                        }
                    ]
                }
            ]
        }
    ]
}