{
    "rows_returned": 3490496,
    "query_name": "WITH UserPostStats AS (\n    SELECT \n        u.Id AS UserId,\n        u.DisplayName,\n        COUNT(p.Id) AS TotalPosts,\n        SUM(CASE WHEN p.PostTypeId = 1 THEN 1 ELSE 0 END) AS TotalQuestions,\n        SUM(CASE WHEN p.PostTypeId = 2 THEN 1 ELSE 0 END) AS TotalAnswers,\n        SUM(CASE WHEN p.ViewCount IS NOT NULL THEN p.ViewCount ELSE 0 END) AS TotalViews,\n        SUM(CASE WHEN p.Score IS NOT NULL THEN p.Score ELSE 0 END) AS TotalScore\n    FROM \n        Users u\n    LEFT JOIN \n        Posts p ON u.Id = p.OwnerUserId\n    GROUP BY \n        u.Id, u.DisplayName\n),\nPostTypeCounts AS (\n    SELECT \n        pt.Id AS PostTypeId,\n        pt.Name AS PostTypeName,\n        COUNT(p.Id) AS PostCount\n    FROM \n        Posts p\n    JOIN \n        PostTypes pt ON p.PostTypeId = pt.Id\n    GROUP BY \n        pt.Id, pt.Name\n)\nSELECT \n    u.DisplayName,\n    u.TotalPosts,\n    u.TotalQuestions,\n    u.TotalAnswers,\n    u.TotalViews,\n    u.TotalScore,\n    ptc.PostTypeName,\n    ptc.PostCount\nFROM \n    UserPostStats u\nLEFT JOIN \n    PostTypeCounts ptc ON u.TotalPosts > 0\nORDER BY \n    u.TotalScore DESC, \n    u.TotalPosts DESC;",
    "blocked_thread_time": 0.0,
    "cpu_time": 1.8536413480000005,
    "extra_info": {},
    "cumulative_cardinality": 38998020,
    "cumulative_rows_scanned": 8960950,
    "result_set_size": 390935552,
    "latency": 23.896512536,
    "children": [
        {
            "operator_name": "ORDER_BY",
            "cpu_time": 1.8536413480000005,
            "extra_info": {
                "Order By": [
                    "u.TotalScore DESC",
                    "u.TotalPosts DESC"
                ]
            },
            "cumulative_cardinality": 38998020,
            "operator_type": "ORDER_BY",
            "operator_cardinality": 3490496,
            "cumulative_rows_scanned": 8960950,
            "operator_rows_scanned": 0,
            "operator_timing": 0.3646066910000003,
            "result_set_size": 390935552,
            "children": [
                {
                    "operator_name": "BLOCKWISE_NL_JOIN",
                    "cpu_time": 1.4890346570000002,
                    "extra_info": {
                        "Join Type": "LEFT",
                        "Condition": "(TotalPosts > 0)"
                    },
                    "cumulative_cardinality": 35507524,
                    "operator_type": "BLOCKWISE_NL_JOIN",
                    "operator_cardinality": 3490496,
                    "cumulative_rows_scanned": 8960950,
                    "operator_rows_scanned": 0,
                    "operator_timing": 0.019623127999999938,
                    "result_set_size": 390935552,
                    "children": [
                        {
                            "operator_name": "PROJECTION",
                            "cpu_time": 1.3216094610000004,
                            "extra_info": {
                                "Projections": [
                                    "displayname",
                                    "TotalPosts",
                                    "TotalQuestions",
                                    "TotalAnswers",
                                    "TotalViews",
                                    "TotalScore"
                                ],
                                "Estimated Cardinality": "1260710"
                            },
                            "cumulative_cardinality": 16616536,
                            "operator_type": "PROJECTION",
                            "operator_cardinality": 1260710,
                            "cumulative_rows_scanned": 5110826,
                            "operator_rows_scanned": 0,
                            "operator_timing": 0.0002634389999999998,
                            "result_set_size": 110942480,
                            "children": [
                                {
                                    "operator_name": "HASH_GROUP_BY",
                                    "cpu_time": 1.3213460220000004,
                                    "extra_info": {
                                        "Groups": [
                                            "#0",
                                            "#1"
                                        ],
                                        "Aggregates": [
                                            "count(#2)",
                                            "sum(#3)",
                                            "sum(#4)",
                                            "sum(#5)",
                                            "sum(#6)"
                                        ],
                                        "Estimated Cardinality": "1260710"
                                    },
                                    "cumulative_cardinality": 15355826,
                                    "operator_type": "HASH_GROUP_BY",
                                    "operator_cardinality": 1260710,
                                    "cumulative_rows_scanned": 5110826,
                                    "operator_rows_scanned": 0,
                                    "operator_timing": 0.6993099340000001,
                                    "result_set_size": 115985320,
                                    "children": [
                                        {
                                            "operator_name": "PROJECTION",
                                            "cpu_time": 0.6220360880000003,
                                            "extra_info": {
                                                "Projections": [
                                                    "id",
                                                    "displayname",
                                                    "id",
                                                    "CASE  WHEN ((posttypeid = 1)) THEN (1) ELSE 0 END",
                                                    "CASE  WHEN ((posttypeid = 2)) THEN (1) ELSE 0 END",
                                                    "CASE  WHEN ((viewcount IS NOT NULL)) THEN (viewcount) ELSE 0 END",
                                                    "CASE  WHEN ((score IS NOT NULL)) THEN (score) ELSE 0 END"
                                                ],
                                                "Estimated Cardinality": "3850116"
                                            },
                                            "cumulative_cardinality": 14095116,
                                            "operator_type": "PROJECTION",
                                            "operator_cardinality": 4574495,
                                            "cumulative_rows_scanned": 5110826,
                                            "operator_rows_scanned": 0,
                                            "operator_timing": 0.08858217799999997,
                                            "result_set_size": 182979800,
                                            "children": [
                                                {
                                                    "operator_name": "HASH_JOIN",
                                                    "cpu_time": 0.5334539100000003,
                                                    "extra_info": {
                                                        "Join Type": "RIGHT",
                                                        "Conditions": "owneruserid = id",
                                                        "Estimated Cardinality": "3850116"
                                                    },
                                                    "cumulative_cardinality": 9520621,
                                                    "operator_type": "HASH_JOIN",
                                                    "operator_cardinality": 4574495,
                                                    "cumulative_rows_scanned": 5110826,
                                                    "operator_rows_scanned": 0,
                                                    "operator_timing": 0.27459159299999997,
                                                    "result_set_size": 155532830,
                                                    "children": [
                                                        {
                                                            "operator_name": "READ_PARQUET ",
                                                            "cpu_time": 0.18181762300000032,
                                                            "extra_info": {
                                                                "Function": "READ_PARQUET",
                                                                "Projections": [
                                                                    "id",
                                                                    "posttypeid",
                                                                    "score",
                                                                    "viewcount",
                                                                    "owneruserid"
                                                                ],
                                                                "Estimated Cardinality": "3850116"
                                                            },
                                                            "cumulative_cardinality": 3685416,
                                                            "operator_type": "TABLE_SCAN",
                                                            "operator_cardinality": 3685416,
                                                            "cumulative_rows_scanned": 3850116,
                                                            "operator_rows_scanned": 3850116,
                                                            "operator_timing": 0.18181762300000032,
                                                            "result_set_size": 66337488,
                                                            "children": []
                                                        },
                                                        {
                                                            "operator_name": "READ_PARQUET ",
                                                            "cpu_time": 0.07704469400000004,
                                                            "extra_info": {
                                                                "Function": "READ_PARQUET",
                                                                "Projections": [
                                                                    "id",
                                                                    "displayname"
                                                                ],
                                                                "Estimated Cardinality": "1260710"
                                                            },
                                                            "cumulative_cardinality": 1260710,
                                                            "operator_type": "TABLE_SCAN",
                                                            "operator_cardinality": 1260710,
                                                            "cumulative_rows_scanned": 1260710,
                                                            "operator_rows_scanned": 1260710,
                                                            "operator_timing": 0.07704469400000004,
                                                            "result_set_size": 25214200,
                                                            "children": []
                                                        }
                                                    ]
                                                }
                                            ]
                                        }
                                    ]
                                }
                            ]
                        },
                        {
                            "operator_name": "PROJECTION",
                            "cpu_time": 0.14780206799999981,
                            "extra_info": {
                                "Projections": [
                                    "PostTypeName",
                                    "PostCount"
                                ],
                                "Estimated Cardinality": "1925058"
                            },
                            "cumulative_cardinality": 15400492,
                            "operator_type": "PROJECTION",
                            "operator_cardinality": 7,
                            "cumulative_rows_scanned": 3850124,
                            "operator_rows_scanned": 0,
                            "operator_timing": 2.6e-7,
                            "result_set_size": 168,
                            "children": [
                                {
                                    "operator_name": "PROJECTION",
                                    "cpu_time": 0.1478018079999998,
                                    "extra_info": {
                                        "Projections": [
                                            "__internal_decompress_integral_smallint(#0, 1)",
                                            "#1",
                                            "#2"
                                        ],
                                        "Estimated Cardinality": "1925058"
                                    },
                                    "cumulative_cardinality": 15400485,
                                    "operator_type": "PROJECTION",
                                    "operator_cardinality": 7,
                                    "cumulative_rows_scanned": 3850124,
                                    "operator_rows_scanned": 0,
                                    "operator_timing": 0.000001733,
                                    "result_set_size": 182,
                                    "children": [
                                        {
                                            "operator_name": "HASH_GROUP_BY",
                                            "cpu_time": 0.1478000749999998,
                                            "extra_info": {
                                                "Groups": [
                                                    "#0",
                                                    "#1"
                                                ],
                                                "Aggregates": "count_star()",
                                                "Estimated Cardinality": "1925058"
                                            },
                                            "cumulative_cardinality": 15400478,
                                            "operator_type": "HASH_GROUP_BY",
                                            "operator_cardinality": 7,
                                            "cumulative_rows_scanned": 3850124,
                                            "operator_rows_scanned": 0,
                                            "operator_timing": 0.08085836599999992,
                                            "result_set_size": 175,
                                            "children": [
                                                {
                                                    "operator_name": "PROJECTION",
                                                    "cpu_time": 0.0669417089999999,
                                                    "extra_info": {
                                                        "Projections": [
                                                            "id",
                                                            "name"
                                                        ],
                                                        "Estimated Cardinality": "3850116"
                                                    },
                                                    "cumulative_cardinality": 15400471,
                                                    "operator_type": "PROJECTION",
                                                    "operator_cardinality": 3850116,
                                                    "cumulative_rows_scanned": 3850124,
                                                    "operator_rows_scanned": 0,
                                                    "operator_timing": 0.00020840399999999925,
                                                    "result_set_size": 65451972,
                                                    "children": [
                                                        {
                                                            "operator_name": "PROJECTION",
                                                            "cpu_time": 0.06673330499999991,
                                                            "extra_info": {
                                                                "Projections": [
                                                                    "#0",
                                                                    "__internal_compress_integral_utinyint(#1, 1)",
                                                                    "#2"
                                                                ],
                                                                "Estimated Cardinality": "3850116"
                                                            },
                                                            "cumulative_cardinality": 11550355,
                                                            "operator_type": "PROJECTION",
                                                            "operator_cardinality": 3850116,
                                                            "cumulative_rows_scanned": 3850124,
                                                            "operator_rows_scanned": 0,
                                                            "operator_timing": 0.0009237330000000005,
                                                            "result_set_size": 80852436,
                                                            "children": [
                                                                {
                                                                    "operator_name": "HASH_JOIN",
                                                                    "cpu_time": 0.06580957199999991,
                                                                    "extra_info": {
                                                                        "Join Type": "INNER",
                                                                        "Conditions": "posttypeid = id",
                                                                        "Estimated Cardinality": "3850116"
                                                                    },
                                                                    "cumulative_cardinality": 7700239,
                                                                    "operator_type": "HASH_JOIN",
                                                                    "operator_cardinality": 3850116,
                                                                    "cumulative_rows_scanned": 3850124,
                                                                    "operator_rows_scanned": 0,
                                                                    "operator_timing": 0.007249474999999958,
                                                                    "result_set_size": 84702552,
                                                                    "children": [
                                                                        {
                                                                            "operator_name": "READ_PARQUET ",
                                                                            "cpu_time": 0.05824341499999996,
                                                                            "extra_info": {
                                                                                "Function": "READ_PARQUET",
                                                                                "Projections": [
                                                                                    "id",
                                                                                    "posttypeid"
                                                                                ],
                                                                                "Estimated Cardinality": "3850116"
                                                                            },
                                                                            "cumulative_cardinality": 3850116,
                                                                            "operator_type": "TABLE_SCAN",
                                                                            "operator_cardinality": 3850116,
                                                                            "cumulative_rows_scanned": 3850116,
                                                                            "operator_rows_scanned": 3850116,
                                                                            "operator_timing": 0.05824341499999996,
                                                                            "result_set_size": 23100696,
                                                                            "children": []
                                                                        },
                                                                        {
                                                                            "operator_name": "READ_PARQUET ",
                                                                            "cpu_time": 0.000316682,
                                                                            "extra_info": {
                                                                                "Function": "READ_PARQUET",
                                                                                "Projections": [
                                                                                    "id",
                                                                                    "name"
                                                                                ],
                                                                                "Filters": "id<=7",
                                                                                "Estimated Cardinality": "8"
                                                                            },
                                                                            "cumulative_cardinality": 7,
                                                                            "operator_type": "TABLE_SCAN",
                                                                            "operator_cardinality": 7,
                                                                            "cumulative_rows_scanned": 8,
                                                                            "operator_rows_scanned": 8,
                                                                            "operator_timing": 0.000316682,
                                                                            "result_set_size": 126,
                                                                            "children": []
                                                                        }
                                                                    ]
                                                                }
                                                            ]
                                                        }
                                                    ]
                                                }
                                            ]
                                        }
                                    ]
                                }
                            ]
                        }
                    ]
                }
            ]
        }
    ]
}