{
    "rows_returned": 100,
    "query_name": "WITH UserActivity AS (\n    SELECT \n        u.Id AS UserId,\n        u.DisplayName,\n        u.Reputation,\n        COUNT(DISTINCT p.Id) AS PostCount,\n        SUM(CASE WHEN p.PostTypeId = 1 THEN 1 ELSE 0 END) AS QuestionCount,\n        SUM(CASE WHEN p.PostTypeId = 2 THEN 1 ELSE 0 END) AS AnswerCount,\n        SUM(c.Score) AS TotalCommentScore,\n        SUM(v.BountyAmount) AS TotalBountyAmount,\n        COUNT(DISTINCT b.Id) AS BadgeCount,\n        MAX(p.CreationDate) AS LastActive\n    FROM \n        Users u\n    LEFT JOIN \n        Posts p ON u.Id = p.OwnerUserId\n    LEFT JOIN \n        Comments c ON p.Id = c.PostId\n    LEFT JOIN \n        Votes v ON p.Id = v.PostId AND v.UserId = u.Id\n    LEFT JOIN \n        Badges b ON u.Id = b.UserId\n    GROUP BY \n        u.Id, u.DisplayName, u.Reputation\n)\nSELECT \n    UserId,\n    DisplayName,\n    Reputation,\n    PostCount,\n    QuestionCount,\n    AnswerCount,\n    TotalCommentScore,\n    TotalBountyAmount,\n    BadgeCount,\n    LastActive\nFROM \n    UserActivity\nORDER BY \n    Reputation DESC, PostCount DESC\nLIMIT 100;",
    "blocked_thread_time": 0.0,
    "cpu_time": 151.3923018260008,
    "extra_info": {},
    "cumulative_cardinality": 2697273217,
    "cumulative_rows_scanned": 27418465,
    "result_set_size": 11200,
    "latency": 176.286461259,
    "children": [
        {
            "operator_name": "STREAMING_LIMIT",
            "cpu_time": 151.3923018260008,
            "extra_info": {},
            "cumulative_cardinality": 2697273217,
            "operator_type": "STREAMING_LIMIT",
            "operator_cardinality": 100,
            "cumulative_rows_scanned": 27418465,
            "operator_rows_scanned": 0,
            "operator_timing": 0.000002885,
            "result_set_size": 11200,
            "children": [
                {
                    "operator_name": "ORDER_BY",
                    "cpu_time": 151.3922989410008,
                    "extra_info": {
                        "Order By": [
                            "UserActivity.Reputation DESC",
                            "UserActivity.PostCount DESC"
                        ]
                    },
                    "cumulative_cardinality": 2697273117,
                    "operator_type": "ORDER_BY",
                    "operator_cardinality": 4096,
                    "cumulative_rows_scanned": 27418465,
                    "operator_rows_scanned": 0,
                    "operator_timing": 0.07435616600000004,
                    "result_set_size": 458752,
                    "children": [
                        {
                            "operator_name": "HASH_GROUP_BY",
                            "cpu_time": 151.3179427750008,
                            "extra_info": {
                                "Groups": [
                                    "#0",
                                    "#1",
                                    "#2"
                                ],
                                "Aggregates": [
                                    "count(DISTINCT #3)",
                                    "sum(#4)",
                                    "sum(#5)",
                                    "sum(#6)",
                                    "sum(#7)",
                                    "count(DISTINCT #8)",
                                    "max(#9)"
                                ],
                                "Estimated Cardinality": "1260710"
                            },
                            "cumulative_cardinality": 2697269021,
                            "operator_type": "HASH_GROUP_BY",
                            "operator_cardinality": 1260710,
                            "cumulative_rows_scanned": 27418465,
                            "operator_rows_scanned": 0,
                            "operator_timing": 129.987440061001,
                            "result_set_size": 141199520,
                            "children": [
                                {
                                    "operator_name": "PROJECTION",
                                    "cpu_time": 21.330502713999817,
                                    "extra_info": {
                                        "Projections": [
                                            "id",
                                            "displayname",
                                            "reputation",
                                            "id",
                                            "CASE  WHEN ((posttypeid = 1)) THEN (1) ELSE 0 END",
                                            "CASE  WHEN ((posttypeid = 2)) THEN (1) ELSE 0 END",
                                            "score",
                                            "bountyamount",
                                            "id",
                                            "creationdate"
                                        ],
                                        "Estimated Cardinality": "12744093"
                                    },
                                    "cumulative_cardinality": 2696008311,
                                    "operator_type": "PROJECTION",
                                    "operator_cardinality": 1312584858,
                                    "cumulative_rows_scanned": 27418465,
                                    "operator_rows_scanned": 0,
                                    "operator_timing": 7.2206145720002235,
                                    "result_set_size": 73504752048,
                                    "children": [
                                        {
                                            "operator_name": "HASH_JOIN",
                                            "cpu_time": 14.109888141999592,
                                            "extra_info": {
                                                "Join Type": "LEFT",
                                                "Conditions": "id = userid",
                                                "Estimated Cardinality": "12744093"
                                            },
                                            "cumulative_cardinality": 1383423453,
                                            "operator_type": "HASH_JOIN",
                                            "operator_cardinality": 1312584858,
                                            "cumulative_rows_scanned": 27418465,
                                            "operator_rows_scanned": 0,
                                            "operator_timing": 11.389909456999591,
                                            "result_set_size": 65629242900,
                                            "children": [
                                                {
                                                    "operator_name": "PROJECTION",
                                                    "cpu_time": 2.662352031000001,
                                                    "extra_info": {
                                                        "Projections": [
                                                            "#0",
                                                            "__internal_decompress_integral_integer(#1, 0)",
                                                            "#2",
                                                            "__internal_decompress_integral_smallint(#3, 1)",
                                                            "#4",
                                                            "#5",
                                                            "#6",
                                                            "#7"
                                                        ],
                                                        "Estimated Cardinality": "12744093"
                                                    },
                                                    "cumulative_cardinality": 68516871,
                                                    "operator_type": "PROJECTION",
                                                    "operator_cardinality": 9431558,
                                                    "cumulative_rows_scanned": 25096741,
                                                    "operator_rows_scanned": 0,
                                                    "operator_timing": 0.009249499999999996,
                                                    "result_set_size": 433851668,
                                                    "children": [
                                                        {
                                                            "operator_name": "HASH_JOIN",
                                                            "cpu_time": 2.653102531000001,
                                                            "extra_info": {
                                                                "Join Type": "RIGHT",
                                                                "Conditions": [
                                                                    "postid = id",
                                                                    "userid = id"
                                                                ],
                                                                "Estimated Cardinality": "12744093"
                                                            },
                                                            "cumulative_cardinality": 59085313,
                                                            "operator_type": "HASH_JOIN",
                                                            "operator_cardinality": 9431558,
                                                            "cumulative_rows_scanned": 25096741,
                                                            "operator_rows_scanned": 0,
                                                            "operator_timing": 1.1145536700000007,
                                                            "result_set_size": 405556994,
                                                            "children": [
                                                                {
                                                                    "operator_name": "READ_PARQUET ",
                                                                    "cpu_time": 0.24243397099999964,
                                                                    "extra_info": {
                                                                        "Function": "READ_PARQUET",
                                                                        "Projections": [
                                                                            "postid",
                                                                            "userid",
                                                                            "bountyamount"
                                                                        ],
                                                                        "Estimated Cardinality": "12744093"
                                                                    },
                                                                    "cumulative_cardinality": 40287,
                                                                    "operator_type": "TABLE_SCAN",
                                                                    "operator_cardinality": 40287,
                                                                    "cumulative_rows_scanned": 12744093,
                                                                    "operator_rows_scanned": 12744093,
                                                                    "operator_timing": 0.24243397099999964,
                                                                    "result_set_size": 483444,
                                                                    "children": []
                                                                },
                                                                {
                                                                    "operator_name": "PROJECTION",
                                                                    "cpu_time": 1.2961148900000004,
                                                                    "extra_info": {
                                                                        "Projections": [
                                                                            "__internal_compress_integral_usmallint(#0, 0)",
                                                                            "#1",
                                                                            "__internal_compress_integral_utinyint(#2, 1)",
                                                                            "#3",
                                                                            "#4",
                                                                            "#5",
                                                                            "#6"
                                                                        ],
                                                                        "Estimated Cardinality": "7241822"
                                                                    },
                                                                    "cumulative_cardinality": 49613468,
                                                                    "operator_type": "PROJECTION",
                                                                    "operator_cardinality": 9425510,
                                                                    "cumulative_rows_scanned": 12352648,
                                                                    "operator_rows_scanned": 0,
                                                                    "operator_timing": 0.0064156800000000035,
                                                                    "result_set_size": 367594890,
                                                                    "children": [
                                                                        {
                                                                            "operator_name": "PROJECTION",
                                                                            "cpu_time": 1.2896992100000004,
                                                                            "extra_info": {
                                                                                "Projections": [
                                                                                    "#0",
                                                                                    "#1",
                                                                                    "__internal_decompress_integral_smallint(#2, 1)",
                                                                                    "#3",
                                                                                    "#4",
                                                                                    "#5",
                                                                                    "#6"
                                                                                ],
                                                                                "Estimated Cardinality": "7241822"
                                                                            },
                                                                            "cumulative_cardinality": 40187958,
                                                                            "operator_type": "PROJECTION",
                                                                            "operator_cardinality": 9425510,
                                                                            "cumulative_rows_scanned": 12352648,
                                                                            "operator_rows_scanned": 0,
                                                                            "operator_timing": 0.007711129000000015,
                                                                            "result_set_size": 395871420,
                                                                            "children": [
                                                                                {
                                                                                    "operator_name": "HASH_JOIN",
                                                                                    "cpu_time": 1.2819880810000004,
                                                                                    "extra_info": {
                                                                                        "Join Type": "RIGHT",
                                                                                        "Conditions": "postid = id",
                                                                                        "Estimated Cardinality": "7241822"
                                                                                    },
                                                                                    "cumulative_cardinality": 30762448,
                                                                                    "operator_type": "HASH_JOIN",
                                                                                    "operator_cardinality": 9425510,
                                                                                    "cumulative_rows_scanned": 12352648,
                                                                                    "operator_rows_scanned": 0,
                                                                                    "operator_timing": 0.6533200779999998,
                                                                                    "result_set_size": 386445910,
                                                                                    "children": [
                                                                                        {
                                                                                            "operator_name": "READ_PARQUET ",
                                                                                            "cpu_time": 0.13429844199999993,
                                                                                            "extra_info": {
                                                                                                "Function": "READ_PARQUET",
                                                                                                "Projections": [
                                                                                                    "postid",
                                                                                                    "score"
                                                                                                ],
                                                                                                "Estimated Cardinality": "7241822"
                                                                                            },
                                                                                            "cumulative_cardinality": 7241822,
                                                                                            "operator_type": "TABLE_SCAN",
                                                                                            "operator_cardinality": 7241822,
                                                                                            "cumulative_rows_scanned": 7241822,
                                                                                            "operator_rows_scanned": 7241822,
                                                                                            "operator_timing": 0.13429844199999993,
                                                                                            "result_set_size": 57934576,
                                                                                            "children": []
                                                                                        },
                                                                                        {
                                                                                            "operator_name": "PROJECTION",
                                                                                            "cpu_time": 0.4943695610000006,
                                                                                            "extra_info": {
                                                                                                "Projections": [
                                                                                                    "#0",
                                                                                                    "__internal_compress_integral_utinyint(#1, 1)",
                                                                                                    "#2",
                                                                                                    "#3",
                                                                                                    "#4",
                                                                                                    "#5"
                                                                                                ],
                                                                                                "Estimated Cardinality": "3850116"
                                                                                            },
                                                                                            "cumulative_cardinality": 14095116,
                                                                                            "operator_type": "PROJECTION",
                                                                                            "operator_cardinality": 4574495,
                                                                                            "cumulative_rows_scanned": 5110826,
                                                                                            "operator_rows_scanned": 0,
                                                                                            "operator_timing": 0.0023330360000000053,
                                                                                            "result_set_size": 169256315,
                                                                                            "children": [
                                                                                                {
                                                                                                    "operator_name": "HASH_JOIN",
                                                                                                    "cpu_time": 0.4920365250000006,
                                                                                                    "extra_info": {
                                                                                                        "Join Type": "RIGHT",
                                                                                                        "Conditions": "owneruserid = id",
                                                                                                        "Estimated Cardinality": "3850116"
                                                                                                    },
                                                                                                    "cumulative_cardinality": 9520621,
                                                                                                    "operator_type": "HASH_JOIN",
                                                                                                    "operator_cardinality": 4574495,
                                                                                                    "cumulative_rows_scanned": 5110826,
                                                                                                    "operator_rows_scanned": 0,
                                                                                                    "operator_timing": 0.24542769500000058,
                                                                                                    "result_set_size": 173830810,
                                                                                                    "children": [
                                                                                                        {
                                                                                                            "operator_name": "READ_PARQUET ",
                                                                                                            "cpu_time": 0.160675735,
                                                                                                            "extra_info": {
                                                                                                                "Function": "READ_PARQUET",
                                                                                                                "Projections": [
                                                                                                                    "id",
                                                                                                                    "posttypeid",
                                                                                                                    "creationdate",
                                                                                                                    "owneruserid"
                                                                                                                ],
                                                                                                                "Estimated Cardinality": "3850116"
                                                                                                            },
                                                                                                            "cumulative_cardinality": 3685416,
                                                                                                            "operator_type": "TABLE_SCAN",
                                                                                                            "operator_cardinality": 3685416,
                                                                                                            "cumulative_rows_scanned": 3850116,
                                                                                                            "operator_rows_scanned": 3850116,
                                                                                                            "operator_timing": 0.160675735,
                                                                                                            "result_set_size": 66337488,
                                                                                                            "children": []
                                                                                                        },
                                                                                                        {
                                                                                                            "operator_name": "READ_PARQUET ",
                                                                                                            "cpu_time": 0.08593309499999999,
                                                                                                            "extra_info": {
                                                                                                                "Function": "READ_PARQUET",
                                                                                                                "Projections": [
                                                                                                                    "id",
                                                                                                                    "reputation",
                                                                                                                    "displayname"
                                                                                                                ],
                                                                                                                "Estimated Cardinality": "1260710"
                                                                                                            },
                                                                                                            "cumulative_cardinality": 1260710,
                                                                                                            "operator_type": "TABLE_SCAN",
                                                                                                            "operator_cardinality": 1260710,
                                                                                                            "cumulative_rows_scanned": 1260710,
                                                                                                            "operator_rows_scanned": 1260710,
                                                                                                            "operator_timing": 0.08593309499999999,
                                                                                                            "result_set_size": 30257040,
                                                                                                            "children": []
                                                                                                        }
                                                                                                    ]
                                                                                                }
                                                                                            ]
                                                                                        }
                                                                                    ]
                                                                                }
                                                                            ]
                                                                        }
                                                                    ]
                                                                }
                                                            ]
                                                        }
                                                    ]
                                                },
                                                {
                                                    "operator_name": "READ_PARQUET ",
                                                    "cpu_time": 0.05762665399999982,
                                                    "extra_info": {
                                                        "Function": "READ_PARQUET",
                                                        "Projections": [
                                                            "id",
                                                            "userid"
                                                        ],
                                                        "Estimated Cardinality": "2321724"
                                                    },
                                                    "cumulative_cardinality": 2321724,
                                                    "operator_type": "TABLE_SCAN",
                                                    "operator_cardinality": 2321724,
                                                    "cumulative_rows_scanned": 2321724,
                                                    "operator_rows_scanned": 2321724,
                                                    "operator_timing": 0.05762665399999982,
                                                    "result_set_size": 18573792,
                                                    "children": []
                                                }
                                            ]
                                        }
                                    ]
                                }
                            ]
                        }
                    ]
                }
            ]
        }
    ]
}