{
    "rows_returned": 42644,
    "query_name": "WITH PostCounts AS (\n    SELECT \n        pt.Name AS PostType,\n        COUNT(p.Id) AS TotalPosts,\n        AVG(p.Score) AS AvgScore,\n        AVG(p.ViewCount) AS AvgViewCount\n    FROM \n        Posts p\n    JOIN \n        PostTypes pt ON p.PostTypeId = pt.Id\n    GROUP BY \n        pt.Name\n),\nUserReputation AS (\n    SELECT \n        u.Reputation,\n        COUNT(*) AS UserPostCount\n    FROM \n        Posts p\n    JOIN \n        Users u ON p.OwnerUserId = u.Id\n    GROUP BY \n        u.Reputation\n)\nSELECT \n    pc.PostType,\n    pc.TotalPosts,\n    pc.AvgScore,\n    pc.AvgViewCount,\n    ur.Reputation,\n    ur.UserPostCount\nFROM \n    PostCounts pc\nJOIN \n    UserReputation ur ON ur.UserPostCount > 0\nORDER BY \n    pc.TotalPosts DESC, ur.Reputation DESC;",
    "blocked_thread_time": 0.0,
    "cpu_time": 0.5421392959999998,
    "extra_info": {},
    "cumulative_cardinality": 23964761,
    "cumulative_rows_scanned": 8960950,
    "result_set_size": 2217488,
    "latency": 0.608197705,
    "children": [
        {
            "operator_name": "ORDER_BY",
            "cpu_time": 0.5421392959999998,
            "extra_info": {
                "Order By": [
                    "pc.TotalPosts DESC",
                    "ur.Reputation DESC"
                ]
            },
            "cumulative_cardinality": 23964761,
            "operator_type": "ORDER_BY",
            "operator_cardinality": 42644,
            "cumulative_rows_scanned": 8960950,
            "operator_rows_scanned": 0,
            "operator_timing": 0.002154684,
            "result_set_size": 2217488,
            "children": [
                {
                    "operator_name": "CROSS_PRODUCT",
                    "cpu_time": 0.5399846119999998,
                    "extra_info": {},
                    "cumulative_cardinality": 23922117,
                    "operator_type": "CROSS_PRODUCT",
                    "operator_cardinality": 42644,
                    "cumulative_rows_scanned": 8960950,
                    "operator_rows_scanned": 0,
                    "operator_timing": 0.00007819600000000001,
                    "result_set_size": 2217488,
                    "children": [
                        {
                            "operator_name": "HASH_GROUP_BY",
                            "cpu_time": 0.20915499599999993,
                            "extra_info": {
                                "Groups": "#0",
                                "Aggregates": [
                                    "count_star()",
                                    "avg(#1)",
                                    "avg(#2)"
                                ],
                                "Estimated Cardinality": "1925058"
                            },
                            "cumulative_cardinality": 11550362,
                            "operator_type": "HASH_GROUP_BY",
                            "operator_cardinality": 7,
                            "cumulative_rows_scanned": 3850124,
                            "operator_rows_scanned": 0,
                            "operator_timing": 0.09453379800000002,
                            "result_set_size": 280,
                            "children": [
                                {
                                    "operator_name": "PROJECTION",
                                    "cpu_time": 0.11462119799999992,
                                    "extra_info": {
                                        "Projections": [
                                            "name",
                                            "score",
                                            "viewcount"
                                        ],
                                        "Estimated Cardinality": "3850116"
                                    },
                                    "cumulative_cardinality": 11550355,
                                    "operator_type": "PROJECTION",
                                    "operator_cardinality": 3850116,
                                    "cumulative_rows_scanned": 3850124,
                                    "operator_rows_scanned": 0,
                                    "operator_timing": 0.00030866899999999704,
                                    "result_set_size": 92402784,
                                    "children": [
                                        {
                                            "operator_name": "HASH_JOIN",
                                            "cpu_time": 0.11431252899999993,
                                            "extra_info": {
                                                "Join Type": "INNER",
                                                "Conditions": "posttypeid = id",
                                                "Estimated Cardinality": "3850116"
                                            },
                                            "cumulative_cardinality": 7700239,
                                            "operator_type": "HASH_JOIN",
                                            "operator_cardinality": 3850116,
                                            "cumulative_rows_scanned": 3850124,
                                            "operator_rows_scanned": 0,
                                            "operator_timing": 0.007700831999999987,
                                            "result_set_size": 92402784,
                                            "children": [
                                                {
                                                    "operator_name": "READ_PARQUET ",
                                                    "cpu_time": 0.10627880499999993,
                                                    "extra_info": {
                                                        "Function": "READ_PARQUET",
                                                        "Projections": [
                                                            "id",
                                                            "posttypeid",
                                                            "score",
                                                            "viewcount"
                                                        ],
                                                        "Estimated Cardinality": "3850116"
                                                    },
                                                    "cumulative_cardinality": 3850116,
                                                    "operator_type": "TABLE_SCAN",
                                                    "operator_cardinality": 3850116,
                                                    "cumulative_rows_scanned": 3850116,
                                                    "operator_rows_scanned": 3850116,
                                                    "operator_timing": 0.10627880499999993,
                                                    "result_set_size": 53901624,
                                                    "children": []
                                                },
                                                {
                                                    "operator_name": "READ_PARQUET ",
                                                    "cpu_time": 0.000332892,
                                                    "extra_info": {
                                                        "Function": "READ_PARQUET",
                                                        "Projections": [
                                                            "id",
                                                            "name"
                                                        ],
                                                        "Filters": "id<=7",
                                                        "Estimated Cardinality": "8"
                                                    },
                                                    "cumulative_cardinality": 7,
                                                    "operator_type": "TABLE_SCAN",
                                                    "operator_cardinality": 7,
                                                    "cumulative_rows_scanned": 8,
                                                    "operator_rows_scanned": 8,
                                                    "operator_timing": 0.000332892,
                                                    "result_set_size": 126,
                                                    "children": []
                                                }
                                            ]
                                        }
                                    ]
                                }
                            ]
                        },
                        {
                            "operator_name": "FILTER",
                            "cpu_time": 0.33075141999999985,
                            "extra_info": {
                                "Expression": "(UserPostCount > 0)",
                                "Estimated Cardinality": "385011"
                            },
                            "cumulative_cardinality": 12329111,
                            "operator_type": "FILTER",
                            "operator_cardinality": 6092,
                            "cumulative_rows_scanned": 5110826,
                            "operator_rows_scanned": 0,
                            "operator_timing": 0.000011952,
                            "result_set_size": 73104,
                            "children": [
                                {
                                    "operator_name": "HASH_GROUP_BY",
                                    "cpu_time": 0.33073946799999987,
                                    "extra_info": {
                                        "Groups": "#0",
                                        "Aggregates": "count_star()",
                                        "Estimated Cardinality": "1925058"
                                    },
                                    "cumulative_cardinality": 12323019,
                                    "operator_type": "HASH_GROUP_BY",
                                    "operator_cardinality": 6092,
                                    "cumulative_rows_scanned": 5110826,
                                    "operator_rows_scanned": 0,
                                    "operator_timing": 0.030364259999999976,
                                    "result_set_size": 73104,
                                    "children": [
                                        {
                                            "operator_name": "PROJECTION",
                                            "cpu_time": 0.3003752079999999,
                                            "extra_info": {
                                                "Projections": "reputation",
                                                "Estimated Cardinality": "3850116"
                                            },
                                            "cumulative_cardinality": 12316927,
                                            "operator_type": "PROJECTION",
                                            "operator_cardinality": 3685416,
                                            "cumulative_rows_scanned": 5110826,
                                            "operator_rows_scanned": 0,
                                            "operator_timing": 0.0003545040000000018,
                                            "result_set_size": 14741664,
                                            "children": [
                                                {
                                                    "operator_name": "HASH_JOIN",
                                                    "cpu_time": 0.3000207039999999,
                                                    "extra_info": {
                                                        "Join Type": "INNER",
                                                        "Conditions": "owneruserid = id",
                                                        "Estimated Cardinality": "3850116"
                                                    },
                                                    "cumulative_cardinality": 8631511,
                                                    "operator_type": "HASH_JOIN",
                                                    "operator_cardinality": 3685416,
                                                    "cumulative_rows_scanned": 5110826,
                                                    "operator_rows_scanned": 0,
                                                    "operator_timing": 0.18221142399999998,
                                                    "result_set_size": 29483328,
                                                    "children": [
                                                        {
                                                            "operator_name": "READ_PARQUET ",
                                                            "cpu_time": 0.06205013099999996,
                                                            "extra_info": {
                                                                "Function": "READ_PARQUET",
                                                                "Projections": "owneruserid",
                                                                "Estimated Cardinality": "3850116"
                                                            },
                                                            "cumulative_cardinality": 3685416,
                                                            "operator_type": "TABLE_SCAN",
                                                            "operator_cardinality": 3685416,
                                                            "cumulative_rows_scanned": 3850116,
                                                            "operator_rows_scanned": 3850116,
                                                            "operator_timing": 0.06205013099999996,
                                                            "result_set_size": 14741664,
                                                            "children": []
                                                        },
                                                        {
                                                            "operator_name": "READ_PARQUET ",
                                                            "cpu_time": 0.055759149,
                                                            "extra_info": {
                                                                "Function": "READ_PARQUET",
                                                                "Projections": [
                                                                    "id",
                                                                    "reputation"
                                                                ],
                                                                "Filters": "id<=1416539",
                                                                "Estimated Cardinality": "1260710"
                                                            },
                                                            "cumulative_cardinality": 1260679,
                                                            "operator_type": "TABLE_SCAN",
                                                            "operator_cardinality": 1260679,
                                                            "cumulative_rows_scanned": 1260710,
                                                            "operator_rows_scanned": 1260710,
                                                            "operator_timing": 0.055759149,
                                                            "result_set_size": 10085432,
                                                            "children": []
                                                        }
                                                    ]
                                                }
                                            ]
                                        }
                                    ]
                                }
                            ]
                        }
                    ]
                }
            ]
        }
    ]
}