{
    "rows_returned": 10,
    "query_name": "SELECT \n    P.Title,\n    P.CreationDate,\n    U.DisplayName AS OwnerDisplayName,\n    P.Score,\n    P.ViewCount,\n    C.CommentCount,\n    A.AnswerCount\nFROM \n    Posts P\nJOIN \n    Users U ON P.OwnerUserId = U.Id\nLEFT JOIN \n    (SELECT PostId, COUNT(*) AS CommentCount FROM Comments GROUP BY PostId) C ON P.Id = C.PostId\nLEFT JOIN \n    (SELECT ParentId, COUNT(*) AS AnswerCount FROM Posts WHERE PostTypeId = 2 GROUP BY ParentId) A ON P.Id = A.ParentId\nWHERE \n    P.PostTypeId = 1 \nORDER BY \n    P.CreationDate DESC\nLIMIT 10;",
    "blocked_thread_time": 0.0,
    "cpu_time": 2.233554464999999,
    "extra_info": {},
    "cumulative_cardinality": 33241831,
    "cumulative_rows_scanned": 16202764,
    "result_set_size": 640,
    "latency": 2.611799329,
    "children": [
        {
            "operator_name": "STREAMING_LIMIT",
            "cpu_time": 2.233554464999999,
            "extra_info": {},
            "cumulative_cardinality": 33241831,
            "operator_type": "STREAMING_LIMIT",
            "operator_cardinality": 10,
            "cumulative_rows_scanned": 16202764,
            "operator_rows_scanned": 0,
            "operator_timing": 0.0000023239999999999997,
            "result_set_size": 640,
            "children": [
                {
                    "operator_name": "PROJECTION",
                    "cpu_time": 2.233552140999999,
                    "extra_info": {
                        "Projections": [
                            "#0",
                            "#1",
                            "#2",
                            "__internal_decompress_integral_integer(#3, -72)",
                            "#4",
                            "#5",
                            "#6"
                        ],
                        "Estimated Cardinality": "3620911"
                    },
                    "cumulative_cardinality": 33241821,
                    "operator_type": "PROJECTION",
                    "operator_cardinality": 4096,
                    "cumulative_rows_scanned": 16202764,
                    "operator_rows_scanned": 0,
                    "operator_timing": 0.000008546,
                    "result_set_size": 262144,
                    "children": [
                        {
                            "operator_name": "ORDER_BY",
                            "cpu_time": 2.233543594999999,
                            "extra_info": {
                                "Order By": "P.CreationDate DESC"
                            },
                            "cumulative_cardinality": 33237725,
                            "operator_type": "ORDER_BY",
                            "operator_cardinality": 4096,
                            "cumulative_rows_scanned": 16202764,
                            "operator_rows_scanned": 0,
                            "operator_timing": 0.24774278699999985,
                            "result_set_size": 253952,
                            "children": [
                                {
                                    "operator_name": "PROJECTION",
                                    "cpu_time": 1.9858008079999994,
                                    "extra_info": {
                                        "Projections": [
                                            "#0",
                                            "#1",
                                            "#2",
                                            "__internal_compress_integral_usmallint(#3, -72)",
                                            "#4",
                                            "#5",
                                            "#6"
                                        ],
                                        "Estimated Cardinality": "3620911"
                                    },
                                    "cumulative_cardinality": 33233629,
                                    "operator_type": "PROJECTION",
                                    "operator_cardinality": 1589663,
                                    "cumulative_rows_scanned": 16202764,
                                    "operator_rows_scanned": 0,
                                    "operator_timing": 0.003169652999999997,
                                    "result_set_size": 98559106,
                                    "children": [
                                        {
                                            "operator_name": "PROJECTION",
                                            "cpu_time": 1.9826311549999993,
                                            "extra_info": {
                                                "Projections": [
                                                    "title",
                                                    "creationdate",
                                                    "OwnerDisplayName",
                                                    "score",
                                                    "viewcount",
                                                    "CommentCount",
                                                    "AnswerCount"
                                                ],
                                                "Estimated Cardinality": "3620911"
                                            },
                                            "cumulative_cardinality": 31643966,
                                            "operator_type": "PROJECTION",
                                            "operator_cardinality": 1589663,
                                            "cumulative_rows_scanned": 16202764,
                                            "operator_rows_scanned": 0,
                                            "operator_timing": 0.0011264500000000058,
                                            "result_set_size": 101738432,
                                            "children": [
                                                {
                                                    "operator_name": "HASH_JOIN",
                                                    "cpu_time": 1.9815047049999992,
                                                    "extra_info": {
                                                        "Join Type": "LEFT",
                                                        "Conditions": "id = parentid",
                                                        "Estimated Cardinality": "3620911"
                                                    },
                                                    "cumulative_cardinality": 30054303,
                                                    "operator_type": "HASH_JOIN",
                                                    "operator_cardinality": 1589663,
                                                    "cumulative_rows_scanned": 16202764,
                                                    "operator_rows_scanned": 0,
                                                    "operator_timing": 0.16038110299999983,
                                                    "result_set_size": 101738432,
                                                    "children": [
                                                        {
                                                            "operator_name": "HASH_JOIN",
                                                            "cpu_time": 1.6088432089999996,
                                                            "extra_info": {
                                                                "Join Type": "RIGHT",
                                                                "Conditions": "postid = id",
                                                                "Estimated Cardinality": "3620911"
                                                            },
                                                            "cumulative_cardinality": 22755483,
                                                            "operator_type": "HASH_JOIN",
                                                            "operator_cardinality": 1589663,
                                                            "cumulative_rows_scanned": 12352648,
                                                            "operator_rows_scanned": 0,
                                                            "operator_timing": 0.3641306819999999,
                                                            "result_set_size": 95379780,
                                                            "children": [
                                                                {
                                                                    "operator_name": "HASH_GROUP_BY",
                                                                    "cpu_time": 0.3078475380000001,
                                                                    "extra_info": {
                                                                        "Groups": "#0",
                                                                        "Aggregates": "count_star()",
                                                                        "Estimated Cardinality": "3620911"
                                                                    },
                                                                    "cumulative_cardinality": 16647316,
                                                                    "operator_type": "HASH_GROUP_BY",
                                                                    "operator_cardinality": 2163672,
                                                                    "cumulative_rows_scanned": 7241822,
                                                                    "operator_rows_scanned": 0,
                                                                    "operator_timing": 0.2656799540000001,
                                                                    "result_set_size": 25964064,
                                                                    "children": [
                                                                        {
                                                                            "operator_name": "PROJECTION",
                                                                            "cpu_time": 0.042167584,
                                                                            "extra_info": {
                                                                                "Projections": "postid",
                                                                                "Estimated Cardinality": "7241822"
                                                                            },
                                                                            "cumulative_cardinality": 14483644,
                                                                            "operator_type": "PROJECTION",
                                                                            "operator_cardinality": 7241822,
                                                                            "cumulative_rows_scanned": 7241822,
                                                                            "operator_rows_scanned": 0,
                                                                            "operator_timing": 0.00037251000000000466,
                                                                            "result_set_size": 28967288,
                                                                            "children": [
                                                                                {
                                                                                    "operator_name": "READ_PARQUET ",
                                                                                    "cpu_time": 0.041795073999999995,
                                                                                    "extra_info": {
                                                                                        "Function": "READ_PARQUET",
                                                                                        "Projections": "postid",
                                                                                        "Estimated Cardinality": "7241822"
                                                                                    },
                                                                                    "cumulative_cardinality": 7241822,
                                                                                    "operator_type": "TABLE_SCAN",
                                                                                    "operator_cardinality": 7241822,
                                                                                    "cumulative_rows_scanned": 7241822,
                                                                                    "operator_rows_scanned": 7241822,
                                                                                    "operator_timing": 0.041795073999999995,
                                                                                    "result_set_size": 28967288,
                                                                                    "children": []
                                                                                }
                                                                            ]
                                                                        }
                                                                    ]
                                                                },
                                                                {
                                                                    "operator_name": "HASH_JOIN",
                                                                    "cpu_time": 0.9368649889999996,
                                                                    "extra_info": {
                                                                        "Join Type": "INNER",
                                                                        "Conditions": "id = owneruserid",
                                                                        "Estimated Cardinality": "770023"
                                                                    },
                                                                    "cumulative_cardinality": 4518504,
                                                                    "operator_type": "HASH_JOIN",
                                                                    "operator_cardinality": 1589663,
                                                                    "cumulative_rows_scanned": 5110826,
                                                                    "operator_rows_scanned": 0,
                                                                    "operator_timing": 0.30290521999999986,
                                                                    "result_set_size": 82662476,
                                                                    "children": [
                                                                        {
                                                                            "operator_name": "READ_PARQUET ",
                                                                            "cpu_time": 0.09110678899999995,
                                                                            "extra_info": {
                                                                                "Function": "READ_PARQUET",
                                                                                "Projections": [
                                                                                    "id",
                                                                                    "displayname"
                                                                                ],
                                                                                "Filters": "id<=1416539",
                                                                                "Estimated Cardinality": "1260710"
                                                                            },
                                                                            "cumulative_cardinality": 1260677,
                                                                            "operator_type": "TABLE_SCAN",
                                                                            "operator_cardinality": 1260677,
                                                                            "cumulative_rows_scanned": 1260710,
                                                                            "operator_rows_scanned": 1260710,
                                                                            "operator_timing": 0.09110678899999995,
                                                                            "result_set_size": 25213540,
                                                                            "children": []
                                                                        },
                                                                        {
                                                                            "operator_name": "READ_PARQUET ",
                                                                            "cpu_time": 0.5428529799999998,
                                                                            "extra_info": {
                                                                                "Function": "READ_PARQUET",
                                                                                "Projections": [
                                                                                    "id",
                                                                                    "creationdate",
                                                                                    "score",
                                                                                    "viewcount",
                                                                                    "owneruserid",
                                                                                    "title"
                                                                                ],
                                                                                "Filters": "posttypeid=1",
                                                                                "Estimated Cardinality": "770023"
                                                                            },
                                                                            "cumulative_cardinality": 1668164,
                                                                            "operator_type": "TABLE_SCAN",
                                                                            "operator_cardinality": 1668164,
                                                                            "cumulative_rows_scanned": 3850116,
                                                                            "operator_rows_scanned": 3850116,
                                                                            "operator_timing": 0.5428529799999998,
                                                                            "result_set_size": 66726560,
                                                                            "children": []
                                                                        }
                                                                    ]
                                                                }
                                                            ]
                                                        },
                                                        {
                                                            "operator_name": "HASH_GROUP_BY",
                                                            "cpu_time": 0.21228039299999987,
                                                            "extra_info": {
                                                                "Groups": "#0",
                                                                "Aggregates": "count_star()",
                                                                "Estimated Cardinality": "385011"
                                                            },
                                                            "cumulative_cardinality": 5709157,
                                                            "operator_type": "HASH_GROUP_BY",
                                                            "operator_cardinality": 1354571,
                                                            "cumulative_rows_scanned": 3850116,
                                                            "operator_rows_scanned": 0,
                                                            "operator_timing": 0.11371512899999997,
                                                            "result_set_size": 16254852,
                                                            "children": [
                                                                {
                                                                    "operator_name": "PROJECTION",
                                                                    "cpu_time": 0.0985652639999999,
                                                                    "extra_info": {
                                                                        "Projections": "parentid",
                                                                        "Estimated Cardinality": "770023"
                                                                    },
                                                                    "cumulative_cardinality": 4354586,
                                                                    "operator_type": "PROJECTION",
                                                                    "operator_cardinality": 2177293,
                                                                    "cumulative_rows_scanned": 3850116,
                                                                    "operator_rows_scanned": 0,
                                                                    "operator_timing": 0.0002477759999999976,
                                                                    "result_set_size": 8709172,
                                                                    "children": [
                                                                        {
                                                                            "operator_name": "READ_PARQUET ",
                                                                            "cpu_time": 0.09831748799999991,
                                                                            "extra_info": {
                                                                                "Function": "READ_PARQUET",
                                                                                "Projections": "parentid",
                                                                                "Filters": "posttypeid=2",
                                                                                "Estimated Cardinality": "770023"
                                                                            },
                                                                            "cumulative_cardinality": 2177293,
                                                                            "operator_type": "TABLE_SCAN",
                                                                            "operator_cardinality": 2177293,
                                                                            "cumulative_rows_scanned": 3850116,
                                                                            "operator_rows_scanned": 3850116,
                                                                            "operator_timing": 0.09831748799999991,
                                                                            "result_set_size": 8709172,
                                                                            "children": []
                                                                        }
                                                                    ]
                                                                }
                                                            ]
                                                        }
                                                    ]
                                                }
                                            ]
                                        }
                                    ]
                                }
                            ]
                        }
                    ]
                }
            ]
        }
    ]
}