{
    "rows_returned": 30,
    "query_name": "WITH RecentPosts AS (\n    SELECT p.Id, p.Title, p.OwnerUserId, p.CreationDate, p.ViewCount, p.Score\n    FROM Posts p\n    WHERE p.CreationDate >= cast('2024-10-01' as date) - INTERVAL '30 days'\n),\nUserReputation AS (\n    SELECT u.Id AS UserId, u.Reputation, u.DisplayName\n    FROM Users u\n    WHERE u.Reputation > 1000\n),\nPostsWithTags AS (\n    SELECT p.Id, p.Title, array_length(string_to_array(p.Tags, '>'), 1) AS TagCount\n    FROM Posts p\n    WHERE p.Tags IS NOT NULL\n),\nTopAnswers AS (\n    SELECT pa.Id AS PostId, COUNT(v.Id) AS VoteCount\n    FROM Posts pa\n    JOIN Votes v ON pa.Id = v.PostId\n    WHERE pa.PostTypeId = 2\n    GROUP BY pa.Id\n    HAVING COUNT(v.Id) > 5\n),\nClosedPosts AS (\n    SELECT ph.PostId, COUNT(ph.Id) AS ClosureCount\n    FROM PostHistory ph\n    WHERE ph.PostHistoryTypeId = 10\n    GROUP BY ph.PostId\n)\nSELECT rp.Title,\n       ur.DisplayName AS Owner,\n       rp.ViewCount,\n       rp.Score,\n       pt.TagCount,\n       COALESCE(cl.ClosureCount, 0) AS ClosureCount,\n       ta.VoteCount AS TopAnswerVoteCount\nFROM RecentPosts rp\nLEFT JOIN UserReputation ur ON rp.OwnerUserId = ur.UserId\nLEFT JOIN PostsWithTags pt ON rp.Id = pt.Id\nLEFT JOIN ClosedPosts cl ON rp.Id = cl.PostId\nLEFT JOIN TopAnswers ta ON rp.Id = ta.PostId\nWHERE (pt.TagCount > 3 OR rp.ViewCount > 100)\n  AND (ta.VoteCount IS NOT NULL OR rp.Score > 10)\n  AND rp.CreationDate < cast('2024-10-01' as date) - INTERVAL '1 week'\nORDER BY rp.Score DESC, rp.ViewCount DESC\nLIMIT 100;",
    "blocked_thread_time": 0.0,
    "cpu_time": 10.271148640999996,
    "extra_info": {},
    "cumulative_cardinality": 39757869,
    "cumulative_rows_scanned": 37350395,
    "result_set_size": 1920,
    "latency": 10.555480283,
    "children": [
        {
            "operator_name": "STREAMING_LIMIT",
            "cpu_time": 10.271148640999996,
            "extra_info": {},
            "cumulative_cardinality": 39757869,
            "operator_type": "STREAMING_LIMIT",
            "operator_cardinality": 30,
            "cumulative_rows_scanned": 37350395,
            "operator_rows_scanned": 0,
            "operator_timing": 0.000002324,
            "result_set_size": 1920,
            "children": [
                {
                    "operator_name": "PROJECTION",
                    "cpu_time": 10.271146316999996,
                    "extra_info": {
                        "Projections": [
                            "#0",
                            "#1",
                            "#2",
                            "__internal_decompress_integral_integer(#3, -72)",
                            "#4",
                            "#5",
                            "#6"
                        ],
                        "Estimated Cardinality": "235904"
                    },
                    "cumulative_cardinality": 39757839,
                    "operator_type": "PROJECTION",
                    "operator_cardinality": 30,
                    "cumulative_rows_scanned": 37350395,
                    "operator_rows_scanned": 0,
                    "operator_timing": 0.000004539,
                    "result_set_size": 1920,
                    "children": [
                        {
                            "operator_name": "ORDER_BY",
                            "cpu_time": 10.271141777999995,
                            "extra_info": {
                                "Order By": [
                                    "rp.Score DESC",
                                    "rp.ViewCount DESC"
                                ]
                            },
                            "cumulative_cardinality": 39757809,
                            "operator_type": "ORDER_BY",
                            "operator_cardinality": 30,
                            "cumulative_rows_scanned": 37350395,
                            "operator_rows_scanned": 0,
                            "operator_timing": 0.000195353,
                            "result_set_size": 1860,
                            "children": [
                                {
                                    "operator_name": "PROJECTION",
                                    "cpu_time": 10.270946424999995,
                                    "extra_info": {
                                        "Projections": [
                                            "#0",
                                            "#1",
                                            "#2",
                                            "__internal_compress_integral_usmallint(#3, -72)",
                                            "#4",
                                            "#5",
                                            "#6"
                                        ],
                                        "Estimated Cardinality": "235904"
                                    },
                                    "cumulative_cardinality": 39757779,
                                    "operator_type": "PROJECTION",
                                    "operator_cardinality": 30,
                                    "cumulative_rows_scanned": 37350395,
                                    "operator_rows_scanned": 0,
                                    "operator_timing": 0.000005711,
                                    "result_set_size": 1860,
                                    "children": [
                                        {
                                            "operator_name": "PROJECTION",
                                            "cpu_time": 10.270940713999995,
                                            "extra_info": {
                                                "Projections": [
                                                    "title",
                                                    "Owner",
                                                    "viewcount",
                                                    "score",
                                                    "TagCount",
                                                    "ClosureCount",
                                                    "TopAnswerVoteCount"
                                                ],
                                                "Estimated Cardinality": "235904"
                                            },
                                            "cumulative_cardinality": 39757749,
                                            "operator_type": "PROJECTION",
                                            "operator_cardinality": 30,
                                            "cumulative_rows_scanned": 37350395,
                                            "operator_rows_scanned": 0,
                                            "operator_timing": 0.00002159,
                                            "result_set_size": 1920,
                                            "children": [
                                                {
                                                    "operator_name": "FILTER",
                                                    "cpu_time": 10.270919123999995,
                                                    "extra_info": {
                                                        "Expression": "((VoteCount IS NOT NULL) OR (score > 10))",
                                                        "Estimated Cardinality": "235904"
                                                    },
                                                    "cumulative_cardinality": 39757719,
                                                    "operator_type": "FILTER",
                                                    "operator_cardinality": 30,
                                                    "cumulative_rows_scanned": 37350395,
                                                    "operator_rows_scanned": 0,
                                                    "operator_timing": 0.000157946,
                                                    "result_set_size": 1920,
                                                    "children": [
                                                        {
                                                            "operator_name": "HASH_JOIN",
                                                            "cpu_time": 10.270761177999995,
                                                            "extra_info": {
                                                                "Join Type": "LEFT",
                                                                "Conditions": "id = PostId",
                                                                "Estimated Cardinality": "1179524"
                                                            },
                                                            "cumulative_cardinality": 39757689,
                                                            "operator_type": "HASH_JOIN",
                                                            "operator_cardinality": 2402,
                                                            "cumulative_rows_scanned": 37350395,
                                                            "operator_rows_scanned": 0,
                                                            "operator_timing": 0.08532928200000008,
                                                            "result_set_size": 153728,
                                                            "children": [
                                                                {
                                                                    "operator_name": "HASH_JOIN",
                                                                    "cpu_time": 5.806993956000013,
                                                                    "extra_info": {
                                                                        "Join Type": "RIGHT",
                                                                        "Conditions": "postid = id",
                                                                        "Estimated Cardinality": "1179524"
                                                                    },
                                                                    "cumulative_cardinality": 7596354,
                                                                    "operator_type": "HASH_JOIN",
                                                                    "operator_cardinality": 2402,
                                                                    "cumulative_rows_scanned": 20756186,
                                                                    "operator_rows_scanned": 0,
                                                                    "operator_timing": 0.002789833,
                                                                    "result_set_size": 144120,
                                                                    "children": [
                                                                        {
                                                                            "operator_name": "HASH_GROUP_BY",
                                                                            "cpu_time": 4.937575929000014,
                                                                            "extra_info": {
                                                                                "Groups": "#0",
                                                                                "Aggregates": "count_star()",
                                                                                "Estimated Cardinality": "1179524"
                                                                            },
                                                                            "cumulative_cardinality": 363435,
                                                                            "operator_type": "HASH_GROUP_BY",
                                                                            "operator_cardinality": 120507,
                                                                            "cumulative_rows_scanned": 11795244,
                                                                            "operator_rows_scanned": 0,
                                                                            "operator_timing": 0.04308458899999989,
                                                                            "result_set_size": 1446084,
                                                                            "children": [
                                                                                {
                                                                                    "operator_name": "PROJECTION",
                                                                                    "cpu_time": 4.894491340000013,
                                                                                    "extra_info": {
                                                                                        "Projections": "postid",
                                                                                        "Estimated Cardinality": "2359048"
                                                                                    },
                                                                                    "cumulative_cardinality": 242928,
                                                                                    "operator_type": "PROJECTION",
                                                                                    "operator_cardinality": 121464,
                                                                                    "cumulative_rows_scanned": 11795244,
                                                                                    "operator_rows_scanned": 0,
                                                                                    "operator_timing": 0.001007886000000009,
                                                                                    "result_set_size": 485856,
                                                                                    "children": [
                                                                                        {
                                                                                            "operator_name": "READ_PARQUET ",
                                                                                            "cpu_time": 4.893483454000013,
                                                                                            "extra_info": {
                                                                                                "Function": "READ_PARQUET",
                                                                                                "Projections": [
                                                                                                    "id",
                                                                                                    "postid"
                                                                                                ],
                                                                                                "Filters": "posthistorytypeid=10",
                                                                                                "Estimated Cardinality": "2359048"
                                                                                            },
                                                                                            "cumulative_cardinality": 121464,
                                                                                            "operator_type": "TABLE_SCAN",
                                                                                            "operator_cardinality": 121464,
                                                                                            "cumulative_rows_scanned": 11795244,
                                                                                            "operator_rows_scanned": 11795244,
                                                                                            "operator_timing": 4.893483454000013,
                                                                                            "result_set_size": 971712,
                                                                                            "children": []
                                                                                        }
                                                                                    ]
                                                                                }
                                                                            ]
                                                                        },
                                                                        {
                                                                            "operator_name": "FILTER",
                                                                            "cpu_time": 0.8666281939999996,
                                                                            "extra_info": {
                                                                                "Expression": "((TagCount > 3) OR (viewcount > 100))",
                                                                                "Estimated Cardinality": "154004"
                                                                            },
                                                                            "cumulative_cardinality": 7230517,
                                                                            "operator_type": "FILTER",
                                                                            "operator_cardinality": 2402,
                                                                            "cumulative_rows_scanned": 8960942,
                                                                            "operator_rows_scanned": 0,
                                                                            "operator_timing": 0.0003084670000000001,
                                                                            "result_set_size": 124904,
                                                                            "children": [
                                                                                {
                                                                                    "operator_name": "HASH_JOIN",
                                                                                    "cpu_time": 0.8663197269999996,
                                                                                    "extra_info": {
                                                                                        "Join Type": "LEFT",
                                                                                        "Conditions": "id = id",
                                                                                        "Estimated Cardinality": "770023"
                                                                                    },
                                                                                    "cumulative_cardinality": 7228115,
                                                                                    "operator_type": "HASH_JOIN",
                                                                                    "operator_cardinality": 7614,
                                                                                    "cumulative_rows_scanned": 8960942,
                                                                                    "operator_rows_scanned": 0,
                                                                                    "operator_timing": 0.12265229900000008,
                                                                                    "result_set_size": 395928,
                                                                                    "children": [
                                                                                        {
                                                                                            "operator_name": "HASH_JOIN",
                                                                                            "cpu_time": 0.191480629,
                                                                                            "extra_info": {
                                                                                                "Join Type": "LEFT",
                                                                                                "Conditions": "owneruserid = UserId",
                                                                                                "Estimated Cardinality": "770023"
                                                                                            },
                                                                                            "cumulative_cardinality": 34057,
                                                                                            "operator_type": "HASH_JOIN",
                                                                                            "operator_cardinality": 7614,
                                                                                            "cumulative_rows_scanned": 5110826,
                                                                                            "operator_rows_scanned": 0,
                                                                                            "operator_timing": 0.006078265000000002,
                                                                                            "result_set_size": 335016,
                                                                                            "children": [
                                                                                                {
                                                                                                    "operator_name": "PROJECTION",
                                                                                                    "cpu_time": 0.11353170199999998,
                                                                                                    "extra_info": {
                                                                                                        "Projections": [
                                                                                                            "id",
                                                                                                            "title",
                                                                                                            "owneruserid",
                                                                                                            "viewcount",
                                                                                                            "score"
                                                                                                        ],
                                                                                                        "Estimated Cardinality": "770023"
                                                                                                    },
                                                                                                    "cumulative_cardinality": 15228,
                                                                                                    "operator_type": "PROJECTION",
                                                                                                    "operator_cardinality": 7614,
                                                                                                    "cumulative_rows_scanned": 3850116,
                                                                                                    "operator_rows_scanned": 0,
                                                                                                    "operator_timing": 0.000006873,
                                                                                                    "result_set_size": 243648,
                                                                                                    "children": [
                                                                                                        {
                                                                                                            "operator_name": "READ_PARQUET ",
                                                                                                            "cpu_time": 0.11352482899999998,
                                                                                                            "extra_info": {
                                                                                                                "Function": "READ_PARQUET",
                                                                                                                "Projections": [
                                                                                                                    "id",
                                                                                                                    "score",
                                                                                                                    "viewcount",
                                                                                                                    "owneruserid",
                                                                                                                    "title"
                                                                                                                ],
                                                                                                                "Filters": "creationdate>='2024-09-01 00:00:00'::TIMESTAMP AND creationdate<'2024-09-24 00:00:00'::TIMESTAMP",
                                                                                                                "Estimated Cardinality": "770023"
                                                                                                            },
                                                                                                            "cumulative_cardinality": 7614,
                                                                                                            "operator_type": "TABLE_SCAN",
                                                                                                            "operator_cardinality": 7614,
                                                                                                            "cumulative_rows_scanned": 3850116,
                                                                                                            "operator_rows_scanned": 3850116,
                                                                                                            "operator_timing": 0.11352482899999998,
                                                                                                            "result_set_size": 243648,
                                                                                                            "children": []
                                                                                                        }
                                                                                                    ]
                                                                                                },
                                                                                                {
                                                                                                    "operator_name": "READ_PARQUET ",
                                                                                                    "cpu_time": 0.07187066200000003,
                                                                                                    "extra_info": {
                                                                                                        "Function": "READ_PARQUET",
                                                                                                        "Projections": [
                                                                                                            "id",
                                                                                                            "displayname"
                                                                                                        ],
                                                                                                        "Filters": "reputation>1000",
                                                                                                        "Estimated Cardinality": "252142"
                                                                                                    },
                                                                                                    "cumulative_cardinality": 11215,
                                                                                                    "operator_type": "TABLE_SCAN",
                                                                                                    "operator_cardinality": 11215,
                                                                                                    "cumulative_rows_scanned": 1260710,
                                                                                                    "operator_rows_scanned": 1260710,
                                                                                                    "operator_timing": 0.07187066200000003,
                                                                                                    "result_set_size": 224300,
                                                                                                    "children": []
                                                                                                }
                                                                                            ]
                                                                                        },
                                                                                        {
                                                                                            "operator_name": "PROJECTION",
                                                                                            "cpu_time": 0.5521867989999995,
                                                                                            "extra_info": {
                                                                                                "Projections": [
                                                                                                    "id",
                                                                                                    "TagCount"
                                                                                                ],
                                                                                                "Estimated Cardinality": "770023"
                                                                                            },
                                                                                            "cumulative_cardinality": 7186444,
                                                                                            "operator_type": "PROJECTION",
                                                                                            "operator_cardinality": 1668164,
                                                                                            "cumulative_rows_scanned": 3850116,
                                                                                            "operator_rows_scanned": 0,
                                                                                            "operator_timing": 0.16074246999999994,
                                                                                            "result_set_size": 20017968,
                                                                                            "children": [
                                                                                                {
                                                                                                    "operator_name": "FILTER",
                                                                                                    "cpu_time": 0.39144432899999954,
                                                                                                    "extra_info": {
                                                                                                        "Expression": "(tags IS NOT NULL)",
                                                                                                        "Estimated Cardinality": "770023"
                                                                                                    },
                                                                                                    "cumulative_cardinality": 5518280,
                                                                                                    "operator_type": "FILTER",
                                                                                                    "operator_cardinality": 1668164,
                                                                                                    "cumulative_rows_scanned": 3850116,
                                                                                                    "operator_rows_scanned": 0,
                                                                                                    "operator_timing": 0.04540649100000006,
                                                                                                    "result_set_size": 33363280,
                                                                                                    "children": [
                                                                                                        {
                                                                                                            "operator_name": "READ_PARQUET ",
                                                                                                            "cpu_time": 0.3460378379999995,
                                                                                                            "extra_info": {
                                                                                                                "Function": "READ_PARQUET",
                                                                                                                "Projections": [
                                                                                                                    "id",
                                                                                                                    "tags"
                                                                                                                ],
                                                                                                                "Estimated Cardinality": "3850116"
                                                                                                            },
                                                                                                            "cumulative_cardinality": 3850116,
                                                                                                            "operator_type": "TABLE_SCAN",
                                                                                                            "operator_cardinality": 3850116,
                                                                                                            "cumulative_rows_scanned": 3850116,
                                                                                                            "operator_rows_scanned": 3850116,
                                                                                                            "operator_timing": 0.3460378379999995,
                                                                                                            "result_set_size": 77002320,
                                                                                                            "children": []
                                                                                                        }
                                                                                                    ]
                                                                                                }
                                                                                            ]
                                                                                        }
                                                                                    ]
                                                                                }
                                                                            ]
                                                                        }
                                                                    ]
                                                                },
                                                                {
                                                                    "operator_name": "FILTER",
                                                                    "cpu_time": 4.378437939999983,
                                                                    "extra_info": {
                                                                        "Expression": "(count(id) > 5)",
                                                                        "Estimated Cardinality": "254881"
                                                                    },
                                                                    "cumulative_cardinality": 32158933,
                                                                    "operator_type": "FILTER",
                                                                    "operator_cardinality": 235057,
                                                                    "cumulative_rows_scanned": 16594209,
                                                                    "operator_rows_scanned": 0,
                                                                    "operator_timing": 0.004328049999999992,
                                                                    "result_set_size": 2820684,
                                                                    "children": [
                                                                        {
                                                                            "operator_name": "HASH_GROUP_BY",
                                                                            "cpu_time": 4.374109889999983,
                                                                            "extra_info": {
                                                                                "Groups": "#0",
                                                                                "Aggregates": "count_star()",
                                                                                "Estimated Cardinality": "1274408"
                                                                            },
                                                                            "cumulative_cardinality": 31923876,
                                                                            "operator_type": "HASH_GROUP_BY",
                                                                            "operator_cardinality": 1858887,
                                                                            "cumulative_rows_scanned": 16594209,
                                                                            "operator_rows_scanned": 0,
                                                                            "operator_timing": 0.428336313999999,
                                                                            "result_set_size": 22306644,
                                                                            "children": [
                                                                                {
                                                                                    "operator_name": "PROJECTION",
                                                                                    "cpu_time": 3.9457735759999837,
                                                                                    "extra_info": {
                                                                                        "Projections": "id",
                                                                                        "Estimated Cardinality": "2548817"
                                                                                    },
                                                                                    "cumulative_cardinality": 30064989,
                                                                                    "operator_type": "PROJECTION",
                                                                                    "operator_cardinality": 6483363,
                                                                                    "cumulative_rows_scanned": 16594209,
                                                                                    "operator_rows_scanned": 0,
                                                                                    "operator_timing": 0.0017415319999999933,
                                                                                    "result_set_size": 25933452,
                                                                                    "children": [
                                                                                        {
                                                                                            "operator_name": "HASH_JOIN",
                                                                                            "cpu_time": 3.9440320439999836,
                                                                                            "extra_info": {
                                                                                                "Join Type": "INNER",
                                                                                                "Conditions": "postid = id",
                                                                                                "Estimated Cardinality": "2548817"
                                                                                            },
                                                                                            "cumulative_cardinality": 23581626,
                                                                                            "operator_type": "HASH_JOIN",
                                                                                            "operator_cardinality": 6483363,
                                                                                            "cumulative_rows_scanned": 16594209,
                                                                                            "operator_rows_scanned": 0,
                                                                                            "operator_timing": 0.6551269369999994,
                                                                                            "result_set_size": 77800356,
                                                                                            "children": [
                                                                                                {
                                                                                                    "operator_name": "READ_PARQUET ",
                                                                                                    "cpu_time": 3.139987743999984,
                                                                                                    "extra_info": {
                                                                                                        "Function": "READ_PARQUET",
                                                                                                        "Projections": [
                                                                                                            "id",
                                                                                                            "postid"
                                                                                                        ],
                                                                                                        "Estimated Cardinality": "12744093"
                                                                                                    },
                                                                                                    "cumulative_cardinality": 12743679,
                                                                                                    "operator_type": "TABLE_SCAN",
                                                                                                    "operator_cardinality": 12743679,
                                                                                                    "cumulative_rows_scanned": 12744093,
                                                                                                    "operator_rows_scanned": 12744093,
                                                                                                    "operator_timing": 3.139987743999984,
                                                                                                    "result_set_size": 101949432,
                                                                                                    "children": []
                                                                                                },
                                                                                                {
                                                                                                    "operator_name": "FILTER",
                                                                                                    "cpu_time": 0.14891736300000027,
                                                                                                    "extra_info": {
                                                                                                        "Expression": "(id <= 4978525)",
                                                                                                        "Estimated Cardinality": "770023"
                                                                                                    },
                                                                                                    "cumulative_cardinality": 4354584,
                                                                                                    "operator_type": "FILTER",
                                                                                                    "operator_cardinality": 2177291,
                                                                                                    "cumulative_rows_scanned": 3850116,
                                                                                                    "operator_rows_scanned": 0,
                                                                                                    "operator_timing": 0.006460992000000015,
                                                                                                    "result_set_size": 8709164,
                                                                                                    "children": [
                                                                                                        {
                                                                                                            "operator_name": "READ_PARQUET ",
                                                                                                            "cpu_time": 0.14245637100000025,
                                                                                                            "extra_info": {
                                                                                                                "Function": "READ_PARQUET",
                                                                                                                "Projections": "id",
                                                                                                                "Filters": "posttypeid=2",
                                                                                                                "Estimated Cardinality": "770023"
                                                                                                            },
                                                                                                            "cumulative_cardinality": 2177293,
                                                                                                            "operator_type": "TABLE_SCAN",
                                                                                                            "operator_cardinality": 2177293,
                                                                                                            "cumulative_rows_scanned": 3850116,
                                                                                                            "operator_rows_scanned": 3850116,
                                                                                                            "operator_timing": 0.14245637100000025,
                                                                                                            "result_set_size": 8709172,
                                                                                                            "children": []
                                                                                                        }
                                                                                                    ]
                                                                                                }
                                                                                            ]
                                                                                        }
                                                                                    ]
                                                                                }
                                                                            ]
                                                                        }
                                                                    ]
                                                                }
                                                            ]
                                                        }
                                                    ]
                                                }
                                            ]
                                        }
                                    ]
                                }
                            ]
                        }
                    ]
                }
            ]
        }
    ]
}