{
    "rows_returned": 10,
    "query_name": "SELECT \n    p.Title,\n    p.CreationDate,\n    u.DisplayName AS OwnerDisplayName,\n    COALESCE(p.ViewCount, 0) AS ViewCount,\n    COALESCE(p.AnswerCount, 0) AS AnswerCount\nFROM \n    Posts p\nJOIN \n    Users u ON p.OwnerUserId = u.Id\nWHERE \n    p.PostTypeId = 1 \nORDER BY \n    p.CreationDate DESC\nLIMIT 10;",
    "blocked_thread_time": 0.0,
    "cpu_time": 1.0580633830000001,
    "extra_info": {},
    "cumulative_cardinality": 7706032,
    "cumulative_rows_scanned": 5110826,
    "result_set_size": 480,
    "latency": 1.288895637,
    "children": [
        {
            "operator_name": "STREAMING_LIMIT",
            "cpu_time": 1.0580633830000001,
            "extra_info": {},
            "cumulative_cardinality": 7706032,
            "operator_type": "STREAMING_LIMIT",
            "operator_cardinality": 10,
            "cumulative_rows_scanned": 5110826,
            "operator_rows_scanned": 0,
            "operator_timing": 0.000001793,
            "result_set_size": 480,
            "children": [
                {
                    "operator_name": "PROJECTION",
                    "cpu_time": 1.05806159,
                    "extra_info": {
                        "Projections": [
                            "#0",
                            "#1",
                            "#2",
                            "#3",
                            "__internal_decompress_integral_integer(#4, 0)"
                        ],
                        "Estimated Cardinality": "770023"
                    },
                    "cumulative_cardinality": 7706022,
                    "operator_type": "PROJECTION",
                    "operator_cardinality": 4096,
                    "cumulative_rows_scanned": 5110826,
                    "operator_rows_scanned": 0,
                    "operator_timing": 0.0000069130000000000006,
                    "result_set_size": 196608,
                    "children": [
                        {
                            "operator_name": "ORDER_BY",
                            "cpu_time": 1.058054677,
                            "extra_info": {
                                "Order By": "p.CreationDate DESC"
                            },
                            "cumulative_cardinality": 7701926,
                            "operator_type": "ORDER_BY",
                            "operator_cardinality": 4096,
                            "cumulative_rows_scanned": 5110826,
                            "operator_rows_scanned": 0,
                            "operator_timing": 0.15135688200000008,
                            "result_set_size": 184320,
                            "children": [
                                {
                                    "operator_name": "PROJECTION",
                                    "cpu_time": 0.906697795,
                                    "extra_info": {
                                        "Projections": [
                                            "#0",
                                            "#1",
                                            "#2",
                                            "#3",
                                            "__internal_compress_integral_utinyint(#4, 0)"
                                        ],
                                        "Estimated Cardinality": "770023"
                                    },
                                    "cumulative_cardinality": 7697830,
                                    "operator_type": "PROJECTION",
                                    "operator_cardinality": 1589663,
                                    "cumulative_rows_scanned": 5110826,
                                    "operator_rows_scanned": 0,
                                    "operator_timing": 0.0010124490000000006,
                                    "result_set_size": 71534835,
                                    "children": [
                                        {
                                            "operator_name": "PROJECTION",
                                            "cpu_time": 0.9056853460000001,
                                            "extra_info": {
                                                "Projections": [
                                                    "title",
                                                    "creationdate",
                                                    "OwnerDisplayName",
                                                    "ViewCount",
                                                    "AnswerCount"
                                                ],
                                                "Estimated Cardinality": "770023"
                                            },
                                            "cumulative_cardinality": 6108167,
                                            "operator_type": "PROJECTION",
                                            "operator_cardinality": 1589663,
                                            "cumulative_rows_scanned": 5110826,
                                            "operator_rows_scanned": 0,
                                            "operator_timing": 0.020038772000000024,
                                            "result_set_size": 76303824,
                                            "children": [
                                                {
                                                    "operator_name": "HASH_JOIN",
                                                    "cpu_time": 0.885646574,
                                                    "extra_info": {
                                                        "Join Type": "INNER",
                                                        "Conditions": "id = owneruserid",
                                                        "Estimated Cardinality": "770023"
                                                    },
                                                    "cumulative_cardinality": 4518504,
                                                    "operator_type": "HASH_JOIN",
                                                    "operator_cardinality": 1589663,
                                                    "cumulative_rows_scanned": 5110826,
                                                    "operator_rows_scanned": 0,
                                                    "operator_timing": 0.27392582899999973,
                                                    "result_set_size": 76303824,
                                                    "children": [
                                                        {
                                                            "operator_name": "READ_PARQUET ",
                                                            "cpu_time": 0.09006071300000007,
                                                            "extra_info": {
                                                                "Function": "READ_PARQUET",
                                                                "Projections": [
                                                                    "id",
                                                                    "displayname"
                                                                ],
                                                                "Filters": "id<=1416539",
                                                                "Estimated Cardinality": "1260710"
                                                            },
                                                            "cumulative_cardinality": 1260677,
                                                            "operator_type": "TABLE_SCAN",
                                                            "operator_cardinality": 1260677,
                                                            "cumulative_rows_scanned": 1260710,
                                                            "operator_rows_scanned": 1260710,
                                                            "operator_timing": 0.09006071300000007,
                                                            "result_set_size": 25213540,
                                                            "children": []
                                                        },
                                                        {
                                                            "operator_name": "READ_PARQUET ",
                                                            "cpu_time": 0.5216600320000002,
                                                            "extra_info": {
                                                                "Function": "READ_PARQUET",
                                                                "Projections": [
                                                                    "creationdate",
                                                                    "viewcount",
                                                                    "owneruserid",
                                                                    "title",
                                                                    "answercount"
                                                                ],
                                                                "Filters": "posttypeid=1",
                                                                "Estimated Cardinality": "770023"
                                                            },
                                                            "cumulative_cardinality": 1668164,
                                                            "operator_type": "TABLE_SCAN",
                                                            "operator_cardinality": 1668164,
                                                            "cumulative_rows_scanned": 3850116,
                                                            "operator_rows_scanned": 3850116,
                                                            "operator_timing": 0.5216600320000002,
                                                            "result_set_size": 60053904,
                                                            "children": []
                                                        }
                                                    ]
                                                }
                                            ]
                                        }
                                    ]
                                }
                            ]
                        }
                    ]
                }
            ]
        }
    ]
}