{
    "rows_returned": 10,
    "query_name": "SELECT \n    p.Title,\n    u.DisplayName AS Owner,\n    p.CreationDate,\n    p.Score,\n    (SELECT COUNT(*) FROM Comments c WHERE c.PostId = p.Id) AS CommentCount\nFROM \n    Posts p\nJOIN \n    Users u ON p.OwnerUserId = u.Id\nWHERE \n    p.PostTypeId = 1 \nORDER BY \n    p.CreationDate DESC\nLIMIT 10;",
    "blocked_thread_time": 0.0,
    "cpu_time": 2.021494975000001,
    "extra_info": {},
    "cumulative_cardinality": 37504938,
    "cumulative_rows_scanned": 12352648,
    "result_set_size": 520,
    "latency": 2.373153346,
    "children": [
        {
            "operator_name": "STREAMING_LIMIT",
            "cpu_time": 2.021494975000001,
            "extra_info": {},
            "cumulative_cardinality": 37504938,
            "operator_type": "STREAMING_LIMIT",
            "operator_cardinality": 10,
            "cumulative_rows_scanned": 12352648,
            "operator_rows_scanned": 0,
            "operator_timing": 0.0000022240000000000002,
            "result_set_size": 520,
            "children": [
                {
                    "operator_name": "PROJECTION",
                    "cpu_time": 2.0214927510000007,
                    "extra_info": {
                        "Projections": [
                            "#0",
                            "#1",
                            "#2",
                            "__internal_decompress_integral_integer(#3, -72)",
                            "#4"
                        ],
                        "Estimated Cardinality": "770023"
                    },
                    "cumulative_cardinality": 37504928,
                    "operator_type": "PROJECTION",
                    "operator_cardinality": 4096,
                    "cumulative_rows_scanned": 12352648,
                    "operator_rows_scanned": 0,
                    "operator_timing": 0.000007194,
                    "result_set_size": 212992,
                    "children": [
                        {
                            "operator_name": "ORDER_BY",
                            "cpu_time": 2.0214855570000005,
                            "extra_info": {
                                "Order By": "p.CreationDate DESC"
                            },
                            "cumulative_cardinality": 37500832,
                            "operator_type": "ORDER_BY",
                            "operator_cardinality": 4096,
                            "cumulative_rows_scanned": 12352648,
                            "operator_rows_scanned": 0,
                            "operator_timing": 0.09476171999999992,
                            "result_set_size": 204800,
                            "children": [
                                {
                                    "operator_name": "PROJECTION",
                                    "cpu_time": 1.9267238370000006,
                                    "extra_info": {
                                        "Projections": [
                                            "#0",
                                            "#1",
                                            "#2",
                                            "__internal_compress_integral_usmallint(#3, -72)",
                                            "#4"
                                        ],
                                        "Estimated Cardinality": "770023"
                                    },
                                    "cumulative_cardinality": 37496736,
                                    "operator_type": "PROJECTION",
                                    "operator_cardinality": 1589663,
                                    "cumulative_rows_scanned": 12352648,
                                    "operator_rows_scanned": 0,
                                    "operator_timing": 0.0012183219999999995,
                                    "result_set_size": 79483150,
                                    "children": [
                                        {
                                            "operator_name": "PROJECTION",
                                            "cpu_time": 1.9255055150000007,
                                            "extra_info": {
                                                "Projections": [
                                                    "title",
                                                    "Owner",
                                                    "creationdate",
                                                    "score",
                                                    "CommentCount"
                                                ],
                                                "Estimated Cardinality": "770023"
                                            },
                                            "cumulative_cardinality": 35907073,
                                            "operator_type": "PROJECTION",
                                            "operator_cardinality": 1589663,
                                            "cumulative_rows_scanned": 12352648,
                                            "operator_rows_scanned": 0,
                                            "operator_timing": 0.0003032439999999992,
                                            "result_set_size": 82662476,
                                            "children": [
                                                {
                                                    "operator_name": "LEFT_DELIM_JOIN",
                                                    "cpu_time": 1.9252022710000007,
                                                    "extra_info": {
                                                        "Join Type": "SINGLE",
                                                        "Conditions": "id IS NOT DISTINCT FROM id",
                                                        "Estimated Cardinality": "770023",
                                                        "Delim Index": "1"
                                                    },
                                                    "cumulative_cardinality": 34317410,
                                                    "operator_type": "LEFT_DELIM_JOIN",
                                                    "operator_cardinality": 0,
                                                    "cumulative_rows_scanned": 12352648,
                                                    "operator_rows_scanned": 0,
                                                    "operator_timing": 0.19445029500000022,
                                                    "result_set_size": 0,
                                                    "children": [
                                                        {
                                                            "operator_name": "HASH_JOIN",
                                                            "cpu_time": 0.8929700729999994,
                                                            "extra_info": {
                                                                "Join Type": "INNER",
                                                                "Conditions": "id = owneruserid",
                                                                "Estimated Cardinality": "770023"
                                                            },
                                                            "cumulative_cardinality": 4518504,
                                                            "operator_type": "HASH_JOIN",
                                                            "operator_cardinality": 1589663,
                                                            "cumulative_rows_scanned": 5110826,
                                                            "operator_rows_scanned": 0,
                                                            "operator_timing": 0.2973120840000001,
                                                            "result_set_size": 76303824,
                                                            "children": [
                                                                {
                                                                    "operator_name": "READ_PARQUET ",
                                                                    "cpu_time": 0.09191831399999988,
                                                                    "extra_info": {
                                                                        "Function": "READ_PARQUET",
                                                                        "Projections": [
                                                                            "id",
                                                                            "displayname"
                                                                        ],
                                                                        "Filters": "id<=1416539",
                                                                        "Estimated Cardinality": "1260710"
                                                                    },
                                                                    "cumulative_cardinality": 1260677,
                                                                    "operator_type": "TABLE_SCAN",
                                                                    "operator_cardinality": 1260677,
                                                                    "cumulative_rows_scanned": 1260710,
                                                                    "operator_rows_scanned": 1260710,
                                                                    "operator_timing": 0.09191831399999988,
                                                                    "result_set_size": 25213540,
                                                                    "children": []
                                                                },
                                                                {
                                                                    "operator_name": "READ_PARQUET ",
                                                                    "cpu_time": 0.5037396749999994,
                                                                    "extra_info": {
                                                                        "Function": "READ_PARQUET",
                                                                        "Projections": [
                                                                            "id",
                                                                            "creationdate",
                                                                            "score",
                                                                            "owneruserid",
                                                                            "title"
                                                                        ],
                                                                        "Filters": "posttypeid=1",
                                                                        "Estimated Cardinality": "770023"
                                                                    },
                                                                    "cumulative_cardinality": 1668164,
                                                                    "operator_type": "TABLE_SCAN",
                                                                    "operator_cardinality": 1668164,
                                                                    "cumulative_rows_scanned": 3850116,
                                                                    "operator_rows_scanned": 3850116,
                                                                    "operator_timing": 0.5037396749999994,
                                                                    "result_set_size": 60053904,
                                                                    "children": []
                                                                }
                                                            ]
                                                        },
                                                        {
                                                            "operator_name": "HASH_JOIN",
                                                            "cpu_time": 0.826564944000001,
                                                            "extra_info": {
                                                                "Join Type": "SINGLE",
                                                                "Conditions": "id IS NOT DISTINCT FROM id",
                                                                "Estimated Cardinality": "770023"
                                                            },
                                                            "cumulative_cardinality": 26619580,
                                                            "operator_type": "HASH_JOIN",
                                                            "operator_cardinality": 1589663,
                                                            "cumulative_rows_scanned": 7241822,
                                                            "operator_rows_scanned": 0,
                                                            "operator_timing": 0.1643201159999999,
                                                            "result_set_size": 82662476,
                                                            "children": [
                                                                {
                                                                    "operator_name": "COLUMN_DATA_SCAN",
                                                                    "cpu_time": 0.012695947000000003,
                                                                    "extra_info": {
                                                                        "Estimated Cardinality": "770023"
                                                                    },
                                                                    "cumulative_cardinality": 1589663,
                                                                    "operator_type": "COLUMN_DATA_SCAN",
                                                                    "operator_cardinality": 1589663,
                                                                    "cumulative_rows_scanned": 0,
                                                                    "operator_rows_scanned": 0,
                                                                    "operator_timing": 0.012695947000000003,
                                                                    "result_set_size": 76303824,
                                                                    "children": []
                                                                },
                                                                {
                                                                    "operator_name": "PROJECTION",
                                                                    "cpu_time": 0.6495488810000011,
                                                                    "extra_info": {
                                                                        "Projections": [
                                                                            "CASE  WHEN ((count_star() IS NULL)) THEN (0) ELSE count_star() END",
                                                                            "id"
                                                                        ],
                                                                        "Estimated Cardinality": "385011"
                                                                    },
                                                                    "cumulative_cardinality": 23440254,
                                                                    "operator_type": "PROJECTION",
                                                                    "operator_cardinality": 1589663,
                                                                    "cumulative_rows_scanned": 7241822,
                                                                    "operator_rows_scanned": 0,
                                                                    "operator_timing": 0.0025531400000000006,
                                                                    "result_set_size": 19075956,
                                                                    "children": [
                                                                        {
                                                                            "operator_name": "HASH_JOIN",
                                                                            "cpu_time": 0.6469957410000011,
                                                                            "extra_info": {
                                                                                "Join Type": "RIGHT",
                                                                                "Conditions": "#0 IS NOT DISTINCT FROM id",
                                                                                "Estimated Cardinality": "385011"
                                                                            },
                                                                            "cumulative_cardinality": 21850591,
                                                                            "operator_type": "HASH_JOIN",
                                                                            "operator_cardinality": 1589663,
                                                                            "cumulative_rows_scanned": 7241822,
                                                                            "operator_rows_scanned": 0,
                                                                            "operator_timing": 0.12684248000000012,
                                                                            "result_set_size": 19075956,
                                                                            "children": [
                                                                                {
                                                                                    "operator_name": "HASH_GROUP_BY",
                                                                                    "cpu_time": 0.520153261000001,
                                                                                    "extra_info": {
                                                                                        "Groups": "#0",
                                                                                        "Aggregates": "count_star()",
                                                                                        "Estimated Cardinality": "362090"
                                                                                    },
                                                                                    "cumulative_cardinality": 20260928,
                                                                                    "operator_type": "HASH_GROUP_BY",
                                                                                    "operator_cardinality": 1110063,
                                                                                    "cumulative_rows_scanned": 7241822,
                                                                                    "operator_rows_scanned": 0,
                                                                                    "operator_timing": 0.13064276799999963,
                                                                                    "result_set_size": 13320756,
                                                                                    "children": [
                                                                                        {
                                                                                            "operator_name": "PROJECTION",
                                                                                            "cpu_time": 0.38951049300000146,
                                                                                            "extra_info": {
                                                                                                "Projections": "id",
                                                                                                "Estimated Cardinality": "724181"
                                                                                            },
                                                                                            "cumulative_cardinality": 19150865,
                                                                                            "operator_type": "PROJECTION",
                                                                                            "operator_cardinality": 3969681,
                                                                                            "cumulative_rows_scanned": 7241822,
                                                                                            "operator_rows_scanned": 0,
                                                                                            "operator_timing": 0.0004601729999999853,
                                                                                            "result_set_size": 15878724,
                                                                                            "children": [
                                                                                                {
                                                                                                    "operator_name": "PROJECTION",
                                                                                                    "cpu_time": 0.38905032000000145,
                                                                                                    "extra_info": {
                                                                                                        "Projections": "id",
                                                                                                        "Estimated Cardinality": "724181"
                                                                                                    },
                                                                                                    "cumulative_cardinality": 15181184,
                                                                                                    "operator_type": "PROJECTION",
                                                                                                    "operator_cardinality": 3969681,
                                                                                                    "cumulative_rows_scanned": 7241822,
                                                                                                    "operator_rows_scanned": 0,
                                                                                                    "operator_timing": 0.000539566999999998,
                                                                                                    "result_set_size": 15878724,
                                                                                                    "children": [
                                                                                                        {
                                                                                                            "operator_name": "HASH_JOIN",
                                                                                                            "cpu_time": 0.38851075300000143,
                                                                                                            "extra_info": {
                                                                                                                "Join Type": "INNER",
                                                                                                                "Conditions": "postid = id",
                                                                                                                "Estimated Cardinality": "724181"
                                                                                                            },
                                                                                                            "cumulative_cardinality": 11211503,
                                                                                                            "operator_type": "HASH_JOIN",
                                                                                                            "operator_cardinality": 3969681,
                                                                                                            "cumulative_rows_scanned": 7241822,
                                                                                                            "operator_rows_scanned": 0,
                                                                                                            "operator_timing": 0.29584207400000123,
                                                                                                            "result_set_size": 31757448,
                                                                                                            "children": [
                                                                                                                {
                                                                                                                    "operator_name": "READ_PARQUET ",
                                                                                                                    "cpu_time": 0.09266867900000018,
                                                                                                                    "extra_info": {
                                                                                                                        "Function": "READ_PARQUET",
                                                                                                                        "Projections": "postid",
                                                                                                                        "Estimated Cardinality": "7241822"
                                                                                                                    },
                                                                                                                    "cumulative_cardinality": 7241822,
                                                                                                                    "operator_type": "TABLE_SCAN",
                                                                                                                    "operator_cardinality": 7241822,
                                                                                                                    "cumulative_rows_scanned": 7241822,
                                                                                                                    "operator_rows_scanned": 7241822,
                                                                                                                    "operator_timing": 0.09266867900000018,
                                                                                                                    "result_set_size": 28967288,
                                                                                                                    "children": []
                                                                                                                },
                                                                                                                {
                                                                                                                    "operator_name": "DELIM_SCAN",
                                                                                                                    "cpu_time": 0.0,
                                                                                                                    "extra_info": {
                                                                                                                        "Delim Index": "1",
                                                                                                                        "Estimated Cardinality": "385011"
                                                                                                                    },
                                                                                                                    "cumulative_cardinality": 0,
                                                                                                                    "operator_type": "DELIM_SCAN",
                                                                                                                    "operator_cardinality": 0,
                                                                                                                    "cumulative_rows_scanned": 0,
                                                                                                                    "operator_rows_scanned": 0,
                                                                                                                    "operator_timing": 0.0,
                                                                                                                    "result_set_size": 0,
                                                                                                                    "children": []
                                                                                                                }
                                                                                                            ]
                                                                                                        }
                                                                                                    ]
                                                                                                }
                                                                                            ]
                                                                                        }
                                                                                    ]
                                                                                },
                                                                                {
                                                                                    "operator_name": "DELIM_SCAN",
                                                                                    "cpu_time": 0.0,
                                                                                    "extra_info": {
                                                                                        "Delim Index": "1",
                                                                                        "Estimated Cardinality": "385011"
                                                                                    },
                                                                                    "cumulative_cardinality": 0,
                                                                                    "operator_type": "DELIM_SCAN",
                                                                                    "operator_cardinality": 0,
                                                                                    "cumulative_rows_scanned": 0,
                                                                                    "operator_rows_scanned": 0,
                                                                                    "operator_timing": 0.0,
                                                                                    "result_set_size": 0,
                                                                                    "children": []
                                                                                }
                                                                            ]
                                                                        }
                                                                    ]
                                                                }
                                                            ]
                                                        },
                                                        {
                                                            "operator_name": "HASH_GROUP_BY",
                                                            "cpu_time": 0.011216958999999992,
                                                            "extra_info": {
                                                                "Groups": "#1",
                                                                "Aggregates": "",
                                                                "Estimated Cardinality": "770023"
                                                            },
                                                            "cumulative_cardinality": 3179326,
                                                            "operator_type": "HASH_GROUP_BY",
                                                            "operator_cardinality": 3179326,
                                                            "cumulative_rows_scanned": 0,
                                                            "operator_rows_scanned": 0,
                                                            "operator_timing": 0.011216958999999992,
                                                            "result_set_size": 12717304,
                                                            "children": []
                                                        }
                                                    ]
                                                }
                                            ]
                                        }
                                    ]
                                }
                            ]
                        }
                    ]
                }
            ]
        }
    ]
}