{
    "rows_returned": 10,
    "query_name": "WITH UserVoteSummary AS (\n    SELECT \n        U.Id AS UserId,\n        U.DisplayName,\n        SUM(CASE WHEN V.VoteTypeId = 2 THEN 1 ELSE 0 END) AS Upvotes,\n        SUM(CASE WHEN V.VoteTypeId = 3 THEN 1 ELSE 0 END) AS Downvotes,\n        COUNT(DISTINCT P.Id) AS TotalPosts,\n        AVG(P.Score) AS AvgScore\n    FROM Users U\n    LEFT JOIN Votes V ON U.Id = V.UserId\n    LEFT JOIN Posts P ON V.PostId = P.Id\n    GROUP BY U.Id, U.DisplayName\n),\n\nPostClosureSummary AS (\n    SELECT \n        PH.PostId,\n        COUNT(PH.Id) AS ClosureCount,\n        STRING_AGG(CASE \n            WHEN PH.PostHistoryTypeId IN (10, 11) THEN 'Closed'\n            ELSE 'Reopened'\n        END, ', ') AS ClosureHistory\n    FROM PostHistory PH\n    WHERE PH.PostHistoryTypeId IN (10, 11)\n    GROUP BY PH.PostId\n)\n\nSELECT \n    U.DisplayName,\n    UV.Upvotes,\n    UV.Downvotes,\n    UV.TotalPosts,\n    UV.AvgScore,\n    COALESCE(PCS.ClosureCount, 0) AS ClosureCount,\n    COALESCE(PCS.ClosureHistory, 'No Closure History') AS ClosureHistory\nFROM UserVoteSummary UV\nJOIN Users U ON UV.UserId = U.Id\nLEFT JOIN PostClosureSummary PCS ON PCS.PostId = U.Id\nWHERE UV.TotalPosts > 5\nORDER BY UV.AvgScore DESC, UV.Upvotes - UV.Downvotes DESC\nLIMIT 10;\n",
    "blocked_thread_time": 0.0,
    "cpu_time": 5.315742224999984,
    "extra_info": {},
    "cumulative_cardinality": 16964777,
    "cumulative_rows_scanned": 30910873,
    "result_set_size": 880,
    "latency": 6.015863983,
    "children": [
        {
            "operator_name": "PROJECTION",
            "cpu_time": 5.315742224999984,
            "extra_info": {
                "Projections": [
                    "#0",
                    "#1",
                    "#2",
                    "#3",
                    "#4",
                    "#5",
                    "#6"
                ],
                "Estimated Cardinality": "10"
            },
            "cumulative_cardinality": 16964777,
            "operator_type": "PROJECTION",
            "operator_cardinality": 10,
            "cumulative_rows_scanned": 30910873,
            "operator_rows_scanned": 0,
            "operator_timing": 5.71e-7,
            "result_set_size": 880,
            "children": [
                {
                    "operator_name": "STREAMING_LIMIT",
                    "cpu_time": 5.315741653999984,
                    "extra_info": {},
                    "cumulative_cardinality": 16964767,
                    "operator_type": "STREAMING_LIMIT",
                    "operator_cardinality": 10,
                    "cumulative_rows_scanned": 30910873,
                    "operator_rows_scanned": 0,
                    "operator_timing": 0.000001312,
                    "result_set_size": 1040,
                    "children": [
                        {
                            "operator_name": "ORDER_BY",
                            "cpu_time": 5.315740341999984,
                            "extra_info": {
                                "Order By": [
                                    "UV.AvgScore DESC",
                                    "#7 DESC"
                                ]
                            },
                            "cumulative_cardinality": 16964757,
                            "operator_type": "ORDER_BY",
                            "operator_cardinality": 1174,
                            "cumulative_rows_scanned": 30910873,
                            "operator_rows_scanned": 0,
                            "operator_timing": 0.00025136,
                            "result_set_size": 122096,
                            "children": [
                                {
                                    "operator_name": "PROJECTION",
                                    "cpu_time": 5.315488981999984,
                                    "extra_info": {
                                        "Projections": [
                                            "displayname",
                                            "Upvotes",
                                            "Downvotes",
                                            "TotalPosts",
                                            "AvgScore",
                                            "ClosureCount",
                                            "ClosureHistory",
                                            "(Upvotes - Downvotes)"
                                        ],
                                        "Estimated Cardinality": "1179524"
                                    },
                                    "cumulative_cardinality": 16963583,
                                    "operator_type": "PROJECTION",
                                    "operator_cardinality": 1174,
                                    "cumulative_rows_scanned": 30910873,
                                    "operator_rows_scanned": 0,
                                    "operator_timing": 0.000073016,
                                    "result_set_size": 122096,
                                    "children": [
                                        {
                                            "operator_name": "HASH_JOIN",
                                            "cpu_time": 5.315415965999984,
                                            "extra_info": {
                                                "Join Type": "RIGHT",
                                                "Conditions": "postid = id",
                                                "Estimated Cardinality": "1179524"
                                            },
                                            "cumulative_cardinality": 16962409,
                                            "operator_type": "HASH_JOIN",
                                            "operator_cardinality": 1174,
                                            "cumulative_rows_scanned": 30910873,
                                            "operator_rows_scanned": 0,
                                            "operator_timing": 0.001356763,
                                            "result_set_size": 103312,
                                            "children": [
                                                {
                                                    "operator_name": "HASH_GROUP_BY",
                                                    "cpu_time": 0.3356214420000007,
                                                    "extra_info": {
                                                        "Groups": "#0",
                                                        "Aggregates": [
                                                            "count_star()",
                                                            "string_agg(#1)"
                                                        ],
                                                        "Estimated Cardinality": "1179524"
                                                    },
                                                    "cumulative_cardinality": 383455,
                                                    "operator_type": "HASH_GROUP_BY",
                                                    "operator_cardinality": 120507,
                                                    "cumulative_rows_scanned": 11795244,
                                                    "operator_rows_scanned": 0,
                                                    "operator_timing": 0.024604829999999953,
                                                    "result_set_size": 3374196,
                                                    "children": [
                                                        {
                                                            "operator_name": "PROJECTION",
                                                            "cpu_time": 0.31101661200000075,
                                                            "extra_info": {
                                                                "Projections": [
                                                                    "postid",
                                                                    "CASE  WHEN ((posthistorytypeid IN (10, 11))) THEN ('Closed') ELSE 'Reopened' END"
                                                                ],
                                                                "Estimated Cardinality": "2359048"
                                                            },
                                                            "cumulative_cardinality": 262948,
                                                            "operator_type": "PROJECTION",
                                                            "operator_cardinality": 131474,
                                                            "cumulative_rows_scanned": 11795244,
                                                            "operator_rows_scanned": 0,
                                                            "operator_timing": 0.024950968999999865,
                                                            "result_set_size": 2629480,
                                                            "children": [
                                                                {
                                                                    "operator_name": "READ_PARQUET ",
                                                                    "cpu_time": 0.28606564300000087,
                                                                    "extra_info": {
                                                                        "Function": "READ_PARQUET",
                                                                        "Projections": [
                                                                            "id",
                                                                            "posthistorytypeid",
                                                                            "postid"
                                                                        ],
                                                                        "Filters": "posthistorytypeid>=10 AND posthistorytypeid<=11",
                                                                        "Estimated Cardinality": "2359048"
                                                                    },
                                                                    "cumulative_cardinality": 131474,
                                                                    "operator_type": "TABLE_SCAN",
                                                                    "operator_cardinality": 131474,
                                                                    "cumulative_rows_scanned": 11795244,
                                                                    "operator_rows_scanned": 11795244,
                                                                    "operator_timing": 0.28606564300000087,
                                                                    "result_set_size": 1314740,
                                                                    "children": []
                                                                }
                                                            ]
                                                        }
                                                    ]
                                                },
                                                {
                                                    "operator_name": "HASH_JOIN",
                                                    "cpu_time": 4.9784377609999835,
                                                    "extra_info": {
                                                        "Join Type": "INNER",
                                                        "Conditions": "id = UserId",
                                                        "Estimated Cardinality": "252142"
                                                    },
                                                    "cumulative_cardinality": 16577780,
                                                    "operator_type": "HASH_JOIN",
                                                    "operator_cardinality": 1174,
                                                    "cumulative_rows_scanned": 19115629,
                                                    "operator_rows_scanned": 0,
                                                    "operator_timing": 0.015390943999999969,
                                                    "result_set_size": 79832,
                                                    "children": [
                                                        {
                                                            "operator_name": "READ_PARQUET ",
                                                            "cpu_time": 0.1274228949999999,
                                                            "extra_info": {
                                                                "Function": "READ_PARQUET",
                                                                "Projections": [
                                                                    "id",
                                                                    "displayname"
                                                                ],
                                                                "Estimated Cardinality": "1260710"
                                                            },
                                                            "cumulative_cardinality": 1156899,
                                                            "operator_type": "TABLE_SCAN",
                                                            "operator_cardinality": 1156899,
                                                            "cumulative_rows_scanned": 1260710,
                                                            "operator_rows_scanned": 1260710,
                                                            "operator_timing": 0.1274228949999999,
                                                            "result_set_size": 23137980,
                                                            "children": []
                                                        },
                                                        {
                                                            "operator_name": "PROJECTION",
                                                            "cpu_time": 4.835623921999984,
                                                            "extra_info": {
                                                                "Projections": [
                                                                    "#0",
                                                                    "#2",
                                                                    "#3",
                                                                    "#4",
                                                                    "#5"
                                                                ],
                                                                "Estimated Cardinality": "252142"
                                                            },
                                                            "cumulative_cardinality": 15419707,
                                                            "operator_type": "PROJECTION",
                                                            "operator_cardinality": 1174,
                                                            "cumulative_rows_scanned": 17854919,
                                                            "operator_rows_scanned": 0,
                                                            "operator_timing": 0.000007724000000000001,
                                                            "result_set_size": 61048,
                                                            "children": [
                                                                {
                                                                    "operator_name": "FILTER",
                                                                    "cpu_time": 4.835616197999984,
                                                                    "extra_info": {
                                                                        "Expression": "(TotalPosts > 5)",
                                                                        "Estimated Cardinality": "252142"
                                                                    },
                                                                    "cumulative_cardinality": 15418533,
                                                                    "operator_type": "FILTER",
                                                                    "operator_cardinality": 1174,
                                                                    "cumulative_rows_scanned": 17854919,
                                                                    "operator_rows_scanned": 0,
                                                                    "operator_timing": 0.003579534000000004,
                                                                    "result_set_size": 79832,
                                                                    "children": [
                                                                        {
                                                                            "operator_name": "HASH_GROUP_BY",
                                                                            "cpu_time": 4.832036663999984,
                                                                            "extra_info": {
                                                                                "Groups": [
                                                                                    "#0",
                                                                                    "#1"
                                                                                ],
                                                                                "Aggregates": [
                                                                                    "sum(#2)",
                                                                                    "sum(#3)",
                                                                                    "count(DISTINCT #4)",
                                                                                    "avg(#5)"
                                                                                ],
                                                                                "Estimated Cardinality": "1260710"
                                                                            },
                                                                            "cumulative_cardinality": 15417359,
                                                                            "operator_type": "HASH_GROUP_BY",
                                                                            "operator_cardinality": 1260710,
                                                                            "cumulative_rows_scanned": 17854919,
                                                                            "operator_rows_scanned": 0,
                                                                            "operator_timing": 0.9569070420000007,
                                                                            "result_set_size": 85728280,
                                                                            "children": [
                                                                                {
                                                                                    "operator_name": "PROJECTION",
                                                                                    "cpu_time": 3.875129621999984,
                                                                                    "extra_info": {
                                                                                        "Projections": [
                                                                                            "id",
                                                                                            "displayname",
                                                                                            "CASE  WHEN ((votetypeid = 2)) THEN (1) ELSE 0 END",
                                                                                            "CASE  WHEN ((votetypeid = 3)) THEN (1) ELSE 0 END",
                                                                                            "id",
                                                                                            "score"
                                                                                        ],
                                                                                        "Estimated Cardinality": "12744093"
                                                                                    },
                                                                                    "cumulative_cardinality": 14156649,
                                                                                    "operator_type": "PROJECTION",
                                                                                    "operator_cardinality": 1288855,
                                                                                    "cumulative_rows_scanned": 17854919,
                                                                                    "operator_rows_scanned": 0,
                                                                                    "operator_timing": 0.005010497999999992,
                                                                                    "result_set_size": 46398780,
                                                                                    "children": [
                                                                                        {
                                                                                            "operator_name": "PROJECTION",
                                                                                            "cpu_time": 3.870119123999984,
                                                                                            "extra_info": {
                                                                                                "Projections": [
                                                                                                    "#1",
                                                                                                    "#2",
                                                                                                    "#0",
                                                                                                    "#3",
                                                                                                    "__internal_decompress_integral_integer(#4, -72)"
                                                                                                ],
                                                                                                "Estimated Cardinality": "12744093"
                                                                                            },
                                                                                            "cumulative_cardinality": 12867794,
                                                                                            "operator_type": "PROJECTION",
                                                                                            "operator_cardinality": 1288855,
                                                                                            "cumulative_rows_scanned": 17854919,
                                                                                            "operator_rows_scanned": 0,
                                                                                            "operator_timing": 0.0018810489999999994,
                                                                                            "result_set_size": 38665650,
                                                                                            "children": [
                                                                                                {
                                                                                                    "operator_name": "HASH_JOIN",
                                                                                                    "cpu_time": 3.868238074999984,
                                                                                                    "extra_info": {
                                                                                                        "Join Type": "LEFT",
                                                                                                        "Conditions": "postid = id",
                                                                                                        "Estimated Cardinality": "12744093"
                                                                                                    },
                                                                                                    "cumulative_cardinality": 11578939,
                                                                                                    "operator_type": "HASH_JOIN",
                                                                                                    "operator_cardinality": 1288855,
                                                                                                    "cumulative_rows_scanned": 17854919,
                                                                                                    "operator_rows_scanned": 0,
                                                                                                    "operator_timing": 0.2130450839999999,
                                                                                                    "result_set_size": 36087940,
                                                                                                    "children": [
                                                                                                        {
                                                                                                            "operator_name": "HASH_JOIN",
                                                                                                            "cpu_time": 3.614471136999984,
                                                                                                            "extra_info": {
                                                                                                                "Join Type": "RIGHT",
                                                                                                                "Conditions": "userid = id",
                                                                                                                "Estimated Cardinality": "12744093"
                                                                                                            },
                                                                                                            "cumulative_cardinality": 2589852,
                                                                                                            "operator_type": "HASH_JOIN",
                                                                                                            "operator_cardinality": 1288855,
                                                                                                            "cumulative_rows_scanned": 14004803,
                                                                                                            "operator_rows_scanned": 0,
                                                                                                            "operator_timing": 0.15148485400000045,
                                                                                                            "result_set_size": 33510230,
                                                                                                            "children": [
                                                                                                                {
                                                                                                                    "operator_name": "READ_PARQUET ",
                                                                                                                    "cpu_time": 3.3846143929999832,
                                                                                                                    "extra_info": {
                                                                                                                        "Function": "READ_PARQUET",
                                                                                                                        "Projections": [
                                                                                                                            "postid",
                                                                                                                            "votetypeid",
                                                                                                                            "userid"
                                                                                                                        ],
                                                                                                                        "Estimated Cardinality": "12744093"
                                                                                                                    },
                                                                                                                    "cumulative_cardinality": 40287,
                                                                                                                    "operator_type": "TABLE_SCAN",
                                                                                                                    "operator_cardinality": 40287,
                                                                                                                    "cumulative_rows_scanned": 12744093,
                                                                                                                    "operator_rows_scanned": 12744093,
                                                                                                                    "operator_timing": 3.3846143929999832,
                                                                                                                    "result_set_size": 402870,
                                                                                                                    "children": []
                                                                                                                },
                                                                                                                {
                                                                                                                    "operator_name": "READ_PARQUET ",
                                                                                                                    "cpu_time": 0.07837189000000003,
                                                                                                                    "extra_info": {
                                                                                                                        "Function": "READ_PARQUET",
                                                                                                                        "Projections": [
                                                                                                                            "id",
                                                                                                                            "displayname"
                                                                                                                        ],
                                                                                                                        "Estimated Cardinality": "1260710"
                                                                                                                    },
                                                                                                                    "cumulative_cardinality": 1260710,
                                                                                                                    "operator_type": "TABLE_SCAN",
                                                                                                                    "operator_cardinality": 1260710,
                                                                                                                    "cumulative_rows_scanned": 1260710,
                                                                                                                    "operator_rows_scanned": 1260710,
                                                                                                                    "operator_timing": 0.07837189000000003,
                                                                                                                    "result_set_size": 25214200,
                                                                                                                    "children": []
                                                                                                                }
                                                                                                            ]
                                                                                                        },
                                                                                                        {
                                                                                                            "operator_name": "PROJECTION",
                                                                                                            "cpu_time": 0.04072185399999998,
                                                                                                            "extra_info": {
                                                                                                                "Projections": [
                                                                                                                    "#0",
                                                                                                                    "__internal_compress_integral_usmallint(#1, -72)"
                                                                                                                ],
                                                                                                                "Estimated Cardinality": "3850116"
                                                                                                            },
                                                                                                            "cumulative_cardinality": 7700232,
                                                                                                            "operator_type": "PROJECTION",
                                                                                                            "operator_cardinality": 3850116,
                                                                                                            "cumulative_rows_scanned": 3850116,
                                                                                                            "operator_rows_scanned": 0,
                                                                                                            "operator_timing": 0.0011761270000000001,
                                                                                                            "result_set_size": 23100696,
                                                                                                            "children": [
                                                                                                                {
                                                                                                                    "operator_name": "READ_PARQUET ",
                                                                                                                    "cpu_time": 0.03954572699999998,
                                                                                                                    "extra_info": {
                                                                                                                        "Function": "READ_PARQUET",
                                                                                                                        "Projections": [
                                                                                                                            "id",
                                                                                                                            "score"
                                                                                                                        ],
                                                                                                                        "Estimated Cardinality": "3850116"
                                                                                                                    },
                                                                                                                    "cumulative_cardinality": 3850116,
                                                                                                                    "operator_type": "TABLE_SCAN",
                                                                                                                    "operator_cardinality": 3850116,
                                                                                                                    "cumulative_rows_scanned": 3850116,
                                                                                                                    "operator_rows_scanned": 3850116,
                                                                                                                    "operator_timing": 0.03954572699999998,
                                                                                                                    "result_set_size": 30800928,
                                                                                                                    "children": []
                                                                                                                }
                                                                                                            ]
                                                                                                        }
                                                                                                    ]
                                                                                                }
                                                                                            ]
                                                                                        }
                                                                                    ]
                                                                                }
                                                                            ]
                                                                        }
                                                                    ]
                                                                }
                                                            ]
                                                        }
                                                    ]
                                                }
                                            ]
                                        }
                                    ]
                                }
                            ]
                        }
                    ]
                }
            ]
        }
    ]
}