{
    "rows_returned": 10,
    "query_name": "SELECT \n    U.DisplayName, \n    COUNT(P.Id) AS PostCount, \n    SUM(COALESCE(P.Score, 0)) AS TotalScore \nFROM \n    Users U \nLEFT JOIN \n    Posts P ON U.Id = P.OwnerUserId \nGROUP BY \n    U.DisplayName \nORDER BY \n    PostCount DESC \nLIMIT 10;\n",
    "blocked_thread_time": 0.0,
    "cpu_time": 0.8633365020000008,
    "extra_info": {},
    "cumulative_cardinality": 15144958,
    "cumulative_rows_scanned": 5110826,
    "result_set_size": 400,
    "latency": 0.943223258,
    "children": [
        {
            "operator_name": "STREAMING_LIMIT",
            "cpu_time": 0.8633365020000008,
            "extra_info": {},
            "cumulative_cardinality": 15144958,
            "operator_type": "STREAMING_LIMIT",
            "operator_cardinality": 10,
            "cumulative_rows_scanned": 5110826,
            "operator_rows_scanned": 0,
            "operator_timing": 0.000002955,
            "result_set_size": 400,
            "children": [
                {
                    "operator_name": "ORDER_BY",
                    "cpu_time": 0.8633335470000008,
                    "extra_info": {
                        "Order By": "count(P.Id) DESC"
                    },
                    "cumulative_cardinality": 15144948,
                    "operator_type": "ORDER_BY",
                    "operator_cardinality": 4096,
                    "cumulative_rows_scanned": 5110826,
                    "operator_rows_scanned": 0,
                    "operator_timing": 0.030781269000000014,
                    "result_set_size": 163840,
                    "children": [
                        {
                            "operator_name": "HASH_GROUP_BY",
                            "cpu_time": 0.8325522780000008,
                            "extra_info": {
                                "Groups": "#0",
                                "Aggregates": [
                                    "count(#1)",
                                    "sum(#2)"
                                ],
                                "Estimated Cardinality": "1260710"
                            },
                            "cumulative_cardinality": 15140852,
                            "operator_type": "HASH_GROUP_BY",
                            "operator_cardinality": 1045736,
                            "cumulative_rows_scanned": 5110826,
                            "operator_rows_scanned": 0,
                            "operator_timing": 0.3418172370000002,
                            "result_set_size": 41829440,
                            "children": [
                                {
                                    "operator_name": "PROJECTION",
                                    "cpu_time": 0.4907350410000006,
                                    "extra_info": {
                                        "Projections": [
                                            "displayname",
                                            "id",
                                            "COALESCE(score, 0)"
                                        ],
                                        "Estimated Cardinality": "3850116"
                                    },
                                    "cumulative_cardinality": 14095116,
                                    "operator_type": "PROJECTION",
                                    "operator_cardinality": 4574495,
                                    "cumulative_rows_scanned": 5110826,
                                    "operator_rows_scanned": 0,
                                    "operator_timing": 0.041941083999999976,
                                    "result_set_size": 109787880,
                                    "children": [
                                        {
                                            "operator_name": "HASH_JOIN",
                                            "cpu_time": 0.44879395700000063,
                                            "extra_info": {
                                                "Join Type": "RIGHT",
                                                "Conditions": "owneruserid = id",
                                                "Estimated Cardinality": "3850116"
                                            },
                                            "cumulative_cardinality": 9520621,
                                            "operator_type": "HASH_JOIN",
                                            "operator_cardinality": 4574495,
                                            "cumulative_rows_scanned": 5110826,
                                            "operator_rows_scanned": 0,
                                            "operator_timing": 0.24677593900000075,
                                            "result_set_size": 109787880,
                                            "children": [
                                                {
                                                    "operator_name": "READ_PARQUET ",
                                                    "cpu_time": 0.12362792899999983,
                                                    "extra_info": {
                                                        "Function": "READ_PARQUET",
                                                        "Projections": [
                                                            "id",
                                                            "score",
                                                            "owneruserid"
                                                        ],
                                                        "Estimated Cardinality": "3850116"
                                                    },
                                                    "cumulative_cardinality": 3685416,
                                                    "operator_type": "TABLE_SCAN",
                                                    "operator_cardinality": 3685416,
                                                    "cumulative_rows_scanned": 3850116,
                                                    "operator_rows_scanned": 3850116,
                                                    "operator_timing": 0.12362792899999983,
                                                    "result_set_size": 44224992,
                                                    "children": []
                                                },
                                                {
                                                    "operator_name": "READ_PARQUET ",
                                                    "cpu_time": 0.07839008900000005,
                                                    "extra_info": {
                                                        "Function": "READ_PARQUET",
                                                        "Projections": [
                                                            "id",
                                                            "displayname"
                                                        ],
                                                        "Estimated Cardinality": "1260710"
                                                    },
                                                    "cumulative_cardinality": 1260710,
                                                    "operator_type": "TABLE_SCAN",
                                                    "operator_cardinality": 1260710,
                                                    "cumulative_rows_scanned": 1260710,
                                                    "operator_rows_scanned": 1260710,
                                                    "operator_timing": 0.07839008900000005,
                                                    "result_set_size": 25214200,
                                                    "children": []
                                                }
                                            ]
                                        }
                                    ]
                                }
                            ]
                        }
                    ]
                }
            ]
        }
    ]
}