{
    "rows_returned": 10,
    "query_name": "WITH RankedPosts AS (\n    SELECT \n        p.Id AS PostId,\n        p.Title,\n        p.Score,\n        p.ViewCount,\n        p.CreationDate,\n        ROW_NUMBER() OVER (PARTITION BY p.OwnerUserId ORDER BY p.Score DESC) AS PostRank,\n        u.Reputation AS UserReputation\n    FROM \n        Posts p\n    JOIN \n        Users u ON p.OwnerUserId = u.Id\n    WHERE \n        p.PostTypeId = 1 AND \n        p.Score >= 10\n),\nPostWithComments AS (\n    SELECT \n        r.PostId,\n        r.Title,\n        r.Score,\n        r.ViewCount,\n        r.UserReputation,\n        COALESCE(c.CommentCount, 0) as CommentCount\n    FROM \n        RankedPosts r\n    LEFT JOIN \n        (SELECT PostId, COUNT(*) AS CommentCount \n         FROM Comments \n         GROUP BY PostId) c ON r.PostId = c.PostId\n),\nFinalResults AS (\n    SELECT \n        p.*,\n        CASE \n            WHEN UserReputation > 1000 THEN 'High Reputation'\n            WHEN UserReputation BETWEEN 501 AND 1000 THEN 'Medium Reputation'\n            ELSE 'Low Reputation'\n        END AS ReputationCategory\n    FROM \n        PostWithComments p\n    WHERE \n        p.CommentCount > 5\n)\nSELECT \n    f.PostId,\n    f.Title,\n    f.Score,\n    f.ViewCount,\n    f.ReputationCategory\nFROM \n    FinalResults f\nORDER BY \n    f.Score DESC, \n    f.ViewCount DESC\nLIMIT 10;\n",
    "blocked_thread_time": 0.0,
    "cpu_time": 0.785472082,
    "extra_info": {},
    "cumulative_cardinality": 18934985,
    "cumulative_rows_scanned": 12352648,
    "result_set_size": 440,
    "latency": 0.854985609,
    "children": [
        {
            "operator_name": "STREAMING_LIMIT",
            "cpu_time": 0.785472082,
            "extra_info": {},
            "cumulative_cardinality": 18934985,
            "operator_type": "STREAMING_LIMIT",
            "operator_cardinality": 10,
            "cumulative_rows_scanned": 12352648,
            "operator_rows_scanned": 0,
            "operator_timing": 0.000001252,
            "result_set_size": 440,
            "children": [
                {
                    "operator_name": "PROJECTION",
                    "cpu_time": 0.78547083,
                    "extra_info": {
                        "Projections": [
                            "#0",
                            "#1",
                            "__internal_decompress_integral_integer(#2, 10)",
                            "#3",
                            "#4"
                        ],
                        "Estimated Cardinality": "144836"
                    },
                    "cumulative_cardinality": 18934975,
                    "operator_type": "PROJECTION",
                    "operator_cardinality": 4096,
                    "cumulative_rows_scanned": 12352648,
                    "operator_rows_scanned": 0,
                    "operator_timing": 0.000003677,
                    "result_set_size": 180224,
                    "children": [
                        {
                            "operator_name": "ORDER_BY",
                            "cpu_time": 0.7854671529999999,
                            "extra_info": {
                                "Order By": [
                                    "f.Score DESC",
                                    "f.ViewCount DESC"
                                ]
                            },
                            "cumulative_cardinality": 18930879,
                            "operator_type": "ORDER_BY",
                            "operator_cardinality": 4096,
                            "cumulative_rows_scanned": 12352648,
                            "operator_rows_scanned": 0,
                            "operator_timing": 0.000994596,
                            "result_set_size": 172032,
                            "children": [
                                {
                                    "operator_name": "PROJECTION",
                                    "cpu_time": 0.784472557,
                                    "extra_info": {
                                        "Projections": [
                                            "#0",
                                            "#1",
                                            "__internal_compress_integral_usmallint(#2, 10)",
                                            "#3",
                                            "#4"
                                        ],
                                        "Estimated Cardinality": "144836"
                                    },
                                    "cumulative_cardinality": 18926783,
                                    "operator_type": "PROJECTION",
                                    "operator_cardinality": 12115,
                                    "cumulative_rows_scanned": 12352648,
                                    "operator_rows_scanned": 0,
                                    "operator_timing": 0.00003651699999999999,
                                    "result_set_size": 508830,
                                    "children": [
                                        {
                                            "operator_name": "PROJECTION",
                                            "cpu_time": 0.78443604,
                                            "extra_info": {
                                                "Projections": [
                                                    "PostId",
                                                    "title",
                                                    "score",
                                                    "viewcount",
                                                    "ReputationCategory"
                                                ],
                                                "Estimated Cardinality": "144836"
                                            },
                                            "cumulative_cardinality": 18914668,
                                            "operator_type": "PROJECTION",
                                            "operator_cardinality": 12115,
                                            "cumulative_rows_scanned": 12352648,
                                            "operator_rows_scanned": 0,
                                            "operator_timing": 0.0005811890000000001,
                                            "result_set_size": 533060,
                                            "children": [
                                                {
                                                    "operator_name": "PROJECTION",
                                                    "cpu_time": 0.783854851,
                                                    "extra_info": {
                                                        "Projections": [
                                                            "PostId",
                                                            "title",
                                                            "score",
                                                            "viewcount",
                                                            "UserReputation"
                                                        ],
                                                        "Estimated Cardinality": "144836"
                                                    },
                                                    "cumulative_cardinality": 18902553,
                                                    "operator_type": "PROJECTION",
                                                    "operator_cardinality": 12115,
                                                    "cumulative_rows_scanned": 12352648,
                                                    "operator_rows_scanned": 0,
                                                    "operator_timing": 0.000012414000000000002,
                                                    "result_set_size": 387680,
                                                    "children": [
                                                        {
                                                            "operator_name": "HASH_JOIN",
                                                            "cpu_time": 0.783842437,
                                                            "extra_info": {
                                                                "Join Type": "INNER",
                                                                "Conditions": "PostId = postid",
                                                                "Estimated Cardinality": "144836"
                                                            },
                                                            "cumulative_cardinality": 18890438,
                                                            "operator_type": "HASH_JOIN",
                                                            "operator_cardinality": 12115,
                                                            "cumulative_rows_scanned": 12352648,
                                                            "operator_rows_scanned": 0,
                                                            "operator_timing": 0.015131802000000014,
                                                            "result_set_size": 436140,
                                                            "children": [
                                                                {
                                                                    "operator_name": "PROJECTION",
                                                                    "cpu_time": 0.45725432399999966,
                                                                    "extra_info": {
                                                                        "Projections": [
                                                                            "PostId",
                                                                            "title",
                                                                            "score",
                                                                            "viewcount",
                                                                            "UserReputation"
                                                                        ],
                                                                        "Estimated Cardinality": "770023"
                                                                    },
                                                                    "cumulative_cardinality": 1536423,
                                                                    "operator_type": "PROJECTION",
                                                                    "operator_cardinality": 39392,
                                                                    "cumulative_rows_scanned": 5110826,
                                                                    "operator_rows_scanned": 0,
                                                                    "operator_timing": 0.000010502000000000002,
                                                                    "result_set_size": 1260544,
                                                                    "children": [
                                                                        {
                                                                            "operator_name": "PROJECTION",
                                                                            "cpu_time": 0.45724382199999963,
                                                                            "extra_info": {
                                                                                "Projections": [
                                                                                    "#0",
                                                                                    "#1",
                                                                                    "#2",
                                                                                    "#4",
                                                                                    "#5"
                                                                                ],
                                                                                "Estimated Cardinality": "770023"
                                                                            },
                                                                            "cumulative_cardinality": 1497031,
                                                                            "operator_type": "PROJECTION",
                                                                            "operator_cardinality": 39392,
                                                                            "cumulative_rows_scanned": 5110826,
                                                                            "operator_rows_scanned": 0,
                                                                            "operator_timing": 0.000009290999999999998,
                                                                            "result_set_size": 1260544,
                                                                            "children": [
                                                                                {
                                                                                    "operator_name": "FILTER",
                                                                                    "cpu_time": 0.4572345309999996,
                                                                                    "extra_info": {
                                                                                        "Expression": "(PostId <= 4978525)",
                                                                                        "Estimated Cardinality": "770023"
                                                                                    },
                                                                                    "cumulative_cardinality": 1457639,
                                                                                    "operator_type": "FILTER",
                                                                                    "operator_cardinality": 39392,
                                                                                    "cumulative_rows_scanned": 5110826,
                                                                                    "operator_rows_scanned": 0,
                                                                                    "operator_timing": 0.00006209399999999999,
                                                                                    "result_set_size": 1733248,
                                                                                    "children": [
                                                                                        {
                                                                                            "operator_name": "PROJECTION",
                                                                                            "cpu_time": 0.4571724369999996,
                                                                                            "extra_info": {
                                                                                                "Projections": [
                                                                                                    "#0",
                                                                                                    "#1",
                                                                                                    "#2",
                                                                                                    "#3",
                                                                                                    "#4",
                                                                                                    "#5",
                                                                                                    "#6"
                                                                                                ],
                                                                                                "Estimated Cardinality": "770023"
                                                                                            },
                                                                                            "cumulative_cardinality": 1418247,
                                                                                            "operator_type": "PROJECTION",
                                                                                            "operator_cardinality": 39392,
                                                                                            "cumulative_rows_scanned": 5110826,
                                                                                            "operator_rows_scanned": 0,
                                                                                            "operator_timing": 0.000015379,
                                                                                            "result_set_size": 1733248,
                                                                                            "children": [
                                                                                                {
                                                                                                    "operator_name": "WINDOW",
                                                                                                    "cpu_time": 0.4571570579999996,
                                                                                                    "extra_info": {
                                                                                                        "Projections": "ROW_NUMBER() OVER (PARTITION BY owneruserid ORDER BY score DESC NULLS LAST)"
                                                                                                    },
                                                                                                    "cumulative_cardinality": 1378855,
                                                                                                    "operator_type": "WINDOW",
                                                                                                    "operator_cardinality": 39392,
                                                                                                    "cumulative_rows_scanned": 5110826,
                                                                                                    "operator_rows_scanned": 0,
                                                                                                    "operator_timing": 0.010216326,
                                                                                                    "result_set_size": 1733248,
                                                                                                    "children": [
                                                                                                        {
                                                                                                            "operator_name": "HASH_JOIN",
                                                                                                            "cpu_time": 0.4469407319999996,
                                                                                                            "extra_info": {
                                                                                                                "Join Type": "INNER",
                                                                                                                "Conditions": "owneruserid = id",
                                                                                                                "Estimated Cardinality": "770023"
                                                                                                            },
                                                                                                            "cumulative_cardinality": 1339463,
                                                                                                            "operator_type": "HASH_JOIN",
                                                                                                            "operator_cardinality": 39392,
                                                                                                            "cumulative_rows_scanned": 5110826,
                                                                                                            "operator_rows_scanned": 0,
                                                                                                            "operator_timing": 0.08617277899999978,
                                                                                                            "result_set_size": 1418112,
                                                                                                            "children": [
                                                                                                                {
                                                                                                                    "operator_name": "READ_PARQUET ",
                                                                                                                    "cpu_time": 0.3322227369999998,
                                                                                                                    "extra_info": {
                                                                                                                        "Function": "READ_PARQUET",
                                                                                                                        "Projections": [
                                                                                                                            "id",
                                                                                                                            "score",
                                                                                                                            "viewcount",
                                                                                                                            "owneruserid",
                                                                                                                            "title"
                                                                                                                        ],
                                                                                                                        "Filters": [
                                                                                                                            "posttypeid=1",
                                                                                                                            "score>=10"
                                                                                                                        ],
                                                                                                                        "Estimated Cardinality": "770023"
                                                                                                                    },
                                                                                                                    "cumulative_cardinality": 39392,
                                                                                                                    "operator_type": "TABLE_SCAN",
                                                                                                                    "operator_cardinality": 39392,
                                                                                                                    "cumulative_rows_scanned": 3850116,
                                                                                                                    "operator_rows_scanned": 3850116,
                                                                                                                    "operator_timing": 0.3322227369999998,
                                                                                                                    "result_set_size": 1260544,
                                                                                                                    "children": []
                                                                                                                },
                                                                                                                {
                                                                                                                    "operator_name": "READ_PARQUET ",
                                                                                                                    "cpu_time": 0.02854521600000002,
                                                                                                                    "extra_info": {
                                                                                                                        "Function": "READ_PARQUET",
                                                                                                                        "Projections": [
                                                                                                                            "id",
                                                                                                                            "reputation"
                                                                                                                        ],
                                                                                                                        "Filters": "id<=1416539",
                                                                                                                        "Estimated Cardinality": "1260710"
                                                                                                                    },
                                                                                                                    "cumulative_cardinality": 1260679,
                                                                                                                    "operator_type": "TABLE_SCAN",
                                                                                                                    "operator_cardinality": 1260679,
                                                                                                                    "cumulative_rows_scanned": 1260710,
                                                                                                                    "operator_rows_scanned": 1260710,
                                                                                                                    "operator_timing": 0.02854521600000002,
                                                                                                                    "result_set_size": 10085432,
                                                                                                                    "children": []
                                                                                                                }
                                                                                                            ]
                                                                                                        }
                                                                                                    ]
                                                                                                }
                                                                                            ]
                                                                                        }
                                                                                    ]
                                                                                }
                                                                            ]
                                                                        }
                                                                    ]
                                                                },
                                                                {
                                                                    "operator_name": "PROJECTION",
                                                                    "cpu_time": 0.3114563110000003,
                                                                    "extra_info": {
                                                                        "Projections": "#0",
                                                                        "Estimated Cardinality": "724182"
                                                                    },
                                                                    "cumulative_cardinality": 17341900,
                                                                    "operator_type": "PROJECTION",
                                                                    "operator_cardinality": 347292,
                                                                    "cumulative_rows_scanned": 7241822,
                                                                    "operator_rows_scanned": 0,
                                                                    "operator_timing": 0.0001039939999999996,
                                                                    "result_set_size": 1389168,
                                                                    "children": [
                                                                        {
                                                                            "operator_name": "FILTER",
                                                                            "cpu_time": 0.3113523170000003,
                                                                            "extra_info": {
                                                                                "Expression": "(COALESCE(CommentCount, 0) > 5)",
                                                                                "Estimated Cardinality": "724182"
                                                                            },
                                                                            "cumulative_cardinality": 16994608,
                                                                            "operator_type": "FILTER",
                                                                            "operator_cardinality": 347292,
                                                                            "cumulative_rows_scanned": 7241822,
                                                                            "operator_rows_scanned": 0,
                                                                            "operator_timing": 0.014055342,
                                                                            "result_set_size": 4167504,
                                                                            "children": [
                                                                                {
                                                                                    "operator_name": "HASH_GROUP_BY",
                                                                                    "cpu_time": 0.2972969750000003,
                                                                                    "extra_info": {
                                                                                        "Groups": "#0",
                                                                                        "Aggregates": "count_star()",
                                                                                        "Estimated Cardinality": "3620911"
                                                                                    },
                                                                                    "cumulative_cardinality": 16647316,
                                                                                    "operator_type": "HASH_GROUP_BY",
                                                                                    "operator_cardinality": 2163672,
                                                                                    "cumulative_rows_scanned": 7241822,
                                                                                    "operator_rows_scanned": 0,
                                                                                    "operator_timing": 0.25387709500000033,
                                                                                    "result_set_size": 25964064,
                                                                                    "children": [
                                                                                        {
                                                                                            "operator_name": "PROJECTION",
                                                                                            "cpu_time": 0.04341987999999998,
                                                                                            "extra_info": {
                                                                                                "Projections": "postid",
                                                                                                "Estimated Cardinality": "7241822"
                                                                                            },
                                                                                            "cumulative_cardinality": 14483644,
                                                                                            "operator_type": "PROJECTION",
                                                                                            "operator_cardinality": 7241822,
                                                                                            "cumulative_rows_scanned": 7241822,
                                                                                            "operator_rows_scanned": 0,
                                                                                            "operator_timing": 0.000416872000000001,
                                                                                            "result_set_size": 28967288,
                                                                                            "children": [
                                                                                                {
                                                                                                    "operator_name": "READ_PARQUET ",
                                                                                                    "cpu_time": 0.04300300799999998,
                                                                                                    "extra_info": {
                                                                                                        "Function": "READ_PARQUET",
                                                                                                        "Projections": "postid",
                                                                                                        "Estimated Cardinality": "7241822"
                                                                                                    },
                                                                                                    "cumulative_cardinality": 7241822,
                                                                                                    "operator_type": "TABLE_SCAN",
                                                                                                    "operator_cardinality": 7241822,
                                                                                                    "cumulative_rows_scanned": 7241822,
                                                                                                    "operator_rows_scanned": 7241822,
                                                                                                    "operator_timing": 0.04300300799999998,
                                                                                                    "result_set_size": 28967288,
                                                                                                    "children": []
                                                                                                }
                                                                                            ]
                                                                                        }
                                                                                    ]
                                                                                }
                                                                            ]
                                                                        }
                                                                    ]
                                                                }
                                                            ]
                                                        }
                                                    ]
                                                }
                                            ]
                                        }
                                    ]
                                }
                            ]
                        }
                    ]
                }
            ]
        }
    ]
}