{
    "rows_returned": 10,
    "query_name": "SELECT \n    Users.DisplayName,\n    Posts.Title,\n    Posts.CreationDate,\n    Posts.Score,\n    Tags.TagName\nFROM \n    Posts\nJOIN \n    Users ON Posts.OwnerUserId = Users.Id\nJOIN \n    Tags ON Posts.Tags LIKE '%' || Tags.TagName || '%'\nWHERE \n    Posts.PostTypeId = 1 \nORDER BY \n    Posts.CreationDate DESC\nLIMIT 10;",
    "blocked_thread_time": 0.0,
    "cpu_time": 521.0731819559859,
    "extra_info": {},
    "cumulative_cardinality": 19201865,
    "cumulative_rows_scanned": 5112802,
    "result_set_size": 600,
    "latency": 526.65521334,
    "children": [
        {
            "operator_name": "STREAMING_LIMIT",
            "cpu_time": 521.0731819559859,
            "extra_info": {},
            "cumulative_cardinality": 19201865,
            "operator_type": "STREAMING_LIMIT",
            "operator_cardinality": 10,
            "cumulative_rows_scanned": 5112802,
            "operator_rows_scanned": 0,
            "operator_timing": 0.0000015830000000000001,
            "result_set_size": 600,
            "children": [
                {
                    "operator_name": "PROJECTION",
                    "cpu_time": 521.0731803729859,
                    "extra_info": {
                        "Projections": [
                            "#0",
                            "#1",
                            "#2",
                            "__internal_decompress_integral_integer(#3, -72)",
                            "#4"
                        ],
                        "Estimated Cardinality": "770023"
                    },
                    "cumulative_cardinality": 19201855,
                    "operator_type": "PROJECTION",
                    "operator_cardinality": 4096,
                    "cumulative_rows_scanned": 5112802,
                    "operator_rows_scanned": 0,
                    "operator_timing": 0.000008547000000000001,
                    "result_set_size": 245760,
                    "children": [
                        {
                            "operator_name": "ORDER_BY",
                            "cpu_time": 521.0731718259859,
                            "extra_info": {
                                "Order By": "\"temp\".main.posts.CreationDate DESC"
                            },
                            "cumulative_cardinality": 19197759,
                            "operator_type": "ORDER_BY",
                            "operator_cardinality": 4096,
                            "cumulative_rows_scanned": 5112802,
                            "operator_rows_scanned": 0,
                            "operator_timing": 0.8395133869999994,
                            "result_set_size": 237568,
                            "children": [
                                {
                                    "operator_name": "PROJECTION",
                                    "cpu_time": 520.2336584389859,
                                    "extra_info": {
                                        "Projections": [
                                            "#0",
                                            "#1",
                                            "#2",
                                            "__internal_compress_integral_usmallint(#3, -72)",
                                            "#4"
                                        ],
                                        "Estimated Cardinality": "770023"
                                    },
                                    "cumulative_cardinality": 19193663,
                                    "operator_type": "PROJECTION",
                                    "operator_cardinality": 4891061,
                                    "cumulative_rows_scanned": 5112802,
                                    "operator_rows_scanned": 0,
                                    "operator_timing": 0.01032878700000012,
                                    "result_set_size": 283681538,
                                    "children": [
                                        {
                                            "operator_name": "PROJECTION",
                                            "cpu_time": 520.2233296519859,
                                            "extra_info": {
                                                "Projections": [
                                                    "displayname",
                                                    "title",
                                                    "creationdate",
                                                    "score",
                                                    "tagname"
                                                ],
                                                "Estimated Cardinality": "770023"
                                            },
                                            "cumulative_cardinality": 14302602,
                                            "operator_type": "PROJECTION",
                                            "operator_cardinality": 4891061,
                                            "cumulative_rows_scanned": 5112802,
                                            "operator_rows_scanned": 0,
                                            "operator_timing": 0.004280085,
                                            "result_set_size": 293463660,
                                            "children": [
                                                {
                                                    "operator_name": "BLOCKWISE_NL_JOIN",
                                                    "cpu_time": 520.2190495669859,
                                                    "extra_info": {
                                                        "Join Type": "INNER",
                                                        "Condition": "(tags ~~ (('%' || tagname) || '%'))"
                                                    },
                                                    "cumulative_cardinality": 9411541,
                                                    "operator_type": "BLOCKWISE_NL_JOIN",
                                                    "operator_cardinality": 4891061,
                                                    "cumulative_rows_scanned": 5112802,
                                                    "operator_rows_scanned": 0,
                                                    "operator_timing": 518.8244033989859,
                                                    "result_set_size": 371720636,
                                                    "children": [
                                                        {
                                                            "operator_name": "HASH_JOIN",
                                                            "cpu_time": 1.394159499,
                                                            "extra_info": {
                                                                "Join Type": "INNER",
                                                                "Conditions": "id = owneruserid",
                                                                "Estimated Cardinality": "770023"
                                                            },
                                                            "cumulative_cardinality": 4518504,
                                                            "operator_type": "HASH_JOIN",
                                                            "operator_cardinality": 1589663,
                                                            "cumulative_rows_scanned": 5110826,
                                                            "operator_rows_scanned": 0,
                                                            "operator_timing": 0.45063746100000013,
                                                            "result_set_size": 95379780,
                                                            "children": [
                                                                {
                                                                    "operator_name": "READ_PARQUET ",
                                                                    "cpu_time": 0.10924319000000011,
                                                                    "extra_info": {
                                                                        "Function": "READ_PARQUET",
                                                                        "Projections": [
                                                                            "id",
                                                                            "displayname"
                                                                        ],
                                                                        "Filters": "id<=1416539",
                                                                        "Estimated Cardinality": "1260710"
                                                                    },
                                                                    "cumulative_cardinality": 1260677,
                                                                    "operator_type": "TABLE_SCAN",
                                                                    "operator_cardinality": 1260677,
                                                                    "cumulative_rows_scanned": 1260710,
                                                                    "operator_rows_scanned": 1260710,
                                                                    "operator_timing": 0.10924319000000011,
                                                                    "result_set_size": 25213540,
                                                                    "children": []
                                                                },
                                                                {
                                                                    "operator_name": "READ_PARQUET ",
                                                                    "cpu_time": 0.8342788479999996,
                                                                    "extra_info": {
                                                                        "Function": "READ_PARQUET",
                                                                        "Projections": [
                                                                            "creationdate",
                                                                            "score",
                                                                            "owneruserid",
                                                                            "title",
                                                                            "tags"
                                                                        ],
                                                                        "Filters": "posttypeid=1",
                                                                        "Estimated Cardinality": "770023"
                                                                    },
                                                                    "cumulative_cardinality": 1668164,
                                                                    "operator_type": "TABLE_SCAN",
                                                                    "operator_cardinality": 1668164,
                                                                    "cumulative_rows_scanned": 3850116,
                                                                    "operator_rows_scanned": 3850116,
                                                                    "operator_timing": 0.8342788479999996,
                                                                    "result_set_size": 80071872,
                                                                    "children": []
                                                                }
                                                            ]
                                                        },
                                                        {
                                                            "operator_name": "READ_PARQUET ",
                                                            "cpu_time": 0.000486669,
                                                            "extra_info": {
                                                                "Function": "READ_PARQUET",
                                                                "Projections": "tagname",
                                                                "Estimated Cardinality": "1976"
                                                            },
                                                            "cumulative_cardinality": 1976,
                                                            "operator_type": "TABLE_SCAN",
                                                            "operator_cardinality": 1976,
                                                            "cumulative_rows_scanned": 1976,
                                                            "operator_rows_scanned": 1976,
                                                            "operator_timing": 0.000486669,
                                                            "result_set_size": 31616,
                                                            "children": []
                                                        }
                                                    ]
                                                }
                                            ]
                                        }
                                    ]
                                }
                            ]
                        }
                    ]
                }
            ]
        }
    ]
}