{
    "rows_returned": 10,
    "query_name": "WITH UserReputation AS (\n    SELECT \n        U.Id AS UserId,\n        U.Reputation,\n        ROW_NUMBER() OVER (ORDER BY U.Reputation DESC) AS ReputationRank\n    FROM Users U\n),\nPostReputation AS (\n    SELECT \n        P.OwnerUserId,\n        SUM(V.BountyAmount) AS TotalBounty,\n        COUNT(P.Id) AS TotalPosts,\n        COUNT(CASE WHEN P.PostTypeId = 1 THEN 1 END) AS TotalQuestions,\n        COUNT(CASE WHEN P.PostTypeId = 2 THEN 1 END) AS TotalAnswers\n    FROM Posts P\n    LEFT JOIN Votes V ON P.Id = V.PostId AND V.VoteTypeId = 8\n    GROUP BY P.OwnerUserId\n),\nUserDetails AS (\n    SELECT \n        U.DisplayName,\n        COALESCE(UR.Reputation, 0) AS Reputation,\n        COALESCE(PR.TotalBounty, 0) AS TotalBounty,\n        COALESCE(PR.TotalPosts, 0) AS TotalPosts,\n        COALESCE(PR.TotalQuestions, 0) AS TotalQuestions,\n        COALESCE(PR.TotalAnswers, 0) AS TotalAnswers\n    FROM Users U\n    LEFT JOIN UserReputation UR ON U.Id = UR.UserId\n    LEFT JOIN PostReputation PR ON U.Id = PR.OwnerUserId\n)\nSELECT \n    UD.DisplayName,\n    UD.Reputation,\n    UD.TotalBounty,\n    UD.TotalPosts,\n    UD.TotalQuestions,\n    UD.TotalAnswers,\n    CASE \n        WHEN UD.Reputation > 1000 THEN 'High Reputation'\n        WHEN UD.Reputation BETWEEN 500 AND 1000 THEN 'Moderate Reputation'\n        ELSE 'Low Reputation'\n    END AS ReputationCategory\nFROM UserDetails UD\nWHERE UD.TotalPosts > 0\nORDER BY UD.Reputation DESC\nLIMIT 10;",
    "blocked_thread_time": 0.0,
    "cpu_time": 0.8995012350000003,
    "extra_info": {},
    "cumulative_cardinality": 26173333,
    "cumulative_rows_scanned": 19115629,
    "result_set_size": 760,
    "latency": 1.125263593,
    "children": [
        {
            "operator_name": "STREAMING_LIMIT",
            "cpu_time": 0.8995012350000003,
            "extra_info": {},
            "cumulative_cardinality": 26173333,
            "operator_type": "STREAMING_LIMIT",
            "operator_cardinality": 10,
            "cumulative_rows_scanned": 19115629,
            "operator_rows_scanned": 0,
            "operator_timing": 0.000002735,
            "result_set_size": 760,
            "children": [
                {
                    "operator_name": "ORDER_BY",
                    "cpu_time": 0.8994985000000003,
                    "extra_info": {
                        "Order By": "UD.Reputation DESC"
                    },
                    "cumulative_cardinality": 26173323,
                    "operator_type": "ORDER_BY",
                    "operator_cardinality": 4096,
                    "cumulative_rows_scanned": 19115629,
                    "operator_rows_scanned": 0,
                    "operator_timing": 0.01974150499999998,
                    "result_set_size": 311296,
                    "children": [
                        {
                            "operator_name": "PROJECTION",
                            "cpu_time": 0.8797569950000004,
                            "extra_info": {
                                "Projections": [
                                    "displayname",
                                    "Reputation",
                                    "TotalBounty",
                                    "TotalPosts",
                                    "TotalQuestions",
                                    "TotalAnswers",
                                    "ReputationCategory"
                                ],
                                "Estimated Cardinality": "385011"
                            },
                            "cumulative_cardinality": 26169227,
                            "operator_type": "PROJECTION",
                            "operator_cardinality": 371631,
                            "cumulative_rows_scanned": 19115629,
                            "operator_rows_scanned": 0,
                            "operator_timing": 0.005463580000000002,
                            "result_set_size": 28243956,
                            "children": [
                                {
                                    "operator_name": "PROJECTION",
                                    "cpu_time": 0.8742934150000004,
                                    "extra_info": {
                                        "Projections": [
                                            "displayname",
                                            "Reputation",
                                            "TotalBounty",
                                            "TotalPosts",
                                            "TotalQuestions",
                                            "TotalAnswers"
                                        ],
                                        "Estimated Cardinality": "385011"
                                    },
                                    "cumulative_cardinality": 25797596,
                                    "operator_type": "PROJECTION",
                                    "operator_cardinality": 371631,
                                    "cumulative_rows_scanned": 19115629,
                                    "operator_rows_scanned": 0,
                                    "operator_timing": 0.020978649000000005,
                                    "result_set_size": 22297860,
                                    "children": [
                                        {
                                            "operator_name": "HASH_JOIN",
                                            "cpu_time": 0.8533147660000003,
                                            "extra_info": {
                                                "Join Type": "INNER",
                                                "Conditions": "id = owneruserid",
                                                "Estimated Cardinality": "385011"
                                            },
                                            "cumulative_cardinality": 25425965,
                                            "operator_type": "HASH_JOIN",
                                            "operator_cardinality": 371631,
                                            "cumulative_rows_scanned": 19115629,
                                            "operator_rows_scanned": 0,
                                            "operator_timing": 0.07370778099999996,
                                            "result_set_size": 22297860,
                                            "children": [
                                                {
                                                    "operator_name": "FILTER",
                                                    "cpu_time": 0.2570517480000001,
                                                    "extra_info": {
                                                        "Expression": "(id <= 1416539)",
                                                        "Estimated Cardinality": "1260710"
                                                    },
                                                    "cumulative_cardinality": 8824877,
                                                    "operator_type": "FILTER",
                                                    "operator_cardinality": 1260679,
                                                    "cumulative_rows_scanned": 2521420,
                                                    "operator_rows_scanned": 0,
                                                    "operator_timing": 0.002229346999999999,
                                                    "result_set_size": 30256296,
                                                    "children": [
                                                        {
                                                            "operator_name": "HASH_JOIN",
                                                            "cpu_time": 0.2548224010000001,
                                                            "extra_info": {
                                                                "Join Type": "LEFT",
                                                                "Conditions": "id = UserId",
                                                                "Estimated Cardinality": "1260710"
                                                            },
                                                            "cumulative_cardinality": 7564198,
                                                            "operator_type": "HASH_JOIN",
                                                            "operator_cardinality": 1260679,
                                                            "cumulative_rows_scanned": 2521420,
                                                            "operator_rows_scanned": 0,
                                                            "operator_timing": 0.11672279999999999,
                                                            "result_set_size": 30256296,
                                                            "children": [
                                                                {
                                                                    "operator_name": "READ_PARQUET ",
                                                                    "cpu_time": 0.08565939100000013,
                                                                    "extra_info": {
                                                                        "Function": "READ_PARQUET",
                                                                        "Projections": [
                                                                            "id",
                                                                            "displayname"
                                                                        ],
                                                                        "Estimated Cardinality": "1260710"
                                                                    },
                                                                    "cumulative_cardinality": 1260679,
                                                                    "operator_type": "TABLE_SCAN",
                                                                    "operator_cardinality": 1260679,
                                                                    "cumulative_rows_scanned": 1260710,
                                                                    "operator_rows_scanned": 1260710,
                                                                    "operator_timing": 0.08565939100000013,
                                                                    "result_set_size": 25213580,
                                                                    "children": []
                                                                },
                                                                {
                                                                    "operator_name": "PROJECTION",
                                                                    "cpu_time": 0.05244021,
                                                                    "extra_info": {
                                                                        "Projections": [
                                                                            "UserId",
                                                                            "reputation"
                                                                        ],
                                                                        "Estimated Cardinality": "1260710"
                                                                    },
                                                                    "cumulative_cardinality": 5042840,
                                                                    "operator_type": "PROJECTION",
                                                                    "operator_cardinality": 1260710,
                                                                    "cumulative_rows_scanned": 1260710,
                                                                    "operator_rows_scanned": 0,
                                                                    "operator_timing": 0.00006618399999999985,
                                                                    "result_set_size": 10085680,
                                                                    "children": [
                                                                        {
                                                                            "operator_name": "PROJECTION",
                                                                            "cpu_time": 0.052374026000000004,
                                                                            "extra_info": {
                                                                                "Projections": [
                                                                                    "#0",
                                                                                    "#1",
                                                                                    "#2"
                                                                                ],
                                                                                "Estimated Cardinality": "1260710"
                                                                            },
                                                                            "cumulative_cardinality": 3782130,
                                                                            "operator_type": "PROJECTION",
                                                                            "operator_cardinality": 1260710,
                                                                            "cumulative_rows_scanned": 1260710,
                                                                            "operator_rows_scanned": 0,
                                                                            "operator_timing": 0.00009643799999999992,
                                                                            "result_set_size": 20171360,
                                                                            "children": [
                                                                                {
                                                                                    "operator_name": "WINDOW",
                                                                                    "cpu_time": 0.05227758800000001,
                                                                                    "extra_info": {
                                                                                        "Projections": "ROW_NUMBER() OVER (ORDER BY reputation DESC NULLS LAST)"
                                                                                    },
                                                                                    "cumulative_cardinality": 2521420,
                                                                                    "operator_type": "WINDOW",
                                                                                    "operator_cardinality": 1260710,
                                                                                    "cumulative_rows_scanned": 1260710,
                                                                                    "operator_rows_scanned": 0,
                                                                                    "operator_timing": 0.037881011,
                                                                                    "result_set_size": 20171360,
                                                                                    "children": [
                                                                                        {
                                                                                            "operator_name": "READ_PARQUET ",
                                                                                            "cpu_time": 0.01439657700000001,
                                                                                            "extra_info": {
                                                                                                "Function": "READ_PARQUET",
                                                                                                "Projections": [
                                                                                                    "id",
                                                                                                    "reputation"
                                                                                                ],
                                                                                                "Estimated Cardinality": "1260710"
                                                                                            },
                                                                                            "cumulative_cardinality": 1260710,
                                                                                            "operator_type": "TABLE_SCAN",
                                                                                            "operator_cardinality": 1260710,
                                                                                            "cumulative_rows_scanned": 1260710,
                                                                                            "operator_rows_scanned": 1260710,
                                                                                            "operator_timing": 0.01439657700000001,
                                                                                            "result_set_size": 10085680,
                                                                                            "children": []
                                                                                        }
                                                                                    ]
                                                                                }
                                                                            ]
                                                                        }
                                                                    ]
                                                                }
                                                            ]
                                                        }
                                                    ]
                                                },
                                                {
                                                    "operator_name": "FILTER",
                                                    "cpu_time": 0.5225552370000003,
                                                    "extra_info": {
                                                        "Expression": "(COALESCE(TotalPosts, 0) > 0)",
                                                        "Estimated Cardinality": "385011"
                                                    },
                                                    "cumulative_cardinality": 16229457,
                                                    "operator_type": "FILTER",
                                                    "operator_cardinality": 371632,
                                                    "cumulative_rows_scanned": 16594209,
                                                    "operator_rows_scanned": 0,
                                                    "operator_timing": 0.0022635570000000002,
                                                    "result_set_size": 16351808,
                                                    "children": [
                                                        {
                                                            "operator_name": "HASH_GROUP_BY",
                                                            "cpu_time": 0.5202916800000003,
                                                            "extra_info": {
                                                                "Groups": "#0",
                                                                "Aggregates": [
                                                                    "sum(#1)",
                                                                    "count_star()",
                                                                    "count(#2)",
                                                                    "count(#3)"
                                                                ],
                                                                "Estimated Cardinality": "1925058"
                                                            },
                                                            "cumulative_cardinality": 15857825,
                                                            "operator_type": "HASH_GROUP_BY",
                                                            "operator_cardinality": 371632,
                                                            "cumulative_rows_scanned": 16594209,
                                                            "operator_rows_scanned": 0,
                                                            "operator_timing": 0.13966647800000007,
                                                            "result_set_size": 16351808,
                                                            "children": [
                                                                {
                                                                    "operator_name": "PROJECTION",
                                                                    "cpu_time": 0.38062520200000016,
                                                                    "extra_info": {
                                                                        "Projections": [
                                                                            "owneruserid",
                                                                            "bountyamount",
                                                                            "CASE  WHEN ((posttypeid = 1)) THEN (1) ELSE NULL END",
                                                                            "CASE  WHEN ((posttypeid = 2)) THEN (1) ELSE NULL END"
                                                                        ],
                                                                        "Estimated Cardinality": "3850116"
                                                                    },
                                                                    "cumulative_cardinality": 15486193,
                                                                    "operator_type": "PROJECTION",
                                                                    "operator_cardinality": 3851957,
                                                                    "cumulative_rows_scanned": 16594209,
                                                                    "operator_rows_scanned": 0,
                                                                    "operator_timing": 0.05335109000000004,
                                                                    "result_set_size": 61631312,
                                                                    "children": [
                                                                        {
                                                                            "operator_name": "PROJECTION",
                                                                            "cpu_time": 0.3272741120000001,
                                                                            "extra_info": {
                                                                                "Projections": [
                                                                                    "#0",
                                                                                    "#1",
                                                                                    "#2",
                                                                                    "__internal_decompress_integral_integer(#3, 0)"
                                                                                ],
                                                                                "Estimated Cardinality": "3850116"
                                                                            },
                                                                            "cumulative_cardinality": 11634236,
                                                                            "operator_type": "PROJECTION",
                                                                            "operator_cardinality": 3851957,
                                                                            "cumulative_rows_scanned": 16594209,
                                                                            "operator_rows_scanned": 0,
                                                                            "operator_timing": 0.001373984000000005,
                                                                            "result_set_size": 53927398,
                                                                            "children": [
                                                                                {
                                                                                    "operator_name": "HASH_JOIN",
                                                                                    "cpu_time": 0.3259001280000001,
                                                                                    "extra_info": {
                                                                                        "Join Type": "LEFT",
                                                                                        "Conditions": "id = postid",
                                                                                        "Estimated Cardinality": "3850116"
                                                                                    },
                                                                                    "cumulative_cardinality": 7782279,
                                                                                    "operator_type": "HASH_JOIN",
                                                                                    "operator_cardinality": 3851957,
                                                                                    "cumulative_rows_scanned": 16594209,
                                                                                    "operator_rows_scanned": 0,
                                                                                    "operator_timing": 0.07373968899999975,
                                                                                    "result_set_size": 46223484,
                                                                                    "children": [
                                                                                        {
                                                                                            "operator_name": "READ_PARQUET ",
                                                                                            "cpu_time": 0.05884640399999994,
                                                                                            "extra_info": {
                                                                                                "Function": "READ_PARQUET",
                                                                                                "Projections": [
                                                                                                    "id",
                                                                                                    "posttypeid",
                                                                                                    "owneruserid"
                                                                                                ],
                                                                                                "Estimated Cardinality": "3850116"
                                                                                            },
                                                                                            "cumulative_cardinality": 3850116,
                                                                                            "operator_type": "TABLE_SCAN",
                                                                                            "operator_cardinality": 3850116,
                                                                                            "cumulative_rows_scanned": 3850116,
                                                                                            "operator_rows_scanned": 3850116,
                                                                                            "operator_timing": 0.05884640399999994,
                                                                                            "result_set_size": 38501160,
                                                                                            "children": []
                                                                                        },
                                                                                        {
                                                                                            "operator_name": "PROJECTION",
                                                                                            "cpu_time": 0.19331403500000047,
                                                                                            "extra_info": {
                                                                                                "Projections": [
                                                                                                    "#0",
                                                                                                    "__internal_compress_integral_usmallint(#1, 0)"
                                                                                                ],
                                                                                                "Estimated Cardinality": "2548818"
                                                                                            },
                                                                                            "cumulative_cardinality": 80206,
                                                                                            "operator_type": "PROJECTION",
                                                                                            "operator_cardinality": 40103,
                                                                                            "cumulative_rows_scanned": 12744093,
                                                                                            "operator_rows_scanned": 0,
                                                                                            "operator_timing": 0.002719353000000017,
                                                                                            "result_set_size": 240618,
                                                                                            "children": [
                                                                                                {
                                                                                                    "operator_name": "READ_PARQUET ",
                                                                                                    "cpu_time": 0.19059468200000046,
                                                                                                    "extra_info": {
                                                                                                        "Function": "READ_PARQUET",
                                                                                                        "Projections": [
                                                                                                            "postid",
                                                                                                            "bountyamount"
                                                                                                        ],
                                                                                                        "Filters": "votetypeid=8",
                                                                                                        "Estimated Cardinality": "2548818"
                                                                                                    },
                                                                                                    "cumulative_cardinality": 40103,
                                                                                                    "operator_type": "TABLE_SCAN",
                                                                                                    "operator_cardinality": 40103,
                                                                                                    "cumulative_rows_scanned": 12744093,
                                                                                                    "operator_rows_scanned": 12744093,
                                                                                                    "operator_timing": 0.19059468200000046,
                                                                                                    "result_set_size": 320824,
                                                                                                    "children": []
                                                                                                }
                                                                                            ]
                                                                                        }
                                                                                    ]
                                                                                }
                                                                            ]
                                                                        }
                                                                    ]
                                                                }
                                                            ]
                                                        }
                                                    ]
                                                }
                                            ]
                                        }
                                    ]
                                }
                            ]
                        }
                    ]
                }
            ]
        }
    ]
}