{
    "rows_returned": 10,
    "query_name": "SELECT \n    U.DisplayName,\n    COUNT(P.Id) AS PostCount,\n    SUM(COALESCE(P.Score, 0)) AS TotalScore\nFROM \n    Users U\nLEFT JOIN \n    Posts P ON U.Id = P.OwnerUserId\nGROUP BY \n    U.DisplayName\nORDER BY \n    TotalScore DESC\nLIMIT 10;\n",
    "blocked_thread_time": 0.0,
    "cpu_time": 0.8819573320000005,
    "extra_info": {},
    "cumulative_cardinality": 15144958,
    "cumulative_rows_scanned": 5110826,
    "result_set_size": 400,
    "latency": 0.983491735,
    "children": [
        {
            "operator_name": "STREAMING_LIMIT",
            "cpu_time": 0.8819573320000005,
            "extra_info": {},
            "cumulative_cardinality": 15144958,
            "operator_type": "STREAMING_LIMIT",
            "operator_cardinality": 10,
            "cumulative_rows_scanned": 5110826,
            "operator_rows_scanned": 0,
            "operator_timing": 0.000001973,
            "result_set_size": 400,
            "children": [
                {
                    "operator_name": "ORDER_BY",
                    "cpu_time": 0.8819553590000004,
                    "extra_info": {
                        "Order By": "sum(COALESCE(P.Score, 0)) DESC"
                    },
                    "cumulative_cardinality": 15144948,
                    "operator_type": "ORDER_BY",
                    "operator_cardinality": 4096,
                    "cumulative_rows_scanned": 5110826,
                    "operator_rows_scanned": 0,
                    "operator_timing": 0.04784528200000002,
                    "result_set_size": 163840,
                    "children": [
                        {
                            "operator_name": "HASH_GROUP_BY",
                            "cpu_time": 0.8341100770000004,
                            "extra_info": {
                                "Groups": "#0",
                                "Aggregates": [
                                    "count(#1)",
                                    "sum(#2)"
                                ],
                                "Estimated Cardinality": "1260710"
                            },
                            "cumulative_cardinality": 15140852,
                            "operator_type": "HASH_GROUP_BY",
                            "operator_cardinality": 1045736,
                            "cumulative_rows_scanned": 5110826,
                            "operator_rows_scanned": 0,
                            "operator_timing": 0.350901987,
                            "result_set_size": 41829440,
                            "children": [
                                {
                                    "operator_name": "PROJECTION",
                                    "cpu_time": 0.48320809000000037,
                                    "extra_info": {
                                        "Projections": [
                                            "displayname",
                                            "id",
                                            "COALESCE(score, 0)"
                                        ],
                                        "Estimated Cardinality": "3850116"
                                    },
                                    "cumulative_cardinality": 14095116,
                                    "operator_type": "PROJECTION",
                                    "operator_cardinality": 4574495,
                                    "cumulative_rows_scanned": 5110826,
                                    "operator_rows_scanned": 0,
                                    "operator_timing": 0.0417052330000001,
                                    "result_set_size": 109787880,
                                    "children": [
                                        {
                                            "operator_name": "HASH_JOIN",
                                            "cpu_time": 0.44150285700000025,
                                            "extra_info": {
                                                "Join Type": "RIGHT",
                                                "Conditions": "owneruserid = id",
                                                "Estimated Cardinality": "3850116"
                                            },
                                            "cumulative_cardinality": 9520621,
                                            "operator_type": "HASH_JOIN",
                                            "operator_cardinality": 4574495,
                                            "cumulative_rows_scanned": 5110826,
                                            "operator_rows_scanned": 0,
                                            "operator_timing": 0.2454313500000004,
                                            "result_set_size": 109787880,
                                            "children": [
                                                {
                                                    "operator_name": "READ_PARQUET ",
                                                    "cpu_time": 0.11697643199999987,
                                                    "extra_info": {
                                                        "Function": "READ_PARQUET",
                                                        "Projections": [
                                                            "id",
                                                            "score",
                                                            "owneruserid"
                                                        ],
                                                        "Estimated Cardinality": "3850116"
                                                    },
                                                    "cumulative_cardinality": 3685416,
                                                    "operator_type": "TABLE_SCAN",
                                                    "operator_cardinality": 3685416,
                                                    "cumulative_rows_scanned": 3850116,
                                                    "operator_rows_scanned": 3850116,
                                                    "operator_timing": 0.11697643199999987,
                                                    "result_set_size": 44224992,
                                                    "children": []
                                                },
                                                {
                                                    "operator_name": "READ_PARQUET ",
                                                    "cpu_time": 0.07909507499999993,
                                                    "extra_info": {
                                                        "Function": "READ_PARQUET",
                                                        "Projections": [
                                                            "id",
                                                            "displayname"
                                                        ],
                                                        "Estimated Cardinality": "1260710"
                                                    },
                                                    "cumulative_cardinality": 1260710,
                                                    "operator_type": "TABLE_SCAN",
                                                    "operator_cardinality": 1260710,
                                                    "cumulative_rows_scanned": 1260710,
                                                    "operator_rows_scanned": 1260710,
                                                    "operator_timing": 0.07909507499999993,
                                                    "result_set_size": 25214200,
                                                    "children": []
                                                }
                                            ]
                                        }
                                    ]
                                }
                            ]
                        }
                    ]
                }
            ]
        }
    ]
}