{
    "rows_returned": 1045736,
    "query_name": "SELECT \n    Users.DisplayName,\n    COUNT(DISTINCT Posts.Id) AS PostCount,\n    SUM(CASE WHEN Posts.PostTypeId = 1 THEN 1 ELSE 0 END) AS Questions,\n    SUM(CASE WHEN Posts.PostTypeId = 2 THEN 1 ELSE 0 END) AS Answers,\n    AVG(Users.Reputation) AS AverageReputation\nFROM \n    Users\nLEFT JOIN \n    Posts ON Users.Id = Posts.OwnerUserId\nGROUP BY \n    Users.DisplayName\nORDER BY \n    PostCount DESC;\n",
    "blocked_thread_time": 0.0,
    "cpu_time": 1.8848865240000001,
    "extra_info": {},
    "cumulative_cardinality": 16186588,
    "cumulative_rows_scanned": 5110826,
    "result_set_size": 66927104,
    "latency": 6.236808755,
    "children": [
        {
            "operator_name": "ORDER_BY",
            "cpu_time": 1.8848865240000001,
            "extra_info": {
                "Order By": "count(DISTINCT \"temp\".main.posts.Id) DESC"
            },
            "cumulative_cardinality": 16186588,
            "operator_type": "ORDER_BY",
            "operator_cardinality": 1045736,
            "cumulative_rows_scanned": 5110826,
            "operator_rows_scanned": 0,
            "operator_timing": 0.07733327899999999,
            "result_set_size": 66927104,
            "children": [
                {
                    "operator_name": "HASH_GROUP_BY",
                    "cpu_time": 1.807553245,
                    "extra_info": {
                        "Groups": "#0",
                        "Aggregates": [
                            "count(DISTINCT #1)",
                            "sum(#2)",
                            "sum(#3)",
                            "avg(#4)"
                        ],
                        "Estimated Cardinality": "1260710"
                    },
                    "cumulative_cardinality": 15140852,
                    "operator_type": "HASH_GROUP_BY",
                    "operator_cardinality": 1045736,
                    "cumulative_rows_scanned": 5110826,
                    "operator_rows_scanned": 0,
                    "operator_timing": 1.2740832819999994,
                    "result_set_size": 66927104,
                    "children": [
                        {
                            "operator_name": "PROJECTION",
                            "cpu_time": 0.5334699630000006,
                            "extra_info": {
                                "Projections": [
                                    "displayname",
                                    "id",
                                    "CASE  WHEN ((posttypeid = 1)) THEN (1) ELSE 0 END",
                                    "CASE  WHEN ((posttypeid = 2)) THEN (1) ELSE 0 END",
                                    "reputation"
                                ],
                                "Estimated Cardinality": "3850116"
                            },
                            "cumulative_cardinality": 14095116,
                            "operator_type": "PROJECTION",
                            "operator_cardinality": 4574495,
                            "cumulative_rows_scanned": 5110826,
                            "operator_rows_scanned": 0,
                            "operator_timing": 0.049483412000000115,
                            "result_set_size": 146383840,
                            "children": [
                                {
                                    "operator_name": "HASH_JOIN",
                                    "cpu_time": 0.48398655100000054,
                                    "extra_info": {
                                        "Join Type": "RIGHT",
                                        "Conditions": "owneruserid = id",
                                        "Estimated Cardinality": "3850116"
                                    },
                                    "cumulative_cardinality": 9520621,
                                    "operator_type": "HASH_JOIN",
                                    "operator_cardinality": 4574495,
                                    "cumulative_rows_scanned": 5110826,
                                    "operator_rows_scanned": 0,
                                    "operator_timing": 0.2799384560000006,
                                    "result_set_size": 118936870,
                                    "children": [
                                        {
                                            "operator_name": "READ_PARQUET ",
                                            "cpu_time": 0.11888668799999999,
                                            "extra_info": {
                                                "Function": "READ_PARQUET",
                                                "Projections": [
                                                    "id",
                                                    "posttypeid",
                                                    "owneruserid"
                                                ],
                                                "Estimated Cardinality": "3850116"
                                            },
                                            "cumulative_cardinality": 3685416,
                                            "operator_type": "TABLE_SCAN",
                                            "operator_cardinality": 3685416,
                                            "cumulative_rows_scanned": 3850116,
                                            "operator_rows_scanned": 3850116,
                                            "operator_timing": 0.11888668799999999,
                                            "result_set_size": 36854160,
                                            "children": []
                                        },
                                        {
                                            "operator_name": "READ_PARQUET ",
                                            "cpu_time": 0.08516140699999997,
                                            "extra_info": {
                                                "Function": "READ_PARQUET",
                                                "Projections": [
                                                    "id",
                                                    "reputation",
                                                    "displayname"
                                                ],
                                                "Estimated Cardinality": "1260710"
                                            },
                                            "cumulative_cardinality": 1260710,
                                            "operator_type": "TABLE_SCAN",
                                            "operator_cardinality": 1260710,
                                            "cumulative_rows_scanned": 1260710,
                                            "operator_rows_scanned": 1260710,
                                            "operator_timing": 0.08516140699999997,
                                            "result_set_size": 30257040,
                                            "children": []
                                        }
                                    ]
                                }
                            ]
                        }
                    ]
                }
            ]
        }
    ]
}