{
    "rows_returned": 10,
    "query_name": "SELECT \n    U.DisplayName,\n    P.Title,\n    P.CreationDate,\n    P.Score,\n    COUNT(C.CommentId) AS CommentCount\nFROM \n    Posts P\nJOIN \n    Users U ON P.OwnerUserId = U.Id\nLEFT JOIN \n    (SELECT PostId, COUNT(Id) AS CommentId FROM Comments GROUP BY PostId) C ON P.Id = C.PostId\nWHERE \n    P.PostTypeId = 1 \nGROUP BY \n    U.DisplayName, P.Title, P.CreationDate, P.Score\nORDER BY \n    P.CreationDate DESC\nLIMIT 10;",
    "blocked_thread_time": 0.0,
    "cpu_time": 2.2700224629999997,
    "extra_info": {},
    "cumulative_cardinality": 30712000,
    "cumulative_rows_scanned": 12352648,
    "result_set_size": 520,
    "latency": 2.60802757,
    "children": [
        {
            "operator_name": "STREAMING_LIMIT",
            "cpu_time": 2.2700224629999997,
            "extra_info": {},
            "cumulative_cardinality": 30712000,
            "operator_type": "STREAMING_LIMIT",
            "operator_cardinality": 10,
            "cumulative_rows_scanned": 12352648,
            "operator_rows_scanned": 0,
            "operator_timing": 0.0000018430000000000002,
            "result_set_size": 520,
            "children": [
                {
                    "operator_name": "PROJECTION",
                    "cpu_time": 2.2700206199999995,
                    "extra_info": {
                        "Projections": [
                            "#0",
                            "#1",
                            "#2",
                            "__internal_decompress_integral_integer(#3, -72)",
                            "#4"
                        ],
                        "Estimated Cardinality": "1810455"
                    },
                    "cumulative_cardinality": 30711990,
                    "operator_type": "PROJECTION",
                    "operator_cardinality": 4096,
                    "cumulative_rows_scanned": 12352648,
                    "operator_rows_scanned": 0,
                    "operator_timing": 0.000006533,
                    "result_set_size": 212992,
                    "children": [
                        {
                            "operator_name": "ORDER_BY",
                            "cpu_time": 2.2700140869999994,
                            "extra_info": {
                                "Order By": "P.CreationDate DESC"
                            },
                            "cumulative_cardinality": 30707894,
                            "operator_type": "ORDER_BY",
                            "operator_cardinality": 4096,
                            "cumulative_rows_scanned": 12352648,
                            "operator_rows_scanned": 0,
                            "operator_timing": 0.10420241599999999,
                            "result_set_size": 204800,
                            "children": [
                                {
                                    "operator_name": "PROJECTION",
                                    "cpu_time": 2.1658116709999993,
                                    "extra_info": {
                                        "Projections": [
                                            "#0",
                                            "#1",
                                            "#2",
                                            "__internal_compress_integral_usmallint(#3, -72)",
                                            "#4"
                                        ],
                                        "Estimated Cardinality": "1810455"
                                    },
                                    "cumulative_cardinality": 30703798,
                                    "operator_type": "PROJECTION",
                                    "operator_cardinality": 1589663,
                                    "cumulative_rows_scanned": 12352648,
                                    "operator_rows_scanned": 0,
                                    "operator_timing": 0.0005897420000000002,
                                    "result_set_size": 79483150,
                                    "children": [
                                        {
                                            "operator_name": "PROJECTION",
                                            "cpu_time": 2.1652219289999994,
                                            "extra_info": {
                                                "Projections": [
                                                    "#0",
                                                    "#1",
                                                    "#2",
                                                    "__internal_decompress_integral_integer(#3, -72)",
                                                    "#4"
                                                ],
                                                "Estimated Cardinality": "1810455"
                                            },
                                            "cumulative_cardinality": 29114135,
                                            "operator_type": "PROJECTION",
                                            "operator_cardinality": 1589663,
                                            "cumulative_rows_scanned": 12352648,
                                            "operator_rows_scanned": 0,
                                            "operator_timing": 0.0006037529999999997,
                                            "result_set_size": 82662476,
                                            "children": [
                                                {
                                                    "operator_name": "HASH_GROUP_BY",
                                                    "cpu_time": 2.1646181759999994,
                                                    "extra_info": {
                                                        "Groups": [
                                                            "#0",
                                                            "#1",
                                                            "#2",
                                                            "#3"
                                                        ],
                                                        "Aggregates": "count(#4)",
                                                        "Estimated Cardinality": "1810455"
                                                    },
                                                    "cumulative_cardinality": 27524472,
                                                    "operator_type": "HASH_GROUP_BY",
                                                    "operator_cardinality": 1589663,
                                                    "cumulative_rows_scanned": 12352648,
                                                    "operator_rows_scanned": 0,
                                                    "operator_timing": 0.6108445419999997,
                                                    "result_set_size": 79483150,
                                                    "children": [
                                                        {
                                                            "operator_name": "PROJECTION",
                                                            "cpu_time": 1.553773634,
                                                            "extra_info": {
                                                                "Projections": [
                                                                    "displayname",
                                                                    "title",
                                                                    "creationdate",
                                                                    "score",
                                                                    "CommentId"
                                                                ],
                                                                "Estimated Cardinality": "3620911"
                                                            },
                                                            "cumulative_cardinality": 25934809,
                                                            "operator_type": "PROJECTION",
                                                            "operator_cardinality": 1589663,
                                                            "cumulative_rows_scanned": 12352648,
                                                            "operator_rows_scanned": 0,
                                                            "operator_timing": 0.00045015099999999743,
                                                            "result_set_size": 79483150,
                                                            "children": [
                                                                {
                                                                    "operator_name": "PROJECTION",
                                                                    "cpu_time": 1.553323483,
                                                                    "extra_info": {
                                                                        "Projections": [
                                                                            "#0",
                                                                            "#2",
                                                                            "__internal_compress_integral_usmallint(#3, -72)",
                                                                            "#4",
                                                                            "#1"
                                                                        ],
                                                                        "Estimated Cardinality": "3620911"
                                                                    },
                                                                    "cumulative_cardinality": 24345146,
                                                                    "operator_type": "PROJECTION",
                                                                    "operator_cardinality": 1589663,
                                                                    "cumulative_rows_scanned": 12352648,
                                                                    "operator_rows_scanned": 0,
                                                                    "operator_timing": 0.0011603889999999995,
                                                                    "result_set_size": 79483150,
                                                                    "children": [
                                                                        {
                                                                            "operator_name": "HASH_JOIN",
                                                                            "cpu_time": 1.552163094,
                                                                            "extra_info": {
                                                                                "Join Type": "RIGHT",
                                                                                "Conditions": "postid = id",
                                                                                "Estimated Cardinality": "3620911"
                                                                            },
                                                                            "cumulative_cardinality": 22755483,
                                                                            "operator_type": "HASH_JOIN",
                                                                            "operator_cardinality": 1589663,
                                                                            "cumulative_rows_scanned": 12352648,
                                                                            "operator_rows_scanned": 0,
                                                                            "operator_timing": 0.3507785759999995,
                                                                            "result_set_size": 82662476,
                                                                            "children": [
                                                                                {
                                                                                    "operator_name": "HASH_GROUP_BY",
                                                                                    "cpu_time": 0.3361928780000003,
                                                                                    "extra_info": {
                                                                                        "Groups": "#0",
                                                                                        "Aggregates": "count_star()",
                                                                                        "Estimated Cardinality": "3620911"
                                                                                    },
                                                                                    "cumulative_cardinality": 16647316,
                                                                                    "operator_type": "HASH_GROUP_BY",
                                                                                    "operator_cardinality": 2163672,
                                                                                    "cumulative_rows_scanned": 7241822,
                                                                                    "operator_rows_scanned": 0,
                                                                                    "operator_timing": 0.2541175210000004,
                                                                                    "result_set_size": 25964064,
                                                                                    "children": [
                                                                                        {
                                                                                            "operator_name": "PROJECTION",
                                                                                            "cpu_time": 0.0820753569999999,
                                                                                            "extra_info": {
                                                                                                "Projections": "postid",
                                                                                                "Estimated Cardinality": "7241822"
                                                                                            },
                                                                                            "cumulative_cardinality": 14483644,
                                                                                            "operator_type": "PROJECTION",
                                                                                            "operator_cardinality": 7241822,
                                                                                            "cumulative_rows_scanned": 7241822,
                                                                                            "operator_rows_scanned": 0,
                                                                                            "operator_timing": 0.0003947510000000039,
                                                                                            "result_set_size": 28967288,
                                                                                            "children": [
                                                                                                {
                                                                                                    "operator_name": "READ_PARQUET ",
                                                                                                    "cpu_time": 0.0816806059999999,
                                                                                                    "extra_info": {
                                                                                                        "Function": "READ_PARQUET",
                                                                                                        "Projections": [
                                                                                                            "id",
                                                                                                            "postid"
                                                                                                        ],
                                                                                                        "Estimated Cardinality": "7241822"
                                                                                                    },
                                                                                                    "cumulative_cardinality": 7241822,
                                                                                                    "operator_type": "TABLE_SCAN",
                                                                                                    "operator_cardinality": 7241822,
                                                                                                    "cumulative_rows_scanned": 7241822,
                                                                                                    "operator_rows_scanned": 7241822,
                                                                                                    "operator_timing": 0.0816806059999999,
                                                                                                    "result_set_size": 57934576,
                                                                                                    "children": []
                                                                                                }
                                                                                            ]
                                                                                        }
                                                                                    ]
                                                                                },
                                                                                {
                                                                                    "operator_name": "HASH_JOIN",
                                                                                    "cpu_time": 0.8651916400000002,
                                                                                    "extra_info": {
                                                                                        "Join Type": "INNER",
                                                                                        "Conditions": "id = owneruserid",
                                                                                        "Estimated Cardinality": "770023"
                                                                                    },
                                                                                    "cumulative_cardinality": 4518504,
                                                                                    "operator_type": "HASH_JOIN",
                                                                                    "operator_cardinality": 1589663,
                                                                                    "cumulative_rows_scanned": 5110826,
                                                                                    "operator_rows_scanned": 0,
                                                                                    "operator_timing": 0.26814899400000003,
                                                                                    "result_set_size": 76303824,
                                                                                    "children": [
                                                                                        {
                                                                                            "operator_name": "READ_PARQUET ",
                                                                                            "cpu_time": 0.09166875699999993,
                                                                                            "extra_info": {
                                                                                                "Function": "READ_PARQUET",
                                                                                                "Projections": [
                                                                                                    "id",
                                                                                                    "displayname"
                                                                                                ],
                                                                                                "Filters": "id<=1416539",
                                                                                                "Estimated Cardinality": "1260710"
                                                                                            },
                                                                                            "cumulative_cardinality": 1260677,
                                                                                            "operator_type": "TABLE_SCAN",
                                                                                            "operator_cardinality": 1260677,
                                                                                            "cumulative_rows_scanned": 1260710,
                                                                                            "operator_rows_scanned": 1260710,
                                                                                            "operator_timing": 0.09166875699999993,
                                                                                            "result_set_size": 25213540,
                                                                                            "children": []
                                                                                        },
                                                                                        {
                                                                                            "operator_name": "READ_PARQUET ",
                                                                                            "cpu_time": 0.5053738890000001,
                                                                                            "extra_info": {
                                                                                                "Function": "READ_PARQUET",
                                                                                                "Projections": [
                                                                                                    "id",
                                                                                                    "creationdate",
                                                                                                    "score",
                                                                                                    "owneruserid",
                                                                                                    "title"
                                                                                                ],
                                                                                                "Filters": "posttypeid=1",
                                                                                                "Estimated Cardinality": "770023"
                                                                                            },
                                                                                            "cumulative_cardinality": 1668164,
                                                                                            "operator_type": "TABLE_SCAN",
                                                                                            "operator_cardinality": 1668164,
                                                                                            "cumulative_rows_scanned": 3850116,
                                                                                            "operator_rows_scanned": 3850116,
                                                                                            "operator_timing": 0.5053738890000001,
                                                                                            "result_set_size": 60053904,
                                                                                            "children": []
                                                                                        }
                                                                                    ]
                                                                                }
                                                                            ]
                                                                        }
                                                                    ]
                                                                }
                                                            ]
                                                        }
                                                    ]
                                                }
                                            ]
                                        }
                                    ]
                                }
                            ]
                        }
                    ]
                }
            ]
        }
    ]
}