{
    "rows_returned": 100,
    "query_name": "\nWITH UserReputation AS (\n    SELECT\n        U.Id AS UserId,\n        U.DisplayName,\n        U.Reputation,\n        ROW_NUMBER() OVER (ORDER BY U.Reputation DESC) AS Rank\n    FROM Users U\n),\nActiveQuestions AS (\n    SELECT\n        P.Id AS QuestionId,\n        P.Title,\n        P.CreationDate,\n        COALESCE(P.AcceptedAnswerId, 0) AS AcceptedAnswerId,\n        COUNT(CASE WHEN C.Id IS NOT NULL THEN 1 END) AS CommentCount,\n        AVG(CASE WHEN V.VoteTypeId = 2 THEN 1.0 ELSE 0 END) AS AvgUpVotes\n    FROM Posts P\n    LEFT JOIN Comments C ON P.Id = C.PostId\n    LEFT JOIN Votes V ON P.Id = V.PostId AND V.VoteTypeId = 2\n    WHERE P.PostTypeId = 1 \n    GROUP BY P.Id, P.Title, P.AcceptedAnswerId, P.CreationDate\n),\nClosedQuestions AS (\n    SELECT\n        PH.PostId,\n        COUNT(*) AS CloseCount\n    FROM PostHistory PH\n    WHERE PH.PostHistoryTypeId = 10\n    GROUP BY PH.PostId\n),\nFinalResults AS (\n    SELECT\n        AQ.QuestionId,\n        AQ.Title,\n        AQ.AcceptedAnswerId,\n        AQ.CommentCount,\n        AQ.AvgUpVotes,\n        COALESCE(CQ.CloseCount, 0) AS CloseCount,\n        UR.Reputation\n    FROM ActiveQuestions AQ\n    LEFT JOIN ClosedQuestions CQ ON AQ.QuestionId = CQ.PostId\n    JOIN UserReputation UR ON AQ.AcceptedAnswerId = UR.UserId\n)\n\nSELECT \n    FR.QuestionId,\n    FR.Title,\n    FR.CommentCount,\n    FR.AvgUpVotes,\n    FR.CloseCount,\n    CASE \n        WHEN FR.Reputation > 1000 THEN 'High Reputation'\n        WHEN FR.Reputation BETWEEN 500 AND 1000 THEN 'Medium Reputation'\n        ELSE 'Low Reputation'\n    END AS ReputationCategory\nFROM FinalResults FR\nWHERE FR.CloseCount = 0\nORDER BY FR.AvgUpVotes DESC, FR.CommentCount DESC\nFETCH FIRST 100 ROWS ONLY;\n",
    "blocked_thread_time": 0.0,
    "cpu_time": 3.9015265669999994,
    "extra_info": {},
    "cumulative_cardinality": 90011034,
    "cumulative_rows_scanned": 36891985,
    "result_set_size": 6000,
    "latency": 4.508473612,
    "children": [
        {
            "operator_name": "STREAMING_LIMIT",
            "cpu_time": 3.9015265669999994,
            "extra_info": {},
            "cumulative_cardinality": 90011034,
            "operator_type": "STREAMING_LIMIT",
            "operator_cardinality": 100,
            "cumulative_rows_scanned": 36891985,
            "operator_rows_scanned": 0,
            "operator_timing": 0.000002645,
            "result_set_size": 6000,
            "children": [
                {
                    "operator_name": "ORDER_BY",
                    "cpu_time": 3.9015239219999995,
                    "extra_info": {
                        "Order By": [
                            "FR.AvgUpVotes DESC",
                            "FR.CommentCount DESC"
                        ]
                    },
                    "cumulative_cardinality": 90010934,
                    "operator_type": "ORDER_BY",
                    "operator_cardinality": 4096,
                    "cumulative_rows_scanned": 36891985,
                    "operator_rows_scanned": 0,
                    "operator_timing": 0.016708155999999984,
                    "result_set_size": 245760,
                    "children": [
                        {
                            "operator_name": "PROJECTION",
                            "cpu_time": 3.8848157659999996,
                            "extra_info": {
                                "Projections": [
                                    "QuestionId",
                                    "title",
                                    "CommentCount",
                                    "AvgUpVotes",
                                    "CloseCount",
                                    "ReputationCategory"
                                ],
                                "Estimated Cardinality": "970775696330"
                            },
                            "cumulative_cardinality": 90006838,
                            "operator_type": "PROJECTION",
                            "operator_cardinality": 224363,
                            "cumulative_rows_scanned": 36891985,
                            "operator_rows_scanned": 0,
                            "operator_timing": 0.003058181000000001,
                            "result_set_size": 13461780,
                            "children": [
                                {
                                    "operator_name": "PROJECTION",
                                    "cpu_time": 3.8817575849999995,
                                    "extra_info": {
                                        "Projections": [
                                            "QuestionId",
                                            "title",
                                            "CommentCount",
                                            "AvgUpVotes",
                                            "CloseCount",
                                            "reputation"
                                        ],
                                        "Estimated Cardinality": "970775696330"
                                    },
                                    "cumulative_cardinality": 89782475,
                                    "operator_type": "PROJECTION",
                                    "operator_cardinality": 224363,
                                    "cumulative_rows_scanned": 36891985,
                                    "operator_rows_scanned": 0,
                                    "operator_timing": 0.0020338879999999998,
                                    "result_set_size": 10769424,
                                    "children": [
                                        {
                                            "operator_name": "HASH_JOIN",
                                            "cpu_time": 3.8797236969999993,
                                            "extra_info": {
                                                "Join Type": "INNER",
                                                "Conditions": "AcceptedAnswerId = UserId",
                                                "Estimated Cardinality": "970775696330"
                                            },
                                            "cumulative_cardinality": 89558112,
                                            "operator_type": "HASH_JOIN",
                                            "operator_cardinality": 224363,
                                            "cumulative_rows_scanned": 36891985,
                                            "operator_rows_scanned": 0,
                                            "operator_timing": 0.07653575799999997,
                                            "result_set_size": 10769424,
                                            "children": [
                                                {
                                                    "operator_name": "FILTER",
                                                    "cpu_time": 3.7500067109999993,
                                                    "extra_info": {
                                                        "Expression": "((AcceptedAnswerId <= 1416570) AND (COALESCE(CloseCount, 0) = 0))",
                                                        "Estimated Cardinality": "3850116"
                                                    },
                                                    "cumulative_cardinality": 83030201,
                                                    "operator_type": "FILTER",
                                                    "operator_cardinality": 990401,
                                                    "cumulative_rows_scanned": 35631275,
                                                    "operator_rows_scanned": 0,
                                                    "operator_timing": 0.026474591000000013,
                                                    "result_set_size": 47539248,
                                                    "children": [
                                                        {
                                                            "operator_name": "HASH_JOIN",
                                                            "cpu_time": 3.7235321199999993,
                                                            "extra_info": {
                                                                "Join Type": "LEFT",
                                                                "Conditions": "QuestionId = postid",
                                                                "Estimated Cardinality": "3850116"
                                                            },
                                                            "cumulative_cardinality": 82039800,
                                                            "operator_type": "HASH_JOIN",
                                                            "operator_cardinality": 1668164,
                                                            "cumulative_rows_scanned": 35631275,
                                                            "operator_rows_scanned": 0,
                                                            "operator_timing": 0.037288492000000124,
                                                            "result_set_size": 80071872,
                                                            "children": [
                                                                {
                                                                    "operator_name": "PROJECTION",
                                                                    "cpu_time": 3.5107492519999988,
                                                                    "extra_info": {
                                                                        "Projections": [
                                                                            "QuestionId",
                                                                            "title",
                                                                            "AcceptedAnswerId",
                                                                            "CommentCount",
                                                                            "AvgUpVotes"
                                                                        ],
                                                                        "Estimated Cardinality": "3850116"
                                                                    },
                                                                    "cumulative_cardinality": 80008201,
                                                                    "operator_type": "PROJECTION",
                                                                    "operator_cardinality": 1668164,
                                                                    "cumulative_rows_scanned": 23836031,
                                                                    "operator_rows_scanned": 0,
                                                                    "operator_timing": 0.015212434000000007,
                                                                    "result_set_size": 66726560,
                                                                    "children": [
                                                                        {
                                                                            "operator_name": "HASH_GROUP_BY",
                                                                            "cpu_time": 3.495536817999999,
                                                                            "extra_info": {
                                                                                "Groups": [
                                                                                    "#0",
                                                                                    "#1",
                                                                                    "#2",
                                                                                    "#3"
                                                                                ],
                                                                                "Aggregates": [
                                                                                    "count(#4)",
                                                                                    "avg(#5)"
                                                                                ],
                                                                                "Estimated Cardinality": "3850116"
                                                                            },
                                                                            "cumulative_cardinality": 78340037,
                                                                            "operator_type": "HASH_GROUP_BY",
                                                                            "operator_cardinality": 1668164,
                                                                            "cumulative_rows_scanned": 23836031,
                                                                            "operator_rows_scanned": 0,
                                                                            "operator_timing": 1.3257048700000014,
                                                                            "result_set_size": 80071872,
                                                                            "children": [
                                                                                {
                                                                                    "operator_name": "PROJECTION",
                                                                                    "cpu_time": 2.1698319479999975,
                                                                                    "extra_info": {
                                                                                        "Projections": [
                                                                                            "id",
                                                                                            "title",
                                                                                            "acceptedanswerid",
                                                                                            "creationdate",
                                                                                            "CASE  WHEN ((id IS NOT NULL)) THEN (1) ELSE NULL END",
                                                                                            "CASE  WHEN ((votetypeid = 2)) THEN (1.0) ELSE 0.0 END"
                                                                                        ],
                                                                                        "Estimated Cardinality": "7241822"
                                                                                    },
                                                                                    "cumulative_cardinality": 76671873,
                                                                                    "operator_type": "PROJECTION",
                                                                                    "operator_cardinality": 14838676,
                                                                                    "cumulative_rows_scanned": 23836031,
                                                                                    "operator_rows_scanned": 0,
                                                                                    "operator_timing": 0.07037003900000027,
                                                                                    "result_set_size": 652901744,
                                                                                    "children": [
                                                                                        {
                                                                                            "operator_name": "PROJECTION",
                                                                                            "cpu_time": 2.0994619089999973,
                                                                                            "extra_info": {
                                                                                                "Projections": [
                                                                                                    "#0",
                                                                                                    "#1",
                                                                                                    "#2",
                                                                                                    "#3",
                                                                                                    "#4",
                                                                                                    "__internal_decompress_integral_smallint(#5, 2)"
                                                                                                ],
                                                                                                "Estimated Cardinality": "7241822"
                                                                                            },
                                                                                            "cumulative_cardinality": 61833197,
                                                                                            "operator_type": "PROJECTION",
                                                                                            "operator_cardinality": 14838676,
                                                                                            "cumulative_rows_scanned": 23836031,
                                                                                            "operator_rows_scanned": 0,
                                                                                            "operator_timing": 0.02576092799999998,
                                                                                            "result_set_size": 563869688,
                                                                                            "children": [
                                                                                                {
                                                                                                    "operator_name": "HASH_JOIN",
                                                                                                    "cpu_time": 2.0737009809999973,
                                                                                                    "extra_info": {
                                                                                                        "Join Type": "LEFT",
                                                                                                        "Conditions": "id = postid",
                                                                                                        "Estimated Cardinality": "7241822"
                                                                                                    },
                                                                                                    "cumulative_cardinality": 46994521,
                                                                                                    "operator_type": "HASH_JOIN",
                                                                                                    "operator_cardinality": 14838676,
                                                                                                    "cumulative_rows_scanned": 23836031,
                                                                                                    "operator_rows_scanned": 0,
                                                                                                    "operator_timing": 0.7263569010000022,
                                                                                                    "result_set_size": 549031012,
                                                                                                    "children": [
                                                                                                        {
                                                                                                            "operator_name": "HASH_JOIN",
                                                                                                            "cpu_time": 1.0802342969999967,
                                                                                                            "extra_info": {
                                                                                                                "Join Type": "RIGHT",
                                                                                                                "Conditions": "postid = id",
                                                                                                                "Estimated Cardinality": "7241822"
                                                                                                            },
                                                                                                            "cumulative_cardinality": 13587911,
                                                                                                            "operator_type": "HASH_JOIN",
                                                                                                            "operator_cardinality": 4677925,
                                                                                                            "cumulative_rows_scanned": 11091938,
                                                                                                            "operator_rows_scanned": 0,
                                                                                                            "operator_timing": 0.4762638019999972,
                                                                                                            "result_set_size": 168405300,
                                                                                                            "children": [
                                                                                                                {
                                                                                                                    "operator_name": "READ_PARQUET ",
                                                                                                                    "cpu_time": 0.14897098900000028,
                                                                                                                    "extra_info": {
                                                                                                                        "Function": "READ_PARQUET",
                                                                                                                        "Projections": [
                                                                                                                            "id",
                                                                                                                            "postid"
                                                                                                                        ],
                                                                                                                        "Estimated Cardinality": "7241822"
                                                                                                                    },
                                                                                                                    "cumulative_cardinality": 7241822,
                                                                                                                    "operator_type": "TABLE_SCAN",
                                                                                                                    "operator_cardinality": 7241822,
                                                                                                                    "cumulative_rows_scanned": 7241822,
                                                                                                                    "operator_rows_scanned": 7241822,
                                                                                                                    "operator_timing": 0.14897098900000028,
                                                                                                                    "result_set_size": 57934576,
                                                                                                                    "children": []
                                                                                                                },
                                                                                                                {
                                                                                                                    "operator_name": "READ_PARQUET ",
                                                                                                                    "cpu_time": 0.45499950599999933,
                                                                                                                    "extra_info": {
                                                                                                                        "Function": "READ_PARQUET",
                                                                                                                        "Projections": [
                                                                                                                            "id",
                                                                                                                            "acceptedanswerid",
                                                                                                                            "creationdate",
                                                                                                                            "title"
                                                                                                                        ],
                                                                                                                        "Filters": "posttypeid=1",
                                                                                                                        "Estimated Cardinality": "770023"
                                                                                                                    },
                                                                                                                    "cumulative_cardinality": 1668164,
                                                                                                                    "operator_type": "TABLE_SCAN",
                                                                                                                    "operator_cardinality": 1668164,
                                                                                                                    "cumulative_rows_scanned": 3850116,
                                                                                                                    "operator_rows_scanned": 3850116,
                                                                                                                    "operator_timing": 0.45499950599999933,
                                                                                                                    "result_set_size": 53381248,
                                                                                                                    "children": []
                                                                                                                }
                                                                                                            ]
                                                                                                        },
                                                                                                        {
                                                                                                            "operator_name": "PROJECTION",
                                                                                                            "cpu_time": 0.26710978299999855,
                                                                                                            "extra_info": {
                                                                                                                "Projections": [
                                                                                                                    "#0",
                                                                                                                    "__internal_compress_integral_utinyint(#1, 2)"
                                                                                                                ],
                                                                                                                "Estimated Cardinality": "2548818"
                                                                                                            },
                                                                                                            "cumulative_cardinality": 18567934,
                                                                                                            "operator_type": "PROJECTION",
                                                                                                            "operator_cardinality": 9283967,
                                                                                                            "cumulative_rows_scanned": 12744093,
                                                                                                            "operator_rows_scanned": 0,
                                                                                                            "operator_timing": 0.0034428039999999625,
                                                                                                            "result_set_size": 46419835,
                                                                                                            "children": [
                                                                                                                {
                                                                                                                    "operator_name": "READ_PARQUET ",
                                                                                                                    "cpu_time": 0.2636669789999986,
                                                                                                                    "extra_info": {
                                                                                                                        "Function": "READ_PARQUET",
                                                                                                                        "Projections": [
                                                                                                                            "postid",
                                                                                                                            "votetypeid"
                                                                                                                        ],
                                                                                                                        "Filters": "votetypeid=2",
                                                                                                                        "Estimated Cardinality": "2548818"
                                                                                                                    },
                                                                                                                    "cumulative_cardinality": 9283967,
                                                                                                                    "operator_type": "TABLE_SCAN",
                                                                                                                    "operator_cardinality": 9283967,
                                                                                                                    "cumulative_rows_scanned": 12744093,
                                                                                                                    "operator_rows_scanned": 12744093,
                                                                                                                    "operator_timing": 0.2636669789999986,
                                                                                                                    "result_set_size": 55703802,
                                                                                                                    "children": []
                                                                                                                }
                                                                                                            ]
                                                                                                        }
                                                                                                    ]
                                                                                                }
                                                                                            ]
                                                                                        }
                                                                                    ]
                                                                                }
                                                                            ]
                                                                        }
                                                                    ]
                                                                },
                                                                {
                                                                    "operator_name": "HASH_GROUP_BY",
                                                                    "cpu_time": 0.17549437600000048,
                                                                    "extra_info": {
                                                                        "Groups": "#0",
                                                                        "Aggregates": "count_star()",
                                                                        "Estimated Cardinality": "1179524"
                                                                    },
                                                                    "cumulative_cardinality": 363435,
                                                                    "operator_type": "HASH_GROUP_BY",
                                                                    "operator_cardinality": 120507,
                                                                    "cumulative_rows_scanned": 11795244,
                                                                    "operator_rows_scanned": 0,
                                                                    "operator_timing": 0.02116799699999994,
                                                                    "result_set_size": 1446084,
                                                                    "children": [
                                                                        {
                                                                            "operator_name": "PROJECTION",
                                                                            "cpu_time": 0.15432637900000054,
                                                                            "extra_info": {
                                                                                "Projections": "postid",
                                                                                "Estimated Cardinality": "2359048"
                                                                            },
                                                                            "cumulative_cardinality": 242928,
                                                                            "operator_type": "PROJECTION",
                                                                            "operator_cardinality": 121464,
                                                                            "cumulative_rows_scanned": 11795244,
                                                                            "operator_rows_scanned": 0,
                                                                            "operator_timing": 0.0004890730000000339,
                                                                            "result_set_size": 485856,
                                                                            "children": [
                                                                                {
                                                                                    "operator_name": "READ_PARQUET ",
                                                                                    "cpu_time": 0.1538373060000005,
                                                                                    "extra_info": {
                                                                                        "Function": "READ_PARQUET",
                                                                                        "Projections": "postid",
                                                                                        "Filters": "posthistorytypeid=10",
                                                                                        "Estimated Cardinality": "2359048"
                                                                                    },
                                                                                    "cumulative_cardinality": 121464,
                                                                                    "operator_type": "TABLE_SCAN",
                                                                                    "operator_cardinality": 121464,
                                                                                    "cumulative_rows_scanned": 11795244,
                                                                                    "operator_rows_scanned": 11795244,
                                                                                    "operator_timing": 0.1538373060000005,
                                                                                    "result_set_size": 485856,
                                                                                    "children": []
                                                                                }
                                                                            ]
                                                                        }
                                                                    ]
                                                                }
                                                            ]
                                                        }
                                                    ]
                                                },
                                                {
                                                    "operator_name": "PROJECTION",
                                                    "cpu_time": 0.053181228,
                                                    "extra_info": {
                                                        "Projections": [
                                                            "#0",
                                                            "#1"
                                                        ],
                                                        "Estimated Cardinality": "1260710"
                                                    },
                                                    "cumulative_cardinality": 6303548,
                                                    "operator_type": "PROJECTION",
                                                    "operator_cardinality": 1260709,
                                                    "cumulative_rows_scanned": 1260710,
                                                    "operator_rows_scanned": 0,
                                                    "operator_timing": 0.00008688499999999991,
                                                    "result_set_size": 10085672,
                                                    "children": [
                                                        {
                                                            "operator_name": "FILTER",
                                                            "cpu_time": 0.053094342999999995,
                                                            "extra_info": {
                                                                "Expression": "(UserId >= 0)",
                                                                "Estimated Cardinality": "1260710"
                                                            },
                                                            "cumulative_cardinality": 5042839,
                                                            "operator_type": "FILTER",
                                                            "operator_cardinality": 1260709,
                                                            "cumulative_rows_scanned": 1260710,
                                                            "operator_rows_scanned": 0,
                                                            "operator_timing": 0.0014359119999999975,
                                                            "result_set_size": 20171344,
                                                            "children": [
                                                                {
                                                                    "operator_name": "PROJECTION",
                                                                    "cpu_time": 0.051658431,
                                                                    "extra_info": {
                                                                        "Projections": [
                                                                            "#0",
                                                                            "#1",
                                                                            "#2"
                                                                        ],
                                                                        "Estimated Cardinality": "1260710"
                                                                    },
                                                                    "cumulative_cardinality": 3782130,
                                                                    "operator_type": "PROJECTION",
                                                                    "operator_cardinality": 1260710,
                                                                    "cumulative_rows_scanned": 1260710,
                                                                    "operator_rows_scanned": 0,
                                                                    "operator_timing": 0.00010390199999999937,
                                                                    "result_set_size": 20171360,
                                                                    "children": [
                                                                        {
                                                                            "operator_name": "WINDOW",
                                                                            "cpu_time": 0.051554529,
                                                                            "extra_info": {
                                                                                "Projections": "ROW_NUMBER() OVER (ORDER BY reputation DESC NULLS LAST)"
                                                                            },
                                                                            "cumulative_cardinality": 2521420,
                                                                            "operator_type": "WINDOW",
                                                                            "operator_cardinality": 1260710,
                                                                            "cumulative_rows_scanned": 1260710,
                                                                            "operator_rows_scanned": 0,
                                                                            "operator_timing": 0.037629436,
                                                                            "result_set_size": 20171360,
                                                                            "children": [
                                                                                {
                                                                                    "operator_name": "READ_PARQUET ",
                                                                                    "cpu_time": 0.013925093000000003,
                                                                                    "extra_info": {
                                                                                        "Function": "READ_PARQUET",
                                                                                        "Projections": [
                                                                                            "id",
                                                                                            "reputation"
                                                                                        ],
                                                                                        "Estimated Cardinality": "1260710"
                                                                                    },
                                                                                    "cumulative_cardinality": 1260710,
                                                                                    "operator_type": "TABLE_SCAN",
                                                                                    "operator_cardinality": 1260710,
                                                                                    "cumulative_rows_scanned": 1260710,
                                                                                    "operator_rows_scanned": 1260710,
                                                                                    "operator_timing": 0.013925093000000003,
                                                                                    "result_set_size": 10085680,
                                                                                    "children": []
                                                                                }
                                                                            ]
                                                                        }
                                                                    ]
                                                                }
                                                            ]
                                                        }
                                                    ]
                                                }
                                            ]
                                        }
                                    ]
                                }
                            ]
                        }
                    ]
                }
            ]
        }
    ]
}