{
    "rows_returned": 10,
    "query_name": "SELECT p.Id, p.Title, p.CreationDate, u.DisplayName, t.TagName \nFROM Posts p\nJOIN Users u ON p.OwnerUserId = u.Id\nJOIN Tags t ON p.Tags LIKE CONCAT('%', t.TagName, '%')\nWHERE p.PostTypeId = 1\nORDER BY p.CreationDate DESC\nLIMIT 10;\n",
    "blocked_thread_time": 0.0,
    "cpu_time": 568.4587979909943,
    "extra_info": {},
    "cumulative_cardinality": 14306708,
    "cumulative_rows_scanned": 5112802,
    "result_set_size": 600,
    "latency": 574.673291845,
    "children": [
        {
            "operator_name": "STREAMING_LIMIT",
            "cpu_time": 568.4587979909943,
            "extra_info": {},
            "cumulative_cardinality": 14306708,
            "operator_type": "STREAMING_LIMIT",
            "operator_cardinality": 10,
            "cumulative_rows_scanned": 5112802,
            "operator_rows_scanned": 0,
            "operator_timing": 0.000003045,
            "result_set_size": 600,
            "children": [
                {
                    "operator_name": "ORDER_BY",
                    "cpu_time": 568.4587949459943,
                    "extra_info": {
                        "Order By": "p.CreationDate DESC"
                    },
                    "cumulative_cardinality": 14306698,
                    "operator_type": "ORDER_BY",
                    "operator_cardinality": 4096,
                    "cumulative_rows_scanned": 5112802,
                    "operator_rows_scanned": 0,
                    "operator_timing": 0.9786992190000021,
                    "result_set_size": 245760,
                    "children": [
                        {
                            "operator_name": "PROJECTION",
                            "cpu_time": 567.4800957269944,
                            "extra_info": {
                                "Projections": [
                                    "id",
                                    "title",
                                    "creationdate",
                                    "displayname",
                                    "tagname"
                                ],
                                "Estimated Cardinality": "770023"
                            },
                            "cumulative_cardinality": 14302602,
                            "operator_type": "PROJECTION",
                            "operator_cardinality": 4891061,
                            "cumulative_rows_scanned": 5112802,
                            "operator_rows_scanned": 0,
                            "operator_timing": 0.005324381000000159,
                            "result_set_size": 293463660,
                            "children": [
                                {
                                    "operator_name": "BLOCKWISE_NL_JOIN",
                                    "cpu_time": 567.4747713459943,
                                    "extra_info": {
                                        "Join Type": "INNER",
                                        "Condition": "(tags ~~ concat('%', tagname, '%'))"
                                    },
                                    "cumulative_cardinality": 9411541,
                                    "operator_type": "BLOCKWISE_NL_JOIN",
                                    "operator_cardinality": 4891061,
                                    "cumulative_rows_scanned": 5112802,
                                    "operator_rows_scanned": 0,
                                    "operator_timing": 563.4721858059943,
                                    "result_set_size": 410849124,
                                    "children": [
                                        {
                                            "operator_name": "HASH_JOIN",
                                            "cpu_time": 4.00210366,
                                            "extra_info": {
                                                "Join Type": "INNER",
                                                "Conditions": "id = owneruserid",
                                                "Estimated Cardinality": "770023"
                                            },
                                            "cumulative_cardinality": 4518504,
                                            "operator_type": "HASH_JOIN",
                                            "operator_cardinality": 1589663,
                                            "cumulative_rows_scanned": 5110826,
                                            "operator_rows_scanned": 0,
                                            "operator_timing": 0.5587870210000003,
                                            "result_set_size": 108097084,
                                            "children": [
                                                {
                                                    "operator_name": "READ_PARQUET ",
                                                    "cpu_time": 0.3139509400000002,
                                                    "extra_info": {
                                                        "Function": "READ_PARQUET",
                                                        "Projections": [
                                                            "id",
                                                            "displayname"
                                                        ],
                                                        "Filters": "id<=1416539",
                                                        "Estimated Cardinality": "1260710"
                                                    },
                                                    "cumulative_cardinality": 1260677,
                                                    "operator_type": "TABLE_SCAN",
                                                    "operator_cardinality": 1260677,
                                                    "cumulative_rows_scanned": 1260710,
                                                    "operator_rows_scanned": 1260710,
                                                    "operator_timing": 0.3139509400000002,
                                                    "result_set_size": 25213540,
                                                    "children": []
                                                },
                                                {
                                                    "operator_name": "READ_PARQUET ",
                                                    "cpu_time": 3.129365699,
                                                    "extra_info": {
                                                        "Function": "READ_PARQUET",
                                                        "Projections": [
                                                            "id",
                                                            "creationdate",
                                                            "owneruserid",
                                                            "title",
                                                            "tags"
                                                        ],
                                                        "Filters": "posttypeid=1",
                                                        "Estimated Cardinality": "770023"
                                                    },
                                                    "cumulative_cardinality": 1668164,
                                                    "operator_type": "TABLE_SCAN",
                                                    "operator_cardinality": 1668164,
                                                    "cumulative_rows_scanned": 3850116,
                                                    "operator_rows_scanned": 3850116,
                                                    "operator_timing": 3.129365699,
                                                    "result_set_size": 80071872,
                                                    "children": []
                                                }
                                            ]
                                        },
                                        {
                                            "operator_name": "READ_PARQUET ",
                                            "cpu_time": 0.00048188,
                                            "extra_info": {
                                                "Function": "READ_PARQUET",
                                                "Projections": "tagname",
                                                "Estimated Cardinality": "1976"
                                            },
                                            "cumulative_cardinality": 1976,
                                            "operator_type": "TABLE_SCAN",
                                            "operator_cardinality": 1976,
                                            "cumulative_rows_scanned": 1976,
                                            "operator_rows_scanned": 1976,
                                            "operator_timing": 0.00048188,
                                            "result_set_size": 31616,
                                            "children": []
                                        }
                                    ]
                                }
                            ]
                        }
                    ]
                }
            ]
        }
    ]
}