{
    "rows_returned": 10,
    "query_name": "SELECT p.Title, p.CreationDate, u.DisplayName, t.TagName\nFROM Posts p\nJOIN Users u ON p.OwnerUserId = u.Id\nJOIN Tags t ON p.Tags LIKE CONCAT('%', t.TagName, '%')\nWHERE p.PostTypeId = 1 \nORDER BY p.CreationDate DESC\nLIMIT 10;",
    "blocked_thread_time": 0.0,
    "cpu_time": 568.8572935310126,
    "extra_info": {},
    "cumulative_cardinality": 14306708,
    "cumulative_rows_scanned": 5112802,
    "result_set_size": 560,
    "latency": 574.709273425,
    "children": [
        {
            "operator_name": "STREAMING_LIMIT",
            "cpu_time": 568.8572935310126,
            "extra_info": {},
            "cumulative_cardinality": 14306708,
            "operator_type": "STREAMING_LIMIT",
            "operator_cardinality": 10,
            "cumulative_rows_scanned": 5112802,
            "operator_rows_scanned": 0,
            "operator_timing": 0.000002054,
            "result_set_size": 560,
            "children": [
                {
                    "operator_name": "ORDER_BY",
                    "cpu_time": 568.8572914770126,
                    "extra_info": {
                        "Order By": "p.CreationDate DESC"
                    },
                    "cumulative_cardinality": 14306698,
                    "operator_type": "ORDER_BY",
                    "operator_cardinality": 4096,
                    "cumulative_rows_scanned": 5112802,
                    "operator_rows_scanned": 0,
                    "operator_timing": 0.9501325759999973,
                    "result_set_size": 229376,
                    "children": [
                        {
                            "operator_name": "PROJECTION",
                            "cpu_time": 567.9071589010126,
                            "extra_info": {
                                "Projections": [
                                    "title",
                                    "creationdate",
                                    "displayname",
                                    "tagname"
                                ],
                                "Estimated Cardinality": "770023"
                            },
                            "cumulative_cardinality": 14302602,
                            "operator_type": "PROJECTION",
                            "operator_cardinality": 4891061,
                            "cumulative_rows_scanned": 5112802,
                            "operator_rows_scanned": 0,
                            "operator_timing": 0.004757331999999984,
                            "result_set_size": 273899416,
                            "children": [
                                {
                                    "operator_name": "BLOCKWISE_NL_JOIN",
                                    "cpu_time": 567.9024015690126,
                                    "extra_info": {
                                        "Join Type": "INNER",
                                        "Condition": "(tags ~~ concat('%', tagname, '%'))"
                                    },
                                    "cumulative_cardinality": 9411541,
                                    "operator_type": "BLOCKWISE_NL_JOIN",
                                    "operator_cardinality": 4891061,
                                    "cumulative_rows_scanned": 5112802,
                                    "operator_rows_scanned": 0,
                                    "operator_timing": 562.8094210020125,
                                    "result_set_size": 391284880,
                                    "children": [
                                        {
                                            "operator_name": "HASH_JOIN",
                                            "cpu_time": 5.092256244000003,
                                            "extra_info": {
                                                "Join Type": "INNER",
                                                "Conditions": "id = owneruserid",
                                                "Estimated Cardinality": "770023"
                                            },
                                            "cumulative_cardinality": 4518504,
                                            "operator_type": "HASH_JOIN",
                                            "operator_cardinality": 1589663,
                                            "cumulative_rows_scanned": 5110826,
                                            "operator_rows_scanned": 0,
                                            "operator_timing": 0.5659816640000007,
                                            "result_set_size": 101738432,
                                            "children": [
                                                {
                                                    "operator_name": "READ_PARQUET ",
                                                    "cpu_time": 0.12868953799999988,
                                                    "extra_info": {
                                                        "Function": "READ_PARQUET",
                                                        "Projections": [
                                                            "id",
                                                            "displayname"
                                                        ],
                                                        "Filters": "id<=1416539",
                                                        "Estimated Cardinality": "1260710"
                                                    },
                                                    "cumulative_cardinality": 1260677,
                                                    "operator_type": "TABLE_SCAN",
                                                    "operator_cardinality": 1260677,
                                                    "cumulative_rows_scanned": 1260710,
                                                    "operator_rows_scanned": 1260710,
                                                    "operator_timing": 0.12868953799999988,
                                                    "result_set_size": 25213540,
                                                    "children": []
                                                },
                                                {
                                                    "operator_name": "READ_PARQUET ",
                                                    "cpu_time": 4.397585042000003,
                                                    "extra_info": {
                                                        "Function": "READ_PARQUET",
                                                        "Projections": [
                                                            "creationdate",
                                                            "owneruserid",
                                                            "title",
                                                            "tags"
                                                        ],
                                                        "Filters": "posttypeid=1",
                                                        "Estimated Cardinality": "770023"
                                                    },
                                                    "cumulative_cardinality": 1668164,
                                                    "operator_type": "TABLE_SCAN",
                                                    "operator_cardinality": 1668164,
                                                    "cumulative_rows_scanned": 3850116,
                                                    "operator_rows_scanned": 3850116,
                                                    "operator_timing": 4.397585042000003,
                                                    "result_set_size": 73399216,
                                                    "children": []
                                                }
                                            ]
                                        },
                                        {
                                            "operator_name": "READ_PARQUET ",
                                            "cpu_time": 0.000724323,
                                            "extra_info": {
                                                "Function": "READ_PARQUET",
                                                "Projections": "tagname",
                                                "Estimated Cardinality": "1976"
                                            },
                                            "cumulative_cardinality": 1976,
                                            "operator_type": "TABLE_SCAN",
                                            "operator_cardinality": 1976,
                                            "cumulative_rows_scanned": 1976,
                                            "operator_rows_scanned": 1976,
                                            "operator_timing": 0.000724323,
                                            "result_set_size": 31616,
                                            "children": []
                                        }
                                    ]
                                }
                            ]
                        }
                    ]
                }
            ]
        }
    ]
}