{
    "rows_returned": 10,
    "query_name": "SELECT u.DisplayName, p.Title, p.CreationDate, t.TagName\nFROM Posts p\nJOIN Users u ON p.OwnerUserId = u.Id\nJOIN Tags t ON p.Tags LIKE '%' || t.TagName || '%'\nWHERE p.PostTypeId = 1  \nORDER BY p.CreationDate DESC\nLIMIT 10;",
    "blocked_thread_time": 0.0,
    "cpu_time": 523.4281756930066,
    "extra_info": {},
    "cumulative_cardinality": 14306708,
    "cumulative_rows_scanned": 5112802,
    "result_set_size": 560,
    "latency": 528.79458856,
    "children": [
        {
            "operator_name": "STREAMING_LIMIT",
            "cpu_time": 523.4281756930066,
            "extra_info": {},
            "cumulative_cardinality": 14306708,
            "operator_type": "STREAMING_LIMIT",
            "operator_cardinality": 10,
            "cumulative_rows_scanned": 5112802,
            "operator_rows_scanned": 0,
            "operator_timing": 0.000002094,
            "result_set_size": 560,
            "children": [
                {
                    "operator_name": "ORDER_BY",
                    "cpu_time": 523.4281735990065,
                    "extra_info": {
                        "Order By": "p.CreationDate DESC"
                    },
                    "cumulative_cardinality": 14306698,
                    "operator_type": "ORDER_BY",
                    "operator_cardinality": 4096,
                    "cumulative_rows_scanned": 5112802,
                    "operator_rows_scanned": 0,
                    "operator_timing": 0.8233096310000004,
                    "result_set_size": 229376,
                    "children": [
                        {
                            "operator_name": "PROJECTION",
                            "cpu_time": 522.6048639680065,
                            "extra_info": {
                                "Projections": [
                                    "displayname",
                                    "title",
                                    "creationdate",
                                    "tagname"
                                ],
                                "Estimated Cardinality": "770023"
                            },
                            "cumulative_cardinality": 14302602,
                            "operator_type": "PROJECTION",
                            "operator_cardinality": 4891061,
                            "cumulative_rows_scanned": 5112802,
                            "operator_rows_scanned": 0,
                            "operator_timing": 0.003817129000000047,
                            "result_set_size": 273899416,
                            "children": [
                                {
                                    "operator_name": "BLOCKWISE_NL_JOIN",
                                    "cpu_time": 522.6010468390065,
                                    "extra_info": {
                                        "Join Type": "INNER",
                                        "Condition": "(tags ~~ (('%' || tagname) || '%'))"
                                    },
                                    "cumulative_cardinality": 9411541,
                                    "operator_type": "BLOCKWISE_NL_JOIN",
                                    "operator_cardinality": 4891061,
                                    "cumulative_rows_scanned": 5112802,
                                    "operator_rows_scanned": 0,
                                    "operator_timing": 521.1089811050065,
                                    "result_set_size": 391284880,
                                    "children": [
                                        {
                                            "operator_name": "HASH_JOIN",
                                            "cpu_time": 1.4917049000000004,
                                            "extra_info": {
                                                "Join Type": "INNER",
                                                "Conditions": "id = owneruserid",
                                                "Estimated Cardinality": "770023"
                                            },
                                            "cumulative_cardinality": 4518504,
                                            "operator_type": "HASH_JOIN",
                                            "operator_cardinality": 1589663,
                                            "cumulative_rows_scanned": 5110826,
                                            "operator_rows_scanned": 0,
                                            "operator_timing": 0.37793484200000027,
                                            "result_set_size": 101738432,
                                            "children": [
                                                {
                                                    "operator_name": "READ_PARQUET ",
                                                    "cpu_time": 0.4995130100000002,
                                                    "extra_info": {
                                                        "Function": "READ_PARQUET",
                                                        "Projections": [
                                                            "id",
                                                            "displayname"
                                                        ],
                                                        "Filters": "id<=1416539",
                                                        "Estimated Cardinality": "1260710"
                                                    },
                                                    "cumulative_cardinality": 1260677,
                                                    "operator_type": "TABLE_SCAN",
                                                    "operator_cardinality": 1260677,
                                                    "cumulative_rows_scanned": 1260710,
                                                    "operator_rows_scanned": 1260710,
                                                    "operator_timing": 0.4995130100000002,
                                                    "result_set_size": 25213540,
                                                    "children": []
                                                },
                                                {
                                                    "operator_name": "READ_PARQUET ",
                                                    "cpu_time": 0.614257048,
                                                    "extra_info": {
                                                        "Function": "READ_PARQUET",
                                                        "Projections": [
                                                            "creationdate",
                                                            "owneruserid",
                                                            "title",
                                                            "tags"
                                                        ],
                                                        "Filters": "posttypeid=1",
                                                        "Estimated Cardinality": "770023"
                                                    },
                                                    "cumulative_cardinality": 1668164,
                                                    "operator_type": "TABLE_SCAN",
                                                    "operator_cardinality": 1668164,
                                                    "cumulative_rows_scanned": 3850116,
                                                    "operator_rows_scanned": 3850116,
                                                    "operator_timing": 0.614257048,
                                                    "result_set_size": 73399216,
                                                    "children": []
                                                }
                                            ]
                                        },
                                        {
                                            "operator_name": "READ_PARQUET ",
                                            "cpu_time": 0.00036083400000000004,
                                            "extra_info": {
                                                "Function": "READ_PARQUET",
                                                "Projections": "tagname",
                                                "Estimated Cardinality": "1976"
                                            },
                                            "cumulative_cardinality": 1976,
                                            "operator_type": "TABLE_SCAN",
                                            "operator_cardinality": 1976,
                                            "cumulative_rows_scanned": 1976,
                                            "operator_rows_scanned": 1976,
                                            "operator_timing": 0.00036083400000000004,
                                            "result_set_size": 31616,
                                            "children": []
                                        }
                                    ]
                                }
                            ]
                        }
                    ]
                }
            ]
        }
    ]
}