{
    "rows_returned": 10,
    "query_name": "SELECT \n    p.Id AS PostId,\n    p.Title,\n    u.DisplayName AS Author,\n    p.CreationDate,\n    p.Score,\n    p.ViewCount,\n    c.CommentCount,\n    a.AnswerCount\nFROM \n    Posts p\nJOIN \n    Users u ON p.OwnerUserId = u.Id\nLEFT JOIN \n    (SELECT PostId, COUNT(*) AS CommentCount FROM Comments GROUP BY PostId) c ON p.Id = c.PostId\nLEFT JOIN \n    (SELECT ParentId, COUNT(*) AS AnswerCount FROM Posts WHERE PostTypeId = 2 GROUP BY ParentId) a ON p.Id = a.ParentId\nWHERE \n    p.PostTypeId = 1\nORDER BY \n    p.CreationDate DESC\nLIMIT 10;\n",
    "blocked_thread_time": 0.0,
    "cpu_time": 4.857040876000003,
    "extra_info": {},
    "cumulative_cardinality": 33241831,
    "cumulative_rows_scanned": 16202764,
    "result_set_size": 680,
    "latency": 5.569235528,
    "children": [
        {
            "operator_name": "STREAMING_LIMIT",
            "cpu_time": 4.857040876000003,
            "extra_info": {},
            "cumulative_cardinality": 33241831,
            "operator_type": "STREAMING_LIMIT",
            "operator_cardinality": 10,
            "cumulative_rows_scanned": 16202764,
            "operator_rows_scanned": 0,
            "operator_timing": 0.0000018329999999999999,
            "result_set_size": 680,
            "children": [
                {
                    "operator_name": "PROJECTION",
                    "cpu_time": 4.857039043000003,
                    "extra_info": {
                        "Projections": [
                            "#0",
                            "#1",
                            "#2",
                            "#3",
                            "__internal_decompress_integral_integer(#4, -72)",
                            "#5",
                            "#6",
                            "#7"
                        ],
                        "Estimated Cardinality": "3620911"
                    },
                    "cumulative_cardinality": 33241821,
                    "operator_type": "PROJECTION",
                    "operator_cardinality": 4096,
                    "cumulative_rows_scanned": 16202764,
                    "operator_rows_scanned": 0,
                    "operator_timing": 0.000007384,
                    "result_set_size": 278528,
                    "children": [
                        {
                            "operator_name": "ORDER_BY",
                            "cpu_time": 4.857031659000003,
                            "extra_info": {
                                "Order By": "p.CreationDate DESC"
                            },
                            "cumulative_cardinality": 33237725,
                            "operator_type": "ORDER_BY",
                            "operator_cardinality": 4096,
                            "cumulative_rows_scanned": 16202764,
                            "operator_rows_scanned": 0,
                            "operator_timing": 0.43812601599999995,
                            "result_set_size": 270336,
                            "children": [
                                {
                                    "operator_name": "PROJECTION",
                                    "cpu_time": 4.418905643000003,
                                    "extra_info": {
                                        "Projections": [
                                            "#0",
                                            "#1",
                                            "#2",
                                            "#3",
                                            "__internal_compress_integral_usmallint(#4, -72)",
                                            "#5",
                                            "#6",
                                            "#7"
                                        ],
                                        "Estimated Cardinality": "3620911"
                                    },
                                    "cumulative_cardinality": 33233629,
                                    "operator_type": "PROJECTION",
                                    "operator_cardinality": 1589663,
                                    "cumulative_rows_scanned": 16202764,
                                    "operator_rows_scanned": 0,
                                    "operator_timing": 0.006403246,
                                    "result_set_size": 104917758,
                                    "children": [
                                        {
                                            "operator_name": "PROJECTION",
                                            "cpu_time": 4.4125023970000035,
                                            "extra_info": {
                                                "Projections": [
                                                    "PostId",
                                                    "title",
                                                    "Author",
                                                    "creationdate",
                                                    "score",
                                                    "viewcount",
                                                    "CommentCount",
                                                    "AnswerCount"
                                                ],
                                                "Estimated Cardinality": "3620911"
                                            },
                                            "cumulative_cardinality": 31643966,
                                            "operator_type": "PROJECTION",
                                            "operator_cardinality": 1589663,
                                            "cumulative_rows_scanned": 16202764,
                                            "operator_rows_scanned": 0,
                                            "operator_timing": 0.0022862620000000003,
                                            "result_set_size": 108097084,
                                            "children": [
                                                {
                                                    "operator_name": "HASH_JOIN",
                                                    "cpu_time": 4.410216135000003,
                                                    "extra_info": {
                                                        "Join Type": "LEFT",
                                                        "Conditions": "id = parentid",
                                                        "Estimated Cardinality": "3620911"
                                                    },
                                                    "cumulative_cardinality": 30054303,
                                                    "operator_type": "HASH_JOIN",
                                                    "operator_cardinality": 1589663,
                                                    "cumulative_rows_scanned": 16202764,
                                                    "operator_rows_scanned": 0,
                                                    "operator_timing": 0.21644495400000005,
                                                    "result_set_size": 108097084,
                                                    "children": [
                                                        {
                                                            "operator_name": "HASH_JOIN",
                                                            "cpu_time": 3.9726320460000037,
                                                            "extra_info": {
                                                                "Join Type": "RIGHT",
                                                                "Conditions": "postid = id",
                                                                "Estimated Cardinality": "3620911"
                                                            },
                                                            "cumulative_cardinality": 22755483,
                                                            "operator_type": "HASH_JOIN",
                                                            "operator_cardinality": 1589663,
                                                            "cumulative_rows_scanned": 12352648,
                                                            "operator_rows_scanned": 0,
                                                            "operator_timing": 0.47103361499999985,
                                                            "result_set_size": 95379780,
                                                            "children": [
                                                                {
                                                                    "operator_name": "HASH_GROUP_BY",
                                                                    "cpu_time": 1.476760717000002,
                                                                    "extra_info": {
                                                                        "Groups": "#0",
                                                                        "Aggregates": "count_star()",
                                                                        "Estimated Cardinality": "3620911"
                                                                    },
                                                                    "cumulative_cardinality": 16647316,
                                                                    "operator_type": "HASH_GROUP_BY",
                                                                    "operator_cardinality": 2163672,
                                                                    "cumulative_rows_scanned": 7241822,
                                                                    "operator_rows_scanned": 0,
                                                                    "operator_timing": 0.4174788200000002,
                                                                    "result_set_size": 25964064,
                                                                    "children": [
                                                                        {
                                                                            "operator_name": "PROJECTION",
                                                                            "cpu_time": 1.059281897000002,
                                                                            "extra_info": {
                                                                                "Projections": "postid",
                                                                                "Estimated Cardinality": "7241822"
                                                                            },
                                                                            "cumulative_cardinality": 14483644,
                                                                            "operator_type": "PROJECTION",
                                                                            "operator_cardinality": 7241822,
                                                                            "cumulative_rows_scanned": 7241822,
                                                                            "operator_rows_scanned": 0,
                                                                            "operator_timing": 0.0007497160000000032,
                                                                            "result_set_size": 28967288,
                                                                            "children": [
                                                                                {
                                                                                    "operator_name": "READ_PARQUET ",
                                                                                    "cpu_time": 1.058532181000002,
                                                                                    "extra_info": {
                                                                                        "Function": "READ_PARQUET",
                                                                                        "Projections": "postid",
                                                                                        "Estimated Cardinality": "7241822"
                                                                                    },
                                                                                    "cumulative_cardinality": 7241822,
                                                                                    "operator_type": "TABLE_SCAN",
                                                                                    "operator_cardinality": 7241822,
                                                                                    "cumulative_rows_scanned": 7241822,
                                                                                    "operator_rows_scanned": 7241822,
                                                                                    "operator_timing": 1.058532181000002,
                                                                                    "result_set_size": 28967288,
                                                                                    "children": []
                                                                                }
                                                                            ]
                                                                        }
                                                                    ]
                                                                },
                                                                {
                                                                    "operator_name": "HASH_JOIN",
                                                                    "cpu_time": 2.024837714000002,
                                                                    "extra_info": {
                                                                        "Join Type": "INNER",
                                                                        "Conditions": "id = owneruserid",
                                                                        "Estimated Cardinality": "770023"
                                                                    },
                                                                    "cumulative_cardinality": 4518504,
                                                                    "operator_type": "HASH_JOIN",
                                                                    "operator_cardinality": 1589663,
                                                                    "cumulative_rows_scanned": 5110826,
                                                                    "operator_rows_scanned": 0,
                                                                    "operator_timing": 0.3324282529999997,
                                                                    "result_set_size": 82662476,
                                                                    "children": [
                                                                        {
                                                                            "operator_name": "READ_PARQUET ",
                                                                            "cpu_time": 1.1182895430000017,
                                                                            "extra_info": {
                                                                                "Function": "READ_PARQUET",
                                                                                "Projections": [
                                                                                    "id",
                                                                                    "displayname"
                                                                                ],
                                                                                "Filters": "id<=1416539",
                                                                                "Estimated Cardinality": "1260710"
                                                                            },
                                                                            "cumulative_cardinality": 1260677,
                                                                            "operator_type": "TABLE_SCAN",
                                                                            "operator_cardinality": 1260677,
                                                                            "cumulative_rows_scanned": 1260710,
                                                                            "operator_rows_scanned": 1260710,
                                                                            "operator_timing": 1.1182895430000017,
                                                                            "result_set_size": 25213540,
                                                                            "children": []
                                                                        },
                                                                        {
                                                                            "operator_name": "READ_PARQUET ",
                                                                            "cpu_time": 0.5741199180000006,
                                                                            "extra_info": {
                                                                                "Function": "READ_PARQUET",
                                                                                "Projections": [
                                                                                    "id",
                                                                                    "creationdate",
                                                                                    "score",
                                                                                    "viewcount",
                                                                                    "owneruserid",
                                                                                    "title"
                                                                                ],
                                                                                "Filters": "posttypeid=1",
                                                                                "Estimated Cardinality": "770023"
                                                                            },
                                                                            "cumulative_cardinality": 1668164,
                                                                            "operator_type": "TABLE_SCAN",
                                                                            "operator_cardinality": 1668164,
                                                                            "cumulative_rows_scanned": 3850116,
                                                                            "operator_rows_scanned": 3850116,
                                                                            "operator_timing": 0.5741199180000006,
                                                                            "result_set_size": 66726560,
                                                                            "children": []
                                                                        }
                                                                    ]
                                                                }
                                                            ]
                                                        },
                                                        {
                                                            "operator_name": "HASH_GROUP_BY",
                                                            "cpu_time": 0.2211391349999997,
                                                            "extra_info": {
                                                                "Groups": "#0",
                                                                "Aggregates": "count_star()",
                                                                "Estimated Cardinality": "385011"
                                                            },
                                                            "cumulative_cardinality": 5709157,
                                                            "operator_type": "HASH_GROUP_BY",
                                                            "operator_cardinality": 1354571,
                                                            "cumulative_rows_scanned": 3850116,
                                                            "operator_rows_scanned": 0,
                                                            "operator_timing": 0.11350392199999981,
                                                            "result_set_size": 16254852,
                                                            "children": [
                                                                {
                                                                    "operator_name": "PROJECTION",
                                                                    "cpu_time": 0.10763521299999991,
                                                                    "extra_info": {
                                                                        "Projections": "parentid",
                                                                        "Estimated Cardinality": "770023"
                                                                    },
                                                                    "cumulative_cardinality": 4354586,
                                                                    "operator_type": "PROJECTION",
                                                                    "operator_cardinality": 2177293,
                                                                    "cumulative_rows_scanned": 3850116,
                                                                    "operator_rows_scanned": 0,
                                                                    "operator_timing": 0.00029907899999999875,
                                                                    "result_set_size": 8709172,
                                                                    "children": [
                                                                        {
                                                                            "operator_name": "READ_PARQUET ",
                                                                            "cpu_time": 0.10733613399999992,
                                                                            "extra_info": {
                                                                                "Function": "READ_PARQUET",
                                                                                "Projections": "parentid",
                                                                                "Filters": "posttypeid=2",
                                                                                "Estimated Cardinality": "770023"
                                                                            },
                                                                            "cumulative_cardinality": 2177293,
                                                                            "operator_type": "TABLE_SCAN",
                                                                            "operator_cardinality": 2177293,
                                                                            "cumulative_rows_scanned": 3850116,
                                                                            "operator_rows_scanned": 3850116,
                                                                            "operator_timing": 0.10733613399999992,
                                                                            "result_set_size": 8709172,
                                                                            "children": []
                                                                        }
                                                                    ]
                                                                }
                                                            ]
                                                        }
                                                    ]
                                                }
                                            ]
                                        }
                                    ]
                                }
                            ]
                        }
                    ]
                }
            ]
        }
    ]
}