{
    "rows_returned": 10,
    "query_name": "SELECT \n    p.Id AS PostId,\n    p.Title,\n    u.DisplayName AS Owner,\n    p.CreationDate,\n    p.Score,\n    p.ViewCount,\n    p.AnswerCount,\n    p.CommentCount,\n    t.TagName\nFROM \n    Posts p\nJOIN \n    Users u ON p.OwnerUserId = u.Id\nLEFT JOIN \n    Tags t ON p.Tags LIKE CONCAT('%', t.TagName, '%')\nWHERE \n    p.PostTypeId = 1 \nORDER BY \n    p.CreationDate DESC\nLIMIT 10;",
    "blocked_thread_time": 0.0,
    "cpu_time": 530.0682031610296,
    "extra_info": {},
    "cumulative_cardinality": 19123366,
    "cumulative_rows_scanned": 5112802,
    "result_set_size": 760,
    "latency": 534.865991993,
    "children": [
        {
            "operator_name": "STREAMING_LIMIT",
            "cpu_time": 530.0682031610296,
            "extra_info": {},
            "cumulative_cardinality": 19123366,
            "operator_type": "STREAMING_LIMIT",
            "operator_cardinality": 10,
            "cumulative_rows_scanned": 5112802,
            "operator_rows_scanned": 0,
            "operator_timing": 0.0000013720000000000002,
            "result_set_size": 760,
            "children": [
                {
                    "operator_name": "PROJECTION",
                    "cpu_time": 530.0682017890296,
                    "extra_info": {
                        "Projections": [
                            "#0",
                            "#1",
                            "#2",
                            "#3",
                            "__internal_decompress_integral_integer(#4, -72)",
                            "#5",
                            "__internal_decompress_integral_integer(#6, 0)",
                            "__internal_decompress_integral_integer(#7, 0)",
                            "#8"
                        ],
                        "Estimated Cardinality": "770023"
                    },
                    "cumulative_cardinality": 19123356,
                    "operator_type": "PROJECTION",
                    "operator_cardinality": 4096,
                    "cumulative_rows_scanned": 5112802,
                    "operator_rows_scanned": 0,
                    "operator_timing": 0.000009168000000000001,
                    "result_set_size": 311296,
                    "children": [
                        {
                            "operator_name": "ORDER_BY",
                            "cpu_time": 530.0681926210295,
                            "extra_info": {
                                "Order By": "p.CreationDate DESC"
                            },
                            "cumulative_cardinality": 19119260,
                            "operator_type": "ORDER_BY",
                            "operator_cardinality": 4096,
                            "cumulative_rows_scanned": 5112802,
                            "operator_rows_scanned": 0,
                            "operator_timing": 0.6008110729999995,
                            "result_set_size": 278528,
                            "children": [
                                {
                                    "operator_name": "PROJECTION",
                                    "cpu_time": 529.4673815480295,
                                    "extra_info": {
                                        "Projections": [
                                            "#0",
                                            "#1",
                                            "#2",
                                            "#3",
                                            "__internal_compress_integral_usmallint(#4, -72)",
                                            "#5",
                                            "__internal_compress_integral_utinyint(#6, 0)",
                                            "__internal_compress_integral_utinyint(#7, 0)",
                                            "#8"
                                        ],
                                        "Estimated Cardinality": "770023"
                                    },
                                    "cumulative_cardinality": 19115164,
                                    "operator_type": "PROJECTION",
                                    "operator_cardinality": 4891061,
                                    "cumulative_rows_scanned": 5112802,
                                    "operator_rows_scanned": 0,
                                    "operator_timing": 0.007656964999999994,
                                    "result_set_size": 332592148,
                                    "children": [
                                        {
                                            "operator_name": "PROJECTION",
                                            "cpu_time": 529.4597245830295,
                                            "extra_info": {
                                                "Projections": [
                                                    "PostId",
                                                    "title",
                                                    "Owner",
                                                    "creationdate",
                                                    "score",
                                                    "viewcount",
                                                    "answercount",
                                                    "commentcount",
                                                    "tagname"
                                                ],
                                                "Estimated Cardinality": "770023"
                                            },
                                            "cumulative_cardinality": 14224103,
                                            "operator_type": "PROJECTION",
                                            "operator_cardinality": 4891061,
                                            "cumulative_rows_scanned": 5112802,
                                            "operator_rows_scanned": 0,
                                            "operator_timing": 0.0022067340000000027,
                                            "result_set_size": 371720636,
                                            "children": [
                                                {
                                                    "operator_name": "BLOCKWISE_NL_JOIN",
                                                    "cpu_time": 529.4575178490295,
                                                    "extra_info": {
                                                        "Join Type": "LEFT",
                                                        "Condition": "(tags ~~ concat('%', tagname, '%'))"
                                                    },
                                                    "cumulative_cardinality": 9333042,
                                                    "operator_type": "BLOCKWISE_NL_JOIN",
                                                    "operator_cardinality": 4891061,
                                                    "cumulative_rows_scanned": 5112802,
                                                    "operator_rows_scanned": 0,
                                                    "operator_timing": 528.1633758830295,
                                                    "result_set_size": 449977612,
                                                    "children": [
                                                        {
                                                            "operator_name": "HASH_JOIN",
                                                            "cpu_time": 1.2937851190000011,
                                                            "extra_info": {
                                                                "Join Type": "INNER",
                                                                "Conditions": "owneruserid = id",
                                                                "Estimated Cardinality": "770023"
                                                            },
                                                            "cumulative_cardinality": 4440005,
                                                            "operator_type": "HASH_JOIN",
                                                            "operator_cardinality": 1589663,
                                                            "cumulative_rows_scanned": 5110826,
                                                            "operator_rows_scanned": 0,
                                                            "operator_timing": 0.2575046459999993,
                                                            "result_set_size": 120814388,
                                                            "children": [
                                                                {
                                                                    "operator_name": "READ_PARQUET ",
                                                                    "cpu_time": 0.9499263630000018,
                                                                    "extra_info": {
                                                                        "Function": "READ_PARQUET",
                                                                        "Projections": [
                                                                            "id",
                                                                            "creationdate",
                                                                            "score",
                                                                            "viewcount",
                                                                            "owneruserid",
                                                                            "title",
                                                                            "tags",
                                                                            "answercount",
                                                                            "commentcount"
                                                                        ],
                                                                        "Filters": "posttypeid=1",
                                                                        "Estimated Cardinality": "770023"
                                                                    },
                                                                    "cumulative_cardinality": 1589663,
                                                                    "operator_type": "TABLE_SCAN",
                                                                    "operator_cardinality": 1589663,
                                                                    "cumulative_rows_scanned": 3850116,
                                                                    "operator_rows_scanned": 3850116,
                                                                    "operator_timing": 0.9499263630000018,
                                                                    "result_set_size": 101738432,
                                                                    "children": []
                                                                },
                                                                {
                                                                    "operator_name": "READ_PARQUET ",
                                                                    "cpu_time": 0.08635411000000011,
                                                                    "extra_info": {
                                                                        "Function": "READ_PARQUET",
                                                                        "Projections": [
                                                                            "id",
                                                                            "displayname"
                                                                        ],
                                                                        "Filters": "id<=1416539",
                                                                        "Estimated Cardinality": "1260710"
                                                                    },
                                                                    "cumulative_cardinality": 1260679,
                                                                    "operator_type": "TABLE_SCAN",
                                                                    "operator_cardinality": 1260679,
                                                                    "cumulative_rows_scanned": 1260710,
                                                                    "operator_rows_scanned": 1260710,
                                                                    "operator_timing": 0.08635411000000011,
                                                                    "result_set_size": 25213580,
                                                                    "children": []
                                                                }
                                                            ]
                                                        },
                                                        {
                                                            "operator_name": "READ_PARQUET ",
                                                            "cpu_time": 0.00035684700000000003,
                                                            "extra_info": {
                                                                "Function": "READ_PARQUET",
                                                                "Projections": "tagname",
                                                                "Estimated Cardinality": "1976"
                                                            },
                                                            "cumulative_cardinality": 1976,
                                                            "operator_type": "TABLE_SCAN",
                                                            "operator_cardinality": 1976,
                                                            "cumulative_rows_scanned": 1976,
                                                            "operator_rows_scanned": 1976,
                                                            "operator_timing": 0.00035684700000000003,
                                                            "result_set_size": 31616,
                                                            "children": []
                                                        }
                                                    ]
                                                }
                                            ]
                                        }
                                    ]
                                }
                            ]
                        }
                    ]
                }
            ]
        }
    ]
}