{
    "rows_returned": 10,
    "query_name": "SELECT u.DisplayName, COUNT(DISTINCT p.Id) AS PostCount\nFROM Users u\nJOIN Posts p ON u.Id = p.OwnerUserId\nWHERE u.Reputation > 1000\nGROUP BY u.DisplayName\nORDER BY PostCount DESC\nLIMIT 10;\n",
    "blocked_thread_time": 0.0,
    "cpu_time": 2.123013045999999,
    "extra_info": {},
    "cumulative_cardinality": 8513437,
    "cumulative_rows_scanned": 5110826,
    "result_set_size": 240,
    "latency": 2.676217073,
    "children": [
        {
            "operator_name": "STREAMING_LIMIT",
            "cpu_time": 2.123013045999999,
            "extra_info": {},
            "cumulative_cardinality": 8513437,
            "operator_type": "STREAMING_LIMIT",
            "operator_cardinality": 10,
            "cumulative_rows_scanned": 5110826,
            "operator_rows_scanned": 0,
            "operator_timing": 0.000002204,
            "result_set_size": 240,
            "children": [
                {
                    "operator_name": "ORDER_BY",
                    "cpu_time": 2.1230108419999993,
                    "extra_info": {
                        "Order By": "count(DISTINCT p.Id) DESC"
                    },
                    "cumulative_cardinality": 8513427,
                    "operator_type": "ORDER_BY",
                    "operator_cardinality": 4096,
                    "cumulative_rows_scanned": 5110826,
                    "operator_rows_scanned": 0,
                    "operator_timing": 0.0005914760000000001,
                    "result_set_size": 98304,
                    "children": [
                        {
                            "operator_name": "HASH_GROUP_BY",
                            "cpu_time": 2.1224193659999995,
                            "extra_info": {
                                "Groups": "#0",
                                "Aggregates": "count(DISTINCT #1)",
                                "Estimated Cardinality": "385011"
                            },
                            "cumulative_cardinality": 8509331,
                            "operator_type": "HASH_GROUP_BY",
                            "operator_cardinality": 10558,
                            "cumulative_rows_scanned": 5110826,
                            "operator_rows_scanned": 0,
                            "operator_timing": 0.4340190070000003,
                            "result_set_size": 253392,
                            "children": [
                                {
                                    "operator_name": "PROJECTION",
                                    "cpu_time": 1.6884003589999992,
                                    "extra_info": {
                                        "Projections": [
                                            "displayname",
                                            "id"
                                        ],
                                        "Estimated Cardinality": "770023"
                                    },
                                    "cumulative_cardinality": 8498773,
                                    "operator_type": "PROJECTION",
                                    "operator_cardinality": 2396485,
                                    "cumulative_rows_scanned": 5110826,
                                    "operator_rows_scanned": 0,
                                    "operator_timing": 0.0007851840000000029,
                                    "result_set_size": 47929700,
                                    "children": [
                                        {
                                            "operator_name": "HASH_JOIN",
                                            "cpu_time": 1.6876151749999992,
                                            "extra_info": {
                                                "Join Type": "INNER",
                                                "Conditions": "owneruserid = id",
                                                "Estimated Cardinality": "770023"
                                            },
                                            "cumulative_cardinality": 6102288,
                                            "operator_type": "HASH_JOIN",
                                            "operator_cardinality": 2396485,
                                            "cumulative_rows_scanned": 5110826,
                                            "operator_rows_scanned": 0,
                                            "operator_timing": 0.14621430500000052,
                                            "result_set_size": 47929700,
                                            "children": [
                                                {
                                                    "operator_name": "READ_PARQUET ",
                                                    "cpu_time": 0.16212792999999992,
                                                    "extra_info": {
                                                        "Function": "READ_PARQUET",
                                                        "Projections": [
                                                            "id",
                                                            "owneruserid"
                                                        ],
                                                        "Estimated Cardinality": "3850116"
                                                    },
                                                    "cumulative_cardinality": 3683373,
                                                    "operator_type": "TABLE_SCAN",
                                                    "operator_cardinality": 3683373,
                                                    "cumulative_rows_scanned": 3850116,
                                                    "operator_rows_scanned": 3850116,
                                                    "operator_timing": 0.16212792999999992,
                                                    "result_set_size": 29466984,
                                                    "children": []
                                                },
                                                {
                                                    "operator_name": "FILTER",
                                                    "cpu_time": 1.3792729399999988,
                                                    "extra_info": {
                                                        "Expression": "(id <= 1416539)",
                                                        "Estimated Cardinality": "252142"
                                                    },
                                                    "cumulative_cardinality": 22430,
                                                    "operator_type": "FILTER",
                                                    "operator_cardinality": 11215,
                                                    "cumulative_rows_scanned": 1260710,
                                                    "operator_rows_scanned": 0,
                                                    "operator_timing": 0.0010055720000000004,
                                                    "result_set_size": 224300,
                                                    "children": [
                                                        {
                                                            "operator_name": "READ_PARQUET ",
                                                            "cpu_time": 1.3782673679999988,
                                                            "extra_info": {
                                                                "Function": "READ_PARQUET",
                                                                "Projections": [
                                                                    "id",
                                                                    "displayname"
                                                                ],
                                                                "Filters": "reputation>1000",
                                                                "Estimated Cardinality": "252142"
                                                            },
                                                            "cumulative_cardinality": 11215,
                                                            "operator_type": "TABLE_SCAN",
                                                            "operator_cardinality": 11215,
                                                            "cumulative_rows_scanned": 1260710,
                                                            "operator_rows_scanned": 1260710,
                                                            "operator_timing": 1.3782673679999988,
                                                            "result_set_size": 224300,
                                                            "children": []
                                                        }
                                                    ]
                                                }
                                            ]
                                        }
                                    ]
                                }
                            ]
                        }
                    ]
                }
            ]
        }
    ]
}