{
    "rows_returned": 10,
    "query_name": "SELECT \n    Users.DisplayName,\n    COUNT(DISTINCT Posts.Id) AS PostCount,\n    SUM(CASE WHEN Posts.PostTypeId = 1 THEN 1 ELSE 0 END) AS QuestionCount,\n    SUM(CASE WHEN Posts.PostTypeId = 2 THEN 1 ELSE 0 END) AS AnswerCount,\n    AVG(Users.Reputation) AS AverageReputation\nFROM \n    Users\nLEFT JOIN \n    Posts ON Users.Id = Posts.OwnerUserId\nGROUP BY \n    Users.DisplayName\nORDER BY \n    PostCount DESC\nLIMIT 10;\n",
    "blocked_thread_time": 0.0,
    "cpu_time": 2.954152774999997,
    "extra_info": {},
    "cumulative_cardinality": 15144958,
    "cumulative_rows_scanned": 5110826,
    "result_set_size": 640,
    "latency": 3.859696746,
    "children": [
        {
            "operator_name": "STREAMING_LIMIT",
            "cpu_time": 2.954152774999997,
            "extra_info": {},
            "cumulative_cardinality": 15144958,
            "operator_type": "STREAMING_LIMIT",
            "operator_cardinality": 10,
            "cumulative_rows_scanned": 5110826,
            "operator_rows_scanned": 0,
            "operator_timing": 0.000003225,
            "result_set_size": 640,
            "children": [
                {
                    "operator_name": "ORDER_BY",
                    "cpu_time": 2.9541495499999972,
                    "extra_info": {
                        "Order By": "count(DISTINCT \"temp\".main.posts.Id) DESC"
                    },
                    "cumulative_cardinality": 15144948,
                    "operator_type": "ORDER_BY",
                    "operator_cardinality": 4096,
                    "cumulative_rows_scanned": 5110826,
                    "operator_rows_scanned": 0,
                    "operator_timing": 0.06440308800000002,
                    "result_set_size": 262144,
                    "children": [
                        {
                            "operator_name": "HASH_GROUP_BY",
                            "cpu_time": 2.889746461999997,
                            "extra_info": {
                                "Groups": "#0",
                                "Aggregates": [
                                    "count(DISTINCT #1)",
                                    "sum(#2)",
                                    "sum(#3)",
                                    "avg(#4)"
                                ],
                                "Estimated Cardinality": "1260710"
                            },
                            "cumulative_cardinality": 15140852,
                            "operator_type": "HASH_GROUP_BY",
                            "operator_cardinality": 1045736,
                            "cumulative_rows_scanned": 5110826,
                            "operator_rows_scanned": 0,
                            "operator_timing": 1.4931321759999987,
                            "result_set_size": 66927104,
                            "children": [
                                {
                                    "operator_name": "PROJECTION",
                                    "cpu_time": 1.3966142859999982,
                                    "extra_info": {
                                        "Projections": [
                                            "displayname",
                                            "id",
                                            "CASE  WHEN ((posttypeid = 1)) THEN (1) ELSE 0 END",
                                            "CASE  WHEN ((posttypeid = 2)) THEN (1) ELSE 0 END",
                                            "reputation"
                                        ],
                                        "Estimated Cardinality": "3850116"
                                    },
                                    "cumulative_cardinality": 14095116,
                                    "operator_type": "PROJECTION",
                                    "operator_cardinality": 4574495,
                                    "cumulative_rows_scanned": 5110826,
                                    "operator_rows_scanned": 0,
                                    "operator_timing": 0.07208753100000004,
                                    "result_set_size": 146383840,
                                    "children": [
                                        {
                                            "operator_name": "HASH_JOIN",
                                            "cpu_time": 1.3245267549999982,
                                            "extra_info": {
                                                "Join Type": "RIGHT",
                                                "Conditions": "owneruserid = id",
                                                "Estimated Cardinality": "3850116"
                                            },
                                            "cumulative_cardinality": 9520621,
                                            "operator_type": "HASH_JOIN",
                                            "operator_cardinality": 4574495,
                                            "cumulative_rows_scanned": 5110826,
                                            "operator_rows_scanned": 0,
                                            "operator_timing": 0.3490268789999998,
                                            "result_set_size": 118936870,
                                            "children": [
                                                {
                                                    "operator_name": "READ_PARQUET ",
                                                    "cpu_time": 0.1636989660000001,
                                                    "extra_info": {
                                                        "Function": "READ_PARQUET",
                                                        "Projections": [
                                                            "id",
                                                            "posttypeid",
                                                            "owneruserid"
                                                        ],
                                                        "Estimated Cardinality": "3850116"
                                                    },
                                                    "cumulative_cardinality": 3685416,
                                                    "operator_type": "TABLE_SCAN",
                                                    "operator_cardinality": 3685416,
                                                    "cumulative_rows_scanned": 3850116,
                                                    "operator_rows_scanned": 3850116,
                                                    "operator_timing": 0.1636989660000001,
                                                    "result_set_size": 36854160,
                                                    "children": []
                                                },
                                                {
                                                    "operator_name": "READ_PARQUET ",
                                                    "cpu_time": 0.8118009099999983,
                                                    "extra_info": {
                                                        "Function": "READ_PARQUET",
                                                        "Projections": [
                                                            "id",
                                                            "reputation",
                                                            "displayname"
                                                        ],
                                                        "Estimated Cardinality": "1260710"
                                                    },
                                                    "cumulative_cardinality": 1260710,
                                                    "operator_type": "TABLE_SCAN",
                                                    "operator_cardinality": 1260710,
                                                    "cumulative_rows_scanned": 1260710,
                                                    "operator_rows_scanned": 1260710,
                                                    "operator_timing": 0.8118009099999983,
                                                    "result_set_size": 30257040,
                                                    "children": []
                                                }
                                            ]
                                        }
                                    ]
                                }
                            ]
                        }
                    ]
                }
            ]
        }
    ]
}