{
    "rows_returned": 50,
    "query_name": "WITH UserStats AS (\n    SELECT \n        u.Id AS UserId,\n        u.DisplayName,\n        u.Reputation,\n        COUNT(DISTINCT p.Id) AS TotalPosts,\n        SUM(CASE WHEN p.PostTypeId = 1 THEN 1 ELSE 0 END) AS TotalQuestions,\n        SUM(CASE WHEN p.PostTypeId = 2 THEN 1 ELSE 0 END) AS TotalAnswers,\n        SUM(COALESCE(b.Class, 0)) AS TotalBadgeClass,\n        RANK() OVER (ORDER BY u.Reputation DESC) AS ReputationRank\n    FROM \n        Users u\n    LEFT JOIN \n        Posts p ON u.Id = p.OwnerUserId\n    LEFT JOIN \n        Badges b ON u.Id = b.UserId\n    WHERE \n        u.Reputation > 100\n    GROUP BY \n        u.Id, u.DisplayName, u.Reputation\n),\nQuestionStats AS (\n    SELECT \n        p.OwnerUserId,\n        COUNT(CASE WHEN p.AnswerCount = 0 THEN 1 END) AS UnansweredCount,\n        MAX(p.CreationDate) AS LatestQuestionDate\n    FROM \n        Posts p\n    WHERE \n        p.PostTypeId = 1\n    GROUP BY \n        p.OwnerUserId\n),\nPerformanceBenchmark AS (\n    SELECT \n        us.DisplayName,\n        us.Reputation,\n        us.TotalPosts,\n        us.TotalQuestions,\n        us.TotalAnswers,\n        us.TotalBadgeClass,\n        q.UnansweredCount,\n        q.LatestQuestionDate,\n        (us.TotalPosts * 1.0 / NULLIF(us.Reputation, 0)) AS EngagementScore\n    FROM \n        UserStats us\n    LEFT JOIN \n        QuestionStats q ON us.UserId = q.OwnerUserId\n)\nSELECT \n    DisplayName,\n    Reputation,\n    TotalPosts,\n    TotalQuestions,\n    TotalAnswers,\n    TotalBadgeClass,\n    UnansweredCount,\n    LatestQuestionDate,\n    EngagementScore\nFROM \n    PerformanceBenchmark\nWHERE \n    EngagementScore > 0.1\nORDER BY \n    EngagementScore DESC\nLIMIT 50\nOFFSET 0;\n",
    "blocked_thread_time": 0.0,
    "cpu_time": 65.11207073199917,
    "extra_info": {},
    "cumulative_cardinality": 1742454952,
    "cumulative_rows_scanned": 11282666,
    "result_set_size": 5000,
    "latency": 75.897537233,
    "children": [
        {
            "operator_name": "STREAMING_LIMIT",
            "cpu_time": 65.11207073199917,
            "extra_info": {},
            "cumulative_cardinality": 1742454952,
            "operator_type": "STREAMING_LIMIT",
            "operator_cardinality": 50,
            "cumulative_rows_scanned": 11282666,
            "operator_rows_scanned": 0,
            "operator_timing": 0.0000018630000000000002,
            "result_set_size": 5000,
            "children": [
                {
                    "operator_name": "ORDER_BY",
                    "cpu_time": 65.11206886899917,
                    "extra_info": {
                        "Order By": "PerformanceBenchmark.EngagementScore DESC"
                    },
                    "cumulative_cardinality": 1742454902,
                    "operator_type": "ORDER_BY",
                    "operator_cardinality": 2585,
                    "cumulative_rows_scanned": 11282666,
                    "operator_rows_scanned": 0,
                    "operator_timing": 0.000521964,
                    "result_set_size": 258500,
                    "children": [
                        {
                            "operator_name": "PROJECTION",
                            "cpu_time": 65.11154690499917,
                            "extra_info": {
                                "Projections": [
                                    "displayname",
                                    "reputation",
                                    "TotalPosts",
                                    "TotalQuestions",
                                    "TotalAnswers",
                                    "TotalBadgeClass",
                                    "UnansweredCount",
                                    "LatestQuestionDate",
                                    "EngagementScore"
                                ],
                                "Estimated Cardinality": "1260710"
                            },
                            "cumulative_cardinality": 1742452317,
                            "operator_type": "PROJECTION",
                            "operator_cardinality": 2585,
                            "cumulative_rows_scanned": 11282666,
                            "operator_rows_scanned": 0,
                            "operator_timing": 0.000287718,
                            "result_set_size": 258500,
                            "children": [
                                {
                                    "operator_name": "HASH_JOIN",
                                    "cpu_time": 65.11125918699918,
                                    "extra_info": {
                                        "Join Type": "LEFT",
                                        "Conditions": "UserId = owneruserid",
                                        "Estimated Cardinality": "1260710"
                                    },
                                    "cumulative_cardinality": 1742449732,
                                    "operator_type": "HASH_JOIN",
                                    "operator_cardinality": 2585,
                                    "cumulative_rows_scanned": 11282666,
                                    "operator_rows_scanned": 0,
                                    "operator_timing": 0.020680092,
                                    "result_set_size": 237820,
                                    "children": [
                                        {
                                            "operator_name": "FILTER",
                                            "cpu_time": 60.54316130199918,
                                            "extra_info": {
                                                "Expression": "((CAST((CAST(TotalPosts AS DECIMAL(21,0)) * 1.0) AS DOUBLE) / CAST(CASE  WHEN (false) THEN (NULL) ELSE reputation END AS DOUBLE)) > 0.1)",
                                                "Estimated Cardinality": "1260710"
                                            },
                                            "cumulative_cardinality": 1738781345,
                                            "operator_type": "FILTER",
                                            "operator_cardinality": 2585,
                                            "cumulative_rows_scanned": 7432550,
                                            "operator_rows_scanned": 0,
                                            "operator_timing": 0.011686035999999995,
                                            "result_set_size": 206800,
                                            "children": [
                                                {
                                                    "operator_name": "PROJECTION",
                                                    "cpu_time": 60.53147526599918,
                                                    "extra_info": {
                                                        "Projections": [
                                                            "UserId",
                                                            "displayname",
                                                            "reputation",
                                                            "TotalPosts",
                                                            "TotalQuestions",
                                                            "TotalAnswers",
                                                            "TotalBadgeClass"
                                                        ],
                                                        "Estimated Cardinality": "1260710"
                                                    },
                                                    "cumulative_cardinality": 1738778760,
                                                    "operator_type": "PROJECTION",
                                                    "operator_cardinality": 194389,
                                                    "cumulative_rows_scanned": 7432550,
                                                    "operator_rows_scanned": 0,
                                                    "operator_timing": 0.00003164900000000001,
                                                    "result_set_size": 15551120,
                                                    "children": [
                                                        {
                                                            "operator_name": "PROJECTION",
                                                            "cpu_time": 60.53144361699918,
                                                            "extra_info": {
                                                                "Projections": [
                                                                    "#0",
                                                                    "#1",
                                                                    "#2",
                                                                    "#3",
                                                                    "#4",
                                                                    "#5",
                                                                    "#6",
                                                                    "#7"
                                                                ],
                                                                "Estimated Cardinality": "1260710"
                                                            },
                                                            "cumulative_cardinality": 1738584371,
                                                            "operator_type": "PROJECTION",
                                                            "operator_cardinality": 194389,
                                                            "cumulative_rows_scanned": 7432550,
                                                            "operator_rows_scanned": 0,
                                                            "operator_timing": 0.00003778499999999999,
                                                            "result_set_size": 17106232,
                                                            "children": [
                                                                {
                                                                    "operator_name": "WINDOW",
                                                                    "cpu_time": 60.53140583199917,
                                                                    "extra_info": {
                                                                        "Projections": "RANK() OVER (ORDER BY reputation DESC NULLS LAST)"
                                                                    },
                                                                    "cumulative_cardinality": 1738389982,
                                                                    "operator_type": "WINDOW",
                                                                    "operator_cardinality": 194389,
                                                                    "cumulative_rows_scanned": 7432550,
                                                                    "operator_rows_scanned": 0,
                                                                    "operator_timing": 0.017529277,
                                                                    "result_set_size": 17106232,
                                                                    "children": [
                                                                        {
                                                                            "operator_name": "HASH_GROUP_BY",
                                                                            "cpu_time": 60.51387655499917,
                                                                            "extra_info": {
                                                                                "Groups": [
                                                                                    "#0",
                                                                                    "#1",
                                                                                    "#2"
                                                                                ],
                                                                                "Aggregates": [
                                                                                    "count(DISTINCT #3)",
                                                                                    "sum(#4)",
                                                                                    "sum(#5)",
                                                                                    "sum(#6)"
                                                                                ],
                                                                                "Estimated Cardinality": "1260710"
                                                                            },
                                                                            "cumulative_cardinality": 1738195593,
                                                                            "operator_type": "HASH_GROUP_BY",
                                                                            "operator_cardinality": 194389,
                                                                            "cumulative_rows_scanned": 7432550,
                                                                            "operator_rows_scanned": 0,
                                                                            "operator_timing": 42.067667737999464,
                                                                            "result_set_size": 15551120,
                                                                            "children": [
                                                                                {
                                                                                    "operator_name": "PROJECTION",
                                                                                    "cpu_time": 18.44620881699971,
                                                                                    "extra_info": {
                                                                                        "Projections": [
                                                                                            "id",
                                                                                            "displayname",
                                                                                            "reputation",
                                                                                            "id",
                                                                                            "CASE  WHEN ((posttypeid = 1)) THEN (1) ELSE 0 END",
                                                                                            "CASE  WHEN ((posttypeid = 2)) THEN (1) ELSE 0 END",
                                                                                            "COALESCE(class, 0)"
                                                                                        ],
                                                                                        "Estimated Cardinality": "3850116"
                                                                                    },
                                                                                    "cumulative_cardinality": 1738001204,
                                                                                    "operator_type": "PROJECTION",
                                                                                    "operator_cardinality": 575395835,
                                                                                    "cumulative_rows_scanned": 7432550,
                                                                                    "operator_rows_scanned": 0,
                                                                                    "operator_timing": 7.735103689999867,
                                                                                    "result_set_size": 21865041730,
                                                                                    "children": [
                                                                                        {
                                                                                            "operator_name": "PROJECTION",
                                                                                            "cpu_time": 10.711105126999845,
                                                                                            "extra_info": {
                                                                                                "Projections": [
                                                                                                    "#0",
                                                                                                    "#1",
                                                                                                    "#2",
                                                                                                    "#3",
                                                                                                    "#4",
                                                                                                    "__internal_decompress_integral_smallint(#5, 1)"
                                                                                                ],
                                                                                                "Estimated Cardinality": "3850116"
                                                                                            },
                                                                                            "cumulative_cardinality": 1162605369,
                                                                                            "operator_type": "PROJECTION",
                                                                                            "operator_cardinality": 575395835,
                                                                                            "cumulative_rows_scanned": 7432550,
                                                                                            "operator_rows_scanned": 0,
                                                                                            "operator_timing": 0.2752297860000283,
                                                                                            "result_set_size": 18412666720,
                                                                                            "children": [
                                                                                                {
                                                                                                    "operator_name": "HASH_JOIN",
                                                                                                    "cpu_time": 10.435875340999816,
                                                                                                    "extra_info": {
                                                                                                        "Join Type": "LEFT",
                                                                                                        "Conditions": "id = userid",
                                                                                                        "Estimated Cardinality": "3850116"
                                                                                                    },
                                                                                                    "cumulative_cardinality": 587209534,
                                                                                                    "operator_type": "HASH_JOIN",
                                                                                                    "operator_cardinality": 575395835,
                                                                                                    "cumulative_rows_scanned": 7432550,
                                                                                                    "operator_rows_scanned": 0,
                                                                                                    "operator_timing": 7.323150417999817,
                                                                                                    "result_set_size": 17837270885,
                                                                                                    "children": [
                                                                                                        {
                                                                                                            "operator_name": "HASH_JOIN",
                                                                                                            "cpu_time": 2.114809715999999,
                                                                                                            "extra_info": {
                                                                                                                "Join Type": "RIGHT",
                                                                                                                "Conditions": "owneruserid = id",
                                                                                                                "Estimated Cardinality": "3850116"
                                                                                                            },
                                                                                                            "cumulative_cardinality": 7170251,
                                                                                                            "operator_type": "HASH_JOIN",
                                                                                                            "operator_cardinality": 3291048,
                                                                                                            "cumulative_rows_scanned": 5110826,
                                                                                                            "operator_rows_scanned": 0,
                                                                                                            "operator_timing": 0.2779353620000006,
                                                                                                            "result_set_size": 98731440,
                                                                                                            "children": [
                                                                                                                {
                                                                                                                    "operator_name": "READ_PARQUET ",
                                                                                                                    "cpu_time": 0.16123377400000027,
                                                                                                                    "extra_info": {
                                                                                                                        "Function": "READ_PARQUET",
                                                                                                                        "Projections": [
                                                                                                                            "id",
                                                                                                                            "posttypeid",
                                                                                                                            "owneruserid"
                                                                                                                        ],
                                                                                                                        "Estimated Cardinality": "3850116"
                                                                                                                    },
                                                                                                                    "cumulative_cardinality": 3684814,
                                                                                                                    "operator_type": "TABLE_SCAN",
                                                                                                                    "operator_cardinality": 3684814,
                                                                                                                    "cumulative_rows_scanned": 3850116,
                                                                                                                    "operator_rows_scanned": 3850116,
                                                                                                                    "operator_timing": 0.16123377400000027,
                                                                                                                    "result_set_size": 36848140,
                                                                                                                    "children": []
                                                                                                                },
                                                                                                                {
                                                                                                                    "operator_name": "READ_PARQUET ",
                                                                                                                    "cpu_time": 1.675640579999998,
                                                                                                                    "extra_info": {
                                                                                                                        "Function": "READ_PARQUET",
                                                                                                                        "Projections": [
                                                                                                                            "id",
                                                                                                                            "reputation",
                                                                                                                            "displayname"
                                                                                                                        ],
                                                                                                                        "Filters": "reputation>100",
                                                                                                                        "Estimated Cardinality": "252142"
                                                                                                                    },
                                                                                                                    "cumulative_cardinality": 194389,
                                                                                                                    "operator_type": "TABLE_SCAN",
                                                                                                                    "operator_cardinality": 194389,
                                                                                                                    "cumulative_rows_scanned": 1260710,
                                                                                                                    "operator_rows_scanned": 1260710,
                                                                                                                    "operator_timing": 1.675640579999998,
                                                                                                                    "result_set_size": 4665336,
                                                                                                                    "children": []
                                                                                                                }
                                                                                                            ]
                                                                                                        },
                                                                                                        {
                                                                                                            "operator_name": "PROJECTION",
                                                                                                            "cpu_time": 0.9979152070000006,
                                                                                                            "extra_info": {
                                                                                                                "Projections": [
                                                                                                                    "#0",
                                                                                                                    "__internal_compress_integral_utinyint(#1, 1)"
                                                                                                                ],
                                                                                                                "Estimated Cardinality": "2321724"
                                                                                                            },
                                                                                                            "cumulative_cardinality": 4643448,
                                                                                                            "operator_type": "PROJECTION",
                                                                                                            "operator_cardinality": 2321724,
                                                                                                            "cumulative_rows_scanned": 2321724,
                                                                                                            "operator_rows_scanned": 0,
                                                                                                            "operator_timing": 0.0012745460000000012,
                                                                                                            "result_set_size": 11608620,
                                                                                                            "children": [
                                                                                                                {
                                                                                                                    "operator_name": "READ_PARQUET ",
                                                                                                                    "cpu_time": 0.9966406610000006,
                                                                                                                    "extra_info": {
                                                                                                                        "Function": "READ_PARQUET",
                                                                                                                        "Projections": [
                                                                                                                            "userid",
                                                                                                                            "class"
                                                                                                                        ],
                                                                                                                        "Estimated Cardinality": "2321724"
                                                                                                                    },
                                                                                                                    "cumulative_cardinality": 2321724,
                                                                                                                    "operator_type": "TABLE_SCAN",
                                                                                                                    "operator_cardinality": 2321724,
                                                                                                                    "cumulative_rows_scanned": 2321724,
                                                                                                                    "operator_rows_scanned": 2321724,
                                                                                                                    "operator_timing": 0.9966406610000006,
                                                                                                                    "result_set_size": 13930344,
                                                                                                                    "children": []
                                                                                                                }
                                                                                                            ]
                                                                                                        }
                                                                                                    ]
                                                                                                }
                                                                                            ]
                                                                                        }
                                                                                    ]
                                                                                }
                                                                            ]
                                                                        }
                                                                    ]
                                                                }
                                                            ]
                                                        }
                                                    ]
                                                }
                                            ]
                                        },
                                        {
                                            "operator_name": "HASH_GROUP_BY",
                                            "cpu_time": 4.547417792999998,
                                            "extra_info": {
                                                "Groups": "#0",
                                                "Aggregates": [
                                                    "count(#1)",
                                                    "max(#2)"
                                                ],
                                                "Estimated Cardinality": "385011"
                                            },
                                            "cumulative_cardinality": 3665802,
                                            "operator_type": "HASH_GROUP_BY",
                                            "operator_cardinality": 329474,
                                            "cumulative_rows_scanned": 3850116,
                                            "operator_rows_scanned": 0,
                                            "operator_timing": 0.12713503999999992,
                                            "result_set_size": 6589480,
                                            "children": [
                                                {
                                                    "operator_name": "PROJECTION",
                                                    "cpu_time": 4.420282752999999,
                                                    "extra_info": {
                                                        "Projections": [
                                                            "owneruserid",
                                                            "CASE  WHEN ((answercount = 0)) THEN (1) ELSE NULL END",
                                                            "creationdate"
                                                        ],
                                                        "Estimated Cardinality": "770023"
                                                    },
                                                    "cumulative_cardinality": 3336328,
                                                    "operator_type": "PROJECTION",
                                                    "operator_cardinality": 1668164,
                                                    "cumulative_rows_scanned": 3850116,
                                                    "operator_rows_scanned": 0,
                                                    "operator_timing": 0.018348332000000033,
                                                    "result_set_size": 26690624,
                                                    "children": [
                                                        {
                                                            "operator_name": "READ_PARQUET ",
                                                            "cpu_time": 4.401934420999998,
                                                            "extra_info": {
                                                                "Function": "READ_PARQUET",
                                                                "Projections": [
                                                                    "creationdate",
                                                                    "owneruserid",
                                                                    "answercount"
                                                                ],
                                                                "Filters": "posttypeid=1",
                                                                "Estimated Cardinality": "770023"
                                                            },
                                                            "cumulative_cardinality": 1668164,
                                                            "operator_type": "TABLE_SCAN",
                                                            "operator_cardinality": 1668164,
                                                            "cumulative_rows_scanned": 3850116,
                                                            "operator_rows_scanned": 3850116,
                                                            "operator_timing": 4.401934420999998,
                                                            "result_set_size": 26690624,
                                                            "children": []
                                                        }
                                                    ]
                                                }
                                            ]
                                        }
                                    ]
                                }
                            ]
                        }
                    ]
                }
            ]
        }
    ]
}