{
    "rows_returned": 194389,
    "query_name": "\nSELECT \n    U.DisplayName,\n    COUNT(P.Id) AS PostCount,\n    SUM(COALESCE(V.VoteCount, 0)) AS TotalVotes\nFROM \n    Users U\nLEFT JOIN \n    Posts P ON U.Id = P.OwnerUserId\nLEFT JOIN \n    (SELECT PostId, COUNT(*) AS VoteCount \n     FROM Votes \n     GROUP BY PostId) V ON P.Id = V.PostId\nWHERE \n    U.Reputation > 100\nGROUP BY \n    U.Id, U.DisplayName\nORDER BY \n    TotalVotes DESC;\n",
    "blocked_thread_time": 0.0,
    "cpu_time": 5.138810744999996,
    "extra_info": {},
    "cumulative_cardinality": 43788927,
    "cumulative_rows_scanned": 17854919,
    "result_set_size": 7775560,
    "latency": 5.606661564,
    "children": [
        {
            "operator_name": "ORDER_BY",
            "cpu_time": 5.138810744999996,
            "extra_info": {
                "Order By": "sum(COALESCE(V.VoteCount, 0)) DESC"
            },
            "cumulative_cardinality": 43788927,
            "operator_type": "ORDER_BY",
            "operator_cardinality": 194389,
            "cumulative_rows_scanned": 17854919,
            "operator_rows_scanned": 0,
            "operator_timing": 0.010388650000000003,
            "result_set_size": 7775560,
            "children": [
                {
                    "operator_name": "PROJECTION",
                    "cpu_time": 5.128422094999996,
                    "extra_info": {
                        "Projections": [
                            "displayname",
                            "PostCount",
                            "TotalVotes"
                        ],
                        "Estimated Cardinality": "1260710"
                    },
                    "cumulative_cardinality": 43594538,
                    "operator_type": "PROJECTION",
                    "operator_cardinality": 194389,
                    "cumulative_rows_scanned": 17854919,
                    "operator_rows_scanned": 0,
                    "operator_timing": 0.000024941000000000004,
                    "result_set_size": 7775560,
                    "children": [
                        {
                            "operator_name": "HASH_GROUP_BY",
                            "cpu_time": 5.1283971539999955,
                            "extra_info": {
                                "Groups": [
                                    "#0",
                                    "#1"
                                ],
                                "Aggregates": [
                                    "count(#2)",
                                    "sum(#3)"
                                ],
                                "Estimated Cardinality": "1260710"
                            },
                            "cumulative_cardinality": 43400149,
                            "operator_type": "HASH_GROUP_BY",
                            "operator_cardinality": 194389,
                            "cumulative_rows_scanned": 17854919,
                            "operator_rows_scanned": 0,
                            "operator_timing": 0.2566805800000002,
                            "result_set_size": 8553116,
                            "children": [
                                {
                                    "operator_name": "PROJECTION",
                                    "cpu_time": 4.871716573999995,
                                    "extra_info": {
                                        "Projections": [
                                            "id",
                                            "displayname",
                                            "id",
                                            "COALESCE(VoteCount, 0)"
                                        ],
                                        "Estimated Cardinality": "6372046"
                                    },
                                    "cumulative_cardinality": 43205760,
                                    "operator_type": "PROJECTION",
                                    "operator_cardinality": 3291048,
                                    "cumulative_rows_scanned": 17854919,
                                    "operator_rows_scanned": 0,
                                    "operator_timing": 0.04016877900000002,
                                    "result_set_size": 105313536,
                                    "children": [
                                        {
                                            "operator_name": "HASH_JOIN",
                                            "cpu_time": 4.831547794999995,
                                            "extra_info": {
                                                "Join Type": "RIGHT",
                                                "Conditions": "postid = id",
                                                "Estimated Cardinality": "6372046"
                                            },
                                            "cumulative_cardinality": 39914712,
                                            "operator_type": "HASH_JOIN",
                                            "operator_cardinality": 3291048,
                                            "cumulative_rows_scanned": 17854919,
                                            "operator_rows_scanned": 0,
                                            "operator_timing": 0.5084581719999997,
                                            "result_set_size": 105313536,
                                            "children": [
                                                {
                                                    "operator_name": "HASH_GROUP_BY",
                                                    "cpu_time": 3.285195007999994,
                                                    "extra_info": {
                                                        "Groups": "#0",
                                                        "Aggregates": "count_star()",
                                                        "Estimated Cardinality": "6372046"
                                                    },
                                                    "cumulative_cardinality": 29453413,
                                                    "operator_type": "HASH_GROUP_BY",
                                                    "operator_cardinality": 3965227,
                                                    "cumulative_rows_scanned": 12744093,
                                                    "operator_rows_scanned": 0,
                                                    "operator_timing": 0.6906946129999995,
                                                    "result_set_size": 47582724,
                                                    "children": [
                                                        {
                                                            "operator_name": "PROJECTION",
                                                            "cpu_time": 2.5945003949999945,
                                                            "extra_info": {
                                                                "Projections": "postid",
                                                                "Estimated Cardinality": "12744093"
                                                            },
                                                            "cumulative_cardinality": 25488186,
                                                            "operator_type": "PROJECTION",
                                                            "operator_cardinality": 12744093,
                                                            "cumulative_rows_scanned": 12744093,
                                                            "operator_rows_scanned": 0,
                                                            "operator_timing": 0.001135022999999995,
                                                            "result_set_size": 50976372,
                                                            "children": [
                                                                {
                                                                    "operator_name": "READ_PARQUET ",
                                                                    "cpu_time": 2.5933653719999947,
                                                                    "extra_info": {
                                                                        "Function": "READ_PARQUET",
                                                                        "Projections": "postid",
                                                                        "Estimated Cardinality": "12744093"
                                                                    },
                                                                    "cumulative_cardinality": 12744093,
                                                                    "operator_type": "TABLE_SCAN",
                                                                    "operator_cardinality": 12744093,
                                                                    "cumulative_rows_scanned": 12744093,
                                                                    "operator_rows_scanned": 12744093,
                                                                    "operator_timing": 2.5933653719999947,
                                                                    "result_set_size": 50976372,
                                                                    "children": []
                                                                }
                                                            ]
                                                        }
                                                    ]
                                                },
                                                {
                                                    "operator_name": "HASH_JOIN",
                                                    "cpu_time": 1.0378946150000015,
                                                    "extra_info": {
                                                        "Join Type": "RIGHT",
                                                        "Conditions": "owneruserid = id",
                                                        "Estimated Cardinality": "3850116"
                                                    },
                                                    "cumulative_cardinality": 7170251,
                                                    "operator_type": "HASH_JOIN",
                                                    "operator_cardinality": 3291048,
                                                    "cumulative_rows_scanned": 5110826,
                                                    "operator_rows_scanned": 0,
                                                    "operator_timing": 0.18940264700000095,
                                                    "result_set_size": 78985152,
                                                    "children": [
                                                        {
                                                            "operator_name": "READ_PARQUET ",
                                                            "cpu_time": 0.12801175000000034,
                                                            "extra_info": {
                                                                "Function": "READ_PARQUET",
                                                                "Projections": [
                                                                    "id",
                                                                    "owneruserid"
                                                                ],
                                                                "Estimated Cardinality": "3850116"
                                                            },
                                                            "cumulative_cardinality": 3684814,
                                                            "operator_type": "TABLE_SCAN",
                                                            "operator_cardinality": 3684814,
                                                            "cumulative_rows_scanned": 3850116,
                                                            "operator_rows_scanned": 3850116,
                                                            "operator_timing": 0.12801175000000034,
                                                            "result_set_size": 29478512,
                                                            "children": []
                                                        },
                                                        {
                                                            "operator_name": "READ_PARQUET ",
                                                            "cpu_time": 0.7204802180000002,
                                                            "extra_info": {
                                                                "Function": "READ_PARQUET",
                                                                "Projections": [
                                                                    "id",
                                                                    "displayname"
                                                                ],
                                                                "Filters": "reputation>100",
                                                                "Estimated Cardinality": "252142"
                                                            },
                                                            "cumulative_cardinality": 194389,
                                                            "operator_type": "TABLE_SCAN",
                                                            "operator_cardinality": 194389,
                                                            "cumulative_rows_scanned": 1260710,
                                                            "operator_rows_scanned": 1260710,
                                                            "operator_timing": 0.7204802180000002,
                                                            "result_set_size": 3887780,
                                                            "children": []
                                                        }
                                                    ]
                                                }
                                            ]
                                        }
                                    ]
                                }
                            ]
                        }
                    ]
                }
            ]
        }
    ]
}