{
    "rows_returned": 4529,
    "query_name": "WITH UserBadgeStats AS (\n    SELECT \n        u.Id AS UserId, \n        COUNT(b.Id) AS TotalBadges,\n        SUM(CASE WHEN b.Class = 1 THEN 1 ELSE 0 END) AS GoldBadges,\n        SUM(CASE WHEN b.Class = 2 THEN 1 ELSE 0 END) AS SilverBadges,\n        SUM(CASE WHEN b.Class = 3 THEN 1 ELSE 0 END) AS BronzeBadges\n    FROM \n        Users u\n    LEFT JOIN \n        Badges b ON u.Id = b.UserId\n    GROUP BY \n        u.Id\n),\nRecentPosts AS (\n    SELECT \n        p.OwnerUserId, \n        COUNT(p.Id) AS RecentPostCount,\n        AVG(p.Score) AS AvgScore\n    FROM \n        Posts p\n    WHERE \n        p.CreationDate >= cast('2024-10-01 12:34:56' as timestamp) - INTERVAL '1 month'\n    GROUP BY \n        p.OwnerUserId\n),\nUsersWithActivity AS (\n    SELECT \n        u.Id AS UserId,\n        u.DisplayName,\n        COALESCE(ubs.TotalBadges, 0) AS TotalBadges,\n        COALESCE(ubs.GoldBadges, 0) AS GoldBadges,\n        COALESCE(ubs.SilverBadges, 0) AS SilverBadges,\n        COALESCE(ubs.BronzeBadges, 0) AS BronzeBadges,\n        COALESCE(rp.RecentPostCount, 0) AS RecentPostCount,\n        COALESCE(rp.AvgScore, 0) AS AvgScore\n    FROM \n        Users u\n    LEFT JOIN \n        UserBadgeStats ubs ON u.Id = ubs.UserId\n    LEFT JOIN \n        RecentPosts rp ON u.Id = rp.OwnerUserId\n)\nSELECT \n    uwa.UserId,\n    uwa.DisplayName,\n    uwa.TotalBadges,\n    uwa.GoldBadges,\n    uwa.SilverBadges,\n    uwa.BronzeBadges,\n    uwa.RecentPostCount,\n    uwa.AvgScore,\n    CASE \n        WHEN uwa.TotalBadges >= 10 THEN 'Expert'\n        WHEN uwa.AvgScore > 50 THEN 'Active Contributor'\n        ELSE 'Novice'\n    END AS UserStatus\nFROM \n    UsersWithActivity uwa\nWHERE \n    uwa.RecentPostCount > 0\nORDER BY \n    uwa.TotalBadges DESC, uwa.AvgScore DESC;",
    "blocked_thread_time": 0.0,
    "cpu_time": 1.8300890839999997,
    "extra_info": {},
    "cumulative_cardinality": 14739099,
    "cumulative_rows_scanned": 8693260,
    "result_set_size": 489132,
    "latency": 1.930488539,
    "children": [
        {
            "operator_name": "ORDER_BY",
            "cpu_time": 1.8300890839999997,
            "extra_info": {
                "Order By": [
                    "uwa.TotalBadges DESC",
                    "uwa.AvgScore DESC"
                ]
            },
            "cumulative_cardinality": 14739099,
            "operator_type": "ORDER_BY",
            "operator_cardinality": 4529,
            "cumulative_rows_scanned": 8693260,
            "operator_rows_scanned": 0,
            "operator_timing": 0.000781299,
            "result_set_size": 489132,
            "children": [
                {
                    "operator_name": "PROJECTION",
                    "cpu_time": 1.8293077849999997,
                    "extra_info": {
                        "Projections": [
                            "UserId",
                            "displayname",
                            "TotalBadges",
                            "GoldBadges",
                            "SilverBadges",
                            "BronzeBadges",
                            "RecentPostCount",
                            "AvgScore",
                            "UserStatus"
                        ],
                        "Estimated Cardinality": "77002"
                    },
                    "cumulative_cardinality": 14734570,
                    "operator_type": "PROJECTION",
                    "operator_cardinality": 4529,
                    "cumulative_rows_scanned": 8693260,
                    "operator_rows_scanned": 0,
                    "operator_timing": 0.4138416490000001,
                    "result_set_size": 489132,
                    "children": [
                        {
                            "operator_name": "PROJECTION",
                            "cpu_time": 1.4154661359999996,
                            "extra_info": {
                                "Projections": [
                                    "UserId",
                                    "displayname",
                                    "TotalBadges",
                                    "GoldBadges",
                                    "SilverBadges",
                                    "BronzeBadges",
                                    "RecentPostCount",
                                    "AvgScore"
                                ],
                                "Estimated Cardinality": "77002"
                            },
                            "cumulative_cardinality": 14730041,
                            "operator_type": "PROJECTION",
                            "operator_cardinality": 4529,
                            "cumulative_rows_scanned": 8693260,
                            "operator_rows_scanned": 0,
                            "operator_timing": 0.0005965040000000001,
                            "result_set_size": 416668,
                            "children": [
                                {
                                    "operator_name": "HASH_JOIN",
                                    "cpu_time": 1.4148696319999996,
                                    "extra_info": {
                                        "Join Type": "INNER",
                                        "Conditions": "id = owneruserid",
                                        "Estimated Cardinality": "77002"
                                    },
                                    "cumulative_cardinality": 14725512,
                                    "operator_type": "HASH_JOIN",
                                    "operator_cardinality": 4529,
                                    "cumulative_rows_scanned": 8693260,
                                    "operator_rows_scanned": 0,
                                    "operator_timing": 0.02207242899999999,
                                    "result_set_size": 416668,
                                    "children": [
                                        {
                                            "operator_name": "FILTER",
                                            "cpu_time": 1.3375615179999996,
                                            "extra_info": {
                                                "Expression": "(id <= 1416539)",
                                                "Estimated Cardinality": "1260710"
                                            },
                                            "cumulative_cardinality": 14692069,
                                            "operator_type": "FILTER",
                                            "operator_cardinality": 1260679,
                                            "cumulative_rows_scanned": 4843144,
                                            "operator_rows_scanned": 0,
                                            "operator_timing": 0.0025969759999999987,
                                            "result_set_size": 95811604,
                                            "children": [
                                                {
                                                    "operator_name": "HASH_JOIN",
                                                    "cpu_time": 1.3349645419999996,
                                                    "extra_info": {
                                                        "Join Type": "RIGHT",
                                                        "Conditions": "UserId = id",
                                                        "Estimated Cardinality": "1260710"
                                                    },
                                                    "cumulative_cardinality": 13431390,
                                                    "operator_type": "HASH_JOIN",
                                                    "operator_cardinality": 1260710,
                                                    "cumulative_rows_scanned": 4843144,
                                                    "operator_rows_scanned": 0,
                                                    "operator_timing": 0.14758962800000008,
                                                    "result_set_size": 95813960,
                                                    "children": [
                                                        {
                                                            "operator_name": "HASH_GROUP_BY",
                                                            "cpu_time": 1.0589318419999998,
                                                            "extra_info": {
                                                                "Groups": "#0",
                                                                "Aggregates": [
                                                                    "count(#1)",
                                                                    "sum(#2)",
                                                                    "sum(#3)",
                                                                    "sum(#4)"
                                                                ],
                                                                "Estimated Cardinality": "1260710"
                                                            },
                                                            "cumulative_cardinality": 10909970,
                                                            "operator_type": "HASH_GROUP_BY",
                                                            "operator_cardinality": 1260710,
                                                            "cumulative_rows_scanned": 3582434,
                                                            "operator_rows_scanned": 0,
                                                            "operator_timing": 0.4628792679999998,
                                                            "result_set_size": 75642600,
                                                            "children": [
                                                                {
                                                                    "operator_name": "PROJECTION",
                                                                    "cpu_time": 0.5960525740000001,
                                                                    "extra_info": {
                                                                        "Projections": [
                                                                            "id",
                                                                            "id",
                                                                            "CASE  WHEN ((class = 1)) THEN (1) ELSE 0 END",
                                                                            "CASE  WHEN ((class = 2)) THEN (1) ELSE 0 END",
                                                                            "CASE  WHEN ((class = 3)) THEN (1) ELSE 0 END"
                                                                        ],
                                                                        "Estimated Cardinality": "2321724"
                                                                    },
                                                                    "cumulative_cardinality": 9649260,
                                                                    "operator_type": "PROJECTION",
                                                                    "operator_cardinality": 3033413,
                                                                    "cumulative_rows_scanned": 3582434,
                                                                    "operator_rows_scanned": 0,
                                                                    "operator_timing": 0.024102045000000016,
                                                                    "result_set_size": 60668260,
                                                                    "children": [
                                                                        {
                                                                            "operator_name": "HASH_JOIN",
                                                                            "cpu_time": 0.5719505290000001,
                                                                            "extra_info": {
                                                                                "Join Type": "RIGHT",
                                                                                "Conditions": "userid = id",
                                                                                "Estimated Cardinality": "2321724"
                                                                            },
                                                                            "cumulative_cardinality": 6615847,
                                                                            "operator_type": "HASH_JOIN",
                                                                            "operator_cardinality": 3033413,
                                                                            "cumulative_rows_scanned": 3582434,
                                                                            "operator_rows_scanned": 0,
                                                                            "operator_timing": 0.20370995799999986,
                                                                            "result_set_size": 30334130,
                                                                            "children": [
                                                                                {
                                                                                    "operator_name": "READ_PARQUET ",
                                                                                    "cpu_time": 0.36019817900000023,
                                                                                    "extra_info": {
                                                                                        "Function": "READ_PARQUET",
                                                                                        "Projections": [
                                                                                            "id",
                                                                                            "userid",
                                                                                            "class"
                                                                                        ],
                                                                                        "Estimated Cardinality": "2321724"
                                                                                    },
                                                                                    "cumulative_cardinality": 2321724,
                                                                                    "operator_type": "TABLE_SCAN",
                                                                                    "operator_cardinality": 2321724,
                                                                                    "cumulative_rows_scanned": 2321724,
                                                                                    "operator_rows_scanned": 2321724,
                                                                                    "operator_timing": 0.36019817900000023,
                                                                                    "result_set_size": 23217240,
                                                                                    "children": []
                                                                                },
                                                                                {
                                                                                    "operator_name": "READ_PARQUET ",
                                                                                    "cpu_time": 0.008042392000000004,
                                                                                    "extra_info": {
                                                                                        "Function": "READ_PARQUET",
                                                                                        "Projections": "id",
                                                                                        "Estimated Cardinality": "1260710"
                                                                                    },
                                                                                    "cumulative_cardinality": 1260710,
                                                                                    "operator_type": "TABLE_SCAN",
                                                                                    "operator_cardinality": 1260710,
                                                                                    "cumulative_rows_scanned": 1260710,
                                                                                    "operator_rows_scanned": 1260710,
                                                                                    "operator_timing": 0.008042392000000004,
                                                                                    "result_set_size": 5042840,
                                                                                    "children": []
                                                                                }
                                                                            ]
                                                                        }
                                                                    ]
                                                                }
                                                            ]
                                                        },
                                                        {
                                                            "operator_name": "READ_PARQUET ",
                                                            "cpu_time": 0.12844307199999988,
                                                            "extra_info": {
                                                                "Function": "READ_PARQUET",
                                                                "Projections": [
                                                                    "id",
                                                                    "displayname"
                                                                ],
                                                                "Estimated Cardinality": "1260710"
                                                            },
                                                            "cumulative_cardinality": 1260710,
                                                            "operator_type": "TABLE_SCAN",
                                                            "operator_cardinality": 1260710,
                                                            "cumulative_rows_scanned": 1260710,
                                                            "operator_rows_scanned": 1260710,
                                                            "operator_timing": 0.12844307199999988,
                                                            "result_set_size": 25214200,
                                                            "children": []
                                                        }
                                                    ]
                                                }
                                            ]
                                        },
                                        {
                                            "operator_name": "FILTER",
                                            "cpu_time": 0.055235685,
                                            "extra_info": {
                                                "Expression": "(COALESCE(RecentPostCount, 0) > 0)",
                                                "Estimated Cardinality": "77002"
                                            },
                                            "cumulative_cardinality": 28914,
                                            "operator_type": "FILTER",
                                            "operator_cardinality": 4530,
                                            "cumulative_rows_scanned": 3850116,
                                            "operator_rows_scanned": 0,
                                            "operator_timing": 0.000066915,
                                            "result_set_size": 90600,
                                            "children": [
                                                {
                                                    "operator_name": "HASH_GROUP_BY",
                                                    "cpu_time": 0.05516877,
                                                    "extra_info": {
                                                        "Groups": "#0",
                                                        "Aggregates": [
                                                            "count_star()",
                                                            "avg(#1)"
                                                        ],
                                                        "Estimated Cardinality": "385011"
                                                    },
                                                    "cumulative_cardinality": 24384,
                                                    "operator_type": "HASH_GROUP_BY",
                                                    "operator_cardinality": 4530,
                                                    "cumulative_rows_scanned": 3850116,
                                                    "operator_rows_scanned": 0,
                                                    "operator_timing": 0.000570094,
                                                    "result_set_size": 90600,
                                                    "children": [
                                                        {
                                                            "operator_name": "PROJECTION",
                                                            "cpu_time": 0.054598676,
                                                            "extra_info": {
                                                                "Projections": [
                                                                    "owneruserid",
                                                                    "score"
                                                                ],
                                                                "Estimated Cardinality": "770023"
                                                            },
                                                            "cumulative_cardinality": 19854,
                                                            "operator_type": "PROJECTION",
                                                            "operator_cardinality": 9927,
                                                            "cumulative_rows_scanned": 3850116,
                                                            "operator_rows_scanned": 0,
                                                            "operator_timing": 0.000003235,
                                                            "result_set_size": 79416,
                                                            "children": [
                                                                {
                                                                    "operator_name": "READ_PARQUET ",
                                                                    "cpu_time": 0.054595441,
                                                                    "extra_info": {
                                                                        "Function": "READ_PARQUET",
                                                                        "Projections": [
                                                                            "id",
                                                                            "score",
                                                                            "owneruserid"
                                                                        ],
                                                                        "Filters": "creationdate>='2024-09-01 12:34:56'::TIMESTAMP",
                                                                        "Estimated Cardinality": "770023"
                                                                    },
                                                                    "cumulative_cardinality": 9927,
                                                                    "operator_type": "TABLE_SCAN",
                                                                    "operator_cardinality": 9927,
                                                                    "cumulative_rows_scanned": 3850116,
                                                                    "operator_rows_scanned": 3850116,
                                                                    "operator_timing": 0.054595441,
                                                                    "result_set_size": 119124,
                                                                    "children": []
                                                                }
                                                            ]
                                                        }
                                                    ]
                                                }
                                            ]
                                        }
                                    ]
                                }
                            ]
                        }
                    ]
                }
            ]
        }
    ]
}