{
    "rows_returned": 10,
    "query_name": "WITH RankedPosts AS (\n    SELECT \n        p.Id AS PostId,\n        p.Title,\n        p.Score,\n        p.CreationDate,\n        ROW_NUMBER() OVER (PARTITION BY p.OwnerUserId ORDER BY p.Score DESC) AS rn,\n        COALESCE(u.Reputation, 0) AS UserReputation\n    FROM \n        Posts p\n    LEFT JOIN \n        Users u ON p.OwnerUserId = u.Id\n    WHERE \n        p.CreationDate >= cast('2024-10-01 12:34:56' as timestamp) - INTERVAL '1 year'\n),\nRecentVotes AS (\n    SELECT \n        v.PostId,\n        COUNT(v.Id) AS VoteCount,\n        SUM(CASE WHEN v.VoteTypeId = 2 THEN 1 ELSE 0 END) AS UpVotes,\n        SUM(CASE WHEN v.VoteTypeId = 3 THEN 1 ELSE 0 END) AS DownVotes\n    FROM \n        Votes v\n    WHERE \n        v.CreationDate >= cast('2024-10-01 12:34:56' as timestamp) - INTERVAL '6 months'\n    GROUP BY \n        v.PostId\n),\nPostWithVotes AS (\n    SELECT \n        rp.PostId,\n        rp.Title,\n        rp.Score,\n        rp.UserReputation,\n        COALESCE(rv.VoteCount, 0) AS TotalVotes,\n        COALESCE(rv.UpVotes, 0) AS UpVotes,\n        COALESCE(rv.DownVotes, 0) AS DownVotes\n    FROM \n        RankedPosts rp\n    LEFT JOIN \n        RecentVotes rv ON rp.PostId = rv.PostId\n)\nSELECT \n    pwv.PostId,\n    pwv.Title,\n    pwv.Score,\n    pwv.UserReputation,\n    pwv.TotalVotes,\n    pwv.UpVotes,\n    pwv.DownVotes,\n    CASE \n        WHEN pwv.Score >= 10 THEN 'High Score'\n        WHEN pwv.Score BETWEEN 5 AND 9 THEN 'Medium Score'\n        ELSE 'Low Score' \n    END AS ScoreCategory\nFROM \n    PostWithVotes pwv\nWHERE \n    pwv.UserReputation > 50\nORDER BY \n    pwv.Score DESC NULLS LAST\nFETCH FIRST 10 ROWS ONLY;",
    "blocked_thread_time": 0.0,
    "cpu_time": 3.3375339350000006,
    "extra_info": {},
    "cumulative_cardinality": 3536089,
    "cumulative_rows_scanned": 17854919,
    "result_set_size": 840,
    "latency": 3.640698364,
    "children": [
        {
            "operator_name": "STREAMING_LIMIT",
            "cpu_time": 3.3375339350000006,
            "extra_info": {},
            "cumulative_cardinality": 3536089,
            "operator_type": "STREAMING_LIMIT",
            "operator_cardinality": 10,
            "cumulative_rows_scanned": 17854919,
            "operator_rows_scanned": 0,
            "operator_timing": 0.000002204,
            "result_set_size": 840,
            "children": [
                {
                    "operator_name": "PROJECTION",
                    "cpu_time": 3.337531731000001,
                    "extra_info": {
                        "Projections": [
                            "#0",
                            "#1",
                            "__internal_decompress_integral_integer(#2, -72)",
                            "#3",
                            "#4",
                            "#5",
                            "#6",
                            "__internal_decompress_string(#7)"
                        ],
                        "Estimated Cardinality": "1274409"
                    },
                    "cumulative_cardinality": 3536079,
                    "operator_type": "PROJECTION",
                    "operator_cardinality": 4096,
                    "cumulative_rows_scanned": 17854919,
                    "operator_rows_scanned": 0,
                    "operator_timing": 0.000080981,
                    "result_set_size": 344064,
                    "children": [
                        {
                            "operator_name": "ORDER_BY",
                            "cpu_time": 3.337450750000001,
                            "extra_info": {
                                "Order By": "pwv.Score DESC"
                            },
                            "cumulative_cardinality": 3531983,
                            "operator_type": "ORDER_BY",
                            "operator_cardinality": 4096,
                            "cumulative_rows_scanned": 17854919,
                            "operator_rows_scanned": 0,
                            "operator_timing": 0.014954132,
                            "result_set_size": 335872,
                            "children": [
                                {
                                    "operator_name": "PROJECTION",
                                    "cpu_time": 3.3224966180000006,
                                    "extra_info": {
                                        "Projections": [
                                            "#0",
                                            "#1",
                                            "__internal_compress_integral_usmallint(#2, -72)",
                                            "#3",
                                            "#4",
                                            "#5",
                                            "#6",
                                            "__internal_compress_string_hugeint(#7)"
                                        ],
                                        "Estimated Cardinality": "1274409"
                                    },
                                    "cumulative_cardinality": 3527887,
                                    "operator_type": "PROJECTION",
                                    "operator_cardinality": 121708,
                                    "cumulative_rows_scanned": 17854919,
                                    "operator_rows_scanned": 0,
                                    "operator_timing": 0.0023452440000000002,
                                    "result_set_size": 9980056,
                                    "children": [
                                        {
                                            "operator_name": "PROJECTION",
                                            "cpu_time": 3.320151374000001,
                                            "extra_info": {
                                                "Projections": [
                                                    "PostId",
                                                    "title",
                                                    "score",
                                                    "UserReputation",
                                                    "TotalVotes",
                                                    "UpVotes",
                                                    "DownVotes",
                                                    "ScoreCategory"
                                                ],
                                                "Estimated Cardinality": "1274409"
                                            },
                                            "cumulative_cardinality": 3406179,
                                            "operator_type": "PROJECTION",
                                            "operator_cardinality": 121708,
                                            "cumulative_rows_scanned": 17854919,
                                            "operator_rows_scanned": 0,
                                            "operator_timing": 0.002003405,
                                            "result_set_size": 10223472,
                                            "children": [
                                                {
                                                    "operator_name": "PROJECTION",
                                                    "cpu_time": 3.318147969000001,
                                                    "extra_info": {
                                                        "Projections": [
                                                            "PostId",
                                                            "title",
                                                            "score",
                                                            "UserReputation",
                                                            "TotalVotes",
                                                            "UpVotes",
                                                            "DownVotes"
                                                        ],
                                                        "Estimated Cardinality": "1274409"
                                                    },
                                                    "cumulative_cardinality": 3284471,
                                                    "operator_type": "PROJECTION",
                                                    "operator_cardinality": 121708,
                                                    "cumulative_rows_scanned": 17854919,
                                                    "operator_rows_scanned": 0,
                                                    "operator_timing": 0.005468541999999999,
                                                    "result_set_size": 8276144,
                                                    "children": [
                                                        {
                                                            "operator_name": "HASH_JOIN",
                                                            "cpu_time": 3.312679427000001,
                                                            "extra_info": {
                                                                "Join Type": "RIGHT",
                                                                "Conditions": "postid = PostId",
                                                                "Estimated Cardinality": "1274409"
                                                            },
                                                            "cumulative_cardinality": 3162763,
                                                            "operator_type": "HASH_JOIN",
                                                            "operator_cardinality": 121708,
                                                            "cumulative_rows_scanned": 17854919,
                                                            "operator_rows_scanned": 0,
                                                            "operator_timing": 0.025201468,
                                                            "result_set_size": 8276144,
                                                            "children": [
                                                                {
                                                                    "operator_name": "HASH_GROUP_BY",
                                                                    "cpu_time": 2.9783169950000006,
                                                                    "extra_info": {
                                                                        "Groups": "#0",
                                                                        "Aggregates": [
                                                                            "count_star()",
                                                                            "sum(#1)",
                                                                            "sum(#2)"
                                                                        ],
                                                                        "Estimated Cardinality": "1274409"
                                                                    },
                                                                    "cumulative_cardinality": 833053,
                                                                    "operator_type": "HASH_GROUP_BY",
                                                                    "operator_cardinality": 172643,
                                                                    "cumulative_rows_scanned": 12744093,
                                                                    "operator_rows_scanned": 0,
                                                                    "operator_timing": 0.0728993210000003,
                                                                    "result_set_size": 7596292,
                                                                    "children": [
                                                                        {
                                                                            "operator_name": "PROJECTION",
                                                                            "cpu_time": 2.905417674,
                                                                            "extra_info": {
                                                                                "Projections": [
                                                                                    "postid",
                                                                                    "CASE  WHEN ((votetypeid = 2)) THEN (1) ELSE 0 END",
                                                                                    "CASE  WHEN ((votetypeid = 3)) THEN (1) ELSE 0 END"
                                                                                ],
                                                                                "Estimated Cardinality": "2548818"
                                                                            },
                                                                            "cumulative_cardinality": 660410,
                                                                            "operator_type": "PROJECTION",
                                                                            "operator_cardinality": 330205,
                                                                            "cumulative_rows_scanned": 12744093,
                                                                            "operator_rows_scanned": 0,
                                                                            "operator_timing": 0.018536148999999964,
                                                                            "result_set_size": 3962460,
                                                                            "children": [
                                                                                {
                                                                                    "operator_name": "READ_PARQUET ",
                                                                                    "cpu_time": 2.886881525,
                                                                                    "extra_info": {
                                                                                        "Function": "READ_PARQUET",
                                                                                        "Projections": [
                                                                                            "id",
                                                                                            "postid",
                                                                                            "votetypeid"
                                                                                        ],
                                                                                        "Filters": "creationdate>='2024-04-01 12:34:56'::TIMESTAMP",
                                                                                        "Estimated Cardinality": "2548818"
                                                                                    },
                                                                                    "cumulative_cardinality": 330205,
                                                                                    "operator_type": "TABLE_SCAN",
                                                                                    "operator_cardinality": 330205,
                                                                                    "cumulative_rows_scanned": 12744093,
                                                                                    "operator_rows_scanned": 12744093,
                                                                                    "operator_timing": 2.886881525,
                                                                                    "result_set_size": 3302050,
                                                                                    "children": []
                                                                                }
                                                                            ]
                                                                        }
                                                                    ]
                                                                },
                                                                {
                                                                    "operator_name": "PROJECTION",
                                                                    "cpu_time": 0.30916096400000004,
                                                                    "extra_info": {
                                                                        "Projections": [
                                                                            "PostId",
                                                                            "title",
                                                                            "score",
                                                                            "UserReputation"
                                                                        ],
                                                                        "Estimated Cardinality": "252142"
                                                                    },
                                                                    "cumulative_cardinality": 2208002,
                                                                    "operator_type": "PROJECTION",
                                                                    "operator_cardinality": 121708,
                                                                    "cumulative_rows_scanned": 5110826,
                                                                    "operator_rows_scanned": 0,
                                                                    "operator_timing": 0.0016036160000000004,
                                                                    "result_set_size": 3407824,
                                                                    "children": [
                                                                        {
                                                                            "operator_name": "PROJECTION",
                                                                            "cpu_time": 0.30755734800000006,
                                                                            "extra_info": {
                                                                                "Projections": [
                                                                                    "#0",
                                                                                    "#1",
                                                                                    "#3",
                                                                                    "#4"
                                                                                ],
                                                                                "Estimated Cardinality": "252142"
                                                                            },
                                                                            "cumulative_cardinality": 2086294,
                                                                            "operator_type": "PROJECTION",
                                                                            "operator_cardinality": 121708,
                                                                            "cumulative_rows_scanned": 5110826,
                                                                            "operator_rows_scanned": 0,
                                                                            "operator_timing": 0.000043310000000000004,
                                                                            "result_set_size": 3407824,
                                                                            "children": [
                                                                                {
                                                                                    "operator_name": "FILTER",
                                                                                    "cpu_time": 0.30751403800000005,
                                                                                    "extra_info": {
                                                                                        "Expression": "(COALESCE(reputation, 0) > 50)",
                                                                                        "Estimated Cardinality": "252142"
                                                                                    },
                                                                                    "cumulative_cardinality": 1964586,
                                                                                    "operator_type": "FILTER",
                                                                                    "operator_cardinality": 121708,
                                                                                    "cumulative_rows_scanned": 5110826,
                                                                                    "operator_rows_scanned": 0,
                                                                                    "operator_timing": 0.0022331630000000007,
                                                                                    "result_set_size": 4868320,
                                                                                    "children": [
                                                                                        {
                                                                                            "operator_name": "PROJECTION",
                                                                                            "cpu_time": 0.30528087500000006,
                                                                                            "extra_info": {
                                                                                                "Projections": [
                                                                                                    "#0",
                                                                                                    "#1",
                                                                                                    "#2",
                                                                                                    "#3",
                                                                                                    "#4",
                                                                                                    "#5"
                                                                                                ],
                                                                                                "Estimated Cardinality": "1260710"
                                                                                            },
                                                                                            "cumulative_cardinality": 1842878,
                                                                                            "operator_type": "PROJECTION",
                                                                                            "operator_cardinality": 145542,
                                                                                            "cumulative_rows_scanned": 5110826,
                                                                                            "operator_rows_scanned": 0,
                                                                                            "operator_timing": 0.00006170100000000002,
                                                                                            "result_set_size": 5821680,
                                                                                            "children": [
                                                                                                {
                                                                                                    "operator_name": "WINDOW",
                                                                                                    "cpu_time": 0.30521917400000004,
                                                                                                    "extra_info": {
                                                                                                        "Projections": "ROW_NUMBER() OVER (PARTITION BY owneruserid ORDER BY score DESC NULLS LAST)"
                                                                                                    },
                                                                                                    "cumulative_cardinality": 1697336,
                                                                                                    "operator_type": "WINDOW",
                                                                                                    "operator_cardinality": 145542,
                                                                                                    "cumulative_rows_scanned": 5110826,
                                                                                                    "operator_rows_scanned": 0,
                                                                                                    "operator_timing": 0.065341057,
                                                                                                    "result_set_size": 5821680,
                                                                                                    "children": [
                                                                                                        {
                                                                                                            "operator_name": "HASH_JOIN",
                                                                                                            "cpu_time": 0.23987811700000003,
                                                                                                            "extra_info": {
                                                                                                                "Join Type": "LEFT",
                                                                                                                "Conditions": "owneruserid = id",
                                                                                                                "Estimated Cardinality": "1260710"
                                                                                                            },
                                                                                                            "cumulative_cardinality": 1551794,
                                                                                                            "operator_type": "HASH_JOIN",
                                                                                                            "operator_cardinality": 145542,
                                                                                                            "cumulative_rows_scanned": 5110826,
                                                                                                            "operator_rows_scanned": 0,
                                                                                                            "operator_timing": 0.088410417,
                                                                                                            "result_set_size": 4657344,
                                                                                                            "children": [
                                                                                                                {
                                                                                                                    "operator_name": "READ_PARQUET ",
                                                                                                                    "cpu_time": 0.12692956900000002,
                                                                                                                    "extra_info": {
                                                                                                                        "Function": "READ_PARQUET",
                                                                                                                        "Projections": [
                                                                                                                            "id",
                                                                                                                            "score",
                                                                                                                            "owneruserid",
                                                                                                                            "title"
                                                                                                                        ],
                                                                                                                        "Filters": "creationdate>='2023-10-01 12:34:56'::TIMESTAMP",
                                                                                                                        "Estimated Cardinality": "770023"
                                                                                                                    },
                                                                                                                    "cumulative_cardinality": 145542,
                                                                                                                    "operator_type": "TABLE_SCAN",
                                                                                                                    "operator_cardinality": 145542,
                                                                                                                    "cumulative_rows_scanned": 3850116,
                                                                                                                    "operator_rows_scanned": 3850116,
                                                                                                                    "operator_timing": 0.12692956900000002,
                                                                                                                    "result_set_size": 4075176,
                                                                                                                    "children": []
                                                                                                                },
                                                                                                                {
                                                                                                                    "operator_name": "READ_PARQUET ",
                                                                                                                    "cpu_time": 0.02453813099999999,
                                                                                                                    "extra_info": {
                                                                                                                        "Function": "READ_PARQUET",
                                                                                                                        "Projections": [
                                                                                                                            "id",
                                                                                                                            "reputation"
                                                                                                                        ],
                                                                                                                        "Estimated Cardinality": "1260710"
                                                                                                                    },
                                                                                                                    "cumulative_cardinality": 1260710,
                                                                                                                    "operator_type": "TABLE_SCAN",
                                                                                                                    "operator_cardinality": 1260710,
                                                                                                                    "cumulative_rows_scanned": 1260710,
                                                                                                                    "operator_rows_scanned": 1260710,
                                                                                                                    "operator_timing": 0.02453813099999999,
                                                                                                                    "result_set_size": 10085680,
                                                                                                                    "children": []
                                                                                                                }
                                                                                                            ]
                                                                                                        }
                                                                                                    ]
                                                                                                }
                                                                                            ]
                                                                                        }
                                                                                    ]
                                                                                }
                                                                            ]
                                                                        }
                                                                    ]
                                                                }
                                                            ]
                                                        }
                                                    ]
                                                }
                                            ]
                                        }
                                    ]
                                }
                            ]
                        }
                    ]
                }
            ]
        }
    ]
}