{
    "rows_returned": 10,
    "query_name": "SELECT \n    U.DisplayName,\n    COUNT(P.Id) AS PostCount,\n    SUM(COALESCE(P.ViewCount, 0)) AS TotalViews\nFROM \n    Users U\nJOIN \n    Posts P ON U.Id = P.OwnerUserId\nGROUP BY \n    U.DisplayName\nORDER BY \n    PostCount DESC\nLIMIT 10;\n",
    "blocked_thread_time": 0.0,
    "cpu_time": 0.6952882739999999,
    "extra_info": {},
    "cumulative_cardinality": 12622171,
    "cumulative_rows_scanned": 5110826,
    "result_set_size": 400,
    "latency": 0.746443056,
    "children": [
        {
            "operator_name": "STREAMING_LIMIT",
            "cpu_time": 0.6952882739999999,
            "extra_info": {},
            "cumulative_cardinality": 12622171,
            "operator_type": "STREAMING_LIMIT",
            "operator_cardinality": 10,
            "cumulative_rows_scanned": 5110826,
            "operator_rows_scanned": 0,
            "operator_timing": 0.000002145,
            "result_set_size": 400,
            "children": [
                {
                    "operator_name": "ORDER_BY",
                    "cpu_time": 0.695286129,
                    "extra_info": {
                        "Order By": "count(P.Id) DESC"
                    },
                    "cumulative_cardinality": 12622161,
                    "operator_type": "ORDER_BY",
                    "operator_cardinality": 4096,
                    "cumulative_rows_scanned": 5110826,
                    "operator_rows_scanned": 0,
                    "operator_timing": 0.009114956000000007,
                    "result_set_size": 163840,
                    "children": [
                        {
                            "operator_name": "HASH_GROUP_BY",
                            "cpu_time": 0.686171173,
                            "extra_info": {
                                "Groups": "#0",
                                "Aggregates": [
                                    "count_star()",
                                    "sum(#1)"
                                ],
                                "Estimated Cardinality": "1260710"
                            },
                            "cumulative_cardinality": 12618065,
                            "operator_type": "HASH_GROUP_BY",
                            "operator_cardinality": 301138,
                            "cumulative_rows_scanned": 5110826,
                            "operator_rows_scanned": 0,
                            "operator_timing": 0.1924496250000002,
                            "result_set_size": 12045520,
                            "children": [
                                {
                                    "operator_name": "PROJECTION",
                                    "cpu_time": 0.49372154799999973,
                                    "extra_info": {
                                        "Projections": [
                                            "displayname",
                                            "COALESCE(viewcount, 0)"
                                        ],
                                        "Estimated Cardinality": "3850116"
                                    },
                                    "cumulative_cardinality": 12316927,
                                    "operator_type": "PROJECTION",
                                    "operator_cardinality": 3685416,
                                    "cumulative_rows_scanned": 5110826,
                                    "operator_rows_scanned": 0,
                                    "operator_timing": 0.056649548000000084,
                                    "result_set_size": 73708320,
                                    "children": [
                                        {
                                            "operator_name": "HASH_JOIN",
                                            "cpu_time": 0.4370719999999996,
                                            "extra_info": {
                                                "Join Type": "INNER",
                                                "Conditions": "owneruserid = id",
                                                "Estimated Cardinality": "3850116"
                                            },
                                            "cumulative_cardinality": 8631511,
                                            "operator_type": "HASH_JOIN",
                                            "operator_cardinality": 3685416,
                                            "cumulative_rows_scanned": 5110826,
                                            "operator_rows_scanned": 0,
                                            "operator_timing": 0.2156535369999995,
                                            "result_set_size": 73708320,
                                            "children": [
                                                {
                                                    "operator_name": "READ_PARQUET ",
                                                    "cpu_time": 0.1276605280000001,
                                                    "extra_info": {
                                                        "Function": "READ_PARQUET",
                                                        "Projections": [
                                                            "id",
                                                            "viewcount",
                                                            "owneruserid"
                                                        ],
                                                        "Estimated Cardinality": "3850116"
                                                    },
                                                    "cumulative_cardinality": 3685416,
                                                    "operator_type": "TABLE_SCAN",
                                                    "operator_cardinality": 3685416,
                                                    "cumulative_rows_scanned": 3850116,
                                                    "operator_rows_scanned": 3850116,
                                                    "operator_timing": 0.1276605280000001,
                                                    "result_set_size": 44224992,
                                                    "children": []
                                                },
                                                {
                                                    "operator_name": "READ_PARQUET ",
                                                    "cpu_time": 0.09375793500000003,
                                                    "extra_info": {
                                                        "Function": "READ_PARQUET",
                                                        "Projections": [
                                                            "id",
                                                            "displayname"
                                                        ],
                                                        "Filters": "id<=1416539",
                                                        "Estimated Cardinality": "1260710"
                                                    },
                                                    "cumulative_cardinality": 1260679,
                                                    "operator_type": "TABLE_SCAN",
                                                    "operator_cardinality": 1260679,
                                                    "cumulative_rows_scanned": 1260710,
                                                    "operator_rows_scanned": 1260710,
                                                    "operator_timing": 0.09375793500000003,
                                                    "result_set_size": 25213580,
                                                    "children": []
                                                }
                                            ]
                                        }
                                    ]
                                }
                            ]
                        }
                    ]
                }
            ]
        }
    ]
}