{
    "rows_returned": 10,
    "query_name": "SELECT \n    p.Id AS PostId,\n    p.Title,\n    p.CreationDate,\n    u.DisplayName AS OwnerDisplayName,\n    p.Score,\n    p.ViewCount,\n    COALESCE(c.CommentCount, 0) AS CommentCount,\n    COALESCE(a.AnswerCount, 0) AS AnswerCount\nFROM \n    Posts p\nJOIN \n    Users u ON p.OwnerUserId = u.Id\nLEFT JOIN \n    (SELECT PostId, COUNT(*) AS CommentCount FROM Comments GROUP BY PostId) c ON p.Id = c.PostId\nLEFT JOIN \n    (SELECT ParentId, COUNT(*) AS AnswerCount FROM Posts WHERE PostTypeId = 2 GROUP BY ParentId) a ON p.Id = a.ParentId\nWHERE \n    p.PostTypeId = 1\nORDER BY \n    p.CreationDate DESC\nLIMIT 10;\n",
    "blocked_thread_time": 0.0,
    "cpu_time": 2.1653058829999994,
    "extra_info": {},
    "cumulative_cardinality": 33241831,
    "cumulative_rows_scanned": 16202764,
    "result_set_size": 680,
    "latency": 2.523419888,
    "children": [
        {
            "operator_name": "STREAMING_LIMIT",
            "cpu_time": 2.1653058829999994,
            "extra_info": {},
            "cumulative_cardinality": 33241831,
            "operator_type": "STREAMING_LIMIT",
            "operator_cardinality": 10,
            "cumulative_rows_scanned": 16202764,
            "operator_rows_scanned": 0,
            "operator_timing": 0.000002214,
            "result_set_size": 680,
            "children": [
                {
                    "operator_name": "PROJECTION",
                    "cpu_time": 2.1653036689999996,
                    "extra_info": {
                        "Projections": [
                            "#0",
                            "#1",
                            "#2",
                            "#3",
                            "__internal_decompress_integral_integer(#4, -72)",
                            "#5",
                            "#6",
                            "#7"
                        ],
                        "Estimated Cardinality": "3620911"
                    },
                    "cumulative_cardinality": 33241821,
                    "operator_type": "PROJECTION",
                    "operator_cardinality": 4096,
                    "cumulative_rows_scanned": 16202764,
                    "operator_rows_scanned": 0,
                    "operator_timing": 0.000008696,
                    "result_set_size": 278528,
                    "children": [
                        {
                            "operator_name": "ORDER_BY",
                            "cpu_time": 2.1652949729999995,
                            "extra_info": {
                                "Order By": "p.CreationDate DESC"
                            },
                            "cumulative_cardinality": 33237725,
                            "operator_type": "ORDER_BY",
                            "operator_cardinality": 4096,
                            "cumulative_rows_scanned": 16202764,
                            "operator_rows_scanned": 0,
                            "operator_timing": 0.19422257800000012,
                            "result_set_size": 270336,
                            "children": [
                                {
                                    "operator_name": "PROJECTION",
                                    "cpu_time": 1.9710723949999995,
                                    "extra_info": {
                                        "Projections": [
                                            "#0",
                                            "#1",
                                            "#2",
                                            "#3",
                                            "__internal_compress_integral_usmallint(#4, -72)",
                                            "#5",
                                            "#6",
                                            "#7"
                                        ],
                                        "Estimated Cardinality": "3620911"
                                    },
                                    "cumulative_cardinality": 33233629,
                                    "operator_type": "PROJECTION",
                                    "operator_cardinality": 1589663,
                                    "cumulative_rows_scanned": 16202764,
                                    "operator_rows_scanned": 0,
                                    "operator_timing": 0.0036137639999999976,
                                    "result_set_size": 104917758,
                                    "children": [
                                        {
                                            "operator_name": "PROJECTION",
                                            "cpu_time": 1.9674586309999995,
                                            "extra_info": {
                                                "Projections": [
                                                    "PostId",
                                                    "title",
                                                    "creationdate",
                                                    "OwnerDisplayName",
                                                    "score",
                                                    "viewcount",
                                                    "CommentCount",
                                                    "AnswerCount"
                                                ],
                                                "Estimated Cardinality": "3620911"
                                            },
                                            "cumulative_cardinality": 31643966,
                                            "operator_type": "PROJECTION",
                                            "operator_cardinality": 1589663,
                                            "cumulative_rows_scanned": 16202764,
                                            "operator_rows_scanned": 0,
                                            "operator_timing": 0.04023842900000002,
                                            "result_set_size": 108097084,
                                            "children": [
                                                {
                                                    "operator_name": "HASH_JOIN",
                                                    "cpu_time": 1.9272202019999995,
                                                    "extra_info": {
                                                        "Join Type": "LEFT",
                                                        "Conditions": "id = parentid",
                                                        "Estimated Cardinality": "3620911"
                                                    },
                                                    "cumulative_cardinality": 30054303,
                                                    "operator_type": "HASH_JOIN",
                                                    "operator_cardinality": 1589663,
                                                    "cumulative_rows_scanned": 16202764,
                                                    "operator_rows_scanned": 0,
                                                    "operator_timing": 0.1480808189999999,
                                                    "result_set_size": 108097084,
                                                    "children": [
                                                        {
                                                            "operator_name": "HASH_JOIN",
                                                            "cpu_time": 1.5313826629999996,
                                                            "extra_info": {
                                                                "Join Type": "RIGHT",
                                                                "Conditions": "postid = id",
                                                                "Estimated Cardinality": "3620911"
                                                            },
                                                            "cumulative_cardinality": 22755483,
                                                            "operator_type": "HASH_JOIN",
                                                            "operator_cardinality": 1589663,
                                                            "cumulative_rows_scanned": 12352648,
                                                            "operator_rows_scanned": 0,
                                                            "operator_timing": 0.30595000899999975,
                                                            "result_set_size": 95379780,
                                                            "children": [
                                                                {
                                                                    "operator_name": "HASH_GROUP_BY",
                                                                    "cpu_time": 0.28911930599999935,
                                                                    "extra_info": {
                                                                        "Groups": "#0",
                                                                        "Aggregates": "count_star()",
                                                                        "Estimated Cardinality": "3620911"
                                                                    },
                                                                    "cumulative_cardinality": 16647316,
                                                                    "operator_type": "HASH_GROUP_BY",
                                                                    "operator_cardinality": 2163672,
                                                                    "cumulative_rows_scanned": 7241822,
                                                                    "operator_rows_scanned": 0,
                                                                    "operator_timing": 0.24621647799999938,
                                                                    "result_set_size": 25964064,
                                                                    "children": [
                                                                        {
                                                                            "operator_name": "PROJECTION",
                                                                            "cpu_time": 0.042902827999999976,
                                                                            "extra_info": {
                                                                                "Projections": "postid",
                                                                                "Estimated Cardinality": "7241822"
                                                                            },
                                                                            "cumulative_cardinality": 14483644,
                                                                            "operator_type": "PROJECTION",
                                                                            "operator_cardinality": 7241822,
                                                                            "cumulative_rows_scanned": 7241822,
                                                                            "operator_rows_scanned": 0,
                                                                            "operator_timing": 0.00044420299999999366,
                                                                            "result_set_size": 28967288,
                                                                            "children": [
                                                                                {
                                                                                    "operator_name": "READ_PARQUET ",
                                                                                    "cpu_time": 0.042458624999999986,
                                                                                    "extra_info": {
                                                                                        "Function": "READ_PARQUET",
                                                                                        "Projections": "postid",
                                                                                        "Estimated Cardinality": "7241822"
                                                                                    },
                                                                                    "cumulative_cardinality": 7241822,
                                                                                    "operator_type": "TABLE_SCAN",
                                                                                    "operator_cardinality": 7241822,
                                                                                    "cumulative_rows_scanned": 7241822,
                                                                                    "operator_rows_scanned": 7241822,
                                                                                    "operator_timing": 0.042458624999999986,
                                                                                    "result_set_size": 28967288,
                                                                                    "children": []
                                                                                }
                                                                            ]
                                                                        }
                                                                    ]
                                                                },
                                                                {
                                                                    "operator_name": "HASH_JOIN",
                                                                    "cpu_time": 0.9363133480000007,
                                                                    "extra_info": {
                                                                        "Join Type": "INNER",
                                                                        "Conditions": "id = owneruserid",
                                                                        "Estimated Cardinality": "770023"
                                                                    },
                                                                    "cumulative_cardinality": 4518504,
                                                                    "operator_type": "HASH_JOIN",
                                                                    "operator_cardinality": 1589663,
                                                                    "cumulative_rows_scanned": 5110826,
                                                                    "operator_rows_scanned": 0,
                                                                    "operator_timing": 0.27531347699999964,
                                                                    "result_set_size": 82662476,
                                                                    "children": [
                                                                        {
                                                                            "operator_name": "READ_PARQUET ",
                                                                            "cpu_time": 0.09432279600000015,
                                                                            "extra_info": {
                                                                                "Function": "READ_PARQUET",
                                                                                "Projections": [
                                                                                    "id",
                                                                                    "displayname"
                                                                                ],
                                                                                "Filters": "id<=1416539",
                                                                                "Estimated Cardinality": "1260710"
                                                                            },
                                                                            "cumulative_cardinality": 1260677,
                                                                            "operator_type": "TABLE_SCAN",
                                                                            "operator_cardinality": 1260677,
                                                                            "cumulative_rows_scanned": 1260710,
                                                                            "operator_rows_scanned": 1260710,
                                                                            "operator_timing": 0.09432279600000015,
                                                                            "result_set_size": 25213540,
                                                                            "children": []
                                                                        },
                                                                        {
                                                                            "operator_name": "READ_PARQUET ",
                                                                            "cpu_time": 0.5666770750000009,
                                                                            "extra_info": {
                                                                                "Function": "READ_PARQUET",
                                                                                "Projections": [
                                                                                    "id",
                                                                                    "creationdate",
                                                                                    "score",
                                                                                    "viewcount",
                                                                                    "owneruserid",
                                                                                    "title"
                                                                                ],
                                                                                "Filters": "posttypeid=1",
                                                                                "Estimated Cardinality": "770023"
                                                                            },
                                                                            "cumulative_cardinality": 1668164,
                                                                            "operator_type": "TABLE_SCAN",
                                                                            "operator_cardinality": 1668164,
                                                                            "cumulative_rows_scanned": 3850116,
                                                                            "operator_rows_scanned": 3850116,
                                                                            "operator_timing": 0.5666770750000009,
                                                                            "result_set_size": 66726560,
                                                                            "children": []
                                                                        }
                                                                    ]
                                                                }
                                                            ]
                                                        },
                                                        {
                                                            "operator_name": "HASH_GROUP_BY",
                                                            "cpu_time": 0.24775672000000018,
                                                            "extra_info": {
                                                                "Groups": "#0",
                                                                "Aggregates": "count_star()",
                                                                "Estimated Cardinality": "385011"
                                                            },
                                                            "cumulative_cardinality": 5709157,
                                                            "operator_type": "HASH_GROUP_BY",
                                                            "operator_cardinality": 1354571,
                                                            "cumulative_rows_scanned": 3850116,
                                                            "operator_rows_scanned": 0,
                                                            "operator_timing": 0.1469936220000001,
                                                            "result_set_size": 16254852,
                                                            "children": [
                                                                {
                                                                    "operator_name": "PROJECTION",
                                                                    "cpu_time": 0.10076309800000008,
                                                                    "extra_info": {
                                                                        "Projections": "parentid",
                                                                        "Estimated Cardinality": "770023"
                                                                    },
                                                                    "cumulative_cardinality": 4354586,
                                                                    "operator_type": "PROJECTION",
                                                                    "operator_cardinality": 2177293,
                                                                    "cumulative_rows_scanned": 3850116,
                                                                    "operator_rows_scanned": 0,
                                                                    "operator_timing": 0.0003196099999999999,
                                                                    "result_set_size": 8709172,
                                                                    "children": [
                                                                        {
                                                                            "operator_name": "READ_PARQUET ",
                                                                            "cpu_time": 0.10044348800000008,
                                                                            "extra_info": {
                                                                                "Function": "READ_PARQUET",
                                                                                "Projections": "parentid",
                                                                                "Filters": "posttypeid=2",
                                                                                "Estimated Cardinality": "770023"
                                                                            },
                                                                            "cumulative_cardinality": 2177293,
                                                                            "operator_type": "TABLE_SCAN",
                                                                            "operator_cardinality": 2177293,
                                                                            "cumulative_rows_scanned": 3850116,
                                                                            "operator_rows_scanned": 3850116,
                                                                            "operator_timing": 0.10044348800000008,
                                                                            "result_set_size": 8709172,
                                                                            "children": []
                                                                        }
                                                                    ]
                                                                }
                                                            ]
                                                        }
                                                    ]
                                                }
                                            ]
                                        }
                                    ]
                                }
                            ]
                        }
                    ]
                }
            ]
        }
    ]
}