{
    "rows_returned": 10705,
    "query_name": "\nWITH RankedPosts AS (\n    SELECT \n        p.Id AS PostId,\n        p.Title,\n        p.Score,\n        p.ViewCount,\n        p.CreationDate,\n        p.AcceptedAnswerId,\n        p.OwnerUserId,\n        ROW_NUMBER() OVER (PARTITION BY p.OwnerUserId ORDER BY p.Score DESC) AS PostRank,\n        COALESCE(NULLIF(p.LastEditDate, p.CreationDate), p.CreationDate) AS MostRecentEdit\n    FROM \n        Posts p\n    WHERE \n        p.PostTypeId = 1 AND \n        p.CreationDate >= TIMESTAMP '2024-10-01 12:34:56' - INTERVAL '1 year'\n),\nUserBadges AS (\n    SELECT \n        u.Id AS UserId,\n        COUNT(b.Id) AS BadgeCount\n    FROM \n        Users u\n    LEFT JOIN \n        Badges b ON u.Id = b.UserId\n    GROUP BY \n        u.Id\n),\nCommentsSummary AS (\n    SELECT \n        c.PostId,\n        COUNT(c.Id) AS CommentCount,\n        AVG(LENGTH(c.Text)) AS AverageCommentLength\n    FROM \n        Comments c\n    GROUP BY \n        c.PostId\n),\nPostStats AS (\n    SELECT \n        rp.PostId,\n        rp.Title,\n        rp.Score,\n        rp.ViewCount,\n        rp.CreationDate,\n        rp.MostRecentEdit,\n        COALESCE(ub.BadgeCount, 0) AS UserBadgeCount,\n        COALESCE(cs.CommentCount, 0) AS TotalComments,\n        COALESCE(cs.AverageCommentLength, 0) AS AvgCommentLength\n    FROM \n        RankedPosts rp\n    JOIN \n        Users u ON rp.OwnerUserId = u.Id\n    LEFT JOIN \n        UserBadges ub ON ub.UserId = u.Id\n    LEFT JOIN \n        CommentsSummary cs ON cs.PostId = rp.PostId\n)\nSELECT \n    ps.PostId,\n    ps.Title,\n    ps.Score,\n    ps.ViewCount,\n    ps.CreationDate,\n    ps.UserBadgeCount,\n    ps.TotalComments,\n    ps.AvgCommentLength,\n    CASE \n        WHEN ps.Score >= 10 THEN 'Highly Rated'\n        WHEN ps.Score BETWEEN 5 AND 9 THEN 'Moderately Rated'\n        ELSE 'Low Rated'\n    END AS RatingCategory,\n    CASE \n        WHEN ps.MostRecentEdit = ps.CreationDate THEN 'No Edits'\n        WHEN ps.MostRecentEdit IS NULL THEN 'Never Edited'\n        ELSE 'Edited'\n    END AS EditStatus\nFROM \n    PostStats ps\nWHERE \n    ps.TotalComments > 5\nORDER BY \n    ps.Score DESC,\n    ps.ViewCount DESC;\n",
    "blocked_thread_time": 0.0,
    "cpu_time": 5.675415377000006,
    "extra_info": {},
    "cumulative_cardinality": 29745777,
    "cumulative_rows_scanned": 15935082,
    "result_set_size": 984860,
    "latency": 5.82763722,
    "children": [
        {
            "operator_name": "PROJECTION",
            "cpu_time": 5.675415377000006,
            "extra_info": {
                "Projections": [
                    "#0",
                    "#1",
                    "__internal_decompress_integral_integer(#2, -72)",
                    "#3",
                    "#4",
                    "#5",
                    "#6",
                    "#7",
                    "#8",
                    "__internal_decompress_string(#9)"
                ],
                "Estimated Cardinality": "237131"
            },
            "cumulative_cardinality": 29745777,
            "operator_type": "PROJECTION",
            "operator_cardinality": 10705,
            "cumulative_rows_scanned": 15935082,
            "operator_rows_scanned": 0,
            "operator_timing": 0.00015103099999999998,
            "result_set_size": 984860,
            "children": [
                {
                    "operator_name": "ORDER_BY",
                    "cpu_time": 5.675264346000007,
                    "extra_info": {
                        "Order By": [
                            "ps.Score DESC",
                            "ps.ViewCount DESC"
                        ]
                    },
                    "cumulative_cardinality": 29735072,
                    "operator_type": "ORDER_BY",
                    "operator_cardinality": 10705,
                    "cumulative_rows_scanned": 15935082,
                    "operator_rows_scanned": 0,
                    "operator_timing": 0.0015758430000000002,
                    "result_set_size": 963450,
                    "children": [
                        {
                            "operator_name": "PROJECTION",
                            "cpu_time": 5.673688503000006,
                            "extra_info": {
                                "Projections": [
                                    "#0",
                                    "#1",
                                    "__internal_compress_integral_usmallint(#2, -72)",
                                    "#3",
                                    "#4",
                                    "#5",
                                    "#6",
                                    "#7",
                                    "#8",
                                    "__internal_compress_string_hugeint(#9)"
                                ],
                                "Estimated Cardinality": "237131"
                            },
                            "cumulative_cardinality": 29724367,
                            "operator_type": "PROJECTION",
                            "operator_cardinality": 10705,
                            "cumulative_rows_scanned": 15935082,
                            "operator_rows_scanned": 0,
                            "operator_timing": 0.000253689,
                            "result_set_size": 963450,
                            "children": [
                                {
                                    "operator_name": "PROJECTION",
                                    "cpu_time": 5.673434814000006,
                                    "extra_info": {
                                        "Projections": [
                                            "PostId",
                                            "title",
                                            "score",
                                            "viewcount",
                                            "creationdate",
                                            "UserBadgeCount",
                                            "TotalComments",
                                            "AvgCommentLength",
                                            "RatingCategory",
                                            "EditStatus"
                                        ],
                                        "Estimated Cardinality": "237131"
                                    },
                                    "cumulative_cardinality": 29713662,
                                    "operator_type": "PROJECTION",
                                    "operator_cardinality": 10705,
                                    "cumulative_rows_scanned": 15935082,
                                    "operator_rows_scanned": 0,
                                    "operator_timing": 0.000810915,
                                    "result_set_size": 984860,
                                    "children": [
                                        {
                                            "operator_name": "PROJECTION",
                                            "cpu_time": 5.672623899000007,
                                            "extra_info": {
                                                "Projections": [
                                                    "PostId",
                                                    "title",
                                                    "score",
                                                    "viewcount",
                                                    "creationdate",
                                                    "MostRecentEdit",
                                                    "UserBadgeCount",
                                                    "TotalComments",
                                                    "AvgCommentLength"
                                                ],
                                                "Estimated Cardinality": "237131"
                                            },
                                            "cumulative_cardinality": 29702957,
                                            "operator_type": "PROJECTION",
                                            "operator_cardinality": 10705,
                                            "cumulative_rows_scanned": 15935082,
                                            "operator_rows_scanned": 0,
                                            "operator_timing": 0.0009879810000000002,
                                            "result_set_size": 727940,
                                            "children": [
                                                {
                                                    "operator_name": "HASH_JOIN",
                                                    "cpu_time": 5.671635918000007,
                                                    "extra_info": {
                                                        "Join Type": "INNER",
                                                        "Conditions": "PostId = postid",
                                                        "Estimated Cardinality": "237131"
                                                    },
                                                    "cumulative_cardinality": 29692252,
                                                    "operator_type": "HASH_JOIN",
                                                    "operator_cardinality": 10705,
                                                    "cumulative_rows_scanned": 15935082,
                                                    "operator_rows_scanned": 0,
                                                    "operator_timing": 0.024343537999999994,
                                                    "result_set_size": 727940,
                                                    "children": [
                                                        {
                                                            "operator_name": "FILTER",
                                                            "cpu_time": 1.4564829260000003,
                                                            "extra_info": {
                                                                "Expression": "(PostId <= 4978525)",
                                                                "Estimated Cardinality": "1260710"
                                                            },
                                                            "cumulative_cardinality": 12686939,
                                                            "operator_type": "FILTER",
                                                            "operator_cardinality": 72984,
                                                            "cumulative_rows_scanned": 8693260,
                                                            "operator_rows_scanned": 0,
                                                            "operator_timing": 0.000254608,
                                                            "result_set_size": 3795168,
                                                            "children": [
                                                                {
                                                                    "operator_name": "HASH_JOIN",
                                                                    "cpu_time": 1.4562283180000002,
                                                                    "extra_info": {
                                                                        "Join Type": "LEFT",
                                                                        "Conditions": "id = UserId",
                                                                        "Estimated Cardinality": "1260710"
                                                                    },
                                                                    "cumulative_cardinality": 12613955,
                                                                    "operator_type": "HASH_JOIN",
                                                                    "operator_cardinality": 72985,
                                                                    "cumulative_rows_scanned": 8693260,
                                                                    "operator_rows_scanned": 0,
                                                                    "operator_timing": 0.05669606499999996,
                                                                    "result_set_size": 3795220,
                                                                    "children": [
                                                                        {
                                                                            "operator_name": "HASH_JOIN",
                                                                            "cpu_time": 0.252564789,
                                                                            "extra_info": {
                                                                                "Join Type": "INNER",
                                                                                "Conditions": "owneruserid = id",
                                                                                "Estimated Cardinality": "770023"
                                                                            },
                                                                            "cumulative_cardinality": 1631000,
                                                                            "operator_type": "HASH_JOIN",
                                                                            "operator_cardinality": 72985,
                                                                            "cumulative_rows_scanned": 5110826,
                                                                            "operator_rows_scanned": 0,
                                                                            "operator_timing": 0.073418495,
                                                                            "result_set_size": 3795220,
                                                                            "children": [
                                                                                {
                                                                                    "operator_name": "PROJECTION",
                                                                                    "cpu_time": 0.16400513299999997,
                                                                                    "extra_info": {
                                                                                        "Projections": [
                                                                                            "PostId",
                                                                                            "title",
                                                                                            "score",
                                                                                            "viewcount",
                                                                                            "creationdate",
                                                                                            "owneruserid",
                                                                                            "MostRecentEdit"
                                                                                        ],
                                                                                        "Estimated Cardinality": "770023"
                                                                                    },
                                                                                    "cumulative_cardinality": 297336,
                                                                                    "operator_type": "PROJECTION",
                                                                                    "operator_cardinality": 74334,
                                                                                    "cumulative_rows_scanned": 3850116,
                                                                                    "operator_rows_scanned": 0,
                                                                                    "operator_timing": 0.001991406,
                                                                                    "result_set_size": 3568032,
                                                                                    "children": [
                                                                                        {
                                                                                            "operator_name": "PROJECTION",
                                                                                            "cpu_time": 0.16201372699999997,
                                                                                            "extra_info": {
                                                                                                "Projections": [
                                                                                                    "#0",
                                                                                                    "#1",
                                                                                                    "#2",
                                                                                                    "#3",
                                                                                                    "#4",
                                                                                                    "#5",
                                                                                                    "#6",
                                                                                                    "#7"
                                                                                                ],
                                                                                                "Estimated Cardinality": "770023"
                                                                                            },
                                                                                            "cumulative_cardinality": 223002,
                                                                                            "operator_type": "PROJECTION",
                                                                                            "operator_cardinality": 74334,
                                                                                            "cumulative_rows_scanned": 3850116,
                                                                                            "operator_rows_scanned": 0,
                                                                                            "operator_timing": 0.00003519000000000001,
                                                                                            "result_set_size": 4162704,
                                                                                            "children": [
                                                                                                {
                                                                                                    "operator_name": "WINDOW",
                                                                                                    "cpu_time": 0.16197853699999998,
                                                                                                    "extra_info": {
                                                                                                        "Projections": "ROW_NUMBER() OVER (PARTITION BY owneruserid ORDER BY score DESC NULLS LAST)"
                                                                                                    },
                                                                                                    "cumulative_cardinality": 148668,
                                                                                                    "operator_type": "WINDOW",
                                                                                                    "operator_cardinality": 74334,
                                                                                                    "cumulative_rows_scanned": 3850116,
                                                                                                    "operator_rows_scanned": 0,
                                                                                                    "operator_timing": 0.028180041,
                                                                                                    "result_set_size": 4162704,
                                                                                                    "children": [
                                                                                                        {
                                                                                                            "operator_name": "READ_PARQUET ",
                                                                                                            "cpu_time": 0.133798496,
                                                                                                            "extra_info": {
                                                                                                                "Function": "READ_PARQUET",
                                                                                                                "Projections": [
                                                                                                                    "id",
                                                                                                                    "creationdate",
                                                                                                                    "score",
                                                                                                                    "viewcount",
                                                                                                                    "owneruserid",
                                                                                                                    "lasteditdate",
                                                                                                                    "title"
                                                                                                                ],
                                                                                                                "Filters": [
                                                                                                                    "posttypeid=1",
                                                                                                                    "creationdate>='2023-10-01 12:34:56'::TIMESTAMP"
                                                                                                                ],
                                                                                                                "Estimated Cardinality": "770023"
                                                                                                            },
                                                                                                            "cumulative_cardinality": 74334,
                                                                                                            "operator_type": "TABLE_SCAN",
                                                                                                            "operator_cardinality": 74334,
                                                                                                            "cumulative_rows_scanned": 3850116,
                                                                                                            "operator_rows_scanned": 3850116,
                                                                                                            "operator_timing": 0.133798496,
                                                                                                            "result_set_size": 3568032,
                                                                                                            "children": []
                                                                                                        }
                                                                                                    ]
                                                                                                }
                                                                                            ]
                                                                                        }
                                                                                    ]
                                                                                },
                                                                                {
                                                                                    "operator_name": "READ_PARQUET ",
                                                                                    "cpu_time": 0.015141161000000028,
                                                                                    "extra_info": {
                                                                                        "Function": "READ_PARQUET",
                                                                                        "Projections": "id",
                                                                                        "Filters": "id<=1416539",
                                                                                        "Estimated Cardinality": "1260710"
                                                                                    },
                                                                                    "cumulative_cardinality": 1260679,
                                                                                    "operator_type": "TABLE_SCAN",
                                                                                    "operator_cardinality": 1260679,
                                                                                    "cumulative_rows_scanned": 1260710,
                                                                                    "operator_rows_scanned": 1260710,
                                                                                    "operator_timing": 0.015141161000000028,
                                                                                    "result_set_size": 5042716,
                                                                                    "children": []
                                                                                }
                                                                            ]
                                                                        },
                                                                        {
                                                                            "operator_name": "HASH_GROUP_BY",
                                                                            "cpu_time": 1.1469674640000003,
                                                                            "extra_info": {
                                                                                "Groups": "#0",
                                                                                "Aggregates": "count(#1)",
                                                                                "Estimated Cardinality": "1260710"
                                                                            },
                                                                            "cumulative_cardinality": 10909970,
                                                                            "operator_type": "HASH_GROUP_BY",
                                                                            "operator_cardinality": 1260710,
                                                                            "cumulative_rows_scanned": 3582434,
                                                                            "operator_rows_scanned": 0,
                                                                            "operator_timing": 0.23148591200000002,
                                                                            "result_set_size": 15128520,
                                                                            "children": [
                                                                                {
                                                                                    "operator_name": "PROJECTION",
                                                                                    "cpu_time": 0.9154815520000004,
                                                                                    "extra_info": {
                                                                                        "Projections": [
                                                                                            "id",
                                                                                            "id"
                                                                                        ],
                                                                                        "Estimated Cardinality": "2321724"
                                                                                    },
                                                                                    "cumulative_cardinality": 9649260,
                                                                                    "operator_type": "PROJECTION",
                                                                                    "operator_cardinality": 3033413,
                                                                                    "cumulative_rows_scanned": 3582434,
                                                                                    "operator_rows_scanned": 0,
                                                                                    "operator_timing": 0.0005342549999999972,
                                                                                    "result_set_size": 24267304,
                                                                                    "children": [
                                                                                        {
                                                                                            "operator_name": "HASH_JOIN",
                                                                                            "cpu_time": 0.9149472970000003,
                                                                                            "extra_info": {
                                                                                                "Join Type": "RIGHT",
                                                                                                "Conditions": "userid = id",
                                                                                                "Estimated Cardinality": "2321724"
                                                                                            },
                                                                                            "cumulative_cardinality": 6615847,
                                                                                            "operator_type": "HASH_JOIN",
                                                                                            "operator_cardinality": 3033413,
                                                                                            "cumulative_rows_scanned": 3582434,
                                                                                            "operator_rows_scanned": 0,
                                                                                            "operator_timing": 0.2032019220000004,
                                                                                            "result_set_size": 24267304,
                                                                                            "children": [
                                                                                                {
                                                                                                    "operator_name": "READ_PARQUET ",
                                                                                                    "cpu_time": 0.180739717,
                                                                                                    "extra_info": {
                                                                                                        "Function": "READ_PARQUET",
                                                                                                        "Projections": [
                                                                                                            "id",
                                                                                                            "userid"
                                                                                                        ],
                                                                                                        "Estimated Cardinality": "2321724"
                                                                                                    },
                                                                                                    "cumulative_cardinality": 2321724,
                                                                                                    "operator_type": "TABLE_SCAN",
                                                                                                    "operator_cardinality": 2321724,
                                                                                                    "cumulative_rows_scanned": 2321724,
                                                                                                    "operator_rows_scanned": 2321724,
                                                                                                    "operator_timing": 0.180739717,
                                                                                                    "result_set_size": 18573792,
                                                                                                    "children": []
                                                                                                },
                                                                                                {
                                                                                                    "operator_name": "READ_PARQUET ",
                                                                                                    "cpu_time": 0.531005658,
                                                                                                    "extra_info": {
                                                                                                        "Function": "READ_PARQUET",
                                                                                                        "Projections": "id",
                                                                                                        "Estimated Cardinality": "1260710"
                                                                                                    },
                                                                                                    "cumulative_cardinality": 1260710,
                                                                                                    "operator_type": "TABLE_SCAN",
                                                                                                    "operator_cardinality": 1260710,
                                                                                                    "cumulative_rows_scanned": 1260710,
                                                                                                    "operator_rows_scanned": 1260710,
                                                                                                    "operator_timing": 0.531005658,
                                                                                                    "result_set_size": 5042840,
                                                                                                    "children": []
                                                                                                }
                                                                                            ]
                                                                                        }
                                                                                    ]
                                                                                }
                                                                            ]
                                                                        }
                                                                    ]
                                                                }
                                                            ]
                                                        },
                                                        {
                                                            "operator_name": "FILTER",
                                                            "cpu_time": 4.190809454000007,
                                                            "extra_info": {
                                                                "Expression": "(COALESCE(CommentCount, 0) > 5)",
                                                                "Estimated Cardinality": "724182"
                                                            },
                                                            "cumulative_cardinality": 16994608,
                                                            "operator_type": "FILTER",
                                                            "operator_cardinality": 347292,
                                                            "cumulative_rows_scanned": 7241822,
                                                            "operator_rows_scanned": 0,
                                                            "operator_timing": 0.018818449999999962,
                                                            "result_set_size": 6945840,
                                                            "children": [
                                                                {
                                                                    "operator_name": "HASH_GROUP_BY",
                                                                    "cpu_time": 4.171991004000007,
                                                                    "extra_info": {
                                                                        "Groups": "#0",
                                                                        "Aggregates": [
                                                                            "count_star()",
                                                                            "avg(#1)"
                                                                        ],
                                                                        "Estimated Cardinality": "3620911"
                                                                    },
                                                                    "cumulative_cardinality": 16647316,
                                                                    "operator_type": "HASH_GROUP_BY",
                                                                    "operator_cardinality": 2163672,
                                                                    "cumulative_rows_scanned": 7241822,
                                                                    "operator_rows_scanned": 0,
                                                                    "operator_timing": 0.37404861200000056,
                                                                    "result_set_size": 43273440,
                                                                    "children": [
                                                                        {
                                                                            "operator_name": "PROJECTION",
                                                                            "cpu_time": 3.797942392000006,
                                                                            "extra_info": {
                                                                                "Projections": [
                                                                                    "postid",
                                                                                    "length(text)"
                                                                                ],
                                                                                "Estimated Cardinality": "7241822"
                                                                            },
                                                                            "cumulative_cardinality": 14483644,
                                                                            "operator_type": "PROJECTION",
                                                                            "operator_cardinality": 7241822,
                                                                            "cumulative_rows_scanned": 7241822,
                                                                            "operator_rows_scanned": 0,
                                                                            "operator_timing": 0.4118228660000008,
                                                                            "result_set_size": 86901864,
                                                                            "children": [
                                                                                {
                                                                                    "operator_name": "READ_PARQUET ",
                                                                                    "cpu_time": 3.386119526000005,
                                                                                    "extra_info": {
                                                                                        "Function": "READ_PARQUET",
                                                                                        "Projections": [
                                                                                            "id",
                                                                                            "postid",
                                                                                            "text"
                                                                                        ],
                                                                                        "Estimated Cardinality": "7241822"
                                                                                    },
                                                                                    "cumulative_cardinality": 7241822,
                                                                                    "operator_type": "TABLE_SCAN",
                                                                                    "operator_cardinality": 7241822,
                                                                                    "cumulative_rows_scanned": 7241822,
                                                                                    "operator_rows_scanned": 7241822,
                                                                                    "operator_timing": 3.386119526000005,
                                                                                    "result_set_size": 173803728,
                                                                                    "children": []
                                                                                }
                                                                            ]
                                                                        }
                                                                    ]
                                                                }
                                                            ]
                                                        }
                                                    ]
                                                }
                                            ]
                                        }
                                    ]
                                }
                            ]
                        }
                    ]
                }
            ]
        }
    ]
}