{
    "rows_returned": 20,
    "query_name": "WITH UserReputation AS (\n    SELECT \n        u.Id AS UserId,\n        u.DisplayName,\n        u.Reputation,\n        u.CreationDate,\n        ROW_NUMBER() OVER (ORDER BY u.Reputation DESC) AS Rank\n    FROM Users u\n),\nTopPosts AS (\n    SELECT \n        p.OwnerUserId,\n        COUNT(*) AS PostCount,\n        SUM(CASE WHEN p.Score > 0 THEN 1 ELSE 0 END) AS PositivePosts,\n        SUM(CASE WHEN p.Score < 0 THEN 1 ELSE 0 END) AS NegativePosts,\n        SUM(p.ViewCount) AS TotalViews\n    FROM Posts p\n    WHERE p.CreationDate >= cast('2024-10-01 12:34:56' as timestamp) - INTERVAL '1 year'\n    GROUP BY p.OwnerUserId\n),\nPostVoteStatistics AS (\n    SELECT \n        p.OwnerUserId,\n        SUM(CASE WHEN v.VoteTypeId = 2 THEN 1 ELSE 0 END) AS UpVotes,\n        SUM(CASE WHEN v.VoteTypeId = 3 THEN 1 ELSE 0 END) AS DownVotes,\n        COUNT(v.Id) AS TotalVotes\n    FROM Posts p\n    LEFT JOIN Votes v ON p.Id = v.PostId\n    GROUP BY p.OwnerUserId\n)\nSELECT \n    ur.DisplayName,\n    ur.Reputation,\n    COALESCE(tp.PostCount, 0) AS PostCount,\n    COALESCE(tp.PositivePosts, 0) AS PositivePosts,\n    COALESCE(tp.NegativePosts, 0) AS NegativePosts,\n    COALESCE(tp.TotalViews, 0) AS TotalViews,\n    COALESCE(pvs.UpVotes, 0) AS UpVotes,\n    COALESCE(pvs.DownVotes, 0) AS DownVotes,\n    COALESCE(pvs.TotalVotes, 0) AS TotalVotes,\n    CASE \n        WHEN ur.Reputation > 1000 THEN 'High Reputation'\n        WHEN ur.Reputation BETWEEN 500 AND 1000 THEN 'Moderate Reputation'\n        ELSE 'Low Reputation'\n    END AS ReputationCategory\nFROM UserReputation ur\nLEFT JOIN TopPosts tp ON ur.UserId = tp.OwnerUserId\nLEFT JOIN PostVoteStatistics pvs ON ur.UserId = pvs.OwnerUserId\nWHERE ur.CreationDate < cast('2024-10-01 12:34:56' as timestamp) - INTERVAL '3 months' \n    OR ur.Reputation IS NULL\nORDER BY ur.Reputation DESC, ur.DisplayName\nLIMIT 20;",
    "blocked_thread_time": 0.0,
    "cpu_time": 2.7607927100000023,
    "extra_info": {},
    "cumulative_cardinality": 50937954,
    "cumulative_rows_scanned": 21705035,
    "result_set_size": 2640,
    "latency": 3.48190909,
    "children": [
        {
            "operator_name": "STREAMING_LIMIT",
            "cpu_time": 2.7607927100000023,
            "extra_info": {},
            "cumulative_cardinality": 50937954,
            "operator_type": "STREAMING_LIMIT",
            "operator_cardinality": 20,
            "cumulative_rows_scanned": 21705035,
            "operator_rows_scanned": 0,
            "operator_timing": 0.0000017629999999999999,
            "result_set_size": 2640,
            "children": [
                {
                    "operator_name": "ORDER_BY",
                    "cpu_time": 2.760790947000002,
                    "extra_info": {
                        "Order By": [
                            "ur.Reputation DESC",
                            "ur.DisplayName ASC"
                        ]
                    },
                    "cumulative_cardinality": 50937934,
                    "operator_type": "ORDER_BY",
                    "operator_cardinality": 4096,
                    "cumulative_rows_scanned": 21705035,
                    "operator_rows_scanned": 0,
                    "operator_timing": 0.23505253400000004,
                    "result_set_size": 540672,
                    "children": [
                        {
                            "operator_name": "PROJECTION",
                            "cpu_time": 2.525738413000002,
                            "extra_info": {
                                "Projections": [
                                    "displayname",
                                    "reputation",
                                    "PostCount",
                                    "PositivePosts",
                                    "NegativePosts",
                                    "TotalViews",
                                    "UpVotes",
                                    "DownVotes",
                                    "TotalVotes",
                                    "ReputationCategory"
                                ],
                                "Estimated Cardinality": "3850116"
                            },
                            "cumulative_cardinality": 50933838,
                            "operator_type": "PROJECTION",
                            "operator_cardinality": 1191653,
                            "cumulative_rows_scanned": 21705035,
                            "operator_rows_scanned": 0,
                            "operator_timing": 0.055920085,
                            "result_set_size": 157298196,
                            "children": [
                                {
                                    "operator_name": "HASH_JOIN",
                                    "cpu_time": 2.469818328000002,
                                    "extra_info": {
                                        "Join Type": "RIGHT",
                                        "Conditions": "owneruserid = UserId",
                                        "Estimated Cardinality": "3850116"
                                    },
                                    "cumulative_cardinality": 49742185,
                                    "operator_type": "HASH_JOIN",
                                    "operator_cardinality": 1191653,
                                    "cumulative_rows_scanned": 21705035,
                                    "operator_rows_scanned": 0,
                                    "operator_timing": 0.18343695700000004,
                                    "result_set_size": 152531584,
                                    "children": [
                                        {
                                            "operator_name": "HASH_GROUP_BY",
                                            "cpu_time": 1.4549022550000021,
                                            "extra_info": {
                                                "Groups": "#0",
                                                "Aggregates": [
                                                    "sum(#1)",
                                                    "sum(#2)",
                                                    "count(#3)"
                                                ],
                                                "Estimated Cardinality": "3850116"
                                            },
                                            "cumulative_cardinality": 39678253,
                                            "operator_type": "HASH_GROUP_BY",
                                            "operator_cardinality": 371632,
                                            "cumulative_rows_scanned": 16594209,
                                            "operator_rows_scanned": 0,
                                            "operator_timing": 0.3221076460000001,
                                            "result_set_size": 16351808,
                                            "children": [
                                                {
                                                    "operator_name": "PROJECTION",
                                                    "cpu_time": 1.132794609000002,
                                                    "extra_info": {
                                                        "Projections": [
                                                            "owneruserid",
                                                            "CASE  WHEN ((votetypeid = 2)) THEN (1) ELSE 0 END",
                                                            "CASE  WHEN ((votetypeid = 3)) THEN (1) ELSE 0 END",
                                                            "id"
                                                        ],
                                                        "Estimated Cardinality": "12744093"
                                                    },
                                                    "cumulative_cardinality": 39306621,
                                                    "operator_type": "PROJECTION",
                                                    "operator_cardinality": 11356206,
                                                    "cumulative_rows_scanned": 16594209,
                                                    "operator_rows_scanned": 0,
                                                    "operator_timing": 0.08099087499999987,
                                                    "result_set_size": 181699296,
                                                    "children": [
                                                        {
                                                            "operator_name": "HASH_JOIN",
                                                            "cpu_time": 1.0518037340000022,
                                                            "extra_info": {
                                                                "Join Type": "RIGHT",
                                                                "Conditions": "postid = id",
                                                                "Estimated Cardinality": "12744093"
                                                            },
                                                            "cumulative_cardinality": 27950415,
                                                            "operator_type": "HASH_JOIN",
                                                            "operator_cardinality": 11356206,
                                                            "cumulative_rows_scanned": 16594209,
                                                            "operator_rows_scanned": 0,
                                                            "operator_timing": 0.7034715230000013,
                                                            "result_set_size": 113562060,
                                                            "children": [
                                                                {
                                                                    "operator_name": "READ_PARQUET ",
                                                                    "cpu_time": 0.290306970000001,
                                                                    "extra_info": {
                                                                        "Function": "READ_PARQUET",
                                                                        "Projections": [
                                                                            "id",
                                                                            "postid",
                                                                            "votetypeid"
                                                                        ],
                                                                        "Estimated Cardinality": "12744093"
                                                                    },
                                                                    "cumulative_cardinality": 12744093,
                                                                    "operator_type": "TABLE_SCAN",
                                                                    "operator_cardinality": 12744093,
                                                                    "cumulative_rows_scanned": 12744093,
                                                                    "operator_rows_scanned": 12744093,
                                                                    "operator_timing": 0.290306970000001,
                                                                    "result_set_size": 127440930,
                                                                    "children": []
                                                                },
                                                                {
                                                                    "operator_name": "READ_PARQUET ",
                                                                    "cpu_time": 0.05802524099999996,
                                                                    "extra_info": {
                                                                        "Function": "READ_PARQUET",
                                                                        "Projections": [
                                                                            "id",
                                                                            "owneruserid"
                                                                        ],
                                                                        "Estimated Cardinality": "3850116"
                                                                    },
                                                                    "cumulative_cardinality": 3850116,
                                                                    "operator_type": "TABLE_SCAN",
                                                                    "operator_cardinality": 3850116,
                                                                    "cumulative_rows_scanned": 3850116,
                                                                    "operator_rows_scanned": 3850116,
                                                                    "operator_timing": 0.05802524099999996,
                                                                    "result_set_size": 30800928,
                                                                    "children": []
                                                                }
                                                            ]
                                                        }
                                                    ]
                                                }
                                            ]
                                        },
                                        {
                                            "operator_name": "HASH_JOIN",
                                            "cpu_time": 0.8314791159999996,
                                            "extra_info": {
                                                "Join Type": "RIGHT",
                                                "Conditions": "owneruserid = UserId",
                                                "Estimated Cardinality": "385011"
                                            },
                                            "cumulative_cardinality": 8872279,
                                            "operator_type": "HASH_JOIN",
                                            "operator_cardinality": 1191653,
                                            "cumulative_rows_scanned": 5110826,
                                            "operator_rows_scanned": 0,
                                            "operator_timing": 0.15781512699999997,
                                            "result_set_size": 100098852,
                                            "children": [
                                                {
                                                    "operator_name": "HASH_GROUP_BY",
                                                    "cpu_time": 0.055944714,
                                                    "extra_info": {
                                                        "Groups": "#0",
                                                        "Aggregates": [
                                                            "count_star()",
                                                            "sum(#1)",
                                                            "sum(#2)",
                                                            "sum(#3)"
                                                        ],
                                                        "Estimated Cardinality": "385011"
                                                    },
                                                    "cumulative_cardinality": 323537,
                                                    "operator_type": "HASH_GROUP_BY",
                                                    "operator_cardinality": 32453,
                                                    "cumulative_rows_scanned": 3850116,
                                                    "operator_rows_scanned": 0,
                                                    "operator_timing": 0.017006973,
                                                    "result_set_size": 1947180,
                                                    "children": [
                                                        {
                                                            "operator_name": "PROJECTION",
                                                            "cpu_time": 0.038937741,
                                                            "extra_info": {
                                                                "Projections": [
                                                                    "owneruserid",
                                                                    "CASE  WHEN ((score > 0)) THEN (1) ELSE 0 END",
                                                                    "CASE  WHEN ((score < 0)) THEN (1) ELSE 0 END",
                                                                    "viewcount"
                                                                ],
                                                                "Estimated Cardinality": "770023"
                                                            },
                                                            "cumulative_cardinality": 291084,
                                                            "operator_type": "PROJECTION",
                                                            "operator_cardinality": 145542,
                                                            "cumulative_rows_scanned": 3850116,
                                                            "operator_rows_scanned": 0,
                                                            "operator_timing": 0.0020123979999999994,
                                                            "result_set_size": 2328672,
                                                            "children": [
                                                                {
                                                                    "operator_name": "READ_PARQUET ",
                                                                    "cpu_time": 0.036925343,
                                                                    "extra_info": {
                                                                        "Function": "READ_PARQUET",
                                                                        "Projections": [
                                                                            "score",
                                                                            "viewcount",
                                                                            "owneruserid"
                                                                        ],
                                                                        "Filters": "creationdate>='2023-10-01 12:34:56'::TIMESTAMP",
                                                                        "Estimated Cardinality": "770023"
                                                                    },
                                                                    "cumulative_cardinality": 145542,
                                                                    "operator_type": "TABLE_SCAN",
                                                                    "operator_cardinality": 145542,
                                                                    "cumulative_rows_scanned": 3850116,
                                                                    "operator_rows_scanned": 3850116,
                                                                    "operator_timing": 0.036925343,
                                                                    "result_set_size": 1746504,
                                                                    "children": []
                                                                }
                                                            ]
                                                        }
                                                    ]
                                                },
                                                {
                                                    "operator_name": "PROJECTION",
                                                    "cpu_time": 0.6177192749999996,
                                                    "extra_info": {
                                                        "Projections": [
                                                            "UserId",
                                                            "displayname",
                                                            "reputation"
                                                        ],
                                                        "Estimated Cardinality": "252142"
                                                    },
                                                    "cumulative_cardinality": 7357089,
                                                    "operator_type": "PROJECTION",
                                                    "operator_cardinality": 1191653,
                                                    "cumulative_rows_scanned": 1260710,
                                                    "operator_rows_scanned": 0,
                                                    "operator_timing": 0.00016259800000000032,
                                                    "result_set_size": 28599672,
                                                    "children": [
                                                        {
                                                            "operator_name": "PROJECTION",
                                                            "cpu_time": 0.6175566769999996,
                                                            "extra_info": {
                                                                "Projections": [
                                                                    "#0",
                                                                    "#1",
                                                                    "#3"
                                                                ],
                                                                "Estimated Cardinality": "252142"
                                                            },
                                                            "cumulative_cardinality": 6165436,
                                                            "operator_type": "PROJECTION",
                                                            "operator_cardinality": 1191653,
                                                            "cumulative_rows_scanned": 1260710,
                                                            "operator_rows_scanned": 0,
                                                            "operator_timing": 0.00020289400000000015,
                                                            "result_set_size": 28599672,
                                                            "children": [
                                                                {
                                                                    "operator_name": "FILTER",
                                                                    "cpu_time": 0.6173537829999997,
                                                                    "extra_info": {
                                                                        "Expression": "(creationdate < '2024-07-01 12:34:56'::TIMESTAMP)",
                                                                        "Estimated Cardinality": "252142"
                                                                    },
                                                                    "cumulative_cardinality": 4973783,
                                                                    "operator_type": "FILTER",
                                                                    "operator_cardinality": 1191653,
                                                                    "cumulative_rows_scanned": 1260710,
                                                                    "operator_rows_scanned": 0,
                                                                    "operator_timing": 0.002575806000000001,
                                                                    "result_set_size": 47666120,
                                                                    "children": [
                                                                        {
                                                                            "operator_name": "PROJECTION",
                                                                            "cpu_time": 0.6147779769999997,
                                                                            "extra_info": {
                                                                                "Projections": [
                                                                                    "#0",
                                                                                    "#1",
                                                                                    "#2",
                                                                                    "#3",
                                                                                    "#4"
                                                                                ],
                                                                                "Estimated Cardinality": "1260710"
                                                                            },
                                                                            "cumulative_cardinality": 3782130,
                                                                            "operator_type": "PROJECTION",
                                                                            "operator_cardinality": 1260710,
                                                                            "cumulative_rows_scanned": 1260710,
                                                                            "operator_rows_scanned": 0,
                                                                            "operator_timing": 0.0002992030000000001,
                                                                            "result_set_size": 50428400,
                                                                            "children": [
                                                                                {
                                                                                    "operator_name": "WINDOW",
                                                                                    "cpu_time": 0.6144787739999997,
                                                                                    "extra_info": {
                                                                                        "Projections": "ROW_NUMBER() OVER (ORDER BY reputation DESC NULLS LAST)"
                                                                                    },
                                                                                    "cumulative_cardinality": 2521420,
                                                                                    "operator_type": "WINDOW",
                                                                                    "operator_cardinality": 1260710,
                                                                                    "cumulative_rows_scanned": 1260710,
                                                                                    "operator_rows_scanned": 0,
                                                                                    "operator_timing": 0.09584430400000005,
                                                                                    "result_set_size": 50428400,
                                                                                    "children": [
                                                                                        {
                                                                                            "operator_name": "READ_PARQUET ",
                                                                                            "cpu_time": 0.5186344699999997,
                                                                                            "extra_info": {
                                                                                                "Function": "READ_PARQUET",
                                                                                                "Projections": [
                                                                                                    "id",
                                                                                                    "reputation",
                                                                                                    "creationdate",
                                                                                                    "displayname"
                                                                                                ],
                                                                                                "Estimated Cardinality": "1260710"
                                                                                            },
                                                                                            "cumulative_cardinality": 1260710,
                                                                                            "operator_type": "TABLE_SCAN",
                                                                                            "operator_cardinality": 1260710,
                                                                                            "cumulative_rows_scanned": 1260710,
                                                                                            "operator_rows_scanned": 1260710,
                                                                                            "operator_timing": 0.5186344699999997,
                                                                                            "result_set_size": 40342720,
                                                                                            "children": []
                                                                                        }
                                                                                    ]
                                                                                }
                                                                            ]
                                                                        }
                                                                    ]
                                                                }
                                                            ]
                                                        }
                                                    ]
                                                }
                                            ]
                                        }
                                    ]
                                }
                            ]
                        }
                    ]
                }
            ]
        }
    ]
}