{
    "rows_returned": 19,
    "query_name": "WITH UserVoteStats AS (\n    SELECT \n        u.Id AS UserId,\n        u.DisplayName,\n        SUM(CASE WHEN v.VoteTypeId = 2 THEN 1 ELSE 0 END) AS UpVotes,\n        SUM(CASE WHEN v.VoteTypeId = 3 THEN 1 ELSE 0 END) AS DownVotes,\n        COUNT(DISTINCT p.Id) AS PostCount\n    FROM Users u\n    LEFT JOIN Votes v ON u.Id = v.UserId\n    LEFT JOIN Posts p ON v.PostId = p.Id\n    GROUP BY u.Id, u.DisplayName\n),\nTopUsers AS (\n    SELECT \n        UserId, \n        DisplayName, \n        UpVotes - DownVotes AS NetVotes,\n        RANK() OVER (ORDER BY UpVotes DESC) AS Rank\n    FROM UserVoteStats\n    WHERE PostCount > 5\n),\nClosedQuestions AS (\n    SELECT \n        p.Id AS ClosedPostId,\n        p.Title,\n        ph.CreationDate,\n        ph.Comment AS CloseReason\n    FROM Posts p\n    JOIN PostHistory ph ON p.Id = ph.PostId\n    WHERE ph.PostHistoryTypeId = 10\n),\nPostComments AS (\n    SELECT \n        c.PostId,\n        COUNT(c.Id) AS CommentCount\n    FROM Comments c\n    GROUP BY c.PostId\n)\n\nSELECT \n    tu.UserId,\n    tu.DisplayName,\n    tu.NetVotes,\n    COUNT(DISTINCT cq.ClosedPostId) AS ClosedQuestionsCount,\n    COALESCE(SUM(pc.CommentCount), 0) AS TotalComments\nFROM TopUsers tu\nLEFT JOIN ClosedQuestions cq ON tu.UserId = cq.ClosedPostId\nLEFT JOIN PostComments pc ON cq.ClosedPostId = pc.PostId\nGROUP BY tu.UserId, tu.DisplayName, tu.NetVotes\nHAVING COUNT(DISTINCT cq.ClosedPostId) > 0\nORDER BY tu.NetVotes DESC, tu.DisplayName;\n",
    "blocked_thread_time": 0.0,
    "cpu_time": 5.425989888000011,
    "extra_info": {},
    "cumulative_cardinality": 28170767,
    "cumulative_rows_scanned": 40742101,
    "result_set_size": 1140,
    "latency": 6.030437062,
    "children": [
        {
            "operator_name": "ORDER_BY",
            "cpu_time": 5.425989888000011,
            "extra_info": {
                "Order By": [
                    "tu.NetVotes DESC",
                    "tu.DisplayName ASC"
                ]
            },
            "cumulative_cardinality": 28170767,
            "operator_type": "ORDER_BY",
            "operator_cardinality": 19,
            "cumulative_rows_scanned": 40742101,
            "operator_rows_scanned": 0,
            "operator_timing": 0.000065292,
            "result_set_size": 1140,
            "children": [
                {
                    "operator_name": "PROJECTION",
                    "cpu_time": 5.42592459600001,
                    "extra_info": {
                        "Projections": [
                            "UserId",
                            "displayname",
                            "NetVotes",
                            "ClosedQuestionsCount",
                            "TotalComments"
                        ],
                        "Estimated Cardinality": "252142"
                    },
                    "cumulative_cardinality": 28170748,
                    "operator_type": "PROJECTION",
                    "operator_cardinality": 19,
                    "cumulative_rows_scanned": 40742101,
                    "operator_rows_scanned": 0,
                    "operator_timing": 0.000007274,
                    "result_set_size": 1140,
                    "children": [
                        {
                            "operator_name": "FILTER",
                            "cpu_time": 5.425917322000011,
                            "extra_info": {
                                "Expression": "(count(DISTINCT ClosedPostId) > 0)",
                                "Estimated Cardinality": "252142"
                            },
                            "cumulative_cardinality": 28170729,
                            "operator_type": "FILTER",
                            "operator_cardinality": 19,
                            "cumulative_rows_scanned": 40742101,
                            "operator_rows_scanned": 0,
                            "operator_timing": 0.000030016,
                            "result_set_size": 1140,
                            "children": [
                                {
                                    "operator_name": "HASH_GROUP_BY",
                                    "cpu_time": 5.425887306000011,
                                    "extra_info": {
                                        "Groups": [
                                            "#0",
                                            "#1",
                                            "#2"
                                        ],
                                        "Aggregates": [
                                            "count(DISTINCT #3)",
                                            "sum(#4)"
                                        ],
                                        "Estimated Cardinality": "1260710"
                                    },
                                    "cumulative_cardinality": 28170710,
                                    "operator_type": "HASH_GROUP_BY",
                                    "operator_cardinality": 1174,
                                    "cumulative_rows_scanned": 40742101,
                                    "operator_rows_scanned": 0,
                                    "operator_timing": 0.000964912,
                                    "result_set_size": 70440,
                                    "children": [
                                        {
                                            "operator_name": "PROJECTION",
                                            "cpu_time": 5.424922394000011,
                                            "extra_info": {
                                                "Projections": [
                                                    "UserId",
                                                    "displayname",
                                                    "NetVotes",
                                                    "ClosedPostId",
                                                    "CommentCount"
                                                ],
                                                "Estimated Cardinality": "3620911"
                                            },
                                            "cumulative_cardinality": 28169536,
                                            "operator_type": "PROJECTION",
                                            "operator_cardinality": 1174,
                                            "cumulative_rows_scanned": 40742101,
                                            "operator_rows_scanned": 0,
                                            "operator_timing": 0.000002225,
                                            "result_set_size": 56352,
                                            "children": [
                                                {
                                                    "operator_name": "HASH_JOIN",
                                                    "cpu_time": 5.424920169000011,
                                                    "extra_info": {
                                                        "Join Type": "LEFT",
                                                        "Conditions": "ClosedPostId = postid",
                                                        "Estimated Cardinality": "3620911"
                                                    },
                                                    "cumulative_cardinality": 28168362,
                                                    "operator_type": "HASH_JOIN",
                                                    "operator_cardinality": 1174,
                                                    "cumulative_rows_scanned": 40742101,
                                                    "operator_rows_scanned": 0,
                                                    "operator_timing": 0.11982420999999999,
                                                    "result_set_size": 56352,
                                                    "children": [
                                                        {
                                                            "operator_name": "HASH_JOIN",
                                                            "cpu_time": 4.96866675000001,
                                                            "extra_info": {
                                                                "Join Type": "RIGHT",
                                                                "Conditions": "ClosedPostId = UserId",
                                                                "Estimated Cardinality": "2359048"
                                                            },
                                                            "cumulative_cardinality": 11519872,
                                                            "operator_type": "HASH_JOIN",
                                                            "operator_cardinality": 1174,
                                                            "cumulative_rows_scanned": 33500279,
                                                            "operator_rows_scanned": 0,
                                                            "operator_timing": 0.000837836,
                                                            "result_set_size": 46960,
                                                            "children": [
                                                                {
                                                                    "operator_name": "PROJECTION",
                                                                    "cpu_time": 3.7805295380000095,
                                                                    "extra_info": {
                                                                        "Projections": "ClosedPostId",
                                                                        "Estimated Cardinality": "2359048"
                                                                    },
                                                                    "cumulative_cardinality": 1234440,
                                                                    "operator_type": "PROJECTION",
                                                                    "operator_cardinality": 20131,
                                                                    "cumulative_rows_scanned": 15645360,
                                                                    "operator_rows_scanned": 0,
                                                                    "operator_timing": 0.000006554999999999999,
                                                                    "result_set_size": 80524,
                                                                    "children": [
                                                                        {
                                                                            "operator_name": "HASH_JOIN",
                                                                            "cpu_time": 3.7805229830000093,
                                                                            "extra_info": {
                                                                                "Join Type": "INNER",
                                                                                "Conditions": "id = postid",
                                                                                "Estimated Cardinality": "2359048"
                                                                            },
                                                                            "cumulative_cardinality": 1214309,
                                                                            "operator_type": "HASH_JOIN",
                                                                            "operator_cardinality": 20131,
                                                                            "cumulative_rows_scanned": 15645360,
                                                                            "operator_rows_scanned": 0,
                                                                            "operator_timing": 0.0884708060000001,
                                                                            "result_set_size": 161048,
                                                                            "children": [
                                                                                {
                                                                                    "operator_name": "READ_PARQUET ",
                                                                                    "cpu_time": 0.05045851700000001,
                                                                                    "extra_info": {
                                                                                        "Function": "READ_PARQUET",
                                                                                        "Projections": "id",
                                                                                        "Estimated Cardinality": "3850116"
                                                                                    },
                                                                                    "cumulative_cardinality": 1072714,
                                                                                    "operator_type": "TABLE_SCAN",
                                                                                    "operator_cardinality": 1072714,
                                                                                    "cumulative_rows_scanned": 3850116,
                                                                                    "operator_rows_scanned": 3850116,
                                                                                    "operator_timing": 0.05045851700000001,
                                                                                    "result_set_size": 4290856,
                                                                                    "children": []
                                                                                },
                                                                                {
                                                                                    "operator_name": "READ_PARQUET ",
                                                                                    "cpu_time": 3.641593660000009,
                                                                                    "extra_info": {
                                                                                        "Function": "READ_PARQUET",
                                                                                        "Projections": "postid",
                                                                                        "Filters": "posthistorytypeid=10",
                                                                                        "Estimated Cardinality": "2359048"
                                                                                    },
                                                                                    "cumulative_cardinality": 121464,
                                                                                    "operator_type": "TABLE_SCAN",
                                                                                    "operator_cardinality": 121464,
                                                                                    "cumulative_rows_scanned": 11795244,
                                                                                    "operator_rows_scanned": 11795244,
                                                                                    "operator_timing": 3.641593660000009,
                                                                                    "result_set_size": 485856,
                                                                                    "children": []
                                                                                }
                                                                            ]
                                                                        }
                                                                    ]
                                                                },
                                                                {
                                                                    "operator_name": "PROJECTION",
                                                                    "cpu_time": 1.187299376000001,
                                                                    "extra_info": {
                                                                        "Projections": [
                                                                            "UserId",
                                                                            "displayname",
                                                                            "NetVotes"
                                                                        ],
                                                                        "Estimated Cardinality": "252142"
                                                                    },
                                                                    "cumulative_cardinality": 10284258,
                                                                    "operator_type": "PROJECTION",
                                                                    "operator_cardinality": 1174,
                                                                    "cumulative_rows_scanned": 17854919,
                                                                    "operator_rows_scanned": 0,
                                                                    "operator_timing": 0.000009438,
                                                                    "result_set_size": 42264,
                                                                    "children": [
                                                                        {
                                                                            "operator_name": "PROJECTION",
                                                                            "cpu_time": 1.187289938000001,
                                                                            "extra_info": {
                                                                                "Projections": [
                                                                                    "#0",
                                                                                    "#1",
                                                                                    "#2",
                                                                                    "#3",
                                                                                    "#4"
                                                                                ],
                                                                                "Estimated Cardinality": "252142"
                                                                            },
                                                                            "cumulative_cardinality": 10283084,
                                                                            "operator_type": "PROJECTION",
                                                                            "operator_cardinality": 1174,
                                                                            "cumulative_rows_scanned": 17854919,
                                                                            "operator_rows_scanned": 0,
                                                                            "operator_timing": 5.31e-7,
                                                                            "result_set_size": 70440,
                                                                            "children": [
                                                                                {
                                                                                    "operator_name": "WINDOW",
                                                                                    "cpu_time": 1.187289407000001,
                                                                                    "extra_info": {
                                                                                        "Projections": "RANK() OVER (ORDER BY UpVotes DESC NULLS LAST)"
                                                                                    },
                                                                                    "cumulative_cardinality": 10281910,
                                                                                    "operator_type": "WINDOW",
                                                                                    "operator_cardinality": 1174,
                                                                                    "cumulative_rows_scanned": 17854919,
                                                                                    "operator_rows_scanned": 0,
                                                                                    "operator_timing": 0.00028173400000000006,
                                                                                    "result_set_size": 70440,
                                                                                    "children": [
                                                                                        {
                                                                                            "operator_name": "PROJECTION",
                                                                                            "cpu_time": 1.187007673000001,
                                                                                            "extra_info": {
                                                                                                "Projections": [
                                                                                                    "#0",
                                                                                                    "#1",
                                                                                                    "#2",
                                                                                                    "#3"
                                                                                                ],
                                                                                                "Estimated Cardinality": "252142"
                                                                                            },
                                                                                            "cumulative_cardinality": 10280736,
                                                                                            "operator_type": "PROJECTION",
                                                                                            "operator_cardinality": 1174,
                                                                                            "cumulative_rows_scanned": 17854919,
                                                                                            "operator_rows_scanned": 0,
                                                                                            "operator_timing": 0.00000616,
                                                                                            "result_set_size": 61048,
                                                                                            "children": [
                                                                                                {
                                                                                                    "operator_name": "FILTER",
                                                                                                    "cpu_time": 1.187001513000001,
                                                                                                    "extra_info": {
                                                                                                        "Expression": "(PostCount > 5)",
                                                                                                        "Estimated Cardinality": "252142"
                                                                                                    },
                                                                                                    "cumulative_cardinality": 10279562,
                                                                                                    "operator_type": "FILTER",
                                                                                                    "operator_cardinality": 1174,
                                                                                                    "cumulative_rows_scanned": 17854919,
                                                                                                    "operator_rows_scanned": 0,
                                                                                                    "operator_timing": 0.001900684999999999,
                                                                                                    "result_set_size": 70440,
                                                                                                    "children": [
                                                                                                        {
                                                                                                            "operator_name": "HASH_GROUP_BY",
                                                                                                            "cpu_time": 1.1851008280000008,
                                                                                                            "extra_info": {
                                                                                                                "Groups": [
                                                                                                                    "#0",
                                                                                                                    "#1"
                                                                                                                ],
                                                                                                                "Aggregates": [
                                                                                                                    "sum(#2)",
                                                                                                                    "sum(#3)",
                                                                                                                    "count(DISTINCT #4)"
                                                                                                                ],
                                                                                                                "Estimated Cardinality": "1260710"
                                                                                                            },
                                                                                                            "cumulative_cardinality": 10278388,
                                                                                                            "operator_type": "HASH_GROUP_BY",
                                                                                                            "operator_cardinality": 1260710,
                                                                                                            "cumulative_rows_scanned": 17854919,
                                                                                                            "operator_rows_scanned": 0,
                                                                                                            "operator_timing": 0.5563461010000005,
                                                                                                            "result_set_size": 75642600,
                                                                                                            "children": [
                                                                                                                {
                                                                                                                    "operator_name": "PROJECTION",
                                                                                                                    "cpu_time": 0.6287547270000003,
                                                                                                                    "extra_info": {
                                                                                                                        "Projections": [
                                                                                                                            "id",
                                                                                                                            "displayname",
                                                                                                                            "CASE  WHEN ((votetypeid = 2)) THEN (1) ELSE 0 END",
                                                                                                                            "CASE  WHEN ((votetypeid = 3)) THEN (1) ELSE 0 END",
                                                                                                                            "id"
                                                                                                                        ],
                                                                                                                        "Estimated Cardinality": "12744093"
                                                                                                                    },
                                                                                                                    "cumulative_cardinality": 9017678,
                                                                                                                    "operator_type": "PROJECTION",
                                                                                                                    "operator_cardinality": 1288855,
                                                                                                                    "cumulative_rows_scanned": 17854919,
                                                                                                                    "operator_rows_scanned": 0,
                                                                                                                    "operator_timing": 0.002533455,
                                                                                                                    "result_set_size": 41243360,
                                                                                                                    "children": [
                                                                                                                        {
                                                                                                                            "operator_name": "HASH_JOIN",
                                                                                                                            "cpu_time": 0.6262212720000003,
                                                                                                                            "extra_info": {
                                                                                                                                "Join Type": "LEFT",
                                                                                                                                "Conditions": "postid = id",
                                                                                                                                "Estimated Cardinality": "12744093"
                                                                                                                            },
                                                                                                                            "cumulative_cardinality": 7728823,
                                                                                                                            "operator_type": "HASH_JOIN",
                                                                                                                            "operator_cardinality": 1288855,
                                                                                                                            "cumulative_rows_scanned": 17854919,
                                                                                                                            "operator_rows_scanned": 0,
                                                                                                                            "operator_timing": 0.18979433299999998,
                                                                                                                            "result_set_size": 33510230,
                                                                                                                            "children": [
                                                                                                                                {
                                                                                                                                    "operator_name": "HASH_JOIN",
                                                                                                                                    "cpu_time": 0.4155524810000004,
                                                                                                                                    "extra_info": {
                                                                                                                                        "Join Type": "RIGHT",
                                                                                                                                        "Conditions": "userid = id",
                                                                                                                                        "Estimated Cardinality": "12744093"
                                                                                                                                    },
                                                                                                                                    "cumulative_cardinality": 2589852,
                                                                                                                                    "operator_type": "HASH_JOIN",
                                                                                                                                    "operator_cardinality": 1288855,
                                                                                                                                    "cumulative_rows_scanned": 14004803,
                                                                                                                                    "operator_rows_scanned": 0,
                                                                                                                                    "operator_timing": 0.1222048870000002,
                                                                                                                                    "result_set_size": 33510230,
                                                                                                                                    "children": [
                                                                                                                                        {
                                                                                                                                            "operator_name": "READ_PARQUET ",
                                                                                                                                            "cpu_time": 0.21297650300000023,
                                                                                                                                            "extra_info": {
                                                                                                                                                "Function": "READ_PARQUET",
                                                                                                                                                "Projections": [
                                                                                                                                                    "postid",
                                                                                                                                                    "votetypeid",
                                                                                                                                                    "userid"
                                                                                                                                                ],
                                                                                                                                                "Estimated Cardinality": "12744093"
                                                                                                                                            },
                                                                                                                                            "cumulative_cardinality": 40287,
                                                                                                                                            "operator_type": "TABLE_SCAN",
                                                                                                                                            "operator_cardinality": 40287,
                                                                                                                                            "cumulative_rows_scanned": 12744093,
                                                                                                                                            "operator_rows_scanned": 12744093,
                                                                                                                                            "operator_timing": 0.21297650300000023,
                                                                                                                                            "result_set_size": 402870,
                                                                                                                                            "children": []
                                                                                                                                        },
                                                                                                                                        {
                                                                                                                                            "operator_name": "READ_PARQUET ",
                                                                                                                                            "cpu_time": 0.08037109099999998,
                                                                                                                                            "extra_info": {
                                                                                                                                                "Function": "READ_PARQUET",
                                                                                                                                                "Projections": [
                                                                                                                                                    "id",
                                                                                                                                                    "displayname"
                                                                                                                                                ],
                                                                                                                                                "Estimated Cardinality": "1260710"
                                                                                                                                            },
                                                                                                                                            "cumulative_cardinality": 1260710,
                                                                                                                                            "operator_type": "TABLE_SCAN",
                                                                                                                                            "operator_cardinality": 1260710,
                                                                                                                                            "cumulative_rows_scanned": 1260710,
                                                                                                                                            "operator_rows_scanned": 1260710,
                                                                                                                                            "operator_timing": 0.08037109099999998,
                                                                                                                                            "result_set_size": 25214200,
                                                                                                                                            "children": []
                                                                                                                                        }
                                                                                                                                    ]
                                                                                                                                },
                                                                                                                                {
                                                                                                                                    "operator_name": "READ_PARQUET ",
                                                                                                                                    "cpu_time": 0.0208744579999999,
                                                                                                                                    "extra_info": {
                                                                                                                                        "Function": "READ_PARQUET",
                                                                                                                                        "Projections": "id",
                                                                                                                                        "Estimated Cardinality": "3850116"
                                                                                                                                    },
                                                                                                                                    "cumulative_cardinality": 3850116,
                                                                                                                                    "operator_type": "TABLE_SCAN",
                                                                                                                                    "operator_cardinality": 3850116,
                                                                                                                                    "cumulative_rows_scanned": 3850116,
                                                                                                                                    "operator_rows_scanned": 3850116,
                                                                                                                                    "operator_timing": 0.0208744579999999,
                                                                                                                                    "result_set_size": 15400464,
                                                                                                                                    "children": []
                                                                                                                                }
                                                                                                                            ]
                                                                                                                        }
                                                                                                                    ]
                                                                                                                }
                                                                                                            ]
                                                                                                        }
                                                                                                    ]
                                                                                                }
                                                                                            ]
                                                                                        }
                                                                                    ]
                                                                                }
                                                                            ]
                                                                        }
                                                                    ]
                                                                }
                                                            ]
                                                        },
                                                        {
                                                            "operator_name": "HASH_GROUP_BY",
                                                            "cpu_time": 0.3364292090000002,
                                                            "extra_info": {
                                                                "Groups": "#0",
                                                                "Aggregates": "count_star()",
                                                                "Estimated Cardinality": "3620911"
                                                            },
                                                            "cumulative_cardinality": 16647316,
                                                            "operator_type": "HASH_GROUP_BY",
                                                            "operator_cardinality": 2163672,
                                                            "cumulative_rows_scanned": 7241822,
                                                            "operator_rows_scanned": 0,
                                                            "operator_timing": 0.2538340820000003,
                                                            "result_set_size": 25964064,
                                                            "children": [
                                                                {
                                                                    "operator_name": "PROJECTION",
                                                                    "cpu_time": 0.08259512699999991,
                                                                    "extra_info": {
                                                                        "Projections": "postid",
                                                                        "Estimated Cardinality": "7241822"
                                                                    },
                                                                    "cumulative_cardinality": 14483644,
                                                                    "operator_type": "PROJECTION",
                                                                    "operator_cardinality": 7241822,
                                                                    "cumulative_rows_scanned": 7241822,
                                                                    "operator_rows_scanned": 0,
                                                                    "operator_timing": 0.00037462700000000476,
                                                                    "result_set_size": 28967288,
                                                                    "children": [
                                                                        {
                                                                            "operator_name": "READ_PARQUET ",
                                                                            "cpu_time": 0.0822204999999999,
                                                                            "extra_info": {
                                                                                "Function": "READ_PARQUET",
                                                                                "Projections": [
                                                                                    "id",
                                                                                    "postid"
                                                                                ],
                                                                                "Estimated Cardinality": "7241822"
                                                                            },
                                                                            "cumulative_cardinality": 7241822,
                                                                            "operator_type": "TABLE_SCAN",
                                                                            "operator_cardinality": 7241822,
                                                                            "cumulative_rows_scanned": 7241822,
                                                                            "operator_rows_scanned": 7241822,
                                                                            "operator_timing": 0.0822204999999999,
                                                                            "result_set_size": 57934576,
                                                                            "children": []
                                                                        }
                                                                    ]
                                                                }
                                                            ]
                                                        }
                                                    ]
                                                }
                                            ]
                                        }
                                    ]
                                }
                            ]
                        }
                    ]
                }
            ]
        }
    ]
}