{
    "rows_returned": 194389,
    "query_name": "\nWITH UserReputation AS (\n    SELECT \n        Id,\n        Reputation,\n        CASE \n            WHEN Reputation >= 10000 THEN 'Platinum'\n            WHEN Reputation >= 1000 THEN 'Gold'\n            WHEN Reputation >= 100 THEN 'Silver'\n            ELSE 'Bronze'\n        END AS Badge\n    FROM Users\n),\nClosedPosts AS (\n    SELECT \n        p.Id AS PostId,\n        p.Title,\n        COUNT(ph.Id) AS CloseReasonCount,\n        STRING_AGG(DISTINCT crt.Name, ', ') AS CloseReasons\n    FROM Posts p\n    JOIN PostHistory ph ON p.Id = ph.PostId AND ph.PostHistoryTypeId = 10\n    JOIN CloseReasonTypes crt ON CAST(ph.Comment AS INTEGER) = crt.Id\n    WHERE p.PostTypeId IN (1, 2)  \n    GROUP BY p.Id, p.Title\n),\nTopCloseReasons AS (\n    SELECT \n        CloseReasons,\n        RANK() OVER (ORDER BY COUNT(*) DESC) AS ReasonRank\n    FROM (\n        SELECT CloseReasons FROM ClosedPosts\n    ) AS RankedReasons\n    GROUP BY CloseReasons\n),\nPostWithMostComments AS (\n    SELECT \n        PostId,\n        COUNT(*) AS TotalComments\n    FROM Comments\n    GROUP BY PostId\n    ORDER BY TotalComments DESC\n    LIMIT 1\n),\nUserVotesSummary AS (\n    SELECT \n        v.UserId,\n        COUNT(v.Id) AS TotalVotes,\n        SUM(CASE WHEN v.VoteTypeId = 2 THEN 1 ELSE 0 END) AS UpVotes,\n        SUM(CASE WHEN v.VoteTypeId = 3 THEN 1 ELSE 0 END) AS DownVotes\n    FROM Votes v\n    GROUP BY v.UserId\n)\nSELECT \n    u.DisplayName,\n    u.CreationDate,\n    ur.Badge,\n    cp.Title AS ClosedPostTitle,\n    cp.CloseReasonCount,\n    cp.CloseReasons,\n    p.TotalComments AS CommentsOnMostCommentedPost,\n    uvs.TotalVotes,\n    uvs.UpVotes,\n    uvs.DownVotes\nFROM Users u\nLEFT JOIN UserReputation ur ON u.Id = ur.Id\nLEFT JOIN ClosedPosts cp ON cp.PostId IN (SELECT PostId FROM PostWithMostComments)\nLEFT JOIN PostWithMostComments p ON p.PostId = cp.PostId\nLEFT JOIN UserVotesSummary uvs ON u.Id = uvs.UserId\nWHERE u.Reputation > 100  \nORDER BY u.Reputation DESC;\n",
    "blocked_thread_time": 0.0,
    "cpu_time": 9.158754814000005,
    "extra_info": {},
    "cumulative_cardinality": 51383545,
    "cumulative_rows_scanned": 38152707,
    "result_set_size": 24881792,
    "latency": 10.333216874,
    "children": [
        {
            "operator_name": "PROJECTION",
            "cpu_time": 9.158754814000005,
            "extra_info": {
                "Projections": [
                    "#0",
                    "#1",
                    "__internal_decompress_string(#2)",
                    "#3",
                    "#4",
                    "#5",
                    "#6",
                    "#7",
                    "#8",
                    "#9"
                ],
                "Estimated Cardinality": "6372046"
            },
            "cumulative_cardinality": 51383545,
            "operator_type": "PROJECTION",
            "operator_cardinality": 194389,
            "cumulative_rows_scanned": 38152707,
            "operator_rows_scanned": 0,
            "operator_timing": 0.0030943470000000003,
            "result_set_size": 24881792,
            "children": [
                {
                    "operator_name": "ORDER_BY",
                    "cpu_time": 9.155660467000006,
                    "extra_info": {
                        "Order By": "reputation DESC"
                    },
                    "cumulative_cardinality": 51189156,
                    "operator_type": "ORDER_BY",
                    "operator_cardinality": 194389,
                    "cumulative_rows_scanned": 38152707,
                    "operator_rows_scanned": 0,
                    "operator_timing": 0.036769582999999995,
                    "result_set_size": 24881792,
                    "children": [
                        {
                            "operator_name": "PROJECTION",
                            "cpu_time": 9.118890884000006,
                            "extra_info": {
                                "Projections": [
                                    "#0",
                                    "#1",
                                    "__internal_compress_string_hugeint(#2)",
                                    "#3",
                                    "#4",
                                    "#5",
                                    "#6",
                                    "#7",
                                    "#8",
                                    "#9",
                                    "#10"
                                ],
                                "Estimated Cardinality": "6372046"
                            },
                            "cumulative_cardinality": 50994767,
                            "operator_type": "PROJECTION",
                            "operator_cardinality": 194389,
                            "cumulative_rows_scanned": 38152707,
                            "operator_rows_scanned": 0,
                            "operator_timing": 0.0035009339999999994,
                            "result_set_size": 25659348,
                            "children": [
                                {
                                    "operator_name": "PROJECTION",
                                    "cpu_time": 9.115389950000006,
                                    "extra_info": {
                                        "Projections": [
                                            "displayname",
                                            "creationdate",
                                            "Badge",
                                            "ClosedPostTitle",
                                            "CloseReasonCount",
                                            "CloseReasons",
                                            "CommentsOnMostCommentedPost",
                                            "TotalVotes",
                                            "UpVotes",
                                            "DownVotes",
                                            "reputation"
                                        ],
                                        "Estimated Cardinality": "6372046"
                                    },
                                    "cumulative_cardinality": 50800378,
                                    "operator_type": "PROJECTION",
                                    "operator_cardinality": 194389,
                                    "cumulative_rows_scanned": 38152707,
                                    "operator_rows_scanned": 0,
                                    "operator_timing": 0.00008794799999999999,
                                    "result_set_size": 25659348,
                                    "children": [
                                        {
                                            "operator_name": "CTE",
                                            "cpu_time": 9.115302002000007,
                                            "extra_info": {
                                                "CTE Name": "ClosedPosts",
                                                "Table Index": "0"
                                            },
                                            "cumulative_cardinality": 50605989,
                                            "operator_type": "CTE",
                                            "operator_cardinality": 0,
                                            "cumulative_rows_scanned": 38152707,
                                            "operator_rows_scanned": 0,
                                            "operator_timing": 0.005016301,
                                            "result_set_size": 0,
                                            "children": [
                                                {
                                                    "operator_name": "HASH_GROUP_BY",
                                                    "cpu_time": 6.043543047000009,
                                                    "extra_info": {
                                                        "Groups": [
                                                            "#0",
                                                            "#1"
                                                        ],
                                                        "Aggregates": [
                                                            "count_star()",
                                                            "string_agg(DISTINCT #2)"
                                                        ],
                                                        "Estimated Cardinality": "235904"
                                                    },
                                                    "cumulative_cardinality": 4451832,
                                                    "operator_type": "HASH_GROUP_BY",
                                                    "operator_cardinality": 120507,
                                                    "cumulative_rows_scanned": 15645372,
                                                    "operator_rows_scanned": 0,
                                                    "operator_timing": 0.08204530399999999,
                                                    "result_set_size": 5302308,
                                                    "children": [
                                                        {
                                                            "operator_name": "PROJECTION",
                                                            "cpu_time": 5.961497743000009,
                                                            "extra_info": {
                                                                "Projections": [
                                                                    "id",
                                                                    "title",
                                                                    "name"
                                                                ],
                                                                "Estimated Cardinality": "471809"
                                                            },
                                                            "cumulative_cardinality": 4331325,
                                                            "operator_type": "PROJECTION",
                                                            "operator_cardinality": 121464,
                                                            "cumulative_rows_scanned": 15645372,
                                                            "operator_rows_scanned": 0,
                                                            "operator_timing": 0.00004414900000000001,
                                                            "result_set_size": 4372704,
                                                            "children": [
                                                                {
                                                                    "operator_name": "HASH_JOIN",
                                                                    "cpu_time": 5.961453594000009,
                                                                    "extra_info": {
                                                                        "Join Type": "INNER",
                                                                        "Conditions": "CAST(comment AS INTEGER) = CAST(id AS INTEGER)",
                                                                        "Estimated Cardinality": "471809"
                                                                    },
                                                                    "cumulative_cardinality": 4209861,
                                                                    "operator_type": "HASH_JOIN",
                                                                    "operator_cardinality": 121464,
                                                                    "cumulative_rows_scanned": 15645372,
                                                                    "operator_rows_scanned": 0,
                                                                    "operator_timing": 0.005225751999999997,
                                                                    "result_set_size": 4372704,
                                                                    "children": [
                                                                        {
                                                                            "operator_name": "HASH_JOIN",
                                                                            "cpu_time": 5.955652337000009,
                                                                            "extra_info": {
                                                                                "Join Type": "INNER",
                                                                                "Conditions": "postid = id",
                                                                                "Estimated Cardinality": "471809"
                                                                            },
                                                                            "cumulative_cardinality": 4088385,
                                                                            "operator_type": "HASH_JOIN",
                                                                            "operator_cardinality": 121464,
                                                                            "cumulative_rows_scanned": 15645360,
                                                                            "operator_rows_scanned": 0,
                                                                            "operator_timing": 0.5762842890000016,
                                                                            "result_set_size": 4372704,
                                                                            "children": [
                                                                                {
                                                                                    "operator_name": "READ_PARQUET ",
                                                                                    "cpu_time": 4.724163377000007,
                                                                                    "extra_info": {
                                                                                        "Function": "READ_PARQUET",
                                                                                        "Projections": [
                                                                                            "id",
                                                                                            "postid",
                                                                                            "comment"
                                                                                        ],
                                                                                        "Filters": "posthistorytypeid=10",
                                                                                        "Estimated Cardinality": "2359048"
                                                                                    },
                                                                                    "cumulative_cardinality": 121464,
                                                                                    "operator_type": "TABLE_SCAN",
                                                                                    "operator_cardinality": 121464,
                                                                                    "cumulative_rows_scanned": 11795244,
                                                                                    "operator_rows_scanned": 11795244,
                                                                                    "operator_timing": 4.724163377000007,
                                                                                    "result_set_size": 2915136,
                                                                                    "children": []
                                                                                },
                                                                                {
                                                                                    "operator_name": "READ_PARQUET ",
                                                                                    "cpu_time": 0.655204671,
                                                                                    "extra_info": {
                                                                                        "Function": "READ_PARQUET",
                                                                                        "Projections": [
                                                                                            "id",
                                                                                            "title"
                                                                                        ],
                                                                                        "Filters": "posttypeid>=1 AND posttypeid<=2",
                                                                                        "Estimated Cardinality": "770023"
                                                                                    },
                                                                                    "cumulative_cardinality": 3845457,
                                                                                    "operator_type": "TABLE_SCAN",
                                                                                    "operator_cardinality": 3845457,
                                                                                    "cumulative_rows_scanned": 3850116,
                                                                                    "operator_rows_scanned": 3850116,
                                                                                    "operator_timing": 0.655204671,
                                                                                    "result_set_size": 76909140,
                                                                                    "children": []
                                                                                }
                                                                            ]
                                                                        },
                                                                        {
                                                                            "operator_name": "READ_PARQUET ",
                                                                            "cpu_time": 0.000575505,
                                                                            "extra_info": {
                                                                                "Function": "READ_PARQUET",
                                                                                "Projections": [
                                                                                    "id",
                                                                                    "name"
                                                                                ],
                                                                                "Estimated Cardinality": "12"
                                                                            },
                                                                            "cumulative_cardinality": 12,
                                                                            "operator_type": "TABLE_SCAN",
                                                                            "operator_cardinality": 12,
                                                                            "cumulative_rows_scanned": 12,
                                                                            "operator_rows_scanned": 12,
                                                                            "operator_timing": 0.000575505,
                                                                            "result_set_size": 216,
                                                                            "children": []
                                                                        }
                                                                    ]
                                                                }
                                                            ]
                                                        }
                                                    ]
                                                },
                                                {
                                                    "operator_name": "CTE",
                                                    "cpu_time": 3.066742653999997,
                                                    "extra_info": {
                                                        "CTE Name": "PostWithMostComments",
                                                        "Table Index": "28"
                                                    },
                                                    "cumulative_cardinality": 46154157,
                                                    "operator_type": "CTE",
                                                    "operator_cardinality": 0,
                                                    "cumulative_rows_scanned": 22507335,
                                                    "operator_rows_scanned": 0,
                                                    "operator_timing": 0.000002995,
                                                    "result_set_size": 0,
                                                    "children": [
                                                        {
                                                            "operator_name": "STREAMING_LIMIT",
                                                            "cpu_time": 0.5091526650000014,
                                                            "extra_info": {},
                                                            "cumulative_cardinality": 16651413,
                                                            "operator_type": "STREAMING_LIMIT",
                                                            "operator_cardinality": 1,
                                                            "cumulative_rows_scanned": 7241822,
                                                            "operator_rows_scanned": 0,
                                                            "operator_timing": 0.000002204,
                                                            "result_set_size": 12,
                                                            "children": [
                                                                {
                                                                    "operator_name": "ORDER_BY",
                                                                    "cpu_time": 0.5091504610000015,
                                                                    "extra_info": {
                                                                        "Order By": "count_star() DESC"
                                                                    },
                                                                    "cumulative_cardinality": 16651412,
                                                                    "operator_type": "ORDER_BY",
                                                                    "operator_cardinality": 4096,
                                                                    "cumulative_rows_scanned": 7241822,
                                                                    "operator_rows_scanned": 0,
                                                                    "operator_timing": 0.05861749299999999,
                                                                    "result_set_size": 49152,
                                                                    "children": [
                                                                        {
                                                                            "operator_name": "HASH_GROUP_BY",
                                                                            "cpu_time": 0.45053296800000153,
                                                                            "extra_info": {
                                                                                "Groups": "#0",
                                                                                "Aggregates": "count_star()",
                                                                                "Estimated Cardinality": "3620911"
                                                                            },
                                                                            "cumulative_cardinality": 16647316,
                                                                            "operator_type": "HASH_GROUP_BY",
                                                                            "operator_cardinality": 2163672,
                                                                            "cumulative_rows_scanned": 7241822,
                                                                            "operator_rows_scanned": 0,
                                                                            "operator_timing": 0.3819711470000015,
                                                                            "result_set_size": 25964064,
                                                                            "children": [
                                                                                {
                                                                                    "operator_name": "PROJECTION",
                                                                                    "cpu_time": 0.06856182100000002,
                                                                                    "extra_info": {
                                                                                        "Projections": "postid",
                                                                                        "Estimated Cardinality": "7241822"
                                                                                    },
                                                                                    "cumulative_cardinality": 14483644,
                                                                                    "operator_type": "PROJECTION",
                                                                                    "operator_cardinality": 7241822,
                                                                                    "cumulative_rows_scanned": 7241822,
                                                                                    "operator_rows_scanned": 0,
                                                                                    "operator_timing": 0.0006436250000000039,
                                                                                    "result_set_size": 28967288,
                                                                                    "children": [
                                                                                        {
                                                                                            "operator_name": "READ_PARQUET ",
                                                                                            "cpu_time": 0.06791819600000001,
                                                                                            "extra_info": {
                                                                                                "Function": "READ_PARQUET",
                                                                                                "Projections": "postid",
                                                                                                "Estimated Cardinality": "7241822"
                                                                                            },
                                                                                            "cumulative_cardinality": 7241822,
                                                                                            "operator_type": "TABLE_SCAN",
                                                                                            "operator_cardinality": 7241822,
                                                                                            "cumulative_rows_scanned": 7241822,
                                                                                            "operator_rows_scanned": 7241822,
                                                                                            "operator_timing": 0.06791819600000001,
                                                                                            "result_set_size": 28967288,
                                                                                            "children": []
                                                                                        }
                                                                                    ]
                                                                                }
                                                                            ]
                                                                        }
                                                                    ]
                                                                }
                                                            ]
                                                        },
                                                        {
                                                            "operator_name": "PROJECTION",
                                                            "cpu_time": 2.5575869939999953,
                                                            "extra_info": {
                                                                "Projections": [
                                                                    "#0",
                                                                    "#1",
                                                                    "#2",
                                                                    "#3",
                                                                    "#4",
                                                                    "#5",
                                                                    "__internal_decompress_string(#6)",
                                                                    "#7",
                                                                    "#8",
                                                                    "#9",
                                                                    "#10",
                                                                    "#11",
                                                                    "#12",
                                                                    "#13",
                                                                    "#14",
                                                                    "#15",
                                                                    "#16",
                                                                    "__internal_decompress_integral_integer(#17, 0)",
                                                                    "#18",
                                                                    "#19",
                                                                    "#20",
                                                                    "#21",
                                                                    "#22",
                                                                    "#23",
                                                                    "#24",
                                                                    "#25"
                                                                ],
                                                                "Estimated Cardinality": "6372046"
                                                            },
                                                            "cumulative_cardinality": 29502744,
                                                            "operator_type": "PROJECTION",
                                                            "operator_cardinality": 194389,
                                                            "cumulative_rows_scanned": 15265513,
                                                            "operator_rows_scanned": 0,
                                                            "operator_timing": 0.0036198290000000006,
                                                            "result_set_size": 47430916,
                                                            "children": [
                                                                {
                                                                    "operator_name": "HASH_JOIN",
                                                                    "cpu_time": 2.5539671649999955,
                                                                    "extra_info": {
                                                                        "Join Type": "RIGHT",
                                                                        "Conditions": "userid = id",
                                                                        "Estimated Cardinality": "6372046"
                                                                    },
                                                                    "cumulative_cardinality": 29308355,
                                                                    "operator_type": "HASH_JOIN",
                                                                    "operator_cardinality": 194389,
                                                                    "cumulative_rows_scanned": 15265513,
                                                                    "operator_rows_scanned": 0,
                                                                    "operator_timing": 0.11758248000000004,
                                                                    "result_set_size": 47042138,
                                                                    "children": [
                                                                        {
                                                                            "operator_name": "HASH_GROUP_BY",
                                                                            "cpu_time": 0.6925138719999988,
                                                                            "extra_info": {
                                                                                "Groups": "#0",
                                                                                "Aggregates": [
                                                                                    "count_star()",
                                                                                    "sum(#1)",
                                                                                    "sum(#2)"
                                                                                ],
                                                                                "Estimated Cardinality": "6372046"
                                                                            },
                                                                            "cumulative_cardinality": 25500329,
                                                                            "operator_type": "HASH_GROUP_BY",
                                                                            "operator_cardinality": 12143,
                                                                            "cumulative_rows_scanned": 12744093,
                                                                            "operator_rows_scanned": 0,
                                                                            "operator_timing": 0.24063610200000027,
                                                                            "result_set_size": 534292,
                                                                            "children": [
                                                                                {
                                                                                    "operator_name": "PROJECTION",
                                                                                    "cpu_time": 0.4518777699999985,
                                                                                    "extra_info": {
                                                                                        "Projections": [
                                                                                            "userid",
                                                                                            "CASE  WHEN ((votetypeid = 2)) THEN (1) ELSE 0 END",
                                                                                            "CASE  WHEN ((votetypeid = 3)) THEN (1) ELSE 0 END"
                                                                                        ],
                                                                                        "Estimated Cardinality": "12744093"
                                                                                    },
                                                                                    "cumulative_cardinality": 25488186,
                                                                                    "operator_type": "PROJECTION",
                                                                                    "operator_cardinality": 12744093,
                                                                                    "cumulative_rows_scanned": 12744093,
                                                                                    "operator_rows_scanned": 0,
                                                                                    "operator_timing": 0.1943247519999992,
                                                                                    "result_set_size": 152929116,
                                                                                    "children": [
                                                                                        {
                                                                                            "operator_name": "READ_PARQUET ",
                                                                                            "cpu_time": 0.2575530179999993,
                                                                                            "extra_info": {
                                                                                                "Function": "READ_PARQUET",
                                                                                                "Projections": [
                                                                                                    "id",
                                                                                                    "votetypeid",
                                                                                                    "userid"
                                                                                                ],
                                                                                                "Estimated Cardinality": "12744093"
                                                                                            },
                                                                                            "cumulative_cardinality": 12744093,
                                                                                            "operator_type": "TABLE_SCAN",
                                                                                            "operator_cardinality": 12744093,
                                                                                            "cumulative_rows_scanned": 12744093,
                                                                                            "operator_rows_scanned": 12744093,
                                                                                            "operator_timing": 0.2575530179999993,
                                                                                            "result_set_size": 127440930,
                                                                                            "children": []
                                                                                        }
                                                                                    ]
                                                                                }
                                                                            ]
                                                                        },
                                                                        {
                                                                            "operator_name": "PROJECTION",
                                                                            "cpu_time": 1.7438708129999967,
                                                                            "extra_info": {
                                                                                "Projections": [
                                                                                    "#0",
                                                                                    "#1",
                                                                                    "__internal_compress_string_hugeint(#2)",
                                                                                    "#3",
                                                                                    "#4",
                                                                                    "#5",
                                                                                    "#6",
                                                                                    "#7",
                                                                                    "#8",
                                                                                    "#9",
                                                                                    "#10",
                                                                                    "#11",
                                                                                    "#12",
                                                                                    "__internal_compress_integral_usmallint(#13, 0)",
                                                                                    "#14",
                                                                                    "#15",
                                                                                    "#16",
                                                                                    "#17",
                                                                                    "#18",
                                                                                    "#19",
                                                                                    "#20",
                                                                                    "#21"
                                                                                ],
                                                                                "Estimated Cardinality": "1260710"
                                                                            },
                                                                            "cumulative_cardinality": 3613637,
                                                                            "operator_type": "PROJECTION",
                                                                            "operator_cardinality": 194389,
                                                                            "cumulative_rows_scanned": 2521420,
                                                                            "operator_rows_scanned": 0,
                                                                            "operator_timing": 0.006160162000000002,
                                                                            "result_set_size": 38489022,
                                                                            "children": [
                                                                                {
                                                                                    "operator_name": "HASH_JOIN",
                                                                                    "cpu_time": 1.7377106509999967,
                                                                                    "extra_info": {
                                                                                        "Join Type": "LEFT",
                                                                                        "Conditions": "PostId = postid",
                                                                                        "Estimated Cardinality": "1260710"
                                                                                    },
                                                                                    "cumulative_cardinality": 3419248,
                                                                                    "operator_type": "HASH_JOIN",
                                                                                    "operator_cardinality": 194389,
                                                                                    "cumulative_rows_scanned": 2521420,
                                                                                    "operator_rows_scanned": 0,
                                                                                    "operator_timing": 0.01899534800000001,
                                                                                    "result_set_size": 38877800,
                                                                                    "children": [
                                                                                        {
                                                                                            "operator_name": "BLOCKWISE_NL_JOIN",
                                                                                            "cpu_time": 1.7187062969999967,
                                                                                            "extra_info": {
                                                                                                "Join Type": "LEFT",
                                                                                                "Condition": "true"
                                                                                            },
                                                                                            "cumulative_cardinality": 3224858,
                                                                                            "operator_type": "BLOCKWISE_NL_JOIN",
                                                                                            "operator_cardinality": 194389,
                                                                                            "cumulative_rows_scanned": 2521420,
                                                                                            "operator_rows_scanned": 0,
                                                                                            "operator_timing": 0.001043125999999999,
                                                                                            "result_set_size": 36545132,
                                                                                            "children": [
                                                                                                {
                                                                                                    "operator_name": "HASH_JOIN",
                                                                                                    "cpu_time": 1.7152983729999969,
                                                                                                    "extra_info": {
                                                                                                        "Join Type": "RIGHT",
                                                                                                        "Conditions": "id = id",
                                                                                                        "Estimated Cardinality": "1260710"
                                                                                                    },
                                                                                                    "cumulative_cardinality": 2909960,
                                                                                                    "operator_type": "HASH_JOIN",
                                                                                                    "operator_cardinality": 194389,
                                                                                                    "cumulative_rows_scanned": 2521420,
                                                                                                    "operator_rows_scanned": 0,
                                                                                                    "operator_timing": 0.1370717289999999,
                                                                                                    "result_set_size": 27992016,
                                                                                                    "children": [
                                                                                                        {
                                                                                                            "operator_name": "PROJECTION",
                                                                                                            "cpu_time": 0.07678937299999997,
                                                                                                            "extra_info": {
                                                                                                                "Projections": [
                                                                                                                    "id",
                                                                                                                    "reputation",
                                                                                                                    "Badge"
                                                                                                                ],
                                                                                                                "Estimated Cardinality": "1260710"
                                                                                                            },
                                                                                                            "cumulative_cardinality": 2521182,
                                                                                                            "operator_type": "PROJECTION",
                                                                                                            "operator_cardinality": 1260591,
                                                                                                            "cumulative_rows_scanned": 1260710,
                                                                                                            "operator_rows_scanned": 0,
                                                                                                            "operator_timing": 0.03199124599999999,
                                                                                                            "result_set_size": 30254184,
                                                                                                            "children": [
                                                                                                                {
                                                                                                                    "operator_name": "READ_PARQUET ",
                                                                                                                    "cpu_time": 0.044798126999999986,
                                                                                                                    "extra_info": {
                                                                                                                        "Function": "READ_PARQUET",
                                                                                                                        "Projections": [
                                                                                                                            "id",
                                                                                                                            "reputation"
                                                                                                                        ],
                                                                                                                        "Estimated Cardinality": "1260710"
                                                                                                                    },
                                                                                                                    "cumulative_cardinality": 1260591,
                                                                                                                    "operator_type": "TABLE_SCAN",
                                                                                                                    "operator_cardinality": 1260591,
                                                                                                                    "cumulative_rows_scanned": 1260710,
                                                                                                                    "operator_rows_scanned": 1260710,
                                                                                                                    "operator_timing": 0.044798126999999986,
                                                                                                                    "result_set_size": 10084728,
                                                                                                                    "children": []
                                                                                                                }
                                                                                                            ]
                                                                                                        },
                                                                                                        {
                                                                                                            "operator_name": "READ_PARQUET ",
                                                                                                            "cpu_time": 1.501437270999997,
                                                                                                            "extra_info": {
                                                                                                                "Function": "READ_PARQUET",
                                                                                                                "Projections": [
                                                                                                                    "id",
                                                                                                                    "reputation",
                                                                                                                    "creationdate",
                                                                                                                    "displayname",
                                                                                                                    "lastaccessdate",
                                                                                                                    "websiteurl",
                                                                                                                    "location",
                                                                                                                    "aboutme",
                                                                                                                    "views",
                                                                                                                    "upvotes",
                                                                                                                    "downvotes",
                                                                                                                    "profileimageurl",
                                                                                                                    "accountid"
                                                                                                                ],
                                                                                                                "Filters": "reputation>100",
                                                                                                                "Estimated Cardinality": "252142"
                                                                                                            },
                                                                                                            "cumulative_cardinality": 194389,
                                                                                                            "operator_type": "TABLE_SCAN",
                                                                                                            "operator_cardinality": 194389,
                                                                                                            "cumulative_rows_scanned": 1260710,
                                                                                                            "operator_rows_scanned": 1260710,
                                                                                                            "operator_timing": 1.501437270999997,
                                                                                                            "result_set_size": 23326680,
                                                                                                            "children": []
                                                                                                        }
                                                                                                    ]
                                                                                                },
                                                                                                {
                                                                                                    "operator_name": "HASH_JOIN",
                                                                                                    "cpu_time": 0.002364798,
                                                                                                    "extra_info": {
                                                                                                        "Join Type": "SEMI",
                                                                                                        "Conditions": "PostId = #0",
                                                                                                        "Estimated Cardinality": "47180"
                                                                                                    },
                                                                                                    "cumulative_cardinality": 120509,
                                                                                                    "operator_type": "HASH_JOIN",
                                                                                                    "operator_cardinality": 0,
                                                                                                    "cumulative_rows_scanned": 0,
                                                                                                    "operator_rows_scanned": 0,
                                                                                                    "operator_timing": 0.0014931899999999997,
                                                                                                    "result_set_size": 0,
                                                                                                    "children": [
                                                                                                        {
                                                                                                            "operator_name": "CTE_SCAN",
                                                                                                            "cpu_time": 0.000869214,
                                                                                                            "extra_info": {
                                                                                                                "CTE Index": "0",
                                                                                                                "Estimated Cardinality": "235904"
                                                                                                            },
                                                                                                            "cumulative_cardinality": 120507,
                                                                                                            "operator_type": "CTE_SCAN",
                                                                                                            "operator_cardinality": 120507,
                                                                                                            "cumulative_rows_scanned": 0,
                                                                                                            "operator_rows_scanned": 0,
                                                                                                            "operator_timing": 0.000869214,
                                                                                                            "result_set_size": 5302308,
                                                                                                            "children": []
                                                                                                        },
                                                                                                        {
                                                                                                            "operator_name": "PROJECTION",
                                                                                                            "cpu_time": 0.000002394,
                                                                                                            "extra_info": {
                                                                                                                "Projections": "postid",
                                                                                                                "Estimated Cardinality": "1"
                                                                                                            },
                                                                                                            "cumulative_cardinality": 2,
                                                                                                            "operator_type": "PROJECTION",
                                                                                                            "operator_cardinality": 1,
                                                                                                            "cumulative_rows_scanned": 0,
                                                                                                            "operator_rows_scanned": 0,
                                                                                                            "operator_timing": 5.31e-7,
                                                                                                            "result_set_size": 4,
                                                                                                            "children": [
                                                                                                                {
                                                                                                                    "operator_name": "CTE_SCAN",
                                                                                                                    "cpu_time": 0.000001863,
                                                                                                                    "extra_info": {
                                                                                                                        "CTE Index": "28",
                                                                                                                        "Estimated Cardinality": "1"
                                                                                                                    },
                                                                                                                    "cumulative_cardinality": 1,
                                                                                                                    "operator_type": "CTE_SCAN",
                                                                                                                    "operator_cardinality": 1,
                                                                                                                    "cumulative_rows_scanned": 0,
                                                                                                                    "operator_rows_scanned": 0,
                                                                                                                    "operator_timing": 0.000001863,
                                                                                                                    "result_set_size": 12,
                                                                                                                    "children": []
                                                                                                                }
                                                                                                            ]
                                                                                                        }
                                                                                                    ]
                                                                                                }
                                                                                            ]
                                                                                        },
                                                                                        {
                                                                                            "operator_name": "CTE_SCAN",
                                                                                            "cpu_time": 0.000009006000000000002,
                                                                                            "extra_info": {
                                                                                                "CTE Index": "28",
                                                                                                "Estimated Cardinality": "1"
                                                                                            },
                                                                                            "cumulative_cardinality": 1,
                                                                                            "operator_type": "CTE_SCAN",
                                                                                            "operator_cardinality": 1,
                                                                                            "cumulative_rows_scanned": 0,
                                                                                            "operator_rows_scanned": 0,
                                                                                            "operator_timing": 0.000009006000000000002,
                                                                                            "result_set_size": 12,
                                                                                            "children": []
                                                                                        }
                                                                                    ]
                                                                                }
                                                                            ]
                                                                        }
                                                                    ]
                                                                }
                                                            ]
                                                        }
                                                    ]
                                                }
                                            ]
                                        }
                                    ]
                                }
                            ]
                        }
                    ]
                }
            ]
        }
    ]
}