{
    "rows_returned": 10,
    "query_name": "SELECT \n    p.Id AS PostId,\n    p.Title,\n    p.CreationDate,\n    u.DisplayName AS OwnerDisplayName,\n    p.Score,\n    p.ViewCount,\n    p.AnswerCount,\n    p.CommentCount,\n    t.TagName\nFROM \n    Posts p\nJOIN \n    Users u ON p.OwnerUserId = u.Id\nJOIN \n    Tags t ON p.Tags LIKE CONCAT('%', t.TagName, '%') \nWHERE \n    p.PostTypeId = 1 \nORDER BY \n    p.CreationDate DESC\nLIMIT 10;",
    "blocked_thread_time": 0.0,
    "cpu_time": 529.0405746980264,
    "extra_info": {},
    "cumulative_cardinality": 19123366,
    "cumulative_rows_scanned": 5112802,
    "result_set_size": 760,
    "latency": 533.775606569,
    "children": [
        {
            "operator_name": "STREAMING_LIMIT",
            "cpu_time": 529.0405746980264,
            "extra_info": {},
            "cumulative_cardinality": 19123366,
            "operator_type": "STREAMING_LIMIT",
            "operator_cardinality": 10,
            "cumulative_rows_scanned": 5112802,
            "operator_rows_scanned": 0,
            "operator_timing": 0.000001263,
            "result_set_size": 760,
            "children": [
                {
                    "operator_name": "PROJECTION",
                    "cpu_time": 529.0405734350264,
                    "extra_info": {
                        "Projections": [
                            "#0",
                            "#1",
                            "#2",
                            "#3",
                            "__internal_decompress_integral_integer(#4, -72)",
                            "#5",
                            "__internal_decompress_integral_integer(#6, 0)",
                            "__internal_decompress_integral_integer(#7, 0)",
                            "#8"
                        ],
                        "Estimated Cardinality": "770023"
                    },
                    "cumulative_cardinality": 19123356,
                    "operator_type": "PROJECTION",
                    "operator_cardinality": 4096,
                    "cumulative_rows_scanned": 5112802,
                    "operator_rows_scanned": 0,
                    "operator_timing": 0.000013735,
                    "result_set_size": 311296,
                    "children": [
                        {
                            "operator_name": "ORDER_BY",
                            "cpu_time": 529.0405597000264,
                            "extra_info": {
                                "Order By": "p.CreationDate DESC"
                            },
                            "cumulative_cardinality": 19119260,
                            "operator_type": "ORDER_BY",
                            "operator_cardinality": 4096,
                            "cumulative_rows_scanned": 5112802,
                            "operator_rows_scanned": 0,
                            "operator_timing": 0.6108541439999997,
                            "result_set_size": 278528,
                            "children": [
                                {
                                    "operator_name": "PROJECTION",
                                    "cpu_time": 528.4297055560264,
                                    "extra_info": {
                                        "Projections": [
                                            "#0",
                                            "#1",
                                            "#2",
                                            "#3",
                                            "__internal_compress_integral_usmallint(#4, -72)",
                                            "#5",
                                            "__internal_compress_integral_utinyint(#6, 0)",
                                            "__internal_compress_integral_utinyint(#7, 0)",
                                            "#8"
                                        ],
                                        "Estimated Cardinality": "770023"
                                    },
                                    "cumulative_cardinality": 19115164,
                                    "operator_type": "PROJECTION",
                                    "operator_cardinality": 4891061,
                                    "cumulative_rows_scanned": 5112802,
                                    "operator_rows_scanned": 0,
                                    "operator_timing": 0.007436153000000009,
                                    "result_set_size": 332592148,
                                    "children": [
                                        {
                                            "operator_name": "PROJECTION",
                                            "cpu_time": 528.4222694030265,
                                            "extra_info": {
                                                "Projections": [
                                                    "PostId",
                                                    "title",
                                                    "creationdate",
                                                    "OwnerDisplayName",
                                                    "score",
                                                    "viewcount",
                                                    "answercount",
                                                    "commentcount",
                                                    "tagname"
                                                ],
                                                "Estimated Cardinality": "770023"
                                            },
                                            "cumulative_cardinality": 14224103,
                                            "operator_type": "PROJECTION",
                                            "operator_cardinality": 4891061,
                                            "cumulative_rows_scanned": 5112802,
                                            "operator_rows_scanned": 0,
                                            "operator_timing": 0.0020815990000000065,
                                            "result_set_size": 371720636,
                                            "children": [
                                                {
                                                    "operator_name": "BLOCKWISE_NL_JOIN",
                                                    "cpu_time": 528.4201878040265,
                                                    "extra_info": {
                                                        "Join Type": "INNER",
                                                        "Condition": "(tags ~~ concat('%', tagname, '%'))"
                                                    },
                                                    "cumulative_cardinality": 9333042,
                                                    "operator_type": "BLOCKWISE_NL_JOIN",
                                                    "operator_cardinality": 4891061,
                                                    "cumulative_rows_scanned": 5112802,
                                                    "operator_rows_scanned": 0,
                                                    "operator_timing": 522.4412250850264,
                                                    "result_set_size": 449977612,
                                                    "children": [
                                                        {
                                                            "operator_name": "HASH_JOIN",
                                                            "cpu_time": 5.978483134000007,
                                                            "extra_info": {
                                                                "Join Type": "INNER",
                                                                "Conditions": "owneruserid = id",
                                                                "Estimated Cardinality": "770023"
                                                            },
                                                            "cumulative_cardinality": 4440005,
                                                            "operator_type": "HASH_JOIN",
                                                            "operator_cardinality": 1589663,
                                                            "cumulative_rows_scanned": 5110826,
                                                            "operator_rows_scanned": 0,
                                                            "operator_timing": 0.2733161500000003,
                                                            "result_set_size": 120814388,
                                                            "children": [
                                                                {
                                                                    "operator_name": "READ_PARQUET ",
                                                                    "cpu_time": 5.584948850000007,
                                                                    "extra_info": {
                                                                        "Function": "READ_PARQUET",
                                                                        "Projections": [
                                                                            "id",
                                                                            "creationdate",
                                                                            "score",
                                                                            "viewcount",
                                                                            "owneruserid",
                                                                            "title",
                                                                            "tags",
                                                                            "answercount",
                                                                            "commentcount"
                                                                        ],
                                                                        "Filters": "posttypeid=1",
                                                                        "Estimated Cardinality": "770023"
                                                                    },
                                                                    "cumulative_cardinality": 1589663,
                                                                    "operator_type": "TABLE_SCAN",
                                                                    "operator_cardinality": 1589663,
                                                                    "cumulative_rows_scanned": 3850116,
                                                                    "operator_rows_scanned": 3850116,
                                                                    "operator_timing": 5.584948850000007,
                                                                    "result_set_size": 101738432,
                                                                    "children": []
                                                                },
                                                                {
                                                                    "operator_name": "READ_PARQUET ",
                                                                    "cpu_time": 0.12021813400000003,
                                                                    "extra_info": {
                                                                        "Function": "READ_PARQUET",
                                                                        "Projections": [
                                                                            "id",
                                                                            "displayname"
                                                                        ],
                                                                        "Filters": "id<=1416539",
                                                                        "Estimated Cardinality": "1260710"
                                                                    },
                                                                    "cumulative_cardinality": 1260679,
                                                                    "operator_type": "TABLE_SCAN",
                                                                    "operator_cardinality": 1260679,
                                                                    "cumulative_rows_scanned": 1260710,
                                                                    "operator_rows_scanned": 1260710,
                                                                    "operator_timing": 0.12021813400000003,
                                                                    "result_set_size": 25213580,
                                                                    "children": []
                                                                }
                                                            ]
                                                        },
                                                        {
                                                            "operator_name": "READ_PARQUET ",
                                                            "cpu_time": 0.00047958500000000004,
                                                            "extra_info": {
                                                                "Function": "READ_PARQUET",
                                                                "Projections": "tagname",
                                                                "Estimated Cardinality": "1976"
                                                            },
                                                            "cumulative_cardinality": 1976,
                                                            "operator_type": "TABLE_SCAN",
                                                            "operator_cardinality": 1976,
                                                            "cumulative_rows_scanned": 1976,
                                                            "operator_rows_scanned": 1976,
                                                            "operator_timing": 0.00047958500000000004,
                                                            "result_set_size": 31616,
                                                            "children": []
                                                        }
                                                    ]
                                                }
                                            ]
                                        }
                                    ]
                                }
                            ]
                        }
                    ]
                }
            ]
        }
    ]
}