{
    "rows_returned": 0,
    "query_name": "\nWITH RankedPosts AS (\n    SELECT \n        p.Id AS PostId,\n        p.Title,\n        p.Score,\n        p.CreationDate,\n        p.OwnerUserId,\n        COUNT(c.Id) AS CommentCount,\n        RANK() OVER (PARTITION BY p.OwnerUserId ORDER BY p.Score DESC) AS ScoreRank\n    FROM \n        Posts p\n    LEFT JOIN \n        Comments c ON p.Id = c.PostId\n    WHERE \n        p.PostTypeId = 1 \n    GROUP BY \n        p.Id, p.Title, p.Score, p.CreationDate, p.OwnerUserId\n), UserReputations AS (\n    SELECT \n        u.Id AS UserId,\n        u.Reputation,\n        CASE \n            WHEN u.Reputation > 1000 THEN 'High'\n            WHEN u.Reputation BETWEEN 100 AND 1000 THEN 'Medium'\n            ELSE 'Low'\n        END AS ReputationCategory\n    FROM \n        Users u\n), RecentPosts AS (\n    SELECT \n        rp.PostId,\n        rp.Title,\n        rp.Score,\n        rp.CreationDate,\n        ur.ReputationCategory\n    FROM \n        RankedPosts rp\n    JOIN \n        UserReputations ur ON rp.OwnerUserId = ur.UserId\n    WHERE \n        rp.CreationDate >= CURRENT_TIMESTAMP - INTERVAL '30 days'\n)\nSELECT \n    rp.PostId,\n    rp.Title,\n    rp.Score,\n    rp.ReputationCategory,\n    COALESCE(MIN(v.BountyAmount), 0) AS LowestBounty,\n    (SELECT COUNT(*) FROM Votes v WHERE v.PostId = rp.PostId AND v.VoteTypeId IN (2, 3)) AS VoteCount\nFROM \n    RecentPosts rp\nLEFT JOIN \n    Votes v ON rp.PostId = v.PostId\nGROUP BY \n    rp.PostId, rp.Title, rp.Score, rp.ReputationCategory\nHAVING \n    COUNT(DISTINCT v.UserId) > 5\nORDER BY \n    rp.Score DESC, rp.Title ASC;\n",
    "blocked_thread_time": 0.0,
    "cpu_time": 2.5920481960000012,
    "extra_info": {},
    "cumulative_cardinality": 29624534,
    "cumulative_rows_scanned": 37840834,
    "result_set_size": 0,
    "latency": 2.703541486,
    "children": [
        {
            "operator_name": "PROJECTION",
            "cpu_time": 2.5920481960000012,
            "extra_info": {
                "Projections": [
                    "#0",
                    "#1",
                    "__internal_decompress_integral_integer(#2, -72)",
                    "__internal_decompress_string(#3)",
                    "#4",
                    "#5"
                ],
                "Estimated Cardinality": "770023"
            },
            "cumulative_cardinality": 29624534,
            "operator_type": "PROJECTION",
            "operator_cardinality": 0,
            "cumulative_rows_scanned": 37840834,
            "operator_rows_scanned": 0,
            "operator_timing": 0.0,
            "result_set_size": 0,
            "children": [
                {
                    "operator_name": "ORDER_BY",
                    "cpu_time": 2.5920481960000012,
                    "extra_info": {
                        "Order By": [
                            "rp.Score DESC",
                            "rp.Title ASC"
                        ]
                    },
                    "cumulative_cardinality": 29624534,
                    "operator_type": "ORDER_BY",
                    "operator_cardinality": 0,
                    "cumulative_rows_scanned": 37840834,
                    "operator_rows_scanned": 0,
                    "operator_timing": 2.31e-7,
                    "result_set_size": 0,
                    "children": [
                        {
                            "operator_name": "PROJECTION",
                            "cpu_time": 2.5920479650000012,
                            "extra_info": {
                                "Projections": [
                                    "#0",
                                    "#1",
                                    "__internal_compress_integral_usmallint(#2, -72)",
                                    "__internal_compress_string_ubigint(#3)",
                                    "#4",
                                    "#5"
                                ],
                                "Estimated Cardinality": "770023"
                            },
                            "cumulative_cardinality": 29624534,
                            "operator_type": "PROJECTION",
                            "operator_cardinality": 0,
                            "cumulative_rows_scanned": 37840834,
                            "operator_rows_scanned": 0,
                            "operator_timing": 0.0,
                            "result_set_size": 0,
                            "children": [
                                {
                                    "operator_name": "PROJECTION",
                                    "cpu_time": 2.5920479650000012,
                                    "extra_info": {
                                        "Projections": [
                                            "PostId",
                                            "title",
                                            "score",
                                            "ReputationCategory",
                                            "LowestBounty",
                                            "VoteCount"
                                        ],
                                        "Estimated Cardinality": "770023"
                                    },
                                    "cumulative_cardinality": 29624534,
                                    "operator_type": "PROJECTION",
                                    "operator_cardinality": 0,
                                    "cumulative_rows_scanned": 37840834,
                                    "operator_rows_scanned": 0,
                                    "operator_timing": 0.0,
                                    "result_set_size": 0,
                                    "children": [
                                        {
                                            "operator_name": "LEFT_DELIM_JOIN",
                                            "cpu_time": 2.5920479650000012,
                                            "extra_info": {
                                                "Join Type": "SINGLE",
                                                "Conditions": "PostId IS NOT DISTINCT FROM PostId",
                                                "Estimated Cardinality": "770023",
                                                "Delim Index": "1"
                                            },
                                            "cumulative_cardinality": 29624534,
                                            "operator_type": "LEFT_DELIM_JOIN",
                                            "operator_cardinality": 0,
                                            "cumulative_rows_scanned": 37840834,
                                            "operator_rows_scanned": 0,
                                            "operator_timing": 0.0,
                                            "result_set_size": 0,
                                            "children": [
                                                {
                                                    "operator_name": "PROJECTION",
                                                    "cpu_time": 2.590259783000001,
                                                    "extra_info": {
                                                        "Projections": [
                                                            "#0",
                                                            "#1",
                                                            "#2",
                                                            "#3",
                                                            "#5"
                                                        ],
                                                        "Estimated Cardinality": "770023"
                                                    },
                                                    "cumulative_cardinality": 29622561,
                                                    "operator_type": "PROJECTION",
                                                    "operator_cardinality": 0,
                                                    "cumulative_rows_scanned": 25096741,
                                                    "operator_rows_scanned": 0,
                                                    "operator_timing": 0.0,
                                                    "result_set_size": 0,
                                                    "children": [
                                                        {
                                                            "operator_name": "FILTER",
                                                            "cpu_time": 2.590259783000001,
                                                            "extra_info": {
                                                                "Expression": "(count(DISTINCT userid) > 5)",
                                                                "Estimated Cardinality": "770023"
                                                            },
                                                            "cumulative_cardinality": 29622561,
                                                            "operator_type": "FILTER",
                                                            "operator_cardinality": 0,
                                                            "cumulative_rows_scanned": 25096741,
                                                            "operator_rows_scanned": 0,
                                                            "operator_timing": 1e-7,
                                                            "result_set_size": 0,
                                                            "children": [
                                                                {
                                                                    "operator_name": "PROJECTION",
                                                                    "cpu_time": 2.590259683000001,
                                                                    "extra_info": {
                                                                        "Projections": [
                                                                            "#0",
                                                                            "#1",
                                                                            "__internal_decompress_integral_integer(#2, -72)",
                                                                            "__internal_decompress_string(#3)",
                                                                            "#4",
                                                                            "#5"
                                                                        ],
                                                                        "Estimated Cardinality": "3850116"
                                                                    },
                                                                    "cumulative_cardinality": 29622561,
                                                                    "operator_type": "PROJECTION",
                                                                    "operator_cardinality": 0,
                                                                    "cumulative_rows_scanned": 25096741,
                                                                    "operator_rows_scanned": 0,
                                                                    "operator_timing": 0.0,
                                                                    "result_set_size": 0,
                                                                    "children": [
                                                                        {
                                                                            "operator_name": "HASH_GROUP_BY",
                                                                            "cpu_time": 2.590259683000001,
                                                                            "extra_info": {
                                                                                "Groups": [
                                                                                    "#0",
                                                                                    "#1",
                                                                                    "#2",
                                                                                    "#3"
                                                                                ],
                                                                                "Aggregates": [
                                                                                    "count(DISTINCT #4)",
                                                                                    "min(#5)"
                                                                                ],
                                                                                "Estimated Cardinality": "3850116"
                                                                            },
                                                                            "cumulative_cardinality": 29622561,
                                                                            "operator_type": "HASH_GROUP_BY",
                                                                            "operator_cardinality": 0,
                                                                            "cumulative_rows_scanned": 25096741,
                                                                            "operator_rows_scanned": 0,
                                                                            "operator_timing": 4.41e-7,
                                                                            "result_set_size": 0,
                                                                            "children": [
                                                                                {
                                                                                    "operator_name": "PROJECTION",
                                                                                    "cpu_time": 2.590259242000001,
                                                                                    "extra_info": {
                                                                                        "Projections": [
                                                                                            "PostId",
                                                                                            "title",
                                                                                            "score",
                                                                                            "ReputationCategory",
                                                                                            "userid",
                                                                                            "bountyamount"
                                                                                        ],
                                                                                        "Estimated Cardinality": "12744093"
                                                                                    },
                                                                                    "cumulative_cardinality": 29622561,
                                                                                    "operator_type": "PROJECTION",
                                                                                    "operator_cardinality": 0,
                                                                                    "cumulative_rows_scanned": 25096741,
                                                                                    "operator_rows_scanned": 0,
                                                                                    "operator_timing": 0.0,
                                                                                    "result_set_size": 0,
                                                                                    "children": [
                                                                                        {
                                                                                            "operator_name": "PROJECTION",
                                                                                            "cpu_time": 2.590259242000001,
                                                                                            "extra_info": {
                                                                                                "Projections": [
                                                                                                    "#0",
                                                                                                    "#1",
                                                                                                    "#2",
                                                                                                    "#3",
                                                                                                    "__internal_compress_integral_usmallint(#4, -72)",
                                                                                                    "__internal_compress_string_ubigint(#5)"
                                                                                                ],
                                                                                                "Estimated Cardinality": "12744093"
                                                                                            },
                                                                                            "cumulative_cardinality": 29622561,
                                                                                            "operator_type": "PROJECTION",
                                                                                            "operator_cardinality": 0,
                                                                                            "cumulative_rows_scanned": 25096741,
                                                                                            "operator_rows_scanned": 0,
                                                                                            "operator_timing": 0.0,
                                                                                            "result_set_size": 0,
                                                                                            "children": [
                                                                                                {
                                                                                                    "operator_name": "HASH_JOIN",
                                                                                                    "cpu_time": 2.590259242000001,
                                                                                                    "extra_info": {
                                                                                                        "Join Type": "RIGHT",
                                                                                                        "Conditions": "postid = PostId",
                                                                                                        "Estimated Cardinality": "12744093"
                                                                                                    },
                                                                                                    "cumulative_cardinality": 29622561,
                                                                                                    "operator_type": "HASH_JOIN",
                                                                                                    "operator_cardinality": 0,
                                                                                                    "cumulative_rows_scanned": 25096741,
                                                                                                    "operator_rows_scanned": 0,
                                                                                                    "operator_timing": 0.0000112,
                                                                                                    "result_set_size": 0,
                                                                                                    "children": [
                                                                                                        {
                                                                                                            "operator_name": "READ_PARQUET ",
                                                                                                            "cpu_time": 0.001751602,
                                                                                                            "extra_info": {
                                                                                                                "Function": "READ_PARQUET",
                                                                                                                "Projections": [
                                                                                                                    "postid",
                                                                                                                    "userid",
                                                                                                                    "bountyamount"
                                                                                                                ],
                                                                                                                "Estimated Cardinality": "12744093"
                                                                                                            },
                                                                                                            "cumulative_cardinality": 2048,
                                                                                                            "operator_type": "TABLE_SCAN",
                                                                                                            "operator_cardinality": 2048,
                                                                                                            "cumulative_rows_scanned": 12744093,
                                                                                                            "operator_rows_scanned": 12744093,
                                                                                                            "operator_timing": 0.001751602,
                                                                                                            "result_set_size": 24576,
                                                                                                            "children": []
                                                                                                        },
                                                                                                        {
                                                                                                            "operator_name": "PROJECTION",
                                                                                                            "cpu_time": 2.588496440000001,
                                                                                                            "extra_info": {
                                                                                                                "Projections": [
                                                                                                                    "PostId",
                                                                                                                    "title",
                                                                                                                    "score",
                                                                                                                    "ReputationCategory"
                                                                                                                ],
                                                                                                                "Estimated Cardinality": "770023"
                                                                                                            },
                                                                                                            "cumulative_cardinality": 29620513,
                                                                                                            "operator_type": "PROJECTION",
                                                                                                            "operator_cardinality": 0,
                                                                                                            "cumulative_rows_scanned": 12352648,
                                                                                                            "operator_rows_scanned": 0,
                                                                                                            "operator_timing": 0.0,
                                                                                                            "result_set_size": 0,
                                                                                                            "children": [
                                                                                                                {
                                                                                                                    "operator_name": "HASH_JOIN",
                                                                                                                    "cpu_time": 2.588496440000001,
                                                                                                                    "extra_info": {
                                                                                                                        "Join Type": "INNER",
                                                                                                                        "Conditions": "UserId = owneruserid",
                                                                                                                        "Estimated Cardinality": "770023"
                                                                                                                    },
                                                                                                                    "cumulative_cardinality": 29620513,
                                                                                                                    "operator_type": "HASH_JOIN",
                                                                                                                    "operator_cardinality": 0,
                                                                                                                    "cumulative_rows_scanned": 12352648,
                                                                                                                    "operator_rows_scanned": 0,
                                                                                                                    "operator_timing": 0.000009607,
                                                                                                                    "result_set_size": 0,
                                                                                                                    "children": [
                                                                                                                        {
                                                                                                                            "operator_name": "PROJECTION",
                                                                                                                            "cpu_time": 0.002740349,
                                                                                                                            "extra_info": {
                                                                                                                                "Projections": [
                                                                                                                                    "UserId",
                                                                                                                                    "ReputationCategory"
                                                                                                                                ],
                                                                                                                                "Estimated Cardinality": "1260710"
                                                                                                                            },
                                                                                                                            "cumulative_cardinality": 4096,
                                                                                                                            "operator_type": "PROJECTION",
                                                                                                                            "operator_cardinality": 2048,
                                                                                                                            "cumulative_rows_scanned": 1260710,
                                                                                                                            "operator_rows_scanned": 0,
                                                                                                                            "operator_timing": 0.000053229,
                                                                                                                            "result_set_size": 40960,
                                                                                                                            "children": [
                                                                                                                                {
                                                                                                                                    "operator_name": "READ_PARQUET ",
                                                                                                                                    "cpu_time": 0.00268712,
                                                                                                                                    "extra_info": {
                                                                                                                                        "Function": "READ_PARQUET",
                                                                                                                                        "Projections": [
                                                                                                                                            "id",
                                                                                                                                            "reputation"
                                                                                                                                        ],
                                                                                                                                        "Filters": "id<=1416539",
                                                                                                                                        "Estimated Cardinality": "1260710"
                                                                                                                                    },
                                                                                                                                    "cumulative_cardinality": 2048,
                                                                                                                                    "operator_type": "TABLE_SCAN",
                                                                                                                                    "operator_cardinality": 2048,
                                                                                                                                    "cumulative_rows_scanned": 1260710,
                                                                                                                                    "operator_rows_scanned": 1260710,
                                                                                                                                    "operator_timing": 0.00268712,
                                                                                                                                    "result_set_size": 16384,
                                                                                                                                    "children": []
                                                                                                                                }
                                                                                                                            ]
                                                                                                                        },
                                                                                                                        {
                                                                                                                            "operator_name": "PROJECTION",
                                                                                                                            "cpu_time": 2.585746484000001,
                                                                                                                            "extra_info": {
                                                                                                                                "Projections": [
                                                                                                                                    "#0",
                                                                                                                                    "#1",
                                                                                                                                    "#2",
                                                                                                                                    "#4"
                                                                                                                                ],
                                                                                                                                "Estimated Cardinality": "770023"
                                                                                                                            },
                                                                                                                            "cumulative_cardinality": 29616417,
                                                                                                                            "operator_type": "PROJECTION",
                                                                                                                            "operator_cardinality": 0,
                                                                                                                            "cumulative_rows_scanned": 11091938,
                                                                                                                            "operator_rows_scanned": 0,
                                                                                                                            "operator_timing": 0.0,
                                                                                                                            "result_set_size": 0,
                                                                                                                            "children": [
                                                                                                                                {
                                                                                                                                    "operator_name": "FILTER",
                                                                                                                                    "cpu_time": 2.585746484000001,
                                                                                                                                    "extra_info": {
                                                                                                                                        "Expression": "(CAST(creationdate AS TIMESTAMP WITH TIME ZONE) >= '2025-10-03 12:56:50.828+00'::TIMESTAMP WITH TIME ZONE)",
                                                                                                                                        "Estimated Cardinality": "770023"
                                                                                                                                    },
                                                                                                                                    "cumulative_cardinality": 29616417,
                                                                                                                                    "operator_type": "FILTER",
                                                                                                                                    "operator_cardinality": 0,
                                                                                                                                    "cumulative_rows_scanned": 11091938,
                                                                                                                                    "operator_rows_scanned": 0,
                                                                                                                                    "operator_timing": 0.4715798160000002,
                                                                                                                                    "result_set_size": 0,
                                                                                                                                    "children": [
                                                                                                                                        {
                                                                                                                                            "operator_name": "PROJECTION",
                                                                                                                                            "cpu_time": 2.1141666680000006,
                                                                                                                                            "extra_info": {
                                                                                                                                                "Projections": [
                                                                                                                                                    "#0",
                                                                                                                                                    "#1",
                                                                                                                                                    "#2",
                                                                                                                                                    "#3",
                                                                                                                                                    "#4",
                                                                                                                                                    "#5"
                                                                                                                                                ],
                                                                                                                                                "Estimated Cardinality": "3850116"
                                                                                                                                            },
                                                                                                                                            "cumulative_cardinality": 29616417,
                                                                                                                                            "operator_type": "PROJECTION",
                                                                                                                                            "operator_cardinality": 1668164,
                                                                                                                                            "cumulative_rows_scanned": 11091938,
                                                                                                                                            "operator_rows_scanned": 0,
                                                                                                                                            "operator_timing": 0.00024033500000000067,
                                                                                                                                            "result_set_size": 73399216,
                                                                                                                                            "children": [
                                                                                                                                                {
                                                                                                                                                    "operator_name": "WINDOW",
                                                                                                                                                    "cpu_time": 2.1139263330000007,
                                                                                                                                                    "extra_info": {
                                                                                                                                                        "Projections": "RANK() OVER (PARTITION BY owneruserid ORDER BY score DESC NULLS LAST)"
                                                                                                                                                    },
                                                                                                                                                    "cumulative_cardinality": 27948253,
                                                                                                                                                    "operator_type": "WINDOW",
                                                                                                                                                    "operator_cardinality": 1668164,
                                                                                                                                                    "cumulative_rows_scanned": 11091938,
                                                                                                                                                    "operator_rows_scanned": 0,
                                                                                                                                                    "operator_timing": 0.41699802600000013,
                                                                                                                                                    "result_set_size": 73399216,
                                                                                                                                                    "children": [
                                                                                                                                                        {
                                                                                                                                                            "operator_name": "PROJECTION",
                                                                                                                                                            "cpu_time": 1.6969283070000005,
                                                                                                                                                            "extra_info": {
                                                                                                                                                                "Projections": [
                                                                                                                                                                    "#0",
                                                                                                                                                                    "#1",
                                                                                                                                                                    "__internal_decompress_integral_integer(#2, -72)",
                                                                                                                                                                    "#3",
                                                                                                                                                                    "#4"
                                                                                                                                                                ],
                                                                                                                                                                "Estimated Cardinality": "3850116"
                                                                                                                                                            },
                                                                                                                                                            "cumulative_cardinality": 26280089,
                                                                                                                                                            "operator_type": "PROJECTION",
                                                                                                                                                            "operator_cardinality": 1668164,
                                                                                                                                                            "cumulative_rows_scanned": 11091938,
                                                                                                                                                            "operator_rows_scanned": 0,
                                                                                                                                                            "operator_timing": 0.000638527,
                                                                                                                                                            "result_set_size": 60053904,
                                                                                                                                                            "children": [
                                                                                                                                                                {
                                                                                                                                                                    "operator_name": "HASH_GROUP_BY",
                                                                                                                                                                    "cpu_time": 1.6962897800000005,
                                                                                                                                                                    "extra_info": {
                                                                                                                                                                        "Groups": [
                                                                                                                                                                            "#0",
                                                                                                                                                                            "#1",
                                                                                                                                                                            "#2",
                                                                                                                                                                            "#3",
                                                                                                                                                                            "#4"
                                                                                                                                                                        ],
                                                                                                                                                                        "Aggregates": "",
                                                                                                                                                                        "Estimated Cardinality": "3850116"
                                                                                                                                                                    },
                                                                                                                                                                    "cumulative_cardinality": 24611925,
                                                                                                                                                                    "operator_type": "HASH_GROUP_BY",
                                                                                                                                                                    "operator_cardinality": 1668164,
                                                                                                                                                                    "cumulative_rows_scanned": 11091938,
                                                                                                                                                                    "operator_rows_scanned": 0,
                                                                                                                                                                    "operator_timing": 0.630034192000001,
                                                                                                                                                                    "result_set_size": 56717576,
                                                                                                                                                                    "children": [
                                                                                                                                                                        {
                                                                                                                                                                            "operator_name": "PROJECTION",
                                                                                                                                                                            "cpu_time": 1.0662555879999995,
                                                                                                                                                                            "extra_info": {
                                                                                                                                                                                "Projections": [
                                                                                                                                                                                    "id",
                                                                                                                                                                                    "title",
                                                                                                                                                                                    "score",
                                                                                                                                                                                    "creationdate",
                                                                                                                                                                                    "owneruserid"
                                                                                                                                                                                ],
                                                                                                                                                                                "Estimated Cardinality": "7241822"
                                                                                                                                                                            },
                                                                                                                                                                            "cumulative_cardinality": 22943761,
                                                                                                                                                                            "operator_type": "PROJECTION",
                                                                                                                                                                            "operator_cardinality": 4677925,
                                                                                                                                                                            "cumulative_rows_scanned": 11091938,
                                                                                                                                                                            "operator_rows_scanned": 0,
                                                                                                                                                                            "operator_timing": 0.0012426929999999924,
                                                                                                                                                                            "result_set_size": 159049450,
                                                                                                                                                                            "children": [
                                                                                                                                                                                {
                                                                                                                                                                                    "operator_name": "PROJECTION",
                                                                                                                                                                                    "cpu_time": 1.0650128949999995,
                                                                                                                                                                                    "extra_info": {
                                                                                                                                                                                        "Projections": [
                                                                                                                                                                                            "#0",
                                                                                                                                                                                            "#1",
                                                                                                                                                                                            "#2",
                                                                                                                                                                                            "__internal_compress_integral_usmallint(#3, -72)",
                                                                                                                                                                                            "#4",
                                                                                                                                                                                            "#5"
                                                                                                                                                                                        ],
                                                                                                                                                                                        "Estimated Cardinality": "7241822"
                                                                                                                                                                                    },
                                                                                                                                                                                    "cumulative_cardinality": 18265836,
                                                                                                                                                                                    "operator_type": "PROJECTION",
                                                                                                                                                                                    "operator_cardinality": 4677925,
                                                                                                                                                                                    "cumulative_rows_scanned": 11091938,
                                                                                                                                                                                    "operator_rows_scanned": 0,
                                                                                                                                                                                    "operator_timing": 0.0032293600000000105,
                                                                                                                                                                                    "result_set_size": 177761150,
                                                                                                                                                                                    "children": [
                                                                                                                                                                                        {
                                                                                                                                                                                            "operator_name": "HASH_JOIN",
                                                                                                                                                                                            "cpu_time": 1.0617835349999996,
                                                                                                                                                                                            "extra_info": {
                                                                                                                                                                                                "Join Type": "RIGHT",
                                                                                                                                                                                                "Conditions": "postid = id",
                                                                                                                                                                                                "Estimated Cardinality": "7241822"
                                                                                                                                                                                            },
                                                                                                                                                                                            "cumulative_cardinality": 13587911,
                                                                                                                                                                                            "operator_type": "HASH_JOIN",
                                                                                                                                                                                            "operator_cardinality": 4677925,
                                                                                                                                                                                            "cumulative_rows_scanned": 11091938,
                                                                                                                                                                                            "operator_rows_scanned": 0,
                                                                                                                                                                                            "operator_timing": 0.4663747609999985,
                                                                                                                                                                                            "result_set_size": 187117000,
                                                                                                                                                                                            "children": [
                                                                                                                                                                                                {
                                                                                                                                                                                                    "operator_name": "READ_PARQUET ",
                                                                                                                                                                                                    "cpu_time": 0.0940272419999999,
                                                                                                                                                                                                    "extra_info": {
                                                                                                                                                                                                        "Function": "READ_PARQUET",
                                                                                                                                                                                                        "Projections": "postid",
                                                                                                                                                                                                        "Estimated Cardinality": "7241822"
                                                                                                                                                                                                    },
                                                                                                                                                                                                    "cumulative_cardinality": 7241822,
                                                                                                                                                                                                    "operator_type": "TABLE_SCAN",
                                                                                                                                                                                                    "operator_cardinality": 7241822,
                                                                                                                                                                                                    "cumulative_rows_scanned": 7241822,
                                                                                                                                                                                                    "operator_rows_scanned": 7241822,
                                                                                                                                                                                                    "operator_timing": 0.0940272419999999,
                                                                                                                                                                                                    "result_set_size": 28967288,
                                                                                                                                                                                                    "children": []
                                                                                                                                                                                                },
                                                                                                                                                                                                {
                                                                                                                                                                                                    "operator_name": "READ_PARQUET ",
                                                                                                                                                                                                    "cpu_time": 0.501381532000001,
                                                                                                                                                                                                    "extra_info": {
                                                                                                                                                                                                        "Function": "READ_PARQUET",
                                                                                                                                                                                                        "Projections": [
                                                                                                                                                                                                            "id",
                                                                                                                                                                                                            "creationdate",
                                                                                                                                                                                                            "score",
                                                                                                                                                                                                            "owneruserid",
                                                                                                                                                                                                            "title"
                                                                                                                                                                                                        ],
                                                                                                                                                                                                        "Filters": "posttypeid=1",
                                                                                                                                                                                                        "Estimated Cardinality": "770023"
                                                                                                                                                                                                    },
                                                                                                                                                                                                    "cumulative_cardinality": 1668164,
                                                                                                                                                                                                    "operator_type": "TABLE_SCAN",
                                                                                                                                                                                                    "operator_cardinality": 1668164,
                                                                                                                                                                                                    "cumulative_rows_scanned": 3850116,
                                                                                                                                                                                                    "operator_rows_scanned": 3850116,
                                                                                                                                                                                                    "operator_timing": 0.501381532000001,
                                                                                                                                                                                                    "result_set_size": 60053904,
                                                                                                                                                                                                    "children": []
                                                                                                                                                                                                }
                                                                                                                                                                                            ]
                                                                                                                                                                                        }
                                                                                                                                                                                    ]
                                                                                                                                                                                }
                                                                                                                                                                            ]
                                                                                                                                                                        }
                                                                                                                                                                    ]
                                                                                                                                                                }
                                                                                                                                                            ]
                                                                                                                                                        }
                                                                                                                                                    ]
                                                                                                                                                }
                                                                                                                                            ]
                                                                                                                                        }
                                                                                                                                    ]
                                                                                                                                }
                                                                                                                            ]
                                                                                                                        }
                                                                                                                    ]
                                                                                                                }
                                                                                                            ]
                                                                                                        }
                                                                                                    ]
                                                                                                }
                                                                                            ]
                                                                                        }
                                                                                    ]
                                                                                }
                                                                            ]
                                                                        }
                                                                    ]
                                                                }
                                                            ]
                                                        }
                                                    ]
                                                },
                                                {
                                                    "operator_name": "HASH_JOIN",
                                                    "cpu_time": 0.0017875999999999999,
                                                    "extra_info": {
                                                        "Join Type": "SINGLE",
                                                        "Conditions": "PostId IS NOT DISTINCT FROM PostId",
                                                        "Estimated Cardinality": "770023"
                                                    },
                                                    "cumulative_cardinality": 1973,
                                                    "operator_type": "HASH_JOIN",
                                                    "operator_cardinality": 0,
                                                    "cumulative_rows_scanned": 12744093,
                                                    "operator_rows_scanned": 0,
                                                    "operator_timing": 0.000001072,
                                                    "result_set_size": 0,
                                                    "children": [
                                                        {
                                                            "operator_name": "COLUMN_DATA_SCAN",
                                                            "cpu_time": 8.02e-7,
                                                            "extra_info": {
                                                                "Estimated Cardinality": "770023"
                                                            },
                                                            "cumulative_cardinality": 0,
                                                            "operator_type": "COLUMN_DATA_SCAN",
                                                            "operator_cardinality": 0,
                                                            "cumulative_rows_scanned": 0,
                                                            "operator_rows_scanned": 0,
                                                            "operator_timing": 8.02e-7,
                                                            "result_set_size": 0,
                                                            "children": []
                                                        },
                                                        {
                                                            "operator_name": "PROJECTION",
                                                            "cpu_time": 0.0017857259999999998,
                                                            "extra_info": {
                                                                "Projections": [
                                                                    "CASE  WHEN ((count_star() IS NULL)) THEN (0) ELSE count_star() END",
                                                                    "PostId"
                                                                ],
                                                                "Estimated Cardinality": "385011"
                                                            },
                                                            "cumulative_cardinality": 1973,
                                                            "operator_type": "PROJECTION",
                                                            "operator_cardinality": 0,
                                                            "cumulative_rows_scanned": 12744093,
                                                            "operator_rows_scanned": 0,
                                                            "operator_timing": 0.0,
                                                            "result_set_size": 0,
                                                            "children": [
                                                                {
                                                                    "operator_name": "HASH_JOIN",
                                                                    "cpu_time": 0.0017857259999999998,
                                                                    "extra_info": {
                                                                        "Join Type": "LEFT",
                                                                        "Conditions": "PostId IS NOT DISTINCT FROM #0",
                                                                        "Estimated Cardinality": "385011"
                                                                    },
                                                                    "cumulative_cardinality": 1973,
                                                                    "operator_type": "HASH_JOIN",
                                                                    "operator_cardinality": 0,
                                                                    "cumulative_rows_scanned": 12744093,
                                                                    "operator_rows_scanned": 0,
                                                                    "operator_timing": 0.000001173,
                                                                    "result_set_size": 0,
                                                                    "children": [
                                                                        {
                                                                            "operator_name": "DELIM_SCAN",
                                                                            "cpu_time": 0.0,
                                                                            "extra_info": {
                                                                                "Delim Index": "1",
                                                                                "Estimated Cardinality": "385011"
                                                                            },
                                                                            "cumulative_cardinality": 0,
                                                                            "operator_type": "DELIM_SCAN",
                                                                            "operator_cardinality": 0,
                                                                            "cumulative_rows_scanned": 0,
                                                                            "operator_rows_scanned": 0,
                                                                            "operator_timing": 0.0,
                                                                            "result_set_size": 0,
                                                                            "children": []
                                                                        },
                                                                        {
                                                                            "operator_name": "HASH_GROUP_BY",
                                                                            "cpu_time": 0.001784553,
                                                                            "extra_info": {
                                                                                "Groups": "#0",
                                                                                "Aggregates": "count_star()",
                                                                                "Estimated Cardinality": "127440"
                                                                            },
                                                                            "cumulative_cardinality": 1973,
                                                                            "operator_type": "HASH_GROUP_BY",
                                                                            "operator_cardinality": 0,
                                                                            "cumulative_rows_scanned": 12744093,
                                                                            "operator_rows_scanned": 0,
                                                                            "operator_timing": 4.31e-7,
                                                                            "result_set_size": 0,
                                                                            "children": [
                                                                                {
                                                                                    "operator_name": "PROJECTION",
                                                                                    "cpu_time": 0.001784122,
                                                                                    "extra_info": {
                                                                                        "Projections": "PostId",
                                                                                        "Estimated Cardinality": "254881"
                                                                                    },
                                                                                    "cumulative_cardinality": 1973,
                                                                                    "operator_type": "PROJECTION",
                                                                                    "operator_cardinality": 0,
                                                                                    "cumulative_rows_scanned": 12744093,
                                                                                    "operator_rows_scanned": 0,
                                                                                    "operator_timing": 0.0,
                                                                                    "result_set_size": 0,
                                                                                    "children": [
                                                                                        {
                                                                                            "operator_name": "PROJECTION",
                                                                                            "cpu_time": 0.001784122,
                                                                                            "extra_info": {
                                                                                                "Projections": "PostId",
                                                                                                "Estimated Cardinality": "254881"
                                                                                            },
                                                                                            "cumulative_cardinality": 1973,
                                                                                            "operator_type": "PROJECTION",
                                                                                            "operator_cardinality": 0,
                                                                                            "cumulative_rows_scanned": 12744093,
                                                                                            "operator_rows_scanned": 0,
                                                                                            "operator_timing": 0.0,
                                                                                            "result_set_size": 0,
                                                                                            "children": [
                                                                                                {
                                                                                                    "operator_name": "HASH_JOIN",
                                                                                                    "cpu_time": 0.001784122,
                                                                                                    "extra_info": {
                                                                                                        "Join Type": "INNER",
                                                                                                        "Conditions": "postid = PostId",
                                                                                                        "Estimated Cardinality": "254881"
                                                                                                    },
                                                                                                    "cumulative_cardinality": 1973,
                                                                                                    "operator_type": "HASH_JOIN",
                                                                                                    "operator_cardinality": 0,
                                                                                                    "cumulative_rows_scanned": 12744093,
                                                                                                    "operator_rows_scanned": 0,
                                                                                                    "operator_timing": 0.0000072829999999999996,
                                                                                                    "result_set_size": 0,
                                                                                                    "children": [
                                                                                                        {
                                                                                                            "operator_name": "READ_PARQUET ",
                                                                                                            "cpu_time": 0.001776839,
                                                                                                            "extra_info": {
                                                                                                                "Function": "READ_PARQUET",
                                                                                                                "Projections": "postid",
                                                                                                                "Filters": "votetypeid>=2 AND votetypeid<=3",
                                                                                                                "Estimated Cardinality": "2548818"
                                                                                                            },
                                                                                                            "cumulative_cardinality": 1973,
                                                                                                            "operator_type": "TABLE_SCAN",
                                                                                                            "operator_cardinality": 1973,
                                                                                                            "cumulative_rows_scanned": 12744093,
                                                                                                            "operator_rows_scanned": 12744093,
                                                                                                            "operator_timing": 0.001776839,
                                                                                                            "result_set_size": 7892,
                                                                                                            "children": []
                                                                                                        },
                                                                                                        {
                                                                                                            "operator_name": "DELIM_SCAN",
                                                                                                            "cpu_time": 0.0,
                                                                                                            "extra_info": {
                                                                                                                "Delim Index": "1",
                                                                                                                "Estimated Cardinality": "385011"
                                                                                                            },
                                                                                                            "cumulative_cardinality": 0,
                                                                                                            "operator_type": "DELIM_SCAN",
                                                                                                            "operator_cardinality": 0,
                                                                                                            "cumulative_rows_scanned": 0,
                                                                                                            "operator_rows_scanned": 0,
                                                                                                            "operator_timing": 0.0,
                                                                                                            "result_set_size": 0,
                                                                                                            "children": []
                                                                                                        }
                                                                                                    ]
                                                                                                }
                                                                                            ]
                                                                                        }
                                                                                    ]
                                                                                }
                                                                            ]
                                                                        }
                                                                    ]
                                                                }
                                                            ]
                                                        }
                                                    ]
                                                },
                                                {
                                                    "operator_name": "HASH_GROUP_BY",
                                                    "cpu_time": 5.82e-7,
                                                    "extra_info": {
                                                        "Groups": "#0",
                                                        "Aggregates": "",
                                                        "Estimated Cardinality": "770023"
                                                    },
                                                    "cumulative_cardinality": 0,
                                                    "operator_type": "HASH_GROUP_BY",
                                                    "operator_cardinality": 0,
                                                    "cumulative_rows_scanned": 0,
                                                    "operator_rows_scanned": 0,
                                                    "operator_timing": 5.82e-7,
                                                    "result_set_size": 0,
                                                    "children": []
                                                }
                                            ]
                                        }
                                    ]
                                }
                            ]
                        }
                    ]
                }
            ]
        }
    ]
}