{
    "rows_returned": 10,
    "query_name": "\nWITH UserPostStats AS (\n    SELECT\n        U.Id AS UserId,\n        U.DisplayName,\n        COUNT(P.Id) AS TotalPosts,\n        COALESCE(SUM(CASE WHEN P.PostTypeId = 2 THEN 1 ELSE 0 END), 0) AS TotalAnswers,\n        COALESCE(SUM(CASE WHEN P.PostTypeId = 1 THEN 1 ELSE 0 END), 0) AS TotalQuestions,\n        COALESCE(SUM(CASE WHEN P.Score > 0 THEN 1 ELSE 0 END), 0) AS PositiveScorePosts,\n        COALESCE(AVG(P.Score), 0) AS AverageScore\n    FROM Users U\n    LEFT JOIN Posts P ON U.Id = P.OwnerUserId\n    GROUP BY U.Id, U.DisplayName\n),\nTopUsers AS (\n    SELECT\n        UserId,\n        DisplayName,\n        TotalPosts,\n        TotalAnswers,\n        TotalQuestions,\n        PositiveScorePosts,\n        AverageScore,\n        RANK() OVER (ORDER BY TotalPosts DESC) AS PostRank\n    FROM UserPostStats\n    WHERE TotalPosts > 0\n),\nHighScoringUsers AS (\n    SELECT \n        T.DisplayName,\n        T.TotalQuestions,\n        T.TotalAnswers,\n        T.PositiveScorePosts,\n        T.AverageScore,\n        COUNT(CASE WHEN B.Name = 'Gold' THEN 1 END) AS GoldBadges,\n        COUNT(CASE WHEN B.Name = 'Silver' THEN 1 END) AS SilverBadges,\n        COUNT(CASE WHEN B.Name = 'Bronze' THEN 1 END) AS BronzeBadges\n    FROM TopUsers T\n    LEFT JOIN Badges B ON T.UserId = B.UserId\n    WHERE T.AverageScore > 10\n    GROUP BY T.DisplayName, T.TotalQuestions, T.TotalAnswers, T.PositiveScorePosts, T.AverageScore\n)\nSELECT \n    H.DisplayName,\n    H.TotalQuestions,\n    H.TotalAnswers,\n    H.PositiveScorePosts,\n    H.AverageScore,\n    COALESCE(H.GoldBadges, 0) AS GoldBadges,\n    COALESCE(H.SilverBadges, 0) AS SilverBadges,\n    COALESCE(H.BronzeBadges, 0) AS BronzeBadges\nFROM HighScoringUsers H\nWHERE H.TotalQuestions > 5\nORDER BY H.AverageScore DESC, H.PositiveScorePosts DESC\nFETCH FIRST 10 ROWS ONLY;\n",
    "blocked_thread_time": 0.0,
    "cpu_time": 1.6334823149999995,
    "extra_info": {},
    "cumulative_cardinality": 18822350,
    "cumulative_rows_scanned": 7432550,
    "result_set_size": 960,
    "latency": 1.765424576,
    "children": [
        {
            "operator_name": "STREAMING_LIMIT",
            "cpu_time": 1.6334823149999995,
            "extra_info": {},
            "cumulative_cardinality": 18822350,
            "operator_type": "STREAMING_LIMIT",
            "operator_cardinality": 10,
            "cumulative_rows_scanned": 7432550,
            "operator_rows_scanned": 0,
            "operator_timing": 9.92e-7,
            "result_set_size": 960,
            "children": [
                {
                    "operator_name": "ORDER_BY",
                    "cpu_time": 1.6334813229999996,
                    "extra_info": {
                        "Order By": [
                            "H.AverageScore DESC",
                            "H.PositiveScorePosts DESC"
                        ]
                    },
                    "cumulative_cardinality": 18822340,
                    "operator_type": "ORDER_BY",
                    "operator_cardinality": 284,
                    "cumulative_rows_scanned": 7432550,
                    "operator_rows_scanned": 0,
                    "operator_timing": 0.000050775,
                    "result_set_size": 27264,
                    "children": [
                        {
                            "operator_name": "PROJECTION",
                            "cpu_time": 1.6334305479999995,
                            "extra_info": {
                                "Projections": [
                                    "displayname",
                                    "TotalQuestions",
                                    "TotalAnswers",
                                    "PositiveScorePosts",
                                    "AverageScore",
                                    "GoldBadges",
                                    "SilverBadges",
                                    "BronzeBadges"
                                ],
                                "Estimated Cardinality": "1260710"
                            },
                            "cumulative_cardinality": 18822056,
                            "operator_type": "PROJECTION",
                            "operator_cardinality": 284,
                            "cumulative_rows_scanned": 7432550,
                            "operator_rows_scanned": 0,
                            "operator_timing": 0.000024606,
                            "result_set_size": 27264,
                            "children": [
                                {
                                    "operator_name": "HASH_GROUP_BY",
                                    "cpu_time": 1.6334059419999996,
                                    "extra_info": {
                                        "Groups": [
                                            "#0",
                                            "#1",
                                            "#2",
                                            "#3",
                                            "#4"
                                        ],
                                        "Aggregates": [
                                            "count(#5)",
                                            "count(#6)",
                                            "count(#7)"
                                        ],
                                        "Estimated Cardinality": "1260710"
                                    },
                                    "cumulative_cardinality": 18821772,
                                    "operator_type": "HASH_GROUP_BY",
                                    "operator_cardinality": 284,
                                    "cumulative_rows_scanned": 7432550,
                                    "operator_rows_scanned": 0,
                                    "operator_timing": 0.0015448700000000003,
                                    "result_set_size": 27264,
                                    "children": [
                                        {
                                            "operator_name": "PROJECTION",
                                            "cpu_time": 1.6318610719999995,
                                            "extra_info": {
                                                "Projections": [
                                                    "displayname",
                                                    "TotalQuestions",
                                                    "TotalAnswers",
                                                    "PositiveScorePosts",
                                                    "AverageScore",
                                                    "CASE  WHEN ((name = 'Gold')) THEN (1) ELSE NULL END",
                                                    "CASE  WHEN ((name = 'Silver')) THEN (1) ELSE NULL END",
                                                    "CASE  WHEN ((name = 'Bronze')) THEN (1) ELSE NULL END"
                                                ],
                                                "Estimated Cardinality": "2321724"
                                            },
                                            "cumulative_cardinality": 18821488,
                                            "operator_type": "PROJECTION",
                                            "operator_cardinality": 15236,
                                            "cumulative_rows_scanned": 7432550,
                                            "operator_rows_scanned": 0,
                                            "operator_timing": 0.00020142600000000005,
                                            "result_set_size": 1279824,
                                            "children": [
                                                {
                                                    "operator_name": "HASH_JOIN",
                                                    "cpu_time": 1.6316596459999995,
                                                    "extra_info": {
                                                        "Join Type": "RIGHT",
                                                        "Conditions": "userid = UserId",
                                                        "Estimated Cardinality": "2321724"
                                                    },
                                                    "cumulative_cardinality": 18806252,
                                                    "operator_type": "HASH_JOIN",
                                                    "operator_cardinality": 15236,
                                                    "cumulative_rows_scanned": 7432550,
                                                    "operator_rows_scanned": 0,
                                                    "operator_timing": 0.017283537000000113,
                                                    "result_set_size": 1340768,
                                                    "children": [
                                                        {
                                                            "operator_name": "READ_PARQUET ",
                                                            "cpu_time": 0.039242021000000016,
                                                            "extra_info": {
                                                                "Function": "READ_PARQUET",
                                                                "Projections": [
                                                                    "userid",
                                                                    "name"
                                                                ],
                                                                "Estimated Cardinality": "2321724"
                                                            },
                                                            "cumulative_cardinality": 1948098,
                                                            "operator_type": "TABLE_SCAN",
                                                            "operator_cardinality": 1948098,
                                                            "cumulative_rows_scanned": 2321724,
                                                            "operator_rows_scanned": 2321724,
                                                            "operator_timing": 0.039242021000000016,
                                                            "result_set_size": 38961960,
                                                            "children": []
                                                        },
                                                        {
                                                            "operator_name": "PROJECTION",
                                                            "cpu_time": 1.5751340879999993,
                                                            "extra_info": {
                                                                "Projections": [
                                                                    "#0",
                                                                    "#1",
                                                                    "#3",
                                                                    "#4",
                                                                    "#5",
                                                                    "#6"
                                                                ],
                                                                "Estimated Cardinality": "50428"
                                                            },
                                                            "cumulative_cardinality": 16842918,
                                                            "operator_type": "PROJECTION",
                                                            "operator_cardinality": 284,
                                                            "cumulative_rows_scanned": 5110826,
                                                            "operator_rows_scanned": 0,
                                                            "operator_timing": 0.000010838999999999999,
                                                            "result_set_size": 21584,
                                                            "children": [
                                                                {
                                                                    "operator_name": "FILTER",
                                                                    "cpu_time": 1.5751232489999993,
                                                                    "extra_info": {
                                                                        "Expression": "((TotalQuestions > 5) AND (AverageScore > 10.0))",
                                                                        "Estimated Cardinality": "50428"
                                                                    },
                                                                    "cumulative_cardinality": 16842634,
                                                                    "operator_type": "FILTER",
                                                                    "operator_cardinality": 284,
                                                                    "cumulative_rows_scanned": 5110826,
                                                                    "operator_rows_scanned": 0,
                                                                    "operator_timing": 0.0027867020000000007,
                                                                    "result_set_size": 26128,
                                                                    "children": [
                                                                        {
                                                                            "operator_name": "PROJECTION",
                                                                            "cpu_time": 1.5723365469999993,
                                                                            "extra_info": {
                                                                                "Projections": [
                                                                                    "#0",
                                                                                    "#1",
                                                                                    "#2",
                                                                                    "#3",
                                                                                    "#4",
                                                                                    "#5",
                                                                                    "#6",
                                                                                    "#7"
                                                                                ],
                                                                                "Estimated Cardinality": "252142"
                                                                            },
                                                                            "cumulative_cardinality": 16842350,
                                                                            "operator_type": "PROJECTION",
                                                                            "operator_cardinality": 371631,
                                                                            "cumulative_rows_scanned": 5110826,
                                                                            "operator_rows_scanned": 0,
                                                                            "operator_timing": 0.00006995599999999994,
                                                                            "result_set_size": 34190052,
                                                                            "children": [
                                                                                {
                                                                                    "operator_name": "WINDOW",
                                                                                    "cpu_time": 1.5722665909999993,
                                                                                    "extra_info": {
                                                                                        "Projections": "RANK() OVER (ORDER BY TotalPosts DESC NULLS LAST)"
                                                                                    },
                                                                                    "cumulative_cardinality": 16470719,
                                                                                    "operator_type": "WINDOW",
                                                                                    "operator_cardinality": 371631,
                                                                                    "cumulative_rows_scanned": 5110826,
                                                                                    "operator_rows_scanned": 0,
                                                                                    "operator_timing": 0.03047904,
                                                                                    "result_set_size": 34190052,
                                                                                    "children": [
                                                                                        {
                                                                                            "operator_name": "PROJECTION",
                                                                                            "cpu_time": 1.5417875509999994,
                                                                                            "extra_info": {
                                                                                                "Projections": [
                                                                                                    "UserId",
                                                                                                    "displayname",
                                                                                                    "TotalPosts",
                                                                                                    "TotalAnswers",
                                                                                                    "TotalQuestions",
                                                                                                    "PositiveScorePosts",
                                                                                                    "AverageScore"
                                                                                                ],
                                                                                                "Estimated Cardinality": "252142"
                                                                                            },
                                                                                            "cumulative_cardinality": 16099088,
                                                                                            "operator_type": "PROJECTION",
                                                                                            "operator_cardinality": 371631,
                                                                                            "cumulative_rows_scanned": 5110826,
                                                                                            "operator_rows_scanned": 0,
                                                                                            "operator_timing": 0.009373098999999998,
                                                                                            "result_set_size": 31217004,
                                                                                            "children": [
                                                                                                {
                                                                                                    "operator_name": "FILTER",
                                                                                                    "cpu_time": 1.5324144519999994,
                                                                                                    "extra_info": {
                                                                                                        "Expression": "(TotalPosts > 0)",
                                                                                                        "Estimated Cardinality": "252142"
                                                                                                    },
                                                                                                    "cumulative_cardinality": 15727457,
                                                                                                    "operator_type": "FILTER",
                                                                                                    "operator_cardinality": 371631,
                                                                                                    "cumulative_rows_scanned": 5110826,
                                                                                                    "operator_rows_scanned": 0,
                                                                                                    "operator_timing": 0.0021439360000000012,
                                                                                                    "result_set_size": 31217004,
                                                                                                    "children": [
                                                                                                        {
                                                                                                            "operator_name": "HASH_GROUP_BY",
                                                                                                            "cpu_time": 1.5302705159999994,
                                                                                                            "extra_info": {
                                                                                                                "Groups": [
                                                                                                                    "#0",
                                                                                                                    "#1"
                                                                                                                ],
                                                                                                                "Aggregates": [
                                                                                                                    "count(#2)",
                                                                                                                    "sum(#3)",
                                                                                                                    "sum(#4)",
                                                                                                                    "sum(#5)",
                                                                                                                    "avg(#6)"
                                                                                                                ],
                                                                                                                "Estimated Cardinality": "1260710"
                                                                                                            },
                                                                                                            "cumulative_cardinality": 15355826,
                                                                                                            "operator_type": "HASH_GROUP_BY",
                                                                                                            "operator_cardinality": 1260710,
                                                                                                            "cumulative_rows_scanned": 5110826,
                                                                                                            "operator_rows_scanned": 0,
                                                                                                            "operator_timing": 0.7915437309999993,
                                                                                                            "result_set_size": 105899640,
                                                                                                            "children": [
                                                                                                                {
                                                                                                                    "operator_name": "PROJECTION",
                                                                                                                    "cpu_time": 0.738726785,
                                                                                                                    "extra_info": {
                                                                                                                        "Projections": [
                                                                                                                            "id",
                                                                                                                            "displayname",
                                                                                                                            "id",
                                                                                                                            "CASE  WHEN ((posttypeid = 2)) THEN (1) ELSE 0 END",
                                                                                                                            "CASE  WHEN ((posttypeid = 1)) THEN (1) ELSE 0 END",
                                                                                                                            "CASE  WHEN ((score > 0)) THEN (1) ELSE 0 END",
                                                                                                                            "score"
                                                                                                                        ],
                                                                                                                        "Estimated Cardinality": "3850116"
                                                                                                                    },
                                                                                                                    "cumulative_cardinality": 14095116,
                                                                                                                    "operator_type": "PROJECTION",
                                                                                                                    "operator_cardinality": 4574495,
                                                                                                                    "cumulative_rows_scanned": 5110826,
                                                                                                                    "operator_rows_scanned": 0,
                                                                                                                    "operator_timing": 0.10144641799999997,
                                                                                                                    "result_set_size": 182979800,
                                                                                                                    "children": [
                                                                                                                        {
                                                                                                                            "operator_name": "HASH_JOIN",
                                                                                                                            "cpu_time": 0.637280367,
                                                                                                                            "extra_info": {
                                                                                                                                "Join Type": "RIGHT",
                                                                                                                                "Conditions": "owneruserid = id",
                                                                                                                                "Estimated Cardinality": "3850116"
                                                                                                                            },
                                                                                                                            "cumulative_cardinality": 9520621,
                                                                                                                            "operator_type": "HASH_JOIN",
                                                                                                                            "operator_cardinality": 4574495,
                                                                                                                            "cumulative_rows_scanned": 5110826,
                                                                                                                            "operator_rows_scanned": 0,
                                                                                                                            "operator_timing": 0.3309414829999999,
                                                                                                                            "result_set_size": 137234850,
                                                                                                                            "children": [
                                                                                                                                {
                                                                                                                                    "operator_name": "READ_PARQUET ",
                                                                                                                                    "cpu_time": 0.19166768800000009,
                                                                                                                                    "extra_info": {
                                                                                                                                        "Function": "READ_PARQUET",
                                                                                                                                        "Projections": [
                                                                                                                                            "id",
                                                                                                                                            "posttypeid",
                                                                                                                                            "score",
                                                                                                                                            "owneruserid"
                                                                                                                                        ],
                                                                                                                                        "Estimated Cardinality": "3850116"
                                                                                                                                    },
                                                                                                                                    "cumulative_cardinality": 3685416,
                                                                                                                                    "operator_type": "TABLE_SCAN",
                                                                                                                                    "operator_cardinality": 3685416,
                                                                                                                                    "cumulative_rows_scanned": 3850116,
                                                                                                                                    "operator_rows_scanned": 3850116,
                                                                                                                                    "operator_timing": 0.19166768800000009,
                                                                                                                                    "result_set_size": 51595824,
                                                                                                                                    "children": []
                                                                                                                                },
                                                                                                                                {
                                                                                                                                    "operator_name": "READ_PARQUET ",
                                                                                                                                    "cpu_time": 0.11467119599999998,
                                                                                                                                    "extra_info": {
                                                                                                                                        "Function": "READ_PARQUET",
                                                                                                                                        "Projections": [
                                                                                                                                            "id",
                                                                                                                                            "displayname"
                                                                                                                                        ],
                                                                                                                                        "Estimated Cardinality": "1260710"
                                                                                                                                    },
                                                                                                                                    "cumulative_cardinality": 1260710,
                                                                                                                                    "operator_type": "TABLE_SCAN",
                                                                                                                                    "operator_cardinality": 1260710,
                                                                                                                                    "cumulative_rows_scanned": 1260710,
                                                                                                                                    "operator_rows_scanned": 1260710,
                                                                                                                                    "operator_timing": 0.11467119599999998,
                                                                                                                                    "result_set_size": 25214200,
                                                                                                                                    "children": []
                                                                                                                                }
                                                                                                                            ]
                                                                                                                        }
                                                                                                                    ]
                                                                                                                }
                                                                                                            ]
                                                                                                        }
                                                                                                    ]
                                                                                                }
                                                                                            ]
                                                                                        }
                                                                                    ]
                                                                                }
                                                                            ]
                                                                        }
                                                                    ]
                                                                }
                                                            ]
                                                        }
                                                    ]
                                                }
                                            ]
                                        }
                                    ]
                                }
                            ]
                        }
                    ]
                }
            ]
        }
    ]
}