{
    "rows_returned": 50,
    "query_name": "\nWITH RankedPosts AS (\n    SELECT \n        p.Id AS PostId,\n        p.Title,\n        p.CreationDate,\n        p.Score,\n        p.ViewCount,\n        COUNT(c.Id) AS CommentCount,\n        ROW_NUMBER() OVER (PARTITION BY p.Id ORDER BY p.CreationDate DESC) AS rn\n    FROM \n        Posts p\n    LEFT JOIN \n        Comments c ON p.Id = c.PostId\n    GROUP BY \n        p.Id, p.Title, p.CreationDate, p.Score, p.ViewCount\n),\nUserReputation AS (\n    SELECT \n        u.Id AS UserId,\n        u.Reputation,\n        COUNT(b.Id) AS BadgeCount,\n        AVG(v.BountyAmount) AS AvgBounty\n    FROM \n        Users u\n    LEFT JOIN \n        Badges b ON u.Id = b.UserId\n    LEFT JOIN \n        Votes v ON u.Id = v.UserId\n    GROUP BY \n        u.Id, u.Reputation\n),\nClosedPosts AS (\n    SELECT \n        ph.PostId,\n        ph.CreationDate,\n        STRING_AGG(ct.Name, ', ') AS CloseReasons\n    FROM \n        PostHistory ph\n    JOIN \n        CloseReasonTypes ct ON CAST(ph.Comment AS integer) = ct.Id\n    WHERE \n        ph.PostHistoryTypeId = 10 \n    GROUP BY \n        ph.PostId, ph.CreationDate\n),\nHighScorePosts AS (\n    SELECT \n        rp.PostId,\n        rp.Title,\n        rp.CreationDate,\n        rp.Score,\n        rp.ViewCount,\n        rp.CommentCount,\n        COALESCE(cp.CloseReasons, 'No Close Reason') AS CloseReason\n    FROM \n        RankedPosts rp\n    LEFT JOIN \n        ClosedPosts cp ON rp.PostId = cp.PostId\n    WHERE \n        rp.Score > (SELECT AVG(Score) FROM Posts)\n)\nSELECT \n    hsp.PostId,\n    hsp.Title,\n    hsp.CreationDate,\n    hsp.Score,\n    hsp.ViewCount,\n    hsp.CommentCount,\n    hsp.CloseReason,\n    ur.UserId,\n    ur.Reputation,\n    ur.BadgeCount,\n    ur.AvgBounty\nFROM \n    HighScorePosts hsp\nJOIN \n    Users u ON hsp.PostId = u.Id\nJOIN \n    UserReputation ur ON u.Id = ur.UserId\nORDER BY \n    hsp.Score DESC, \n    ur.Reputation DESC\nLIMIT 50;\n",
    "blocked_thread_time": 0.0,
    "cpu_time": 8.814988146999985,
    "extra_info": {},
    "cumulative_cardinality": 79175714,
    "cumulative_rows_scanned": 44324547,
    "result_set_size": 4200,
    "latency": 9.464311548,
    "children": [
        {
            "operator_name": "STREAMING_LIMIT",
            "cpu_time": 8.814988146999985,
            "extra_info": {},
            "cumulative_cardinality": 79175714,
            "operator_type": "STREAMING_LIMIT",
            "operator_cardinality": 50,
            "cumulative_rows_scanned": 44324547,
            "operator_rows_scanned": 0,
            "operator_timing": 0.000001533,
            "result_set_size": 4200,
            "children": [
                {
                    "operator_name": "PROJECTION",
                    "cpu_time": 8.814986613999984,
                    "extra_info": {
                        "Projections": [
                            "#0",
                            "#1",
                            "#2",
                            "__internal_decompress_integral_integer(#3, -72)",
                            "#4",
                            "#5",
                            "#6",
                            "#7",
                            "#8",
                            "#9",
                            "#10"
                        ],
                        "Estimated Cardinality": "2"
                    },
                    "cumulative_cardinality": 79175664,
                    "operator_type": "PROJECTION",
                    "operator_cardinality": 4096,
                    "cumulative_rows_scanned": 44324547,
                    "operator_rows_scanned": 0,
                    "operator_timing": 0.000007384,
                    "result_set_size": 344064,
                    "children": [
                        {
                            "operator_name": "ORDER_BY",
                            "cpu_time": 8.814979229999985,
                            "extra_info": {
                                "Order By": [
                                    "hsp.Score DESC",
                                    "ur.Reputation DESC"
                                ]
                            },
                            "cumulative_cardinality": 79171568,
                            "operator_type": "ORDER_BY",
                            "operator_cardinality": 4096,
                            "cumulative_rows_scanned": 44324547,
                            "operator_rows_scanned": 0,
                            "operator_timing": 0.033975517000000004,
                            "result_set_size": 335872,
                            "children": [
                                {
                                    "operator_name": "PROJECTION",
                                    "cpu_time": 8.781003712999985,
                                    "extra_info": {
                                        "Projections": [
                                            "#0",
                                            "#1",
                                            "#2",
                                            "__internal_compress_integral_usmallint(#3, -72)",
                                            "#4",
                                            "#5",
                                            "#6",
                                            "#7",
                                            "#8",
                                            "#9",
                                            "#10"
                                        ],
                                        "Estimated Cardinality": "2"
                                    },
                                    "cumulative_cardinality": 79167472,
                                    "operator_type": "PROJECTION",
                                    "operator_cardinality": 356977,
                                    "cumulative_rows_scanned": 44324547,
                                    "operator_rows_scanned": 0,
                                    "operator_timing": 0.0007018749999999995,
                                    "result_set_size": 29272114,
                                    "children": [
                                        {
                                            "operator_name": "PROJECTION",
                                            "cpu_time": 8.780301837999984,
                                            "extra_info": {
                                                "Projections": [
                                                    "PostId",
                                                    "title",
                                                    "creationdate",
                                                    "score",
                                                    "viewcount",
                                                    "CommentCount",
                                                    "CloseReason",
                                                    "UserId",
                                                    "reputation",
                                                    "BadgeCount",
                                                    "AvgBounty"
                                                ],
                                                "Estimated Cardinality": "2"
                                            },
                                            "cumulative_cardinality": 78810495,
                                            "operator_type": "PROJECTION",
                                            "operator_cardinality": 356977,
                                            "cumulative_rows_scanned": 44324547,
                                            "operator_rows_scanned": 0,
                                            "operator_timing": 0.0003888460000000003,
                                            "result_set_size": 29986068,
                                            "children": [
                                                {
                                                    "operator_name": "HASH_JOIN",
                                                    "cpu_time": 8.779912991999984,
                                                    "extra_info": {
                                                        "Join Type": "INNER",
                                                        "Conditions": "UserId = PostId",
                                                        "Estimated Cardinality": "2"
                                                    },
                                                    "cumulative_cardinality": 78453518,
                                                    "operator_type": "HASH_JOIN",
                                                    "operator_cardinality": 356977,
                                                    "cumulative_rows_scanned": 44324547,
                                                    "operator_rows_scanned": 0,
                                                    "operator_timing": 0.08875713799999992,
                                                    "result_set_size": 28558160,
                                                    "children": [
                                                        {
                                                            "operator_name": "HASH_GROUP_BY",
                                                            "cpu_time": 1.184294018000001,
                                                            "extra_info": {
                                                                "Groups": [
                                                                    "#0",
                                                                    "#1"
                                                                ],
                                                                "Aggregates": [
                                                                    "count(#2)",
                                                                    "avg(#3)"
                                                                ],
                                                                "Estimated Cardinality": "1260710"
                                                            },
                                                            "cumulative_cardinality": 26214812,
                                                            "operator_type": "HASH_GROUP_BY",
                                                            "operator_cardinality": 1260709,
                                                            "cumulative_rows_scanned": 16326527,
                                                            "operator_rows_scanned": 0,
                                                            "operator_timing": 0.36750960600000016,
                                                            "result_set_size": 30257016,
                                                            "children": [
                                                                {
                                                                    "operator_name": "PROJECTION",
                                                                    "cpu_time": 0.8167844120000007,
                                                                    "extra_info": {
                                                                        "Projections": [
                                                                            "id",
                                                                            "reputation",
                                                                            "id",
                                                                            "bountyamount"
                                                                        ],
                                                                        "Estimated Cardinality": "12744093"
                                                                    },
                                                                    "cumulative_cardinality": 24954103,
                                                                    "operator_type": "PROJECTION",
                                                                    "operator_cardinality": 6098159,
                                                                    "cumulative_rows_scanned": 16326527,
                                                                    "operator_rows_scanned": 0,
                                                                    "operator_timing": 0.0016410319999999965,
                                                                    "result_set_size": 97570544,
                                                                    "children": [
                                                                        {
                                                                            "operator_name": "FILTER",
                                                                            "cpu_time": 0.8151433800000008,
                                                                            "extra_info": {
                                                                                "Expression": "(id >= 1)",
                                                                                "Estimated Cardinality": "12744093"
                                                                            },
                                                                            "cumulative_cardinality": 18855944,
                                                                            "operator_type": "FILTER",
                                                                            "operator_cardinality": 6098159,
                                                                            "cumulative_rows_scanned": 16326527,
                                                                            "operator_rows_scanned": 0,
                                                                            "operator_timing": 0.022325691000000026,
                                                                            "result_set_size": 97570544,
                                                                            "children": [
                                                                                {
                                                                                    "operator_name": "HASH_JOIN",
                                                                                    "cpu_time": 0.7928176890000007,
                                                                                    "extra_info": {
                                                                                        "Join Type": "RIGHT",
                                                                                        "Conditions": "userid = id",
                                                                                        "Estimated Cardinality": "12744093"
                                                                                    },
                                                                                    "cumulative_cardinality": 12757785,
                                                                                    "operator_type": "HASH_JOIN",
                                                                                    "operator_cardinality": 6101651,
                                                                                    "cumulative_rows_scanned": 16326527,
                                                                                    "operator_rows_scanned": 0,
                                                                                    "operator_timing": 0.41178265800000013,
                                                                                    "result_set_size": 97626416,
                                                                                    "children": [
                                                                                        {
                                                                                            "operator_name": "READ_PARQUET ",
                                                                                            "cpu_time": 0.1254922150000007,
                                                                                            "extra_info": {
                                                                                                "Function": "READ_PARQUET",
                                                                                                "Projections": [
                                                                                                    "userid",
                                                                                                    "bountyamount"
                                                                                                ],
                                                                                                "Estimated Cardinality": "12744093"
                                                                                            },
                                                                                            "cumulative_cardinality": 40287,
                                                                                            "operator_type": "TABLE_SCAN",
                                                                                            "operator_cardinality": 40287,
                                                                                            "cumulative_rows_scanned": 12744093,
                                                                                            "operator_rows_scanned": 12744093,
                                                                                            "operator_timing": 0.1254922150000007,
                                                                                            "result_set_size": 322296,
                                                                                            "children": []
                                                                                        },
                                                                                        {
                                                                                            "operator_name": "HASH_JOIN",
                                                                                            "cpu_time": 0.2555428159999998,
                                                                                            "extra_info": {
                                                                                                "Join Type": "RIGHT",
                                                                                                "Conditions": "userid = id",
                                                                                                "Estimated Cardinality": "2321724"
                                                                                            },
                                                                                            "cumulative_cardinality": 6615847,
                                                                                            "operator_type": "HASH_JOIN",
                                                                                            "operator_cardinality": 3033413,
                                                                                            "cumulative_rows_scanned": 3582434,
                                                                                            "operator_rows_scanned": 0,
                                                                                            "operator_timing": 0.19785524199999974,
                                                                                            "result_set_size": 36400956,
                                                                                            "children": [
                                                                                                {
                                                                                                    "operator_name": "READ_PARQUET ",
                                                                                                    "cpu_time": 0.043182242000000065,
                                                                                                    "extra_info": {
                                                                                                        "Function": "READ_PARQUET",
                                                                                                        "Projections": [
                                                                                                            "id",
                                                                                                            "userid"
                                                                                                        ],
                                                                                                        "Estimated Cardinality": "2321724"
                                                                                                    },
                                                                                                    "cumulative_cardinality": 2321724,
                                                                                                    "operator_type": "TABLE_SCAN",
                                                                                                    "operator_cardinality": 2321724,
                                                                                                    "cumulative_rows_scanned": 2321724,
                                                                                                    "operator_rows_scanned": 2321724,
                                                                                                    "operator_timing": 0.043182242000000065,
                                                                                                    "result_set_size": 18573792,
                                                                                                    "children": []
                                                                                                },
                                                                                                {
                                                                                                    "operator_name": "READ_PARQUET ",
                                                                                                    "cpu_time": 0.014505332000000001,
                                                                                                    "extra_info": {
                                                                                                        "Function": "READ_PARQUET",
                                                                                                        "Projections": [
                                                                                                            "id",
                                                                                                            "reputation"
                                                                                                        ],
                                                                                                        "Estimated Cardinality": "1260710"
                                                                                                    },
                                                                                                    "cumulative_cardinality": 1260710,
                                                                                                    "operator_type": "TABLE_SCAN",
                                                                                                    "operator_cardinality": 1260710,
                                                                                                    "cumulative_rows_scanned": 1260710,
                                                                                                    "operator_rows_scanned": 1260710,
                                                                                                    "operator_timing": 0.014505332000000001,
                                                                                                    "result_set_size": 10085680,
                                                                                                    "children": []
                                                                                                }
                                                                                            ]
                                                                                        }
                                                                                    ]
                                                                                }
                                                                            ]
                                                                        }
                                                                    ]
                                                                }
                                                            ]
                                                        },
                                                        {
                                                            "operator_name": "HASH_JOIN",
                                                            "cpu_time": 7.506861835999983,
                                                            "extra_info": {
                                                                "Join Type": "INNER",
                                                                "Conditions": "id = PostId",
                                                                "Estimated Cardinality": "2"
                                                            },
                                                            "cumulative_cardinality": 51881729,
                                                            "operator_type": "HASH_JOIN",
                                                            "operator_cardinality": 356977,
                                                            "cumulative_rows_scanned": 27998020,
                                                            "operator_rows_scanned": 0,
                                                            "operator_timing": 0.09400030000000004,
                                                            "result_set_size": 22846528,
                                                            "children": [
                                                                {
                                                                    "operator_name": "READ_PARQUET ",
                                                                    "cpu_time": 0.01822751699999999,
                                                                    "extra_info": {
                                                                        "Function": "READ_PARQUET",
                                                                        "Projections": "id",
                                                                        "Filters": "id>=1",
                                                                        "Estimated Cardinality": "1260710"
                                                                    },
                                                                    "cumulative_cardinality": 1260688,
                                                                    "operator_type": "TABLE_SCAN",
                                                                    "operator_cardinality": 1260688,
                                                                    "cumulative_rows_scanned": 1260710,
                                                                    "operator_rows_scanned": 1260710,
                                                                    "operator_timing": 0.01822751699999999,
                                                                    "result_set_size": 5042752,
                                                                    "children": []
                                                                },
                                                                {
                                                                    "operator_name": "PROJECTION",
                                                                    "cpu_time": 7.394634018999983,
                                                                    "extra_info": {
                                                                        "Projections": [
                                                                            "PostId",
                                                                            "title",
                                                                            "creationdate",
                                                                            "score",
                                                                            "viewcount",
                                                                            "CommentCount",
                                                                            "CloseReason"
                                                                        ],
                                                                        "Estimated Cardinality": "2"
                                                                    },
                                                                    "cumulative_cardinality": 50264064,
                                                                    "operator_type": "PROJECTION",
                                                                    "operator_cardinality": 416308,
                                                                    "cumulative_rows_scanned": 26737310,
                                                                    "operator_rows_scanned": 0,
                                                                    "operator_timing": 0.009017780999999999,
                                                                    "result_set_size": 24978480,
                                                                    "children": [
                                                                        {
                                                                            "operator_name": "NESTED_LOOP_JOIN",
                                                                            "cpu_time": 7.385616237999983,
                                                                            "extra_info": {
                                                                                "Join Type": "INNER",
                                                                                "Conditions": "CAST(score AS DOUBLE) > SUBQUERY",
                                                                                "Estimated Cardinality": "2"
                                                                            },
                                                                            "cumulative_cardinality": 49847756,
                                                                            "operator_type": "NESTED_LOOP_JOIN",
                                                                            "operator_cardinality": 416308,
                                                                            "cumulative_rows_scanned": 26737310,
                                                                            "operator_rows_scanned": 0,
                                                                            "operator_timing": 0.017628866999999968,
                                                                            "result_set_size": 29974176,
                                                                            "children": [
                                                                                {
                                                                                    "operator_name": "HASH_JOIN",
                                                                                    "cpu_time": 7.328136558999983,
                                                                                    "extra_info": {
                                                                                        "Join Type": "LEFT",
                                                                                        "Conditions": "PostId = postid",
                                                                                        "Estimated Cardinality": "3850116"
                                                                                    },
                                                                                    "cumulative_cardinality": 41731212,
                                                                                    "operator_type": "HASH_JOIN",
                                                                                    "operator_cardinality": 1156422,
                                                                                    "cumulative_rows_scanned": 22887194,
                                                                                    "operator_rows_scanned": 0,
                                                                                    "operator_timing": 0.023805065999999993,
                                                                                    "result_set_size": 74011008,
                                                                                    "children": [
                                                                                        {
                                                                                            "operator_name": "PROJECTION",
                                                                                            "cpu_time": 2.6980839250000015,
                                                                                            "extra_info": {
                                                                                                "Projections": [
                                                                                                    "PostId",
                                                                                                    "title",
                                                                                                    "creationdate",
                                                                                                    "score",
                                                                                                    "viewcount",
                                                                                                    "CommentCount"
                                                                                                ],
                                                                                                "Estimated Cardinality": "3850116"
                                                                                            },
                                                                                            "cumulative_cardinality": 40318194,
                                                                                            "operator_type": "PROJECTION",
                                                                                            "operator_cardinality": 1156110,
                                                                                            "cumulative_rows_scanned": 11091938,
                                                                                            "operator_rows_scanned": 0,
                                                                                            "operator_timing": 0.00020141299999999968,
                                                                                            "result_set_size": 50868840,
                                                                                            "children": [
                                                                                                {
                                                                                                    "operator_name": "PROJECTION",
                                                                                                    "cpu_time": 2.6978825120000014,
                                                                                                    "extra_info": {
                                                                                                        "Projections": [
                                                                                                            "#0",
                                                                                                            "#1",
                                                                                                            "#2",
                                                                                                            "#3",
                                                                                                            "#4",
                                                                                                            "#5",
                                                                                                            "#6"
                                                                                                        ],
                                                                                                        "Estimated Cardinality": "3850116"
                                                                                                    },
                                                                                                    "cumulative_cardinality": 39162084,
                                                                                                    "operator_type": "PROJECTION",
                                                                                                    "operator_cardinality": 1156110,
                                                                                                    "cumulative_rows_scanned": 11091938,
                                                                                                    "operator_rows_scanned": 0,
                                                                                                    "operator_timing": 0.00026144099999999974,
                                                                                                    "result_set_size": 60117720,
                                                                                                    "children": [
                                                                                                        {
                                                                                                            "operator_name": "WINDOW",
                                                                                                            "cpu_time": 2.6976210710000013,
                                                                                                            "extra_info": {
                                                                                                                "Projections": "ROW_NUMBER() OVER (PARTITION BY id ORDER BY creationdate DESC NULLS LAST)"
                                                                                                            },
                                                                                                            "cumulative_cardinality": 38005974,
                                                                                                            "operator_type": "WINDOW",
                                                                                                            "operator_cardinality": 1156110,
                                                                                                            "cumulative_rows_scanned": 11091938,
                                                                                                            "operator_rows_scanned": 0,
                                                                                                            "operator_timing": 0.2710757439999999,
                                                                                                            "result_set_size": 60117720,
                                                                                                            "children": [
                                                                                                                {
                                                                                                                    "operator_name": "PROJECTION",
                                                                                                                    "cpu_time": 2.4265453270000013,
                                                                                                                    "extra_info": {
                                                                                                                        "Projections": [
                                                                                                                            "#0",
                                                                                                                            "#1",
                                                                                                                            "#2",
                                                                                                                            "__internal_decompress_integral_integer(#3, -72)",
                                                                                                                            "#4",
                                                                                                                            "#5"
                                                                                                                        ],
                                                                                                                        "Estimated Cardinality": "3850116"
                                                                                                                    },
                                                                                                                    "cumulative_cardinality": 36849864,
                                                                                                                    "operator_type": "PROJECTION",
                                                                                                                    "operator_cardinality": 1156110,
                                                                                                                    "cumulative_rows_scanned": 11091938,
                                                                                                                    "operator_rows_scanned": 0,
                                                                                                                    "operator_timing": 0.0009909060000000006,
                                                                                                                    "result_set_size": 50868840,
                                                                                                                    "children": [
                                                                                                                        {
                                                                                                                            "operator_name": "HASH_GROUP_BY",
                                                                                                                            "cpu_time": 2.425554421000001,
                                                                                                                            "extra_info": {
                                                                                                                                "Groups": [
                                                                                                                                    "#0",
                                                                                                                                    "#1",
                                                                                                                                    "#2",
                                                                                                                                    "#3",
                                                                                                                                    "#4"
                                                                                                                                ],
                                                                                                                                "Aggregates": "count(#5)",
                                                                                                                                "Estimated Cardinality": "3850116"
                                                                                                                            },
                                                                                                                            "cumulative_cardinality": 35693754,
                                                                                                                            "operator_type": "HASH_GROUP_BY",
                                                                                                                            "operator_cardinality": 1156110,
                                                                                                                            "cumulative_rows_scanned": 11091938,
                                                                                                                            "operator_rows_scanned": 0,
                                                                                                                            "operator_timing": 0.45060858099999995,
                                                                                                                            "result_set_size": 48556620,
                                                                                                                            "children": [
                                                                                                                                {
                                                                                                                                    "operator_name": "PROJECTION",
                                                                                                                                    "cpu_time": 1.9749458400000013,
                                                                                                                                    "extra_info": {
                                                                                                                                        "Projections": [
                                                                                                                                            "id",
                                                                                                                                            "title",
                                                                                                                                            "creationdate",
                                                                                                                                            "score",
                                                                                                                                            "viewcount",
                                                                                                                                            "id"
                                                                                                                                        ],
                                                                                                                                        "Estimated Cardinality": "7241822"
                                                                                                                                    },
                                                                                                                                    "cumulative_cardinality": 34537644,
                                                                                                                                    "operator_type": "PROJECTION",
                                                                                                                                    "operator_cardinality": 2666831,
                                                                                                                                    "cumulative_rows_scanned": 11091938,
                                                                                                                                    "operator_rows_scanned": 0,
                                                                                                                                    "operator_timing": 0.0006610159999999977,
                                                                                                                                    "result_set_size": 101339578,
                                                                                                                                    "children": [
                                                                                                                                        {
                                                                                                                                            "operator_name": "PROJECTION",
                                                                                                                                            "cpu_time": 1.9742848240000013,
                                                                                                                                            "extra_info": {
                                                                                                                                                "Projections": [
                                                                                                                                                    "#0",
                                                                                                                                                    "#1",
                                                                                                                                                    "#2",
                                                                                                                                                    "#3",
                                                                                                                                                    "__internal_compress_integral_usmallint(#4, -72)",
                                                                                                                                                    "#5",
                                                                                                                                                    "#6"
                                                                                                                                                ],
                                                                                                                                                "Estimated Cardinality": "7241822"
                                                                                                                                            },
                                                                                                                                            "cumulative_cardinality": 31870813,
                                                                                                                                            "operator_type": "PROJECTION",
                                                                                                                                            "operator_cardinality": 2666831,
                                                                                                                                            "cumulative_rows_scanned": 11091938,
                                                                                                                                            "operator_rows_scanned": 0,
                                                                                                                                            "operator_timing": 0.003279587000000007,
                                                                                                                                            "result_set_size": 112006902,
                                                                                                                                            "children": [
                                                                                                                                                {
                                                                                                                                                    "operator_name": "PROJECTION",
                                                                                                                                                    "cpu_time": 1.9710052370000013,
                                                                                                                                                    "extra_info": {
                                                                                                                                                        "Projections": [
                                                                                                                                                            "#0",
                                                                                                                                                            "#1",
                                                                                                                                                            "#2",
                                                                                                                                                            "#3",
                                                                                                                                                            "__internal_decompress_integral_integer(#4, -72)",
                                                                                                                                                            "#5",
                                                                                                                                                            "#6"
                                                                                                                                                        ],
                                                                                                                                                        "Estimated Cardinality": "7241822"
                                                                                                                                                    },
                                                                                                                                                    "cumulative_cardinality": 29203982,
                                                                                                                                                    "operator_type": "PROJECTION",
                                                                                                                                                    "operator_cardinality": 2666831,
                                                                                                                                                    "cumulative_rows_scanned": 11091938,
                                                                                                                                                    "operator_rows_scanned": 0,
                                                                                                                                                    "operator_timing": 0.0037400550000000012,
                                                                                                                                                    "result_set_size": 117340564,
                                                                                                                                                    "children": [
                                                                                                                                                        {
                                                                                                                                                            "operator_name": "FILTER",
                                                                                                                                                            "cpu_time": 1.9672651820000013,
                                                                                                                                                            "extra_info": {
                                                                                                                                                                "Expression": "(#2 <= 1416570)",
                                                                                                                                                                "Estimated Cardinality": "7241822"
                                                                                                                                                            },
                                                                                                                                                            "cumulative_cardinality": 26537151,
                                                                                                                                                            "operator_type": "FILTER",
                                                                                                                                                            "operator_cardinality": 2666831,
                                                                                                                                                            "cumulative_rows_scanned": 11091938,
                                                                                                                                                            "operator_rows_scanned": 0,
                                                                                                                                                            "operator_timing": 0.047703337,
                                                                                                                                                            "result_set_size": 112006902,
                                                                                                                                                            "children": [
                                                                                                                                                                {
                                                                                                                                                                    "operator_name": "HASH_JOIN",
                                                                                                                                                                    "cpu_time": 1.9195618450000014,
                                                                                                                                                                    "extra_info": {
                                                                                                                                                                        "Join Type": "RIGHT",
                                                                                                                                                                        "Conditions": "postid = id",
                                                                                                                                                                        "Estimated Cardinality": "7241822"
                                                                                                                                                                    },
                                                                                                                                                                    "cumulative_cardinality": 23870320,
                                                                                                                                                                    "operator_type": "HASH_JOIN",
                                                                                                                                                                    "operator_cardinality": 8928266,
                                                                                                                                                                    "cumulative_rows_scanned": 11091938,
                                                                                                                                                                    "operator_rows_scanned": 0,
                                                                                                                                                                    "operator_timing": 0.9735870220000007,
                                                                                                                                                                    "result_set_size": 374987172,
                                                                                                                                                                    "children": [
                                                                                                                                                                        {
                                                                                                                                                                            "operator_name": "READ_PARQUET ",
                                                                                                                                                                            "cpu_time": 0.17125014499999983,
                                                                                                                                                                            "extra_info": {
                                                                                                                                                                                "Function": "READ_PARQUET",
                                                                                                                                                                                "Projections": [
                                                                                                                                                                                    "id",
                                                                                                                                                                                    "postid"
                                                                                                                                                                                ],
                                                                                                                                                                                "Estimated Cardinality": "7241822"
                                                                                                                                                                            },
                                                                                                                                                                            "cumulative_cardinality": 7241822,
                                                                                                                                                                            "operator_type": "TABLE_SCAN",
                                                                                                                                                                            "operator_cardinality": 7241822,
                                                                                                                                                                            "cumulative_rows_scanned": 7241822,
                                                                                                                                                                            "operator_rows_scanned": 7241822,
                                                                                                                                                                            "operator_timing": 0.17125014499999983,
                                                                                                                                                                            "result_set_size": 57934576,
                                                                                                                                                                            "children": []
                                                                                                                                                                        },
                                                                                                                                                                        {
                                                                                                                                                                            "operator_name": "PROJECTION",
                                                                                                                                                                            "cpu_time": 0.7747246780000007,
                                                                                                                                                                            "extra_info": {
                                                                                                                                                                                "Projections": [
                                                                                                                                                                                    "#0",
                                                                                                                                                                                    "#1",
                                                                                                                                                                                    "__internal_compress_integral_usmallint(#2, -72)",
                                                                                                                                                                                    "#3",
                                                                                                                                                                                    "#4"
                                                                                                                                                                                ],
                                                                                                                                                                                "Estimated Cardinality": "3850116"
                                                                                                                                                                            },
                                                                                                                                                                            "cumulative_cardinality": 7700232,
                                                                                                                                                                            "operator_type": "PROJECTION",
                                                                                                                                                                            "operator_cardinality": 3850116,
                                                                                                                                                                            "cumulative_rows_scanned": 3850116,
                                                                                                                                                                            "operator_rows_scanned": 0,
                                                                                                                                                                            "operator_timing": 0.002349379000000001,
                                                                                                                                                                            "result_set_size": 130903944,
                                                                                                                                                                            "children": [
                                                                                                                                                                                {
                                                                                                                                                                                    "operator_name": "READ_PARQUET ",
                                                                                                                                                                                    "cpu_time": 0.7723752990000007,
                                                                                                                                                                                    "extra_info": {
                                                                                                                                                                                        "Function": "READ_PARQUET",
                                                                                                                                                                                        "Projections": [
                                                                                                                                                                                            "id",
                                                                                                                                                                                            "creationdate",
                                                                                                                                                                                            "score",
                                                                                                                                                                                            "viewcount",
                                                                                                                                                                                            "title"
                                                                                                                                                                                        ],
                                                                                                                                                                                        "Estimated Cardinality": "3850116"
                                                                                                                                                                                    },
                                                                                                                                                                                    "cumulative_cardinality": 3850116,
                                                                                                                                                                                    "operator_type": "TABLE_SCAN",
                                                                                                                                                                                    "operator_cardinality": 3850116,
                                                                                                                                                                                    "cumulative_rows_scanned": 3850116,
                                                                                                                                                                                    "operator_rows_scanned": 3850116,
                                                                                                                                                                                    "operator_timing": 0.7723752990000007,
                                                                                                                                                                                    "result_set_size": 138604176,
                                                                                                                                                                                    "children": []
                                                                                                                                                                                }
                                                                                                                                                                            ]
                                                                                                                                                                        }
                                                                                                                                                                    ]
                                                                                                                                                                }
                                                                                                                                                            ]
                                                                                                                                                        }
                                                                                                                                                    ]
                                                                                                                                                }
                                                                                                                                            ]
                                                                                                                                        }
                                                                                                                                    ]
                                                                                                                                }
                                                                                                                            ]
                                                                                                                        }
                                                                                                                    ]
                                                                                                                }
                                                                                                            ]
                                                                                                        }
                                                                                                    ]
                                                                                                }
                                                                                            ]
                                                                                        },
                                                                                        {
                                                                                            "operator_name": "PROJECTION",
                                                                                            "cpu_time": 4.606247567999982,
                                                                                            "extra_info": {
                                                                                                "Projections": [
                                                                                                    "postid",
                                                                                                    "CloseReasons"
                                                                                                ],
                                                                                                "Estimated Cardinality": "1179524"
                                                                                            },
                                                                                            "cumulative_cardinality": 256596,
                                                                                            "operator_type": "PROJECTION",
                                                                                            "operator_cardinality": 22520,
                                                                                            "cumulative_rows_scanned": 11795256,
                                                                                            "operator_rows_scanned": 0,
                                                                                            "operator_timing": 0.0000039669999999999995,
                                                                                            "result_set_size": 450400,
                                                                                            "children": [
                                                                                                {
                                                                                                    "operator_name": "HASH_GROUP_BY",
                                                                                                    "cpu_time": 4.606243600999982,
                                                                                                    "extra_info": {
                                                                                                        "Groups": [
                                                                                                            "#0",
                                                                                                            "#1"
                                                                                                        ],
                                                                                                        "Aggregates": "string_agg(#2)",
                                                                                                        "Estimated Cardinality": "1179524"
                                                                                                    },
                                                                                                    "cumulative_cardinality": 234076,
                                                                                                    "operator_type": "HASH_GROUP_BY",
                                                                                                    "operator_cardinality": 22520,
                                                                                                    "cumulative_rows_scanned": 11795256,
                                                                                                    "operator_rows_scanned": 0,
                                                                                                    "operator_timing": 0.0026284309999999996,
                                                                                                    "result_set_size": 630560,
                                                                                                    "children": [
                                                                                                        {
                                                                                                            "operator_name": "PROJECTION",
                                                                                                            "cpu_time": 4.6036151699999825,
                                                                                                            "extra_info": {
                                                                                                                "Projections": [
                                                                                                                    "postid",
                                                                                                                    "creationdate",
                                                                                                                    "name"
                                                                                                                ],
                                                                                                                "Estimated Cardinality": "2359048"
                                                                                                            },
                                                                                                            "cumulative_cardinality": 211556,
                                                                                                            "operator_type": "PROJECTION",
                                                                                                            "operator_cardinality": 22520,
                                                                                                            "cumulative_rows_scanned": 11795256,
                                                                                                            "operator_rows_scanned": 0,
                                                                                                            "operator_timing": 0.000010268,
                                                                                                            "result_set_size": 630560,
                                                                                                            "children": [
                                                                                                                {
                                                                                                                    "operator_name": "PROJECTION",
                                                                                                                    "cpu_time": 4.603604901999983,
                                                                                                                    "extra_info": {
                                                                                                                        "Projections": [
                                                                                                                            "#0",
                                                                                                                            "#1",
                                                                                                                            "#2",
                                                                                                                            "__internal_compress_integral_utinyint(#3, 1)",
                                                                                                                            "#4"
                                                                                                                        ],
                                                                                                                        "Estimated Cardinality": "2359048"
                                                                                                                    },
                                                                                                                    "cumulative_cardinality": 189036,
                                                                                                                    "operator_type": "PROJECTION",
                                                                                                                    "operator_cardinality": 22520,
                                                                                                                    "cumulative_rows_scanned": 11795256,
                                                                                                                    "operator_rows_scanned": 0,
                                                                                                                    "operator_timing": 0.000050346,
                                                                                                                    "result_set_size": 1013400,
                                                                                                                    "children": [
                                                                                                                        {
                                                                                                                            "operator_name": "HASH_JOIN",
                                                                                                                            "cpu_time": 4.603554555999983,
                                                                                                                            "extra_info": {
                                                                                                                                "Join Type": "INNER",
                                                                                                                                "Conditions": "CAST(comment AS INTEGER) = CAST(id AS INTEGER)",
                                                                                                                                "Estimated Cardinality": "2359048"
                                                                                                                            },
                                                                                                                            "cumulative_cardinality": 166516,
                                                                                                                            "operator_type": "HASH_JOIN",
                                                                                                                            "operator_cardinality": 22520,
                                                                                                                            "cumulative_rows_scanned": 11795256,
                                                                                                                            "operator_rows_scanned": 0,
                                                                                                                            "operator_timing": 0.001500334,
                                                                                                                            "result_set_size": 1035920,
                                                                                                                            "children": [
                                                                                                                                {
                                                                                                                                    "operator_name": "FILTER",
                                                                                                                                    "cpu_time": 4.601725618999983,
                                                                                                                                    "extra_info": {
                                                                                                                                        "Expression": "(postid <= 1416570)",
                                                                                                                                        "Estimated Cardinality": "2359048"
                                                                                                                                    },
                                                                                                                                    "cumulative_cardinality": 143984,
                                                                                                                                    "operator_type": "FILTER",
                                                                                                                                    "operator_cardinality": 22520,
                                                                                                                                    "cumulative_rows_scanned": 11795244,
                                                                                                                                    "operator_rows_scanned": 0,
                                                                                                                                    "operator_timing": 0.019647128999999992,
                                                                                                                                    "result_set_size": 630560,
                                                                                                                                    "children": [
                                                                                                                                        {
                                                                                                                                            "operator_name": "READ_PARQUET ",
                                                                                                                                            "cpu_time": 4.582078489999983,
                                                                                                                                            "extra_info": {
                                                                                                                                                "Function": "READ_PARQUET",
                                                                                                                                                "Projections": [
                                                                                                                                                    "postid",
                                                                                                                                                    "creationdate",
                                                                                                                                                    "comment"
                                                                                                                                                ],
                                                                                                                                                "Filters": "posthistorytypeid=10",
                                                                                                                                                "Estimated Cardinality": "2359048"
                                                                                                                                            },
                                                                                                                                            "cumulative_cardinality": 121464,
                                                                                                                                            "operator_type": "TABLE_SCAN",
                                                                                                                                            "operator_cardinality": 121464,
                                                                                                                                            "cumulative_rows_scanned": 11795244,
                                                                                                                                            "operator_rows_scanned": 11795244,
                                                                                                                                            "operator_timing": 4.582078489999983,
                                                                                                                                            "result_set_size": 3400992,
                                                                                                                                            "children": []
                                                                                                                                        }
                                                                                                                                    ]
                                                                                                                                },
                                                                                                                                {
                                                                                                                                    "operator_name": "READ_PARQUET ",
                                                                                                                                    "cpu_time": 0.000328603,
                                                                                                                                    "extra_info": {
                                                                                                                                        "Function": "READ_PARQUET",
                                                                                                                                        "Projections": [
                                                                                                                                            "id",
                                                                                                                                            "name"
                                                                                                                                        ],
                                                                                                                                        "Estimated Cardinality": "12"
                                                                                                                                    },
                                                                                                                                    "cumulative_cardinality": 12,
                                                                                                                                    "operator_type": "TABLE_SCAN",
                                                                                                                                    "operator_cardinality": 12,
                                                                                                                                    "cumulative_rows_scanned": 12,
                                                                                                                                    "operator_rows_scanned": 12,
                                                                                                                                    "operator_timing": 0.000328603,
                                                                                                                                    "result_set_size": 216,
                                                                                                                                    "children": []
                                                                                                                                }
                                                                                                                            ]
                                                                                                                        }
                                                                                                                    ]
                                                                                                                }
                                                                                                            ]
                                                                                                        }
                                                                                                    ]
                                                                                                }
                                                                                            ]
                                                                                        }
                                                                                    ]
                                                                                },
                                                                                {
                                                                                    "operator_name": "PROJECTION",
                                                                                    "cpu_time": 0.03985081200000019,
                                                                                    "extra_info": {
                                                                                        "Projections": [
                                                                                            "CASE  WHEN ((#1 > 1)) THEN (error('More than one row returned by a subquery used as an expression - scalar subqueries can only return a single row.",
                                                                                            "Use \"SET scalar_subquery_error_on_multiple_rows=false\" to revert to previous behavior of returning a random row.')) ELSE #0 END"
                                                                                        ],
                                                                                        "Estimated Cardinality": "1"
                                                                                    },
                                                                                    "cumulative_cardinality": 7700236,
                                                                                    "operator_type": "PROJECTION",
                                                                                    "operator_cardinality": 1,
                                                                                    "cumulative_rows_scanned": 3850116,
                                                                                    "operator_rows_scanned": 0,
                                                                                    "operator_timing": 0.000002796,
                                                                                    "result_set_size": 8,
                                                                                    "children": [
                                                                                        {
                                                                                            "operator_name": "UNGROUPED_AGGREGATE",
                                                                                            "cpu_time": 0.03984801600000019,
                                                                                            "extra_info": {
                                                                                                "Aggregates": [
                                                                                                    "\"first\"(#0)",
                                                                                                    "count_star()"
                                                                                                ]
                                                                                            },
                                                                                            "cumulative_cardinality": 7700235,
                                                                                            "operator_type": "UNGROUPED_AGGREGATE",
                                                                                            "operator_cardinality": 1,
                                                                                            "cumulative_rows_scanned": 3850116,
                                                                                            "operator_rows_scanned": 0,
                                                                                            "operator_timing": 0.000002475,
                                                                                            "result_set_size": 16,
                                                                                            "children": [
                                                                                                {
                                                                                                    "operator_name": "PROJECTION",
                                                                                                    "cpu_time": 0.039845541000000186,
                                                                                                    "extra_info": {
                                                                                                        "Projections": "#0",
                                                                                                        "Estimated Cardinality": "1"
                                                                                                    },
                                                                                                    "cumulative_cardinality": 7700234,
                                                                                                    "operator_type": "PROJECTION",
                                                                                                    "operator_cardinality": 1,
                                                                                                    "cumulative_rows_scanned": 3850116,
                                                                                                    "operator_rows_scanned": 0,
                                                                                                    "operator_timing": 4.61e-7,
                                                                                                    "result_set_size": 8,
                                                                                                    "children": [
                                                                                                        {
                                                                                                            "operator_name": "UNGROUPED_AGGREGATE",
                                                                                                            "cpu_time": 0.039845080000000185,
                                                                                                            "extra_info": {
                                                                                                                "Aggregates": "avg(#0)"
                                                                                                            },
                                                                                                            "cumulative_cardinality": 7700233,
                                                                                                            "operator_type": "UNGROUPED_AGGREGATE",
                                                                                                            "operator_cardinality": 1,
                                                                                                            "cumulative_rows_scanned": 3850116,
                                                                                                            "operator_rows_scanned": 0,
                                                                                                            "operator_timing": 0.020259671000000184,
                                                                                                            "result_set_size": 8,
                                                                                                            "children": [
                                                                                                                {
                                                                                                                    "operator_name": "PROJECTION",
                                                                                                                    "cpu_time": 0.019585409,
                                                                                                                    "extra_info": {
                                                                                                                        "Projections": "score",
                                                                                                                        "Estimated Cardinality": "3850116"
                                                                                                                    },
                                                                                                                    "cumulative_cardinality": 7700232,
                                                                                                                    "operator_type": "PROJECTION",
                                                                                                                    "operator_cardinality": 3850116,
                                                                                                                    "cumulative_rows_scanned": 3850116,
                                                                                                                    "operator_rows_scanned": 0,
                                                                                                                    "operator_timing": 0.0001646580000000018,
                                                                                                                    "result_set_size": 15400464,
                                                                                                                    "children": [
                                                                                                                        {
                                                                                                                            "operator_name": "READ_PARQUET ",
                                                                                                                            "cpu_time": 0.019420751,
                                                                                                                            "extra_info": {
                                                                                                                                "Function": "READ_PARQUET",
                                                                                                                                "Projections": "score",
                                                                                                                                "Estimated Cardinality": "3850116"
                                                                                                                            },
                                                                                                                            "cumulative_cardinality": 3850116,
                                                                                                                            "operator_type": "TABLE_SCAN",
                                                                                                                            "operator_cardinality": 3850116,
                                                                                                                            "cumulative_rows_scanned": 3850116,
                                                                                                                            "operator_rows_scanned": 3850116,
                                                                                                                            "operator_timing": 0.019420751,
                                                                                                                            "result_set_size": 15400464,
                                                                                                                            "children": []
                                                                                                                        }
                                                                                                                    ]
                                                                                                                }
                                                                                                            ]
                                                                                                        }
                                                                                                    ]
                                                                                                }
                                                                                            ]
                                                                                        }
                                                                                    ]
                                                                                }
                                                                            ]
                                                                        }
                                                                    ]
                                                                }
                                                            ]
                                                        }
                                                    ]
                                                }
                                            ]
                                        }
                                    ]
                                }
                            ]
                        }
                    ]
                }
            ]
        }
    ]
}