{
    "rows_returned": 10,
    "query_name": "SELECT p.Title, p.CreationDate, u.DisplayName, t.TagName\nFROM Posts p\nJOIN Users u ON p.OwnerUserId = u.Id\nJOIN Tags t ON p.Tags LIKE CONCAT('%', t.TagName, '%')\nWHERE p.PostTypeId = 1\nORDER BY p.Score DESC\nLIMIT 10;\n",
    "blocked_thread_time": 0.0,
    "cpu_time": 580.4983026630033,
    "extra_info": {},
    "cumulative_cardinality": 19201875,
    "cumulative_rows_scanned": 5112802,
    "result_set_size": 560,
    "latency": 587.224658146,
    "children": [
        {
            "operator_name": "PROJECTION",
            "cpu_time": 580.4983026630033,
            "extra_info": {
                "Projections": [
                    "#0",
                    "#1",
                    "#2",
                    "#3"
                ],
                "Estimated Cardinality": "10"
            },
            "cumulative_cardinality": 19201875,
            "operator_type": "PROJECTION",
            "operator_cardinality": 10,
            "cumulative_rows_scanned": 5112802,
            "operator_rows_scanned": 0,
            "operator_timing": 3.61e-7,
            "result_set_size": 560,
            "children": [
                {
                    "operator_name": "STREAMING_LIMIT",
                    "cpu_time": 580.4983023020033,
                    "extra_info": {},
                    "cumulative_cardinality": 19201865,
                    "operator_type": "STREAMING_LIMIT",
                    "operator_cardinality": 10,
                    "cumulative_rows_scanned": 5112802,
                    "operator_rows_scanned": 0,
                    "operator_timing": 0.0000012820000000000002,
                    "result_set_size": 600,
                    "children": [
                        {
                            "operator_name": "PROJECTION",
                            "cpu_time": 580.4983010200033,
                            "extra_info": {
                                "Projections": [
                                    "#0",
                                    "#1",
                                    "#2",
                                    "#3",
                                    "__internal_decompress_integral_integer(#4, -72)"
                                ],
                                "Estimated Cardinality": "770023"
                            },
                            "cumulative_cardinality": 19201855,
                            "operator_type": "PROJECTION",
                            "operator_cardinality": 4096,
                            "cumulative_rows_scanned": 5112802,
                            "operator_rows_scanned": 0,
                            "operator_timing": 0.000007664,
                            "result_set_size": 245760,
                            "children": [
                                {
                                    "operator_name": "ORDER_BY",
                                    "cpu_time": 580.4982933560033,
                                    "extra_info": {
                                        "Order By": "score DESC"
                                    },
                                    "cumulative_cardinality": 19197759,
                                    "operator_type": "ORDER_BY",
                                    "operator_cardinality": 4096,
                                    "cumulative_rows_scanned": 5112802,
                                    "operator_rows_scanned": 0,
                                    "operator_timing": 0.9261508269999982,
                                    "result_set_size": 237568,
                                    "children": [
                                        {
                                            "operator_name": "PROJECTION",
                                            "cpu_time": 579.5721425290033,
                                            "extra_info": {
                                                "Projections": [
                                                    "#0",
                                                    "#1",
                                                    "#2",
                                                    "#3",
                                                    "__internal_compress_integral_usmallint(#4, -72)"
                                                ],
                                                "Estimated Cardinality": "770023"
                                            },
                                            "cumulative_cardinality": 19193663,
                                            "operator_type": "PROJECTION",
                                            "operator_cardinality": 4891061,
                                            "cumulative_rows_scanned": 5112802,
                                            "operator_rows_scanned": 0,
                                            "operator_timing": 0.013085633999999907,
                                            "result_set_size": 283681538,
                                            "children": [
                                                {
                                                    "operator_name": "PROJECTION",
                                                    "cpu_time": 579.5590568950032,
                                                    "extra_info": {
                                                        "Projections": [
                                                            "title",
                                                            "creationdate",
                                                            "displayname",
                                                            "tagname",
                                                            "score"
                                                        ],
                                                        "Estimated Cardinality": "770023"
                                                    },
                                                    "cumulative_cardinality": 14302602,
                                                    "operator_type": "PROJECTION",
                                                    "operator_cardinality": 4891061,
                                                    "cumulative_rows_scanned": 5112802,
                                                    "operator_rows_scanned": 0,
                                                    "operator_timing": 0.005960730000000228,
                                                    "result_set_size": 293463660,
                                                    "children": [
                                                        {
                                                            "operator_name": "BLOCKWISE_NL_JOIN",
                                                            "cpu_time": 579.5530961650032,
                                                            "extra_info": {
                                                                "Join Type": "INNER",
                                                                "Condition": "(tags ~~ concat('%', tagname, '%'))"
                                                            },
                                                            "cumulative_cardinality": 9411541,
                                                            "operator_type": "BLOCKWISE_NL_JOIN",
                                                            "operator_cardinality": 4891061,
                                                            "cumulative_rows_scanned": 5112802,
                                                            "operator_rows_scanned": 0,
                                                            "operator_timing": 578.3258247340033,
                                                            "result_set_size": 371720636,
                                                            "children": [
                                                                {
                                                                    "operator_name": "HASH_JOIN",
                                                                    "cpu_time": 1.2268992159999996,
                                                                    "extra_info": {
                                                                        "Join Type": "INNER",
                                                                        "Conditions": "id = owneruserid",
                                                                        "Estimated Cardinality": "770023"
                                                                    },
                                                                    "cumulative_cardinality": 4518504,
                                                                    "operator_type": "HASH_JOIN",
                                                                    "operator_cardinality": 1589663,
                                                                    "cumulative_rows_scanned": 5110826,
                                                                    "operator_rows_scanned": 0,
                                                                    "operator_timing": 0.412642065,
                                                                    "result_set_size": 95379780,
                                                                    "children": [
                                                                        {
                                                                            "operator_name": "READ_PARQUET ",
                                                                            "cpu_time": 0.12167880900000008,
                                                                            "extra_info": {
                                                                                "Function": "READ_PARQUET",
                                                                                "Projections": [
                                                                                    "id",
                                                                                    "displayname"
                                                                                ],
                                                                                "Filters": "id<=1416539",
                                                                                "Estimated Cardinality": "1260710"
                                                                            },
                                                                            "cumulative_cardinality": 1260677,
                                                                            "operator_type": "TABLE_SCAN",
                                                                            "operator_cardinality": 1260677,
                                                                            "cumulative_rows_scanned": 1260710,
                                                                            "operator_rows_scanned": 1260710,
                                                                            "operator_timing": 0.12167880900000008,
                                                                            "result_set_size": 25213540,
                                                                            "children": []
                                                                        },
                                                                        {
                                                                            "operator_name": "READ_PARQUET ",
                                                                            "cpu_time": 0.6925783419999996,
                                                                            "extra_info": {
                                                                                "Function": "READ_PARQUET",
                                                                                "Projections": [
                                                                                    "creationdate",
                                                                                    "score",
                                                                                    "owneruserid",
                                                                                    "title",
                                                                                    "tags"
                                                                                ],
                                                                                "Filters": "posttypeid=1",
                                                                                "Estimated Cardinality": "770023"
                                                                            },
                                                                            "cumulative_cardinality": 1668164,
                                                                            "operator_type": "TABLE_SCAN",
                                                                            "operator_cardinality": 1668164,
                                                                            "cumulative_rows_scanned": 3850116,
                                                                            "operator_rows_scanned": 3850116,
                                                                            "operator_timing": 0.6925783419999996,
                                                                            "result_set_size": 80071872,
                                                                            "children": []
                                                                        }
                                                                    ]
                                                                },
                                                                {
                                                                    "operator_name": "READ_PARQUET ",
                                                                    "cpu_time": 0.000372215,
                                                                    "extra_info": {
                                                                        "Function": "READ_PARQUET",
                                                                        "Projections": "tagname",
                                                                        "Estimated Cardinality": "1976"
                                                                    },
                                                                    "cumulative_cardinality": 1976,
                                                                    "operator_type": "TABLE_SCAN",
                                                                    "operator_cardinality": 1976,
                                                                    "cumulative_rows_scanned": 1976,
                                                                    "operator_rows_scanned": 1976,
                                                                    "operator_timing": 0.000372215,
                                                                    "result_set_size": 31616,
                                                                    "children": []
                                                                }
                                                            ]
                                                        }
                                                    ]
                                                }
                                            ]
                                        }
                                    ]
                                }
                            ]
                        }
                    ]
                }
            ]
        }
    ]
}