{
    "rows_returned": 10,
    "query_name": "SELECT \n    p.Title,\n    u.DisplayName AS Owner,\n    p.CreationDate,\n    p.Score,\n    p.ViewCount,\n    t.TagName\nFROM \n    Posts p\nJOIN \n    Users u ON p.OwnerUserId = u.Id\nJOIN \n    Tags t ON p.Tags LIKE CONCAT('%', t.TagName, '%')\nWHERE \n    p.PostTypeId = 1\nORDER BY \n    p.CreationDate DESC\nLIMIT 10;\n",
    "blocked_thread_time": 0.0,
    "cpu_time": 521.8612153450063,
    "extra_info": {},
    "cumulative_cardinality": 19201865,
    "cumulative_rows_scanned": 5112802,
    "result_set_size": 640,
    "latency": 527.766648163,
    "children": [
        {
            "operator_name": "STREAMING_LIMIT",
            "cpu_time": 521.8612153450063,
            "extra_info": {},
            "cumulative_cardinality": 19201865,
            "operator_type": "STREAMING_LIMIT",
            "operator_cardinality": 10,
            "cumulative_rows_scanned": 5112802,
            "operator_rows_scanned": 0,
            "operator_timing": 0.000001292,
            "result_set_size": 640,
            "children": [
                {
                    "operator_name": "PROJECTION",
                    "cpu_time": 521.8612140530063,
                    "extra_info": {
                        "Projections": [
                            "#0",
                            "#1",
                            "#2",
                            "__internal_decompress_integral_integer(#3, -72)",
                            "#4",
                            "#5"
                        ],
                        "Estimated Cardinality": "770023"
                    },
                    "cumulative_cardinality": 19201855,
                    "operator_type": "PROJECTION",
                    "operator_cardinality": 4096,
                    "cumulative_rows_scanned": 5112802,
                    "operator_rows_scanned": 0,
                    "operator_timing": 0.000006543,
                    "result_set_size": 262144,
                    "children": [
                        {
                            "operator_name": "ORDER_BY",
                            "cpu_time": 521.8612075100062,
                            "extra_info": {
                                "Order By": "p.CreationDate DESC"
                            },
                            "cumulative_cardinality": 19197759,
                            "operator_type": "ORDER_BY",
                            "operator_cardinality": 4096,
                            "cumulative_rows_scanned": 5112802,
                            "operator_rows_scanned": 0,
                            "operator_timing": 0.8409033999999989,
                            "result_set_size": 253952,
                            "children": [
                                {
                                    "operator_name": "PROJECTION",
                                    "cpu_time": 521.0203041100062,
                                    "extra_info": {
                                        "Projections": [
                                            "#0",
                                            "#1",
                                            "#2",
                                            "__internal_compress_integral_usmallint(#3, -72)",
                                            "#4",
                                            "#5"
                                        ],
                                        "Estimated Cardinality": "770023"
                                    },
                                    "cumulative_cardinality": 19193663,
                                    "operator_type": "PROJECTION",
                                    "operator_cardinality": 4891061,
                                    "cumulative_rows_scanned": 5112802,
                                    "operator_rows_scanned": 0,
                                    "operator_timing": 0.010295399000000113,
                                    "result_set_size": 303245782,
                                    "children": [
                                        {
                                            "operator_name": "PROJECTION",
                                            "cpu_time": 521.0100087110062,
                                            "extra_info": {
                                                "Projections": [
                                                    "title",
                                                    "Owner",
                                                    "creationdate",
                                                    "score",
                                                    "viewcount",
                                                    "tagname"
                                                ],
                                                "Estimated Cardinality": "770023"
                                            },
                                            "cumulative_cardinality": 14302602,
                                            "operator_type": "PROJECTION",
                                            "operator_cardinality": 4891061,
                                            "cumulative_rows_scanned": 5112802,
                                            "operator_rows_scanned": 0,
                                            "operator_timing": 0.004633302000000085,
                                            "result_set_size": 313027904,
                                            "children": [
                                                {
                                                    "operator_name": "BLOCKWISE_NL_JOIN",
                                                    "cpu_time": 521.0053754090062,
                                                    "extra_info": {
                                                        "Join Type": "INNER",
                                                        "Condition": "(tags ~~ concat('%', tagname, '%'))"
                                                    },
                                                    "cumulative_cardinality": 9411541,
                                                    "operator_type": "BLOCKWISE_NL_JOIN",
                                                    "operator_cardinality": 4891061,
                                                    "cumulative_rows_scanned": 5112802,
                                                    "operator_rows_scanned": 0,
                                                    "operator_timing": 519.7748806100061,
                                                    "result_set_size": 391284880,
                                                    "children": [
                                                        {
                                                            "operator_name": "HASH_JOIN",
                                                            "cpu_time": 1.2301245479999987,
                                                            "extra_info": {
                                                                "Join Type": "INNER",
                                                                "Conditions": "id = owneruserid",
                                                                "Estimated Cardinality": "770023"
                                                            },
                                                            "cumulative_cardinality": 4518504,
                                                            "operator_type": "HASH_JOIN",
                                                            "operator_cardinality": 1589663,
                                                            "cumulative_rows_scanned": 5110826,
                                                            "operator_rows_scanned": 0,
                                                            "operator_timing": 0.3778049449999997,
                                                            "result_set_size": 101738432,
                                                            "children": [
                                                                {
                                                                    "operator_name": "READ_PARQUET ",
                                                                    "cpu_time": 0.17779967899999985,
                                                                    "extra_info": {
                                                                        "Function": "READ_PARQUET",
                                                                        "Projections": [
                                                                            "id",
                                                                            "displayname"
                                                                        ],
                                                                        "Filters": "id<=1416539",
                                                                        "Estimated Cardinality": "1260710"
                                                                    },
                                                                    "cumulative_cardinality": 1260677,
                                                                    "operator_type": "TABLE_SCAN",
                                                                    "operator_cardinality": 1260677,
                                                                    "cumulative_rows_scanned": 1260710,
                                                                    "operator_rows_scanned": 1260710,
                                                                    "operator_timing": 0.17779967899999985,
                                                                    "result_set_size": 25213540,
                                                                    "children": []
                                                                },
                                                                {
                                                                    "operator_name": "READ_PARQUET ",
                                                                    "cpu_time": 0.674519923999999,
                                                                    "extra_info": {
                                                                        "Function": "READ_PARQUET",
                                                                        "Projections": [
                                                                            "creationdate",
                                                                            "score",
                                                                            "viewcount",
                                                                            "owneruserid",
                                                                            "title",
                                                                            "tags"
                                                                        ],
                                                                        "Filters": "posttypeid=1",
                                                                        "Estimated Cardinality": "770023"
                                                                    },
                                                                    "cumulative_cardinality": 1668164,
                                                                    "operator_type": "TABLE_SCAN",
                                                                    "operator_cardinality": 1668164,
                                                                    "cumulative_rows_scanned": 3850116,
                                                                    "operator_rows_scanned": 3850116,
                                                                    "operator_timing": 0.674519923999999,
                                                                    "result_set_size": 86744528,
                                                                    "children": []
                                                                }
                                                            ]
                                                        },
                                                        {
                                                            "operator_name": "READ_PARQUET ",
                                                            "cpu_time": 0.000370251,
                                                            "extra_info": {
                                                                "Function": "READ_PARQUET",
                                                                "Projections": "tagname",
                                                                "Estimated Cardinality": "1976"
                                                            },
                                                            "cumulative_cardinality": 1976,
                                                            "operator_type": "TABLE_SCAN",
                                                            "operator_cardinality": 1976,
                                                            "cumulative_rows_scanned": 1976,
                                                            "operator_rows_scanned": 1976,
                                                            "operator_timing": 0.000370251,
                                                            "result_set_size": 31616,
                                                            "children": []
                                                        }
                                                    ]
                                                }
                                            ]
                                        }
                                    ]
                                }
                            ]
                        }
                    ]
                }
            ]
        }
    ]
}