{
    "rows_returned": 10,
    "query_name": "WITH UserReputation AS (\n    SELECT \n        U.Id AS UserId,\n        U.DisplayName,\n        U.Reputation,\n        COUNT(DISTINCT P.Id) AS PostCount,\n        SUM(CASE WHEN P.AcceptedAnswerId IS NOT NULL THEN 1 ELSE 0 END) AS AcceptedAnswers,\n        AVG(V.BountyAmount) AS AvgBounty\n    FROM \n        Users U\n    LEFT JOIN \n        Posts P ON U.Id = P.OwnerUserId\n    LEFT JOIN \n        Votes V ON P.Id = V.PostId AND V.VoteTypeId = 9\n    GROUP BY \n        U.Id, U.DisplayName, U.Reputation\n),\n\nPostHistoryStats AS (\n    SELECT \n        PH.PostId,\n        COUNT(DISTINCT PH.Id) AS HistoryChanges,\n        MIN(PH.CreationDate) AS FirstChangeDate,\n        MAX(PH.CreationDate) AS LastChangeDate,\n        COUNT(CASE WHEN PH.PostHistoryTypeId IN (10, 11) THEN 1 END) AS CloseReopenCount\n    FROM \n        PostHistory PH\n    GROUP BY \n        PH.PostId\n),\n\nUserPostSummary AS (\n    SELECT \n        U.UserId,\n        U.DisplayName,\n        U.Reputation,\n        COALESCE(SUM(P.ViewCount), 0) AS TotalViewCount,\n        COALESCE(SUM(P.Score), 0) AS TotalScore,\n        COALESCE(SUM(P.AnswerCount), 0) AS TotalAnswerCount,\n        COALESCE(SUM(P.CommentCount), 0) AS TotalCommentCount,\n        PH.HistoryChanges,\n        PH.FirstChangeDate,\n        PH.LastChangeDate,\n        PH.CloseReopenCount\n    FROM \n        UserReputation U\n    LEFT JOIN \n        Posts P ON U.UserId = P.OwnerUserId\n    LEFT JOIN \n        PostHistoryStats PH ON P.Id = PH.PostId\n    GROUP BY \n        U.UserId, U.DisplayName, U.Reputation, PH.HistoryChanges, PH.FirstChangeDate, PH.LastChangeDate, PH.CloseReopenCount\n)\n\nSELECT \n    U.DisplayName,\n    U.Reputation,\n    U.TotalViewCount,\n    U.TotalScore,\n    U.TotalAnswerCount,\n    U.TotalCommentCount,\n    U.HistoryChanges,\n    U.FirstChangeDate,\n    U.LastChangeDate,\n    U.CloseReopenCount,\n    CASE \n        WHEN U.TotalViewCount > 1000 THEN 'Highly viewed'\n        ELSE 'Moderately viewed'\n    END AS ViewStatus,\n    CASE \n        WHEN U.TotalAnswerCount > 50 THEN 'Expert'\n        WHEN U.TotalAnswerCount BETWEEN 10 AND 50 THEN 'Intermediate'\n        ELSE 'Novice'\n    END AS ExpertiseLevel\nFROM \n    UserPostSummary U\nORDER BY \n    U.Reputation DESC, U.TotalScore DESC\nLIMIT 10;\n",
    "blocked_thread_time": 0.0,
    "cpu_time": 12.659781659,
    "extra_info": {},
    "cumulative_cardinality": 92275911,
    "cumulative_rows_scanned": 33500279,
    "result_set_size": 1480,
    "latency": 15.367521878,
    "children": [
        {
            "operator_name": "STREAMING_LIMIT",
            "cpu_time": 12.659781659,
            "extra_info": {},
            "cumulative_cardinality": 92275911,
            "operator_type": "STREAMING_LIMIT",
            "operator_cardinality": 10,
            "cumulative_rows_scanned": 33500279,
            "operator_rows_scanned": 0,
            "operator_timing": 0.000001833,
            "result_set_size": 1480,
            "children": [
                {
                    "operator_name": "PROJECTION",
                    "cpu_time": 12.659779826,
                    "extra_info": {
                        "Projections": [
                            "#0",
                            "#1",
                            "#2",
                            "#3",
                            "#4",
                            "#5",
                            "#6",
                            "#7",
                            "#8",
                            "#9",
                            "#10",
                            "__internal_decompress_string(#11)"
                        ],
                        "Estimated Cardinality": "1260710"
                    },
                    "cumulative_cardinality": 92275901,
                    "operator_type": "PROJECTION",
                    "operator_cardinality": 4096,
                    "cumulative_rows_scanned": 33500279,
                    "operator_rows_scanned": 0,
                    "operator_timing": 0.00004791,
                    "result_set_size": 606208,
                    "children": [
                        {
                            "operator_name": "ORDER_BY",
                            "cpu_time": 12.659731916,
                            "extra_info": {
                                "Order By": [
                                    "U.Reputation DESC",
                                    "U.TotalScore DESC"
                                ]
                            },
                            "cumulative_cardinality": 92271805,
                            "operator_type": "ORDER_BY",
                            "operator_cardinality": 4096,
                            "cumulative_rows_scanned": 33500279,
                            "operator_rows_scanned": 0,
                            "operator_timing": 0.4806614639999999,
                            "result_set_size": 606208,
                            "children": [
                                {
                                    "operator_name": "PROJECTION",
                                    "cpu_time": 12.179070452,
                                    "extra_info": {
                                        "Projections": [
                                            "#0",
                                            "#1",
                                            "#2",
                                            "#3",
                                            "#4",
                                            "#5",
                                            "#6",
                                            "#7",
                                            "#8",
                                            "#9",
                                            "#10",
                                            "__internal_compress_string_hugeint(#11)"
                                        ],
                                        "Estimated Cardinality": "1260710"
                                    },
                                    "cumulative_cardinality": 92267709,
                                    "operator_type": "PROJECTION",
                                    "operator_cardinality": 4574281,
                                    "cumulative_rows_scanned": 33500279,
                                    "operator_rows_scanned": 0,
                                    "operator_timing": 0.01726720199999983,
                                    "result_set_size": 676993588,
                                    "children": [
                                        {
                                            "operator_name": "PROJECTION",
                                            "cpu_time": 12.16180325,
                                            "extra_info": {
                                                "Projections": [
                                                    "displayname",
                                                    "reputation",
                                                    "TotalViewCount",
                                                    "TotalScore",
                                                    "TotalAnswerCount",
                                                    "TotalCommentCount",
                                                    "HistoryChanges",
                                                    "FirstChangeDate",
                                                    "LastChangeDate",
                                                    "CloseReopenCount",
                                                    "ViewStatus",
                                                    "ExpertiseLevel"
                                                ],
                                                "Estimated Cardinality": "1260710"
                                            },
                                            "cumulative_cardinality": 87693428,
                                            "operator_type": "PROJECTION",
                                            "operator_cardinality": 4574281,
                                            "cumulative_rows_scanned": 33500279,
                                            "operator_rows_scanned": 0,
                                            "operator_timing": 0.04413924300000009,
                                            "result_set_size": 676993588,
                                            "children": [
                                                {
                                                    "operator_name": "PROJECTION",
                                                    "cpu_time": 12.117664007,
                                                    "extra_info": {
                                                        "Projections": [
                                                            "displayname",
                                                            "reputation",
                                                            "TotalViewCount",
                                                            "TotalScore",
                                                            "TotalAnswerCount",
                                                            "TotalCommentCount",
                                                            "HistoryChanges",
                                                            "FirstChangeDate",
                                                            "LastChangeDate",
                                                            "CloseReopenCount"
                                                        ],
                                                        "Estimated Cardinality": "1260710"
                                                    },
                                                    "cumulative_cardinality": 83119147,
                                                    "operator_type": "PROJECTION",
                                                    "operator_cardinality": 4574281,
                                                    "cumulative_rows_scanned": 33500279,
                                                    "operator_rows_scanned": 0,
                                                    "operator_timing": 0.15838897899999987,
                                                    "result_set_size": 530616596,
                                                    "children": [
                                                        {
                                                            "operator_name": "HASH_GROUP_BY",
                                                            "cpu_time": 11.959275028,
                                                            "extra_info": {
                                                                "Groups": [
                                                                    "#0",
                                                                    "#1",
                                                                    "#2",
                                                                    "#3",
                                                                    "#4",
                                                                    "#5",
                                                                    "#6"
                                                                ],
                                                                "Aggregates": [
                                                                    "sum(#7)",
                                                                    "sum(#8)",
                                                                    "sum(#9)",
                                                                    "sum(#10)"
                                                                ],
                                                                "Estimated Cardinality": "1260710"
                                                            },
                                                            "cumulative_cardinality": 78544866,
                                                            "operator_type": "HASH_GROUP_BY",
                                                            "operator_cardinality": 4574281,
                                                            "cumulative_rows_scanned": 33500279,
                                                            "operator_rows_scanned": 0,
                                                            "operator_timing": 2.191621299000002,
                                                            "result_set_size": 548913720,
                                                            "children": [
                                                                {
                                                                    "operator_name": "PROJECTION",
                                                                    "cpu_time": 9.767653728999997,
                                                                    "extra_info": {
                                                                        "Projections": [
                                                                            "UserId",
                                                                            "displayname",
                                                                            "reputation",
                                                                            "HistoryChanges",
                                                                            "FirstChangeDate",
                                                                            "LastChangeDate",
                                                                            "CloseReopenCount",
                                                                            "viewcount",
                                                                            "score",
                                                                            "answercount",
                                                                            "commentcount"
                                                                        ],
                                                                        "Estimated Cardinality": "5897622"
                                                                    },
                                                                    "cumulative_cardinality": 73970585,
                                                                    "operator_type": "PROJECTION",
                                                                    "operator_cardinality": 4574495,
                                                                    "cumulative_rows_scanned": 33500279,
                                                                    "operator_rows_scanned": 0,
                                                                    "operator_timing": 0.0016026030000000058,
                                                                    "result_set_size": 329363640,
                                                                    "children": [
                                                                        {
                                                                            "operator_name": "PROJECTION",
                                                                            "cpu_time": 9.766051125999997,
                                                                            "extra_info": {
                                                                                "Projections": [
                                                                                    "#0",
                                                                                    "#1",
                                                                                    "#2",
                                                                                    "#3",
                                                                                    "#8",
                                                                                    "#9",
                                                                                    "#10",
                                                                                    "__internal_decompress_integral_integer(#4, -72)",
                                                                                    "#5",
                                                                                    "__internal_decompress_integral_integer(#6, 0)",
                                                                                    "__internal_decompress_integral_integer(#7, 0)"
                                                                                ],
                                                                                "Estimated Cardinality": "5897622"
                                                                            },
                                                                            "cumulative_cardinality": 69396090,
                                                                            "operator_type": "PROJECTION",
                                                                            "operator_cardinality": 4574495,
                                                                            "cumulative_rows_scanned": 33500279,
                                                                            "operator_rows_scanned": 0,
                                                                            "operator_timing": 0.017530579,
                                                                            "result_set_size": 329363640,
                                                                            "children": [
                                                                                {
                                                                                    "operator_name": "HASH_JOIN",
                                                                                    "cpu_time": 9.748520546999996,
                                                                                    "extra_info": {
                                                                                        "Join Type": "RIGHT",
                                                                                        "Conditions": "postid = id",
                                                                                        "Estimated Cardinality": "5897622"
                                                                                    },
                                                                                    "cumulative_cardinality": 64821595,
                                                                                    "operator_type": "HASH_JOIN",
                                                                                    "operator_cardinality": 4574495,
                                                                                    "cumulative_rows_scanned": 33500279,
                                                                                    "operator_rows_scanned": 0,
                                                                                    "operator_timing": 0.6620832419999989,
                                                                                    "result_set_size": 292767680,
                                                                                    "children": [
                                                                                        {
                                                                                            "operator_name": "HASH_GROUP_BY",
                                                                                            "cpu_time": 7.501111211999997,
                                                                                            "extra_info": {
                                                                                                "Groups": "#0",
                                                                                                "Aggregates": [
                                                                                                    "count(DISTINCT #1)",
                                                                                                    "min(#2)",
                                                                                                    "max(#3)",
                                                                                                    "count(#4)"
                                                                                                ],
                                                                                                "Estimated Cardinality": "5897622"
                                                                                            },
                                                                                            "cumulative_cardinality": 27440604,
                                                                                            "operator_type": "HASH_GROUP_BY",
                                                                                            "operator_cardinality": 3850116,
                                                                                            "cumulative_rows_scanned": 11795244,
                                                                                            "operator_rows_scanned": 0,
                                                                                            "operator_timing": 3.8027480910000033,
                                                                                            "result_set_size": 138604176,
                                                                                            "children": [
                                                                                                {
                                                                                                    "operator_name": "PROJECTION",
                                                                                                    "cpu_time": 3.6983631209999936,
                                                                                                    "extra_info": {
                                                                                                        "Projections": [
                                                                                                            "postid",
                                                                                                            "id",
                                                                                                            "creationdate",
                                                                                                            "creationdate",
                                                                                                            "CASE  WHEN ((posthistorytypeid IN (10, 11))) THEN (1) ELSE NULL END"
                                                                                                        ],
                                                                                                        "Estimated Cardinality": "11795244"
                                                                                                    },
                                                                                                    "cumulative_cardinality": 23590488,
                                                                                                    "operator_type": "PROJECTION",
                                                                                                    "operator_cardinality": 11795244,
                                                                                                    "cumulative_rows_scanned": 11795244,
                                                                                                    "operator_rows_scanned": 0,
                                                                                                    "operator_timing": 0.17892364999999985,
                                                                                                    "result_set_size": 330266832,
                                                                                                    "children": [
                                                                                                        {
                                                                                                            "operator_name": "READ_PARQUET ",
                                                                                                            "cpu_time": 3.519439470999994,
                                                                                                            "extra_info": {
                                                                                                                "Function": "READ_PARQUET",
                                                                                                                "Projections": [
                                                                                                                    "id",
                                                                                                                    "posthistorytypeid",
                                                                                                                    "postid",
                                                                                                                    "creationdate"
                                                                                                                ],
                                                                                                                "Estimated Cardinality": "11795244"
                                                                                                            },
                                                                                                            "cumulative_cardinality": 11795244,
                                                                                                            "operator_type": "TABLE_SCAN",
                                                                                                            "operator_cardinality": 11795244,
                                                                                                            "cumulative_rows_scanned": 11795244,
                                                                                                            "operator_rows_scanned": 11795244,
                                                                                                            "operator_timing": 3.519439470999994,
                                                                                                            "result_set_size": 212314392,
                                                                                                            "children": []
                                                                                                        }
                                                                                                    ]
                                                                                                }
                                                                                            ]
                                                                                        },
                                                                                        {
                                                                                            "operator_name": "PROJECTION",
                                                                                            "cpu_time": 1.5853260930000002,
                                                                                            "extra_info": {
                                                                                                "Projections": [
                                                                                                    "#0",
                                                                                                    "__internal_compress_integral_usmallint(#1, -72)",
                                                                                                    "#2",
                                                                                                    "__internal_compress_integral_utinyint(#3, 0)",
                                                                                                    "__internal_compress_integral_utinyint(#4, 0)",
                                                                                                    "#5",
                                                                                                    "#6",
                                                                                                    "#7"
                                                                                                ],
                                                                                                "Estimated Cardinality": "3850116"
                                                                                            },
                                                                                            "cumulative_cardinality": 32806496,
                                                                                            "operator_type": "PROJECTION",
                                                                                            "operator_cardinality": 4574495,
                                                                                            "cumulative_rows_scanned": 21705035,
                                                                                            "operator_rows_scanned": 0,
                                                                                            "operator_timing": 0.005816357999999999,
                                                                                            "result_set_size": 164681820,
                                                                                            "children": [
                                                                                                {
                                                                                                    "operator_name": "HASH_JOIN",
                                                                                                    "cpu_time": 1.5795097350000002,
                                                                                                    "extra_info": {
                                                                                                        "Join Type": "RIGHT",
                                                                                                        "Conditions": "owneruserid = UserId",
                                                                                                        "Estimated Cardinality": "3850116"
                                                                                                    },
                                                                                                    "cumulative_cardinality": 28232001,
                                                                                                    "operator_type": "HASH_JOIN",
                                                                                                    "operator_cardinality": 4574495,
                                                                                                    "cumulative_rows_scanned": 21705035,
                                                                                                    "operator_rows_scanned": 0,
                                                                                                    "operator_timing": 0.276743714,
                                                                                                    "result_set_size": 201277780,
                                                                                                    "children": [
                                                                                                        {
                                                                                                            "operator_name": "READ_PARQUET ",
                                                                                                            "cpu_time": 0.213691438,
                                                                                                            "extra_info": {
                                                                                                                "Function": "READ_PARQUET",
                                                                                                                "Projections": [
                                                                                                                    "id",
                                                                                                                    "score",
                                                                                                                    "viewcount",
                                                                                                                    "owneruserid",
                                                                                                                    "answercount",
                                                                                                                    "commentcount"
                                                                                                                ],
                                                                                                                "Estimated Cardinality": "3850116"
                                                                                                            },
                                                                                                            "cumulative_cardinality": 3685416,
                                                                                                            "operator_type": "TABLE_SCAN",
                                                                                                            "operator_cardinality": 3685416,
                                                                                                            "cumulative_rows_scanned": 3850116,
                                                                                                            "operator_rows_scanned": 3850116,
                                                                                                            "operator_timing": 0.213691438,
                                                                                                            "result_set_size": 88449984,
                                                                                                            "children": []
                                                                                                        },
                                                                                                        {
                                                                                                            "operator_name": "HASH_GROUP_BY",
                                                                                                            "cpu_time": 1.0890745830000004,
                                                                                                            "extra_info": {
                                                                                                                "Groups": [
                                                                                                                    "#0",
                                                                                                                    "#1",
                                                                                                                    "#2"
                                                                                                                ],
                                                                                                                "Aggregates": "",
                                                                                                                "Estimated Cardinality": "1260710"
                                                                                                            },
                                                                                                            "cumulative_cardinality": 19972090,
                                                                                                            "operator_type": "HASH_GROUP_BY",
                                                                                                            "operator_cardinality": 1260710,
                                                                                                            "cumulative_rows_scanned": 17854919,
                                                                                                            "operator_rows_scanned": 0,
                                                                                                            "operator_timing": 0.3871568390000004,
                                                                                                            "result_set_size": 30257040,
                                                                                                            "children": [
                                                                                                                {
                                                                                                                    "operator_name": "PROJECTION",
                                                                                                                    "cpu_time": 0.7019177439999998,
                                                                                                                    "extra_info": {
                                                                                                                        "Projections": [
                                                                                                                            "id",
                                                                                                                            "displayname",
                                                                                                                            "reputation"
                                                                                                                        ],
                                                                                                                        "Estimated Cardinality": "3850116"
                                                                                                                    },
                                                                                                                    "cumulative_cardinality": 18711380,
                                                                                                                    "operator_type": "PROJECTION",
                                                                                                                    "operator_cardinality": 4575407,
                                                                                                                    "cumulative_rows_scanned": 17854919,
                                                                                                                    "operator_rows_scanned": 0,
                                                                                                                    "operator_timing": 0.0006847670000000004,
                                                                                                                    "result_set_size": 109809768,
                                                                                                                    "children": [
                                                                                                                        {
                                                                                                                            "operator_name": "HASH_JOIN",
                                                                                                                            "cpu_time": 0.7012329769999999,
                                                                                                                            "extra_info": {
                                                                                                                                "Join Type": "LEFT",
                                                                                                                                "Conditions": "id = postid",
                                                                                                                                "Estimated Cardinality": "3850116"
                                                                                                                            },
                                                                                                                            "cumulative_cardinality": 14135973,
                                                                                                                            "operator_type": "HASH_JOIN",
                                                                                                                            "operator_cardinality": 4575407,
                                                                                                                            "cumulative_rows_scanned": 17854919,
                                                                                                                            "operator_rows_scanned": 0,
                                                                                                                            "operator_timing": 0.0770879100000001,
                                                                                                                            "result_set_size": 128111396,
                                                                                                                            "children": [
                                                                                                                                {
                                                                                                                                    "operator_name": "HASH_JOIN",
                                                                                                                                    "cpu_time": 0.4521888089999998,
                                                                                                                                    "extra_info": {
                                                                                                                                        "Join Type": "RIGHT",
                                                                                                                                        "Conditions": "owneruserid = id",
                                                                                                                                        "Estimated Cardinality": "3850116"
                                                                                                                                    },
                                                                                                                                    "cumulative_cardinality": 9520621,
                                                                                                                                    "operator_type": "HASH_JOIN",
                                                                                                                                    "operator_cardinality": 4574495,
                                                                                                                                    "cumulative_rows_scanned": 5110826,
                                                                                                                                    "operator_rows_scanned": 0,
                                                                                                                                    "operator_timing": 0.2681223899999999,
                                                                                                                                    "result_set_size": 128085860,
                                                                                                                                    "children": [
                                                                                                                                        {
                                                                                                                                            "operator_name": "READ_PARQUET ",
                                                                                                                                            "cpu_time": 0.0950179169999999,
                                                                                                                                            "extra_info": {
                                                                                                                                                "Function": "READ_PARQUET",
                                                                                                                                                "Projections": [
                                                                                                                                                    "id",
                                                                                                                                                    "owneruserid"
                                                                                                                                                ],
                                                                                                                                                "Estimated Cardinality": "3850116"
                                                                                                                                            },
                                                                                                                                            "cumulative_cardinality": 3685416,
                                                                                                                                            "operator_type": "TABLE_SCAN",
                                                                                                                                            "operator_cardinality": 3685416,
                                                                                                                                            "cumulative_rows_scanned": 3850116,
                                                                                                                                            "operator_rows_scanned": 3850116,
                                                                                                                                            "operator_timing": 0.0950179169999999,
                                                                                                                                            "result_set_size": 29483328,
                                                                                                                                            "children": []
                                                                                                                                        },
                                                                                                                                        {
                                                                                                                                            "operator_name": "READ_PARQUET ",
                                                                                                                                            "cpu_time": 0.08904850200000004,
                                                                                                                                            "extra_info": {
                                                                                                                                                "Function": "READ_PARQUET",
                                                                                                                                                "Projections": [
                                                                                                                                                    "id",
                                                                                                                                                    "reputation",
                                                                                                                                                    "displayname"
                                                                                                                                                ],
                                                                                                                                                "Estimated Cardinality": "1260710"
                                                                                                                                            },
                                                                                                                                            "cumulative_cardinality": 1260710,
                                                                                                                                            "operator_type": "TABLE_SCAN",
                                                                                                                                            "operator_cardinality": 1260710,
                                                                                                                                            "cumulative_rows_scanned": 1260710,
                                                                                                                                            "operator_rows_scanned": 1260710,
                                                                                                                                            "operator_timing": 0.08904850200000004,
                                                                                                                                            "result_set_size": 30257040,
                                                                                                                                            "children": []
                                                                                                                                        }
                                                                                                                                    ]
                                                                                                                                },
                                                                                                                                {
                                                                                                                                    "operator_name": "READ_PARQUET ",
                                                                                                                                    "cpu_time": 0.17195625799999986,
                                                                                                                                    "extra_info": {
                                                                                                                                        "Function": "READ_PARQUET",
                                                                                                                                        "Projections": "postid",
                                                                                                                                        "Filters": "votetypeid=9",
                                                                                                                                        "Estimated Cardinality": "2548818"
                                                                                                                                    },
                                                                                                                                    "cumulative_cardinality": 39945,
                                                                                                                                    "operator_type": "TABLE_SCAN",
                                                                                                                                    "operator_cardinality": 39945,
                                                                                                                                    "cumulative_rows_scanned": 12744093,
                                                                                                                                    "operator_rows_scanned": 12744093,
                                                                                                                                    "operator_timing": 0.17195625799999986,
                                                                                                                                    "result_set_size": 159780,
                                                                                                                                    "children": []
                                                                                                                                }
                                                                                                                            ]
                                                                                                                        }
                                                                                                                    ]
                                                                                                                }
                                                                                                            ]
                                                                                                        }
                                                                                                    ]
                                                                                                }
                                                                                            ]
                                                                                        }
                                                                                    ]
                                                                                }
                                                                            ]
                                                                        }
                                                                    ]
                                                                }
                                                            ]
                                                        }
                                                    ]
                                                }
                                            ]
                                        }
                                    ]
                                }
                            ]
                        }
                    ]
                }
            ]
        }
    ]
}