{
    "rows_returned": 10,
    "query_name": "WITH UserBadgeCounts AS (\n    SELECT \n        U.Id AS UserId, \n        COUNT(B.Id) AS TotalBadges,\n        SUM(CASE WHEN B.Class = 1 THEN 1 ELSE 0 END) AS GoldBadges,\n        SUM(CASE WHEN B.Class = 2 THEN 1 ELSE 0 END) AS SilverBadges,\n        SUM(CASE WHEN B.Class = 3 THEN 1 ELSE 0 END) AS BronzeBadges\n    FROM Users U\n    LEFT JOIN Badges B ON U.Id = B.UserId\n    GROUP BY U.Id\n),\nPostActivity AS (\n    SELECT \n        P.OwnerUserId,\n        COUNT(CASE WHEN PH.PostHistoryTypeId IN (10, 11) THEN 1 END) AS CloseReopens,\n        COUNT(CASE WHEN PH.PostHistoryTypeId IN (12, 13) THEN 1 END) AS PostDeletes,\n        COUNT(DISTINCT C.Id) AS CommentCount\n    FROM Posts P\n    LEFT JOIN PostHistory PH ON P.Id = PH.PostId\n    LEFT JOIN Comments C ON P.Id = C.PostId\n    GROUP BY P.OwnerUserId\n),\nRecentVotes AS (\n    SELECT \n        V.UserId,\n        COUNT(V.Id) AS TotalVotes,\n        SUM(CASE WHEN V.VoteTypeId = 2 THEN 1 ELSE 0 END) AS UpVotes,\n        SUM(CASE WHEN V.VoteTypeId = 3 THEN 1 ELSE 0 END) AS DownVotes\n    FROM Votes V\n    WHERE V.CreationDate >= cast('2024-10-01' as date) - INTERVAL '30 days'\n    GROUP BY V.UserId\n),\nUserStatistics AS (\n    SELECT \n        U.Id,\n        U.DisplayName,\n        COALESCE(UBC.TotalBadges, 0) AS BadgeCount,\n        COALESCE(PA.CommentCount, 0) AS CommentCount,\n        COALESCE(RV.TotalVotes, 0) AS TotalVotes,\n        COALESCE(RV.UpVotes, 0) AS UpVotes,\n        COALESCE(RV.DownVotes, 0) AS DownVotes,\n        CASE \n            WHEN COALESCE(PA.CloseReopens, 0) + COALESCE(PA.PostDeletes, 0) > 0 THEN 'Active'\n            ELSE 'Inactive'\n        END AS ActivityStatus\n    FROM Users U\n    LEFT JOIN UserBadgeCounts UBC ON U.Id = UBC.UserId\n    LEFT JOIN PostActivity PA ON U.Id = PA.OwnerUserId\n    LEFT JOIN RecentVotes RV ON U.Id = RV.UserId\n)\nSELECT \n    U.DisplayName,\n    U.BadgeCount,\n    U.CommentCount,\n    U.TotalVotes,\n    U.UpVotes,\n    U.DownVotes,\n    U.ActivityStatus\nFROM UserStatistics U\nWHERE U.BadgeCount > 0\n  AND U.TotalVotes > 0\n  AND U.CommentCount > (SELECT AVG(CommentCount) FROM UserStatistics)  \nORDER BY U.BadgeCount DESC, U.TotalVotes DESC\nLIMIT 10;",
    "blocked_thread_time": 0.0,
    "cpu_time": 13.96051306000002,
    "extra_info": {},
    "cumulative_cardinality": 237347645,
    "cumulative_rows_scanned": 80948838,
    "result_set_size": 880,
    "latency": 15.69129674,
    "children": [
        {
            "operator_name": "STREAMING_LIMIT",
            "cpu_time": 13.96051306000002,
            "extra_info": {},
            "cumulative_cardinality": 237347645,
            "operator_type": "STREAMING_LIMIT",
            "operator_cardinality": 10,
            "cumulative_rows_scanned": 80948838,
            "operator_rows_scanned": 0,
            "operator_timing": 8.92e-7,
            "result_set_size": 880,
            "children": [
                {
                    "operator_name": "PROJECTION",
                    "cpu_time": 13.96051216800002,
                    "extra_info": {
                        "Projections": [
                            "#0",
                            "#1",
                            "#2",
                            "#3",
                            "#4",
                            "#5",
                            "__internal_decompress_string(#6)"
                        ],
                        "Estimated Cardinality": "1945967"
                    },
                    "cumulative_cardinality": 237347635,
                    "operator_type": "PROJECTION",
                    "operator_cardinality": 144,
                    "cumulative_rows_scanned": 80948838,
                    "operator_rows_scanned": 0,
                    "operator_timing": 0.000003376,
                    "result_set_size": 12672,
                    "children": [
                        {
                            "operator_name": "ORDER_BY",
                            "cpu_time": 13.96050879200002,
                            "extra_info": {
                                "Order By": [
                                    "U.BadgeCount DESC",
                                    "U.TotalVotes DESC"
                                ]
                            },
                            "cumulative_cardinality": 237347491,
                            "operator_type": "ORDER_BY",
                            "operator_cardinality": 144,
                            "cumulative_rows_scanned": 80948838,
                            "operator_rows_scanned": 0,
                            "operator_timing": 0.000060413999999999995,
                            "result_set_size": 12672,
                            "children": [
                                {
                                    "operator_name": "PROJECTION",
                                    "cpu_time": 13.96044837800002,
                                    "extra_info": {
                                        "Projections": [
                                            "#0",
                                            "#1",
                                            "#2",
                                            "#3",
                                            "#4",
                                            "#5",
                                            "__internal_compress_string_hugeint(#6)"
                                        ],
                                        "Estimated Cardinality": "1945967"
                                    },
                                    "cumulative_cardinality": 237347347,
                                    "operator_type": "PROJECTION",
                                    "operator_cardinality": 144,
                                    "cumulative_rows_scanned": 80948838,
                                    "operator_rows_scanned": 0,
                                    "operator_timing": 0.000005441,
                                    "result_set_size": 12672,
                                    "children": [
                                        {
                                            "operator_name": "PROJECTION",
                                            "cpu_time": 13.96044293700002,
                                            "extra_info": {
                                                "Projections": [
                                                    "displayname",
                                                    "BadgeCount",
                                                    "CommentCount",
                                                    "TotalVotes",
                                                    "UpVotes",
                                                    "DownVotes",
                                                    "ActivityStatus"
                                                ],
                                                "Estimated Cardinality": "1945967"
                                            },
                                            "cumulative_cardinality": 237347203,
                                            "operator_type": "PROJECTION",
                                            "operator_cardinality": 144,
                                            "cumulative_rows_scanned": 80948838,
                                            "operator_rows_scanned": 0,
                                            "operator_timing": 0.000002234,
                                            "result_set_size": 12672,
                                            "children": [
                                                {
                                                    "operator_name": "NESTED_LOOP_JOIN",
                                                    "cpu_time": 13.96044070300002,
                                                    "extra_info": {
                                                        "Join Type": "INNER",
                                                        "Conditions": "CAST(CommentCount AS DOUBLE) > SUBQUERY",
                                                        "Estimated Cardinality": "1945967"
                                                    },
                                                    "cumulative_cardinality": 237347059,
                                                    "operator_type": "NESTED_LOOP_JOIN",
                                                    "operator_cardinality": 144,
                                                    "cumulative_rows_scanned": 80948838,
                                                    "operator_rows_scanned": 0,
                                                    "operator_timing": 0.00011330099999999999,
                                                    "result_set_size": 13824,
                                                    "children": [
                                                        {
                                                            "operator_name": "PROJECTION",
                                                            "cpu_time": 8.278298972999998,
                                                            "extra_info": {
                                                                "Projections": [
                                                                    "displayname",
                                                                    "BadgeCount",
                                                                    "CommentCount",
                                                                    "TotalVotes",
                                                                    "UpVotes",
                                                                    "DownVotes",
                                                                    "ActivityStatus"
                                                                ],
                                                                "Estimated Cardinality": "778387"
                                                            },
                                                            "cumulative_cardinality": 116619447,
                                                            "operator_type": "PROJECTION",
                                                            "operator_cardinality": 150,
                                                            "cumulative_rows_scanned": 40474419,
                                                            "operator_rows_scanned": 0,
                                                            "operator_timing": 0.00006852799999999999,
                                                            "result_set_size": 13200,
                                                            "children": [
                                                                {
                                                                    "operator_name": "HASH_JOIN",
                                                                    "cpu_time": 8.278230444999998,
                                                                    "extra_info": {
                                                                        "Join Type": "INNER",
                                                                        "Conditions": "id = userid",
                                                                        "Estimated Cardinality": "778387"
                                                                    },
                                                                    "cumulative_cardinality": 116619297,
                                                                    "operator_type": "HASH_JOIN",
                                                                    "operator_cardinality": 150,
                                                                    "cumulative_rows_scanned": 40474419,
                                                                    "operator_rows_scanned": 0,
                                                                    "operator_timing": 0.004976300000000001,
                                                                    "result_set_size": 13200,
                                                                    "children": [
                                                                        {
                                                                            "operator_name": "FILTER",
                                                                            "cpu_time": 8.024937873999999,
                                                                            "extra_info": {
                                                                                "Expression": "(id <= 1400285)",
                                                                                "Estimated Cardinality": "3850116"
                                                                            },
                                                                            "cumulative_cardinality": 116513949,
                                                                            "operator_type": "FILTER",
                                                                            "operator_cardinality": 548057,
                                                                            "cumulative_rows_scanned": 27730326,
                                                                            "operator_rows_scanned": 0,
                                                                            "operator_timing": 0.0007427890000000002,
                                                                            "result_set_size": 28498964,
                                                                            "children": [
                                                                                {
                                                                                    "operator_name": "HASH_JOIN",
                                                                                    "cpu_time": 8.024195084999999,
                                                                                    "extra_info": {
                                                                                        "Join Type": "RIGHT",
                                                                                        "Conditions": "owneruserid = id",
                                                                                        "Estimated Cardinality": "3850116"
                                                                                    },
                                                                                    "cumulative_cardinality": 115965892,
                                                                                    "operator_type": "HASH_JOIN",
                                                                                    "operator_cardinality": 549021,
                                                                                    "cumulative_rows_scanned": 27730326,
                                                                                    "operator_rows_scanned": 0,
                                                                                    "operator_timing": 0.08642394200000003,
                                                                                    "result_set_size": 28549092,
                                                                                    "children": [
                                                                                        {
                                                                                            "operator_name": "HASH_GROUP_BY",
                                                                                            "cpu_time": 5.819925770999999,
                                                                                            "extra_info": {
                                                                                                "Groups": "#0",
                                                                                                "Aggregates": [
                                                                                                    "count(#1)",
                                                                                                    "count(#2)",
                                                                                                    "count(DISTINCT #3)"
                                                                                                ],
                                                                                                "Estimated Cardinality": "3850116"
                                                                                            },
                                                                                            "cumulative_cardinality": 102148188,
                                                                                            "operator_type": "HASH_GROUP_BY",
                                                                                            "operator_cardinality": 371632,
                                                                                            "cumulative_rows_scanned": 22887182,
                                                                                            "operator_rows_scanned": 0,
                                                                                            "operator_timing": 2.541321238000004,
                                                                                            "result_set_size": 10405696,
                                                                                            "children": [
                                                                                                {
                                                                                                    "operator_name": "PROJECTION",
                                                                                                    "cpu_time": 3.278604532999995,
                                                                                                    "extra_info": {
                                                                                                        "Projections": [
                                                                                                            "owneruserid",
                                                                                                            "CASE  WHEN ((posthistorytypeid IN (10, 11))) THEN (1) ELSE NULL END",
                                                                                                            "CASE  WHEN ((posthistorytypeid IN (12, 13))) THEN (1) ELSE NULL END",
                                                                                                            "id"
                                                                                                        ],
                                                                                                        "Estimated Cardinality": "11795244"
                                                                                                    },
                                                                                                    "cumulative_cardinality": 101776556,
                                                                                                    "operator_type": "PROJECTION",
                                                                                                    "operator_cardinality": 33547065,
                                                                                                    "cumulative_rows_scanned": 22887182,
                                                                                                    "operator_rows_scanned": 0,
                                                                                                    "operator_timing": 0.7487466980000038,
                                                                                                    "result_set_size": 536753040,
                                                                                                    "children": [
                                                                                                        {
                                                                                                            "operator_name": "HASH_JOIN",
                                                                                                            "cpu_time": 2.529857834999991,
                                                                                                            "extra_info": {
                                                                                                                "Join Type": "LEFT",
                                                                                                                "Conditions": "id = postid",
                                                                                                                "Estimated Cardinality": "11795244"
                                                                                                            },
                                                                                                            "cumulative_cardinality": 68229491,
                                                                                                            "operator_type": "HASH_JOIN",
                                                                                                            "operator_cardinality": 33547065,
                                                                                                            "cumulative_rows_scanned": 22887182,
                                                                                                            "operator_rows_scanned": 0,
                                                                                                            "operator_timing": 1.2704121789999978,
                                                                                                            "result_set_size": 335470650,
                                                                                                            "children": [
                                                                                                                {
                                                                                                                    "operator_name": "HASH_JOIN",
                                                                                                                    "cpu_time": 1.1214390449999934,
                                                                                                                    "extra_info": {
                                                                                                                        "Join Type": "RIGHT",
                                                                                                                        "Conditions": "postid = id",
                                                                                                                        "Estimated Cardinality": "11795244"
                                                                                                                    },
                                                                                                                    "cumulative_cardinality": 27440604,
                                                                                                                    "operator_type": "HASH_JOIN",
                                                                                                                    "operator_cardinality": 11795244,
                                                                                                                    "cumulative_rows_scanned": 15645360,
                                                                                                                    "operator_rows_scanned": 0,
                                                                                                                    "operator_timing": 0.7868016809999943,
                                                                                                                    "result_set_size": 117952440,
                                                                                                                    "children": [
                                                                                                                        {
                                                                                                                            "operator_name": "READ_PARQUET ",
                                                                                                                            "cpu_time": 0.2432307049999991,
                                                                                                                            "extra_info": {
                                                                                                                                "Function": "READ_PARQUET",
                                                                                                                                "Projections": [
                                                                                                                                    "posthistorytypeid",
                                                                                                                                    "postid"
                                                                                                                                ],
                                                                                                                                "Estimated Cardinality": "11795244"
                                                                                                                            },
                                                                                                                            "cumulative_cardinality": 11795244,
                                                                                                                            "operator_type": "TABLE_SCAN",
                                                                                                                            "operator_cardinality": 11795244,
                                                                                                                            "cumulative_rows_scanned": 11795244,
                                                                                                                            "operator_rows_scanned": 11795244,
                                                                                                                            "operator_timing": 0.2432307049999991,
                                                                                                                            "result_set_size": 70771464,
                                                                                                                            "children": []
                                                                                                                        },
                                                                                                                        {
                                                                                                                            "operator_name": "READ_PARQUET ",
                                                                                                                            "cpu_time": 0.09140665900000007,
                                                                                                                            "extra_info": {
                                                                                                                                "Function": "READ_PARQUET",
                                                                                                                                "Projections": [
                                                                                                                                    "id",
                                                                                                                                    "owneruserid"
                                                                                                                                ],
                                                                                                                                "Estimated Cardinality": "3850116"
                                                                                                                            },
                                                                                                                            "cumulative_cardinality": 3850116,
                                                                                                                            "operator_type": "TABLE_SCAN",
                                                                                                                            "operator_cardinality": 3850116,
                                                                                                                            "cumulative_rows_scanned": 3850116,
                                                                                                                            "operator_rows_scanned": 3850116,
                                                                                                                            "operator_timing": 0.09140665900000007,
                                                                                                                            "result_set_size": 30800928,
                                                                                                                            "children": []
                                                                                                                        }
                                                                                                                    ]
                                                                                                                },
                                                                                                                {
                                                                                                                    "operator_name": "READ_PARQUET ",
                                                                                                                    "cpu_time": 0.13800661100000003,
                                                                                                                    "extra_info": {
                                                                                                                        "Function": "READ_PARQUET",
                                                                                                                        "Projections": [
                                                                                                                            "id",
                                                                                                                            "postid"
                                                                                                                        ],
                                                                                                                        "Estimated Cardinality": "7241822"
                                                                                                                    },
                                                                                                                    "cumulative_cardinality": 7241822,
                                                                                                                    "operator_type": "TABLE_SCAN",
                                                                                                                    "operator_cardinality": 7241822,
                                                                                                                    "cumulative_rows_scanned": 7241822,
                                                                                                                    "operator_rows_scanned": 7241822,
                                                                                                                    "operator_timing": 0.13800661100000003,
                                                                                                                    "result_set_size": 57934576,
                                                                                                                    "children": []
                                                                                                                }
                                                                                                            ]
                                                                                                        }
                                                                                                    ]
                                                                                                }
                                                                                            ]
                                                                                        },
                                                                                        {
                                                                                            "operator_name": "HASH_JOIN",
                                                                                            "cpu_time": 2.1178453719999997,
                                                                                            "extra_info": {
                                                                                                "Join Type": "INNER",
                                                                                                "Conditions": "id = UserId",
                                                                                                "Estimated Cardinality": "252142"
                                                                                            },
                                                                                            "cumulative_cardinality": 13268683,
                                                                                            "operator_type": "HASH_JOIN",
                                                                                            "operator_cardinality": 549021,
                                                                                            "cumulative_rows_scanned": 4843144,
                                                                                            "operator_rows_scanned": 0,
                                                                                            "operator_timing": 0.0925388339999999,
                                                                                            "result_set_size": 15372588,
                                                                                            "children": [
                                                                                                {
                                                                                                    "operator_name": "READ_PARQUET ",
                                                                                                    "cpu_time": 0.16666829099999994,
                                                                                                    "extra_info": {
                                                                                                        "Function": "READ_PARQUET",
                                                                                                        "Projections": [
                                                                                                            "id",
                                                                                                            "displayname"
                                                                                                        ],
                                                                                                        "Estimated Cardinality": "1260710"
                                                                                                    },
                                                                                                    "cumulative_cardinality": 1260671,
                                                                                                    "operator_type": "TABLE_SCAN",
                                                                                                    "operator_cardinality": 1260671,
                                                                                                    "cumulative_rows_scanned": 1260710,
                                                                                                    "operator_rows_scanned": 1260710,
                                                                                                    "operator_timing": 0.16666829099999994,
                                                                                                    "result_set_size": 25213420,
                                                                                                    "children": []
                                                                                                },
                                                                                                {
                                                                                                    "operator_name": "FILTER",
                                                                                                    "cpu_time": 1.858638247,
                                                                                                    "extra_info": {
                                                                                                        "Expression": "(COALESCE(TotalBadges, 0) > 0)",
                                                                                                        "Estimated Cardinality": "252142"
                                                                                                    },
                                                                                                    "cumulative_cardinality": 11458991,
                                                                                                    "operator_type": "FILTER",
                                                                                                    "operator_cardinality": 549021,
                                                                                                    "cumulative_rows_scanned": 3582434,
                                                                                                    "operator_rows_scanned": 0,
                                                                                                    "operator_timing": 0.018221712999999983,
                                                                                                    "result_set_size": 6588252,
                                                                                                    "children": [
                                                                                                        {
                                                                                                            "operator_name": "HASH_GROUP_BY",
                                                                                                            "cpu_time": 1.840416534,
                                                                                                            "extra_info": {
                                                                                                                "Groups": "#0",
                                                                                                                "Aggregates": "count(#1)",
                                                                                                                "Estimated Cardinality": "1260710"
                                                                                                            },
                                                                                                            "cumulative_cardinality": 10909970,
                                                                                                            "operator_type": "HASH_GROUP_BY",
                                                                                                            "operator_cardinality": 1260710,
                                                                                                            "cumulative_rows_scanned": 3582434,
                                                                                                            "operator_rows_scanned": 0,
                                                                                                            "operator_timing": 0.2709187639999999,
                                                                                                            "result_set_size": 15128520,
                                                                                                            "children": [
                                                                                                                {
                                                                                                                    "operator_name": "PROJECTION",
                                                                                                                    "cpu_time": 1.5694977700000001,
                                                                                                                    "extra_info": {
                                                                                                                        "Projections": [
                                                                                                                            "id",
                                                                                                                            "id"
                                                                                                                        ],
                                                                                                                        "Estimated Cardinality": "2321724"
                                                                                                                    },
                                                                                                                    "cumulative_cardinality": 9649260,
                                                                                                                    "operator_type": "PROJECTION",
                                                                                                                    "operator_cardinality": 3033413,
                                                                                                                    "cumulative_rows_scanned": 3582434,
                                                                                                                    "operator_rows_scanned": 0,
                                                                                                                    "operator_timing": 0.0006914389999999999,
                                                                                                                    "result_set_size": 24267304,
                                                                                                                    "children": [
                                                                                                                        {
                                                                                                                            "operator_name": "HASH_JOIN",
                                                                                                                            "cpu_time": 1.5688063310000002,
                                                                                                                            "extra_info": {
                                                                                                                                "Join Type": "RIGHT",
                                                                                                                                "Conditions": "userid = id",
                                                                                                                                "Estimated Cardinality": "2321724"
                                                                                                                            },
                                                                                                                            "cumulative_cardinality": 6615847,
                                                                                                                            "operator_type": "HASH_JOIN",
                                                                                                                            "operator_cardinality": 3033413,
                                                                                                                            "cumulative_rows_scanned": 3582434,
                                                                                                                            "operator_rows_scanned": 0,
                                                                                                                            "operator_timing": 0.2297578340000002,
                                                                                                                            "result_set_size": 24267304,
                                                                                                                            "children": [
                                                                                                                                {
                                                                                                                                    "operator_name": "READ_PARQUET ",
                                                                                                                                    "cpu_time": 1.33245801,
                                                                                                                                    "extra_info": {
                                                                                                                                        "Function": "READ_PARQUET",
                                                                                                                                        "Projections": [
                                                                                                                                            "id",
                                                                                                                                            "userid"
                                                                                                                                        ],
                                                                                                                                        "Estimated Cardinality": "2321724"
                                                                                                                                    },
                                                                                                                                    "cumulative_cardinality": 2321724,
                                                                                                                                    "operator_type": "TABLE_SCAN",
                                                                                                                                    "operator_cardinality": 2321724,
                                                                                                                                    "cumulative_rows_scanned": 2321724,
                                                                                                                                    "operator_rows_scanned": 2321724,
                                                                                                                                    "operator_timing": 1.33245801,
                                                                                                                                    "result_set_size": 18573792,
                                                                                                                                    "children": []
                                                                                                                                },
                                                                                                                                {
                                                                                                                                    "operator_name": "READ_PARQUET ",
                                                                                                                                    "cpu_time": 0.00659048700000001,
                                                                                                                                    "extra_info": {
                                                                                                                                        "Function": "READ_PARQUET",
                                                                                                                                        "Projections": "id",
                                                                                                                                        "Estimated Cardinality": "1260710"
                                                                                                                                    },
                                                                                                                                    "cumulative_cardinality": 1260710,
                                                                                                                                    "operator_type": "TABLE_SCAN",
                                                                                                                                    "operator_cardinality": 1260710,
                                                                                                                                    "cumulative_rows_scanned": 1260710,
                                                                                                                                    "operator_rows_scanned": 1260710,
                                                                                                                                    "operator_timing": 0.00659048700000001,
                                                                                                                                    "result_set_size": 5042840,
                                                                                                                                    "children": []
                                                                                                                                }
                                                                                                                            ]
                                                                                                                        }
                                                                                                                    ]
                                                                                                                }
                                                                                                            ]
                                                                                                        }
                                                                                                    ]
                                                                                                }
                                                                                            ]
                                                                                        }
                                                                                    ]
                                                                                }
                                                                            ]
                                                                        },
                                                                        {
                                                                            "operator_name": "FILTER",
                                                                            "cpu_time": 0.24831627099999967,
                                                                            "extra_info": {
                                                                                "Expression": "(COALESCE(TotalVotes, 0) > 0)",
                                                                                "Estimated Cardinality": "254881"
                                                                            },
                                                                            "cumulative_cardinality": 105198,
                                                                            "operator_type": "FILTER",
                                                                            "operator_cardinality": 152,
                                                                            "cumulative_rows_scanned": 12744093,
                                                                            "operator_rows_scanned": 0,
                                                                            "operator_timing": 0.000016040000000000002,
                                                                            "result_set_size": 6688,
                                                                            "children": [
                                                                                {
                                                                                    "operator_name": "HASH_GROUP_BY",
                                                                                    "cpu_time": 0.24830023099999968,
                                                                                    "extra_info": {
                                                                                        "Groups": "#0",
                                                                                        "Aggregates": [
                                                                                            "count_star()",
                                                                                            "sum(#1)",
                                                                                            "sum(#2)"
                                                                                        ],
                                                                                        "Estimated Cardinality": "1274409"
                                                                                    },
                                                                                    "cumulative_cardinality": 105046,
                                                                                    "operator_type": "HASH_GROUP_BY",
                                                                                    "operator_cardinality": 152,
                                                                                    "cumulative_rows_scanned": 12744093,
                                                                                    "operator_rows_scanned": 0,
                                                                                    "operator_timing": 0.00456764200000002,
                                                                                    "result_set_size": 6688,
                                                                                    "children": [
                                                                                        {
                                                                                            "operator_name": "PROJECTION",
                                                                                            "cpu_time": 0.24373258899999967,
                                                                                            "extra_info": {
                                                                                                "Projections": [
                                                                                                    "userid",
                                                                                                    "CASE  WHEN ((votetypeid = 2)) THEN (1) ELSE 0 END",
                                                                                                    "CASE  WHEN ((votetypeid = 3)) THEN (1) ELSE 0 END"
                                                                                                ],
                                                                                                "Estimated Cardinality": "2548818"
                                                                                            },
                                                                                            "cumulative_cardinality": 104894,
                                                                                            "operator_type": "PROJECTION",
                                                                                            "operator_cardinality": 52447,
                                                                                            "cumulative_rows_scanned": 12744093,
                                                                                            "operator_rows_scanned": 0,
                                                                                            "operator_timing": 0.005401364000000025,
                                                                                            "result_set_size": 629364,
                                                                                            "children": [
                                                                                                {
                                                                                                    "operator_name": "READ_PARQUET ",
                                                                                                    "cpu_time": 0.23833122499999965,
                                                                                                    "extra_info": {
                                                                                                        "Function": "READ_PARQUET",
                                                                                                        "Projections": [
                                                                                                            "id",
                                                                                                            "votetypeid",
                                                                                                            "userid"
                                                                                                        ],
                                                                                                        "Filters": "creationdate>='2024-09-01 00:00:00'::TIMESTAMP",
                                                                                                        "Estimated Cardinality": "2548818"
                                                                                                    },
                                                                                                    "cumulative_cardinality": 52447,
                                                                                                    "operator_type": "TABLE_SCAN",
                                                                                                    "operator_cardinality": 52447,
                                                                                                    "cumulative_rows_scanned": 12744093,
                                                                                                    "operator_rows_scanned": 12744093,
                                                                                                    "operator_timing": 0.23833122499999965,
                                                                                                    "result_set_size": 524470,
                                                                                                    "children": []
                                                                                                }
                                                                                            ]
                                                                                        }
                                                                                    ]
                                                                                }
                                                                            ]
                                                                        }
                                                                    ]
                                                                }
                                                            ]
                                                        },
                                                        {
                                                            "operator_name": "PROJECTION",
                                                            "cpu_time": 5.68202842900002,
                                                            "extra_info": {
                                                                "Projections": [
                                                                    "CASE  WHEN ((#1 > 1)) THEN (error('More than one row returned by a subquery used as an expression - scalar subqueries can only return a single row.",
                                                                    "Use \"SET scalar_subquery_error_on_multiple_rows=false\" to revert to previous behavior of returning a random row.')) ELSE #0 END"
                                                                ],
                                                                "Estimated Cardinality": "1"
                                                            },
                                                            "cumulative_cardinality": 120727468,
                                                            "operator_type": "PROJECTION",
                                                            "operator_cardinality": 1,
                                                            "cumulative_rows_scanned": 40474419,
                                                            "operator_rows_scanned": 0,
                                                            "operator_timing": 0.000002204,
                                                            "result_set_size": 8,
                                                            "children": [
                                                                {
                                                                    "operator_name": "UNGROUPED_AGGREGATE",
                                                                    "cpu_time": 5.68202622500002,
                                                                    "extra_info": {
                                                                        "Aggregates": [
                                                                            "\"first\"(#0)",
                                                                            "count_star()"
                                                                        ]
                                                                    },
                                                                    "cumulative_cardinality": 120727467,
                                                                    "operator_type": "UNGROUPED_AGGREGATE",
                                                                    "operator_cardinality": 1,
                                                                    "cumulative_rows_scanned": 40474419,
                                                                    "operator_rows_scanned": 0,
                                                                    "operator_timing": 0.000019006,
                                                                    "result_set_size": 16,
                                                                    "children": [
                                                                        {
                                                                            "operator_name": "PROJECTION",
                                                                            "cpu_time": 5.68200721900002,
                                                                            "extra_info": {
                                                                                "Projections": "#0",
                                                                                "Estimated Cardinality": "1"
                                                                            },
                                                                            "cumulative_cardinality": 120727466,
                                                                            "operator_type": "PROJECTION",
                                                                            "operator_cardinality": 1,
                                                                            "cumulative_rows_scanned": 40474419,
                                                                            "operator_rows_scanned": 0,
                                                                            "operator_timing": 2.51e-7,
                                                                            "result_set_size": 8,
                                                                            "children": [
                                                                                {
                                                                                    "operator_name": "UNGROUPED_AGGREGATE",
                                                                                    "cpu_time": 5.68200696800002,
                                                                                    "extra_info": {
                                                                                        "Aggregates": "avg(#0)"
                                                                                    },
                                                                                    "cumulative_cardinality": 120727465,
                                                                                    "operator_type": "UNGROUPED_AGGREGATE",
                                                                                    "operator_cardinality": 1,
                                                                                    "cumulative_rows_scanned": 40474419,
                                                                                    "operator_rows_scanned": 0,
                                                                                    "operator_timing": 0.0013358139999999972,
                                                                                    "result_set_size": 8,
                                                                                    "children": [
                                                                                        {
                                                                                            "operator_name": "PROJECTION",
                                                                                            "cpu_time": 5.68067115400002,
                                                                                            "extra_info": {
                                                                                                "Projections": "CommentCount",
                                                                                                "Estimated Cardinality": "3850116"
                                                                                            },
                                                                                            "cumulative_cardinality": 120727464,
                                                                                            "operator_type": "PROJECTION",
                                                                                            "operator_cardinality": 1260710,
                                                                                            "cumulative_rows_scanned": 40474419,
                                                                                            "operator_rows_scanned": 0,
                                                                                            "operator_timing": 0.00008437199999999985,
                                                                                            "result_set_size": 10085680,
                                                                                            "children": [
                                                                                                {
                                                                                                    "operator_name": "PROJECTION",
                                                                                                    "cpu_time": 5.68058678200002,
                                                                                                    "extra_info": {
                                                                                                        "Projections": "CommentCount",
                                                                                                        "Estimated Cardinality": "3850116"
                                                                                                    },
                                                                                                    "cumulative_cardinality": 119466754,
                                                                                                    "operator_type": "PROJECTION",
                                                                                                    "operator_cardinality": 1260710,
                                                                                                    "cumulative_rows_scanned": 40474419,
                                                                                                    "operator_rows_scanned": 0,
                                                                                                    "operator_timing": 0.005617715000000002,
                                                                                                    "result_set_size": 10085680,
                                                                                                    "children": [
                                                                                                        {
                                                                                                            "operator_name": "HASH_JOIN",
                                                                                                            "cpu_time": 5.674969067000021,
                                                                                                            "extra_info": {
                                                                                                                "Join Type": "LEFT",
                                                                                                                "Conditions": "id = userid",
                                                                                                                "Estimated Cardinality": "3850116"
                                                                                                            },
                                                                                                            "cumulative_cardinality": 118206044,
                                                                                                            "operator_type": "HASH_JOIN",
                                                                                                            "operator_cardinality": 1260710,
                                                                                                            "cumulative_rows_scanned": 40474419,
                                                                                                            "operator_rows_scanned": 0,
                                                                                                            "operator_timing": 0.009587425999999987,
                                                                                                            "result_set_size": 15128520,
                                                                                                            "children": [
                                                                                                                {
                                                                                                                    "operator_name": "HASH_JOIN",
                                                                                                                    "cpu_time": 5.53978230800002,
                                                                                                                    "extra_info": {
                                                                                                                        "Join Type": "RIGHT",
                                                                                                                        "Conditions": "owneruserid = id",
                                                                                                                        "Estimated Cardinality": "3850116"
                                                                                                                    },
                                                                                                                    "cumulative_cardinality": 116840288,
                                                                                                                    "operator_type": "HASH_JOIN",
                                                                                                                    "operator_cardinality": 1260710,
                                                                                                                    "cumulative_rows_scanned": 27730326,
                                                                                                                    "operator_rows_scanned": 0,
                                                                                                                    "operator_timing": 0.07501051500000003,
                                                                                                                    "result_set_size": 15128520,
                                                                                                                    "children": [
                                                                                                                        {
                                                                                                                            "operator_name": "HASH_GROUP_BY",
                                                                                                                            "cpu_time": 4.93563271100002,
                                                                                                                            "extra_info": {
                                                                                                                                "Groups": "#0",
                                                                                                                                "Aggregates": "count(DISTINCT #1)",
                                                                                                                                "Estimated Cardinality": "3850116"
                                                                                                                            },
                                                                                                                            "cumulative_cardinality": 102148188,
                                                                                                                            "operator_type": "HASH_GROUP_BY",
                                                                                                                            "operator_cardinality": 371632,
                                                                                                                            "cumulative_rows_scanned": 22887182,
                                                                                                                            "operator_rows_scanned": 0,
                                                                                                                            "operator_timing": 2.00855693600001,
                                                                                                                            "result_set_size": 4459584,
                                                                                                                            "children": [
                                                                                                                                {
                                                                                                                                    "operator_name": "PROJECTION",
                                                                                                                                    "cpu_time": 2.92707577500001,
                                                                                                                                    "extra_info": {
                                                                                                                                        "Projections": [
                                                                                                                                            "owneruserid",
                                                                                                                                            "id"
                                                                                                                                        ],
                                                                                                                                        "Estimated Cardinality": "11795244"
                                                                                                                                    },
                                                                                                                                    "cumulative_cardinality": 101776556,
                                                                                                                                    "operator_type": "PROJECTION",
                                                                                                                                    "operator_cardinality": 33547065,
                                                                                                                                    "cumulative_rows_scanned": 22887182,
                                                                                                                                    "operator_rows_scanned": 0,
                                                                                                                                    "operator_timing": 0.005744633000000133,
                                                                                                                                    "result_set_size": 268376520,
                                                                                                                                    "children": [
                                                                                                                                        {
                                                                                                                                            "operator_name": "HASH_JOIN",
                                                                                                                                            "cpu_time": 2.92133114200001,
                                                                                                                                            "extra_info": {
                                                                                                                                                "Join Type": "LEFT",
                                                                                                                                                "Conditions": "id = postid",
                                                                                                                                                "Estimated Cardinality": "11795244"
                                                                                                                                            },
                                                                                                                                            "cumulative_cardinality": 68229491,
                                                                                                                                            "operator_type": "HASH_JOIN",
                                                                                                                                            "operator_cardinality": 33547065,
                                                                                                                                            "cumulative_rows_scanned": 22887182,
                                                                                                                                            "operator_rows_scanned": 0,
                                                                                                                                            "operator_timing": 1.0648479420000039,
                                                                                                                                            "result_set_size": 268376520,
                                                                                                                                            "children": [
                                                                                                                                                {
                                                                                                                                                    "operator_name": "HASH_JOIN",
                                                                                                                                                    "cpu_time": 1.7742471610000057,
                                                                                                                                                    "extra_info": {
                                                                                                                                                        "Join Type": "RIGHT",
                                                                                                                                                        "Conditions": "postid = id",
                                                                                                                                                        "Estimated Cardinality": "11795244"
                                                                                                                                                    },
                                                                                                                                                    "cumulative_cardinality": 27440604,
                                                                                                                                                    "operator_type": "HASH_JOIN",
                                                                                                                                                    "operator_cardinality": 11795244,
                                                                                                                                                    "cumulative_rows_scanned": 15645360,
                                                                                                                                                    "operator_rows_scanned": 0,
                                                                                                                                                    "operator_timing": 0.7805350830000041,
                                                                                                                                                    "result_set_size": 141542928,
                                                                                                                                                    "children": [
                                                                                                                                                        {
                                                                                                                                                            "operator_name": "READ_PARQUET ",
                                                                                                                                                            "cpu_time": 0.9542813730000016,
                                                                                                                                                            "extra_info": {
                                                                                                                                                                "Function": "READ_PARQUET",
                                                                                                                                                                "Projections": "postid",
                                                                                                                                                                "Estimated Cardinality": "11795244"
                                                                                                                                                            },
                                                                                                                                                            "cumulative_cardinality": 11795244,
                                                                                                                                                            "operator_type": "TABLE_SCAN",
                                                                                                                                                            "operator_cardinality": 11795244,
                                                                                                                                                            "cumulative_rows_scanned": 11795244,
                                                                                                                                                            "operator_rows_scanned": 11795244,
                                                                                                                                                            "operator_timing": 0.9542813730000016,
                                                                                                                                                            "result_set_size": 47180976,
                                                                                                                                                            "children": []
                                                                                                                                                        },
                                                                                                                                                        {
                                                                                                                                                            "operator_name": "READ_PARQUET ",
                                                                                                                                                            "cpu_time": 0.039430705,
                                                                                                                                                            "extra_info": {
                                                                                                                                                                "Function": "READ_PARQUET",
                                                                                                                                                                "Projections": [
                                                                                                                                                                    "id",
                                                                                                                                                                    "owneruserid"
                                                                                                                                                                ],
                                                                                                                                                                "Estimated Cardinality": "3850116"
                                                                                                                                                            },
                                                                                                                                                            "cumulative_cardinality": 3850116,
                                                                                                                                                            "operator_type": "TABLE_SCAN",
                                                                                                                                                            "operator_cardinality": 3850116,
                                                                                                                                                            "cumulative_rows_scanned": 3850116,
                                                                                                                                                            "operator_rows_scanned": 3850116,
                                                                                                                                                            "operator_timing": 0.039430705,
                                                                                                                                                            "result_set_size": 30800928,
                                                                                                                                                            "children": []
                                                                                                                                                        }
                                                                                                                                                    ]
                                                                                                                                                },
                                                                                                                                                {
                                                                                                                                                    "operator_name": "READ_PARQUET ",
                                                                                                                                                    "cpu_time": 0.08223603900000001,
                                                                                                                                                    "extra_info": {
                                                                                                                                                        "Function": "READ_PARQUET",
                                                                                                                                                        "Projections": [
                                                                                                                                                            "id",
                                                                                                                                                            "postid"
                                                                                                                                                        ],
                                                                                                                                                        "Estimated Cardinality": "7241822"
                                                                                                                                                    },
                                                                                                                                                    "cumulative_cardinality": 7241822,
                                                                                                                                                    "operator_type": "TABLE_SCAN",
                                                                                                                                                    "operator_cardinality": 7241822,
                                                                                                                                                    "cumulative_rows_scanned": 7241822,
                                                                                                                                                    "operator_rows_scanned": 7241822,
                                                                                                                                                    "operator_timing": 0.08223603900000001,
                                                                                                                                                    "result_set_size": 57934576,
                                                                                                                                                    "children": []
                                                                                                                                                }
                                                                                                                                            ]
                                                                                                                                        }
                                                                                                                                    ]
                                                                                                                                }
                                                                                                                            ]
                                                                                                                        },
                                                                                                                        {
                                                                                                                            "operator_name": "HASH_JOIN",
                                                                                                                            "cpu_time": 0.5291390820000001,
                                                                                                                            "extra_info": {
                                                                                                                                "Join Type": "LEFT",
                                                                                                                                "Conditions": "id = UserId",
                                                                                                                                "Estimated Cardinality": "1260710"
                                                                                                                            },
                                                                                                                            "cumulative_cardinality": 13431390,
                                                                                                                            "operator_type": "HASH_JOIN",
                                                                                                                            "operator_cardinality": 1260710,
                                                                                                                            "cumulative_rows_scanned": 4843144,
                                                                                                                            "operator_rows_scanned": 0,
                                                                                                                            "operator_timing": 0.09019717499999998,
                                                                                                                            "result_set_size": 10085680,
                                                                                                                            "children": [
                                                                                                                                {
                                                                                                                                    "operator_name": "READ_PARQUET ",
                                                                                                                                    "cpu_time": 0.007370595999999995,
                                                                                                                                    "extra_info": {
                                                                                                                                        "Function": "READ_PARQUET",
                                                                                                                                        "Projections": "id",
                                                                                                                                        "Estimated Cardinality": "1260710"
                                                                                                                                    },
                                                                                                                                    "cumulative_cardinality": 1260710,
                                                                                                                                    "operator_type": "TABLE_SCAN",
                                                                                                                                    "operator_cardinality": 1260710,
                                                                                                                                    "cumulative_rows_scanned": 1260710,
                                                                                                                                    "operator_rows_scanned": 1260710,
                                                                                                                                    "operator_timing": 0.007370595999999995,
                                                                                                                                    "result_set_size": 5042840,
                                                                                                                                    "children": []
                                                                                                                                },
                                                                                                                                {
                                                                                                                                    "operator_name": "HASH_GROUP_BY",
                                                                                                                                    "cpu_time": 0.43157131100000024,
                                                                                                                                    "extra_info": {
                                                                                                                                        "Groups": "#0",
                                                                                                                                        "Aggregates": "",
                                                                                                                                        "Estimated Cardinality": "1260710"
                                                                                                                                    },
                                                                                                                                    "cumulative_cardinality": 10909970,
                                                                                                                                    "operator_type": "HASH_GROUP_BY",
                                                                                                                                    "operator_cardinality": 1260710,
                                                                                                                                    "cumulative_rows_scanned": 3582434,
                                                                                                                                    "operator_rows_scanned": 0,
                                                                                                                                    "operator_timing": 0.12626845,
                                                                                                                                    "result_set_size": 5042840,
                                                                                                                                    "children": [
                                                                                                                                        {
                                                                                                                                            "operator_name": "PROJECTION",
                                                                                                                                            "cpu_time": 0.30530286100000026,
                                                                                                                                            "extra_info": {
                                                                                                                                                "Projections": "id",
                                                                                                                                                "Estimated Cardinality": "2321724"
                                                                                                                                            },
                                                                                                                                            "cumulative_cardinality": 9649260,
                                                                                                                                            "operator_type": "PROJECTION",
                                                                                                                                            "operator_cardinality": 3033413,
                                                                                                                                            "cumulative_rows_scanned": 3582434,
                                                                                                                                            "operator_rows_scanned": 0,
                                                                                                                                            "operator_timing": 0.00028328299999999925,
                                                                                                                                            "result_set_size": 12133652,
                                                                                                                                            "children": [
                                                                                                                                                {
                                                                                                                                                    "operator_name": "HASH_JOIN",
                                                                                                                                                    "cpu_time": 0.30501957800000024,
                                                                                                                                                    "extra_info": {
                                                                                                                                                        "Join Type": "RIGHT",
                                                                                                                                                        "Conditions": "userid = id",
                                                                                                                                                        "Estimated Cardinality": "2321724"
                                                                                                                                                    },
                                                                                                                                                    "cumulative_cardinality": 6615847,
                                                                                                                                                    "operator_type": "HASH_JOIN",
                                                                                                                                                    "operator_cardinality": 3033413,
                                                                                                                                                    "cumulative_rows_scanned": 3582434,
                                                                                                                                                    "operator_rows_scanned": 0,
                                                                                                                                                    "operator_timing": 0.16746194100000014,
                                                                                                                                                    "result_set_size": 24267304,
                                                                                                                                                    "children": [
                                                                                                                                                        {
                                                                                                                                                            "operator_name": "READ_PARQUET ",
                                                                                                                                                            "cpu_time": 0.13115282900000008,
                                                                                                                                                            "extra_info": {
                                                                                                                                                                "Function": "READ_PARQUET",
                                                                                                                                                                "Projections": "userid",
                                                                                                                                                                "Estimated Cardinality": "2321724"
                                                                                                                                                            },
                                                                                                                                                            "cumulative_cardinality": 2321724,
                                                                                                                                                            "operator_type": "TABLE_SCAN",
                                                                                                                                                            "operator_cardinality": 2321724,
                                                                                                                                                            "cumulative_rows_scanned": 2321724,
                                                                                                                                                            "operator_rows_scanned": 2321724,
                                                                                                                                                            "operator_timing": 0.13115282900000008,
                                                                                                                                                            "result_set_size": 9286896,
                                                                                                                                                            "children": []
                                                                                                                                                        },
                                                                                                                                                        {
                                                                                                                                                            "operator_name": "READ_PARQUET ",
                                                                                                                                                            "cpu_time": 0.006404808000000003,
                                                                                                                                                            "extra_info": {
                                                                                                                                                                "Function": "READ_PARQUET",
                                                                                                                                                                "Projections": "id",
                                                                                                                                                                "Estimated Cardinality": "1260710"
                                                                                                                                                            },
                                                                                                                                                            "cumulative_cardinality": 1260710,
                                                                                                                                                            "operator_type": "TABLE_SCAN",
                                                                                                                                                            "operator_cardinality": 1260710,
                                                                                                                                                            "cumulative_rows_scanned": 1260710,
                                                                                                                                                            "operator_rows_scanned": 1260710,
                                                                                                                                                            "operator_timing": 0.006404808000000003,
                                                                                                                                                            "result_set_size": 5042840,
                                                                                                                                                            "children": []
                                                                                                                                                        }
                                                                                                                                                    ]
                                                                                                                                                }
                                                                                                                                            ]
                                                                                                                                        }
                                                                                                                                    ]
                                                                                                                                }
                                                                                                                            ]
                                                                                                                        }
                                                                                                                    ]
                                                                                                                },
                                                                                                                {
                                                                                                                    "operator_name": "HASH_GROUP_BY",
                                                                                                                    "cpu_time": 0.12559933300000037,
                                                                                                                    "extra_info": {
                                                                                                                        "Groups": "#0",
                                                                                                                        "Aggregates": "",
                                                                                                                        "Estimated Cardinality": "1274409"
                                                                                                                    },
                                                                                                                    "cumulative_cardinality": 105046,
                                                                                                                    "operator_type": "HASH_GROUP_BY",
                                                                                                                    "operator_cardinality": 152,
                                                                                                                    "cumulative_rows_scanned": 12744093,
                                                                                                                    "operator_rows_scanned": 0,
                                                                                                                    "operator_timing": 0.001916868000000002,
                                                                                                                    "result_set_size": 608,
                                                                                                                    "children": [
                                                                                                                        {
                                                                                                                            "operator_name": "PROJECTION",
                                                                                                                            "cpu_time": 0.12368246500000037,
                                                                                                                            "extra_info": {
                                                                                                                                "Projections": "userid",
                                                                                                                                "Estimated Cardinality": "2548818"
                                                                                                                            },
                                                                                                                            "cumulative_cardinality": 104894,
                                                                                                                            "operator_type": "PROJECTION",
                                                                                                                            "operator_cardinality": 52447,
                                                                                                                            "cumulative_rows_scanned": 12744093,
                                                                                                                            "operator_rows_scanned": 0,
                                                                                                                            "operator_timing": 0.0004919370000000329,
                                                                                                                            "result_set_size": 209788,
                                                                                                                            "children": [
                                                                                                                                {
                                                                                                                                    "operator_name": "READ_PARQUET ",
                                                                                                                                    "cpu_time": 0.12319052800000033,
                                                                                                                                    "extra_info": {
                                                                                                                                        "Function": "READ_PARQUET",
                                                                                                                                        "Projections": "userid",
                                                                                                                                        "Filters": "creationdate>='2024-09-01 00:00:00'::TIMESTAMP",
                                                                                                                                        "Estimated Cardinality": "2548818"
                                                                                                                                    },
                                                                                                                                    "cumulative_cardinality": 52447,
                                                                                                                                    "operator_type": "TABLE_SCAN",
                                                                                                                                    "operator_cardinality": 52447,
                                                                                                                                    "cumulative_rows_scanned": 12744093,
                                                                                                                                    "operator_rows_scanned": 12744093,
                                                                                                                                    "operator_timing": 0.12319052800000033,
                                                                                                                                    "result_set_size": 209788,
                                                                                                                                    "children": []
                                                                                                                                }
                                                                                                                            ]
                                                                                                                        }
                                                                                                                    ]
                                                                                                                }
                                                                                                            ]
                                                                                                        }
                                                                                                    ]
                                                                                                }
                                                                                            ]
                                                                                        }
                                                                                    ]
                                                                                }
                                                                            ]
                                                                        }
                                                                    ]
                                                                }
                                                            ]
                                                        }
                                                    ]
                                                }
                                            ]
                                        }
                                    ]
                                }
                            ]
                        }
                    ]
                }
            ]
        }
    ]
}