{
    "rows_returned": 1090738,
    "query_name": "\nWITH RankedPosts AS (\n    SELECT \n        p.Id AS PostId,\n        p.Title,\n        u.DisplayName AS Author,\n        p.CreationDate,\n        COUNT(c.Id) AS CommentCount,\n        SUM(CASE WHEN v.VoteTypeId = 2 THEN 1 ELSE 0 END) AS UpVotes,\n        SUM(CASE WHEN v.VoteTypeId = 3 THEN 1 ELSE 0 END) AS DownVotes,\n        ROW_NUMBER() OVER (PARTITION BY p.OwnerUserId ORDER BY p.CreationDate DESC) AS rn\n    FROM \n        Posts p\n    LEFT JOIN \n        Users u ON p.OwnerUserId = u.Id\n    LEFT JOIN \n        Comments c ON p.Id = c.PostId\n    LEFT JOIN \n        Votes v ON p.Id = v.PostId\n    WHERE \n        p.PostTypeId = 1 AND \n        p.Score > 0 \n    GROUP BY \n        p.Id, p.Title, u.DisplayName, p.CreationDate, p.OwnerUserId\n), \nClosedPosts AS (\n    SELECT \n        ph.PostId,\n        ph.CreationDate,\n        ph.UserDisplayName,\n        ph.Comment,\n        COUNT(*) AS CloseCount\n    FROM \n        PostHistory ph\n    WHERE \n        ph.PostHistoryTypeId = 10 \n    GROUP BY \n        ph.PostId, ph.CreationDate, ph.UserDisplayName, ph.Comment\n), \nPostWithClosure AS (\n    SELECT \n        rp.PostId,\n        rp.Title,\n        rp.Author,\n        rp.CreationDate,\n        rp.CommentCount,\n        rp.UpVotes,\n        rp.DownVotes,\n        COALESCE(cp.CloseCount, 0) AS CloseCount,\n        CASE \n            WHEN COALESCE(cp.CloseCount, 0) > 0 THEN 'Closed'\n            ELSE 'Active'\n        END AS PostStatus\n    FROM \n        RankedPosts rp\n    LEFT JOIN \n        ClosedPosts cp ON rp.PostId = cp.PostId\n)\nSELECT \n    pwc.PostId,\n    pwc.Title,\n    pwc.Author,\n    pwc.CreationDate,\n    pwc.CommentCount,\n    pwc.UpVotes,\n    pwc.DownVotes,\n    pwc.CloseCount,\n    pwc.PostStatus,\n    CASE \n        WHEN pwc.PostStatus = 'Closed' THEN \n            'This post is closed with ' || CAST(pwc.CloseCount AS VARCHAR) || ' close votes'\n        ELSE \n            'This post is active and has received ' || CAST(pwc.CommentCount AS VARCHAR) || ' comments'\n    END AS StatusMessage\nFROM \n    PostWithClosure pwc\nWHERE \n    pwc.UpVotes > pwc.DownVotes \nORDER BY \n    pwc.CreationDate DESC, \n    pwc.UpVotes DESC;\n",
    "blocked_thread_time": 0.0,
    "cpu_time": 12.725678758999996,
    "extra_info": {},
    "cumulative_cardinality": 95232441,
    "cumulative_rows_scanned": 36891985,
    "result_set_size": 135251512,
    "latency": 16.540400824,
    "children": [
        {
            "operator_name": "PROJECTION",
            "cpu_time": 12.725678758999996,
            "extra_info": {
                "Projections": [
                    "#0",
                    "#1",
                    "#2",
                    "#3",
                    "#4",
                    "#5",
                    "#6",
                    "#7",
                    "__internal_decompress_string(#8)",
                    "#9"
                ],
                "Estimated Cardinality": "1179524"
            },
            "cumulative_cardinality": 95232441,
            "operator_type": "PROJECTION",
            "operator_cardinality": 1090738,
            "cumulative_rows_scanned": 36891985,
            "operator_rows_scanned": 0,
            "operator_timing": 0.009837129999999989,
            "result_set_size": 135251512,
            "children": [
                {
                    "operator_name": "ORDER_BY",
                    "cpu_time": 12.715841628999996,
                    "extra_info": {
                        "Order By": [
                            "pwc.CreationDate DESC",
                            "pwc.UpVotes DESC"
                        ]
                    },
                    "cumulative_cardinality": 94141703,
                    "operator_type": "ORDER_BY",
                    "operator_cardinality": 1090738,
                    "cumulative_rows_scanned": 36891985,
                    "operator_rows_scanned": 0,
                    "operator_timing": 0.15816737600000016,
                    "result_set_size": 126525608,
                    "children": [
                        {
                            "operator_name": "PROJECTION",
                            "cpu_time": 12.557674252999997,
                            "extra_info": {
                                "Projections": [
                                    "#0",
                                    "#1",
                                    "#2",
                                    "#3",
                                    "#4",
                                    "#5",
                                    "#6",
                                    "#7",
                                    "__internal_compress_string_ubigint(#8)",
                                    "#9"
                                ],
                                "Estimated Cardinality": "1179524"
                            },
                            "cumulative_cardinality": 93050965,
                            "operator_type": "PROJECTION",
                            "operator_cardinality": 1090738,
                            "cumulative_rows_scanned": 36891985,
                            "operator_rows_scanned": 0,
                            "operator_timing": 0.0008736330000000007,
                            "result_set_size": 126525608,
                            "children": [
                                {
                                    "operator_name": "PROJECTION",
                                    "cpu_time": 12.556800619999997,
                                    "extra_info": {
                                        "Projections": [
                                            "PostId",
                                            "title",
                                            "Author",
                                            "creationdate",
                                            "CommentCount",
                                            "UpVotes",
                                            "DownVotes",
                                            "CloseCount",
                                            "PostStatus",
                                            "StatusMessage"
                                        ],
                                        "Estimated Cardinality": "1179524"
                                    },
                                    "cumulative_cardinality": 91960227,
                                    "operator_type": "PROJECTION",
                                    "operator_cardinality": 1090738,
                                    "cumulative_rows_scanned": 36891985,
                                    "operator_rows_scanned": 0,
                                    "operator_timing": 0.08354078900000003,
                                    "result_set_size": 135251512,
                                    "children": [
                                        {
                                            "operator_name": "PROJECTION",
                                            "cpu_time": 12.473259830999996,
                                            "extra_info": {
                                                "Projections": [
                                                    "PostId",
                                                    "title",
                                                    "Author",
                                                    "creationdate",
                                                    "CommentCount",
                                                    "UpVotes",
                                                    "DownVotes",
                                                    "CloseCount",
                                                    "PostStatus"
                                                ],
                                                "Estimated Cardinality": "1179524"
                                            },
                                            "cumulative_cardinality": 90869489,
                                            "operator_type": "PROJECTION",
                                            "operator_cardinality": 1090738,
                                            "cumulative_rows_scanned": 36891985,
                                            "operator_rows_scanned": 0,
                                            "operator_timing": 0.023538586999999993,
                                            "result_set_size": 117799704,
                                            "children": [
                                                {
                                                    "operator_name": "HASH_JOIN",
                                                    "cpu_time": 12.449721243999997,
                                                    "extra_info": {
                                                        "Join Type": "LEFT",
                                                        "Conditions": "PostId = postid",
                                                        "Estimated Cardinality": "1179524"
                                                    },
                                                    "cumulative_cardinality": 89778751,
                                                    "operator_type": "HASH_JOIN",
                                                    "operator_cardinality": 1090738,
                                                    "cumulative_rows_scanned": 36891985,
                                                    "operator_rows_scanned": 0,
                                                    "operator_timing": 0.03565076899999994,
                                                    "result_set_size": 100347896,
                                                    "children": [
                                                        {
                                                            "operator_name": "PROJECTION",
                                                            "cpu_time": 9.315652465000003,
                                                            "extra_info": {
                                                                "Projections": [
                                                                    "#0",
                                                                    "#1",
                                                                    "#2",
                                                                    "#3",
                                                                    "#5",
                                                                    "#6",
                                                                    "#7"
                                                                ],
                                                                "Estimated Cardinality": "770023"
                                                            },
                                                            "cumulative_cardinality": 88202157,
                                                            "operator_type": "PROJECTION",
                                                            "operator_cardinality": 1090072,
                                                            "cumulative_rows_scanned": 25096741,
                                                            "operator_rows_scanned": 0,
                                                            "operator_timing": 0.00026522300000000025,
                                                            "result_set_size": 91566048,
                                                            "children": [
                                                                {
                                                                    "operator_name": "FILTER",
                                                                    "cpu_time": 9.315387242000003,
                                                                    "extra_info": {
                                                                        "Expression": "(UpVotes > DownVotes)",
                                                                        "Estimated Cardinality": "770023"
                                                                    },
                                                                    "cumulative_cardinality": 87112085,
                                                                    "operator_type": "FILTER",
                                                                    "operator_cardinality": 1090072,
                                                                    "cumulative_rows_scanned": 25096741,
                                                                    "operator_rows_scanned": 0,
                                                                    "operator_timing": 0.0024604820000000004,
                                                                    "result_set_size": 104646912,
                                                                    "children": [
                                                                        {
                                                                            "operator_name": "PROJECTION",
                                                                            "cpu_time": 9.312926760000003,
                                                                            "extra_info": {
                                                                                "Projections": [
                                                                                    "#0",
                                                                                    "#1",
                                                                                    "#2",
                                                                                    "#3",
                                                                                    "#4",
                                                                                    "#5",
                                                                                    "#6",
                                                                                    "#7",
                                                                                    "#8"
                                                                                ],
                                                                                "Estimated Cardinality": "3850116"
                                                                            },
                                                                            "cumulative_cardinality": 86022013,
                                                                            "operator_type": "PROJECTION",
                                                                            "operator_cardinality": 1090175,
                                                                            "cumulative_rows_scanned": 25096741,
                                                                            "operator_rows_scanned": 0,
                                                                            "operator_timing": 0.0003027250000000009,
                                                                            "result_set_size": 104656800,
                                                                            "children": [
                                                                                {
                                                                                    "operator_name": "WINDOW",
                                                                                    "cpu_time": 9.312624035000004,
                                                                                    "extra_info": {
                                                                                        "Projections": "ROW_NUMBER() OVER (PARTITION BY owneruserid ORDER BY creationdate DESC NULLS LAST)"
                                                                                    },
                                                                                    "cumulative_cardinality": 84931838,
                                                                                    "operator_type": "WINDOW",
                                                                                    "operator_cardinality": 1090175,
                                                                                    "cumulative_rows_scanned": 25096741,
                                                                                    "operator_rows_scanned": 0,
                                                                                    "operator_timing": 0.39349205,
                                                                                    "result_set_size": 104656800,
                                                                                    "children": [
                                                                                        {
                                                                                            "operator_name": "HASH_GROUP_BY",
                                                                                            "cpu_time": 8.919131985000003,
                                                                                            "extra_info": {
                                                                                                "Groups": [
                                                                                                    "#0",
                                                                                                    "#1",
                                                                                                    "#2",
                                                                                                    "#3",
                                                                                                    "#4"
                                                                                                ],
                                                                                                "Aggregates": [
                                                                                                    "count(#5)",
                                                                                                    "sum(#6)",
                                                                                                    "sum(#7)"
                                                                                                ],
                                                                                                "Estimated Cardinality": "3850116"
                                                                                            },
                                                                                            "cumulative_cardinality": 83841663,
                                                                                            "operator_type": "HASH_GROUP_BY",
                                                                                            "operator_cardinality": 1090175,
                                                                                            "cumulative_rows_scanned": 25096741,
                                                                                            "operator_rows_scanned": 0,
                                                                                            "operator_timing": 2.165477066000001,
                                                                                            "result_set_size": 95935400,
                                                                                            "children": [
                                                                                                {
                                                                                                    "operator_name": "PROJECTION",
                                                                                                    "cpu_time": 6.753654919000002,
                                                                                                    "extra_info": {
                                                                                                        "Projections": [
                                                                                                            "id",
                                                                                                            "title",
                                                                                                            "displayname",
                                                                                                            "creationdate",
                                                                                                            "owneruserid",
                                                                                                            "id",
                                                                                                            "CASE  WHEN ((votetypeid = 2)) THEN (1) ELSE 0 END",
                                                                                                            "CASE  WHEN ((votetypeid = 3)) THEN (1) ELSE 0 END"
                                                                                                        ],
                                                                                                        "Estimated Cardinality": "12744093"
                                                                                                    },
                                                                                                    "cumulative_cardinality": 82751488,
                                                                                                    "operator_type": "PROJECTION",
                                                                                                    "operator_cardinality": 14504148,
                                                                                                    "cumulative_rows_scanned": 25096741,
                                                                                                    "operator_rows_scanned": 0,
                                                                                                    "operator_timing": 0.10304911899999952,
                                                                                                    "result_set_size": 870248880,
                                                                                                    "children": [
                                                                                                        {
                                                                                                            "operator_name": "PROJECTION",
                                                                                                            "cpu_time": 6.650605800000003,
                                                                                                            "extra_info": {
                                                                                                                "Projections": [
                                                                                                                    "#0",
                                                                                                                    "#1",
                                                                                                                    "#2",
                                                                                                                    "#3",
                                                                                                                    "#4",
                                                                                                                    "#5",
                                                                                                                    "__internal_decompress_integral_smallint(#6, 1)"
                                                                                                                ],
                                                                                                                "Estimated Cardinality": "12744093"
                                                                                                            },
                                                                                                            "cumulative_cardinality": 68247340,
                                                                                                            "operator_type": "PROJECTION",
                                                                                                            "operator_cardinality": 14504148,
                                                                                                            "cumulative_rows_scanned": 25096741,
                                                                                                            "operator_rows_scanned": 0,
                                                                                                            "operator_timing": 0.013860906000000043,
                                                                                                            "result_set_size": 783223992,
                                                                                                            "children": [
                                                                                                                {
                                                                                                                    "operator_name": "HASH_JOIN",
                                                                                                                    "cpu_time": 6.636744894000003,
                                                                                                                    "extra_info": {
                                                                                                                        "Join Type": "LEFT",
                                                                                                                        "Conditions": "id = postid",
                                                                                                                        "Estimated Cardinality": "12744093"
                                                                                                                    },
                                                                                                                    "cumulative_cardinality": 53743192,
                                                                                                                    "operator_type": "HASH_JOIN",
                                                                                                                    "operator_cardinality": 14504148,
                                                                                                                    "cumulative_rows_scanned": 25096741,
                                                                                                                    "operator_rows_scanned": 0,
                                                                                                                    "operator_timing": 1.2045454779999996,
                                                                                                                    "result_set_size": 768719844,
                                                                                                                    "children": [
                                                                                                                        {
                                                                                                                            "operator_name": "HASH_JOIN",
                                                                                                                            "cpu_time": 4.175132066000006,
                                                                                                                            "extra_info": {
                                                                                                                                "Join Type": "RIGHT",
                                                                                                                                "Conditions": "postid = id",
                                                                                                                                "Estimated Cardinality": "7241822"
                                                                                                                            },
                                                                                                                            "cumulative_cardinality": 13750858,
                                                                                                                            "operator_type": "HASH_JOIN",
                                                                                                                            "operator_cardinality": 3068099,
                                                                                                                            "cumulative_rows_scanned": 12352648,
                                                                                                                            "operator_rows_scanned": 0,
                                                                                                                            "operator_timing": 0.5464896340000006,
                                                                                                                            "result_set_size": 159541148,
                                                                                                                            "children": [
                                                                                                                                {
                                                                                                                                    "operator_name": "READ_PARQUET ",
                                                                                                                                    "cpu_time": 2.1125020510000065,
                                                                                                                                    "extra_info": {
                                                                                                                                        "Function": "READ_PARQUET",
                                                                                                                                        "Projections": [
                                                                                                                                            "id",
                                                                                                                                            "postid"
                                                                                                                                        ],
                                                                                                                                        "Estimated Cardinality": "7241822"
                                                                                                                                    },
                                                                                                                                    "cumulative_cardinality": 7241822,
                                                                                                                                    "operator_type": "TABLE_SCAN",
                                                                                                                                    "operator_cardinality": 7241822,
                                                                                                                                    "cumulative_rows_scanned": 7241822,
                                                                                                                                    "operator_rows_scanned": 7241822,
                                                                                                                                    "operator_timing": 2.1125020510000065,
                                                                                                                                    "result_set_size": 57934576,
                                                                                                                                    "children": []
                                                                                                                                },
                                                                                                                                {
                                                                                                                                    "operator_name": "HASH_JOIN",
                                                                                                                                    "cpu_time": 1.5161403809999987,
                                                                                                                                    "extra_info": {
                                                                                                                                        "Join Type": "RIGHT",
                                                                                                                                        "Conditions": "id = owneruserid",
                                                                                                                                        "Estimated Cardinality": "1260710"
                                                                                                                                    },
                                                                                                                                    "cumulative_cardinality": 3440937,
                                                                                                                                    "operator_type": "HASH_JOIN",
                                                                                                                                    "operator_cardinality": 1090175,
                                                                                                                                    "cumulative_rows_scanned": 5110826,
                                                                                                                                    "operator_rows_scanned": 0,
                                                                                                                                    "operator_timing": 0.2977150679999997,
                                                                                                                                    "result_set_size": 52328400,
                                                                                                                                    "children": [
                                                                                                                                        {
                                                                                                                                            "operator_name": "READ_PARQUET ",
                                                                                                                                            "cpu_time": 0.13547845199999986,
                                                                                                                                            "extra_info": {
                                                                                                                                                "Function": "READ_PARQUET",
                                                                                                                                                "Projections": [
                                                                                                                                                    "id",
                                                                                                                                                    "displayname"
                                                                                                                                                ],
                                                                                                                                                "Estimated Cardinality": "1260710"
                                                                                                                                            },
                                                                                                                                            "cumulative_cardinality": 1260587,
                                                                                                                                            "operator_type": "TABLE_SCAN",
                                                                                                                                            "operator_cardinality": 1260587,
                                                                                                                                            "cumulative_rows_scanned": 1260710,
                                                                                                                                            "operator_rows_scanned": 1260710,
                                                                                                                                            "operator_timing": 0.13547845199999986,
                                                                                                                                            "result_set_size": 25211740,
                                                                                                                                            "children": []
                                                                                                                                        },
                                                                                                                                        {
                                                                                                                                            "operator_name": "READ_PARQUET ",
                                                                                                                                            "cpu_time": 1.0829468609999993,
                                                                                                                                            "extra_info": {
                                                                                                                                                "Function": "READ_PARQUET",
                                                                                                                                                "Projections": [
                                                                                                                                                    "id",
                                                                                                                                                    "creationdate",
                                                                                                                                                    "owneruserid",
                                                                                                                                                    "title"
                                                                                                                                                ],
                                                                                                                                                "Filters": [
                                                                                                                                                    "posttypeid=1",
                                                                                                                                                    "score>0"
                                                                                                                                                ],
                                                                                                                                                "Estimated Cardinality": "770023"
                                                                                                                                            },
                                                                                                                                            "cumulative_cardinality": 1090175,
                                                                                                                                            "operator_type": "TABLE_SCAN",
                                                                                                                                            "operator_cardinality": 1090175,
                                                                                                                                            "cumulative_rows_scanned": 3850116,
                                                                                                                                            "operator_rows_scanned": 3850116,
                                                                                                                                            "operator_timing": 1.0829468609999993,
                                                                                                                                            "result_set_size": 34885600,
                                                                                                                                            "children": []
                                                                                                                                        }
                                                                                                                                    ]
                                                                                                                                }
                                                                                                                            ]
                                                                                                                        },
                                                                                                                        {
                                                                                                                            "operator_name": "PROJECTION",
                                                                                                                            "cpu_time": 1.2570673499999983,
                                                                                                                            "extra_info": {
                                                                                                                                "Projections": [
                                                                                                                                    "#0",
                                                                                                                                    "__internal_compress_integral_utinyint(#1, 1)"
                                                                                                                                ],
                                                                                                                                "Estimated Cardinality": "12744093"
                                                                                                                            },
                                                                                                                            "cumulative_cardinality": 25488186,
                                                                                                                            "operator_type": "PROJECTION",
                                                                                                                            "operator_cardinality": 12744093,
                                                                                                                            "cumulative_rows_scanned": 12744093,
                                                                                                                            "operator_rows_scanned": 0,
                                                                                                                            "operator_timing": 0.006459192000000021,
                                                                                                                            "result_set_size": 63720465,
                                                                                                                            "children": [
                                                                                                                                {
                                                                                                                                    "operator_name": "READ_PARQUET ",
                                                                                                                                    "cpu_time": 1.2506081579999981,
                                                                                                                                    "extra_info": {
                                                                                                                                        "Function": "READ_PARQUET",
                                                                                                                                        "Projections": [
                                                                                                                                            "postid",
                                                                                                                                            "votetypeid"
                                                                                                                                        ],
                                                                                                                                        "Estimated Cardinality": "12744093"
                                                                                                                                    },
                                                                                                                                    "cumulative_cardinality": 12744093,
                                                                                                                                    "operator_type": "TABLE_SCAN",
                                                                                                                                    "operator_cardinality": 12744093,
                                                                                                                                    "cumulative_rows_scanned": 12744093,
                                                                                                                                    "operator_rows_scanned": 12744093,
                                                                                                                                    "operator_timing": 1.2506081579999981,
                                                                                                                                    "result_set_size": 76464558,
                                                                                                                                    "children": []
                                                                                                                                }
                                                                                                                            ]
                                                                                                                        }
                                                                                                                    ]
                                                                                                                }
                                                                                                            ]
                                                                                                        }
                                                                                                    ]
                                                                                                }
                                                                                            ]
                                                                                        }
                                                                                    ]
                                                                                }
                                                                            ]
                                                                        }
                                                                    ]
                                                                }
                                                            ]
                                                        },
                                                        {
                                                            "operator_name": "PROJECTION",
                                                            "cpu_time": 3.0984180099999943,
                                                            "extra_info": {
                                                                "Projections": [
                                                                    "postid",
                                                                    "CloseCount"
                                                                ],
                                                                "Estimated Cardinality": "1179524"
                                                            },
                                                            "cumulative_cardinality": 485856,
                                                            "operator_type": "PROJECTION",
                                                            "operator_cardinality": 121464,
                                                            "cumulative_rows_scanned": 11795244,
                                                            "operator_rows_scanned": 0,
                                                            "operator_timing": 0.000017461999999999996,
                                                            "result_set_size": 1457568,
                                                            "children": [
                                                                {
                                                                    "operator_name": "HASH_GROUP_BY",
                                                                    "cpu_time": 3.098400547999994,
                                                                    "extra_info": {
                                                                        "Groups": [
                                                                            "#0",
                                                                            "#1",
                                                                            "#2",
                                                                            "#3"
                                                                        ],
                                                                        "Aggregates": "count_star()",
                                                                        "Estimated Cardinality": "1179524"
                                                                    },
                                                                    "cumulative_cardinality": 364392,
                                                                    "operator_type": "HASH_GROUP_BY",
                                                                    "operator_cardinality": 121464,
                                                                    "cumulative_rows_scanned": 11795244,
                                                                    "operator_rows_scanned": 0,
                                                                    "operator_timing": 0.07061630499999974,
                                                                    "result_set_size": 6316128,
                                                                    "children": [
                                                                        {
                                                                            "operator_name": "PROJECTION",
                                                                            "cpu_time": 3.0277842429999944,
                                                                            "extra_info": {
                                                                                "Projections": [
                                                                                    "postid",
                                                                                    "creationdate",
                                                                                    "userdisplayname",
                                                                                    "comment"
                                                                                ],
                                                                                "Estimated Cardinality": "2359048"
                                                                            },
                                                                            "cumulative_cardinality": 242928,
                                                                            "operator_type": "PROJECTION",
                                                                            "operator_cardinality": 121464,
                                                                            "cumulative_rows_scanned": 11795244,
                                                                            "operator_rows_scanned": 0,
                                                                            "operator_timing": 0.0020136859999999998,
                                                                            "result_set_size": 5344416,
                                                                            "children": [
                                                                                {
                                                                                    "operator_name": "READ_PARQUET ",
                                                                                    "cpu_time": 3.025770556999994,
                                                                                    "extra_info": {
                                                                                        "Function": "READ_PARQUET",
                                                                                        "Projections": [
                                                                                            "postid",
                                                                                            "creationdate",
                                                                                            "userdisplayname",
                                                                                            "comment"
                                                                                        ],
                                                                                        "Filters": "posthistorytypeid=10",
                                                                                        "Estimated Cardinality": "2359048"
                                                                                    },
                                                                                    "cumulative_cardinality": 121464,
                                                                                    "operator_type": "TABLE_SCAN",
                                                                                    "operator_cardinality": 121464,
                                                                                    "cumulative_rows_scanned": 11795244,
                                                                                    "operator_rows_scanned": 11795244,
                                                                                    "operator_timing": 3.025770556999994,
                                                                                    "result_set_size": 5344416,
                                                                                    "children": []
                                                                                }
                                                                            ]
                                                                        }
                                                                    ]
                                                                }
                                                            ]
                                                        }
                                                    ]
                                                }
                                            ]
                                        }
                                    ]
                                }
                            ]
                        }
                    ]
                }
            ]
        }
    ]
}