{
    "rows_returned": 10,
    "query_name": "WITH UserStats AS (\n    SELECT\n        u.Id AS UserId,\n        u.DisplayName,\n        u.Reputation,\n        u.CreationDate,\n        COUNT(DISTINCT p.Id) AS TotalPosts,\n        SUM(CASE WHEN p.PostTypeId = 1 THEN 1 ELSE 0 END) AS Questions,\n        SUM(CASE WHEN p.PostTypeId = 2 THEN 1 ELSE 0 END) AS Answers,\n        SUM(CASE WHEN p.PostTypeId = 2 AND p.AcceptedAnswerId IS NOT NULL THEN 1 ELSE 0 END) AS AcceptedAnswers,\n        AVG(vote_count) AS AvgVotes\n    FROM Users u\n    LEFT JOIN Posts p ON u.Id = p.OwnerUserId\n    LEFT JOIN (\n        SELECT \n            PostId,\n            COUNT(*) AS vote_count\n        FROM Votes\n        GROUP BY PostId\n    ) v ON p.Id = v.PostId\n    GROUP BY u.Id, u.DisplayName, u.Reputation, u.CreationDate\n),\n\nTopTags AS (\n    SELECT\n        t.TagName,\n        COUNT(p.Id) AS PostCount\n    FROM Tags t\n    JOIN Posts p ON p.Tags LIKE '%' || t.TagName || '%'\n    GROUP BY t.TagName\n    ORDER BY PostCount DESC\n    LIMIT 5\n)\n\nSELECT\n    us.UserId,\n    us.DisplayName,\n    us.Reputation,\n    us.TotalPosts,\n    us.Questions,\n    us.Answers,\n    us.AcceptedAnswers,\n    us.AvgVotes,\n    STRING_AGG(tt.TagName, ', ') AS PopularTags\nFROM UserStats us\nLEFT JOIN TopTags tt ON us.Questions > 0\nGROUP BY us.UserId, us.DisplayName, us.Reputation, us.TotalPosts, us.Questions, us.Answers, us.AcceptedAnswers, us.AvgVotes\nHAVING us.Reputation > (SELECT AVG(Reputation) FROM Users WHERE Reputation IS NOT NULL)\nORDER BY us.Reputation DESC\nLIMIT 10;\n",
    "blocked_thread_time": 0.0,
    "cpu_time": 544.8004186819913,
    "extra_info": {},
    "cumulative_cardinality": 74113221,
    "cumulative_rows_scanned": 22967721,
    "result_set_size": 1040,
    "latency": 556.099886669,
    "children": [
        {
            "operator_name": "STREAMING_LIMIT",
            "cpu_time": 544.8004186819913,
            "extra_info": {},
            "cumulative_cardinality": 74113221,
            "operator_type": "STREAMING_LIMIT",
            "operator_cardinality": 10,
            "cumulative_rows_scanned": 22967721,
            "operator_rows_scanned": 0,
            "operator_timing": 0.000004889,
            "result_set_size": 1040,
            "children": [
                {
                    "operator_name": "ORDER_BY",
                    "cpu_time": 544.8004137929913,
                    "extra_info": {
                        "Order By": "us.Reputation DESC"
                    },
                    "cumulative_cardinality": 74113211,
                    "operator_type": "ORDER_BY",
                    "operator_cardinality": 4096,
                    "cumulative_rows_scanned": 22967721,
                    "operator_rows_scanned": 0,
                    "operator_timing": 0.013116222999999993,
                    "result_set_size": 425984,
                    "children": [
                        {
                            "operator_name": "PROJECTION",
                            "cpu_time": 544.7872975699913,
                            "extra_info": {
                                "Projections": [
                                    "UserId",
                                    "displayname",
                                    "reputation",
                                    "TotalPosts",
                                    "Questions",
                                    "Answers",
                                    "AcceptedAnswers",
                                    "AvgVotes",
                                    "PopularTags"
                                ],
                                "Estimated Cardinality": "1"
                            },
                            "cumulative_cardinality": 74109115,
                            "operator_type": "PROJECTION",
                            "operator_cardinality": 199012,
                            "cumulative_rows_scanned": 22967721,
                            "operator_rows_scanned": 0,
                            "operator_timing": 0.00023515099999999993,
                            "result_set_size": 20697248,
                            "children": [
                                {
                                    "operator_name": "NESTED_LOOP_JOIN",
                                    "cpu_time": 544.7870624189914,
                                    "extra_info": {
                                        "Join Type": "INNER",
                                        "Conditions": "CAST(reputation AS DOUBLE) > SUBQUERY",
                                        "Estimated Cardinality": "1"
                                    },
                                    "cumulative_cardinality": 73910103,
                                    "operator_type": "NESTED_LOOP_JOIN",
                                    "operator_cardinality": 199012,
                                    "cumulative_rows_scanned": 22967721,
                                    "operator_rows_scanned": 0,
                                    "operator_timing": 0.02128043499999999,
                                    "result_set_size": 22289344,
                                    "children": [
                                        {
                                            "operator_name": "HASH_GROUP_BY",
                                            "cpu_time": 544.7121452199914,
                                            "extra_info": {
                                                "Groups": [
                                                    "#0",
                                                    "#1",
                                                    "#2",
                                                    "#3",
                                                    "#4",
                                                    "#5",
                                                    "#6",
                                                    "#7"
                                                ],
                                                "Aggregates": "string_agg(#8)",
                                                "Estimated Cardinality": "630355"
                                            },
                                            "cumulative_cardinality": 71189667,
                                            "operator_type": "HASH_GROUP_BY",
                                            "operator_cardinality": 1260710,
                                            "cumulative_rows_scanned": 21707011,
                                            "operator_rows_scanned": 0,
                                            "operator_timing": 0.35668979000000023,
                                            "result_set_size": 131113840,
                                            "children": [
                                                {
                                                    "operator_name": "PROJECTION",
                                                    "cpu_time": 544.3554554299914,
                                                    "extra_info": {
                                                        "Projections": [
                                                            "UserId",
                                                            "displayname",
                                                            "reputation",
                                                            "TotalPosts",
                                                            "Questions",
                                                            "Answers",
                                                            "AcceptedAnswers",
                                                            "AvgVotes",
                                                            "tagname"
                                                        ],
                                                        "Estimated Cardinality": "1260710"
                                                    },
                                                    "cumulative_cardinality": 69928957,
                                                    "operator_type": "PROJECTION",
                                                    "operator_cardinality": 2578602,
                                                    "cumulative_rows_scanned": 21707011,
                                                    "operator_rows_scanned": 0,
                                                    "operator_timing": 0.0008477219999999986,
                                                    "result_set_size": 268174608,
                                                    "children": [
                                                        {
                                                            "operator_name": "BLOCKWISE_NL_JOIN",
                                                            "cpu_time": 544.3546077079914,
                                                            "extra_info": {
                                                                "Join Type": "LEFT",
                                                                "Condition": "(Questions > 0)"
                                                            },
                                                            "cumulative_cardinality": 67350355,
                                                            "operator_type": "BLOCKWISE_NL_JOIN",
                                                            "operator_cardinality": 2578602,
                                                            "cumulative_rows_scanned": 21707011,
                                                            "operator_rows_scanned": 0,
                                                            "operator_timing": 0.029400889000000287,
                                                            "result_set_size": 288803424,
                                                            "children": [
                                                                {
                                                                    "operator_name": "PROJECTION",
                                                                    "cpu_time": 3.540984623,
                                                                    "extra_info": {
                                                                        "Projections": [
                                                                            "UserId",
                                                                            "displayname",
                                                                            "reputation",
                                                                            "TotalPosts",
                                                                            "Questions",
                                                                            "Answers",
                                                                            "AcceptedAnswers",
                                                                            "AvgVotes"
                                                                        ],
                                                                        "Estimated Cardinality": "1260710"
                                                                    },
                                                                    "cumulative_cardinality": 50644444,
                                                                    "operator_type": "PROJECTION",
                                                                    "operator_cardinality": 1260710,
                                                                    "cumulative_rows_scanned": 17854919,
                                                                    "operator_rows_scanned": 0,
                                                                    "operator_timing": 0.0003755829999999999,
                                                                    "result_set_size": 110942480,
                                                                    "children": [
                                                                        {
                                                                            "operator_name": "HASH_GROUP_BY",
                                                                            "cpu_time": 3.54060904,
                                                                            "extra_info": {
                                                                                "Groups": [
                                                                                    "#0",
                                                                                    "#1",
                                                                                    "#2",
                                                                                    "#3"
                                                                                ],
                                                                                "Aggregates": [
                                                                                    "count(DISTINCT #4)",
                                                                                    "sum(#5)",
                                                                                    "sum(#6)",
                                                                                    "sum(#7)",
                                                                                    "avg(#8)"
                                                                                ],
                                                                                "Estimated Cardinality": "1260710"
                                                                            },
                                                                            "cumulative_cardinality": 49383734,
                                                                            "operator_type": "HASH_GROUP_BY",
                                                                            "operator_cardinality": 1260710,
                                                                            "cumulative_rows_scanned": 17854919,
                                                                            "operator_rows_scanned": 0,
                                                                            "operator_timing": 1.7247417979999993,
                                                                            "result_set_size": 121028160,
                                                                            "children": [
                                                                                {
                                                                                    "operator_name": "PROJECTION",
                                                                                    "cpu_time": 1.8158672420000008,
                                                                                    "extra_info": {
                                                                                        "Projections": [
                                                                                            "id",
                                                                                            "displayname",
                                                                                            "reputation",
                                                                                            "creationdate",
                                                                                            "id",
                                                                                            "CASE  WHEN ((posttypeid = 1)) THEN (1) ELSE 0 END",
                                                                                            "CASE  WHEN ((posttypeid = 2)) THEN (1) ELSE 0 END",
                                                                                            "CASE  WHEN (((acceptedanswerid IS NOT NULL) AND (posttypeid = 2))) THEN (1) ELSE 0 END",
                                                                                            "vote_count"
                                                                                        ],
                                                                                        "Estimated Cardinality": "6372046"
                                                                                    },
                                                                                    "cumulative_cardinality": 48123024,
                                                                                    "operator_type": "PROJECTION",
                                                                                    "operator_cardinality": 4574495,
                                                                                    "cumulative_rows_scanned": 17854919,
                                                                                    "operator_rows_scanned": 0,
                                                                                    "operator_timing": 0.09742560999999982,
                                                                                    "result_set_size": 256171720,
                                                                                    "children": [
                                                                                        {
                                                                                            "operator_name": "HASH_JOIN",
                                                                                            "cpu_time": 1.718441632000001,
                                                                                            "extra_info": {
                                                                                                "Join Type": "LEFT",
                                                                                                "Conditions": "id = postid",
                                                                                                "Estimated Cardinality": "6372046"
                                                                                            },
                                                                                            "cumulative_cardinality": 43548529,
                                                                                            "operator_type": "HASH_JOIN",
                                                                                            "operator_cardinality": 4574495,
                                                                                            "cumulative_rows_scanned": 17854919,
                                                                                            "operator_rows_scanned": 0,
                                                                                            "operator_timing": 0.428878828,
                                                                                            "result_set_size": 228724750,
                                                                                            "children": [
                                                                                                {
                                                                                                    "operator_name": "HASH_JOIN",
                                                                                                    "cpu_time": 0.5850889409999998,
                                                                                                    "extra_info": {
                                                                                                        "Join Type": "RIGHT",
                                                                                                        "Conditions": "owneruserid = id",
                                                                                                        "Estimated Cardinality": "3850116"
                                                                                                    },
                                                                                                    "cumulative_cardinality": 9520621,
                                                                                                    "operator_type": "HASH_JOIN",
                                                                                                    "operator_cardinality": 4574495,
                                                                                                    "cumulative_rows_scanned": 5110826,
                                                                                                    "operator_rows_scanned": 0,
                                                                                                    "operator_timing": 0.319715665,
                                                                                                    "result_set_size": 192128790,
                                                                                                    "children": [
                                                                                                        {
                                                                                                            "operator_name": "READ_PARQUET ",
                                                                                                            "cpu_time": 0.1551459309999997,
                                                                                                            "extra_info": {
                                                                                                                "Function": "READ_PARQUET",
                                                                                                                "Projections": [
                                                                                                                    "id",
                                                                                                                    "posttypeid",
                                                                                                                    "acceptedanswerid",
                                                                                                                    "owneruserid"
                                                                                                                ],
                                                                                                                "Estimated Cardinality": "3850116"
                                                                                                            },
                                                                                                            "cumulative_cardinality": 3685416,
                                                                                                            "operator_type": "TABLE_SCAN",
                                                                                                            "operator_cardinality": 3685416,
                                                                                                            "cumulative_rows_scanned": 3850116,
                                                                                                            "operator_rows_scanned": 3850116,
                                                                                                            "operator_timing": 0.1551459309999997,
                                                                                                            "result_set_size": 51595824,
                                                                                                            "children": []
                                                                                                        },
                                                                                                        {
                                                                                                            "operator_name": "READ_PARQUET ",
                                                                                                            "cpu_time": 0.1102273450000001,
                                                                                                            "extra_info": {
                                                                                                                "Function": "READ_PARQUET",
                                                                                                                "Projections": [
                                                                                                                    "id",
                                                                                                                    "reputation",
                                                                                                                    "creationdate",
                                                                                                                    "displayname"
                                                                                                                ],
                                                                                                                "Estimated Cardinality": "1260710"
                                                                                                            },
                                                                                                            "cumulative_cardinality": 1260710,
                                                                                                            "operator_type": "TABLE_SCAN",
                                                                                                            "operator_cardinality": 1260710,
                                                                                                            "cumulative_rows_scanned": 1260710,
                                                                                                            "operator_rows_scanned": 1260710,
                                                                                                            "operator_timing": 0.1102273450000001,
                                                                                                            "result_set_size": 40342720,
                                                                                                            "children": []
                                                                                                        }
                                                                                                    ]
                                                                                                },
                                                                                                {
                                                                                                    "operator_name": "HASH_GROUP_BY",
                                                                                                    "cpu_time": 0.7044738630000014,
                                                                                                    "extra_info": {
                                                                                                        "Groups": "#0",
                                                                                                        "Aggregates": "count_star()",
                                                                                                        "Estimated Cardinality": "6372046"
                                                                                                    },
                                                                                                    "cumulative_cardinality": 29453413,
                                                                                                    "operator_type": "HASH_GROUP_BY",
                                                                                                    "operator_cardinality": 3965227,
                                                                                                    "cumulative_rows_scanned": 12744093,
                                                                                                    "operator_rows_scanned": 0,
                                                                                                    "operator_timing": 0.6082650610000009,
                                                                                                    "result_set_size": 47582724,
                                                                                                    "children": [
                                                                                                        {
                                                                                                            "operator_name": "PROJECTION",
                                                                                                            "cpu_time": 0.09620880200000047,
                                                                                                            "extra_info": {
                                                                                                                "Projections": "postid",
                                                                                                                "Estimated Cardinality": "12744093"
                                                                                                            },
                                                                                                            "cumulative_cardinality": 25488186,
                                                                                                            "operator_type": "PROJECTION",
                                                                                                            "operator_cardinality": 12744093,
                                                                                                            "cumulative_rows_scanned": 12744093,
                                                                                                            "operator_rows_scanned": 0,
                                                                                                            "operator_timing": 0.0008358690000000036,
                                                                                                            "result_set_size": 50976372,
                                                                                                            "children": [
                                                                                                                {
                                                                                                                    "operator_name": "READ_PARQUET ",
                                                                                                                    "cpu_time": 0.09537293300000046,
                                                                                                                    "extra_info": {
                                                                                                                        "Function": "READ_PARQUET",
                                                                                                                        "Projections": "postid",
                                                                                                                        "Estimated Cardinality": "12744093"
                                                                                                                    },
                                                                                                                    "cumulative_cardinality": 12744093,
                                                                                                                    "operator_type": "TABLE_SCAN",
                                                                                                                    "operator_cardinality": 12744093,
                                                                                                                    "cumulative_rows_scanned": 12744093,
                                                                                                                    "operator_rows_scanned": 12744093,
                                                                                                                    "operator_timing": 0.09537293300000046,
                                                                                                                    "result_set_size": 50976372,
                                                                                                                    "children": []
                                                                                                                }
                                                                                                            ]
                                                                                                        }
                                                                                                    ]
                                                                                                }
                                                                                            ]
                                                                                        }
                                                                                    ]
                                                                                }
                                                                            ]
                                                                        }
                                                                    ]
                                                                },
                                                                {
                                                                    "operator_name": "STREAMING_LIMIT",
                                                                    "cpu_time": 540.7842221959913,
                                                                    "extra_info": {},
                                                                    "cumulative_cardinality": 14127309,
                                                                    "operator_type": "STREAMING_LIMIT",
                                                                    "operator_cardinality": 5,
                                                                    "cumulative_rows_scanned": 3852092,
                                                                    "operator_rows_scanned": 0,
                                                                    "operator_timing": 0.000001603,
                                                                    "result_set_size": 120,
                                                                    "children": [
                                                                        {
                                                                            "operator_name": "ORDER_BY",
                                                                            "cpu_time": 540.7842205929913,
                                                                            "extra_info": {
                                                                                "Order By": "count(p.Id) DESC"
                                                                            },
                                                                            "cumulative_cardinality": 14127304,
                                                                            "operator_type": "ORDER_BY",
                                                                            "operator_cardinality": 1976,
                                                                            "cumulative_rows_scanned": 3852092,
                                                                            "operator_rows_scanned": 0,
                                                                            "operator_timing": 0.000124924,
                                                                            "result_set_size": 47424,
                                                                            "children": [
                                                                                {
                                                                                    "operator_name": "HASH_GROUP_BY",
                                                                                    "cpu_time": 540.7840956689913,
                                                                                    "extra_info": {
                                                                                        "Groups": "#0",
                                                                                        "Aggregates": "count_star()",
                                                                                        "Estimated Cardinality": "1976"
                                                                                    },
                                                                                    "cumulative_cardinality": 14125328,
                                                                                    "operator_type": "HASH_GROUP_BY",
                                                                                    "operator_cardinality": 1976,
                                                                                    "cumulative_rows_scanned": 3852092,
                                                                                    "operator_rows_scanned": 0,
                                                                                    "operator_timing": 0.19271298900000014,
                                                                                    "result_set_size": 47424,
                                                                                    "children": [
                                                                                        {
                                                                                            "operator_name": "PROJECTION",
                                                                                            "cpu_time": 540.5913826799913,
                                                                                            "extra_info": {
                                                                                                "Projections": "tagname",
                                                                                                "Estimated Cardinality": "3850116"
                                                                                            },
                                                                                            "cumulative_cardinality": 14123352,
                                                                                            "operator_type": "PROJECTION",
                                                                                            "operator_cardinality": 5135630,
                                                                                            "cumulative_rows_scanned": 3852092,
                                                                                            "operator_rows_scanned": 0,
                                                                                            "operator_timing": 0.002180826000000059,
                                                                                            "result_set_size": 82170080,
                                                                                            "children": [
                                                                                                {
                                                                                                    "operator_name": "BLOCKWISE_NL_JOIN",
                                                                                                    "cpu_time": 540.5892018539913,
                                                                                                    "extra_info": {
                                                                                                        "Join Type": "INNER",
                                                                                                        "Condition": "(tags ~~ (('%' || tagname) || '%'))"
                                                                                                    },
                                                                                                    "cumulative_cardinality": 8987722,
                                                                                                    "operator_type": "BLOCKWISE_NL_JOIN",
                                                                                                    "operator_cardinality": 5135630,
                                                                                                    "cumulative_rows_scanned": 3852092,
                                                                                                    "operator_rows_scanned": 0,
                                                                                                    "operator_timing": 540.1074673549913,
                                                                                                    "result_set_size": 184882680,
                                                                                                    "children": [
                                                                                                        {
                                                                                                            "operator_name": "READ_PARQUET ",
                                                                                                            "cpu_time": 0.4812240560000004,
                                                                                                            "extra_info": {
                                                                                                                "Function": "READ_PARQUET",
                                                                                                                "Projections": [
                                                                                                                    "id",
                                                                                                                    "tags"
                                                                                                                ],
                                                                                                                "Estimated Cardinality": "3850116"
                                                                                                            },
                                                                                                            "cumulative_cardinality": 3850116,
                                                                                                            "operator_type": "TABLE_SCAN",
                                                                                                            "operator_cardinality": 3850116,
                                                                                                            "cumulative_rows_scanned": 3850116,
                                                                                                            "operator_rows_scanned": 3850116,
                                                                                                            "operator_timing": 0.4812240560000004,
                                                                                                            "result_set_size": 77002320,
                                                                                                            "children": []
                                                                                                        },
                                                                                                        {
                                                                                                            "operator_name": "READ_PARQUET ",
                                                                                                            "cpu_time": 0.000510443,
                                                                                                            "extra_info": {
                                                                                                                "Function": "READ_PARQUET",
                                                                                                                "Projections": "tagname",
                                                                                                                "Estimated Cardinality": "1976"
                                                                                                            },
                                                                                                            "cumulative_cardinality": 1976,
                                                                                                            "operator_type": "TABLE_SCAN",
                                                                                                            "operator_cardinality": 1976,
                                                                                                            "cumulative_rows_scanned": 1976,
                                                                                                            "operator_rows_scanned": 1976,
                                                                                                            "operator_timing": 0.000510443,
                                                                                                            "result_set_size": 31616,
                                                                                                            "children": []
                                                                                                        }
                                                                                                    ]
                                                                                                }
                                                                                            ]
                                                                                        }
                                                                                    ]
                                                                                }
                                                                            ]
                                                                        }
                                                                    ]
                                                                }
                                                            ]
                                                        }
                                                    ]
                                                }
                                            ]
                                        },
                                        {
                                            "operator_name": "PROJECTION",
                                            "cpu_time": 0.053636763999999976,
                                            "extra_info": {
                                                "Projections": [
                                                    "CASE  WHEN ((#1 > 1)) THEN (error('More than one row returned by a subquery used as an expression - scalar subqueries can only return a single row.",
                                                    "Use \"SET scalar_subquery_error_on_multiple_rows=false\" to revert to previous behavior of returning a random row.')) ELSE #0 END"
                                                ],
                                                "Estimated Cardinality": "1"
                                            },
                                            "cumulative_cardinality": 2521424,
                                            "operator_type": "PROJECTION",
                                            "operator_cardinality": 1,
                                            "cumulative_rows_scanned": 1260710,
                                            "operator_rows_scanned": 0,
                                            "operator_timing": 0.000003797,
                                            "result_set_size": 8,
                                            "children": [
                                                {
                                                    "operator_name": "UNGROUPED_AGGREGATE",
                                                    "cpu_time": 0.053632966999999976,
                                                    "extra_info": {
                                                        "Aggregates": [
                                                            "\"first\"(#0)",
                                                            "count_star()"
                                                        ]
                                                    },
                                                    "cumulative_cardinality": 2521423,
                                                    "operator_type": "UNGROUPED_AGGREGATE",
                                                    "operator_cardinality": 1,
                                                    "cumulative_rows_scanned": 1260710,
                                                    "operator_rows_scanned": 0,
                                                    "operator_timing": 0.0000064419999999999995,
                                                    "result_set_size": 16,
                                                    "children": [
                                                        {
                                                            "operator_name": "PROJECTION",
                                                            "cpu_time": 0.053626524999999974,
                                                            "extra_info": {
                                                                "Projections": "#0",
                                                                "Estimated Cardinality": "1"
                                                            },
                                                            "cumulative_cardinality": 2521422,
                                                            "operator_type": "PROJECTION",
                                                            "operator_cardinality": 1,
                                                            "cumulative_rows_scanned": 1260710,
                                                            "operator_rows_scanned": 0,
                                                            "operator_timing": 0.000014757,
                                                            "result_set_size": 8,
                                                            "children": [
                                                                {
                                                                    "operator_name": "UNGROUPED_AGGREGATE",
                                                                    "cpu_time": 0.053611767999999976,
                                                                    "extra_info": {
                                                                        "Aggregates": "avg(#0)"
                                                                    },
                                                                    "cumulative_cardinality": 2521421,
                                                                    "operator_type": "UNGROUPED_AGGREGATE",
                                                                    "operator_cardinality": 1,
                                                                    "cumulative_rows_scanned": 1260710,
                                                                    "operator_rows_scanned": 0,
                                                                    "operator_timing": 0.006533438999999975,
                                                                    "result_set_size": 8,
                                                                    "children": [
                                                                        {
                                                                            "operator_name": "PROJECTION",
                                                                            "cpu_time": 0.047078329,
                                                                            "extra_info": {
                                                                                "Projections": "reputation",
                                                                                "Estimated Cardinality": "252142"
                                                                            },
                                                                            "cumulative_cardinality": 2521420,
                                                                            "operator_type": "PROJECTION",
                                                                            "operator_cardinality": 1260710,
                                                                            "cumulative_rows_scanned": 1260710,
                                                                            "operator_rows_scanned": 0,
                                                                            "operator_timing": 0.00007084999999999969,
                                                                            "result_set_size": 5042840,
                                                                            "children": [
                                                                                {
                                                                                    "operator_name": "READ_PARQUET ",
                                                                                    "cpu_time": 0.047007479000000005,
                                                                                    "extra_info": {
                                                                                        "Function": "READ_PARQUET",
                                                                                        "Projections": "reputation",
                                                                                        "Estimated Cardinality": "252142"
                                                                                    },
                                                                                    "cumulative_cardinality": 1260710,
                                                                                    "operator_type": "TABLE_SCAN",
                                                                                    "operator_cardinality": 1260710,
                                                                                    "cumulative_rows_scanned": 1260710,
                                                                                    "operator_rows_scanned": 1260710,
                                                                                    "operator_timing": 0.047007479000000005,
                                                                                    "result_set_size": 5042840,
                                                                                    "children": []
                                                                                }
                                                                            ]
                                                                        }
                                                                    ]
                                                                }
                                                            ]
                                                        }
                                                    ]
                                                }
                                            ]
                                        }
                                    ]
                                }
                            ]
                        }
                    ]
                }
            ]
        }
    ]
}