{
    "rows_returned": 100,
    "query_name": "\nWITH UserBadgeStats AS (\n    SELECT \n        U.Id AS UserId,\n        COUNT(B.Id) AS TotalBadges,\n        SUM(CASE WHEN B.Class = 1 THEN 1 ELSE 0 END) AS GoldBadges,\n        SUM(CASE WHEN B.Class = 2 THEN 1 ELSE 0 END) AS SilverBadges,\n        SUM(CASE WHEN B.Class = 3 THEN 1 ELSE 0 END) AS BronzeBadges\n    FROM Users U\n    LEFT JOIN Badges B ON U.Id = B.UserId\n    GROUP BY U.Id\n),\nPostActivityStats AS (\n    SELECT \n        P.OwnerUserId,\n        COUNT(P.Id) AS TotalPosts,\n        SUM(CASE WHEN P.PostTypeId = 1 THEN 1 ELSE 0 END) AS TotalQuestions,\n        SUM(CASE WHEN P.PostTypeId = 2 THEN 1 ELSE 0 END) AS TotalAnswers,\n        MAX(P.CreationDate) AS MostRecentPost\n    FROM Posts P\n    GROUP BY P.OwnerUserId\n),\nClosedPostReasons AS (\n    SELECT \n        PH.UserId,\n        PH.Comment AS CloseReason,\n        COUNT(PH.Id) AS CloseReasonCount\n    FROM PostHistory PH\n    WHERE PH.PostHistoryTypeId = 10 \n    GROUP BY PH.UserId, PH.Comment\n),\nFinalStats AS (\n    SELECT \n        U.Id AS UserId,\n        U.DisplayName,\n        COALESCE(UB.TotalPosts, 0) AS TotalPosts,\n        COALESCE(UB.TotalQuestions, 0) AS TotalQuestions,\n        COALESCE(UPB.TotalBadges, 0) AS TotalBadges,\n        COALESCE(UPB.GoldBadges, 0) AS GoldBadges,\n        COALESCE(UPB.SilverBadges, 0) AS SilverBadges,\n        COALESCE(UPB.BronzeBadges, 0) AS BronzeBadges,\n        COALESCE(CPR.CloseReasonCount, 0) AS CloseReasonCount\n    FROM Users U\n    LEFT JOIN PostActivityStats UB ON U.Id = UB.OwnerUserId\n    LEFT JOIN UserBadgeStats UPB ON U.Id = UPB.UserId\n    LEFT JOIN ClosedPostReasons CPR ON U.Id = CPR.UserId\n)\nSELECT \n    F.UserId,\n    F.DisplayName,\n    F.TotalPosts,\n    F.TotalQuestions,\n    F.TotalBadges,\n    F.GoldBadges,\n    F.SilverBadges,\n    F.BronzeBadges,\n    F.CloseReasonCount,\n    CASE \n        WHEN F.TotalPosts > 100 THEN 'Elite User'\n        WHEN F.TotalPosts BETWEEN 50 AND 100 THEN 'Active User'\n        ELSE 'New User'\n    END AS UserCategory,\n    CASE \n        WHEN F.CloseReasonCount > 5 THEN 'Frequent Closures'\n        ELSE 'Rarely Closed'\n    END AS ClosureFrequency\nFROM FinalStats F\nWHERE F.TotalPosts IS NOT NULL\nORDER BY F.TotalPosts DESC\nLIMIT 100;\n",
    "blocked_thread_time": 0.0,
    "cpu_time": 7.446514174999998,
    "extra_info": {},
    "cumulative_cardinality": 29319722,
    "cumulative_rows_scanned": 20488504,
    "result_set_size": 14000,
    "latency": 7.90015015,
    "children": [
        {
            "operator_name": "STREAMING_LIMIT",
            "cpu_time": 7.446514174999998,
            "extra_info": {},
            "cumulative_cardinality": 29319722,
            "operator_type": "STREAMING_LIMIT",
            "operator_cardinality": 100,
            "cumulative_rows_scanned": 20488504,
            "operator_rows_scanned": 0,
            "operator_timing": 0.000001743,
            "result_set_size": 14000,
            "children": [
                {
                    "operator_name": "PROJECTION",
                    "cpu_time": 7.446512431999998,
                    "extra_info": {
                        "Projections": [
                            "#0",
                            "#1",
                            "#2",
                            "#3",
                            "#4",
                            "#5",
                            "#6",
                            "#7",
                            "#8",
                            "__internal_decompress_string(#9)",
                            "#10"
                        ],
                        "Estimated Cardinality": "1260710"
                    },
                    "cumulative_cardinality": 29319622,
                    "operator_type": "PROJECTION",
                    "operator_cardinality": 4096,
                    "cumulative_rows_scanned": 20488504,
                    "operator_rows_scanned": 0,
                    "operator_timing": 0.000065542,
                    "result_set_size": 573440,
                    "children": [
                        {
                            "operator_name": "ORDER_BY",
                            "cpu_time": 7.446446889999998,
                            "extra_info": {
                                "Order By": "F.TotalPosts DESC"
                            },
                            "cumulative_cardinality": 29315526,
                            "operator_type": "ORDER_BY",
                            "operator_cardinality": 4096,
                            "cumulative_rows_scanned": 20488504,
                            "operator_rows_scanned": 0,
                            "operator_timing": 0.17996625000000013,
                            "result_set_size": 573440,
                            "children": [
                                {
                                    "operator_name": "PROJECTION",
                                    "cpu_time": 7.2664806399999975,
                                    "extra_info": {
                                        "Projections": [
                                            "#0",
                                            "#1",
                                            "#2",
                                            "#3",
                                            "#4",
                                            "#5",
                                            "#6",
                                            "#7",
                                            "#8",
                                            "__internal_compress_string_hugeint(#9)",
                                            "#10"
                                        ],
                                        "Estimated Cardinality": "1260710"
                                    },
                                    "cumulative_cardinality": 29311430,
                                    "operator_type": "PROJECTION",
                                    "operator_cardinality": 1260822,
                                    "cumulative_rows_scanned": 20488504,
                                    "operator_rows_scanned": 0,
                                    "operator_timing": 0.005752941999999987,
                                    "result_set_size": 176515080,
                                    "children": [
                                        {
                                            "operator_name": "PROJECTION",
                                            "cpu_time": 7.2607276979999975,
                                            "extra_info": {
                                                "Projections": [
                                                    "UserId",
                                                    "displayname",
                                                    "TotalPosts",
                                                    "TotalQuestions",
                                                    "TotalBadges",
                                                    "GoldBadges",
                                                    "SilverBadges",
                                                    "BronzeBadges",
                                                    "CloseReasonCount",
                                                    "UserCategory",
                                                    "ClosureFrequency"
                                                ],
                                                "Estimated Cardinality": "1260710"
                                            },
                                            "cumulative_cardinality": 28050608,
                                            "operator_type": "PROJECTION",
                                            "operator_cardinality": 1260822,
                                            "cumulative_rows_scanned": 20488504,
                                            "operator_rows_scanned": 0,
                                            "operator_timing": 0.013793162999999995,
                                            "result_set_size": 176515080,
                                            "children": [
                                                {
                                                    "operator_name": "PROJECTION",
                                                    "cpu_time": 7.246934534999998,
                                                    "extra_info": {
                                                        "Projections": [
                                                            "UserId",
                                                            "displayname",
                                                            "TotalPosts",
                                                            "TotalQuestions",
                                                            "TotalBadges",
                                                            "GoldBadges",
                                                            "SilverBadges",
                                                            "BronzeBadges",
                                                            "CloseReasonCount"
                                                        ],
                                                        "Estimated Cardinality": "1260710"
                                                    },
                                                    "cumulative_cardinality": 26789786,
                                                    "operator_type": "PROJECTION",
                                                    "operator_cardinality": 1260822,
                                                    "cumulative_rows_scanned": 20488504,
                                                    "operator_rows_scanned": 0,
                                                    "operator_timing": 0.08536878699999995,
                                                    "result_set_size": 136168776,
                                                    "children": [
                                                        {
                                                            "operator_name": "HASH_JOIN",
                                                            "cpu_time": 7.1615657479999975,
                                                            "extra_info": {
                                                                "Join Type": "LEFT",
                                                                "Conditions": "id = userid",
                                                                "Estimated Cardinality": "1260710"
                                                            },
                                                            "cumulative_cardinality": 25528964,
                                                            "operator_type": "HASH_JOIN",
                                                            "operator_cardinality": 1260822,
                                                            "cumulative_rows_scanned": 20488504,
                                                            "operator_rows_scanned": 0,
                                                            "operator_timing": 0.02446599799999998,
                                                            "result_set_size": 136168776,
                                                            "children": [
                                                                {
                                                                    "operator_name": "HASH_JOIN",
                                                                    "cpu_time": 1.6123842890000006,
                                                                    "extra_info": {
                                                                        "Join Type": "RIGHT",
                                                                        "Conditions": "UserId = id",
                                                                        "Estimated Cardinality": "1260710"
                                                                    },
                                                                    "cumulative_cardinality": 24024674,
                                                                    "operator_type": "HASH_JOIN",
                                                                    "operator_cardinality": 1260710,
                                                                    "cumulative_rows_scanned": 8693260,
                                                                    "operator_rows_scanned": 0,
                                                                    "operator_timing": 0.19545409800000021,
                                                                    "result_set_size": 126071000,
                                                                    "children": [
                                                                        {
                                                                            "operator_name": "HASH_GROUP_BY",
                                                                            "cpu_time": 0.9222512550000004,
                                                                            "extra_info": {
                                                                                "Groups": "#0",
                                                                                "Aggregates": [
                                                                                    "count(#1)",
                                                                                    "sum(#2)",
                                                                                    "sum(#3)",
                                                                                    "sum(#4)"
                                                                                ],
                                                                                "Estimated Cardinality": "1260710"
                                                                            },
                                                                            "cumulative_cardinality": 10909970,
                                                                            "operator_type": "HASH_GROUP_BY",
                                                                            "operator_cardinality": 1260710,
                                                                            "cumulative_rows_scanned": 3582434,
                                                                            "operator_rows_scanned": 0,
                                                                            "operator_timing": 0.5898488570000003,
                                                                            "result_set_size": 75642600,
                                                                            "children": [
                                                                                {
                                                                                    "operator_name": "PROJECTION",
                                                                                    "cpu_time": 0.33240239800000004,
                                                                                    "extra_info": {
                                                                                        "Projections": [
                                                                                            "id",
                                                                                            "id",
                                                                                            "CASE  WHEN ((class = 1)) THEN (1) ELSE 0 END",
                                                                                            "CASE  WHEN ((class = 2)) THEN (1) ELSE 0 END",
                                                                                            "CASE  WHEN ((class = 3)) THEN (1) ELSE 0 END"
                                                                                        ],
                                                                                        "Estimated Cardinality": "2321724"
                                                                                    },
                                                                                    "cumulative_cardinality": 9649260,
                                                                                    "operator_type": "PROJECTION",
                                                                                    "operator_cardinality": 3033413,
                                                                                    "cumulative_rows_scanned": 3582434,
                                                                                    "operator_rows_scanned": 0,
                                                                                    "operator_timing": 0.024258286999999962,
                                                                                    "result_set_size": 60668260,
                                                                                    "children": [
                                                                                        {
                                                                                            "operator_name": "HASH_JOIN",
                                                                                            "cpu_time": 0.30814411100000005,
                                                                                            "extra_info": {
                                                                                                "Join Type": "RIGHT",
                                                                                                "Conditions": "userid = id",
                                                                                                "Estimated Cardinality": "2321724"
                                                                                            },
                                                                                            "cumulative_cardinality": 6615847,
                                                                                            "operator_type": "HASH_JOIN",
                                                                                            "operator_cardinality": 3033413,
                                                                                            "cumulative_rows_scanned": 3582434,
                                                                                            "operator_rows_scanned": 0,
                                                                                            "operator_timing": 0.2119297280000002,
                                                                                            "result_set_size": 30334130,
                                                                                            "children": [
                                                                                                {
                                                                                                    "operator_name": "READ_PARQUET ",
                                                                                                    "cpu_time": 0.08416526799999993,
                                                                                                    "extra_info": {
                                                                                                        "Function": "READ_PARQUET",
                                                                                                        "Projections": [
                                                                                                            "id",
                                                                                                            "userid",
                                                                                                            "class"
                                                                                                        ],
                                                                                                        "Estimated Cardinality": "2321724"
                                                                                                    },
                                                                                                    "cumulative_cardinality": 2321724,
                                                                                                    "operator_type": "TABLE_SCAN",
                                                                                                    "operator_cardinality": 2321724,
                                                                                                    "cumulative_rows_scanned": 2321724,
                                                                                                    "operator_rows_scanned": 2321724,
                                                                                                    "operator_timing": 0.08416526799999993,
                                                                                                    "result_set_size": 23217240,
                                                                                                    "children": []
                                                                                                },
                                                                                                {
                                                                                                    "operator_name": "READ_PARQUET ",
                                                                                                    "cpu_time": 0.012049114999999957,
                                                                                                    "extra_info": {
                                                                                                        "Function": "READ_PARQUET",
                                                                                                        "Projections": "id",
                                                                                                        "Estimated Cardinality": "1260710"
                                                                                                    },
                                                                                                    "cumulative_cardinality": 1260710,
                                                                                                    "operator_type": "TABLE_SCAN",
                                                                                                    "operator_cardinality": 1260710,
                                                                                                    "cumulative_rows_scanned": 1260710,
                                                                                                    "operator_rows_scanned": 1260710,
                                                                                                    "operator_timing": 0.012049114999999957,
                                                                                                    "result_set_size": 5042840,
                                                                                                    "children": []
                                                                                                }
                                                                                            ]
                                                                                        }
                                                                                    ]
                                                                                }
                                                                            ]
                                                                        },
                                                                        {
                                                                            "operator_name": "FILTER",
                                                                            "cpu_time": 0.4946789360000001,
                                                                            "extra_info": {
                                                                                "Expression": "(COALESCE(TotalPosts, 0) IS NOT NULL)",
                                                                                "Estimated Cardinality": "385011"
                                                                            },
                                                                            "cumulative_cardinality": 11853994,
                                                                            "operator_type": "FILTER",
                                                                            "operator_cardinality": 1260710,
                                                                            "cumulative_rows_scanned": 5110826,
                                                                            "operator_rows_scanned": 0,
                                                                            "operator_timing": 0.015316133999999999,
                                                                            "result_set_size": 55471240,
                                                                            "children": [
                                                                                {
                                                                                    "operator_name": "HASH_JOIN",
                                                                                    "cpu_time": 0.47936280200000014,
                                                                                    "extra_info": {
                                                                                        "Join Type": "RIGHT",
                                                                                        "Conditions": "owneruserid = id",
                                                                                        "Estimated Cardinality": "1925058"
                                                                                    },
                                                                                    "cumulative_cardinality": 10593284,
                                                                                    "operator_type": "HASH_JOIN",
                                                                                    "operator_cardinality": 1260710,
                                                                                    "cumulative_rows_scanned": 5110826,
                                                                                    "operator_rows_scanned": 0,
                                                                                    "operator_timing": 0.121179891,
                                                                                    "result_set_size": 55471240,
                                                                                    "children": [
                                                                                        {
                                                                                            "operator_name": "HASH_GROUP_BY",
                                                                                            "cpu_time": 0.2556010580000002,
                                                                                            "extra_info": {
                                                                                                "Groups": "#0",
                                                                                                "Aggregates": [
                                                                                                    "count_star()",
                                                                                                    "sum(#1)"
                                                                                                ],
                                                                                                "Estimated Cardinality": "1925058"
                                                                                            },
                                                                                            "cumulative_cardinality": 8071864,
                                                                                            "operator_type": "HASH_GROUP_BY",
                                                                                            "operator_cardinality": 371632,
                                                                                            "cumulative_rows_scanned": 3850116,
                                                                                            "operator_rows_scanned": 0,
                                                                                            "operator_timing": 0.14993013600000005,
                                                                                            "result_set_size": 10405696,
                                                                                            "children": [
                                                                                                {
                                                                                                    "operator_name": "PROJECTION",
                                                                                                    "cpu_time": 0.10567092200000014,
                                                                                                    "extra_info": {
                                                                                                        "Projections": [
                                                                                                            "owneruserid",
                                                                                                            "CASE  WHEN ((posttypeid = 1)) THEN (1) ELSE 0 END"
                                                                                                        ],
                                                                                                        "Estimated Cardinality": "3850116"
                                                                                                    },
                                                                                                    "cumulative_cardinality": 7700232,
                                                                                                    "operator_type": "PROJECTION",
                                                                                                    "operator_cardinality": 3850116,
                                                                                                    "cumulative_rows_scanned": 3850116,
                                                                                                    "operator_rows_scanned": 0,
                                                                                                    "operator_timing": 0.03211934799999997,
                                                                                                    "result_set_size": 30800928,
                                                                                                    "children": [
                                                                                                        {
                                                                                                            "operator_name": "READ_PARQUET ",
                                                                                                            "cpu_time": 0.07355157400000017,
                                                                                                            "extra_info": {
                                                                                                                "Function": "READ_PARQUET",
                                                                                                                "Projections": [
                                                                                                                    "id",
                                                                                                                    "posttypeid",
                                                                                                                    "owneruserid"
                                                                                                                ],
                                                                                                                "Estimated Cardinality": "3850116"
                                                                                                            },
                                                                                                            "cumulative_cardinality": 3850116,
                                                                                                            "operator_type": "TABLE_SCAN",
                                                                                                            "operator_cardinality": 3850116,
                                                                                                            "cumulative_rows_scanned": 3850116,
                                                                                                            "operator_rows_scanned": 3850116,
                                                                                                            "operator_timing": 0.07355157400000017,
                                                                                                            "result_set_size": 38501160,
                                                                                                            "children": []
                                                                                                        }
                                                                                                    ]
                                                                                                }
                                                                                            ]
                                                                                        },
                                                                                        {
                                                                                            "operator_name": "READ_PARQUET ",
                                                                                            "cpu_time": 0.10258185299999993,
                                                                                            "extra_info": {
                                                                                                "Function": "READ_PARQUET",
                                                                                                "Projections": [
                                                                                                    "id",
                                                                                                    "displayname"
                                                                                                ],
                                                                                                "Estimated Cardinality": "1260710"
                                                                                            },
                                                                                            "cumulative_cardinality": 1260710,
                                                                                            "operator_type": "TABLE_SCAN",
                                                                                            "operator_cardinality": 1260710,
                                                                                            "cumulative_rows_scanned": 1260710,
                                                                                            "operator_rows_scanned": 1260710,
                                                                                            "operator_timing": 0.10258185299999993,
                                                                                            "result_set_size": 25214200,
                                                                                            "children": []
                                                                                        }
                                                                                    ]
                                                                                }
                                                                            ]
                                                                        }
                                                                    ]
                                                                },
                                                                {
                                                                    "operator_name": "PROJECTION",
                                                                    "cpu_time": 5.524715460999997,
                                                                    "extra_info": {
                                                                        "Projections": [
                                                                            "userid",
                                                                            "CloseReasonCount"
                                                                        ],
                                                                        "Estimated Cardinality": "1179524"
                                                                    },
                                                                    "cumulative_cardinality": 243468,
                                                                    "operator_type": "PROJECTION",
                                                                    "operator_cardinality": 270,
                                                                    "cumulative_rows_scanned": 11795244,
                                                                    "operator_rows_scanned": 0,
                                                                    "operator_timing": 6.41e-7,
                                                                    "result_set_size": 3240,
                                                                    "children": [
                                                                        {
                                                                            "operator_name": "HASH_GROUP_BY",
                                                                            "cpu_time": 5.524714819999997,
                                                                            "extra_info": {
                                                                                "Groups": [
                                                                                    "#0",
                                                                                    "#1"
                                                                                ],
                                                                                "Aggregates": "count_star()",
                                                                                "Estimated Cardinality": "1179524"
                                                                            },
                                                                            "cumulative_cardinality": 243198,
                                                                            "operator_type": "HASH_GROUP_BY",
                                                                            "operator_cardinality": 270,
                                                                            "cumulative_rows_scanned": 11795244,
                                                                            "operator_rows_scanned": 0,
                                                                            "operator_timing": 0.02636038700000004,
                                                                            "result_set_size": 7560,
                                                                            "children": [
                                                                                {
                                                                                    "operator_name": "PROJECTION",
                                                                                    "cpu_time": 5.498354432999997,
                                                                                    "extra_info": {
                                                                                        "Projections": [
                                                                                            "userid",
                                                                                            "comment"
                                                                                        ],
                                                                                        "Estimated Cardinality": "2359048"
                                                                                    },
                                                                                    "cumulative_cardinality": 242928,
                                                                                    "operator_type": "PROJECTION",
                                                                                    "operator_cardinality": 121464,
                                                                                    "cumulative_rows_scanned": 11795244,
                                                                                    "operator_rows_scanned": 0,
                                                                                    "operator_timing": 0.0009646470000000027,
                                                                                    "result_set_size": 2429280,
                                                                                    "children": [
                                                                                        {
                                                                                            "operator_name": "READ_PARQUET ",
                                                                                            "cpu_time": 5.497389785999997,
                                                                                            "extra_info": {
                                                                                                "Function": "READ_PARQUET",
                                                                                                "Projections": [
                                                                                                    "id",
                                                                                                    "userid",
                                                                                                    "comment"
                                                                                                ],
                                                                                                "Filters": "posthistorytypeid=10",
                                                                                                "Estimated Cardinality": "2359048"
                                                                                            },
                                                                                            "cumulative_cardinality": 121464,
                                                                                            "operator_type": "TABLE_SCAN",
                                                                                            "operator_cardinality": 121464,
                                                                                            "cumulative_rows_scanned": 11795244,
                                                                                            "operator_rows_scanned": 11795244,
                                                                                            "operator_timing": 5.497389785999997,
                                                                                            "result_set_size": 2915136,
                                                                                            "children": []
                                                                                        }
                                                                                    ]
                                                                                }
                                                                            ]
                                                                        }
                                                                    ]
                                                                }
                                                            ]
                                                        }
                                                    ]
                                                }
                                            ]
                                        }
                                    ]
                                }
                            ]
                        }
                    ]
                }
            ]
        }
    ]
}