{
    "rows_returned": 82445,
    "query_name": "WITH UserBadgeSummary AS (\n    SELECT \n        U.Id AS UserId,\n        U.DisplayName,\n        COUNT(B.Id) AS TotalBadges,\n        SUM(CASE WHEN B.Class = 1 THEN 1 ELSE 0 END) AS GoldBadges,\n        SUM(CASE WHEN B.Class = 2 THEN 1 ELSE 0 END) AS SilverBadges,\n        SUM(CASE WHEN B.Class = 3 THEN 1 ELSE 0 END) AS BronzeBadges\n    FROM \n        Users U\n    LEFT JOIN \n        Badges B ON U.Id = B.UserId\n    GROUP BY \n        U.Id, U.DisplayName\n),\nPostStatistics AS (\n    SELECT \n        P.OwnerUserId,\n        COUNT(P.Id) AS TotalPosts,\n        COUNT(CASE WHEN P.PostTypeId = 1 THEN 1 END) AS TotalQuestions,\n        COUNT(CASE WHEN P.PostTypeId = 2 THEN 1 END) AS TotalAnswers,\n        SUM(P.ViewCount) AS TotalViews\n    FROM \n        Posts P\n    GROUP BY \n        P.OwnerUserId\n),\nUserPerformance AS (\n    SELECT \n        U.Id AS UserId,\n        U.DisplayName,\n        COALESCE(PS.TotalPosts, 0) AS TotalPosts,\n        COALESCE(PS.TotalQuestions, 0) AS TotalQuestions,\n        COALESCE(PS.TotalAnswers, 0) AS TotalAnswers,\n        U.Reputation\n    FROM \n        Users U\n    LEFT JOIN \n        PostStatistics PS ON U.Id = PS.OwnerUserId\n),\nBadgePerformance AS (\n    SELECT \n        U.UserId,\n        U.DisplayName,\n        U.TotalBadges,\n        U.GoldBadges,\n        U.SilverBadges,\n        U.BronzeBadges,\n        UP.TotalPosts,\n        UP.Reputation,\n        RANK() OVER (ORDER BY UP.Reputation DESC) AS ReputationRank\n    FROM \n        UserBadgeSummary U\n    JOIN \n        UserPerformance UP ON U.UserId = UP.UserId\n),\nReputationCategories AS (\n    SELECT\n        CASE \n            WHEN Reputation >= 1000 THEN 'High'\n            WHEN Reputation >= 100 THEN 'Medium'\n            ELSE 'Low'\n        END AS ReputationCategory,\n        AVG(Reputation) AS AvgReputation\n    FROM \n        Users\n    GROUP BY \n        CASE \n            WHEN Reputation >= 1000 THEN 'High'\n            WHEN Reputation >= 100 THEN 'Medium'\n            ELSE 'Low'\n        END\n)\nSELECT \n    BP.DisplayName,\n    BP.TotalBadges,\n    BP.GoldBadges,\n    BP.SilverBadges,\n    BP.BronzeBadges,\n    BP.TotalPosts,\n    BP.Reputation,\n    RP.ReputationCategory,\n    RP.AvgReputation,\n    CASE \n        WHEN BP.TotalPosts > 10 THEN 'Active User'\n        ELSE 'Less Active User'\n    END AS UserActivityLevel\nFROM \n    BadgePerformance BP\nJOIN \n    ReputationCategories RP ON BP.Reputation BETWEEN RP.AvgReputation - 500 AND RP.AvgReputation + 500\nWHERE \n    (BP.GoldBadges > 0 OR BP.SilverBadges > 0) \n    AND BP.Reputation > (SELECT AVG(Reputation) FROM Users)\nORDER BY \n    BP.Reputation DESC, \n    BP.TotalPosts DESC;\n\n",
    "blocked_thread_time": 0.0,
    "cpu_time": 1.4958196620000004,
    "extra_info": {},
    "cumulative_cardinality": 32271040,
    "cumulative_rows_scanned": 11214680,
    "result_set_size": 10223180,
    "latency": 1.855855705,
    "children": [
        {
            "operator_name": "PROJECTION",
            "cpu_time": 1.4958196620000004,
            "extra_info": {
                "Projections": [
                    "#0",
                    "#1",
                    "#2",
                    "#3",
                    "#4",
                    "#5",
                    "#6",
                    "__internal_decompress_string(#7)",
                    "#8",
                    "#9"
                ],
                "Estimated Cardinality": "1"
            },
            "cumulative_cardinality": 32271040,
            "operator_type": "PROJECTION",
            "operator_cardinality": 82445,
            "cumulative_rows_scanned": 11214680,
            "operator_rows_scanned": 0,
            "operator_timing": 0.0008220139999999998,
            "result_set_size": 10223180,
            "children": [
                {
                    "operator_name": "ORDER_BY",
                    "cpu_time": 1.4949976480000005,
                    "extra_info": {
                        "Order By": [
                            "BP.Reputation DESC",
                            "BP.TotalPosts DESC"
                        ]
                    },
                    "cumulative_cardinality": 32188595,
                    "operator_type": "ORDER_BY",
                    "operator_cardinality": 82445,
                    "cumulative_rows_scanned": 11214680,
                    "operator_rows_scanned": 0,
                    "operator_timing": 0.007409981000000002,
                    "result_set_size": 9563620,
                    "children": [
                        {
                            "operator_name": "PROJECTION",
                            "cpu_time": 1.4875876670000006,
                            "extra_info": {
                                "Projections": [
                                    "#0",
                                    "#1",
                                    "#2",
                                    "#3",
                                    "#4",
                                    "#5",
                                    "#6",
                                    "__internal_compress_string_ubigint(#7)",
                                    "#8",
                                    "#9"
                                ],
                                "Estimated Cardinality": "1"
                            },
                            "cumulative_cardinality": 32106150,
                            "operator_type": "PROJECTION",
                            "operator_cardinality": 82445,
                            "cumulative_rows_scanned": 11214680,
                            "operator_rows_scanned": 0,
                            "operator_timing": 0.0007565150000000002,
                            "result_set_size": 9563620,
                            "children": [
                                {
                                    "operator_name": "PROJECTION",
                                    "cpu_time": 1.4868311520000006,
                                    "extra_info": {
                                        "Projections": [
                                            "displayname",
                                            "TotalBadges",
                                            "GoldBadges",
                                            "SilverBadges",
                                            "BronzeBadges",
                                            "TotalPosts",
                                            "reputation",
                                            "ReputationCategory",
                                            "AvgReputation",
                                            "UserActivityLevel"
                                        ],
                                        "Estimated Cardinality": "1"
                                    },
                                    "cumulative_cardinality": 32023705,
                                    "operator_type": "PROJECTION",
                                    "operator_cardinality": 82445,
                                    "cumulative_rows_scanned": 11214680,
                                    "operator_rows_scanned": 0,
                                    "operator_timing": 0.0004692160000000001,
                                    "result_set_size": 10223180,
                                    "children": [
                                        {
                                            "operator_name": "NESTED_LOOP_JOIN",
                                            "cpu_time": 1.4863619360000007,
                                            "extra_info": {
                                                "Join Type": "INNER",
                                                "Conditions": "CAST(reputation AS DOUBLE) > SUBQUERY",
                                                "Estimated Cardinality": "1"
                                            },
                                            "cumulative_cardinality": 31941260,
                                            "operator_type": "NESTED_LOOP_JOIN",
                                            "operator_cardinality": 82445,
                                            "cumulative_rows_scanned": 11214680,
                                            "operator_rows_scanned": 0,
                                            "operator_timing": 0.0015994289999999999,
                                            "result_set_size": 9563620,
                                            "children": [
                                                {
                                                    "operator_name": "IE_JOIN",
                                                    "cpu_time": 1.4721306720000007,
                                                    "extra_info": {
                                                        "Join Type": "INNER",
                                                        "Conditions": [
                                                            "CAST(reputation AS DOUBLE) >= (AvgReputation - 500.0)",
                                                            "CAST(reputation AS DOUBLE) <= (AvgReputation + 500.0)"
                                                        ],
                                                        "Estimated Cardinality": "630355"
                                                    },
                                                    "cumulative_cardinality": 29337391,
                                                    "operator_type": "IE_JOIN",
                                                    "operator_cardinality": 116431,
                                                    "cumulative_rows_scanned": 9953970,
                                                    "operator_rows_scanned": 0,
                                                    "operator_timing": 0.03620502900000001,
                                                    "result_set_size": 12574548,
                                                    "children": [
                                                        {
                                                            "operator_name": "PROJECTION",
                                                            "cpu_time": 1.3881624430000006,
                                                            "extra_info": {
                                                                "Projections": [
                                                                    "displayname",
                                                                    "TotalBadges",
                                                                    "GoldBadges",
                                                                    "SilverBadges",
                                                                    "BronzeBadges",
                                                                    "TotalPosts",
                                                                    "reputation"
                                                                ],
                                                                "Estimated Cardinality": "385011"
                                                            },
                                                            "cumulative_cardinality": 26699534,
                                                            "operator_type": "PROJECTION",
                                                            "operator_cardinality": 76720,
                                                            "cumulative_rows_scanned": 8693260,
                                                            "operator_rows_scanned": 0,
                                                            "operator_timing": 0.00008512299999999995,
                                                            "result_set_size": 6444480,
                                                            "children": [
                                                                {
                                                                    "operator_name": "FILTER",
                                                                    "cpu_time": 1.3880773200000005,
                                                                    "extra_info": {
                                                                        "Expression": "((GoldBadges > 0) OR (SilverBadges > 0))",
                                                                        "Estimated Cardinality": "385011"
                                                                    },
                                                                    "cumulative_cardinality": 26622814,
                                                                    "operator_type": "FILTER",
                                                                    "operator_cardinality": 76720,
                                                                    "cumulative_rows_scanned": 8693260,
                                                                    "operator_rows_scanned": 0,
                                                                    "operator_timing": 0.010709682000000003,
                                                                    "result_set_size": 7672000,
                                                                    "children": [
                                                                        {
                                                                            "operator_name": "PROJECTION",
                                                                            "cpu_time": 1.3773676380000004,
                                                                            "extra_info": {
                                                                                "Projections": [
                                                                                    "#0",
                                                                                    "#1",
                                                                                    "#2",
                                                                                    "#3",
                                                                                    "#4",
                                                                                    "#5",
                                                                                    "#6",
                                                                                    "#7",
                                                                                    "#8",
                                                                                    "#9"
                                                                                ],
                                                                                "Estimated Cardinality": "1925058"
                                                                            },
                                                                            "cumulative_cardinality": 26546094,
                                                                            "operator_type": "PROJECTION",
                                                                            "operator_cardinality": 1260710,
                                                                            "cumulative_rows_scanned": 8693260,
                                                                            "operator_rows_scanned": 0,
                                                                            "operator_timing": 0.00028128300000000034,
                                                                            "result_set_size": 126071000,
                                                                            "children": [
                                                                                {
                                                                                    "operator_name": "WINDOW",
                                                                                    "cpu_time": 1.3770863550000003,
                                                                                    "extra_info": {
                                                                                        "Projections": "RANK() OVER (ORDER BY reputation DESC NULLS LAST)"
                                                                                    },
                                                                                    "cumulative_cardinality": 25285384,
                                                                                    "operator_type": "WINDOW",
                                                                                    "operator_cardinality": 1260710,
                                                                                    "cumulative_rows_scanned": 8693260,
                                                                                    "operator_rows_scanned": 0,
                                                                                    "operator_timing": 0.12151667200000002,
                                                                                    "result_set_size": 126071000,
                                                                                    "children": [
                                                                                        {
                                                                                            "operator_name": "HASH_JOIN",
                                                                                            "cpu_time": 1.2555696830000003,
                                                                                            "extra_info": {
                                                                                                "Join Type": "INNER",
                                                                                                "Conditions": "UserId = UserId",
                                                                                                "Estimated Cardinality": "1925058"
                                                                                            },
                                                                                            "cumulative_cardinality": 24024674,
                                                                                            "operator_type": "HASH_JOIN",
                                                                                            "operator_cardinality": 1260710,
                                                                                            "cumulative_rows_scanned": 8693260,
                                                                                            "operator_rows_scanned": 0,
                                                                                            "operator_timing": 0.10290576300000008,
                                                                                            "result_set_size": 115985320,
                                                                                            "children": [
                                                                                                {
                                                                                                    "operator_name": "HASH_GROUP_BY",
                                                                                                    "cpu_time": 0.9104544210000003,
                                                                                                    "extra_info": {
                                                                                                        "Groups": [
                                                                                                            "#0",
                                                                                                            "#1"
                                                                                                        ],
                                                                                                        "Aggregates": [
                                                                                                            "count(#2)",
                                                                                                            "sum(#3)",
                                                                                                            "sum(#4)",
                                                                                                            "sum(#5)"
                                                                                                        ],
                                                                                                        "Estimated Cardinality": "1260710"
                                                                                                    },
                                                                                                    "cumulative_cardinality": 10909970,
                                                                                                    "operator_type": "HASH_GROUP_BY",
                                                                                                    "operator_cardinality": 1260710,
                                                                                                    "cumulative_rows_scanned": 3582434,
                                                                                                    "operator_rows_scanned": 0,
                                                                                                    "operator_timing": 0.529641964,
                                                                                                    "result_set_size": 95813960,
                                                                                                    "children": [
                                                                                                        {
                                                                                                            "operator_name": "PROJECTION",
                                                                                                            "cpu_time": 0.3808124570000003,
                                                                                                            "extra_info": {
                                                                                                                "Projections": [
                                                                                                                    "id",
                                                                                                                    "displayname",
                                                                                                                    "id",
                                                                                                                    "CASE  WHEN ((class = 1)) THEN (1) ELSE 0 END",
                                                                                                                    "CASE  WHEN ((class = 2)) THEN (1) ELSE 0 END",
                                                                                                                    "CASE  WHEN ((class = 3)) THEN (1) ELSE 0 END"
                                                                                                                ],
                                                                                                                "Estimated Cardinality": "2321724"
                                                                                                            },
                                                                                                            "cumulative_cardinality": 9649260,
                                                                                                            "operator_type": "PROJECTION",
                                                                                                            "operator_cardinality": 3033413,
                                                                                                            "cumulative_rows_scanned": 3582434,
                                                                                                            "operator_rows_scanned": 0,
                                                                                                            "operator_timing": 0.018831467000000005,
                                                                                                            "result_set_size": 109202868,
                                                                                                            "children": [
                                                                                                                {
                                                                                                                    "operator_name": "HASH_JOIN",
                                                                                                                    "cpu_time": 0.36198099000000034,
                                                                                                                    "extra_info": {
                                                                                                                        "Join Type": "RIGHT",
                                                                                                                        "Conditions": "userid = id",
                                                                                                                        "Estimated Cardinality": "2321724"
                                                                                                                    },
                                                                                                                    "cumulative_cardinality": 6615847,
                                                                                                                    "operator_type": "HASH_JOIN",
                                                                                                                    "operator_cardinality": 3033413,
                                                                                                                    "cumulative_rows_scanned": 3582434,
                                                                                                                    "operator_rows_scanned": 0,
                                                                                                                    "operator_timing": 0.2155866430000003,
                                                                                                                    "result_set_size": 91002390,
                                                                                                                    "children": [
                                                                                                                        {
                                                                                                                            "operator_name": "READ_PARQUET ",
                                                                                                                            "cpu_time": 0.06198785799999998,
                                                                                                                            "extra_info": {
                                                                                                                                "Function": "READ_PARQUET",
                                                                                                                                "Projections": [
                                                                                                                                    "id",
                                                                                                                                    "userid",
                                                                                                                                    "class"
                                                                                                                                ],
                                                                                                                                "Estimated Cardinality": "2321724"
                                                                                                                            },
                                                                                                                            "cumulative_cardinality": 2321724,
                                                                                                                            "operator_type": "TABLE_SCAN",
                                                                                                                            "operator_cardinality": 2321724,
                                                                                                                            "cumulative_rows_scanned": 2321724,
                                                                                                                            "operator_rows_scanned": 2321724,
                                                                                                                            "operator_timing": 0.06198785799999998,
                                                                                                                            "result_set_size": 23217240,
                                                                                                                            "children": []
                                                                                                                        },
                                                                                                                        {
                                                                                                                            "operator_name": "READ_PARQUET ",
                                                                                                                            "cpu_time": 0.08440648900000008,
                                                                                                                            "extra_info": {
                                                                                                                                "Function": "READ_PARQUET",
                                                                                                                                "Projections": [
                                                                                                                                    "id",
                                                                                                                                    "displayname"
                                                                                                                                ],
                                                                                                                                "Estimated Cardinality": "1260710"
                                                                                                                            },
                                                                                                                            "cumulative_cardinality": 1260710,
                                                                                                                            "operator_type": "TABLE_SCAN",
                                                                                                                            "operator_cardinality": 1260710,
                                                                                                                            "cumulative_rows_scanned": 1260710,
                                                                                                                            "operator_rows_scanned": 1260710,
                                                                                                                            "operator_timing": 0.08440648900000008,
                                                                                                                            "result_set_size": 25214200,
                                                                                                                            "children": []
                                                                                                                        }
                                                                                                                    ]
                                                                                                                }
                                                                                                            ]
                                                                                                        }
                                                                                                    ]
                                                                                                },
                                                                                                {
                                                                                                    "operator_name": "PROJECTION",
                                                                                                    "cpu_time": 0.24220949899999994,
                                                                                                    "extra_info": {
                                                                                                        "Projections": [
                                                                                                            "UserId",
                                                                                                            "TotalPosts",
                                                                                                            "reputation"
                                                                                                        ],
                                                                                                        "Estimated Cardinality": "1925058"
                                                                                                    },
                                                                                                    "cumulative_cardinality": 11853994,
                                                                                                    "operator_type": "PROJECTION",
                                                                                                    "operator_cardinality": 1260710,
                                                                                                    "cumulative_rows_scanned": 5110826,
                                                                                                    "operator_rows_scanned": 0,
                                                                                                    "operator_timing": 0.010712074000000004,
                                                                                                    "result_set_size": 20171360,
                                                                                                    "children": [
                                                                                                        {
                                                                                                            "operator_name": "HASH_JOIN",
                                                                                                            "cpu_time": 0.23149742499999992,
                                                                                                            "extra_info": {
                                                                                                                "Join Type": "RIGHT",
                                                                                                                "Conditions": "owneruserid = id",
                                                                                                                "Estimated Cardinality": "1925058"
                                                                                                            },
                                                                                                            "cumulative_cardinality": 10593284,
                                                                                                            "operator_type": "HASH_JOIN",
                                                                                                            "operator_cardinality": 1260710,
                                                                                                            "cumulative_rows_scanned": 5110826,
                                                                                                            "operator_rows_scanned": 0,
                                                                                                            "operator_timing": 0.08048851000000003,
                                                                                                            "result_set_size": 25214200,
                                                                                                            "children": [
                                                                                                                {
                                                                                                                    "operator_name": "HASH_GROUP_BY",
                                                                                                                    "cpu_time": 0.13678404099999988,
                                                                                                                    "extra_info": {
                                                                                                                        "Groups": "#0",
                                                                                                                        "Aggregates": "count_star()",
                                                                                                                        "Estimated Cardinality": "1925058"
                                                                                                                    },
                                                                                                                    "cumulative_cardinality": 8071864,
                                                                                                                    "operator_type": "HASH_GROUP_BY",
                                                                                                                    "operator_cardinality": 371632,
                                                                                                                    "cumulative_rows_scanned": 3850116,
                                                                                                                    "operator_rows_scanned": 0,
                                                                                                                    "operator_timing": 0.09263974399999993,
                                                                                                                    "result_set_size": 4459584,
                                                                                                                    "children": [
                                                                                                                        {
                                                                                                                            "operator_name": "PROJECTION",
                                                                                                                            "cpu_time": 0.04414429699999995,
                                                                                                                            "extra_info": {
                                                                                                                                "Projections": "owneruserid",
                                                                                                                                "Estimated Cardinality": "3850116"
                                                                                                                            },
                                                                                                                            "cumulative_cardinality": 7700232,
                                                                                                                            "operator_type": "PROJECTION",
                                                                                                                            "operator_cardinality": 3850116,
                                                                                                                            "cumulative_rows_scanned": 3850116,
                                                                                                                            "operator_rows_scanned": 0,
                                                                                                                            "operator_timing": 0.00028720099999999946,
                                                                                                                            "result_set_size": 15400464,
                                                                                                                            "children": [
                                                                                                                                {
                                                                                                                                    "operator_name": "READ_PARQUET ",
                                                                                                                                    "cpu_time": 0.04385709599999995,
                                                                                                                                    "extra_info": {
                                                                                                                                        "Function": "READ_PARQUET",
                                                                                                                                        "Projections": [
                                                                                                                                            "id",
                                                                                                                                            "owneruserid"
                                                                                                                                        ],
                                                                                                                                        "Estimated Cardinality": "3850116"
                                                                                                                                    },
                                                                                                                                    "cumulative_cardinality": 3850116,
                                                                                                                                    "operator_type": "TABLE_SCAN",
                                                                                                                                    "operator_cardinality": 3850116,
                                                                                                                                    "cumulative_rows_scanned": 3850116,
                                                                                                                                    "operator_rows_scanned": 3850116,
                                                                                                                                    "operator_timing": 0.04385709599999995,
                                                                                                                                    "result_set_size": 30800928,
                                                                                                                                    "children": []
                                                                                                                                }
                                                                                                                            ]
                                                                                                                        }
                                                                                                                    ]
                                                                                                                },
                                                                                                                {
                                                                                                                    "operator_name": "READ_PARQUET ",
                                                                                                                    "cpu_time": 0.014224873999999995,
                                                                                                                    "extra_info": {
                                                                                                                        "Function": "READ_PARQUET",
                                                                                                                        "Projections": [
                                                                                                                            "id",
                                                                                                                            "reputation"
                                                                                                                        ],
                                                                                                                        "Estimated Cardinality": "1260710"
                                                                                                                    },
                                                                                                                    "cumulative_cardinality": 1260710,
                                                                                                                    "operator_type": "TABLE_SCAN",
                                                                                                                    "operator_cardinality": 1260710,
                                                                                                                    "cumulative_rows_scanned": 1260710,
                                                                                                                    "operator_rows_scanned": 1260710,
                                                                                                                    "operator_timing": 0.014224873999999995,
                                                                                                                    "result_set_size": 10085680,
                                                                                                                    "children": []
                                                                                                                }
                                                                                                            ]
                                                                                                        }
                                                                                                    ]
                                                                                                }
                                                                                            ]
                                                                                        }
                                                                                    ]
                                                                                }
                                                                            ]
                                                                        }
                                                                    ]
                                                                }
                                                            ]
                                                        },
                                                        {
                                                            "operator_name": "PROJECTION",
                                                            "cpu_time": 0.04776320000000001,
                                                            "extra_info": {
                                                                "Projections": [
                                                                    "__internal_decompress_string(#0)",
                                                                    "#1"
                                                                ],
                                                                "Estimated Cardinality": "630355"
                                                            },
                                                            "cumulative_cardinality": 2521426,
                                                            "operator_type": "PROJECTION",
                                                            "operator_cardinality": 3,
                                                            "cumulative_rows_scanned": 1260710,
                                                            "operator_rows_scanned": 0,
                                                            "operator_timing": 0.000002485,
                                                            "result_set_size": 72,
                                                            "children": [
                                                                {
                                                                    "operator_name": "HASH_GROUP_BY",
                                                                    "cpu_time": 0.04776071500000001,
                                                                    "extra_info": {
                                                                        "Groups": "#0",
                                                                        "Aggregates": "avg(#1)",
                                                                        "Estimated Cardinality": "630355"
                                                                    },
                                                                    "cumulative_cardinality": 2521423,
                                                                    "operator_type": "HASH_GROUP_BY",
                                                                    "operator_cardinality": 3,
                                                                    "cumulative_rows_scanned": 1260710,
                                                                    "operator_rows_scanned": 0,
                                                                    "operator_timing": 0.014166451000000012,
                                                                    "result_set_size": 48,
                                                                    "children": [
                                                                        {
                                                                            "operator_name": "PROJECTION",
                                                                            "cpu_time": 0.033594264,
                                                                            "extra_info": {
                                                                                "Projections": [
                                                                                    "__internal_compress_string_ubigint(CASE  WHEN ((reputation >= 1000)) THEN ('High') WHEN ((reputation >= 100)) THEN ('Medium') ELSE 'Low' END)",
                                                                                    "reputation"
                                                                                ],
                                                                                "Estimated Cardinality": "1260710"
                                                                            },
                                                                            "cumulative_cardinality": 2521420,
                                                                            "operator_type": "PROJECTION",
                                                                            "operator_cardinality": 1260710,
                                                                            "cumulative_rows_scanned": 1260710,
                                                                            "operator_rows_scanned": 0,
                                                                            "operator_timing": 0.026087696,
                                                                            "result_set_size": 15128520,
                                                                            "children": [
                                                                                {
                                                                                    "operator_name": "READ_PARQUET ",
                                                                                    "cpu_time": 0.007506568,
                                                                                    "extra_info": {
                                                                                        "Function": "READ_PARQUET",
                                                                                        "Projections": "reputation",
                                                                                        "Estimated Cardinality": "1260710"
                                                                                    },
                                                                                    "cumulative_cardinality": 1260710,
                                                                                    "operator_type": "TABLE_SCAN",
                                                                                    "operator_cardinality": 1260710,
                                                                                    "cumulative_rows_scanned": 1260710,
                                                                                    "operator_rows_scanned": 1260710,
                                                                                    "operator_timing": 0.007506568,
                                                                                    "result_set_size": 5042840,
                                                                                    "children": []
                                                                                }
                                                                            ]
                                                                        }
                                                                    ]
                                                                }
                                                            ]
                                                        }
                                                    ]
                                                },
                                                {
                                                    "operator_name": "PROJECTION",
                                                    "cpu_time": 0.012631834999999977,
                                                    "extra_info": {
                                                        "Projections": [
                                                            "CASE  WHEN ((#1 > 1)) THEN (error('More than one row returned by a subquery used as an expression - scalar subqueries can only return a single row.",
                                                            "Use \"SET scalar_subquery_error_on_multiple_rows=false\" to revert to previous behavior of returning a random row.')) ELSE #0 END"
                                                        ],
                                                        "Estimated Cardinality": "1"
                                                    },
                                                    "cumulative_cardinality": 2521424,
                                                    "operator_type": "PROJECTION",
                                                    "operator_cardinality": 1,
                                                    "cumulative_rows_scanned": 1260710,
                                                    "operator_rows_scanned": 0,
                                                    "operator_timing": 0.000002254,
                                                    "result_set_size": 8,
                                                    "children": [
                                                        {
                                                            "operator_name": "UNGROUPED_AGGREGATE",
                                                            "cpu_time": 0.012629580999999977,
                                                            "extra_info": {
                                                                "Aggregates": [
                                                                    "\"first\"(#0)",
                                                                    "count_star()"
                                                                ]
                                                            },
                                                            "cumulative_cardinality": 2521423,
                                                            "operator_type": "UNGROUPED_AGGREGATE",
                                                            "operator_cardinality": 1,
                                                            "cumulative_rows_scanned": 1260710,
                                                            "operator_rows_scanned": 0,
                                                            "operator_timing": 0.0000017739999999999999,
                                                            "result_set_size": 16,
                                                            "children": [
                                                                {
                                                                    "operator_name": "PROJECTION",
                                                                    "cpu_time": 0.012627806999999977,
                                                                    "extra_info": {
                                                                        "Projections": "#0",
                                                                        "Estimated Cardinality": "1"
                                                                    },
                                                                    "cumulative_cardinality": 2521422,
                                                                    "operator_type": "PROJECTION",
                                                                    "operator_cardinality": 1,
                                                                    "cumulative_rows_scanned": 1260710,
                                                                    "operator_rows_scanned": 0,
                                                                    "operator_timing": 2.71e-7,
                                                                    "result_set_size": 8,
                                                                    "children": [
                                                                        {
                                                                            "operator_name": "UNGROUPED_AGGREGATE",
                                                                            "cpu_time": 0.012627535999999977,
                                                                            "extra_info": {
                                                                                "Aggregates": "avg(#0)"
                                                                            },
                                                                            "cumulative_cardinality": 2521421,
                                                                            "operator_type": "UNGROUPED_AGGREGATE",
                                                                            "operator_cardinality": 1,
                                                                            "cumulative_rows_scanned": 1260710,
                                                                            "operator_rows_scanned": 0,
                                                                            "operator_timing": 0.005216551999999988,
                                                                            "result_set_size": 8,
                                                                            "children": [
                                                                                {
                                                                                    "operator_name": "PROJECTION",
                                                                                    "cpu_time": 0.00741098399999999,
                                                                                    "extra_info": {
                                                                                        "Projections": "reputation",
                                                                                        "Estimated Cardinality": "1260710"
                                                                                    },
                                                                                    "cumulative_cardinality": 2521420,
                                                                                    "operator_type": "PROJECTION",
                                                                                    "operator_cardinality": 1260710,
                                                                                    "cumulative_rows_scanned": 1260710,
                                                                                    "operator_rows_scanned": 0,
                                                                                    "operator_timing": 0.0000548960000000002,
                                                                                    "result_set_size": 5042840,
                                                                                    "children": [
                                                                                        {
                                                                                            "operator_name": "READ_PARQUET ",
                                                                                            "cpu_time": 0.00735608799999999,
                                                                                            "extra_info": {
                                                                                                "Function": "READ_PARQUET",
                                                                                                "Projections": "reputation",
                                                                                                "Estimated Cardinality": "1260710"
                                                                                            },
                                                                                            "cumulative_cardinality": 1260710,
                                                                                            "operator_type": "TABLE_SCAN",
                                                                                            "operator_cardinality": 1260710,
                                                                                            "cumulative_rows_scanned": 1260710,
                                                                                            "operator_rows_scanned": 1260710,
                                                                                            "operator_timing": 0.00735608799999999,
                                                                                            "result_set_size": 5042840,
                                                                                            "children": []
                                                                                        }
                                                                                    ]
                                                                                }
                                                                            ]
                                                                        }
                                                                    ]
                                                                }
                                                            ]
                                                        }
                                                    ]
                                                }
                                            ]
                                        }
                                    ]
                                }
                            ]
                        }
                    ]
                }
            ]
        }
    ]
}