{
    "rows_returned": 100,
    "query_name": "WITH UserBadges AS (\n    SELECT \n        U.Id AS UserId,\n        COUNT(B.Id) AS TotalBadges,\n        STRING_AGG(B.Name, ', ') AS BadgeNames\n    FROM Users U\n    LEFT JOIN Badges B ON U.Id = B.UserId\n    WHERE U.Reputation > 1000\n    GROUP BY U.Id\n),\nPostStatistics AS (\n    SELECT \n        P.OwnerUserId,\n        COUNT(DISTINCT P.Id) AS TotalPosts,\n        SUM(CASE WHEN P.PostTypeId = 1 THEN P.AnswerCount ELSE 0 END) AS TotalAnswers,\n        AVG(P.ViewCount) AS AvgViews,\n        AVG(P.Score) AS AvgScore\n    FROM Posts P\n    LEFT JOIN Users U ON P.OwnerUserId = U.Id\n    WHERE P.CreationDate >= cast('2024-10-01' as date) - INTERVAL '1 year'\n    GROUP BY P.OwnerUserId\n),\nClosedPosts AS (\n    SELECT \n        PH.PostId,\n        PH.CreationDate,\n        STRING_AGG(CASE WHEN C.PostId IS NOT NULL THEN 'Closed' ELSE 'Active' END, ' | ') AS PostStatus\n    FROM PostHistory PH\n    LEFT JOIN Comments C ON PH.PostId = C.PostId \n    WHERE PH.PostHistoryTypeId IN (10, 11)\n    GROUP BY PH.PostId, PH.CreationDate\n),\nUserPostBadgeStats AS (\n    SELECT \n        U.Id AS UserId,\n        UB.TotalBadges,\n        PS.TotalPosts,\n        PS.TotalAnswers,\n        PS.AvgViews,\n        PS.AvgScore,\n        CP.PostStatus\n    FROM Users U\n    LEFT JOIN UserBadges UB ON U.Id = UB.UserId\n    LEFT JOIN PostStatistics PS ON U.Id = PS.OwnerUserId\n    LEFT JOIN ClosedPosts CP ON PS.OwnerUserId = CP.PostId\n    WHERE U.Location IS NOT NULL OR U.AboutMe IS NOT NULL\n)\n\nSELECT \n    U.DisplayName,\n    COALESCE(UB.TotalBadges, 0) AS BadgeCount,\n    COALESCE(PS.TotalPosts, 0) AS PostsCount,\n    COALESCE(PS.TotalAnswers, 0) AS AnswersCount,\n    COALESCE(PS.AvgViews, 0) AS AverageViews,\n    COALESCE(PS.AvgScore, 0) AS AverageScore,\n    CASE \n        WHEN CP.PostStatus LIKE '%Closed%' THEN 'Discontinued Activity'\n        ELSE 'Active Participation'\n    END AS UserActivityStatus\nFROM Users U\nLEFT JOIN UserBadges UB ON U.Id = UB.UserId\nLEFT JOIN PostStatistics PS ON U.Id = PS.OwnerUserId\nLEFT JOIN ClosedPosts CP ON PS.OwnerUserId = CP.PostId\nWHERE U.CreationDate >= cast('2024-10-01 12:34:56' as timestamp) - INTERVAL '2 years'\nORDER BY U.Reputation DESC\nLIMIT 100;",
    "blocked_thread_time": 0.0,
    "cpu_time": 4.365439404000009,
    "extra_info": {},
    "cumulative_cardinality": 15504538,
    "cumulative_rows_scanned": 28991036,
    "result_set_size": 8000,
    "latency": 4.636743774,
    "children": [
        {
            "operator_name": "PROJECTION",
            "cpu_time": 4.365439404000009,
            "extra_info": {
                "Projections": [
                    "#0",
                    "#1",
                    "#2",
                    "#3",
                    "#4",
                    "#5",
                    "#6"
                ],
                "Estimated Cardinality": "100"
            },
            "cumulative_cardinality": 15504538,
            "operator_type": "PROJECTION",
            "operator_cardinality": 100,
            "cumulative_rows_scanned": 28991036,
            "operator_rows_scanned": 0,
            "operator_timing": 0.000002444,
            "result_set_size": 8000,
            "children": [
                {
                    "operator_name": "STREAMING_LIMIT",
                    "cpu_time": 4.365436960000009,
                    "extra_info": {},
                    "cumulative_cardinality": 15504438,
                    "operator_type": "STREAMING_LIMIT",
                    "operator_cardinality": 100,
                    "cumulative_rows_scanned": 28991036,
                    "operator_rows_scanned": 0,
                    "operator_timing": 0.000002714,
                    "result_set_size": 8400,
                    "children": [
                        {
                            "operator_name": "ORDER_BY",
                            "cpu_time": 4.365434246000009,
                            "extra_info": {
                                "Order By": "reputation DESC"
                            },
                            "cumulative_cardinality": 15504338,
                            "operator_type": "ORDER_BY",
                            "operator_cardinality": 4096,
                            "cumulative_rows_scanned": 28991036,
                            "operator_rows_scanned": 0,
                            "operator_timing": 0.040808424999999995,
                            "result_set_size": 344064,
                            "children": [
                                {
                                    "operator_name": "PROJECTION",
                                    "cpu_time": 4.3246258210000095,
                                    "extra_info": {
                                        "Projections": [
                                            "displayname",
                                            "BadgeCount",
                                            "PostsCount",
                                            "AnswersCount",
                                            "AverageViews",
                                            "AverageScore",
                                            "UserActivityStatus",
                                            "reputation"
                                        ],
                                        "Estimated Cardinality": "3620911"
                                    },
                                    "cumulative_cardinality": 15500242,
                                    "operator_type": "PROJECTION",
                                    "operator_cardinality": 308498,
                                    "cumulative_rows_scanned": 28991036,
                                    "operator_rows_scanned": 0,
                                    "operator_timing": 0.022743815000000007,
                                    "result_set_size": 25913832,
                                    "children": [
                                        {
                                            "operator_name": "CTE",
                                            "cpu_time": 4.301882006000009,
                                            "extra_info": {
                                                "CTE Name": "UserBadges",
                                                "Table Index": "0"
                                            },
                                            "cumulative_cardinality": 15191744,
                                            "operator_type": "CTE",
                                            "operator_cardinality": 0,
                                            "cumulative_rows_scanned": 28991036,
                                            "operator_rows_scanned": 0,
                                            "operator_timing": 0.0017222369999999997,
                                            "result_set_size": 0,
                                            "children": [
                                                {
                                                    "operator_name": "HASH_GROUP_BY",
                                                    "cpu_time": 0.22845035999999982,
                                                    "extra_info": {
                                                        "Groups": "#0",
                                                        "Aggregates": [
                                                            "count(#1)",
                                                            "string_agg(#2)"
                                                        ],
                                                        "Estimated Cardinality": "1260710"
                                                    },
                                                    "cumulative_cardinality": 3605526,
                                                    "operator_type": "HASH_GROUP_BY",
                                                    "operator_cardinality": 11215,
                                                    "cumulative_rows_scanned": 3582434,
                                                    "operator_rows_scanned": 0,
                                                    "operator_timing": 0.035753313000000016,
                                                    "result_set_size": 314020,
                                                    "children": [
                                                        {
                                                            "operator_name": "PROJECTION",
                                                            "cpu_time": 0.19269704699999982,
                                                            "extra_info": {
                                                                "Projections": [
                                                                    "id",
                                                                    "id",
                                                                    "name"
                                                                ],
                                                                "Estimated Cardinality": "2321724"
                                                            },
                                                            "cumulative_cardinality": 3594311,
                                                            "operator_type": "PROJECTION",
                                                            "operator_cardinality": 632948,
                                                            "cumulative_rows_scanned": 3582434,
                                                            "operator_rows_scanned": 0,
                                                            "operator_timing": 0.00036060299999999976,
                                                            "result_set_size": 15190752,
                                                            "children": [
                                                                {
                                                                    "operator_name": "HASH_JOIN",
                                                                    "cpu_time": 0.19233644399999983,
                                                                    "extra_info": {
                                                                        "Join Type": "RIGHT",
                                                                        "Conditions": "userid = id",
                                                                        "Estimated Cardinality": "2321724"
                                                                    },
                                                                    "cumulative_cardinality": 2961363,
                                                                    "operator_type": "HASH_JOIN",
                                                                    "operator_cardinality": 632948,
                                                                    "cumulative_rows_scanned": 3582434,
                                                                    "operator_rows_scanned": 0,
                                                                    "operator_timing": 0.0762582859999999,
                                                                    "result_set_size": 15190752,
                                                                    "children": [
                                                                        {
                                                                            "operator_name": "READ_PARQUET ",
                                                                            "cpu_time": 0.09193351099999994,
                                                                            "extra_info": {
                                                                                "Function": "READ_PARQUET",
                                                                                "Projections": [
                                                                                    "id",
                                                                                    "userid",
                                                                                    "name"
                                                                                ],
                                                                                "Estimated Cardinality": "2321724"
                                                                            },
                                                                            "cumulative_cardinality": 2317200,
                                                                            "operator_type": "TABLE_SCAN",
                                                                            "operator_cardinality": 2317200,
                                                                            "cumulative_rows_scanned": 2321724,
                                                                            "operator_rows_scanned": 2321724,
                                                                            "operator_timing": 0.09193351099999994,
                                                                            "result_set_size": 55612800,
                                                                            "children": []
                                                                        },
                                                                        {
                                                                            "operator_name": "READ_PARQUET ",
                                                                            "cpu_time": 0.024144647,
                                                                            "extra_info": {
                                                                                "Function": "READ_PARQUET",
                                                                                "Projections": "id",
                                                                                "Filters": "reputation>1000",
                                                                                "Estimated Cardinality": "252142"
                                                                            },
                                                                            "cumulative_cardinality": 11215,
                                                                            "operator_type": "TABLE_SCAN",
                                                                            "operator_cardinality": 11215,
                                                                            "cumulative_rows_scanned": 1260710,
                                                                            "operator_rows_scanned": 1260710,
                                                                            "operator_timing": 0.024144647,
                                                                            "result_set_size": 44860,
                                                                            "children": []
                                                                        }
                                                                    ]
                                                                }
                                                            ]
                                                        }
                                                    ]
                                                },
                                                {
                                                    "operator_name": "CTE",
                                                    "cpu_time": 4.071709409000009,
                                                    "extra_info": {
                                                        "CTE Name": "PostStatistics",
                                                        "Table Index": "21"
                                                    },
                                                    "cumulative_cardinality": 11586218,
                                                    "operator_type": "CTE",
                                                    "operator_cardinality": 0,
                                                    "cumulative_rows_scanned": 25408602,
                                                    "operator_rows_scanned": 0,
                                                    "operator_timing": 0.00048716900000000013,
                                                    "result_set_size": 0,
                                                    "children": [
                                                        {
                                                            "operator_name": "HASH_GROUP_BY",
                                                            "cpu_time": 0.16145994700000002,
                                                            "extra_info": {
                                                                "Groups": "#0",
                                                                "Aggregates": [
                                                                    "count(DISTINCT #1)",
                                                                    "sum(#2)",
                                                                    "avg(#3)",
                                                                    "avg(#4)"
                                                                ],
                                                                "Estimated Cardinality": "630355"
                                                            },
                                                            "cumulative_cardinality": 1730319,
                                                            "operator_type": "HASH_GROUP_BY",
                                                            "operator_cardinality": 32477,
                                                            "cumulative_rows_scanned": 5110826,
                                                            "operator_rows_scanned": 0,
                                                            "operator_timing": 0.042544737999999964,
                                                            "result_set_size": 1428988,
                                                            "children": [
                                                                {
                                                                    "operator_name": "PROJECTION",
                                                                    "cpu_time": 0.11891520900000005,
                                                                    "extra_info": {
                                                                        "Projections": [
                                                                            "owneruserid",
                                                                            "id",
                                                                            "CASE  WHEN ((posttypeid = 1)) THEN (answercount) ELSE 0 END",
                                                                            "viewcount",
                                                                            "score"
                                                                        ],
                                                                        "Estimated Cardinality": "1260710"
                                                                    },
                                                                    "cumulative_cardinality": 1697842,
                                                                    "operator_type": "PROJECTION",
                                                                    "operator_cardinality": 145721,
                                                                    "cumulative_rows_scanned": 5110826,
                                                                    "operator_rows_scanned": 0,
                                                                    "operator_timing": 0.0020907619999999995,
                                                                    "result_set_size": 2914420,
                                                                    "children": [
                                                                        {
                                                                            "operator_name": "HASH_JOIN",
                                                                            "cpu_time": 0.11682444700000005,
                                                                            "extra_info": {
                                                                                "Join Type": "RIGHT",
                                                                                "Conditions": "id = owneruserid",
                                                                                "Estimated Cardinality": "1260710"
                                                                            },
                                                                            "cumulative_cardinality": 1552121,
                                                                            "operator_type": "HASH_JOIN",
                                                                            "operator_cardinality": 145721,
                                                                            "cumulative_rows_scanned": 5110826,
                                                                            "operator_rows_scanned": 0,
                                                                            "operator_timing": 0.043921651000000034,
                                                                            "result_set_size": 3788746,
                                                                            "children": [
                                                                                {
                                                                                    "operator_name": "READ_PARQUET ",
                                                                                    "cpu_time": 0.025147125000000017,
                                                                                    "extra_info": {
                                                                                        "Function": "READ_PARQUET",
                                                                                        "Projections": "id",
                                                                                        "Estimated Cardinality": "1260710"
                                                                                    },
                                                                                    "cumulative_cardinality": 1260679,
                                                                                    "operator_type": "TABLE_SCAN",
                                                                                    "operator_cardinality": 1260679,
                                                                                    "cumulative_rows_scanned": 1260710,
                                                                                    "operator_rows_scanned": 1260710,
                                                                                    "operator_timing": 0.025147125000000017,
                                                                                    "result_set_size": 5042716,
                                                                                    "children": []
                                                                                },
                                                                                {
                                                                                    "operator_name": "READ_PARQUET ",
                                                                                    "cpu_time": 0.04775567099999999,
                                                                                    "extra_info": {
                                                                                        "Function": "READ_PARQUET",
                                                                                        "Projections": [
                                                                                            "id",
                                                                                            "posttypeid",
                                                                                            "score",
                                                                                            "viewcount",
                                                                                            "owneruserid",
                                                                                            "answercount"
                                                                                        ],
                                                                                        "Filters": "creationdate>='2023-10-01 00:00:00'::TIMESTAMP",
                                                                                        "Estimated Cardinality": "770023"
                                                                                    },
                                                                                    "cumulative_cardinality": 145721,
                                                                                    "operator_type": "TABLE_SCAN",
                                                                                    "operator_cardinality": 145721,
                                                                                    "cumulative_rows_scanned": 3850116,
                                                                                    "operator_rows_scanned": 3850116,
                                                                                    "operator_timing": 0.04775567099999999,
                                                                                    "result_set_size": 3205862,
                                                                                    "children": []
                                                                                }
                                                                            ]
                                                                        }
                                                                    ]
                                                                }
                                                            ]
                                                        },
                                                        {
                                                            "operator_name": "CTE",
                                                            "cpu_time": 3.909762293000009,
                                                            "extra_info": {
                                                                "CTE Name": "ClosedPosts",
                                                                "Table Index": "42"
                                                            },
                                                            "cumulative_cardinality": 9855899,
                                                            "operator_type": "CTE",
                                                            "operator_cardinality": 0,
                                                            "cumulative_rows_scanned": 20297776,
                                                            "operator_rows_scanned": 0,
                                                            "operator_timing": 0.08907974700000001,
                                                            "result_set_size": 0,
                                                            "children": [
                                                                {
                                                                    "operator_name": "HASH_GROUP_BY",
                                                                    "cpu_time": 3.1128318150000087,
                                                                    "extra_info": {
                                                                        "Groups": [
                                                                            "#0",
                                                                            "#1"
                                                                        ],
                                                                        "Aggregates": "string_agg(#2)",
                                                                        "Estimated Cardinality": "3620911"
                                                                    },
                                                                    "cumulative_cardinality": 8446885,
                                                                    "operator_type": "HASH_GROUP_BY",
                                                                    "operator_cardinality": 131474,
                                                                    "cumulative_rows_scanned": 19037066,
                                                                    "operator_rows_scanned": 0,
                                                                    "operator_timing": 0.06087230799999998,
                                                                    "result_set_size": 3681272,
                                                                    "children": [
                                                                        {
                                                                            "operator_name": "PROJECTION",
                                                                            "cpu_time": 3.0519595070000087,
                                                                            "extra_info": {
                                                                                "Projections": [
                                                                                    "postid",
                                                                                    "creationdate",
                                                                                    "CASE  WHEN ((postid IS NOT NULL)) THEN ('Closed') ELSE 'Active' END"
                                                                                ],
                                                                                "Estimated Cardinality": "7241822"
                                                                            },
                                                                            "cumulative_cardinality": 8315411,
                                                                            "operator_type": "PROJECTION",
                                                                            "operator_cardinality": 471070,
                                                                            "cumulative_rows_scanned": 19037066,
                                                                            "operator_rows_scanned": 0,
                                                                            "operator_timing": 0.005978554999999999,
                                                                            "result_set_size": 13189960,
                                                                            "children": [
                                                                                {
                                                                                    "operator_name": "HASH_JOIN",
                                                                                    "cpu_time": 3.0459809520000087,
                                                                                    "extra_info": {
                                                                                        "Join Type": "RIGHT",
                                                                                        "Conditions": "postid = postid",
                                                                                        "Estimated Cardinality": "7241822"
                                                                                    },
                                                                                    "cumulative_cardinality": 7844341,
                                                                                    "operator_type": "HASH_JOIN",
                                                                                    "operator_cardinality": 471070,
                                                                                    "cumulative_rows_scanned": 19037066,
                                                                                    "operator_rows_scanned": 0,
                                                                                    "operator_timing": 0.18465669199999996,
                                                                                    "result_set_size": 7537120,
                                                                                    "children": [
                                                                                        {
                                                                                            "operator_name": "READ_PARQUET ",
                                                                                            "cpu_time": 0.9590909259999999,
                                                                                            "extra_info": {
                                                                                                "Function": "READ_PARQUET",
                                                                                                "Projections": "postid",
                                                                                                "Estimated Cardinality": "7241822"
                                                                                            },
                                                                                            "cumulative_cardinality": 7241797,
                                                                                            "operator_type": "TABLE_SCAN",
                                                                                            "operator_cardinality": 7241797,
                                                                                            "cumulative_rows_scanned": 7241822,
                                                                                            "operator_rows_scanned": 7241822,
                                                                                            "operator_timing": 0.9590909259999999,
                                                                                            "result_set_size": 28967188,
                                                                                            "children": []
                                                                                        },
                                                                                        {
                                                                                            "operator_name": "READ_PARQUET ",
                                                                                            "cpu_time": 1.902233334000009,
                                                                                            "extra_info": {
                                                                                                "Function": "READ_PARQUET",
                                                                                                "Projections": [
                                                                                                    "postid",
                                                                                                    "creationdate"
                                                                                                ],
                                                                                                "Filters": "posthistorytypeid>=10 AND posthistorytypeid<=11",
                                                                                                "Estimated Cardinality": "2359048"
                                                                                            },
                                                                                            "cumulative_cardinality": 131474,
                                                                                            "operator_type": "TABLE_SCAN",
                                                                                            "operator_cardinality": 131474,
                                                                                            "cumulative_rows_scanned": 11795244,
                                                                                            "operator_rows_scanned": 11795244,
                                                                                            "operator_timing": 1.902233334000009,
                                                                                            "result_set_size": 1577688,
                                                                                            "children": []
                                                                                        }
                                                                                    ]
                                                                                }
                                                                            ]
                                                                        }
                                                                    ]
                                                                },
                                                                {
                                                                    "operator_name": "HASH_JOIN",
                                                                    "cpu_time": 0.707850731,
                                                                    "extra_info": {
                                                                        "Join Type": "LEFT",
                                                                        "Conditions": "owneruserid = postid",
                                                                        "Estimated Cardinality": "3620911"
                                                                    },
                                                                    "cumulative_cardinality": 1409014,
                                                                    "operator_type": "HASH_JOIN",
                                                                    "operator_cardinality": 308498,
                                                                    "cumulative_rows_scanned": 1260710,
                                                                    "operator_rows_scanned": 0,
                                                                    "operator_timing": 0.022121285999999997,
                                                                    "result_set_size": 67869560,
                                                                    "children": [
                                                                        {
                                                                            "operator_name": "HASH_JOIN",
                                                                            "cpu_time": 0.684734911,
                                                                            "extra_info": {
                                                                                "Join Type": "LEFT",
                                                                                "Conditions": "id = owneruserid",
                                                                                "Estimated Cardinality": "1260710"
                                                                            },
                                                                            "cumulative_cardinality": 969042,
                                                                            "operator_type": "HASH_JOIN",
                                                                            "operator_cardinality": 308450,
                                                                            "cumulative_rows_scanned": 1260710,
                                                                            "operator_rows_scanned": 0,
                                                                            "operator_timing": 0.019513811000000013,
                                                                            "result_set_size": 59222400,
                                                                            "children": [
                                                                                {
                                                                                    "operator_name": "HASH_JOIN",
                                                                                    "cpu_time": 0.6651945559999999,
                                                                                    "extra_info": {
                                                                                        "Join Type": "RIGHT",
                                                                                        "Conditions": "UserId = id",
                                                                                        "Estimated Cardinality": "1260710"
                                                                                    },
                                                                                    "cumulative_cardinality": 628115,
                                                                                    "operator_type": "HASH_JOIN",
                                                                                    "operator_cardinality": 308450,
                                                                                    "cumulative_rows_scanned": 1260710,
                                                                                    "operator_rows_scanned": 0,
                                                                                    "operator_timing": 0.08005034599999997,
                                                                                    "result_set_size": 45650600,
                                                                                    "children": [
                                                                                        {
                                                                                            "operator_name": "CTE_SCAN",
                                                                                            "cpu_time": 0.000210723,
                                                                                            "extra_info": {
                                                                                                "CTE Index": "0",
                                                                                                "Estimated Cardinality": "1260710"
                                                                                            },
                                                                                            "cumulative_cardinality": 11215,
                                                                                            "operator_type": "CTE_SCAN",
                                                                                            "operator_cardinality": 11215,
                                                                                            "cumulative_rows_scanned": 0,
                                                                                            "operator_rows_scanned": 0,
                                                                                            "operator_timing": 0.000210723,
                                                                                            "result_set_size": 314020,
                                                                                            "children": []
                                                                                        },
                                                                                        {
                                                                                            "operator_name": "READ_PARQUET ",
                                                                                            "cpu_time": 0.5849334869999999,
                                                                                            "extra_info": {
                                                                                                "Function": "READ_PARQUET",
                                                                                                "Projections": [
                                                                                                    "id",
                                                                                                    "reputation",
                                                                                                    "creationdate",
                                                                                                    "displayname",
                                                                                                    "lastaccessdate",
                                                                                                    "websiteurl",
                                                                                                    "location",
                                                                                                    "aboutme",
                                                                                                    "views",
                                                                                                    "upvotes",
                                                                                                    "downvotes",
                                                                                                    "profileimageurl",
                                                                                                    "accountid"
                                                                                                ],
                                                                                                "Filters": "creationdate>='2022-10-01 12:34:56'::TIMESTAMP",
                                                                                                "Estimated Cardinality": "252142"
                                                                                            },
                                                                                            "cumulative_cardinality": 308450,
                                                                                            "operator_type": "TABLE_SCAN",
                                                                                            "operator_cardinality": 308450,
                                                                                            "cumulative_rows_scanned": 1260710,
                                                                                            "operator_rows_scanned": 1260710,
                                                                                            "operator_timing": 0.5849334869999999,
                                                                                            "result_set_size": 37014000,
                                                                                            "children": []
                                                                                        }
                                                                                    ]
                                                                                },
                                                                                {
                                                                                    "operator_name": "CTE_SCAN",
                                                                                    "cpu_time": 0.000026544,
                                                                                    "extra_info": {
                                                                                        "CTE Index": "21",
                                                                                        "Estimated Cardinality": "630355"
                                                                                    },
                                                                                    "cumulative_cardinality": 32477,
                                                                                    "operator_type": "CTE_SCAN",
                                                                                    "operator_cardinality": 32477,
                                                                                    "cumulative_rows_scanned": 0,
                                                                                    "operator_rows_scanned": 0,
                                                                                    "operator_timing": 0.000026544,
                                                                                    "result_set_size": 1428988,
                                                                                    "children": []
                                                                                }
                                                                            ]
                                                                        },
                                                                        {
                                                                            "operator_name": "CTE_SCAN",
                                                                            "cpu_time": 0.0009945340000000003,
                                                                            "extra_info": {
                                                                                "CTE Index": "42",
                                                                                "Estimated Cardinality": "3620911"
                                                                            },
                                                                            "cumulative_cardinality": 131474,
                                                                            "operator_type": "CTE_SCAN",
                                                                            "operator_cardinality": 131474,
                                                                            "cumulative_rows_scanned": 0,
                                                                            "operator_rows_scanned": 0,
                                                                            "operator_timing": 0.0009945340000000003,
                                                                            "result_set_size": 3681272,
                                                                            "children": []
                                                                        }
                                                                    ]
                                                                }
                                                            ]
                                                        }
                                                    ]
                                                }
                                            ]
                                        }
                                    ]
                                }
                            ]
                        }
                    ]
                }
            ]
        }
    ]
}