{
    "rows_returned": 100,
    "query_name": "WITH RankedPosts AS (\n    SELECT \n        p.Id AS PostId,\n        p.PostTypeId,\n        COUNT(c.Id) AS CommentCount,\n        SUM(CASE WHEN v.VoteTypeId = 2 THEN 1 ELSE 0 END) AS UpVotes,\n        SUM(CASE WHEN v.VoteTypeId = 3 THEN 1 ELSE 0 END) AS DownVotes,\n        ROW_NUMBER() OVER (PARTITION BY p.PostTypeId ORDER BY COUNT(c.Id) DESC) AS Rank\n    FROM \n        Posts p\n    LEFT JOIN \n        Comments c ON c.PostId = p.Id\n    LEFT JOIN \n        Votes v ON v.PostId = p.Id\n    GROUP BY \n        p.Id, p.PostTypeId\n),\nUserBadges AS (\n    SELECT \n        u.Id AS UserId,\n        COUNT(b.Id) AS BadgeCount,\n        MAX(b.Class) AS HighestBadgeClass\n    FROM \n        Users u\n    LEFT JOIN \n        Badges b ON b.UserId = u.Id\n    WHERE \n        u.Reputation > 1000\n    GROUP BY \n        u.Id\n),\nPostDetails AS (\n    SELECT \n        r.PostId,\n        r.PostTypeId,\n        r.CommentCount,\n        r.UpVotes,\n        r.DownVotes,\n        u.AboutMe,\n        ub.BadgeCount,\n        ub.HighestBadgeClass,\n        CASE \n            WHEN p.AcceptedAnswerId IS NULL THEN 'No Accepted Answer'\n            ELSE 'Accepted Answer Exists'\n        END AS AcceptedAnswerStatus\n    FROM \n        RankedPosts r\n    JOIN \n        Posts p ON p.Id = r.PostId\n    JOIN \n        Users u ON u.Id = p.OwnerUserId\n    LEFT JOIN \n        UserBadges ub ON ub.UserId = p.OwnerUserId\n)\nSELECT \n    pd.PostId,\n    pd.PostTypeId,\n    pd.CommentCount,\n    pd.UpVotes,\n    pd.DownVotes,\n    pd.AboutMe,\n    pd.BadgeCount,\n    pd.HighestBadgeClass,\n    pd.AcceptedAnswerStatus,\n    CASE \n        WHEN pd.CommentCount > 10 THEN 'Highly Interactive'\n        WHEN pd.UpVotes - pd.DownVotes > 0 THEN 'Positive Engagement'\n        ELSE 'Low Engagement'\n    END AS EngagementLevel,\n    STRING_AGG(DISTINCT pt.Name, ', ') AS PostType\nFROM \n    PostDetails pd\nJOIN \n    PostTypes pt ON pt.Id = pd.PostTypeId\nGROUP BY \n    pd.PostId, pd.PostTypeId, pd.CommentCount, pd.UpVotes, pd.DownVotes, \n    pd.AboutMe, pd.BadgeCount, pd.HighestBadgeClass, pd.AcceptedAnswerStatus\nHAVING \n    pd.CommentCount > 5 AND (pd.UpVotes - pd.DownVotes) > 2\nORDER BY \n    pd.UpVotes DESC, pd.CommentCount DESC\nLIMIT 100;\n",
    "blocked_thread_time": 0.0,
    "cpu_time": 12.68746399899999,
    "extra_info": {},
    "cumulative_cardinality": 231933021,
    "cumulative_rows_scanned": 32529299,
    "result_set_size": 12000,
    "latency": 14.718515173,
    "children": [
        {
            "operator_name": "STREAMING_LIMIT",
            "cpu_time": 12.68746399899999,
            "extra_info": {},
            "cumulative_cardinality": 231933021,
            "operator_type": "STREAMING_LIMIT",
            "operator_cardinality": 100,
            "cumulative_rows_scanned": 32529299,
            "operator_rows_scanned": 0,
            "operator_timing": 0.0000016329999999999999,
            "result_set_size": 12000,
            "children": [
                {
                    "operator_name": "PROJECTION",
                    "cpu_time": 12.68746236599999,
                    "extra_info": {
                        "Projections": [
                            "#0",
                            "__internal_decompress_integral_smallint(#1, 1)",
                            "#2",
                            "#3",
                            "#4",
                            "#5",
                            "#6",
                            "#7",
                            "#8",
                            "#9",
                            "#10"
                        ],
                        "Estimated Cardinality": "630355"
                    },
                    "cumulative_cardinality": 231932921,
                    "operator_type": "PROJECTION",
                    "operator_cardinality": 4096,
                    "cumulative_rows_scanned": 32529299,
                    "operator_rows_scanned": 0,
                    "operator_timing": 0.000006021,
                    "result_set_size": 491520,
                    "children": [
                        {
                            "operator_name": "ORDER_BY",
                            "cpu_time": 12.687456344999989,
                            "extra_info": {
                                "Order By": [
                                    "pd.UpVotes DESC",
                                    "pd.CommentCount DESC"
                                ]
                            },
                            "cumulative_cardinality": 231928825,
                            "operator_type": "ORDER_BY",
                            "operator_cardinality": 4096,
                            "cumulative_rows_scanned": 32529299,
                            "operator_rows_scanned": 0,
                            "operator_timing": 0.12633674099999984,
                            "result_set_size": 487424,
                            "children": [
                                {
                                    "operator_name": "PROJECTION",
                                    "cpu_time": 12.56111960399999,
                                    "extra_info": {
                                        "Projections": [
                                            "#0",
                                            "__internal_compress_integral_utinyint(#1, 1)",
                                            "#2",
                                            "#3",
                                            "#4",
                                            "#5",
                                            "#6",
                                            "#7",
                                            "#8",
                                            "#9",
                                            "#10"
                                        ],
                                        "Estimated Cardinality": "630355"
                                    },
                                    "cumulative_cardinality": 231924729,
                                    "operator_type": "PROJECTION",
                                    "operator_cardinality": 843669,
                                    "cumulative_rows_scanned": 32529299,
                                    "operator_rows_scanned": 0,
                                    "operator_timing": 0.0005752379999999999,
                                    "result_set_size": 100396611,
                                    "children": [
                                        {
                                            "operator_name": "PROJECTION",
                                            "cpu_time": 12.56054436599999,
                                            "extra_info": {
                                                "Projections": [
                                                    "PostId",
                                                    "posttypeid",
                                                    "CommentCount",
                                                    "UpVotes",
                                                    "DownVotes",
                                                    "aboutme",
                                                    "BadgeCount",
                                                    "HighestBadgeClass",
                                                    "AcceptedAnswerStatus",
                                                    "EngagementLevel",
                                                    "PostType"
                                                ],
                                                "Estimated Cardinality": "630355"
                                            },
                                            "cumulative_cardinality": 231081060,
                                            "operator_type": "PROJECTION",
                                            "operator_cardinality": 843669,
                                            "cumulative_rows_scanned": 32529299,
                                            "operator_rows_scanned": 0,
                                            "operator_timing": 0.008109296000000002,
                                            "result_set_size": 101240280,
                                            "children": [
                                                {
                                                    "operator_name": "PROJECTION",
                                                    "cpu_time": 12.552435069999989,
                                                    "extra_info": {
                                                        "Projections": [
                                                            "#0",
                                                            "__internal_decompress_integral_smallint(#1, 1)",
                                                            "#2",
                                                            "#3",
                                                            "#4",
                                                            "#5",
                                                            "#6",
                                                            "#7",
                                                            "#8",
                                                            "#9"
                                                        ],
                                                        "Estimated Cardinality": "630355"
                                                    },
                                                    "cumulative_cardinality": 230237391,
                                                    "operator_type": "PROJECTION",
                                                    "operator_cardinality": 843669,
                                                    "cumulative_rows_scanned": 32529299,
                                                    "operator_rows_scanned": 0,
                                                    "operator_timing": 0.000616322,
                                                    "result_set_size": 87741576,
                                                    "children": [
                                                        {
                                                            "operator_name": "HASH_GROUP_BY",
                                                            "cpu_time": 12.551818747999988,
                                                            "extra_info": {
                                                                "Groups": [
                                                                    "#0",
                                                                    "#1",
                                                                    "#2",
                                                                    "#3",
                                                                    "#4",
                                                                    "#5",
                                                                    "#6",
                                                                    "#7",
                                                                    "#8"
                                                                ],
                                                                "Aggregates": "string_agg(DISTINCT #9)",
                                                                "Estimated Cardinality": "630355"
                                                            },
                                                            "cumulative_cardinality": 229393722,
                                                            "operator_type": "HASH_GROUP_BY",
                                                            "operator_cardinality": 843669,
                                                            "cumulative_rows_scanned": 32529299,
                                                            "operator_rows_scanned": 0,
                                                            "operator_timing": 0.49150447600000013,
                                                            "result_set_size": 86897907,
                                                            "children": [
                                                                {
                                                                    "operator_name": "PROJECTION",
                                                                    "cpu_time": 12.060314271999989,
                                                                    "extra_info": {
                                                                        "Projections": [
                                                                            "PostId",
                                                                            "posttypeid",
                                                                            "CommentCount",
                                                                            "UpVotes",
                                                                            "DownVotes",
                                                                            "aboutme",
                                                                            "BadgeCount",
                                                                            "HighestBadgeClass",
                                                                            "AcceptedAnswerStatus",
                                                                            "name"
                                                                        ],
                                                                        "Estimated Cardinality": "1260710"
                                                                    },
                                                                    "cumulative_cardinality": 228550053,
                                                                    "operator_type": "PROJECTION",
                                                                    "operator_cardinality": 843669,
                                                                    "cumulative_rows_scanned": 32529299,
                                                                    "operator_rows_scanned": 0,
                                                                    "operator_timing": 0.001314336999999999,
                                                                    "result_set_size": 86897907,
                                                                    "children": [
                                                                        {
                                                                            "operator_name": "PROJECTION",
                                                                            "cpu_time": 12.058999934999989,
                                                                            "extra_info": {
                                                                                "Projections": [
                                                                                    "#0",
                                                                                    "__internal_compress_integral_utinyint(#1, 1)",
                                                                                    "#2",
                                                                                    "#3",
                                                                                    "#4",
                                                                                    "#5",
                                                                                    "#6",
                                                                                    "#7",
                                                                                    "#8",
                                                                                    "#9"
                                                                                ],
                                                                                "Estimated Cardinality": "1260710"
                                                                            },
                                                                            "cumulative_cardinality": 227706384,
                                                                            "operator_type": "PROJECTION",
                                                                            "operator_cardinality": 843669,
                                                                            "cumulative_rows_scanned": 32529299,
                                                                            "operator_rows_scanned": 0,
                                                                            "operator_timing": 0.003424157000000005,
                                                                            "result_set_size": 86897907,
                                                                            "children": [
                                                                                {
                                                                                    "operator_name": "HASH_JOIN",
                                                                                    "cpu_time": 12.055575777999989,
                                                                                    "extra_info": {
                                                                                        "Join Type": "INNER",
                                                                                        "Conditions": "posttypeid = id",
                                                                                        "Estimated Cardinality": "1260710"
                                                                                    },
                                                                                    "cumulative_cardinality": 226862715,
                                                                                    "operator_type": "HASH_JOIN",
                                                                                    "operator_cardinality": 843669,
                                                                                    "cumulative_rows_scanned": 32529299,
                                                                                    "operator_rows_scanned": 0,
                                                                                    "operator_timing": 0.005043105000000007,
                                                                                    "result_set_size": 87741576,
                                                                                    "children": [
                                                                                        {
                                                                                            "operator_name": "FILTER",
                                                                                            "cpu_time": 12.050178501999989,
                                                                                            "extra_info": {
                                                                                                "Expression": "((UpVotes - DownVotes) > 2)",
                                                                                                "Estimated Cardinality": "1260710"
                                                                                            },
                                                                                            "cumulative_cardinality": 226019039,
                                                                                            "operator_type": "FILTER",
                                                                                            "operator_cardinality": 843669,
                                                                                            "cumulative_rows_scanned": 32529291,
                                                                                            "operator_rows_scanned": 0,
                                                                                            "operator_timing": 0.024780604999999994,
                                                                                            "result_set_size": 74242872,
                                                                                            "children": [
                                                                                                {
                                                                                                    "operator_name": "PROJECTION",
                                                                                                    "cpu_time": 12.025397896999989,
                                                                                                    "extra_info": {
                                                                                                        "Projections": [
                                                                                                            "PostId",
                                                                                                            "posttypeid",
                                                                                                            "CommentCount",
                                                                                                            "UpVotes",
                                                                                                            "DownVotes",
                                                                                                            "aboutme",
                                                                                                            "BadgeCount",
                                                                                                            "HighestBadgeClass",
                                                                                                            "AcceptedAnswerStatus"
                                                                                                        ],
                                                                                                        "Estimated Cardinality": "1260710"
                                                                                                    },
                                                                                                    "cumulative_cardinality": 225175370,
                                                                                                    "operator_type": "PROJECTION",
                                                                                                    "operator_cardinality": 988651,
                                                                                                    "cumulative_rows_scanned": 32529291,
                                                                                                    "operator_rows_scanned": 0,
                                                                                                    "operator_timing": 0.01739455800000003,
                                                                                                    "result_set_size": 87001288,
                                                                                                    "children": [
                                                                                                        {
                                                                                                            "operator_name": "HASH_JOIN",
                                                                                                            "cpu_time": 12.00800333899999,
                                                                                                            "extra_info": {
                                                                                                                "Join Type": "LEFT",
                                                                                                                "Conditions": "owneruserid = UserId",
                                                                                                                "Estimated Cardinality": "1260710"
                                                                                                            },
                                                                                                            "cumulative_cardinality": 224186719,
                                                                                                            "operator_type": "HASH_JOIN",
                                                                                                            "operator_cardinality": 988651,
                                                                                                            "cumulative_rows_scanned": 32529291,
                                                                                                            "operator_rows_scanned": 0,
                                                                                                            "operator_timing": 0.05846824599999992,
                                                                                                            "result_set_size": 75137476,
                                                                                                            "children": [
                                                                                                                {
                                                                                                                    "operator_name": "HASH_JOIN",
                                                                                                                    "cpu_time": 11.735331828999989,
                                                                                                                    "extra_info": {
                                                                                                                        "Join Type": "INNER",
                                                                                                                        "Conditions": "id = owneruserid",
                                                                                                                        "Estimated Cardinality": "770023"
                                                                                                                    },
                                                                                                                    "cumulative_cardinality": 219592542,
                                                                                                                    "operator_type": "HASH_JOIN",
                                                                                                                    "operator_cardinality": 988651,
                                                                                                                    "cumulative_rows_scanned": 28946857,
                                                                                                                    "operator_rows_scanned": 0,
                                                                                                                    "operator_timing": 0.22673175400000012,
                                                                                                                    "result_set_size": 69205570,
                                                                                                                    "children": [
                                                                                                                        {
                                                                                                                            "operator_name": "READ_PARQUET ",
                                                                                                                            "cpu_time": 0.44368334600000015,
                                                                                                                            "extra_info": {
                                                                                                                                "Function": "READ_PARQUET",
                                                                                                                                "Projections": [
                                                                                                                                    "id",
                                                                                                                                    "aboutme"
                                                                                                                                ],
                                                                                                                                "Filters": "id<=1416539",
                                                                                                                                "Estimated Cardinality": "1260710"
                                                                                                                            },
                                                                                                                            "cumulative_cardinality": 1260618,
                                                                                                                            "operator_type": "TABLE_SCAN",
                                                                                                                            "operator_cardinality": 1260618,
                                                                                                                            "cumulative_rows_scanned": 1260710,
                                                                                                                            "operator_rows_scanned": 1260710,
                                                                                                                            "operator_timing": 0.44368334600000015,
                                                                                                                            "result_set_size": 25212360,
                                                                                                                            "children": []
                                                                                                                        },
                                                                                                                        {
                                                                                                                            "operator_name": "HASH_JOIN",
                                                                                                                            "cpu_time": 11.06491672899999,
                                                                                                                            "extra_info": {
                                                                                                                                "Join Type": "INNER",
                                                                                                                                "Conditions": "id = PostId",
                                                                                                                                "Estimated Cardinality": "770023"
                                                                                                                            },
                                                                                                                            "cumulative_cardinality": 217343273,
                                                                                                                            "operator_type": "HASH_JOIN",
                                                                                                                            "operator_cardinality": 1034470,
                                                                                                                            "cumulative_rows_scanned": 27686147,
                                                                                                                            "operator_rows_scanned": 0,
                                                                                                                            "operator_timing": 0.243471763,
                                                                                                                            "result_set_size": 55861380,
                                                                                                                            "children": [
                                                                                                                                {
                                                                                                                                    "operator_name": "READ_PARQUET ",
                                                                                                                                    "cpu_time": 0.5459807100000004,
                                                                                                                                    "extra_info": {
                                                                                                                                        "Function": "READ_PARQUET",
                                                                                                                                        "Projections": [
                                                                                                                                            "id",
                                                                                                                                            "acceptedanswerid",
                                                                                                                                            "owneruserid"
                                                                                                                                        ],
                                                                                                                                        "Estimated Cardinality": "3850116"
                                                                                                                                    },
                                                                                                                                    "cumulative_cardinality": 3850094,
                                                                                                                                    "operator_type": "TABLE_SCAN",
                                                                                                                                    "operator_cardinality": 3850094,
                                                                                                                                    "cumulative_rows_scanned": 3850116,
                                                                                                                                    "operator_rows_scanned": 3850116,
                                                                                                                                    "operator_timing": 0.5459807100000004,
                                                                                                                                    "result_set_size": 46201128,
                                                                                                                                    "children": []
                                                                                                                                },
                                                                                                                                {
                                                                                                                                    "operator_name": "PROJECTION",
                                                                                                                                    "cpu_time": 10.275464255999989,
                                                                                                                                    "extra_info": {
                                                                                                                                        "Projections": [
                                                                                                                                            "#0",
                                                                                                                                            "#1",
                                                                                                                                            "#2",
                                                                                                                                            "#3",
                                                                                                                                            "#4"
                                                                                                                                        ],
                                                                                                                                        "Estimated Cardinality": "770023"
                                                                                                                                    },
                                                                                                                                    "cumulative_cardinality": 212458709,
                                                                                                                                    "operator_type": "PROJECTION",
                                                                                                                                    "operator_cardinality": 1034470,
                                                                                                                                    "cumulative_rows_scanned": 23836031,
                                                                                                                                    "operator_rows_scanned": 0,
                                                                                                                                    "operator_timing": 0.00013840400000000028,
                                                                                                                                    "result_set_size": 47585620,
                                                                                                                                    "children": [
                                                                                                                                        {
                                                                                                                                            "operator_name": "FILTER",
                                                                                                                                            "cpu_time": 10.27532585199999,
                                                                                                                                            "extra_info": {
                                                                                                                                                "Expression": "(CommentCount > 5)",
                                                                                                                                                "Estimated Cardinality": "770023"
                                                                                                                                            },
                                                                                                                                            "cumulative_cardinality": 211424239,
                                                                                                                                            "operator_type": "FILTER",
                                                                                                                                            "operator_cardinality": 1034470,
                                                                                                                                            "cumulative_rows_scanned": 23836031,
                                                                                                                                            "operator_rows_scanned": 0,
                                                                                                                                            "operator_timing": 0.00602967100000002,
                                                                                                                                            "result_set_size": 55861380,
                                                                                                                                            "children": [
                                                                                                                                                {
                                                                                                                                                    "operator_name": "PROJECTION",
                                                                                                                                                    "cpu_time": 10.269296180999989,
                                                                                                                                                    "extra_info": {
                                                                                                                                                        "Projections": [
                                                                                                                                                            "#0",
                                                                                                                                                            "#1",
                                                                                                                                                            "#2",
                                                                                                                                                            "#3",
                                                                                                                                                            "#4",
                                                                                                                                                            "#5"
                                                                                                                                                        ],
                                                                                                                                                        "Estimated Cardinality": "3850116"
                                                                                                                                                    },
                                                                                                                                                    "cumulative_cardinality": 210389769,
                                                                                                                                                    "operator_type": "PROJECTION",
                                                                                                                                                    "operator_cardinality": 3850116,
                                                                                                                                                    "cumulative_rows_scanned": 23836031,
                                                                                                                                                    "operator_rows_scanned": 0,
                                                                                                                                                    "operator_timing": 0.0005383819999999952,
                                                                                                                                                    "result_set_size": 207906264,
                                                                                                                                                    "children": [
                                                                                                                                                        {
                                                                                                                                                            "operator_name": "WINDOW",
                                                                                                                                                            "cpu_time": 10.268757798999989,
                                                                                                                                                            "extra_info": {
                                                                                                                                                                "Projections": "ROW_NUMBER() OVER (PARTITION BY posttypeid ORDER BY count(id) DESC NULLS LAST)"
                                                                                                                                                            },
                                                                                                                                                            "cumulative_cardinality": 206539653,
                                                                                                                                                            "operator_type": "WINDOW",
                                                                                                                                                            "operator_cardinality": 3850116,
                                                                                                                                                            "cumulative_rows_scanned": 23836031,
                                                                                                                                                            "operator_rows_scanned": 0,
                                                                                                                                                            "operator_timing": 0.6624881340000002,
                                                                                                                                                            "result_set_size": 207906264,
                                                                                                                                                            "children": [
                                                                                                                                                                {
                                                                                                                                                                    "operator_name": "PROJECTION",
                                                                                                                                                                    "cpu_time": 9.606269664999989,
                                                                                                                                                                    "extra_info": {
                                                                                                                                                                        "Projections": [
                                                                                                                                                                            "#0",
                                                                                                                                                                            "__internal_decompress_integral_smallint(#1, 1)",
                                                                                                                                                                            "#2",
                                                                                                                                                                            "#3",
                                                                                                                                                                            "#4"
                                                                                                                                                                        ],
                                                                                                                                                                        "Estimated Cardinality": "3850116"
                                                                                                                                                                    },
                                                                                                                                                                    "cumulative_cardinality": 202689537,
                                                                                                                                                                    "operator_type": "PROJECTION",
                                                                                                                                                                    "operator_cardinality": 3850116,
                                                                                                                                                                    "cumulative_rows_scanned": 23836031,
                                                                                                                                                                    "operator_rows_scanned": 0,
                                                                                                                                                                    "operator_timing": 0.0012198639999999989,
                                                                                                                                                                    "result_set_size": 177105336,
                                                                                                                                                                    "children": [
                                                                                                                                                                        {
                                                                                                                                                                            "operator_name": "HASH_GROUP_BY",
                                                                                                                                                                            "cpu_time": 9.60504980099999,
                                                                                                                                                                            "extra_info": {
                                                                                                                                                                                "Groups": [
                                                                                                                                                                                    "#0",
                                                                                                                                                                                    "#1"
                                                                                                                                                                                ],
                                                                                                                                                                                "Aggregates": [
                                                                                                                                                                                    "count(#2)",
                                                                                                                                                                                    "sum(#3)",
                                                                                                                                                                                    "sum(#4)"
                                                                                                                                                                                ],
                                                                                                                                                                                "Estimated Cardinality": "3850116"
                                                                                                                                                                            },
                                                                                                                                                                            "cumulative_cardinality": 198839421,
                                                                                                                                                                            "operator_type": "HASH_GROUP_BY",
                                                                                                                                                                            "operator_cardinality": 3850116,
                                                                                                                                                                            "cumulative_rows_scanned": 23836031,
                                                                                                                                                                            "operator_rows_scanned": 0,
                                                                                                                                                                            "operator_timing": 2.018216405999988,
                                                                                                                                                                            "result_set_size": 173255220,
                                                                                                                                                                            "children": [
                                                                                                                                                                                {
                                                                                                                                                                                    "operator_name": "PROJECTION",
                                                                                                                                                                                    "cpu_time": 7.586833395000002,
                                                                                                                                                                                    "extra_info": {
                                                                                                                                                                                        "Projections": [
                                                                                                                                                                                            "id",
                                                                                                                                                                                            "posttypeid",
                                                                                                                                                                                            "id",
                                                                                                                                                                                            "CASE  WHEN ((votetypeid = 2)) THEN (1) ELSE 0 END",
                                                                                                                                                                                            "CASE  WHEN ((votetypeid = 3)) THEN (1) ELSE 0 END"
                                                                                                                                                                                        ],
                                                                                                                                                                                        "Estimated Cardinality": "12744093"
                                                                                                                                                                                    },
                                                                                                                                                                                    "cumulative_cardinality": 194989305,
                                                                                                                                                                                    "operator_type": "PROJECTION",
                                                                                                                                                                                    "operator_cardinality": 35129590,
                                                                                                                                                                                    "cumulative_rows_scanned": 23836031,
                                                                                                                                                                                    "operator_rows_scanned": 0,
                                                                                                                                                                                    "operator_timing": 0.37031763499999887,
                                                                                                                                                                                    "result_set_size": 597203030,
                                                                                                                                                                                    "children": [
                                                                                                                                                                                        {
                                                                                                                                                                                            "operator_name": "PROJECTION",
                                                                                                                                                                                            "cpu_time": 7.216515760000003,
                                                                                                                                                                                            "extra_info": {
                                                                                                                                                                                                "Projections": [
                                                                                                                                                                                                    "#0",
                                                                                                                                                                                                    "#1",
                                                                                                                                                                                                    "#2",
                                                                                                                                                                                                    "__internal_compress_integral_utinyint(#3, 1)"
                                                                                                                                                                                                ],
                                                                                                                                                                                                "Estimated Cardinality": "12744093"
                                                                                                                                                                                            },
                                                                                                                                                                                            "cumulative_cardinality": 159859715,
                                                                                                                                                                                            "operator_type": "PROJECTION",
                                                                                                                                                                                            "operator_cardinality": 35129590,
                                                                                                                                                                                            "cumulative_rows_scanned": 23836031,
                                                                                                                                                                                            "operator_rows_scanned": 0,
                                                                                                                                                                                            "operator_timing": 0.020656499999999172,
                                                                                                                                                                                            "result_set_size": 386425490,
                                                                                                                                                                                            "children": [
                                                                                                                                                                                                {
                                                                                                                                                                                                    "operator_name": "PROJECTION",
                                                                                                                                                                                                    "cpu_time": 7.195859260000003,
                                                                                                                                                                                                    "extra_info": {
                                                                                                                                                                                                        "Projections": [
                                                                                                                                                                                                            "#0",
                                                                                                                                                                                                            "#1",
                                                                                                                                                                                                            "#2",
                                                                                                                                                                                                            "__internal_decompress_integral_smallint(#3, 1)"
                                                                                                                                                                                                        ],
                                                                                                                                                                                                        "Estimated Cardinality": "12744093"
                                                                                                                                                                                                    },
                                                                                                                                                                                                    "cumulative_cardinality": 124730125,
                                                                                                                                                                                                    "operator_type": "PROJECTION",
                                                                                                                                                                                                    "operator_cardinality": 35129590,
                                                                                                                                                                                                    "cumulative_rows_scanned": 23836031,
                                                                                                                                                                                                    "operator_rows_scanned": 0,
                                                                                                                                                                                                    "operator_timing": 0.020906926999999336,
                                                                                                                                                                                                    "result_set_size": 421555080,
                                                                                                                                                                                                    "children": [
                                                                                                                                                                                                        {
                                                                                                                                                                                                            "operator_name": "HASH_JOIN",
                                                                                                                                                                                                            "cpu_time": 7.174952333000004,
                                                                                                                                                                                                            "extra_info": {
                                                                                                                                                                                                                "Join Type": "RIGHT",
                                                                                                                                                                                                                "Conditions": "postid = id",
                                                                                                                                                                                                                "Estimated Cardinality": "12744093"
                                                                                                                                                                                                            },
                                                                                                                                                                                                            "cumulative_cardinality": 89600535,
                                                                                                                                                                                                            "operator_type": "HASH_JOIN",
                                                                                                                                                                                                            "operator_cardinality": 35129590,
                                                                                                                                                                                                            "cumulative_rows_scanned": 23836031,
                                                                                                                                                                                                            "operator_rows_scanned": 0,
                                                                                                                                                                                                            "operator_timing": 1.8517754379999969,
                                                                                                                                                                                                            "result_set_size": 386425490,
                                                                                                                                                                                                            "children": [
                                                                                                                                                                                                                {
                                                                                                                                                                                                                    "operator_name": "READ_PARQUET ",
                                                                                                                                                                                                                    "cpu_time": 2.390361817000006,
                                                                                                                                                                                                                    "extra_info": {
                                                                                                                                                                                                                        "Function": "READ_PARQUET",
                                                                                                                                                                                                                        "Projections": [
                                                                                                                                                                                                                            "postid",
                                                                                                                                                                                                                            "votetypeid"
                                                                                                                                                                                                                        ],
                                                                                                                                                                                                                        "Estimated Cardinality": "12744093"
                                                                                                                                                                                                                    },
                                                                                                                                                                                                                    "cumulative_cardinality": 12744093,
                                                                                                                                                                                                                    "operator_type": "TABLE_SCAN",
                                                                                                                                                                                                                    "operator_cardinality": 12744093,
                                                                                                                                                                                                                    "cumulative_rows_scanned": 12744093,
                                                                                                                                                                                                                    "operator_rows_scanned": 12744093,
                                                                                                                                                                                                                    "operator_timing": 2.390361817000006,
                                                                                                                                                                                                                    "result_set_size": 76464558,
                                                                                                                                                                                                                    "children": []
                                                                                                                                                                                                                },
                                                                                                                                                                                                                {
                                                                                                                                                                                                                    "operator_name": "PROJECTION",
                                                                                                                                                                                                                    "cpu_time": 2.9328150780000004,
                                                                                                                                                                                                                    "extra_info": {
                                                                                                                                                                                                                        "Projections": [
                                                                                                                                                                                                                            "#0",
                                                                                                                                                                                                                            "#1",
                                                                                                                                                                                                                            "__internal_compress_integral_utinyint(#2, 1)"
                                                                                                                                                                                                                        ],
                                                                                                                                                                                                                        "Estimated Cardinality": "7241822"
                                                                                                                                                                                                                    },
                                                                                                                                                                                                                    "cumulative_cardinality": 41726852,
                                                                                                                                                                                                                    "operator_type": "PROJECTION",
                                                                                                                                                                                                                    "operator_cardinality": 8928266,
                                                                                                                                                                                                                    "cumulative_rows_scanned": 11091938,
                                                                                                                                                                                                                    "operator_rows_scanned": 0,
                                                                                                                                                                                                                    "operator_timing": 0.004225838000000002,
                                                                                                                                                                                                                    "result_set_size": 80354394,
                                                                                                                                                                                                                    "children": [
                                                                                                                                                                                                                        {
                                                                                                                                                                                                                            "operator_name": "PROJECTION",
                                                                                                                                                                                                                            "cpu_time": 2.9285892400000004,
                                                                                                                                                                                                                            "extra_info": {
                                                                                                                                                                                                                                "Projections": [
                                                                                                                                                                                                                                    "#0",
                                                                                                                                                                                                                                    "#1",
                                                                                                                                                                                                                                    "__internal_decompress_integral_smallint(#2, 1)"
                                                                                                                                                                                                                                ],
                                                                                                                                                                                                                                "Estimated Cardinality": "7241822"
                                                                                                                                                                                                                            },
                                                                                                                                                                                                                            "cumulative_cardinality": 32798586,
                                                                                                                                                                                                                            "operator_type": "PROJECTION",
                                                                                                                                                                                                                            "operator_cardinality": 8928266,
                                                                                                                                                                                                                            "cumulative_rows_scanned": 11091938,
                                                                                                                                                                                                                            "operator_rows_scanned": 0,
                                                                                                                                                                                                                            "operator_timing": 0.004821396999999976,
                                                                                                                                                                                                                            "result_set_size": 89282660,
                                                                                                                                                                                                                            "children": [
                                                                                                                                                                                                                                {
                                                                                                                                                                                                                                    "operator_name": "HASH_JOIN",
                                                                                                                                                                                                                                    "cpu_time": 2.9237678430000003,
                                                                                                                                                                                                                                    "extra_info": {
                                                                                                                                                                                                                                        "Join Type": "RIGHT",
                                                                                                                                                                                                                                        "Conditions": "postid = id",
                                                                                                                                                                                                                                        "Estimated Cardinality": "7241822"
                                                                                                                                                                                                                                    },
                                                                                                                                                                                                                                    "cumulative_cardinality": 23870320,
                                                                                                                                                                                                                                    "operator_type": "HASH_JOIN",
                                                                                                                                                                                                                                    "operator_cardinality": 8928266,
                                                                                                                                                                                                                                    "cumulative_rows_scanned": 11091938,
                                                                                                                                                                                                                                    "operator_rows_scanned": 0,
                                                                                                                                                                                                                                    "operator_timing": 0.7159611659999999,
                                                                                                                                                                                                                                    "result_set_size": 80354394,
                                                                                                                                                                                                                                    "children": [
                                                                                                                                                                                                                                        {
                                                                                                                                                                                                                                            "operator_name": "READ_PARQUET ",
                                                                                                                                                                                                                                            "cpu_time": 0.2064909199999999,
                                                                                                                                                                                                                                            "extra_info": {
                                                                                                                                                                                                                                                "Function": "READ_PARQUET",
                                                                                                                                                                                                                                                "Projections": [
                                                                                                                                                                                                                                                    "id",
                                                                                                                                                                                                                                                    "postid"
                                                                                                                                                                                                                                                ],
                                                                                                                                                                                                                                                "Estimated Cardinality": "7241822"
                                                                                                                                                                                                                                            },
                                                                                                                                                                                                                                            "cumulative_cardinality": 7241822,
                                                                                                                                                                                                                                            "operator_type": "TABLE_SCAN",
                                                                                                                                                                                                                                            "operator_cardinality": 7241822,
                                                                                                                                                                                                                                            "cumulative_rows_scanned": 7241822,
                                                                                                                                                                                                                                            "operator_rows_scanned": 7241822,
                                                                                                                                                                                                                                            "operator_timing": 0.2064909199999999,
                                                                                                                                                                                                                                            "result_set_size": 57934576,
                                                                                                                                                                                                                                            "children": []
                                                                                                                                                                                                                                        },
                                                                                                                                                                                                                                        {
                                                                                                                                                                                                                                            "operator_name": "PROJECTION",
                                                                                                                                                                                                                                            "cpu_time": 2.0013157570000004,
                                                                                                                                                                                                                                            "extra_info": {
                                                                                                                                                                                                                                                "Projections": [
                                                                                                                                                                                                                                                    "#0",
                                                                                                                                                                                                                                                    "__internal_compress_integral_utinyint(#1, 1)"
                                                                                                                                                                                                                                                ],
                                                                                                                                                                                                                                                "Estimated Cardinality": "3850116"
                                                                                                                                                                                                                                            },
                                                                                                                                                                                                                                            "cumulative_cardinality": 7700232,
                                                                                                                                                                                                                                            "operator_type": "PROJECTION",
                                                                                                                                                                                                                                            "operator_cardinality": 3850116,
                                                                                                                                                                                                                                            "cumulative_rows_scanned": 3850116,
                                                                                                                                                                                                                                            "operator_rows_scanned": 0,
                                                                                                                                                                                                                                            "operator_timing": 0.0016263890000000024,
                                                                                                                                                                                                                                            "result_set_size": 19250580,
                                                                                                                                                                                                                                            "children": [
                                                                                                                                                                                                                                                {
                                                                                                                                                                                                                                                    "operator_name": "READ_PARQUET ",
                                                                                                                                                                                                                                                    "cpu_time": 1.9996893680000005,
                                                                                                                                                                                                                                                    "extra_info": {
                                                                                                                                                                                                                                                        "Function": "READ_PARQUET",
                                                                                                                                                                                                                                                        "Projections": [
                                                                                                                                                                                                                                                            "id",
                                                                                                                                                                                                                                                            "posttypeid"
                                                                                                                                                                                                                                                        ],
                                                                                                                                                                                                                                                        "Estimated Cardinality": "3850116"
                                                                                                                                                                                                                                                    },
                                                                                                                                                                                                                                                    "cumulative_cardinality": 3850116,
                                                                                                                                                                                                                                                    "operator_type": "TABLE_SCAN",
                                                                                                                                                                                                                                                    "operator_cardinality": 3850116,
                                                                                                                                                                                                                                                    "cumulative_rows_scanned": 3850116,
                                                                                                                                                                                                                                                    "operator_rows_scanned": 3850116,
                                                                                                                                                                                                                                                    "operator_timing": 1.9996893680000005,
                                                                                                                                                                                                                                                    "result_set_size": 23100696,
                                                                                                                                                                                                                                                    "children": []
                                                                                                                                                                                                                                                }
                                                                                                                                                                                                                                            ]
                                                                                                                                                                                                                                        }
                                                                                                                                                                                                                                    ]
                                                                                                                                                                                                                                }
                                                                                                                                                                                                                            ]
                                                                                                                                                                                                                        }
                                                                                                                                                                                                                    ]
                                                                                                                                                                                                                }
                                                                                                                                                                                                            ]
                                                                                                                                                                                                        }
                                                                                                                                                                                                    ]
                                                                                                                                                                                                }
                                                                                                                                                                                            ]
                                                                                                                                                                                        }
                                                                                                                                                                                    ]
                                                                                                                                                                                }
                                                                                                                                                                            ]
                                                                                                                                                                        }
                                                                                                                                                                    ]
                                                                                                                                                                }
                                                                                                                                                            ]
                                                                                                                                                        }
                                                                                                                                                    ]
                                                                                                                                                }
                                                                                                                                            ]
                                                                                                                                        }
                                                                                                                                    ]
                                                                                                                                }
                                                                                                                            ]
                                                                                                                        }
                                                                                                                    ]
                                                                                                                },
                                                                                                                {
                                                                                                                    "operator_name": "HASH_GROUP_BY",
                                                                                                                    "cpu_time": 0.21420326400000014,
                                                                                                                    "extra_info": {
                                                                                                                        "Groups": "#0",
                                                                                                                        "Aggregates": [
                                                                                                                            "count(#1)",
                                                                                                                            "max(#2)"
                                                                                                                        ],
                                                                                                                        "Estimated Cardinality": "1260710"
                                                                                                                    },
                                                                                                                    "cumulative_cardinality": 3605526,
                                                                                                                    "operator_type": "HASH_GROUP_BY",
                                                                                                                    "operator_cardinality": 11215,
                                                                                                                    "cumulative_rows_scanned": 3582434,
                                                                                                                    "operator_rows_scanned": 0,
                                                                                                                    "operator_timing": 0.010915716000000002,
                                                                                                                    "result_set_size": 157010,
                                                                                                                    "children": [
                                                                                                                        {
                                                                                                                            "operator_name": "PROJECTION",
                                                                                                                            "cpu_time": 0.20328754800000015,
                                                                                                                            "extra_info": {
                                                                                                                                "Projections": [
                                                                                                                                    "id",
                                                                                                                                    "id",
                                                                                                                                    "class"
                                                                                                                                ],
                                                                                                                                "Estimated Cardinality": "2321724"
                                                                                                                            },
                                                                                                                            "cumulative_cardinality": 3594311,
                                                                                                                            "operator_type": "PROJECTION",
                                                                                                                            "operator_cardinality": 632948,
                                                                                                                            "cumulative_rows_scanned": 3582434,
                                                                                                                            "operator_rows_scanned": 0,
                                                                                                                            "operator_timing": 0.0001918249999999998,
                                                                                                                            "result_set_size": 6329480,
                                                                                                                            "children": [
                                                                                                                                {
                                                                                                                                    "operator_name": "HASH_JOIN",
                                                                                                                                    "cpu_time": 0.20309572300000014,
                                                                                                                                    "extra_info": {
                                                                                                                                        "Join Type": "RIGHT",
                                                                                                                                        "Conditions": "userid = id",
                                                                                                                                        "Estimated Cardinality": "2321724"
                                                                                                                                    },
                                                                                                                                    "cumulative_cardinality": 2961363,
                                                                                                                                    "operator_type": "HASH_JOIN",
                                                                                                                                    "operator_cardinality": 632948,
                                                                                                                                    "cumulative_rows_scanned": 3582434,
                                                                                                                                    "operator_rows_scanned": 0,
                                                                                                                                    "operator_timing": 0.0430471620000001,
                                                                                                                                    "result_set_size": 6329480,
                                                                                                                                    "children": [
                                                                                                                                        {
                                                                                                                                            "operator_name": "READ_PARQUET ",
                                                                                                                                            "cpu_time": 0.05102247799999999,
                                                                                                                                            "extra_info": {
                                                                                                                                                "Function": "READ_PARQUET",
                                                                                                                                                "Projections": [
                                                                                                                                                    "id",
                                                                                                                                                    "userid",
                                                                                                                                                    "class"
                                                                                                                                                ],
                                                                                                                                                "Estimated Cardinality": "2321724"
                                                                                                                                            },
                                                                                                                                            "cumulative_cardinality": 2317200,
                                                                                                                                            "operator_type": "TABLE_SCAN",
                                                                                                                                            "operator_cardinality": 2317200,
                                                                                                                                            "cumulative_rows_scanned": 2321724,
                                                                                                                                            "operator_rows_scanned": 2321724,
                                                                                                                                            "operator_timing": 0.05102247799999999,
                                                                                                                                            "result_set_size": 23172000,
                                                                                                                                            "children": []
                                                                                                                                        },
                                                                                                                                        {
                                                                                                                                            "operator_name": "READ_PARQUET ",
                                                                                                                                            "cpu_time": 0.10902608300000005,
                                                                                                                                            "extra_info": {
                                                                                                                                                "Function": "READ_PARQUET",
                                                                                                                                                "Projections": "id",
                                                                                                                                                "Filters": "reputation>1000",
                                                                                                                                                "Estimated Cardinality": "252142"
                                                                                                                                            },
                                                                                                                                            "cumulative_cardinality": 11215,
                                                                                                                                            "operator_type": "TABLE_SCAN",
                                                                                                                                            "operator_cardinality": 11215,
                                                                                                                                            "cumulative_rows_scanned": 1260710,
                                                                                                                                            "operator_rows_scanned": 1260710,
                                                                                                                                            "operator_timing": 0.10902608300000005,
                                                                                                                                            "result_set_size": 44860,
                                                                                                                                            "children": []
                                                                                                                                        }
                                                                                                                                    ]
                                                                                                                                }
                                                                                                                            ]
                                                                                                                        }
                                                                                                                    ]
                                                                                                                }
                                                                                                            ]
                                                                                                        }
                                                                                                    ]
                                                                                                }
                                                                                            ]
                                                                                        },
                                                                                        {
                                                                                            "operator_name": "READ_PARQUET ",
                                                                                            "cpu_time": 0.000354171,
                                                                                            "extra_info": {
                                                                                                "Function": "READ_PARQUET",
                                                                                                "Projections": [
                                                                                                    "id",
                                                                                                    "name"
                                                                                                ],
                                                                                                "Filters": "id<=7",
                                                                                                "Estimated Cardinality": "8"
                                                                                            },
                                                                                            "cumulative_cardinality": 7,
                                                                                            "operator_type": "TABLE_SCAN",
                                                                                            "operator_cardinality": 7,
                                                                                            "cumulative_rows_scanned": 8,
                                                                                            "operator_rows_scanned": 8,
                                                                                            "operator_timing": 0.000354171,
                                                                                            "result_set_size": 126,
                                                                                            "children": []
                                                                                        }
                                                                                    ]
                                                                                }
                                                                            ]
                                                                        }
                                                                    ]
                                                                }
                                                            ]
                                                        }
                                                    ]
                                                }
                                            ]
                                        }
                                    ]
                                }
                            ]
                        }
                    ]
                }
            ]
        }
    ]
}