{
    "rows_returned": 0,
    "query_name": "\nWITH RankedPosts AS (\n    SELECT \n        p.Id AS PostId,\n        p.Title,\n        p.Score,\n        p.ViewCount,\n        p.CreationDate,\n        ROW_NUMBER() OVER (PARTITION BY p.PostTypeId ORDER BY p.Score DESC) AS ScoreRank\n    FROM \n        Posts p\n    WHERE \n        p.CreationDate > TIMESTAMP '2024-10-01 12:34:56' - INTERVAL '1 year'\n),\nUserActivity AS (\n    SELECT \n        u.Id AS UserId,\n        u.Reputation,\n        COUNT(DISTINCT c.Id) AS CommentCount,\n        SUM(CASE WHEN v.VoteTypeId = 2 THEN 1 ELSE 0 END) AS UpvoteCount, \n        SUM(CASE WHEN v.VoteTypeId = 3 THEN 1 ELSE 0 END) AS DownvoteCount\n    FROM \n        Users u\n    LEFT JOIN \n        Comments c ON u.Id = c.UserId\n    LEFT JOIN \n        Votes v ON u.Id = v.UserId\n    WHERE \n        u.CreationDate < TIMESTAMP '2024-10-01 12:34:56' - INTERVAL '6 months'\n    GROUP BY \n        u.Id, u.Reputation\n),\nPostHistoryInfo AS (\n    SELECT \n        ph.PostId,\n        ph.UserId,\n        MAX(ph.CreationDate) AS LastEditDate,\n        COUNT(*) AS EditHistoryCount\n    FROM \n        PostHistory ph\n    WHERE \n        ph.PostHistoryTypeId IN (4, 5, 6) \n    GROUP BY \n        ph.PostId, ph.UserId\n)\nSELECT \n    up.UserId,\n    up.Reputation,\n    ra.PostId,\n    ra.Title,\n    ra.Score,\n    ra.ViewCount,\n    ra.CreationDate,\n    up.CommentCount,\n    up.UpvoteCount,\n    up.DownvoteCount,\n    ph.LastEditDate,\n    ph.EditHistoryCount,\n    CASE \n        WHEN up.Reputation > 1000 THEN 'Expert'\n        WHEN up.Reputation BETWEEN 500 AND 1000 THEN 'Enthusiast'\n        ELSE 'Novice'\n    END AS UserLevel\nFROM \n    UserActivity up\nINNER JOIN \n    RankedPosts ra ON up.UserId = ra.PostId\nLEFT JOIN \n    PostHistoryInfo ph ON ra.PostId = ph.PostId AND up.UserId = ph.UserId\nWHERE \n    ra.Score > 10 \n    AND (up.CommentCount IS NOT NULL OR up.UpvoteCount > 0)\n    AND (ph.EditHistoryCount IS NULL OR ph.EditHistoryCount > 2)\nORDER BY \n    ra.Score DESC, \n    up.Reputation DESC\nLIMIT 100\nOFFSET 0;\n",
    "blocked_thread_time": 0.0,
    "cpu_time": 9.041396928,
    "extra_info": {},
    "cumulative_cardinality": 145257406,
    "cumulative_rows_scanned": 36891985,
    "result_set_size": 0,
    "latency": 11.204161304,
    "children": [
        {
            "operator_name": "STREAMING_LIMIT",
            "cpu_time": 9.041396928,
            "extra_info": {},
            "cumulative_cardinality": 145257406,
            "operator_type": "STREAMING_LIMIT",
            "operator_cardinality": 0,
            "cumulative_rows_scanned": 36891985,
            "operator_rows_scanned": 0,
            "operator_timing": 0.0,
            "result_set_size": 0,
            "children": [
                {
                    "operator_name": "PROJECTION",
                    "cpu_time": 9.041396928,
                    "extra_info": {
                        "Projections": [
                            "#0",
                            "#1",
                            "#2",
                            "#3",
                            "__internal_decompress_integral_integer(#4, 10)",
                            "#5",
                            "#6",
                            "#7",
                            "#8",
                            "#9",
                            "#10",
                            "#11",
                            "__internal_decompress_string(#12)"
                        ],
                        "Estimated Cardinality": "47180"
                    },
                    "cumulative_cardinality": 145257406,
                    "operator_type": "PROJECTION",
                    "operator_cardinality": 0,
                    "cumulative_rows_scanned": 36891985,
                    "operator_rows_scanned": 0,
                    "operator_timing": 0.0,
                    "result_set_size": 0,
                    "children": [
                        {
                            "operator_name": "ORDER_BY",
                            "cpu_time": 9.041396928,
                            "extra_info": {
                                "Order By": [
                                    "ra.Score DESC",
                                    "up.Reputation DESC"
                                ]
                            },
                            "cumulative_cardinality": 145257406,
                            "operator_type": "ORDER_BY",
                            "operator_cardinality": 0,
                            "cumulative_rows_scanned": 36891985,
                            "operator_rows_scanned": 0,
                            "operator_timing": 3.41e-7,
                            "result_set_size": 0,
                            "children": [
                                {
                                    "operator_name": "PROJECTION",
                                    "cpu_time": 9.041396587,
                                    "extra_info": {
                                        "Projections": [
                                            "#0",
                                            "#1",
                                            "#2",
                                            "#3",
                                            "__internal_compress_integral_usmallint(#4, 10)",
                                            "#5",
                                            "#6",
                                            "#7",
                                            "#8",
                                            "#9",
                                            "#10",
                                            "#11",
                                            "__internal_compress_string_hugeint(#12)"
                                        ],
                                        "Estimated Cardinality": "47180"
                                    },
                                    "cumulative_cardinality": 145257406,
                                    "operator_type": "PROJECTION",
                                    "operator_cardinality": 0,
                                    "cumulative_rows_scanned": 36891985,
                                    "operator_rows_scanned": 0,
                                    "operator_timing": 0.0,
                                    "result_set_size": 0,
                                    "children": [
                                        {
                                            "operator_name": "PROJECTION",
                                            "cpu_time": 9.041396587,
                                            "extra_info": {
                                                "Projections": [
                                                    "UserId",
                                                    "reputation",
                                                    "PostId",
                                                    "title",
                                                    "score",
                                                    "viewcount",
                                                    "creationdate",
                                                    "CommentCount",
                                                    "UpvoteCount",
                                                    "DownvoteCount",
                                                    "LastEditDate",
                                                    "EditHistoryCount",
                                                    "UserLevel"
                                                ],
                                                "Estimated Cardinality": "47180"
                                            },
                                            "cumulative_cardinality": 145257406,
                                            "operator_type": "PROJECTION",
                                            "operator_cardinality": 0,
                                            "cumulative_rows_scanned": 36891985,
                                            "operator_rows_scanned": 0,
                                            "operator_timing": 0.0,
                                            "result_set_size": 0,
                                            "children": [
                                                {
                                                    "operator_name": "FILTER",
                                                    "cpu_time": 9.041396587,
                                                    "extra_info": {
                                                        "Expression": "((EditHistoryCount IS NULL) OR (EditHistoryCount > 2))",
                                                        "Estimated Cardinality": "47180"
                                                    },
                                                    "cumulative_cardinality": 145257406,
                                                    "operator_type": "FILTER",
                                                    "operator_cardinality": 0,
                                                    "cumulative_rows_scanned": 36891985,
                                                    "operator_rows_scanned": 0,
                                                    "operator_timing": 1.91e-7,
                                                    "result_set_size": 0,
                                                    "children": [
                                                        {
                                                            "operator_name": "HASH_JOIN",
                                                            "cpu_time": 9.041396396,
                                                            "extra_info": {
                                                                "Join Type": "RIGHT",
                                                                "Conditions": [
                                                                    "postid = PostId",
                                                                    "userid = UserId"
                                                                ],
                                                                "Estimated Cardinality": "235904"
                                                            },
                                                            "cumulative_cardinality": 145257406,
                                                            "operator_type": "HASH_JOIN",
                                                            "operator_cardinality": 0,
                                                            "cumulative_rows_scanned": 36891985,
                                                            "operator_rows_scanned": 0,
                                                            "operator_timing": 0.000039915,
                                                            "result_set_size": 0,
                                                            "children": [
                                                                {
                                                                    "operator_name": "HASH_GROUP_BY",
                                                                    "cpu_time": 0.7620285139999994,
                                                                    "extra_info": {
                                                                        "Groups": [
                                                                            "#0",
                                                                            "#1"
                                                                        ],
                                                                        "Aggregates": [
                                                                            "max(#2)",
                                                                            "count_star()"
                                                                        ],
                                                                        "Estimated Cardinality": "235904"
                                                                    },
                                                                    "cumulative_cardinality": 3832637,
                                                                    "operator_type": "HASH_GROUP_BY",
                                                                    "operator_cardinality": 1,
                                                                    "cumulative_rows_scanned": 11795244,
                                                                    "operator_rows_scanned": 0,
                                                                    "operator_timing": 0.00008531000000000001,
                                                                    "result_set_size": 24,
                                                                    "children": [
                                                                        {
                                                                            "operator_name": "PROJECTION",
                                                                            "cpu_time": 0.7619432039999994,
                                                                            "extra_info": {
                                                                                "Projections": [
                                                                                    "postid",
                                                                                    "userid",
                                                                                    "creationdate"
                                                                                ],
                                                                                "Estimated Cardinality": "471809"
                                                                            },
                                                                            "cumulative_cardinality": 3832636,
                                                                            "operator_type": "PROJECTION",
                                                                            "operator_cardinality": 2,
                                                                            "cumulative_rows_scanned": 11795244,
                                                                            "operator_rows_scanned": 0,
                                                                            "operator_timing": 0.000001753,
                                                                            "result_set_size": 32,
                                                                            "children": [
                                                                                {
                                                                                    "operator_name": "FILTER",
                                                                                    "cpu_time": 0.7619414509999993,
                                                                                    "extra_info": {
                                                                                        "Expression": "(userid = postid)",
                                                                                        "Estimated Cardinality": "471809"
                                                                                    },
                                                                                    "cumulative_cardinality": 3832634,
                                                                                    "operator_type": "FILTER",
                                                                                    "operator_cardinality": 2,
                                                                                    "cumulative_rows_scanned": 11795244,
                                                                                    "operator_rows_scanned": 0,
                                                                                    "operator_timing": 0.015344949000000021,
                                                                                    "result_set_size": 32,
                                                                                    "children": [
                                                                                        {
                                                                                            "operator_name": "READ_PARQUET ",
                                                                                            "cpu_time": 0.7465965019999993,
                                                                                            "extra_info": {
                                                                                                "Function": "READ_PARQUET",
                                                                                                "Projections": [
                                                                                                    "postid",
                                                                                                    "creationdate",
                                                                                                    "userid"
                                                                                                ],
                                                                                                "Filters": "posthistorytypeid>=4 AND posthistorytypeid<=6",
                                                                                                "Estimated Cardinality": "2359048"
                                                                                            },
                                                                                            "cumulative_cardinality": 3832632,
                                                                                            "operator_type": "TABLE_SCAN",
                                                                                            "operator_cardinality": 3832632,
                                                                                            "cumulative_rows_scanned": 11795244,
                                                                                            "operator_rows_scanned": 11795244,
                                                                                            "operator_timing": 0.7465965019999993,
                                                                                            "result_set_size": 61322112,
                                                                                            "children": []
                                                                                        }
                                                                                    ]
                                                                                }
                                                                            ]
                                                                        }
                                                                    ]
                                                                },
                                                                {
                                                                    "operator_name": "HASH_JOIN",
                                                                    "cpu_time": 8.279327967,
                                                                    "extra_info": {
                                                                        "Join Type": "INNER",
                                                                        "Conditions": "UserId = PostId",
                                                                        "Estimated Cardinality": "30800"
                                                                    },
                                                                    "cumulative_cardinality": 141424769,
                                                                    "operator_type": "HASH_JOIN",
                                                                    "operator_cardinality": 0,
                                                                    "cumulative_rows_scanned": 25096741,
                                                                    "operator_rows_scanned": 0,
                                                                    "operator_timing": 0.000059812,
                                                                    "result_set_size": 0,
                                                                    "children": [
                                                                        {
                                                                            "operator_name": "FILTER",
                                                                            "cpu_time": 8.104737317,
                                                                            "extra_info": {
                                                                                "Expression": "((CommentCount IS NOT NULL) OR (UpvoteCount > 0))",
                                                                                "Estimated Cardinality": "252142"
                                                                            },
                                                                            "cumulative_cardinality": 140985597,
                                                                            "operator_type": "FILTER",
                                                                            "operator_cardinality": 2048,
                                                                            "cumulative_rows_scanned": 21246625,
                                                                            "operator_rows_scanned": 0,
                                                                            "operator_timing": 0.000092512,
                                                                            "result_set_size": 98304,
                                                                            "children": [
                                                                                {
                                                                                    "operator_name": "HASH_GROUP_BY",
                                                                                    "cpu_time": 8.104644805,
                                                                                    "extra_info": {
                                                                                        "Groups": [
                                                                                            "#0",
                                                                                            "#1"
                                                                                        ],
                                                                                        "Aggregates": [
                                                                                            "count(DISTINCT #2)",
                                                                                            "sum(#3)",
                                                                                            "sum(#4)"
                                                                                        ],
                                                                                        "Estimated Cardinality": "1260710"
                                                                                    },
                                                                                    "cumulative_cardinality": 140983549,
                                                                                    "operator_type": "HASH_GROUP_BY",
                                                                                    "operator_cardinality": 2048,
                                                                                    "cumulative_rows_scanned": 21246625,
                                                                                    "operator_rows_scanned": 0,
                                                                                    "operator_timing": 2.698730738000001,
                                                                                    "result_set_size": 98304,
                                                                                    "children": [
                                                                                        {
                                                                                            "operator_name": "PROJECTION",
                                                                                            "cpu_time": 5.405914066999999,
                                                                                            "extra_info": {
                                                                                                "Projections": [
                                                                                                    "id",
                                                                                                    "reputation",
                                                                                                    "id",
                                                                                                    "CASE  WHEN ((votetypeid = 2)) THEN (1) ELSE 0 END",
                                                                                                    "CASE  WHEN ((votetypeid = 3)) THEN (1) ELSE 0 END"
                                                                                                ],
                                                                                                "Estimated Cardinality": "12744093"
                                                                                            },
                                                                                            "cumulative_cardinality": 140981501,
                                                                                            "operator_type": "PROJECTION",
                                                                                            "operator_cardinality": 38114786,
                                                                                            "cumulative_rows_scanned": 21246625,
                                                                                            "operator_rows_scanned": 0,
                                                                                            "operator_timing": 0.15599432199999885,
                                                                                            "result_set_size": 762295720,
                                                                                            "children": [
                                                                                                {
                                                                                                    "operator_name": "FILTER",
                                                                                                    "cpu_time": 5.249919745000001,
                                                                                                    "extra_info": {
                                                                                                        "Expression": "(id >= 1)",
                                                                                                        "Estimated Cardinality": "12744093"
                                                                                                    },
                                                                                                    "cumulative_cardinality": 102866715,
                                                                                                    "operator_type": "FILTER",
                                                                                                    "operator_cardinality": 38114786,
                                                                                                    "cumulative_rows_scanned": 21246625,
                                                                                                    "operator_rows_scanned": 0,
                                                                                                    "operator_timing": 0.09578461999999806,
                                                                                                    "result_set_size": 533607004,
                                                                                                    "children": [
                                                                                                        {
                                                                                                            "operator_name": "HASH_JOIN",
                                                                                                            "cpu_time": 5.1541351250000025,
                                                                                                            "extra_info": {
                                                                                                                "Join Type": "RIGHT",
                                                                                                                "Conditions": "userid = id",
                                                                                                                "Estimated Cardinality": "12744093"
                                                                                                            },
                                                                                                            "cumulative_cardinality": 64751929,
                                                                                                            "operator_type": "HASH_JOIN",
                                                                                                            "operator_cardinality": 48810782,
                                                                                                            "cumulative_rows_scanned": 21246625,
                                                                                                            "operator_rows_scanned": 0,
                                                                                                            "operator_timing": 3.182795657999999,
                                                                                                            "result_set_size": 683350948,
                                                                                                            "children": [
                                                                                                                {
                                                                                                                    "operator_name": "READ_PARQUET ",
                                                                                                                    "cpu_time": 0.17823709400000035,
                                                                                                                    "extra_info": {
                                                                                                                        "Function": "READ_PARQUET",
                                                                                                                        "Projections": [
                                                                                                                            "votetypeid",
                                                                                                                            "userid"
                                                                                                                        ],
                                                                                                                        "Estimated Cardinality": "12744093"
                                                                                                                    },
                                                                                                                    "cumulative_cardinality": 40273,
                                                                                                                    "operator_type": "TABLE_SCAN",
                                                                                                                    "operator_cardinality": 40273,
                                                                                                                    "cumulative_rows_scanned": 12744093,
                                                                                                                    "operator_rows_scanned": 12744093,
                                                                                                                    "operator_timing": 0.17823709400000035,
                                                                                                                    "result_set_size": 241638,
                                                                                                                    "children": []
                                                                                                                },
                                                                                                                {
                                                                                                                    "operator_name": "HASH_JOIN",
                                                                                                                    "cpu_time": 1.7931023730000029,
                                                                                                                    "extra_info": {
                                                                                                                        "Join Type": "RIGHT",
                                                                                                                        "Conditions": "userid = id",
                                                                                                                        "Estimated Cardinality": "7241822"
                                                                                                                    },
                                                                                                                    "cumulative_cardinality": 15900874,
                                                                                                                    "operator_type": "HASH_JOIN",
                                                                                                                    "operator_cardinality": 7821951,
                                                                                                                    "cumulative_rows_scanned": 8502532,
                                                                                                                    "operator_rows_scanned": 0,
                                                                                                                    "operator_timing": 0.49680331799999855,
                                                                                                                    "result_set_size": 93863412,
                                                                                                                    "children": [
                                                                                                                        {
                                                                                                                            "operator_name": "READ_PARQUET ",
                                                                                                                            "cpu_time": 1.2243907640000042,
                                                                                                                            "extra_info": {
                                                                                                                                "Function": "READ_PARQUET",
                                                                                                                                "Projections": [
                                                                                                                                    "id",
                                                                                                                                    "userid"
                                                                                                                                ],
                                                                                                                                "Estimated Cardinality": "7241822"
                                                                                                                            },
                                                                                                                            "cumulative_cardinality": 6926495,
                                                                                                                            "operator_type": "TABLE_SCAN",
                                                                                                                            "operator_cardinality": 6926495,
                                                                                                                            "cumulative_rows_scanned": 7241822,
                                                                                                                            "operator_rows_scanned": 7241822,
                                                                                                                            "operator_timing": 1.2243907640000042,
                                                                                                                            "result_set_size": 55411960,
                                                                                                                            "children": []
                                                                                                                        },
                                                                                                                        {
                                                                                                                            "operator_name": "READ_PARQUET ",
                                                                                                                            "cpu_time": 0.071908291,
                                                                                                                            "extra_info": {
                                                                                                                                "Function": "READ_PARQUET",
                                                                                                                                "Projections": [
                                                                                                                                    "id",
                                                                                                                                    "reputation"
                                                                                                                                ],
                                                                                                                                "Filters": "creationdate<'2024-04-01 12:34:56'::TIMESTAMP",
                                                                                                                                "Estimated Cardinality": "252142"
                                                                                                                            },
                                                                                                                            "cumulative_cardinality": 1152428,
                                                                                                                            "operator_type": "TABLE_SCAN",
                                                                                                                            "operator_cardinality": 1152428,
                                                                                                                            "cumulative_rows_scanned": 1260710,
                                                                                                                            "operator_rows_scanned": 1260710,
                                                                                                                            "operator_timing": 0.071908291,
                                                                                                                            "result_set_size": 9219424,
                                                                                                                            "children": []
                                                                                                                        }
                                                                                                                    ]
                                                                                                                }
                                                                                                            ]
                                                                                                        }
                                                                                                    ]
                                                                                                }
                                                                                            ]
                                                                                        }
                                                                                    ]
                                                                                }
                                                                            ]
                                                                        },
                                                                        {
                                                                            "operator_name": "PROJECTION",
                                                                            "cpu_time": 0.17453083800000002,
                                                                            "extra_info": {
                                                                                "Projections": [
                                                                                    "PostId",
                                                                                    "title",
                                                                                    "score",
                                                                                    "viewcount",
                                                                                    "creationdate"
                                                                                ],
                                                                                "Estimated Cardinality": "154004"
                                                                            },
                                                                            "cumulative_cardinality": 439172,
                                                                            "operator_type": "PROJECTION",
                                                                            "operator_cardinality": 0,
                                                                            "cumulative_rows_scanned": 3850116,
                                                                            "operator_rows_scanned": 0,
                                                                            "operator_timing": 0.0,
                                                                            "result_set_size": 0,
                                                                            "children": [
                                                                                {
                                                                                    "operator_name": "FILTER",
                                                                                    "cpu_time": 0.17453083800000002,
                                                                                    "extra_info": {
                                                                                        "Expression": "(PostId <= 1416570)",
                                                                                        "Estimated Cardinality": "154004"
                                                                                    },
                                                                                    "cumulative_cardinality": 439172,
                                                                                    "operator_type": "FILTER",
                                                                                    "operator_cardinality": 0,
                                                                                    "cumulative_rows_scanned": 3850116,
                                                                                    "operator_rows_scanned": 0,
                                                                                    "operator_timing": 0.000045094,
                                                                                    "result_set_size": 0,
                                                                                    "children": [
                                                                                        {
                                                                                            "operator_name": "PROJECTION",
                                                                                            "cpu_time": 0.17448574400000003,
                                                                                            "extra_info": {
                                                                                                "Projections": [
                                                                                                    "#0",
                                                                                                    "#2",
                                                                                                    "#3",
                                                                                                    "#4",
                                                                                                    "#5"
                                                                                                ],
                                                                                                "Estimated Cardinality": "154004"
                                                                                            },
                                                                                            "cumulative_cardinality": 439172,
                                                                                            "operator_type": "PROJECTION",
                                                                                            "operator_cardinality": 1273,
                                                                                            "cumulative_rows_scanned": 3850116,
                                                                                            "operator_rows_scanned": 0,
                                                                                            "operator_timing": 0.000002003,
                                                                                            "result_set_size": 45828,
                                                                                            "children": [
                                                                                                {
                                                                                                    "operator_name": "FILTER",
                                                                                                    "cpu_time": 0.17448374100000003,
                                                                                                    "extra_info": {
                                                                                                        "Expression": "(score > 10)",
                                                                                                        "Estimated Cardinality": "154004"
                                                                                                    },
                                                                                                    "cumulative_cardinality": 437899,
                                                                                                    "operator_type": "FILTER",
                                                                                                    "operator_cardinality": 1273,
                                                                                                    "cumulative_rows_scanned": 3850116,
                                                                                                    "operator_rows_scanned": 0,
                                                                                                    "operator_timing": 0.0005547390000000002,
                                                                                                    "result_set_size": 58558,
                                                                                                    "children": [
                                                                                                        {
                                                                                                            "operator_name": "PROJECTION",
                                                                                                            "cpu_time": 0.17392900200000003,
                                                                                                            "extra_info": {
                                                                                                                "Projections": [
                                                                                                                    "#0",
                                                                                                                    "#1",
                                                                                                                    "#2",
                                                                                                                    "#3",
                                                                                                                    "#4",
                                                                                                                    "#5",
                                                                                                                    "#6"
                                                                                                                ],
                                                                                                                "Estimated Cardinality": "770023"
                                                                                                            },
                                                                                                            "cumulative_cardinality": 436626,
                                                                                                            "operator_type": "PROJECTION",
                                                                                                            "operator_cardinality": 145542,
                                                                                                            "cumulative_rows_scanned": 3850116,
                                                                                                            "operator_rows_scanned": 0,
                                                                                                            "operator_timing": 0.000036523000000000016,
                                                                                                            "result_set_size": 6694932,
                                                                                                            "children": [
                                                                                                                {
                                                                                                                    "operator_name": "WINDOW",
                                                                                                                    "cpu_time": 0.17389247900000002,
                                                                                                                    "extra_info": {
                                                                                                                        "Projections": "ROW_NUMBER() OVER (PARTITION BY posttypeid ORDER BY score DESC NULLS LAST)"
                                                                                                                    },
                                                                                                                    "cumulative_cardinality": 291084,
                                                                                                                    "operator_type": "WINDOW",
                                                                                                                    "operator_cardinality": 145542,
                                                                                                                    "cumulative_rows_scanned": 3850116,
                                                                                                                    "operator_rows_scanned": 0,
                                                                                                                    "operator_timing": 0.03776459800000001,
                                                                                                                    "result_set_size": 6694932,
                                                                                                                    "children": [
                                                                                                                        {
                                                                                                                            "operator_name": "READ_PARQUET ",
                                                                                                                            "cpu_time": 0.136127881,
                                                                                                                            "extra_info": {
                                                                                                                                "Function": "READ_PARQUET",
                                                                                                                                "Projections": [
                                                                                                                                    "id",
                                                                                                                                    "posttypeid",
                                                                                                                                    "creationdate",
                                                                                                                                    "score",
                                                                                                                                    "viewcount",
                                                                                                                                    "title"
                                                                                                                                ],
                                                                                                                                "Filters": "creationdate>'2023-10-01 12:34:56'::TIMESTAMP",
                                                                                                                                "Estimated Cardinality": "770023"
                                                                                                                            },
                                                                                                                            "cumulative_cardinality": 145542,
                                                                                                                            "operator_type": "TABLE_SCAN",
                                                                                                                            "operator_cardinality": 145542,
                                                                                                                            "cumulative_rows_scanned": 3850116,
                                                                                                                            "operator_rows_scanned": 3850116,
                                                                                                                            "operator_timing": 0.136127881,
                                                                                                                            "result_set_size": 5530596,
                                                                                                                            "children": []
                                                                                                                        }
                                                                                                                    ]
                                                                                                                }
                                                                                                            ]
                                                                                                        }
                                                                                                    ]
                                                                                                }
                                                                                            ]
                                                                                        }
                                                                                    ]
                                                                                }
                                                                            ]
                                                                        }
                                                                    ]
                                                                }
                                                            ]
                                                        }
                                                    ]
                                                }
                                            ]
                                        }
                                    ]
                                }
                            ]
                        }
                    ]
                }
            ]
        }
    ]
}