{
    "rows_returned": 10,
    "query_name": "WITH TopUsers AS (\n    SELECT \n        U.Id AS UserId,\n        U.DisplayName,\n        U.Reputation,\n        ROW_NUMBER() OVER (ORDER BY U.Reputation DESC) AS UserRank\n    FROM \n        Users U\n    WHERE \n        U.Reputation > 1000\n),\nUserBadges AS (\n    SELECT \n        B.UserId,\n        COUNT(CASE WHEN B.Class = 1 THEN 1 END) AS GoldBadges,\n        COUNT(CASE WHEN B.Class = 2 THEN 1 END) AS SilverBadges,\n        COUNT(CASE WHEN B.Class = 3 THEN 1 END) AS BronzeBadges\n    FROM \n        Badges B \n    GROUP BY \n        B.UserId\n),\nPopularPosts AS (\n    SELECT \n        P.Id AS PostId,\n        P.Title,\n        P.OwnerUserId,\n        P.ViewCount,\n        DENSE_RANK() OVER (ORDER BY P.ViewCount DESC) AS Rank\n    FROM \n        Posts P\n    WHERE \n        P.CreationDate >= cast('2024-10-01 12:34:56' as timestamp) - INTERVAL '7 days'\n        AND P.ViewCount IS NOT NULL\n),\nClosedPosts AS (\n    SELECT \n        PH.PostId,\n        COUNT(PH.Id) AS CloseCount\n    FROM \n        PostHistory PH\n    WHERE \n        PH.PostHistoryTypeId = 10\n    GROUP BY \n        PH.PostId\n),\nJoinedData AS (\n    SELECT \n        U.DisplayName,\n        U.Reputation,\n        COALESCE(UB.GoldBadges, 0) AS GoldBadges,\n        COALESCE(UB.SilverBadges, 0) AS SilverBadges,\n        COALESCE(UB.BronzeBadges, 0) AS BronzeBadges,\n        PP.PostId,\n        PP.Title,\n        PP.ViewCount,\n        C.CloseCount\n    FROM \n        TopUsers U\n    LEFT JOIN \n        UserBadges UB ON U.UserId = UB.UserId\n    INNER JOIN \n        PopularPosts PP ON U.UserId = PP.OwnerUserId\n    LEFT JOIN \n        ClosedPosts C ON PP.PostId = C.PostId\n)\nSELECT \n    JD.DisplayName,\n    JD.Reputation,\n    JD.GoldBadges,\n    JD.SilverBadges,\n    JD.BronzeBadges,\n    JD.Title,\n    JD.ViewCount,\n    JD.CloseCount,\n    CASE \n        WHEN JD.CloseCount IS NOT NULL THEN 'Closed'\n        ELSE 'Open'\n    END AS PostStatus,\n    CASE \n        WHEN JD.Reputation > 2000 THEN 'Elite User'\n        WHEN JD.Reputation BETWEEN 1000 AND 2000 THEN 'Experienced User'\n        ELSE 'Novice User'\n    END AS UserCategory\nFROM \n    JoinedData JD\nWHERE \n    JD.ViewCount > 50\nORDER BY \n    JD.ViewCount DESC, JD.Reputation DESC\nLIMIT 10;",
    "blocked_thread_time": 0.0,
    "cpu_time": 4.825830376999999,
    "extra_info": {},
    "cumulative_cardinality": 5631597,
    "cumulative_rows_scanned": 19227794,
    "result_set_size": 1040,
    "latency": 5.183214495,
    "children": [
        {
            "operator_name": "STREAMING_LIMIT",
            "cpu_time": 4.825830376999999,
            "extra_info": {},
            "cumulative_cardinality": 5631597,
            "operator_type": "STREAMING_LIMIT",
            "operator_cardinality": 10,
            "cumulative_rows_scanned": 19227794,
            "operator_rows_scanned": 0,
            "operator_timing": 0.000001262,
            "result_set_size": 1040,
            "children": [
                {
                    "operator_name": "PROJECTION",
                    "cpu_time": 4.8258291149999994,
                    "extra_info": {
                        "Projections": [
                            "#0",
                            "#1",
                            "#2",
                            "#3",
                            "#4",
                            "#5",
                            "#6",
                            "#7",
                            "__internal_decompress_string(#8)",
                            "#9"
                        ],
                        "Estimated Cardinality": "1179524"
                    },
                    "cumulative_cardinality": 5631587,
                    "operator_type": "PROJECTION",
                    "operator_cardinality": 118,
                    "cumulative_rows_scanned": 19227794,
                    "operator_rows_scanned": 0,
                    "operator_timing": 0.000004117,
                    "result_set_size": 12272,
                    "children": [
                        {
                            "operator_name": "ORDER_BY",
                            "cpu_time": 4.825824998,
                            "extra_info": {
                                "Order By": [
                                    "JD.ViewCount DESC",
                                    "JD.Reputation DESC"
                                ]
                            },
                            "cumulative_cardinality": 5631469,
                            "operator_type": "ORDER_BY",
                            "operator_cardinality": 118,
                            "cumulative_rows_scanned": 19227794,
                            "operator_rows_scanned": 0,
                            "operator_timing": 0.000235058,
                            "result_set_size": 11328,
                            "children": [
                                {
                                    "operator_name": "PROJECTION",
                                    "cpu_time": 4.8255899399999995,
                                    "extra_info": {
                                        "Projections": [
                                            "#0",
                                            "#1",
                                            "#2",
                                            "#3",
                                            "#4",
                                            "#5",
                                            "#6",
                                            "#7",
                                            "__internal_compress_string_ubigint(#8)",
                                            "#9"
                                        ],
                                        "Estimated Cardinality": "1179524"
                                    },
                                    "cumulative_cardinality": 5631351,
                                    "operator_type": "PROJECTION",
                                    "operator_cardinality": 118,
                                    "cumulative_rows_scanned": 19227794,
                                    "operator_rows_scanned": 0,
                                    "operator_timing": 0.000006912,
                                    "result_set_size": 11328,
                                    "children": [
                                        {
                                            "operator_name": "PROJECTION",
                                            "cpu_time": 4.825583028,
                                            "extra_info": {
                                                "Projections": [
                                                    "displayname",
                                                    "reputation",
                                                    "GoldBadges",
                                                    "SilverBadges",
                                                    "BronzeBadges",
                                                    "title",
                                                    "viewcount",
                                                    "CloseCount",
                                                    "PostStatus",
                                                    "UserCategory"
                                                ],
                                                "Estimated Cardinality": "1179524"
                                            },
                                            "cumulative_cardinality": 5631233,
                                            "operator_type": "PROJECTION",
                                            "operator_cardinality": 118,
                                            "cumulative_rows_scanned": 19227794,
                                            "operator_rows_scanned": 0,
                                            "operator_timing": 0.000050214000000000004,
                                            "result_set_size": 12272,
                                            "children": [
                                                {
                                                    "operator_name": "PROJECTION",
                                                    "cpu_time": 4.825532814,
                                                    "extra_info": {
                                                        "Projections": [
                                                            "displayname",
                                                            "reputation",
                                                            "GoldBadges",
                                                            "SilverBadges",
                                                            "BronzeBadges",
                                                            "title",
                                                            "viewcount",
                                                            "CloseCount"
                                                        ],
                                                        "Estimated Cardinality": "1179524"
                                                    },
                                                    "cumulative_cardinality": 5631115,
                                                    "operator_type": "PROJECTION",
                                                    "operator_cardinality": 118,
                                                    "cumulative_rows_scanned": 19227794,
                                                    "operator_rows_scanned": 0,
                                                    "operator_timing": 0.000035496,
                                                    "result_set_size": 8496,
                                                    "children": [
                                                        {
                                                            "operator_name": "HASH_JOIN",
                                                            "cpu_time": 4.825497318,
                                                            "extra_info": {
                                                                "Join Type": "RIGHT",
                                                                "Conditions": "postid = PostId",
                                                                "Estimated Cardinality": "1179524"
                                                            },
                                                            "cumulative_cardinality": 5630997,
                                                            "operator_type": "HASH_JOIN",
                                                            "operator_cardinality": 118,
                                                            "cumulative_rows_scanned": 19227794,
                                                            "operator_rows_scanned": 0,
                                                            "operator_timing": 0.0009889840000000003,
                                                            "result_set_size": 8496,
                                                            "children": [
                                                                {
                                                                    "operator_name": "HASH_GROUP_BY",
                                                                    "cpu_time": 3.0667460029999996,
                                                                    "extra_info": {
                                                                        "Groups": "#0",
                                                                        "Aggregates": "count_star()",
                                                                        "Estimated Cardinality": "1179524"
                                                                    },
                                                                    "cumulative_cardinality": 363435,
                                                                    "operator_type": "HASH_GROUP_BY",
                                                                    "operator_cardinality": 120507,
                                                                    "cumulative_rows_scanned": 11795244,
                                                                    "operator_rows_scanned": 0,
                                                                    "operator_timing": 0.11243127499999997,
                                                                    "result_set_size": 1446084,
                                                                    "children": [
                                                                        {
                                                                            "operator_name": "PROJECTION",
                                                                            "cpu_time": 2.9543147279999995,
                                                                            "extra_info": {
                                                                                "Projections": "postid",
                                                                                "Estimated Cardinality": "2359048"
                                                                            },
                                                                            "cumulative_cardinality": 242928,
                                                                            "operator_type": "PROJECTION",
                                                                            "operator_cardinality": 121464,
                                                                            "cumulative_rows_scanned": 11795244,
                                                                            "operator_rows_scanned": 0,
                                                                            "operator_timing": 0.000755533999999989,
                                                                            "result_set_size": 485856,
                                                                            "children": [
                                                                                {
                                                                                    "operator_name": "READ_PARQUET ",
                                                                                    "cpu_time": 2.9535591939999994,
                                                                                    "extra_info": {
                                                                                        "Function": "READ_PARQUET",
                                                                                        "Projections": [
                                                                                            "id",
                                                                                            "postid"
                                                                                        ],
                                                                                        "Filters": "posthistorytypeid=10",
                                                                                        "Estimated Cardinality": "2359048"
                                                                                    },
                                                                                    "cumulative_cardinality": 121464,
                                                                                    "operator_type": "TABLE_SCAN",
                                                                                    "operator_cardinality": 121464,
                                                                                    "cumulative_rows_scanned": 11795244,
                                                                                    "operator_rows_scanned": 11795244,
                                                                                    "operator_timing": 2.9535591939999994,
                                                                                    "result_set_size": 971712,
                                                                                    "children": []
                                                                                }
                                                                            ]
                                                                        }
                                                                    ]
                                                                },
                                                                {
                                                                    "operator_name": "HASH_JOIN",
                                                                    "cpu_time": 1.7577623310000003,
                                                                    "extra_info": {
                                                                        "Join Type": "INNER",
                                                                        "Conditions": "UserId = owneruserid",
                                                                        "Estimated Cardinality": "28360"
                                                                    },
                                                                    "cumulative_cardinality": 5267444,
                                                                    "operator_type": "HASH_JOIN",
                                                                    "operator_cardinality": 118,
                                                                    "cumulative_rows_scanned": 7432550,
                                                                    "operator_rows_scanned": 0,
                                                                    "operator_timing": 0.00109261,
                                                                    "result_set_size": 8024,
                                                                    "children": [
                                                                        {
                                                                            "operator_name": "FILTER",
                                                                            "cpu_time": 0.6843842390000001,
                                                                            "extra_info": {
                                                                                "Expression": "(UserId <= 1416539)",
                                                                                "Estimated Cardinality": "1160862"
                                                                            },
                                                                            "cumulative_cardinality": 5259759,
                                                                            "operator_type": "FILTER",
                                                                            "operator_cardinality": 11215,
                                                                            "cumulative_rows_scanned": 3582434,
                                                                            "operator_rows_scanned": 0,
                                                                            "operator_timing": 0.000051754000000000006,
                                                                            "result_set_size": 538320,
                                                                            "children": [
                                                                                {
                                                                                    "operator_name": "HASH_JOIN",
                                                                                    "cpu_time": 0.6843324850000001,
                                                                                    "extra_info": {
                                                                                        "Join Type": "RIGHT",
                                                                                        "Conditions": "userid = UserId",
                                                                                        "Estimated Cardinality": "1160862"
                                                                                    },
                                                                                    "cumulative_cardinality": 5248544,
                                                                                    "operator_type": "HASH_JOIN",
                                                                                    "operator_cardinality": 11215,
                                                                                    "cumulative_rows_scanned": 3582434,
                                                                                    "operator_rows_scanned": 0,
                                                                                    "operator_timing": 0.011487944999999994,
                                                                                    "result_set_size": 538320,
                                                                                    "children": [
                                                                                        {
                                                                                            "operator_name": "HASH_GROUP_BY",
                                                                                            "cpu_time": 0.29712556199999995,
                                                                                            "extra_info": {
                                                                                                "Groups": "#0",
                                                                                                "Aggregates": [
                                                                                                    "count(#1)",
                                                                                                    "count(#2)",
                                                                                                    "count(#3)"
                                                                                                ],
                                                                                                "Estimated Cardinality": "1160862"
                                                                                            },
                                                                                            "cumulative_cardinality": 5192469,
                                                                                            "operator_type": "HASH_GROUP_BY",
                                                                                            "operator_cardinality": 549021,
                                                                                            "cumulative_rows_scanned": 2321724,
                                                                                            "operator_rows_scanned": 0,
                                                                                            "operator_timing": 0.163163981,
                                                                                            "result_set_size": 15372588,
                                                                                            "children": [
                                                                                                {
                                                                                                    "operator_name": "PROJECTION",
                                                                                                    "cpu_time": 0.13396158099999994,
                                                                                                    "extra_info": {
                                                                                                        "Projections": [
                                                                                                            "userid",
                                                                                                            "CASE  WHEN ((class = 1)) THEN (1) ELSE NULL END",
                                                                                                            "CASE  WHEN ((class = 2)) THEN (1) ELSE NULL END",
                                                                                                            "CASE  WHEN ((class = 3)) THEN (1) ELSE NULL END"
                                                                                                        ],
                                                                                                        "Estimated Cardinality": "2321724"
                                                                                                    },
                                                                                                    "cumulative_cardinality": 4643448,
                                                                                                    "operator_type": "PROJECTION",
                                                                                                    "operator_cardinality": 2321724,
                                                                                                    "cumulative_rows_scanned": 2321724,
                                                                                                    "operator_rows_scanned": 0,
                                                                                                    "operator_timing": 0.024382972999999974,
                                                                                                    "result_set_size": 37147584,
                                                                                                    "children": [
                                                                                                        {
                                                                                                            "operator_name": "READ_PARQUET ",
                                                                                                            "cpu_time": 0.10957860799999997,
                                                                                                            "extra_info": {
                                                                                                                "Function": "READ_PARQUET",
                                                                                                                "Projections": [
                                                                                                                    "userid",
                                                                                                                    "class"
                                                                                                                ],
                                                                                                                "Estimated Cardinality": "2321724"
                                                                                                            },
                                                                                                            "cumulative_cardinality": 2321724,
                                                                                                            "operator_type": "TABLE_SCAN",
                                                                                                            "operator_cardinality": 2321724,
                                                                                                            "cumulative_rows_scanned": 2321724,
                                                                                                            "operator_rows_scanned": 2321724,
                                                                                                            "operator_timing": 0.10957860799999997,
                                                                                                            "result_set_size": 13930344,
                                                                                                            "children": []
                                                                                                        }
                                                                                                    ]
                                                                                                }
                                                                                            ]
                                                                                        },
                                                                                        {
                                                                                            "operator_name": "PROJECTION",
                                                                                            "cpu_time": 0.37571897800000015,
                                                                                            "extra_info": {
                                                                                                "Projections": [
                                                                                                    "UserId",
                                                                                                    "displayname",
                                                                                                    "reputation"
                                                                                                ],
                                                                                                "Estimated Cardinality": "252142"
                                                                                            },
                                                                                            "cumulative_cardinality": 44860,
                                                                                            "operator_type": "PROJECTION",
                                                                                            "operator_cardinality": 11215,
                                                                                            "cumulative_rows_scanned": 1260710,
                                                                                            "operator_rows_scanned": 0,
                                                                                            "operator_timing": 0.0000016549999999999998,
                                                                                            "result_set_size": 269160,
                                                                                            "children": [
                                                                                                {
                                                                                                    "operator_name": "PROJECTION",
                                                                                                    "cpu_time": 0.37571732300000016,
                                                                                                    "extra_info": {
                                                                                                        "Projections": [
                                                                                                            "#0",
                                                                                                            "#1",
                                                                                                            "#2",
                                                                                                            "#3"
                                                                                                        ],
                                                                                                        "Estimated Cardinality": "252142"
                                                                                                    },
                                                                                                    "cumulative_cardinality": 33645,
                                                                                                    "operator_type": "PROJECTION",
                                                                                                    "operator_cardinality": 11215,
                                                                                                    "cumulative_rows_scanned": 1260710,
                                                                                                    "operator_rows_scanned": 0,
                                                                                                    "operator_timing": 0.000002846,
                                                                                                    "result_set_size": 358880,
                                                                                                    "children": [
                                                                                                        {
                                                                                                            "operator_name": "WINDOW",
                                                                                                            "cpu_time": 0.37571447700000016,
                                                                                                            "extra_info": {
                                                                                                                "Projections": "ROW_NUMBER() OVER (ORDER BY reputation DESC NULLS LAST)"
                                                                                                            },
                                                                                                            "cumulative_cardinality": 22430,
                                                                                                            "operator_type": "WINDOW",
                                                                                                            "operator_cardinality": 11215,
                                                                                                            "cumulative_rows_scanned": 1260710,
                                                                                                            "operator_rows_scanned": 0,
                                                                                                            "operator_timing": 0.0026421290000000026,
                                                                                                            "result_set_size": 358880,
                                                                                                            "children": [
                                                                                                                {
                                                                                                                    "operator_name": "READ_PARQUET ",
                                                                                                                    "cpu_time": 0.37307234800000016,
                                                                                                                    "extra_info": {
                                                                                                                        "Function": "READ_PARQUET",
                                                                                                                        "Projections": [
                                                                                                                            "id",
                                                                                                                            "reputation",
                                                                                                                            "displayname"
                                                                                                                        ],
                                                                                                                        "Filters": "reputation>1000",
                                                                                                                        "Estimated Cardinality": "252142"
                                                                                                                    },
                                                                                                                    "cumulative_cardinality": 11215,
                                                                                                                    "operator_type": "TABLE_SCAN",
                                                                                                                    "operator_cardinality": 11215,
                                                                                                                    "cumulative_rows_scanned": 1260710,
                                                                                                                    "operator_rows_scanned": 1260710,
                                                                                                                    "operator_timing": 0.37307234800000016,
                                                                                                                    "result_set_size": 269160,
                                                                                                                    "children": []
                                                                                                                }
                                                                                                            ]
                                                                                                        }
                                                                                                    ]
                                                                                                }
                                                                                            ]
                                                                                        }
                                                                                    ]
                                                                                }
                                                                            ]
                                                                        },
                                                                        {
                                                                            "operator_name": "PROJECTION",
                                                                            "cpu_time": 1.072285482,
                                                                            "extra_info": {
                                                                                "Projections": [
                                                                                    "PostId",
                                                                                    "title",
                                                                                    "owneruserid",
                                                                                    "viewcount"
                                                                                ],
                                                                                "Estimated Cardinality": "30800"
                                                                            },
                                                                            "cumulative_cardinality": 7567,
                                                                            "operator_type": "PROJECTION",
                                                                            "operator_cardinality": 536,
                                                                            "cumulative_rows_scanned": 3850116,
                                                                            "operator_rows_scanned": 0,
                                                                            "operator_timing": 3.91e-7,
                                                                            "result_set_size": 15008,
                                                                            "children": [
                                                                                {
                                                                                    "operator_name": "PROJECTION",
                                                                                    "cpu_time": 1.0722850910000001,
                                                                                    "extra_info": {
                                                                                        "Projections": [
                                                                                            "#0",
                                                                                            "#1",
                                                                                            "#2",
                                                                                            "#3"
                                                                                        ],
                                                                                        "Estimated Cardinality": "30800"
                                                                                    },
                                                                                    "cumulative_cardinality": 7031,
                                                                                    "operator_type": "PROJECTION",
                                                                                    "operator_cardinality": 536,
                                                                                    "cumulative_rows_scanned": 3850116,
                                                                                    "operator_rows_scanned": 0,
                                                                                    "operator_timing": 6.71e-7,
                                                                                    "result_set_size": 15008,
                                                                                    "children": [
                                                                                        {
                                                                                            "operator_name": "FILTER",
                                                                                            "cpu_time": 1.0722844200000001,
                                                                                            "extra_info": {
                                                                                                "Expression": "(viewcount > 50)",
                                                                                                "Estimated Cardinality": "30800"
                                                                                            },
                                                                                            "cumulative_cardinality": 6495,
                                                                                            "operator_type": "FILTER",
                                                                                            "operator_cardinality": 536,
                                                                                            "cumulative_rows_scanned": 3850116,
                                                                                            "operator_rows_scanned": 0,
                                                                                            "operator_timing": 0.000011972999999999999,
                                                                                            "result_set_size": 19296,
                                                                                            "children": [
                                                                                                {
                                                                                                    "operator_name": "PROJECTION",
                                                                                                    "cpu_time": 1.072272447,
                                                                                                    "extra_info": {
                                                                                                        "Projections": [
                                                                                                            "#0",
                                                                                                            "#1",
                                                                                                            "#2",
                                                                                                            "#3",
                                                                                                            "#4"
                                                                                                        ],
                                                                                                        "Estimated Cardinality": "154004"
                                                                                                    },
                                                                                                    "cumulative_cardinality": 5959,
                                                                                                    "operator_type": "PROJECTION",
                                                                                                    "operator_cardinality": 1233,
                                                                                                    "cumulative_rows_scanned": 3850116,
                                                                                                    "operator_rows_scanned": 0,
                                                                                                    "operator_timing": 0.000001372,
                                                                                                    "result_set_size": 44388,
                                                                                                    "children": [
                                                                                                        {
                                                                                                            "operator_name": "WINDOW",
                                                                                                            "cpu_time": 1.072271075,
                                                                                                            "extra_info": {
                                                                                                                "Projections": "RANK_DENSE() OVER (ORDER BY viewcount DESC NULLS LAST)"
                                                                                                            },
                                                                                                            "cumulative_cardinality": 4726,
                                                                                                            "operator_type": "WINDOW",
                                                                                                            "operator_cardinality": 1233,
                                                                                                            "cumulative_rows_scanned": 3850116,
                                                                                                            "operator_rows_scanned": 0,
                                                                                                            "operator_timing": 0.000310661,
                                                                                                            "result_set_size": 44388,
                                                                                                            "children": [
                                                                                                                {
                                                                                                                    "operator_name": "FILTER",
                                                                                                                    "cpu_time": 1.0719604139999999,
                                                                                                                    "extra_info": {
                                                                                                                        "Expression": "(viewcount IS NOT NULL)",
                                                                                                                        "Estimated Cardinality": "154004"
                                                                                                                    },
                                                                                                                    "cumulative_cardinality": 3493,
                                                                                                                    "operator_type": "FILTER",
                                                                                                                    "operator_cardinality": 1233,
                                                                                                                    "cumulative_rows_scanned": 3850116,
                                                                                                                    "operator_rows_scanned": 0,
                                                                                                                    "operator_timing": 0.000049061000000000003,
                                                                                                                    "result_set_size": 34524,
                                                                                                                    "children": [
                                                                                                                        {
                                                                                                                            "operator_name": "READ_PARQUET ",
                                                                                                                            "cpu_time": 1.071911353,
                                                                                                                            "extra_info": {
                                                                                                                                "Function": "READ_PARQUET",
                                                                                                                                "Projections": [
                                                                                                                                    "id",
                                                                                                                                    "viewcount",
                                                                                                                                    "owneruserid",
                                                                                                                                    "title"
                                                                                                                                ],
                                                                                                                                "Filters": "creationdate>='2024-09-24 12:34:56'::TIMESTAMP",
                                                                                                                                "Estimated Cardinality": "770023"
                                                                                                                            },
                                                                                                                            "cumulative_cardinality": 2260,
                                                                                                                            "operator_type": "TABLE_SCAN",
                                                                                                                            "operator_cardinality": 2260,
                                                                                                                            "cumulative_rows_scanned": 3850116,
                                                                                                                            "operator_rows_scanned": 3850116,
                                                                                                                            "operator_timing": 1.071911353,
                                                                                                                            "result_set_size": 63280,
                                                                                                                            "children": []
                                                                                                                        }
                                                                                                                    ]
                                                                                                                }
                                                                                                            ]
                                                                                                        }
                                                                                                    ]
                                                                                                }
                                                                                            ]
                                                                                        }
                                                                                    ]
                                                                                }
                                                                            ]
                                                                        }
                                                                    ]
                                                                }
                                                            ]
                                                        }
                                                    ]
                                                }
                                            ]
                                        }
                                    ]
                                }
                            ]
                        }
                    ]
                }
            ]
        }
    ]
}