{
    "rows_returned": 10,
    "query_name": "\nWITH UserReputation AS (\n    SELECT Id, Reputation,\n           DENSE_RANK() OVER (ORDER BY Reputation DESC) AS Rank\n    FROM Users\n),\nPostMetrics AS (\n    SELECT p.OwnerUserId,\n           COUNT(p.Id) AS TotalPosts,\n           SUM(CASE WHEN p.PostTypeId = 1 THEN 1 ELSE 0 END) AS Questions,\n           SUM(CASE WHEN p.PostTypeId = 2 THEN 1 ELSE 0 END) AS Answers,\n           COALESCE(SUM(CASE WHEN v.VoteTypeId = 2 THEN 1 ELSE 0 END), 0) AS Upvotes,\n           COALESCE(SUM(CASE WHEN v.VoteTypeId = 3 THEN 1 ELSE 0 END), 0) AS Downvotes\n    FROM Posts p\n    LEFT JOIN Votes v ON p.Id = v.PostId\n    GROUP BY p.OwnerUserId\n),\nTopUsers AS (\n    SELECT ur.Id AS UserId, \n           ur.Reputation, \n           pm.TotalPosts,\n           pm.Questions,\n           pm.Answers,\n           pm.Upvotes,\n           pm.Downvotes\n    FROM UserReputation ur\n    JOIN PostMetrics pm ON ur.Id = pm.OwnerUserId\n    WHERE ur.Reputation IS NOT NULL\n),\nPostHistoryCounts AS (\n    SELECT ph.UserId,\n           COUNT(ph.Id) AS EditCount\n    FROM PostHistory ph\n    WHERE ph.PostHistoryTypeId IN (4, 5) \n    GROUP BY ph.UserId\n),\nFinalMetrics AS (\n    SELECT tu.UserId,\n           tu.Reputation,\n           COALESCE(phc.EditCount, 0) AS EditCount,\n           tu.TotalPosts,\n           tu.Questions,\n           tu.Answers,\n           tu.Upvotes,\n           tu.Downvotes,\n           CASE WHEN tu.Reputation > 10000 THEN 'High Rank' ELSE 'Low Rank' END AS ReputationCategory\n    FROM TopUsers tu\n    LEFT JOIN PostHistoryCounts phc ON tu.UserId = phc.UserId\n)\nSELECT f.UserId, \n       f.Reputation,\n       f.EditCount,\n       f.TotalPosts,\n       f.Questions,\n       f.Answers,\n       f.Upvotes,\n       f.Downvotes,\n       f.ReputationCategory\nFROM FinalMetrics f\nWHERE f.EditCount > 10\nORDER BY f.Reputation DESC, f.TotalPosts DESC\nFETCH FIRST 10 ROWS ONLY;\n",
    "blocked_thread_time": 0.0,
    "cpu_time": 5.775272965000015,
    "extra_info": {},
    "cumulative_cardinality": 69443655,
    "cumulative_rows_scanned": 29650163,
    "result_set_size": 1040,
    "latency": 6.20800956,
    "children": [
        {
            "operator_name": "STREAMING_LIMIT",
            "cpu_time": 5.775272965000015,
            "extra_info": {},
            "cumulative_cardinality": 69443655,
            "operator_type": "STREAMING_LIMIT",
            "operator_cardinality": 10,
            "cumulative_rows_scanned": 29650163,
            "operator_rows_scanned": 0,
            "operator_timing": 0.000001162,
            "result_set_size": 1040,
            "children": [
                {
                    "operator_name": "PROJECTION",
                    "cpu_time": 5.775271803000015,
                    "extra_info": {
                        "Projections": [
                            "#0",
                            "#1",
                            "#2",
                            "#3",
                            "#4",
                            "#5",
                            "#6",
                            "#7",
                            "__internal_decompress_string(#8)"
                        ],
                        "Estimated Cardinality": "144086"
                    },
                    "cumulative_cardinality": 69443645,
                    "operator_type": "PROJECTION",
                    "operator_cardinality": 4096,
                    "cumulative_rows_scanned": 29650163,
                    "operator_rows_scanned": 0,
                    "operator_timing": 0.000039331999999999995,
                    "result_set_size": 425984,
                    "children": [
                        {
                            "operator_name": "ORDER_BY",
                            "cpu_time": 5.775232471000015,
                            "extra_info": {
                                "Order By": [
                                    "f.Reputation DESC",
                                    "f.TotalPosts DESC"
                                ]
                            },
                            "cumulative_cardinality": 69439549,
                            "operator_type": "ORDER_BY",
                            "operator_cardinality": 4096,
                            "cumulative_rows_scanned": 29650163,
                            "operator_rows_scanned": 0,
                            "operator_timing": 0.001576046,
                            "result_set_size": 425984,
                            "children": [
                                {
                                    "operator_name": "PROJECTION",
                                    "cpu_time": 5.773656425000015,
                                    "extra_info": {
                                        "Projections": [
                                            "#0",
                                            "#1",
                                            "#2",
                                            "#3",
                                            "#4",
                                            "#5",
                                            "#6",
                                            "#7",
                                            "__internal_compress_string_hugeint(#8)"
                                        ],
                                        "Estimated Cardinality": "144086"
                                    },
                                    "cumulative_cardinality": 69435453,
                                    "operator_type": "PROJECTION",
                                    "operator_cardinality": 24476,
                                    "cumulative_rows_scanned": 29650163,
                                    "operator_rows_scanned": 0,
                                    "operator_timing": 0.0003122699999999998,
                                    "result_set_size": 2545504,
                                    "children": [
                                        {
                                            "operator_name": "PROJECTION",
                                            "cpu_time": 5.773344155000014,
                                            "extra_info": {
                                                "Projections": [
                                                    "UserId",
                                                    "reputation",
                                                    "EditCount",
                                                    "TotalPosts",
                                                    "Questions",
                                                    "Answers",
                                                    "Upvotes",
                                                    "Downvotes",
                                                    "ReputationCategory"
                                                ],
                                                "Estimated Cardinality": "144086"
                                            },
                                            "cumulative_cardinality": 69410977,
                                            "operator_type": "PROJECTION",
                                            "operator_cardinality": 24476,
                                            "cumulative_rows_scanned": 29650163,
                                            "operator_rows_scanned": 0,
                                            "operator_timing": 0.0017268839999999995,
                                            "result_set_size": 2545504,
                                            "children": [
                                                {
                                                    "operator_name": "HASH_JOIN",
                                                    "cpu_time": 5.771617271000014,
                                                    "extra_info": {
                                                        "Join Type": "INNER",
                                                        "Conditions": "UserId = userid",
                                                        "Estimated Cardinality": "144086"
                                                    },
                                                    "cumulative_cardinality": 69386501,
                                                    "operator_type": "HASH_JOIN",
                                                    "operator_cardinality": 24476,
                                                    "cumulative_rows_scanned": 29650163,
                                                    "operator_rows_scanned": 0,
                                                    "operator_timing": 0.008559139,
                                                    "result_set_size": 2153888,
                                                    "children": [
                                                        {
                                                            "operator_name": "PROJECTION",
                                                            "cpu_time": 2.232700395999999,
                                                            "extra_info": {
                                                                "Projections": [
                                                                    "UserId",
                                                                    "reputation",
                                                                    "TotalPosts",
                                                                    "Questions",
                                                                    "Answers",
                                                                    "Upvotes",
                                                                    "Downvotes"
                                                                ],
                                                                "Estimated Cardinality": "770023"
                                                            },
                                                            "cumulative_cardinality": 62302988,
                                                            "operator_type": "PROJECTION",
                                                            "operator_cardinality": 371631,
                                                            "cumulative_rows_scanned": 17854919,
                                                            "operator_rows_scanned": 0,
                                                            "operator_timing": 0.00009619299999999996,
                                                            "result_set_size": 29730480,
                                                            "children": [
                                                                {
                                                                    "operator_name": "HASH_JOIN",
                                                                    "cpu_time": 2.232604202999999,
                                                                    "extra_info": {
                                                                        "Join Type": "INNER",
                                                                        "Conditions": "owneruserid = id",
                                                                        "Estimated Cardinality": "770023"
                                                                    },
                                                                    "cumulative_cardinality": 61931357,
                                                                    "operator_type": "HASH_JOIN",
                                                                    "operator_cardinality": 371631,
                                                                    "cumulative_rows_scanned": 17854919,
                                                                    "operator_rows_scanned": 0,
                                                                    "operator_timing": 0.09561171200000003,
                                                                    "result_set_size": 29730480,
                                                                    "children": [
                                                                        {
                                                                            "operator_name": "PROJECTION",
                                                                            "cpu_time": 2.0104959889999985,
                                                                            "extra_info": {
                                                                                "Projections": [
                                                                                    "owneruserid",
                                                                                    "TotalPosts",
                                                                                    "Questions",
                                                                                    "Answers",
                                                                                    "Upvotes",
                                                                                    "Downvotes"
                                                                                ],
                                                                                "Estimated Cardinality": "3850116"
                                                                            },
                                                                            "cumulative_cardinality": 55256207,
                                                                            "operator_type": "PROJECTION",
                                                                            "operator_cardinality": 371632,
                                                                            "cumulative_rows_scanned": 16594209,
                                                                            "operator_rows_scanned": 0,
                                                                            "operator_timing": 0.005812813,
                                                                            "result_set_size": 28244032,
                                                                            "children": [
                                                                                {
                                                                                    "operator_name": "HASH_GROUP_BY",
                                                                                    "cpu_time": 2.0046831759999986,
                                                                                    "extra_info": {
                                                                                        "Groups": "#0",
                                                                                        "Aggregates": [
                                                                                            "count_star()",
                                                                                            "sum(#1)",
                                                                                            "sum(#2)",
                                                                                            "sum(#3)",
                                                                                            "sum(#4)"
                                                                                        ],
                                                                                        "Estimated Cardinality": "3850116"
                                                                                    },
                                                                                    "cumulative_cardinality": 54884575,
                                                                                    "operator_type": "HASH_GROUP_BY",
                                                                                    "operator_cardinality": 371632,
                                                                                    "cumulative_rows_scanned": 16594209,
                                                                                    "operator_rows_scanned": 0,
                                                                                    "operator_timing": 0.5048156789999986,
                                                                                    "result_set_size": 28244032,
                                                                                    "children": [
                                                                                        {
                                                                                            "operator_name": "PROJECTION",
                                                                                            "cpu_time": 1.4998674969999999,
                                                                                            "extra_info": {
                                                                                                "Projections": [
                                                                                                    "owneruserid",
                                                                                                    "CASE  WHEN ((posttypeid = 1)) THEN (1) ELSE 0 END",
                                                                                                    "CASE  WHEN ((posttypeid = 2)) THEN (1) ELSE 0 END",
                                                                                                    "CASE  WHEN ((votetypeid = 2)) THEN (1) ELSE 0 END",
                                                                                                    "CASE  WHEN ((votetypeid = 3)) THEN (1) ELSE 0 END"
                                                                                                ],
                                                                                                "Estimated Cardinality": "12744093"
                                                                                            },
                                                                                            "cumulative_cardinality": 54512943,
                                                                                            "operator_type": "PROJECTION",
                                                                                            "operator_cardinality": 11356206,
                                                                                            "cumulative_rows_scanned": 16594209,
                                                                                            "operator_rows_scanned": 0,
                                                                                            "operator_timing": 0.16220633699999934,
                                                                                            "result_set_size": 227124120,
                                                                                            "children": [
                                                                                                {
                                                                                                    "operator_name": "PROJECTION",
                                                                                                    "cpu_time": 1.3376611600000006,
                                                                                                    "extra_info": {
                                                                                                        "Projections": [
                                                                                                            "#0",
                                                                                                            "#1",
                                                                                                            "__internal_decompress_integral_smallint(#2, 1)",
                                                                                                            "#3"
                                                                                                        ],
                                                                                                        "Estimated Cardinality": "12744093"
                                                                                                    },
                                                                                                    "cumulative_cardinality": 43156737,
                                                                                                    "operator_type": "PROJECTION",
                                                                                                    "operator_cardinality": 11356206,
                                                                                                    "cumulative_rows_scanned": 16594209,
                                                                                                    "operator_rows_scanned": 0,
                                                                                                    "operator_timing": 0.006208549999999855,
                                                                                                    "result_set_size": 136274472,
                                                                                                    "children": [
                                                                                                        {
                                                                                                            "operator_name": "HASH_JOIN",
                                                                                                            "cpu_time": 1.3314526100000008,
                                                                                                            "extra_info": {
                                                                                                                "Join Type": "RIGHT",
                                                                                                                "Conditions": "postid = id",
                                                                                                                "Estimated Cardinality": "12744093"
                                                                                                            },
                                                                                                            "cumulative_cardinality": 31800531,
                                                                                                            "operator_type": "HASH_JOIN",
                                                                                                            "operator_cardinality": 11356206,
                                                                                                            "cumulative_rows_scanned": 16594209,
                                                                                                            "operator_rows_scanned": 0,
                                                                                                            "operator_timing": 0.8954966400000007,
                                                                                                            "result_set_size": 124918266,
                                                                                                            "children": [
                                                                                                                {
                                                                                                                    "operator_name": "READ_PARQUET ",
                                                                                                                    "cpu_time": 0.32901048200000016,
                                                                                                                    "extra_info": {
                                                                                                                        "Function": "READ_PARQUET",
                                                                                                                        "Projections": [
                                                                                                                            "postid",
                                                                                                                            "votetypeid"
                                                                                                                        ],
                                                                                                                        "Estimated Cardinality": "12744093"
                                                                                                                    },
                                                                                                                    "cumulative_cardinality": 12744093,
                                                                                                                    "operator_type": "TABLE_SCAN",
                                                                                                                    "operator_cardinality": 12744093,
                                                                                                                    "cumulative_rows_scanned": 12744093,
                                                                                                                    "operator_rows_scanned": 12744093,
                                                                                                                    "operator_timing": 0.32901048200000016,
                                                                                                                    "result_set_size": 76464558,
                                                                                                                    "children": []
                                                                                                                },
                                                                                                                {
                                                                                                                    "operator_name": "PROJECTION",
                                                                                                                    "cpu_time": 0.10694548800000009,
                                                                                                                    "extra_info": {
                                                                                                                        "Projections": [
                                                                                                                            "#0",
                                                                                                                            "__internal_compress_integral_utinyint(#1, 1)",
                                                                                                                            "#2"
                                                                                                                        ],
                                                                                                                        "Estimated Cardinality": "3850116"
                                                                                                                    },
                                                                                                                    "cumulative_cardinality": 7700232,
                                                                                                                    "operator_type": "PROJECTION",
                                                                                                                    "operator_cardinality": 3850116,
                                                                                                                    "cumulative_rows_scanned": 3850116,
                                                                                                                    "operator_rows_scanned": 0,
                                                                                                                    "operator_timing": 0.0023197390000000034,
                                                                                                                    "result_set_size": 34651044,
                                                                                                                    "children": [
                                                                                                                        {
                                                                                                                            "operator_name": "READ_PARQUET ",
                                                                                                                            "cpu_time": 0.10462574900000009,
                                                                                                                            "extra_info": {
                                                                                                                                "Function": "READ_PARQUET",
                                                                                                                                "Projections": [
                                                                                                                                    "id",
                                                                                                                                    "posttypeid",
                                                                                                                                    "owneruserid"
                                                                                                                                ],
                                                                                                                                "Estimated Cardinality": "3850116"
                                                                                                                            },
                                                                                                                            "cumulative_cardinality": 3850116,
                                                                                                                            "operator_type": "TABLE_SCAN",
                                                                                                                            "operator_cardinality": 3850116,
                                                                                                                            "cumulative_rows_scanned": 3850116,
                                                                                                                            "operator_rows_scanned": 3850116,
                                                                                                                            "operator_timing": 0.10462574900000009,
                                                                                                                            "result_set_size": 38501160,
                                                                                                                            "children": []
                                                                                                                        }
                                                                                                                    ]
                                                                                                                }
                                                                                                            ]
                                                                                                        }
                                                                                                    ]
                                                                                                }
                                                                                            ]
                                                                                        }
                                                                                    ]
                                                                                }
                                                                            ]
                                                                        },
                                                                        {
                                                                            "operator_name": "FILTER",
                                                                            "cpu_time": 0.12649650200000004,
                                                                            "extra_info": {
                                                                                "Expression": "(id <= 1416539)",
                                                                                "Estimated Cardinality": "252142"
                                                                            },
                                                                            "cumulative_cardinality": 6303519,
                                                                            "operator_type": "FILTER",
                                                                            "operator_cardinality": 1260679,
                                                                            "cumulative_rows_scanned": 1260710,
                                                                            "operator_rows_scanned": 0,
                                                                            "operator_timing": 0.002845306999999996,
                                                                            "result_set_size": 10085432,
                                                                            "children": [
                                                                                {
                                                                                    "operator_name": "PROJECTION",
                                                                                    "cpu_time": 0.12365119500000003,
                                                                                    "extra_info": {
                                                                                        "Projections": [
                                                                                            "#0",
                                                                                            "#1"
                                                                                        ],
                                                                                        "Estimated Cardinality": "252142"
                                                                                    },
                                                                                    "cumulative_cardinality": 5042840,
                                                                                    "operator_type": "PROJECTION",
                                                                                    "operator_cardinality": 1260710,
                                                                                    "cumulative_rows_scanned": 1260710,
                                                                                    "operator_rows_scanned": 0,
                                                                                    "operator_timing": 0.00015909800000000018,
                                                                                    "result_set_size": 10085680,
                                                                                    "children": [
                                                                                        {
                                                                                            "operator_name": "PROJECTION",
                                                                                            "cpu_time": 0.12349209700000004,
                                                                                            "extra_info": {
                                                                                                "Projections": [
                                                                                                    "#0",
                                                                                                    "#1",
                                                                                                    "#2"
                                                                                                ],
                                                                                                "Estimated Cardinality": "1260710"
                                                                                            },
                                                                                            "cumulative_cardinality": 3782130,
                                                                                            "operator_type": "PROJECTION",
                                                                                            "operator_cardinality": 1260710,
                                                                                            "cumulative_rows_scanned": 1260710,
                                                                                            "operator_rows_scanned": 0,
                                                                                            "operator_timing": 0.000416488,
                                                                                            "result_set_size": 20171360,
                                                                                            "children": [
                                                                                                {
                                                                                                    "operator_name": "WINDOW",
                                                                                                    "cpu_time": 0.12307560900000003,
                                                                                                    "extra_info": {
                                                                                                        "Projections": "RANK_DENSE() OVER (ORDER BY reputation DESC NULLS LAST)"
                                                                                                    },
                                                                                                    "cumulative_cardinality": 2521420,
                                                                                                    "operator_type": "WINDOW",
                                                                                                    "operator_cardinality": 1260710,
                                                                                                    "cumulative_rows_scanned": 1260710,
                                                                                                    "operator_rows_scanned": 0,
                                                                                                    "operator_timing": 0.09807441200000003,
                                                                                                    "result_set_size": 20171360,
                                                                                                    "children": [
                                                                                                        {
                                                                                                            "operator_name": "READ_PARQUET ",
                                                                                                            "cpu_time": 0.025001197000000006,
                                                                                                            "extra_info": {
                                                                                                                "Function": "READ_PARQUET",
                                                                                                                "Projections": [
                                                                                                                    "id",
                                                                                                                    "reputation"
                                                                                                                ],
                                                                                                                "Estimated Cardinality": "1260710"
                                                                                                            },
                                                                                                            "cumulative_cardinality": 1260710,
                                                                                                            "operator_type": "TABLE_SCAN",
                                                                                                            "operator_cardinality": 1260710,
                                                                                                            "cumulative_rows_scanned": 1260710,
                                                                                                            "operator_rows_scanned": 1260710,
                                                                                                            "operator_timing": 0.025001197000000006,
                                                                                                            "result_set_size": 10085680,
                                                                                                            "children": []
                                                                                                        }
                                                                                                    ]
                                                                                                }
                                                                                            ]
                                                                                        }
                                                                                    ]
                                                                                }
                                                                            ]
                                                                        }
                                                                    ]
                                                                }
                                                            ]
                                                        },
                                                        {
                                                            "operator_name": "FILTER",
                                                            "cpu_time": 3.530357736000015,
                                                            "extra_info": {
                                                                "Expression": "(COALESCE(EditCount, 0) > 10)",
                                                                "Estimated Cardinality": "235904"
                                                            },
                                                            "cumulative_cardinality": 7059037,
                                                            "operator_type": "FILTER",
                                                            "operator_cardinality": 24516,
                                                            "cumulative_rows_scanned": 11795244,
                                                            "operator_rows_scanned": 0,
                                                            "operator_timing": 0.0026319509999999996,
                                                            "result_set_size": 294192,
                                                            "children": [
                                                                {
                                                                    "operator_name": "HASH_GROUP_BY",
                                                                    "cpu_time": 3.527725785000015,
                                                                    "extra_info": {
                                                                        "Groups": "#0",
                                                                        "Aggregates": "count_star()",
                                                                        "Estimated Cardinality": "1179524"
                                                                    },
                                                                    "cumulative_cardinality": 7034521,
                                                                    "operator_type": "HASH_GROUP_BY",
                                                                    "operator_cardinality": 177535,
                                                                    "cumulative_rows_scanned": 11795244,
                                                                    "operator_rows_scanned": 0,
                                                                    "operator_timing": 0.13536749900000028,
                                                                    "result_set_size": 2130420,
                                                                    "children": [
                                                                        {
                                                                            "operator_name": "PROJECTION",
                                                                            "cpu_time": 3.3923582860000145,
                                                                            "extra_info": {
                                                                                "Projections": "userid",
                                                                                "Estimated Cardinality": "2359048"
                                                                            },
                                                                            "cumulative_cardinality": 6856986,
                                                                            "operator_type": "PROJECTION",
                                                                            "operator_cardinality": 3428493,
                                                                            "cumulative_rows_scanned": 11795244,
                                                                            "operator_rows_scanned": 0,
                                                                            "operator_timing": 0.001307500000000004,
                                                                            "result_set_size": 13713972,
                                                                            "children": [
                                                                                {
                                                                                    "operator_name": "READ_PARQUET ",
                                                                                    "cpu_time": 3.3910507860000147,
                                                                                    "extra_info": {
                                                                                        "Function": "READ_PARQUET",
                                                                                        "Projections": [
                                                                                            "id",
                                                                                            "userid"
                                                                                        ],
                                                                                        "Filters": "posthistorytypeid>=4 AND posthistorytypeid<=5",
                                                                                        "Estimated Cardinality": "2359048"
                                                                                    },
                                                                                    "cumulative_cardinality": 3428493,
                                                                                    "operator_type": "TABLE_SCAN",
                                                                                    "operator_cardinality": 3428493,
                                                                                    "cumulative_rows_scanned": 11795244,
                                                                                    "operator_rows_scanned": 11795244,
                                                                                    "operator_timing": 3.3910507860000147,
                                                                                    "result_set_size": 27427944,
                                                                                    "children": []
                                                                                }
                                                                            ]
                                                                        }
                                                                    ]
                                                                }
                                                            ]
                                                        }
                                                    ]
                                                }
                                            ]
                                        }
                                    ]
                                }
                            ]
                        }
                    ]
                }
            ]
        }
    ]
}