{
    "rows_returned": 35,
    "query_name": "WITH RankedPosts AS (\n    SELECT \n        p.Id AS PostId,\n        p.Title,\n        p.CreationDate,\n        p.Score,\n        p.ViewCount,\n        ROW_NUMBER() OVER (PARTITION BY p.OwnerUserId ORDER BY p.CreationDate DESC) AS PostRank\n    FROM \n        Posts p\n    WHERE \n        p.Score > 5\n),\nUserReputation AS (\n    SELECT \n        u.Id AS UserId,\n        u.Reputation,\n        COUNT(DISTINCT b.Id) AS BadgeCount,\n        AVG(v.BountyAmount) AS AvgBounty\n    FROM \n        Users u\n    LEFT JOIN \n        Badges b ON u.Id = b.UserId\n    LEFT JOIN \n        Votes v ON u.Id = v.UserId\n    GROUP BY \n        u.Id, u.Reputation\n),\nPostHistories AS (\n    SELECT \n        ph.PostId,\n        COUNT(CASE WHEN ph.PostHistoryTypeId = 10 THEN 1 END) AS CloseCount,\n        COUNT(CASE WHEN ph.PostHistoryTypeId = 11 THEN 1 END) AS ReopenCount\n    FROM \n        PostHistory ph\n    GROUP BY \n        ph.PostId\n)\nSELECT \n    u.DisplayName, \n    u.Reputation, \n    up.BadgeCount, \n    up.AvgBounty, \n    rp.Title, \n    rp.CreationDate, \n    rp.Score, \n    ph.CloseCount, \n    ph.ReopenCount\nFROM \n    Users u\nJOIN \n    UserReputation up ON u.Id = up.UserId\nJOIN \n    RankedPosts rp ON u.Id = rp.PostId\nLEFT JOIN \n    PostHistories ph ON rp.PostId = ph.PostId\nWHERE \n    up.Reputation > 1000\n    AND ph.CloseCount > 0 \nORDER BY \n    up.Reputation DESC, rp.CreationDate DESC\nLIMIT 50;",
    "blocked_thread_time": 0.0,
    "cpu_time": 3.5595062359999967,
    "extra_info": {},
    "cumulative_cardinality": 43557413,
    "cumulative_rows_scanned": 33232597,
    "result_set_size": 2800,
    "latency": 3.88681516,
    "children": [
        {
            "operator_name": "PROJECTION",
            "cpu_time": 3.5595062359999967,
            "extra_info": {
                "Projections": [
                    "#0",
                    "#1",
                    "#2",
                    "#3",
                    "#4",
                    "#5",
                    "#6",
                    "#7",
                    "#8"
                ],
                "Estimated Cardinality": "50"
            },
            "cumulative_cardinality": 43557413,
            "operator_type": "PROJECTION",
            "operator_cardinality": 35,
            "cumulative_rows_scanned": 33232597,
            "operator_rows_scanned": 0,
            "operator_timing": 4.81e-7,
            "result_set_size": 2800,
            "children": [
                {
                    "operator_name": "STREAMING_LIMIT",
                    "cpu_time": 3.559505754999997,
                    "extra_info": {},
                    "cumulative_cardinality": 43557378,
                    "operator_type": "STREAMING_LIMIT",
                    "operator_cardinality": 35,
                    "cumulative_rows_scanned": 33232597,
                    "operator_rows_scanned": 0,
                    "operator_timing": 0.000001143,
                    "result_set_size": 2940,
                    "children": [
                        {
                            "operator_name": "PROJECTION",
                            "cpu_time": 3.559504611999997,
                            "extra_info": {
                                "Projections": [
                                    "#0",
                                    "#1",
                                    "#2",
                                    "#3",
                                    "#4",
                                    "#5",
                                    "__internal_decompress_integral_integer(#6, 5)",
                                    "#7",
                                    "#8",
                                    "#9"
                                ],
                                "Estimated Cardinality": "720435"
                            },
                            "cumulative_cardinality": 43557343,
                            "operator_type": "PROJECTION",
                            "operator_cardinality": 35,
                            "cumulative_rows_scanned": 33232597,
                            "operator_rows_scanned": 0,
                            "operator_timing": 0.000002274,
                            "result_set_size": 2940,
                            "children": [
                                {
                                    "operator_name": "ORDER_BY",
                                    "cpu_time": 3.559502337999997,
                                    "extra_info": {
                                        "Order By": [
                                            "reputation DESC",
                                            "rp.CreationDate DESC"
                                        ]
                                    },
                                    "cumulative_cardinality": 43557308,
                                    "operator_type": "ORDER_BY",
                                    "operator_cardinality": 35,
                                    "cumulative_rows_scanned": 33232597,
                                    "operator_rows_scanned": 0,
                                    "operator_timing": 0.000362315,
                                    "result_set_size": 2870,
                                    "children": [
                                        {
                                            "operator_name": "PROJECTION",
                                            "cpu_time": 3.559140022999997,
                                            "extra_info": {
                                                "Projections": [
                                                    "#0",
                                                    "#1",
                                                    "#2",
                                                    "#3",
                                                    "#4",
                                                    "#5",
                                                    "__internal_compress_integral_usmallint(#6, 5)",
                                                    "#7",
                                                    "#8",
                                                    "#9"
                                                ],
                                                "Estimated Cardinality": "720435"
                                            },
                                            "cumulative_cardinality": 43557273,
                                            "operator_type": "PROJECTION",
                                            "operator_cardinality": 35,
                                            "cumulative_rows_scanned": 33232597,
                                            "operator_rows_scanned": 0,
                                            "operator_timing": 0.000002364,
                                            "result_set_size": 2870,
                                            "children": [
                                                {
                                                    "operator_name": "PROJECTION",
                                                    "cpu_time": 3.559137658999997,
                                                    "extra_info": {
                                                        "Projections": [
                                                            "displayname",
                                                            "reputation",
                                                            "BadgeCount",
                                                            "AvgBounty",
                                                            "title",
                                                            "creationdate",
                                                            "score",
                                                            "CloseCount",
                                                            "ReopenCount",
                                                            "reputation"
                                                        ],
                                                        "Estimated Cardinality": "720435"
                                                    },
                                                    "cumulative_cardinality": 43557238,
                                                    "operator_type": "PROJECTION",
                                                    "operator_cardinality": 35,
                                                    "cumulative_rows_scanned": 33232597,
                                                    "operator_rows_scanned": 0,
                                                    "operator_timing": 9.61e-7,
                                                    "result_set_size": 2940,
                                                    "children": [
                                                        {
                                                            "operator_name": "HASH_JOIN",
                                                            "cpu_time": 3.559136697999997,
                                                            "extra_info": {
                                                                "Join Type": "INNER",
                                                                "Conditions": "postid = id",
                                                                "Estimated Cardinality": "720435"
                                                            },
                                                            "cumulative_cardinality": 43557203,
                                                            "operator_type": "HASH_JOIN",
                                                            "operator_cardinality": 35,
                                                            "cumulative_rows_scanned": 33232597,
                                                            "operator_rows_scanned": 0,
                                                            "operator_timing": 0.086857257,
                                                            "result_set_size": 2940,
                                                            "children": [
                                                                {
                                                                    "operator_name": "HASH_JOIN",
                                                                    "cpu_time": 3.3818196019999966,
                                                                    "extra_info": {
                                                                        "Join Type": "INNER",
                                                                        "Conditions": "UserId = postid",
                                                                        "Estimated Cardinality": "720435"
                                                                    },
                                                                    "cumulative_cardinality": 42296459,
                                                                    "operator_type": "HASH_JOIN",
                                                                    "operator_cardinality": 35,
                                                                    "cumulative_rows_scanned": 31971887,
                                                                    "operator_rows_scanned": 0,
                                                                    "operator_timing": 0.0010420149999999999,
                                                                    "result_set_size": 2380,
                                                                    "children": [
                                                                        {
                                                                            "operator_name": "HASH_GROUP_BY",
                                                                            "cpu_time": 0.5455516460000002,
                                                                            "extra_info": {
                                                                                "Groups": [
                                                                                    "#0",
                                                                                    "#1"
                                                                                ],
                                                                                "Aggregates": [
                                                                                    "count(DISTINCT #2)",
                                                                                    "avg(#3)"
                                                                                ],
                                                                                "Estimated Cardinality": "1260710"
                                                                            },
                                                                            "cumulative_cardinality": 13581284,
                                                                            "operator_type": "HASH_GROUP_BY",
                                                                            "operator_cardinality": 11215,
                                                                            "cumulative_rows_scanned": 16326527,
                                                                            "operator_rows_scanned": 0,
                                                                            "operator_timing": 0.188353968,
                                                                            "result_set_size": 269160,
                                                                            "children": [
                                                                                {
                                                                                    "operator_name": "PROJECTION",
                                                                                    "cpu_time": 0.35719767800000013,
                                                                                    "extra_info": {
                                                                                        "Projections": [
                                                                                            "id",
                                                                                            "reputation",
                                                                                            "id",
                                                                                            "bountyamount"
                                                                                        ],
                                                                                        "Estimated Cardinality": "12744093"
                                                                                    },
                                                                                    "cumulative_cardinality": 13570069,
                                                                                    "operator_type": "PROJECTION",
                                                                                    "operator_cardinality": 3523972,
                                                                                    "cumulative_rows_scanned": 16326527,
                                                                                    "operator_rows_scanned": 0,
                                                                                    "operator_timing": 0.001292437999999993,
                                                                                    "result_set_size": 56383552,
                                                                                    "children": [
                                                                                        {
                                                                                            "operator_name": "FILTER",
                                                                                            "cpu_time": 0.3559052400000001,
                                                                                            "extra_info": {
                                                                                                "Expression": "(id >= 1)",
                                                                                                "Estimated Cardinality": "12744093"
                                                                                            },
                                                                                            "cumulative_cardinality": 10046097,
                                                                                            "operator_type": "FILTER",
                                                                                            "operator_cardinality": 3523972,
                                                                                            "cumulative_rows_scanned": 16326527,
                                                                                            "operator_rows_scanned": 0,
                                                                                            "operator_timing": 0.005855807000000013,
                                                                                            "result_set_size": 56383552,
                                                                                            "children": [
                                                                                                {
                                                                                                    "operator_name": "HASH_JOIN",
                                                                                                    "cpu_time": 0.35004943300000013,
                                                                                                    "extra_info": {
                                                                                                        "Join Type": "RIGHT",
                                                                                                        "Conditions": "userid = id",
                                                                                                        "Estimated Cardinality": "12744093"
                                                                                                    },
                                                                                                    "cumulative_cardinality": 6522125,
                                                                                                    "operator_type": "HASH_JOIN",
                                                                                                    "operator_cardinality": 3523972,
                                                                                                    "cumulative_rows_scanned": 16326527,
                                                                                                    "operator_rows_scanned": 0,
                                                                                                    "operator_timing": 0.14245370999999976,
                                                                                                    "result_set_size": 56383552,
                                                                                                    "children": [
                                                                                                        {
                                                                                                            "operator_name": "READ_PARQUET ",
                                                                                                            "cpu_time": 0.11129825000000049,
                                                                                                            "extra_info": {
                                                                                                                "Function": "READ_PARQUET",
                                                                                                                "Projections": [
                                                                                                                    "userid",
                                                                                                                    "bountyamount"
                                                                                                                ],
                                                                                                                "Estimated Cardinality": "12744093"
                                                                                                            },
                                                                                                            "cumulative_cardinality": 36790,
                                                                                                            "operator_type": "TABLE_SCAN",
                                                                                                            "operator_cardinality": 36790,
                                                                                                            "cumulative_rows_scanned": 12744093,
                                                                                                            "operator_rows_scanned": 12744093,
                                                                                                            "operator_timing": 0.11129825000000049,
                                                                                                            "result_set_size": 294320,
                                                                                                            "children": []
                                                                                                        },
                                                                                                        {
                                                                                                            "operator_name": "HASH_JOIN",
                                                                                                            "cpu_time": 0.09629747299999988,
                                                                                                            "extra_info": {
                                                                                                                "Join Type": "RIGHT",
                                                                                                                "Conditions": "userid = id",
                                                                                                                "Estimated Cardinality": "2321724"
                                                                                                            },
                                                                                                            "cumulative_cardinality": 2961363,
                                                                                                            "operator_type": "HASH_JOIN",
                                                                                                            "operator_cardinality": 632948,
                                                                                                            "cumulative_rows_scanned": 3582434,
                                                                                                            "operator_rows_scanned": 0,
                                                                                                            "operator_timing": 0.040927354999999846,
                                                                                                            "result_set_size": 7595376,
                                                                                                            "children": [
                                                                                                                {
                                                                                                                    "operator_name": "READ_PARQUET ",
                                                                                                                    "cpu_time": 0.03827210000000002,
                                                                                                                    "extra_info": {
                                                                                                                        "Function": "READ_PARQUET",
                                                                                                                        "Projections": [
                                                                                                                            "id",
                                                                                                                            "userid"
                                                                                                                        ],
                                                                                                                        "Estimated Cardinality": "2321724"
                                                                                                                    },
                                                                                                                    "cumulative_cardinality": 2317200,
                                                                                                                    "operator_type": "TABLE_SCAN",
                                                                                                                    "operator_cardinality": 2317200,
                                                                                                                    "cumulative_rows_scanned": 2321724,
                                                                                                                    "operator_rows_scanned": 2321724,
                                                                                                                    "operator_timing": 0.03827210000000002,
                                                                                                                    "result_set_size": 18537600,
                                                                                                                    "children": []
                                                                                                                },
                                                                                                                {
                                                                                                                    "operator_name": "READ_PARQUET ",
                                                                                                                    "cpu_time": 0.017098018000000017,
                                                                                                                    "extra_info": {
                                                                                                                        "Function": "READ_PARQUET",
                                                                                                                        "Projections": [
                                                                                                                            "id",
                                                                                                                            "reputation"
                                                                                                                        ],
                                                                                                                        "Filters": "reputation>1000",
                                                                                                                        "Estimated Cardinality": "252142"
                                                                                                                    },
                                                                                                                    "cumulative_cardinality": 11215,
                                                                                                                    "operator_type": "TABLE_SCAN",
                                                                                                                    "operator_cardinality": 11215,
                                                                                                                    "cumulative_rows_scanned": 1260710,
                                                                                                                    "operator_rows_scanned": 1260710,
                                                                                                                    "operator_timing": 0.017098018000000017,
                                                                                                                    "result_set_size": 89720,
                                                                                                                    "children": []
                                                                                                                }
                                                                                                            ]
                                                                                                        }
                                                                                                    ]
                                                                                                }
                                                                                            ]
                                                                                        }
                                                                                    ]
                                                                                }
                                                                            ]
                                                                        },
                                                                        {
                                                                            "operator_name": "FILTER",
                                                                            "cpu_time": 2.8352259409999965,
                                                                            "extra_info": {
                                                                                "Expression": "(postid <= 1416570)",
                                                                                "Estimated Cardinality": "720435"
                                                                            },
                                                                            "cumulative_cardinality": 28715140,
                                                                            "operator_type": "FILTER",
                                                                            "operator_cardinality": 3052,
                                                                            "cumulative_rows_scanned": 15645360,
                                                                            "operator_rows_scanned": 0,
                                                                            "operator_timing": 0.000041187000000000004,
                                                                            "result_set_size": 146496,
                                                                            "children": [
                                                                                {
                                                                                    "operator_name": "HASH_JOIN",
                                                                                    "cpu_time": 2.8351847539999966,
                                                                                    "extra_info": {
                                                                                        "Join Type": "INNER",
                                                                                        "Conditions": "postid = PostId",
                                                                                        "Estimated Cardinality": "720435"
                                                                                    },
                                                                                    "cumulative_cardinality": 28712088,
                                                                                    "operator_type": "HASH_JOIN",
                                                                                    "operator_cardinality": 5753,
                                                                                    "cumulative_rows_scanned": 15645360,
                                                                                    "operator_rows_scanned": 0,
                                                                                    "operator_timing": 0.03556543599999993,
                                                                                    "result_set_size": 276144,
                                                                                    "children": [
                                                                                        {
                                                                                            "operator_name": "FILTER",
                                                                                            "cpu_time": 1.2976866820000001,
                                                                                            "extra_info": {
                                                                                                "Expression": "(CloseCount > 0)",
                                                                                                "Estimated Cardinality": "1179524"
                                                                                            },
                                                                                            "cumulative_cardinality": 27561111,
                                                                                            "operator_type": "FILTER",
                                                                                            "operator_cardinality": 120507,
                                                                                            "cumulative_rows_scanned": 11795244,
                                                                                            "operator_rows_scanned": 0,
                                                                                            "operator_timing": 0.0054408669999999595,
                                                                                            "result_set_size": 2410140,
                                                                                            "children": [
                                                                                                {
                                                                                                    "operator_name": "HASH_GROUP_BY",
                                                                                                    "cpu_time": 1.2922458150000002,
                                                                                                    "extra_info": {
                                                                                                        "Groups": "#0",
                                                                                                        "Aggregates": [
                                                                                                            "count(#1)",
                                                                                                            "count(#2)"
                                                                                                        ],
                                                                                                        "Estimated Cardinality": "5897622"
                                                                                                    },
                                                                                                    "cumulative_cardinality": 27440604,
                                                                                                    "operator_type": "HASH_GROUP_BY",
                                                                                                    "operator_cardinality": 3850116,
                                                                                                    "cumulative_rows_scanned": 11795244,
                                                                                                    "operator_rows_scanned": 0,
                                                                                                    "operator_timing": 0.9553046939999998,
                                                                                                    "result_set_size": 77002320,
                                                                                                    "children": [
                                                                                                        {
                                                                                                            "operator_name": "PROJECTION",
                                                                                                            "cpu_time": 0.3369411210000005,
                                                                                                            "extra_info": {
                                                                                                                "Projections": [
                                                                                                                    "postid",
                                                                                                                    "CASE  WHEN ((posthistorytypeid = 10)) THEN (1) ELSE NULL END",
                                                                                                                    "CASE  WHEN ((posthistorytypeid = 11)) THEN (1) ELSE NULL END"
                                                                                                                ],
                                                                                                                "Estimated Cardinality": "11795244"
                                                                                                            },
                                                                                                            "cumulative_cardinality": 23590488,
                                                                                                            "operator_type": "PROJECTION",
                                                                                                            "operator_cardinality": 11795244,
                                                                                                            "cumulative_rows_scanned": 11795244,
                                                                                                            "operator_rows_scanned": 0,
                                                                                                            "operator_timing": 0.11792697800000011,
                                                                                                            "result_set_size": 141542928,
                                                                                                            "children": [
                                                                                                                {
                                                                                                                    "operator_name": "READ_PARQUET ",
                                                                                                                    "cpu_time": 0.21901414300000038,
                                                                                                                    "extra_info": {
                                                                                                                        "Function": "READ_PARQUET",
                                                                                                                        "Projections": [
                                                                                                                            "posthistorytypeid",
                                                                                                                            "postid"
                                                                                                                        ],
                                                                                                                        "Estimated Cardinality": "11795244"
                                                                                                                    },
                                                                                                                    "cumulative_cardinality": 11795244,
                                                                                                                    "operator_type": "TABLE_SCAN",
                                                                                                                    "operator_cardinality": 11795244,
                                                                                                                    "cumulative_rows_scanned": 11795244,
                                                                                                                    "operator_rows_scanned": 11795244,
                                                                                                                    "operator_timing": 0.21901414300000038,
                                                                                                                    "result_set_size": 70771464,
                                                                                                                    "children": []
                                                                                                                }
                                                                                                            ]
                                                                                                        }
                                                                                                    ]
                                                                                                }
                                                                                            ]
                                                                                        },
                                                                                        {
                                                                                            "operator_name": "PROJECTION",
                                                                                            "cpu_time": 1.5019326359999965,
                                                                                            "extra_info": {
                                                                                                "Projections": [
                                                                                                    "PostId",
                                                                                                    "title",
                                                                                                    "creationdate",
                                                                                                    "score"
                                                                                                ],
                                                                                                "Estimated Cardinality": "770023"
                                                                                            },
                                                                                            "cumulative_cardinality": 1145224,
                                                                                            "operator_type": "PROJECTION",
                                                                                            "operator_cardinality": 286306,
                                                                                            "cumulative_rows_scanned": 3850116,
                                                                                            "operator_rows_scanned": 0,
                                                                                            "operator_timing": 0.00006196199999999999,
                                                                                            "result_set_size": 9161792,
                                                                                            "children": [
                                                                                                {
                                                                                                    "operator_name": "PROJECTION",
                                                                                                    "cpu_time": 1.5018706739999965,
                                                                                                    "extra_info": {
                                                                                                        "Projections": [
                                                                                                            "#0",
                                                                                                            "#1",
                                                                                                            "#2",
                                                                                                            "#3",
                                                                                                            "#4",
                                                                                                            "#5"
                                                                                                        ],
                                                                                                        "Estimated Cardinality": "770023"
                                                                                                    },
                                                                                                    "cumulative_cardinality": 858918,
                                                                                                    "operator_type": "PROJECTION",
                                                                                                    "operator_cardinality": 286306,
                                                                                                    "cumulative_rows_scanned": 3850116,
                                                                                                    "operator_rows_scanned": 0,
                                                                                                    "operator_timing": 0.00008179099999999998,
                                                                                                    "result_set_size": 12597464,
                                                                                                    "children": [
                                                                                                        {
                                                                                                            "operator_name": "WINDOW",
                                                                                                            "cpu_time": 1.5017888829999966,
                                                                                                            "extra_info": {
                                                                                                                "Projections": "ROW_NUMBER() OVER (PARTITION BY owneruserid ORDER BY creationdate DESC NULLS LAST)"
                                                                                                            },
                                                                                                            "cumulative_cardinality": 572612,
                                                                                                            "operator_type": "WINDOW",
                                                                                                            "operator_cardinality": 286306,
                                                                                                            "cumulative_rows_scanned": 3850116,
                                                                                                            "operator_rows_scanned": 0,
                                                                                                            "operator_timing": 0.13834123799999995,
                                                                                                            "result_set_size": 12597464,
                                                                                                            "children": [
                                                                                                                {
                                                                                                                    "operator_name": "READ_PARQUET ",
                                                                                                                    "cpu_time": 1.3634476449999966,
                                                                                                                    "extra_info": {
                                                                                                                        "Function": "READ_PARQUET",
                                                                                                                        "Projections": [
                                                                                                                            "id",
                                                                                                                            "creationdate",
                                                                                                                            "score",
                                                                                                                            "owneruserid",
                                                                                                                            "title"
                                                                                                                        ],
                                                                                                                        "Filters": "score>5",
                                                                                                                        "Estimated Cardinality": "770023"
                                                                                                                    },
                                                                                                                    "cumulative_cardinality": 286306,
                                                                                                                    "operator_type": "TABLE_SCAN",
                                                                                                                    "operator_cardinality": 286306,
                                                                                                                    "cumulative_rows_scanned": 3850116,
                                                                                                                    "operator_rows_scanned": 3850116,
                                                                                                                    "operator_timing": 1.3634476449999966,
                                                                                                                    "result_set_size": 10307016,
                                                                                                                    "children": []
                                                                                                                }
                                                                                                            ]
                                                                                                        }
                                                                                                    ]
                                                                                                }
                                                                                            ]
                                                                                        }
                                                                                    ]
                                                                                }
                                                                            ]
                                                                        }
                                                                    ]
                                                                },
                                                                {
                                                                    "operator_name": "READ_PARQUET ",
                                                                    "cpu_time": 0.09045983900000006,
                                                                    "extra_info": {
                                                                        "Function": "READ_PARQUET",
                                                                        "Projections": [
                                                                            "id",
                                                                            "reputation",
                                                                            "displayname"
                                                                        ],
                                                                        "Filters": "id>=1",
                                                                        "Estimated Cardinality": "1260710"
                                                                    },
                                                                    "cumulative_cardinality": 1260709,
                                                                    "operator_type": "TABLE_SCAN",
                                                                    "operator_cardinality": 1260709,
                                                                    "cumulative_rows_scanned": 1260710,
                                                                    "operator_rows_scanned": 1260710,
                                                                    "operator_timing": 0.09045983900000006,
                                                                    "result_set_size": 30257016,
                                                                    "children": []
                                                                }
                                                            ]
                                                        }
                                                    ]
                                                }
                                            ]
                                        }
                                    ]
                                }
                            ]
                        }
                    ]
                }
            ]
        }
    ]
}