{
    "rows_returned": 100,
    "query_name": "WITH RecentPosts AS (\n    SELECT \n        p.Id AS PostId,\n        p.Title,\n        p.CreationDate,\n        p.OwnerUserId,\n        p.ViewCount,\n        p.Score,\n        ROW_NUMBER() OVER (PARTITION BY p.OwnerUserId ORDER BY p.CreationDate DESC) AS rn\n    FROM Posts p\n    WHERE p.CreationDate >= cast('2024-10-01' as date) - INTERVAL '30 days'\n),\nUserReputation AS (\n    SELECT \n        u.Id AS UserId,\n        u.DisplayName,\n        u.Reputation,\n        COALESCE(SUM(CASE WHEN b.Class = 1 THEN 1 ELSE 0 END), 0) AS GoldBadges,\n        COALESCE(SUM(CASE WHEN b.Class = 2 THEN 1 ELSE 0 END), 0) AS SilverBadges,\n        COALESCE(SUM(CASE WHEN b.Class = 3 THEN 1 ELSE 0 END), 0) AS BronzeBadges\n    FROM Users u\n    LEFT JOIN Badges b ON u.Id = b.UserId\n    GROUP BY u.Id, u.DisplayName, u.Reputation\n),\nPostComments AS (\n    SELECT\n        c.PostId,\n        COUNT(*) AS CommentCount,\n        MAX(c.CreationDate) AS LastCommentDate\n    FROM Comments c\n    GROUP BY c.PostId\n),\nPostHistoryDetails AS (\n    SELECT \n        ph.PostId,\n        STRING_AGG(DISTINCT pht.Name, ', ') AS HistoryTypes,\n        COUNT(*) AS TotalChanges\n    FROM PostHistory ph\n    JOIN PostHistoryTypes pht ON ph.PostHistoryTypeId = pht.Id\n    GROUP BY ph.PostId\n)\nSELECT \n    rp.Title,\n    rp.CreationDate,\n    ur.DisplayName,\n    ur.Reputation,\n    ur.GoldBadges,\n    ur.SilverBadges,\n    ur.BronzeBadges,\n    COALESCE(pc.CommentCount, 0) AS CommentCount,\n    pc.LastCommentDate,\n    COALESCE(phd.TotalChanges, 0) AS TotalChanges,\n    CASE \n        WHEN rp.Score > 10 THEN 'Hot' \n        WHEN rp.Score BETWEEN 1 AND 10 THEN 'Warm' \n        ELSE 'Cool' \n    END AS PostTemperature\nFROM RecentPosts rp\nJOIN Users u ON rp.OwnerUserId = u.Id\nJOIN UserReputation ur ON u.Id = ur.UserId\nLEFT JOIN PostComments pc ON rp.PostId = pc.PostId\nLEFT JOIN PostHistoryDetails phd ON rp.PostId = phd.PostId\nWHERE \n    ur.Reputation > 1000 \n    OR (SELECT COUNT(*) FROM Votes v WHERE v.PostId = rp.PostId AND v.VoteTypeId = 2) > 5\nORDER BY \n    rp.CreationDate DESC, \n    ur.Reputation DESC\nLIMIT 100;",
    "blocked_thread_time": 0.0,
    "cpu_time": 5.465953989000002,
    "extra_info": {},
    "cumulative_cardinality": 93650739,
    "cumulative_rows_scanned": 40474453,
    "result_set_size": 13200,
    "latency": 5.970992022,
    "children": [
        {
            "operator_name": "STREAMING_LIMIT",
            "cpu_time": 5.465953989000002,
            "extra_info": {},
            "cumulative_cardinality": 93650739,
            "operator_type": "STREAMING_LIMIT",
            "operator_cardinality": 100,
            "cumulative_rows_scanned": 40474453,
            "operator_rows_scanned": 0,
            "operator_timing": 0.000001884,
            "result_set_size": 13200,
            "children": [
                {
                    "operator_name": "PROJECTION",
                    "cpu_time": 5.465952105000002,
                    "extra_info": {
                        "Projections": [
                            "#0",
                            "#1",
                            "#2",
                            "#3",
                            "#4",
                            "#5",
                            "#6",
                            "#7",
                            "#8",
                            "#9",
                            "__internal_decompress_string(#10)"
                        ],
                        "Estimated Cardinality": "5897622"
                    },
                    "cumulative_cardinality": 93650639,
                    "operator_type": "PROJECTION",
                    "operator_cardinality": 4096,
                    "cumulative_rows_scanned": 40474453,
                    "operator_rows_scanned": 0,
                    "operator_timing": 0.00007360799999999999,
                    "result_set_size": 540672,
                    "children": [
                        {
                            "operator_name": "ORDER_BY",
                            "cpu_time": 5.465878497000002,
                            "extra_info": {
                                "Order By": [
                                    "rp.CreationDate DESC",
                                    "ur.Reputation DESC"
                                ]
                            },
                            "cumulative_cardinality": 93646543,
                            "operator_type": "ORDER_BY",
                            "operator_cardinality": 4096,
                            "cumulative_rows_scanned": 40474453,
                            "operator_rows_scanned": 0,
                            "operator_timing": 0.0008621919999999999,
                            "result_set_size": 507904,
                            "children": [
                                {
                                    "operator_name": "PROJECTION",
                                    "cpu_time": 5.4650163050000025,
                                    "extra_info": {
                                        "Projections": [
                                            "#0",
                                            "#1",
                                            "#2",
                                            "#3",
                                            "#4",
                                            "#5",
                                            "#6",
                                            "#7",
                                            "#8",
                                            "#9",
                                            "__internal_compress_string_ubigint(#10)"
                                        ],
                                        "Estimated Cardinality": "5897622"
                                    },
                                    "cumulative_cardinality": 93642447,
                                    "operator_type": "PROJECTION",
                                    "operator_cardinality": 4993,
                                    "cumulative_rows_scanned": 40474453,
                                    "operator_rows_scanned": 0,
                                    "operator_timing": 0.000088946,
                                    "result_set_size": 619132,
                                    "children": [
                                        {
                                            "operator_name": "PROJECTION",
                                            "cpu_time": 5.4649273590000025,
                                            "extra_info": {
                                                "Projections": [
                                                    "title",
                                                    "creationdate",
                                                    "displayname",
                                                    "reputation",
                                                    "GoldBadges",
                                                    "SilverBadges",
                                                    "BronzeBadges",
                                                    "CommentCount",
                                                    "LastCommentDate",
                                                    "TotalChanges",
                                                    "PostTemperature"
                                                ],
                                                "Estimated Cardinality": "5897622"
                                            },
                                            "cumulative_cardinality": 93637454,
                                            "operator_type": "PROJECTION",
                                            "operator_cardinality": 4993,
                                            "cumulative_rows_scanned": 40474453,
                                            "operator_rows_scanned": 0,
                                            "operator_timing": 0.00043875,
                                            "result_set_size": 659076,
                                            "children": [
                                                {
                                                    "operator_name": "PROJECTION",
                                                    "cpu_time": 5.464488609000003,
                                                    "extra_info": {
                                                        "Projections": [
                                                            "#0",
                                                            "#1",
                                                            "#2",
                                                            "#3",
                                                            "#4",
                                                            "#5",
                                                            "#6",
                                                            "#7",
                                                            "#8",
                                                            "#9",
                                                            "#10"
                                                        ],
                                                        "Estimated Cardinality": "5897622"
                                                    },
                                                    "cumulative_cardinality": 93632461,
                                                    "operator_type": "PROJECTION",
                                                    "operator_cardinality": 4993,
                                                    "cumulative_rows_scanned": 40474453,
                                                    "operator_rows_scanned": 0,
                                                    "operator_timing": 0.000006982999999999999,
                                                    "result_set_size": 599160,
                                                    "children": [
                                                        {
                                                            "operator_name": "FILTER",
                                                            "cpu_time": 5.464481626000003,
                                                            "extra_info": {
                                                                "Expression": "((reputation > 1000) OR (SUBQUERY > 5))",
                                                                "Estimated Cardinality": "5897622"
                                                            },
                                                            "cumulative_cardinality": 93627468,
                                                            "operator_type": "FILTER",
                                                            "operator_cardinality": 4993,
                                                            "cumulative_rows_scanned": 40474453,
                                                            "operator_rows_scanned": 0,
                                                            "operator_timing": 0.00015004,
                                                            "result_set_size": 639104,
                                                            "children": [
                                                                {
                                                                    "operator_name": "LEFT_DELIM_JOIN",
                                                                    "cpu_time": 5.464331586000003,
                                                                    "extra_info": {
                                                                        "Join Type": "SINGLE",
                                                                        "Conditions": "PostId IS NOT DISTINCT FROM PostId",
                                                                        "Estimated Cardinality": "5897622",
                                                                        "Delim Index": "1"
                                                                    },
                                                                    "cumulative_cardinality": 93622475,
                                                                    "operator_type": "LEFT_DELIM_JOIN",
                                                                    "operator_cardinality": 0,
                                                                    "cumulative_rows_scanned": 40474453,
                                                                    "operator_rows_scanned": 0,
                                                                    "operator_timing": 0.0014700769999999998,
                                                                    "result_set_size": 0,
                                                                    "children": [
                                                                        {
                                                                            "operator_name": "HASH_JOIN",
                                                                            "cpu_time": 4.546491716000002,
                                                                            "extra_info": {
                                                                                "Join Type": "LEFT",
                                                                                "Conditions": "PostId = postid",
                                                                                "Estimated Cardinality": "5897622"
                                                                            },
                                                                            "cumulative_cardinality": 84223466,
                                                                            "operator_type": "HASH_JOIN",
                                                                            "operator_cardinality": 10035,
                                                                            "cumulative_rows_scanned": 27730360,
                                                                            "operator_rows_scanned": 0,
                                                                            "operator_timing": 0.2099841149999999,
                                                                            "result_set_size": 1244340,
                                                                            "children": [
                                                                                {
                                                                                    "operator_name": "HASH_JOIN",
                                                                                    "cpu_time": 3.455324501,
                                                                                    "extra_info": {
                                                                                        "Join Type": "RIGHT",
                                                                                        "Conditions": "postid = PostId",
                                                                                        "Estimated Cardinality": "3620911"
                                                                                    },
                                                                                    "cumulative_cardinality": 33182305,
                                                                                    "operator_type": "HASH_JOIN",
                                                                                    "operator_cardinality": 10035,
                                                                                    "cumulative_rows_scanned": 15935082,
                                                                                    "operator_rows_scanned": 0,
                                                                                    "operator_timing": 0.03908485099999998,
                                                                                    "result_set_size": 1164060,
                                                                                    "children": [
                                                                                        {
                                                                                            "operator_name": "HASH_GROUP_BY",
                                                                                            "cpu_time": 2.3979724780000002,
                                                                                            "extra_info": {
                                                                                                "Groups": "#0",
                                                                                                "Aggregates": [
                                                                                                    "count_star()",
                                                                                                    "max(#1)"
                                                                                                ],
                                                                                                "Estimated Cardinality": "3620911"
                                                                                            },
                                                                                            "cumulative_cardinality": 16647316,
                                                                                            "operator_type": "HASH_GROUP_BY",
                                                                                            "operator_cardinality": 2163672,
                                                                                            "cumulative_rows_scanned": 7241822,
                                                                                            "operator_rows_scanned": 0,
                                                                                            "operator_timing": 0.5048832529999997,
                                                                                            "result_set_size": 43273440,
                                                                                            "children": [
                                                                                                {
                                                                                                    "operator_name": "PROJECTION",
                                                                                                    "cpu_time": 1.8930892250000007,
                                                                                                    "extra_info": {
                                                                                                        "Projections": [
                                                                                                            "postid",
                                                                                                            "creationdate"
                                                                                                        ],
                                                                                                        "Estimated Cardinality": "7241822"
                                                                                                    },
                                                                                                    "cumulative_cardinality": 14483644,
                                                                                                    "operator_type": "PROJECTION",
                                                                                                    "operator_cardinality": 7241822,
                                                                                                    "cumulative_rows_scanned": 7241822,
                                                                                                    "operator_rows_scanned": 0,
                                                                                                    "operator_timing": 0.0011036550000000044,
                                                                                                    "result_set_size": 86901864,
                                                                                                    "children": [
                                                                                                        {
                                                                                                            "operator_name": "READ_PARQUET ",
                                                                                                            "cpu_time": 1.8919855700000006,
                                                                                                            "extra_info": {
                                                                                                                "Function": "READ_PARQUET",
                                                                                                                "Projections": [
                                                                                                                    "postid",
                                                                                                                    "creationdate"
                                                                                                                ],
                                                                                                                "Estimated Cardinality": "7241822"
                                                                                                            },
                                                                                                            "cumulative_cardinality": 7241822,
                                                                                                            "operator_type": "TABLE_SCAN",
                                                                                                            "operator_cardinality": 7241822,
                                                                                                            "cumulative_rows_scanned": 7241822,
                                                                                                            "operator_rows_scanned": 7241822,
                                                                                                            "operator_timing": 1.8919855700000006,
                                                                                                            "result_set_size": 86901864,
                                                                                                            "children": []
                                                                                                        }
                                                                                                    ]
                                                                                                }
                                                                                            ]
                                                                                        },
                                                                                        {
                                                                                            "operator_name": "HASH_JOIN",
                                                                                            "cpu_time": 1.0182671719999998,
                                                                                            "extra_info": {
                                                                                                "Join Type": "INNER",
                                                                                                "Conditions": "UserId = owneruserid",
                                                                                                "Estimated Cardinality": "770023"
                                                                                            },
                                                                                            "cumulative_cardinality": 16524954,
                                                                                            "operator_type": "HASH_JOIN",
                                                                                            "operator_cardinality": 10035,
                                                                                            "cumulative_rows_scanned": 8693260,
                                                                                            "operator_rows_scanned": 0,
                                                                                            "operator_timing": 0.009211949000000011,
                                                                                            "result_set_size": 1003500,
                                                                                            "children": [
                                                                                                {
                                                                                                    "operator_name": "PROJECTION",
                                                                                                    "cpu_time": 0.8827763579999998,
                                                                                                    "extra_info": {
                                                                                                        "Projections": [
                                                                                                            "UserId",
                                                                                                            "displayname",
                                                                                                            "reputation",
                                                                                                            "GoldBadges",
                                                                                                            "SilverBadges",
                                                                                                            "BronzeBadges"
                                                                                                        ],
                                                                                                        "Estimated Cardinality": "1260710"
                                                                                                    },
                                                                                                    "cumulative_cardinality": 15203969,
                                                                                                    "operator_type": "PROJECTION",
                                                                                                    "operator_cardinality": 1260679,
                                                                                                    "cumulative_rows_scanned": 3582434,
                                                                                                    "operator_rows_scanned": 0,
                                                                                                    "operator_timing": 0.02231628299999997,
                                                                                                    "result_set_size": 90768888,
                                                                                                    "children": [
                                                                                                        {
                                                                                                            "operator_name": "HASH_GROUP_BY",
                                                                                                            "cpu_time": 0.8604600749999998,
                                                                                                            "extra_info": {
                                                                                                                "Groups": [
                                                                                                                    "#0",
                                                                                                                    "#1",
                                                                                                                    "#2"
                                                                                                                ],
                                                                                                                "Aggregates": [
                                                                                                                    "sum(#3)",
                                                                                                                    "sum(#4)",
                                                                                                                    "sum(#5)"
                                                                                                                ],
                                                                                                                "Estimated Cardinality": "1260710"
                                                                                                            },
                                                                                                            "cumulative_cardinality": 13943290,
                                                                                                            "operator_type": "HASH_GROUP_BY",
                                                                                                            "operator_cardinality": 1260679,
                                                                                                            "cumulative_rows_scanned": 3582434,
                                                                                                            "operator_rows_scanned": 0,
                                                                                                            "operator_timing": 0.5084874159999999,
                                                                                                            "result_set_size": 90768888,
                                                                                                            "children": [
                                                                                                                {
                                                                                                                    "operator_name": "PROJECTION",
                                                                                                                    "cpu_time": 0.3519726589999999,
                                                                                                                    "extra_info": {
                                                                                                                        "Projections": [
                                                                                                                            "id",
                                                                                                                            "displayname",
                                                                                                                            "reputation",
                                                                                                                            "CASE  WHEN ((class = 1)) THEN (1) ELSE 0 END",
                                                                                                                            "CASE  WHEN ((class = 2)) THEN (1) ELSE 0 END",
                                                                                                                            "CASE  WHEN ((class = 3)) THEN (1) ELSE 0 END"
                                                                                                                        ],
                                                                                                                        "Estimated Cardinality": "2321724"
                                                                                                                    },
                                                                                                                    "cumulative_cardinality": 12682611,
                                                                                                                    "operator_type": "PROJECTION",
                                                                                                                    "operator_cardinality": 3033382,
                                                                                                                    "cumulative_rows_scanned": 3582434,
                                                                                                                    "operator_rows_scanned": 0,
                                                                                                                    "operator_timing": 0.016517191000000018,
                                                                                                                    "result_set_size": 109201752,
                                                                                                                    "children": [
                                                                                                                        {
                                                                                                                            "operator_name": "FILTER",
                                                                                                                            "cpu_time": 0.33545546799999987,
                                                                                                                            "extra_info": {
                                                                                                                                "Expression": "(id <= 1416539)",
                                                                                                                                "Estimated Cardinality": "2321724"
                                                                                                                            },
                                                                                                                            "cumulative_cardinality": 9649229,
                                                                                                                            "operator_type": "FILTER",
                                                                                                                            "operator_cardinality": 3033382,
                                                                                                                            "cumulative_rows_scanned": 3582434,
                                                                                                                            "operator_rows_scanned": 0,
                                                                                                                            "operator_timing": 0.004055981000000001,
                                                                                                                            "result_set_size": 78867932,
                                                                                                                            "children": [
                                                                                                                                {
                                                                                                                                    "operator_name": "HASH_JOIN",
                                                                                                                                    "cpu_time": 0.3313994869999999,
                                                                                                                                    "extra_info": {
                                                                                                                                        "Join Type": "RIGHT",
                                                                                                                                        "Conditions": "userid = id",
                                                                                                                                        "Estimated Cardinality": "2321724"
                                                                                                                                    },
                                                                                                                                    "cumulative_cardinality": 6615847,
                                                                                                                                    "operator_type": "HASH_JOIN",
                                                                                                                                    "operator_cardinality": 3033413,
                                                                                                                                    "cumulative_rows_scanned": 3582434,
                                                                                                                                    "operator_rows_scanned": 0,
                                                                                                                                    "operator_timing": 0.20981451699999984,
                                                                                                                                    "result_set_size": 78868738,
                                                                                                                                    "children": [
                                                                                                                                        {
                                                                                                                                            "operator_name": "READ_PARQUET ",
                                                                                                                                            "cpu_time": 0.036223858000000005,
                                                                                                                                            "extra_info": {
                                                                                                                                                "Function": "READ_PARQUET",
                                                                                                                                                "Projections": [
                                                                                                                                                    "userid",
                                                                                                                                                    "class"
                                                                                                                                                ],
                                                                                                                                                "Estimated Cardinality": "2321724"
                                                                                                                                            },
                                                                                                                                            "cumulative_cardinality": 2321724,
                                                                                                                                            "operator_type": "TABLE_SCAN",
                                                                                                                                            "operator_cardinality": 2321724,
                                                                                                                                            "cumulative_rows_scanned": 2321724,
                                                                                                                                            "operator_rows_scanned": 2321724,
                                                                                                                                            "operator_timing": 0.036223858000000005,
                                                                                                                                            "result_set_size": 13930344,
                                                                                                                                            "children": []
                                                                                                                                        },
                                                                                                                                        {
                                                                                                                                            "operator_name": "READ_PARQUET ",
                                                                                                                                            "cpu_time": 0.08536111200000003,
                                                                                                                                            "extra_info": {
                                                                                                                                                "Function": "READ_PARQUET",
                                                                                                                                                "Projections": [
                                                                                                                                                    "id",
                                                                                                                                                    "reputation",
                                                                                                                                                    "displayname"
                                                                                                                                                ],
                                                                                                                                                "Estimated Cardinality": "1260710"
                                                                                                                                            },
                                                                                                                                            "cumulative_cardinality": 1260710,
                                                                                                                                            "operator_type": "TABLE_SCAN",
                                                                                                                                            "operator_cardinality": 1260710,
                                                                                                                                            "cumulative_rows_scanned": 1260710,
                                                                                                                                            "operator_rows_scanned": 1260710,
                                                                                                                                            "operator_timing": 0.08536111200000003,
                                                                                                                                            "result_set_size": 30257040,
                                                                                                                                            "children": []
                                                                                                                                        }
                                                                                                                                    ]
                                                                                                                                }
                                                                                                                            ]
                                                                                                                        }
                                                                                                                    ]
                                                                                                                }
                                                                                                            ]
                                                                                                        }
                                                                                                    ]
                                                                                                },
                                                                                                {
                                                                                                    "operator_name": "HASH_JOIN",
                                                                                                    "cpu_time": 0.12627886499999996,
                                                                                                    "extra_info": {
                                                                                                        "Join Type": "INNER",
                                                                                                        "Conditions": "owneruserid = id",
                                                                                                        "Estimated Cardinality": "770023"
                                                                                                    },
                                                                                                    "cumulative_cardinality": 1310950,
                                                                                                    "operator_type": "HASH_JOIN",
                                                                                                    "operator_cardinality": 10035,
                                                                                                    "cumulative_rows_scanned": 5110826,
                                                                                                    "operator_rows_scanned": 0,
                                                                                                    "operator_timing": 0.05154691599999998,
                                                                                                    "result_set_size": 401400,
                                                                                                    "children": [
                                                                                                        {
                                                                                                            "operator_name": "PROJECTION",
                                                                                                            "cpu_time": 0.06387915499999998,
                                                                                                            "extra_info": {
                                                                                                                "Projections": [
                                                                                                                    "PostId",
                                                                                                                    "title",
                                                                                                                    "creationdate",
                                                                                                                    "owneruserid",
                                                                                                                    "score"
                                                                                                                ],
                                                                                                                "Estimated Cardinality": "770023"
                                                                                                            },
                                                                                                            "cumulative_cardinality": 40236,
                                                                                                            "operator_type": "PROJECTION",
                                                                                                            "operator_cardinality": 10059,
                                                                                                            "cumulative_rows_scanned": 3850116,
                                                                                                            "operator_rows_scanned": 0,
                                                                                                            "operator_timing": 0.0000045180000000000015,
                                                                                                            "result_set_size": 362124,
                                                                                                            "children": [
                                                                                                                {
                                                                                                                    "operator_name": "PROJECTION",
                                                                                                                    "cpu_time": 0.06387463699999998,
                                                                                                                    "extra_info": {
                                                                                                                        "Projections": [
                                                                                                                            "#0",
                                                                                                                            "#1",
                                                                                                                            "#2",
                                                                                                                            "#3",
                                                                                                                            "#4",
                                                                                                                            "#5"
                                                                                                                        ],
                                                                                                                        "Estimated Cardinality": "770023"
                                                                                                                    },
                                                                                                                    "cumulative_cardinality": 30177,
                                                                                                                    "operator_type": "PROJECTION",
                                                                                                                    "operator_cardinality": 10059,
                                                                                                                    "cumulative_rows_scanned": 3850116,
                                                                                                                    "operator_rows_scanned": 0,
                                                                                                                    "operator_timing": 0.000005177999999999999,
                                                                                                                    "result_set_size": 442596,
                                                                                                                    "children": [
                                                                                                                        {
                                                                                                                            "operator_name": "WINDOW",
                                                                                                                            "cpu_time": 0.06386945899999999,
                                                                                                                            "extra_info": {
                                                                                                                                "Projections": "ROW_NUMBER() OVER (PARTITION BY owneruserid ORDER BY creationdate DESC NULLS LAST)"
                                                                                                                            },
                                                                                                                            "cumulative_cardinality": 20118,
                                                                                                                            "operator_type": "WINDOW",
                                                                                                                            "operator_cardinality": 10059,
                                                                                                                            "cumulative_rows_scanned": 3850116,
                                                                                                                            "operator_rows_scanned": 0,
                                                                                                                            "operator_timing": 0.00383939,
                                                                                                                            "result_set_size": 442596,
                                                                                                                            "children": [
                                                                                                                                {
                                                                                                                                    "operator_name": "READ_PARQUET ",
                                                                                                                                    "cpu_time": 0.06003006899999999,
                                                                                                                                    "extra_info": {
                                                                                                                                        "Function": "READ_PARQUET",
                                                                                                                                        "Projections": [
                                                                                                                                            "id",
                                                                                                                                            "creationdate",
                                                                                                                                            "score",
                                                                                                                                            "owneruserid",
                                                                                                                                            "title"
                                                                                                                                        ],
                                                                                                                                        "Filters": "creationdate>='2024-09-01 00:00:00'::TIMESTAMP",
                                                                                                                                        "Estimated Cardinality": "770023"
                                                                                                                                    },
                                                                                                                                    "cumulative_cardinality": 10059,
                                                                                                                                    "operator_type": "TABLE_SCAN",
                                                                                                                                    "operator_cardinality": 10059,
                                                                                                                                    "cumulative_rows_scanned": 3850116,
                                                                                                                                    "operator_rows_scanned": 3850116,
                                                                                                                                    "operator_timing": 0.06003006899999999,
                                                                                                                                    "result_set_size": 362124,
                                                                                                                                    "children": []
                                                                                                                                }
                                                                                                                            ]
                                                                                                                        }
                                                                                                                    ]
                                                                                                                }
                                                                                                            ]
                                                                                                        },
                                                                                                        {
                                                                                                            "operator_name": "READ_PARQUET ",
                                                                                                            "cpu_time": 0.010852793999999992,
                                                                                                            "extra_info": {
                                                                                                                "Function": "READ_PARQUET",
                                                                                                                "Projections": "id",
                                                                                                                "Filters": "id<=1416539",
                                                                                                                "Estimated Cardinality": "1260710"
                                                                                                            },
                                                                                                            "cumulative_cardinality": 1260679,
                                                                                                            "operator_type": "TABLE_SCAN",
                                                                                                            "operator_cardinality": 1260679,
                                                                                                            "cumulative_rows_scanned": 1260710,
                                                                                                            "operator_rows_scanned": 1260710,
                                                                                                            "operator_timing": 0.010852793999999992,
                                                                                                            "result_set_size": 5042716,
                                                                                                            "children": []
                                                                                                        }
                                                                                                    ]
                                                                                                }
                                                                                            ]
                                                                                        }
                                                                                    ]
                                                                                },
                                                                                {
                                                                                    "operator_name": "HASH_GROUP_BY",
                                                                                    "cpu_time": 0.8811831000000019,
                                                                                    "extra_info": {
                                                                                        "Groups": "#0",
                                                                                        "Aggregates": "count_star()",
                                                                                        "Estimated Cardinality": "5897622"
                                                                                    },
                                                                                    "cumulative_cardinality": 51031126,
                                                                                    "operator_type": "HASH_GROUP_BY",
                                                                                    "operator_cardinality": 3850116,
                                                                                    "cumulative_rows_scanned": 11795278,
                                                                                    "operator_rows_scanned": 0,
                                                                                    "operator_timing": 0.6192463220000024,
                                                                                    "result_set_size": 46201392,
                                                                                    "children": [
                                                                                        {
                                                                                            "operator_name": "PROJECTION",
                                                                                            "cpu_time": 0.26193677799999954,
                                                                                            "extra_info": {
                                                                                                "Projections": "postid",
                                                                                                "Estimated Cardinality": "11795244"
                                                                                            },
                                                                                            "cumulative_cardinality": 47181010,
                                                                                            "operator_type": "PROJECTION",
                                                                                            "operator_cardinality": 11795244,
                                                                                            "cumulative_rows_scanned": 11795278,
                                                                                            "operator_rows_scanned": 0,
                                                                                            "operator_timing": 0.0007863660000000061,
                                                                                            "result_set_size": 47180976,
                                                                                            "children": [
                                                                                                {
                                                                                                    "operator_name": "PROJECTION",
                                                                                                    "cpu_time": 0.26115041199999955,
                                                                                                    "extra_info": {
                                                                                                        "Projections": [
                                                                                                            "#0",
                                                                                                            "__internal_compress_integral_utinyint(#1, 1)"
                                                                                                        ],
                                                                                                        "Estimated Cardinality": "11795244"
                                                                                                    },
                                                                                                    "cumulative_cardinality": 35385766,
                                                                                                    "operator_type": "PROJECTION",
                                                                                                    "operator_cardinality": 11795244,
                                                                                                    "cumulative_rows_scanned": 11795278,
                                                                                                    "operator_rows_scanned": 0,
                                                                                                    "operator_timing": 0.010781149999999852,
                                                                                                    "result_set_size": 58976220,
                                                                                                    "children": [
                                                                                                        {
                                                                                                            "operator_name": "HASH_JOIN",
                                                                                                            "cpu_time": 0.2503692619999997,
                                                                                                            "extra_info": {
                                                                                                                "Join Type": "INNER",
                                                                                                                "Conditions": "posthistorytypeid = id",
                                                                                                                "Estimated Cardinality": "11795244"
                                                                                                            },
                                                                                                            "cumulative_cardinality": 23590522,
                                                                                                            "operator_type": "HASH_JOIN",
                                                                                                            "operator_cardinality": 11795244,
                                                                                                            "cumulative_rows_scanned": 11795278,
                                                                                                            "operator_rows_scanned": 0,
                                                                                                            "operator_timing": 0.036943873999999835,
                                                                                                            "result_set_size": 70771464,
                                                                                                            "children": [
                                                                                                                {
                                                                                                                    "operator_name": "READ_PARQUET ",
                                                                                                                    "cpu_time": 0.21309128299999988,
                                                                                                                    "extra_info": {
                                                                                                                        "Function": "READ_PARQUET",
                                                                                                                        "Projections": [
                                                                                                                            "posthistorytypeid",
                                                                                                                            "postid"
                                                                                                                        ],
                                                                                                                        "Estimated Cardinality": "11795244"
                                                                                                                    },
                                                                                                                    "cumulative_cardinality": 11795244,
                                                                                                                    "operator_type": "TABLE_SCAN",
                                                                                                                    "operator_cardinality": 11795244,
                                                                                                                    "cumulative_rows_scanned": 11795244,
                                                                                                                    "operator_rows_scanned": 11795244,
                                                                                                                    "operator_timing": 0.21309128299999988,
                                                                                                                    "result_set_size": 70771464,
                                                                                                                    "children": []
                                                                                                                },
                                                                                                                {
                                                                                                                    "operator_name": "READ_PARQUET ",
                                                                                                                    "cpu_time": 0.00033410499999999996,
                                                                                                                    "extra_info": {
                                                                                                                        "Function": "READ_PARQUET",
                                                                                                                        "Projections": "id",
                                                                                                                        "Estimated Cardinality": "34"
                                                                                                                    },
                                                                                                                    "cumulative_cardinality": 34,
                                                                                                                    "operator_type": "TABLE_SCAN",
                                                                                                                    "operator_cardinality": 34,
                                                                                                                    "cumulative_rows_scanned": 34,
                                                                                                                    "operator_rows_scanned": 34,
                                                                                                                    "operator_timing": 0.00033410499999999996,
                                                                                                                    "result_set_size": 68,
                                                                                                                    "children": []
                                                                                                                }
                                                                                                            ]
                                                                                                        }
                                                                                                    ]
                                                                                                }
                                                                                            ]
                                                                                        }
                                                                                    ]
                                                                                }
                                                                            ]
                                                                        },
                                                                        {
                                                                            "operator_name": "HASH_JOIN",
                                                                            "cpu_time": 0.9156839320000011,
                                                                            "extra_info": {
                                                                                "Join Type": "SINGLE",
                                                                                "Conditions": "PostId IS NOT DISTINCT FROM PostId",
                                                                                "Estimated Cardinality": "5897622"
                                                                            },
                                                                            "cumulative_cardinality": 9378939,
                                                                            "operator_type": "HASH_JOIN",
                                                                            "operator_cardinality": 10035,
                                                                            "cumulative_rows_scanned": 12744093,
                                                                            "operator_rows_scanned": 0,
                                                                            "operator_timing": 0.001133881,
                                                                            "result_set_size": 1284480,
                                                                            "children": [
                                                                                {
                                                                                    "operator_name": "COLUMN_DATA_SCAN",
                                                                                    "cpu_time": 0.00020857900000000002,
                                                                                    "extra_info": {
                                                                                        "Estimated Cardinality": "5897622"
                                                                                    },
                                                                                    "cumulative_cardinality": 10035,
                                                                                    "operator_type": "COLUMN_DATA_SCAN",
                                                                                    "operator_cardinality": 10035,
                                                                                    "cumulative_rows_scanned": 0,
                                                                                    "operator_rows_scanned": 0,
                                                                                    "operator_timing": 0.00020857900000000002,
                                                                                    "result_set_size": 1244340,
                                                                                    "children": []
                                                                                },
                                                                                {
                                                                                    "operator_name": "PROJECTION",
                                                                                    "cpu_time": 0.914341472000001,
                                                                                    "extra_info": {
                                                                                        "Projections": [
                                                                                            "CASE  WHEN ((count_star() IS NULL)) THEN (0) ELSE count_star() END",
                                                                                            "PostId"
                                                                                        ],
                                                                                        "Estimated Cardinality": "2948811"
                                                                                    },
                                                                                    "cumulative_cardinality": 9358869,
                                                                                    "operator_type": "PROJECTION",
                                                                                    "operator_cardinality": 10035,
                                                                                    "cumulative_rows_scanned": 12744093,
                                                                                    "operator_rows_scanned": 0,
                                                                                    "operator_timing": 0.000040774,
                                                                                    "result_set_size": 120420,
                                                                                    "children": [
                                                                                        {
                                                                                            "operator_name": "HASH_JOIN",
                                                                                            "cpu_time": 0.914300698000001,
                                                                                            "extra_info": {
                                                                                                "Join Type": "LEFT",
                                                                                                "Conditions": "PostId IS NOT DISTINCT FROM #0",
                                                                                                "Estimated Cardinality": "2948811"
                                                                                            },
                                                                                            "cumulative_cardinality": 9348834,
                                                                                            "operator_type": "HASH_JOIN",
                                                                                            "operator_cardinality": 10035,
                                                                                            "cumulative_rows_scanned": 12744093,
                                                                                            "operator_rows_scanned": 0,
                                                                                            "operator_timing": 0.000793403,
                                                                                            "result_set_size": 120420,
                                                                                            "children": [
                                                                                                {
                                                                                                    "operator_name": "DELIM_SCAN",
                                                                                                    "cpu_time": 0.0,
                                                                                                    "extra_info": {
                                                                                                        "Delim Index": "1",
                                                                                                        "Estimated Cardinality": "2948811"
                                                                                                    },
                                                                                                    "cumulative_cardinality": 0,
                                                                                                    "operator_type": "DELIM_SCAN",
                                                                                                    "operator_cardinality": 0,
                                                                                                    "cumulative_rows_scanned": 0,
                                                                                                    "operator_rows_scanned": 0,
                                                                                                    "operator_timing": 0.0,
                                                                                                    "result_set_size": 0,
                                                                                                    "children": []
                                                                                                },
                                                                                                {
                                                                                                    "operator_name": "HASH_GROUP_BY",
                                                                                                    "cpu_time": 0.913507295000001,
                                                                                                    "extra_info": {
                                                                                                        "Groups": "#0",
                                                                                                        "Aggregates": "count_star()",
                                                                                                        "Estimated Cardinality": "976072"
                                                                                                    },
                                                                                                    "cumulative_cardinality": 9338799,
                                                                                                    "operator_type": "HASH_GROUP_BY",
                                                                                                    "operator_cardinality": 6436,
                                                                                                    "cumulative_rows_scanned": 12744093,
                                                                                                    "operator_rows_scanned": 0,
                                                                                                    "operator_timing": 0.0006130780000000001,
                                                                                                    "result_set_size": 77232,
                                                                                                    "children": [
                                                                                                        {
                                                                                                            "operator_name": "PROJECTION",
                                                                                                            "cpu_time": 0.9128942170000011,
                                                                                                            "extra_info": {
                                                                                                                "Projections": "PostId",
                                                                                                                "Estimated Cardinality": "1952144"
                                                                                                            },
                                                                                                            "cumulative_cardinality": 9332363,
                                                                                                            "operator_type": "PROJECTION",
                                                                                                            "operator_cardinality": 16132,
                                                                                                            "cumulative_rows_scanned": 12744093,
                                                                                                            "operator_rows_scanned": 0,
                                                                                                            "operator_timing": 0.000002444,
                                                                                                            "result_set_size": 64528,
                                                                                                            "children": [
                                                                                                                {
                                                                                                                    "operator_name": "PROJECTION",
                                                                                                                    "cpu_time": 0.912891773000001,
                                                                                                                    "extra_info": {
                                                                                                                        "Projections": "PostId",
                                                                                                                        "Estimated Cardinality": "1952144"
                                                                                                                    },
                                                                                                                    "cumulative_cardinality": 9316231,
                                                                                                                    "operator_type": "PROJECTION",
                                                                                                                    "operator_cardinality": 16132,
                                                                                                                    "cumulative_rows_scanned": 12744093,
                                                                                                                    "operator_rows_scanned": 0,
                                                                                                                    "operator_timing": 0.000003277,
                                                                                                                    "result_set_size": 64528,
                                                                                                                    "children": [
                                                                                                                        {
                                                                                                                            "operator_name": "HASH_JOIN",
                                                                                                                            "cpu_time": 0.912888496000001,
                                                                                                                            "extra_info": {
                                                                                                                                "Join Type": "INNER",
                                                                                                                                "Conditions": "PostId = postid",
                                                                                                                                "Estimated Cardinality": "1952144"
                                                                                                                            },
                                                                                                                            "cumulative_cardinality": 9300099,
                                                                                                                            "operator_type": "HASH_JOIN",
                                                                                                                            "operator_cardinality": 16132,
                                                                                                                            "cumulative_rows_scanned": 12744093,
                                                                                                                            "operator_rows_scanned": 0,
                                                                                                                            "operator_timing": 0.4873387900000004,
                                                                                                                            "result_set_size": 129056,
                                                                                                                            "children": [
                                                                                                                                {
                                                                                                                                    "operator_name": "DELIM_SCAN",
                                                                                                                                    "cpu_time": 0.0,
                                                                                                                                    "extra_info": {
                                                                                                                                        "Delim Index": "1",
                                                                                                                                        "Estimated Cardinality": "2948811"
                                                                                                                                    },
                                                                                                                                    "cumulative_cardinality": 0,
                                                                                                                                    "operator_type": "DELIM_SCAN",
                                                                                                                                    "operator_cardinality": 0,
                                                                                                                                    "cumulative_rows_scanned": 0,
                                                                                                                                    "operator_rows_scanned": 0,
                                                                                                                                    "operator_timing": 0.0,
                                                                                                                                    "result_set_size": 0,
                                                                                                                                    "children": []
                                                                                                                                },
                                                                                                                                {
                                                                                                                                    "operator_name": "READ_PARQUET ",
                                                                                                                                    "cpu_time": 0.4255497060000006,
                                                                                                                                    "extra_info": {
                                                                                                                                        "Function": "READ_PARQUET",
                                                                                                                                        "Projections": "postid",
                                                                                                                                        "Filters": "votetypeid=2",
                                                                                                                                        "Estimated Cardinality": "2548818"
                                                                                                                                    },
                                                                                                                                    "cumulative_cardinality": 9283967,
                                                                                                                                    "operator_type": "TABLE_SCAN",
                                                                                                                                    "operator_cardinality": 9283967,
                                                                                                                                    "cumulative_rows_scanned": 12744093,
                                                                                                                                    "operator_rows_scanned": 12744093,
                                                                                                                                    "operator_timing": 0.4255497060000006,
                                                                                                                                    "result_set_size": 37135868,
                                                                                                                                    "children": []
                                                                                                                                }
                                                                                                                            ]
                                                                                                                        }
                                                                                                                    ]
                                                                                                                }
                                                                                                            ]
                                                                                                        }
                                                                                                    ]
                                                                                                }
                                                                                            ]
                                                                                        }
                                                                                    ]
                                                                                }
                                                                            ]
                                                                        },
                                                                        {
                                                                            "operator_name": "HASH_GROUP_BY",
                                                                            "cpu_time": 0.0006858610000000001,
                                                                            "extra_info": {
                                                                                "Groups": "#7",
                                                                                "Aggregates": "",
                                                                                "Estimated Cardinality": "5897622"
                                                                            },
                                                                            "cumulative_cardinality": 20070,
                                                                            "operator_type": "HASH_GROUP_BY",
                                                                            "operator_cardinality": 20070,
                                                                            "cumulative_rows_scanned": 0,
                                                                            "operator_rows_scanned": 0,
                                                                            "operator_timing": 0.0006858610000000001,
                                                                            "result_set_size": 80280,
                                                                            "children": []
                                                                        }
                                                                    ]
                                                                }
                                                            ]
                                                        }
                                                    ]
                                                }
                                            ]
                                        }
                                    ]
                                }
                            ]
                        }
                    ]
                }
            ]
        }
    ]
}