{
    "rows_returned": 50,
    "query_name": "\nWITH UserStatistics AS (\n    SELECT \n        U.Id AS UserId,\n        U.DisplayName,\n        U.Reputation,\n        COALESCE(SUM(CASE WHEN V.VoteTypeId = 2 THEN 1 ELSE 0 END), 0) AS UpVotes,\n        COALESCE(SUM(CASE WHEN V.VoteTypeId = 3 THEN 1 ELSE 0 END), 0) AS DownVotes,\n        COUNT(DISTINCT P.Id) AS PostCount,\n        COUNT(DISTINCT C.Id) AS CommentCount,\n        COUNT(DISTINCT B.Id) AS BadgeCount,\n        COALESCE(SUM(P.ViewCount), 0) AS TotalViews\n    FROM Users U\n    LEFT JOIN Posts P ON U.Id = P.OwnerUserId\n    LEFT JOIN Comments C ON P.Id = C.PostId\n    LEFT JOIN Votes V ON P.Id = V.PostId\n    LEFT JOIN Badges B ON U.Id = B.UserId\n    GROUP BY U.Id, U.DisplayName, U.Reputation\n),\nTopUsers AS (\n    SELECT UserId, DisplayName, Reputation, UpVotes, DownVotes, PostCount, CommentCount, BadgeCount, TotalViews,\n           ROW_NUMBER() OVER (ORDER BY Reputation DESC) AS Rank\n    FROM UserStatistics\n),\nMostActiveUsers AS (\n    SELECT UserId, COUNT(*) AS ActivityCount\n    FROM (\n        SELECT U.Id AS UserId, P.CreationDate FROM Users U\n        JOIN Posts P ON U.Id = P.OwnerUserId\n        UNION ALL\n        SELECT U.Id AS UserId, C.CreationDate FROM Users U\n        JOIN Comments C ON U.Id = C.UserId\n    ) AS UserActivity\n    GROUP BY UserId\n),\nFinalReport AS (\n    SELECT \n        TU.UserId,\n        TU.DisplayName,\n        TU.Reputation,\n        TU.UpVotes,\n        TU.DownVotes,\n        TU.PostCount,\n        TU.CommentCount,\n        TU.BadgeCount,\n        TU.TotalViews,\n        COALESCE(MAU.ActivityCount, 0) AS ActivityCount\n    FROM TopUsers TU\n    LEFT JOIN MostActiveUsers MAU ON TU.UserId = MAU.UserId\n)\nSELECT \n    UserId,\n    DisplayName,\n    Reputation,\n    UpVotes,\n    DownVotes,\n    PostCount,\n    CommentCount,\n    BadgeCount,\n    TotalViews,\n    ActivityCount,\n    CASE \n        WHEN Reputation > 1000 THEN 'Expert'\n        WHEN Reputation BETWEEN 500 AND 1000 THEN 'Intermediate'\n        ELSE 'Novice'\n    END AS UserLevel,\n    CASE \n        WHEN TotalViews IS NULL OR TotalViews = 0 THEN 'Inactive'\n        WHEN TotalViews > 10000 THEN 'Highly Active'\n        ELSE 'Moderately Active'\n    END AS ViewActivity,\n    CONCAT('User: ', DisplayName, ', Reputation Level: ', \n        CASE \n            WHEN Reputation < 500 THEN 'Low'\n            WHEN Reputation BETWEEN 500 AND 1000 THEN 'Medium'\n            ELSE 'High'\n        END) AS Remark\nFROM FinalReport\nWHERE ActivityCount > 0\nORDER BY Reputation DESC, ActivityCount DESC\nLIMIT 50;\n",
    "blocked_thread_time": 0.0,
    "cpu_time": 1170.7240860710097,
    "extra_info": {},
    "cumulative_cardinality": 16015729573,
    "cumulative_rows_scanned": 41031823,
    "result_set_size": 7600,
    "latency": 1269.815279097,
    "children": [
        {
            "operator_name": "STREAMING_LIMIT",
            "cpu_time": 1170.7240860710097,
            "extra_info": {},
            "cumulative_cardinality": 16015729573,
            "operator_type": "STREAMING_LIMIT",
            "operator_cardinality": 50,
            "cumulative_rows_scanned": 41031823,
            "operator_rows_scanned": 0,
            "operator_timing": 0.000001483,
            "result_set_size": 7600,
            "children": [
                {
                    "operator_name": "PROJECTION",
                    "cpu_time": 1170.7240845880096,
                    "extra_info": {
                        "Projections": [
                            "#0",
                            "#1",
                            "#2",
                            "#3",
                            "#4",
                            "#5",
                            "#6",
                            "#7",
                            "#8",
                            "#9",
                            "__internal_decompress_string(#10)",
                            "#11",
                            "#12"
                        ],
                        "Estimated Cardinality": "252142"
                    },
                    "cumulative_cardinality": 16015729523,
                    "operator_type": "PROJECTION",
                    "operator_cardinality": 4096,
                    "cumulative_rows_scanned": 41031823,
                    "operator_rows_scanned": 0,
                    "operator_timing": 0.000045475,
                    "result_set_size": 622592,
                    "children": [
                        {
                            "operator_name": "ORDER_BY",
                            "cpu_time": 1170.7240391130097,
                            "extra_info": {
                                "Order By": [
                                    "FinalReport.Reputation DESC",
                                    "FinalReport.ActivityCount DESC"
                                ]
                            },
                            "cumulative_cardinality": 16015725427,
                            "operator_type": "ORDER_BY",
                            "operator_cardinality": 4096,
                            "cumulative_rows_scanned": 41031823,
                            "operator_rows_scanned": 0,
                            "operator_timing": 0.04229033499999999,
                            "result_set_size": 622592,
                            "children": [
                                {
                                    "operator_name": "PROJECTION",
                                    "cpu_time": 1170.6817487780097,
                                    "extra_info": {
                                        "Projections": [
                                            "#0",
                                            "#1",
                                            "#2",
                                            "#3",
                                            "#4",
                                            "#5",
                                            "#6",
                                            "#7",
                                            "#8",
                                            "#9",
                                            "__internal_compress_string_hugeint(#10)",
                                            "#11",
                                            "#12"
                                        ],
                                        "Estimated Cardinality": "252142"
                                    },
                                    "cumulative_cardinality": 16015721331,
                                    "operator_type": "PROJECTION",
                                    "operator_cardinality": 378227,
                                    "cumulative_rows_scanned": 41031823,
                                    "operator_rows_scanned": 0,
                                    "operator_timing": 0.0005346320000000006,
                                    "result_set_size": 57490504,
                                    "children": [
                                        {
                                            "operator_name": "PROJECTION",
                                            "cpu_time": 1170.6812141460098,
                                            "extra_info": {
                                                "Projections": [
                                                    "UserId",
                                                    "displayname",
                                                    "reputation",
                                                    "UpVotes",
                                                    "DownVotes",
                                                    "PostCount",
                                                    "CommentCount",
                                                    "BadgeCount",
                                                    "TotalViews",
                                                    "ActivityCount",
                                                    "UserLevel",
                                                    "ViewActivity",
                                                    "Remark"
                                                ],
                                                "Estimated Cardinality": "252142"
                                            },
                                            "cumulative_cardinality": 16015343104,
                                            "operator_type": "PROJECTION",
                                            "operator_cardinality": 378227,
                                            "cumulative_rows_scanned": 41031823,
                                            "operator_rows_scanned": 0,
                                            "operator_timing": 0.02974380100000001,
                                            "result_set_size": 57490504,
                                            "children": [
                                                {
                                                    "operator_name": "PROJECTION",
                                                    "cpu_time": 1170.6514703450098,
                                                    "extra_info": {
                                                        "Projections": [
                                                            "UserId",
                                                            "displayname",
                                                            "reputation",
                                                            "UpVotes",
                                                            "DownVotes",
                                                            "PostCount",
                                                            "CommentCount",
                                                            "BadgeCount",
                                                            "TotalViews",
                                                            "ActivityCount"
                                                        ],
                                                        "Estimated Cardinality": "252142"
                                                    },
                                                    "cumulative_cardinality": 16014964877,
                                                    "operator_type": "PROJECTION",
                                                    "operator_cardinality": 378227,
                                                    "cumulative_rows_scanned": 41031823,
                                                    "operator_rows_scanned": 0,
                                                    "operator_timing": 0.004941663999999997,
                                                    "result_set_size": 39335608,
                                                    "children": [
                                                        {
                                                            "operator_name": "HASH_JOIN",
                                                            "cpu_time": 1170.6465286810098,
                                                            "extra_info": {
                                                                "Join Type": "INNER",
                                                                "Conditions": "UserId = UserId",
                                                                "Estimated Cardinality": "252142"
                                                            },
                                                            "cumulative_cardinality": 16014586650,
                                                            "operator_type": "HASH_JOIN",
                                                            "operator_cardinality": 378227,
                                                            "cumulative_rows_scanned": 41031823,
                                                            "operator_rows_scanned": 0,
                                                            "operator_timing": 0.06466363999999995,
                                                            "result_set_size": 39335608,
                                                            "children": [
                                                                {
                                                                    "operator_name": "PROJECTION",
                                                                    "cpu_time": 1169.11405928901,
                                                                    "extra_info": {
                                                                        "Projections": [
                                                                            "#0",
                                                                            "#1",
                                                                            "#2",
                                                                            "#3",
                                                                            "#4",
                                                                            "#5",
                                                                            "#6",
                                                                            "#7",
                                                                            "#8"
                                                                        ],
                                                                        "Estimated Cardinality": "1260710"
                                                                    },
                                                                    "cumulative_cardinality": 15957849885,
                                                                    "operator_type": "PROJECTION",
                                                                    "operator_cardinality": 1260679,
                                                                    "cumulative_rows_scanned": 27418465,
                                                                    "operator_rows_scanned": 0,
                                                                    "operator_timing": 0.00035102499999999933,
                                                                    "result_set_size": 121025184,
                                                                    "children": [
                                                                        {
                                                                            "operator_name": "FILTER",
                                                                            "cpu_time": 1169.1137082640098,
                                                                            "extra_info": {
                                                                                "Expression": "(UserId <= 1416539)",
                                                                                "Estimated Cardinality": "1260710"
                                                                            },
                                                                            "cumulative_cardinality": 15956589206,
                                                                            "operator_type": "FILTER",
                                                                            "operator_cardinality": 1260679,
                                                                            "cumulative_rows_scanned": 27418465,
                                                                            "operator_rows_scanned": 0,
                                                                            "operator_timing": 0.0017950869999999982,
                                                                            "result_set_size": 131110616,
                                                                            "children": [
                                                                                {
                                                                                    "operator_name": "PROJECTION",
                                                                                    "cpu_time": 1169.11191317701,
                                                                                    "extra_info": {
                                                                                        "Projections": [
                                                                                            "#0",
                                                                                            "#1",
                                                                                            "#2",
                                                                                            "#3",
                                                                                            "#4",
                                                                                            "#5",
                                                                                            "#6",
                                                                                            "#7",
                                                                                            "#8",
                                                                                            "#9"
                                                                                        ],
                                                                                        "Estimated Cardinality": "1260710"
                                                                                    },
                                                                                    "cumulative_cardinality": 15955328527,
                                                                                    "operator_type": "PROJECTION",
                                                                                    "operator_cardinality": 1260710,
                                                                                    "cumulative_rows_scanned": 27418465,
                                                                                    "operator_rows_scanned": 0,
                                                                                    "operator_timing": 0.00041702800000000076,
                                                                                    "result_set_size": 131113840,
                                                                                    "children": [
                                                                                        {
                                                                                            "operator_name": "WINDOW",
                                                                                            "cpu_time": 1169.11149614901,
                                                                                            "extra_info": {
                                                                                                "Projections": "ROW_NUMBER() OVER (ORDER BY reputation DESC NULLS LAST)"
                                                                                            },
                                                                                            "cumulative_cardinality": 15954067817,
                                                                                            "operator_type": "WINDOW",
                                                                                            "operator_cardinality": 1260710,
                                                                                            "cumulative_rows_scanned": 27418465,
                                                                                            "operator_rows_scanned": 0,
                                                                                            "operator_timing": 0.11515322299999994,
                                                                                            "result_set_size": 131113840,
                                                                                            "children": [
                                                                                                {
                                                                                                    "operator_name": "PROJECTION",
                                                                                                    "cpu_time": 1168.99634292601,
                                                                                                    "extra_info": {
                                                                                                        "Projections": [
                                                                                                            "UserId",
                                                                                                            "displayname",
                                                                                                            "reputation",
                                                                                                            "UpVotes",
                                                                                                            "DownVotes",
                                                                                                            "PostCount",
                                                                                                            "CommentCount",
                                                                                                            "BadgeCount",
                                                                                                            "TotalViews"
                                                                                                        ],
                                                                                                        "Estimated Cardinality": "1260710"
                                                                                                    },
                                                                                                    "cumulative_cardinality": 15952807107,
                                                                                                    "operator_type": "PROJECTION",
                                                                                                    "operator_cardinality": 1260710,
                                                                                                    "cumulative_rows_scanned": 27418465,
                                                                                                    "operator_rows_scanned": 0,
                                                                                                    "operator_timing": 0.026195348999999982,
                                                                                                    "result_set_size": 121028160,
                                                                                                    "children": [
                                                                                                        {
                                                                                                            "operator_name": "HASH_GROUP_BY",
                                                                                                            "cpu_time": 1168.9701475770098,
                                                                                                            "extra_info": {
                                                                                                                "Groups": [
                                                                                                                    "#0",
                                                                                                                    "#1",
                                                                                                                    "#2"
                                                                                                                ],
                                                                                                                "Aggregates": [
                                                                                                                    "sum(#3)",
                                                                                                                    "sum(#4)",
                                                                                                                    "count(DISTINCT #5)",
                                                                                                                    "count(DISTINCT #6)",
                                                                                                                    "count(DISTINCT #7)",
                                                                                                                    "sum(#8)"
                                                                                                                ],
                                                                                                                "Estimated Cardinality": "1260710"
                                                                                                            },
                                                                                                            "cumulative_cardinality": 15951546397,
                                                                                                            "operator_type": "HASH_GROUP_BY",
                                                                                                            "operator_cardinality": 1260710,
                                                                                                            "cumulative_rows_scanned": 27418465,
                                                                                                            "operator_rows_scanned": 0,
                                                                                                            "operator_timing": 1029.3255329640024,
                                                                                                            "result_set_size": 121028160,
                                                                                                            "children": [
                                                                                                                {
                                                                                                                    "operator_name": "PROJECTION",
                                                                                                                    "cpu_time": 139.6446146130074,
                                                                                                                    "extra_info": {
                                                                                                                        "Projections": [
                                                                                                                            "id",
                                                                                                                            "displayname",
                                                                                                                            "reputation",
                                                                                                                            "CASE  WHEN ((votetypeid = 2)) THEN (1) ELSE 0 END",
                                                                                                                            "CASE  WHEN ((votetypeid = 3)) THEN (1) ELSE 0 END",
                                                                                                                            "id",
                                                                                                                            "id",
                                                                                                                            "id",
                                                                                                                            "viewcount"
                                                                                                                        ],
                                                                                                                        "Estimated Cardinality": "12744093"
                                                                                                                    },
                                                                                                                    "cumulative_cardinality": 15950285687,
                                                                                                                    "operator_type": "PROJECTION",
                                                                                                                    "operator_cardinality": 7913690343,
                                                                                                                    "cumulative_rows_scanned": 27418465,
                                                                                                                    "operator_rows_scanned": 0,
                                                                                                                    "operator_timing": 43.669091663991786,
                                                                                                                    "result_set_size": 379857136464,
                                                                                                                    "children": [
                                                                                                                        {
                                                                                                                            "operator_name": "HASH_JOIN",
                                                                                                                            "cpu_time": 95.97552294901561,
                                                                                                                            "extra_info": {
                                                                                                                                "Join Type": "LEFT",
                                                                                                                                "Conditions": "id = userid",
                                                                                                                                "Estimated Cardinality": "12744093"
                                                                                                                            },
                                                                                                                            "cumulative_cardinality": 8036595344,
                                                                                                                            "operator_type": "HASH_JOIN",
                                                                                                                            "operator_cardinality": 7913690343,
                                                                                                                            "cumulative_rows_scanned": 27418465,
                                                                                                                            "operator_rows_scanned": 0,
                                                                                                                            "operator_timing": 90.17641928401562,
                                                                                                                            "result_set_size": 332374994406,
                                                                                                                            "children": [
                                                                                                                                {
                                                                                                                                    "operator_name": "PROJECTION",
                                                                                                                                    "cpu_time": 5.761645097999989,
                                                                                                                                    "extra_info": {
                                                                                                                                        "Projections": [
                                                                                                                                            "#0",
                                                                                                                                            "#1",
                                                                                                                                            "#2",
                                                                                                                                            "#3",
                                                                                                                                            "#4",
                                                                                                                                            "#5",
                                                                                                                                            "__internal_decompress_integral_smallint(#6, 1)"
                                                                                                                                        ],
                                                                                                                                        "Estimated Cardinality": "12744093"
                                                                                                                                    },
                                                                                                                                    "cumulative_cardinality": 120583277,
                                                                                                                                    "operator_type": "PROJECTION",
                                                                                                                                    "operator_cardinality": 34453569,
                                                                                                                                    "cumulative_rows_scanned": 25096741,
                                                                                                                                    "operator_rows_scanned": 0,
                                                                                                                                    "operator_timing": 0.0338504779999996,
                                                                                                                                    "result_set_size": 1309235622,
                                                                                                                                    "children": [
                                                                                                                                        {
                                                                                                                                            "operator_name": "HASH_JOIN",
                                                                                                                                            "cpu_time": 5.727794619999989,
                                                                                                                                            "extra_info": {
                                                                                                                                                "Join Type": "LEFT",
                                                                                                                                                "Conditions": "id = postid",
                                                                                                                                                "Estimated Cardinality": "12744093"
                                                                                                                                            },
                                                                                                                                            "cumulative_cardinality": 86129708,
                                                                                                                                            "operator_type": "HASH_JOIN",
                                                                                                                                            "operator_cardinality": 34453569,
                                                                                                                                            "cumulative_rows_scanned": 25096741,
                                                                                                                                            "operator_rows_scanned": 0,
                                                                                                                                            "operator_timing": 1.4929323689999965,
                                                                                                                                            "result_set_size": 1274782053,
                                                                                                                                            "children": [
                                                                                                                                                {
                                                                                                                                                    "operator_name": "HASH_JOIN",
                                                                                                                                                    "cpu_time": 2.252866991999998,
                                                                                                                                                    "extra_info": {
                                                                                                                                                        "Join Type": "RIGHT",
                                                                                                                                                        "Conditions": "postid = id",
                                                                                                                                                        "Estimated Cardinality": "7241822"
                                                                                                                                                    },
                                                                                                                                                    "cumulative_cardinality": 26187953,
                                                                                                                                                    "operator_type": "HASH_JOIN",
                                                                                                                                                    "operator_cardinality": 9425510,
                                                                                                                                                    "cumulative_rows_scanned": 12352648,
                                                                                                                                                    "operator_rows_scanned": 0,
                                                                                                                                                    "operator_timing": 1.2704740999999988,
                                                                                                                                                    "result_set_size": 339318360,
                                                                                                                                                    "children": [
                                                                                                                                                        {
                                                                                                                                                            "operator_name": "READ_PARQUET ",
                                                                                                                                                            "cpu_time": 0.1814389539999997,
                                                                                                                                                            "extra_info": {
                                                                                                                                                                "Function": "READ_PARQUET",
                                                                                                                                                                "Projections": [
                                                                                                                                                                    "id",
                                                                                                                                                                    "postid"
                                                                                                                                                                ],
                                                                                                                                                                "Estimated Cardinality": "7241822"
                                                                                                                                                            },
                                                                                                                                                            "cumulative_cardinality": 7241822,
                                                                                                                                                            "operator_type": "TABLE_SCAN",
                                                                                                                                                            "operator_cardinality": 7241822,
                                                                                                                                                            "cumulative_rows_scanned": 7241822,
                                                                                                                                                            "operator_rows_scanned": 7241822,
                                                                                                                                                            "operator_timing": 0.1814389539999997,
                                                                                                                                                            "result_set_size": 57934576,
                                                                                                                                                            "children": []
                                                                                                                                                        },
                                                                                                                                                        {
                                                                                                                                                            "operator_name": "HASH_JOIN",
                                                                                                                                                            "cpu_time": 0.8009539379999997,
                                                                                                                                                            "extra_info": {
                                                                                                                                                                "Join Type": "RIGHT",
                                                                                                                                                                "Conditions": "owneruserid = id",
                                                                                                                                                                "Estimated Cardinality": "3850116"
                                                                                                                                                            },
                                                                                                                                                            "cumulative_cardinality": 9520621,
                                                                                                                                                            "operator_type": "HASH_JOIN",
                                                                                                                                                            "operator_cardinality": 4574495,
                                                                                                                                                            "cumulative_rows_scanned": 5110826,
                                                                                                                                                            "operator_rows_scanned": 0,
                                                                                                                                                            "operator_timing": 0.43637013099999994,
                                                                                                                                                            "result_set_size": 146383840,
                                                                                                                                                            "children": [
                                                                                                                                                                {
                                                                                                                                                                    "operator_name": "READ_PARQUET ",
                                                                                                                                                                    "cpu_time": 0.20187330799999992,
                                                                                                                                                                    "extra_info": {
                                                                                                                                                                        "Function": "READ_PARQUET",
                                                                                                                                                                        "Projections": [
                                                                                                                                                                            "id",
                                                                                                                                                                            "viewcount",
                                                                                                                                                                            "owneruserid"
                                                                                                                                                                        ],
                                                                                                                                                                        "Estimated Cardinality": "3850116"
                                                                                                                                                                    },
                                                                                                                                                                    "cumulative_cardinality": 3685416,
                                                                                                                                                                    "operator_type": "TABLE_SCAN",
                                                                                                                                                                    "operator_cardinality": 3685416,
                                                                                                                                                                    "cumulative_rows_scanned": 3850116,
                                                                                                                                                                    "operator_rows_scanned": 3850116,
                                                                                                                                                                    "operator_timing": 0.20187330799999992,
                                                                                                                                                                    "result_set_size": 44224992,
                                                                                                                                                                    "children": []
                                                                                                                                                                },
                                                                                                                                                                {
                                                                                                                                                                    "operator_name": "READ_PARQUET ",
                                                                                                                                                                    "cpu_time": 0.1627104989999999,
                                                                                                                                                                    "extra_info": {
                                                                                                                                                                        "Function": "READ_PARQUET",
                                                                                                                                                                        "Projections": [
                                                                                                                                                                            "id",
                                                                                                                                                                            "reputation",
                                                                                                                                                                            "displayname"
                                                                                                                                                                        ],
                                                                                                                                                                        "Estimated Cardinality": "1260710"
                                                                                                                                                                    },
                                                                                                                                                                    "cumulative_cardinality": 1260710,
                                                                                                                                                                    "operator_type": "TABLE_SCAN",
                                                                                                                                                                    "operator_cardinality": 1260710,
                                                                                                                                                                    "cumulative_rows_scanned": 1260710,
                                                                                                                                                                    "operator_rows_scanned": 1260710,
                                                                                                                                                                    "operator_timing": 0.1627104989999999,
                                                                                                                                                                    "result_set_size": 30257040,
                                                                                                                                                                    "children": []
                                                                                                                                                                }
                                                                                                                                                            ]
                                                                                                                                                        }
                                                                                                                                                    ]
                                                                                                                                                },
                                                                                                                                                {
                                                                                                                                                    "operator_name": "PROJECTION",
                                                                                                                                                    "cpu_time": 1.981995258999995,
                                                                                                                                                    "extra_info": {
                                                                                                                                                        "Projections": [
                                                                                                                                                            "#0",
                                                                                                                                                            "__internal_compress_integral_utinyint(#1, 1)"
                                                                                                                                                        ],
                                                                                                                                                        "Estimated Cardinality": "12744093"
                                                                                                                                                    },
                                                                                                                                                    "cumulative_cardinality": 25488186,
                                                                                                                                                    "operator_type": "PROJECTION",
                                                                                                                                                    "operator_cardinality": 12744093,
                                                                                                                                                    "cumulative_rows_scanned": 12744093,
                                                                                                                                                    "operator_rows_scanned": 0,
                                                                                                                                                    "operator_timing": 0.006520070000000033,
                                                                                                                                                    "result_set_size": 63720465,
                                                                                                                                                    "children": [
                                                                                                                                                        {
                                                                                                                                                            "operator_name": "READ_PARQUET ",
                                                                                                                                                            "cpu_time": 1.9754751889999949,
                                                                                                                                                            "extra_info": {
                                                                                                                                                                "Function": "READ_PARQUET",
                                                                                                                                                                "Projections": [
                                                                                                                                                                    "postid",
                                                                                                                                                                    "votetypeid"
                                                                                                                                                                ],
                                                                                                                                                                "Estimated Cardinality": "12744093"
                                                                                                                                                            },
                                                                                                                                                            "cumulative_cardinality": 12744093,
                                                                                                                                                            "operator_type": "TABLE_SCAN",
                                                                                                                                                            "operator_cardinality": 12744093,
                                                                                                                                                            "cumulative_rows_scanned": 12744093,
                                                                                                                                                            "operator_rows_scanned": 12744093,
                                                                                                                                                            "operator_timing": 1.9754751889999949,
                                                                                                                                                            "result_set_size": 76464558,
                                                                                                                                                            "children": []
                                                                                                                                                        }
                                                                                                                                                    ]
                                                                                                                                                }
                                                                                                                                            ]
                                                                                                                                        }
                                                                                                                                    ]
                                                                                                                                },
                                                                                                                                {
                                                                                                                                    "operator_name": "READ_PARQUET ",
                                                                                                                                    "cpu_time": 0.03745856699999997,
                                                                                                                                    "extra_info": {
                                                                                                                                        "Function": "READ_PARQUET",
                                                                                                                                        "Projections": [
                                                                                                                                            "id",
                                                                                                                                            "userid"
                                                                                                                                        ],
                                                                                                                                        "Estimated Cardinality": "2321724"
                                                                                                                                    },
                                                                                                                                    "cumulative_cardinality": 2321724,
                                                                                                                                    "operator_type": "TABLE_SCAN",
                                                                                                                                    "operator_cardinality": 2321724,
                                                                                                                                    "cumulative_rows_scanned": 2321724,
                                                                                                                                    "operator_rows_scanned": 2321724,
                                                                                                                                    "operator_timing": 0.03745856699999997,
                                                                                                                                    "result_set_size": 18573792,
                                                                                                                                    "children": []
                                                                                                                                }
                                                                                                                            ]
                                                                                                                        }
                                                                                                                    ]
                                                                                                                }
                                                                                                            ]
                                                                                                        }
                                                                                                    ]
                                                                                                }
                                                                                            ]
                                                                                        }
                                                                                    ]
                                                                                }
                                                                            ]
                                                                        }
                                                                    ]
                                                                },
                                                                {
                                                                    "operator_name": "FILTER",
                                                                    "cpu_time": 1.4678057520000014,
                                                                    "extra_info": {
                                                                        "Expression": "(COALESCE(ActivityCount, 0) > 0)",
                                                                        "Estimated Cardinality": "252142"
                                                                    },
                                                                    "cumulative_cardinality": 56358538,
                                                                    "operator_type": "FILTER",
                                                                    "operator_cardinality": 378227,
                                                                    "cumulative_rows_scanned": 13613358,
                                                                    "operator_rows_scanned": 0,
                                                                    "operator_timing": 0.005513816,
                                                                    "result_set_size": 4538724,
                                                                    "children": [
                                                                        {
                                                                            "operator_name": "HASH_GROUP_BY",
                                                                            "cpu_time": 1.4622919360000015,
                                                                            "extra_info": {
                                                                                "Groups": "#0",
                                                                                "Aggregates": "count_star()",
                                                                                "Estimated Cardinality": "1260710"
                                                                            },
                                                                            "cumulative_cardinality": 55980311,
                                                                            "operator_type": "HASH_GROUP_BY",
                                                                            "operator_cardinality": 378227,
                                                                            "cumulative_rows_scanned": 13613358,
                                                                            "operator_rows_scanned": 0,
                                                                            "operator_timing": 0.3705702479999996,
                                                                            "result_set_size": 4538724,
                                                                            "children": [
                                                                                {
                                                                                    "operator_name": "PROJECTION",
                                                                                    "cpu_time": 1.091721688000002,
                                                                                    "extra_info": {
                                                                                        "Projections": "UserId",
                                                                                        "Estimated Cardinality": "11091938"
                                                                                    },
                                                                                    "cumulative_cardinality": 55602084,
                                                                                    "operator_type": "PROJECTION",
                                                                                    "operator_cardinality": 10616157,
                                                                                    "cumulative_rows_scanned": 13613358,
                                                                                    "operator_rows_scanned": 0,
                                                                                    "operator_timing": 0.0017833869999999883,
                                                                                    "result_set_size": 42464628,
                                                                                    "children": [
                                                                                        {
                                                                                            "operator_name": "UNION",
                                                                                            "cpu_time": 1.089938301000002,
                                                                                            "extra_info": {},
                                                                                            "cumulative_cardinality": 44985927,
                                                                                            "operator_type": "UNION",
                                                                                            "operator_cardinality": 10616157,
                                                                                            "cumulative_rows_scanned": 13613358,
                                                                                            "operator_rows_scanned": 0,
                                                                                            "operator_timing": 0.0,
                                                                                            "result_set_size": 0,
                                                                                            "children": [
                                                                                                {
                                                                                                    "operator_name": "PROJECTION",
                                                                                                    "cpu_time": 0.43488321100000027,
                                                                                                    "extra_info": {
                                                                                                        "Projections": "UserId",
                                                                                                        "Estimated Cardinality": "3850116"
                                                                                                    },
                                                                                                    "cumulative_cardinality": 12316927,
                                                                                                    "operator_type": "PROJECTION",
                                                                                                    "operator_cardinality": 3685416,
                                                                                                    "cumulative_rows_scanned": 5110826,
                                                                                                    "operator_rows_scanned": 0,
                                                                                                    "operator_timing": 0.0007358150000000007,
                                                                                                    "result_set_size": 14741664,
                                                                                                    "children": [
                                                                                                        {
                                                                                                            "operator_name": "HASH_JOIN",
                                                                                                            "cpu_time": 0.4341473960000003,
                                                                                                            "extra_info": {
                                                                                                                "Join Type": "INNER",
                                                                                                                "Conditions": "owneruserid = id",
                                                                                                                "Estimated Cardinality": "3850116"
                                                                                                            },
                                                                                                            "cumulative_cardinality": 8631511,
                                                                                                            "operator_type": "HASH_JOIN",
                                                                                                            "operator_cardinality": 3685416,
                                                                                                            "cumulative_rows_scanned": 5110826,
                                                                                                            "operator_rows_scanned": 0,
                                                                                                            "operator_timing": 0.27705433300000043,
                                                                                                            "result_set_size": 29483328,
                                                                                                            "children": [
                                                                                                                {
                                                                                                                    "operator_name": "READ_PARQUET ",
                                                                                                                    "cpu_time": 0.13701340199999984,
                                                                                                                    "extra_info": {
                                                                                                                        "Function": "READ_PARQUET",
                                                                                                                        "Projections": "owneruserid",
                                                                                                                        "Estimated Cardinality": "3850116"
                                                                                                                    },
                                                                                                                    "cumulative_cardinality": 3685416,
                                                                                                                    "operator_type": "TABLE_SCAN",
                                                                                                                    "operator_cardinality": 3685416,
                                                                                                                    "cumulative_rows_scanned": 3850116,
                                                                                                                    "operator_rows_scanned": 3850116,
                                                                                                                    "operator_timing": 0.13701340199999984,
                                                                                                                    "result_set_size": 14741664,
                                                                                                                    "children": []
                                                                                                                },
                                                                                                                {
                                                                                                                    "operator_name": "READ_PARQUET ",
                                                                                                                    "cpu_time": 0.02007966100000001,
                                                                                                                    "extra_info": {
                                                                                                                        "Function": "READ_PARQUET",
                                                                                                                        "Projections": "id",
                                                                                                                        "Filters": "id<=1416539",
                                                                                                                        "Estimated Cardinality": "1260710"
                                                                                                                    },
                                                                                                                    "cumulative_cardinality": 1260679,
                                                                                                                    "operator_type": "TABLE_SCAN",
                                                                                                                    "operator_cardinality": 1260679,
                                                                                                                    "cumulative_rows_scanned": 1260710,
                                                                                                                    "operator_rows_scanned": 1260710,
                                                                                                                    "operator_timing": 0.02007966100000001,
                                                                                                                    "result_set_size": 5042716,
                                                                                                                    "children": []
                                                                                                                }
                                                                                                            ]
                                                                                                        }
                                                                                                    ]
                                                                                                },
                                                                                                {
                                                                                                    "operator_name": "PROJECTION",
                                                                                                    "cpu_time": 0.6550550900000018,
                                                                                                    "extra_info": {
                                                                                                        "Projections": "UserId",
                                                                                                        "Estimated Cardinality": "7241822"
                                                                                                    },
                                                                                                    "cumulative_cardinality": 22052843,
                                                                                                    "operator_type": "PROJECTION",
                                                                                                    "operator_cardinality": 6930741,
                                                                                                    "cumulative_rows_scanned": 8502532,
                                                                                                    "operator_rows_scanned": 0,
                                                                                                    "operator_timing": 0.0012503620000000025,
                                                                                                    "result_set_size": 27722964,
                                                                                                    "children": [
                                                                                                        {
                                                                                                            "operator_name": "HASH_JOIN",
                                                                                                            "cpu_time": 0.6538047280000019,
                                                                                                            "extra_info": {
                                                                                                                "Join Type": "INNER",
                                                                                                                "Conditions": "userid = id",
                                                                                                                "Estimated Cardinality": "7241822"
                                                                                                            },
                                                                                                            "cumulative_cardinality": 15122102,
                                                                                                            "operator_type": "HASH_JOIN",
                                                                                                            "operator_cardinality": 6930741,
                                                                                                            "cumulative_rows_scanned": 8502532,
                                                                                                            "operator_rows_scanned": 0,
                                                                                                            "operator_timing": 0.4067433650000009,
                                                                                                            "result_set_size": 55445928,
                                                                                                            "children": [
                                                                                                                {
                                                                                                                    "operator_name": "READ_PARQUET ",
                                                                                                                    "cpu_time": 0.22720282900000097,
                                                                                                                    "extra_info": {
                                                                                                                        "Function": "READ_PARQUET",
                                                                                                                        "Projections": "userid",
                                                                                                                        "Estimated Cardinality": "7241822"
                                                                                                                    },
                                                                                                                    "cumulative_cardinality": 6930741,
                                                                                                                    "operator_type": "TABLE_SCAN",
                                                                                                                    "operator_cardinality": 6930741,
                                                                                                                    "cumulative_rows_scanned": 7241822,
                                                                                                                    "operator_rows_scanned": 7241822,
                                                                                                                    "operator_timing": 0.22720282900000097,
                                                                                                                    "result_set_size": 27722964,
                                                                                                                    "children": []
                                                                                                                },
                                                                                                                {
                                                                                                                    "operator_name": "READ_PARQUET ",
                                                                                                                    "cpu_time": 0.019858533999999983,
                                                                                                                    "extra_info": {
                                                                                                                        "Function": "READ_PARQUET",
                                                                                                                        "Projections": "id",
                                                                                                                        "Filters": "id<=1416480",
                                                                                                                        "Estimated Cardinality": "1260710"
                                                                                                                    },
                                                                                                                    "cumulative_cardinality": 1260620,
                                                                                                                    "operator_type": "TABLE_SCAN",
                                                                                                                    "operator_cardinality": 1260620,
                                                                                                                    "cumulative_rows_scanned": 1260710,
                                                                                                                    "operator_rows_scanned": 1260710,
                                                                                                                    "operator_timing": 0.019858533999999983,
                                                                                                                    "result_set_size": 5042480,
                                                                                                                    "children": []
                                                                                                                }
                                                                                                            ]
                                                                                                        }
                                                                                                    ]
                                                                                                }
                                                                                            ]
                                                                                        }
                                                                                    ]
                                                                                }
                                                                            ]
                                                                        }
                                                                    ]
                                                                }
                                                            ]
                                                        }
                                                    ]
                                                }
                                            ]
                                        }
                                    ]
                                }
                            ]
                        }
                    ]
                }
            ]
        }
    ]
}