{
    "rows_returned": 54440,
    "query_name": "WITH UserScores AS (\n    SELECT \n        U.Id AS UserId,\n        U.DisplayName,\n        U.Reputation,\n        COALESCE(SUM(CASE WHEN V.VoteTypeId = 2 THEN 1 ELSE 0 END), 0) AS Upvotes,\n        COALESCE(SUM(CASE WHEN V.VoteTypeId = 3 THEN 1 ELSE 0 END), 0) AS Downvotes,\n        COUNT(DISTINCT P.Id) AS PostsCount,\n        RANK() OVER (ORDER BY U.Reputation DESC) AS UserRank\n    FROM \n        Users U\n    LEFT JOIN \n        Votes V ON V.UserId = U.Id\n    LEFT JOIN \n        Posts P ON P.OwnerUserId = U.Id\n    GROUP BY \n        U.Id, U.DisplayName, U.Reputation\n),\nQualifiedUsers AS (\n    SELECT \n        Us.UserId,\n        Us.DisplayName,\n        Us.Reputation,\n        Us.PostsCount,\n        Us.Upvotes,\n        Us.Downvotes,\n        CASE \n            WHEN Us.Reputation > 5000 THEN 'Master'\n            WHEN Us.Reputation BETWEEN 1000 AND 5000 THEN 'Skilled'\n            ELSE 'Novice'\n        END AS ExpertiseLevel\n    FROM \n        UserScores Us\n    WHERE \n        Us.PostsCount > 10\n),\nPopularPosts AS (\n    SELECT \n        P.Id AS PostId,\n        P.Title,\n        P.ViewCount,\n        P.Score,\n        P.AcceptedAnswerId\n    FROM \n        Posts P\n    WHERE \n        P.ViewCount > (\n            SELECT \n                AVG(ViewCount)\n            FROM \n                Posts\n        )\n    ORDER BY \n        P.ViewCount DESC\n    LIMIT 5\n),\nPostComments AS (\n    SELECT \n        C.PostId,\n        COUNT(C.Id) AS CommentCount,\n        MAX(C.CreationDate) AS LastCommentDate\n    FROM \n        Comments C\n    GROUP BY \n        C.PostId\n)\nSELECT \n    Pu.UserId,\n    Pu.DisplayName,\n    Pu.ExpertiseLevel,\n    Po.PostId,\n    Po.Title,\n    Po.ViewCount,\n    Po.Score,\n    COALESCE(PC.CommentCount, 0) AS CommentCount,\n    CASE \n        WHEN Po.AcceptedAnswerId IS NULL THEN 'Not Accepted'\n        ELSE 'Accepted'\n    END AS AnswerStatus,\n    CASE \n        WHEN PC.LastCommentDate < cast('2024-10-01 12:34:56' as timestamp) - INTERVAL '30 days' THEN 'Inactive Discussion'\n        ELSE 'Active Discussion'\n    END AS DiscussionStatus\nFROM \n    QualifiedUsers Pu\nCROSS JOIN \n    PopularPosts Po\nLEFT JOIN \n    PostComments PC ON Po.PostId = PC.PostId\nWHERE \n    Pu.Reputation IS NOT NULL\n    AND Pu.ExpertiseLevel != 'Novice'\nORDER BY \n    Pu.Reputation DESC, Po.ViewCount DESC;",
    "blocked_thread_time": 0.0,
    "cpu_time": 8.812154437999991,
    "extra_info": {},
    "cumulative_cardinality": 78007478,
    "cumulative_rows_scanned": 32796973,
    "result_set_size": 5661760,
    "latency": 10.099487003,
    "children": [
        {
            "operator_name": "PROJECTION",
            "cpu_time": 8.812154437999991,
            "extra_info": {
                "Projections": [
                    "#0",
                    "#1",
                    "__internal_decompress_string(#2)",
                    "#3",
                    "#4",
                    "#5",
                    "__internal_decompress_integral_integer(#6, -72)",
                    "#7",
                    "__internal_decompress_string(#8)",
                    "#9"
                ],
                "Estimated Cardinality": "3620911"
            },
            "cumulative_cardinality": 78007478,
            "operator_type": "PROJECTION",
            "operator_cardinality": 54440,
            "cumulative_rows_scanned": 32796973,
            "operator_rows_scanned": 0,
            "operator_timing": 0.0013596799999999998,
            "result_set_size": 5661760,
            "children": [
                {
                    "operator_name": "ORDER_BY",
                    "cpu_time": 8.810794757999991,
                    "extra_info": {
                        "Order By": [
                            "reputation DESC",
                            "Po.ViewCount DESC"
                        ]
                    },
                    "cumulative_cardinality": 77953038,
                    "operator_type": "ORDER_BY",
                    "operator_cardinality": 54440,
                    "cumulative_rows_scanned": 32796973,
                    "operator_rows_scanned": 0,
                    "operator_timing": 0.006881073,
                    "result_set_size": 5117360,
                    "children": [
                        {
                            "operator_name": "PROJECTION",
                            "cpu_time": 8.80391368499999,
                            "extra_info": {
                                "Projections": [
                                    "#0",
                                    "#1",
                                    "__internal_compress_string_ubigint(#2)",
                                    "#3",
                                    "#4",
                                    "#5",
                                    "__internal_compress_integral_usmallint(#6, -72)",
                                    "#7",
                                    "__internal_compress_string_hugeint(#8)",
                                    "#9",
                                    "#10"
                                ],
                                "Estimated Cardinality": "3620911"
                            },
                            "cumulative_cardinality": 77898598,
                            "operator_type": "PROJECTION",
                            "operator_cardinality": 54440,
                            "cumulative_rows_scanned": 32796973,
                            "operator_rows_scanned": 0,
                            "operator_timing": 0.0007991329999999998,
                            "result_set_size": 5335120,
                            "children": [
                                {
                                    "operator_name": "PROJECTION",
                                    "cpu_time": 8.803114551999991,
                                    "extra_info": {
                                        "Projections": [
                                            "UserId",
                                            "displayname",
                                            "ExpertiseLevel",
                                            "PostId",
                                            "title",
                                            "viewcount",
                                            "score",
                                            "CommentCount",
                                            "AnswerStatus",
                                            "DiscussionStatus",
                                            "reputation"
                                        ],
                                        "Estimated Cardinality": "3620911"
                                    },
                                    "cumulative_cardinality": 77844158,
                                    "operator_type": "PROJECTION",
                                    "operator_cardinality": 54440,
                                    "cumulative_rows_scanned": 32796973,
                                    "operator_rows_scanned": 0,
                                    "operator_timing": 0.0009665740000000002,
                                    "result_set_size": 5879520,
                                    "children": [
                                        {
                                            "operator_name": "HASH_JOIN",
                                            "cpu_time": 8.802147977999992,
                                            "extra_info": {
                                                "Join Type": "RIGHT",
                                                "Conditions": "postid = PostId",
                                                "Estimated Cardinality": "3620911"
                                            },
                                            "cumulative_cardinality": 77789718,
                                            "operator_type": "HASH_JOIN",
                                            "operator_cardinality": 54440,
                                            "cumulative_rows_scanned": 32796973,
                                            "operator_rows_scanned": 0,
                                            "operator_timing": 0.02098590600000001,
                                            "result_set_size": 4790720,
                                            "children": [
                                                {
                                                    "operator_name": "HASH_GROUP_BY",
                                                    "cpu_time": 3.5165477450000004,
                                                    "extra_info": {
                                                        "Groups": "#0",
                                                        "Aggregates": [
                                                            "count_star()",
                                                            "max(#1)"
                                                        ],
                                                        "Estimated Cardinality": "3620911"
                                                    },
                                                    "cumulative_cardinality": 16647316,
                                                    "operator_type": "HASH_GROUP_BY",
                                                    "operator_cardinality": 2163672,
                                                    "cumulative_rows_scanned": 7241822,
                                                    "operator_rows_scanned": 0,
                                                    "operator_timing": 0.4499611799999985,
                                                    "result_set_size": 43273440,
                                                    "children": [
                                                        {
                                                            "operator_name": "PROJECTION",
                                                            "cpu_time": 3.066586565000002,
                                                            "extra_info": {
                                                                "Projections": [
                                                                    "postid",
                                                                    "creationdate"
                                                                ],
                                                                "Estimated Cardinality": "7241822"
                                                            },
                                                            "cumulative_cardinality": 14483644,
                                                            "operator_type": "PROJECTION",
                                                            "operator_cardinality": 7241822,
                                                            "cumulative_rows_scanned": 7241822,
                                                            "operator_rows_scanned": 0,
                                                            "operator_timing": 0.0007227210000000035,
                                                            "result_set_size": 86901864,
                                                            "children": [
                                                                {
                                                                    "operator_name": "READ_PARQUET ",
                                                                    "cpu_time": 3.065863844000002,
                                                                    "extra_info": {
                                                                        "Function": "READ_PARQUET",
                                                                        "Projections": [
                                                                            "id",
                                                                            "postid",
                                                                            "creationdate"
                                                                        ],
                                                                        "Estimated Cardinality": "7241822"
                                                                    },
                                                                    "cumulative_cardinality": 7241822,
                                                                    "operator_type": "TABLE_SCAN",
                                                                    "operator_cardinality": 7241822,
                                                                    "cumulative_rows_scanned": 7241822,
                                                                    "operator_rows_scanned": 7241822,
                                                                    "operator_timing": 3.065863844000002,
                                                                    "result_set_size": 115869152,
                                                                    "children": []
                                                                }
                                                            ]
                                                        }
                                                    ]
                                                },
                                                {
                                                    "operator_name": "CROSS_PRODUCT",
                                                    "cpu_time": 5.264614326999991,
                                                    "extra_info": {},
                                                    "cumulative_cardinality": 61087962,
                                                    "operator_type": "CROSS_PRODUCT",
                                                    "operator_cardinality": 54440,
                                                    "cumulative_rows_scanned": 25555151,
                                                    "operator_rows_scanned": 0,
                                                    "operator_timing": 0.000214052,
                                                    "result_set_size": 3919680,
                                                    "children": [
                                                        {
                                                            "operator_name": "PROJECTION",
                                                            "cpu_time": 4.444465158999993,
                                                            "extra_info": {
                                                                "Projections": [
                                                                    "UserId",
                                                                    "displayname",
                                                                    "reputation",
                                                                    "ExpertiseLevel"
                                                                ],
                                                                "Estimated Cardinality": "252142"
                                                            },
                                                            "cumulative_cardinality": 48688772,
                                                            "operator_type": "PROJECTION",
                                                            "operator_cardinality": 10888,
                                                            "cumulative_rows_scanned": 17854919,
                                                            "operator_rows_scanned": 0,
                                                            "operator_timing": 0.000109563,
                                                            "result_set_size": 435520,
                                                            "children": [
                                                                {
                                                                    "operator_name": "PROJECTION",
                                                                    "cpu_time": 4.444355595999993,
                                                                    "extra_info": {
                                                                        "Projections": [
                                                                            "#0",
                                                                            "#1",
                                                                            "#2"
                                                                        ],
                                                                        "Estimated Cardinality": "252142"
                                                                    },
                                                                    "cumulative_cardinality": 48677884,
                                                                    "operator_type": "PROJECTION",
                                                                    "operator_cardinality": 10888,
                                                                    "cumulative_rows_scanned": 17854919,
                                                                    "operator_rows_scanned": 0,
                                                                    "operator_timing": 0.0000034470000000000006,
                                                                    "result_set_size": 261312,
                                                                    "children": [
                                                                        {
                                                                            "operator_name": "FILTER",
                                                                            "cpu_time": 4.444352148999993,
                                                                            "extra_info": {
                                                                                "Expression": "((PostsCount > 10) AND (CASE  WHEN ((reputation > 5000)) THEN ('Master') WHEN (((reputation >= 1000) AND (reputation <= 5000))) THEN ('Skilled') ELSE 'Novice' END != 'Novice'))",
                                                                                "Estimated Cardinality": "252142"
                                                                            },
                                                                            "cumulative_cardinality": 48666996,
                                                                            "operator_type": "FILTER",
                                                                            "operator_cardinality": 10888,
                                                                            "cumulative_rows_scanned": 17854919,
                                                                            "operator_rows_scanned": 0,
                                                                            "operator_timing": 0.004080305999999998,
                                                                            "result_set_size": 435520,
                                                                            "children": [
                                                                                {
                                                                                    "operator_name": "PROJECTION",
                                                                                    "cpu_time": 4.4402718429999934,
                                                                                    "extra_info": {
                                                                                        "Projections": [
                                                                                            "#0",
                                                                                            "#1",
                                                                                            "#2",
                                                                                            "#3",
                                                                                            "#4"
                                                                                        ],
                                                                                        "Estimated Cardinality": "1260710"
                                                                                    },
                                                                                    "cumulative_cardinality": 48656108,
                                                                                    "operator_type": "PROJECTION",
                                                                                    "operator_cardinality": 1260710,
                                                                                    "cumulative_rows_scanned": 17854919,
                                                                                    "operator_rows_scanned": 0,
                                                                                    "operator_timing": 0.00019452500000000013,
                                                                                    "result_set_size": 50428400,
                                                                                    "children": [
                                                                                        {
                                                                                            "operator_name": "WINDOW",
                                                                                            "cpu_time": 4.440077317999993,
                                                                                            "extra_info": {
                                                                                                "Projections": "RANK() OVER (ORDER BY reputation DESC NULLS LAST)"
                                                                                            },
                                                                                            "cumulative_cardinality": 47395398,
                                                                                            "operator_type": "WINDOW",
                                                                                            "operator_cardinality": 1260710,
                                                                                            "cumulative_rows_scanned": 17854919,
                                                                                            "operator_rows_scanned": 0,
                                                                                            "operator_timing": 0.10732994199999996,
                                                                                            "result_set_size": 50428400,
                                                                                            "children": [
                                                                                                {
                                                                                                    "operator_name": "HASH_GROUP_BY",
                                                                                                    "cpu_time": 4.332747375999993,
                                                                                                    "extra_info": {
                                                                                                        "Groups": [
                                                                                                            "#0",
                                                                                                            "#1",
                                                                                                            "#2"
                                                                                                        ],
                                                                                                        "Aggregates": "count(DISTINCT #3)",
                                                                                                        "Estimated Cardinality": "1260710"
                                                                                                    },
                                                                                                    "cumulative_cardinality": 46134688,
                                                                                                    "operator_type": "HASH_GROUP_BY",
                                                                                                    "operator_cardinality": 1260710,
                                                                                                    "cumulative_rows_scanned": 17854919,
                                                                                                    "operator_rows_scanned": 0,
                                                                                                    "operator_timing": 1.7305991829999972,
                                                                                                    "result_set_size": 40342720,
                                                                                                    "children": [
                                                                                                        {
                                                                                                            "operator_name": "PROJECTION",
                                                                                                            "cpu_time": 2.6021481929999966,
                                                                                                            "extra_info": {
                                                                                                                "Projections": [
                                                                                                                    "id",
                                                                                                                    "displayname",
                                                                                                                    "reputation",
                                                                                                                    "id"
                                                                                                                ],
                                                                                                                "Estimated Cardinality": "12744093"
                                                                                                            },
                                                                                                            "cumulative_cardinality": 44873978,
                                                                                                            "operator_type": "PROJECTION",
                                                                                                            "operator_cardinality": 19217005,
                                                                                                            "cumulative_rows_scanned": 17854919,
                                                                                                            "operator_rows_scanned": 0,
                                                                                                            "operator_timing": 0.00396104299999998,
                                                                                                            "result_set_size": 538076140,
                                                                                                            "children": [
                                                                                                                {
                                                                                                                    "operator_name": "HASH_JOIN",
                                                                                                                    "cpu_time": 2.5981871499999967,
                                                                                                                    "extra_info": {
                                                                                                                        "Join Type": "LEFT",
                                                                                                                        "Conditions": "id = owneruserid",
                                                                                                                        "Estimated Cardinality": "12744093"
                                                                                                                    },
                                                                                                                    "cumulative_cardinality": 25656973,
                                                                                                                    "operator_type": "HASH_JOIN",
                                                                                                                    "operator_cardinality": 19217005,
                                                                                                                    "cumulative_rows_scanned": 17854919,
                                                                                                                    "operator_rows_scanned": 0,
                                                                                                                    "operator_timing": 0.5945882859999982,
                                                                                                                    "result_set_size": 538076140,
                                                                                                                    "children": [
                                                                                                                        {
                                                                                                                            "operator_name": "HASH_JOIN",
                                                                                                                            "cpu_time": 1.9554939899999988,
                                                                                                                            "extra_info": {
                                                                                                                                "Join Type": "RIGHT",
                                                                                                                                "Conditions": "userid = id",
                                                                                                                                "Estimated Cardinality": "12744093"
                                                                                                                            },
                                                                                                                            "cumulative_cardinality": 2589852,
                                                                                                                            "operator_type": "HASH_JOIN",
                                                                                                                            "operator_cardinality": 1288855,
                                                                                                                            "cumulative_rows_scanned": 14004803,
                                                                                                                            "operator_rows_scanned": 0,
                                                                                                                            "operator_timing": 0.15103336,
                                                                                                                            "result_set_size": 36087940,
                                                                                                                            "children": [
                                                                                                                                {
                                                                                                                                    "operator_name": "READ_PARQUET ",
                                                                                                                                    "cpu_time": 1.506630525999999,
                                                                                                                                    "extra_info": {
                                                                                                                                        "Function": "READ_PARQUET",
                                                                                                                                        "Projections": "userid",
                                                                                                                                        "Estimated Cardinality": "12744093"
                                                                                                                                    },
                                                                                                                                    "cumulative_cardinality": 40287,
                                                                                                                                    "operator_type": "TABLE_SCAN",
                                                                                                                                    "operator_cardinality": 40287,
                                                                                                                                    "cumulative_rows_scanned": 12744093,
                                                                                                                                    "operator_rows_scanned": 12744093,
                                                                                                                                    "operator_timing": 1.506630525999999,
                                                                                                                                    "result_set_size": 161148,
                                                                                                                                    "children": []
                                                                                                                                },
                                                                                                                                {
                                                                                                                                    "operator_name": "READ_PARQUET ",
                                                                                                                                    "cpu_time": 0.29783010399999976,
                                                                                                                                    "extra_info": {
                                                                                                                                        "Function": "READ_PARQUET",
                                                                                                                                        "Projections": [
                                                                                                                                            "id",
                                                                                                                                            "reputation",
                                                                                                                                            "displayname"
                                                                                                                                        ],
                                                                                                                                        "Estimated Cardinality": "1260710"
                                                                                                                                    },
                                                                                                                                    "cumulative_cardinality": 1260710,
                                                                                                                                    "operator_type": "TABLE_SCAN",
                                                                                                                                    "operator_cardinality": 1260710,
                                                                                                                                    "cumulative_rows_scanned": 1260710,
                                                                                                                                    "operator_rows_scanned": 1260710,
                                                                                                                                    "operator_timing": 0.29783010399999976,
                                                                                                                                    "result_set_size": 30257040,
                                                                                                                                    "children": []
                                                                                                                                }
                                                                                                                            ]
                                                                                                                        },
                                                                                                                        {
                                                                                                                            "operator_name": "READ_PARQUET ",
                                                                                                                            "cpu_time": 0.048104873999999985,
                                                                                                                            "extra_info": {
                                                                                                                                "Function": "READ_PARQUET",
                                                                                                                                "Projections": [
                                                                                                                                    "id",
                                                                                                                                    "owneruserid"
                                                                                                                                ],
                                                                                                                                "Estimated Cardinality": "3850116"
                                                                                                                            },
                                                                                                                            "cumulative_cardinality": 3850116,
                                                                                                                            "operator_type": "TABLE_SCAN",
                                                                                                                            "operator_cardinality": 3850116,
                                                                                                                            "cumulative_rows_scanned": 3850116,
                                                                                                                            "operator_rows_scanned": 3850116,
                                                                                                                            "operator_timing": 0.048104873999999985,
                                                                                                                            "result_set_size": 30800928,
                                                                                                                            "children": []
                                                                                                                        }
                                                                                                                    ]
                                                                                                                }
                                                                                                            ]
                                                                                                        }
                                                                                                    ]
                                                                                                }
                                                                                            ]
                                                                                        }
                                                                                    ]
                                                                                }
                                                                            ]
                                                                        }
                                                                    ]
                                                                }
                                                            ]
                                                        },
                                                        {
                                                            "operator_name": "STREAMING_LIMIT",
                                                            "cpu_time": 0.8199351159999994,
                                                            "extra_info": {},
                                                            "cumulative_cardinality": 12344750,
                                                            "operator_type": "STREAMING_LIMIT",
                                                            "operator_cardinality": 5,
                                                            "cumulative_rows_scanned": 7700232,
                                                            "operator_rows_scanned": 0,
                                                            "operator_timing": 0.0000015040000000000001,
                                                            "result_set_size": 160,
                                                            "children": [
                                                                {
                                                                    "operator_name": "PROJECTION",
                                                                    "cpu_time": 0.8199336119999994,
                                                                    "extra_info": {
                                                                        "Projections": [
                                                                            "#0",
                                                                            "#1",
                                                                            "#2",
                                                                            "__internal_decompress_integral_integer(#3, -72)",
                                                                            "#4"
                                                                        ],
                                                                        "Estimated Cardinality": "2"
                                                                    },
                                                                    "cumulative_cardinality": 12344745,
                                                                    "operator_type": "PROJECTION",
                                                                    "operator_cardinality": 4096,
                                                                    "cumulative_rows_scanned": 7700232,
                                                                    "operator_rows_scanned": 0,
                                                                    "operator_timing": 0.0000058509999999999995,
                                                                    "result_set_size": 131072,
                                                                    "children": [
                                                                        {
                                                                            "operator_name": "ORDER_BY",
                                                                            "cpu_time": 0.8199277609999994,
                                                                            "extra_info": {
                                                                                "Order By": "P.ViewCount DESC"
                                                                            },
                                                                            "cumulative_cardinality": 12340649,
                                                                            "operator_type": "ORDER_BY",
                                                                            "operator_cardinality": 4096,
                                                                            "cumulative_rows_scanned": 7700232,
                                                                            "operator_rows_scanned": 0,
                                                                            "operator_timing": 0.04757588800000009,
                                                                            "result_set_size": 122880,
                                                                            "children": [
                                                                                {
                                                                                    "operator_name": "PROJECTION",
                                                                                    "cpu_time": 0.7723518729999993,
                                                                                    "extra_info": {
                                                                                        "Projections": [
                                                                                            "#0",
                                                                                            "#1",
                                                                                            "#2",
                                                                                            "__internal_compress_integral_usmallint(#3, -72)",
                                                                                            "#4"
                                                                                        ],
                                                                                        "Estimated Cardinality": "2"
                                                                                    },
                                                                                    "cumulative_cardinality": 12336553,
                                                                                    "operator_type": "PROJECTION",
                                                                                    "operator_cardinality": 262067,
                                                                                    "cumulative_rows_scanned": 7700232,
                                                                                    "operator_rows_scanned": 0,
                                                                                    "operator_timing": 0.0017251680000000048,
                                                                                    "result_set_size": 7862010,
                                                                                    "children": [
                                                                                        {
                                                                                            "operator_name": "PROJECTION",
                                                                                            "cpu_time": 0.7706267049999993,
                                                                                            "extra_info": {
                                                                                                "Projections": [
                                                                                                    "PostId",
                                                                                                    "title",
                                                                                                    "viewcount",
                                                                                                    "score",
                                                                                                    "acceptedanswerid"
                                                                                                ],
                                                                                                "Estimated Cardinality": "2"
                                                                                            },
                                                                                            "cumulative_cardinality": 12074486,
                                                                                            "operator_type": "PROJECTION",
                                                                                            "operator_cardinality": 262067,
                                                                                            "cumulative_rows_scanned": 7700232,
                                                                                            "operator_rows_scanned": 0,
                                                                                            "operator_timing": 0.0005047559999999973,
                                                                                            "result_set_size": 8386144,
                                                                                            "children": [
                                                                                                {
                                                                                                    "operator_name": "NESTED_LOOP_JOIN",
                                                                                                    "cpu_time": 0.7701219489999993,
                                                                                                    "extra_info": {
                                                                                                        "Join Type": "INNER",
                                                                                                        "Conditions": "CAST(viewcount AS DOUBLE) > SUBQUERY",
                                                                                                        "Estimated Cardinality": "2"
                                                                                                    },
                                                                                                    "cumulative_cardinality": 11812419,
                                                                                                    "operator_type": "NESTED_LOOP_JOIN",
                                                                                                    "operator_cardinality": 262067,
                                                                                                    "cumulative_rows_scanned": 7700232,
                                                                                                    "operator_rows_scanned": 0,
                                                                                                    "operator_timing": 0.09153891699999975,
                                                                                                    "result_set_size": 10482680,
                                                                                                    "children": [
                                                                                                        {
                                                                                                            "operator_name": "READ_PARQUET ",
                                                                                                            "cpu_time": 0.46479974999999957,
                                                                                                            "extra_info": {
                                                                                                                "Function": "READ_PARQUET",
                                                                                                                "Projections": [
                                                                                                                    "id",
                                                                                                                    "acceptedanswerid",
                                                                                                                    "score",
                                                                                                                    "viewcount",
                                                                                                                    "title"
                                                                                                                ],
                                                                                                                "Estimated Cardinality": "3850116"
                                                                                                            },
                                                                                                            "cumulative_cardinality": 3850116,
                                                                                                            "operator_type": "TABLE_SCAN",
                                                                                                            "operator_cardinality": 3850116,
                                                                                                            "cumulative_rows_scanned": 3850116,
                                                                                                            "operator_rows_scanned": 3850116,
                                                                                                            "operator_timing": 0.46479974999999957,
                                                                                                            "result_set_size": 123203712,
                                                                                                            "children": []
                                                                                                        },
                                                                                                        {
                                                                                                            "operator_name": "PROJECTION",
                                                                                                            "cpu_time": 0.21378328199999996,
                                                                                                            "extra_info": {
                                                                                                                "Projections": [
                                                                                                                    "CASE  WHEN ((#1 > 1)) THEN (error('More than one row returned by a subquery used as an expression - scalar subqueries can only return a single row.",
                                                                                                                    "Use \"SET scalar_subquery_error_on_multiple_rows=false\" to revert to previous behavior of returning a random row.')) ELSE #0 END"
                                                                                                                ],
                                                                                                                "Estimated Cardinality": "1"
                                                                                                            },
                                                                                                            "cumulative_cardinality": 7700236,
                                                                                                            "operator_type": "PROJECTION",
                                                                                                            "operator_cardinality": 1,
                                                                                                            "cumulative_rows_scanned": 3850116,
                                                                                                            "operator_rows_scanned": 0,
                                                                                                            "operator_timing": 0.000002594,
                                                                                                            "result_set_size": 8,
                                                                                                            "children": [
                                                                                                                {
                                                                                                                    "operator_name": "UNGROUPED_AGGREGATE",
                                                                                                                    "cpu_time": 0.21378068799999997,
                                                                                                                    "extra_info": {
                                                                                                                        "Aggregates": [
                                                                                                                            "\"first\"(#0)",
                                                                                                                            "count_star()"
                                                                                                                        ]
                                                                                                                    },
                                                                                                                    "cumulative_cardinality": 7700235,
                                                                                                                    "operator_type": "UNGROUPED_AGGREGATE",
                                                                                                                    "operator_cardinality": 1,
                                                                                                                    "cumulative_rows_scanned": 3850116,
                                                                                                                    "operator_rows_scanned": 0,
                                                                                                                    "operator_timing": 0.000002004,
                                                                                                                    "result_set_size": 16,
                                                                                                                    "children": [
                                                                                                                        {
                                                                                                                            "operator_name": "PROJECTION",
                                                                                                                            "cpu_time": 0.21377868399999997,
                                                                                                                            "extra_info": {
                                                                                                                                "Projections": "#0",
                                                                                                                                "Estimated Cardinality": "1"
                                                                                                                            },
                                                                                                                            "cumulative_cardinality": 7700234,
                                                                                                                            "operator_type": "PROJECTION",
                                                                                                                            "operator_cardinality": 1,
                                                                                                                            "cumulative_rows_scanned": 3850116,
                                                                                                                            "operator_rows_scanned": 0,
                                                                                                                            "operator_timing": 2.6e-7,
                                                                                                                            "result_set_size": 8,
                                                                                                                            "children": [
                                                                                                                                {
                                                                                                                                    "operator_name": "UNGROUPED_AGGREGATE",
                                                                                                                                    "cpu_time": 0.21377842399999997,
                                                                                                                                    "extra_info": {
                                                                                                                                        "Aggregates": "avg(#0)"
                                                                                                                                    },
                                                                                                                                    "cumulative_cardinality": 7700233,
                                                                                                                                    "operator_type": "UNGROUPED_AGGREGATE",
                                                                                                                                    "operator_cardinality": 1,
                                                                                                                                    "cumulative_rows_scanned": 3850116,
                                                                                                                                    "operator_rows_scanned": 0,
                                                                                                                                    "operator_timing": 0.021728915999999997,
                                                                                                                                    "result_set_size": 8,
                                                                                                                                    "children": [
                                                                                                                                        {
                                                                                                                                            "operator_name": "PROJECTION",
                                                                                                                                            "cpu_time": 0.19204950799999998,
                                                                                                                                            "extra_info": {
                                                                                                                                                "Projections": "viewcount",
                                                                                                                                                "Estimated Cardinality": "3850116"
                                                                                                                                            },
                                                                                                                                            "cumulative_cardinality": 7700232,
                                                                                                                                            "operator_type": "PROJECTION",
                                                                                                                                            "operator_cardinality": 3850116,
                                                                                                                                            "cumulative_rows_scanned": 3850116,
                                                                                                                                            "operator_rows_scanned": 0,
                                                                                                                                            "operator_timing": 0.00017188999999999928,
                                                                                                                                            "result_set_size": 15400464,
                                                                                                                                            "children": [
                                                                                                                                                {
                                                                                                                                                    "operator_name": "READ_PARQUET ",
                                                                                                                                                    "cpu_time": 0.19187761799999997,
                                                                                                                                                    "extra_info": {
                                                                                                                                                        "Function": "READ_PARQUET",
                                                                                                                                                        "Projections": "viewcount",
                                                                                                                                                        "Estimated Cardinality": "3850116"
                                                                                                                                                    },
                                                                                                                                                    "cumulative_cardinality": 3850116,
                                                                                                                                                    "operator_type": "TABLE_SCAN",
                                                                                                                                                    "operator_cardinality": 3850116,
                                                                                                                                                    "cumulative_rows_scanned": 3850116,
                                                                                                                                                    "operator_rows_scanned": 3850116,
                                                                                                                                                    "operator_timing": 0.19187761799999997,
                                                                                                                                                    "result_set_size": 15400464,
                                                                                                                                                    "children": []
                                                                                                                                                }
                                                                                                                                            ]
                                                                                                                                        }
                                                                                                                                    ]
                                                                                                                                }
                                                                                                                            ]
                                                                                                                        }
                                                                                                                    ]
                                                                                                                }
                                                                                                            ]
                                                                                                        }
                                                                                                    ]
                                                                                                }
                                                                                            ]
                                                                                        }
                                                                                    ]
                                                                                }
                                                                            ]
                                                                        }
                                                                    ]
                                                                }
                                                            ]
                                                        }
                                                    ]
                                                }
                                            ]
                                        }
                                    ]
                                }
                            ]
                        }
                    ]
                }
            ]
        }
    ]
}