{
    "rows_returned": 0,
    "query_name": "\nWITH RankedPosts AS (\n    SELECT \n        p.Id AS PostID,\n        p.Title,\n        p.CreationDate,\n        p.PostTypeId,\n        COUNT(c.Id) AS CommentCount,\n        SUM(CASE WHEN v.VoteTypeId = 2 THEN 1 ELSE 0 END) AS UpVotes,\n        SUM(CASE WHEN v.VoteTypeId = 3 THEN 1 ELSE 0 END) AS DownVotes,\n        ROW_NUMBER() OVER (PARTITION BY p.PostTypeId ORDER BY p.Score DESC) AS PostRank\n    FROM Posts p\n    LEFT JOIN Comments c ON p.Id = c.PostId\n    LEFT JOIN Votes v ON p.Id = v.PostId\n    WHERE p.CreationDate >= (TIMESTAMP '2024-10-01 12:34:56' - INTERVAL '1 year')\n    GROUP BY p.Id, p.Title, p.CreationDate, p.PostTypeId, p.Score\n),\n\nTopPosts AS (\n    SELECT \n        rp.PostID,\n        rp.Title,\n        rp.CommentCount,\n        (rp.UpVotes - rp.DownVotes) AS NetVotes,\n        rp.PostTypeId,\n        CASE \n            WHEN rp.PostRank <= 10 THEN 'Top 10'\n            WHEN rp.PostRank <= 50 THEN 'Top 50'\n            ELSE 'Other'\n        END AS RankGroup\n    FROM RankedPosts rp\n    WHERE rp.CommentCount > 0\n),\n\nAggBadges AS (\n    SELECT \n        b.UserId,\n        COUNT(b.Id) AS BadgeCount,\n        STRING_AGG(b.Name, ', ') AS BadgeList\n    FROM Badges b\n    WHERE b.Date >= (TIMESTAMP '2024-10-01 12:34:56' - INTERVAL '1 year')\n    GROUP BY b.UserId\n),\n\nPostDetails AS (\n    SELECT \n        p.Title,\n        t.TagName,\n        COALESCE(ab.BadgeCount, 0) AS UserBadgeCount,\n        COALESCE(ab.BadgeList, 'No Badges') AS UserBadges\n    FROM TopPosts p\n    JOIN Tags t ON t.WikiPostId = p.PostID\n    LEFT JOIN AggBadges ab ON p.PostID = ab.UserId\n)\n\nSELECT \n    pd.Title,\n    pd.TagName,\n    pd.UserBadgeCount,\n    pd.UserBadges,\n    CASE \n        WHEN pd.UserBadgeCount > 5 THEN 'Veteran User'\n        WHEN pd.UserBadgeCount > 0 THEN 'Active Contributor'\n        ELSE 'New User'\n    END AS UserStatus\nFROM PostDetails pd\nWHERE pd.UserBadgeCount IS NOT NULL\nAND pd.UserBadgeCount < 10\nORDER BY pd.UserBadgeCount DESC, pd.Title\nLIMIT 100;\n",
    "blocked_thread_time": 0.0,
    "cpu_time": 2.2660389760000004,
    "extra_info": {},
    "cumulative_cardinality": 17632487,
    "cumulative_rows_scanned": 26159731,
    "result_set_size": 0,
    "latency": 2.40571901,
    "children": [
        {
            "operator_name": "STREAMING_LIMIT",
            "cpu_time": 2.2660389760000004,
            "extra_info": {},
            "cumulative_cardinality": 17632487,
            "operator_type": "STREAMING_LIMIT",
            "operator_cardinality": 0,
            "cumulative_rows_scanned": 26159731,
            "operator_rows_scanned": 0,
            "operator_timing": 0.0,
            "result_set_size": 0,
            "children": [
                {
                    "operator_name": "ORDER_BY",
                    "cpu_time": 2.2660389760000004,
                    "extra_info": {
                        "Order By": [
                            "pd.UserBadgeCount DESC",
                            "pd.Title ASC"
                        ]
                    },
                    "cumulative_cardinality": 17632487,
                    "operator_type": "ORDER_BY",
                    "operator_cardinality": 0,
                    "cumulative_rows_scanned": 26159731,
                    "operator_rows_scanned": 0,
                    "operator_timing": 3.71e-7,
                    "result_set_size": 0,
                    "children": [
                        {
                            "operator_name": "PROJECTION",
                            "cpu_time": 2.2660386050000003,
                            "extra_info": {
                                "Projections": [
                                    "title",
                                    "tagname",
                                    "UserBadgeCount",
                                    "UserBadges",
                                    "UserStatus"
                                ],
                                "Estimated Cardinality": "154004"
                            },
                            "cumulative_cardinality": 17632487,
                            "operator_type": "PROJECTION",
                            "operator_cardinality": 0,
                            "cumulative_rows_scanned": 26159731,
                            "operator_rows_scanned": 0,
                            "operator_timing": 0.0,
                            "result_set_size": 0,
                            "children": [
                                {
                                    "operator_name": "PROJECTION",
                                    "cpu_time": 2.2660386050000003,
                                    "extra_info": {
                                        "Projections": [
                                            "title",
                                            "tagname",
                                            "UserBadgeCount",
                                            "UserBadges"
                                        ],
                                        "Estimated Cardinality": "154004"
                                    },
                                    "cumulative_cardinality": 17632487,
                                    "operator_type": "PROJECTION",
                                    "operator_cardinality": 0,
                                    "cumulative_rows_scanned": 26159731,
                                    "operator_rows_scanned": 0,
                                    "operator_timing": 0.0,
                                    "result_set_size": 0,
                                    "children": [
                                        {
                                            "operator_name": "FILTER",
                                            "cpu_time": 2.2660386050000003,
                                            "extra_info": {
                                                "Expression": "((COALESCE(BadgeCount, 0) IS NOT NULL) AND (COALESCE(BadgeCount, 0) < 10))",
                                                "Estimated Cardinality": "154004"
                                            },
                                            "cumulative_cardinality": 17632487,
                                            "operator_type": "FILTER",
                                            "operator_cardinality": 0,
                                            "cumulative_rows_scanned": 26159731,
                                            "operator_rows_scanned": 0,
                                            "operator_timing": 6.71e-7,
                                            "result_set_size": 0,
                                            "children": [
                                                {
                                                    "operator_name": "HASH_JOIN",
                                                    "cpu_time": 2.2660379340000003,
                                                    "extra_info": {
                                                        "Join Type": "LEFT",
                                                        "Conditions": "PostID = userid",
                                                        "Estimated Cardinality": "770023"
                                                    },
                                                    "cumulative_cardinality": 17632487,
                                                    "operator_type": "HASH_JOIN",
                                                    "operator_cardinality": 0,
                                                    "cumulative_rows_scanned": 26159731,
                                                    "operator_rows_scanned": 0,
                                                    "operator_timing": 0.007428047999999999,
                                                    "result_set_size": 0,
                                                    "children": [
                                                        {
                                                            "operator_name": "HASH_JOIN",
                                                            "cpu_time": 1.367422637,
                                                            "extra_info": {
                                                                "Join Type": "INNER",
                                                                "Conditions": "PostID = wikipostid",
                                                                "Estimated Cardinality": "770023"
                                                            },
                                                            "cumulative_cardinality": 17223137,
                                                            "operator_type": "HASH_JOIN",
                                                            "operator_cardinality": 0,
                                                            "cumulative_rows_scanned": 23838007,
                                                            "operator_rows_scanned": 0,
                                                            "operator_timing": 0.0029921149999999996,
                                                            "result_set_size": 0,
                                                            "children": [
                                                                {
                                                                    "operator_name": "FILTER",
                                                                    "cpu_time": 1.363498532,
                                                                    "extra_info": {
                                                                        "Expression": "(PostID BETWEEN 4432 AND 4975717)",
                                                                        "Estimated Cardinality": "770023"
                                                                    },
                                                                    "cumulative_cardinality": 17221161,
                                                                    "operator_type": "FILTER",
                                                                    "operator_cardinality": 82040,
                                                                    "cumulative_rows_scanned": 23836031,
                                                                    "operator_rows_scanned": 0,
                                                                    "operator_timing": 0.0007103290000000003,
                                                                    "result_set_size": 1640800,
                                                                    "children": [
                                                                        {
                                                                            "operator_name": "PROJECTION",
                                                                            "cpu_time": 1.362788203,
                                                                            "extra_info": {
                                                                                "Projections": [
                                                                                    "#0",
                                                                                    "#1"
                                                                                ],
                                                                                "Estimated Cardinality": "770023"
                                                                            },
                                                                            "cumulative_cardinality": 17139121,
                                                                            "operator_type": "PROJECTION",
                                                                            "operator_cardinality": 83382,
                                                                            "cumulative_rows_scanned": 23836031,
                                                                            "operator_rows_scanned": 0,
                                                                            "operator_timing": 0.000013026999999999994,
                                                                            "result_set_size": 1667640,
                                                                            "children": [
                                                                                {
                                                                                    "operator_name": "FILTER",
                                                                                    "cpu_time": 1.362775176,
                                                                                    "extra_info": {
                                                                                        "Expression": "(CommentCount > 0)",
                                                                                        "Estimated Cardinality": "770023"
                                                                                    },
                                                                                    "cumulative_cardinality": 17055739,
                                                                                    "operator_type": "FILTER",
                                                                                    "operator_cardinality": 83382,
                                                                                    "cumulative_rows_scanned": 23836031,
                                                                                    "operator_rows_scanned": 0,
                                                                                    "operator_timing": 0.000432284,
                                                                                    "result_set_size": 4169100,
                                                                                    "children": [
                                                                                        {
                                                                                            "operator_name": "PROJECTION",
                                                                                            "cpu_time": 1.362342892,
                                                                                            "extra_info": {
                                                                                                "Projections": [
                                                                                                    "#0",
                                                                                                    "#1",
                                                                                                    "#2",
                                                                                                    "#3",
                                                                                                    "#4",
                                                                                                    "#5",
                                                                                                    "#6"
                                                                                                ],
                                                                                                "Estimated Cardinality": "3850116"
                                                                                            },
                                                                                            "cumulative_cardinality": 16972357,
                                                                                            "operator_type": "PROJECTION",
                                                                                            "operator_cardinality": 145542,
                                                                                            "cumulative_rows_scanned": 23836031,
                                                                                            "operator_rows_scanned": 0,
                                                                                            "operator_timing": 0.00004031200000000001,
                                                                                            "result_set_size": 7277100,
                                                                                            "children": [
                                                                                                {
                                                                                                    "operator_name": "WINDOW",
                                                                                                    "cpu_time": 1.36230258,
                                                                                                    "extra_info": {
                                                                                                        "Projections": "ROW_NUMBER() OVER (PARTITION BY posttypeid ORDER BY score DESC NULLS LAST)"
                                                                                                    },
                                                                                                    "cumulative_cardinality": 16826815,
                                                                                                    "operator_type": "WINDOW",
                                                                                                    "operator_cardinality": 145542,
                                                                                                    "cumulative_rows_scanned": 23836031,
                                                                                                    "operator_rows_scanned": 0,
                                                                                                    "operator_timing": 0.034156889,
                                                                                                    "result_set_size": 7277100,
                                                                                                    "children": [
                                                                                                        {
                                                                                                            "operator_name": "PROJECTION",
                                                                                                            "cpu_time": 1.328145691,
                                                                                                            "extra_info": {
                                                                                                                "Projections": [
                                                                                                                    "#0",
                                                                                                                    "#1",
                                                                                                                    "#2",
                                                                                                                    "__internal_decompress_integral_smallint(#3, 1)",
                                                                                                                    "__internal_decompress_integral_integer(#4, -72)",
                                                                                                                    "#5"
                                                                                                                ],
                                                                                                                "Estimated Cardinality": "3850116"
                                                                                                            },
                                                                                                            "cumulative_cardinality": 16681273,
                                                                                                            "operator_type": "PROJECTION",
                                                                                                            "operator_cardinality": 145542,
                                                                                                            "cumulative_rows_scanned": 23836031,
                                                                                                            "operator_rows_scanned": 0,
                                                                                                            "operator_timing": 0.00014127799999999997,
                                                                                                            "result_set_size": 6112764,
                                                                                                            "children": [
                                                                                                                {
                                                                                                                    "operator_name": "HASH_GROUP_BY",
                                                                                                                    "cpu_time": 1.328004413,
                                                                                                                    "extra_info": {
                                                                                                                        "Groups": [
                                                                                                                            "#0",
                                                                                                                            "#1",
                                                                                                                            "#2",
                                                                                                                            "#3",
                                                                                                                            "#4"
                                                                                                                        ],
                                                                                                                        "Aggregates": "count(#5)",
                                                                                                                        "Estimated Cardinality": "3850116"
                                                                                                                    },
                                                                                                                    "cumulative_cardinality": 16535731,
                                                                                                                    "operator_type": "HASH_GROUP_BY",
                                                                                                                    "operator_cardinality": 145542,
                                                                                                                    "cumulative_rows_scanned": 23836031,
                                                                                                                    "operator_rows_scanned": 0,
                                                                                                                    "operator_timing": 0.11237825099999994,
                                                                                                                    "result_set_size": 5676138,
                                                                                                                    "children": [
                                                                                                                        {
                                                                                                                            "operator_name": "PROJECTION",
                                                                                                                            "cpu_time": 1.215626162,
                                                                                                                            "extra_info": {
                                                                                                                                "Projections": [
                                                                                                                                    "id",
                                                                                                                                    "title",
                                                                                                                                    "creationdate",
                                                                                                                                    "posttypeid",
                                                                                                                                    "score",
                                                                                                                                    "id"
                                                                                                                                ],
                                                                                                                                "Estimated Cardinality": "12744093"
                                                                                                                            },
                                                                                                                            "cumulative_cardinality": 16390189,
                                                                                                                            "operator_type": "PROJECTION",
                                                                                                                            "operator_cardinality": 954760,
                                                                                                                            "cumulative_rows_scanned": 23836031,
                                                                                                                            "operator_rows_scanned": 0,
                                                                                                                            "operator_timing": 0.00042270100000000004,
                                                                                                                            "result_set_size": 33416600,
                                                                                                                            "children": [
                                                                                                                                {
                                                                                                                                    "operator_name": "PROJECTION",
                                                                                                                                    "cpu_time": 1.215203461,
                                                                                                                                    "extra_info": {
                                                                                                                                        "Projections": [
                                                                                                                                            "#0",
                                                                                                                                            "#1",
                                                                                                                                            "__internal_compress_integral_utinyint(#2, 1)",
                                                                                                                                            "#3",
                                                                                                                                            "__internal_compress_integral_usmallint(#4, -72)",
                                                                                                                                            "#5",
                                                                                                                                            "#6"
                                                                                                                                        ],
                                                                                                                                        "Estimated Cardinality": "12744093"
                                                                                                                                    },
                                                                                                                                    "cumulative_cardinality": 15435429,
                                                                                                                                    "operator_type": "PROJECTION",
                                                                                                                                    "operator_cardinality": 954760,
                                                                                                                                    "cumulative_rows_scanned": 23836031,
                                                                                                                                    "operator_rows_scanned": 0,
                                                                                                                                    "operator_timing": 0.0035460630000000008,
                                                                                                                                    "result_set_size": 37235640,
                                                                                                                                    "children": [
                                                                                                                                        {
                                                                                                                                            "operator_name": "HASH_JOIN",
                                                                                                                                            "cpu_time": 1.211657398,
                                                                                                                                            "extra_info": {
                                                                                                                                                "Join Type": "LEFT",
                                                                                                                                                "Conditions": "id = postid",
                                                                                                                                                "Estimated Cardinality": "12744093"
                                                                                                                                            },
                                                                                                                                            "cumulative_cardinality": 14480669,
                                                                                                                                            "operator_type": "HASH_JOIN",
                                                                                                                                            "operator_cardinality": 954760,
                                                                                                                                            "cumulative_rows_scanned": 23836031,
                                                                                                                                            "operator_rows_scanned": 0,
                                                                                                                                            "operator_timing": 0.8193767410000001,
                                                                                                                                            "result_set_size": 40099920,
                                                                                                                                            "children": [
                                                                                                                                                {
                                                                                                                                                    "operator_name": "HASH_JOIN",
                                                                                                                                                    "cpu_time": 0.26725172199999997,
                                                                                                                                                    "extra_info": {
                                                                                                                                                        "Join Type": "RIGHT",
                                                                                                                                                        "Conditions": "postid = id",
                                                                                                                                                        "Estimated Cardinality": "7241822"
                                                                                                                                                    },
                                                                                                                                                    "cumulative_cardinality": 781816,
                                                                                                                                                    "operator_type": "HASH_JOIN",
                                                                                                                                                    "operator_cardinality": 349210,
                                                                                                                                                    "cumulative_rows_scanned": 11091938,
                                                                                                                                                    "operator_rows_scanned": 0,
                                                                                                                                                    "operator_timing": 0.03836473000000002,
                                                                                                                                                    "result_set_size": 13269980,
                                                                                                                                                    "children": [
                                                                                                                                                        {
                                                                                                                                                            "operator_name": "READ_PARQUET ",
                                                                                                                                                            "cpu_time": 0.11524577899999999,
                                                                                                                                                            "extra_info": {
                                                                                                                                                                "Function": "READ_PARQUET",
                                                                                                                                                                "Projections": [
                                                                                                                                                                    "id",
                                                                                                                                                                    "postid"
                                                                                                                                                                ],
                                                                                                                                                                "Estimated Cardinality": "7241822"
                                                                                                                                                            },
                                                                                                                                                            "cumulative_cardinality": 287064,
                                                                                                                                                            "operator_type": "TABLE_SCAN",
                                                                                                                                                            "operator_cardinality": 287064,
                                                                                                                                                            "cumulative_rows_scanned": 7241822,
                                                                                                                                                            "operator_rows_scanned": 7241822,
                                                                                                                                                            "operator_timing": 0.11524577899999999,
                                                                                                                                                            "result_set_size": 2296512,
                                                                                                                                                            "children": []
                                                                                                                                                        },
                                                                                                                                                        {
                                                                                                                                                            "operator_name": "READ_PARQUET ",
                                                                                                                                                            "cpu_time": 0.11364121299999995,
                                                                                                                                                            "extra_info": {
                                                                                                                                                                "Function": "READ_PARQUET",
                                                                                                                                                                "Projections": [
                                                                                                                                                                    "id",
                                                                                                                                                                    "posttypeid",
                                                                                                                                                                    "creationdate",
                                                                                                                                                                    "score",
                                                                                                                                                                    "title"
                                                                                                                                                                ],
                                                                                                                                                                "Filters": "creationdate>='2023-10-01 12:34:56'::TIMESTAMP",
                                                                                                                                                                "Estimated Cardinality": "770023"
                                                                                                                                                            },
                                                                                                                                                            "cumulative_cardinality": 145542,
                                                                                                                                                            "operator_type": "TABLE_SCAN",
                                                                                                                                                            "operator_cardinality": 145542,
                                                                                                                                                            "cumulative_rows_scanned": 3850116,
                                                                                                                                                            "operator_rows_scanned": 3850116,
                                                                                                                                                            "operator_timing": 0.11364121299999995,
                                                                                                                                                            "result_set_size": 4948428,
                                                                                                                                                            "children": []
                                                                                                                                                        }
                                                                                                                                                    ]
                                                                                                                                                },
                                                                                                                                                {
                                                                                                                                                    "operator_name": "READ_PARQUET ",
                                                                                                                                                    "cpu_time": 0.12502893499999992,
                                                                                                                                                    "extra_info": {
                                                                                                                                                        "Function": "READ_PARQUET",
                                                                                                                                                        "Projections": "postid",
                                                                                                                                                        "Estimated Cardinality": "12744093"
                                                                                                                                                    },
                                                                                                                                                    "cumulative_cardinality": 12744093,
                                                                                                                                                    "operator_type": "TABLE_SCAN",
                                                                                                                                                    "operator_cardinality": 12744093,
                                                                                                                                                    "cumulative_rows_scanned": 12744093,
                                                                                                                                                    "operator_rows_scanned": 12744093,
                                                                                                                                                    "operator_timing": 0.12502893499999992,
                                                                                                                                                    "result_set_size": 50976372,
                                                                                                                                                    "children": []
                                                                                                                                                }
                                                                                                                                            ]
                                                                                                                                        }
                                                                                                                                    ]
                                                                                                                                }
                                                                                                                            ]
                                                                                                                        }
                                                                                                                    ]
                                                                                                                }
                                                                                                            ]
                                                                                                        }
                                                                                                    ]
                                                                                                }
                                                                                            ]
                                                                                        }
                                                                                    ]
                                                                                }
                                                                            ]
                                                                        }
                                                                    ]
                                                                },
                                                                {
                                                                    "operator_name": "READ_PARQUET ",
                                                                    "cpu_time": 0.0009319899999999999,
                                                                    "extra_info": {
                                                                        "Function": "READ_PARQUET",
                                                                        "Projections": [
                                                                            "tagname",
                                                                            "wikipostid"
                                                                        ],
                                                                        "Estimated Cardinality": "1976"
                                                                    },
                                                                    "cumulative_cardinality": 1976,
                                                                    "operator_type": "TABLE_SCAN",
                                                                    "operator_cardinality": 1976,
                                                                    "cumulative_rows_scanned": 1976,
                                                                    "operator_rows_scanned": 1976,
                                                                    "operator_timing": 0.0009319899999999999,
                                                                    "result_set_size": 39520,
                                                                    "children": []
                                                                }
                                                            ]
                                                        },
                                                        {
                                                            "operator_name": "HASH_GROUP_BY",
                                                            "cpu_time": 0.8911872490000005,
                                                            "extra_info": {
                                                                "Groups": "#0",
                                                                "Aggregates": [
                                                                    "count_star()",
                                                                    "string_agg(#1)"
                                                                ],
                                                                "Estimated Cardinality": "232172"
                                                            },
                                                            "cumulative_cardinality": 409350,
                                                            "operator_type": "HASH_GROUP_BY",
                                                            "operator_cardinality": 82468,
                                                            "cumulative_rows_scanned": 2321724,
                                                            "operator_rows_scanned": 0,
                                                            "operator_timing": 0.018884252,
                                                            "result_set_size": 2309104,
                                                            "children": [
                                                                {
                                                                    "operator_name": "PROJECTION",
                                                                    "cpu_time": 0.8723029970000005,
                                                                    "extra_info": {
                                                                        "Projections": [
                                                                            "userid",
                                                                            "name"
                                                                        ],
                                                                        "Estimated Cardinality": "464344"
                                                                    },
                                                                    "cumulative_cardinality": 326882,
                                                                    "operator_type": "PROJECTION",
                                                                    "operator_cardinality": 163441,
                                                                    "cumulative_rows_scanned": 2321724,
                                                                    "operator_rows_scanned": 0,
                                                                    "operator_timing": 0.00005520599999999997,
                                                                    "result_set_size": 3268820,
                                                                    "children": [
                                                                        {
                                                                            "operator_name": "READ_PARQUET ",
                                                                            "cpu_time": 0.8722477910000005,
                                                                            "extra_info": {
                                                                                "Function": "READ_PARQUET",
                                                                                "Projections": [
                                                                                    "id",
                                                                                    "userid",
                                                                                    "name"
                                                                                ],
                                                                                "Filters": "date>='2023-10-01 12:34:56'::TIMESTAMP",
                                                                                "Estimated Cardinality": "464344"
                                                                            },
                                                                            "cumulative_cardinality": 163441,
                                                                            "operator_type": "TABLE_SCAN",
                                                                            "operator_cardinality": 163441,
                                                                            "cumulative_rows_scanned": 2321724,
                                                                            "operator_rows_scanned": 2321724,
                                                                            "operator_timing": 0.8722477910000005,
                                                                            "result_set_size": 3922584,
                                                                            "children": []
                                                                        }
                                                                    ]
                                                                }
                                                            ]
                                                        }
                                                    ]
                                                }
                                            ]
                                        }
                                    ]
                                }
                            ]
                        }
                    ]
                }
            ]
        }
    ]
}