{
    "rows_returned": 50,
    "query_name": "WITH RecentPosts AS (\n    SELECT \n        p.Id AS PostId,\n        p.Title,\n        p.CreationDate,\n        p.Score,\n        p.ViewCount,\n        COALESCE(CAST(NULLIF(p.OwnerUserId, -1) AS INT), -1) AS ActualOwnerUserId,\n        ARRAY_AGG(t.TagName) AS TagsArray\n    FROM Posts p\n    LEFT JOIN Tags t ON POSITION(t.TagName IN p.Tags) > 0 \n    WHERE p.CreationDate >= cast('2024-10-01 12:34:56' as timestamp) - INTERVAL '1 month'\n    GROUP BY p.Id, p.Title, p.CreationDate, p.Score, p.ViewCount, p.OwnerUserId\n),\nVoteStatistics AS (\n    SELECT \n        v.PostId,\n        SUM(CASE WHEN v.VoteTypeId IN (2, 1) THEN 1 ELSE 0 END) AS UpVotes,\n        SUM(CASE WHEN v.VoteTypeId = 3 THEN 1 ELSE 0 END) AS DownVotes,\n        COUNT(v.Id) AS TotalVotes\n    FROM Votes v\n    GROUP BY v.PostId\n),\nUserReputation AS (\n    SELECT \n        u.Id AS UserId,\n        u.Reputation,\n        ROW_NUMBER() OVER (ORDER BY u.Reputation DESC) AS ReputationRank\n    FROM Users u\n),\nBadgeCounts AS (\n    SELECT \n        b.UserId,\n        COUNT(b.Id) AS TotalBadges\n    FROM Badges b\n    GROUP BY b.UserId\n),\nPostHistoryDetails AS (\n    SELECT \n        ph.PostId,\n        ph.PostHistoryTypeId,\n        ph.UserId,\n        MAX(ph.CreationDate) AS LastModifiedDate\n    FROM PostHistory ph\n    WHERE ph.PostHistoryTypeId IN (5, 11, 12, 14)\n    GROUP BY ph.PostId, ph.PostHistoryTypeId, ph.UserId\n)\n\nSELECT \n    rp.PostId,\n    rp.Title,\n    rp.CreationDate,\n    rp.Score,\n    rp.ViewCount,\n    COALESCE(u.DisplayName, 'Anonymous') AS OwnerDisplayName,\n    COALESCE(vs.UpVotes, 0) AS UpVotes,\n    COALESCE(vs.DownVotes, 0) AS DownVotes,\n    u.Reputation,\n    bc.TotalBadges,\n    ph.LastModifiedDate,\n    CASE \n        WHEN ph.PostHistoryTypeId = 10 THEN 'Closed' \n        WHEN ph.PostHistoryTypeId = 11 THEN 'Reopened' \n        ELSE 'Open' \n    END AS PostStatus,\n    ARRAY_TO_STRING(rp.TagsArray, ', ') AS Tags\nFROM RecentPosts rp\nLEFT JOIN Users u ON u.Id = rp.ActualOwnerUserId\nLEFT JOIN VoteStatistics vs ON vs.PostId = rp.PostId\nLEFT JOIN BadgeCounts bc ON bc.UserId = u.Id\nLEFT JOIN PostHistoryDetails ph ON ph.PostId = rp.PostId\nWHERE rp.ViewCount > (\n    SELECT AVG(ViewCount) FROM RecentPosts\n) \nORDER BY rp.CreationDate DESC\nLIMIT 50;",
    "blocked_thread_time": 0.0,
    "cpu_time": 10.862152909999999,
    "extra_info": {},
    "cumulative_cardinality": 63368392,
    "cumulative_rows_scanned": 31973863,
    "result_set_size": 6800,
    "latency": 11.541898163,
    "children": [
        {
            "operator_name": "STREAMING_LIMIT",
            "cpu_time": 10.862152909999999,
            "extra_info": {},
            "cumulative_cardinality": 63368392,
            "operator_type": "STREAMING_LIMIT",
            "operator_cardinality": 50,
            "cumulative_rows_scanned": 31973863,
            "operator_rows_scanned": 0,
            "operator_timing": 0.0000014530000000000001,
            "result_set_size": 6800,
            "children": [
                {
                    "operator_name": "PROJECTION",
                    "cpu_time": 10.862151457,
                    "extra_info": {
                        "Projections": [
                            "#0",
                            "#1",
                            "#2",
                            "#3",
                            "#4",
                            "#5",
                            "#6",
                            "#7",
                            "#8",
                            "#9",
                            "#10",
                            "__internal_decompress_string(#11)",
                            "#12"
                        ],
                        "Estimated Cardinality": "385011"
                    },
                    "cumulative_cardinality": 63368342,
                    "operator_type": "PROJECTION",
                    "operator_cardinality": 1680,
                    "cumulative_rows_scanned": 31973863,
                    "operator_rows_scanned": 0,
                    "operator_timing": 0.000019365999999999997,
                    "result_set_size": 228480,
                    "children": [
                        {
                            "operator_name": "ORDER_BY",
                            "cpu_time": 10.862132091,
                            "extra_info": {
                                "Order By": "rp.CreationDate DESC"
                            },
                            "cumulative_cardinality": 63366662,
                            "operator_type": "ORDER_BY",
                            "operator_cardinality": 1680,
                            "cumulative_rows_scanned": 31973863,
                            "operator_rows_scanned": 0,
                            "operator_timing": 0.000701691,
                            "result_set_size": 228480,
                            "children": [
                                {
                                    "operator_name": "PROJECTION",
                                    "cpu_time": 10.8614304,
                                    "extra_info": {
                                        "Projections": [
                                            "#0",
                                            "#1",
                                            "#2",
                                            "#3",
                                            "#4",
                                            "#5",
                                            "#6",
                                            "#7",
                                            "#8",
                                            "#9",
                                            "#10",
                                            "__internal_compress_string_hugeint(#11)",
                                            "#12"
                                        ],
                                        "Estimated Cardinality": "385011"
                                    },
                                    "cumulative_cardinality": 63364982,
                                    "operator_type": "PROJECTION",
                                    "operator_cardinality": 1680,
                                    "cumulative_rows_scanned": 31973863,
                                    "operator_rows_scanned": 0,
                                    "operator_timing": 0.00009107799999999998,
                                    "result_set_size": 228480,
                                    "children": [
                                        {
                                            "operator_name": "PROJECTION",
                                            "cpu_time": 10.861339322,
                                            "extra_info": {
                                                "Projections": [
                                                    "PostId",
                                                    "title",
                                                    "creationdate",
                                                    "score",
                                                    "viewcount",
                                                    "OwnerDisplayName",
                                                    "UpVotes",
                                                    "DownVotes",
                                                    "reputation",
                                                    "TotalBadges",
                                                    "LastModifiedDate",
                                                    "PostStatus",
                                                    "Tags"
                                                ],
                                                "Estimated Cardinality": "385011"
                                            },
                                            "cumulative_cardinality": 63363302,
                                            "operator_type": "PROJECTION",
                                            "operator_cardinality": 1680,
                                            "cumulative_rows_scanned": 31973863,
                                            "operator_rows_scanned": 0,
                                            "operator_timing": 0.0013002779999999998,
                                            "result_set_size": 228480,
                                            "children": [
                                                {
                                                    "operator_name": "CTE",
                                                    "cpu_time": 10.860039043999999,
                                                    "extra_info": {
                                                        "CTE Name": "RecentPosts",
                                                        "Table Index": "0"
                                                    },
                                                    "cumulative_cardinality": 63361622,
                                                    "operator_type": "CTE",
                                                    "operator_cardinality": 0,
                                                    "cumulative_rows_scanned": 31973863,
                                                    "operator_rows_scanned": 0,
                                                    "operator_timing": 0.0006172129999999999,
                                                    "result_set_size": 0,
                                                    "children": [
                                                        {
                                                            "operator_name": "PROJECTION",
                                                            "cpu_time": 1.1394529759999972,
                                                            "extra_info": {
                                                                "Projections": [
                                                                    "PostId",
                                                                    "title",
                                                                    "creationdate",
                                                                    "score",
                                                                    "viewcount",
                                                                    "ActualOwnerUserId",
                                                                    "TagsArray"
                                                                ],
                                                                "Estimated Cardinality": "385011"
                                                            },
                                                            "cumulative_cardinality": 111992,
                                                            "operator_type": "PROJECTION",
                                                            "operator_cardinality": 9927,
                                                            "cumulative_rows_scanned": 3852092,
                                                            "operator_rows_scanned": 0,
                                                            "operator_timing": 0.000169396,
                                                            "result_set_size": 1145736,
                                                            "children": [
                                                                {
                                                                    "operator_name": "PROJECTION",
                                                                    "cpu_time": 1.1392835799999972,
                                                                    "extra_info": {
                                                                        "Projections": [
                                                                            "#0",
                                                                            "#1",
                                                                            "#2",
                                                                            "__internal_decompress_integral_integer(#3, -72)",
                                                                            "#4",
                                                                            "#5",
                                                                            "#6"
                                                                        ],
                                                                        "Estimated Cardinality": "385011"
                                                                    },
                                                                    "cumulative_cardinality": 102065,
                                                                    "operator_type": "PROJECTION",
                                                                    "operator_cardinality": 9927,
                                                                    "cumulative_rows_scanned": 3852092,
                                                                    "operator_rows_scanned": 0,
                                                                    "operator_timing": 0.000010520000000000001,
                                                                    "result_set_size": 1145736,
                                                                    "children": [
                                                                        {
                                                                            "operator_name": "HASH_GROUP_BY",
                                                                            "cpu_time": 1.1392730599999972,
                                                                            "extra_info": {
                                                                                "Groups": [
                                                                                    "#0",
                                                                                    "#1",
                                                                                    "#2",
                                                                                    "#3",
                                                                                    "#4",
                                                                                    "#5"
                                                                                ],
                                                                                "Aggregates": "array_agg(#6)",
                                                                                "Estimated Cardinality": "385011"
                                                                            },
                                                                            "cumulative_cardinality": 92138,
                                                                            "operator_type": "HASH_GROUP_BY",
                                                                            "operator_cardinality": 9927,
                                                                            "cumulative_rows_scanned": 3852092,
                                                                            "operator_rows_scanned": 0,
                                                                            "operator_timing": 0.006602614,
                                                                            "result_set_size": 1158650,
                                                                            "children": [
                                                                                {
                                                                                    "operator_name": "PROJECTION",
                                                                                    "cpu_time": 1.1326704459999972,
                                                                                    "extra_info": {
                                                                                        "Projections": [
                                                                                            "id",
                                                                                            "title",
                                                                                            "creationdate",
                                                                                            "score",
                                                                                            "viewcount",
                                                                                            "owneruserid",
                                                                                            "tagname"
                                                                                        ],
                                                                                        "Estimated Cardinality": "770023"
                                                                                    },
                                                                                    "cumulative_cardinality": 82211,
                                                                                    "operator_type": "PROJECTION",
                                                                                    "operator_cardinality": 23436,
                                                                                    "cumulative_rows_scanned": 3852092,
                                                                                    "operator_rows_scanned": 0,
                                                                                    "operator_timing": 0.000028215999999999995,
                                                                                    "result_set_size": 1265544,
                                                                                    "children": [
                                                                                        {
                                                                                            "operator_name": "PROJECTION",
                                                                                            "cpu_time": 1.1326422299999972,
                                                                                            "extra_info": {
                                                                                                "Projections": [
                                                                                                    "#0",
                                                                                                    "#1",
                                                                                                    "__internal_compress_integral_usmallint(#2, -72)",
                                                                                                    "#3",
                                                                                                    "#4",
                                                                                                    "#5",
                                                                                                    "#6",
                                                                                                    "#7"
                                                                                                ],
                                                                                                "Estimated Cardinality": "770023"
                                                                                            },
                                                                                            "cumulative_cardinality": 58775,
                                                                                            "operator_type": "PROJECTION",
                                                                                            "operator_cardinality": 23436,
                                                                                            "cumulative_rows_scanned": 3852092,
                                                                                            "operator_rows_scanned": 0,
                                                                                            "operator_timing": 0.00009916299999999997,
                                                                                            "result_set_size": 1640520,
                                                                                            "children": [
                                                                                                {
                                                                                                    "operator_name": "BLOCKWISE_NL_JOIN",
                                                                                                    "cpu_time": 1.1325430669999972,
                                                                                                    "extra_info": {
                                                                                                        "Join Type": "LEFT",
                                                                                                        "Condition": "(\"position\"(tags, tagname) > 0)"
                                                                                                    },
                                                                                                    "cumulative_cardinality": 35339,
                                                                                                    "operator_type": "BLOCKWISE_NL_JOIN",
                                                                                                    "operator_cardinality": 23436,
                                                                                                    "cumulative_rows_scanned": 3852092,
                                                                                                    "operator_rows_scanned": 0,
                                                                                                    "operator_timing": 0.8815752679999971,
                                                                                                    "result_set_size": 1687392,
                                                                                                    "children": [
                                                                                                        {
                                                                                                            "operator_name": "READ_PARQUET ",
                                                                                                            "cpu_time": 0.250391652,
                                                                                                            "extra_info": {
                                                                                                                "Function": "READ_PARQUET",
                                                                                                                "Projections": [
                                                                                                                    "id",
                                                                                                                    "creationdate",
                                                                                                                    "score",
                                                                                                                    "viewcount",
                                                                                                                    "owneruserid",
                                                                                                                    "title",
                                                                                                                    "tags"
                                                                                                                ],
                                                                                                                "Filters": "creationdate>='2024-09-01 12:34:56'::TIMESTAMP",
                                                                                                                "Estimated Cardinality": "770023"
                                                                                                            },
                                                                                                            "cumulative_cardinality": 9927,
                                                                                                            "operator_type": "TABLE_SCAN",
                                                                                                            "operator_cardinality": 9927,
                                                                                                            "cumulative_rows_scanned": 3850116,
                                                                                                            "operator_rows_scanned": 3850116,
                                                                                                            "operator_timing": 0.250391652,
                                                                                                            "result_set_size": 555912,
                                                                                                            "children": []
                                                                                                        },
                                                                                                        {
                                                                                                            "operator_name": "READ_PARQUET ",
                                                                                                            "cpu_time": 0.000576147,
                                                                                                            "extra_info": {
                                                                                                                "Function": "READ_PARQUET",
                                                                                                                "Projections": "tagname",
                                                                                                                "Estimated Cardinality": "1976"
                                                                                                            },
                                                                                                            "cumulative_cardinality": 1976,
                                                                                                            "operator_type": "TABLE_SCAN",
                                                                                                            "operator_cardinality": 1976,
                                                                                                            "cumulative_rows_scanned": 1976,
                                                                                                            "operator_rows_scanned": 1976,
                                                                                                            "operator_timing": 0.000576147,
                                                                                                            "result_set_size": 31616,
                                                                                                            "children": []
                                                                                                        }
                                                                                                    ]
                                                                                                }
                                                                                            ]
                                                                                        }
                                                                                    ]
                                                                                }
                                                                            ]
                                                                        }
                                                                    ]
                                                                }
                                                            ]
                                                        },
                                                        {
                                                            "operator_name": "NESTED_LOOP_JOIN",
                                                            "cpu_time": 9.719968855000001,
                                                            "extra_info": {
                                                                "Join Type": "INNER",
                                                                "Conditions": "CAST(viewcount AS DOUBLE) > SUBQUERY",
                                                                "Estimated Cardinality": "4"
                                                            },
                                                            "cumulative_cardinality": 63249630,
                                                            "operator_type": "NESTED_LOOP_JOIN",
                                                            "operator_cardinality": 1680,
                                                            "cumulative_rows_scanned": 28121771,
                                                            "operator_rows_scanned": 0,
                                                            "operator_timing": 0.0014390440000000002,
                                                            "result_set_size": 4615584,
                                                            "children": [
                                                                {
                                                                    "operator_name": "PROJECTION",
                                                                    "cpu_time": 9.718373946000002,
                                                                    "extra_info": {
                                                                        "Projections": [
                                                                            "#0",
                                                                            "#1",
                                                                            "#2",
                                                                            "#3",
                                                                            "#4",
                                                                            "#5",
                                                                            "#6",
                                                                            "#7",
                                                                            "#8",
                                                                            "#9",
                                                                            "#10",
                                                                            "#11",
                                                                            "#12",
                                                                            "#13",
                                                                            "#14",
                                                                            "#15",
                                                                            "#16",
                                                                            "#17",
                                                                            "#18",
                                                                            "#19",
                                                                            "#20",
                                                                            "#21",
                                                                            "#22",
                                                                            "#23",
                                                                            "#24",
                                                                            "#25",
                                                                            "#26",
                                                                            "__internal_decompress_integral_smallint(#27, 1)",
                                                                            "#28",
                                                                            "#29"
                                                                        ],
                                                                        "Estimated Cardinality": "6372046"
                                                                    },
                                                                    "cumulative_cardinality": 63228092,
                                                                    "operator_type": "PROJECTION",
                                                                    "operator_cardinality": 10920,
                                                                    "cumulative_rows_scanned": 28121771,
                                                                    "operator_rows_scanned": 0,
                                                                    "operator_timing": 0.00018775700000000004,
                                                                    "result_set_size": 4095680,
                                                                    "children": [
                                                                        {
                                                                            "operator_name": "HASH_JOIN",
                                                                            "cpu_time": 9.718186189,
                                                                            "extra_info": {
                                                                                "Join Type": "LEFT",
                                                                                "Conditions": "PostId = postid",
                                                                                "Estimated Cardinality": "6372046"
                                                                            },
                                                                            "cumulative_cardinality": 63217172,
                                                                            "operator_type": "HASH_JOIN",
                                                                            "operator_cardinality": 10920,
                                                                            "cumulative_rows_scanned": 28121771,
                                                                            "operator_rows_scanned": 0,
                                                                            "operator_timing": 0.14921672199999997,
                                                                            "result_set_size": 5887000,
                                                                            "children": [
                                                                                {
                                                                                    "operator_name": "HASH_JOIN",
                                                                                    "cpu_time": 4.023536332999998,
                                                                                    "extra_info": {
                                                                                        "Join Type": "LEFT",
                                                                                        "Conditions": "id = userid",
                                                                                        "Estimated Cardinality": "6372046"
                                                                                    },
                                                                                    "cumulative_cardinality": 35966123,
                                                                                    "operator_type": "HASH_JOIN",
                                                                                    "operator_cardinality": 9927,
                                                                                    "cumulative_rows_scanned": 16326527,
                                                                                    "operator_rows_scanned": 0,
                                                                                    "operator_timing": 0.025549783,
                                                                                    "result_set_size": 4016360,
                                                                                    "children": [
                                                                                        {
                                                                                            "operator_name": "PROJECTION",
                                                                                            "cpu_time": 3.8538671919999983,
                                                                                            "extra_info": {
                                                                                                "Projections": [
                                                                                                    "#0",
                                                                                                    "#1",
                                                                                                    "#2",
                                                                                                    "#3",
                                                                                                    "#4",
                                                                                                    "#5",
                                                                                                    "#6",
                                                                                                    "#7",
                                                                                                    "#8",
                                                                                                    "#9",
                                                                                                    "#10",
                                                                                                    "#11",
                                                                                                    "#12",
                                                                                                    "#13",
                                                                                                    "__internal_decompress_integral_integer(#14, 0)",
                                                                                                    "#15",
                                                                                                    "#16",
                                                                                                    "#17",
                                                                                                    "#18",
                                                                                                    "#19",
                                                                                                    "#20",
                                                                                                    "#21",
                                                                                                    "#22",
                                                                                                    "#23"
                                                                                                ],
                                                                                                "Estimated Cardinality": "6372046"
                                                                                            },
                                                                                            "cumulative_cardinality": 30763727,
                                                                                            "operator_type": "PROJECTION",
                                                                                            "operator_cardinality": 9927,
                                                                                            "cumulative_rows_scanned": 14004803,
                                                                                            "operator_rows_scanned": 0,
                                                                                            "operator_timing": 0.00006266400000000001,
                                                                                            "result_set_size": 3232516,
                                                                                            "children": [
                                                                                                {
                                                                                                    "operator_name": "HASH_JOIN",
                                                                                                    "cpu_time": 3.853804527999998,
                                                                                                    "extra_info": {
                                                                                                        "Join Type": "RIGHT",
                                                                                                        "Conditions": "postid = PostId",
                                                                                                        "Estimated Cardinality": "6372046"
                                                                                                    },
                                                                                                    "cumulative_cardinality": 30753800,
                                                                                                    "operator_type": "HASH_JOIN",
                                                                                                    "operator_cardinality": 9927,
                                                                                                    "cumulative_rows_scanned": 14004803,
                                                                                                    "operator_rows_scanned": 0,
                                                                                                    "operator_timing": 0.06801401299999996,
                                                                                                    "result_set_size": 66717046,
                                                                                                    "children": [
                                                                                                        {
                                                                                                            "operator_name": "HASH_GROUP_BY",
                                                                                                            "cpu_time": 2.890482261999999,
                                                                                                            "extra_info": {
                                                                                                                "Groups": "#0",
                                                                                                                "Aggregates": [
                                                                                                                    "sum(#1)",
                                                                                                                    "sum(#2)",
                                                                                                                    "count_star()"
                                                                                                                ],
                                                                                                                "Estimated Cardinality": "6372046"
                                                                                                            },
                                                                                                            "cumulative_cardinality": 29453413,
                                                                                                            "operator_type": "HASH_GROUP_BY",
                                                                                                            "operator_cardinality": 3965227,
                                                                                                            "cumulative_rows_scanned": 12744093,
                                                                                                            "operator_rows_scanned": 0,
                                                                                                            "operator_timing": 1.2217801509999993,
                                                                                                            "result_set_size": 174469988,
                                                                                                            "children": [
                                                                                                                {
                                                                                                                    "operator_name": "PROJECTION",
                                                                                                                    "cpu_time": 1.6687021109999995,
                                                                                                                    "extra_info": {
                                                                                                                        "Projections": [
                                                                                                                            "postid",
                                                                                                                            "CASE  WHEN ((votetypeid IN (2, 1))) THEN (1) ELSE 0 END",
                                                                                                                            "CASE  WHEN ((votetypeid = 3)) THEN (1) ELSE 0 END"
                                                                                                                        ],
                                                                                                                        "Estimated Cardinality": "12744093"
                                                                                                                    },
                                                                                                                    "cumulative_cardinality": 25488186,
                                                                                                                    "operator_type": "PROJECTION",
                                                                                                                    "operator_cardinality": 12744093,
                                                                                                                    "cumulative_rows_scanned": 12744093,
                                                                                                                    "operator_rows_scanned": 0,
                                                                                                                    "operator_timing": 0.30569537399999896,
                                                                                                                    "result_set_size": 152929116,
                                                                                                                    "children": [
                                                                                                                        {
                                                                                                                            "operator_name": "READ_PARQUET ",
                                                                                                                            "cpu_time": 1.3630067370000005,
                                                                                                                            "extra_info": {
                                                                                                                                "Function": "READ_PARQUET",
                                                                                                                                "Projections": [
                                                                                                                                    "id",
                                                                                                                                    "postid",
                                                                                                                                    "votetypeid"
                                                                                                                                ],
                                                                                                                                "Estimated Cardinality": "12744093"
                                                                                                                            },
                                                                                                                            "cumulative_cardinality": 12744093,
                                                                                                                            "operator_type": "TABLE_SCAN",
                                                                                                                            "operator_cardinality": 12744093,
                                                                                                                            "cumulative_rows_scanned": 12744093,
                                                                                                                            "operator_rows_scanned": 12744093,
                                                                                                                            "operator_timing": 1.3630067370000005,
                                                                                                                            "result_set_size": 127440930,
                                                                                                                            "children": []
                                                                                                                        }
                                                                                                                    ]
                                                                                                                }
                                                                                                            ]
                                                                                                        },
                                                                                                        {
                                                                                                            "operator_name": "PROJECTION",
                                                                                                            "cpu_time": 0.8953082529999993,
                                                                                                            "extra_info": {
                                                                                                                "Projections": [
                                                                                                                    "#0",
                                                                                                                    "#1",
                                                                                                                    "#2",
                                                                                                                    "#3",
                                                                                                                    "#4",
                                                                                                                    "#5",
                                                                                                                    "#6",
                                                                                                                    "#7",
                                                                                                                    "#8",
                                                                                                                    "#9",
                                                                                                                    "__internal_compress_integral_usmallint(#10, 0)",
                                                                                                                    "#11",
                                                                                                                    "#12",
                                                                                                                    "#13",
                                                                                                                    "#14",
                                                                                                                    "#15",
                                                                                                                    "#16",
                                                                                                                    "#17",
                                                                                                                    "#18",
                                                                                                                    "#19"
                                                                                                                ],
                                                                                                                "Estimated Cardinality": "1260710"
                                                                                                            },
                                                                                                            "cumulative_cardinality": 1290460,
                                                                                                            "operator_type": "PROJECTION",
                                                                                                            "operator_cardinality": 9927,
                                                                                                            "cumulative_rows_scanned": 1260710,
                                                                                                            "operator_rows_scanned": 0,
                                                                                                            "operator_timing": 0.001827125999999998,
                                                                                                            "result_set_size": 21781314,
                                                                                                            "children": [
                                                                                                                {
                                                                                                                    "operator_name": "HASH_JOIN",
                                                                                                                    "cpu_time": 0.8934811269999993,
                                                                                                                    "extra_info": {
                                                                                                                        "Join Type": "RIGHT",
                                                                                                                        "Conditions": "id = ActualOwnerUserId",
                                                                                                                        "Estimated Cardinality": "1260710"
                                                                                                                    },
                                                                                                                    "cumulative_cardinality": 1280533,
                                                                                                                    "operator_type": "HASH_JOIN",
                                                                                                                    "operator_cardinality": 9927,
                                                                                                                    "cumulative_rows_scanned": 1260710,
                                                                                                                    "operator_rows_scanned": 0,
                                                                                                                    "operator_timing": 0.03035515400000003,
                                                                                                                    "result_set_size": 42019024,
                                                                                                                    "children": [
                                                                                                                        {
                                                                                                                            "operator_name": "READ_PARQUET ",
                                                                                                                            "cpu_time": 0.8625614999999993,
                                                                                                                            "extra_info": {
                                                                                                                                "Function": "READ_PARQUET",
                                                                                                                                "Projections": [
                                                                                                                                    "id",
                                                                                                                                    "reputation",
                                                                                                                                    "creationdate",
                                                                                                                                    "displayname",
                                                                                                                                    "lastaccessdate",
                                                                                                                                    "websiteurl",
                                                                                                                                    "location",
                                                                                                                                    "aboutme",
                                                                                                                                    "views",
                                                                                                                                    "upvotes",
                                                                                                                                    "downvotes",
                                                                                                                                    "profileimageurl",
                                                                                                                                    "accountid"
                                                                                                                                ],
                                                                                                                                "Estimated Cardinality": "1260710"
                                                                                                                            },
                                                                                                                            "cumulative_cardinality": 1260679,
                                                                                                                            "operator_type": "TABLE_SCAN",
                                                                                                                            "operator_cardinality": 1260679,
                                                                                                                            "cumulative_rows_scanned": 1260710,
                                                                                                                            "operator_rows_scanned": 1260710,
                                                                                                                            "operator_timing": 0.8625614999999993,
                                                                                                                            "result_set_size": 151281480,
                                                                                                                            "children": []
                                                                                                                        },
                                                                                                                        {
                                                                                                                            "operator_name": "CTE_SCAN",
                                                                                                                            "cpu_time": 0.000564473,
                                                                                                                            "extra_info": {
                                                                                                                                "CTE Index": "0",
                                                                                                                                "Estimated Cardinality": "385011"
                                                                                                                            },
                                                                                                                            "cumulative_cardinality": 9927,
                                                                                                                            "operator_type": "CTE_SCAN",
                                                                                                                            "operator_cardinality": 9927,
                                                                                                                            "cumulative_rows_scanned": 0,
                                                                                                                            "operator_rows_scanned": 0,
                                                                                                                            "operator_timing": 0.000564473,
                                                                                                                            "result_set_size": 752520,
                                                                                                                            "children": []
                                                                                                                        }
                                                                                                                    ]
                                                                                                                }
                                                                                                            ]
                                                                                                        }
                                                                                                    ]
                                                                                                }
                                                                                            ]
                                                                                        },
                                                                                        {
                                                                                            "operator_name": "HASH_GROUP_BY",
                                                                                            "cpu_time": 0.144119358,
                                                                                            "extra_info": {
                                                                                                "Groups": "#0",
                                                                                                "Aggregates": "count_star()",
                                                                                                "Estimated Cardinality": "1160862"
                                                                                            },
                                                                                            "cumulative_cardinality": 5192469,
                                                                                            "operator_type": "HASH_GROUP_BY",
                                                                                            "operator_cardinality": 549021,
                                                                                            "cumulative_rows_scanned": 2321724,
                                                                                            "operator_rows_scanned": 0,
                                                                                            "operator_timing": 0.10803908399999995,
                                                                                            "result_set_size": 6588252,
                                                                                            "children": [
                                                                                                {
                                                                                                    "operator_name": "PROJECTION",
                                                                                                    "cpu_time": 0.03608027400000005,
                                                                                                    "extra_info": {
                                                                                                        "Projections": "userid",
                                                                                                        "Estimated Cardinality": "2321724"
                                                                                                    },
                                                                                                    "cumulative_cardinality": 4643448,
                                                                                                    "operator_type": "PROJECTION",
                                                                                                    "operator_cardinality": 2321724,
                                                                                                    "cumulative_rows_scanned": 2321724,
                                                                                                    "operator_rows_scanned": 0,
                                                                                                    "operator_timing": 0.00028695299999999973,
                                                                                                    "result_set_size": 9286896,
                                                                                                    "children": [
                                                                                                        {
                                                                                                            "operator_name": "READ_PARQUET ",
                                                                                                            "cpu_time": 0.03579332100000005,
                                                                                                            "extra_info": {
                                                                                                                "Function": "READ_PARQUET",
                                                                                                                "Projections": [
                                                                                                                    "id",
                                                                                                                    "userid"
                                                                                                                ],
                                                                                                                "Estimated Cardinality": "2321724"
                                                                                                            },
                                                                                                            "cumulative_cardinality": 2321724,
                                                                                                            "operator_type": "TABLE_SCAN",
                                                                                                            "operator_cardinality": 2321724,
                                                                                                            "cumulative_rows_scanned": 2321724,
                                                                                                            "operator_rows_scanned": 2321724,
                                                                                                            "operator_timing": 0.03579332100000005,
                                                                                                            "result_set_size": 18573792,
                                                                                                            "children": []
                                                                                                        }
                                                                                                    ]
                                                                                                }
                                                                                            ]
                                                                                        }
                                                                                    ]
                                                                                },
                                                                                {
                                                                                    "operator_name": "PROJECTION",
                                                                                    "cpu_time": 5.545433134000002,
                                                                                    "extra_info": {
                                                                                        "Projections": [
                                                                                            "#0",
                                                                                            "__internal_compress_integral_utinyint(#1, 1)",
                                                                                            "#2",
                                                                                            "#3"
                                                                                        ],
                                                                                        "Estimated Cardinality": "1179524"
                                                                                    },
                                                                                    "cumulative_cardinality": 27240129,
                                                                                    "operator_type": "PROJECTION",
                                                                                    "operator_cardinality": 2103706,
                                                                                    "cumulative_rows_scanned": 11795244,
                                                                                    "operator_rows_scanned": 0,
                                                                                    "operator_timing": 0.0008757970000000001,
                                                                                    "result_set_size": 35763002,
                                                                                    "children": [
                                                                                        {
                                                                                            "operator_name": "PROJECTION",
                                                                                            "cpu_time": 5.544557337000002,
                                                                                            "extra_info": {
                                                                                                "Projections": [
                                                                                                    "#0",
                                                                                                    "__internal_decompress_integral_smallint(#1, 1)",
                                                                                                    "#2",
                                                                                                    "#3"
                                                                                                ],
                                                                                                "Estimated Cardinality": "1179524"
                                                                                            },
                                                                                            "cumulative_cardinality": 25136423,
                                                                                            "operator_type": "PROJECTION",
                                                                                            "operator_cardinality": 2103706,
                                                                                            "cumulative_rows_scanned": 11795244,
                                                                                            "operator_rows_scanned": 0,
                                                                                            "operator_timing": 0.001028559999999998,
                                                                                            "result_set_size": 37866708,
                                                                                            "children": [
                                                                                                {
                                                                                                    "operator_name": "HASH_GROUP_BY",
                                                                                                    "cpu_time": 5.543528777000002,
                                                                                                    "extra_info": {
                                                                                                        "Groups": [
                                                                                                            "#0",
                                                                                                            "#1",
                                                                                                            "#2"
                                                                                                        ],
                                                                                                        "Aggregates": "max(#3)",
                                                                                                        "Estimated Cardinality": "1179524"
                                                                                                    },
                                                                                                    "cumulative_cardinality": 23032717,
                                                                                                    "operator_type": "HASH_GROUP_BY",
                                                                                                    "operator_cardinality": 2103706,
                                                                                                    "cumulative_rows_scanned": 11795244,
                                                                                                    "operator_rows_scanned": 0,
                                                                                                    "operator_timing": 0.4652568949999988,
                                                                                                    "result_set_size": 35763002,
                                                                                                    "children": [
                                                                                                        {
                                                                                                            "operator_name": "PROJECTION",
                                                                                                            "cpu_time": 5.078271882000004,
                                                                                                            "extra_info": {
                                                                                                                "Projections": [
                                                                                                                    "postid",
                                                                                                                    "posthistorytypeid",
                                                                                                                    "userid",
                                                                                                                    "creationdate"
                                                                                                                ],
                                                                                                                "Estimated Cardinality": "2359048"
                                                                                                            },
                                                                                                            "cumulative_cardinality": 20929011,
                                                                                                            "operator_type": "PROJECTION",
                                                                                                            "operator_cardinality": 3044589,
                                                                                                            "cumulative_rows_scanned": 11795244,
                                                                                                            "operator_rows_scanned": 0,
                                                                                                            "operator_timing": 0.0028614100000000334,
                                                                                                            "result_set_size": 51758013,
                                                                                                            "children": [
                                                                                                                {
                                                                                                                    "operator_name": "PROJECTION",
                                                                                                                    "cpu_time": 5.075410472000003,
                                                                                                                    "extra_info": {
                                                                                                                        "Projections": [
                                                                                                                            "__internal_compress_integral_utinyint(#0, 1)",
                                                                                                                            "#1",
                                                                                                                            "#2",
                                                                                                                            "#3"
                                                                                                                        ],
                                                                                                                        "Estimated Cardinality": "2359048"
                                                                                                                    },
                                                                                                                    "cumulative_cardinality": 17884422,
                                                                                                                    "operator_type": "PROJECTION",
                                                                                                                    "operator_cardinality": 3044589,
                                                                                                                    "cumulative_rows_scanned": 11795244,
                                                                                                                    "operator_rows_scanned": 0,
                                                                                                                    "operator_timing": 0.008266355000000032,
                                                                                                                    "result_set_size": 51758013,
                                                                                                                    "children": [
                                                                                                                        {
                                                                                                                            "operator_name": "FILTER",
                                                                                                                            "cpu_time": 5.067144117000003,
                                                                                                                            "extra_info": {
                                                                                                                                "Expression": "((posthistorytypeid = 5) OR (posthistorytypeid = 11) OR (posthistorytypeid = 12) OR (posthistorytypeid = 14))",
                                                                                                                                "Estimated Cardinality": "2359048"
                                                                                                                            },
                                                                                                                            "cumulative_cardinality": 14839833,
                                                                                                                            "operator_type": "FILTER",
                                                                                                                            "operator_cardinality": 3044589,
                                                                                                                            "cumulative_rows_scanned": 11795244,
                                                                                                                            "operator_rows_scanned": 0,
                                                                                                                            "operator_timing": 0.2872065479999991,
                                                                                                                            "result_set_size": 54802602,
                                                                                                                            "children": [
                                                                                                                                {
                                                                                                                                    "operator_name": "READ_PARQUET ",
                                                                                                                                    "cpu_time": 4.779937569000004,
                                                                                                                                    "extra_info": {
                                                                                                                                        "Function": "READ_PARQUET",
                                                                                                                                        "Projections": [
                                                                                                                                            "posthistorytypeid",
                                                                                                                                            "postid",
                                                                                                                                            "creationdate",
                                                                                                                                            "userid"
                                                                                                                                        ],
                                                                                                                                        "Filters": "optional: posthistorytypeid IN (5, 11, 12, 14)",
                                                                                                                                        "Estimated Cardinality": "11795244"
                                                                                                                                    },
                                                                                                                                    "cumulative_cardinality": 11795244,
                                                                                                                                    "operator_type": "TABLE_SCAN",
                                                                                                                                    "operator_cardinality": 11795244,
                                                                                                                                    "cumulative_rows_scanned": 11795244,
                                                                                                                                    "operator_rows_scanned": 11795244,
                                                                                                                                    "operator_timing": 4.779937569000004,
                                                                                                                                    "result_set_size": 212314392,
                                                                                                                                    "children": []
                                                                                                                                }
                                                                                                                            ]
                                                                                                                        }
                                                                                                                    ]
                                                                                                                }
                                                                                                            ]
                                                                                                        }
                                                                                                    ]
                                                                                                }
                                                                                            ]
                                                                                        }
                                                                                    ]
                                                                                }
                                                                            ]
                                                                        }
                                                                    ]
                                                                },
                                                                {
                                                                    "operator_name": "PROJECTION",
                                                                    "cpu_time": 0.00015586499999999999,
                                                                    "extra_info": {
                                                                        "Projections": [
                                                                            "CASE  WHEN ((#1 > 1)) THEN (error('More than one row returned by a subquery used as an expression - scalar subqueries can only return a single row.",
                                                                            "Use \"SET scalar_subquery_error_on_multiple_rows=false\" to revert to previous behavior of returning a random row.')) ELSE #0 END"
                                                                        ],
                                                                        "Estimated Cardinality": "1"
                                                                    },
                                                                    "cumulative_cardinality": 19858,
                                                                    "operator_type": "PROJECTION",
                                                                    "operator_cardinality": 1,
                                                                    "cumulative_rows_scanned": 0,
                                                                    "operator_rows_scanned": 0,
                                                                    "operator_timing": 0.000002575,
                                                                    "result_set_size": 8,
                                                                    "children": [
                                                                        {
                                                                            "operator_name": "UNGROUPED_AGGREGATE",
                                                                            "cpu_time": 0.00015329,
                                                                            "extra_info": {
                                                                                "Aggregates": [
                                                                                    "\"first\"(#0)",
                                                                                    "count_star()"
                                                                                ]
                                                                            },
                                                                            "cumulative_cardinality": 19857,
                                                                            "operator_type": "UNGROUPED_AGGREGATE",
                                                                            "operator_cardinality": 1,
                                                                            "cumulative_rows_scanned": 0,
                                                                            "operator_rows_scanned": 0,
                                                                            "operator_timing": 0.000005229,
                                                                            "result_set_size": 16,
                                                                            "children": [
                                                                                {
                                                                                    "operator_name": "PROJECTION",
                                                                                    "cpu_time": 0.00014806099999999998,
                                                                                    "extra_info": {
                                                                                        "Projections": "#0",
                                                                                        "Estimated Cardinality": "1"
                                                                                    },
                                                                                    "cumulative_cardinality": 19856,
                                                                                    "operator_type": "PROJECTION",
                                                                                    "operator_cardinality": 1,
                                                                                    "cumulative_rows_scanned": 0,
                                                                                    "operator_rows_scanned": 0,
                                                                                    "operator_timing": 5.01e-7,
                                                                                    "result_set_size": 8,
                                                                                    "children": [
                                                                                        {
                                                                                            "operator_name": "UNGROUPED_AGGREGATE",
                                                                                            "cpu_time": 0.00014755999999999998,
                                                                                            "extra_info": {
                                                                                                "Aggregates": "avg(#0)"
                                                                                            },
                                                                                            "cumulative_cardinality": 19855,
                                                                                            "operator_type": "UNGROUPED_AGGREGATE",
                                                                                            "operator_cardinality": 1,
                                                                                            "cumulative_rows_scanned": 0,
                                                                                            "operator_rows_scanned": 0,
                                                                                            "operator_timing": 0.000013597000000000002,
                                                                                            "result_set_size": 8,
                                                                                            "children": [
                                                                                                {
                                                                                                    "operator_name": "PROJECTION",
                                                                                                    "cpu_time": 0.00013396299999999996,
                                                                                                    "extra_info": {
                                                                                                        "Projections": "viewcount",
                                                                                                        "Estimated Cardinality": "385011"
                                                                                                    },
                                                                                                    "cumulative_cardinality": 19854,
                                                                                                    "operator_type": "PROJECTION",
                                                                                                    "operator_cardinality": 9927,
                                                                                                    "cumulative_rows_scanned": 0,
                                                                                                    "operator_rows_scanned": 0,
                                                                                                    "operator_timing": 0.000001094,
                                                                                                    "result_set_size": 39708,
                                                                                                    "children": [
                                                                                                        {
                                                                                                            "operator_name": "CTE_SCAN",
                                                                                                            "cpu_time": 0.00013286899999999998,
                                                                                                            "extra_info": {
                                                                                                                "CTE Index": "0",
                                                                                                                "Estimated Cardinality": "385011"
                                                                                                            },
                                                                                                            "cumulative_cardinality": 9927,
                                                                                                            "operator_type": "CTE_SCAN",
                                                                                                            "operator_cardinality": 9927,
                                                                                                            "cumulative_rows_scanned": 0,
                                                                                                            "operator_rows_scanned": 0,
                                                                                                            "operator_timing": 0.00013286899999999998,
                                                                                                            "result_set_size": 752520,
                                                                                                            "children": []
                                                                                                        }
                                                                                                    ]
                                                                                                }
                                                                                            ]
                                                                                        }
                                                                                    ]
                                                                                }
                                                                            ]
                                                                        }
                                                                    ]
                                                                }
                                                            ]
                                                        }
                                                    ]
                                                }
                                            ]
                                        }
                                    ]
                                }
                            ]
                        }
                    ]
                }
            ]
        }
    ]
}