{
    "rows_returned": 10,
    "query_name": "WITH RankedPosts AS (\n    SELECT \n        p.Id AS PostId, \n        p.Title, \n        p.CreationDate, \n        p.Score, \n        p.OwnerUserId, \n        ROW_NUMBER() OVER (PARTITION BY p.OwnerUserId ORDER BY p.CreationDate DESC) AS UserPostRank,\n        COUNT(*) OVER (PARTITION BY p.OwnerUserId) AS UserTotalPosts\n    FROM \n        Posts p\n    WHERE \n        p.PostTypeId = 1 \n        AND p.Title IS NOT NULL\n),\nBadgedUsers AS (\n    SELECT \n        u.Id AS UserId,\n        COUNT(b.Id) AS BadgeCount\n    FROM \n        Users u\n    LEFT JOIN \n        Badges b ON u.Id = b.UserId\n    GROUP BY \n        u.Id\n    HAVING \n        COUNT(b.Id) > 0\n),\nQuestionStats AS (\n    SELECT\n        p.OwnerUserId,\n        COUNT(p.Id) AS QuestionCount,\n        SUM(COALESCE(p.ViewCount, 0)) AS TotalViews,\n        AVG(COALESCE(p.Score, 0)) AS AvgScore\n    FROM \n        Posts p\n    WHERE \n        p.PostTypeId = 1 \n    GROUP BY \n        p.OwnerUserId\n),\nFinalReport AS (\n    SELECT \n        u.DisplayName,\n        u.Reputation,\n        qs.QuestionCount,\n        qs.TotalViews,\n        qs.AvgScore,\n        COALESCE(bu.BadgeCount, 0) AS BadgeCount,\n        CASE \n            WHEN qs.AvgScore IS NULL THEN 'No Score'\n            WHEN qs.AvgScore > 5 THEN 'High Achiever'\n            ELSE 'Needs Improvement'\n        END AS PerformanceCategory\n    FROM \n        Users u\n    LEFT JOIN \n        QuestionStats qs ON u.Id = qs.OwnerUserId\n    LEFT JOIN \n        BadgedUsers bu ON u.Id = bu.UserId\n    WHERE \n        u.Reputation > (SELECT AVG(Reputation) FROM Users) \n)\nSELECT \n    fr.DisplayName,\n    fr.Reputation,\n    fr.QuestionCount,\n    fr.TotalViews,\n    fr.AvgScore,\n    fr.BadgeCount,\n    fr.PerformanceCategory\nFROM \n    FinalReport fr\nWHERE \n    fr.QuestionCount BETWEEN 5 AND 15 \n    AND fr.TotalViews IS NOT NULL \nORDER BY \n    fr.AvgScore DESC NULLS LAST\nLIMIT 10;",
    "blocked_thread_time": 0.0,
    "cpu_time": 0.8122627779999996,
    "extra_info": {},
    "cumulative_cardinality": 19074327,
    "cumulative_rows_scanned": 9953970,
    "result_set_size": 760,
    "latency": 0.887525234,
    "children": [
        {
            "operator_name": "STREAMING_LIMIT",
            "cpu_time": 0.8122627779999996,
            "extra_info": {},
            "cumulative_cardinality": 19074327,
            "operator_type": "STREAMING_LIMIT",
            "operator_cardinality": 10,
            "cumulative_rows_scanned": 9953970,
            "operator_rows_scanned": 0,
            "operator_timing": 0.000001012,
            "result_set_size": 760,
            "children": [
                {
                    "operator_name": "ORDER_BY",
                    "cpu_time": 0.8122617659999996,
                    "extra_info": {
                        "Order By": "fr.AvgScore DESC"
                    },
                    "cumulative_cardinality": 19074317,
                    "operator_type": "ORDER_BY",
                    "operator_cardinality": 4096,
                    "cumulative_rows_scanned": 9953970,
                    "operator_rows_scanned": 0,
                    "operator_timing": 0.0021821909999999987,
                    "result_set_size": 311296,
                    "children": [
                        {
                            "operator_name": "PROJECTION",
                            "cpu_time": 0.8100795749999996,
                            "extra_info": {
                                "Projections": [
                                    "displayname",
                                    "reputation",
                                    "QuestionCount",
                                    "TotalViews",
                                    "AvgScore",
                                    "BadgeCount",
                                    "PerformanceCategory"
                                ],
                                "Estimated Cardinality": "0"
                            },
                            "cumulative_cardinality": 19070221,
                            "operator_type": "PROJECTION",
                            "operator_cardinality": 28613,
                            "cumulative_rows_scanned": 9953970,
                            "operator_rows_scanned": 0,
                            "operator_timing": 0.0013209339999999989,
                            "result_set_size": 2174588,
                            "children": [
                                {
                                    "operator_name": "NESTED_LOOP_JOIN",
                                    "cpu_time": 0.8087586409999996,
                                    "extra_info": {
                                        "Join Type": "INNER",
                                        "Conditions": "CAST(reputation AS DOUBLE) > SUBQUERY",
                                        "Estimated Cardinality": "0"
                                    },
                                    "cumulative_cardinality": 19041608,
                                    "operator_type": "NESTED_LOOP_JOIN",
                                    "operator_cardinality": 28613,
                                    "cumulative_rows_scanned": 9953970,
                                    "operator_rows_scanned": 0,
                                    "operator_timing": 0.002344448,
                                    "result_set_size": 2289040,
                                    "children": [
                                        {
                                            "operator_name": "HASH_JOIN",
                                            "cpu_time": 0.7944758629999996,
                                            "extra_info": {
                                                "Join Type": "RIGHT",
                                                "Conditions": "UserId = id",
                                                "Estimated Cardinality": "252142"
                                            },
                                            "cumulative_cardinality": 16491571,
                                            "operator_type": "HASH_JOIN",
                                            "operator_cardinality": 40070,
                                            "cumulative_rows_scanned": 8693260,
                                            "operator_rows_scanned": 0,
                                            "operator_timing": 0.013282066999999995,
                                            "result_set_size": 2885040,
                                            "children": [
                                                {
                                                    "operator_name": "FILTER",
                                                    "cpu_time": 0.3764233749999998,
                                                    "extra_info": {
                                                        "Expression": "(count(id) > 0)",
                                                        "Estimated Cardinality": "252142"
                                                    },
                                                    "cumulative_cardinality": 11458991,
                                                    "operator_type": "FILTER",
                                                    "operator_cardinality": 549021,
                                                    "cumulative_rows_scanned": 3582434,
                                                    "operator_rows_scanned": 0,
                                                    "operator_timing": 0.0015862420000000027,
                                                    "result_set_size": 6588252,
                                                    "children": [
                                                        {
                                                            "operator_name": "HASH_GROUP_BY",
                                                            "cpu_time": 0.37483713299999977,
                                                            "extra_info": {
                                                                "Groups": "#0",
                                                                "Aggregates": "count(#1)",
                                                                "Estimated Cardinality": "1260710"
                                                            },
                                                            "cumulative_cardinality": 10909970,
                                                            "operator_type": "HASH_GROUP_BY",
                                                            "operator_cardinality": 1260710,
                                                            "cumulative_rows_scanned": 3582434,
                                                            "operator_rows_scanned": 0,
                                                            "operator_timing": 0.16038261300000003,
                                                            "result_set_size": 15128520,
                                                            "children": [
                                                                {
                                                                    "operator_name": "PROJECTION",
                                                                    "cpu_time": 0.21445451999999976,
                                                                    "extra_info": {
                                                                        "Projections": [
                                                                            "id",
                                                                            "id"
                                                                        ],
                                                                        "Estimated Cardinality": "2321724"
                                                                    },
                                                                    "cumulative_cardinality": 9649260,
                                                                    "operator_type": "PROJECTION",
                                                                    "operator_cardinality": 3033413,
                                                                    "cumulative_rows_scanned": 3582434,
                                                                    "operator_rows_scanned": 0,
                                                                    "operator_timing": 0.00037087599999999904,
                                                                    "result_set_size": 24267304,
                                                                    "children": [
                                                                        {
                                                                            "operator_name": "HASH_JOIN",
                                                                            "cpu_time": 0.21408364399999977,
                                                                            "extra_info": {
                                                                                "Join Type": "RIGHT",
                                                                                "Conditions": "userid = id",
                                                                                "Estimated Cardinality": "2321724"
                                                                            },
                                                                            "cumulative_cardinality": 6615847,
                                                                            "operator_type": "HASH_JOIN",
                                                                            "operator_cardinality": 3033413,
                                                                            "cumulative_rows_scanned": 3582434,
                                                                            "operator_rows_scanned": 0,
                                                                            "operator_timing": 0.16101969399999974,
                                                                            "result_set_size": 36400956,
                                                                            "children": [
                                                                                {
                                                                                    "operator_name": "READ_PARQUET ",
                                                                                    "cpu_time": 0.046421774000000034,
                                                                                    "extra_info": {
                                                                                        "Function": "READ_PARQUET",
                                                                                        "Projections": [
                                                                                            "id",
                                                                                            "userid"
                                                                                        ],
                                                                                        "Estimated Cardinality": "2321724"
                                                                                    },
                                                                                    "cumulative_cardinality": 2321724,
                                                                                    "operator_type": "TABLE_SCAN",
                                                                                    "operator_cardinality": 2321724,
                                                                                    "cumulative_rows_scanned": 2321724,
                                                                                    "operator_rows_scanned": 2321724,
                                                                                    "operator_timing": 0.046421774000000034,
                                                                                    "result_set_size": 18573792,
                                                                                    "children": []
                                                                                },
                                                                                {
                                                                                    "operator_name": "READ_PARQUET ",
                                                                                    "cpu_time": 0.006642176000000004,
                                                                                    "extra_info": {
                                                                                        "Function": "READ_PARQUET",
                                                                                        "Projections": "id",
                                                                                        "Estimated Cardinality": "1260710"
                                                                                    },
                                                                                    "cumulative_cardinality": 1260710,
                                                                                    "operator_type": "TABLE_SCAN",
                                                                                    "operator_cardinality": 1260710,
                                                                                    "cumulative_rows_scanned": 1260710,
                                                                                    "operator_rows_scanned": 1260710,
                                                                                    "operator_timing": 0.006642176000000004,
                                                                                    "result_set_size": 5042840,
                                                                                    "children": []
                                                                                }
                                                                            ]
                                                                        }
                                                                    ]
                                                                }
                                                            ]
                                                        }
                                                    ]
                                                },
                                                {
                                                    "operator_name": "HASH_JOIN",
                                                    "cpu_time": 0.4047704209999998,
                                                    "extra_info": {
                                                        "Join Type": "INNER",
                                                        "Conditions": "id = owneruserid",
                                                        "Estimated Cardinality": "77002"
                                                    },
                                                    "cumulative_cardinality": 4992510,
                                                    "operator_type": "HASH_JOIN",
                                                    "operator_cardinality": 40070,
                                                    "cumulative_rows_scanned": 5110826,
                                                    "operator_rows_scanned": 0,
                                                    "operator_timing": 0.01711686299999994,
                                                    "result_set_size": 2404200,
                                                    "children": [
                                                        {
                                                            "operator_name": "READ_PARQUET ",
                                                            "cpu_time": 0.09733853099999998,
                                                            "extra_info": {
                                                                "Function": "READ_PARQUET",
                                                                "Projections": [
                                                                    "id",
                                                                    "reputation",
                                                                    "displayname"
                                                                ],
                                                                "Filters": "id<=1416539",
                                                                "Estimated Cardinality": "1260710"
                                                            },
                                                            "cumulative_cardinality": 1246568,
                                                            "operator_type": "TABLE_SCAN",
                                                            "operator_cardinality": 1246568,
                                                            "cumulative_rows_scanned": 1260710,
                                                            "operator_rows_scanned": 1260710,
                                                            "operator_timing": 0.09733853099999998,
                                                            "result_set_size": 29917632,
                                                            "children": []
                                                        },
                                                        {
                                                            "operator_name": "FILTER",
                                                            "cpu_time": 0.2903150269999999,
                                                            "extra_info": {
                                                                "Expression": "((TotalViews IS NOT NULL) AND (QuestionCount BETWEEN 5 AND 15))",
                                                                "Estimated Cardinality": "77002"
                                                            },
                                                            "cumulative_cardinality": 3705872,
                                                            "operator_type": "FILTER",
                                                            "operator_cardinality": 40070,
                                                            "cumulative_rows_scanned": 3850116,
                                                            "operator_rows_scanned": 0,
                                                            "operator_timing": 0.0014185609999999994,
                                                            "result_set_size": 1442520,
                                                            "children": [
                                                                {
                                                                    "operator_name": "HASH_GROUP_BY",
                                                                    "cpu_time": 0.2888964659999999,
                                                                    "extra_info": {
                                                                        "Groups": "#0",
                                                                        "Aggregates": [
                                                                            "count_star()",
                                                                            "sum(#1)",
                                                                            "avg(#2)"
                                                                        ],
                                                                        "Estimated Cardinality": "385011"
                                                                    },
                                                                    "cumulative_cardinality": 3665802,
                                                                    "operator_type": "HASH_GROUP_BY",
                                                                    "operator_cardinality": 329474,
                                                                    "cumulative_rows_scanned": 3850116,
                                                                    "operator_rows_scanned": 0,
                                                                    "operator_timing": 0.07736932600000006,
                                                                    "result_set_size": 11861064,
                                                                    "children": [
                                                                        {
                                                                            "operator_name": "PROJECTION",
                                                                            "cpu_time": 0.21152713999999986,
                                                                            "extra_info": {
                                                                                "Projections": [
                                                                                    "owneruserid",
                                                                                    "COALESCE(viewcount, 0)",
                                                                                    "score"
                                                                                ],
                                                                                "Estimated Cardinality": "770023"
                                                                            },
                                                                            "cumulative_cardinality": 3336328,
                                                                            "operator_type": "PROJECTION",
                                                                            "operator_cardinality": 1668164,
                                                                            "cumulative_rows_scanned": 3850116,
                                                                            "operator_rows_scanned": 0,
                                                                            "operator_timing": 0.01775861099999996,
                                                                            "result_set_size": 20017968,
                                                                            "children": [
                                                                                {
                                                                                    "operator_name": "READ_PARQUET ",
                                                                                    "cpu_time": 0.1937685289999999,
                                                                                    "extra_info": {
                                                                                        "Function": "READ_PARQUET",
                                                                                        "Projections": [
                                                                                            "id",
                                                                                            "score",
                                                                                            "viewcount",
                                                                                            "owneruserid"
                                                                                        ],
                                                                                        "Filters": "posttypeid=1",
                                                                                        "Estimated Cardinality": "770023"
                                                                                    },
                                                                                    "cumulative_cardinality": 1668164,
                                                                                    "operator_type": "TABLE_SCAN",
                                                                                    "operator_cardinality": 1668164,
                                                                                    "cumulative_rows_scanned": 3850116,
                                                                                    "operator_rows_scanned": 3850116,
                                                                                    "operator_timing": 0.1937685289999999,
                                                                                    "result_set_size": 26690624,
                                                                                    "children": []
                                                                                }
                                                                            ]
                                                                        }
                                                                    ]
                                                                }
                                                            ]
                                                        }
                                                    ]
                                                }
                                            ]
                                        },
                                        {
                                            "operator_name": "PROJECTION",
                                            "cpu_time": 0.011938329999999999,
                                            "extra_info": {
                                                "Projections": [
                                                    "CASE  WHEN ((#1 > 1)) THEN (error('More than one row returned by a subquery used as an expression - scalar subqueries can only return a single row.",
                                                    "Use \"SET scalar_subquery_error_on_multiple_rows=false\" to revert to previous behavior of returning a random row.')) ELSE #0 END"
                                                ],
                                                "Estimated Cardinality": "1"
                                            },
                                            "cumulative_cardinality": 2521424,
                                            "operator_type": "PROJECTION",
                                            "operator_cardinality": 1,
                                            "cumulative_rows_scanned": 1260710,
                                            "operator_rows_scanned": 0,
                                            "operator_timing": 0.000001884,
                                            "result_set_size": 8,
                                            "children": [
                                                {
                                                    "operator_name": "UNGROUPED_AGGREGATE",
                                                    "cpu_time": 0.011936445999999998,
                                                    "extra_info": {
                                                        "Aggregates": [
                                                            "\"first\"(#0)",
                                                            "count_star()"
                                                        ]
                                                    },
                                                    "cumulative_cardinality": 2521423,
                                                    "operator_type": "UNGROUPED_AGGREGATE",
                                                    "operator_cardinality": 1,
                                                    "cumulative_rows_scanned": 1260710,
                                                    "operator_rows_scanned": 0,
                                                    "operator_timing": 0.0000013830000000000001,
                                                    "result_set_size": 16,
                                                    "children": [
                                                        {
                                                            "operator_name": "PROJECTION",
                                                            "cpu_time": 0.011935062999999997,
                                                            "extra_info": {
                                                                "Projections": "#0",
                                                                "Estimated Cardinality": "1"
                                                            },
                                                            "cumulative_cardinality": 2521422,
                                                            "operator_type": "PROJECTION",
                                                            "operator_cardinality": 1,
                                                            "cumulative_rows_scanned": 1260710,
                                                            "operator_rows_scanned": 0,
                                                            "operator_timing": 3.01e-7,
                                                            "result_set_size": 8,
                                                            "children": [
                                                                {
                                                                    "operator_name": "UNGROUPED_AGGREGATE",
                                                                    "cpu_time": 0.011934761999999998,
                                                                    "extra_info": {
                                                                        "Aggregates": "avg(#0)"
                                                                    },
                                                                    "cumulative_cardinality": 2521421,
                                                                    "operator_type": "UNGROUPED_AGGREGATE",
                                                                    "operator_cardinality": 1,
                                                                    "cumulative_rows_scanned": 1260710,
                                                                    "operator_rows_scanned": 0,
                                                                    "operator_timing": 0.004891589999999991,
                                                                    "result_set_size": 8,
                                                                    "children": [
                                                                        {
                                                                            "operator_name": "PROJECTION",
                                                                            "cpu_time": 0.007043172000000006,
                                                                            "extra_info": {
                                                                                "Projections": "reputation",
                                                                                "Estimated Cardinality": "1260710"
                                                                            },
                                                                            "cumulative_cardinality": 2521420,
                                                                            "operator_type": "PROJECTION",
                                                                            "operator_cardinality": 1260710,
                                                                            "cumulative_rows_scanned": 1260710,
                                                                            "operator_rows_scanned": 0,
                                                                            "operator_timing": 0.00005147799999999991,
                                                                            "result_set_size": 5042840,
                                                                            "children": [
                                                                                {
                                                                                    "operator_name": "READ_PARQUET ",
                                                                                    "cpu_time": 0.006991694000000007,
                                                                                    "extra_info": {
                                                                                        "Function": "READ_PARQUET",
                                                                                        "Projections": "reputation",
                                                                                        "Estimated Cardinality": "1260710"
                                                                                    },
                                                                                    "cumulative_cardinality": 1260710,
                                                                                    "operator_type": "TABLE_SCAN",
                                                                                    "operator_cardinality": 1260710,
                                                                                    "cumulative_rows_scanned": 1260710,
                                                                                    "operator_rows_scanned": 1260710,
                                                                                    "operator_timing": 0.006991694000000007,
                                                                                    "result_set_size": 5042840,
                                                                                    "children": []
                                                                                }
                                                                            ]
                                                                        }
                                                                    ]
                                                                }
                                                            ]
                                                        }
                                                    ]
                                                }
                                            ]
                                        }
                                    ]
                                }
                            ]
                        }
                    ]
                }
            ]
        }
    ]
}