{
    "rows_returned": 62575,
    "query_name": "WITH UserActivity AS (\n    SELECT \n        u.Id AS UserId,\n        u.DisplayName,\n        COUNT(DISTINCT p.Id) AS PostCount,\n        SUM(COALESCE(v.UpVotes, 0)) AS TotalUpVotes,\n        SUM(COALESCE(v.DownVotes, 0)) AS TotalDownVotes\n    FROM Users u\n    LEFT JOIN Posts p ON u.Id = p.OwnerUserId\n    LEFT JOIN (\n        SELECT \n            PostId,\n            SUM(CASE WHEN VoteTypeId = 2 THEN 1 ELSE 0 END) AS UpVotes,\n            SUM(CASE WHEN VoteTypeId = 3 THEN 1 ELSE 0 END) AS DownVotes\n        FROM Votes\n        GROUP BY PostId\n    ) v ON p.Id = v.PostId\n    WHERE u.Reputation > 0\n    GROUP BY u.Id, u.DisplayName\n),\nRecentPosts AS (\n    SELECT \n        p.Id AS PostId,\n        p.Title,\n        p.CreationDate,\n        ROW_NUMBER() OVER (PARTITION BY p.OwnerUserId ORDER BY p.CreationDate DESC) AS rn\n    FROM Posts p\n    WHERE p.CreationDate >= cast('2024-10-01 12:34:56' as timestamp) - INTERVAL '30 days'\n),\nTopBadges AS (\n    SELECT \n        b.UserId,\n        COUNT(b.Id) AS BadgeCount\n    FROM Badges b\n    WHERE b.Date >= cast('2024-10-01 12:34:56' as timestamp) - INTERVAL '1 year'\n    GROUP BY b.UserId\n)\nSELECT \n    ua.DisplayName,\n    ua.PostCount,\n    ua.TotalUpVotes,\n    ua.TotalDownVotes,\n    rp.Title AS RecentPostTitle,\n    rp.CreationDate AS RecentPostDate,\n    tb.BadgeCount,\n    CASE \n        WHEN tb.BadgeCount IS NOT NULL THEN 'Has Badges'\n        ELSE 'No Badges'\n    END AS BadgeStatus\nFROM UserActivity ua\nLEFT JOIN RecentPosts rp ON ua.UserId = rp.PostId\nLEFT JOIN TopBadges tb ON ua.UserId = tb.UserId\nWHERE ua.PostCount > 5\nORDER BY ua.TotalUpVotes DESC, ua.PostCount DESC;",
    "blocked_thread_time": 0.0,
    "cpu_time": 5.495986528000005,
    "extra_info": {},
    "cumulative_cardinality": 50270817,
    "cumulative_rows_scanned": 24026759,
    "result_set_size": 6507800,
    "latency": 6.785450707,
    "children": [
        {
            "operator_name": "PROJECTION",
            "cpu_time": 5.495986528000005,
            "extra_info": {
                "Projections": [
                    "#0",
                    "#1",
                    "#2",
                    "#3",
                    "#4",
                    "#5",
                    "#6",
                    "__internal_decompress_string(#7)"
                ],
                "Estimated Cardinality": "770023"
            },
            "cumulative_cardinality": 50270817,
            "operator_type": "PROJECTION",
            "operator_cardinality": 62575,
            "cumulative_rows_scanned": 24026759,
            "operator_rows_scanned": 0,
            "operator_timing": 0.000640937,
            "result_set_size": 6507800,
            "children": [
                {
                    "operator_name": "ORDER_BY",
                    "cpu_time": 5.495345591000005,
                    "extra_info": {
                        "Order By": [
                            "ua.TotalUpVotes DESC",
                            "ua.PostCount DESC"
                        ]
                    },
                    "cumulative_cardinality": 50208242,
                    "operator_type": "ORDER_BY",
                    "operator_cardinality": 62575,
                    "cumulative_rows_scanned": 24026759,
                    "operator_rows_scanned": 0,
                    "operator_timing": 0.005499242,
                    "result_set_size": 6507800,
                    "children": [
                        {
                            "operator_name": "PROJECTION",
                            "cpu_time": 5.489846349000005,
                            "extra_info": {
                                "Projections": [
                                    "#0",
                                    "#1",
                                    "#2",
                                    "#3",
                                    "#4",
                                    "#5",
                                    "#6",
                                    "__internal_compress_string_hugeint(#7)"
                                ],
                                "Estimated Cardinality": "770023"
                            },
                            "cumulative_cardinality": 50145667,
                            "operator_type": "PROJECTION",
                            "operator_cardinality": 62575,
                            "cumulative_rows_scanned": 24026759,
                            "operator_rows_scanned": 0,
                            "operator_timing": 0.00003720900000000001,
                            "result_set_size": 6507800,
                            "children": [
                                {
                                    "operator_name": "PROJECTION",
                                    "cpu_time": 5.489809140000005,
                                    "extra_info": {
                                        "Projections": [
                                            "displayname",
                                            "PostCount",
                                            "TotalUpVotes",
                                            "TotalDownVotes",
                                            "RecentPostTitle",
                                            "RecentPostDate",
                                            "BadgeCount",
                                            "BadgeStatus"
                                        ],
                                        "Estimated Cardinality": "770023"
                                    },
                                    "cumulative_cardinality": 50083092,
                                    "operator_type": "PROJECTION",
                                    "operator_cardinality": 62575,
                                    "cumulative_rows_scanned": 24026759,
                                    "operator_rows_scanned": 0,
                                    "operator_timing": 0.00013706699999999994,
                                    "result_set_size": 6507800,
                                    "children": [
                                        {
                                            "operator_name": "HASH_JOIN",
                                            "cpu_time": 5.489672073000005,
                                            "extra_info": {
                                                "Join Type": "LEFT",
                                                "Conditions": "UserId = userid",
                                                "Estimated Cardinality": "770023"
                                            },
                                            "cumulative_cardinality": 50020517,
                                            "operator_type": "HASH_JOIN",
                                            "operator_cardinality": 62575,
                                            "cumulative_rows_scanned": 24026759,
                                            "operator_rows_scanned": 0,
                                            "operator_timing": 0.00467607,
                                            "result_set_size": 5506600,
                                            "children": [
                                                {
                                                    "operator_name": "HASH_JOIN",
                                                    "cpu_time": 5.3589057200000045,
                                                    "extra_info": {
                                                        "Join Type": "RIGHT",
                                                        "Conditions": "PostId = UserId",
                                                        "Estimated Cardinality": "770023"
                                                    },
                                                    "cumulative_cardinality": 49548592,
                                                    "operator_type": "HASH_JOIN",
                                                    "operator_cardinality": 62575,
                                                    "cumulative_rows_scanned": 21705035,
                                                    "operator_rows_scanned": 0,
                                                    "operator_timing": 0.0071532440000000004,
                                                    "result_set_size": 5256300,
                                                    "children": [
                                                        {
                                                            "operator_name": "PROJECTION",
                                                            "cpu_time": 0.06532566700000002,
                                                            "extra_info": {
                                                                "Projections": [
                                                                    "PostId",
                                                                    "title",
                                                                    "creationdate"
                                                                ],
                                                                "Estimated Cardinality": "770023"
                                                            },
                                                            "cumulative_cardinality": 39708,
                                                            "operator_type": "PROJECTION",
                                                            "operator_cardinality": 9927,
                                                            "cumulative_rows_scanned": 3850116,
                                                            "operator_rows_scanned": 0,
                                                            "operator_timing": 0.0000025750000000000008,
                                                            "result_set_size": 277956,
                                                            "children": [
                                                                {
                                                                    "operator_name": "PROJECTION",
                                                                    "cpu_time": 0.06532309200000001,
                                                                    "extra_info": {
                                                                        "Projections": [
                                                                            "#0",
                                                                            "#1",
                                                                            "#2",
                                                                            "#3",
                                                                            "#4"
                                                                        ],
                                                                        "Estimated Cardinality": "770023"
                                                                    },
                                                                    "cumulative_cardinality": 29781,
                                                                    "operator_type": "PROJECTION",
                                                                    "operator_cardinality": 9927,
                                                                    "cumulative_rows_scanned": 3850116,
                                                                    "operator_rows_scanned": 0,
                                                                    "operator_timing": 0.000004285,
                                                                    "result_set_size": 397080,
                                                                    "children": [
                                                                        {
                                                                            "operator_name": "WINDOW",
                                                                            "cpu_time": 0.065318807,
                                                                            "extra_info": {
                                                                                "Projections": "ROW_NUMBER() OVER (PARTITION BY owneruserid ORDER BY creationdate DESC NULLS LAST)"
                                                                            },
                                                                            "cumulative_cardinality": 19854,
                                                                            "operator_type": "WINDOW",
                                                                            "operator_cardinality": 9927,
                                                                            "cumulative_rows_scanned": 3850116,
                                                                            "operator_rows_scanned": 0,
                                                                            "operator_timing": 0.003450527,
                                                                            "result_set_size": 397080,
                                                                            "children": [
                                                                                {
                                                                                    "operator_name": "READ_PARQUET ",
                                                                                    "cpu_time": 0.061868280000000005,
                                                                                    "extra_info": {
                                                                                        "Function": "READ_PARQUET",
                                                                                        "Projections": [
                                                                                            "id",
                                                                                            "creationdate",
                                                                                            "owneruserid",
                                                                                            "title"
                                                                                        ],
                                                                                        "Filters": "creationdate>='2024-09-01 12:34:56'::TIMESTAMP",
                                                                                        "Estimated Cardinality": "770023"
                                                                                    },
                                                                                    "cumulative_cardinality": 9927,
                                                                                    "operator_type": "TABLE_SCAN",
                                                                                    "operator_cardinality": 9927,
                                                                                    "cumulative_rows_scanned": 3850116,
                                                                                    "operator_rows_scanned": 3850116,
                                                                                    "operator_timing": 0.061868280000000005,
                                                                                    "result_set_size": 317664,
                                                                                    "children": []
                                                                                }
                                                                            ]
                                                                        }
                                                                    ]
                                                                }
                                                            ]
                                                        },
                                                        {
                                                            "operator_name": "FILTER",
                                                            "cpu_time": 5.286426809000004,
                                                            "extra_info": {
                                                                "Expression": "(PostCount > 5)",
                                                                "Estimated Cardinality": "252142"
                                                            },
                                                            "cumulative_cardinality": 49446309,
                                                            "operator_type": "FILTER",
                                                            "operator_cardinality": 62575,
                                                            "cumulative_rows_scanned": 17854919,
                                                            "operator_rows_scanned": 0,
                                                            "operator_timing": 0.002080020000000001,
                                                            "result_set_size": 3754500,
                                                            "children": [
                                                                {
                                                                    "operator_name": "HASH_GROUP_BY",
                                                                    "cpu_time": 5.284346789000004,
                                                                    "extra_info": {
                                                                        "Groups": [
                                                                            "#0",
                                                                            "#1"
                                                                        ],
                                                                        "Aggregates": [
                                                                            "count(DISTINCT #2)",
                                                                            "sum(#3)",
                                                                            "sum(#4)"
                                                                        ],
                                                                        "Estimated Cardinality": "1260710"
                                                                    },
                                                                    "cumulative_cardinality": 49383734,
                                                                    "operator_type": "HASH_GROUP_BY",
                                                                    "operator_cardinality": 1260710,
                                                                    "cumulative_rows_scanned": 17854919,
                                                                    "operator_rows_scanned": 0,
                                                                    "operator_timing": 1.2644141700000011,
                                                                    "result_set_size": 75642600,
                                                                    "children": [
                                                                        {
                                                                            "operator_name": "PROJECTION",
                                                                            "cpu_time": 4.019932619000003,
                                                                            "extra_info": {
                                                                                "Projections": [
                                                                                    "id",
                                                                                    "displayname",
                                                                                    "id",
                                                                                    "COALESCE(UpVotes, 0)",
                                                                                    "COALESCE(DownVotes, 0)"
                                                                                ],
                                                                                "Estimated Cardinality": "6372046"
                                                                            },
                                                                            "cumulative_cardinality": 48123024,
                                                                            "operator_type": "PROJECTION",
                                                                            "operator_cardinality": 4574495,
                                                                            "cumulative_rows_scanned": 17854919,
                                                                            "operator_rows_scanned": 0,
                                                                            "operator_timing": 0.07272382900000011,
                                                                            "result_set_size": 256171720,
                                                                            "children": [
                                                                                {
                                                                                    "operator_name": "HASH_JOIN",
                                                                                    "cpu_time": 3.9472087900000026,
                                                                                    "extra_info": {
                                                                                        "Join Type": "RIGHT",
                                                                                        "Conditions": "postid = id",
                                                                                        "Estimated Cardinality": "6372046"
                                                                                    },
                                                                                    "cumulative_cardinality": 43548529,
                                                                                    "operator_type": "HASH_JOIN",
                                                                                    "operator_cardinality": 4574495,
                                                                                    "cumulative_rows_scanned": 17854919,
                                                                                    "operator_rows_scanned": 0,
                                                                                    "operator_timing": 0.6591880080000002,
                                                                                    "result_set_size": 256171720,
                                                                                    "children": [
                                                                                        {
                                                                                            "operator_name": "HASH_GROUP_BY",
                                                                                            "cpu_time": 2.0627679440000035,
                                                                                            "extra_info": {
                                                                                                "Groups": "#0",
                                                                                                "Aggregates": [
                                                                                                    "sum(#1)",
                                                                                                    "sum(#2)"
                                                                                                ],
                                                                                                "Estimated Cardinality": "6372046"
                                                                                            },
                                                                                            "cumulative_cardinality": 29453413,
                                                                                            "operator_type": "HASH_GROUP_BY",
                                                                                            "operator_cardinality": 3965227,
                                                                                            "cumulative_rows_scanned": 12744093,
                                                                                            "operator_rows_scanned": 0,
                                                                                            "operator_timing": 1.1298742680000011,
                                                                                            "result_set_size": 142748172,
                                                                                            "children": [
                                                                                                {
                                                                                                    "operator_name": "PROJECTION",
                                                                                                    "cpu_time": 0.9328936760000025,
                                                                                                    "extra_info": {
                                                                                                        "Projections": [
                                                                                                            "postid",
                                                                                                            "CASE  WHEN ((votetypeid = 2)) THEN (1) ELSE 0 END",
                                                                                                            "CASE  WHEN ((votetypeid = 3)) THEN (1) ELSE 0 END"
                                                                                                        ],
                                                                                                        "Estimated Cardinality": "12744093"
                                                                                                    },
                                                                                                    "cumulative_cardinality": 25488186,
                                                                                                    "operator_type": "PROJECTION",
                                                                                                    "operator_cardinality": 12744093,
                                                                                                    "cumulative_rows_scanned": 12744093,
                                                                                                    "operator_rows_scanned": 0,
                                                                                                    "operator_timing": 0.18886329399999988,
                                                                                                    "result_set_size": 152929116,
                                                                                                    "children": [
                                                                                                        {
                                                                                                            "operator_name": "READ_PARQUET ",
                                                                                                            "cpu_time": 0.7440303820000026,
                                                                                                            "extra_info": {
                                                                                                                "Function": "READ_PARQUET",
                                                                                                                "Projections": [
                                                                                                                    "postid",
                                                                                                                    "votetypeid"
                                                                                                                ],
                                                                                                                "Estimated Cardinality": "12744093"
                                                                                                            },
                                                                                                            "cumulative_cardinality": 12744093,
                                                                                                            "operator_type": "TABLE_SCAN",
                                                                                                            "operator_cardinality": 12744093,
                                                                                                            "cumulative_rows_scanned": 12744093,
                                                                                                            "operator_rows_scanned": 12744093,
                                                                                                            "operator_timing": 0.7440303820000026,
                                                                                                            "result_set_size": 76464558,
                                                                                                            "children": []
                                                                                                        }
                                                                                                    ]
                                                                                                }
                                                                                            ]
                                                                                        },
                                                                                        {
                                                                                            "operator_name": "HASH_JOIN",
                                                                                            "cpu_time": 1.225252837999999,
                                                                                            "extra_info": {
                                                                                                "Join Type": "RIGHT",
                                                                                                "Conditions": "owneruserid = id",
                                                                                                "Estimated Cardinality": "3850116"
                                                                                            },
                                                                                            "cumulative_cardinality": 9520621,
                                                                                            "operator_type": "HASH_JOIN",
                                                                                            "operator_cardinality": 4574495,
                                                                                            "cumulative_rows_scanned": 5110826,
                                                                                            "operator_rows_scanned": 0,
                                                                                            "operator_timing": 0.39255974599999943,
                                                                                            "result_set_size": 109787880,
                                                                                            "children": [
                                                                                                {
                                                                                                    "operator_name": "READ_PARQUET ",
                                                                                                    "cpu_time": 0.15846374999999982,
                                                                                                    "extra_info": {
                                                                                                        "Function": "READ_PARQUET",
                                                                                                        "Projections": [
                                                                                                            "id",
                                                                                                            "owneruserid"
                                                                                                        ],
                                                                                                        "Estimated Cardinality": "3850116"
                                                                                                    },
                                                                                                    "cumulative_cardinality": 3685416,
                                                                                                    "operator_type": "TABLE_SCAN",
                                                                                                    "operator_cardinality": 3685416,
                                                                                                    "cumulative_rows_scanned": 3850116,
                                                                                                    "operator_rows_scanned": 3850116,
                                                                                                    "operator_timing": 0.15846374999999982,
                                                                                                    "result_set_size": 29483328,
                                                                                                    "children": []
                                                                                                },
                                                                                                {
                                                                                                    "operator_name": "READ_PARQUET ",
                                                                                                    "cpu_time": 0.6742293419999998,
                                                                                                    "extra_info": {
                                                                                                        "Function": "READ_PARQUET",
                                                                                                        "Projections": [
                                                                                                            "id",
                                                                                                            "displayname"
                                                                                                        ],
                                                                                                        "Estimated Cardinality": "252142"
                                                                                                    },
                                                                                                    "cumulative_cardinality": 1260710,
                                                                                                    "operator_type": "TABLE_SCAN",
                                                                                                    "operator_cardinality": 1260710,
                                                                                                    "cumulative_rows_scanned": 1260710,
                                                                                                    "operator_rows_scanned": 1260710,
                                                                                                    "operator_timing": 0.6742293419999998,
                                                                                                    "result_set_size": 25214200,
                                                                                                    "children": []
                                                                                                }
                                                                                            ]
                                                                                        }
                                                                                    ]
                                                                                }
                                                                            ]
                                                                        }
                                                                    ]
                                                                }
                                                            ]
                                                        }
                                                    ]
                                                },
                                                {
                                                    "operator_name": "HASH_GROUP_BY",
                                                    "cpu_time": 0.126090283,
                                                    "extra_info": {
                                                        "Groups": "#0",
                                                        "Aggregates": "count_star()",
                                                        "Estimated Cardinality": "232172"
                                                    },
                                                    "cumulative_cardinality": 409350,
                                                    "operator_type": "HASH_GROUP_BY",
                                                    "operator_cardinality": 82468,
                                                    "cumulative_rows_scanned": 2321724,
                                                    "operator_rows_scanned": 0,
                                                    "operator_timing": 0.008196989999999994,
                                                    "result_set_size": 989616,
                                                    "children": [
                                                        {
                                                            "operator_name": "PROJECTION",
                                                            "cpu_time": 0.117893293,
                                                            "extra_info": {
                                                                "Projections": "userid",
                                                                "Estimated Cardinality": "464344"
                                                            },
                                                            "cumulative_cardinality": 326882,
                                                            "operator_type": "PROJECTION",
                                                            "operator_cardinality": 163441,
                                                            "cumulative_rows_scanned": 2321724,
                                                            "operator_rows_scanned": 0,
                                                            "operator_timing": 0.00003676900000000001,
                                                            "result_set_size": 653764,
                                                            "children": [
                                                                {
                                                                    "operator_name": "READ_PARQUET ",
                                                                    "cpu_time": 0.11785652399999999,
                                                                    "extra_info": {
                                                                        "Function": "READ_PARQUET",
                                                                        "Projections": [
                                                                            "id",
                                                                            "userid"
                                                                        ],
                                                                        "Filters": "date>='2023-10-01 12:34:56'::TIMESTAMP",
                                                                        "Estimated Cardinality": "464344"
                                                                    },
                                                                    "cumulative_cardinality": 163441,
                                                                    "operator_type": "TABLE_SCAN",
                                                                    "operator_cardinality": 163441,
                                                                    "cumulative_rows_scanned": 2321724,
                                                                    "operator_rows_scanned": 2321724,
                                                                    "operator_timing": 0.11785652399999999,
                                                                    "result_set_size": 1307528,
                                                                    "children": []
                                                                }
                                                            ]
                                                        }
                                                    ]
                                                }
                                            ]
                                        }
                                    ]
                                }
                            ]
                        }
                    ]
                }
            ]
        }
    ]
}