{
    "rows_returned": 371631,
    "query_name": "WITH UserBadges AS (\n    SELECT \n        U.Id AS UserId,\n        U.DisplayName,\n        COUNT(B.Id) AS BadgeCount,\n        SUM(CASE WHEN B.Class = 1 THEN 1 ELSE 0 END) AS GoldCount,\n        SUM(CASE WHEN B.Class = 2 THEN 1 ELSE 0 END) AS SilverCount,\n        SUM(CASE WHEN B.Class = 3 THEN 1 ELSE 0 END) AS BronzeCount\n    FROM \n        Users U\n    LEFT JOIN \n        Badges B ON U.Id = B.UserId\n    GROUP BY \n        U.Id, U.DisplayName\n),\nPostStats AS (\n    SELECT \n        P.OwnerUserId,\n        COUNT(P.Id) AS PostCount,\n        SUM(P.ViewCount) AS TotalViews,\n        AVG(P.Score) AS AvgScore\n    FROM \n        Posts P\n    GROUP BY \n        P.OwnerUserId\n),\nRankedPosts AS (\n    SELECT \n        PS.OwnerUserId,\n        PS.PostCount,\n        PS.TotalViews,\n        PS.AvgScore,\n        ROW_NUMBER() OVER (ORDER BY PS.PostCount DESC) AS PostRank\n    FROM \n        PostStats PS\n),\nUserInfo AS (\n    SELECT \n        UB.UserId,\n        UB.DisplayName,\n        COALESCE(RP.PostCount, 0) AS PostCount,\n        COALESCE(RP.TotalViews, 0) AS TotalViews,\n        COALESCE(RP.AvgScore, 0) AS AvgScore,\n        UB.BadgeCount,\n        UB.GoldCount,\n        UB.SilverCount,\n        UB.BronzeCount\n    FROM \n        UserBadges UB\n    LEFT JOIN \n        RankedPosts RP ON UB.UserId = RP.OwnerUserId\n)\nSELECT \n    UI.DisplayName,\n    UI.PostCount,\n    UI.TotalViews,\n    UI.AvgScore,\n    (CASE \n        WHEN UI.BadgeCount > 10 THEN 'Expert'\n        WHEN UI.BadgeCount > 5 THEN 'Intermediate'\n        ELSE 'Novice'\n    END) AS ExperienceLevel,\n    (CASE \n        WHEN UI.TotalViews > 10000 THEN 'Highly Visible'\n        ELSE 'Moderate Visibility'\n    END) AS VisibilityStatus\nFROM \n    UserInfo UI\nWHERE \n    UI.PostCount > 0\nORDER BY \n    UI.PostCount DESC, UI.TotalViews DESC;\n\n\n",
    "blocked_thread_time": 0.0,
    "cpu_time": 0.9884041499999995,
    "extra_info": {},
    "cumulative_cardinality": 25731468,
    "cumulative_rows_scanned": 7432550,
    "result_set_size": 29730480,
    "latency": 1.544319695,
    "children": [
        {
            "operator_name": "PROJECTION",
            "cpu_time": 0.9884041499999995,
            "extra_info": {
                "Projections": [
                    "#0",
                    "#1",
                    "#2",
                    "#3",
                    "__internal_decompress_string(#4)",
                    "#5"
                ],
                "Estimated Cardinality": "385011"
            },
            "cumulative_cardinality": 25731468,
            "operator_type": "PROJECTION",
            "operator_cardinality": 371631,
            "cumulative_rows_scanned": 7432550,
            "operator_rows_scanned": 0,
            "operator_timing": 0.00350249,
            "result_set_size": 29730480,
            "children": [
                {
                    "operator_name": "ORDER_BY",
                    "cpu_time": 0.9849016599999995,
                    "extra_info": {
                        "Order By": [
                            "UI.PostCount DESC",
                            "UI.TotalViews DESC"
                        ]
                    },
                    "cumulative_cardinality": 25359837,
                    "operator_type": "ORDER_BY",
                    "operator_cardinality": 371631,
                    "cumulative_rows_scanned": 7432550,
                    "operator_rows_scanned": 0,
                    "operator_timing": 0.029265212999999988,
                    "result_set_size": 29730480,
                    "children": [
                        {
                            "operator_name": "PROJECTION",
                            "cpu_time": 0.9556364469999995,
                            "extra_info": {
                                "Projections": [
                                    "#0",
                                    "#1",
                                    "#2",
                                    "#3",
                                    "__internal_compress_string_hugeint(#4)",
                                    "#5"
                                ],
                                "Estimated Cardinality": "385011"
                            },
                            "cumulative_cardinality": 24988206,
                            "operator_type": "PROJECTION",
                            "operator_cardinality": 371631,
                            "cumulative_rows_scanned": 7432550,
                            "operator_rows_scanned": 0,
                            "operator_timing": 0.0032337960000000023,
                            "result_set_size": 29730480,
                            "children": [
                                {
                                    "operator_name": "PROJECTION",
                                    "cpu_time": 0.9524026509999995,
                                    "extra_info": {
                                        "Projections": [
                                            "displayname",
                                            "PostCount",
                                            "TotalViews",
                                            "AvgScore",
                                            "ExperienceLevel",
                                            "VisibilityStatus"
                                        ],
                                        "Estimated Cardinality": "385011"
                                    },
                                    "cumulative_cardinality": 24616575,
                                    "operator_type": "PROJECTION",
                                    "operator_cardinality": 371631,
                                    "cumulative_rows_scanned": 7432550,
                                    "operator_rows_scanned": 0,
                                    "operator_timing": 0.0056017720000000075,
                                    "result_set_size": 29730480,
                                    "children": [
                                        {
                                            "operator_name": "PROJECTION",
                                            "cpu_time": 0.9468008789999995,
                                            "extra_info": {
                                                "Projections": [
                                                    "displayname",
                                                    "PostCount",
                                                    "TotalViews",
                                                    "AvgScore",
                                                    "BadgeCount"
                                                ],
                                                "Estimated Cardinality": "385011"
                                            },
                                            "cumulative_cardinality": 24244944,
                                            "operator_type": "PROJECTION",
                                            "operator_cardinality": 371631,
                                            "cumulative_rows_scanned": 7432550,
                                            "operator_rows_scanned": 0,
                                            "operator_timing": 0.014287737999999998,
                                            "result_set_size": 20811336,
                                            "children": [
                                                {
                                                    "operator_name": "HASH_JOIN",
                                                    "cpu_time": 0.9325131409999995,
                                                    "extra_info": {
                                                        "Join Type": "INNER",
                                                        "Conditions": "UserId = owneruserid",
                                                        "Estimated Cardinality": "385011"
                                                    },
                                                    "cumulative_cardinality": 23873313,
                                                    "operator_type": "HASH_JOIN",
                                                    "operator_cardinality": 371631,
                                                    "cumulative_rows_scanned": 7432550,
                                                    "operator_rows_scanned": 0,
                                                    "operator_timing": 0.05054449300000007,
                                                    "result_set_size": 20811336,
                                                    "children": [
                                                        {
                                                            "operator_name": "HASH_GROUP_BY",
                                                            "cpu_time": 0.6379597349999997,
                                                            "extra_info": {
                                                                "Groups": [
                                                                    "#0",
                                                                    "#1"
                                                                ],
                                                                "Aggregates": "count(#2)",
                                                                "Estimated Cardinality": "1260710"
                                                            },
                                                            "cumulative_cardinality": 13943290,
                                                            "operator_type": "HASH_GROUP_BY",
                                                            "operator_cardinality": 1260679,
                                                            "cumulative_rows_scanned": 3582434,
                                                            "operator_rows_scanned": 0,
                                                            "operator_timing": 0.30352167499999994,
                                                            "result_set_size": 35299012,
                                                            "children": [
                                                                {
                                                                    "operator_name": "PROJECTION",
                                                                    "cpu_time": 0.3344380599999998,
                                                                    "extra_info": {
                                                                        "Projections": [
                                                                            "id",
                                                                            "displayname",
                                                                            "id"
                                                                        ],
                                                                        "Estimated Cardinality": "2321724"
                                                                    },
                                                                    "cumulative_cardinality": 12682611,
                                                                    "operator_type": "PROJECTION",
                                                                    "operator_cardinality": 3033382,
                                                                    "cumulative_rows_scanned": 3582434,
                                                                    "operator_rows_scanned": 0,
                                                                    "operator_timing": 0.000384361999999999,
                                                                    "result_set_size": 72801168,
                                                                    "children": [
                                                                        {
                                                                            "operator_name": "FILTER",
                                                                            "cpu_time": 0.33405369799999984,
                                                                            "extra_info": {
                                                                                "Expression": "(id <= 1416539)",
                                                                                "Estimated Cardinality": "2321724"
                                                                            },
                                                                            "cumulative_cardinality": 9649229,
                                                                            "operator_type": "FILTER",
                                                                            "operator_cardinality": 3033382,
                                                                            "cumulative_rows_scanned": 3582434,
                                                                            "operator_rows_scanned": 0,
                                                                            "operator_timing": 0.003877083,
                                                                            "result_set_size": 72801168,
                                                                            "children": [
                                                                                {
                                                                                    "operator_name": "HASH_JOIN",
                                                                                    "cpu_time": 0.33017661499999984,
                                                                                    "extra_info": {
                                                                                        "Join Type": "RIGHT",
                                                                                        "Conditions": "userid = id",
                                                                                        "Estimated Cardinality": "2321724"
                                                                                    },
                                                                                    "cumulative_cardinality": 6615847,
                                                                                    "operator_type": "HASH_JOIN",
                                                                                    "operator_cardinality": 3033413,
                                                                                    "cumulative_rows_scanned": 3582434,
                                                                                    "operator_rows_scanned": 0,
                                                                                    "operator_timing": 0.2012500969999998,
                                                                                    "result_set_size": 72801912,
                                                                                    "children": [
                                                                                        {
                                                                                            "operator_name": "READ_PARQUET ",
                                                                                            "cpu_time": 0.04798282599999997,
                                                                                            "extra_info": {
                                                                                                "Function": "READ_PARQUET",
                                                                                                "Projections": [
                                                                                                    "id",
                                                                                                    "userid"
                                                                                                ],
                                                                                                "Estimated Cardinality": "2321724"
                                                                                            },
                                                                                            "cumulative_cardinality": 2321724,
                                                                                            "operator_type": "TABLE_SCAN",
                                                                                            "operator_cardinality": 2321724,
                                                                                            "cumulative_rows_scanned": 2321724,
                                                                                            "operator_rows_scanned": 2321724,
                                                                                            "operator_timing": 0.04798282599999997,
                                                                                            "result_set_size": 18573792,
                                                                                            "children": []
                                                                                        },
                                                                                        {
                                                                                            "operator_name": "READ_PARQUET ",
                                                                                            "cpu_time": 0.08094369200000004,
                                                                                            "extra_info": {
                                                                                                "Function": "READ_PARQUET",
                                                                                                "Projections": [
                                                                                                    "id",
                                                                                                    "displayname"
                                                                                                ],
                                                                                                "Estimated Cardinality": "1260710"
                                                                                            },
                                                                                            "cumulative_cardinality": 1260710,
                                                                                            "operator_type": "TABLE_SCAN",
                                                                                            "operator_cardinality": 1260710,
                                                                                            "cumulative_rows_scanned": 1260710,
                                                                                            "operator_rows_scanned": 1260710,
                                                                                            "operator_timing": 0.08094369200000004,
                                                                                            "result_set_size": 25214200,
                                                                                            "children": []
                                                                                        }
                                                                                    ]
                                                                                }
                                                                            ]
                                                                        }
                                                                    ]
                                                                }
                                                            ]
                                                        },
                                                        {
                                                            "operator_name": "PROJECTION",
                                                            "cpu_time": 0.24400891299999972,
                                                            "extra_info": {
                                                                "Projections": [
                                                                    "#0",
                                                                    "#1",
                                                                    "#2",
                                                                    "#3"
                                                                ],
                                                                "Estimated Cardinality": "385011"
                                                            },
                                                            "cumulative_cardinality": 9558392,
                                                            "operator_type": "PROJECTION",
                                                            "operator_cardinality": 371632,
                                                            "cumulative_rows_scanned": 3850116,
                                                            "operator_rows_scanned": 0,
                                                            "operator_timing": 0.000041315,
                                                            "result_set_size": 13378752,
                                                            "children": [
                                                                {
                                                                    "operator_name": "FILTER",
                                                                    "cpu_time": 0.24396759799999973,
                                                                    "extra_info": {
                                                                        "Expression": "(COALESCE(PostCount, 0) > 0)",
                                                                        "Estimated Cardinality": "385011"
                                                                    },
                                                                    "cumulative_cardinality": 9186760,
                                                                    "operator_type": "FILTER",
                                                                    "operator_cardinality": 371632,
                                                                    "cumulative_rows_scanned": 3850116,
                                                                    "operator_rows_scanned": 0,
                                                                    "operator_timing": 0.0032046500000000007,
                                                                    "result_set_size": 16351808,
                                                                    "children": [
                                                                        {
                                                                            "operator_name": "PROJECTION",
                                                                            "cpu_time": 0.24076294799999973,
                                                                            "extra_info": {
                                                                                "Projections": [
                                                                                    "#0",
                                                                                    "#1",
                                                                                    "#2",
                                                                                    "#3",
                                                                                    "#4"
                                                                                ],
                                                                                "Estimated Cardinality": "1925058"
                                                                            },
                                                                            "cumulative_cardinality": 8815128,
                                                                            "operator_type": "PROJECTION",
                                                                            "operator_cardinality": 371632,
                                                                            "cumulative_rows_scanned": 3850116,
                                                                            "operator_rows_scanned": 0,
                                                                            "operator_timing": 0.00004520200000000002,
                                                                            "result_set_size": 16351808,
                                                                            "children": [
                                                                                {
                                                                                    "operator_name": "WINDOW",
                                                                                    "cpu_time": 0.24071774599999973,
                                                                                    "extra_info": {
                                                                                        "Projections": "ROW_NUMBER() OVER (ORDER BY PostCount DESC NULLS LAST)"
                                                                                    },
                                                                                    "cumulative_cardinality": 8443496,
                                                                                    "operator_type": "WINDOW",
                                                                                    "operator_cardinality": 371632,
                                                                                    "cumulative_rows_scanned": 3850116,
                                                                                    "operator_rows_scanned": 0,
                                                                                    "operator_timing": 0.016586155000000005,
                                                                                    "result_set_size": 16351808,
                                                                                    "children": [
                                                                                        {
                                                                                            "operator_name": "HASH_GROUP_BY",
                                                                                            "cpu_time": 0.22413159099999974,
                                                                                            "extra_info": {
                                                                                                "Groups": "#0",
                                                                                                "Aggregates": [
                                                                                                    "count_star()",
                                                                                                    "sum(#1)",
                                                                                                    "avg(#2)"
                                                                                                ],
                                                                                                "Estimated Cardinality": "1925058"
                                                                                            },
                                                                                            "cumulative_cardinality": 8071864,
                                                                                            "operator_type": "HASH_GROUP_BY",
                                                                                            "operator_cardinality": 371632,
                                                                                            "cumulative_rows_scanned": 3850116,
                                                                                            "operator_rows_scanned": 0,
                                                                                            "operator_timing": 0.13631722199999988,
                                                                                            "result_set_size": 13378752,
                                                                                            "children": [
                                                                                                {
                                                                                                    "operator_name": "PROJECTION",
                                                                                                    "cpu_time": 0.08781436899999988,
                                                                                                    "extra_info": {
                                                                                                        "Projections": [
                                                                                                            "owneruserid",
                                                                                                            "viewcount",
                                                                                                            "score"
                                                                                                        ],
                                                                                                        "Estimated Cardinality": "3850116"
                                                                                                    },
                                                                                                    "cumulative_cardinality": 7700232,
                                                                                                    "operator_type": "PROJECTION",
                                                                                                    "operator_cardinality": 3850116,
                                                                                                    "cumulative_rows_scanned": 3850116,
                                                                                                    "operator_rows_scanned": 0,
                                                                                                    "operator_timing": 0.0004111279999999984,
                                                                                                    "result_set_size": 46201392,
                                                                                                    "children": [
                                                                                                        {
                                                                                                            "operator_name": "READ_PARQUET ",
                                                                                                            "cpu_time": 0.08740324099999988,
                                                                                                            "extra_info": {
                                                                                                                "Function": "READ_PARQUET",
                                                                                                                "Projections": [
                                                                                                                    "id",
                                                                                                                    "score",
                                                                                                                    "viewcount",
                                                                                                                    "owneruserid"
                                                                                                                ],
                                                                                                                "Estimated Cardinality": "3850116"
                                                                                                            },
                                                                                                            "cumulative_cardinality": 3850116,
                                                                                                            "operator_type": "TABLE_SCAN",
                                                                                                            "operator_cardinality": 3850116,
                                                                                                            "cumulative_rows_scanned": 3850116,
                                                                                                            "operator_rows_scanned": 3850116,
                                                                                                            "operator_timing": 0.08740324099999988,
                                                                                                            "result_set_size": 61601856,
                                                                                                            "children": []
                                                                                                        }
                                                                                                    ]
                                                                                                }
                                                                                            ]
                                                                                        }
                                                                                    ]
                                                                                }
                                                                            ]
                                                                        }
                                                                    ]
                                                                }
                                                            ]
                                                        }
                                                    ]
                                                }
                                            ]
                                        }
                                    ]
                                }
                            ]
                        }
                    ]
                }
            ]
        }
    ]
}