{
    "rows_returned": 10,
    "query_name": "WITH UserBadges AS (\n    SELECT \n        u.Id AS UserId,\n        u.DisplayName,\n        COUNT(b.Id) AS BadgeCount,\n        SUM(CASE WHEN b.Class = 1 THEN 1 ELSE 0 END) AS GoldBadges,\n        SUM(CASE WHEN b.Class = 2 THEN 1 ELSE 0 END) AS SilverBadges,\n        SUM(CASE WHEN b.Class = 3 THEN 1 ELSE 0 END) AS BronzeBadges\n    FROM Users u\n    LEFT JOIN Badges b ON u.Id = b.UserId\n    GROUP BY u.Id, u.DisplayName\n),\nPostStats AS (\n    SELECT \n        p.OwnerUserId,\n        COUNT(p.Id) AS TotalPosts,\n        SUM(CASE WHEN p.PostTypeId = 1 THEN 1 ELSE 0 END) AS Questions,\n        SUM(CASE WHEN p.PostTypeId = 2 THEN 1 ELSE 0 END) AS Answers,\n        SUM(p.ViewCount) AS TotalViews\n    FROM Posts p\n    GROUP BY p.OwnerUserId\n),\nCombinedStats AS (\n    SELECT \n        ub.UserId,\n        ub.DisplayName,\n        COALESCE(ps.TotalPosts, 0) AS TotalPosts,\n        COALESCE(ps.Questions, 0) AS Questions,\n        COALESCE(ps.Answers, 0) AS Answers,\n        COALESCE(ps.TotalViews, 0) AS TotalViews,\n        ub.BadgeCount,\n        ub.GoldBadges,\n        ub.SilverBadges,\n        ub.BronzeBadges\n    FROM UserBadges ub\n    LEFT JOIN PostStats ps ON ub.UserId = ps.OwnerUserId\n)\nSELECT \n    cs.DisplayName,\n    cs.TotalPosts,\n    cs.Questions,\n    cs.Answers,\n    cs.TotalViews,\n    cs.BadgeCount,\n    cs.GoldBadges,\n    cs.SilverBadges,\n    cs.BronzeBadges\nFROM CombinedStats cs\nWHERE cs.TotalPosts > 0\nORDER BY cs.TotalViews DESC\nLIMIT 10;\n",
    "blocked_thread_time": 0.0,
    "cpu_time": 2.680529126,
    "extra_info": {},
    "cumulative_cardinality": 23134154,
    "cumulative_rows_scanned": 7432550,
    "result_set_size": 1280,
    "latency": 2.86594689,
    "children": [
        {
            "operator_name": "STREAMING_LIMIT",
            "cpu_time": 2.680529126,
            "extra_info": {},
            "cumulative_cardinality": 23134154,
            "operator_type": "STREAMING_LIMIT",
            "operator_cardinality": 10,
            "cumulative_rows_scanned": 7432550,
            "operator_rows_scanned": 0,
            "operator_timing": 0.000002785,
            "result_set_size": 1280,
            "children": [
                {
                    "operator_name": "ORDER_BY",
                    "cpu_time": 2.680526341,
                    "extra_info": {
                        "Order By": "cs.TotalViews DESC"
                    },
                    "cumulative_cardinality": 23134144,
                    "operator_type": "ORDER_BY",
                    "operator_cardinality": 4096,
                    "cumulative_rows_scanned": 7432550,
                    "operator_rows_scanned": 0,
                    "operator_timing": 0.03379942300000001,
                    "result_set_size": 524288,
                    "children": [
                        {
                            "operator_name": "PROJECTION",
                            "cpu_time": 2.646726918,
                            "extra_info": {
                                "Projections": [
                                    "displayname",
                                    "TotalPosts",
                                    "Questions",
                                    "Answers",
                                    "TotalViews",
                                    "BadgeCount",
                                    "GoldBadges",
                                    "SilverBadges",
                                    "BronzeBadges"
                                ],
                                "Estimated Cardinality": "385011"
                            },
                            "cumulative_cardinality": 23130048,
                            "operator_type": "PROJECTION",
                            "operator_cardinality": 371631,
                            "cumulative_rows_scanned": 7432550,
                            "operator_rows_scanned": 0,
                            "operator_timing": 0.025108127000000008,
                            "result_set_size": 47568768,
                            "children": [
                                {
                                    "operator_name": "HASH_JOIN",
                                    "cpu_time": 2.621618791,
                                    "extra_info": {
                                        "Join Type": "INNER",
                                        "Conditions": "UserId = owneruserid",
                                        "Estimated Cardinality": "385011"
                                    },
                                    "cumulative_cardinality": 22758417,
                                    "operator_type": "HASH_JOIN",
                                    "operator_cardinality": 371631,
                                    "cumulative_rows_scanned": 7432550,
                                    "operator_rows_scanned": 0,
                                    "operator_timing": 0.07539087599999991,
                                    "result_set_size": 47568768,
                                    "children": [
                                        {
                                            "operator_name": "HASH_GROUP_BY",
                                            "cpu_time": 2.237161078,
                                            "extra_info": {
                                                "Groups": [
                                                    "#0",
                                                    "#1"
                                                ],
                                                "Aggregates": [
                                                    "count(#2)",
                                                    "sum(#3)",
                                                    "sum(#4)",
                                                    "sum(#5)"
                                                ],
                                                "Estimated Cardinality": "1260710"
                                            },
                                            "cumulative_cardinality": 13943290,
                                            "operator_type": "HASH_GROUP_BY",
                                            "operator_cardinality": 1260679,
                                            "cumulative_rows_scanned": 3582434,
                                            "operator_rows_scanned": 0,
                                            "operator_timing": 0.7927133350000001,
                                            "result_set_size": 95811604,
                                            "children": [
                                                {
                                                    "operator_name": "PROJECTION",
                                                    "cpu_time": 1.444447743,
                                                    "extra_info": {
                                                        "Projections": [
                                                            "id",
                                                            "displayname",
                                                            "id",
                                                            "CASE  WHEN ((class = 1)) THEN (1) ELSE 0 END",
                                                            "CASE  WHEN ((class = 2)) THEN (1) ELSE 0 END",
                                                            "CASE  WHEN ((class = 3)) THEN (1) ELSE 0 END"
                                                        ],
                                                        "Estimated Cardinality": "2321724"
                                                    },
                                                    "cumulative_cardinality": 12682611,
                                                    "operator_type": "PROJECTION",
                                                    "operator_cardinality": 3033382,
                                                    "cumulative_rows_scanned": 3582434,
                                                    "operator_rows_scanned": 0,
                                                    "operator_timing": 0.029261291000000047,
                                                    "result_set_size": 109201752,
                                                    "children": [
                                                        {
                                                            "operator_name": "FILTER",
                                                            "cpu_time": 1.415186452,
                                                            "extra_info": {
                                                                "Expression": "(id <= 1416539)",
                                                                "Estimated Cardinality": "2321724"
                                                            },
                                                            "cumulative_cardinality": 9649229,
                                                            "operator_type": "FILTER",
                                                            "operator_cardinality": 3033382,
                                                            "cumulative_rows_scanned": 3582434,
                                                            "operator_rows_scanned": 0,
                                                            "operator_timing": 0.007148101000000006,
                                                            "result_set_size": 78867932,
                                                            "children": [
                                                                {
                                                                    "operator_name": "HASH_JOIN",
                                                                    "cpu_time": 1.4080383509999999,
                                                                    "extra_info": {
                                                                        "Join Type": "RIGHT",
                                                                        "Conditions": "userid = id",
                                                                        "Estimated Cardinality": "2321724"
                                                                    },
                                                                    "cumulative_cardinality": 6615847,
                                                                    "operator_type": "HASH_JOIN",
                                                                    "operator_cardinality": 3033413,
                                                                    "cumulative_rows_scanned": 3582434,
                                                                    "operator_rows_scanned": 0,
                                                                    "operator_timing": 0.3069761529999998,
                                                                    "result_set_size": 78868738,
                                                                    "children": [
                                                                        {
                                                                            "operator_name": "READ_PARQUET ",
                                                                            "cpu_time": 0.09638343299999991,
                                                                            "extra_info": {
                                                                                "Function": "READ_PARQUET",
                                                                                "Projections": [
                                                                                    "id",
                                                                                    "userid",
                                                                                    "class"
                                                                                ],
                                                                                "Estimated Cardinality": "2321724"
                                                                            },
                                                                            "cumulative_cardinality": 2321724,
                                                                            "operator_type": "TABLE_SCAN",
                                                                            "operator_cardinality": 2321724,
                                                                            "cumulative_rows_scanned": 2321724,
                                                                            "operator_rows_scanned": 2321724,
                                                                            "operator_timing": 0.09638343299999991,
                                                                            "result_set_size": 23217240,
                                                                            "children": []
                                                                        },
                                                                        {
                                                                            "operator_name": "READ_PARQUET ",
                                                                            "cpu_time": 1.0046787650000002,
                                                                            "extra_info": {
                                                                                "Function": "READ_PARQUET",
                                                                                "Projections": [
                                                                                    "id",
                                                                                    "displayname"
                                                                                ],
                                                                                "Estimated Cardinality": "1260710"
                                                                            },
                                                                            "cumulative_cardinality": 1260710,
                                                                            "operator_type": "TABLE_SCAN",
                                                                            "operator_cardinality": 1260710,
                                                                            "cumulative_rows_scanned": 1260710,
                                                                            "operator_rows_scanned": 1260710,
                                                                            "operator_timing": 1.0046787650000002,
                                                                            "result_set_size": 25214200,
                                                                            "children": []
                                                                        }
                                                                    ]
                                                                }
                                                            ]
                                                        }
                                                    ]
                                                }
                                            ]
                                        },
                                        {
                                            "operator_name": "FILTER",
                                            "cpu_time": 0.30906683699999987,
                                            "extra_info": {
                                                "Expression": "(COALESCE(TotalPosts, 0) > 0)",
                                                "Estimated Cardinality": "385011"
                                            },
                                            "cumulative_cardinality": 8443496,
                                            "operator_type": "FILTER",
                                            "operator_cardinality": 371632,
                                            "cumulative_rows_scanned": 3850116,
                                            "operator_rows_scanned": 0,
                                            "operator_timing": 0.0030799739999999996,
                                            "result_set_size": 22297920,
                                            "children": [
                                                {
                                                    "operator_name": "HASH_GROUP_BY",
                                                    "cpu_time": 0.3059868629999999,
                                                    "extra_info": {
                                                        "Groups": "#0",
                                                        "Aggregates": [
                                                            "count_star()",
                                                            "sum(#1)",
                                                            "sum(#2)",
                                                            "sum(#3)"
                                                        ],
                                                        "Estimated Cardinality": "1925058"
                                                    },
                                                    "cumulative_cardinality": 8071864,
                                                    "operator_type": "HASH_GROUP_BY",
                                                    "operator_cardinality": 371632,
                                                    "cumulative_rows_scanned": 3850116,
                                                    "operator_rows_scanned": 0,
                                                    "operator_timing": 0.16810075900000004,
                                                    "result_set_size": 22297920,
                                                    "children": [
                                                        {
                                                            "operator_name": "PROJECTION",
                                                            "cpu_time": 0.13788610399999982,
                                                            "extra_info": {
                                                                "Projections": [
                                                                    "owneruserid",
                                                                    "CASE  WHEN ((posttypeid = 1)) THEN (1) ELSE 0 END",
                                                                    "CASE  WHEN ((posttypeid = 2)) THEN (1) ELSE 0 END",
                                                                    "viewcount"
                                                                ],
                                                                "Estimated Cardinality": "3850116"
                                                            },
                                                            "cumulative_cardinality": 7700232,
                                                            "operator_type": "PROJECTION",
                                                            "operator_cardinality": 3850116,
                                                            "cumulative_rows_scanned": 3850116,
                                                            "operator_rows_scanned": 0,
                                                            "operator_timing": 0.05268950699999988,
                                                            "result_set_size": 61601856,
                                                            "children": [
                                                                {
                                                                    "operator_name": "READ_PARQUET ",
                                                                    "cpu_time": 0.08519659699999994,
                                                                    "extra_info": {
                                                                        "Function": "READ_PARQUET",
                                                                        "Projections": [
                                                                            "id",
                                                                            "posttypeid",
                                                                            "viewcount",
                                                                            "owneruserid"
                                                                        ],
                                                                        "Estimated Cardinality": "3850116"
                                                                    },
                                                                    "cumulative_cardinality": 3850116,
                                                                    "operator_type": "TABLE_SCAN",
                                                                    "operator_cardinality": 3850116,
                                                                    "cumulative_rows_scanned": 3850116,
                                                                    "operator_rows_scanned": 3850116,
                                                                    "operator_timing": 0.08519659699999994,
                                                                    "result_set_size": 53901624,
                                                                    "children": []
                                                                }
                                                            ]
                                                        }
                                                    ]
                                                }
                                            ]
                                        }
                                    ]
                                }
                            ]
                        }
                    ]
                }
            ]
        }
    ]
}