{
    "rows_returned": 3129,
    "query_name": "\nWITH RecentPosts AS (\n    SELECT \n        p.Id AS PostId,\n        p.Title,\n        p.CreationDate,\n        p.OwnerUserId,\n        p.ParentId,\n        p.AcceptedAnswerId,\n        COALESCE(Users.DisplayName, 'Community User') AS OwnerDisplayName,\n        ROW_NUMBER() OVER (PARTITION BY p.OwnerUserId ORDER BY p.CreationDate DESC) AS rn\n    FROM \n        Posts p\n    LEFT JOIN \n        Users ON p.OwnerUserId = Users.Id\n    WHERE \n        p.CreationDate > (CAST('2024-10-01 12:34:56' AS TIMESTAMP) - INTERVAL '30 days')\n),\nActiveUsers AS (\n    SELECT \n        u.Id AS UserId,\n        u.DisplayName,\n        COUNT(DISTINCT p.Id) AS PostCount,\n        SUM(u.UpVotes) AS TotalUpVotes,\n        SUM(u.DownVotes) AS TotalDownVotes,\n        RANK() OVER (ORDER BY COUNT(DISTINCT p.Id) DESC) AS Rank\n    FROM \n        Users u\n    LEFT JOIN \n        Posts p ON u.Id = p.OwnerUserId\n    GROUP BY \n        u.Id, u.DisplayName\n),\nClosedPosts AS (\n    SELECT \n        ph.PostId,\n        ph.UserId,\n        ph.CreationDate,\n        COUNT(CASE WHEN ph.PostHistoryTypeId = 10 THEN 1 END) AS CloseCount\n    FROM \n        PostHistory ph\n    WHERE \n        ph.PostHistoryTypeId IN (10, 11) \n    GROUP BY \n        ph.PostId, ph.UserId, ph.CreationDate\n),\nTopClosedPosts AS (\n    SELECT \n        cp.PostId,\n        p.Title,\n        cp.CloseCount,\n        COALESCE(u.DisplayName, 'Unknown User') AS CloserUser\n    FROM \n        ClosedPosts cp\n    JOIN \n        Posts p ON cp.PostId = p.Id\n    LEFT JOIN \n        Users u ON cp.UserId = u.Id\n    WHERE \n        cp.CloseCount > 0\n    ORDER BY \n        cp.CloseCount DESC\n    LIMIT 10\n)\nSELECT \n    rp.PostId,\n    rp.Title,\n    rp.CreationDate,\n    rp.OwnerDisplayName,\n    au.PostCount AS UserPostCount,\n    au.TotalUpVotes,\n    au.TotalDownVotes,\n    tk.CloseCount AS UserClosedPostCount,\n    tk.CloserUser\nFROM \n    RecentPosts rp\nLEFT JOIN \n    ActiveUsers au ON rp.OwnerUserId = au.UserId\nLEFT JOIN \n    TopClosedPosts tk ON rp.PostId = tk.PostId\nWHERE \n    (rp.ParentId IS NULL OR rp.AcceptedAnswerId IS NOT NULL)\n    AND (au.PostCount > 5 OR au.TotalUpVotes > 100)\nORDER BY \n    rp.CreationDate DESC;\n",
    "blocked_thread_time": 0.0,
    "cpu_time": 2.452703561,
    "extra_info": {},
    "cumulative_cardinality": 30670830,
    "cumulative_rows_scanned": 27127722,
    "result_set_size": 337932,
    "latency": 3.278615765,
    "children": [
        {
            "operator_name": "ORDER_BY",
            "cpu_time": 2.452703561,
            "extra_info": {
                "Order By": "rp.CreationDate DESC"
            },
            "cumulative_cardinality": 30670830,
            "operator_type": "ORDER_BY",
            "operator_cardinality": 3129,
            "cumulative_rows_scanned": 27127722,
            "operator_rows_scanned": 0,
            "operator_timing": 0.000342448,
            "result_set_size": 337932,
            "children": [
                {
                    "operator_name": "HASH_JOIN",
                    "cpu_time": 2.452361113,
                    "extra_info": {
                        "Join Type": "LEFT",
                        "Conditions": "PostId = postid",
                        "Estimated Cardinality": "50428"
                    },
                    "cumulative_cardinality": 30667701,
                    "operator_type": "HASH_JOIN",
                    "operator_cardinality": 3129,
                    "cumulative_rows_scanned": 27127722,
                    "operator_rows_scanned": 0,
                    "operator_timing": 0.00027924899999999997,
                    "result_set_size": 337932,
                    "children": [
                        {
                            "operator_name": "HASH_JOIN",
                            "cpu_time": 1.8564996830000005,
                            "extra_info": {
                                "Join Type": "INNER",
                                "Conditions": "owneruserid = UserId",
                                "Estimated Cardinality": "50428"
                            },
                            "cumulative_cardinality": 25226420,
                            "operator_type": "HASH_JOIN",
                            "operator_cardinality": 3129,
                            "cumulative_rows_scanned": 10221652,
                            "operator_rows_scanned": 0,
                            "operator_timing": 0.004075203999999999,
                            "result_set_size": 262836,
                            "children": [
                                {
                                    "operator_name": "PROJECTION",
                                    "cpu_time": 0.16641806099999998,
                                    "extra_info": {
                                        "Projections": [
                                            "PostId",
                                            "title",
                                            "creationdate",
                                            "owneruserid",
                                            "OwnerDisplayName"
                                        ],
                                        "Estimated Cardinality": "252142"
                                    },
                                    "cumulative_cardinality": 1315705,
                                    "operator_type": "PROJECTION",
                                    "operator_cardinality": 5106,
                                    "cumulative_rows_scanned": 5110826,
                                    "operator_rows_scanned": 0,
                                    "operator_timing": 0.000162845,
                                    "result_set_size": 245088,
                                    "children": [
                                        {
                                            "operator_name": "PROJECTION",
                                            "cpu_time": 0.16625521599999998,
                                            "extra_info": {
                                                "Projections": [
                                                    "#0",
                                                    "#1",
                                                    "#4",
                                                    "#5",
                                                    "#6"
                                                ],
                                                "Estimated Cardinality": "252142"
                                            },
                                            "cumulative_cardinality": 1310599,
                                            "operator_type": "PROJECTION",
                                            "operator_cardinality": 5106,
                                            "cumulative_rows_scanned": 5110826,
                                            "operator_rows_scanned": 0,
                                            "operator_timing": 0.000004434,
                                            "result_set_size": 245088,
                                            "children": [
                                                {
                                                    "operator_name": "FILTER",
                                                    "cpu_time": 0.16625078199999999,
                                                    "extra_info": {
                                                        "Expression": "((parentid IS NULL) OR (acceptedanswerid IS NOT NULL))",
                                                        "Estimated Cardinality": "252142"
                                                    },
                                                    "cumulative_cardinality": 1305493,
                                                    "operator_type": "FILTER",
                                                    "operator_cardinality": 5106,
                                                    "cumulative_rows_scanned": 5110826,
                                                    "operator_rows_scanned": 0,
                                                    "operator_timing": 0.000150833,
                                                    "result_set_size": 326784,
                                                    "children": [
                                                        {
                                                            "operator_name": "PROJECTION",
                                                            "cpu_time": 0.166099949,
                                                            "extra_info": {
                                                                "Projections": [
                                                                    "#0",
                                                                    "#1",
                                                                    "#2",
                                                                    "#3",
                                                                    "#4",
                                                                    "#5",
                                                                    "#6",
                                                                    "#7"
                                                                ],
                                                                "Estimated Cardinality": "1260710"
                                                            },
                                                            "cumulative_cardinality": 1300387,
                                                            "operator_type": "PROJECTION",
                                                            "operator_cardinality": 9927,
                                                            "cumulative_rows_scanned": 5110826,
                                                            "operator_rows_scanned": 0,
                                                            "operator_timing": 0.000007013000000000001,
                                                            "result_set_size": 635328,
                                                            "children": [
                                                                {
                                                                    "operator_name": "WINDOW",
                                                                    "cpu_time": 0.166092936,
                                                                    "extra_info": {
                                                                        "Projections": "ROW_NUMBER() OVER (PARTITION BY owneruserid ORDER BY creationdate DESC NULLS LAST)"
                                                                    },
                                                                    "cumulative_cardinality": 1290460,
                                                                    "operator_type": "WINDOW",
                                                                    "operator_cardinality": 9927,
                                                                    "cumulative_rows_scanned": 5110826,
                                                                    "operator_rows_scanned": 0,
                                                                    "operator_timing": 0.003612295,
                                                                    "result_set_size": 635328,
                                                                    "children": [
                                                                        {
                                                                            "operator_name": "HASH_JOIN",
                                                                            "cpu_time": 0.162480641,
                                                                            "extra_info": {
                                                                                "Join Type": "RIGHT",
                                                                                "Conditions": "id = owneruserid",
                                                                                "Estimated Cardinality": "1260710"
                                                                            },
                                                                            "cumulative_cardinality": 1280533,
                                                                            "operator_type": "HASH_JOIN",
                                                                            "operator_cardinality": 9927,
                                                                            "cumulative_rows_scanned": 5110826,
                                                                            "operator_rows_scanned": 0,
                                                                            "operator_timing": 0.010423901000000008,
                                                                            "result_set_size": 555912,
                                                                            "children": [
                                                                                {
                                                                                    "operator_name": "READ_PARQUET ",
                                                                                    "cpu_time": 0.082604258,
                                                                                    "extra_info": {
                                                                                        "Function": "READ_PARQUET",
                                                                                        "Projections": [
                                                                                            "id",
                                                                                            "displayname"
                                                                                        ],
                                                                                        "Estimated Cardinality": "1260710"
                                                                                    },
                                                                                    "cumulative_cardinality": 1260679,
                                                                                    "operator_type": "TABLE_SCAN",
                                                                                    "operator_cardinality": 1260679,
                                                                                    "cumulative_rows_scanned": 1260710,
                                                                                    "operator_rows_scanned": 1260710,
                                                                                    "operator_timing": 0.082604258,
                                                                                    "result_set_size": 25213580,
                                                                                    "children": []
                                                                                },
                                                                                {
                                                                                    "operator_name": "READ_PARQUET ",
                                                                                    "cpu_time": 0.069452482,
                                                                                    "extra_info": {
                                                                                        "Function": "READ_PARQUET",
                                                                                        "Projections": [
                                                                                            "id",
                                                                                            "acceptedanswerid",
                                                                                            "parentid",
                                                                                            "creationdate",
                                                                                            "owneruserid",
                                                                                            "title"
                                                                                        ],
                                                                                        "Filters": "creationdate>'2024-09-01 12:34:56'::TIMESTAMP",
                                                                                        "Estimated Cardinality": "770023"
                                                                                    },
                                                                                    "cumulative_cardinality": 9927,
                                                                                    "operator_type": "TABLE_SCAN",
                                                                                    "operator_cardinality": 9927,
                                                                                    "cumulative_rows_scanned": 3850116,
                                                                                    "operator_rows_scanned": 3850116,
                                                                                    "operator_timing": 0.069452482,
                                                                                    "result_set_size": 397080,
                                                                                    "children": []
                                                                                }
                                                                            ]
                                                                        }
                                                                    ]
                                                                }
                                                            ]
                                                        }
                                                    ]
                                                }
                                            ]
                                        }
                                    ]
                                },
                                {
                                    "operator_name": "FILTER",
                                    "cpu_time": 1.6860064180000005,
                                    "extra_info": {
                                        "Expression": "(UserId <= 1416539)",
                                        "Estimated Cardinality": "252142"
                                    },
                                    "cumulative_cardinality": 23907586,
                                    "operator_type": "FILTER",
                                    "operator_cardinality": 65045,
                                    "cumulative_rows_scanned": 5110826,
                                    "operator_rows_scanned": 0,
                                    "operator_timing": 0.00018904599999999992,
                                    "result_set_size": 2861980,
                                    "children": [
                                        {
                                            "operator_name": "PROJECTION",
                                            "cpu_time": 1.6858173720000005,
                                            "extra_info": {
                                                "Projections": [
                                                    "#0",
                                                    "#2",
                                                    "#3",
                                                    "#4"
                                                ],
                                                "Estimated Cardinality": "252142"
                                            },
                                            "cumulative_cardinality": 23842541,
                                            "operator_type": "PROJECTION",
                                            "operator_cardinality": 65045,
                                            "cumulative_rows_scanned": 5110826,
                                            "operator_rows_scanned": 0,
                                            "operator_timing": 0.00005407200000000006,
                                            "result_set_size": 2861980,
                                            "children": [
                                                {
                                                    "operator_name": "FILTER",
                                                    "cpu_time": 1.6857633000000005,
                                                    "extra_info": {
                                                        "Expression": "((PostCount > 5) OR (TotalUpVotes > 100))",
                                                        "Estimated Cardinality": "252142"
                                                    },
                                                    "cumulative_cardinality": 23777496,
                                                    "operator_type": "FILTER",
                                                    "operator_cardinality": 65045,
                                                    "cumulative_rows_scanned": 5110826,
                                                    "operator_rows_scanned": 0,
                                                    "operator_timing": 0.006508321000000003,
                                                    "result_set_size": 4423060,
                                                    "children": [
                                                        {
                                                            "operator_name": "PROJECTION",
                                                            "cpu_time": 1.6792549790000004,
                                                            "extra_info": {
                                                                "Projections": [
                                                                    "#0",
                                                                    "#1",
                                                                    "#2",
                                                                    "#3",
                                                                    "#4",
                                                                    "#5"
                                                                ],
                                                                "Estimated Cardinality": "1260710"
                                                            },
                                                            "cumulative_cardinality": 23712451,
                                                            "operator_type": "PROJECTION",
                                                            "operator_cardinality": 1260710,
                                                            "cumulative_rows_scanned": 5110826,
                                                            "operator_rows_scanned": 0,
                                                            "operator_timing": 0.00017744500000000022,
                                                            "result_set_size": 85728280,
                                                            "children": [
                                                                {
                                                                    "operator_name": "WINDOW",
                                                                    "cpu_time": 1.6790775340000004,
                                                                    "extra_info": {
                                                                        "Projections": "RANK() OVER (ORDER BY count(DISTINCT id) DESC NULLS LAST)"
                                                                    },
                                                                    "cumulative_cardinality": 22451741,
                                                                    "operator_type": "WINDOW",
                                                                    "operator_cardinality": 1260710,
                                                                    "cumulative_rows_scanned": 5110826,
                                                                    "operator_rows_scanned": 0,
                                                                    "operator_timing": 0.0879982210000001,
                                                                    "result_set_size": 85728280,
                                                                    "children": [
                                                                        {
                                                                            "operator_name": "HASH_GROUP_BY",
                                                                            "cpu_time": 1.5910793130000003,
                                                                            "extra_info": {
                                                                                "Groups": [
                                                                                    "#0",
                                                                                    "#1"
                                                                                ],
                                                                                "Aggregates": [
                                                                                    "count(DISTINCT #2)",
                                                                                    "sum(#3)",
                                                                                    "sum(#4)"
                                                                                ],
                                                                                "Estimated Cardinality": "1260710"
                                                                            },
                                                                            "cumulative_cardinality": 21191031,
                                                                            "operator_type": "HASH_GROUP_BY",
                                                                            "operator_cardinality": 1260710,
                                                                            "cumulative_rows_scanned": 5110826,
                                                                            "operator_rows_scanned": 0,
                                                                            "operator_timing": 1.1213431210000004,
                                                                            "result_set_size": 75642600,
                                                                            "children": [
                                                                                {
                                                                                    "operator_name": "PROJECTION",
                                                                                    "cpu_time": 0.4697361919999997,
                                                                                    "extra_info": {
                                                                                        "Projections": [
                                                                                            "id",
                                                                                            "displayname",
                                                                                            "id",
                                                                                            "upvotes",
                                                                                            "downvotes"
                                                                                        ],
                                                                                        "Estimated Cardinality": "3850116"
                                                                                    },
                                                                                    "cumulative_cardinality": 19930321,
                                                                                    "operator_type": "PROJECTION",
                                                                                    "operator_cardinality": 4574495,
                                                                                    "cumulative_rows_scanned": 5110826,
                                                                                    "operator_rows_scanned": 0,
                                                                                    "operator_timing": 0.0008393439999999953,
                                                                                    "result_set_size": 146383840,
                                                                                    "children": [
                                                                                        {
                                                                                            "operator_name": "PROJECTION",
                                                                                            "cpu_time": 0.4688968479999997,
                                                                                            "extra_info": {
                                                                                                "Projections": [
                                                                                                    "#0",
                                                                                                    "#1",
                                                                                                    "#2",
                                                                                                    "#3",
                                                                                                    "__internal_decompress_integral_integer(#4, 0)"
                                                                                                ],
                                                                                                "Estimated Cardinality": "3850116"
                                                                                            },
                                                                                            "cumulative_cardinality": 15355826,
                                                                                            "operator_type": "PROJECTION",
                                                                                            "operator_cardinality": 4574495,
                                                                                            "cumulative_rows_scanned": 5110826,
                                                                                            "operator_rows_scanned": 0,
                                                                                            "operator_timing": 0.0036362619999999956,
                                                                                            "result_set_size": 146383840,
                                                                                            "children": [
                                                                                                {
                                                                                                    "operator_name": "HASH_JOIN",
                                                                                                    "cpu_time": 0.4652605859999997,
                                                                                                    "extra_info": {
                                                                                                        "Join Type": "RIGHT",
                                                                                                        "Conditions": "owneruserid = id",
                                                                                                        "Estimated Cardinality": "3850116"
                                                                                                    },
                                                                                                    "cumulative_cardinality": 10781331,
                                                                                                    "operator_type": "HASH_JOIN",
                                                                                                    "operator_cardinality": 4574495,
                                                                                                    "cumulative_rows_scanned": 5110826,
                                                                                                    "operator_rows_scanned": 0,
                                                                                                    "operator_timing": 0.26391092899999985,
                                                                                                    "result_set_size": 137234850,
                                                                                                    "children": [
                                                                                                        {
                                                                                                            "operator_name": "READ_PARQUET ",
                                                                                                            "cpu_time": 0.1125391369999998,
                                                                                                            "extra_info": {
                                                                                                                "Function": "READ_PARQUET",
                                                                                                                "Projections": [
                                                                                                                    "id",
                                                                                                                    "owneruserid"
                                                                                                                ],
                                                                                                                "Estimated Cardinality": "3850116"
                                                                                                            },
                                                                                                            "cumulative_cardinality": 3685416,
                                                                                                            "operator_type": "TABLE_SCAN",
                                                                                                            "operator_cardinality": 3685416,
                                                                                                            "cumulative_rows_scanned": 3850116,
                                                                                                            "operator_rows_scanned": 3850116,
                                                                                                            "operator_timing": 0.1125391369999998,
                                                                                                            "result_set_size": 29483328,
                                                                                                            "children": []
                                                                                                        },
                                                                                                        {
                                                                                                            "operator_name": "PROJECTION",
                                                                                                            "cpu_time": 0.08881052000000007,
                                                                                                            "extra_info": {
                                                                                                                "Projections": [
                                                                                                                    "#0",
                                                                                                                    "#1",
                                                                                                                    "#2",
                                                                                                                    "__internal_compress_integral_usmallint(#3, 0)"
                                                                                                                ],
                                                                                                                "Estimated Cardinality": "1260710"
                                                                                                            },
                                                                                                            "cumulative_cardinality": 2521420,
                                                                                                            "operator_type": "PROJECTION",
                                                                                                            "operator_cardinality": 1260710,
                                                                                                            "cumulative_rows_scanned": 1260710,
                                                                                                            "operator_rows_scanned": 0,
                                                                                                            "operator_timing": 0.0005626580000000001,
                                                                                                            "result_set_size": 32778460,
                                                                                                            "children": [
                                                                                                                {
                                                                                                                    "operator_name": "READ_PARQUET ",
                                                                                                                    "cpu_time": 0.08824786200000008,
                                                                                                                    "extra_info": {
                                                                                                                        "Function": "READ_PARQUET",
                                                                                                                        "Projections": [
                                                                                                                            "id",
                                                                                                                            "displayname",
                                                                                                                            "upvotes",
                                                                                                                            "downvotes"
                                                                                                                        ],
                                                                                                                        "Estimated Cardinality": "1260710"
                                                                                                                    },
                                                                                                                    "cumulative_cardinality": 1260710,
                                                                                                                    "operator_type": "TABLE_SCAN",
                                                                                                                    "operator_cardinality": 1260710,
                                                                                                                    "cumulative_rows_scanned": 1260710,
                                                                                                                    "operator_rows_scanned": 1260710,
                                                                                                                    "operator_timing": 0.08824786200000008,
                                                                                                                    "result_set_size": 35299880,
                                                                                                                    "children": []
                                                                                                                }
                                                                                                            ]
                                                                                                        }
                                                                                                    ]
                                                                                                }
                                                                                            ]
                                                                                        }
                                                                                    ]
                                                                                }
                                                                            ]
                                                                        }
                                                                    ]
                                                                }
                                                            ]
                                                        }
                                                    ]
                                                }
                                            ]
                                        }
                                    ]
                                }
                            ]
                        },
                        {
                            "operator_name": "STREAMING_LIMIT",
                            "cpu_time": 0.5955821809999994,
                            "extra_info": {},
                            "cumulative_cardinality": 5438152,
                            "operator_type": "STREAMING_LIMIT",
                            "operator_cardinality": 10,
                            "cumulative_rows_scanned": 16906070,
                            "operator_rows_scanned": 0,
                            "operator_timing": 0.000001052,
                            "result_set_size": 280,
                            "children": [
                                {
                                    "operator_name": "ORDER_BY",
                                    "cpu_time": 0.5955811289999994,
                                    "extra_info": {
                                        "Order By": "cp.CloseCount DESC"
                                    },
                                    "cumulative_cardinality": 5438142,
                                    "operator_type": "ORDER_BY",
                                    "operator_cardinality": 4096,
                                    "cumulative_rows_scanned": 16906070,
                                    "operator_rows_scanned": 0,
                                    "operator_timing": 0.004441454,
                                    "result_set_size": 114688,
                                    "children": [
                                        {
                                            "operator_name": "PROJECTION",
                                            "cpu_time": 0.5911396749999994,
                                            "extra_info": {
                                                "Projections": [
                                                    "postid",
                                                    "CloseCount",
                                                    "CloserUser"
                                                ],
                                                "Estimated Cardinality": "1260710"
                                            },
                                            "cumulative_cardinality": 5434046,
                                            "operator_type": "PROJECTION",
                                            "operator_cardinality": 121464,
                                            "cumulative_rows_scanned": 16906070,
                                            "operator_rows_scanned": 0,
                                            "operator_timing": 0.0010013349999999997,
                                            "result_set_size": 3400992,
                                            "children": [
                                                {
                                                    "operator_name": "HASH_JOIN",
                                                    "cpu_time": 0.5901383399999994,
                                                    "extra_info": {
                                                        "Join Type": "RIGHT",
                                                        "Conditions": "id = userid",
                                                        "Estimated Cardinality": "1260710"
                                                    },
                                                    "cumulative_cardinality": 5312582,
                                                    "operator_type": "HASH_JOIN",
                                                    "operator_cardinality": 121464,
                                                    "cumulative_rows_scanned": 16906070,
                                                    "operator_rows_scanned": 0,
                                                    "operator_timing": 0.013916328999999996,
                                                    "result_set_size": 3400992,
                                                    "children": [
                                                        {
                                                            "operator_name": "READ_PARQUET ",
                                                            "cpu_time": 0.043787147,
                                                            "extra_info": {
                                                                "Function": "READ_PARQUET",
                                                                "Projections": [
                                                                    "id",
                                                                    "displayname"
                                                                ],
                                                                "Estimated Cardinality": "1260710"
                                                            },
                                                            "cumulative_cardinality": 582215,
                                                            "operator_type": "TABLE_SCAN",
                                                            "operator_cardinality": 582215,
                                                            "cumulative_rows_scanned": 1260710,
                                                            "operator_rows_scanned": 1260710,
                                                            "operator_timing": 0.043787147,
                                                            "result_set_size": 11644300,
                                                            "children": []
                                                        },
                                                        {
                                                            "operator_name": "HASH_JOIN",
                                                            "cpu_time": 0.5324348639999994,
                                                            "extra_info": {
                                                                "Join Type": "INNER",
                                                                "Conditions": "id = postid",
                                                                "Estimated Cardinality": "235904"
                                                            },
                                                            "cumulative_cardinality": 4608903,
                                                            "operator_type": "HASH_JOIN",
                                                            "operator_cardinality": 121464,
                                                            "cumulative_rows_scanned": 15645360,
                                                            "operator_rows_scanned": 0,
                                                            "operator_timing": 0.05919218999999978,
                                                            "result_set_size": 2429280,
                                                            "children": [
                                                                {
                                                                    "operator_name": "READ_PARQUET ",
                                                                    "cpu_time": 0.040816255999999884,
                                                                    "extra_info": {
                                                                        "Function": "READ_PARQUET",
                                                                        "Projections": "id",
                                                                        "Estimated Cardinality": "3850116"
                                                                    },
                                                                    "cumulative_cardinality": 3850089,
                                                                    "operator_type": "TABLE_SCAN",
                                                                    "operator_cardinality": 3850089,
                                                                    "cumulative_rows_scanned": 3850116,
                                                                    "operator_rows_scanned": 3850116,
                                                                    "operator_timing": 0.040816255999999884,
                                                                    "result_set_size": 15400356,
                                                                    "children": []
                                                                },
                                                                {
                                                                    "operator_name": "PROJECTION",
                                                                    "cpu_time": 0.4324264179999997,
                                                                    "extra_info": {
                                                                        "Projections": [
                                                                            "#0",
                                                                            "#1",
                                                                            "#3"
                                                                        ],
                                                                        "Estimated Cardinality": "235904"
                                                                    },
                                                                    "cumulative_cardinality": 637350,
                                                                    "operator_type": "PROJECTION",
                                                                    "operator_cardinality": 121464,
                                                                    "cumulative_rows_scanned": 11795244,
                                                                    "operator_rows_scanned": 0,
                                                                    "operator_timing": 0.000011207000000000008,
                                                                    "result_set_size": 1943424,
                                                                    "children": [
                                                                        {
                                                                            "operator_name": "FILTER",
                                                                            "cpu_time": 0.4324152109999997,
                                                                            "extra_info": {
                                                                                "Expression": "(CloseCount > 0)",
                                                                                "Estimated Cardinality": "235904"
                                                                            },
                                                                            "cumulative_cardinality": 515886,
                                                                            "operator_type": "FILTER",
                                                                            "operator_cardinality": 121464,
                                                                            "cumulative_rows_scanned": 11795244,
                                                                            "operator_rows_scanned": 0,
                                                                            "operator_timing": 0.00018454599999999995,
                                                                            "result_set_size": 2915136,
                                                                            "children": [
                                                                                {
                                                                                    "operator_name": "HASH_GROUP_BY",
                                                                                    "cpu_time": 0.4322306649999997,
                                                                                    "extra_info": {
                                                                                        "Groups": [
                                                                                            "#0",
                                                                                            "#1",
                                                                                            "#2"
                                                                                        ],
                                                                                        "Aggregates": "count(#3)",
                                                                                        "Estimated Cardinality": "1179524"
                                                                                    },
                                                                                    "cumulative_cardinality": 394422,
                                                                                    "operator_type": "HASH_GROUP_BY",
                                                                                    "operator_cardinality": 131474,
                                                                                    "cumulative_rows_scanned": 11795244,
                                                                                    "operator_rows_scanned": 0,
                                                                                    "operator_timing": 0.03509684599999997,
                                                                                    "result_set_size": 3155376,
                                                                                    "children": [
                                                                                        {
                                                                                            "operator_name": "PROJECTION",
                                                                                            "cpu_time": 0.3971338189999997,
                                                                                            "extra_info": {
                                                                                                "Projections": [
                                                                                                    "postid",
                                                                                                    "userid",
                                                                                                    "creationdate",
                                                                                                    "CASE  WHEN ((posthistorytypeid = 10)) THEN (1) ELSE NULL END"
                                                                                                ],
                                                                                                "Estimated Cardinality": "2359048"
                                                                                            },
                                                                                            "cumulative_cardinality": 262948,
                                                                                            "operator_type": "PROJECTION",
                                                                                            "operator_cardinality": 131474,
                                                                                            "cumulative_rows_scanned": 11795244,
                                                                                            "operator_rows_scanned": 0,
                                                                                            "operator_timing": 0.00517496799999999,
                                                                                            "result_set_size": 2629480,
                                                                                            "children": [
                                                                                                {
                                                                                                    "operator_name": "READ_PARQUET ",
                                                                                                    "cpu_time": 0.3919588509999997,
                                                                                                    "extra_info": {
                                                                                                        "Function": "READ_PARQUET",
                                                                                                        "Projections": [
                                                                                                            "posthistorytypeid",
                                                                                                            "postid",
                                                                                                            "creationdate",
                                                                                                            "userid"
                                                                                                        ],
                                                                                                        "Filters": "posthistorytypeid>=10 AND posthistorytypeid<=11",
                                                                                                        "Estimated Cardinality": "2359048"
                                                                                                    },
                                                                                                    "cumulative_cardinality": 131474,
                                                                                                    "operator_type": "TABLE_SCAN",
                                                                                                    "operator_cardinality": 131474,
                                                                                                    "cumulative_rows_scanned": 11795244,
                                                                                                    "operator_rows_scanned": 11795244,
                                                                                                    "operator_timing": 0.3919588509999997,
                                                                                                    "result_set_size": 2366532,
                                                                                                    "children": []
                                                                                                }
                                                                                            ]
                                                                                        }
                                                                                    ]
                                                                                }
                                                                            ]
                                                                        }
                                                                    ]
                                                                }
                                                            ]
                                                        }
                                                    ]
                                                }
                                            ]
                                        }
                                    ]
                                }
                            ]
                        }
                    ]
                }
            ]
        }
    ]
}