{
    "rows_returned": 1909,
    "query_name": "\nWITH UserReputation AS (\n    SELECT \n        Id,\n        DisplayName,\n        Reputation,\n        CASE \n            WHEN Reputation >= 1000 THEN 'High'\n            WHEN Reputation >= 100 THEN 'Medium'\n            ELSE 'Low' \n        END AS ReputationLevel\n    FROM Users\n),\nPostStats AS (\n    SELECT \n        p.OwnerUserId,\n        COUNT(p.Id) AS TotalPosts,\n        SUM(CASE WHEN p.PostTypeId = 1 THEN 1 ELSE 0 END) AS TotalQuestions,\n        SUM(CASE WHEN p.PostTypeId = 2 THEN 1 ELSE 0 END) AS TotalAnswers\n    FROM Posts p\n    GROUP BY p.OwnerUserId\n),\nRecentActivity AS (\n    SELECT \n        p.OwnerUserId,\n        MAX(p.LastActivityDate) AS LastActivityDate\n    FROM Posts p\n    GROUP BY p.OwnerUserId\n),\nTopUsers AS (\n    SELECT \n        ur.DisplayName,\n        ur.ReputationLevel,\n        ps.TotalPosts,\n        ps.TotalQuestions,\n        ps.TotalAnswers,\n        ra.LastActivityDate,\n        ur.Id AS OwnerUserId\n    FROM UserReputation ur\n    JOIN PostStats ps ON ur.Id = ps.OwnerUserId\n    JOIN RecentActivity ra ON ur.Id = ra.OwnerUserId\n    WHERE ur.ReputationLevel = 'High'\n      AND ps.TotalPosts > 5\n      AND ra.LastActivityDate >= TIMESTAMP '2024-10-01 12:34:56' - INTERVAL '30 days'\n)\nSELECT \n    t.DisplayName,\n    t.ReputationLevel,\n    t.TotalPosts,\n    t.TotalQuestions,\n    t.TotalAnswers,\n    COALESCE(pv.UpVotes, 0) AS RecentUpVotes,\n    COALESCE(cv.CloseVotes, 0) AS RecentCloseVotes\nFROM TopUsers t\nLEFT JOIN (\n    SELECT \n        p.OwnerUserId,\n        COUNT(v.Id) AS UpVotes\n    FROM Posts p\n    JOIN Votes v ON p.Id = v.PostId AND v.VoteTypeId = 2\n    GROUP BY p.OwnerUserId\n) pv ON t.OwnerUserId = pv.OwnerUserId\nLEFT JOIN (\n    SELECT \n        ph.UserId,\n        COUNT(ph.Id) AS CloseVotes\n    FROM PostHistory ph\n    WHERE ph.PostHistoryTypeId = 10\n    GROUP BY ph.UserId\n) cv ON t.OwnerUserId = cv.UserId\nORDER BY t.TotalPosts DESC, t.ReputationLevel;\n",
    "blocked_thread_time": 0.0,
    "cpu_time": 8.667135131999997,
    "extra_info": {},
    "cumulative_cardinality": 47980500,
    "cumulative_rows_scanned": 37350395,
    "result_set_size": 167992,
    "latency": 9.260846353,
    "children": [
        {
            "operator_name": "PROJECTION",
            "cpu_time": 8.667135131999997,
            "extra_info": {
                "Projections": [
                    "#0",
                    "__internal_decompress_string(#1)",
                    "#2",
                    "#3",
                    "#4",
                    "#5",
                    "#6"
                ],
                "Estimated Cardinality": "1274409"
            },
            "cumulative_cardinality": 47980500,
            "operator_type": "PROJECTION",
            "operator_cardinality": 1909,
            "cumulative_rows_scanned": 37350395,
            "operator_rows_scanned": 0,
            "operator_timing": 0.000024205,
            "result_set_size": 167992,
            "children": [
                {
                    "operator_name": "ORDER_BY",
                    "cpu_time": 8.667110926999996,
                    "extra_info": {
                        "Order By": [
                            "t.TotalPosts DESC",
                            "t.ReputationLevel ASC"
                        ]
                    },
                    "cumulative_cardinality": 47978591,
                    "operator_type": "ORDER_BY",
                    "operator_cardinality": 1909,
                    "cumulative_rows_scanned": 37350395,
                    "operator_rows_scanned": 0,
                    "operator_timing": 0.00018155,
                    "result_set_size": 152720,
                    "children": [
                        {
                            "operator_name": "PROJECTION",
                            "cpu_time": 8.666929376999995,
                            "extra_info": {
                                "Projections": [
                                    "#0",
                                    "__internal_compress_string_ubigint(#1)",
                                    "#2",
                                    "#3",
                                    "#4",
                                    "#5",
                                    "#6"
                                ],
                                "Estimated Cardinality": "1274409"
                            },
                            "cumulative_cardinality": 47976682,
                            "operator_type": "PROJECTION",
                            "operator_cardinality": 1909,
                            "cumulative_rows_scanned": 37350395,
                            "operator_rows_scanned": 0,
                            "operator_timing": 0.000032991,
                            "result_set_size": 152720,
                            "children": [
                                {
                                    "operator_name": "PROJECTION",
                                    "cpu_time": 8.666896385999996,
                                    "extra_info": {
                                        "Projections": [
                                            "displayname",
                                            "ReputationLevel",
                                            "TotalPosts",
                                            "TotalQuestions",
                                            "TotalAnswers",
                                            "RecentUpVotes",
                                            "RecentCloseVotes"
                                        ],
                                        "Estimated Cardinality": "1274409"
                                    },
                                    "cumulative_cardinality": 47974773,
                                    "operator_type": "PROJECTION",
                                    "operator_cardinality": 1909,
                                    "cumulative_rows_scanned": 37350395,
                                    "operator_rows_scanned": 0,
                                    "operator_timing": 0.00008245299999999999,
                                    "result_set_size": 167992,
                                    "children": [
                                        {
                                            "operator_name": "HASH_JOIN",
                                            "cpu_time": 8.666813932999997,
                                            "extra_info": {
                                                "Join Type": "LEFT",
                                                "Conditions": "OwnerUserId = userid",
                                                "Estimated Cardinality": "1274409"
                                            },
                                            "cumulative_cardinality": 47972864,
                                            "operator_type": "HASH_JOIN",
                                            "operator_cardinality": 1909,
                                            "cumulative_rows_scanned": 37350395,
                                            "operator_rows_scanned": 0,
                                            "operator_timing": 0.000329434,
                                            "result_set_size": 167992,
                                            "children": [
                                                {
                                                    "operator_name": "HASH_JOIN",
                                                    "cpu_time": 6.299573404,
                                                    "extra_info": {
                                                        "Join Type": "RIGHT",
                                                        "Conditions": "owneruserid = OwnerUserId",
                                                        "Estimated Cardinality": "1274409"
                                                    },
                                                    "cumulative_cardinality": 47727869,
                                                    "operator_type": "HASH_JOIN",
                                                    "operator_cardinality": 1909,
                                                    "cumulative_rows_scanned": 25555151,
                                                    "operator_rows_scanned": 0,
                                                    "operator_timing": 0.006425016000000002,
                                                    "result_set_size": 160356,
                                                    "children": [
                                                        {
                                                            "operator_name": "HASH_GROUP_BY",
                                                            "cpu_time": 3.70620418,
                                                            "extra_info": {
                                                                "Groups": "#0",
                                                                "Aggregates": "count_star()",
                                                                "Estimated Cardinality": "1274409"
                                                            },
                                                            "cumulative_cardinality": 30207791,
                                                            "operator_type": "HASH_GROUP_BY",
                                                            "operator_cardinality": 291808,
                                                            "cumulative_rows_scanned": 16594209,
                                                            "operator_rows_scanned": 0,
                                                            "operator_timing": 0.2804717180000004,
                                                            "result_set_size": 3501696,
                                                            "children": [
                                                                {
                                                                    "operator_name": "PROJECTION",
                                                                    "cpu_time": 3.4257324619999996,
                                                                    "extra_info": {
                                                                        "Projections": "owneruserid",
                                                                        "Estimated Cardinality": "2548818"
                                                                    },
                                                                    "cumulative_cardinality": 29915983,
                                                                    "operator_type": "PROJECTION",
                                                                    "operator_cardinality": 8474577,
                                                                    "cumulative_rows_scanned": 16594209,
                                                                    "operator_rows_scanned": 0,
                                                                    "operator_timing": 0.0013801019999999996,
                                                                    "result_set_size": 33898308,
                                                                    "children": [
                                                                        {
                                                                            "operator_name": "HASH_JOIN",
                                                                            "cpu_time": 3.4243523599999994,
                                                                            "extra_info": {
                                                                                "Join Type": "INNER",
                                                                                "Conditions": "id = postid",
                                                                                "Estimated Cardinality": "2548818"
                                                                            },
                                                                            "cumulative_cardinality": 21441406,
                                                                            "operator_type": "HASH_JOIN",
                                                                            "operator_cardinality": 8474577,
                                                                            "cumulative_rows_scanned": 16594209,
                                                                            "operator_rows_scanned": 0,
                                                                            "operator_timing": 1.1617738920000014,
                                                                            "result_set_size": 101694924,
                                                                            "children": [
                                                                                {
                                                                                    "operator_name": "READ_PARQUET ",
                                                                                    "cpu_time": 0.17842065999999993,
                                                                                    "extra_info": {
                                                                                        "Function": "READ_PARQUET",
                                                                                        "Projections": [
                                                                                            "id",
                                                                                            "owneruserid"
                                                                                        ],
                                                                                        "Filters": "id<=4978525",
                                                                                        "Estimated Cardinality": "3850116"
                                                                                    },
                                                                                    "cumulative_cardinality": 3682862,
                                                                                    "operator_type": "TABLE_SCAN",
                                                                                    "operator_cardinality": 3682862,
                                                                                    "cumulative_rows_scanned": 3850116,
                                                                                    "operator_rows_scanned": 3850116,
                                                                                    "operator_timing": 0.17842065999999993,
                                                                                    "result_set_size": 29462896,
                                                                                    "children": []
                                                                                },
                                                                                {
                                                                                    "operator_name": "READ_PARQUET ",
                                                                                    "cpu_time": 2.0841578079999983,
                                                                                    "extra_info": {
                                                                                        "Function": "READ_PARQUET",
                                                                                        "Projections": [
                                                                                            "id",
                                                                                            "postid"
                                                                                        ],
                                                                                        "Filters": "votetypeid=2",
                                                                                        "Estimated Cardinality": "2548818"
                                                                                    },
                                                                                    "cumulative_cardinality": 9283967,
                                                                                    "operator_type": "TABLE_SCAN",
                                                                                    "operator_cardinality": 9283967,
                                                                                    "cumulative_rows_scanned": 12744093,
                                                                                    "operator_rows_scanned": 12744093,
                                                                                    "operator_timing": 2.0841578079999983,
                                                                                    "result_set_size": 74271736,
                                                                                    "children": []
                                                                                }
                                                                            ]
                                                                        }
                                                                    ]
                                                                }
                                                            ]
                                                        },
                                                        {
                                                            "operator_name": "PROJECTION",
                                                            "cpu_time": 2.5869442080000002,
                                                            "extra_info": {
                                                                "Projections": [
                                                                    "displayname",
                                                                    "ReputationLevel",
                                                                    "TotalPosts",
                                                                    "TotalQuestions",
                                                                    "TotalAnswers",
                                                                    "OwnerUserId"
                                                                ],
                                                                "Estimated Cardinality": "23515"
                                                            },
                                                            "cumulative_cardinality": 17518169,
                                                            "operator_type": "PROJECTION",
                                                            "operator_cardinality": 1909,
                                                            "cumulative_rows_scanned": 8960942,
                                                            "operator_rows_scanned": 0,
                                                            "operator_timing": 0.000003977,
                                                            "result_set_size": 145084,
                                                            "children": [
                                                                {
                                                                    "operator_name": "HASH_JOIN",
                                                                    "cpu_time": 2.5869402310000003,
                                                                    "extra_info": {
                                                                        "Join Type": "INNER",
                                                                        "Conditions": "owneruserid = id",
                                                                        "Estimated Cardinality": "23515"
                                                                    },
                                                                    "cumulative_cardinality": 17516260,
                                                                    "operator_type": "HASH_JOIN",
                                                                    "operator_cardinality": 1909,
                                                                    "cumulative_rows_scanned": 8960942,
                                                                    "operator_rows_scanned": 0,
                                                                    "operator_timing": 0.0026091520000000004,
                                                                    "result_set_size": 152720,
                                                                    "children": [
                                                                        {
                                                                            "operator_name": "PROJECTION",
                                                                            "cpu_time": 0.9262724880000001,
                                                                            "extra_info": {
                                                                                "Projections": "#0",
                                                                                "Estimated Cardinality": "385011"
                                                                            },
                                                                            "cumulative_cardinality": 8085774,
                                                                            "operator_type": "PROJECTION",
                                                                            "operator_cardinality": 6955,
                                                                            "cumulative_rows_scanned": 3850116,
                                                                            "operator_rows_scanned": 0,
                                                                            "operator_timing": 0.000003894999999999999,
                                                                            "result_set_size": 27820,
                                                                            "children": [
                                                                                {
                                                                                    "operator_name": "FILTER",
                                                                                    "cpu_time": 0.9262685930000001,
                                                                                    "extra_info": {
                                                                                        "Expression": "(LastActivityDate >= '2024-09-01 12:34:56'::TIMESTAMP)",
                                                                                        "Estimated Cardinality": "385011"
                                                                                    },
                                                                                    "cumulative_cardinality": 8078819,
                                                                                    "operator_type": "FILTER",
                                                                                    "operator_cardinality": 6955,
                                                                                    "cumulative_rows_scanned": 3850116,
                                                                                    "operator_rows_scanned": 0,
                                                                                    "operator_timing": 0.0010270640000000003,
                                                                                    "result_set_size": 83460,
                                                                                    "children": [
                                                                                        {
                                                                                            "operator_name": "HASH_GROUP_BY",
                                                                                            "cpu_time": 0.9252415290000001,
                                                                                            "extra_info": {
                                                                                                "Groups": "#0",
                                                                                                "Aggregates": "max(#1)",
                                                                                                "Estimated Cardinality": "1925058"
                                                                                            },
                                                                                            "cumulative_cardinality": 8071864,
                                                                                            "operator_type": "HASH_GROUP_BY",
                                                                                            "operator_cardinality": 371632,
                                                                                            "cumulative_rows_scanned": 3850116,
                                                                                            "operator_rows_scanned": 0,
                                                                                            "operator_timing": 0.18802301099999988,
                                                                                            "result_set_size": 4459584,
                                                                                            "children": [
                                                                                                {
                                                                                                    "operator_name": "PROJECTION",
                                                                                                    "cpu_time": 0.7372185180000003,
                                                                                                    "extra_info": {
                                                                                                        "Projections": [
                                                                                                            "owneruserid",
                                                                                                            "lastactivitydate"
                                                                                                        ],
                                                                                                        "Estimated Cardinality": "3850116"
                                                                                                    },
                                                                                                    "cumulative_cardinality": 7700232,
                                                                                                    "operator_type": "PROJECTION",
                                                                                                    "operator_cardinality": 3850116,
                                                                                                    "cumulative_rows_scanned": 3850116,
                                                                                                    "operator_rows_scanned": 0,
                                                                                                    "operator_timing": 0.0006840099999999994,
                                                                                                    "result_set_size": 46201392,
                                                                                                    "children": [
                                                                                                        {
                                                                                                            "operator_name": "READ_PARQUET ",
                                                                                                            "cpu_time": 0.7365345080000003,
                                                                                                            "extra_info": {
                                                                                                                "Function": "READ_PARQUET",
                                                                                                                "Projections": [
                                                                                                                    "owneruserid",
                                                                                                                    "lastactivitydate"
                                                                                                                ],
                                                                                                                "Estimated Cardinality": "3850116"
                                                                                                            },
                                                                                                            "cumulative_cardinality": 3850116,
                                                                                                            "operator_type": "TABLE_SCAN",
                                                                                                            "operator_cardinality": 3850116,
                                                                                                            "cumulative_rows_scanned": 3850116,
                                                                                                            "operator_rows_scanned": 3850116,
                                                                                                            "operator_timing": 0.7365345080000003,
                                                                                                            "result_set_size": 46201392,
                                                                                                            "children": []
                                                                                                        }
                                                                                                    ]
                                                                                                }
                                                                                            ]
                                                                                        }
                                                                                    ]
                                                                                }
                                                                            ]
                                                                        },
                                                                        {
                                                                            "operator_name": "HASH_JOIN",
                                                                            "cpu_time": 1.658058591,
                                                                            "extra_info": {
                                                                                "Join Type": "INNER",
                                                                                "Conditions": "owneruserid = id",
                                                                                "Estimated Cardinality": "77002"
                                                                            },
                                                                            "cumulative_cardinality": 9428577,
                                                                            "operator_type": "HASH_JOIN",
                                                                            "operator_cardinality": 11018,
                                                                            "cumulative_rows_scanned": 5110826,
                                                                            "operator_rows_scanned": 0,
                                                                            "operator_timing": 0.004840614999999999,
                                                                            "result_set_size": 837368,
                                                                            "children": [
                                                                                {
                                                                                    "operator_name": "FILTER",
                                                                                    "cpu_time": 0.4153283939999996,
                                                                                    "extra_info": {
                                                                                        "Expression": "(TotalPosts > 5)",
                                                                                        "Estimated Cardinality": "385011"
                                                                                    },
                                                                                    "cumulative_cardinality": 8134440,
                                                                                    "operator_type": "FILTER",
                                                                                    "operator_cardinality": 62576,
                                                                                    "cumulative_rows_scanned": 3850116,
                                                                                    "operator_rows_scanned": 0,
                                                                                    "operator_timing": 0.001007557,
                                                                                    "result_set_size": 2753344,
                                                                                    "children": [
                                                                                        {
                                                                                            "operator_name": "HASH_GROUP_BY",
                                                                                            "cpu_time": 0.4143208369999996,
                                                                                            "extra_info": {
                                                                                                "Groups": "#0",
                                                                                                "Aggregates": [
                                                                                                    "count_star()",
                                                                                                    "sum(#1)",
                                                                                                    "sum(#2)"
                                                                                                ],
                                                                                                "Estimated Cardinality": "1925058"
                                                                                            },
                                                                                            "cumulative_cardinality": 8071864,
                                                                                            "operator_type": "HASH_GROUP_BY",
                                                                                            "operator_cardinality": 371632,
                                                                                            "cumulative_rows_scanned": 3850116,
                                                                                            "operator_rows_scanned": 0,
                                                                                            "operator_timing": 0.21741673599999972,
                                                                                            "result_set_size": 16351808,
                                                                                            "children": [
                                                                                                {
                                                                                                    "operator_name": "PROJECTION",
                                                                                                    "cpu_time": 0.1969041009999999,
                                                                                                    "extra_info": {
                                                                                                        "Projections": [
                                                                                                            "owneruserid",
                                                                                                            "CASE  WHEN ((posttypeid = 1)) THEN (1) ELSE 0 END",
                                                                                                            "CASE  WHEN ((posttypeid = 2)) THEN (1) ELSE 0 END"
                                                                                                        ],
                                                                                                        "Estimated Cardinality": "3850116"
                                                                                                    },
                                                                                                    "cumulative_cardinality": 7700232,
                                                                                                    "operator_type": "PROJECTION",
                                                                                                    "operator_cardinality": 3850116,
                                                                                                    "cumulative_rows_scanned": 3850116,
                                                                                                    "operator_rows_scanned": 0,
                                                                                                    "operator_timing": 0.09576840600000003,
                                                                                                    "result_set_size": 46201392,
                                                                                                    "children": [
                                                                                                        {
                                                                                                            "operator_name": "READ_PARQUET ",
                                                                                                            "cpu_time": 0.10113569499999985,
                                                                                                            "extra_info": {
                                                                                                                "Function": "READ_PARQUET",
                                                                                                                "Projections": [
                                                                                                                    "id",
                                                                                                                    "posttypeid",
                                                                                                                    "owneruserid"
                                                                                                                ],
                                                                                                                "Estimated Cardinality": "3850116"
                                                                                                            },
                                                                                                            "cumulative_cardinality": 3850116,
                                                                                                            "operator_type": "TABLE_SCAN",
                                                                                                            "operator_cardinality": 3850116,
                                                                                                            "cumulative_rows_scanned": 3850116,
                                                                                                            "operator_rows_scanned": 3850116,
                                                                                                            "operator_timing": 0.10113569499999985,
                                                                                                            "result_set_size": 38501160,
                                                                                                            "children": []
                                                                                                        }
                                                                                                    ]
                                                                                                }
                                                                                            ]
                                                                                        }
                                                                                    ]
                                                                                },
                                                                                {
                                                                                    "operator_name": "PROJECTION",
                                                                                    "cpu_time": 1.2378895820000004,
                                                                                    "extra_info": {
                                                                                        "Projections": [
                                                                                            "id",
                                                                                            "displayname",
                                                                                            "ReputationLevel"
                                                                                        ],
                                                                                        "Estimated Cardinality": "252142"
                                                                                    },
                                                                                    "cumulative_cardinality": 1283119,
                                                                                    "operator_type": "PROJECTION",
                                                                                    "operator_cardinality": 11220,
                                                                                    "cumulative_rows_scanned": 1260710,
                                                                                    "operator_rows_scanned": 0,
                                                                                    "operator_timing": 0.00014019999999999997,
                                                                                    "result_set_size": 403920,
                                                                                    "children": [
                                                                                        {
                                                                                            "operator_name": "FILTER",
                                                                                            "cpu_time": 1.2377493820000005,
                                                                                            "extra_info": {
                                                                                                "Expression": "(CASE  WHEN ((reputation >= 1000)) THEN ('High') WHEN ((reputation >= 100)) THEN ('Medium') ELSE 'Low' END = 'High')",
                                                                                                "Estimated Cardinality": "252142"
                                                                                            },
                                                                                            "cumulative_cardinality": 1271899,
                                                                                            "operator_type": "FILTER",
                                                                                            "operator_cardinality": 11220,
                                                                                            "cumulative_rows_scanned": 1260710,
                                                                                            "operator_rows_scanned": 0,
                                                                                            "operator_timing": 0.025328654000000013,
                                                                                            "result_set_size": 269280,
                                                                                            "children": [
                                                                                                {
                                                                                                    "operator_name": "READ_PARQUET ",
                                                                                                    "cpu_time": 1.2124207280000006,
                                                                                                    "extra_info": {
                                                                                                        "Function": "READ_PARQUET",
                                                                                                        "Projections": [
                                                                                                            "id",
                                                                                                            "reputation",
                                                                                                            "displayname"
                                                                                                        ],
                                                                                                        "Filters": "id<=1416539",
                                                                                                        "Estimated Cardinality": "1260710"
                                                                                                    },
                                                                                                    "cumulative_cardinality": 1260679,
                                                                                                    "operator_type": "TABLE_SCAN",
                                                                                                    "operator_cardinality": 1260679,
                                                                                                    "cumulative_rows_scanned": 1260710,
                                                                                                    "operator_rows_scanned": 1260710,
                                                                                                    "operator_timing": 1.2124207280000006,
                                                                                                    "result_set_size": 30256296,
                                                                                                    "children": []
                                                                                                }
                                                                                            ]
                                                                                        }
                                                                                    ]
                                                                                }
                                                                            ]
                                                                        }
                                                                    ]
                                                                }
                                                            ]
                                                        }
                                                    ]
                                                },
                                                {
                                                    "operator_name": "HASH_GROUP_BY",
                                                    "cpu_time": 2.3669110949999963,
                                                    "extra_info": {
                                                        "Groups": "#0",
                                                        "Aggregates": "count_star()",
                                                        "Estimated Cardinality": "1179524"
                                                    },
                                                    "cumulative_cardinality": 243086,
                                                    "operator_type": "HASH_GROUP_BY",
                                                    "operator_cardinality": 158,
                                                    "cumulative_rows_scanned": 11795244,
                                                    "operator_rows_scanned": 0,
                                                    "operator_timing": 0.032334913999999916,
                                                    "result_set_size": 1896,
                                                    "children": [
                                                        {
                                                            "operator_name": "PROJECTION",
                                                            "cpu_time": 2.3345761809999965,
                                                            "extra_info": {
                                                                "Projections": "userid",
                                                                "Estimated Cardinality": "2359048"
                                                            },
                                                            "cumulative_cardinality": 242928,
                                                            "operator_type": "PROJECTION",
                                                            "operator_cardinality": 121464,
                                                            "cumulative_rows_scanned": 11795244,
                                                            "operator_rows_scanned": 0,
                                                            "operator_timing": 0.0009764670000000009,
                                                            "result_set_size": 485856,
                                                            "children": [
                                                                {
                                                                    "operator_name": "READ_PARQUET ",
                                                                    "cpu_time": 2.3335997139999964,
                                                                    "extra_info": {
                                                                        "Function": "READ_PARQUET",
                                                                        "Projections": [
                                                                            "id",
                                                                            "userid"
                                                                        ],
                                                                        "Filters": "posthistorytypeid=10",
                                                                        "Estimated Cardinality": "2359048"
                                                                    },
                                                                    "cumulative_cardinality": 121464,
                                                                    "operator_type": "TABLE_SCAN",
                                                                    "operator_cardinality": 121464,
                                                                    "cumulative_rows_scanned": 11795244,
                                                                    "operator_rows_scanned": 11795244,
                                                                    "operator_timing": 2.3335997139999964,
                                                                    "result_set_size": 971712,
                                                                    "children": []
                                                                }
                                                            ]
                                                        }
                                                    ]
                                                }
                                            ]
                                        }
                                    ]
                                }
                            ]
                        }
                    ]
                }
            ]
        }
    ]
}