{
    "rows_returned": 371631,
    "query_name": "\nWITH UserPostStats AS (\n    SELECT \n        U.Id AS UserId,\n        U.DisplayName,\n        COUNT(P.Id) AS TotalPosts,\n        SUM(CASE WHEN P.PostTypeId = 2 THEN 1 ELSE 0 END) AS TotalAnswers,\n        SUM(CASE WHEN P.PostTypeId = 1 THEN 1 ELSE 0 END) AS TotalQuestions,\n        COALESCE(SUM(V.BountyAmount), 0) AS TotalBountyAmount,\n        RANK() OVER (ORDER BY COUNT(P.Id) DESC) AS PostRank\n    FROM \n        Users U\n    LEFT JOIN \n        Posts P ON U.Id = P.OwnerUserId\n    LEFT JOIN \n        Votes V ON P.Id = V.PostId AND V.VoteTypeId = 8 \n    GROUP BY \n        U.Id, U.DisplayName\n),\nClosedPostStats AS (\n    SELECT \n        P.OwnerUserId,\n        COUNT(P.Id) AS ClosedPosts,\n        COUNT(CASE WHEN PH.PostHistoryTypeId IN (10, 11) THEN 1 END) AS CloseReopenCount\n    FROM \n        Posts P\n    LEFT JOIN \n        PostHistory PH ON P.Id = PH.PostId\n    WHERE \n        P.ClosedDate IS NOT NULL\n    GROUP BY \n        P.OwnerUserId\n),\nFinalStats AS (\n    SELECT \n        UPS.UserId,\n        UPS.DisplayName,\n        UPS.TotalPosts,\n        UPS.TotalAnswers,\n        UPS.TotalQuestions,\n        UPS.TotalBountyAmount,\n        COALESCE(CPS.ClosedPosts, 0) AS ClosedPosts,\n        COALESCE(CPS.CloseReopenCount, 0) AS CloseReopenCount\n    FROM \n        UserPostStats UPS\n    LEFT JOIN \n        ClosedPostStats CPS ON UPS.UserId = CPS.OwnerUserId\n)\n\nSELECT \n    UserId,\n    DisplayName,\n    TotalPosts,\n    TotalAnswers,\n    TotalQuestions,\n    TotalBountyAmount,\n    ClosedPosts,\n    CloseReopenCount,\n    CASE \n        WHEN TotalPosts > 100 THEN 'Veteran'\n        WHEN TotalPosts > 50 THEN 'Experienced'\n        WHEN TotalPosts > 10 THEN 'Novice'\n        ELSE 'Newcomer'\n    END AS UserStatus\nFROM \n    FinalStats\nWHERE \n    TotalPosts > 0\nORDER BY \n    TotalBountyAmount DESC, TotalPosts DESC;\n",
    "blocked_thread_time": 0.0,
    "cpu_time": 12.201628238999998,
    "extra_info": {},
    "cumulative_cardinality": 47739856,
    "cumulative_rows_scanned": 33500279,
    "result_set_size": 40136148,
    "latency": 14.078524208,
    "children": [
        {
            "operator_name": "PROJECTION",
            "cpu_time": 12.201628238999998,
            "extra_info": {
                "Projections": [
                    "#0",
                    "#1",
                    "#2",
                    "#3",
                    "#4",
                    "#5",
                    "#6",
                    "#7",
                    "__internal_decompress_string(#8)"
                ],
                "Estimated Cardinality": "3850116"
            },
            "cumulative_cardinality": 47739856,
            "operator_type": "PROJECTION",
            "operator_cardinality": 371631,
            "cumulative_rows_scanned": 33500279,
            "operator_rows_scanned": 0,
            "operator_timing": 0.005967042000000001,
            "result_set_size": 40136148,
            "children": [
                {
                    "operator_name": "ORDER_BY",
                    "cpu_time": 12.195661196999998,
                    "extra_info": {
                        "Order By": [
                            "FinalStats.TotalBountyAmount DESC",
                            "FinalStats.TotalPosts DESC"
                        ]
                    },
                    "cumulative_cardinality": 47368225,
                    "operator_type": "ORDER_BY",
                    "operator_cardinality": 371631,
                    "cumulative_rows_scanned": 33500279,
                    "operator_rows_scanned": 0,
                    "operator_timing": 0.05449286700000001,
                    "result_set_size": 40136148,
                    "children": [
                        {
                            "operator_name": "PROJECTION",
                            "cpu_time": 12.141168329999998,
                            "extra_info": {
                                "Projections": [
                                    "#0",
                                    "#1",
                                    "#2",
                                    "#3",
                                    "#4",
                                    "#5",
                                    "#6",
                                    "#7",
                                    "__internal_compress_string_hugeint(#8)"
                                ],
                                "Estimated Cardinality": "3850116"
                            },
                            "cumulative_cardinality": 46996594,
                            "operator_type": "PROJECTION",
                            "operator_cardinality": 371631,
                            "cumulative_rows_scanned": 33500279,
                            "operator_rows_scanned": 0,
                            "operator_timing": 0.0015701109999999995,
                            "result_set_size": 40136148,
                            "children": [
                                {
                                    "operator_name": "PROJECTION",
                                    "cpu_time": 12.139598218999998,
                                    "extra_info": {
                                        "Projections": [
                                            "UserId",
                                            "displayname",
                                            "TotalPosts",
                                            "TotalAnswers",
                                            "TotalQuestions",
                                            "TotalBountyAmount",
                                            "ClosedPosts",
                                            "CloseReopenCount",
                                            "UserStatus"
                                        ],
                                        "Estimated Cardinality": "3850116"
                                    },
                                    "cumulative_cardinality": 46624963,
                                    "operator_type": "PROJECTION",
                                    "operator_cardinality": 371631,
                                    "cumulative_rows_scanned": 33500279,
                                    "operator_rows_scanned": 0,
                                    "operator_timing": 0.0025794779999999996,
                                    "result_set_size": 40136148,
                                    "children": [
                                        {
                                            "operator_name": "PROJECTION",
                                            "cpu_time": 12.137018740999999,
                                            "extra_info": {
                                                "Projections": [
                                                    "UserId",
                                                    "displayname",
                                                    "TotalPosts",
                                                    "TotalAnswers",
                                                    "TotalQuestions",
                                                    "TotalBountyAmount",
                                                    "ClosedPosts",
                                                    "CloseReopenCount"
                                                ],
                                                "Estimated Cardinality": "3850116"
                                            },
                                            "cumulative_cardinality": 46253332,
                                            "operator_type": "PROJECTION",
                                            "operator_cardinality": 371631,
                                            "cumulative_rows_scanned": 33500279,
                                            "operator_rows_scanned": 0,
                                            "operator_timing": 0.006338113999999999,
                                            "result_set_size": 34190052,
                                            "children": [
                                                {
                                                    "operator_name": "HASH_JOIN",
                                                    "cpu_time": 12.130680626999998,
                                                    "extra_info": {
                                                        "Join Type": "RIGHT",
                                                        "Conditions": "owneruserid = UserId",
                                                        "Estimated Cardinality": "3850116"
                                                    },
                                                    "cumulative_cardinality": 45881701,
                                                    "operator_type": "HASH_JOIN",
                                                    "operator_cardinality": 371631,
                                                    "cumulative_rows_scanned": 33500279,
                                                    "operator_rows_scanned": 0,
                                                    "operator_timing": 0.037948679,
                                                    "result_set_size": 34190052,
                                                    "children": [
                                                        {
                                                            "operator_name": "HASH_GROUP_BY",
                                                            "cpu_time": 4.3416202169999965,
                                                            "extra_info": {
                                                                "Groups": "#0",
                                                                "Aggregates": [
                                                                    "count_star()",
                                                                    "count(#1)"
                                                                ],
                                                                "Estimated Cardinality": "3850116"
                                                            },
                                                            "cumulative_cardinality": 17283611,
                                                            "operator_type": "HASH_GROUP_BY",
                                                            "operator_cardinality": 64692,
                                                            "cumulative_rows_scanned": 15645360,
                                                            "operator_rows_scanned": 0,
                                                            "operator_timing": 0.042309479000000066,
                                                            "result_set_size": 1293840,
                                                            "children": [
                                                                {
                                                                    "operator_name": "PROJECTION",
                                                                    "cpu_time": 4.299310737999996,
                                                                    "extra_info": {
                                                                        "Projections": [
                                                                            "owneruserid",
                                                                            "CASE  WHEN ((posthistorytypeid IN (10, 11))) THEN (1) ELSE NULL END"
                                                                        ],
                                                                        "Estimated Cardinality": "11795244"
                                                                    },
                                                                    "cumulative_cardinality": 17218919,
                                                                    "operator_type": "PROJECTION",
                                                                    "operator_cardinality": 675264,
                                                                    "cumulative_rows_scanned": 15645360,
                                                                    "operator_rows_scanned": 0,
                                                                    "operator_timing": 0.07304534800000012,
                                                                    "result_set_size": 5402112,
                                                                    "children": [
                                                                        {
                                                                            "operator_name": "HASH_JOIN",
                                                                            "cpu_time": 4.2262653899999965,
                                                                            "extra_info": {
                                                                                "Join Type": "RIGHT",
                                                                                "Conditions": "postid = id",
                                                                                "Estimated Cardinality": "11795244"
                                                                            },
                                                                            "cumulative_cardinality": 16543655,
                                                                            "operator_type": "HASH_JOIN",
                                                                            "operator_cardinality": 675264,
                                                                            "cumulative_rows_scanned": 15645360,
                                                                            "operator_rows_scanned": 0,
                                                                            "operator_timing": 0.2477550570000002,
                                                                            "result_set_size": 4051584,
                                                                            "children": [
                                                                                {
                                                                                    "operator_name": "READ_PARQUET ",
                                                                                    "cpu_time": 3.910791651999996,
                                                                                    "extra_info": {
                                                                                        "Function": "READ_PARQUET",
                                                                                        "Projections": [
                                                                                            "posthistorytypeid",
                                                                                            "postid"
                                                                                        ],
                                                                                        "Estimated Cardinality": "11795244"
                                                                                    },
                                                                                    "cumulative_cardinality": 11795215,
                                                                                    "operator_type": "TABLE_SCAN",
                                                                                    "operator_cardinality": 11795215,
                                                                                    "cumulative_rows_scanned": 11795244,
                                                                                    "operator_rows_scanned": 11795244,
                                                                                    "operator_timing": 3.910791651999996,
                                                                                    "result_set_size": 70771290,
                                                                                    "children": []
                                                                                },
                                                                                {
                                                                                    "operator_name": "PROJECTION",
                                                                                    "cpu_time": 0.06771868100000018,
                                                                                    "extra_info": {
                                                                                        "Projections": [
                                                                                            "#0",
                                                                                            "#1"
                                                                                        ],
                                                                                        "Estimated Cardinality": "770023"
                                                                                    },
                                                                                    "cumulative_cardinality": 4073176,
                                                                                    "operator_type": "PROJECTION",
                                                                                    "operator_cardinality": 111530,
                                                                                    "cumulative_rows_scanned": 3850116,
                                                                                    "operator_rows_scanned": 0,
                                                                                    "operator_timing": 0.00011159599999999983,
                                                                                    "result_set_size": 892240,
                                                                                    "children": [
                                                                                        {
                                                                                            "operator_name": "FILTER",
                                                                                            "cpu_time": 0.06760708500000018,
                                                                                            "extra_info": {
                                                                                                "Expression": "(closeddate IS NOT NULL)",
                                                                                                "Estimated Cardinality": "770023"
                                                                                            },
                                                                                            "cumulative_cardinality": 3961646,
                                                                                            "operator_type": "FILTER",
                                                                                            "operator_cardinality": 111530,
                                                                                            "cumulative_rows_scanned": 3850116,
                                                                                            "operator_rows_scanned": 0,
                                                                                            "operator_timing": 0.013156424000000036,
                                                                                            "result_set_size": 1784480,
                                                                                            "children": [
                                                                                                {
                                                                                                    "operator_name": "READ_PARQUET ",
                                                                                                    "cpu_time": 0.05445066100000014,
                                                                                                    "extra_info": {
                                                                                                        "Function": "READ_PARQUET",
                                                                                                        "Projections": [
                                                                                                            "id",
                                                                                                            "owneruserid",
                                                                                                            "closeddate"
                                                                                                        ],
                                                                                                        "Estimated Cardinality": "3850116"
                                                                                                    },
                                                                                                    "cumulative_cardinality": 3850116,
                                                                                                    "operator_type": "TABLE_SCAN",
                                                                                                    "operator_cardinality": 3850116,
                                                                                                    "cumulative_rows_scanned": 3850116,
                                                                                                    "operator_rows_scanned": 3850116,
                                                                                                    "operator_timing": 0.05445066100000014,
                                                                                                    "result_set_size": 61601856,
                                                                                                    "children": []
                                                                                                }
                                                                                            ]
                                                                                        }
                                                                                    ]
                                                                                }
                                                                            ]
                                                                        }
                                                                    ]
                                                                }
                                                            ]
                                                        },
                                                        {
                                                            "operator_name": "PROJECTION",
                                                            "cpu_time": 7.751111731000002,
                                                            "extra_info": {
                                                                "Projections": [
                                                                    "UserId",
                                                                    "displayname",
                                                                    "TotalPosts",
                                                                    "TotalAnswers",
                                                                    "TotalQuestions",
                                                                    "TotalBountyAmount"
                                                                ],
                                                                "Estimated Cardinality": "252142"
                                                            },
                                                            "cumulative_cardinality": 28226459,
                                                            "operator_type": "PROJECTION",
                                                            "operator_cardinality": 371631,
                                                            "cumulative_rows_scanned": 17854919,
                                                            "operator_rows_scanned": 0,
                                                            "operator_timing": 0.0031097449999999997,
                                                            "result_set_size": 28243956,
                                                            "children": [
                                                                {
                                                                    "operator_name": "PROJECTION",
                                                                    "cpu_time": 7.748001986000002,
                                                                    "extra_info": {
                                                                        "Projections": [
                                                                            "#0",
                                                                            "#1",
                                                                            "#2",
                                                                            "#3",
                                                                            "#4",
                                                                            "#5"
                                                                        ],
                                                                        "Estimated Cardinality": "252142"
                                                                    },
                                                                    "cumulative_cardinality": 27854828,
                                                                    "operator_type": "PROJECTION",
                                                                    "operator_cardinality": 371631,
                                                                    "cumulative_rows_scanned": 17854919,
                                                                    "operator_rows_scanned": 0,
                                                                    "operator_timing": 0.00007289300000000008,
                                                                    "result_set_size": 28243956,
                                                                    "children": [
                                                                        {
                                                                            "operator_name": "FILTER",
                                                                            "cpu_time": 7.747929093000002,
                                                                            "extra_info": {
                                                                                "Expression": "(TotalPosts > 0)",
                                                                                "Estimated Cardinality": "252142"
                                                                            },
                                                                            "cumulative_cardinality": 27483197,
                                                                            "operator_type": "FILTER",
                                                                            "operator_cardinality": 371631,
                                                                            "cumulative_rows_scanned": 17854919,
                                                                            "operator_rows_scanned": 0,
                                                                            "operator_timing": 0.0018929269999999972,
                                                                            "result_set_size": 31217004,
                                                                            "children": [
                                                                                {
                                                                                    "operator_name": "PROJECTION",
                                                                                    "cpu_time": 7.746036166000002,
                                                                                    "extra_info": {
                                                                                        "Projections": [
                                                                                            "#0",
                                                                                            "#1",
                                                                                            "#2",
                                                                                            "#3",
                                                                                            "#4",
                                                                                            "#5",
                                                                                            "#6"
                                                                                        ],
                                                                                        "Estimated Cardinality": "1260710"
                                                                                    },
                                                                                    "cumulative_cardinality": 27111566,
                                                                                    "operator_type": "PROJECTION",
                                                                                    "operator_cardinality": 1260710,
                                                                                    "cumulative_rows_scanned": 17854919,
                                                                                    "operator_rows_scanned": 0,
                                                                                    "operator_timing": 0.00023661200000000057,
                                                                                    "result_set_size": 105899640,
                                                                                    "children": [
                                                                                        {
                                                                                            "operator_name": "WINDOW",
                                                                                            "cpu_time": 7.745799554000002,
                                                                                            "extra_info": {
                                                                                                "Projections": "RANK() OVER (ORDER BY count(id) DESC NULLS LAST)"
                                                                                            },
                                                                                            "cumulative_cardinality": 25850856,
                                                                                            "operator_type": "WINDOW",
                                                                                            "operator_cardinality": 1260710,
                                                                                            "cumulative_rows_scanned": 17854919,
                                                                                            "operator_rows_scanned": 0,
                                                                                            "operator_timing": 0.12677915200000017,
                                                                                            "result_set_size": 105899640,
                                                                                            "children": [
                                                                                                {
                                                                                                    "operator_name": "HASH_GROUP_BY",
                                                                                                    "cpu_time": 7.619020402000002,
                                                                                                    "extra_info": {
                                                                                                        "Groups": [
                                                                                                            "#0",
                                                                                                            "#1"
                                                                                                        ],
                                                                                                        "Aggregates": [
                                                                                                            "count(#2)",
                                                                                                            "sum(#3)",
                                                                                                            "sum(#4)",
                                                                                                            "sum(#5)"
                                                                                                        ],
                                                                                                        "Estimated Cardinality": "1260710"
                                                                                                    },
                                                                                                    "cumulative_cardinality": 24590146,
                                                                                                    "operator_type": "HASH_GROUP_BY",
                                                                                                    "operator_cardinality": 1260710,
                                                                                                    "cumulative_rows_scanned": 17854919,
                                                                                                    "operator_rows_scanned": 0,
                                                                                                    "operator_timing": 0.9429928460000006,
                                                                                                    "result_set_size": 95813960,
                                                                                                    "children": [
                                                                                                        {
                                                                                                            "operator_name": "PROJECTION",
                                                                                                            "cpu_time": 6.676027556000001,
                                                                                                            "extra_info": {
                                                                                                                "Projections": [
                                                                                                                    "id",
                                                                                                                    "displayname",
                                                                                                                    "id",
                                                                                                                    "CASE  WHEN ((posttypeid = 2)) THEN (1) ELSE 0 END",
                                                                                                                    "CASE  WHEN ((posttypeid = 1)) THEN (1) ELSE 0 END",
                                                                                                                    "bountyamount"
                                                                                                                ],
                                                                                                                "Estimated Cardinality": "3850116"
                                                                                                            },
                                                                                                            "cumulative_cardinality": 23329436,
                                                                                                            "operator_type": "PROJECTION",
                                                                                                            "operator_cardinality": 4576203,
                                                                                                            "cumulative_rows_scanned": 17854919,
                                                                                                            "operator_rows_scanned": 0,
                                                                                                            "operator_timing": 0.08596449499999993,
                                                                                                            "result_set_size": 164743308,
                                                                                                            "children": [
                                                                                                                {
                                                                                                                    "operator_name": "PROJECTION",
                                                                                                                    "cpu_time": 6.590063061000001,
                                                                                                                    "extra_info": {
                                                                                                                        "Projections": [
                                                                                                                            "#0",
                                                                                                                            "#1",
                                                                                                                            "#2",
                                                                                                                            "#3",
                                                                                                                            "__internal_decompress_integral_integer(#4, 0)"
                                                                                                                        ],
                                                                                                                        "Estimated Cardinality": "3850116"
                                                                                                                    },
                                                                                                                    "cumulative_cardinality": 18753233,
                                                                                                                    "operator_type": "PROJECTION",
                                                                                                                    "operator_cardinality": 4576203,
                                                                                                                    "cumulative_rows_scanned": 17854919,
                                                                                                                    "operator_rows_scanned": 0,
                                                                                                                    "operator_timing": 0.0033934129999999936,
                                                                                                                    "result_set_size": 137286090,
                                                                                                                    "children": [
                                                                                                                        {
                                                                                                                            "operator_name": "HASH_JOIN",
                                                                                                                            "cpu_time": 6.586669648000001,
                                                                                                                            "extra_info": {
                                                                                                                                "Join Type": "LEFT",
                                                                                                                                "Conditions": "id = postid",
                                                                                                                                "Estimated Cardinality": "3850116"
                                                                                                                            },
                                                                                                                            "cumulative_cardinality": 14177030,
                                                                                                                            "operator_type": "HASH_JOIN",
                                                                                                                            "operator_cardinality": 4576203,
                                                                                                                            "cumulative_rows_scanned": 17854919,
                                                                                                                            "operator_rows_scanned": 0,
                                                                                                                            "operator_timing": 0.15610933999999976,
                                                                                                                            "result_set_size": 128133684,
                                                                                                                            "children": [
                                                                                                                                {
                                                                                                                                    "operator_name": "HASH_JOIN",
                                                                                                                                    "cpu_time": 2.523804805999996,
                                                                                                                                    "extra_info": {
                                                                                                                                        "Join Type": "RIGHT",
                                                                                                                                        "Conditions": "owneruserid = id",
                                                                                                                                        "Estimated Cardinality": "3850116"
                                                                                                                                    },
                                                                                                                                    "cumulative_cardinality": 9520621,
                                                                                                                                    "operator_type": "HASH_JOIN",
                                                                                                                                    "operator_cardinality": 4574495,
                                                                                                                                    "cumulative_rows_scanned": 5110826,
                                                                                                                                    "operator_rows_scanned": 0,
                                                                                                                                    "operator_timing": 0.34071565999999925,
                                                                                                                                    "result_set_size": 118936870,
                                                                                                                                    "children": [
                                                                                                                                        {
                                                                                                                                            "operator_name": "READ_PARQUET ",
                                                                                                                                            "cpu_time": 0.3755098369999993,
                                                                                                                                            "extra_info": {
                                                                                                                                                "Function": "READ_PARQUET",
                                                                                                                                                "Projections": [
                                                                                                                                                    "id",
                                                                                                                                                    "posttypeid",
                                                                                                                                                    "owneruserid"
                                                                                                                                                ],
                                                                                                                                                "Estimated Cardinality": "3850116"
                                                                                                                                            },
                                                                                                                                            "cumulative_cardinality": 3685416,
                                                                                                                                            "operator_type": "TABLE_SCAN",
                                                                                                                                            "operator_cardinality": 3685416,
                                                                                                                                            "cumulative_rows_scanned": 3850116,
                                                                                                                                            "operator_rows_scanned": 3850116,
                                                                                                                                            "operator_timing": 0.3755098369999993,
                                                                                                                                            "result_set_size": 36854160,
                                                                                                                                            "children": []
                                                                                                                                        },
                                                                                                                                        {
                                                                                                                                            "operator_name": "READ_PARQUET ",
                                                                                                                                            "cpu_time": 1.8075793089999974,
                                                                                                                                            "extra_info": {
                                                                                                                                                "Function": "READ_PARQUET",
                                                                                                                                                "Projections": [
                                                                                                                                                    "id",
                                                                                                                                                    "displayname"
                                                                                                                                                ],
                                                                                                                                                "Estimated Cardinality": "1260710"
                                                                                                                                            },
                                                                                                                                            "cumulative_cardinality": 1260710,
                                                                                                                                            "operator_type": "TABLE_SCAN",
                                                                                                                                            "operator_cardinality": 1260710,
                                                                                                                                            "cumulative_rows_scanned": 1260710,
                                                                                                                                            "operator_rows_scanned": 1260710,
                                                                                                                                            "operator_timing": 1.8075793089999974,
                                                                                                                                            "result_set_size": 25214200,
                                                                                                                                            "children": []
                                                                                                                                        }
                                                                                                                                    ]
                                                                                                                                },
                                                                                                                                {
                                                                                                                                    "operator_name": "PROJECTION",
                                                                                                                                    "cpu_time": 3.9067555020000055,
                                                                                                                                    "extra_info": {
                                                                                                                                        "Projections": [
                                                                                                                                            "#0",
                                                                                                                                            "__internal_compress_integral_usmallint(#1, 0)"
                                                                                                                                        ],
                                                                                                                                        "Estimated Cardinality": "2548818"
                                                                                                                                    },
                                                                                                                                    "cumulative_cardinality": 80206,
                                                                                                                                    "operator_type": "PROJECTION",
                                                                                                                                    "operator_cardinality": 40103,
                                                                                                                                    "cumulative_rows_scanned": 12744093,
                                                                                                                                    "operator_rows_scanned": 0,
                                                                                                                                    "operator_timing": 0.004475740000000011,
                                                                                                                                    "result_set_size": 240618,
                                                                                                                                    "children": [
                                                                                                                                        {
                                                                                                                                            "operator_name": "READ_PARQUET ",
                                                                                                                                            "cpu_time": 3.9022797620000054,
                                                                                                                                            "extra_info": {
                                                                                                                                                "Function": "READ_PARQUET",
                                                                                                                                                "Projections": [
                                                                                                                                                    "postid",
                                                                                                                                                    "bountyamount"
                                                                                                                                                ],
                                                                                                                                                "Filters": "votetypeid=8",
                                                                                                                                                "Estimated Cardinality": "2548818"
                                                                                                                                            },
                                                                                                                                            "cumulative_cardinality": 40103,
                                                                                                                                            "operator_type": "TABLE_SCAN",
                                                                                                                                            "operator_cardinality": 40103,
                                                                                                                                            "cumulative_rows_scanned": 12744093,
                                                                                                                                            "operator_rows_scanned": 12744093,
                                                                                                                                            "operator_timing": 3.9022797620000054,
                                                                                                                                            "result_set_size": 320824,
                                                                                                                                            "children": []
                                                                                                                                        }
                                                                                                                                    ]
                                                                                                                                }
                                                                                                                            ]
                                                                                                                        }
                                                                                                                    ]
                                                                                                                }
                                                                                                            ]
                                                                                                        }
                                                                                                    ]
                                                                                                }
                                                                                            ]
                                                                                        }
                                                                                    ]
                                                                                }
                                                                            ]
                                                                        }
                                                                    ]
                                                                }
                                                            ]
                                                        }
                                                    ]
                                                }
                                            ]
                                        }
                                    ]
                                }
                            ]
                        }
                    ]
                }
            ]
        }
    ]
}