{
    "rows_returned": 10,
    "query_name": "WITH UserStatistics AS (\n    SELECT \n        U.Id AS UserId,\n        U.Reputation,\n        COUNT(DISTINCT P.Id) AS TotalPosts,\n        SUM(CASE WHEN P.PostTypeId = 1 THEN 1 ELSE 0 END) AS QuestionsCount,\n        SUM(CASE WHEN P.PostTypeId = 2 THEN 1 ELSE 0 END) AS AnswersCount,\n        SUM(CASE WHEN B.Class = 1 THEN 1 ELSE 0 END) AS GoldBadges,\n        SUM(CASE WHEN B.Class = 2 THEN 1 ELSE 0 END) AS SilverBadges,\n        SUM(CASE WHEN B.Class = 3 THEN 1 ELSE 0 END) AS BronzeBadges\n    FROM Users U\n    LEFT JOIN Posts P ON U.Id = P.OwnerUserId\n    LEFT JOIN Badges B ON U.Id = B.UserId\n    GROUP BY U.Id, U.Reputation\n),\nAggregatedStatistics AS (\n    SELECT \n        UserId,\n        Reputation,\n        TotalPosts,\n        QuestionsCount,\n        AnswersCount,\n        GoldBadges,\n        SilverBadges,\n        BronzeBadges,\n        ROW_NUMBER() OVER (ORDER BY Reputation DESC) AS ReputationRank\n    FROM UserStatistics\n),\nMetricCalculations AS (\n    SELECT \n        UserId,\n        Reputation,\n        TotalPosts,\n        QuestionsCount,\n        AnswersCount,\n        GoldBadges,\n        SilverBadges,\n        BronzeBadges,\n        CASE\n            WHEN TotalPosts = 0 THEN 0\n            ELSE CAST(QuestionsCount AS FLOAT) / TotalPosts\n        END AS QuestionRatio,\n        CASE\n            WHEN TotalPosts = 0 THEN 0\n            ELSE CAST(AnswersCount AS FLOAT) / TotalPosts\n        END AS AnswerRatio\n    FROM AggregatedStatistics\n)\nSELECT \n    U.DisplayName,\n    U.Id,\n    U.Reputation,\n    M.TotalPosts,\n    M.QuestionsCount,\n    M.AnswersCount,\n    M.GoldBadges,\n    M.SilverBadges,\n    M.BronzeBadges,\n    M.QuestionRatio,\n    M.AnswerRatio,\n    (SELECT COUNT(*) \n     FROM Votes V \n     WHERE V.UserId = U.Id \n     AND V.CreationDate >= cast('2024-10-01 12:34:56' as timestamp) - INTERVAL '1 year') AS RecentVoteCount\nFROM Users U\nJOIN MetricCalculations M ON U.Id = M.UserId\nWHERE (M.QuestionRatio > 0.5 OR M.AnswerRatio > 0.5)\n  AND (M.GoldBadges + M.SilverBadges + M.BronzeBadges > 0)\nORDER BY M.Reputation DESC, U.DisplayName\nFETCH FIRST 10 ROWS ONLY;",
    "blocked_thread_time": 0.0,
    "cpu_time": 45.30963447199973,
    "extra_info": {},
    "cumulative_cardinality": 1782541426,
    "cumulative_rows_scanned": 21437353,
    "result_set_size": 1280,
    "latency": 59.69381465,
    "children": [
        {
            "operator_name": "PROJECTION",
            "cpu_time": 45.30963447199973,
            "extra_info": {
                "Projections": [
                    "#0",
                    "#1",
                    "#2",
                    "#3",
                    "#4",
                    "#5",
                    "#6",
                    "#7",
                    "#8",
                    "#9",
                    "#10",
                    "#11"
                ],
                "Estimated Cardinality": "10"
            },
            "cumulative_cardinality": 1782541426,
            "operator_type": "PROJECTION",
            "operator_cardinality": 10,
            "cumulative_rows_scanned": 21437353,
            "operator_rows_scanned": 0,
            "operator_timing": 0.000003326,
            "result_set_size": 1280,
            "children": [
                {
                    "operator_name": "STREAMING_LIMIT",
                    "cpu_time": 45.30963114599973,
                    "extra_info": {},
                    "cumulative_cardinality": 1782541416,
                    "operator_type": "STREAMING_LIMIT",
                    "operator_cardinality": 10,
                    "cumulative_rows_scanned": 21437353,
                    "operator_rows_scanned": 0,
                    "operator_timing": 0.000002825,
                    "result_set_size": 1320,
                    "children": [
                        {
                            "operator_name": "ORDER_BY",
                            "cpu_time": 45.30962832099973,
                            "extra_info": {
                                "Order By": [
                                    "reputation DESC",
                                    "U.DisplayName ASC"
                                ]
                            },
                            "cumulative_cardinality": 1782541406,
                            "operator_type": "ORDER_BY",
                            "operator_cardinality": 4096,
                            "cumulative_rows_scanned": 21437353,
                            "operator_rows_scanned": 0,
                            "operator_timing": 0.04847175500000001,
                            "result_set_size": 540672,
                            "children": [
                                {
                                    "operator_name": "PROJECTION",
                                    "cpu_time": 45.26115656599973,
                                    "extra_info": {
                                        "Projections": [
                                            "displayname",
                                            "id",
                                            "reputation",
                                            "TotalPosts",
                                            "QuestionsCount",
                                            "AnswersCount",
                                            "GoldBadges",
                                            "SilverBadges",
                                            "BronzeBadges",
                                            "QuestionRatio",
                                            "AnswerRatio",
                                            "RecentVoteCount",
                                            "reputation"
                                        ],
                                        "Estimated Cardinality": "1260710"
                                    },
                                    "cumulative_cardinality": 1782537310,
                                    "operator_type": "PROJECTION",
                                    "operator_cardinality": 338773,
                                    "cumulative_rows_scanned": 21437353,
                                    "operator_rows_scanned": 0,
                                    "operator_timing": 0.00023883400000000021,
                                    "result_set_size": 44718036,
                                    "children": [
                                        {
                                            "operator_name": "LEFT_DELIM_JOIN",
                                            "cpu_time": 45.260917731999726,
                                            "extra_info": {
                                                "Join Type": "SINGLE",
                                                "Conditions": "id IS NOT DISTINCT FROM id",
                                                "Estimated Cardinality": "1260710",
                                                "Delim Index": "1"
                                            },
                                            "cumulative_cardinality": 1782198537,
                                            "operator_type": "LEFT_DELIM_JOIN",
                                            "operator_cardinality": 0,
                                            "cumulative_rows_scanned": 21437353,
                                            "operator_rows_scanned": 0,
                                            "operator_timing": 0.028192664000000013,
                                            "result_set_size": 0,
                                            "children": [
                                                {
                                                    "operator_name": "HASH_JOIN",
                                                    "cpu_time": 44.451868880999726,
                                                    "extra_info": {
                                                        "Join Type": "INNER",
                                                        "Conditions": "UserId = id",
                                                        "Estimated Cardinality": "1260710"
                                                    },
                                                    "cumulative_cardinality": 1780154758,
                                                    "operator_type": "HASH_JOIN",
                                                    "operator_cardinality": 338773,
                                                    "cumulative_rows_scanned": 8693260,
                                                    "operator_rows_scanned": 0,
                                                    "operator_timing": 0.143107147,
                                                    "result_set_size": 42007852,
                                                    "children": [
                                                        {
                                                            "operator_name": "FILTER",
                                                            "cpu_time": 42.985125286999725,
                                                            "extra_info": {
                                                                "Expression": "(((GoldBadges + SilverBadges) + BronzeBadges) > 0)",
                                                                "Estimated Cardinality": "1260710"
                                                            },
                                                            "cumulative_cardinality": 1778555275,
                                                            "operator_type": "FILTER",
                                                            "operator_cardinality": 338773,
                                                            "cumulative_rows_scanned": 7432550,
                                                            "operator_rows_scanned": 0,
                                                            "operator_timing": 0.011476258999999996,
                                                            "result_set_size": 35232392,
                                                            "children": [
                                                                {
                                                                    "operator_name": "PROJECTION",
                                                                    "cpu_time": 42.97364902799973,
                                                                    "extra_info": {
                                                                        "Projections": [
                                                                            "UserId",
                                                                            "reputation",
                                                                            "TotalPosts",
                                                                            "QuestionsCount",
                                                                            "AnswersCount",
                                                                            "GoldBadges",
                                                                            "SilverBadges",
                                                                            "BronzeBadges",
                                                                            "QuestionRatio",
                                                                            "AnswerRatio"
                                                                        ],
                                                                        "Estimated Cardinality": "1260710"
                                                                    },
                                                                    "cumulative_cardinality": 1778216502,
                                                                    "operator_type": "PROJECTION",
                                                                    "operator_cardinality": 370473,
                                                                    "cumulative_rows_scanned": 7432550,
                                                                    "operator_rows_scanned": 0,
                                                                    "operator_timing": 0.0066446819999999955,
                                                                    "result_set_size": 38529192,
                                                                    "children": [
                                                                        {
                                                                            "operator_name": "FILTER",
                                                                            "cpu_time": 42.967004345999726,
                                                                            "extra_info": {
                                                                                "Expression": "((CASE  WHEN ((TotalPosts = 0)) THEN (0.0) ELSE (CAST(QuestionsCount AS FLOAT) / CAST(TotalPosts AS FLOAT)) END > 0.5) OR (CASE  WHEN ((TotalPosts = 0)) THEN (0.0) ELSE (CAST(AnswersCount AS FLOAT) / CAST(TotalPosts AS FLOAT)) END > 0.5))",
                                                                                "Estimated Cardinality": "1260710"
                                                                            },
                                                                            "cumulative_cardinality": 1777846029,
                                                                            "operator_type": "FILTER",
                                                                            "operator_cardinality": 370473,
                                                                            "cumulative_rows_scanned": 7432550,
                                                                            "operator_rows_scanned": 0,
                                                                            "operator_timing": 0.017634949999999983,
                                                                            "result_set_size": 35565408,
                                                                            "children": [
                                                                                {
                                                                                    "operator_name": "PROJECTION",
                                                                                    "cpu_time": 42.949369395999724,
                                                                                    "extra_info": {
                                                                                        "Projections": [
                                                                                            "UserId",
                                                                                            "reputation",
                                                                                            "TotalPosts",
                                                                                            "QuestionsCount",
                                                                                            "AnswersCount",
                                                                                            "GoldBadges",
                                                                                            "SilverBadges",
                                                                                            "BronzeBadges"
                                                                                        ],
                                                                                        "Estimated Cardinality": "1260710"
                                                                                    },
                                                                                    "cumulative_cardinality": 1777475556,
                                                                                    "operator_type": "PROJECTION",
                                                                                    "operator_cardinality": 1260710,
                                                                                    "cumulative_rows_scanned": 7432550,
                                                                                    "operator_rows_scanned": 0,
                                                                                    "operator_timing": 0.000245656,
                                                                                    "result_set_size": 121028160,
                                                                                    "children": [
                                                                                        {
                                                                                            "operator_name": "PROJECTION",
                                                                                            "cpu_time": 42.94912373999973,
                                                                                            "extra_info": {
                                                                                                "Projections": [
                                                                                                    "#0",
                                                                                                    "#1",
                                                                                                    "#2",
                                                                                                    "#3",
                                                                                                    "#4",
                                                                                                    "#5",
                                                                                                    "#6",
                                                                                                    "#7",
                                                                                                    "#8"
                                                                                                ],
                                                                                                "Estimated Cardinality": "1260710"
                                                                                            },
                                                                                            "cumulative_cardinality": 1776214846,
                                                                                            "operator_type": "PROJECTION",
                                                                                            "operator_cardinality": 1260710,
                                                                                            "cumulative_rows_scanned": 7432550,
                                                                                            "operator_rows_scanned": 0,
                                                                                            "operator_timing": 0.0002861249999999991,
                                                                                            "result_set_size": 131113840,
                                                                                            "children": [
                                                                                                {
                                                                                                    "operator_name": "WINDOW",
                                                                                                    "cpu_time": 42.948837614999725,
                                                                                                    "extra_info": {
                                                                                                        "Projections": "ROW_NUMBER() OVER (ORDER BY reputation DESC NULLS LAST)"
                                                                                                    },
                                                                                                    "cumulative_cardinality": 1774954136,
                                                                                                    "operator_type": "WINDOW",
                                                                                                    "operator_cardinality": 1260710,
                                                                                                    "cumulative_rows_scanned": 7432550,
                                                                                                    "operator_rows_scanned": 0,
                                                                                                    "operator_timing": 0.09394229600000009,
                                                                                                    "result_set_size": 131113840,
                                                                                                    "children": [
                                                                                                        {
                                                                                                            "operator_name": "HASH_GROUP_BY",
                                                                                                            "cpu_time": 42.85489531899972,
                                                                                                            "extra_info": {
                                                                                                                "Groups": [
                                                                                                                    "#0",
                                                                                                                    "#1"
                                                                                                                ],
                                                                                                                "Aggregates": [
                                                                                                                    "count(DISTINCT #2)",
                                                                                                                    "sum(#3)",
                                                                                                                    "sum(#4)",
                                                                                                                    "sum(#5)",
                                                                                                                    "sum(#6)",
                                                                                                                    "sum(#7)"
                                                                                                                ],
                                                                                                                "Estimated Cardinality": "1260710"
                                                                                                            },
                                                                                                            "cumulative_cardinality": 1773693426,
                                                                                                            "operator_type": "HASH_GROUP_BY",
                                                                                                            "operator_cardinality": 1260710,
                                                                                                            "cumulative_rows_scanned": 7432550,
                                                                                                            "operator_rows_scanned": 0,
                                                                                                            "operator_timing": 27.250833268999408,
                                                                                                            "result_set_size": 121028160,
                                                                                                            "children": [
                                                                                                                {
                                                                                                                    "operator_name": "PROJECTION",
                                                                                                                    "cpu_time": 15.60406205000032,
                                                                                                                    "extra_info": {
                                                                                                                        "Projections": [
                                                                                                                            "id",
                                                                                                                            "reputation",
                                                                                                                            "id",
                                                                                                                            "CASE  WHEN ((posttypeid = 1)) THEN (1) ELSE 0 END",
                                                                                                                            "CASE  WHEN ((posttypeid = 2)) THEN (1) ELSE 0 END",
                                                                                                                            "CASE  WHEN ((class = 1)) THEN (1) ELSE 0 END",
                                                                                                                            "CASE  WHEN ((class = 2)) THEN (1) ELSE 0 END",
                                                                                                                            "CASE  WHEN ((class = 3)) THEN (1) ELSE 0 END"
                                                                                                                        ],
                                                                                                                        "Estimated Cardinality": "3850116"
                                                                                                                    },
                                                                                                                    "cumulative_cardinality": 1772432716,
                                                                                                                    "operator_type": "PROJECTION",
                                                                                                                    "operator_cardinality": 586089549,
                                                                                                                    "cumulative_rows_scanned": 7432550,
                                                                                                                    "operator_rows_scanned": 0,
                                                                                                                    "operator_timing": 7.657397321000228,
                                                                                                                    "result_set_size": 18754865568,
                                                                                                                    "children": [
                                                                                                                        {
                                                                                                                            "operator_name": "PROJECTION",
                                                                                                                            "cpu_time": 7.946664729000092,
                                                                                                                            "extra_info": {
                                                                                                                                "Projections": [
                                                                                                                                    "#0",
                                                                                                                                    "#1",
                                                                                                                                    "#2",
                                                                                                                                    "#3",
                                                                                                                                    "__internal_decompress_integral_smallint(#4, 1)"
                                                                                                                                ],
                                                                                                                                "Estimated Cardinality": "3850116"
                                                                                                                            },
                                                                                                                            "cumulative_cardinality": 1186343167,
                                                                                                                            "operator_type": "PROJECTION",
                                                                                                                            "operator_cardinality": 586089549,
                                                                                                                            "cumulative_rows_scanned": 7432550,
                                                                                                                            "operator_rows_scanned": 0,
                                                                                                                            "operator_timing": 0.27170184000002323,
                                                                                                                            "result_set_size": 9377432784,
                                                                                                                            "children": [
                                                                                                                                {
                                                                                                                                    "operator_name": "HASH_JOIN",
                                                                                                                                    "cpu_time": 7.674962889000068,
                                                                                                                                    "extra_info": {
                                                                                                                                        "Join Type": "LEFT",
                                                                                                                                        "Conditions": "id = userid",
                                                                                                                                        "Estimated Cardinality": "3850116"
                                                                                                                                    },
                                                                                                                                    "cumulative_cardinality": 600253618,
                                                                                                                                    "operator_type": "HASH_JOIN",
                                                                                                                                    "operator_cardinality": 586089549,
                                                                                                                                    "cumulative_rows_scanned": 7432550,
                                                                                                                                    "operator_rows_scanned": 0,
                                                                                                                                    "operator_timing": 6.187963177000068,
                                                                                                                                    "result_set_size": 8791343235,
                                                                                                                                    "children": [
                                                                                                                                        {
                                                                                                                                            "operator_name": "HASH_JOIN",
                                                                                                                                            "cpu_time": 0.8362355080000005,
                                                                                                                                            "extra_info": {
                                                                                                                                                "Join Type": "RIGHT",
                                                                                                                                                "Conditions": "owneruserid = id",
                                                                                                                                                "Estimated Cardinality": "3850116"
                                                                                                                                            },
                                                                                                                                            "cumulative_cardinality": 9520621,
                                                                                                                                            "operator_type": "HASH_JOIN",
                                                                                                                                            "operator_cardinality": 4574495,
                                                                                                                                            "cumulative_rows_scanned": 5110826,
                                                                                                                                            "operator_rows_scanned": 0,
                                                                                                                                            "operator_timing": 0.3430488480000002,
                                                                                                                                            "result_set_size": 64042930,
                                                                                                                                            "children": [
                                                                                                                                                {
                                                                                                                                                    "operator_name": "READ_PARQUET ",
                                                                                                                                                    "cpu_time": 0.4681339940000003,
                                                                                                                                                    "extra_info": {
                                                                                                                                                        "Function": "READ_PARQUET",
                                                                                                                                                        "Projections": [
                                                                                                                                                            "id",
                                                                                                                                                            "posttypeid",
                                                                                                                                                            "owneruserid"
                                                                                                                                                        ],
                                                                                                                                                        "Estimated Cardinality": "3850116"
                                                                                                                                                    },
                                                                                                                                                    "cumulative_cardinality": 3685416,
                                                                                                                                                    "operator_type": "TABLE_SCAN",
                                                                                                                                                    "operator_cardinality": 3685416,
                                                                                                                                                    "cumulative_rows_scanned": 3850116,
                                                                                                                                                    "operator_rows_scanned": 3850116,
                                                                                                                                                    "operator_timing": 0.4681339940000003,
                                                                                                                                                    "result_set_size": 36854160,
                                                                                                                                                    "children": []
                                                                                                                                                },
                                                                                                                                                {
                                                                                                                                                    "operator_name": "READ_PARQUET ",
                                                                                                                                                    "cpu_time": 0.02505266599999999,
                                                                                                                                                    "extra_info": {
                                                                                                                                                        "Function": "READ_PARQUET",
                                                                                                                                                        "Projections": [
                                                                                                                                                            "id",
                                                                                                                                                            "reputation"
                                                                                                                                                        ],
                                                                                                                                                        "Estimated Cardinality": "1260710"
                                                                                                                                                    },
                                                                                                                                                    "cumulative_cardinality": 1260710,
                                                                                                                                                    "operator_type": "TABLE_SCAN",
                                                                                                                                                    "operator_cardinality": 1260710,
                                                                                                                                                    "cumulative_rows_scanned": 1260710,
                                                                                                                                                    "operator_rows_scanned": 1260710,
                                                                                                                                                    "operator_timing": 0.02505266599999999,
                                                                                                                                                    "result_set_size": 10085680,
                                                                                                                                                    "children": []
                                                                                                                                                }
                                                                                                                                            ]
                                                                                                                                        },
                                                                                                                                        {
                                                                                                                                            "operator_name": "PROJECTION",
                                                                                                                                            "cpu_time": 0.6507642039999996,
                                                                                                                                            "extra_info": {
                                                                                                                                                "Projections": [
                                                                                                                                                    "#0",
                                                                                                                                                    "__internal_compress_integral_utinyint(#1, 1)"
                                                                                                                                                ],
                                                                                                                                                "Estimated Cardinality": "2321724"
                                                                                                                                            },
                                                                                                                                            "cumulative_cardinality": 4643448,
                                                                                                                                            "operator_type": "PROJECTION",
                                                                                                                                            "operator_cardinality": 2321724,
                                                                                                                                            "cumulative_rows_scanned": 2321724,
                                                                                                                                            "operator_rows_scanned": 0,
                                                                                                                                            "operator_timing": 0.0012410810000000015,
                                                                                                                                            "result_set_size": 11608620,
                                                                                                                                            "children": [
                                                                                                                                                {
                                                                                                                                                    "operator_name": "READ_PARQUET ",
                                                                                                                                                    "cpu_time": 0.6495231229999996,
                                                                                                                                                    "extra_info": {
                                                                                                                                                        "Function": "READ_PARQUET",
                                                                                                                                                        "Projections": [
                                                                                                                                                            "userid",
                                                                                                                                                            "class"
                                                                                                                                                        ],
                                                                                                                                                        "Estimated Cardinality": "2321724"
                                                                                                                                                    },
                                                                                                                                                    "cumulative_cardinality": 2321724,
                                                                                                                                                    "operator_type": "TABLE_SCAN",
                                                                                                                                                    "operator_cardinality": 2321724,
                                                                                                                                                    "cumulative_rows_scanned": 2321724,
                                                                                                                                                    "operator_rows_scanned": 2321724,
                                                                                                                                                    "operator_timing": 0.6495231229999996,
                                                                                                                                                    "result_set_size": 13930344,
                                                                                                                                                    "children": []
                                                                                                                                                }
                                                                                                                                            ]
                                                                                                                                        }
                                                                                                                                    ]
                                                                                                                                }
                                                                                                                            ]
                                                                                                                        }
                                                                                                                    ]
                                                                                                                }
                                                                                                            ]
                                                                                                        }
                                                                                                    ]
                                                                                                }
                                                                                            ]
                                                                                        }
                                                                                    ]
                                                                                }
                                                                            ]
                                                                        }
                                                                    ]
                                                                }
                                                            ]
                                                        },
                                                        {
                                                            "operator_name": "READ_PARQUET ",
                                                            "cpu_time": 1.3236364470000002,
                                                            "extra_info": {
                                                                "Function": "READ_PARQUET",
                                                                "Projections": [
                                                                    "id",
                                                                    "reputation",
                                                                    "displayname"
                                                                ],
                                                                "Estimated Cardinality": "1260710"
                                                            },
                                                            "cumulative_cardinality": 1260710,
                                                            "operator_type": "TABLE_SCAN",
                                                            "operator_cardinality": 1260710,
                                                            "cumulative_rows_scanned": 1260710,
                                                            "operator_rows_scanned": 1260710,
                                                            "operator_timing": 1.3236364470000002,
                                                            "result_set_size": 30257040,
                                                            "children": []
                                                        }
                                                    ]
                                                },
                                                {
                                                    "operator_name": "HASH_JOIN",
                                                    "cpu_time": 0.7786612270000006,
                                                    "extra_info": {
                                                        "Join Type": "SINGLE",
                                                        "Conditions": "id IS NOT DISTINCT FROM id",
                                                        "Estimated Cardinality": "1260710"
                                                    },
                                                    "cumulative_cardinality": 1366233,
                                                    "operator_type": "HASH_JOIN",
                                                    "operator_cardinality": 338773,
                                                    "cumulative_rows_scanned": 12744093,
                                                    "operator_rows_scanned": 0,
                                                    "operator_timing": 0.032443062000000016,
                                                    "result_set_size": 44718036,
                                                    "children": [
                                                        {
                                                            "operator_name": "COLUMN_DATA_SCAN",
                                                            "cpu_time": 0.0018935009999999997,
                                                            "extra_info": {
                                                                "Estimated Cardinality": "1260710"
                                                            },
                                                            "cumulative_cardinality": 338773,
                                                            "operator_type": "COLUMN_DATA_SCAN",
                                                            "operator_cardinality": 338773,
                                                            "cumulative_rows_scanned": 0,
                                                            "operator_rows_scanned": 0,
                                                            "operator_timing": 0.0018935009999999997,
                                                            "result_set_size": 42007852,
                                                            "children": []
                                                        },
                                                        {
                                                            "operator_name": "PROJECTION",
                                                            "cpu_time": 0.7443246640000006,
                                                            "extra_info": {
                                                                "Projections": [
                                                                    "CASE  WHEN ((count_star() IS NULL)) THEN (0) ELSE count_star() END",
                                                                    "id"
                                                                ],
                                                                "Estimated Cardinality": "637204"
                                                            },
                                                            "cumulative_cardinality": 688687,
                                                            "operator_type": "PROJECTION",
                                                            "operator_cardinality": 338773,
                                                            "cumulative_rows_scanned": 12744093,
                                                            "operator_rows_scanned": 0,
                                                            "operator_timing": 0.0007204479999999999,
                                                            "result_set_size": 4065276,
                                                            "children": [
                                                                {
                                                                    "operator_name": "HASH_JOIN",
                                                                    "cpu_time": 0.7436042160000006,
                                                                    "extra_info": {
                                                                        "Join Type": "RIGHT",
                                                                        "Conditions": "#0 IS NOT DISTINCT FROM id",
                                                                        "Estimated Cardinality": "637204"
                                                                    },
                                                                    "cumulative_cardinality": 349914,
                                                                    "operator_type": "HASH_JOIN",
                                                                    "operator_cardinality": 338773,
                                                                    "cumulative_rows_scanned": 12744093,
                                                                    "operator_rows_scanned": 0,
                                                                    "operator_timing": 0.010856062000000003,
                                                                    "result_set_size": 4065276,
                                                                    "children": [
                                                                        {
                                                                            "operator_name": "HASH_GROUP_BY",
                                                                            "cpu_time": 0.7327481540000006,
                                                                            "extra_info": {
                                                                                "Groups": "#0",
                                                                                "Aggregates": "count_star()",
                                                                                "Estimated Cardinality": "637204"
                                                                            },
                                                                            "cumulative_cardinality": 11141,
                                                                            "operator_type": "HASH_GROUP_BY",
                                                                            "operator_cardinality": 1356,
                                                                            "cumulative_rows_scanned": 12744093,
                                                                            "operator_rows_scanned": 0,
                                                                            "operator_timing": 0.00022841799999999998,
                                                                            "result_set_size": 16272,
                                                                            "children": [
                                                                                {
                                                                                    "operator_name": "PROJECTION",
                                                                                    "cpu_time": 0.7325197360000006,
                                                                                    "extra_info": {
                                                                                        "Projections": "id",
                                                                                        "Estimated Cardinality": "1274409"
                                                                                    },
                                                                                    "cumulative_cardinality": 9785,
                                                                                    "operator_type": "PROJECTION",
                                                                                    "operator_cardinality": 2445,
                                                                                    "cumulative_rows_scanned": 12744093,
                                                                                    "operator_rows_scanned": 0,
                                                                                    "operator_timing": 9.72e-7,
                                                                                    "result_set_size": 9780,
                                                                                    "children": [
                                                                                        {
                                                                                            "operator_name": "PROJECTION",
                                                                                            "cpu_time": 0.7325187640000006,
                                                                                            "extra_info": {
                                                                                                "Projections": "id",
                                                                                                "Estimated Cardinality": "1274409"
                                                                                            },
                                                                                            "cumulative_cardinality": 7340,
                                                                                            "operator_type": "PROJECTION",
                                                                                            "operator_cardinality": 2445,
                                                                                            "cumulative_rows_scanned": 12744093,
                                                                                            "operator_rows_scanned": 0,
                                                                                            "operator_timing": 0.000001143,
                                                                                            "result_set_size": 9780,
                                                                                            "children": [
                                                                                                {
                                                                                                    "operator_name": "HASH_JOIN",
                                                                                                    "cpu_time": 0.7325176210000006,
                                                                                                    "extra_info": {
                                                                                                        "Join Type": "INNER",
                                                                                                        "Conditions": "userid = id",
                                                                                                        "Estimated Cardinality": "1274409"
                                                                                                    },
                                                                                                    "cumulative_cardinality": 4895,
                                                                                                    "operator_type": "HASH_JOIN",
                                                                                                    "operator_cardinality": 2445,
                                                                                                    "cumulative_rows_scanned": 12744093,
                                                                                                    "operator_rows_scanned": 0,
                                                                                                    "operator_timing": 0.012643103000000001,
                                                                                                    "result_set_size": 19560,
                                                                                                    "children": [
                                                                                                        {
                                                                                                            "operator_name": "READ_PARQUET ",
                                                                                                            "cpu_time": 0.7198745180000006,
                                                                                                            "extra_info": {
                                                                                                                "Function": "READ_PARQUET",
                                                                                                                "Projections": "userid",
                                                                                                                "Filters": "creationdate>='2023-10-01 12:34:56'::TIMESTAMP",
                                                                                                                "Estimated Cardinality": "2548818"
                                                                                                            },
                                                                                                            "cumulative_cardinality": 2450,
                                                                                                            "operator_type": "TABLE_SCAN",
                                                                                                            "operator_cardinality": 2450,
                                                                                                            "cumulative_rows_scanned": 12744093,
                                                                                                            "operator_rows_scanned": 12744093,
                                                                                                            "operator_timing": 0.7198745180000006,
                                                                                                            "result_set_size": 9800,
                                                                                                            "children": []
                                                                                                        },
                                                                                                        {
                                                                                                            "operator_name": "DELIM_SCAN",
                                                                                                            "cpu_time": 0.0,
                                                                                                            "extra_info": {
                                                                                                                "Delim Index": "1",
                                                                                                                "Estimated Cardinality": "630355"
                                                                                                            },
                                                                                                            "cumulative_cardinality": 0,
                                                                                                            "operator_type": "DELIM_SCAN",
                                                                                                            "operator_cardinality": 0,
                                                                                                            "cumulative_rows_scanned": 0,
                                                                                                            "operator_rows_scanned": 0,
                                                                                                            "operator_timing": 0.0,
                                                                                                            "result_set_size": 0,
                                                                                                            "children": []
                                                                                                        }
                                                                                                    ]
                                                                                                }
                                                                                            ]
                                                                                        }
                                                                                    ]
                                                                                }
                                                                            ]
                                                                        },
                                                                        {
                                                                            "operator_name": "DELIM_SCAN",
                                                                            "cpu_time": 0.0,
                                                                            "extra_info": {
                                                                                "Delim Index": "1",
                                                                                "Estimated Cardinality": "630355"
                                                                            },
                                                                            "cumulative_cardinality": 0,
                                                                            "operator_type": "DELIM_SCAN",
                                                                            "operator_cardinality": 0,
                                                                            "cumulative_rows_scanned": 0,
                                                                            "operator_rows_scanned": 0,
                                                                            "operator_timing": 0.0,
                                                                            "result_set_size": 0,
                                                                            "children": []
                                                                        }
                                                                    ]
                                                                }
                                                            ]
                                                        }
                                                    ]
                                                },
                                                {
                                                    "operator_name": "HASH_GROUP_BY",
                                                    "cpu_time": 0.00219496,
                                                    "extra_info": {
                                                        "Groups": "#9",
                                                        "Aggregates": "",
                                                        "Estimated Cardinality": "1260710"
                                                    },
                                                    "cumulative_cardinality": 677546,
                                                    "operator_type": "HASH_GROUP_BY",
                                                    "operator_cardinality": 677546,
                                                    "cumulative_rows_scanned": 0,
                                                    "operator_rows_scanned": 0,
                                                    "operator_timing": 0.00219496,
                                                    "result_set_size": 2710184,
                                                    "children": []
                                                }
                                            ]
                                        }
                                    ]
                                }
                            ]
                        }
                    ]
                }
            ]
        }
    ]
}