{
    "rows_returned": 56055,
    "query_name": "\nWITH UserPostStats AS (\n    SELECT \n        u.Id AS UserId,\n        u.DisplayName,\n        COUNT(p.Id) AS PostCount,\n        SUM(CASE WHEN p.ViewCount IS NOT NULL THEN p.ViewCount ELSE 0 END) AS TotalViews,\n        SUM(CASE WHEN p.Score IS NOT NULL THEN p.Score ELSE 0 END) AS TotalScore,\n        AVG(COALESCE(p.AnswerCount, 0)) AS AvgAnswers,\n        RANK() OVER (ORDER BY SUM(p.ViewCount) DESC) AS ViewRank\n    FROM \n        Users u\n    LEFT JOIN \n        Posts p ON u.Id = p.OwnerUserId\n    GROUP BY \n        u.Id, u.DisplayName\n),\nCloseReasonCounts AS (\n    SELECT \n        ph.UserId,\n        COUNT(*) AS ClosedPostCount,\n        SUM(CASE WHEN ph.Comment IS NOT NULL THEN 1 ELSE 0 END) AS CommentedClosedPosts\n    FROM \n        PostHistory ph\n    WHERE \n        ph.PostHistoryTypeId = 10  \n    GROUP BY \n        ph.UserId\n),\nCombinedStats AS (\n    SELECT \n        ups.UserId,\n        ups.DisplayName,\n        ups.PostCount,\n        ups.TotalViews,\n        ups.TotalScore,\n        ups.AvgAnswers,\n        COALESCE(crc.ClosedPostCount, 0) AS ClosedPostCount,\n        COALESCE(crc.CommentedClosedPosts, 0) AS CommentedClosedPosts,\n        CASE \n            WHEN ups.ViewRank <= 10 THEN 'Top User'\n            ELSE 'Regular User'\n        END AS UserType\n    FROM \n        UserPostStats ups\n    LEFT JOIN \n        CloseReasonCounts crc ON ups.UserId = crc.UserId\n),\nInactiveUserPostCount AS (\n    SELECT \n        u.Id AS UserId,\n        COUNT(p.Id) AS InactivePostCount\n    FROM \n        Users u\n    LEFT JOIN \n        Posts p ON u.Id = p.OwnerUserId AND p.CreationDate < (TIMESTAMP '2024-10-01 12:34:56' - INTERVAL '1 year') \n    WHERE \n        u.LastAccessDate < (TIMESTAMP '2024-10-01 12:34:56' - INTERVAL '1 year')\n    GROUP BY \n        u.Id\n)\nSELECT \n    cs.UserId,\n    cs.DisplayName,\n    cs.PostCount,\n    cs.TotalViews,\n    cs.TotalScore,\n    cs.AvgAnswers,\n    cs.ClosedPostCount,\n    cs.CommentedClosedPosts,\n    COALESCE(iup.InactivePostCount, 0) AS InactivePostCount\nFROM \n    CombinedStats cs\nLEFT JOIN \n    InactiveUserPostCount iup ON cs.UserId = iup.UserId\nWHERE \n    cs.TotalScore > 10 OR cs.ClosedPostCount > 0\nORDER BY \n    cs.TotalScore DESC, cs.PostCount DESC;\n",
    "blocked_thread_time": 0.0,
    "cpu_time": 2.179789818000001,
    "extra_info": {},
    "cumulative_cardinality": 30232791,
    "cumulative_rows_scanned": 22016896,
    "result_set_size": 5605500,
    "latency": 2.573393461,
    "children": [
        {
            "operator_name": "ORDER_BY",
            "cpu_time": 2.179789818000001,
            "extra_info": {
                "Order By": [
                    "cs.TotalScore DESC",
                    "cs.PostCount DESC"
                ]
            },
            "cumulative_cardinality": 30232791,
            "operator_type": "ORDER_BY",
            "operator_cardinality": 56055,
            "cumulative_rows_scanned": 22016896,
            "operator_rows_scanned": 0,
            "operator_timing": 0.0071870090000000055,
            "result_set_size": 5605500,
            "children": [
                {
                    "operator_name": "PROJECTION",
                    "cpu_time": 2.172602809000001,
                    "extra_info": {
                        "Projections": [
                            "UserId",
                            "displayname",
                            "PostCount",
                            "TotalViews",
                            "TotalScore",
                            "AvgAnswers",
                            "ClosedPostCount",
                            "CommentedClosedPosts",
                            "InactivePostCount"
                        ],
                        "Estimated Cardinality": "385011"
                    },
                    "cumulative_cardinality": 30176736,
                    "operator_type": "PROJECTION",
                    "operator_cardinality": 56055,
                    "cumulative_rows_scanned": 22016896,
                    "operator_rows_scanned": 0,
                    "operator_timing": 0.0012463379999999994,
                    "result_set_size": 5605500,
                    "children": [
                        {
                            "operator_name": "HASH_JOIN",
                            "cpu_time": 2.171356471000001,
                            "extra_info": {
                                "Join Type": "LEFT",
                                "Conditions": "UserId = UserId",
                                "Estimated Cardinality": "385011"
                            },
                            "cumulative_cardinality": 30120681,
                            "operator_type": "HASH_JOIN",
                            "operator_cardinality": 56055,
                            "cumulative_rows_scanned": 22016896,
                            "operator_rows_scanned": 0,
                            "operator_timing": 0.03422371399999999,
                            "result_set_size": 5605500,
                            "children": [
                                {
                                    "operator_name": "PROJECTION",
                                    "cpu_time": 1.698452700000001,
                                    "extra_info": {
                                        "Projections": [
                                            "UserId",
                                            "displayname",
                                            "PostCount",
                                            "TotalViews",
                                            "TotalScore",
                                            "AvgAnswers",
                                            "ClosedPostCount",
                                            "CommentedClosedPosts"
                                        ],
                                        "Estimated Cardinality": "252142"
                                    },
                                    "cumulative_cardinality": 20753862,
                                    "operator_type": "PROJECTION",
                                    "operator_cardinality": 56055,
                                    "cumulative_rows_scanned": 16906070,
                                    "operator_rows_scanned": 0,
                                    "operator_timing": 0.0017839460000000007,
                                    "result_set_size": 5157060,
                                    "children": [
                                        {
                                            "operator_name": "FILTER",
                                            "cpu_time": 1.696668754000001,
                                            "extra_info": {
                                                "Expression": "((TotalScore > 10) OR (COALESCE(ClosedPostCount, 0) > 0))",
                                                "Estimated Cardinality": "252142"
                                            },
                                            "cumulative_cardinality": 20697807,
                                            "operator_type": "FILTER",
                                            "operator_cardinality": 56055,
                                            "cumulative_rows_scanned": 16906070,
                                            "operator_rows_scanned": 0,
                                            "operator_timing": 0.014997448000000016,
                                            "result_set_size": 5157060,
                                            "children": [
                                                {
                                                    "operator_name": "HASH_JOIN",
                                                    "cpu_time": 1.681671306000001,
                                                    "extra_info": {
                                                        "Join Type": "LEFT",
                                                        "Conditions": "UserId = userid",
                                                        "Estimated Cardinality": "1260710"
                                                    },
                                                    "cumulative_cardinality": 20641752,
                                                    "operator_type": "HASH_JOIN",
                                                    "operator_cardinality": 1260710,
                                                    "cumulative_rows_scanned": 16906070,
                                                    "operator_rows_scanned": 0,
                                                    "operator_timing": 0.009358208999999992,
                                                    "result_set_size": 115985320,
                                                    "children": [
                                                        {
                                                            "operator_name": "PROJECTION",
                                                            "cpu_time": 1.296884153,
                                                            "extra_info": {
                                                                "Projections": [
                                                                    "UserId",
                                                                    "displayname",
                                                                    "PostCount",
                                                                    "TotalViews",
                                                                    "TotalScore",
                                                                    "AvgAnswers"
                                                                ],
                                                                "Estimated Cardinality": "1260710"
                                                            },
                                                            "cumulative_cardinality": 19137956,
                                                            "operator_type": "PROJECTION",
                                                            "operator_cardinality": 1260710,
                                                            "cumulative_rows_scanned": 5110826,
                                                            "operator_rows_scanned": 0,
                                                            "operator_timing": 0.0001776700000000001,
                                                            "result_set_size": 85728280,
                                                            "children": [
                                                                {
                                                                    "operator_name": "PROJECTION",
                                                                    "cpu_time": 1.296706483,
                                                                    "extra_info": {
                                                                        "Projections": [
                                                                            "#0",
                                                                            "#1",
                                                                            "#2",
                                                                            "#3",
                                                                            "#4",
                                                                            "#5",
                                                                            "#6",
                                                                            "#7"
                                                                        ],
                                                                        "Estimated Cardinality": "1260710"
                                                                    },
                                                                    "cumulative_cardinality": 17877246,
                                                                    "operator_type": "PROJECTION",
                                                                    "operator_cardinality": 1260710,
                                                                    "cumulative_rows_scanned": 5110826,
                                                                    "operator_rows_scanned": 0,
                                                                    "operator_timing": 0.00024505699999999964,
                                                                    "result_set_size": 115985320,
                                                                    "children": [
                                                                        {
                                                                            "operator_name": "WINDOW",
                                                                            "cpu_time": 1.2964614259999998,
                                                                            "extra_info": {
                                                                                "Projections": "RANK() OVER (ORDER BY sum(viewcount) DESC NULLS LAST)"
                                                                            },
                                                                            "cumulative_cardinality": 16616536,
                                                                            "operator_type": "WINDOW",
                                                                            "operator_cardinality": 1260710,
                                                                            "cumulative_rows_scanned": 5110826,
                                                                            "operator_rows_scanned": 0,
                                                                            "operator_timing": 0.10484150299999996,
                                                                            "result_set_size": 115985320,
                                                                            "children": [
                                                                                {
                                                                                    "operator_name": "HASH_GROUP_BY",
                                                                                    "cpu_time": 1.1916199229999997,
                                                                                    "extra_info": {
                                                                                        "Groups": [
                                                                                            "#0",
                                                                                            "#1"
                                                                                        ],
                                                                                        "Aggregates": [
                                                                                            "count(#2)",
                                                                                            "sum(#3)",
                                                                                            "sum(#4)",
                                                                                            "avg(#5)",
                                                                                            "sum(#6)"
                                                                                        ],
                                                                                        "Estimated Cardinality": "1260710"
                                                                                    },
                                                                                    "cumulative_cardinality": 15355826,
                                                                                    "operator_type": "HASH_GROUP_BY",
                                                                                    "operator_cardinality": 1260710,
                                                                                    "cumulative_rows_scanned": 5110826,
                                                                                    "operator_rows_scanned": 0,
                                                                                    "operator_timing": 0.600273895,
                                                                                    "result_set_size": 105899640,
                                                                                    "children": [
                                                                                        {
                                                                                            "operator_name": "PROJECTION",
                                                                                            "cpu_time": 0.5913460279999998,
                                                                                            "extra_info": {
                                                                                                "Projections": [
                                                                                                    "id",
                                                                                                    "displayname",
                                                                                                    "id",
                                                                                                    "CASE  WHEN ((viewcount IS NOT NULL)) THEN (viewcount) ELSE 0 END",
                                                                                                    "CASE  WHEN ((score IS NOT NULL)) THEN (score) ELSE 0 END",
                                                                                                    "COALESCE(answercount, 0)",
                                                                                                    "viewcount"
                                                                                                ],
                                                                                                "Estimated Cardinality": "3850116"
                                                                                            },
                                                                                            "cumulative_cardinality": 14095116,
                                                                                            "operator_type": "PROJECTION",
                                                                                            "operator_cardinality": 4574495,
                                                                                            "cumulative_rows_scanned": 5110826,
                                                                                            "operator_rows_scanned": 0,
                                                                                            "operator_timing": 0.090005995,
                                                                                            "result_set_size": 182979800,
                                                                                            "children": [
                                                                                                {
                                                                                                    "operator_name": "HASH_JOIN",
                                                                                                    "cpu_time": 0.5013400329999999,
                                                                                                    "extra_info": {
                                                                                                        "Join Type": "RIGHT",
                                                                                                        "Conditions": "owneruserid = id",
                                                                                                        "Estimated Cardinality": "3850116"
                                                                                                    },
                                                                                                    "cumulative_cardinality": 9520621,
                                                                                                    "operator_type": "HASH_JOIN",
                                                                                                    "operator_cardinality": 4574495,
                                                                                                    "cumulative_rows_scanned": 5110826,
                                                                                                    "operator_rows_scanned": 0,
                                                                                                    "operator_timing": 0.24498625400000007,
                                                                                                    "result_set_size": 164681820,
                                                                                                    "children": [
                                                                                                        {
                                                                                                            "operator_name": "READ_PARQUET ",
                                                                                                            "cpu_time": 0.17909445899999982,
                                                                                                            "extra_info": {
                                                                                                                "Function": "READ_PARQUET",
                                                                                                                "Projections": [
                                                                                                                    "id",
                                                                                                                    "score",
                                                                                                                    "viewcount",
                                                                                                                    "owneruserid",
                                                                                                                    "answercount"
                                                                                                                ],
                                                                                                                "Estimated Cardinality": "3850116"
                                                                                                            },
                                                                                                            "cumulative_cardinality": 3685416,
                                                                                                            "operator_type": "TABLE_SCAN",
                                                                                                            "operator_cardinality": 3685416,
                                                                                                            "cumulative_rows_scanned": 3850116,
                                                                                                            "operator_rows_scanned": 3850116,
                                                                                                            "operator_timing": 0.17909445899999982,
                                                                                                            "result_set_size": 73708320,
                                                                                                            "children": []
                                                                                                        },
                                                                                                        {
                                                                                                            "operator_name": "READ_PARQUET ",
                                                                                                            "cpu_time": 0.07725931999999994,
                                                                                                            "extra_info": {
                                                                                                                "Function": "READ_PARQUET",
                                                                                                                "Projections": [
                                                                                                                    "id",
                                                                                                                    "displayname"
                                                                                                                ],
                                                                                                                "Estimated Cardinality": "1260710"
                                                                                                            },
                                                                                                            "cumulative_cardinality": 1260710,
                                                                                                            "operator_type": "TABLE_SCAN",
                                                                                                            "operator_cardinality": 1260710,
                                                                                                            "cumulative_rows_scanned": 1260710,
                                                                                                            "operator_rows_scanned": 1260710,
                                                                                                            "operator_timing": 0.07725931999999994,
                                                                                                            "result_set_size": 25214200,
                                                                                                            "children": []
                                                                                                        }
                                                                                                    ]
                                                                                                }
                                                                                            ]
                                                                                        }
                                                                                    ]
                                                                                }
                                                                            ]
                                                                        }
                                                                    ]
                                                                }
                                                            ]
                                                        },
                                                        {
                                                            "operator_name": "HASH_GROUP_BY",
                                                            "cpu_time": 0.37542894400000115,
                                                            "extra_info": {
                                                                "Groups": "#0",
                                                                "Aggregates": [
                                                                    "count_star()",
                                                                    "sum(#1)"
                                                                ],
                                                                "Estimated Cardinality": "1179524"
                                                            },
                                                            "cumulative_cardinality": 243086,
                                                            "operator_type": "HASH_GROUP_BY",
                                                            "operator_cardinality": 158,
                                                            "cumulative_rows_scanned": 11795244,
                                                            "operator_rows_scanned": 0,
                                                            "operator_timing": 0.020577880999999992,
                                                            "result_set_size": 4424,
                                                            "children": [
                                                                {
                                                                    "operator_name": "PROJECTION",
                                                                    "cpu_time": 0.3548510630000012,
                                                                    "extra_info": {
                                                                        "Projections": [
                                                                            "userid",
                                                                            "CASE  WHEN ((comment IS NOT NULL)) THEN (1) ELSE 0 END"
                                                                        ],
                                                                        "Estimated Cardinality": "2359048"
                                                                    },
                                                                    "cumulative_cardinality": 242928,
                                                                    "operator_type": "PROJECTION",
                                                                    "operator_cardinality": 121464,
                                                                    "cumulative_rows_scanned": 11795244,
                                                                    "operator_rows_scanned": 0,
                                                                    "operator_timing": 0.0037417020000000117,
                                                                    "result_set_size": 971712,
                                                                    "children": [
                                                                        {
                                                                            "operator_name": "READ_PARQUET ",
                                                                            "cpu_time": 0.3511093610000012,
                                                                            "extra_info": {
                                                                                "Function": "READ_PARQUET",
                                                                                "Projections": [
                                                                                    "userid",
                                                                                    "comment"
                                                                                ],
                                                                                "Filters": "posthistorytypeid=10",
                                                                                "Estimated Cardinality": "2359048"
                                                                            },
                                                                            "cumulative_cardinality": 121464,
                                                                            "operator_type": "TABLE_SCAN",
                                                                            "operator_cardinality": 121464,
                                                                            "cumulative_rows_scanned": 11795244,
                                                                            "operator_rows_scanned": 11795244,
                                                                            "operator_timing": 0.3511093610000012,
                                                                            "result_set_size": 2429280,
                                                                            "children": []
                                                                        }
                                                                    ]
                                                                }
                                                            ]
                                                        }
                                                    ]
                                                }
                                            ]
                                        }
                                    ]
                                },
                                {
                                    "operator_name": "HASH_GROUP_BY",
                                    "cpu_time": 0.4386800570000001,
                                    "extra_info": {
                                        "Groups": "#0",
                                        "Aggregates": "count(#1)",
                                        "Estimated Cardinality": "385011"
                                    },
                                    "cumulative_cardinality": 9310764,
                                    "operator_type": "HASH_GROUP_BY",
                                    "operator_cardinality": 936967,
                                    "cumulative_rows_scanned": 5110826,
                                    "operator_rows_scanned": 0,
                                    "operator_timing": 0.11716457099999997,
                                    "result_set_size": 11243604,
                                    "children": [
                                        {
                                            "operator_name": "PROJECTION",
                                            "cpu_time": 0.3215154860000002,
                                            "extra_info": {
                                                "Projections": [
                                                    "id",
                                                    "id"
                                                ],
                                                "Estimated Cardinality": "770023"
                                            },
                                            "cumulative_cardinality": 8373797,
                                            "operator_type": "PROJECTION",
                                            "operator_cardinality": 1947897,
                                            "cumulative_rows_scanned": 5110826,
                                            "operator_rows_scanned": 0,
                                            "operator_timing": 0.0004657399999999991,
                                            "result_set_size": 15583176,
                                            "children": [
                                                {
                                                    "operator_name": "HASH_JOIN",
                                                    "cpu_time": 0.3210497460000002,
                                                    "extra_info": {
                                                        "Join Type": "RIGHT",
                                                        "Conditions": "owneruserid = id",
                                                        "Estimated Cardinality": "770023"
                                                    },
                                                    "cumulative_cardinality": 6425900,
                                                    "operator_type": "HASH_JOIN",
                                                    "operator_cardinality": 1947897,
                                                    "cumulative_rows_scanned": 5110826,
                                                    "operator_rows_scanned": 0,
                                                    "operator_timing": 0.143754536,
                                                    "result_set_size": 15583176,
                                                    "children": [
                                                        {
                                                            "operator_name": "READ_PARQUET ",
                                                            "cpu_time": 0.15225483400000014,
                                                            "extra_info": {
                                                                "Function": "READ_PARQUET",
                                                                "Projections": [
                                                                    "id",
                                                                    "owneruserid"
                                                                ],
                                                                "Filters": "creationdate<'2023-10-01 12:34:56'::TIMESTAMP",
                                                                "Estimated Cardinality": "770023"
                                                            },
                                                            "cumulative_cardinality": 3541036,
                                                            "operator_type": "TABLE_SCAN",
                                                            "operator_cardinality": 3541036,
                                                            "cumulative_rows_scanned": 3850116,
                                                            "operator_rows_scanned": 3850116,
                                                            "operator_timing": 0.15225483400000014,
                                                            "result_set_size": 28328288,
                                                            "children": []
                                                        },
                                                        {
                                                            "operator_name": "READ_PARQUET ",
                                                            "cpu_time": 0.02504037600000002,
                                                            "extra_info": {
                                                                "Function": "READ_PARQUET",
                                                                "Projections": "id",
                                                                "Filters": "lastaccessdate<'2023-10-01 12:34:56'::TIMESTAMP",
                                                                "Estimated Cardinality": "252142"
                                                            },
                                                            "cumulative_cardinality": 936967,
                                                            "operator_type": "TABLE_SCAN",
                                                            "operator_cardinality": 936967,
                                                            "cumulative_rows_scanned": 1260710,
                                                            "operator_rows_scanned": 1260710,
                                                            "operator_timing": 0.02504037600000002,
                                                            "result_set_size": 3747868,
                                                            "children": []
                                                        }
                                                    ]
                                                }
                                            ]
                                        }
                                    ]
                                }
                            ]
                        }
                    ]
                }
            ]
        }
    ]
}