{
    "rows_returned": 50,
    "query_name": "\nWITH UserBadgeCounts AS (\n    SELECT \n        u.Id AS UserId,\n        u.DisplayName,\n        SUM(CASE WHEN b.Class = 1 THEN 1 ELSE 0 END) AS GoldBadges,\n        SUM(CASE WHEN b.Class = 2 THEN 1 ELSE 0 END) AS SilverBadges,\n        SUM(CASE WHEN b.Class = 3 THEN 1 ELSE 0 END) AS BronzeBadges,\n        COUNT(b.Id) AS TotalBadges\n    FROM Users u\n    LEFT JOIN Badges b ON u.Id = b.UserId\n    GROUP BY u.Id, u.DisplayName\n), \n\nPostStats AS (\n    SELECT \n        p.OwnerUserId,\n        COUNT(p.Id) AS TotalPosts,\n        COUNT(CASE WHEN p.PostTypeId = 1 THEN 1 END) AS TotalQuestions,\n        COUNT(CASE WHEN p.PostTypeId = 2 THEN 1 END) AS TotalAnswers,\n        SUM(COALESCE(p.Score, 0)) AS TotalScore\n    FROM Posts p\n    GROUP BY p.OwnerUserId\n),\n\nClosedPostCounts AS (\n    SELECT \n        ph.UserId, \n        COUNT(ph.Id) AS ClosedPosts\n    FROM PostHistory ph\n    WHERE ph.PostHistoryTypeId = 10\n    GROUP BY ph.UserId\n),\n\nFinalResults AS (\n    SELECT \n        ub.UserId,\n        ub.DisplayName,\n        COALESCE(ps.TotalPosts, 0) AS TotalPosts,\n        COALESCE(ps.TotalQuestions, 0) AS TotalQuestions,\n        COALESCE(ps.TotalAnswers, 0) AS TotalAnswers,\n        COALESCE(ps.TotalScore, 0) AS TotalScore,\n        COALESCE(cb.ClosedPosts, 0) AS ClosedPosts,\n        ub.GoldBadges,\n        ub.SilverBadges,\n        ub.BronzeBadges,\n        ub.TotalBadges\n    FROM UserBadgeCounts ub\n    LEFT JOIN PostStats ps ON ub.UserId = ps.OwnerUserId\n    LEFT JOIN ClosedPostCounts cb ON ub.UserId = cb.UserId\n)\n\nSELECT \n    UserId,\n    DisplayName,\n    TotalPosts,\n    TotalQuestions,\n    TotalAnswers,\n    TotalScore,\n    ClosedPosts,\n    GoldBadges,\n    SilverBadges,\n    BronzeBadges,\n    TotalBadges,\n    CASE \n        WHEN TotalPosts > 0 AND GoldBadges > 0 THEN 'Active Contributor with Gold'\n        WHEN TotalPosts > 0 AND TotalScore > 100 THEN 'Active Contributor with High Score'\n        ELSE 'Various Activities'\n    END AS UserActivityLabel\nFROM FinalResults\nORDER BY TotalScore DESC, TotalPosts DESC\nLIMIT 50;\n",
    "blocked_thread_time": 0.0,
    "cpu_time": 1.72390246,
    "extra_info": {},
    "cumulative_cardinality": 24271906,
    "cumulative_rows_scanned": 19227794,
    "result_set_size": 7000,
    "latency": 2.036367844,
    "children": [
        {
            "operator_name": "STREAMING_LIMIT",
            "cpu_time": 1.72390246,
            "extra_info": {},
            "cumulative_cardinality": 24271906,
            "operator_type": "STREAMING_LIMIT",
            "operator_cardinality": 50,
            "cumulative_rows_scanned": 19227794,
            "operator_rows_scanned": 0,
            "operator_timing": 0.000002074,
            "result_set_size": 7000,
            "children": [
                {
                    "operator_name": "ORDER_BY",
                    "cpu_time": 1.723900386,
                    "extra_info": {
                        "Order By": [
                            "FinalResults.TotalScore DESC",
                            "FinalResults.TotalPosts DESC"
                        ]
                    },
                    "cumulative_cardinality": 24271856,
                    "operator_type": "ORDER_BY",
                    "operator_cardinality": 4096,
                    "cumulative_rows_scanned": 19227794,
                    "operator_rows_scanned": 0,
                    "operator_timing": 0.17506225799999997,
                    "result_set_size": 573440,
                    "children": [
                        {
                            "operator_name": "PROJECTION",
                            "cpu_time": 1.548838128,
                            "extra_info": {
                                "Projections": [
                                    "UserId",
                                    "displayname",
                                    "TotalPosts",
                                    "TotalQuestions",
                                    "TotalAnswers",
                                    "TotalScore",
                                    "ClosedPosts",
                                    "GoldBadges",
                                    "SilverBadges",
                                    "BronzeBadges",
                                    "TotalBadges",
                                    "UserActivityLabel"
                                ],
                                "Estimated Cardinality": "1925058"
                            },
                            "cumulative_cardinality": 24267760,
                            "operator_type": "PROJECTION",
                            "operator_cardinality": 1260710,
                            "cumulative_rows_scanned": 19227794,
                            "operator_rows_scanned": 0,
                            "operator_timing": 0.010071239999999997,
                            "result_set_size": 176499400,
                            "children": [
                                {
                                    "operator_name": "PROJECTION",
                                    "cpu_time": 1.538766888,
                                    "extra_info": {
                                        "Projections": [
                                            "UserId",
                                            "displayname",
                                            "TotalPosts",
                                            "TotalQuestions",
                                            "TotalAnswers",
                                            "TotalScore",
                                            "ClosedPosts",
                                            "GoldBadges",
                                            "SilverBadges",
                                            "BronzeBadges",
                                            "TotalBadges"
                                        ],
                                        "Estimated Cardinality": "1925058"
                                    },
                                    "cumulative_cardinality": 23007050,
                                    "operator_type": "PROJECTION",
                                    "operator_cardinality": 1260710,
                                    "cumulative_rows_scanned": 19227794,
                                    "operator_rows_scanned": 0,
                                    "operator_timing": 0.03428670400000001,
                                    "result_set_size": 156328040,
                                    "children": [
                                        {
                                            "operator_name": "HASH_JOIN",
                                            "cpu_time": 1.504480184,
                                            "extra_info": {
                                                "Join Type": "LEFT",
                                                "Conditions": "UserId = userid",
                                                "Estimated Cardinality": "1925058"
                                            },
                                            "cumulative_cardinality": 21746340,
                                            "operator_type": "HASH_JOIN",
                                            "operator_cardinality": 1260710,
                                            "cumulative_rows_scanned": 19227794,
                                            "operator_rows_scanned": 0,
                                            "operator_timing": 0.013939744999999998,
                                            "result_set_size": 156328040,
                                            "children": [
                                                {
                                                    "operator_name": "HASH_JOIN",
                                                    "cpu_time": 1.2548920829999997,
                                                    "extra_info": {
                                                        "Join Type": "RIGHT",
                                                        "Conditions": "owneruserid = UserId",
                                                        "Estimated Cardinality": "1925058"
                                                    },
                                                    "cumulative_cardinality": 20242544,
                                                    "operator_type": "HASH_JOIN",
                                                    "operator_cardinality": 1260710,
                                                    "cumulative_rows_scanned": 7432550,
                                                    "operator_rows_scanned": 0,
                                                    "operator_timing": 0.125029727,
                                                    "result_set_size": 146242360,
                                                    "children": [
                                                        {
                                                            "operator_name": "HASH_GROUP_BY",
                                                            "cpu_time": 0.2800656499999997,
                                                            "extra_info": {
                                                                "Groups": "#0",
                                                                "Aggregates": [
                                                                    "count_star()",
                                                                    "count(#1)",
                                                                    "count(#2)",
                                                                    "sum(#3)"
                                                                ],
                                                                "Estimated Cardinality": "1925058"
                                                            },
                                                            "cumulative_cardinality": 8071864,
                                                            "operator_type": "HASH_GROUP_BY",
                                                            "operator_cardinality": 371632,
                                                            "cumulative_rows_scanned": 3850116,
                                                            "operator_rows_scanned": 0,
                                                            "operator_timing": 0.14960523099999987,
                                                            "result_set_size": 16351808,
                                                            "children": [
                                                                {
                                                                    "operator_name": "PROJECTION",
                                                                    "cpu_time": 0.13046041899999988,
                                                                    "extra_info": {
                                                                        "Projections": [
                                                                            "owneruserid",
                                                                            "CASE  WHEN ((posttypeid = 1)) THEN (1) ELSE NULL END",
                                                                            "CASE  WHEN ((posttypeid = 2)) THEN (1) ELSE NULL END",
                                                                            "score"
                                                                        ],
                                                                        "Estimated Cardinality": "3850116"
                                                                    },
                                                                    "cumulative_cardinality": 7700232,
                                                                    "operator_type": "PROJECTION",
                                                                    "operator_cardinality": 3850116,
                                                                    "cumulative_rows_scanned": 3850116,
                                                                    "operator_rows_scanned": 0,
                                                                    "operator_timing": 0.05378436099999987,
                                                                    "result_set_size": 61601856,
                                                                    "children": [
                                                                        {
                                                                            "operator_name": "READ_PARQUET ",
                                                                            "cpu_time": 0.076676058,
                                                                            "extra_info": {
                                                                                "Function": "READ_PARQUET",
                                                                                "Projections": [
                                                                                    "id",
                                                                                    "posttypeid",
                                                                                    "score",
                                                                                    "owneruserid"
                                                                                ],
                                                                                "Estimated Cardinality": "3850116"
                                                                            },
                                                                            "cumulative_cardinality": 3850116,
                                                                            "operator_type": "TABLE_SCAN",
                                                                            "operator_cardinality": 3850116,
                                                                            "cumulative_rows_scanned": 3850116,
                                                                            "operator_rows_scanned": 3850116,
                                                                            "operator_timing": 0.076676058,
                                                                            "result_set_size": 53901624,
                                                                            "children": []
                                                                        }
                                                                    ]
                                                                }
                                                            ]
                                                        },
                                                        {
                                                            "operator_name": "HASH_GROUP_BY",
                                                            "cpu_time": 0.849796706,
                                                            "extra_info": {
                                                                "Groups": [
                                                                    "#0",
                                                                    "#1"
                                                                ],
                                                                "Aggregates": [
                                                                    "sum(#2)",
                                                                    "sum(#3)",
                                                                    "sum(#4)",
                                                                    "count(#5)"
                                                                ],
                                                                "Estimated Cardinality": "1260710"
                                                            },
                                                            "cumulative_cardinality": 10909970,
                                                            "operator_type": "HASH_GROUP_BY",
                                                            "operator_cardinality": 1260710,
                                                            "cumulative_rows_scanned": 3582434,
                                                            "operator_rows_scanned": 0,
                                                            "operator_timing": 0.49608466799999995,
                                                            "result_set_size": 95813960,
                                                            "children": [
                                                                {
                                                                    "operator_name": "PROJECTION",
                                                                    "cpu_time": 0.35371203800000006,
                                                                    "extra_info": {
                                                                        "Projections": [
                                                                            "id",
                                                                            "displayname",
                                                                            "CASE  WHEN ((class = 1)) THEN (1) ELSE 0 END",
                                                                            "CASE  WHEN ((class = 2)) THEN (1) ELSE 0 END",
                                                                            "CASE  WHEN ((class = 3)) THEN (1) ELSE 0 END",
                                                                            "id"
                                                                        ],
                                                                        "Estimated Cardinality": "2321724"
                                                                    },
                                                                    "cumulative_cardinality": 9649260,
                                                                    "operator_type": "PROJECTION",
                                                                    "operator_cardinality": 3033413,
                                                                    "cumulative_rows_scanned": 3582434,
                                                                    "operator_rows_scanned": 0,
                                                                    "operator_timing": 0.016162462999999995,
                                                                    "result_set_size": 109202868,
                                                                    "children": [
                                                                        {
                                                                            "operator_name": "HASH_JOIN",
                                                                            "cpu_time": 0.33754957500000005,
                                                                            "extra_info": {
                                                                                "Join Type": "RIGHT",
                                                                                "Conditions": "userid = id",
                                                                                "Estimated Cardinality": "2321724"
                                                                            },
                                                                            "cumulative_cardinality": 6615847,
                                                                            "operator_type": "HASH_JOIN",
                                                                            "operator_cardinality": 3033413,
                                                                            "cumulative_rows_scanned": 3582434,
                                                                            "operator_rows_scanned": 0,
                                                                            "operator_timing": 0.20075011399999992,
                                                                            "result_set_size": 78868738,
                                                                            "children": [
                                                                                {
                                                                                    "operator_name": "READ_PARQUET ",
                                                                                    "cpu_time": 0.05796268500000001,
                                                                                    "extra_info": {
                                                                                        "Function": "READ_PARQUET",
                                                                                        "Projections": [
                                                                                            "id",
                                                                                            "userid",
                                                                                            "class"
                                                                                        ],
                                                                                        "Estimated Cardinality": "2321724"
                                                                                    },
                                                                                    "cumulative_cardinality": 2321724,
                                                                                    "operator_type": "TABLE_SCAN",
                                                                                    "operator_cardinality": 2321724,
                                                                                    "cumulative_rows_scanned": 2321724,
                                                                                    "operator_rows_scanned": 2321724,
                                                                                    "operator_timing": 0.05796268500000001,
                                                                                    "result_set_size": 23217240,
                                                                                    "children": []
                                                                                },
                                                                                {
                                                                                    "operator_name": "READ_PARQUET ",
                                                                                    "cpu_time": 0.07883677600000008,
                                                                                    "extra_info": {
                                                                                        "Function": "READ_PARQUET",
                                                                                        "Projections": [
                                                                                            "id",
                                                                                            "displayname"
                                                                                        ],
                                                                                        "Estimated Cardinality": "1260710"
                                                                                    },
                                                                                    "cumulative_cardinality": 1260710,
                                                                                    "operator_type": "TABLE_SCAN",
                                                                                    "operator_cardinality": 1260710,
                                                                                    "cumulative_rows_scanned": 1260710,
                                                                                    "operator_rows_scanned": 1260710,
                                                                                    "operator_timing": 0.07883677600000008,
                                                                                    "result_set_size": 25214200,
                                                                                    "children": []
                                                                                }
                                                                            ]
                                                                        }
                                                                    ]
                                                                }
                                                            ]
                                                        }
                                                    ]
                                                },
                                                {
                                                    "operator_name": "HASH_GROUP_BY",
                                                    "cpu_time": 0.23564835600000017,
                                                    "extra_info": {
                                                        "Groups": "#0",
                                                        "Aggregates": "count_star()",
                                                        "Estimated Cardinality": "1179524"
                                                    },
                                                    "cumulative_cardinality": 243086,
                                                    "operator_type": "HASH_GROUP_BY",
                                                    "operator_cardinality": 158,
                                                    "cumulative_rows_scanned": 11795244,
                                                    "operator_rows_scanned": 0,
                                                    "operator_timing": 0.016691476000000073,
                                                    "result_set_size": 1896,
                                                    "children": [
                                                        {
                                                            "operator_name": "PROJECTION",
                                                            "cpu_time": 0.2189568800000001,
                                                            "extra_info": {
                                                                "Projections": "userid",
                                                                "Estimated Cardinality": "2359048"
                                                            },
                                                            "cumulative_cardinality": 242928,
                                                            "operator_type": "PROJECTION",
                                                            "operator_cardinality": 121464,
                                                            "cumulative_rows_scanned": 11795244,
                                                            "operator_rows_scanned": 0,
                                                            "operator_timing": 0.0005697720000000081,
                                                            "result_set_size": 485856,
                                                            "children": [
                                                                {
                                                                    "operator_name": "READ_PARQUET ",
                                                                    "cpu_time": 0.2183871080000001,
                                                                    "extra_info": {
                                                                        "Function": "READ_PARQUET",
                                                                        "Projections": [
                                                                            "id",
                                                                            "userid"
                                                                        ],
                                                                        "Filters": "posthistorytypeid=10",
                                                                        "Estimated Cardinality": "2359048"
                                                                    },
                                                                    "cumulative_cardinality": 121464,
                                                                    "operator_type": "TABLE_SCAN",
                                                                    "operator_cardinality": 121464,
                                                                    "cumulative_rows_scanned": 11795244,
                                                                    "operator_rows_scanned": 11795244,
                                                                    "operator_timing": 0.2183871080000001,
                                                                    "result_set_size": 971712,
                                                                    "children": []
                                                                }
                                                            ]
                                                        }
                                                    ]
                                                }
                                            ]
                                        }
                                    ]
                                }
                            ]
                        }
                    ]
                }
            ]
        }
    ]
}