{
    "rows_returned": 27845,
    "query_name": "\nWITH UserReputation AS (\n    SELECT \n        u.Id AS UserId,\n        u.DisplayName,\n        u.Reputation,\n        ROW_NUMBER() OVER (ORDER BY u.Reputation DESC) AS Rank\n    FROM \n        Users u\n),\nActivePosts AS (\n    SELECT \n        p.Id AS PostId,\n        p.OwnerUserId,\n        p.PostTypeId,\n        p.Title,\n        p.CreationDate,\n        COALESCE(SUM(CASE WHEN v.VoteTypeId = 2 THEN 1 ELSE 0 END), 0) AS UpVoteCount,\n        COALESCE(SUM(CASE WHEN v.VoteTypeId = 3 THEN 1 ELSE 0 END), 0) AS DownVoteCount,\n        COUNT(c.Id) AS CommentCount,\n        COALESCE(SUM(p.ViewCount), 0) AS TotalViews\n    FROM \n        Posts p\n    LEFT JOIN \n        Votes v ON p.Id = v.PostId\n    LEFT JOIN \n        Comments c ON p.Id = c.PostId\n    WHERE \n        p.CreationDate >= TIMESTAMP '2024-10-01 12:34:56' - INTERVAL '1 year'\n    GROUP BY \n        p.Id, p.OwnerUserId, p.PostTypeId, p.Title, p.CreationDate\n),\nUserPostStats AS (\n    SELECT \n        ur.UserId,\n        ur.DisplayName,\n        SUM(ap.UpVoteCount) AS TotalUpVotes,\n        SUM(ap.DownVoteCount) AS TotalDownVotes,\n        SUM(ap.CommentCount) AS TotalComments,\n        SUM(CASE WHEN ap.PostTypeId = 1 THEN 1 ELSE 0 END) AS QuestionCount\n    FROM \n        UserReputation ur\n    LEFT JOIN \n        ActivePosts ap ON ur.UserId = ap.OwnerUserId\n    GROUP BY \n        ur.UserId, ur.DisplayName\n), \nCombinedStats AS (\n    SELECT \n        ups.UserId,\n        ups.DisplayName,\n        ups.TotalUpVotes,\n        ups.TotalDownVotes,\n        ups.TotalComments,\n        ups.QuestionCount,\n        ur.Reputation,\n        CASE \n            WHEN ups.TotalUpVotes > ups.TotalDownVotes THEN 'More UpVotes'\n            ELSE 'More DownVotes'\n        END AS VoteTrend\n    FROM \n        UserPostStats ups\n    JOIN \n        UserReputation ur ON ups.UserId = ur.UserId\n)\nSELECT \n    cs.DisplayName,\n    cs.Reputation,\n    cs.TotalUpVotes,\n    cs.TotalDownVotes,\n    cs.TotalComments,\n    cs.QuestionCount,\n    cs.VoteTrend,\n    CASE \n        WHEN cs.Reputation IS NULL THEN 'No Reputation Found'\n        ELSE 'Reputation Exists'\n    END AS ReputationStatus\nFROM \n    CombinedStats cs\nWHERE \n    cs.QuestionCount > 0\n    AND cs.Reputation IS NOT NULL\nORDER BY \n    cs.Reputation DESC,\n    cs.DisplayName ASC;\n",
    "blocked_thread_time": 0.0,
    "cpu_time": 3.1955698709999996,
    "extra_info": {},
    "cumulative_cardinality": 25755636,
    "cumulative_rows_scanned": 26357451,
    "result_set_size": 3230020,
    "latency": 3.532877518,
    "children": [
        {
            "operator_name": "PROJECTION",
            "cpu_time": 3.1955698709999996,
            "extra_info": {
                "Projections": [
                    "#0",
                    "#1",
                    "#2",
                    "#3",
                    "#4",
                    "#5",
                    "__internal_decompress_string(#6)",
                    "#7"
                ],
                "Estimated Cardinality": "50428"
            },
            "cumulative_cardinality": 25755636,
            "operator_type": "PROJECTION",
            "operator_cardinality": 27845,
            "cumulative_rows_scanned": 26357451,
            "operator_rows_scanned": 0,
            "operator_timing": 0.00043775899999999997,
            "result_set_size": 3230020,
            "children": [
                {
                    "operator_name": "ORDER_BY",
                    "cpu_time": 3.1951321119999996,
                    "extra_info": {
                        "Order By": [
                            "cs.Reputation DESC",
                            "cs.DisplayName ASC"
                        ]
                    },
                    "cumulative_cardinality": 25727791,
                    "operator_type": "ORDER_BY",
                    "operator_cardinality": 27845,
                    "cumulative_rows_scanned": 26357451,
                    "operator_rows_scanned": 0,
                    "operator_timing": 0.004123263,
                    "result_set_size": 3230020,
                    "children": [
                        {
                            "operator_name": "PROJECTION",
                            "cpu_time": 3.1910088489999997,
                            "extra_info": {
                                "Projections": [
                                    "#0",
                                    "#1",
                                    "#2",
                                    "#3",
                                    "#4",
                                    "#5",
                                    "__internal_compress_string_hugeint(#6)",
                                    "#7"
                                ],
                                "Estimated Cardinality": "50428"
                            },
                            "cumulative_cardinality": 25699946,
                            "operator_type": "PROJECTION",
                            "operator_cardinality": 27845,
                            "cumulative_rows_scanned": 26357451,
                            "operator_rows_scanned": 0,
                            "operator_timing": 0.0003705179999999999,
                            "result_set_size": 3230020,
                            "children": [
                                {
                                    "operator_name": "PROJECTION",
                                    "cpu_time": 3.1906383309999997,
                                    "extra_info": {
                                        "Projections": [
                                            "displayname",
                                            "reputation",
                                            "TotalUpVotes",
                                            "TotalDownVotes",
                                            "TotalComments",
                                            "QuestionCount",
                                            "VoteTrend",
                                            "ReputationStatus"
                                        ],
                                        "Estimated Cardinality": "50428"
                                    },
                                    "cumulative_cardinality": 25672101,
                                    "operator_type": "PROJECTION",
                                    "operator_cardinality": 27845,
                                    "cumulative_rows_scanned": 26357451,
                                    "operator_rows_scanned": 0,
                                    "operator_timing": 0.00010592599999999999,
                                    "result_set_size": 3230020,
                                    "children": [
                                        {
                                            "operator_name": "PROJECTION",
                                            "cpu_time": 3.190532405,
                                            "extra_info": {
                                                "Projections": [
                                                    "displayname",
                                                    "TotalUpVotes",
                                                    "TotalDownVotes",
                                                    "TotalComments",
                                                    "QuestionCount",
                                                    "reputation",
                                                    "VoteTrend"
                                                ],
                                                "Estimated Cardinality": "50428"
                                            },
                                            "cumulative_cardinality": 25644256,
                                            "operator_type": "PROJECTION",
                                            "operator_cardinality": 27845,
                                            "cumulative_rows_scanned": 26357451,
                                            "operator_rows_scanned": 0,
                                            "operator_timing": 0.00022020299999999998,
                                            "result_set_size": 2784500,
                                            "children": [
                                                {
                                                    "operator_name": "HASH_JOIN",
                                                    "cpu_time": 3.190312202,
                                                    "extra_info": {
                                                        "Join Type": "INNER",
                                                        "Conditions": "UserId = UserId",
                                                        "Estimated Cardinality": "50428"
                                                    },
                                                    "cumulative_cardinality": 25616411,
                                                    "operator_type": "HASH_JOIN",
                                                    "operator_cardinality": 27845,
                                                    "cumulative_rows_scanned": 26357451,
                                                    "operator_rows_scanned": 0,
                                                    "operator_timing": 0.06844382500000003,
                                                    "result_set_size": 2338980,
                                                    "children": [
                                                        {
                                                            "operator_name": "FILTER",
                                                            "cpu_time": 2.991867803,
                                                            "extra_info": {
                                                                "Expression": "(QuestionCount > 0)",
                                                                "Estimated Cardinality": "252142"
                                                            },
                                                            "cumulative_cardinality": 20545726,
                                                            "operator_type": "FILTER",
                                                            "operator_cardinality": 27845,
                                                            "cumulative_rows_scanned": 25096741,
                                                            "operator_rows_scanned": 0,
                                                            "operator_timing": 0.003214492000000001,
                                                            "result_set_size": 2338980,
                                                            "children": [
                                                                {
                                                                    "operator_name": "HASH_GROUP_BY",
                                                                    "cpu_time": 2.9886533109999998,
                                                                    "extra_info": {
                                                                        "Groups": [
                                                                            "#0",
                                                                            "#1"
                                                                        ],
                                                                        "Aggregates": [
                                                                            "sum(#2)",
                                                                            "sum(#3)",
                                                                            "sum(#4)",
                                                                            "sum(#5)"
                                                                        ],
                                                                        "Estimated Cardinality": "1260710"
                                                                    },
                                                                    "cumulative_cardinality": 20517881,
                                                                    "operator_type": "HASH_GROUP_BY",
                                                                    "operator_cardinality": 1260710,
                                                                    "cumulative_rows_scanned": 25096741,
                                                                    "operator_rows_scanned": 0,
                                                                    "operator_timing": 0.4854511220000003,
                                                                    "result_set_size": 105899640,
                                                                    "children": [
                                                                        {
                                                                            "operator_name": "PROJECTION",
                                                                            "cpu_time": 2.5032021889999996,
                                                                            "extra_info": {
                                                                                "Projections": [
                                                                                    "UserId",
                                                                                    "displayname",
                                                                                    "UpVoteCount",
                                                                                    "DownVoteCount",
                                                                                    "CommentCount",
                                                                                    "CASE  WHEN ((posttypeid = 1)) THEN (1) ELSE 0 END"
                                                                                ],
                                                                                "Estimated Cardinality": "3850116"
                                                                            },
                                                                            "cumulative_cardinality": 19257171,
                                                                            "operator_type": "PROJECTION",
                                                                            "operator_cardinality": 1371908,
                                                                            "cumulative_rows_scanned": 25096741,
                                                                            "operator_rows_scanned": 0,
                                                                            "operator_timing": 0.002881350999999997,
                                                                            "result_set_size": 87802112,
                                                                            "children": [
                                                                                {
                                                                                    "operator_name": "HASH_JOIN",
                                                                                    "cpu_time": 2.5003208379999995,
                                                                                    "extra_info": {
                                                                                        "Join Type": "RIGHT",
                                                                                        "Conditions": "owneruserid = UserId",
                                                                                        "Estimated Cardinality": "3850116"
                                                                                    },
                                                                                    "cumulative_cardinality": 17885263,
                                                                                    "operator_type": "HASH_JOIN",
                                                                                    "operator_cardinality": 1371908,
                                                                                    "cumulative_rows_scanned": 25096741,
                                                                                    "operator_rows_scanned": 0,
                                                                                    "operator_timing": 0.13635372600000004,
                                                                                    "result_set_size": 85058296,
                                                                                    "children": [
                                                                                        {
                                                                                            "operator_name": "PROJECTION",
                                                                                            "cpu_time": 1.4102548379999997,
                                                                                            "extra_info": {
                                                                                                "Projections": [
                                                                                                    "owneruserid",
                                                                                                    "posttypeid",
                                                                                                    "UpVoteCount",
                                                                                                    "DownVoteCount",
                                                                                                    "CommentCount"
                                                                                                ],
                                                                                                "Estimated Cardinality": "3850116"
                                                                                            },
                                                                                            "cumulative_cardinality": 11470515,
                                                                                            "operator_type": "PROJECTION",
                                                                                            "operator_cardinality": 145542,
                                                                                            "cumulative_rows_scanned": 23836031,
                                                                                            "operator_rows_scanned": 0,
                                                                                            "operator_timing": 0.0027656479999999995,
                                                                                            "result_set_size": 6694932,
                                                                                            "children": [
                                                                                                {
                                                                                                    "operator_name": "PROJECTION",
                                                                                                    "cpu_time": 1.4074891899999997,
                                                                                                    "extra_info": {
                                                                                                        "Projections": [
                                                                                                            "#0",
                                                                                                            "#1",
                                                                                                            "__internal_decompress_integral_smallint(#2, 1)",
                                                                                                            "#3",
                                                                                                            "#4",
                                                                                                            "#5",
                                                                                                            "#6",
                                                                                                            "#7"
                                                                                                        ],
                                                                                                        "Estimated Cardinality": "3850116"
                                                                                                    },
                                                                                                    "cumulative_cardinality": 11324973,
                                                                                                    "operator_type": "PROJECTION",
                                                                                                    "operator_cardinality": 145542,
                                                                                                    "cumulative_rows_scanned": 23836031,
                                                                                                    "operator_rows_scanned": 0,
                                                                                                    "operator_timing": 0.00010480500000000001,
                                                                                                    "result_set_size": 10770108,
                                                                                                    "children": [
                                                                                                        {
                                                                                                            "operator_name": "HASH_GROUP_BY",
                                                                                                            "cpu_time": 1.4073843849999996,
                                                                                                            "extra_info": {
                                                                                                                "Groups": [
                                                                                                                    "#0",
                                                                                                                    "#1",
                                                                                                                    "#2",
                                                                                                                    "#3",
                                                                                                                    "#4"
                                                                                                                ],
                                                                                                                "Aggregates": [
                                                                                                                    "sum(#5)",
                                                                                                                    "sum(#6)",
                                                                                                                    "count(#7)"
                                                                                                                ],
                                                                                                                "Estimated Cardinality": "3850116"
                                                                                                            },
                                                                                                            "cumulative_cardinality": 11179431,
                                                                                                            "operator_type": "HASH_GROUP_BY",
                                                                                                            "operator_cardinality": 145542,
                                                                                                            "cumulative_rows_scanned": 23836031,
                                                                                                            "operator_rows_scanned": 0,
                                                                                                            "operator_timing": 0.107167977,
                                                                                                            "result_set_size": 10624566,
                                                                                                            "children": [
                                                                                                                {
                                                                                                                    "operator_name": "PROJECTION",
                                                                                                                    "cpu_time": 1.3002164079999996,
                                                                                                                    "extra_info": {
                                                                                                                        "Projections": [
                                                                                                                            "id",
                                                                                                                            "owneruserid",
                                                                                                                            "posttypeid",
                                                                                                                            "title",
                                                                                                                            "creationdate",
                                                                                                                            "CASE  WHEN ((votetypeid = 2)) THEN (1) ELSE 0 END",
                                                                                                                            "CASE  WHEN ((votetypeid = 3)) THEN (1) ELSE 0 END",
                                                                                                                            "id"
                                                                                                                        ],
                                                                                                                        "Estimated Cardinality": "12744093"
                                                                                                                    },
                                                                                                                    "cumulative_cardinality": 11033889,
                                                                                                                    "operator_type": "PROJECTION",
                                                                                                                    "operator_cardinality": 954760,
                                                                                                                    "cumulative_rows_scanned": 23836031,
                                                                                                                    "operator_rows_scanned": 0,
                                                                                                                    "operator_timing": 0.010524383000000002,
                                                                                                                    "result_set_size": 42964200,
                                                                                                                    "children": [
                                                                                                                        {
                                                                                                                            "operator_name": "PROJECTION",
                                                                                                                            "cpu_time": 1.2896920249999997,
                                                                                                                            "extra_info": {
                                                                                                                                "Projections": [
                                                                                                                                    "#0",
                                                                                                                                    "#1",
                                                                                                                                    "__internal_compress_integral_utinyint(#2, 1)",
                                                                                                                                    "#3",
                                                                                                                                    "#4",
                                                                                                                                    "#5",
                                                                                                                                    "#6"
                                                                                                                                ],
                                                                                                                                "Estimated Cardinality": "12744093"
                                                                                                                            },
                                                                                                                            "cumulative_cardinality": 10079129,
                                                                                                                            "operator_type": "PROJECTION",
                                                                                                                            "operator_cardinality": 954760,
                                                                                                                            "cumulative_rows_scanned": 23836031,
                                                                                                                            "operator_rows_scanned": 0,
                                                                                                                            "operator_timing": 0.001771719000000002,
                                                                                                                            "result_set_size": 37235640,
                                                                                                                            "children": [
                                                                                                                                {
                                                                                                                                    "operator_name": "HASH_JOIN",
                                                                                                                                    "cpu_time": 1.2879203059999997,
                                                                                                                                    "extra_info": {
                                                                                                                                        "Join Type": "LEFT",
                                                                                                                                        "Conditions": "id = postid",
                                                                                                                                        "Estimated Cardinality": "12744093"
                                                                                                                                    },
                                                                                                                                    "cumulative_cardinality": 9124369,
                                                                                                                                    "operator_type": "HASH_JOIN",
                                                                                                                                    "operator_cardinality": 954760,
                                                                                                                                    "cumulative_rows_scanned": 23836031,
                                                                                                                                    "operator_rows_scanned": 0,
                                                                                                                                    "operator_timing": 0.4834193430000003,
                                                                                                                                    "result_set_size": 38190400,
                                                                                                                                    "children": [
                                                                                                                                        {
                                                                                                                                            "operator_name": "HASH_JOIN",
                                                                                                                                            "cpu_time": 0.45901060799999993,
                                                                                                                                            "extra_info": {
                                                                                                                                                "Join Type": "RIGHT",
                                                                                                                                                "Conditions": "postid = id",
                                                                                                                                                "Estimated Cardinality": "12744093"
                                                                                                                                            },
                                                                                                                                            "cumulative_cardinality": 927787,
                                                                                                                                            "operator_type": "HASH_JOIN",
                                                                                                                                            "operator_cardinality": 339719,
                                                                                                                                            "cumulative_rows_scanned": 16594209,
                                                                                                                                            "operator_rows_scanned": 0,
                                                                                                                                            "operator_timing": 0.036538841999999995,
                                                                                                                                            "result_set_size": 12229884,
                                                                                                                                            "children": [
                                                                                                                                                {
                                                                                                                                                    "operator_name": "READ_PARQUET ",
                                                                                                                                                    "cpu_time": 0.3134707259999999,
                                                                                                                                                    "extra_info": {
                                                                                                                                                        "Function": "READ_PARQUET",
                                                                                                                                                        "Projections": [
                                                                                                                                                            "postid",
                                                                                                                                                            "votetypeid"
                                                                                                                                                        ],
                                                                                                                                                        "Estimated Cardinality": "12744093"
                                                                                                                                                    },
                                                                                                                                                    "cumulative_cardinality": 442526,
                                                                                                                                                    "operator_type": "TABLE_SCAN",
                                                                                                                                                    "operator_cardinality": 442526,
                                                                                                                                                    "cumulative_rows_scanned": 12744093,
                                                                                                                                                    "operator_rows_scanned": 12744093,
                                                                                                                                                    "operator_timing": 0.3134707259999999,
                                                                                                                                                    "result_set_size": 2655156,
                                                                                                                                                    "children": []
                                                                                                                                                },
                                                                                                                                                {
                                                                                                                                                    "operator_name": "READ_PARQUET ",
                                                                                                                                                    "cpu_time": 0.10900104,
                                                                                                                                                    "extra_info": {
                                                                                                                                                        "Function": "READ_PARQUET",
                                                                                                                                                        "Projections": [
                                                                                                                                                            "id",
                                                                                                                                                            "posttypeid",
                                                                                                                                                            "creationdate",
                                                                                                                                                            "owneruserid",
                                                                                                                                                            "title"
                                                                                                                                                        ],
                                                                                                                                                        "Filters": "creationdate>='2023-10-01 12:34:56'::TIMESTAMP",
                                                                                                                                                        "Estimated Cardinality": "770023"
                                                                                                                                                    },
                                                                                                                                                    "cumulative_cardinality": 145542,
                                                                                                                                                    "operator_type": "TABLE_SCAN",
                                                                                                                                                    "operator_cardinality": 145542,
                                                                                                                                                    "cumulative_rows_scanned": 3850116,
                                                                                                                                                    "operator_rows_scanned": 3850116,
                                                                                                                                                    "operator_timing": 0.10900104,
                                                                                                                                                    "result_set_size": 4948428,
                                                                                                                                                    "children": []
                                                                                                                                                }
                                                                                                                                            ]
                                                                                                                                        },
                                                                                                                                        {
                                                                                                                                            "operator_name": "READ_PARQUET ",
                                                                                                                                            "cpu_time": 0.34549035499999947,
                                                                                                                                            "extra_info": {
                                                                                                                                                "Function": "READ_PARQUET",
                                                                                                                                                "Projections": [
                                                                                                                                                    "id",
                                                                                                                                                    "postid"
                                                                                                                                                ],
                                                                                                                                                "Estimated Cardinality": "7241822"
                                                                                                                                            },
                                                                                                                                            "cumulative_cardinality": 7241822,
                                                                                                                                            "operator_type": "TABLE_SCAN",
                                                                                                                                            "operator_cardinality": 7241822,
                                                                                                                                            "cumulative_rows_scanned": 7241822,
                                                                                                                                            "operator_rows_scanned": 7241822,
                                                                                                                                            "operator_timing": 0.34549035499999947,
                                                                                                                                            "result_set_size": 57934576,
                                                                                                                                            "children": []
                                                                                                                                        }
                                                                                                                                    ]
                                                                                                                                }
                                                                                                                            ]
                                                                                                                        }
                                                                                                                    ]
                                                                                                                }
                                                                                                            ]
                                                                                                        }
                                                                                                    ]
                                                                                                }
                                                                                            ]
                                                                                        },
                                                                                        {
                                                                                            "operator_name": "PROJECTION",
                                                                                            "cpu_time": 0.9537122739999999,
                                                                                            "extra_info": {
                                                                                                "Projections": [
                                                                                                    "UserId",
                                                                                                    "displayname"
                                                                                                ],
                                                                                                "Estimated Cardinality": "1260710"
                                                                                            },
                                                                                            "cumulative_cardinality": 5042840,
                                                                                            "operator_type": "PROJECTION",
                                                                                            "operator_cardinality": 1260710,
                                                                                            "cumulative_rows_scanned": 1260710,
                                                                                            "operator_rows_scanned": 0,
                                                                                            "operator_timing": 0.0001565010000000002,
                                                                                            "result_set_size": 25214200,
                                                                                            "children": [
                                                                                                {
                                                                                                    "operator_name": "PROJECTION",
                                                                                                    "cpu_time": 0.9535557729999999,
                                                                                                    "extra_info": {
                                                                                                        "Projections": [
                                                                                                            "#0",
                                                                                                            "#1",
                                                                                                            "#2",
                                                                                                            "#3"
                                                                                                        ],
                                                                                                        "Estimated Cardinality": "1260710"
                                                                                                    },
                                                                                                    "cumulative_cardinality": 3782130,
                                                                                                    "operator_type": "PROJECTION",
                                                                                                    "operator_cardinality": 1260710,
                                                                                                    "cumulative_rows_scanned": 1260710,
                                                                                                    "operator_rows_scanned": 0,
                                                                                                    "operator_timing": 0.0002874630000000001,
                                                                                                    "result_set_size": 40342720,
                                                                                                    "children": [
                                                                                                        {
                                                                                                            "operator_name": "WINDOW",
                                                                                                            "cpu_time": 0.9532683099999999,
                                                                                                            "extra_info": {
                                                                                                                "Projections": "ROW_NUMBER() OVER (ORDER BY reputation DESC NULLS LAST)"
                                                                                                            },
                                                                                                            "cumulative_cardinality": 2521420,
                                                                                                            "operator_type": "WINDOW",
                                                                                                            "operator_cardinality": 1260710,
                                                                                                            "cumulative_rows_scanned": 1260710,
                                                                                                            "operator_rows_scanned": 0,
                                                                                                            "operator_timing": 0.12434646300000005,
                                                                                                            "result_set_size": 40342720,
                                                                                                            "children": [
                                                                                                                {
                                                                                                                    "operator_name": "READ_PARQUET ",
                                                                                                                    "cpu_time": 0.8289218469999998,
                                                                                                                    "extra_info": {
                                                                                                                        "Function": "READ_PARQUET",
                                                                                                                        "Projections": [
                                                                                                                            "id",
                                                                                                                            "reputation",
                                                                                                                            "displayname"
                                                                                                                        ],
                                                                                                                        "Estimated Cardinality": "1260710"
                                                                                                                    },
                                                                                                                    "cumulative_cardinality": 1260710,
                                                                                                                    "operator_type": "TABLE_SCAN",
                                                                                                                    "operator_cardinality": 1260710,
                                                                                                                    "cumulative_rows_scanned": 1260710,
                                                                                                                    "operator_rows_scanned": 1260710,
                                                                                                                    "operator_timing": 0.8289218469999998,
                                                                                                                    "result_set_size": 30257040,
                                                                                                                    "children": []
                                                                                                                }
                                                                                                            ]
                                                                                                        }
                                                                                                    ]
                                                                                                }
                                                                                            ]
                                                                                        }
                                                                                    ]
                                                                                }
                                                                            ]
                                                                        }
                                                                    ]
                                                                }
                                                            ]
                                                        },
                                                        {
                                                            "operator_name": "PROJECTION",
                                                            "cpu_time": 0.13000057399999998,
                                                            "extra_info": {
                                                                "Projections": [
                                                                    "#0",
                                                                    "#1"
                                                                ],
                                                                "Estimated Cardinality": "252142"
                                                            },
                                                            "cumulative_cardinality": 5042840,
                                                            "operator_type": "PROJECTION",
                                                            "operator_cardinality": 1260710,
                                                            "cumulative_rows_scanned": 1260710,
                                                            "operator_rows_scanned": 0,
                                                            "operator_timing": 0.00012774799999999958,
                                                            "result_set_size": 10085680,
                                                            "children": [
                                                                {
                                                                    "operator_name": "PROJECTION",
                                                                    "cpu_time": 0.12987282599999997,
                                                                    "extra_info": {
                                                                        "Projections": [
                                                                            "#0",
                                                                            "#1",
                                                                            "#2"
                                                                        ],
                                                                        "Estimated Cardinality": "1260710"
                                                                    },
                                                                    "cumulative_cardinality": 3782130,
                                                                    "operator_type": "PROJECTION",
                                                                    "operator_cardinality": 1260710,
                                                                    "cumulative_rows_scanned": 1260710,
                                                                    "operator_rows_scanned": 0,
                                                                    "operator_timing": 0.0001472339999999999,
                                                                    "result_set_size": 20171360,
                                                                    "children": [
                                                                        {
                                                                            "operator_name": "WINDOW",
                                                                            "cpu_time": 0.12972559199999997,
                                                                            "extra_info": {
                                                                                "Projections": "ROW_NUMBER() OVER (ORDER BY reputation DESC NULLS LAST)"
                                                                            },
                                                                            "cumulative_cardinality": 2521420,
                                                                            "operator_type": "WINDOW",
                                                                            "operator_cardinality": 1260710,
                                                                            "cumulative_rows_scanned": 1260710,
                                                                            "operator_rows_scanned": 0,
                                                                            "operator_timing": 0.05410517000000001,
                                                                            "result_set_size": 20171360,
                                                                            "children": [
                                                                                {
                                                                                    "operator_name": "READ_PARQUET ",
                                                                                    "cpu_time": 0.07562042199999996,
                                                                                    "extra_info": {
                                                                                        "Function": "READ_PARQUET",
                                                                                        "Projections": [
                                                                                            "id",
                                                                                            "reputation"
                                                                                        ],
                                                                                        "Estimated Cardinality": "1260710"
                                                                                    },
                                                                                    "cumulative_cardinality": 1260710,
                                                                                    "operator_type": "TABLE_SCAN",
                                                                                    "operator_cardinality": 1260710,
                                                                                    "cumulative_rows_scanned": 1260710,
                                                                                    "operator_rows_scanned": 1260710,
                                                                                    "operator_timing": 0.07562042199999996,
                                                                                    "result_set_size": 10085680,
                                                                                    "children": []
                                                                                }
                                                                            ]
                                                                        }
                                                                    ]
                                                                }
                                                            ]
                                                        }
                                                    ]
                                                }
                                            ]
                                        }
                                    ]
                                }
                            ]
                        }
                    ]
                }
            ]
        }
    ]
}