{
    "rows_returned": 3,
    "query_name": "\nWITH UserReputation AS (\n    SELECT Id AS UserId, Reputation, LastAccessDate,\n           ROW_NUMBER() OVER (ORDER BY Reputation DESC) AS Rank\n    FROM Users\n    WHERE Reputation IS NOT NULL\n),\nPostStatistics AS (\n    SELECT P.Id AS PostId, P.OwnerUserId, P.PostTypeId,\n           COUNT(CASE WHEN C.Id IS NOT NULL THEN 1 END) AS CommentCount,\n           SUM(CASE WHEN V.VoteTypeId = 2 THEN 1 ELSE 0 END) AS UpVotes,\n           SUM(CASE WHEN V.VoteTypeId = 3 THEN 1 ELSE 0 END) AS DownVotes,\n           AVG(LENGTH(P.Body)) AS AvgBodyLength\n    FROM Posts P\n    LEFT JOIN Comments C ON P.Id = C.PostId\n    LEFT JOIN Votes V ON P.Id = V.PostId\n    GROUP BY P.Id, P.OwnerUserId, P.PostTypeId\n),\nTopPosts AS (\n    SELECT PS.PostId, PS.OwnerUserId, PS.CommentCount, PS.UpVotes, PS.DownVotes, \n           PS.AvgBodyLength, \n           COALESCE(UR.Reputation, 0) AS OwnerReputation,\n           CASE \n               WHEN PS.CommentCount > 10 THEN 'Highly Discussed'\n               WHEN PS.CommentCount BETWEEN 5 AND 10 THEN 'Moderately Discussed'\n               ELSE 'Less Discussed'\n           END AS DiscussionCategory\n    FROM PostStatistics PS\n    LEFT JOIN UserReputation UR ON PS.OwnerUserId = UR.UserId\n),\nAggregateResults AS (\n    SELECT DiscussionCategory, \n           COUNT(*) AS TotalPosts, \n           AVG(OwnerReputation) AS AvgOwnerReputation, \n           SUM(UpVotes) AS TotalUpVotes, \n           SUM(DownVotes) AS TotalDownVotes\n    FROM TopPosts\n    GROUP BY DiscussionCategory\n)\nSELECT AR.DiscussionCategory, AR.TotalPosts, \n       AR.AvgOwnerReputation, AR.TotalUpVotes, AR.TotalDownVotes,\n       CASE \n           WHEN AR.TotalPosts > 50 THEN 'Very Active'\n           WHEN AR.TotalPosts BETWEEN 20 AND 50 THEN 'Active'\n           ELSE 'Less Active'\n       END AS ActivityLevel\nFROM AggregateResults AR\nORDER BY AR.TotalPosts DESC;\n",
    "blocked_thread_time": 0.0,
    "cpu_time": 4.910220632999997,
    "extra_info": {},
    "cumulative_cardinality": 223132856,
    "cumulative_rows_scanned": 25096741,
    "result_set_size": 240,
    "latency": 6.057336363,
    "children": [
        {
            "operator_name": "PROJECTION",
            "cpu_time": 4.910220632999997,
            "extra_info": {
                "Projections": [
                    "#0",
                    "#1",
                    "#2",
                    "#3",
                    "#4",
                    "__internal_decompress_string(#5)"
                ],
                "Estimated Cardinality": "1"
            },
            "cumulative_cardinality": 223132856,
            "operator_type": "PROJECTION",
            "operator_cardinality": 3,
            "cumulative_rows_scanned": 25096741,
            "operator_rows_scanned": 0,
            "operator_timing": 0.000002094,
            "result_set_size": 240,
            "children": [
                {
                    "operator_name": "ORDER_BY",
                    "cpu_time": 4.910218538999997,
                    "extra_info": {
                        "Order By": "AR.TotalPosts DESC"
                    },
                    "cumulative_cardinality": 223132853,
                    "operator_type": "ORDER_BY",
                    "operator_cardinality": 3,
                    "cumulative_rows_scanned": 25096741,
                    "operator_rows_scanned": 0,
                    "operator_timing": 0.000030046000000000003,
                    "result_set_size": 240,
                    "children": [
                        {
                            "operator_name": "PROJECTION",
                            "cpu_time": 4.910188492999997,
                            "extra_info": {
                                "Projections": [
                                    "#0",
                                    "#1",
                                    "#2",
                                    "#3",
                                    "#4",
                                    "__internal_compress_string_hugeint(#5)"
                                ],
                                "Estimated Cardinality": "1"
                            },
                            "cumulative_cardinality": 223132850,
                            "operator_type": "PROJECTION",
                            "operator_cardinality": 3,
                            "cumulative_rows_scanned": 25096741,
                            "operator_rows_scanned": 0,
                            "operator_timing": 0.000001563,
                            "result_set_size": 240,
                            "children": [
                                {
                                    "operator_name": "PROJECTION",
                                    "cpu_time": 4.910186929999997,
                                    "extra_info": {
                                        "Projections": [
                                            "DiscussionCategory",
                                            "TotalPosts",
                                            "AvgOwnerReputation",
                                            "TotalUpVotes",
                                            "TotalDownVotes",
                                            "ActivityLevel"
                                        ],
                                        "Estimated Cardinality": "1"
                                    },
                                    "cumulative_cardinality": 223132847,
                                    "operator_type": "PROJECTION",
                                    "operator_cardinality": 3,
                                    "cumulative_rows_scanned": 25096741,
                                    "operator_rows_scanned": 0,
                                    "operator_timing": 0.000002365,
                                    "result_set_size": 240,
                                    "children": [
                                        {
                                            "operator_name": "HASH_GROUP_BY",
                                            "cpu_time": 4.910184564999997,
                                            "extra_info": {
                                                "Groups": "#0",
                                                "Aggregates": [
                                                    "count_star()",
                                                    "avg(#1)",
                                                    "sum(#2)",
                                                    "sum(#3)"
                                                ],
                                                "Estimated Cardinality": "1"
                                            },
                                            "cumulative_cardinality": 223132844,
                                            "operator_type": "HASH_GROUP_BY",
                                            "operator_cardinality": 3,
                                            "cumulative_rows_scanned": 25096741,
                                            "operator_rows_scanned": 0,
                                            "operator_timing": 0.12677328399999993,
                                            "result_set_size": 192,
                                            "children": [
                                                {
                                                    "operator_name": "PROJECTION",
                                                    "cpu_time": 4.783411280999998,
                                                    "extra_info": {
                                                        "Projections": [
                                                            "DiscussionCategory",
                                                            "OwnerReputation",
                                                            "UpVotes",
                                                            "DownVotes"
                                                        ],
                                                        "Estimated Cardinality": "3850116"
                                                    },
                                                    "cumulative_cardinality": 223132841,
                                                    "operator_type": "PROJECTION",
                                                    "operator_cardinality": 3850116,
                                                    "cumulative_rows_scanned": 25096741,
                                                    "operator_rows_scanned": 0,
                                                    "operator_timing": 0.000943956000000002,
                                                    "result_set_size": 200206032,
                                                    "children": [
                                                        {
                                                            "operator_name": "PROJECTION",
                                                            "cpu_time": 4.782467324999997,
                                                            "extra_info": {
                                                                "Projections": [
                                                                    "UpVotes",
                                                                    "DownVotes",
                                                                    "OwnerReputation",
                                                                    "DiscussionCategory"
                                                                ],
                                                                "Estimated Cardinality": "3850116"
                                                            },
                                                            "cumulative_cardinality": 219282725,
                                                            "operator_type": "PROJECTION",
                                                            "operator_cardinality": 3850116,
                                                            "cumulative_rows_scanned": 25096741,
                                                            "operator_rows_scanned": 0,
                                                            "operator_timing": 0.08057548999999992,
                                                            "result_set_size": 200206032,
                                                            "children": [
                                                                {
                                                                    "operator_name": "HASH_JOIN",
                                                                    "cpu_time": 4.701891834999997,
                                                                    "extra_info": {
                                                                        "Join Type": "LEFT",
                                                                        "Conditions": "owneruserid = UserId",
                                                                        "Estimated Cardinality": "3850116"
                                                                    },
                                                                    "cumulative_cardinality": 215432609,
                                                                    "operator_type": "HASH_JOIN",
                                                                    "operator_cardinality": 3850116,
                                                                    "cumulative_rows_scanned": 25096741,
                                                                    "operator_rows_scanned": 0,
                                                                    "operator_timing": 0.20264316000000018,
                                                                    "result_set_size": 169405104,
                                                                    "children": [
                                                                        {
                                                                            "operator_name": "PROJECTION",
                                                                            "cpu_time": 4.447076780999997,
                                                                            "extra_info": {
                                                                                "Projections": [
                                                                                    "owneruserid",
                                                                                    "CommentCount",
                                                                                    "UpVotes",
                                                                                    "DownVotes"
                                                                                ],
                                                                                "Estimated Cardinality": "3850116"
                                                                            },
                                                                            "cumulative_cardinality": 206539653,
                                                                            "operator_type": "PROJECTION",
                                                                            "operator_cardinality": 3850116,
                                                                            "cumulative_rows_scanned": 23836031,
                                                                            "operator_rows_scanned": 0,
                                                                            "operator_timing": 0.0005859450000000028,
                                                                            "result_set_size": 169405104,
                                                                            "children": [
                                                                                {
                                                                                    "operator_name": "PROJECTION",
                                                                                    "cpu_time": 4.446490835999997,
                                                                                    "extra_info": {
                                                                                        "Projections": [
                                                                                            "#0",
                                                                                            "#1",
                                                                                            "__internal_decompress_integral_smallint(#2, 1)",
                                                                                            "#3",
                                                                                            "#4",
                                                                                            "#5"
                                                                                        ],
                                                                                        "Estimated Cardinality": "3850116"
                                                                                    },
                                                                                    "cumulative_cardinality": 202689537,
                                                                                    "operator_type": "PROJECTION",
                                                                                    "operator_cardinality": 3850116,
                                                                                    "cumulative_rows_scanned": 23836031,
                                                                                    "operator_rows_scanned": 0,
                                                                                    "operator_timing": 0.0016597970000000017,
                                                                                    "result_set_size": 192505800,
                                                                                    "children": [
                                                                                        {
                                                                                            "operator_name": "HASH_GROUP_BY",
                                                                                            "cpu_time": 4.444831038999997,
                                                                                            "extra_info": {
                                                                                                "Groups": [
                                                                                                    "#0",
                                                                                                    "#1",
                                                                                                    "#2"
                                                                                                ],
                                                                                                "Aggregates": [
                                                                                                    "count(#3)",
                                                                                                    "sum(#4)",
                                                                                                    "sum(#5)"
                                                                                                ],
                                                                                                "Estimated Cardinality": "3850116"
                                                                                            },
                                                                                            "cumulative_cardinality": 198839421,
                                                                                            "operator_type": "HASH_GROUP_BY",
                                                                                            "operator_cardinality": 3850116,
                                                                                            "cumulative_rows_scanned": 23836031,
                                                                                            "operator_rows_scanned": 0,
                                                                                            "operator_timing": 1.6379903829999989,
                                                                                            "result_set_size": 188655684,
                                                                                            "children": [
                                                                                                {
                                                                                                    "operator_name": "PROJECTION",
                                                                                                    "cpu_time": 2.8068406559999977,
                                                                                                    "extra_info": {
                                                                                                        "Projections": [
                                                                                                            "id",
                                                                                                            "owneruserid",
                                                                                                            "posttypeid",
                                                                                                            "CASE  WHEN ((id IS NOT NULL)) THEN (1) ELSE NULL END",
                                                                                                            "CASE  WHEN ((votetypeid = 2)) THEN (1) ELSE 0 END",
                                                                                                            "CASE  WHEN ((votetypeid = 3)) THEN (1) ELSE 0 END"
                                                                                                        ],
                                                                                                        "Estimated Cardinality": "12744093"
                                                                                                    },
                                                                                                    "cumulative_cardinality": 194989305,
                                                                                                    "operator_type": "PROJECTION",
                                                                                                    "operator_cardinality": 35129590,
                                                                                                    "cumulative_rows_scanned": 23836031,
                                                                                                    "operator_rows_scanned": 0,
                                                                                                    "operator_timing": 0.32911926099999894,
                                                                                                    "result_set_size": 737721390,
                                                                                                    "children": [
                                                                                                        {
                                                                                                            "operator_name": "PROJECTION",
                                                                                                            "cpu_time": 2.4777213949999988,
                                                                                                            "extra_info": {
                                                                                                                "Projections": [
                                                                                                                    "#0",
                                                                                                                    "#1",
                                                                                                                    "#2",
                                                                                                                    "__internal_compress_integral_utinyint(#3, 1)",
                                                                                                                    "#4"
                                                                                                                ],
                                                                                                                "Estimated Cardinality": "12744093"
                                                                                                            },
                                                                                                            "cumulative_cardinality": 159859715,
                                                                                                            "operator_type": "PROJECTION",
                                                                                                            "operator_cardinality": 35129590,
                                                                                                            "cumulative_rows_scanned": 23836031,
                                                                                                            "operator_rows_scanned": 0,
                                                                                                            "operator_timing": 0.01447966300000069,
                                                                                                            "result_set_size": 526943850,
                                                                                                            "children": [
                                                                                                                {
                                                                                                                    "operator_name": "PROJECTION",
                                                                                                                    "cpu_time": 2.463241731999998,
                                                                                                                    "extra_info": {
                                                                                                                        "Projections": [
                                                                                                                            "#0",
                                                                                                                            "#1",
                                                                                                                            "#2",
                                                                                                                            "__internal_decompress_integral_smallint(#3, 1)",
                                                                                                                            "#4"
                                                                                                                        ],
                                                                                                                        "Estimated Cardinality": "12744093"
                                                                                                                    },
                                                                                                                    "cumulative_cardinality": 124730125,
                                                                                                                    "operator_type": "PROJECTION",
                                                                                                                    "operator_cardinality": 35129590,
                                                                                                                    "cumulative_rows_scanned": 23836031,
                                                                                                                    "operator_rows_scanned": 0,
                                                                                                                    "operator_timing": 0.015606191999999979,
                                                                                                                    "result_set_size": 562073440,
                                                                                                                    "children": [
                                                                                                                        {
                                                                                                                            "operator_name": "HASH_JOIN",
                                                                                                                            "cpu_time": 2.447635539999998,
                                                                                                                            "extra_info": {
                                                                                                                                "Join Type": "RIGHT",
                                                                                                                                "Conditions": "postid = id",
                                                                                                                                "Estimated Cardinality": "12744093"
                                                                                                                            },
                                                                                                                            "cumulative_cardinality": 89600535,
                                                                                                                            "operator_type": "HASH_JOIN",
                                                                                                                            "operator_cardinality": 35129590,
                                                                                                                            "cumulative_rows_scanned": 23836031,
                                                                                                                            "operator_rows_scanned": 0,
                                                                                                                            "operator_timing": 1.4457018119999985,
                                                                                                                            "result_set_size": 526943850,
                                                                                                                            "children": [
                                                                                                                                {
                                                                                                                                    "operator_name": "READ_PARQUET ",
                                                                                                                                    "cpu_time": 0.2140018579999998,
                                                                                                                                    "extra_info": {
                                                                                                                                        "Function": "READ_PARQUET",
                                                                                                                                        "Projections": [
                                                                                                                                            "postid",
                                                                                                                                            "votetypeid"
                                                                                                                                        ],
                                                                                                                                        "Estimated Cardinality": "12744093"
                                                                                                                                    },
                                                                                                                                    "cumulative_cardinality": 12744093,
                                                                                                                                    "operator_type": "TABLE_SCAN",
                                                                                                                                    "operator_cardinality": 12744093,
                                                                                                                                    "cumulative_rows_scanned": 12744093,
                                                                                                                                    "operator_rows_scanned": 12744093,
                                                                                                                                    "operator_timing": 0.2140018579999998,
                                                                                                                                    "result_set_size": 76464558,
                                                                                                                                    "children": []
                                                                                                                                },
                                                                                                                                {
                                                                                                                                    "operator_name": "PROJECTION",
                                                                                                                                    "cpu_time": 0.7879318699999996,
                                                                                                                                    "extra_info": {
                                                                                                                                        "Projections": [
                                                                                                                                            "#0",
                                                                                                                                            "#1",
                                                                                                                                            "__internal_compress_integral_utinyint(#2, 1)",
                                                                                                                                            "#3"
                                                                                                                                        ],
                                                                                                                                        "Estimated Cardinality": "7241822"
                                                                                                                                    },
                                                                                                                                    "cumulative_cardinality": 41726852,
                                                                                                                                    "operator_type": "PROJECTION",
                                                                                                                                    "operator_cardinality": 8928266,
                                                                                                                                    "cumulative_rows_scanned": 11091938,
                                                                                                                                    "operator_rows_scanned": 0,
                                                                                                                                    "operator_timing": 0.0028060310000000014,
                                                                                                                                    "result_set_size": 116067458,
                                                                                                                                    "children": [
                                                                                                                                        {
                                                                                                                                            "operator_name": "PROJECTION",
                                                                                                                                            "cpu_time": 0.7851258389999997,
                                                                                                                                            "extra_info": {
                                                                                                                                                "Projections": [
                                                                                                                                                    "#0",
                                                                                                                                                    "#1",
                                                                                                                                                    "__internal_decompress_integral_smallint(#2, 1)",
                                                                                                                                                    "#3"
                                                                                                                                                ],
                                                                                                                                                "Estimated Cardinality": "7241822"
                                                                                                                                            },
                                                                                                                                            "cumulative_cardinality": 32798586,
                                                                                                                                            "operator_type": "PROJECTION",
                                                                                                                                            "operator_cardinality": 8928266,
                                                                                                                                            "cumulative_rows_scanned": 11091938,
                                                                                                                                            "operator_rows_scanned": 0,
                                                                                                                                            "operator_timing": 0.002816326000000001,
                                                                                                                                            "result_set_size": 124995724,
                                                                                                                                            "children": [
                                                                                                                                                {
                                                                                                                                                    "operator_name": "HASH_JOIN",
                                                                                                                                                    "cpu_time": 0.7823095129999996,
                                                                                                                                                    "extra_info": {
                                                                                                                                                        "Join Type": "RIGHT",
                                                                                                                                                        "Conditions": "postid = id",
                                                                                                                                                        "Estimated Cardinality": "7241822"
                                                                                                                                                    },
                                                                                                                                                    "cumulative_cardinality": 23870320,
                                                                                                                                                    "operator_type": "HASH_JOIN",
                                                                                                                                                    "operator_cardinality": 8928266,
                                                                                                                                                    "cumulative_rows_scanned": 11091938,
                                                                                                                                                    "operator_rows_scanned": 0,
                                                                                                                                                    "operator_timing": 0.5998759649999997,
                                                                                                                                                    "result_set_size": 116067458,
                                                                                                                                                    "children": [
                                                                                                                                                        {
                                                                                                                                                            "operator_name": "READ_PARQUET ",
                                                                                                                                                            "cpu_time": 0.12208194799999994,
                                                                                                                                                            "extra_info": {
                                                                                                                                                                "Function": "READ_PARQUET",
                                                                                                                                                                "Projections": [
                                                                                                                                                                    "id",
                                                                                                                                                                    "postid"
                                                                                                                                                                ],
                                                                                                                                                                "Estimated Cardinality": "7241822"
                                                                                                                                                            },
                                                                                                                                                            "cumulative_cardinality": 7241822,
                                                                                                                                                            "operator_type": "TABLE_SCAN",
                                                                                                                                                            "operator_cardinality": 7241822,
                                                                                                                                                            "cumulative_rows_scanned": 7241822,
                                                                                                                                                            "operator_rows_scanned": 7241822,
                                                                                                                                                            "operator_timing": 0.12208194799999994,
                                                                                                                                                            "result_set_size": 57934576,
                                                                                                                                                            "children": []
                                                                                                                                                        },
                                                                                                                                                        {
                                                                                                                                                            "operator_name": "PROJECTION",
                                                                                                                                                            "cpu_time": 0.060351599999999915,
                                                                                                                                                            "extra_info": {
                                                                                                                                                                "Projections": [
                                                                                                                                                                    "#0",
                                                                                                                                                                    "__internal_compress_integral_utinyint(#1, 1)",
                                                                                                                                                                    "#2"
                                                                                                                                                                ],
                                                                                                                                                                "Estimated Cardinality": "3850116"
                                                                                                                                                            },
                                                                                                                                                            "cumulative_cardinality": 7700232,
                                                                                                                                                            "operator_type": "PROJECTION",
                                                                                                                                                            "operator_cardinality": 3850116,
                                                                                                                                                            "cumulative_rows_scanned": 3850116,
                                                                                                                                                            "operator_rows_scanned": 0,
                                                                                                                                                            "operator_timing": 0.0012617260000000003,
                                                                                                                                                            "result_set_size": 34651044,
                                                                                                                                                            "children": [
                                                                                                                                                                {
                                                                                                                                                                    "operator_name": "READ_PARQUET ",
                                                                                                                                                                    "cpu_time": 0.05908987399999992,
                                                                                                                                                                    "extra_info": {
                                                                                                                                                                        "Function": "READ_PARQUET",
                                                                                                                                                                        "Projections": [
                                                                                                                                                                            "id",
                                                                                                                                                                            "posttypeid",
                                                                                                                                                                            "owneruserid"
                                                                                                                                                                        ],
                                                                                                                                                                        "Estimated Cardinality": "3850116"
                                                                                                                                                                    },
                                                                                                                                                                    "cumulative_cardinality": 3850116,
                                                                                                                                                                    "operator_type": "TABLE_SCAN",
                                                                                                                                                                    "operator_cardinality": 3850116,
                                                                                                                                                                    "cumulative_rows_scanned": 3850116,
                                                                                                                                                                    "operator_rows_scanned": 3850116,
                                                                                                                                                                    "operator_timing": 0.05908987399999992,
                                                                                                                                                                    "result_set_size": 38501160,
                                                                                                                                                                    "children": []
                                                                                                                                                                }
                                                                                                                                                            ]
                                                                                                                                                        }
                                                                                                                                                    ]
                                                                                                                                                }
                                                                                                                                            ]
                                                                                                                                        }
                                                                                                                                    ]
                                                                                                                                }
                                                                                                                            ]
                                                                                                                        }
                                                                                                                    ]
                                                                                                                }
                                                                                                            ]
                                                                                                        }
                                                                                                    ]
                                                                                                }
                                                                                            ]
                                                                                        }
                                                                                    ]
                                                                                }
                                                                            ]
                                                                        },
                                                                        {
                                                                            "operator_name": "PROJECTION",
                                                                            "cpu_time": 0.05217189399999999,
                                                                            "extra_info": {
                                                                                "Projections": [
                                                                                    "UserId",
                                                                                    "reputation"
                                                                                ],
                                                                                "Estimated Cardinality": "252142"
                                                                            },
                                                                            "cumulative_cardinality": 5042840,
                                                                            "operator_type": "PROJECTION",
                                                                            "operator_cardinality": 1260710,
                                                                            "cumulative_rows_scanned": 1260710,
                                                                            "operator_rows_scanned": 0,
                                                                            "operator_timing": 0.00007221699999999977,
                                                                            "result_set_size": 10085680,
                                                                            "children": [
                                                                                {
                                                                                    "operator_name": "PROJECTION",
                                                                                    "cpu_time": 0.05209967699999999,
                                                                                    "extra_info": {
                                                                                        "Projections": [
                                                                                            "#0",
                                                                                            "#1",
                                                                                            "#2"
                                                                                        ],
                                                                                        "Estimated Cardinality": "252142"
                                                                                    },
                                                                                    "cumulative_cardinality": 3782130,
                                                                                    "operator_type": "PROJECTION",
                                                                                    "operator_cardinality": 1260710,
                                                                                    "cumulative_rows_scanned": 1260710,
                                                                                    "operator_rows_scanned": 0,
                                                                                    "operator_timing": 0.00008422400000000007,
                                                                                    "result_set_size": 20171360,
                                                                                    "children": [
                                                                                        {
                                                                                            "operator_name": "WINDOW",
                                                                                            "cpu_time": 0.05201545299999999,
                                                                                            "extra_info": {
                                                                                                "Projections": "ROW_NUMBER() OVER (ORDER BY reputation DESC NULLS LAST)"
                                                                                            },
                                                                                            "cumulative_cardinality": 2521420,
                                                                                            "operator_type": "WINDOW",
                                                                                            "operator_cardinality": 1260710,
                                                                                            "cumulative_rows_scanned": 1260710,
                                                                                            "operator_rows_scanned": 0,
                                                                                            "operator_timing": 0.038383670999999994,
                                                                                            "result_set_size": 20171360,
                                                                                            "children": [
                                                                                                {
                                                                                                    "operator_name": "READ_PARQUET ",
                                                                                                    "cpu_time": 0.013631781999999999,
                                                                                                    "extra_info": {
                                                                                                        "Function": "READ_PARQUET",
                                                                                                        "Projections": [
                                                                                                            "id",
                                                                                                            "reputation"
                                                                                                        ],
                                                                                                        "Estimated Cardinality": "252142"
                                                                                                    },
                                                                                                    "cumulative_cardinality": 1260710,
                                                                                                    "operator_type": "TABLE_SCAN",
                                                                                                    "operator_cardinality": 1260710,
                                                                                                    "cumulative_rows_scanned": 1260710,
                                                                                                    "operator_rows_scanned": 1260710,
                                                                                                    "operator_timing": 0.013631781999999999,
                                                                                                    "result_set_size": 10085680,
                                                                                                    "children": []
                                                                                                }
                                                                                            ]
                                                                                        }
                                                                                    ]
                                                                                }
                                                                            ]
                                                                        }
                                                                    ]
                                                                }
                                                            ]
                                                        }
                                                    ]
                                                }
                                            ]
                                        }
                                    ]
                                }
                            ]
                        }
                    ]
                }
            ]
        }
    ]
}