{
    "rows_returned": 468551,
    "query_name": "\nWITH UserVoteSummary AS (\n    SELECT \n        u.Id AS UserId,\n        SUM(CASE WHEN v.VoteTypeId = 2 THEN 1 ELSE 0 END) AS UpVotes,\n        SUM(CASE WHEN v.VoteTypeId = 3 THEN 1 ELSE 0 END) AS DownVotes,\n        COUNT(DISTINCT p.Id) AS PostCount\n    FROM \n        Users u\n    LEFT JOIN \n        Votes v ON u.Id = v.UserId\n    LEFT JOIN \n        Posts p ON v.PostId = p.Id\n    GROUP BY \n        u.Id\n),\nPostStatistics AS (\n    SELECT \n        p.Id AS PostId,\n        p.OwnerUserId,\n        p.PostTypeId,\n        COALESCE(SUM(CASE WHEN v.VoteTypeId = 2 THEN 1 ELSE 0 END) - SUM(CASE WHEN v.VoteTypeId = 3 THEN 1 ELSE 0 END), 0) AS VoteBalance,\n        COUNT(c.Id) AS CommentCount,\n        COUNT(DISTINCT pl.RelatedPostId) AS RelatedPostCount\n    FROM \n        Posts p\n    LEFT JOIN \n        Votes v ON p.Id = v.PostId\n    LEFT JOIN \n        Comments c ON p.Id = c.PostId\n    LEFT JOIN \n        PostLinks pl ON p.Id = pl.PostId\n    GROUP BY \n        p.Id, p.OwnerUserId, p.PostTypeId\n),\nPostHistoryDetails AS (\n    SELECT \n        ph.PostId,\n        MAX(CASE WHEN ph.PostHistoryTypeId = 10 THEN ph.CreationDate END) AS ClosedDate,\n        MAX(CASE WHEN ph.PostHistoryTypeId = 12 THEN ph.CreationDate END) AS DeletedDate,\n        COUNT(CASE WHEN ph.PostHistoryTypeId IN (10, 12) THEN 1 END) AS ClosureOrDeletionCount\n    FROM \n        PostHistory ph\n    GROUP BY \n        ph.PostId\n)\n\nSELECT \n    u.DisplayName,\n    us.UpVotes,\n    us.DownVotes,\n    ps.VoteBalance,\n    ps.CommentCount,\n    ps.RelatedPostCount,\n    ph.ClosedDate,\n    ph.DeletedDate,\n    ps.PostId\nFROM \n    UserVoteSummary us\nJOIN \n    Users u ON us.UserId = u.Id\nJOIN \n    PostStatistics ps ON u.Id = ps.OwnerUserId\nLEFT JOIN \n    PostHistoryDetails ph ON ps.PostId = ph.PostId\nWHERE \n    (us.PostCount > 5 OR us.UpVotes > us.DownVotes)\n    AND (ph.ClosureOrDeletionCount = 0 OR (ph.ClosedDate IS NOT NULL AND ph.DeletedDate IS NULL))\nORDER BY \n    us.UpVotes DESC, \n    ps.VoteBalance DESC;\n",
    "blocked_thread_time": 0.0,
    "cpu_time": 9.929379281000005,
    "extra_info": {},
    "cumulative_cardinality": 270712663,
    "cumulative_rows_scanned": 55159895,
    "result_set_size": 46855100,
    "latency": 13.909080867,
    "children": [
        {
            "operator_name": "ORDER_BY",
            "cpu_time": 9.929379281000005,
            "extra_info": {
                "Order By": [
                    "us.UpVotes DESC",
                    "ps.VoteBalance DESC"
                ]
            },
            "cumulative_cardinality": 270712663,
            "operator_type": "ORDER_BY",
            "operator_cardinality": 468551,
            "cumulative_rows_scanned": 55159895,
            "operator_rows_scanned": 0,
            "operator_timing": 0.04734290199999998,
            "result_set_size": 46855100,
            "children": [
                {
                    "operator_name": "PROJECTION",
                    "cpu_time": 9.882036379000004,
                    "extra_info": {
                        "Projections": [
                            "displayname",
                            "UpVotes",
                            "DownVotes",
                            "VoteBalance",
                            "CommentCount",
                            "RelatedPostCount",
                            "ClosedDate",
                            "DeletedDate",
                            "PostId"
                        ],
                        "Estimated Cardinality": "235904"
                    },
                    "cumulative_cardinality": 270244112,
                    "operator_type": "PROJECTION",
                    "operator_cardinality": 468551,
                    "cumulative_rows_scanned": 55159895,
                    "operator_rows_scanned": 0,
                    "operator_timing": 0.00025041900000000004,
                    "result_set_size": 46855100,
                    "children": [
                        {
                            "operator_name": "HASH_JOIN",
                            "cpu_time": 9.881785960000004,
                            "extra_info": {
                                "Join Type": "INNER",
                                "Conditions": "id = UserId",
                                "Estimated Cardinality": "235904"
                            },
                            "cumulative_cardinality": 269775561,
                            "operator_type": "HASH_JOIN",
                            "operator_cardinality": 468551,
                            "cumulative_rows_scanned": 55159895,
                            "operator_rows_scanned": 0,
                            "operator_timing": 0.12454327099999998,
                            "result_set_size": 46855100,
                            "children": [
                                {
                                    "operator_name": "READ_PARQUET ",
                                    "cpu_time": 0.085448172,
                                    "extra_info": {
                                        "Function": "READ_PARQUET",
                                        "Projections": [
                                            "id",
                                            "displayname"
                                        ],
                                        "Filters": "id<=1416539",
                                        "Estimated Cardinality": "1260710"
                                    },
                                    "cumulative_cardinality": 1156899,
                                    "operator_type": "TABLE_SCAN",
                                    "operator_cardinality": 1156899,
                                    "cumulative_rows_scanned": 1260710,
                                    "operator_rows_scanned": 1260710,
                                    "operator_timing": 0.085448172,
                                    "result_set_size": 23137980,
                                    "children": []
                                },
                                {
                                    "operator_name": "HASH_JOIN",
                                    "cpu_time": 9.671794517000004,
                                    "extra_info": {
                                        "Join Type": "INNER",
                                        "Conditions": "PostId = postid",
                                        "Estimated Cardinality": "235904"
                                    },
                                    "cumulative_cardinality": 268150111,
                                    "operator_type": "HASH_JOIN",
                                    "operator_cardinality": 468551,
                                    "cumulative_rows_scanned": 53899185,
                                    "operator_rows_scanned": 0,
                                    "operator_timing": 0.2781470749999997,
                                    "result_set_size": 41232488,
                                    "children": [
                                        {
                                            "operator_name": "HASH_JOIN",
                                            "cpu_time": 8.106507031000003,
                                            "extra_info": {
                                                "Join Type": "INNER",
                                                "Conditions": "owneruserid = UserId",
                                                "Estimated Cardinality": "770023"
                                            },
                                            "cumulative_cardinality": 232664778,
                                            "operator_type": "HASH_JOIN",
                                            "operator_cardinality": 477492,
                                            "cumulative_rows_scanned": 42103941,
                                            "operator_rows_scanned": 0,
                                            "operator_timing": 0.04766364500000003,
                                            "result_set_size": 34379424,
                                            "children": [
                                                {
                                                    "operator_name": "PROJECTION",
                                                    "cpu_time": 7.158072429000004,
                                                    "extra_info": {
                                                        "Projections": [
                                                            "PostId",
                                                            "owneruserid",
                                                            "VoteBalance",
                                                            "CommentCount",
                                                            "RelatedPostCount"
                                                        ],
                                                        "Estimated Cardinality": "3850116"
                                                    },
                                                    "cumulative_cardinality": 221905376,
                                                    "operator_type": "PROJECTION",
                                                    "operator_cardinality": 3850116,
                                                    "cumulative_rows_scanned": 24249022,
                                                    "operator_rows_scanned": 0,
                                                    "operator_timing": 0.05124067100000002,
                                                    "result_set_size": 154004640,
                                                    "children": [
                                                        {
                                                            "operator_name": "PROJECTION",
                                                            "cpu_time": 7.106831758000004,
                                                            "extra_info": {
                                                                "Projections": [
                                                                    "#0",
                                                                    "#1",
                                                                    "__internal_decompress_integral_smallint(#2, 1)",
                                                                    "#3",
                                                                    "#4",
                                                                    "#5",
                                                                    "#6"
                                                                ],
                                                                "Estimated Cardinality": "3850116"
                                                            },
                                                            "cumulative_cardinality": 218055260,
                                                            "operator_type": "PROJECTION",
                                                            "operator_cardinality": 3850116,
                                                            "cumulative_rows_scanned": 24249022,
                                                            "operator_rows_scanned": 0,
                                                            "operator_timing": 0.0016032409999999998,
                                                            "result_set_size": 223306728,
                                                            "children": [
                                                                {
                                                                    "operator_name": "HASH_GROUP_BY",
                                                                    "cpu_time": 7.105228517000004,
                                                                    "extra_info": {
                                                                        "Groups": [
                                                                            "#0",
                                                                            "#1",
                                                                            "#2"
                                                                        ],
                                                                        "Aggregates": [
                                                                            "sum(#3)",
                                                                            "sum(#4)",
                                                                            "count(#5)",
                                                                            "count(DISTINCT #6)"
                                                                        ],
                                                                        "Estimated Cardinality": "3850116"
                                                                    },
                                                                    "cumulative_cardinality": 214205144,
                                                                    "operator_type": "HASH_GROUP_BY",
                                                                    "operator_cardinality": 3850116,
                                                                    "cumulative_rows_scanned": 24249022,
                                                                    "operator_rows_scanned": 0,
                                                                    "operator_timing": 3.6755933170000032,
                                                                    "result_set_size": 219456612,
                                                                    "children": [
                                                                        {
                                                                            "operator_name": "PROJECTION",
                                                                            "cpu_time": 3.4296352000000008,
                                                                            "extra_info": {
                                                                                "Projections": [
                                                                                    "id",
                                                                                    "owneruserid",
                                                                                    "posttypeid",
                                                                                    "CASE  WHEN ((votetypeid = 2)) THEN (1) ELSE 0 END",
                                                                                    "CASE  WHEN ((votetypeid = 3)) THEN (1) ELSE 0 END",
                                                                                    "id",
                                                                                    "relatedpostid"
                                                                                ],
                                                                                "Estimated Cardinality": "12744093"
                                                                            },
                                                                            "cumulative_cardinality": 210355028,
                                                                            "operator_type": "PROJECTION",
                                                                            "operator_cardinality": 41471296,
                                                                            "cumulative_rows_scanned": 24249022,
                                                                            "operator_rows_scanned": 0,
                                                                            "operator_timing": 0.31313419299999884,
                                                                            "result_set_size": 1036782400,
                                                                            "children": [
                                                                                {
                                                                                    "operator_name": "PROJECTION",
                                                                                    "cpu_time": 3.116501007000002,
                                                                                    "extra_info": {
                                                                                        "Projections": [
                                                                                            "#0",
                                                                                            "#1",
                                                                                            "__internal_compress_integral_utinyint(#2, 1)",
                                                                                            "#3",
                                                                                            "#4",
                                                                                            "#5"
                                                                                        ],
                                                                                        "Estimated Cardinality": "12744093"
                                                                                    },
                                                                                    "cumulative_cardinality": 168883732,
                                                                                    "operator_type": "PROJECTION",
                                                                                    "operator_cardinality": 41471296,
                                                                                    "cumulative_rows_scanned": 24249022,
                                                                                    "operator_rows_scanned": 0,
                                                                                    "operator_timing": 0.07304712099999916,
                                                                                    "result_set_size": 787954624,
                                                                                    "children": [
                                                                                        {
                                                                                            "operator_name": "HASH_JOIN",
                                                                                            "cpu_time": 3.0434538860000027,
                                                                                            "extra_info": {
                                                                                                "Join Type": "LEFT",
                                                                                                "Conditions": "id = postid",
                                                                                                "Estimated Cardinality": "12744093"
                                                                                            },
                                                                                            "cumulative_cardinality": 127412436,
                                                                                            "operator_type": "HASH_JOIN",
                                                                                            "operator_cardinality": 41471296,
                                                                                            "cumulative_rows_scanned": 24249022,
                                                                                            "operator_rows_scanned": 0,
                                                                                            "operator_timing": 0.7836350410000014,
                                                                                            "result_set_size": 829425920,
                                                                                            "children": [
                                                                                                {
                                                                                                    "operator_name": "HASH_JOIN",
                                                                                                    "cpu_time": 2.2544674730000014,
                                                                                                    "extra_info": {
                                                                                                        "Join Type": "LEFT",
                                                                                                        "Conditions": "id = postid",
                                                                                                        "Estimated Cardinality": "12744093"
                                                                                                    },
                                                                                                    "cumulative_cardinality": 85528149,
                                                                                                    "operator_type": "HASH_JOIN",
                                                                                                    "operator_cardinality": 35129590,
                                                                                                    "cumulative_rows_scanned": 23836031,
                                                                                                    "operator_rows_scanned": 0,
                                                                                                    "operator_timing": 1.0925881440000036,
                                                                                                    "result_set_size": 562073440,
                                                                                                    "children": [
                                                                                                        {
                                                                                                            "operator_name": "PROJECTION",
                                                                                                            "cpu_time": 1.0828668699999981,
                                                                                                            "extra_info": {
                                                                                                                "Projections": [
                                                                                                                    "#0",
                                                                                                                    "#1",
                                                                                                                    "__internal_decompress_integral_smallint(#2, 1)",
                                                                                                                    "#3"
                                                                                                                ],
                                                                                                                "Estimated Cardinality": "12744093"
                                                                                                            },
                                                                                                            "cumulative_cardinality": 43156737,
                                                                                                            "operator_type": "PROJECTION",
                                                                                                            "operator_cardinality": 11356206,
                                                                                                            "cumulative_rows_scanned": 16594209,
                                                                                                            "operator_rows_scanned": 0,
                                                                                                            "operator_timing": 0.006812364999999996,
                                                                                                            "result_set_size": 136274472,
                                                                                                            "children": [
                                                                                                                {
                                                                                                                    "operator_name": "HASH_JOIN",
                                                                                                                    "cpu_time": 1.076054504999998,
                                                                                                                    "extra_info": {
                                                                                                                        "Join Type": "RIGHT",
                                                                                                                        "Conditions": "postid = id",
                                                                                                                        "Estimated Cardinality": "12744093"
                                                                                                                    },
                                                                                                                    "cumulative_cardinality": 31800531,
                                                                                                                    "operator_type": "HASH_JOIN",
                                                                                                                    "operator_cardinality": 11356206,
                                                                                                                    "cumulative_rows_scanned": 16594209,
                                                                                                                    "operator_rows_scanned": 0,
                                                                                                                    "operator_timing": 0.773176977999998,
                                                                                                                    "result_set_size": 124918266,
                                                                                                                    "children": [
                                                                                                                        {
                                                                                                                            "operator_name": "READ_PARQUET ",
                                                                                                                            "cpu_time": 0.2422188620000001,
                                                                                                                            "extra_info": {
                                                                                                                                "Function": "READ_PARQUET",
                                                                                                                                "Projections": [
                                                                                                                                    "postid",
                                                                                                                                    "votetypeid"
                                                                                                                                ],
                                                                                                                                "Estimated Cardinality": "12744093"
                                                                                                                            },
                                                                                                                            "cumulative_cardinality": 12744093,
                                                                                                                            "operator_type": "TABLE_SCAN",
                                                                                                                            "operator_cardinality": 12744093,
                                                                                                                            "cumulative_rows_scanned": 12744093,
                                                                                                                            "operator_rows_scanned": 12744093,
                                                                                                                            "operator_timing": 0.2422188620000001,
                                                                                                                            "result_set_size": 76464558,
                                                                                                                            "children": []
                                                                                                                        },
                                                                                                                        {
                                                                                                                            "operator_name": "PROJECTION",
                                                                                                                            "cpu_time": 0.060658665000000056,
                                                                                                                            "extra_info": {
                                                                                                                                "Projections": [
                                                                                                                                    "#0",
                                                                                                                                    "__internal_compress_integral_utinyint(#1, 1)",
                                                                                                                                    "#2"
                                                                                                                                ],
                                                                                                                                "Estimated Cardinality": "3850116"
                                                                                                                            },
                                                                                                                            "cumulative_cardinality": 7700232,
                                                                                                                            "operator_type": "PROJECTION",
                                                                                                                            "operator_cardinality": 3850116,
                                                                                                                            "cumulative_rows_scanned": 3850116,
                                                                                                                            "operator_rows_scanned": 0,
                                                                                                                            "operator_timing": 0.0018428809999999963,
                                                                                                                            "result_set_size": 34651044,
                                                                                                                            "children": [
                                                                                                                                {
                                                                                                                                    "operator_name": "READ_PARQUET ",
                                                                                                                                    "cpu_time": 0.05881578400000006,
                                                                                                                                    "extra_info": {
                                                                                                                                        "Function": "READ_PARQUET",
                                                                                                                                        "Projections": [
                                                                                                                                            "id",
                                                                                                                                            "posttypeid",
                                                                                                                                            "owneruserid"
                                                                                                                                        ],
                                                                                                                                        "Estimated Cardinality": "3850116"
                                                                                                                                    },
                                                                                                                                    "cumulative_cardinality": 3850116,
                                                                                                                                    "operator_type": "TABLE_SCAN",
                                                                                                                                    "operator_cardinality": 3850116,
                                                                                                                                    "cumulative_rows_scanned": 3850116,
                                                                                                                                    "operator_rows_scanned": 3850116,
                                                                                                                                    "operator_timing": 0.05881578400000006,
                                                                                                                                    "result_set_size": 38501160,
                                                                                                                                    "children": []
                                                                                                                                }
                                                                                                                            ]
                                                                                                                        }
                                                                                                                    ]
                                                                                                                }
                                                                                                            ]
                                                                                                        },
                                                                                                        {
                                                                                                            "operator_name": "READ_PARQUET ",
                                                                                                            "cpu_time": 0.07901245899999983,
                                                                                                            "extra_info": {
                                                                                                                "Function": "READ_PARQUET",
                                                                                                                "Projections": [
                                                                                                                    "id",
                                                                                                                    "postid"
                                                                                                                ],
                                                                                                                "Estimated Cardinality": "7241822"
                                                                                                            },
                                                                                                            "cumulative_cardinality": 7241822,
                                                                                                            "operator_type": "TABLE_SCAN",
                                                                                                            "operator_cardinality": 7241822,
                                                                                                            "cumulative_rows_scanned": 7241822,
                                                                                                            "operator_rows_scanned": 7241822,
                                                                                                            "operator_timing": 0.07901245899999983,
                                                                                                            "result_set_size": 57934576,
                                                                                                            "children": []
                                                                                                        }
                                                                                                    ]
                                                                                                },
                                                                                                {
                                                                                                    "operator_name": "READ_PARQUET ",
                                                                                                    "cpu_time": 0.005351371999999998,
                                                                                                    "extra_info": {
                                                                                                        "Function": "READ_PARQUET",
                                                                                                        "Projections": [
                                                                                                            "postid",
                                                                                                            "relatedpostid"
                                                                                                        ],
                                                                                                        "Estimated Cardinality": "412991"
                                                                                                    },
                                                                                                    "cumulative_cardinality": 412991,
                                                                                                    "operator_type": "TABLE_SCAN",
                                                                                                    "operator_cardinality": 412991,
                                                                                                    "cumulative_rows_scanned": 412991,
                                                                                                    "operator_rows_scanned": 412991,
                                                                                                    "operator_timing": 0.005351371999999998,
                                                                                                    "result_set_size": 3303928,
                                                                                                    "children": []
                                                                                                }
                                                                                            ]
                                                                                        }
                                                                                    ]
                                                                                }
                                                                            ]
                                                                        }
                                                                    ]
                                                                }
                                                            ]
                                                        }
                                                    ]
                                                },
                                                {
                                                    "operator_name": "FILTER",
                                                    "cpu_time": 0.9007709569999997,
                                                    "extra_info": {
                                                        "Expression": "(UserId <= 1416539)",
                                                        "Estimated Cardinality": "252142"
                                                    },
                                                    "cumulative_cardinality": 10281910,
                                                    "operator_type": "FILTER",
                                                    "operator_cardinality": 1174,
                                                    "cumulative_rows_scanned": 17854919,
                                                    "operator_rows_scanned": 0,
                                                    "operator_timing": 0.000023272,
                                                    "result_set_size": 42264,
                                                    "children": [
                                                        {
                                                            "operator_name": "PROJECTION",
                                                            "cpu_time": 0.9007476849999997,
                                                            "extra_info": {
                                                                "Projections": [
                                                                    "#0",
                                                                    "#1",
                                                                    "#2"
                                                                ],
                                                                "Estimated Cardinality": "252142"
                                                            },
                                                            "cumulative_cardinality": 10280736,
                                                            "operator_type": "PROJECTION",
                                                            "operator_cardinality": 1174,
                                                            "cumulative_rows_scanned": 17854919,
                                                            "operator_rows_scanned": 0,
                                                            "operator_timing": 0.00000551,
                                                            "result_set_size": 42264,
                                                            "children": [
                                                                {
                                                                    "operator_name": "FILTER",
                                                                    "cpu_time": 0.9007421749999996,
                                                                    "extra_info": {
                                                                        "Expression": "((PostCount > 5) OR (UpVotes > DownVotes))",
                                                                        "Estimated Cardinality": "252142"
                                                                    },
                                                                    "cumulative_cardinality": 10279562,
                                                                    "operator_type": "FILTER",
                                                                    "operator_cardinality": 1174,
                                                                    "cumulative_rows_scanned": 17854919,
                                                                    "operator_rows_scanned": 0,
                                                                    "operator_timing": 0.006336802000000002,
                                                                    "result_set_size": 51656,
                                                                    "children": [
                                                                        {
                                                                            "operator_name": "HASH_GROUP_BY",
                                                                            "cpu_time": 0.8944053729999997,
                                                                            "extra_info": {
                                                                                "Groups": "#0",
                                                                                "Aggregates": [
                                                                                    "sum(#1)",
                                                                                    "sum(#2)",
                                                                                    "count(DISTINCT #3)"
                                                                                ],
                                                                                "Estimated Cardinality": "1260710"
                                                                            },
                                                                            "cumulative_cardinality": 10278388,
                                                                            "operator_type": "HASH_GROUP_BY",
                                                                            "operator_cardinality": 1260710,
                                                                            "cumulative_rows_scanned": 17854919,
                                                                            "operator_rows_scanned": 0,
                                                                            "operator_timing": 0.38500240799999974,
                                                                            "result_set_size": 55471240,
                                                                            "children": [
                                                                                {
                                                                                    "operator_name": "PROJECTION",
                                                                                    "cpu_time": 0.5094029649999999,
                                                                                    "extra_info": {
                                                                                        "Projections": [
                                                                                            "id",
                                                                                            "CASE  WHEN ((votetypeid = 2)) THEN (1) ELSE 0 END",
                                                                                            "CASE  WHEN ((votetypeid = 3)) THEN (1) ELSE 0 END",
                                                                                            "id"
                                                                                        ],
                                                                                        "Estimated Cardinality": "12744093"
                                                                                    },
                                                                                    "cumulative_cardinality": 9017678,
                                                                                    "operator_type": "PROJECTION",
                                                                                    "operator_cardinality": 1288855,
                                                                                    "cumulative_rows_scanned": 17854919,
                                                                                    "operator_rows_scanned": 0,
                                                                                    "operator_timing": 0.0026454750000000004,
                                                                                    "result_set_size": 20621680,
                                                                                    "children": [
                                                                                        {
                                                                                            "operator_name": "HASH_JOIN",
                                                                                            "cpu_time": 0.5067574899999999,
                                                                                            "extra_info": {
                                                                                                "Join Type": "LEFT",
                                                                                                "Conditions": "postid = id",
                                                                                                "Estimated Cardinality": "12744093"
                                                                                            },
                                                                                            "cumulative_cardinality": 7728823,
                                                                                            "operator_type": "HASH_JOIN",
                                                                                            "operator_cardinality": 1288855,
                                                                                            "cumulative_rows_scanned": 17854919,
                                                                                            "operator_rows_scanned": 0,
                                                                                            "operator_timing": 0.17416374699999995,
                                                                                            "result_set_size": 12888550,
                                                                                            "children": [
                                                                                                {
                                                                                                    "operator_name": "HASH_JOIN",
                                                                                                    "cpu_time": 0.311408216,
                                                                                                    "extra_info": {
                                                                                                        "Join Type": "RIGHT",
                                                                                                        "Conditions": "userid = id",
                                                                                                        "Estimated Cardinality": "12744093"
                                                                                                    },
                                                                                                    "cumulative_cardinality": 2589852,
                                                                                                    "operator_type": "HASH_JOIN",
                                                                                                    "operator_cardinality": 1288855,
                                                                                                    "cumulative_rows_scanned": 14004803,
                                                                                                    "operator_rows_scanned": 0,
                                                                                                    "operator_timing": 0.09727750099999995,
                                                                                                    "result_set_size": 12888550,
                                                                                                    "children": [
                                                                                                        {
                                                                                                            "operator_name": "READ_PARQUET ",
                                                                                                            "cpu_time": 0.20809081800000007,
                                                                                                            "extra_info": {
                                                                                                                "Function": "READ_PARQUET",
                                                                                                                "Projections": [
                                                                                                                    "postid",
                                                                                                                    "votetypeid",
                                                                                                                    "userid"
                                                                                                                ],
                                                                                                                "Estimated Cardinality": "12744093"
                                                                                                            },
                                                                                                            "cumulative_cardinality": 40287,
                                                                                                            "operator_type": "TABLE_SCAN",
                                                                                                            "operator_cardinality": 40287,
                                                                                                            "cumulative_rows_scanned": 12744093,
                                                                                                            "operator_rows_scanned": 12744093,
                                                                                                            "operator_timing": 0.20809081800000007,
                                                                                                            "result_set_size": 402870,
                                                                                                            "children": []
                                                                                                        },
                                                                                                        {
                                                                                                            "operator_name": "READ_PARQUET ",
                                                                                                            "cpu_time": 0.006039897000000009,
                                                                                                            "extra_info": {
                                                                                                                "Function": "READ_PARQUET",
                                                                                                                "Projections": "id",
                                                                                                                "Estimated Cardinality": "1260710"
                                                                                                            },
                                                                                                            "cumulative_cardinality": 1260710,
                                                                                                            "operator_type": "TABLE_SCAN",
                                                                                                            "operator_cardinality": 1260710,
                                                                                                            "cumulative_rows_scanned": 1260710,
                                                                                                            "operator_rows_scanned": 1260710,
                                                                                                            "operator_timing": 0.006039897000000009,
                                                                                                            "result_set_size": 5042840,
                                                                                                            "children": []
                                                                                                        }
                                                                                                    ]
                                                                                                },
                                                                                                {
                                                                                                    "operator_name": "READ_PARQUET ",
                                                                                                    "cpu_time": 0.021185527000000003,
                                                                                                    "extra_info": {
                                                                                                        "Function": "READ_PARQUET",
                                                                                                        "Projections": "id",
                                                                                                        "Estimated Cardinality": "3850116"
                                                                                                    },
                                                                                                    "cumulative_cardinality": 3850116,
                                                                                                    "operator_type": "TABLE_SCAN",
                                                                                                    "operator_cardinality": 3850116,
                                                                                                    "cumulative_rows_scanned": 3850116,
                                                                                                    "operator_rows_scanned": 3850116,
                                                                                                    "operator_timing": 0.021185527000000003,
                                                                                                    "result_set_size": 15400464,
                                                                                                    "children": []
                                                                                                }
                                                                                            ]
                                                                                        }
                                                                                    ]
                                                                                }
                                                                            ]
                                                                        }
                                                                    ]
                                                                }
                                                            ]
                                                        }
                                                    ]
                                                }
                                            ]
                                        },
                                        {
                                            "operator_name": "PROJECTION",
                                            "cpu_time": 1.2871404110000015,
                                            "extra_info": {
                                                "Projections": [
                                                    "#0",
                                                    "#1",
                                                    "#2"
                                                ],
                                                "Estimated Cardinality": "1179524"
                                            },
                                            "cumulative_cardinality": 35016782,
                                            "operator_type": "PROJECTION",
                                            "operator_cardinality": 3788089,
                                            "cumulative_rows_scanned": 11795244,
                                            "operator_rows_scanned": 0,
                                            "operator_timing": 0.0003426700000000031,
                                            "result_set_size": 75761780,
                                            "children": [
                                                {
                                                    "operator_name": "FILTER",
                                                    "cpu_time": 1.2867977410000015,
                                                    "extra_info": {
                                                        "Expression": "((ClosureOrDeletionCount = 0) OR ((ClosedDate IS NOT NULL) AND (DeletedDate IS NULL)))",
                                                        "Estimated Cardinality": "1179524"
                                                    },
                                                    "cumulative_cardinality": 31228693,
                                                    "operator_type": "FILTER",
                                                    "operator_cardinality": 3788089,
                                                    "cumulative_rows_scanned": 11795244,
                                                    "operator_rows_scanned": 0,
                                                    "operator_timing": 0.015583610000000003,
                                                    "result_set_size": 106066492,
                                                    "children": [
                                                        {
                                                            "operator_name": "HASH_GROUP_BY",
                                                            "cpu_time": 1.2712141310000016,
                                                            "extra_info": {
                                                                "Groups": "#0",
                                                                "Aggregates": [
                                                                    "max(#1)",
                                                                    "max(#2)",
                                                                    "count(#3)"
                                                                ],
                                                                "Estimated Cardinality": "5897622"
                                                            },
                                                            "cumulative_cardinality": 27440604,
                                                            "operator_type": "HASH_GROUP_BY",
                                                            "operator_cardinality": 3850116,
                                                            "cumulative_rows_scanned": 11795244,
                                                            "operator_rows_scanned": 0,
                                                            "operator_timing": 0.7759347920000007,
                                                            "result_set_size": 107803248,
                                                            "children": [
                                                                {
                                                                    "operator_name": "PROJECTION",
                                                                    "cpu_time": 0.495279339000001,
                                                                    "extra_info": {
                                                                        "Projections": [
                                                                            "postid",
                                                                            "CASE  WHEN ((posthistorytypeid = 10)) THEN (creationdate) ELSE NULL END",
                                                                            "CASE  WHEN ((posthistorytypeid = 12)) THEN (creationdate) ELSE NULL END",
                                                                            "CASE  WHEN ((posthistorytypeid IN (10, 12))) THEN (1) ELSE NULL END"
                                                                        ],
                                                                        "Estimated Cardinality": "11795244"
                                                                    },
                                                                    "cumulative_cardinality": 23590488,
                                                                    "operator_type": "PROJECTION",
                                                                    "operator_cardinality": 11795244,
                                                                    "cumulative_rows_scanned": 11795244,
                                                                    "operator_rows_scanned": 0,
                                                                    "operator_timing": 0.2240233790000006,
                                                                    "result_set_size": 283085856,
                                                                    "children": [
                                                                        {
                                                                            "operator_name": "READ_PARQUET ",
                                                                            "cpu_time": 0.27125596000000035,
                                                                            "extra_info": {
                                                                                "Function": "READ_PARQUET",
                                                                                "Projections": [
                                                                                    "posthistorytypeid",
                                                                                    "postid",
                                                                                    "creationdate"
                                                                                ],
                                                                                "Estimated Cardinality": "11795244"
                                                                            },
                                                                            "cumulative_cardinality": 11795244,
                                                                            "operator_type": "TABLE_SCAN",
                                                                            "operator_cardinality": 11795244,
                                                                            "cumulative_rows_scanned": 11795244,
                                                                            "operator_rows_scanned": 11795244,
                                                                            "operator_timing": 0.27125596000000035,
                                                                            "result_set_size": 165133416,
                                                                            "children": []
                                                                        }
                                                                    ]
                                                                }
                                                            ]
                                                        }
                                                    ]
                                                }
                                            ]
                                        }
                                    ]
                                }
                            ]
                        }
                    ]
                }
            ]
        }
    ]
}