{
    "rows_returned": 100,
    "query_name": "WITH UserBadges AS (\n    SELECT\n        U.Id AS UserId,\n        COUNT(B.Id) AS BadgeCount,\n        SUM(CASE WHEN B.Class = 1 THEN 1 ELSE 0 END) AS GoldBadges,\n        SUM(CASE WHEN B.Class = 2 THEN 1 ELSE 0 END) AS SilverBadges,\n        SUM(CASE WHEN B.Class = 3 THEN 1 ELSE 0 END) AS BronzeBadges\n    FROM\n        Users U\n    LEFT JOIN\n        Badges B ON U.Id = B.UserId\n    GROUP BY\n        U.Id\n),\nPostStatistics AS (\n    SELECT\n        P.OwnerUserId,\n        COUNT(P.Id) AS PostCount,\n        SUM(P.Score) AS TotalScore,\n        SUM(COALESCE(P.ViewCount, 0)) AS TotalViews\n    FROM\n        Posts P\n    GROUP BY\n        P.OwnerUserId\n),\nClosedPostCounts AS (\n    SELECT\n        Ph.UserId,\n        COUNT(DISTINCT Ph.PostId) AS ClosedPosts\n    FROM\n        PostHistory Ph\n    WHERE\n        Ph.PostHistoryTypeId = 10 \n    GROUP BY\n        Ph.UserId\n),\nCombinedStatistics AS (\n    SELECT\n        U.Id AS UserId,\n        U.DisplayName,\n        U.Reputation,\n        COALESCE(UB.BadgeCount, 0) AS BadgeCount,\n        COALESCE(PS.PostCount, 0) AS PostCount,\n        COALESCE(PS.TotalScore, 0) AS TotalScore,\n        COALESCE(PS.TotalViews, 0) AS TotalViews,\n        COALESCE(CPC.ClosedPosts, 0) AS ClosedPosts\n    FROM\n        Users U\n    LEFT JOIN\n        UserBadges UB ON U.Id = UB.UserId\n    LEFT JOIN\n        PostStatistics PS ON U.Id = PS.OwnerUserId\n    LEFT JOIN\n        ClosedPostCounts CPC ON U.Id = CPC.UserId\n)\nSELECT\n    UserId,\n    DisplayName,\n    Reputation,\n    BadgeCount,\n    PostCount,\n    TotalScore,\n    TotalViews,\n    ClosedPosts,\n    CASE \n        WHEN Reputation > 1000 THEN 'High Reputation' \n        ELSE 'Newbie' \n    END AS UserLevel,\n    CASE \n        WHEN TotalScore < 0 THEN 'Negative Score' \n        WHEN TotalScore BETWEEN 0 AND 100 THEN 'Low Score'\n        WHEN TotalScore BETWEEN 101 AND 500 THEN 'Moderate Score' \n        ELSE 'High Score' \n    END AS ScoreCategory,\n    CONCAT('User: ', DisplayName, ' has total views: ', TotalViews) AS UserViewMessage,\n    NULLIF((BadgeCount - (ClosedPosts + PostCount)), 0) AS BadgeDeficiency\nFROM \n    CombinedStatistics\nWHERE \n    (BadgeCount > 0 OR ClosedPosts > 0) \n    AND Reputation IS NOT NULL\nORDER BY \n    Reputation DESC, TotalScore ASC\nOFFSET 0 ROWS FETCH NEXT 100 ROWS ONLY;",
    "blocked_thread_time": 0.0,
    "cpu_time": 4.736131771999996,
    "extra_info": {},
    "cumulative_cardinality": 26472140,
    "cumulative_rows_scanned": 20488504,
    "result_set_size": 13600,
    "latency": 5.056458966,
    "children": [
        {
            "operator_name": "STREAMING_LIMIT",
            "cpu_time": 4.736131771999996,
            "extra_info": {},
            "cumulative_cardinality": 26472140,
            "operator_type": "STREAMING_LIMIT",
            "operator_cardinality": 100,
            "cumulative_rows_scanned": 20488504,
            "operator_rows_scanned": 0,
            "operator_timing": 0.000002554,
            "result_set_size": 13600,
            "children": [
                {
                    "operator_name": "PROJECTION",
                    "cpu_time": 4.736129217999996,
                    "extra_info": {
                        "Projections": [
                            "#0",
                            "#1",
                            "#2",
                            "#3",
                            "#4",
                            "#5",
                            "#6",
                            "#7",
                            "__internal_decompress_string(#8)",
                            "__internal_decompress_string(#9)",
                            "#10",
                            "#11"
                        ],
                        "Estimated Cardinality": "385011"
                    },
                    "cumulative_cardinality": 26472040,
                    "operator_type": "PROJECTION",
                    "operator_cardinality": 4096,
                    "cumulative_rows_scanned": 20488504,
                    "operator_rows_scanned": 0,
                    "operator_timing": 0.000376935,
                    "result_set_size": 557056,
                    "children": [
                        {
                            "operator_name": "ORDER_BY",
                            "cpu_time": 4.735752282999996,
                            "extra_info": {
                                "Order By": [
                                    "CombinedStatistics.Reputation DESC",
                                    "CombinedStatistics.TotalScore ASC"
                                ]
                            },
                            "cumulative_cardinality": 26467944,
                            "operator_type": "ORDER_BY",
                            "operator_cardinality": 4096,
                            "cumulative_rows_scanned": 20488504,
                            "operator_rows_scanned": 0,
                            "operator_timing": 0.11373290400000001,
                            "result_set_size": 557056,
                            "children": [
                                {
                                    "operator_name": "PROJECTION",
                                    "cpu_time": 4.622019378999996,
                                    "extra_info": {
                                        "Projections": [
                                            "#0",
                                            "#1",
                                            "#2",
                                            "#3",
                                            "#4",
                                            "#5",
                                            "#6",
                                            "#7",
                                            "__internal_compress_string_hugeint(#8)",
                                            "__internal_compress_string_hugeint(#9)",
                                            "#10",
                                            "#11"
                                        ],
                                        "Estimated Cardinality": "385011"
                                    },
                                    "cumulative_cardinality": 26463848,
                                    "operator_type": "PROJECTION",
                                    "operator_cardinality": 549022,
                                    "cumulative_rows_scanned": 20488504,
                                    "operator_rows_scanned": 0,
                                    "operator_timing": 0.009481090999999994,
                                    "result_set_size": 74666992,
                                    "children": [
                                        {
                                            "operator_name": "PROJECTION",
                                            "cpu_time": 4.612538287999996,
                                            "extra_info": {
                                                "Projections": [
                                                    "UserId",
                                                    "displayname",
                                                    "reputation",
                                                    "BadgeCount",
                                                    "PostCount",
                                                    "TotalScore",
                                                    "TotalViews",
                                                    "ClosedPosts",
                                                    "UserLevel",
                                                    "ScoreCategory",
                                                    "UserViewMessage",
                                                    "BadgeDeficiency"
                                                ],
                                                "Estimated Cardinality": "385011"
                                            },
                                            "cumulative_cardinality": 25914826,
                                            "operator_type": "PROJECTION",
                                            "operator_cardinality": 549022,
                                            "cumulative_rows_scanned": 20488504,
                                            "operator_rows_scanned": 0,
                                            "operator_timing": 0.07086884000000002,
                                            "result_set_size": 74666992,
                                            "children": [
                                                {
                                                    "operator_name": "PROJECTION",
                                                    "cpu_time": 4.541669447999996,
                                                    "extra_info": {
                                                        "Projections": [
                                                            "UserId",
                                                            "displayname",
                                                            "reputation",
                                                            "BadgeCount",
                                                            "PostCount",
                                                            "TotalScore",
                                                            "TotalViews",
                                                            "ClosedPosts"
                                                        ],
                                                        "Estimated Cardinality": "385011"
                                                    },
                                                    "cumulative_cardinality": 25365804,
                                                    "operator_type": "PROJECTION",
                                                    "operator_cardinality": 549022,
                                                    "cumulative_rows_scanned": 20488504,
                                                    "operator_rows_scanned": 0,
                                                    "operator_timing": 0.022067034999999992,
                                                    "result_set_size": 43921760,
                                                    "children": [
                                                        {
                                                            "operator_name": "FILTER",
                                                            "cpu_time": 4.519602412999996,
                                                            "extra_info": {
                                                                "Expression": "((COALESCE(BadgeCount, 0) > 0) OR (COALESCE(ClosedPosts, 0) > 0))",
                                                                "Estimated Cardinality": "385011"
                                                            },
                                                            "cumulative_cardinality": 24816782,
                                                            "operator_type": "FILTER",
                                                            "operator_cardinality": 549022,
                                                            "cumulative_rows_scanned": 20488504,
                                                            "operator_rows_scanned": 0,
                                                            "operator_timing": 0.02951990000000001,
                                                            "result_set_size": 43921760,
                                                            "children": [
                                                                {
                                                                    "operator_name": "HASH_JOIN",
                                                                    "cpu_time": 4.4900825129999955,
                                                                    "extra_info": {
                                                                        "Join Type": "LEFT",
                                                                        "Conditions": "id = userid",
                                                                        "Estimated Cardinality": "1925058"
                                                                    },
                                                                    "cumulative_cardinality": 24267760,
                                                                    "operator_type": "HASH_JOIN",
                                                                    "operator_cardinality": 1260710,
                                                                    "cumulative_rows_scanned": 20488504,
                                                                    "operator_rows_scanned": 0,
                                                                    "operator_timing": 0.016343079999999992,
                                                                    "result_set_size": 100856800,
                                                                    "children": [
                                                                        {
                                                                            "operator_name": "HASH_JOIN",
                                                                            "cpu_time": 1.8889395400000022,
                                                                            "extra_info": {
                                                                                "Join Type": "RIGHT",
                                                                                "Conditions": "owneruserid = id",
                                                                                "Estimated Cardinality": "1925058"
                                                                            },
                                                                            "cumulative_cardinality": 22763964,
                                                                            "operator_type": "HASH_JOIN",
                                                                            "operator_cardinality": 1260710,
                                                                            "cumulative_rows_scanned": 8693260,
                                                                            "operator_rows_scanned": 0,
                                                                            "operator_timing": 0.13596390199999994,
                                                                            "result_set_size": 90771120,
                                                                            "children": [
                                                                                {
                                                                                    "operator_name": "HASH_GROUP_BY",
                                                                                    "cpu_time": 0.7849951050000015,
                                                                                    "extra_info": {
                                                                                        "Groups": "#0",
                                                                                        "Aggregates": [
                                                                                            "count_star()",
                                                                                            "sum(#1)",
                                                                                            "sum(#2)"
                                                                                        ],
                                                                                        "Estimated Cardinality": "1925058"
                                                                                    },
                                                                                    "cumulative_cardinality": 8071864,
                                                                                    "operator_type": "HASH_GROUP_BY",
                                                                                    "operator_cardinality": 371632,
                                                                                    "cumulative_rows_scanned": 3850116,
                                                                                    "operator_rows_scanned": 0,
                                                                                    "operator_timing": 0.16106686299999995,
                                                                                    "result_set_size": 16351808,
                                                                                    "children": [
                                                                                        {
                                                                                            "operator_name": "PROJECTION",
                                                                                            "cpu_time": 0.6239282420000015,
                                                                                            "extra_info": {
                                                                                                "Projections": [
                                                                                                    "owneruserid",
                                                                                                    "score",
                                                                                                    "COALESCE(viewcount, 0)"
                                                                                                ],
                                                                                                "Estimated Cardinality": "3850116"
                                                                                            },
                                                                                            "cumulative_cardinality": 7700232,
                                                                                            "operator_type": "PROJECTION",
                                                                                            "operator_cardinality": 3850116,
                                                                                            "cumulative_rows_scanned": 3850116,
                                                                                            "operator_rows_scanned": 0,
                                                                                            "operator_timing": 0.062119959999999995,
                                                                                            "result_set_size": 46201392,
                                                                                            "children": [
                                                                                                {
                                                                                                    "operator_name": "READ_PARQUET ",
                                                                                                    "cpu_time": 0.5618082820000015,
                                                                                                    "extra_info": {
                                                                                                        "Function": "READ_PARQUET",
                                                                                                        "Projections": [
                                                                                                            "id",
                                                                                                            "score",
                                                                                                            "viewcount",
                                                                                                            "owneruserid"
                                                                                                        ],
                                                                                                        "Estimated Cardinality": "3850116"
                                                                                                    },
                                                                                                    "cumulative_cardinality": 3850116,
                                                                                                    "operator_type": "TABLE_SCAN",
                                                                                                    "operator_cardinality": 3850116,
                                                                                                    "cumulative_rows_scanned": 3850116,
                                                                                                    "operator_rows_scanned": 3850116,
                                                                                                    "operator_timing": 0.5618082820000015,
                                                                                                    "result_set_size": 61601856,
                                                                                                    "children": []
                                                                                                }
                                                                                            ]
                                                                                        }
                                                                                    ]
                                                                                },
                                                                                {
                                                                                    "operator_name": "HASH_JOIN",
                                                                                    "cpu_time": 0.9679805330000009,
                                                                                    "extra_info": {
                                                                                        "Join Type": "RIGHT",
                                                                                        "Conditions": "UserId = id",
                                                                                        "Estimated Cardinality": "1260710"
                                                                                    },
                                                                                    "cumulative_cardinality": 13431390,
                                                                                    "operator_type": "HASH_JOIN",
                                                                                    "operator_cardinality": 1260710,
                                                                                    "cumulative_rows_scanned": 4843144,
                                                                                    "operator_rows_scanned": 0,
                                                                                    "operator_timing": 0.18289140699999992,
                                                                                    "result_set_size": 40342720,
                                                                                    "children": [
                                                                                        {
                                                                                            "operator_name": "HASH_GROUP_BY",
                                                                                            "cpu_time": 0.5676848890000008,
                                                                                            "extra_info": {
                                                                                                "Groups": "#0",
                                                                                                "Aggregates": "count(#1)",
                                                                                                "Estimated Cardinality": "1260710"
                                                                                            },
                                                                                            "cumulative_cardinality": 10909970,
                                                                                            "operator_type": "HASH_GROUP_BY",
                                                                                            "operator_cardinality": 1260710,
                                                                                            "cumulative_rows_scanned": 3582434,
                                                                                            "operator_rows_scanned": 0,
                                                                                            "operator_timing": 0.2259819070000002,
                                                                                            "result_set_size": 15128520,
                                                                                            "children": [
                                                                                                {
                                                                                                    "operator_name": "PROJECTION",
                                                                                                    "cpu_time": 0.34170298200000054,
                                                                                                    "extra_info": {
                                                                                                        "Projections": [
                                                                                                            "id",
                                                                                                            "id"
                                                                                                        ],
                                                                                                        "Estimated Cardinality": "2321724"
                                                                                                    },
                                                                                                    "cumulative_cardinality": 9649260,
                                                                                                    "operator_type": "PROJECTION",
                                                                                                    "operator_cardinality": 3033413,
                                                                                                    "cumulative_rows_scanned": 3582434,
                                                                                                    "operator_rows_scanned": 0,
                                                                                                    "operator_timing": 0.0005799450000000037,
                                                                                                    "result_set_size": 24267304,
                                                                                                    "children": [
                                                                                                        {
                                                                                                            "operator_name": "HASH_JOIN",
                                                                                                            "cpu_time": 0.3411230370000005,
                                                                                                            "extra_info": {
                                                                                                                "Join Type": "RIGHT",
                                                                                                                "Conditions": "userid = id",
                                                                                                                "Estimated Cardinality": "2321724"
                                                                                                            },
                                                                                                            "cumulative_cardinality": 6615847,
                                                                                                            "operator_type": "HASH_JOIN",
                                                                                                            "operator_cardinality": 3033413,
                                                                                                            "cumulative_rows_scanned": 3582434,
                                                                                                            "operator_rows_scanned": 0,
                                                                                                            "operator_timing": 0.23624016700000028,
                                                                                                            "result_set_size": 24267304,
                                                                                                            "children": [
                                                                                                                {
                                                                                                                    "operator_name": "READ_PARQUET ",
                                                                                                                    "cpu_time": 0.0935104790000002,
                                                                                                                    "extra_info": {
                                                                                                                        "Function": "READ_PARQUET",
                                                                                                                        "Projections": [
                                                                                                                            "id",
                                                                                                                            "userid"
                                                                                                                        ],
                                                                                                                        "Estimated Cardinality": "2321724"
                                                                                                                    },
                                                                                                                    "cumulative_cardinality": 2321724,
                                                                                                                    "operator_type": "TABLE_SCAN",
                                                                                                                    "operator_cardinality": 2321724,
                                                                                                                    "cumulative_rows_scanned": 2321724,
                                                                                                                    "operator_rows_scanned": 2321724,
                                                                                                                    "operator_timing": 0.0935104790000002,
                                                                                                                    "result_set_size": 18573792,
                                                                                                                    "children": []
                                                                                                                },
                                                                                                                {
                                                                                                                    "operator_name": "READ_PARQUET ",
                                                                                                                    "cpu_time": 0.011372391000000013,
                                                                                                                    "extra_info": {
                                                                                                                        "Function": "READ_PARQUET",
                                                                                                                        "Projections": "id",
                                                                                                                        "Estimated Cardinality": "1260710"
                                                                                                                    },
                                                                                                                    "cumulative_cardinality": 1260710,
                                                                                                                    "operator_type": "TABLE_SCAN",
                                                                                                                    "operator_cardinality": 1260710,
                                                                                                                    "cumulative_rows_scanned": 1260710,
                                                                                                                    "operator_rows_scanned": 1260710,
                                                                                                                    "operator_timing": 0.011372391000000013,
                                                                                                                    "result_set_size": 5042840,
                                                                                                                    "children": []
                                                                                                                }
                                                                                                            ]
                                                                                                        }
                                                                                                    ]
                                                                                                }
                                                                                            ]
                                                                                        },
                                                                                        {
                                                                                            "operator_name": "READ_PARQUET ",
                                                                                            "cpu_time": 0.21740423700000014,
                                                                                            "extra_info": {
                                                                                                "Function": "READ_PARQUET",
                                                                                                "Projections": [
                                                                                                    "id",
                                                                                                    "reputation",
                                                                                                    "displayname"
                                                                                                ],
                                                                                                "Estimated Cardinality": "252142"
                                                                                            },
                                                                                            "cumulative_cardinality": 1260710,
                                                                                            "operator_type": "TABLE_SCAN",
                                                                                            "operator_cardinality": 1260710,
                                                                                            "cumulative_rows_scanned": 1260710,
                                                                                            "operator_rows_scanned": 1260710,
                                                                                            "operator_timing": 0.21740423700000014,
                                                                                            "result_set_size": 30257040,
                                                                                            "children": []
                                                                                        }
                                                                                    ]
                                                                                }
                                                                            ]
                                                                        },
                                                                        {
                                                                            "operator_name": "HASH_GROUP_BY",
                                                                            "cpu_time": 2.5847998929999934,
                                                                            "extra_info": {
                                                                                "Groups": "#0",
                                                                                "Aggregates": "count(DISTINCT #1)",
                                                                                "Estimated Cardinality": "1179524"
                                                                            },
                                                                            "cumulative_cardinality": 243086,
                                                                            "operator_type": "HASH_GROUP_BY",
                                                                            "operator_cardinality": 158,
                                                                            "cumulative_rows_scanned": 11795244,
                                                                            "operator_rows_scanned": 0,
                                                                            "operator_timing": 0.04554705700000012,
                                                                            "result_set_size": 1896,
                                                                            "children": [
                                                                                {
                                                                                    "operator_name": "PROJECTION",
                                                                                    "cpu_time": 2.539252835999993,
                                                                                    "extra_info": {
                                                                                        "Projections": [
                                                                                            "userid",
                                                                                            "postid"
                                                                                        ],
                                                                                        "Estimated Cardinality": "2359048"
                                                                                    },
                                                                                    "cumulative_cardinality": 242928,
                                                                                    "operator_type": "PROJECTION",
                                                                                    "operator_cardinality": 121464,
                                                                                    "cumulative_rows_scanned": 11795244,
                                                                                    "operator_rows_scanned": 0,
                                                                                    "operator_timing": 0.0012096200000000117,
                                                                                    "result_set_size": 971712,
                                                                                    "children": [
                                                                                        {
                                                                                            "operator_name": "READ_PARQUET ",
                                                                                            "cpu_time": 2.538043215999993,
                                                                                            "extra_info": {
                                                                                                "Function": "READ_PARQUET",
                                                                                                "Projections": [
                                                                                                    "postid",
                                                                                                    "userid"
                                                                                                ],
                                                                                                "Filters": "posthistorytypeid=10",
                                                                                                "Estimated Cardinality": "2359048"
                                                                                            },
                                                                                            "cumulative_cardinality": 121464,
                                                                                            "operator_type": "TABLE_SCAN",
                                                                                            "operator_cardinality": 121464,
                                                                                            "cumulative_rows_scanned": 11795244,
                                                                                            "operator_rows_scanned": 11795244,
                                                                                            "operator_timing": 2.538043215999993,
                                                                                            "result_set_size": 971712,
                                                                                            "children": []
                                                                                        }
                                                                                    ]
                                                                                }
                                                                            ]
                                                                        }
                                                                    ]
                                                                }
                                                            ]
                                                        }
                                                    ]
                                                }
                                            ]
                                        }
                                    ]
                                }
                            ]
                        }
                    ]
                }
            ]
        }
    ]
}