{
    "rows_returned": 151304,
    "query_name": "\nWITH UserPostStats AS (\n    SELECT \n        U.Id AS UserId,\n        U.DisplayName,\n        COALESCE(SUM(CASE WHEN P.PostTypeId = 1 THEN 1 ELSE 0 END), 0) AS QuestionCount,\n        COALESCE(SUM(CASE WHEN P.PostTypeId = 2 THEN 1 ELSE 0 END), 0) AS AnswerCount,\n        COALESCE(COUNT(DISTINCT C.Id), 0) AS CommentCount,\n        COALESCE(SUM(CASE WHEN V.CreationDate IS NOT NULL THEN 1 ELSE 0 END), 0) AS TotalVotes,\n        AVG(COALESCE(P.Score, 0)) AS AverageScore\n    FROM Users U\n    LEFT JOIN Posts P ON U.Id = P.OwnerUserId\n    LEFT JOIN Comments C ON P.Id = C.PostId\n    LEFT JOIN Votes V ON P.Id = V.PostId AND V.VoteTypeId IN (2, 3) \n    GROUP BY U.Id, U.DisplayName\n),\nPopularUsers AS (\n    SELECT \n        UserId,\n        DisplayName,\n        QuestionCount,\n        AnswerCount,\n        CommentCount,\n        TotalVotes,\n        AverageScore,\n        RANK() OVER (ORDER BY TotalVotes DESC) AS VoteRank,\n        RANK() OVER (ORDER BY AnswerCount DESC) AS AnswerRank\n    FROM UserPostStats\n    WHERE AverageScore > 0 AND QuestionCount > 5\n),\nBannedUsers AS (\n    SELECT DISTINCT UserId \n    FROM Votes\n    WHERE VoteTypeId = 10 \n),\nFinalResults AS (\n    SELECT \n        PU.UserId,\n        PU.DisplayName,\n        PU.QuestionCount,\n        PU.AnswerCount,\n        PU.CommentCount,\n        PU.TotalVotes,\n        PU.AverageScore,\n        CASE \n            WHEN BU.UserId IS NOT NULL THEN 'Banned'\n            ELSE 'Active' \n        END AS UserStatus\n    FROM PopularUsers PU\n    LEFT JOIN BannedUsers BU ON PU.UserId = BU.UserId\n)\nSELECT \n    UserId,\n    DisplayName,\n    QuestionCount,\n    AnswerCount,\n    CommentCount,\n    TotalVotes,\n    AverageScore,\n    UserStatus\nFROM FinalResults\nWHERE UserStatus = 'Active'\nORDER BY AverageScore DESC, TotalVotes DESC;\n",
    "blocked_thread_time": 0.0,
    "cpu_time": 11.020301877999996,
    "extra_info": {},
    "cumulative_cardinality": 118466822,
    "cumulative_rows_scanned": 37840834,
    "result_set_size": 15130400,
    "latency": 13.761716831,
    "children": [
        {
            "operator_name": "PROJECTION",
            "cpu_time": 11.020301877999996,
            "extra_info": {
                "Projections": [
                    "#0",
                    "#1",
                    "#2",
                    "#3",
                    "#4",
                    "#5",
                    "#6",
                    "__internal_decompress_string(#7)"
                ],
                "Estimated Cardinality": "509763"
            },
            "cumulative_cardinality": 118466822,
            "operator_type": "PROJECTION",
            "operator_cardinality": 151304,
            "cumulative_rows_scanned": 37840834,
            "operator_rows_scanned": 0,
            "operator_timing": 0.0014423219999999998,
            "result_set_size": 15130400,
            "children": [
                {
                    "operator_name": "ORDER_BY",
                    "cpu_time": 11.018859555999995,
                    "extra_info": {
                        "Order By": [
                            "FinalResults.AverageScore DESC",
                            "FinalResults.TotalVotes DESC"
                        ]
                    },
                    "cumulative_cardinality": 118315518,
                    "operator_type": "ORDER_BY",
                    "operator_cardinality": 151304,
                    "cumulative_rows_scanned": 37840834,
                    "operator_rows_scanned": 0,
                    "operator_timing": 0.010583152999999998,
                    "result_set_size": 13919968,
                    "children": [
                        {
                            "operator_name": "PROJECTION",
                            "cpu_time": 11.008276402999995,
                            "extra_info": {
                                "Projections": [
                                    "#0",
                                    "#1",
                                    "#2",
                                    "#3",
                                    "#4",
                                    "#5",
                                    "#6",
                                    "__internal_compress_string_ubigint(#7)"
                                ],
                                "Estimated Cardinality": "509763"
                            },
                            "cumulative_cardinality": 118164214,
                            "operator_type": "PROJECTION",
                            "operator_cardinality": 151304,
                            "cumulative_rows_scanned": 37840834,
                            "operator_rows_scanned": 0,
                            "operator_timing": 0.000042674,
                            "result_set_size": 13919968,
                            "children": [
                                {
                                    "operator_name": "PROJECTION",
                                    "cpu_time": 11.008233728999995,
                                    "extra_info": {
                                        "Projections": [
                                            "UserId",
                                            "displayname",
                                            "QuestionCount",
                                            "AnswerCount",
                                            "CommentCount",
                                            "TotalVotes",
                                            "AverageScore",
                                            "UserStatus"
                                        ],
                                        "Estimated Cardinality": "509763"
                                    },
                                    "cumulative_cardinality": 118012910,
                                    "operator_type": "PROJECTION",
                                    "operator_cardinality": 151304,
                                    "cumulative_rows_scanned": 37840834,
                                    "operator_rows_scanned": 0,
                                    "operator_timing": 0.00019595399999999995,
                                    "result_set_size": 15130400,
                                    "children": [
                                        {
                                            "operator_name": "FILTER",
                                            "cpu_time": 11.008037774999995,
                                            "extra_info": {
                                                "Expression": "(CASE  WHEN ((userid IS NOT NULL)) THEN ('Banned') ELSE 'Active' END = 'Active')",
                                                "Estimated Cardinality": "509763"
                                            },
                                            "cumulative_cardinality": 117861606,
                                            "operator_type": "FILTER",
                                            "operator_cardinality": 151304,
                                            "cumulative_rows_scanned": 37840834,
                                            "operator_rows_scanned": 0,
                                            "operator_timing": 0.000328575,
                                            "result_set_size": 13314752,
                                            "children": [
                                                {
                                                    "operator_name": "HASH_JOIN",
                                                    "cpu_time": 11.007709199999995,
                                                    "extra_info": {
                                                        "Join Type": "RIGHT",
                                                        "Conditions": "userid = UserId",
                                                        "Estimated Cardinality": "2548818"
                                                    },
                                                    "cumulative_cardinality": 117710302,
                                                    "operator_type": "HASH_JOIN",
                                                    "operator_cardinality": 151304,
                                                    "cumulative_rows_scanned": 37840834,
                                                    "operator_rows_scanned": 0,
                                                    "operator_timing": 0.012978896,
                                                    "result_set_size": 13314752,
                                                    "children": [
                                                        {
                                                            "operator_name": "HASH_GROUP_BY",
                                                            "cpu_time": 0.1403448210000005,
                                                            "extra_info": {
                                                                "Groups": "#0",
                                                                "Aggregates": "",
                                                                "Estimated Cardinality": "2548818"
                                                            },
                                                            "cumulative_cardinality": 1373169,
                                                            "operator_type": "HASH_GROUP_BY",
                                                            "operator_cardinality": 1,
                                                            "cumulative_rows_scanned": 12744093,
                                                            "operator_rows_scanned": 0,
                                                            "operator_timing": 0.003956613999999993,
                                                            "result_set_size": 4,
                                                            "children": [
                                                                {
                                                                    "operator_name": "PROJECTION",
                                                                    "cpu_time": 0.1363882070000005,
                                                                    "extra_info": {
                                                                        "Projections": "userid",
                                                                        "Estimated Cardinality": "2548818"
                                                                    },
                                                                    "cumulative_cardinality": 1373168,
                                                                    "operator_type": "PROJECTION",
                                                                    "operator_cardinality": 686584,
                                                                    "cumulative_rows_scanned": 12744093,
                                                                    "operator_rows_scanned": 0,
                                                                    "operator_timing": 0.0005478010000000251,
                                                                    "result_set_size": 2746336,
                                                                    "children": [
                                                                        {
                                                                            "operator_name": "READ_PARQUET ",
                                                                            "cpu_time": 0.1358404060000005,
                                                                            "extra_info": {
                                                                                "Function": "READ_PARQUET",
                                                                                "Projections": "userid",
                                                                                "Filters": "votetypeid=10",
                                                                                "Estimated Cardinality": "2548818"
                                                                            },
                                                                            "cumulative_cardinality": 686584,
                                                                            "operator_type": "TABLE_SCAN",
                                                                            "operator_cardinality": 686584,
                                                                            "cumulative_rows_scanned": 12744093,
                                                                            "operator_rows_scanned": 12744093,
                                                                            "operator_timing": 0.1358404060000005,
                                                                            "result_set_size": 2746336,
                                                                            "children": []
                                                                        }
                                                                    ]
                                                                }
                                                            ]
                                                        },
                                                        {
                                                            "operator_name": "PROJECTION",
                                                            "cpu_time": 10.854385482999994,
                                                            "extra_info": {
                                                                "Projections": [
                                                                    "UserId",
                                                                    "displayname",
                                                                    "QuestionCount",
                                                                    "AnswerCount",
                                                                    "CommentCount",
                                                                    "TotalVotes",
                                                                    "AverageScore"
                                                                ],
                                                                "Estimated Cardinality": "252142"
                                                            },
                                                            "cumulative_cardinality": 116185829,
                                                            "operator_type": "PROJECTION",
                                                            "operator_cardinality": 151304,
                                                            "cumulative_rows_scanned": 25096741,
                                                            "operator_rows_scanned": 0,
                                                            "operator_timing": 0.000023427000000000005,
                                                            "result_set_size": 12709536,
                                                            "children": [
                                                                {
                                                                    "operator_name": "PROJECTION",
                                                                    "cpu_time": 10.854362055999994,
                                                                    "extra_info": {
                                                                        "Projections": [
                                                                            "#0",
                                                                            "#1",
                                                                            "#2",
                                                                            "#3",
                                                                            "#4",
                                                                            "#5",
                                                                            "#6",
                                                                            "#7",
                                                                            "#8"
                                                                        ],
                                                                        "Estimated Cardinality": "252142"
                                                                    },
                                                                    "cumulative_cardinality": 116034525,
                                                                    "operator_type": "PROJECTION",
                                                                    "operator_cardinality": 151304,
                                                                    "cumulative_rows_scanned": 25096741,
                                                                    "operator_rows_scanned": 0,
                                                                    "operator_timing": 0.00003542700000000001,
                                                                    "result_set_size": 15130400,
                                                                    "children": [
                                                                        {
                                                                            "operator_name": "WINDOW",
                                                                            "cpu_time": 10.854326628999994,
                                                                            "extra_info": {
                                                                                "Projections": "RANK() OVER (ORDER BY AnswerCount DESC NULLS LAST)"
                                                                            },
                                                                            "cumulative_cardinality": 115883221,
                                                                            "operator_type": "WINDOW",
                                                                            "operator_cardinality": 151304,
                                                                            "cumulative_rows_scanned": 25096741,
                                                                            "operator_rows_scanned": 0,
                                                                            "operator_timing": 0.014894423999999998,
                                                                            "result_set_size": 15130400,
                                                                            "children": [
                                                                                {
                                                                                    "operator_name": "WINDOW",
                                                                                    "cpu_time": 10.839432204999994,
                                                                                    "extra_info": {
                                                                                        "Projections": "RANK() OVER (ORDER BY TotalVotes DESC NULLS LAST)"
                                                                                    },
                                                                                    "cumulative_cardinality": 115731917,
                                                                                    "operator_type": "WINDOW",
                                                                                    "operator_cardinality": 151304,
                                                                                    "cumulative_rows_scanned": 25096741,
                                                                                    "operator_rows_scanned": 0,
                                                                                    "operator_timing": 0.014192832999999997,
                                                                                    "result_set_size": 13919968,
                                                                                    "children": [
                                                                                        {
                                                                                            "operator_name": "PROJECTION",
                                                                                            "cpu_time": 10.825239371999995,
                                                                                            "extra_info": {
                                                                                                "Projections": [
                                                                                                    "UserId",
                                                                                                    "displayname",
                                                                                                    "QuestionCount",
                                                                                                    "AnswerCount",
                                                                                                    "CommentCount",
                                                                                                    "TotalVotes",
                                                                                                    "AverageScore"
                                                                                                ],
                                                                                                "Estimated Cardinality": "252142"
                                                                                            },
                                                                                            "cumulative_cardinality": 115580613,
                                                                                            "operator_type": "PROJECTION",
                                                                                            "operator_cardinality": 151304,
                                                                                            "cumulative_rows_scanned": 25096741,
                                                                                            "operator_rows_scanned": 0,
                                                                                            "operator_timing": 0.006389507000000001,
                                                                                            "result_set_size": 12709536,
                                                                                            "children": [
                                                                                                {
                                                                                                    "operator_name": "FILTER",
                                                                                                    "cpu_time": 10.818849864999995,
                                                                                                    "extra_info": {
                                                                                                        "Expression": "((AverageScore > 0.0) AND (COALESCE(sum(CASE  WHEN ((posttypeid = CAST(1 AS SMALLINT))) THEN (CAST(1 AS INTEGER)) ELSE CAST(0 AS INTEGER) END), 0) > 5))",
                                                                                                        "Estimated Cardinality": "252142"
                                                                                                    },
                                                                                                    "cumulative_cardinality": 115429309,
                                                                                                    "operator_type": "FILTER",
                                                                                                    "operator_cardinality": 151304,
                                                                                                    "cumulative_rows_scanned": 25096741,
                                                                                                    "operator_rows_scanned": 0,
                                                                                                    "operator_timing": 0.012151467000000042,
                                                                                                    "result_set_size": 12709536,
                                                                                                    "children": [
                                                                                                        {
                                                                                                            "operator_name": "HASH_GROUP_BY",
                                                                                                            "cpu_time": 10.806698397999995,
                                                                                                            "extra_info": {
                                                                                                                "Groups": [
                                                                                                                    "#0",
                                                                                                                    "#1"
                                                                                                                ],
                                                                                                                "Aggregates": [
                                                                                                                    "sum(#2)",
                                                                                                                    "sum(#3)",
                                                                                                                    "count(DISTINCT #4)",
                                                                                                                    "sum(#5)",
                                                                                                                    "avg(#6)"
                                                                                                                ],
                                                                                                                "Estimated Cardinality": "1260710"
                                                                                                            },
                                                                                                            "cumulative_cardinality": 115278005,
                                                                                                            "operator_type": "HASH_GROUP_BY",
                                                                                                            "operator_cardinality": 1260710,
                                                                                                            "cumulative_rows_scanned": 25096741,
                                                                                                            "operator_rows_scanned": 0,
                                                                                                            "operator_timing": 4.276101937999996,
                                                                                                            "result_set_size": 105899640,
                                                                                                            "children": [
                                                                                                                {
                                                                                                                    "operator_name": "PROJECTION",
                                                                                                                    "cpu_time": 6.530596459999998,
                                                                                                                    "extra_info": {
                                                                                                                        "Projections": [
                                                                                                                            "id",
                                                                                                                            "displayname",
                                                                                                                            "CASE  WHEN ((posttypeid = 1)) THEN (1) ELSE 0 END",
                                                                                                                            "CASE  WHEN ((posttypeid = 2)) THEN (1) ELSE 0 END",
                                                                                                                            "id",
                                                                                                                            "CASE  WHEN ((creationdate IS NOT NULL)) THEN (1) ELSE 0 END",
                                                                                                                            "COALESCE(score, 0)"
                                                                                                                        ],
                                                                                                                        "Estimated Cardinality": "7241822"
                                                                                                                    },
                                                                                                                    "cumulative_cardinality": 114017295,
                                                                                                                    "operator_type": "PROJECTION",
                                                                                                                    "operator_cardinality": 31600737,
                                                                                                                    "cumulative_rows_scanned": 25096741,
                                                                                                                    "operator_rows_scanned": 0,
                                                                                                                    "operator_timing": 0.571746293000001,
                                                                                                                    "result_set_size": 1264029480,
                                                                                                                    "children": [
                                                                                                                        {
                                                                                                                            "operator_name": "HASH_JOIN",
                                                                                                                            "cpu_time": 5.958850166999997,
                                                                                                                            "extra_info": {
                                                                                                                                "Join Type": "LEFT",
                                                                                                                                "Conditions": "id = postid",
                                                                                                                                "Estimated Cardinality": "7241822"
                                                                                                                            },
                                                                                                                            "cumulative_cardinality": 82416558,
                                                                                                                            "operator_type": "HASH_JOIN",
                                                                                                                            "operator_cardinality": 31600737,
                                                                                                                            "cumulative_rows_scanned": 25096741,
                                                                                                                            "operator_rows_scanned": 0,
                                                                                                                            "operator_timing": 1.3622661919999983,
                                                                                                                            "result_set_size": 1200828006,
                                                                                                                            "children": [
                                                                                                                                {
                                                                                                                                    "operator_name": "PROJECTION",
                                                                                                                                    "cpu_time": 1.4878009180000005,
                                                                                                                                    "extra_info": {
                                                                                                                                        "Projections": [
                                                                                                                                            "#0",
                                                                                                                                            "#1",
                                                                                                                                            "__internal_decompress_integral_smallint(#2, 1)",
                                                                                                                                            "__internal_decompress_integral_integer(#3, -72)",
                                                                                                                                            "#4",
                                                                                                                                            "#5"
                                                                                                                                        ],
                                                                                                                                        "Estimated Cardinality": "7241822"
                                                                                                                                    },
                                                                                                                                    "cumulative_cardinality": 40187958,
                                                                                                                                    "operator_type": "PROJECTION",
                                                                                                                                    "operator_cardinality": 9425510,
                                                                                                                                    "cumulative_rows_scanned": 12352648,
                                                                                                                                    "operator_rows_scanned": 0,
                                                                                                                                    "operator_timing": 0.00782471000000004,
                                                                                                                                    "result_set_size": 320467340,
                                                                                                                                    "children": [
                                                                                                                                        {
                                                                                                                                            "operator_name": "HASH_JOIN",
                                                                                                                                            "cpu_time": 1.4799762080000005,
                                                                                                                                            "extra_info": {
                                                                                                                                                "Join Type": "RIGHT",
                                                                                                                                                "Conditions": "postid = id",
                                                                                                                                                "Estimated Cardinality": "7241822"
                                                                                                                                            },
                                                                                                                                            "cumulative_cardinality": 30762448,
                                                                                                                                            "operator_type": "HASH_JOIN",
                                                                                                                                            "operator_cardinality": 9425510,
                                                                                                                                            "cumulative_rows_scanned": 12352648,
                                                                                                                                            "operator_rows_scanned": 0,
                                                                                                                                            "operator_timing": 0.768165644000001,
                                                                                                                                            "result_set_size": 292190810,
                                                                                                                                            "children": [
                                                                                                                                                {
                                                                                                                                                    "operator_name": "READ_PARQUET ",
                                                                                                                                                    "cpu_time": 0.14037837399999997,
                                                                                                                                                    "extra_info": {
                                                                                                                                                        "Function": "READ_PARQUET",
                                                                                                                                                        "Projections": [
                                                                                                                                                            "id",
                                                                                                                                                            "postid"
                                                                                                                                                        ],
                                                                                                                                                        "Estimated Cardinality": "7241822"
                                                                                                                                                    },
                                                                                                                                                    "cumulative_cardinality": 7241822,
                                                                                                                                                    "operator_type": "TABLE_SCAN",
                                                                                                                                                    "operator_cardinality": 7241822,
                                                                                                                                                    "cumulative_rows_scanned": 7241822,
                                                                                                                                                    "operator_rows_scanned": 7241822,
                                                                                                                                                    "operator_timing": 0.14037837399999997,
                                                                                                                                                    "result_set_size": 57934576,
                                                                                                                                                    "children": []
                                                                                                                                                },
                                                                                                                                                {
                                                                                                                                                    "operator_name": "PROJECTION",
                                                                                                                                                    "cpu_time": 0.5714321899999996,
                                                                                                                                                    "extra_info": {
                                                                                                                                                        "Projections": [
                                                                                                                                                            "#0",
                                                                                                                                                            "__internal_compress_integral_utinyint(#1, 1)",
                                                                                                                                                            "__internal_compress_integral_usmallint(#2, -72)",
                                                                                                                                                            "#3",
                                                                                                                                                            "#4"
                                                                                                                                                        ],
                                                                                                                                                        "Estimated Cardinality": "3850116"
                                                                                                                                                    },
                                                                                                                                                    "cumulative_cardinality": 14095116,
                                                                                                                                                    "operator_type": "PROJECTION",
                                                                                                                                                    "operator_cardinality": 4574495,
                                                                                                                                                    "cumulative_rows_scanned": 5110826,
                                                                                                                                                    "operator_rows_scanned": 0,
                                                                                                                                                    "operator_timing": 0.0046581809999999895,
                                                                                                                                                    "result_set_size": 123511365,
                                                                                                                                                    "children": [
                                                                                                                                                        {
                                                                                                                                                            "operator_name": "HASH_JOIN",
                                                                                                                                                            "cpu_time": 0.5667740089999995,
                                                                                                                                                            "extra_info": {
                                                                                                                                                                "Join Type": "RIGHT",
                                                                                                                                                                "Conditions": "owneruserid = id",
                                                                                                                                                                "Estimated Cardinality": "3850116"
                                                                                                                                                            },
                                                                                                                                                            "cumulative_cardinality": 9520621,
                                                                                                                                                            "operator_type": "HASH_JOIN",
                                                                                                                                                            "operator_cardinality": 4574495,
                                                                                                                                                            "cumulative_rows_scanned": 5110826,
                                                                                                                                                            "operator_rows_scanned": 0,
                                                                                                                                                            "operator_timing": 0.3087592279999998,
                                                                                                                                                            "result_set_size": 137234850,
                                                                                                                                                            "children": [
                                                                                                                                                                {
                                                                                                                                                                    "operator_name": "READ_PARQUET ",
                                                                                                                                                                    "cpu_time": 0.15558250799999987,
                                                                                                                                                                    "extra_info": {
                                                                                                                                                                        "Function": "READ_PARQUET",
                                                                                                                                                                        "Projections": [
                                                                                                                                                                            "id",
                                                                                                                                                                            "posttypeid",
                                                                                                                                                                            "score",
                                                                                                                                                                            "owneruserid"
                                                                                                                                                                        ],
                                                                                                                                                                        "Estimated Cardinality": "3850116"
                                                                                                                                                                    },
                                                                                                                                                                    "cumulative_cardinality": 3685416,
                                                                                                                                                                    "operator_type": "TABLE_SCAN",
                                                                                                                                                                    "operator_cardinality": 3685416,
                                                                                                                                                                    "cumulative_rows_scanned": 3850116,
                                                                                                                                                                    "operator_rows_scanned": 3850116,
                                                                                                                                                                    "operator_timing": 0.15558250799999987,
                                                                                                                                                                    "result_set_size": 51595824,
                                                                                                                                                                    "children": []
                                                                                                                                                                },
                                                                                                                                                                {
                                                                                                                                                                    "operator_name": "READ_PARQUET ",
                                                                                                                                                                    "cpu_time": 0.10243227299999991,
                                                                                                                                                                    "extra_info": {
                                                                                                                                                                        "Function": "READ_PARQUET",
                                                                                                                                                                        "Projections": [
                                                                                                                                                                            "id",
                                                                                                                                                                            "displayname"
                                                                                                                                                                        ],
                                                                                                                                                                        "Estimated Cardinality": "1260710"
                                                                                                                                                                    },
                                                                                                                                                                    "cumulative_cardinality": 1260710,
                                                                                                                                                                    "operator_type": "TABLE_SCAN",
                                                                                                                                                                    "operator_cardinality": 1260710,
                                                                                                                                                                    "cumulative_rows_scanned": 1260710,
                                                                                                                                                                    "operator_rows_scanned": 1260710,
                                                                                                                                                                    "operator_timing": 0.10243227299999991,
                                                                                                                                                                    "result_set_size": 25214200,
                                                                                                                                                                    "children": []
                                                                                                                                                                }
                                                                                                                                                            ]
                                                                                                                                                        }
                                                                                                                                                    ]
                                                                                                                                                }
                                                                                                                                            ]
                                                                                                                                        }
                                                                                                                                    ]
                                                                                                                                },
                                                                                                                                {
                                                                                                                                    "operator_name": "READ_PARQUET ",
                                                                                                                                    "cpu_time": 3.1087830569999984,
                                                                                                                                    "extra_info": {
                                                                                                                                        "Function": "READ_PARQUET",
                                                                                                                                        "Projections": [
                                                                                                                                            "postid",
                                                                                                                                            "creationdate"
                                                                                                                                        ],
                                                                                                                                        "Filters": "votetypeid>=2 AND votetypeid<=3",
                                                                                                                                        "Estimated Cardinality": "2548818"
                                                                                                                                    },
                                                                                                                                    "cumulative_cardinality": 10627863,
                                                                                                                                    "operator_type": "TABLE_SCAN",
                                                                                                                                    "operator_cardinality": 10627863,
                                                                                                                                    "cumulative_rows_scanned": 12744093,
                                                                                                                                    "operator_rows_scanned": 12744093,
                                                                                                                                    "operator_timing": 3.1087830569999984,
                                                                                                                                    "result_set_size": 127534356,
                                                                                                                                    "children": []
                                                                                                                                }
                                                                                                                            ]
                                                                                                                        }
                                                                                                                    ]
                                                                                                                }
                                                                                                            ]
                                                                                                        }
                                                                                                    ]
                                                                                                }
                                                                                            ]
                                                                                        }
                                                                                    ]
                                                                                }
                                                                            ]
                                                                        }
                                                                    ]
                                                                }
                                                            ]
                                                        }
                                                    ]
                                                }
                                            ]
                                        }
                                    ]
                                }
                            ]
                        }
                    ]
                }
            ]
        }
    ]
}