{
    "rows_returned": 20,
    "query_name": "\nWITH RankedPosts AS (\n    SELECT \n        p.Id AS PostId,\n        p.Title,\n        p.CreationDate,\n        p.Score,\n        p.ViewCount,\n        p.OwnerUserId,\n        ROW_NUMBER() OVER (PARTITION BY p.OwnerUserId ORDER BY p.CreationDate DESC) AS rn,\n        COALESCE(NULLIF(p.Body, ''), 'No content available') AS SafeBody\n    FROM \n        Posts p\n    WHERE \n        p.CreationDate > CURRENT_DATE - INTERVAL '2 years'\n),\nUserReputation AS (\n    SELECT \n        u.Id AS UserId,\n        u.Reputation,\n        u.DisplayName,\n        CASE \n            WHEN u.Reputation > 1000 THEN 'High Rep'\n            WHEN u.Reputation BETWEEN 501 AND 1000 THEN 'Medium Rep'\n            ELSE 'Low Rep'\n        END AS ReputationCategory,\n        u.Location,\n        COALESCE(u.AboutMe, 'No description') AS AboutUser\n    FROM \n        Users u\n    WHERE \n        u.Reputation >= 0\n),\nPostVoteCounts AS (\n    SELECT \n        v.PostId,\n        COUNT(CASE WHEN vt.Name = 'UpMod' THEN 1 END) AS UpvoteCount,\n        COUNT(CASE WHEN vt.Name = 'DownMod' THEN 1 END) AS DownvoteCount\n    FROM \n        Votes v\n    JOIN \n        VoteTypes vt ON v.VoteTypeId = vt.Id\n    GROUP BY \n        v.PostId\n),\nCombinedStats AS (\n    SELECT \n        rp.PostId,\n        rp.Title,\n        rp.CreationDate,\n        rp.Score,\n        rp.ViewCount,\n        ur.UserId,\n        ur.DisplayName,\n        ur.Reputation,\n        ur.ReputationCategory,\n        ur.Location,\n        ur.AboutUser,\n        COALESCE(pvc.UpvoteCount, 0) AS UpvoteCount,\n        COALESCE(pvc.DownvoteCount, 0) AS DownvoteCount,\n        rp.SafeBody,\n        CASE \n            WHEN rp.Score = 0 THEN 'No Score'\n            WHEN rp.Score > 0 THEN 'Positive'\n            ELSE 'Negative'\n        END AS ScoreCategory,\n        CASE \n            WHEN rp.ViewCount > 1000 THEN 'High Traffic'\n            ELSE 'Regular Traffic'\n        END AS TrafficCategory\n    FROM \n        RankedPosts rp\n    LEFT JOIN \n        UserReputation ur ON rp.OwnerUserId = ur.UserId\n    LEFT JOIN \n        PostVoteCounts pvc ON rp.PostId = pvc.PostId\n)\nSELECT \n    cs.PostId,\n    cs.Title,\n    cs.CreationDate,\n    cs.Score,\n    cs.ViewCount,\n    cs.DisplayName,\n    cs.Reputation,\n    cs.ReputationCategory,\n    cs.Location,\n    cs.AboutUser,\n    cs.UpvoteCount,\n    cs.DownvoteCount,\n    cs.SafeBody,\n    cs.ScoreCategory,\n    cs.TrafficCategory\nFROM \n    CombinedStats cs\nWHERE \n    cs.ReputationCategory = 'High Rep' \n    OR (cs.ReputationCategory = 'Medium Rep' AND cs.Score > 0)\nORDER BY \n    cs.CreationDate DESC, cs.UpvoteCount DESC\nLIMIT 20 OFFSET 10;\n",
    "blocked_thread_time": 0.0,
    "cpu_time": 3.1713000229999997,
    "extra_info": {},
    "cumulative_cardinality": 45669541,
    "cumulative_rows_scanned": 17854934,
    "result_set_size": 3360,
    "latency": 3.294858054,
    "children": [
        {
            "operator_name": "STREAMING_LIMIT",
            "cpu_time": 3.1713000229999997,
            "extra_info": {},
            "cumulative_cardinality": 45669541,
            "operator_type": "STREAMING_LIMIT",
            "operator_cardinality": 20,
            "cumulative_rows_scanned": 17854934,
            "operator_rows_scanned": 0,
            "operator_timing": 0.000033082,
            "result_set_size": 3360,
            "children": [
                {
                    "operator_name": "PROJECTION",
                    "cpu_time": 3.171266941,
                    "extra_info": {
                        "Projections": [
                            "#0",
                            "#1",
                            "#2",
                            "__internal_decompress_integral_integer(#3, -72)",
                            "#4",
                            "#5",
                            "#6",
                            "__internal_decompress_string(#7)",
                            "#8",
                            "#9",
                            "#10",
                            "#11",
                            "#12",
                            "__internal_decompress_string(#13)",
                            "__internal_decompress_string(#14)"
                        ],
                        "Estimated Cardinality": "6372046"
                    },
                    "cumulative_cardinality": 45669521,
                    "operator_type": "PROJECTION",
                    "operator_cardinality": 4096,
                    "cumulative_rows_scanned": 17854934,
                    "operator_rows_scanned": 0,
                    "operator_timing": 0.00021617400000000002,
                    "result_set_size": 688128,
                    "children": [
                        {
                            "operator_name": "ORDER_BY",
                            "cpu_time": 3.1710507669999997,
                            "extra_info": {
                                "Order By": [
                                    "cs.CreationDate DESC",
                                    "cs.UpvoteCount DESC"
                                ]
                            },
                            "cumulative_cardinality": 45665425,
                            "operator_type": "ORDER_BY",
                            "operator_cardinality": 4096,
                            "cumulative_rows_scanned": 17854934,
                            "operator_rows_scanned": 0,
                            "operator_timing": 0.07264798199999996,
                            "result_set_size": 679936,
                            "children": [
                                {
                                    "operator_name": "PROJECTION",
                                    "cpu_time": 3.0984027849999998,
                                    "extra_info": {
                                        "Projections": [
                                            "#0",
                                            "#1",
                                            "#2",
                                            "__internal_compress_integral_usmallint(#3, -72)",
                                            "#4",
                                            "#5",
                                            "#6",
                                            "__internal_compress_string_hugeint(#7)",
                                            "#8",
                                            "#9",
                                            "#10",
                                            "#11",
                                            "#12",
                                            "__internal_compress_string_hugeint(#13)",
                                            "__internal_compress_string_hugeint(#14)"
                                        ],
                                        "Estimated Cardinality": "6372046"
                                    },
                                    "cumulative_cardinality": 45661329,
                                    "operator_type": "PROJECTION",
                                    "operator_cardinality": 72510,
                                    "cumulative_rows_scanned": 17854934,
                                    "operator_rows_scanned": 0,
                                    "operator_timing": 0.0022220259999999993,
                                    "result_set_size": 12036660,
                                    "children": [
                                        {
                                            "operator_name": "PROJECTION",
                                            "cpu_time": 3.0961807589999997,
                                            "extra_info": {
                                                "Projections": [
                                                    "PostId",
                                                    "title",
                                                    "creationdate",
                                                    "score",
                                                    "viewcount",
                                                    "displayname",
                                                    "reputation",
                                                    "ReputationCategory",
                                                    "location",
                                                    "AboutUser",
                                                    "UpvoteCount",
                                                    "DownvoteCount",
                                                    "SafeBody",
                                                    "ScoreCategory",
                                                    "TrafficCategory"
                                                ],
                                                "Estimated Cardinality": "6372046"
                                            },
                                            "cumulative_cardinality": 45588819,
                                            "operator_type": "PROJECTION",
                                            "operator_cardinality": 72510,
                                            "cumulative_rows_scanned": 17854934,
                                            "operator_rows_scanned": 0,
                                            "operator_timing": 0.004051183999999999,
                                            "result_set_size": 12181680,
                                            "children": [
                                                {
                                                    "operator_name": "HASH_JOIN",
                                                    "cpu_time": 3.0921295749999995,
                                                    "extra_info": {
                                                        "Join Type": "RIGHT",
                                                        "Conditions": "postid = PostId",
                                                        "Estimated Cardinality": "6372046"
                                                    },
                                                    "cumulative_cardinality": 45516309,
                                                    "operator_type": "HASH_JOIN",
                                                    "operator_cardinality": 72510,
                                                    "cumulative_rows_scanned": 17854934,
                                                    "operator_rows_scanned": 0,
                                                    "operator_timing": 0.08351756300000006,
                                                    "result_set_size": 9861360,
                                                    "children": [
                                                        {
                                                            "operator_name": "HASH_GROUP_BY",
                                                            "cpu_time": 1.1056450929999997,
                                                            "extra_info": {
                                                                "Groups": "#0",
                                                                "Aggregates": [
                                                                    "count(#1)",
                                                                    "count(#2)"
                                                                ],
                                                                "Estimated Cardinality": "6372046"
                                                            },
                                                            "cumulative_cardinality": 42197521,
                                                            "operator_type": "HASH_GROUP_BY",
                                                            "operator_cardinality": 3965227,
                                                            "cumulative_rows_scanned": 12744108,
                                                            "operator_rows_scanned": 0,
                                                            "operator_timing": 0.6988580930000008,
                                                            "result_set_size": 79304540,
                                                            "children": [
                                                                {
                                                                    "operator_name": "PROJECTION",
                                                                    "cpu_time": 0.406786999999999,
                                                                    "extra_info": {
                                                                        "Projections": [
                                                                            "postid",
                                                                            "CASE  WHEN ((name = 'UpMod')) THEN (1) ELSE NULL END",
                                                                            "CASE  WHEN ((name = 'DownMod')) THEN (1) ELSE NULL END"
                                                                        ],
                                                                        "Estimated Cardinality": "12744093"
                                                                    },
                                                                    "cumulative_cardinality": 38232294,
                                                                    "operator_type": "PROJECTION",
                                                                    "operator_cardinality": 12744093,
                                                                    "cumulative_rows_scanned": 12744108,
                                                                    "operator_rows_scanned": 0,
                                                                    "operator_timing": 0.13105920899999948,
                                                                    "result_set_size": 152929116,
                                                                    "children": [
                                                                        {
                                                                            "operator_name": "HASH_JOIN",
                                                                            "cpu_time": 0.27572779099999956,
                                                                            "extra_info": {
                                                                                "Join Type": "INNER",
                                                                                "Conditions": "votetypeid = id",
                                                                                "Estimated Cardinality": "12744093"
                                                                            },
                                                                            "cumulative_cardinality": 25488201,
                                                                            "operator_type": "HASH_JOIN",
                                                                            "operator_cardinality": 12744093,
                                                                            "cumulative_rows_scanned": 12744108,
                                                                            "operator_rows_scanned": 0,
                                                                            "operator_timing": 0.035651101999999685,
                                                                            "result_set_size": 254881860,
                                                                            "children": [
                                                                                {
                                                                                    "operator_name": "READ_PARQUET ",
                                                                                    "cpu_time": 0.23973081299999982,
                                                                                    "extra_info": {
                                                                                        "Function": "READ_PARQUET",
                                                                                        "Projections": [
                                                                                            "postid",
                                                                                            "votetypeid"
                                                                                        ],
                                                                                        "Estimated Cardinality": "12744093"
                                                                                    },
                                                                                    "cumulative_cardinality": 12744093,
                                                                                    "operator_type": "TABLE_SCAN",
                                                                                    "operator_cardinality": 12744093,
                                                                                    "cumulative_rows_scanned": 12744093,
                                                                                    "operator_rows_scanned": 12744093,
                                                                                    "operator_timing": 0.23973081299999982,
                                                                                    "result_set_size": 76464558,
                                                                                    "children": []
                                                                                },
                                                                                {
                                                                                    "operator_name": "READ_PARQUET ",
                                                                                    "cpu_time": 0.000345876,
                                                                                    "extra_info": {
                                                                                        "Function": "READ_PARQUET",
                                                                                        "Projections": [
                                                                                            "id",
                                                                                            "name"
                                                                                        ],
                                                                                        "Estimated Cardinality": "15"
                                                                                    },
                                                                                    "cumulative_cardinality": 15,
                                                                                    "operator_type": "TABLE_SCAN",
                                                                                    "operator_cardinality": 15,
                                                                                    "cumulative_rows_scanned": 15,
                                                                                    "operator_rows_scanned": 15,
                                                                                    "operator_timing": 0.000345876,
                                                                                    "result_set_size": 270,
                                                                                    "children": []
                                                                                }
                                                                            ]
                                                                        }
                                                                    ]
                                                                }
                                                            ]
                                                        },
                                                        {
                                                            "operator_name": "FILTER",
                                                            "cpu_time": 1.9029669189999998,
                                                            "extra_info": {
                                                                "Expression": "((ReputationCategory = 'High Rep') OR ((score > 0) AND (ReputationCategory = 'Medium Rep')))",
                                                                "Estimated Cardinality": "154004"
                                                            },
                                                            "cumulative_cardinality": 3246278,
                                                            "operator_type": "FILTER",
                                                            "operator_cardinality": 72510,
                                                            "cumulative_rows_scanned": 5110826,
                                                            "operator_rows_scanned": 0,
                                                            "operator_timing": 0.0023471290000000003,
                                                            "result_set_size": 8701200,
                                                            "children": [
                                                                {
                                                                    "operator_name": "HASH_JOIN",
                                                                    "cpu_time": 1.90061979,
                                                                    "extra_info": {
                                                                        "Join Type": "INNER",
                                                                        "Conditions": "owneruserid = UserId",
                                                                        "Estimated Cardinality": "154004"
                                                                    },
                                                                    "cumulative_cardinality": 3173768,
                                                                    "operator_type": "HASH_JOIN",
                                                                    "operator_cardinality": 129106,
                                                                    "cumulative_rows_scanned": 5110826,
                                                                    "operator_rows_scanned": 0,
                                                                    "operator_timing": 0.16158138500000005,
                                                                    "result_set_size": 15492720,
                                                                    "children": [
                                                                        {
                                                                            "operator_name": "PROJECTION",
                                                                            "cpu_time": 1.4078624119999996,
                                                                            "extra_info": {
                                                                                "Projections": [
                                                                                    "PostId",
                                                                                    "title",
                                                                                    "creationdate",
                                                                                    "score",
                                                                                    "viewcount",
                                                                                    "owneruserid",
                                                                                    "SafeBody"
                                                                                ],
                                                                                "Estimated Cardinality": "770023"
                                                                            },
                                                                            "cumulative_cardinality": 523304,
                                                                            "operator_type": "PROJECTION",
                                                                            "operator_cardinality": 130826,
                                                                            "cumulative_rows_scanned": 3850116,
                                                                            "operator_rows_scanned": 0,
                                                                            "operator_timing": 0.001579536,
                                                                            "result_set_size": 7326256,
                                                                            "children": [
                                                                                {
                                                                                    "operator_name": "PROJECTION",
                                                                                    "cpu_time": 1.4062828759999997,
                                                                                    "extra_info": {
                                                                                        "Projections": [
                                                                                            "#0",
                                                                                            "#1",
                                                                                            "#2",
                                                                                            "#3",
                                                                                            "#4",
                                                                                            "#5",
                                                                                            "#6",
                                                                                            "#7"
                                                                                        ],
                                                                                        "Estimated Cardinality": "770023"
                                                                                    },
                                                                                    "cumulative_cardinality": 392478,
                                                                                    "operator_type": "PROJECTION",
                                                                                    "operator_cardinality": 130826,
                                                                                    "cumulative_rows_scanned": 3850116,
                                                                                    "operator_rows_scanned": 0,
                                                                                    "operator_timing": 0.000045331,
                                                                                    "result_set_size": 8372864,
                                                                                    "children": [
                                                                                        {
                                                                                            "operator_name": "WINDOW",
                                                                                            "cpu_time": 1.4062375449999998,
                                                                                            "extra_info": {
                                                                                                "Projections": "ROW_NUMBER() OVER (PARTITION BY owneruserid ORDER BY creationdate DESC NULLS LAST)"
                                                                                            },
                                                                                            "cumulative_cardinality": 261652,
                                                                                            "operator_type": "WINDOW",
                                                                                            "operator_cardinality": 130826,
                                                                                            "cumulative_rows_scanned": 3850116,
                                                                                            "operator_rows_scanned": 0,
                                                                                            "operator_timing": 0.097513243,
                                                                                            "result_set_size": 8372864,
                                                                                            "children": [
                                                                                                {
                                                                                                    "operator_name": "READ_PARQUET ",
                                                                                                    "cpu_time": 1.3087243019999997,
                                                                                                    "extra_info": {
                                                                                                        "Function": "READ_PARQUET",
                                                                                                        "Projections": [
                                                                                                            "id",
                                                                                                            "creationdate",
                                                                                                            "score",
                                                                                                            "viewcount",
                                                                                                            "body",
                                                                                                            "owneruserid",
                                                                                                            "title"
                                                                                                        ],
                                                                                                        "Filters": "creationdate>'2023-11-02 00:00:00'::TIMESTAMP",
                                                                                                        "Estimated Cardinality": "770023"
                                                                                                    },
                                                                                                    "cumulative_cardinality": 130826,
                                                                                                    "operator_type": "TABLE_SCAN",
                                                                                                    "operator_cardinality": 130826,
                                                                                                    "cumulative_rows_scanned": 3850116,
                                                                                                    "operator_rows_scanned": 3850116,
                                                                                                    "operator_timing": 1.3087243019999997,
                                                                                                    "result_set_size": 7326256,
                                                                                                    "children": []
                                                                                                }
                                                                                            ]
                                                                                        }
                                                                                    ]
                                                                                }
                                                                            ]
                                                                        },
                                                                        {
                                                                            "operator_name": "PROJECTION",
                                                                            "cpu_time": 0.3311759930000002,
                                                                            "extra_info": {
                                                                                "Projections": [
                                                                                    "UserId",
                                                                                    "reputation",
                                                                                    "displayname",
                                                                                    "ReputationCategory",
                                                                                    "location",
                                                                                    "AboutUser"
                                                                                ],
                                                                                "Estimated Cardinality": "252142"
                                                                            },
                                                                            "cumulative_cardinality": 2521358,
                                                                            "operator_type": "PROJECTION",
                                                                            "operator_cardinality": 1260679,
                                                                            "cumulative_rows_scanned": 1260710,
                                                                            "operator_rows_scanned": 0,
                                                                            "operator_timing": 0.023183568000000026,
                                                                            "result_set_size": 90768888,
                                                                            "children": [
                                                                                {
                                                                                    "operator_name": "READ_PARQUET ",
                                                                                    "cpu_time": 0.3079924250000002,
                                                                                    "extra_info": {
                                                                                        "Function": "READ_PARQUET",
                                                                                        "Projections": [
                                                                                            "id",
                                                                                            "reputation",
                                                                                            "displayname",
                                                                                            "location",
                                                                                            "aboutme"
                                                                                        ],
                                                                                        "Filters": "id<=1416539",
                                                                                        "Estimated Cardinality": "252142"
                                                                                    },
                                                                                    "cumulative_cardinality": 1260679,
                                                                                    "operator_type": "TABLE_SCAN",
                                                                                    "operator_cardinality": 1260679,
                                                                                    "cumulative_rows_scanned": 1260710,
                                                                                    "operator_rows_scanned": 1260710,
                                                                                    "operator_timing": 0.3079924250000002,
                                                                                    "result_set_size": 70598024,
                                                                                    "children": []
                                                                                }
                                                                            ]
                                                                        }
                                                                    ]
                                                                }
                                                            ]
                                                        }
                                                    ]
                                                }
                                            ]
                                        }
                                    ]
                                }
                            ]
                        }
                    ]
                }
            ]
        }
    ]
}