{
    "rows_returned": 10,
    "query_name": "\nWITH UserBadges AS (\n    SELECT \n        u.Id AS UserId,\n        u.DisplayName,\n        COUNT(b.Id) AS BadgeCount,\n        SUM(CASE WHEN b.Class = 1 THEN 1 ELSE 0 END) AS GoldCount,\n        SUM(CASE WHEN b.Class = 2 THEN 1 ELSE 0 END) AS SilverCount,\n        SUM(CASE WHEN b.Class = 3 THEN 1 ELSE 0 END) AS BronzeCount\n    FROM \n        Users u\n    LEFT JOIN \n        Badges b ON u.Id = b.UserId\n    GROUP BY \n        u.Id, u.DisplayName\n),\nPostStatistics AS (\n    SELECT \n        p.OwnerUserId,\n        COUNT(p.Id) AS TotalPosts,\n        SUM(CASE WHEN p.PostTypeId = 1 THEN 1 ELSE 0 END) AS QuestionCount,\n        SUM(CASE WHEN p.PostTypeId = 2 THEN 1 ELSE 0 END) AS AnswerCount,\n        AVG(CASE WHEN p.Score IS NOT NULL THEN p.Score ELSE 0 END) AS AvgScore\n    FROM \n        Posts p\n    GROUP BY \n        p.OwnerUserId\n),\nTopUsers AS (\n    SELECT \n        ub.UserId,\n        ub.DisplayName,\n        ub.BadgeCount,\n        ps.TotalPosts,\n        ps.QuestionCount,\n        ps.AnswerCount,\n        COALESCE(ps.AvgScore, 0) AS AvgScore\n    FROM \n        UserBadges ub\n    LEFT JOIN \n        PostStatistics ps ON ub.UserId = ps.OwnerUserId\n    WHERE \n        ub.BadgeCount > 0\n)\nSELECT \n    u.DisplayName,\n    u.Reputation,\n    t.BadgeCount,\n    t.TotalPosts,\n    t.QuestionCount,\n    t.AnswerCount,\n    t.AvgScore,\n    CASE \n        WHEN t.TotalPosts IS NULL THEN 'No Posts'\n        WHEN t.TotalPosts > 100 THEN 'Top Contributor'\n        ELSE 'Regular Contributor'\n    END AS ContributionLevel\nFROM \n    Users u\nLEFT JOIN \n    TopUsers t ON u.Id = t.UserId\nWHERE \n    u.Reputation > 1000\nORDER BY \n    t.BadgeCount DESC, \n    u.Reputation DESC\nFETCH FIRST 10 ROWS ONLY;\n",
    "blocked_thread_time": 0.0,
    "cpu_time": 1.0855979879999997,
    "extra_info": {},
    "cumulative_cardinality": 21215669,
    "cumulative_rows_scanned": 8693260,
    "result_set_size": 920,
    "latency": 1.183655599,
    "children": [
        {
            "operator_name": "STREAMING_LIMIT",
            "cpu_time": 1.0855979879999997,
            "extra_info": {},
            "cumulative_cardinality": 21215669,
            "operator_type": "STREAMING_LIMIT",
            "operator_cardinality": 10,
            "cumulative_rows_scanned": 8693260,
            "operator_rows_scanned": 0,
            "operator_timing": 0.000001403,
            "result_set_size": 920,
            "children": [
                {
                    "operator_name": "ORDER_BY",
                    "cpu_time": 1.0855965849999998,
                    "extra_info": {
                        "Order By": [
                            "t.BadgeCount DESC",
                            "u.Reputation DESC"
                        ]
                    },
                    "cumulative_cardinality": 21215659,
                    "operator_type": "ORDER_BY",
                    "operator_cardinality": 4096,
                    "cumulative_rows_scanned": 8693260,
                    "operator_rows_scanned": 0,
                    "operator_timing": 0.0013754179999999998,
                    "result_set_size": 376832,
                    "children": [
                        {
                            "operator_name": "PROJECTION",
                            "cpu_time": 1.0842211669999997,
                            "extra_info": {
                                "Projections": [
                                    "displayname",
                                    "reputation",
                                    "BadgeCount",
                                    "TotalPosts",
                                    "QuestionCount",
                                    "AnswerCount",
                                    "AvgScore",
                                    "ContributionLevel"
                                ],
                                "Estimated Cardinality": "1925058"
                            },
                            "cumulative_cardinality": 21211563,
                            "operator_type": "PROJECTION",
                            "operator_cardinality": 11215,
                            "cumulative_rows_scanned": 8693260,
                            "operator_rows_scanned": 0,
                            "operator_timing": 0.0004146809999999999,
                            "result_set_size": 1031780,
                            "children": [
                                {
                                    "operator_name": "HASH_JOIN",
                                    "cpu_time": 1.0838064859999996,
                                    "extra_info": {
                                        "Join Type": "RIGHT",
                                        "Conditions": "UserId = id",
                                        "Estimated Cardinality": "1925058"
                                    },
                                    "cumulative_cardinality": 21200348,
                                    "operator_type": "HASH_JOIN",
                                    "operator_cardinality": 11215,
                                    "cumulative_rows_scanned": 8693260,
                                    "operator_rows_scanned": 0,
                                    "operator_timing": 0.010423374000000004,
                                    "result_set_size": 942060,
                                    "children": [
                                        {
                                            "operator_name": "PROJECTION",
                                            "cpu_time": 1.0190183789999996,
                                            "extra_info": {
                                                "Projections": [
                                                    "UserId",
                                                    "BadgeCount",
                                                    "TotalPosts",
                                                    "QuestionCount",
                                                    "AnswerCount",
                                                    "AvgScore"
                                                ],
                                                "Estimated Cardinality": "1925058"
                                            },
                                            "cumulative_cardinality": 21177918,
                                            "operator_type": "PROJECTION",
                                            "operator_cardinality": 549021,
                                            "cumulative_rows_scanned": 7432550,
                                            "operator_rows_scanned": 0,
                                            "operator_timing": 0.004907960999999999,
                                            "result_set_size": 32941260,
                                            "children": [
                                                {
                                                    "operator_name": "HASH_JOIN",
                                                    "cpu_time": 1.0141104179999996,
                                                    "extra_info": {
                                                        "Join Type": "RIGHT",
                                                        "Conditions": "owneruserid = UserId",
                                                        "Estimated Cardinality": "1925058"
                                                    },
                                                    "cumulative_cardinality": 20628897,
                                                    "operator_type": "HASH_JOIN",
                                                    "operator_cardinality": 549021,
                                                    "cumulative_rows_scanned": 7432550,
                                                    "operator_rows_scanned": 0,
                                                    "operator_timing": 0.042227533,
                                                    "result_set_size": 32941260,
                                                    "children": [
                                                        {
                                                            "operator_name": "HASH_GROUP_BY",
                                                            "cpu_time": 0.28952232799999966,
                                                            "extra_info": {
                                                                "Groups": "#0",
                                                                "Aggregates": [
                                                                    "count_star()",
                                                                    "sum(#1)",
                                                                    "sum(#2)",
                                                                    "avg(#3)"
                                                                ],
                                                                "Estimated Cardinality": "1925058"
                                                            },
                                                            "cumulative_cardinality": 8071864,
                                                            "operator_type": "HASH_GROUP_BY",
                                                            "operator_cardinality": 371632,
                                                            "cumulative_rows_scanned": 3850116,
                                                            "operator_rows_scanned": 0,
                                                            "operator_timing": 0.15542287999999976,
                                                            "result_set_size": 19324864,
                                                            "children": [
                                                                {
                                                                    "operator_name": "PROJECTION",
                                                                    "cpu_time": 0.1340994479999999,
                                                                    "extra_info": {
                                                                        "Projections": [
                                                                            "owneruserid",
                                                                            "CASE  WHEN ((posttypeid = 1)) THEN (1) ELSE 0 END",
                                                                            "CASE  WHEN ((posttypeid = 2)) THEN (1) ELSE 0 END",
                                                                            "CASE  WHEN (true) THEN (score) ELSE 0 END"
                                                                        ],
                                                                        "Estimated Cardinality": "3850116"
                                                                    },
                                                                    "cumulative_cardinality": 7700232,
                                                                    "operator_type": "PROJECTION",
                                                                    "operator_cardinality": 3850116,
                                                                    "cumulative_rows_scanned": 3850116,
                                                                    "operator_rows_scanned": 0,
                                                                    "operator_timing": 0.057236473999999996,
                                                                    "result_set_size": 61601856,
                                                                    "children": [
                                                                        {
                                                                            "operator_name": "READ_PARQUET ",
                                                                            "cpu_time": 0.07686297399999992,
                                                                            "extra_info": {
                                                                                "Function": "READ_PARQUET",
                                                                                "Projections": [
                                                                                    "id",
                                                                                    "posttypeid",
                                                                                    "score",
                                                                                    "owneruserid"
                                                                                ],
                                                                                "Estimated Cardinality": "3850116"
                                                                            },
                                                                            "cumulative_cardinality": 3850116,
                                                                            "operator_type": "TABLE_SCAN",
                                                                            "operator_cardinality": 3850116,
                                                                            "cumulative_rows_scanned": 3850116,
                                                                            "operator_rows_scanned": 3850116,
                                                                            "operator_timing": 0.07686297399999992,
                                                                            "result_set_size": 53901624,
                                                                            "children": []
                                                                        }
                                                                    ]
                                                                }
                                                            ]
                                                        },
                                                        {
                                                            "operator_name": "PROJECTION",
                                                            "cpu_time": 0.6823605569999999,
                                                            "extra_info": {
                                                                "Projections": [
                                                                    "#0",
                                                                    "#2"
                                                                ],
                                                                "Estimated Cardinality": "252142"
                                                            },
                                                            "cumulative_cardinality": 12008012,
                                                            "operator_type": "PROJECTION",
                                                            "operator_cardinality": 549021,
                                                            "cumulative_rows_scanned": 3582434,
                                                            "operator_rows_scanned": 0,
                                                            "operator_timing": 0.00003951899999999999,
                                                            "result_set_size": 6588252,
                                                            "children": [
                                                                {
                                                                    "operator_name": "FILTER",
                                                                    "cpu_time": 0.6823210379999999,
                                                                    "extra_info": {
                                                                        "Expression": "(BadgeCount > 0)",
                                                                        "Estimated Cardinality": "252142"
                                                                    },
                                                                    "cumulative_cardinality": 11458991,
                                                                    "operator_type": "FILTER",
                                                                    "operator_cardinality": 549021,
                                                                    "cumulative_rows_scanned": 3582434,
                                                                    "operator_rows_scanned": 0,
                                                                    "operator_timing": 0.0015742380000000004,
                                                                    "result_set_size": 15372588,
                                                                    "children": [
                                                                        {
                                                                            "operator_name": "HASH_GROUP_BY",
                                                                            "cpu_time": 0.6807467999999999,
                                                                            "extra_info": {
                                                                                "Groups": [
                                                                                    "#0",
                                                                                    "#1"
                                                                                ],
                                                                                "Aggregates": "count(#2)",
                                                                                "Estimated Cardinality": "1260710"
                                                                            },
                                                                            "cumulative_cardinality": 10909970,
                                                                            "operator_type": "HASH_GROUP_BY",
                                                                            "operator_cardinality": 1260710,
                                                                            "cumulative_rows_scanned": 3582434,
                                                                            "operator_rows_scanned": 0,
                                                                            "operator_timing": 0.33140239200000027,
                                                                            "result_set_size": 35299880,
                                                                            "children": [
                                                                                {
                                                                                    "operator_name": "PROJECTION",
                                                                                    "cpu_time": 0.3493444079999996,
                                                                                    "extra_info": {
                                                                                        "Projections": [
                                                                                            "id",
                                                                                            "displayname",
                                                                                            "id"
                                                                                        ],
                                                                                        "Estimated Cardinality": "2321724"
                                                                                    },
                                                                                    "cumulative_cardinality": 9649260,
                                                                                    "operator_type": "PROJECTION",
                                                                                    "operator_cardinality": 3033413,
                                                                                    "cumulative_rows_scanned": 3582434,
                                                                                    "operator_rows_scanned": 0,
                                                                                    "operator_timing": 0.0004420220000000017,
                                                                                    "result_set_size": 72801912,
                                                                                    "children": [
                                                                                        {
                                                                                            "operator_name": "HASH_JOIN",
                                                                                            "cpu_time": 0.3489023859999996,
                                                                                            "extra_info": {
                                                                                                "Join Type": "RIGHT",
                                                                                                "Conditions": "userid = id",
                                                                                                "Estimated Cardinality": "2321724"
                                                                                            },
                                                                                            "cumulative_cardinality": 6615847,
                                                                                            "operator_type": "HASH_JOIN",
                                                                                            "operator_cardinality": 3033413,
                                                                                            "cumulative_rows_scanned": 3582434,
                                                                                            "operator_rows_scanned": 0,
                                                                                            "operator_timing": 0.2235642319999996,
                                                                                            "result_set_size": 72801912,
                                                                                            "children": [
                                                                                                {
                                                                                                    "operator_name": "READ_PARQUET ",
                                                                                                    "cpu_time": 0.04784321599999997,
                                                                                                    "extra_info": {
                                                                                                        "Function": "READ_PARQUET",
                                                                                                        "Projections": [
                                                                                                            "id",
                                                                                                            "userid"
                                                                                                        ],
                                                                                                        "Estimated Cardinality": "2321724"
                                                                                                    },
                                                                                                    "cumulative_cardinality": 2321724,
                                                                                                    "operator_type": "TABLE_SCAN",
                                                                                                    "operator_cardinality": 2321724,
                                                                                                    "cumulative_rows_scanned": 2321724,
                                                                                                    "operator_rows_scanned": 2321724,
                                                                                                    "operator_timing": 0.04784321599999997,
                                                                                                    "result_set_size": 18573792,
                                                                                                    "children": []
                                                                                                },
                                                                                                {
                                                                                                    "operator_name": "READ_PARQUET ",
                                                                                                    "cpu_time": 0.07749493800000001,
                                                                                                    "extra_info": {
                                                                                                        "Function": "READ_PARQUET",
                                                                                                        "Projections": [
                                                                                                            "id",
                                                                                                            "displayname"
                                                                                                        ],
                                                                                                        "Estimated Cardinality": "1260710"
                                                                                                    },
                                                                                                    "cumulative_cardinality": 1260710,
                                                                                                    "operator_type": "TABLE_SCAN",
                                                                                                    "operator_cardinality": 1260710,
                                                                                                    "cumulative_rows_scanned": 1260710,
                                                                                                    "operator_rows_scanned": 1260710,
                                                                                                    "operator_timing": 0.07749493800000001,
                                                                                                    "result_set_size": 25214200,
                                                                                                    "children": []
                                                                                                }
                                                                                            ]
                                                                                        }
                                                                                    ]
                                                                                }
                                                                            ]
                                                                        }
                                                                    ]
                                                                }
                                                            ]
                                                        }
                                                    ]
                                                }
                                            ]
                                        },
                                        {
                                            "operator_name": "READ_PARQUET ",
                                            "cpu_time": 0.05436473300000003,
                                            "extra_info": {
                                                "Function": "READ_PARQUET",
                                                "Projections": [
                                                    "id",
                                                    "reputation",
                                                    "displayname"
                                                ],
                                                "Filters": "reputation>1000",
                                                "Estimated Cardinality": "252142"
                                            },
                                            "cumulative_cardinality": 11215,
                                            "operator_type": "TABLE_SCAN",
                                            "operator_cardinality": 11215,
                                            "cumulative_rows_scanned": 1260710,
                                            "operator_rows_scanned": 1260710,
                                            "operator_timing": 0.05436473300000003,
                                            "result_set_size": 269160,
                                            "children": []
                                        }
                                    ]
                                }
                            ]
                        }
                    ]
                }
            ]
        }
    ]
}